2025-10-27 13:28:00,711 : INFO : root : Loading config.
2025-10-27 13:28:00,715 : INFO : YamlMultifileConfigLoader : Machine config file #1: config.yaml
2025-10-27 13:28:00,716 : INFO : ConfigProcessor : Loading config from cache: C:\Users\White\AppData\Local\Temp\cfa6ecba65704a931c9dd214c44986c8.mpf_cache
2025-10-27 13:28:00,823 : INFO : ConfigProcessor : Loading config from cache: C:\Users\White\AppData\Local\Temp\f98ffc0ff5962effface7d86bc406d5c.mpf_cache
2025-10-27 13:28:00,824 : INFO : ConfigProcessor : Loading config from cache: C:\Users\White\AppData\Local\Temp\91cc4d1c993c58dc354e34974b9cfeac.mpf_cache
2025-10-27 13:28:00,825 : INFO : ConfigProcessor : Loading config from cache: C:\Users\White\AppData\Local\Temp\f98ffc0ff5962effface7d86bc406d5c.mpf_cache
2025-10-27 13:28:00,825 : INFO : ConfigProcessor : Loading config from cache: C:\Users\White\AppData\Local\Temp\76792f1d686f89709887dba7bd69667a.mpf_cache
2025-10-27 13:28:00,826 : INFO : ConfigProcessor : Loading config from cache: C:\Users\White\AppData\Local\Temp\142bbae4707335cc8e3efaa4364c4893.mpf_cache
2025-10-27 13:28:00,827 : WARNING : ConfigProcessor : Config file in cache changed: C:\Users\White\Documents\Top_Gun_Pinball\modes\mach_scoring\config\mach_scoring.yaml
2025-10-27 13:28:00,827 : INFO : ConfigProcessor : Loading config from file C:\Users\White\Documents\Top_Gun_Pinball\modes\mach_scoring\config\mach_scoring.yaml.
2025-10-27 13:28:00,850 : INFO : ConfigProcessor : Loading config: C:\Users\White\Documents\Top_Gun_Pinball\modes\mach_scoring\config\mach_scoring.yaml
2025-10-27 13:28:00,851 : INFO : ConfigProcessor : Config file cache created: C:\Users\White\AppData\Local\Temp\d069db2c83fe896d88972cde9b686138.mpf_cache
2025-10-27 13:28:00,852 : INFO : ConfigProcessor : Loading config from cache: C:\Users\White\AppData\Local\Temp\0f5f0ac41d1a2672d0d32cef2b12699e.mpf_cache
2025-10-27 13:28:00,852 : INFO : ConfigProcessor : Loading config from cache: C:\Users\White\AppData\Local\Temp\3a419899266be7cd41a083be5a3a8ebb.mpf_cache
2025-10-27 13:28:00,854 : INFO : ConfigProcessor : Loading config from cache: C:\Users\White\AppData\Local\Temp\82e20c7c6490dd2e5fed726a3aa8d652.mpf_cache
2025-10-27 13:28:00,855 : INFO : ConfigProcessor : Loading config from cache: C:\Users\White\AppData\Local\Temp\359114d5ba2a6ad6c93d1559776bbb30.mpf_cache
2025-10-27 13:28:00,858 : INFO : ConfigProcessor : Loading config from cache: C:\Users\White\AppData\Local\Temp\d421369d6df802e4e6f8aa58f446b1a6.mpf_cache
2025-10-27 13:28:00,859 : INFO : ConfigProcessor : Loading config from cache: C:\Users\White\AppData\Local\Temp\310aa541ce6545037d37da470e7bd790.mpf_cache
2025-10-27 13:28:00,860 : INFO : ConfigProcessor : Loading config from cache: C:\Users\White\AppData\Local\Temp\2151caa0419aeb1e56d3d8934477383e.mpf_cache
2025-10-27 13:28:00,863 : INFO : ConfigProcessor : Loading config from cache: C:\Users\White\AppData\Local\Temp\17003635873251b4f6841bf4ab3bdcdd.mpf_cache
2025-10-27 13:28:00,864 : INFO : ConfigProcessor : Loading config from cache: C:\Users\White\AppData\Local\Temp\f70c640a816343cb9040222d7a9269d3.mpf_cache
2025-10-27 13:28:00,865 : INFO : ConfigProcessor : Loading config from cache: C:\Users\White\AppData\Local\Temp\30922048be1d0c17ea15fc75f7fbfe10.mpf_cache
2025-10-27 13:28:00,868 : INFO : ConfigProcessor : Loading config from cache: C:\Users\White\AppData\Local\Temp\58d7809d3d969de03aaf131fc45863f8.mpf_cache
2025-10-27 13:28:00,869 : INFO : ConfigProcessor : Loading config from cache: C:\Users\White\AppData\Local\Temp\d380fa2863f93e197660f0281ffd272b.mpf_cache
2025-10-27 13:28:00,870 : INFO : ConfigProcessor : Loading config from cache: C:\Users\White\AppData\Local\Temp\88e41ae7dcea899a043a2f63da55a8b7.mpf_cache
2025-10-27 13:28:00,871 : INFO : Machine : Mission Pinball Framework Core Engine v0.80.0.dev9
2025-10-27 13:28:00,871 : INFO : Machine : Command line arguments: {'no_load_cache': False, 'create_config_cache': True, 'bcp': True, 'configfile': ['config.yaml'], 'force_assets_load': False, 'platform_integration_test': False, 'jsonlogging': False, 'logfile': 'logs\\2025-10-27-13-28-00-mpf-TopGunPinball.log', 'pause': False, 'production': False, 'text_ui': False, 'loglevel': 15, 'consoleloglevel': 20, 'force_platform': 'virtual', 'syslog_address': None, 'full_logfile_path': 'C:\\Users\\White\\Documents\\Top_Gun_Pinball\\logs\\2025-10-27-13-28-00-mpf-TopGunPinball.log'}
2025-10-27 13:28:00,871 : INFO : Machine : MPF path: C:\Users\White\mpf\Lib\site-packages\mpf
2025-10-27 13:28:00,871 : INFO : Machine : Machine path: C:\Users\White\Documents\Top_Gun_Pinball
2025-10-27 13:28:00,871 : INFO : Machine : Platform: win32
2025-10-27 13:28:00,871 : INFO : Machine : Python executable location: C:\Users\White\mpf\Scripts\python.exe
2025-10-27 13:28:00,871 : INFO : Machine : Python version: 3.12.7 (64-bit)
2025-10-27 13:28:00,874 : INFO : Machine : Initializing MPF...
2025-10-27 13:28:00,963 : INFO : EventManager : Event: ======'machine_var_credits_string'====== Args={'value': 'FREE PLAY', 'prev_value': None, 'change': True}
2025-10-27 13:28:00,992 : INFO : EventManager : Event: ======'machine_var_master_volume'====== Args={'value': 0.5, 'prev_value': None, 'change': True}
2025-10-27 13:28:00,992 : INFO : EventManager : Event: ======'machine_var_player1_score'====== Args={'value': 2229000, 'prev_value': None, 'change': True}
2025-10-27 13:28:00,992 : INFO : EventManager : Event: ======'machine_var_mpf_version'====== Args={'value': 'Mission Pinball Framework v0.80.0.dev9', 'prev_value': None, 'change': True}
2025-10-27 13:28:00,992 : INFO : EventManager : Event: ======'machine_var_mpf_extended_version'====== Args={'value': 'Mission Pinball Framework v0.80.0.dev9, Config version:6, Show version: 6, BCP version:1.1', 'prev_value': None, 'change': True}
2025-10-27 13:28:00,993 : INFO : EventManager : Event: ======'machine_var_python_version'====== Args={'value': '3.12.7', 'prev_value': None, 'change': True}
2025-10-27 13:28:01,138 : INFO : EventManager : Event: ======'machine_var_platform'====== Args={'value': 'Windows-11-10.0.26100-SP0', 'prev_value': None, 'change': True}
2025-10-27 13:28:01,138 : INFO : EventManager : Event: ======'machine_var_platform_system'====== Args={'value': 'Windows', 'prev_value': None, 'change': True}
2025-10-27 13:28:01,138 : INFO : EventManager : Event: ======'machine_var_platform_release'====== Args={'value': '11', 'prev_value': None, 'change': True}
2025-10-27 13:28:01,138 : INFO : EventManager : Event: ======'machine_var_platform_version'====== Args={'value': '10.0.26100', 'prev_value': None, 'change': True}
2025-10-27 13:28:01,139 : INFO : EventManager : Event: ======'machine_var_platform_machine'====== Args={'value': 'AMD64', 'prev_value': None, 'change': True}
2025-10-27 13:28:01,139 : INFO : EventManager : Event: ======'machine_var_log_file_path'====== Args={'value': 'C:\\Users\\White\\Documents\\Top_Gun_Pinball\\logs\\2025-10-27-13-28-00-mpf-TopGunPinball.log', 'prev_value': None, 'change': True}
2025-10-27 13:28:01,139 : INFO : EventManager : Event: ======'init_phase_1'====== Args={}
2025-10-27 13:28:01,182 : INFO : EventManager : Event: ======'init_phase_2'====== Args={}
2025-10-27 13:28:01,183 : INFO : SwitchController : Found active switch: ('playfield_board_lower-3208-0', <Platform.Virtual>) <switch.s_trough_1>
2025-10-27 13:28:01,183 : INFO : SwitchController : Found active switch: ('playfield_board_lower-3208-1', <Platform.Virtual>) <switch.s_trough_2>
2025-10-27 13:28:01,183 : INFO : SwitchController : Found active switch: ('playfield_board_lower-3208-2', <Platform.Virtual>) <switch.s_trough_3>
2025-10-27 13:28:01,183 : INFO : SwitchController : Found active switch: ('playfield_board_lower-3208-3', <Platform.Virtual>) <switch.s_trough_4>
2025-10-27 13:28:01,183 : INFO : SwitchController : Found active switch: ('playfield_board_lower-3208-4', <Platform.Virtual>) <switch.s_trough_5>
2025-10-27 13:28:01,183 : INFO : SwitchController : Found active switch: ('playfield_board_lower-3208-5', <Platform.Virtual>) <switch.s_trough_6>
2025-10-27 13:28:01,205 : INFO : EventManager : Event: ======'bcp_connection_attempt'====== Args={'name': 'local_display', 'host': 'localhost', 'port': 5050}
2025-10-27 13:28:01,208 : INFO : BCPClientSocket : Connecting BCP to 'local_display' at localhost:5050...
2025-10-27 13:28:01,218 : INFO : BCPClientSocket : Connected BCP to 'local_display' localhost:5050
2025-10-27 13:28:01,219 : INFO : EventManager : Event: ======'bcp_clients_connected'====== Args={}
2025-10-27 13:28:01,219 : INFO : ball_device.bd_plunger : BCH: Initial count: 0
2025-10-27 13:28:01,220 : INFO : ball_device.bd_plunger : State: idle
2025-10-27 13:28:01,220 : INFO : ball_device.bd_trough : BCH: Initial count: 6
2025-10-27 13:28:01,220 : INFO : ball_device.bd_trough : State: idle
2025-10-27 13:28:01,220 : INFO : ball_device.bd_lock_elevator : BCH: Initial count: 0
2025-10-27 13:28:01,221 : INFO : ball_device.bd_lock_elevator : State: idle
2025-10-27 13:28:01,221 : INFO : ball_device.bd_mode_scoop : BCH: Initial count: 0
2025-10-27 13:28:01,221 : INFO : ball_device.bd_mode_scoop : State: idle
2025-10-27 13:28:01,246 : INFO : EventManager : Event: ======'init_phase_3'====== Args={}
2025-10-27 13:28:01,775 : INFO : EventManager : Event: ======'init_phase_4'====== Args={}
2025-10-27 13:28:01,775 : INFO : BallController : Initial balls found: 6
2025-10-27 13:28:01,777 : INFO : EventManager : Event: ======'machine_var_audits_events_game_ended'====== Args={'value': 2, 'prev_value': None, 'change': True}
2025-10-27 13:28:01,777 : INFO : EventManager : Event: ======'machine_var_audits_events_game_started'====== Args={'value': 261, 'prev_value': None, 'change': True}
2025-10-27 13:28:01,777 : INFO : EventManager : Event: ======'machine_var_audits_missing_switches_s_a_iceman_target'====== Args={'value': 31, 'prev_value': None, 'change': True}
2025-10-27 13:28:01,777 : INFO : EventManager : Event: ======'machine_var_audits_missing_switches_s_barrier_target'====== Args={'value': 9, 'prev_value': None, 'change': True}
2025-10-27 13:28:01,777 : INFO : EventManager : Event: ======'machine_var_audits_missing_switches_s_bumper_center'====== Args={'value': 15, 'prev_value': None, 'change': True}
2025-10-27 13:28:01,777 : INFO : EventManager : Event: ======'machine_var_audits_missing_switches_s_bumper_left'====== Args={'value': 2, 'prev_value': None, 'change': True}
2025-10-27 13:28:01,777 : INFO : EventManager : Event: ======'machine_var_audits_missing_switches_s_bumper_right'====== Args={'value': 54, 'prev_value': None, 'change': True}
2025-10-27 13:28:01,777 : INFO : EventManager : Event: ======'machine_var_audits_missing_switches_s_c_iceman_target'====== Args={'value': 95, 'prev_value': None, 'change': True}
2025-10-27 13:28:01,777 : INFO : EventManager : Event: ======'machine_var_audits_missing_switches_s_c_lock_target'====== Args={'value': 21, 'prev_value': None, 'change': True}
2025-10-27 13:28:01,777 : INFO : EventManager : Event: ======'machine_var_audits_missing_switches_s_coin_door'====== Args={'value': 148, 'prev_value': None, 'change': True}
2025-10-27 13:28:01,777 : INFO : EventManager : Event: ======'machine_var_audits_missing_switches_s_coin_door_credit_left'====== Args={'value': 55, 'prev_value': None, 'change': True}
2025-10-27 13:28:01,778 : INFO : EventManager : Event: ======'machine_var_audits_missing_switches_s_coin_door_credit_right'====== Args={'value': 55, 'prev_value': None, 'change': True}
2025-10-27 13:28:01,778 : INFO : EventManager : Event: ======'machine_var_audits_missing_switches_s_coin_door_service_1'====== Args={'value': 148, 'prev_value': None, 'change': True}
2025-10-27 13:28:01,778 : INFO : EventManager : Event: ======'machine_var_audits_missing_switches_s_coin_door_service_2'====== Args={'value': 148, 'prev_value': None, 'change': True}
2025-10-27 13:28:01,778 : INFO : EventManager : Event: ======'machine_var_audits_missing_switches_s_coin_door_service_3'====== Args={'value': 148, 'prev_value': None, 'change': True}
2025-10-27 13:28:01,778 : INFO : EventManager : Event: ======'machine_var_audits_missing_switches_s_coin_door_service_4'====== Args={'value': 148, 'prev_value': None, 'change': True}
2025-10-27 13:28:01,778 : INFO : EventManager : Event: ======'machine_var_audits_missing_switches_s_e_iceman_target'====== Args={'value': 4, 'prev_value': None, 'change': True}
2025-10-27 13:28:01,778 : INFO : EventManager : Event: ======'machine_var_audits_missing_switches_s_flight_gear_target'====== Args={'value': 2, 'prev_value': None, 'change': True}
2025-10-27 13:28:01,778 : INFO : EventManager : Event: ======'machine_var_audits_missing_switches_s_flipper_left'====== Args={'value': 206, 'prev_value': None, 'change': True}
2025-10-27 13:28:01,778 : INFO : EventManager : Event: ======'machine_var_audits_missing_switches_s_flipper_left_eos'====== Args={'value': 208, 'prev_value': None, 'change': True}
2025-10-27 13:28:01,778 : INFO : EventManager : Event: ======'machine_var_audits_missing_switches_s_flipper_left_upper'====== Args={'value': 210, 'prev_value': None, 'change': True}
2025-10-27 13:28:01,778 : INFO : EventManager : Event: ======'machine_var_audits_missing_switches_s_flipper_left_upper_eos'====== Args={'value': 208, 'prev_value': None, 'change': True}
2025-10-27 13:28:01,778 : INFO : EventManager : Event: ======'machine_var_audits_missing_switches_s_flipper_right'====== Args={'value': 144, 'prev_value': None, 'change': True}
2025-10-27 13:28:01,778 : INFO : EventManager : Event: ======'machine_var_audits_missing_switches_s_flipper_right_eos'====== Args={'value': 208, 'prev_value': None, 'change': True}
2025-10-27 13:28:01,778 : INFO : EventManager : Event: ======'machine_var_audits_missing_switches_s_i_iceman_target'====== Args={'value': 7, 'prev_value': None, 'change': True}
2025-10-27 13:28:01,779 : INFO : EventManager : Event: ======'machine_var_audits_missing_switches_s_inlane_left'====== Args={'value': 141, 'prev_value': None, 'change': True}
2025-10-27 13:28:01,779 : INFO : EventManager : Event: ======'machine_var_audits_missing_switches_s_inner_inlane_right'====== Args={'value': 21, 'prev_value': None, 'change': True}
2025-10-27 13:28:01,779 : INFO : EventManager : Event: ======'machine_var_audits_missing_switches_s_jam'====== Args={'value': 147, 'prev_value': None, 'change': True}
2025-10-27 13:28:01,779 : INFO : EventManager : Event: ======'machine_var_audits_missing_switches_s_k_lock_target'====== Args={'value': 145, 'prev_value': None, 'change': True}
2025-10-27 13:28:01,779 : INFO : EventManager : Event: ======'machine_var_audits_missing_switches_s_l_lock_target'====== Args={'value': 145, 'prev_value': None, 'change': True}
2025-10-27 13:28:01,779 : INFO : EventManager : Event: ======'machine_var_audits_missing_switches_s_lane_left'====== Args={'value': 2, 'prev_value': None, 'change': True}
2025-10-27 13:28:01,779 : INFO : EventManager : Event: ======'machine_var_audits_missing_switches_s_lock_goose'====== Args={'value': 210, 'prev_value': None, 'change': True}
2025-10-27 13:28:01,779 : INFO : EventManager : Event: ======'machine_var_audits_missing_switches_s_lock_mav'====== Args={'value': 210, 'prev_value': None, 'change': True}
2025-10-27 13:28:01,779 : INFO : EventManager : Event: ======'machine_var_audits_missing_switches_s_lock_plunger'====== Args={'value': 44, 'prev_value': None, 'change': True}
2025-10-27 13:28:01,779 : INFO : EventManager : Event: ======'machine_var_audits_missing_switches_s_m_iceman_target'====== Args={'value': 8, 'prev_value': None, 'change': True}
2025-10-27 13:28:01,779 : INFO : EventManager : Event: ======'machine_var_audits_missing_switches_s_mig_lane_left'====== Args={'value': 2, 'prev_value': None, 'change': True}
2025-10-27 13:28:01,779 : INFO : EventManager : Event: ======'machine_var_audits_missing_switches_s_mig_lane_right'====== Args={'value': 45, 'prev_value': None, 'change': True}
2025-10-27 13:28:01,779 : INFO : EventManager : Event: ======'machine_var_audits_missing_switches_s_mode_start'====== Args={'value': 210, 'prev_value': None, 'change': True}
2025-10-27 13:28:01,779 : INFO : EventManager : Event: ======'machine_var_audits_missing_switches_s_o_lock_target'====== Args={'value': 145, 'prev_value': None, 'change': True}
2025-10-27 13:28:01,780 : INFO : EventManager : Event: ======'machine_var_audits_missing_switches_s_orbit_left'====== Args={'value': 2, 'prev_value': None, 'change': True}
2025-10-27 13:28:01,780 : INFO : EventManager : Event: ======'machine_var_audits_missing_switches_s_orbit_lower'====== Args={'value': 45, 'prev_value': None, 'change': True}
2025-10-27 13:28:01,780 : INFO : EventManager : Event: ======'machine_var_audits_missing_switches_s_orbit_right'====== Args={'value': 45, 'prev_value': None, 'change': True}
2025-10-27 13:28:01,780 : INFO : EventManager : Event: ======'machine_var_audits_missing_switches_s_orbit_upper'====== Args={'value': 2, 'prev_value': None, 'change': True}
2025-10-27 13:28:01,780 : INFO : EventManager : Event: ======'machine_var_audits_missing_switches_s_outer_inlane_right'====== Args={'value': 21, 'prev_value': None, 'change': True}
2025-10-27 13:28:01,780 : INFO : EventManager : Event: ======'machine_var_audits_missing_switches_s_outlane_left'====== Args={'value': 210, 'prev_value': None, 'change': True}
2025-10-27 13:28:01,780 : INFO : EventManager : Event: ======'machine_var_audits_missing_switches_s_outlane_right'====== Args={'value': 147, 'prev_value': None, 'change': True}
2025-10-27 13:28:01,780 : INFO : EventManager : Event: ======'machine_var_audits_missing_switches_s_plunger_lane'====== Args={'value': 10, 'prev_value': None, 'change': True}
2025-10-27 13:28:01,780 : INFO : EventManager : Event: ======'machine_var_audits_missing_switches_s_ramp_left_exit'====== Args={'value': 210, 'prev_value': None, 'change': True}
2025-10-27 13:28:01,780 : INFO : EventManager : Event: ======'machine_var_audits_missing_switches_s_ramp_right_exit'====== Args={'value': 2, 'prev_value': None, 'change': True}
2025-10-27 13:28:01,780 : INFO : EventManager : Event: ======'machine_var_audits_missing_switches_s_ramp_tower_exit'====== Args={'value': 2, 'prev_value': None, 'change': True}
2025-10-27 13:28:01,780 : INFO : EventManager : Event: ======'machine_var_audits_missing_switches_s_slingshot_left'====== Args={'value': 145, 'prev_value': None, 'change': True}
2025-10-27 13:28:01,780 : INFO : EventManager : Event: ======'machine_var_audits_missing_switches_s_slingshot_right'====== Args={'value': 145, 'prev_value': None, 'change': True}
2025-10-27 13:28:01,780 : INFO : EventManager : Event: ======'machine_var_audits_missing_switches_s_spinner'====== Args={'value': 2, 'prev_value': None, 'change': True}
2025-10-27 13:28:01,781 : INFO : EventManager : Event: ======'machine_var_audits_missing_switches_s_start'====== Args={'value': 8, 'prev_value': None, 'change': True}
2025-10-27 13:28:01,781 : INFO : EventManager : Event: ======'machine_var_audits_missing_switches_s_tilt'====== Args={'value': 148, 'prev_value': None, 'change': True}
2025-10-27 13:28:01,781 : INFO : EventManager : Event: ======'machine_var_audits_missing_switches_s_trough_1'====== Args={'value': 186, 'prev_value': None, 'change': True}
2025-10-27 13:28:01,781 : INFO : EventManager : Event: ======'machine_var_audits_missing_switches_s_trough_2'====== Args={'value': 186, 'prev_value': None, 'change': True}
2025-10-27 13:28:01,781 : INFO : EventManager : Event: ======'machine_var_audits_missing_switches_s_trough_3'====== Args={'value': 186, 'prev_value': None, 'change': True}
2025-10-27 13:28:01,781 : INFO : EventManager : Event: ======'machine_var_audits_missing_switches_s_trough_4'====== Args={'value': 261, 'prev_value': None, 'change': True}
2025-10-27 13:28:01,781 : INFO : EventManager : Event: ======'machine_var_audits_missing_switches_s_trough_5'====== Args={'value': 261, 'prev_value': None, 'change': True}
2025-10-27 13:28:01,781 : INFO : EventManager : Event: ======'machine_var_audits_missing_switches_s_trough_6'====== Args={'value': 3, 'prev_value': None, 'change': True}
2025-10-27 13:28:01,781 : INFO : EventManager : Event: ======'machine_var_audits_player_score'====== Args={'value': {'average': 787666, 'top': [2229000, 73000, 61000], 'total': 3}, 'prev_value': None, 'change': True}
2025-10-27 13:28:01,781 : INFO : EventManager : Event: ======'machine_var_audits_shots_bumper_center'====== Args={'value': 501, 'prev_value': None, 'change': True}
2025-10-27 13:28:01,781 : INFO : EventManager : Event: ======'machine_var_audits_shots_bumper_left'====== Args={'value': 564, 'prev_value': None, 'change': True}
2025-10-27 13:28:01,781 : INFO : EventManager : Event: ======'machine_var_audits_shots_bumper_right'====== Args={'value': 369, 'prev_value': None, 'change': True}
2025-10-27 13:28:01,781 : INFO : EventManager : Event: ======'machine_var_audits_shots_mach_ramp'====== Args={'value': 38, 'prev_value': None, 'change': True}
2025-10-27 13:28:01,781 : INFO : EventManager : Event: ======'machine_var_audits_shots_mig_lane_left'====== Args={'value': 90, 'prev_value': None, 'change': True}
2025-10-27 13:28:01,781 : INFO : EventManager : Event: ======'machine_var_audits_shots_mig_lane_right'====== Args={'value': 13, 'prev_value': None, 'change': True}
2025-10-27 13:28:01,781 : INFO : EventManager : Event: ======'machine_var_audits_shots_orbit_upper'====== Args={'value': 13, 'prev_value': None, 'change': True}
2025-10-27 13:28:01,781 : INFO : EventManager : Event: ======'machine_var_audits_shots_ramp_inner'====== Args={'value': 38, 'prev_value': None, 'change': True}
2025-10-27 13:28:01,781 : INFO : EventManager : Event: ======'machine_var_audits_shots_spinner'====== Args={'value': 5, 'prev_value': None, 'change': True}
2025-10-27 13:28:01,781 : INFO : EventManager : Event: ======'machine_var_audits_switches_s_a_iceman_target'====== Args={'value': 27, 'prev_value': None, 'change': True}
2025-10-27 13:28:01,781 : INFO : EventManager : Event: ======'machine_var_audits_switches_s_barrier_target'====== Args={'value': 8, 'prev_value': None, 'change': True}
2025-10-27 13:28:01,781 : INFO : EventManager : Event: ======'machine_var_audits_switches_s_bumper_center'====== Args={'value': 521, 'prev_value': None, 'change': True}
2025-10-27 13:28:01,781 : INFO : EventManager : Event: ======'machine_var_audits_switches_s_bumper_left'====== Args={'value': 595, 'prev_value': None, 'change': True}
2025-10-27 13:28:01,781 : INFO : EventManager : Event: ======'machine_var_audits_switches_s_bumper_right'====== Args={'value': 375, 'prev_value': None, 'change': True}
2025-10-27 13:28:01,781 : INFO : EventManager : Event: ======'machine_var_audits_switches_s_c_iceman_target'====== Args={'value': 41, 'prev_value': None, 'change': True}
2025-10-27 13:28:01,781 : INFO : EventManager : Event: ======'machine_var_audits_switches_s_c_lock_target'====== Args={'value': 5, 'prev_value': None, 'change': True}
2025-10-27 13:28:01,783 : INFO : EventManager : Event: ======'machine_var_audits_switches_s_coin_door'====== Args={'value': 0, 'prev_value': None, 'change': True}
2025-10-27 13:28:01,783 : INFO : EventManager : Event: ======'machine_var_audits_switches_s_coin_door_credit_left'====== Args={'value': 0, 'prev_value': None, 'change': True}
2025-10-27 13:28:01,783 : INFO : EventManager : Event: ======'machine_var_audits_switches_s_coin_door_credit_right'====== Args={'value': 0, 'prev_value': None, 'change': True}
2025-10-27 13:28:01,783 : INFO : EventManager : Event: ======'machine_var_audits_switches_s_coin_door_service_1'====== Args={'value': 0, 'prev_value': None, 'change': True}
2025-10-27 13:28:01,783 : INFO : EventManager : Event: ======'machine_var_audits_switches_s_coin_door_service_2'====== Args={'value': 0, 'prev_value': None, 'change': True}
2025-10-27 13:28:01,783 : INFO : EventManager : Event: ======'machine_var_audits_switches_s_coin_door_service_3'====== Args={'value': 0, 'prev_value': None, 'change': True}
2025-10-27 13:28:01,783 : INFO : EventManager : Event: ======'machine_var_audits_switches_s_coin_door_service_4'====== Args={'value': 0, 'prev_value': None, 'change': True}
2025-10-27 13:28:01,783 : INFO : EventManager : Event: ======'machine_var_audits_switches_s_e_iceman_target'====== Args={'value': 58, 'prev_value': None, 'change': True}
2025-10-27 13:28:01,783 : INFO : EventManager : Event: ======'machine_var_audits_switches_s_flight_gear_target'====== Args={'value': 54, 'prev_value': None, 'change': True}
2025-10-27 13:28:01,783 : INFO : EventManager : Event: ======'machine_var_audits_switches_s_flipper_left'====== Args={'value': 9, 'prev_value': None, 'change': True}
2025-10-27 13:28:01,783 : INFO : EventManager : Event: ======'machine_var_audits_switches_s_flipper_left_eos'====== Args={'value': 0, 'prev_value': None, 'change': True}
2025-10-27 13:28:01,784 : INFO : EventManager : Event: ======'machine_var_audits_switches_s_flipper_left_upper'====== Args={'value': 0, 'prev_value': None, 'change': True}
2025-10-27 13:28:01,784 : INFO : EventManager : Event: ======'machine_var_audits_switches_s_flipper_left_upper_eos'====== Args={'value': 0, 'prev_value': None, 'change': True}
2025-10-27 13:28:01,784 : INFO : EventManager : Event: ======'machine_var_audits_switches_s_flipper_right'====== Args={'value': 17, 'prev_value': None, 'change': True}
2025-10-27 13:28:01,784 : INFO : EventManager : Event: ======'machine_var_audits_switches_s_flipper_right_eos'====== Args={'value': 0, 'prev_value': None, 'change': True}
2025-10-27 13:28:01,784 : INFO : EventManager : Event: ======'machine_var_audits_switches_s_i_iceman_target'====== Args={'value': 10, 'prev_value': None, 'change': True}
2025-10-27 13:28:01,784 : INFO : EventManager : Event: ======'machine_var_audits_switches_s_inlane_left'====== Args={'value': 53, 'prev_value': None, 'change': True}
2025-10-27 13:28:01,784 : INFO : EventManager : Event: ======'machine_var_audits_switches_s_inner_inlane_right'====== Args={'value': 4, 'prev_value': None, 'change': True}
2025-10-27 13:28:01,784 : INFO : EventManager : Event: ======'machine_var_audits_switches_s_jam'====== Args={'value': 1, 'prev_value': None, 'change': True}
2025-10-27 13:28:01,784 : INFO : EventManager : Event: ======'machine_var_audits_switches_s_k_lock_target'====== Args={'value': 5, 'prev_value': None, 'change': True}
2025-10-27 13:28:01,784 : INFO : EventManager : Event: ======'machine_var_audits_switches_s_l_lock_target'====== Args={'value': 5, 'prev_value': None, 'change': True}
2025-10-27 13:28:01,784 : INFO : EventManager : Event: ======'machine_var_audits_switches_s_lane_left'====== Args={'value': 252, 'prev_value': None, 'change': True}
2025-10-27 13:28:01,784 : INFO : EventManager : Event: ======'machine_var_audits_switches_s_lane_right'====== Args={'value': 152, 'prev_value': None, 'change': True}
2025-10-27 13:28:01,784 : INFO : EventManager : Event: ======'machine_var_audits_switches_s_lock_goose'====== Args={'value': 0, 'prev_value': None, 'change': True}
2025-10-27 13:28:01,784 : INFO : EventManager : Event: ======'machine_var_audits_switches_s_lock_mav'====== Args={'value': 0, 'prev_value': None, 'change': True}
2025-10-27 13:28:01,784 : INFO : EventManager : Event: ======'machine_var_audits_switches_s_lock_plunger'====== Args={'value': 3, 'prev_value': None, 'change': True}
2025-10-27 13:28:01,785 : INFO : EventManager : Event: ======'machine_var_audits_switches_s_m_iceman_target'====== Args={'value': 31, 'prev_value': None, 'change': True}
2025-10-27 13:28:01,785 : INFO : EventManager : Event: ======'machine_var_audits_switches_s_mig_lane_left'====== Args={'value': 121, 'prev_value': None, 'change': True}
2025-10-27 13:28:01,785 : INFO : EventManager : Event: ======'machine_var_audits_switches_s_mig_lane_right'====== Args={'value': 16, 'prev_value': None, 'change': True}
2025-10-27 13:28:01,785 : INFO : EventManager : Event: ======'machine_var_audits_switches_s_mode_start'====== Args={'value': 0, 'prev_value': None, 'change': True}
2025-10-27 13:28:01,785 : INFO : EventManager : Event: ======'machine_var_audits_switches_s_n_iceman_target'====== Args={'value': 43, 'prev_value': None, 'change': True}
2025-10-27 13:28:01,785 : INFO : EventManager : Event: ======'machine_var_audits_switches_s_o_lock_target'====== Args={'value': 5, 'prev_value': None, 'change': True}
2025-10-27 13:28:01,785 : INFO : EventManager : Event: ======'machine_var_audits_switches_s_orbit_left'====== Args={'value': 58, 'prev_value': None, 'change': True}
2025-10-27 13:28:01,785 : INFO : EventManager : Event: ======'machine_var_audits_switches_s_orbit_lower'====== Args={'value': 2, 'prev_value': None, 'change': True}
2025-10-27 13:28:01,785 : INFO : EventManager : Event: ======'machine_var_audits_switches_s_orbit_right'====== Args={'value': 15, 'prev_value': None, 'change': True}
2025-10-27 13:28:01,785 : INFO : EventManager : Event: ======'machine_var_audits_switches_s_orbit_upper'====== Args={'value': 17, 'prev_value': None, 'change': True}
2025-10-27 13:28:01,785 : INFO : EventManager : Event: ======'machine_var_audits_switches_s_outer_inlane_right'====== Args={'value': 6, 'prev_value': None, 'change': True}
2025-10-27 13:28:01,785 : INFO : EventManager : Event: ======'machine_var_audits_switches_s_outlane_left'====== Args={'value': 0, 'prev_value': None, 'change': True}
2025-10-27 13:28:01,785 : INFO : EventManager : Event: ======'machine_var_audits_switches_s_outlane_right'====== Args={'value': 4, 'prev_value': None, 'change': True}
2025-10-27 13:28:01,785 : INFO : EventManager : Event: ======'machine_var_audits_switches_s_plunger_lane'====== Args={'value': 46, 'prev_value': None, 'change': True}
2025-10-27 13:28:01,785 : INFO : EventManager : Event: ======'machine_var_audits_switches_s_ramp_inner_exit'====== Args={'value': 82, 'prev_value': None, 'change': True}
2025-10-27 13:28:01,785 : INFO : EventManager : Event: ======'machine_var_audits_switches_s_ramp_left_exit'====== Args={'value': 0, 'prev_value': None, 'change': True}
2025-10-27 13:28:01,786 : INFO : EventManager : Event: ======'machine_var_audits_switches_s_ramp_right_exit'====== Args={'value': 7, 'prev_value': None, 'change': True}
2025-10-27 13:28:01,786 : INFO : EventManager : Event: ======'machine_var_audits_switches_s_ramp_tower_exit'====== Args={'value': 6, 'prev_value': None, 'change': True}
2025-10-27 13:28:01,786 : INFO : EventManager : Event: ======'machine_var_audits_switches_s_shooter_lane'====== Args={'value': 219, 'prev_value': None, 'change': True}
2025-10-27 13:28:01,786 : INFO : EventManager : Event: ======'machine_var_audits_switches_s_slingshot_left'====== Args={'value': 8, 'prev_value': None, 'change': True}
2025-10-27 13:28:01,786 : INFO : EventManager : Event: ======'machine_var_audits_switches_s_slingshot_right'====== Args={'value': 7, 'prev_value': None, 'change': True}
2025-10-27 13:28:01,786 : INFO : EventManager : Event: ======'machine_var_audits_switches_s_spinner'====== Args={'value': 112, 'prev_value': None, 'change': True}
2025-10-27 13:28:01,786 : INFO : EventManager : Event: ======'machine_var_audits_switches_s_start'====== Args={'value': 162, 'prev_value': None, 'change': True}
2025-10-27 13:28:01,786 : INFO : EventManager : Event: ======'machine_var_audits_switches_s_tilt'====== Args={'value': 0, 'prev_value': None, 'change': True}
2025-10-27 13:28:01,786 : INFO : EventManager : Event: ======'machine_var_audits_switches_s_trough_1'====== Args={'value': 2, 'prev_value': None, 'change': True}
2025-10-27 13:28:01,786 : INFO : EventManager : Event: ======'machine_var_audits_switches_s_trough_2'====== Args={'value': 1, 'prev_value': None, 'change': True}
2025-10-27 13:28:01,786 : INFO : EventManager : Event: ======'machine_var_audits_switches_s_trough_3'====== Args={'value': 1, 'prev_value': None, 'change': True}
2025-10-27 13:28:01,786 : INFO : EventManager : Event: ======'machine_var_audits_switches_s_trough_4'====== Args={'value': 0, 'prev_value': None, 'change': True}
2025-10-27 13:28:01,786 : INFO : EventManager : Event: ======'machine_var_audits_switches_s_trough_5'====== Args={'value': 0, 'prev_value': None, 'change': True}
2025-10-27 13:28:01,786 : INFO : EventManager : Event: ======'machine_var_audits_switches_s_trough_6'====== Args={'value': 159, 'prev_value': None, 'change': True}
2025-10-27 13:28:01,787 : INFO : EventManager : Event: ======'init_phase_5'====== Args={}
2025-10-27 13:28:01,787 : INFO : EventManager : Event: ======'init_done'====== Args={}
2025-10-27 13:28:01,787 : INFO : EventManager : Event: ======'machine_reset_phase_1'====== Args={}
2025-10-27 13:28:01,795 : INFO : EventManager : Event: ======'machine_reset_phase_2'====== Args={}
2025-10-27 13:28:01,796 : INFO : EventManager : Event: ======'machine_reset_phase_3'====== Args={}
2025-10-27 13:28:01,796 : INFO : EventManager : Event: ======'reset_complete'====== Args={}
2025-10-27 13:28:01,796 : INFO : EventManager : Event: ======'mode_attract_will_start'====== Args={}
2025-10-27 13:28:01,796 : INFO : Timer.attract_carousel_timer : Starting Timer.
2025-10-27 13:28:01,796 : INFO : EventManager : Event: ======'timer_attract_carousel_timer_started'====== Args={'ticks': 0, 'ticks_remaining': 1}
2025-10-27 13:28:01,796 : INFO : EventManager : Event: ======'timer_attract_carousel_timer_tick'====== Args={'ticks': 0, 'ticks_remaining': 1}
2025-10-27 13:28:01,797 : INFO : EventManager : Event: ======'mode_attract_starting'====== Args={}
2025-10-27 13:28:01,797 : INFO : Mode.attract : Started. Priority: 10
2025-10-27 13:28:01,797 : INFO : EventManager : Event: ======'modes_active_modes_changed'====== Args={}
2025-10-27 13:28:01,797 : INFO : EventManager : Event: ======'mode_attract_started'====== Args={}
2025-10-27 13:28:01,798 : INFO : EventManager : Event: ======'attract_cycle_step1'====== Args={'priority': 0}
2025-10-27 13:28:01,798 : INFO : EventManager : Event: ======'collecting_balls_complete'====== Args={}
2025-10-27 13:28:01,798 : INFO : EventManager : Event: ======'item_highlighted'====== Args={'carousel': 'attract', 'direction': None, 'item': 'title'}
2025-10-27 13:28:01,798 : INFO : EventManager : Event: ======'timer_attract_carousel_timer_tick'====== Args={'ticks': 0, 'ticks_remaining': 1}
2025-10-27 13:28:01,799 : INFO : Machine : Starting the main run loop with active modes: [<Mode.attract>]
2025-10-27 13:28:01,888 : INFO : EventManager : Event: ======'slide_attract_created'====== Args={'_from_bcp': True}
2025-10-27 13:28:01,888 : INFO : EventManager : Event: ======'slide__removed'====== Args={'_from_bcp': True}
2025-10-27 13:28:01,889 : INFO : EventManager : Event: ======'slide_attract_active'====== Args={'original_context': 'attract', 'original_calling_context': 'mode_attract_started', 'priority': 10.0, 'cmd': 'slides_play', '_from_bcp': True}
2025-10-27 13:28:02,241 : INFO : BcpServer : New client connected.
2025-10-27 13:28:07,916 : INFO : SwitchController : <<<<<<< 's_start' active >>>>>>>
2025-10-27 13:28:08,028 : INFO : SwitchController : <<<<<<< 's_start' inactive >>>>>>>
2025-10-27 13:28:08,028 : INFO : EventManager : Event: ======'request_to_start_game'====== Args={}
2025-10-27 13:28:08,029 : INFO : EventManager : Event: ======'game_start'====== Args={'buttons': [], 'hold_time': 0.10999999998603016}
2025-10-27 13:28:08,030 : INFO : EventManager : Event: ======'mode_game_will_start'====== Args={'buttons': [], 'hold_time': 0.10999999998603016}
2025-10-27 13:28:08,030 : INFO : EventManager : Event: ======'mode_game_starting'====== Args={'buttons': [], 'hold_time': 0.10999999998603016}
2025-10-27 13:28:08,030 : INFO : EventManager : Event: ======'mode_attract_will_stop'====== Args={}
2025-10-27 13:28:08,030 : INFO : EventManager : Event: ======'mode_attract_stopping'====== Args={}
2025-10-27 13:28:08,031 : INFO : Mode.game : Started. Priority: 20
2025-10-27 13:28:08,031 : INFO : EventManager : Event: ======'modes_active_modes_changed'====== Args={}
2025-10-27 13:28:08,031 : INFO : EventManager : Event: ======'mode_game_started'====== Args={'buttons': [], 'hold_time': 0.10999999998603016}
2025-10-27 13:28:08,032 : INFO : Mode.attract : Stopped.
2025-10-27 13:28:08,032 : INFO : EventManager : Event: ======'modes_active_modes_changed'====== Args={}
2025-10-27 13:28:08,032 : INFO : EventManager : Event: ======'mode_attract_stopped'====== Args={}
2025-10-27 13:28:08,032 : INFO : EventManager : Event: ======'clear'====== Args={'key': 'attract'}
2025-10-27 13:28:08,032 : INFO : Timer.attract_carousel_timer : Stopping Timer
2025-10-27 13:28:08,033 : INFO : EventManager : Event: ======'timer_attract_carousel_timer_stopped'====== Args={'ticks': 0, 'ticks_remaining': 1}
2025-10-27 13:28:08,033 : INFO : EventManager : Event: ======'game_will_start'====== Args={}
2025-10-27 13:28:08,033 : INFO : EventManager : Event: ======'game_starting'====== Args={'game': <Mode.game>}
2025-10-27 13:28:08,036 : INFO : EventManager : Unordered handler for class <Auditor> on event game_ended with priority 1. Handlers: [RegisteredHandler(callback=<bound method Auditor.disable of <Auditor>>, priority=1, kwargs={}, key=UUID('5616d1ec-3398-48f4-9ac7-e41897472b83'), condition=None, blocking_facility=None), RegisteredHandler(callback=<bound method Auditor._save_audits of <Auditor>>, priority=1, kwargs={}, key=UUID('2a15e4de-ce44-4957-b8c5-ad185f5bbce5'), condition=None, blocking_facility=None)]. The order of those handlers is not defined and they will be executed in random order. This might lead to race conditions and potential bugs.
2025-10-27 13:28:08,036 : INFO : EventManager : Event: ======'player_add_request'====== Args={}
2025-10-27 13:28:08,037 : INFO : EventManager : Event: ======'player_will_add'====== Args={'number': 1}
2025-10-27 13:28:08,037 : INFO : EventManager : Event: ======'player_adding'====== Args={'player': <Player 1>, 'number': 1}
2025-10-27 13:28:08,037 : INFO : EventManager : Event: ======'player_added'====== Args={'player': <Player 1>, 'num': 1}
2025-10-27 13:28:08,037 : INFO : Mode.game : Player added successfully. Total players: 1
2025-10-27 13:28:08,037 : INFO : EventManager : Event: ======'player_index'====== Args={'value': 0, 'prev_value': 0, 'change': 0, 'player_num': 1}
2025-10-27 13:28:08,038 : INFO : EventManager : Event: ======'player_number'====== Args={'value': 1, 'prev_value': 1, 'change': 0, 'player_num': 1}
2025-10-27 13:28:08,038 : INFO : EventManager : Event: ======'player_mach_level'====== Args={'value': 1.0, 'prev_value': 1.0, 'change': 0, 'player_num': 1}
2025-10-27 13:28:08,038 : INFO : EventManager : Event: ======'player_mach_step'====== Args={'value': 0, 'prev_value': 0, 'change': 0, 'player_num': 1}
2025-10-27 13:28:08,038 : INFO : EventManager : Event: ======'player_score'====== Args={'value': 0, 'prev_value': 0, 'change': 0, 'player_num': 1}
2025-10-27 13:28:08,039 : INFO : EventManager : Event: ======'game_started'====== Args={}
2025-10-27 13:28:08,040 : INFO : EventManager : Event: ======'player_turn_will_start'====== Args={'player': <Player 1>, 'number': 1}
2025-10-27 13:28:08,040 : INFO : EventManager : Event: ======'player_turn_starting'====== Args={'player': <Player 1>, 'number': 1}
2025-10-27 13:28:08,047 : INFO : EventManager : Event: ======'player_ball'====== Args={'value': 1, 'prev_value': 0, 'change': 1, 'player_num': 1}
2025-10-27 13:28:08,048 : INFO : EventManager : Event: ======'player_turn_started'====== Args={'player': <Player 1>, 'number': 1}
2025-10-27 13:28:08,048 : INFO : EventManager : Event: ======'ui_player_1_up'====== Args={'priority': 0}
2025-10-27 13:28:08,049 : INFO : EventManager : Event: ======'ball_will_start'====== Args={'player': 1, 'ball': 1, 'balls_remaining': 2, 'is_extra_ball': False}
2025-10-27 13:28:08,050 : INFO : EventManager : Event: ======'ball_starting'====== Args={'player': 1, 'ball': 1, 'balls_remaining': 2, 'is_extra_ball': False}
2025-10-27 13:28:08,050 : INFO : EventManager : Event: ======'mode_base_will_start'====== Args={'queue': <QueuedEvent>, 'player': 1, 'ball': 1, 'balls_remaining': 2, 'is_extra_ball': False}
2025-10-27 13:28:08,051 : INFO : EventManager : Event: ======'mode_base_starting'====== Args={'queue': <QueuedEvent>, 'player': 1, 'ball': 1, 'balls_remaining': 2, 'is_extra_ball': False}
2025-10-27 13:28:08,052 : INFO : Mode.base : Started. Priority: 100
2025-10-27 13:28:08,052 : INFO : EventManager : Event: ======'modes_active_modes_changed'====== Args={}
2025-10-27 13:28:08,052 : INFO : EventManager : Event: ======'mode_base_started'====== Args={'queue': <QueuedEvent>, 'player': 1, 'ball': 1, 'balls_remaining': 2, 'is_extra_ball': False}
2025-10-27 13:28:08,053 : INFO : EventManager : Event: ======'mode_mach_scoring_will_start'====== Args={'queue': <QueuedEvent>, 'player': 1, 'ball': 1, 'balls_remaining': 2, 'is_extra_ball': False}
2025-10-27 13:28:08,053 : INFO : EventManager : Event: ======'player_shot_mach_ramp_enabled'====== Args={'value': True, 'prev_value': 0, 'change': 1, 'player_num': 1}
2025-10-27 13:28:08,054 : INFO : EventManager : Event: ======'player_mach_scoring_mach_timer_tick'====== Args={'value': 20, 'prev_value': 0, 'change': 20, 'player_num': 1}
2025-10-27 13:28:08,059 : INFO : EventManager : Event: ======'mode_mach_scoring_starting'====== Args={'queue': <QueuedEvent>, 'player': 1, 'ball': 1, 'balls_remaining': 2, 'is_extra_ball': False}
2025-10-27 13:28:08,059 : INFO : EventManager : Event: ======'mode_pilot_mission_qualifier_will_start'====== Args={'queue': <QueuedEvent>, 'player': 1, 'ball': 1, 'balls_remaining': 2, 'is_extra_ball': False}
2025-10-27 13:28:08,094 : INFO : EventManager : Event: ======'mode_pilot_mission_qualifier_starting'====== Args={'queue': <QueuedEvent>, 'player': 1, 'ball': 1, 'balls_remaining': 2, 'is_extra_ball': False}
2025-10-27 13:28:08,094 : INFO : EventManager : Event: ======'start_mode_bumpers'====== Args={'priority': 0}
2025-10-27 13:28:08,094 : INFO : EventManager : Event: ======'mode_bumpers_will_start'====== Args={'priority': 0}
2025-10-27 13:28:08,094 : INFO : EventManager : Event: ======'player_shot_bumper_left_enabled'====== Args={'value': True, 'prev_value': 0, 'change': 1, 'player_num': 1}
2025-10-27 13:28:08,095 : INFO : EventManager : Event: ======'player_shot_bumper_center_enabled'====== Args={'value': True, 'prev_value': 0, 'change': 1, 'player_num': 1}
2025-10-27 13:28:08,095 : INFO : EventManager : Event: ======'player_shot_bumper_right_enabled'====== Args={'value': True, 'prev_value': 0, 'change': 1, 'player_num': 1}
2025-10-27 13:28:08,095 : INFO : EventManager : Event: ======'bumpers_complete'====== Args={'state': 'unlit'}
2025-10-27 13:28:08,095 : INFO : EventManager : Event: ======'bumpers_unlit_complete'====== Args={}
2025-10-27 13:28:08,096 : INFO : EventManager : Event: ======'mode_bumpers_starting'====== Args={'priority': 0}
2025-10-27 13:28:08,096 : INFO : Mode.bumpers : Started. Priority: 200
2025-10-27 13:28:08,096 : INFO : EventManager : Event: ======'modes_active_modes_changed'====== Args={}
2025-10-27 13:28:08,096 : INFO : EventManager : Event: ======'mode_bumpers_started'====== Args={'priority': 0}
2025-10-27 13:28:08,096 : INFO : Mode.pilot_mission_qualifier : Started. Priority: 200
2025-10-27 13:28:08,096 : INFO : EventManager : Event: ======'modes_active_modes_changed'====== Args={}
2025-10-27 13:28:08,097 : INFO : EventManager : Event: ======'mode_pilot_mission_qualifier_started'====== Args={'queue': <QueuedEvent>, 'player': 1, 'ball': 1, 'balls_remaining': 2, 'is_extra_ball': False}
2025-10-27 13:28:08,098 : INFO : Mode.mach_scoring : Started. Priority: 500
2025-10-27 13:28:08,098 : INFO : EventManager : Event: ======'modes_active_modes_changed'====== Args={}
2025-10-27 13:28:08,098 : INFO : EventManager : Event: ======'mode_mach_scoring_started'====== Args={'queue': <QueuedEvent>, 'player': 1, 'ball': 1, 'balls_remaining': 2, 'is_extra_ball': False}
2025-10-27 13:28:08,098 : INFO : EventManager : Event: ======'show_mach_1'====== Args={'priority': 0}
2025-10-27 13:28:08,098 : INFO : EventManager : Event: ======'balls_in_play'====== Args={'balls': 1}
2025-10-27 13:28:08,098 : INFO : EventManager : Event: ======'ball_started'====== Args={'player': 1, 'ball': 1, 'balls_remaining': 2, 'is_extra_ball': False}
2025-10-27 13:28:08,100 : INFO : EventManager : Event: ======'single_player_ball_started'====== Args={}
2025-10-27 13:28:08,101 : INFO : EventManager : Event: ======'ball_start_target'====== Args={'target': 'playfield'}
2025-10-27 13:28:08,101 : INFO : ball_device.bd_plunger : Setting up player-controlled eject. Balls: 1, Target: <playfield.playfield>, player_controlled_eject_event: None
2025-10-27 13:28:08,101 : INFO : EventManager : Event: ======'balldevice_balls_available'====== Args={}
2025-10-27 13:28:08,102 : INFO : ball_device.bd_trough : State: waiting_for_target_ready
2025-10-27 13:28:08,102 : INFO : EventManager : Event: ======'balldevice_bd_trough_ball_eject_attempt'====== Args={'balls': 1, 'target': <ball_device.bd_plunger>, 'source': <ball_device.bd_trough>, 'mechanical_eject': True, 'num_attempts': 0}
2025-10-27 13:28:08,102 : INFO : ball_device.bd_plunger : State: waiting_for_ball
2025-10-27 13:28:08,103 : INFO : ball_device.bd_trough : State: ejecting
2025-10-27 13:28:08,103 : INFO : ball_device.bd_trough : Ejecting ball to <ball_device.bd_plunger>
2025-10-27 13:28:08,103 : INFO : EventManager : Event: ======'balldevice_bd_trough_ejecting_ball'====== Args={'balls': 1, 'target': <ball_device.bd_plunger>, 'source': <ball_device.bd_trough>, 'mechanical_eject': True, 'num_attempts': 0}
2025-10-27 13:28:08,104 : INFO : ball_device.bd_trough : Wait for ball to leave device
2025-10-27 13:28:08,104 : INFO : coil.c_trough_eject : Pulsing Driver for 10ms (0.75 pulse_power)
2025-10-27 13:28:08,153 : INFO : EventManager : Event: ======'slide_base_slide_created'====== Args={'_from_bcp': True}
2025-10-27 13:28:08,154 : INFO : EventManager : Event: ======'slide_attract_inactive'====== Args={'is_removing': True, '_from_bcp': True}
2025-10-27 13:28:08,156 : INFO : EventManager : Event: ======'slide_base_slide_active'====== Args={'original_context': 'base', 'original_calling_context': 'mode_base_started', 'priority': 100.0, 'queue': '<QueuedEvent>', 'player': 1.0, 'ball': 1.0, 'balls_remaining': 2.0, 'is_extra_ball': False, 'cmd': 'slides_play', '_from_bcp': True}
2025-10-27 13:28:08,160 : INFO : EventManager : Event: ======'slide_attract_removed'====== Args={'_from_bcp': True}
2025-10-27 13:28:08,173 : INFO : EventManager : Event: ======'slide_topgun_0_created'====== Args={'_from_bcp': True}
2025-10-27 13:28:08,174 : INFO : EventManager : Event: ======'slide_base_slide_inactive'====== Args={'is_removing': False, '_from_bcp': True}
2025-10-27 13:28:08,174 : INFO : EventManager : Event: ======'slide_topgun_0_active'====== Args={'original_context': 'pilot_mission_qualifier', 'original_calling_context': 'mode_pilot_mission_qualifier_started{current_player.topgun_shots_collected==0 and current_player.qualified_mode_number==0}', 'priority': 200.0, 'queue': '<QueuedEvent>', 'player': 1.0, 'ball': 1.0, 'balls_remaining': 2.0, 'is_extra_ball': False, 'cmd': 'slides_play', '_from_bcp': True}
2025-10-27 13:28:11,110 : INFO : EventManager : Event: ======'balldevice_bd_trough_ball_eject_failed'====== Args={'target': <ball_device.bd_plunger>, 'balls': 1, 'retry': True, 'num_attempts': 1}
2025-10-27 13:28:11,110 : INFO : ball_device.bd_trough : State: waiting_for_target_ready
2025-10-27 13:28:11,112 : INFO : EventManager : Event: ======'balldevice_bd_trough_ball_eject_attempt'====== Args={'balls': 1, 'target': <ball_device.bd_plunger>, 'source': <ball_device.bd_trough>, 'mechanical_eject': True, 'num_attempts': 1}
2025-10-27 13:28:11,112 : INFO : ball_device.bd_trough : State: ejecting
2025-10-27 13:28:11,112 : INFO : ball_device.bd_trough : Ejecting ball to <ball_device.bd_plunger>
2025-10-27 13:28:11,113 : INFO : EventManager : Event: ======'balldevice_bd_trough_ejecting_ball'====== Args={'balls': 1, 'target': <ball_device.bd_plunger>, 'source': <ball_device.bd_trough>, 'mechanical_eject': True, 'num_attempts': 1}
2025-10-27 13:28:11,113 : INFO : ball_device.bd_trough : Wait for ball to leave device
2025-10-27 13:28:11,114 : INFO : coil.c_trough_eject : Pulsing Driver for 10ms (0.75 pulse_power)
2025-10-27 13:28:11,538 : INFO : SwitchController : <<<<<<< 's_trough_6' inactive >>>>>>>
2025-10-27 13:28:11,539 : INFO : ball_device.bd_trough : State: ball_left
2025-10-27 13:28:11,539 : INFO : ball_device.bd_trough : Ball left
2025-10-27 13:28:11,539 : INFO : ball_device.bd_trough : Wait for confirm with timeout 3.0
2025-10-27 13:28:13,093 : INFO : SwitchController : <<<<<<< 's_shooter_lane' active >>>>>>>
2025-10-27 13:28:13,093 : INFO : EventManager : Event: ======'s_shooter_lane_active'====== Args={}
2025-10-27 13:28:13,094 : INFO : EventManager : Event: ======'machine_var_audits_switches_s_shooter_lane'====== Args={'value': 220, 'prev_value': 219, 'change': 1}
2025-10-27 13:28:13,095 : INFO : EventManager : Event: ======'mode_skillshot_will_start'====== Args={}
2025-10-27 13:28:13,095 : INFO : EventManager : Event: ======'player_shot_mig_lane_left_enabled'====== Args={'value': True, 'prev_value': 0, 'change': 1, 'player_num': 1}
2025-10-27 13:28:13,097 : INFO : EventManager : Event: ======'player_shot_mig_lane_right_enabled'====== Args={'value': True, 'prev_value': 0, 'change': 1, 'player_num': 1}
2025-10-27 13:28:13,098 : INFO : EventManager : Event: ======'player_shot_spinner_enabled'====== Args={'value': True, 'prev_value': 0, 'change': 1, 'player_num': 1}
2025-10-27 13:28:13,098 : INFO : EventManager : Event: ======'player_shot_orbit_upper_enabled'====== Args={'value': True, 'prev_value': 0, 'change': 1, 'player_num': 1}
2025-10-27 13:28:13,099 : INFO : EventManager : Event: ======'player_shot_ramp_inner_enabled'====== Args={'value': True, 'prev_value': 0, 'change': 1, 'player_num': 1}
2025-10-27 13:28:13,099 : INFO : EventManager : Event: ======'skillshot_group_complete'====== Args={'state': 'off'}
2025-10-27 13:28:13,099 : INFO : EventManager : Event: ======'skillshot_group_off_complete'====== Args={}
2025-10-27 13:28:13,100 : INFO : EventManager : Event: ======'player_skillshot_skillshot_tick'====== Args={'value': 9, 'prev_value': 0, 'change': 9, 'player_num': 1}
2025-10-27 13:28:13,101 : INFO : EventManager : Event: ======'player_skillshot_skillshot_sound_loop_tick'====== Args={'value': 0, 'prev_value': 0, 'change': 0, 'player_num': 1}
2025-10-27 13:28:13,107 : INFO : EventManager : Event: ======'mode_skillshot_starting'====== Args={}
2025-10-27 13:28:13,107 : INFO : Mode.skillshot : Started. Priority: 100
2025-10-27 13:28:13,107 : INFO : EventManager : Event: ======'modes_active_modes_changed'====== Args={}
2025-10-27 13:28:13,108 : INFO : EventManager : Event: ======'mode_skillshot_started'====== Args={}
2025-10-27 13:28:13,108 : INFO : EventManager : Event: ======'player_pilot_qualifier_paused'====== Args={'value': 1, 'prev_value': 0, 'change': 1, 'player_num': 1, 'source': 'pilot_mission_qualifier'}
2025-10-27 13:28:13,108 : INFO : EventManager : Event: ======'player_shot_mig_lane_left'====== Args={'value': 1, 'prev_value': 0, 'change': 1, 'player_num': 1}
2025-10-27 13:28:13,108 : INFO : EventManager : Event: ======'player_shot_mig_lane_right'====== Args={'value': 1, 'prev_value': 0, 'change': 1, 'player_num': 1}
2025-10-27 13:28:13,109 : INFO : EventManager : Event: ======'player_shot_spinner'====== Args={'value': 1, 'prev_value': 0, 'change': 1, 'player_num': 1}
2025-10-27 13:28:13,109 : INFO : EventManager : Event: ======'player_shot_orbit_upper'====== Args={'value': 1, 'prev_value': 0, 'change': 1, 'player_num': 1}
2025-10-27 13:28:13,109 : INFO : EventManager : Event: ======'player_shot_ramp_inner'====== Args={'value': 1, 'prev_value': 0, 'change': 1, 'player_num': 1}
2025-10-27 13:28:13,110 : INFO : Timer.skillshot_sound_loop : Starting Timer.
2025-10-27 13:28:13,110 : INFO : EventManager : Event: ======'timer_skillshot_sound_loop_started'====== Args={'ticks': 0, 'ticks_remaining': 999}
2025-10-27 13:28:13,110 : INFO : EventManager : Event: ======'timer_skillshot_sound_loop_tick'====== Args={'ticks': 0, 'ticks_remaining': 999}
2025-10-27 13:28:13,110 : INFO : EventManager : Event: ======'skillshot_group_complete'====== Args={'state': 'lit'}
2025-10-27 13:28:13,110 : INFO : EventManager : Event: ======'skillshot_group_lit_complete'====== Args={}
2025-10-27 13:28:13,408 : INFO : ball_device.bd_plunger : Received ball from <ball_device.bd_trough>
2025-10-27 13:28:13,408 : INFO : EventManager : Event: ======'balldevice_bd_plunger_ball_enter'====== Args={'new_balls': 1, 'unclaimed_balls': 0, 'new_available_balls': 0, 'device': <ball_device.bd_plunger>}
2025-10-27 13:28:13,409 : INFO : EventManager : Event: ======'balldevice_bd_plunger_ball_entered'====== Args={'new_balls': 0, 'device': <ball_device.bd_plunger>}
2025-10-27 13:28:13,409 : INFO : EventManager : Event: ======'balldevice_bd_plunger_ball_count_changed'====== Args={'balls': 1}
2025-10-27 13:28:13,409 : INFO : ball_device.bd_trough : Got eject confirm
2025-10-27 13:28:13,409 : INFO : ball_device.bd_trough : Eject successful
2025-10-27 13:28:13,409 : INFO : EventManager : Event: ======'balldevice_bd_trough_ball_eject_success'====== Args={'balls': 1, 'target': <ball_device.bd_plunger>}
2025-10-27 13:28:13,410 : INFO : EventManager : Event: ======'balldevice_bd_trough_ball_count_changed'====== Args={'balls': 5}
2025-10-27 13:28:13,410 : INFO : ball_device.bd_trough : State: idle
2025-10-27 13:28:13,411 : INFO : ball_device.bd_plunger : State: waiting_for_target_ready
2025-10-27 13:28:13,411 : INFO : EventManager : Event: ======'balldevice_bd_plunger_ball_eject_attempt'====== Args={'balls': 1, 'target': <playfield.playfield>, 'source': <ball_device.bd_plunger>, 'mechanical_eject': True, 'num_attempts': 0}
2025-10-27 13:28:13,411 : INFO : ball_device.bd_plunger : State: ejecting
2025-10-27 13:28:13,412 : INFO : ball_device.bd_plunger : Ejecting ball to <playfield.playfield>
2025-10-27 13:28:13,412 : INFO : EventManager : Event: ======'balldevice_bd_plunger_ejecting_ball'====== Args={'balls': 1, 'target': <playfield.playfield>, 'source': <ball_device.bd_plunger>, 'mechanical_eject': True, 'num_attempts': 0}
2025-10-27 13:28:13,413 : INFO : EventManager : Event: ======'video_idle_start'====== Args={'priority': 0}
2025-10-27 13:28:13,413 : INFO : ball_device.bd_plunger : Wait for ball to leave device
2025-10-27 13:28:13,985 : INFO : SwitchController : <<<<<<< 's_shooter_lane' inactive >>>>>>>
2025-10-27 13:28:13,985 : INFO : EventManager : Event: ======'s_shooter_lane_inactive'====== Args={}
2025-10-27 13:28:13,986 : INFO : Timer.skillshot : Starting Timer.
2025-10-27 13:28:13,986 : INFO : EventManager : Event: ======'timer_skillshot_started'====== Args={'ticks': 9, 'ticks_remaining': 9}
2025-10-27 13:28:13,986 : INFO : EventManager : Event: ======'timer_skillshot_tick'====== Args={'ticks': 9, 'ticks_remaining': 9}
2025-10-27 13:28:13,986 : INFO : Timer.skillshot_sound_loop : Stopping Timer
2025-10-27 13:28:13,987 : INFO : EventManager : Event: ======'timer_skillshot_sound_loop_stopped'====== Args={'ticks': 0, 'ticks_remaining': 999}
2025-10-27 13:28:13,987 : INFO : EventManager : Event: ======'video_launch_start'====== Args={'priority': 0}
2025-10-27 13:28:13,988 : INFO : ball_device.bd_plunger : State: ball_left
2025-10-27 13:28:13,988 : INFO : ball_device.bd_plunger : Ball left
2025-10-27 13:28:13,988 : INFO : ball_device.bd_plunger : Wait for confirm with timeout 3.0
2025-10-27 13:28:14,992 : INFO : EventManager : Event: ======'player_skillshot_skillshot_tick'====== Args={'value': 8, 'prev_value': 9, 'change': -1, 'player_num': 1}
2025-10-27 13:28:14,992 : INFO : EventManager : Event: ======'timer_skillshot_tick'====== Args={'ticks': 8, 'ticks_remaining': 8}
2025-10-27 13:28:15,991 : INFO : EventManager : Event: ======'player_skillshot_skillshot_tick'====== Args={'value': 7, 'prev_value': 8, 'change': -1, 'player_num': 1}
2025-10-27 13:28:15,991 : INFO : EventManager : Event: ======'timer_skillshot_tick'====== Args={'ticks': 7, 'ticks_remaining': 7}
2025-10-27 13:28:16,997 : INFO : EventManager : Event: ======'player_skillshot_skillshot_tick'====== Args={'value': 6, 'prev_value': 7, 'change': -1, 'player_num': 1}
2025-10-27 13:28:16,997 : INFO : EventManager : Event: ======'timer_skillshot_tick'====== Args={'ticks': 6, 'ticks_remaining': 6}
2025-10-27 13:28:16,998 : INFO : ball_device.bd_plunger : State: failed_confirm
2025-10-27 13:28:16,998 : INFO : ball_device.bd_plunger : Got timeout (3.0s) before confirm from <playfield.playfield>
2025-10-27 13:28:17,091 : INFO : ball_device.bd_plunger : Confirming eject because target is playfield and ball did not return.
2025-10-27 13:28:17,091 : INFO : ball_device.bd_plunger : Eject successful
2025-10-27 13:28:17,091 : INFO : EventManager : Event: ======'balldevice_bd_plunger_ball_eject_success'====== Args={'balls': 1, 'target': <playfield.playfield>}
2025-10-27 13:28:17,092 : INFO : EventManager : Event: ======'balldevice_playfield_ball_enter'====== Args={'new_balls': 1, 'unclaimed_balls': 1, 'device': <playfield.playfield>}
2025-10-27 13:28:17,092 : INFO : EventManager : Event: ======'playfield_ball_count_change'====== Args={'balls': 1, 'change': 1}
2025-10-27 13:28:17,092 : INFO : EventManager : Event: ======'balldevice_bd_plunger_ball_count_changed'====== Args={'balls': 0}
2025-10-27 13:28:17,092 : INFO : ball_device.bd_plunger : State: idle
2025-10-27 13:28:17,999 : INFO : EventManager : Event: ======'player_skillshot_skillshot_tick'====== Args={'value': 5, 'prev_value': 6, 'change': -1, 'player_num': 1}
2025-10-27 13:28:18,000 : INFO : EventManager : Event: ======'timer_skillshot_tick'====== Args={'ticks': 5, 'ticks_remaining': 5}
2025-10-27 13:28:19,002 : INFO : EventManager : Event: ======'player_skillshot_skillshot_tick'====== Args={'value': 4, 'prev_value': 5, 'change': -1, 'player_num': 1}
2025-10-27 13:28:19,003 : INFO : EventManager : Event: ======'timer_skillshot_tick'====== Args={'ticks': 4, 'ticks_remaining': 4}
2025-10-27 13:28:19,567 : INFO : SwitchController : <<<<<<< 's_mig_lane_left' active >>>>>>>
2025-10-27 13:28:19,568 : INFO : EventManager : Event: ======'s_mig_lane_left_active'====== Args={}
2025-10-27 13:28:19,568 : INFO : EventManager : Event: ======'sw_playfield_active'====== Args={}
2025-10-27 13:28:19,568 : INFO : EventManager : Event: ======'sw_playfield_active'====== Args={}
2025-10-27 13:28:19,569 : INFO : EventManager : Event: ======'machine_var_audits_switches_s_mig_lane_left'====== Args={'value': 122, 'prev_value': 121, 'change': 1}
2025-10-27 13:28:19,571 : INFO : EventManager : Event: ======'machine_var_audits_shots_mig_lane_left'====== Args={'value': 91, 'prev_value': 90, 'change': 1}
2025-10-27 13:28:19,572 : INFO : EventManager : Event: ======'mig_lane_left_hit'====== Args={'profile': 'skill', 'state': 'lit', 'advancing': False}
2025-10-27 13:28:19,572 : INFO : EventManager : Event: ======'mig_lane_left_skill_hit'====== Args={'profile': 'skill', 'state': 'lit', 'advancing': False}
2025-10-27 13:28:19,572 : INFO : EventManager : Event: ======'mig_lane_left_skill_lit_hit'====== Args={'profile': 'skill', 'state': 'lit', 'advancing': False}
2025-10-27 13:28:19,572 : INFO : EventManager : Event: ======'mig_lane_left_lit_hit'====== Args={'profile': 'skill', 'state': 'lit', 'advancing': False}
2025-10-27 13:28:19,573 : INFO : EventManager : Event: ======'skillshot_group_hit'====== Args={'shot': 'mig_lane_left'}
2025-10-27 13:28:19,573 : INFO : EventManager : Event: ======'skillshot_group_lit_hit'====== Args={'shot': 'mig_lane_left'}
2025-10-27 13:28:19,573 : INFO : EventManager : Event: ======'mode_skillshot_will_stop'====== Args={}
2025-10-27 13:28:19,573 : INFO : EventManager : Event: ======'mode_skillshot_stopping'====== Args={}
2025-10-27 13:28:19,573 : INFO : EventManager : Event: ======'show_skillshot_mig_video'====== Args={'priority': 0}
2025-10-27 13:28:19,573 : INFO : EventManager : Event: ======'player_score'====== Args={'value': 25000, 'prev_value': 0, 'change': 25000, 'player_num': 1, 'source': 'skillshot'}
2025-10-27 13:28:19,573 : INFO : EventManager : Event: ======'player_skillshot_count'====== Args={'value': 1, 'prev_value': 0, 'change': 1, 'player_num': 1, 'source': 'skillshot'}
2025-10-27 13:28:19,574 : INFO : EventManager : Event: ======'player_priority'====== Args={'value': 600, 'prev_value': 0, 'change': 600, 'player_num': 1, 'source': 'skillshot'}
2025-10-27 13:28:19,574 : INFO : Timer.skillshot : Stopping Timer
2025-10-27 13:28:19,574 : INFO : EventManager : Event: ======'timer_skillshot_stopped'====== Args={'ticks': 4, 'ticks_remaining': 4}
2025-10-27 13:28:19,574 : INFO : Timer.skillshot_sound_loop : Stopping Timer
2025-10-27 13:28:19,574 : INFO : EventManager : Event: ======'timer_skillshot_sound_loop_stopped'====== Args={'ticks': 0, 'ticks_remaining': 999}
2025-10-27 13:28:19,575 : INFO : Mode.skillshot : Stopped.
2025-10-27 13:28:19,575 : INFO : EventManager : Event: ======'modes_active_modes_changed'====== Args={}
2025-10-27 13:28:19,575 : INFO : EventManager : Event: ======'mode_skillshot_stopped'====== Args={}
2025-10-27 13:28:19,575 : INFO : EventManager : Event: ======'clear'====== Args={'key': 'skillshot'}
2025-10-27 13:28:19,575 : INFO : EventManager : Event: ======'player_pilot_qualifier_paused'====== Args={'value': 0, 'prev_value': 1, 'change': -1, 'player_num': 1, 'source': 'pilot_mission_qualifier'}
2025-10-27 13:28:19,576 : INFO : Timer.skillshot : Stopping Timer
2025-10-27 13:28:19,576 : INFO : EventManager : Event: ======'timer_skillshot_stopped'====== Args={'ticks': 4, 'ticks_remaining': 4}
2025-10-27 13:28:19,577 : INFO : Timer.skillshot_sound_loop : Stopping Timer
2025-10-27 13:28:19,577 : INFO : EventManager : Event: ======'timer_skillshot_sound_loop_stopped'====== Args={'ticks': 0, 'ticks_remaining': 999}
2025-10-27 13:28:19,708 : INFO : SwitchController : <<<<<<< 's_mig_lane_left' inactive >>>>>>>
2025-10-27 13:28:34,572 : INFO : BallSearch.playfield : Starting ball search
2025-10-27 13:28:34,572 : INFO : EventManager : Event: ======'ball_search_started'====== Args={}
2025-10-27 13:28:34,572 : INFO : EventManager : Event: ======'ball_search_phase_1'====== Args={'iteration': 1}
2025-10-27 13:28:34,572 : INFO : coil.c_bumper_left : Pulsing Driver for 15ms (0.75 pulse_power)
2025-10-27 13:28:34,823 : INFO : coil.c_bumper_right : Pulsing Driver for 15ms (0.75 pulse_power)
2025-10-27 13:28:35,074 : INFO : coil.c_bumper_center : Pulsing Driver for 15ms (0.75 pulse_power)
2025-10-27 13:28:35,326 : INFO : coil.c_sling_left : Pulsing Driver for 15ms (0.75 pulse_power)
2025-10-27 13:28:35,578 : INFO : coil.c_sling_right : Pulsing Driver for 15ms (0.75 pulse_power)
2025-10-27 13:28:35,829 : INFO : coil.c_lock_upkicker : Pulsing Driver for 15ms (0.75 pulse_power)
2025-10-27 13:28:36,081 : INFO : coil.c_mode_outkicker : Pulsing Driver for 15ms (0.75 pulse_power)
2025-10-27 13:28:36,334 : INFO : EventManager : Event: ======'ball_search_phase_1'====== Args={'iteration': 2}
2025-10-27 13:28:36,334 : INFO : coil.c_bumper_left : Pulsing Driver for 15ms (0.75 pulse_power)
2025-10-27 13:28:46,333 : INFO : coil.c_bumper_right : Pulsing Driver for 15ms (0.75 pulse_power)
2025-10-27 13:28:46,568 : INFO : coil.c_bumper_center : Pulsing Driver for 15ms (0.75 pulse_power)
2025-10-27 13:28:46,820 : INFO : coil.c_sling_left : Pulsing Driver for 15ms (0.75 pulse_power)
2025-10-27 13:28:47,072 : INFO : coil.c_sling_right : Pulsing Driver for 15ms (0.75 pulse_power)
2025-10-27 13:28:47,326 : INFO : coil.c_lock_upkicker : Pulsing Driver for 15ms (0.75 pulse_power)
2025-10-27 13:28:47,577 : INFO : coil.c_mode_outkicker : Pulsing Driver for 15ms (0.75 pulse_power)
2025-10-27 13:28:47,827 : INFO : EventManager : Event: ======'ball_search_phase_1'====== Args={'iteration': 3}
2025-10-27 13:28:47,828 : INFO : coil.c_bumper_left : Pulsing Driver for 15ms (0.75 pulse_power)
2025-10-27 13:28:57,835 : INFO : coil.c_bumper_right : Pulsing Driver for 15ms (0.75 pulse_power)
2025-10-27 13:28:58,085 : INFO : coil.c_bumper_center : Pulsing Driver for 15ms (0.75 pulse_power)
2025-10-27 13:28:58,339 : INFO : coil.c_sling_left : Pulsing Driver for 15ms (0.75 pulse_power)
2025-10-27 13:28:58,576 : INFO : coil.c_sling_right : Pulsing Driver for 15ms (0.75 pulse_power)
2025-10-27 13:28:58,827 : INFO : coil.c_lock_upkicker : Pulsing Driver for 15ms (0.75 pulse_power)
2025-10-27 13:28:59,078 : INFO : coil.c_mode_outkicker : Pulsing Driver for 15ms (0.75 pulse_power)
2025-10-27 13:28:59,329 : INFO : EventManager : Event: ======'ball_search_phase_2'====== Args={'iteration': 1}
2025-10-27 13:28:59,329 : INFO : coil.c_bumper_left : Pulsing Driver for 15ms (0.75 pulse_power)
2025-10-27 13:29:09,331 : INFO : coil.c_bumper_right : Pulsing Driver for 15ms (0.75 pulse_power)
2025-10-27 13:29:09,582 : INFO : coil.c_bumper_center : Pulsing Driver for 15ms (0.75 pulse_power)
2025-10-27 13:29:09,821 : INFO : coil.c_sling_left : Pulsing Driver for 15ms (0.75 pulse_power)
2025-10-27 13:29:10,073 : INFO : coil.c_sling_right : Pulsing Driver for 15ms (0.75 pulse_power)
2025-10-27 13:29:10,322 : INFO : coil.c_lock_upkicker : Pulsing Driver for 15ms (0.75 pulse_power)
2025-10-27 13:29:10,573 : INFO : coil.c_mode_outkicker : Pulsing Driver for 15ms (0.75 pulse_power)
2025-10-27 13:29:10,823 : INFO : EventManager : Event: ======'ball_search_phase_2'====== Args={'iteration': 2}
2025-10-27 13:29:10,823 : INFO : coil.c_bumper_left : Pulsing Driver for 15ms (0.75 pulse_power)
2025-10-27 13:29:16,603 : INFO : Machine : Shutting down...
2025-10-27 13:29:16,603 : INFO : EventManager : Event: ======'shutdown'====== Args={}
2025-10-27 13:29:16,604 : INFO : EventManager : Event: ======'mode_game_will_stop'====== Args={}
2025-10-27 13:29:16,605 : INFO : EventManager : Event: ======'mode_game_stopping'====== Args={}
2025-10-27 13:29:16,605 : INFO : EventManager : Event: ======'mode_mach_scoring_will_stop'====== Args={}
2025-10-27 13:29:16,606 : INFO : EventManager : Event: ======'mode_mach_scoring_stopping'====== Args={}
2025-10-27 13:29:16,606 : INFO : EventManager : Event: ======'mode_bumpers_will_stop'====== Args={}
2025-10-27 13:29:16,606 : INFO : EventManager : Event: ======'mode_bumpers_stopping'====== Args={}
2025-10-27 13:29:16,606 : INFO : EventManager : Event: ======'mode_base_will_stop'====== Args={}
2025-10-27 13:29:16,606 : INFO : EventManager : Event: ======'mode_base_stopping'====== Args={}
2025-10-27 13:29:16,606 : INFO : EventManager : Event: ======'mode_pilot_mission_qualifier_will_stop'====== Args={}
2025-10-27 13:29:16,606 : INFO : EventManager : Event: ======'mode_pilot_mission_qualifier_stopping'====== Args={}
2025-10-27 13:29:16,606 : INFO : EventManager : Event: ======'stop_mode_bumpers'====== Args={'priority': 0}
2025-10-27 13:29:16,606 : INFO : Mode.pilot_mission_qualifier : Stopped.
2025-10-27 13:29:16,606 : INFO : EventManager : Event: ======'modes_active_modes_changed'====== Args={}
2025-10-27 13:29:16,611 : INFO : EventManager : Event: ======'mode_pilot_mission_qualifier_stopped'====== Args={}
2025-10-27 13:29:16,611 : INFO : EventManager : Event: ======'clear'====== Args={'key': 'pilot_mission_qualifier'}
2025-10-27 13:29:16,611 : INFO : Mode.base : Stopped.
2025-10-27 13:29:16,611 : INFO : EventManager : Event: ======'modes_active_modes_changed'====== Args={}
2025-10-27 13:29:16,611 : INFO : EventManager : Event: ======'mode_base_stopped'====== Args={}
2025-10-27 13:29:16,611 : INFO : EventManager : Event: ======'clear'====== Args={'key': 'base'}
2025-10-27 13:29:16,611 : INFO : Mode.bumpers : Stopped.
2025-10-27 13:29:16,611 : INFO : EventManager : Event: ======'modes_active_modes_changed'====== Args={}
2025-10-27 13:29:16,611 : INFO : EventManager : Event: ======'mode_bumpers_stopped'====== Args={}
2025-10-27 13:29:16,611 : INFO : EventManager : Event: ======'clear'====== Args={'key': 'bumpers'}
2025-10-27 13:29:16,611 : INFO : Mode.mach_scoring : Stopped.
2025-10-27 13:29:16,611 : INFO : EventManager : Event: ======'modes_active_modes_changed'====== Args={}
2025-10-27 13:29:16,613 : INFO : EventManager : Event: ======'mode_mach_scoring_stopped'====== Args={}
2025-10-27 13:29:16,613 : INFO : EventManager : Event: ======'clear'====== Args={'key': 'mach_scoring'}
2025-10-27 13:29:16,613 : INFO : Timer.mach_timer : Stopping Timer
2025-10-27 13:29:16,613 : INFO : EventManager : Event: ======'timer_mach_timer_stopped'====== Args={'ticks': 20, 'ticks_remaining': 0}
2025-10-27 13:29:16,613 : INFO : Mode.game : Stopped.
2025-10-27 13:29:16,613 : INFO : EventManager : Event: ======'modes_active_modes_changed'====== Args={}
2025-10-27 13:29:16,613 : INFO : EventManager : Event: ======'mode_game_stopped'====== Args={}
2025-10-27 13:29:16,614 : INFO : EventManager : Event: ======'clear'====== Args={'key': 'game'}
2025-10-27 13:29:16,617 : INFO : root : MPF run loop ended.
