2025-11-04 14:54:16,462 : INFO : root : Loading MPF Monitor Version 0.57.1
2025-11-04 14:54:16,836 : INFO : Core : Looking for MPF at localhost:5051
2025-11-04 14:55:46,490 : INFO : BCP Client : Connected to MPF
2025-11-04 15:00:52,468 : INFO : BCP Client : Connected to MPF
2025-11-04 15:17:54,365 : INFO : BCP Client : Connected to MPF
2025-11-04 15:26:22,618 : INFO : BCP Client : Connected to MPF
2025-11-04 16:30:31,458 : INFO : BCP Client : Connected to MPF
2025-11-04 16:36:52,639 : INFO : BCP Client : Connected to MPF
2025-11-04 17:14:20,048 : INFO : BCP Client : Connected to MPF
2025-11-04 17:19:39,593 : INFO : BCP Client : Connected to MPF
2025-11-04 17:29:33,544 : INFO : BCP Client : Connected to MPF
2025-11-04 17:30:29,189 : INFO : BCP Client : Connected to MPF
2025-11-04 17:34:42,455 : INFO : BCP Client : Connected to MPF
2025-11-04 18:39:35,928 : INFO : BCP Client : Connected to MPF
2025-11-04 18:41:22,568 : INFO : BCP Client : Connected to MPF
2025-11-04 18:45:22,597 : INFO : BCP Client : Connected to MPF
2025-11-04 19:03:04,897 : INFO : BCP Client : Connected to MPF
2025-11-04 19:10:10,127 : INFO : BCP Client : Connected to MPF
2025-11-04 19:12:43,886 : INFO : BCP Client : Connected to MPF
2025-11-04 19:18:55,100 : INFO : BCP Client : Connected to MPF
2025-11-04 20:59:44,069 : INFO : BCP Client : Connected to MPF
2025-11-04 21:02:39,702 : INFO : BCP Client : Connected to MPF
2025-11-04 21:19:32,484 : INFO : BCP Client : Connected to MPF
2025-11-04 21:20:43,113 : INFO : BCP Client : Connected to MPF
2025-11-04 21:25:48,754 : INFO : Core : Quitting due to quit on close
2025-11-04 21:25:48,760 : INFO : root : MPF Monitor run loop ended.
2025-11-04 21:25:48,760 : INFO : root : Stopping child threads... (0 remaining)
2025-11-04 21:25:48,760 : INFO : root : All child threads stopped.
