2025-09-06 17:34:54,754 : INFO : root : Loading config.
2025-09-06 17:34:54,767 : INFO : YamlMultifileConfigLoader : Machine config file #1: config.yaml
2025-09-06 17:34:54,767 : INFO : ConfigProcessor : Loading config from cache: C:\Users\White\AppData\Local\Temp\cfa6ecba65704a931c9dd214c44986c8.mpf_cache
2025-09-06 17:34:54,778 : WARNING : ConfigProcessor : Config file in cache changed: C:\Users\White\Documents\Top_Gun_Pinball\config\config_lights.yaml
2025-09-06 17:34:54,779 : INFO : ConfigProcessor : Loading config from file C:\Users\White\mpf\Lib\site-packages\mpf\mpfconfig.yaml.
2025-09-06 17:34:54,801 : INFO : ConfigProcessor : Loading config: C:\Users\White\mpf\Lib\site-packages\mpf\mpfconfig.yaml
2025-09-06 17:34:54,803 : INFO : ConfigProcessor : Loading config from file C:\Users\White\Documents\Top_Gun_Pinball\config\config.yaml.
2025-09-06 17:34:54,804 : INFO : ConfigProcessor : Loading config: C:\Users\White\Documents\Top_Gun_Pinball\config\config.yaml
2025-09-06 17:34:54,805 : INFO : ConfigProcessor : Loading config: C:\Users\White\Documents\Top_Gun_Pinball\config\config_ball_devices.yaml
2025-09-06 17:34:54,808 : INFO : ConfigProcessor : Loading config: C:\Users\White\Documents\Top_Gun_Pinball\config\config_coils.yaml
2025-09-06 17:34:54,809 : INFO : ConfigProcessor : Loading config: C:\Users\White\Documents\Top_Gun_Pinball\config\config_flippers.yaml
2025-09-06 17:34:54,816 : INFO : ConfigProcessor : Loading config: C:\Users\White\Documents\Top_Gun_Pinball\config\config_lights.yaml
2025-09-06 17:34:54,820 : INFO : ConfigProcessor : Loading config: C:\Users\White\Documents\Top_Gun_Pinball\config\config_switches.yaml
2025-09-06 17:34:54,823 : INFO : ConfigProcessor : Config file cache created: C:\Users\White\AppData\Local\Temp\cfa6ecba65704a931c9dd214c44986c8.mpf_cache
2025-09-06 17:34:54,938 : WARNING : ConfigProcessor : Config file in cache changed: C:\Users\White\Documents\Top_Gun_Pinball\modes\attract\config\attract.yaml
2025-09-06 17:34:54,938 : INFO : ConfigProcessor : Loading config from file C:\Users\White\mpf\Lib\site-packages\mpf\modes\attract\config\attract.yaml.
2025-09-06 17:34:54,947 : INFO : ConfigProcessor : Loading config: C:\Users\White\mpf\Lib\site-packages\mpf\modes\attract\config\attract.yaml
2025-09-06 17:34:54,947 : INFO : ConfigProcessor : Loading config from file C:\Users\White\Documents\Top_Gun_Pinball\modes\attract\config\attract.yaml.
2025-09-06 17:34:54,958 : INFO : ConfigProcessor : Loading config: C:\Users\White\Documents\Top_Gun_Pinball\modes\attract\config\attract.yaml
2025-09-06 17:34:54,959 : INFO : ConfigProcessor : Config file cache created: C:\Users\White\AppData\Local\Temp\f98ffc0ff5962effface7d86bc406d5c.mpf_cache
2025-09-06 17:34:54,960 : INFO : ConfigProcessor : Loading config from cache: C:\Users\White\AppData\Local\Temp\91cc4d1c993c58dc354e34974b9cfeac.mpf_cache
2025-09-06 17:34:54,969 : INFO : ConfigProcessor : Loading config from cache: C:\Users\White\AppData\Local\Temp\f98ffc0ff5962effface7d86bc406d5c.mpf_cache
2025-09-06 17:34:54,980 : INFO : ConfigProcessor : Loading config from cache: C:\Users\White\AppData\Local\Temp\76792f1d686f89709887dba7bd69667a.mpf_cache
2025-09-06 17:34:54,989 : INFO : ConfigProcessor : Loading config from cache: C:\Users\White\AppData\Local\Temp\142bbae4707335cc8e3efaa4364c4893.mpf_cache
2025-09-06 17:34:54,999 : INFO : Machine : Mission Pinball Framework Core Engine v0.80.0.dev9
2025-09-06 17:34:54,999 : INFO : Machine : Command line arguments: {'no_load_cache': False, 'create_config_cache': True, 'bcp': True, 'configfile': ['config.yaml'], 'force_assets_load': False, 'platform_integration_test': False, 'jsonlogging': False, 'logfile': 'logs\\2025-09-06-17-34-54-mpf-TopGunPinball.log', 'pause': False, 'production': False, 'text_ui': False, 'loglevel': 15, 'consoleloglevel': 20, 'force_platform': 'virtual', 'syslog_address': None, 'full_logfile_path': 'C:\\Users\\White\\Documents\\Top_Gun_Pinball\\logs\\2025-09-06-17-34-54-mpf-TopGunPinball.log'}
2025-09-06 17:34:54,999 : INFO : Machine : MPF path: C:\Users\White\mpf\Lib\site-packages\mpf
2025-09-06 17:34:54,999 : INFO : Machine : Machine path: C:\Users\White\Documents\Top_Gun_Pinball
2025-09-06 17:34:54,999 : INFO : Machine : Platform: win32
2025-09-06 17:34:54,999 : INFO : Machine : Python executable location: C:\Users\White\mpf\Scripts\python.exe
2025-09-06 17:34:54,999 : INFO : Machine : Python version: 3.12.7 (64-bit)
2025-09-06 17:34:55,001 : INFO : Machine : Initializing MPF...
2025-09-06 17:34:55,133 : INFO : EventManager : Event: ======'machine_var_credits_string'====== Args={'value': 'FREE PLAY', 'prev_value': None, 'change': True}
2025-09-06 17:34:55,159 : INFO : EventManager : Event: ======'machine_var_master_volume'====== Args={'value': 0.5, 'prev_value': None, 'change': True}
2025-09-06 17:34:55,159 : INFO : EventManager : Event: ======'machine_var_player1_score'====== Args={'value': 61000, 'prev_value': None, 'change': True}
2025-09-06 17:34:55,159 : INFO : EventManager : Event: ======'machine_var_player2_score'====== Args={'value': 73000, 'prev_value': None, 'change': True}
2025-09-06 17:34:55,159 : INFO : EventManager : Event: ======'machine_var_mpf_version'====== Args={'value': 'Mission Pinball Framework v0.80.0.dev9', 'prev_value': None, 'change': True}
2025-09-06 17:34:55,159 : INFO : EventManager : Event: ======'machine_var_mpf_extended_version'====== Args={'value': 'Mission Pinball Framework v0.80.0.dev9, Config version:6, Show version: 6, BCP version:1.1', 'prev_value': None, 'change': True}
2025-09-06 17:34:55,159 : INFO : EventManager : Event: ======'machine_var_python_version'====== Args={'value': '3.12.7', 'prev_value': None, 'change': True}
2025-09-06 17:34:55,317 : INFO : EventManager : Event: ======'machine_var_platform'====== Args={'value': 'Windows-11-10.0.26100-SP0', 'prev_value': None, 'change': True}
2025-09-06 17:34:55,317 : INFO : EventManager : Event: ======'machine_var_platform_system'====== Args={'value': 'Windows', 'prev_value': None, 'change': True}
2025-09-06 17:34:55,317 : INFO : EventManager : Event: ======'machine_var_platform_release'====== Args={'value': '11', 'prev_value': None, 'change': True}
2025-09-06 17:34:55,317 : INFO : EventManager : Event: ======'machine_var_platform_version'====== Args={'value': '10.0.26100', 'prev_value': None, 'change': True}
2025-09-06 17:34:55,317 : INFO : EventManager : Event: ======'machine_var_platform_machine'====== Args={'value': 'AMD64', 'prev_value': None, 'change': True}
2025-09-06 17:34:55,317 : INFO : EventManager : Event: ======'machine_var_log_file_path'====== Args={'value': 'C:\\Users\\White\\Documents\\Top_Gun_Pinball\\logs\\2025-09-06-17-34-54-mpf-TopGunPinball.log', 'prev_value': None, 'change': True}
2025-09-06 17:34:55,317 : INFO : EventManager : Event: ======'init_phase_1'====== Args={}
2025-09-06 17:34:55,351 : INFO : EventManager : Event: ======'init_phase_2'====== Args={}
2025-09-06 17:34:55,351 : INFO : SwitchController : Found active switch: (1007, <Platform.Virtual>) <switch.s_trough_1>
2025-09-06 17:34:55,351 : INFO : SwitchController : Found active switch: (1008, <Platform.Virtual>) <switch.s_trough_2>
2025-09-06 17:34:55,351 : INFO : SwitchController : Found active switch: (1009, <Platform.Virtual>) <switch.s_trough_3>
2025-09-06 17:34:55,351 : INFO : SwitchController : Found active switch: (1010, <Platform.Virtual>) <switch.s_trough_4>
2025-09-06 17:34:55,351 : INFO : SwitchController : Found active switch: (1011, <Platform.Virtual>) <switch.s_trough_5>
2025-09-06 17:34:55,351 : INFO : SwitchController : Found active switch: (1012, <Platform.Virtual>) <switch.s_trough_6>
2025-09-06 17:34:55,353 : INFO : EventManager : Event: ======'bcp_connection_attempt'====== Args={'name': 'local_display', 'host': 'localhost', 'port': 5050}
2025-09-06 17:34:55,355 : INFO : BCPClientSocket : Connecting BCP to 'local_display' at localhost:5050...
2025-09-06 17:34:55,368 : INFO : BCPClientSocket : Connected BCP to 'local_display' localhost:5050
2025-09-06 17:34:55,369 : INFO : EventManager : Event: ======'bcp_clients_connected'====== Args={}
2025-09-06 17:34:55,369 : INFO : ball_device.bd_plunger : BCH: Initial count: 0
2025-09-06 17:34:55,369 : INFO : ball_device.bd_plunger : State: idle
2025-09-06 17:34:55,369 : INFO : ball_device.bd_trough : BCH: Initial count: 6
2025-09-06 17:34:55,369 : INFO : ball_device.bd_trough : State: idle
2025-09-06 17:34:55,383 : INFO : EventManager : Event: ======'init_phase_3'====== Args={}
2025-09-06 17:34:55,385 : INFO : EventManager : Event: ======'init_phase_4'====== Args={}
2025-09-06 17:34:55,385 : INFO : BallController : Initial balls found: 6
2025-09-06 17:34:55,386 : INFO : EventManager : Event: ======'machine_var_audits_events_game_ended'====== Args={'value': 1, 'prev_value': None, 'change': True}
2025-09-06 17:34:55,386 : INFO : EventManager : Event: ======'machine_var_audits_events_game_started'====== Args={'value': 81, 'prev_value': None, 'change': True}
2025-09-06 17:34:55,386 : INFO : EventManager : Event: ======'machine_var_audits_missing_switches_s_a_iceman_target'====== Args={'value': 30, 'prev_value': None, 'change': True}
2025-09-06 17:34:55,387 : INFO : EventManager : Event: ======'machine_var_audits_missing_switches_s_barrier_target'====== Args={'value': 30, 'prev_value': None, 'change': True}
2025-09-06 17:34:55,387 : INFO : EventManager : Event: ======'machine_var_audits_missing_switches_s_c_iceman_target'====== Args={'value': 30, 'prev_value': None, 'change': True}
2025-09-06 17:34:55,387 : INFO : EventManager : Event: ======'machine_var_audits_missing_switches_s_c_lock_target'====== Args={'value': 30, 'prev_value': None, 'change': True}
2025-09-06 17:34:55,387 : INFO : EventManager : Event: ======'machine_var_audits_missing_switches_s_e_iceman_target'====== Args={'value': 30, 'prev_value': None, 'change': True}
2025-09-06 17:34:55,387 : INFO : EventManager : Event: ======'machine_var_audits_missing_switches_s_flight_gear_target'====== Args={'value': 30, 'prev_value': None, 'change': True}
2025-09-06 17:34:55,387 : INFO : EventManager : Event: ======'machine_var_audits_missing_switches_s_flipper_left'====== Args={'value': 26, 'prev_value': None, 'change': True}
2025-09-06 17:34:55,387 : INFO : EventManager : Event: ======'machine_var_audits_missing_switches_s_flipper_left_eos'====== Args={'value': 28, 'prev_value': None, 'change': True}
2025-09-06 17:34:55,387 : INFO : EventManager : Event: ======'machine_var_audits_missing_switches_s_flipper_left_upper'====== Args={'value': 30, 'prev_value': None, 'change': True}
2025-09-06 17:34:55,387 : INFO : EventManager : Event: ======'machine_var_audits_missing_switches_s_flipper_left_upper_eos'====== Args={'value': 28, 'prev_value': None, 'change': True}
2025-09-06 17:34:55,387 : INFO : EventManager : Event: ======'machine_var_audits_missing_switches_s_flipper_right'====== Args={'value': 26, 'prev_value': None, 'change': True}
2025-09-06 17:34:55,387 : INFO : EventManager : Event: ======'machine_var_audits_missing_switches_s_flipper_right_eos'====== Args={'value': 28, 'prev_value': None, 'change': True}
2025-09-06 17:34:55,387 : INFO : EventManager : Event: ======'machine_var_audits_missing_switches_s_i_iceman_target'====== Args={'value': 30, 'prev_value': None, 'change': True}
2025-09-06 17:34:55,387 : INFO : EventManager : Event: ======'machine_var_audits_missing_switches_s_inlane_left'====== Args={'value': 4, 'prev_value': None, 'change': True}
2025-09-06 17:34:55,387 : INFO : EventManager : Event: ======'machine_var_audits_missing_switches_s_inner_inlane_right'====== Args={'value': 30, 'prev_value': None, 'change': True}
2025-09-06 17:34:55,387 : INFO : EventManager : Event: ======'machine_var_audits_missing_switches_s_jam'====== Args={'value': 81, 'prev_value': None, 'change': True}
2025-09-06 17:34:55,387 : INFO : EventManager : Event: ======'machine_var_audits_missing_switches_s_k_lock_target'====== Args={'value': 30, 'prev_value': None, 'change': True}
2025-09-06 17:34:55,387 : INFO : EventManager : Event: ======'machine_var_audits_missing_switches_s_l_lock_target'====== Args={'value': 30, 'prev_value': None, 'change': True}
2025-09-06 17:34:55,387 : INFO : EventManager : Event: ======'machine_var_audits_missing_switches_s_lane_left'====== Args={'value': 80, 'prev_value': None, 'change': True}
2025-09-06 17:34:55,387 : INFO : EventManager : Event: ======'machine_var_audits_missing_switches_s_lane_right'====== Args={'value': 30, 'prev_value': None, 'change': True}
2025-09-06 17:34:55,387 : INFO : EventManager : Event: ======'machine_var_audits_missing_switches_s_lock_goose'====== Args={'value': 30, 'prev_value': None, 'change': True}
2025-09-06 17:34:55,387 : INFO : EventManager : Event: ======'machine_var_audits_missing_switches_s_lock_mav'====== Args={'value': 30, 'prev_value': None, 'change': True}
2025-09-06 17:34:55,387 : INFO : EventManager : Event: ======'machine_var_audits_missing_switches_s_lock_plunger'====== Args={'value': 30, 'prev_value': None, 'change': True}
2025-09-06 17:34:55,387 : INFO : EventManager : Event: ======'machine_var_audits_missing_switches_s_m_iceman_target'====== Args={'value': 30, 'prev_value': None, 'change': True}
2025-09-06 17:34:55,388 : INFO : EventManager : Event: ======'machine_var_audits_missing_switches_s_mig_lane_left'====== Args={'value': 30, 'prev_value': None, 'change': True}
2025-09-06 17:34:55,388 : INFO : EventManager : Event: ======'machine_var_audits_missing_switches_s_mig_lane_right'====== Args={'value': 30, 'prev_value': None, 'change': True}
2025-09-06 17:34:55,388 : INFO : EventManager : Event: ======'machine_var_audits_missing_switches_s_mode_start'====== Args={'value': 30, 'prev_value': None, 'change': True}
2025-09-06 17:34:55,388 : INFO : EventManager : Event: ======'machine_var_audits_missing_switches_s_n_iceman_target'====== Args={'value': 30, 'prev_value': None, 'change': True}
2025-09-06 17:34:55,388 : INFO : EventManager : Event: ======'machine_var_audits_missing_switches_s_o_lock_target'====== Args={'value': 30, 'prev_value': None, 'change': True}
2025-09-06 17:34:55,388 : INFO : EventManager : Event: ======'machine_var_audits_missing_switches_s_orbit_left'====== Args={'value': 6, 'prev_value': None, 'change': True}
2025-09-06 17:34:55,388 : INFO : EventManager : Event: ======'machine_var_audits_missing_switches_s_orbit_lower'====== Args={'value': 30, 'prev_value': None, 'change': True}
2025-09-06 17:34:55,388 : INFO : EventManager : Event: ======'machine_var_audits_missing_switches_s_orbit_right'====== Args={'value': 30, 'prev_value': None, 'change': True}
2025-09-06 17:34:55,388 : INFO : EventManager : Event: ======'machine_var_audits_missing_switches_s_orbit_upper'====== Args={'value': 30, 'prev_value': None, 'change': True}
2025-09-06 17:34:55,388 : INFO : EventManager : Event: ======'machine_var_audits_missing_switches_s_outer_inlane_right'====== Args={'value': 30, 'prev_value': None, 'change': True}
2025-09-06 17:34:55,388 : INFO : EventManager : Event: ======'machine_var_audits_missing_switches_s_outlane_left'====== Args={'value': 30, 'prev_value': None, 'change': True}
2025-09-06 17:34:55,388 : INFO : EventManager : Event: ======'machine_var_audits_missing_switches_s_outlane_right'====== Args={'value': 30, 'prev_value': None, 'change': True}
2025-09-06 17:34:55,388 : INFO : EventManager : Event: ======'machine_var_audits_missing_switches_s_plunger_lane'====== Args={'value': 3, 'prev_value': None, 'change': True}
2025-09-06 17:34:55,388 : INFO : EventManager : Event: ======'machine_var_audits_missing_switches_s_ramp_inner_exit'====== Args={'value': 30, 'prev_value': None, 'change': True}
2025-09-06 17:34:55,388 : INFO : EventManager : Event: ======'machine_var_audits_missing_switches_s_ramp_left_exit'====== Args={'value': 30, 'prev_value': None, 'change': True}
2025-09-06 17:34:55,388 : INFO : EventManager : Event: ======'machine_var_audits_missing_switches_s_ramp_right_exit'====== Args={'value': 30, 'prev_value': None, 'change': True}
2025-09-06 17:34:55,388 : INFO : EventManager : Event: ======'machine_var_audits_missing_switches_s_ramp_tower_exit'====== Args={'value': 30, 'prev_value': None, 'change': True}
2025-09-06 17:34:55,388 : INFO : EventManager : Event: ======'machine_var_audits_missing_switches_s_slingshot_left'====== Args={'value': 4, 'prev_value': None, 'change': True}
2025-09-06 17:34:55,388 : INFO : EventManager : Event: ======'machine_var_audits_missing_switches_s_slingshot_right'====== Args={'value': 30, 'prev_value': None, 'change': True}
2025-09-06 17:34:55,388 : INFO : EventManager : Event: ======'machine_var_audits_missing_switches_s_spinner'====== Args={'value': 30, 'prev_value': None, 'change': True}
2025-09-06 17:34:55,388 : INFO : EventManager : Event: ======'machine_var_audits_missing_switches_s_start'====== Args={'value': 1, 'prev_value': None, 'change': True}
2025-09-06 17:34:55,389 : INFO : EventManager : Event: ======'machine_var_audits_missing_switches_s_trough_1'====== Args={'value': 6, 'prev_value': None, 'change': True}
2025-09-06 17:34:55,389 : INFO : EventManager : Event: ======'machine_var_audits_missing_switches_s_trough_2'====== Args={'value': 6, 'prev_value': None, 'change': True}
2025-09-06 17:34:55,389 : INFO : EventManager : Event: ======'machine_var_audits_missing_switches_s_trough_3'====== Args={'value': 6, 'prev_value': None, 'change': True}
2025-09-06 17:34:55,389 : INFO : EventManager : Event: ======'machine_var_audits_missing_switches_s_trough_4'====== Args={'value': 81, 'prev_value': None, 'change': True}
2025-09-06 17:34:55,389 : INFO : EventManager : Event: ======'machine_var_audits_missing_switches_s_trough_5'====== Args={'value': 81, 'prev_value': None, 'change': True}
2025-09-06 17:34:55,389 : INFO : EventManager : Event: ======'machine_var_audits_player_score'====== Args={'value': {'average': 67000, 'top': [73000, 61000], 'total': 2}, 'prev_value': None, 'change': True}
2025-09-06 17:34:55,389 : INFO : EventManager : Event: ======'machine_var_audits_shots_bumper_center'====== Args={'value': 279, 'prev_value': None, 'change': True}
2025-09-06 17:34:55,389 : INFO : EventManager : Event: ======'machine_var_audits_shots_bumper_left'====== Args={'value': 284, 'prev_value': None, 'change': True}
2025-09-06 17:34:55,389 : INFO : EventManager : Event: ======'machine_var_audits_shots_bumper_right'====== Args={'value': 275, 'prev_value': None, 'change': True}
2025-09-06 17:34:55,389 : INFO : EventManager : Event: ======'machine_var_audits_switches_s_a_iceman_target'====== Args={'value': 0, 'prev_value': None, 'change': True}
2025-09-06 17:34:55,389 : INFO : EventManager : Event: ======'machine_var_audits_switches_s_barrier_target'====== Args={'value': 0, 'prev_value': None, 'change': True}
2025-09-06 17:34:55,389 : INFO : EventManager : Event: ======'machine_var_audits_switches_s_bumper_center'====== Args={'value': 279, 'prev_value': None, 'change': True}
2025-09-06 17:34:55,389 : INFO : EventManager : Event: ======'machine_var_audits_switches_s_bumper_left'====== Args={'value': 284, 'prev_value': None, 'change': True}
2025-09-06 17:34:55,389 : INFO : EventManager : Event: ======'machine_var_audits_switches_s_bumper_right'====== Args={'value': 275, 'prev_value': None, 'change': True}
2025-09-06 17:34:55,389 : INFO : EventManager : Event: ======'machine_var_audits_switches_s_c_iceman_target'====== Args={'value': 0, 'prev_value': None, 'change': True}
2025-09-06 17:34:55,389 : INFO : EventManager : Event: ======'machine_var_audits_switches_s_c_lock_target'====== Args={'value': 0, 'prev_value': None, 'change': True}
2025-09-06 17:34:55,389 : INFO : EventManager : Event: ======'machine_var_audits_switches_s_e_iceman_target'====== Args={'value': 0, 'prev_value': None, 'change': True}
2025-09-06 17:34:55,389 : INFO : EventManager : Event: ======'machine_var_audits_switches_s_flight_gear_target'====== Args={'value': 0, 'prev_value': None, 'change': True}
2025-09-06 17:34:55,389 : INFO : EventManager : Event: ======'machine_var_audits_switches_s_flipper_left'====== Args={'value': 9, 'prev_value': None, 'change': True}
2025-09-06 17:34:55,389 : INFO : EventManager : Event: ======'machine_var_audits_switches_s_flipper_left_eos'====== Args={'value': 0, 'prev_value': None, 'change': True}
2025-09-06 17:34:55,389 : INFO : EventManager : Event: ======'machine_var_audits_switches_s_flipper_left_upper'====== Args={'value': 0, 'prev_value': None, 'change': True}
2025-09-06 17:34:55,389 : INFO : EventManager : Event: ======'machine_var_audits_switches_s_flipper_left_upper_eos'====== Args={'value': 0, 'prev_value': None, 'change': True}
2025-09-06 17:34:55,389 : INFO : EventManager : Event: ======'machine_var_audits_switches_s_flipper_right'====== Args={'value': 9, 'prev_value': None, 'change': True}
2025-09-06 17:34:55,390 : INFO : EventManager : Event: ======'machine_var_audits_switches_s_flipper_right_eos'====== Args={'value': 0, 'prev_value': None, 'change': True}
2025-09-06 17:34:55,390 : INFO : EventManager : Event: ======'machine_var_audits_switches_s_i_iceman_target'====== Args={'value': 0, 'prev_value': None, 'change': True}
2025-09-06 17:34:55,390 : INFO : EventManager : Event: ======'machine_var_audits_switches_s_inlane_left'====== Args={'value': 3, 'prev_value': None, 'change': True}
2025-09-06 17:34:55,390 : INFO : EventManager : Event: ======'machine_var_audits_switches_s_inner_inlane_right'====== Args={'value': 0, 'prev_value': None, 'change': True}
2025-09-06 17:34:55,390 : INFO : EventManager : Event: ======'machine_var_audits_switches_s_jam'====== Args={'value': 0, 'prev_value': None, 'change': True}
2025-09-06 17:34:55,390 : INFO : EventManager : Event: ======'machine_var_audits_switches_s_k_lock_target'====== Args={'value': 0, 'prev_value': None, 'change': True}
2025-09-06 17:34:55,390 : INFO : EventManager : Event: ======'machine_var_audits_switches_s_l_lock_target'====== Args={'value': 0, 'prev_value': None, 'change': True}
2025-09-06 17:34:55,390 : INFO : EventManager : Event: ======'machine_var_audits_switches_s_lane_left'====== Args={'value': 1, 'prev_value': None, 'change': True}
2025-09-06 17:34:55,390 : INFO : EventManager : Event: ======'machine_var_audits_switches_s_lane_right'====== Args={'value': 0, 'prev_value': None, 'change': True}
2025-09-06 17:34:55,390 : INFO : EventManager : Event: ======'machine_var_audits_switches_s_lock_goose'====== Args={'value': 0, 'prev_value': None, 'change': True}
2025-09-06 17:34:55,390 : INFO : EventManager : Event: ======'machine_var_audits_switches_s_lock_mav'====== Args={'value': 0, 'prev_value': None, 'change': True}
2025-09-06 17:34:55,390 : INFO : EventManager : Event: ======'machine_var_audits_switches_s_lock_plunger'====== Args={'value': 0, 'prev_value': None, 'change': True}
2025-09-06 17:34:55,390 : INFO : EventManager : Event: ======'machine_var_audits_switches_s_m_iceman_target'====== Args={'value': 0, 'prev_value': None, 'change': True}
2025-09-06 17:34:55,390 : INFO : EventManager : Event: ======'machine_var_audits_switches_s_mig_lane_left'====== Args={'value': 0, 'prev_value': None, 'change': True}
2025-09-06 17:34:55,390 : INFO : EventManager : Event: ======'machine_var_audits_switches_s_mig_lane_right'====== Args={'value': 0, 'prev_value': None, 'change': True}
2025-09-06 17:34:55,390 : INFO : EventManager : Event: ======'machine_var_audits_switches_s_mode_start'====== Args={'value': 0, 'prev_value': None, 'change': True}
2025-09-06 17:34:55,390 : INFO : EventManager : Event: ======'machine_var_audits_switches_s_n_iceman_target'====== Args={'value': 0, 'prev_value': None, 'change': True}
2025-09-06 17:34:55,390 : INFO : EventManager : Event: ======'machine_var_audits_switches_s_o_lock_target'====== Args={'value': 0, 'prev_value': None, 'change': True}
2025-09-06 17:34:55,390 : INFO : EventManager : Event: ======'machine_var_audits_switches_s_orbit_left'====== Args={'value': 2, 'prev_value': None, 'change': True}
2025-09-06 17:34:55,390 : INFO : EventManager : Event: ======'machine_var_audits_switches_s_orbit_lower'====== Args={'value': 0, 'prev_value': None, 'change': True}
2025-09-06 17:34:55,390 : INFO : EventManager : Event: ======'machine_var_audits_switches_s_orbit_right'====== Args={'value': 0, 'prev_value': None, 'change': True}
2025-09-06 17:34:55,390 : INFO : EventManager : Event: ======'machine_var_audits_switches_s_orbit_upper'====== Args={'value': 0, 'prev_value': None, 'change': True}
2025-09-06 17:34:55,390 : INFO : EventManager : Event: ======'machine_var_audits_switches_s_outer_inlane_right'====== Args={'value': 0, 'prev_value': None, 'change': True}
2025-09-06 17:34:55,391 : INFO : EventManager : Event: ======'machine_var_audits_switches_s_outlane_left'====== Args={'value': 0, 'prev_value': None, 'change': True}
2025-09-06 17:34:55,391 : INFO : EventManager : Event: ======'machine_var_audits_switches_s_outlane_right'====== Args={'value': 0, 'prev_value': None, 'change': True}
2025-09-06 17:34:55,391 : INFO : EventManager : Event: ======'machine_var_audits_switches_s_plunger_lane'====== Args={'value': 11, 'prev_value': None, 'change': True}
2025-09-06 17:34:55,391 : INFO : EventManager : Event: ======'machine_var_audits_switches_s_ramp_inner_exit'====== Args={'value': 0, 'prev_value': None, 'change': True}
2025-09-06 17:34:55,391 : INFO : EventManager : Event: ======'machine_var_audits_switches_s_ramp_left_exit'====== Args={'value': 0, 'prev_value': None, 'change': True}
2025-09-06 17:34:55,391 : INFO : EventManager : Event: ======'machine_var_audits_switches_s_ramp_right_exit'====== Args={'value': 0, 'prev_value': None, 'change': True}
2025-09-06 17:34:55,391 : INFO : EventManager : Event: ======'machine_var_audits_switches_s_ramp_tower_exit'====== Args={'value': 0, 'prev_value': None, 'change': True}
2025-09-06 17:34:55,391 : INFO : EventManager : Event: ======'machine_var_audits_switches_s_slingshot_left'====== Args={'value': 1, 'prev_value': None, 'change': True}
2025-09-06 17:34:55,391 : INFO : EventManager : Event: ======'machine_var_audits_switches_s_slingshot_right'====== Args={'value': 0, 'prev_value': None, 'change': True}
2025-09-06 17:34:55,391 : INFO : EventManager : Event: ======'machine_var_audits_switches_s_spinner'====== Args={'value': 0, 'prev_value': None, 'change': True}
2025-09-06 17:34:55,391 : INFO : EventManager : Event: ======'machine_var_audits_switches_s_start'====== Args={'value': 106, 'prev_value': None, 'change': True}
2025-09-06 17:34:55,391 : INFO : EventManager : Event: ======'machine_var_audits_switches_s_trough_1'====== Args={'value': 2, 'prev_value': None, 'change': True}
2025-09-06 17:34:55,391 : INFO : EventManager : Event: ======'machine_var_audits_switches_s_trough_2'====== Args={'value': 1, 'prev_value': None, 'change': True}
2025-09-06 17:34:55,391 : INFO : EventManager : Event: ======'machine_var_audits_switches_s_trough_3'====== Args={'value': 1, 'prev_value': None, 'change': True}
2025-09-06 17:34:55,391 : INFO : EventManager : Event: ======'machine_var_audits_switches_s_trough_4'====== Args={'value': 0, 'prev_value': None, 'change': True}
2025-09-06 17:34:55,391 : INFO : EventManager : Event: ======'machine_var_audits_switches_s_trough_5'====== Args={'value': 0, 'prev_value': None, 'change': True}
2025-09-06 17:34:55,391 : INFO : EventManager : Event: ======'machine_var_audits_switches_s_trough_6'====== Args={'value': 12, 'prev_value': None, 'change': True}
2025-09-06 17:34:55,392 : INFO : EventManager : Event: ======'init_phase_5'====== Args={}
2025-09-06 17:34:55,392 : INFO : EventManager : Event: ======'init_done'====== Args={}
2025-09-06 17:34:55,392 : INFO : EventManager : Event: ======'machine_reset_phase_1'====== Args={}
2025-09-06 17:34:55,399 : INFO : EventManager : Event: ======'machine_reset_phase_2'====== Args={}
2025-09-06 17:34:55,399 : INFO : EventManager : Event: ======'machine_reset_phase_3'====== Args={}
2025-09-06 17:34:55,399 : INFO : EventManager : Event: ======'reset_complete'====== Args={}
2025-09-06 17:34:55,399 : INFO : EventManager : Event: ======'mode_attract_will_start'====== Args={}
2025-09-06 17:34:55,399 : INFO : Timer.attract_carousel_timer : Starting Timer.
2025-09-06 17:34:55,400 : INFO : EventManager : Event: ======'timer_attract_carousel_timer_started'====== Args={'ticks': 0, 'ticks_remaining': 1}
2025-09-06 17:34:55,400 : INFO : EventManager : Event: ======'timer_attract_carousel_timer_tick'====== Args={'ticks': 0, 'ticks_remaining': 1}
2025-09-06 17:34:55,400 : INFO : EventManager : Event: ======'mode_attract_starting'====== Args={}
2025-09-06 17:34:55,400 : INFO : Mode.attract : Started. Priority: 10
2025-09-06 17:34:55,400 : INFO : EventManager : Event: ======'modes_active_modes_changed'====== Args={}
2025-09-06 17:34:55,400 : INFO : EventManager : Event: ======'mode_attract_started'====== Args={}
2025-09-06 17:34:55,401 : INFO : EventManager : Event: ======'collecting_balls_complete'====== Args={}
2025-09-06 17:34:55,401 : INFO : EventManager : Event: ======'item_highlighted'====== Args={'carousel': 'attract', 'direction': None, 'item': 'title'}
2025-09-06 17:34:55,401 : INFO : EventManager : Event: ======'timer_attract_carousel_timer_tick'====== Args={'ticks': 0, 'ticks_remaining': 1}
2025-09-06 17:34:55,401 : INFO : Machine : Starting the main run loop with active modes: [<Mode.attract>]
2025-09-06 17:34:55,479 : INFO : EventManager : Event: ======'slide_attract_created'====== Args={'_from_bcp': True}
2025-09-06 17:34:55,479 : INFO : EventManager : Event: ======'slide__removed'====== Args={'_from_bcp': True}
2025-09-06 17:34:55,479 : INFO : EventManager : Event: ======'slide_attract_active'====== Args={'original_context': 'attract', 'original_calling_context': 'mode_attract_started', 'priority': 10.0, 'cmd': 'slides_play', '_from_bcp': True}
2025-09-06 17:35:00,406 : INFO : Timer.attract_carousel_timer : Timer Complete
2025-09-06 17:35:00,406 : INFO : Timer.attract_carousel_timer : Stopping Timer
2025-09-06 17:35:00,406 : INFO : EventManager : Event: ======'timer_attract_carousel_timer_stopped'====== Args={'ticks': 1, 'ticks_remaining': 1}
2025-09-06 17:35:00,406 : INFO : EventManager : Event: ======'timer_attract_carousel_timer_complete'====== Args={'ticks': 1, 'ticks_remaining': 1}
2025-09-06 17:35:00,406 : INFO : EventManager : Event: ======'item_highlighted'====== Args={'carousel': 'attract', 'direction': 'forwards', 'item': 'presented_by'}
2025-09-06 17:35:00,406 : INFO : Timer.attract_carousel_timer : Starting Timer.
2025-09-06 17:35:00,407 : INFO : EventManager : Event: ======'timer_attract_carousel_timer_started'====== Args={'ticks': 0, 'ticks_remaining': 1}
2025-09-06 17:35:00,407 : INFO : EventManager : Event: ======'timer_attract_carousel_timer_tick'====== Args={'ticks': 0, 'ticks_remaining': 1}
2025-09-06 17:35:05,419 : INFO : Timer.attract_carousel_timer : Timer Complete
2025-09-06 17:35:05,419 : INFO : Timer.attract_carousel_timer : Stopping Timer
2025-09-06 17:35:05,419 : INFO : EventManager : Event: ======'timer_attract_carousel_timer_stopped'====== Args={'ticks': 1, 'ticks_remaining': 1}
2025-09-06 17:35:05,419 : INFO : EventManager : Event: ======'timer_attract_carousel_timer_complete'====== Args={'ticks': 1, 'ticks_remaining': 1}
2025-09-06 17:35:05,419 : INFO : EventManager : Event: ======'item_highlighted'====== Args={'carousel': 'attract', 'direction': 'forwards', 'item': 'hotrod_pinball_logo'}
2025-09-06 17:35:05,420 : INFO : Timer.attract_carousel_timer : Starting Timer.
2025-09-06 17:35:05,420 : INFO : EventManager : Event: ======'timer_attract_carousel_timer_started'====== Args={'ticks': 0, 'ticks_remaining': 1}
2025-09-06 17:35:05,420 : INFO : EventManager : Event: ======'timer_attract_carousel_timer_tick'====== Args={'ticks': 0, 'ticks_remaining': 1}
2025-09-06 17:35:10,426 : INFO : Timer.attract_carousel_timer : Timer Complete
2025-09-06 17:35:10,426 : INFO : Timer.attract_carousel_timer : Stopping Timer
2025-09-06 17:35:10,426 : INFO : EventManager : Event: ======'timer_attract_carousel_timer_stopped'====== Args={'ticks': 1, 'ticks_remaining': 1}
2025-09-06 17:35:10,426 : INFO : EventManager : Event: ======'timer_attract_carousel_timer_complete'====== Args={'ticks': 1, 'ticks_remaining': 1}
2025-09-06 17:35:10,426 : INFO : EventManager : Event: ======'item_highlighted'====== Args={'carousel': 'attract', 'direction': 'forwards', 'item': 'mpf_logo'}
2025-09-06 17:35:10,427 : INFO : Timer.attract_carousel_timer : Starting Timer.
2025-09-06 17:35:10,427 : INFO : EventManager : Event: ======'timer_attract_carousel_timer_started'====== Args={'ticks': 0, 'ticks_remaining': 1}
2025-09-06 17:35:10,427 : INFO : EventManager : Event: ======'timer_attract_carousel_timer_tick'====== Args={'ticks': 0, 'ticks_remaining': 1}
2025-09-06 17:35:15,436 : INFO : Timer.attract_carousel_timer : Timer Complete
2025-09-06 17:35:15,436 : INFO : Timer.attract_carousel_timer : Stopping Timer
2025-09-06 17:35:15,436 : INFO : EventManager : Event: ======'timer_attract_carousel_timer_stopped'====== Args={'ticks': 1, 'ticks_remaining': 1}
2025-09-06 17:35:15,436 : INFO : EventManager : Event: ======'timer_attract_carousel_timer_complete'====== Args={'ticks': 1, 'ticks_remaining': 1}
2025-09-06 17:35:15,436 : INFO : EventManager : Event: ======'item_highlighted'====== Args={'carousel': 'attract', 'direction': 'forwards', 'item': 'credits'}
2025-09-06 17:35:15,437 : INFO : Timer.attract_carousel_timer : Starting Timer.
2025-09-06 17:35:15,437 : INFO : EventManager : Event: ======'timer_attract_carousel_timer_started'====== Args={'ticks': 0, 'ticks_remaining': 1}
2025-09-06 17:35:15,437 : INFO : EventManager : Event: ======'timer_attract_carousel_timer_tick'====== Args={'ticks': 0, 'ticks_remaining': 1}
2025-09-06 17:35:20,440 : INFO : Timer.attract_carousel_timer : Timer Complete
2025-09-06 17:35:20,440 : INFO : Timer.attract_carousel_timer : Stopping Timer
2025-09-06 17:35:20,440 : INFO : EventManager : Event: ======'timer_attract_carousel_timer_stopped'====== Args={'ticks': 1, 'ticks_remaining': 1}
2025-09-06 17:35:20,440 : INFO : EventManager : Event: ======'timer_attract_carousel_timer_complete'====== Args={'ticks': 1, 'ticks_remaining': 1}
2025-09-06 17:35:20,440 : INFO : EventManager : Event: ======'item_highlighted'====== Args={'carousel': 'attract', 'direction': 'forwards', 'item': 'last_scores_2p'}
2025-09-06 17:35:20,441 : INFO : Timer.attract_carousel_timer : Starting Timer.
2025-09-06 17:35:20,441 : INFO : EventManager : Event: ======'timer_attract_carousel_timer_started'====== Args={'ticks': 0, 'ticks_remaining': 1}
2025-09-06 17:35:20,441 : INFO : EventManager : Event: ======'timer_attract_carousel_timer_tick'====== Args={'ticks': 0, 'ticks_remaining': 1}
2025-09-06 17:35:25,452 : INFO : Timer.attract_carousel_timer : Timer Complete
2025-09-06 17:35:25,452 : INFO : Timer.attract_carousel_timer : Stopping Timer
2025-09-06 17:35:25,452 : INFO : EventManager : Event: ======'timer_attract_carousel_timer_stopped'====== Args={'ticks': 1, 'ticks_remaining': 1}
2025-09-06 17:35:25,452 : INFO : EventManager : Event: ======'timer_attract_carousel_timer_complete'====== Args={'ticks': 1, 'ticks_remaining': 1}
2025-09-06 17:35:25,452 : INFO : EventManager : Event: ======'item_highlighted'====== Args={'carousel': 'attract', 'direction': 'forwards', 'item': 'title'}
2025-09-06 17:35:25,453 : INFO : Timer.attract_carousel_timer : Starting Timer.
2025-09-06 17:35:25,453 : INFO : EventManager : Event: ======'timer_attract_carousel_timer_started'====== Args={'ticks': 0, 'ticks_remaining': 1}
2025-09-06 17:35:25,453 : INFO : EventManager : Event: ======'timer_attract_carousel_timer_tick'====== Args={'ticks': 0, 'ticks_remaining': 1}
2025-09-06 17:35:30,459 : INFO : Timer.attract_carousel_timer : Timer Complete
2025-09-06 17:35:30,459 : INFO : Timer.attract_carousel_timer : Stopping Timer
2025-09-06 17:35:30,459 : INFO : EventManager : Event: ======'timer_attract_carousel_timer_stopped'====== Args={'ticks': 1, 'ticks_remaining': 1}
2025-09-06 17:35:30,459 : INFO : EventManager : Event: ======'timer_attract_carousel_timer_complete'====== Args={'ticks': 1, 'ticks_remaining': 1}
2025-09-06 17:35:30,459 : INFO : EventManager : Event: ======'item_highlighted'====== Args={'carousel': 'attract', 'direction': 'forwards', 'item': 'presented_by'}
2025-09-06 17:35:30,459 : INFO : Timer.attract_carousel_timer : Starting Timer.
2025-09-06 17:35:30,460 : INFO : EventManager : Event: ======'timer_attract_carousel_timer_started'====== Args={'ticks': 0, 'ticks_remaining': 1}
2025-09-06 17:35:30,460 : INFO : EventManager : Event: ======'timer_attract_carousel_timer_tick'====== Args={'ticks': 0, 'ticks_remaining': 1}
2025-09-06 17:35:35,471 : INFO : Timer.attract_carousel_timer : Timer Complete
2025-09-06 17:35:35,471 : INFO : Timer.attract_carousel_timer : Stopping Timer
2025-09-06 17:35:35,471 : INFO : EventManager : Event: ======'timer_attract_carousel_timer_stopped'====== Args={'ticks': 1, 'ticks_remaining': 1}
2025-09-06 17:35:35,471 : INFO : EventManager : Event: ======'timer_attract_carousel_timer_complete'====== Args={'ticks': 1, 'ticks_remaining': 1}
2025-09-06 17:35:35,471 : INFO : EventManager : Event: ======'item_highlighted'====== Args={'carousel': 'attract', 'direction': 'forwards', 'item': 'hotrod_pinball_logo'}
2025-09-06 17:35:35,471 : INFO : Timer.attract_carousel_timer : Starting Timer.
2025-09-06 17:35:35,471 : INFO : EventManager : Event: ======'timer_attract_carousel_timer_started'====== Args={'ticks': 0, 'ticks_remaining': 1}
2025-09-06 17:35:35,471 : INFO : EventManager : Event: ======'timer_attract_carousel_timer_tick'====== Args={'ticks': 0, 'ticks_remaining': 1}
2025-09-06 17:35:40,484 : INFO : Timer.attract_carousel_timer : Timer Complete
2025-09-06 17:35:40,484 : INFO : Timer.attract_carousel_timer : Stopping Timer
2025-09-06 17:35:40,484 : INFO : EventManager : Event: ======'timer_attract_carousel_timer_stopped'====== Args={'ticks': 1, 'ticks_remaining': 1}
2025-09-06 17:35:40,484 : INFO : EventManager : Event: ======'timer_attract_carousel_timer_complete'====== Args={'ticks': 1, 'ticks_remaining': 1}
2025-09-06 17:35:40,484 : INFO : EventManager : Event: ======'item_highlighted'====== Args={'carousel': 'attract', 'direction': 'forwards', 'item': 'mpf_logo'}
2025-09-06 17:35:40,485 : INFO : Timer.attract_carousel_timer : Starting Timer.
2025-09-06 17:35:40,485 : INFO : EventManager : Event: ======'timer_attract_carousel_timer_started'====== Args={'ticks': 0, 'ticks_remaining': 1}
2025-09-06 17:35:40,485 : INFO : EventManager : Event: ======'timer_attract_carousel_timer_tick'====== Args={'ticks': 0, 'ticks_remaining': 1}
2025-09-06 17:35:40,933 : INFO : Machine : Shutting down...
2025-09-06 17:35:40,934 : INFO : EventManager : Event: ======'shutdown'====== Args={}
2025-09-06 17:35:40,936 : INFO : root : MPF run loop ended.
