2025-09-19 13:27:05,357 : INFO : root : Loading config.
2025-09-19 13:27:05,363 : INFO : YamlMultifileConfigLoader : Machine config file #1: config.yaml
2025-09-19 13:27:05,363 : INFO : ConfigProcessor : Loading config from cache: C:\Users\White\AppData\Local\Temp\cfa6ecba65704a931c9dd214c44986c8.mpf_cache
2025-09-19 13:27:05,522 : INFO : ConfigProcessor : Loading config from cache: C:\Users\White\AppData\Local\Temp\f98ffc0ff5962effface7d86bc406d5c.mpf_cache
2025-09-19 13:27:05,523 : INFO : ConfigProcessor : Loading config from cache: C:\Users\White\AppData\Local\Temp\91cc4d1c993c58dc354e34974b9cfeac.mpf_cache
2025-09-19 13:27:05,524 : INFO : ConfigProcessor : Loading config from cache: C:\Users\White\AppData\Local\Temp\f98ffc0ff5962effface7d86bc406d5c.mpf_cache
2025-09-19 13:27:05,525 : INFO : ConfigProcessor : Loading config from cache: C:\Users\White\AppData\Local\Temp\76792f1d686f89709887dba7bd69667a.mpf_cache
2025-09-19 13:27:05,526 : INFO : ConfigProcessor : Loading config from cache: C:\Users\White\AppData\Local\Temp\142bbae4707335cc8e3efaa4364c4893.mpf_cache
2025-09-19 13:27:05,527 : INFO : ConfigProcessor : Loading config from cache: C:\Users\White\AppData\Local\Temp\b4249e7b8f95e82c549b9263ef475a09.mpf_cache
2025-09-19 13:27:05,528 : INFO : ConfigProcessor : Loading config from file C:\Users\White\Documents\Top_Gun_Pinball\shows\.\attract_color_blast.yaml.
2025-09-19 13:27:05,707 : INFO : ConfigProcessor : Loading config: C:\Users\White\Documents\Top_Gun_Pinball\shows\.\attract_color_blast.yaml
2025-09-19 13:27:05,712 : INFO : ConfigProcessor : Config file cache created: C:\Users\White\AppData\Local\Temp\359114d5ba2a6ad6c93d1559776bbb30.mpf_cache
2025-09-19 13:27:05,713 : INFO : ConfigProcessor : Loading config from cache: C:\Users\White\AppData\Local\Temp\d421369d6df802e4e6f8aa58f446b1a6.mpf_cache
2025-09-19 13:27:05,725 : INFO : ConfigProcessor : Loading config from cache: C:\Users\White\AppData\Local\Temp\310aa541ce6545037d37da470e7bd790.mpf_cache
2025-09-19 13:27:05,739 : INFO : ConfigProcessor : Loading config from cache: C:\Users\White\AppData\Local\Temp\17003635873251b4f6841bf4ab3bdcdd.mpf_cache
2025-09-19 13:27:05,751 : INFO : ConfigProcessor : Loading config from file C:\Users\White\Documents\Top_Gun_Pinball\shows\.\attract_smooth_motion.yaml.
2025-09-19 13:27:05,867 : INFO : ConfigProcessor : Loading config: C:\Users\White\Documents\Top_Gun_Pinball\shows\.\attract_smooth_motion.yaml
2025-09-19 13:27:05,870 : INFO : ConfigProcessor : Config file cache created: C:\Users\White\AppData\Local\Temp\30922048be1d0c17ea15fc75f7fbfe10.mpf_cache
2025-09-19 13:27:05,870 : INFO : ConfigProcessor : Loading config from cache: C:\Users\White\AppData\Local\Temp\58d7809d3d969de03aaf131fc45863f8.mpf_cache
2025-09-19 13:27:05,883 : INFO : Machine : Mission Pinball Framework Core Engine v0.80.0.dev9
2025-09-19 13:27:05,883 : INFO : Machine : Command line arguments: {'no_load_cache': False, 'create_config_cache': True, 'bcp': True, 'configfile': ['config.yaml'], 'force_assets_load': False, 'platform_integration_test': False, 'jsonlogging': False, 'logfile': 'logs\\2025-09-19-13-27-05-mpf-TopGunPinball.log', 'pause': False, 'production': False, 'text_ui': False, 'loglevel': 15, 'consoleloglevel': 20, 'force_platform': 'virtual', 'syslog_address': None, 'full_logfile_path': 'C:\\Users\\White\\Documents\\Top_Gun_Pinball\\logs\\2025-09-19-13-27-05-mpf-TopGunPinball.log'}
2025-09-19 13:27:05,883 : INFO : Machine : MPF path: C:\Users\White\mpf\Lib\site-packages\mpf
2025-09-19 13:27:05,883 : INFO : Machine : Machine path: C:\Users\White\Documents\Top_Gun_Pinball
2025-09-19 13:27:05,883 : INFO : Machine : Platform: win32
2025-09-19 13:27:05,883 : INFO : Machine : Python executable location: C:\Users\White\mpf\Scripts\python.exe
2025-09-19 13:27:05,883 : INFO : Machine : Python version: 3.12.7 (64-bit)
2025-09-19 13:27:05,886 : INFO : Machine : Initializing MPF...
2025-09-19 13:27:06,084 : INFO : EventManager : Event: ======'machine_var_credits_string'====== Args={'value': 'FREE PLAY', 'prev_value': None, 'change': True}
2025-09-19 13:27:06,125 : INFO : EventManager : Event: ======'machine_var_master_volume'====== Args={'value': 0.5, 'prev_value': None, 'change': True}
2025-09-19 13:27:06,125 : INFO : EventManager : Event: ======'machine_var_player1_score'====== Args={'value': 61000, 'prev_value': None, 'change': True}
2025-09-19 13:27:06,125 : INFO : EventManager : Event: ======'machine_var_player2_score'====== Args={'value': 73000, 'prev_value': None, 'change': True}
2025-09-19 13:27:06,125 : INFO : EventManager : Event: ======'machine_var_mpf_version'====== Args={'value': 'Mission Pinball Framework v0.80.0.dev9', 'prev_value': None, 'change': True}
2025-09-19 13:27:06,125 : INFO : EventManager : Event: ======'machine_var_mpf_extended_version'====== Args={'value': 'Mission Pinball Framework v0.80.0.dev9, Config version:6, Show version: 6, BCP version:1.1', 'prev_value': None, 'change': True}
2025-09-19 13:27:06,126 : INFO : EventManager : Event: ======'machine_var_python_version'====== Args={'value': '3.12.7', 'prev_value': None, 'change': True}
2025-09-19 13:27:06,311 : INFO : EventManager : Event: ======'machine_var_platform'====== Args={'value': 'Windows-11-10.0.26100-SP0', 'prev_value': None, 'change': True}
2025-09-19 13:27:06,311 : INFO : EventManager : Event: ======'machine_var_platform_system'====== Args={'value': 'Windows', 'prev_value': None, 'change': True}
2025-09-19 13:27:06,311 : INFO : EventManager : Event: ======'machine_var_platform_release'====== Args={'value': '11', 'prev_value': None, 'change': True}
2025-09-19 13:27:06,312 : INFO : EventManager : Event: ======'machine_var_platform_version'====== Args={'value': '10.0.26100', 'prev_value': None, 'change': True}
2025-09-19 13:27:06,312 : INFO : EventManager : Event: ======'machine_var_platform_machine'====== Args={'value': 'AMD64', 'prev_value': None, 'change': True}
2025-09-19 13:27:06,312 : INFO : EventManager : Event: ======'machine_var_log_file_path'====== Args={'value': 'C:\\Users\\White\\Documents\\Top_Gun_Pinball\\logs\\2025-09-19-13-27-05-mpf-TopGunPinball.log', 'prev_value': None, 'change': True}
2025-09-19 13:27:06,312 : INFO : EventManager : Event: ======'init_phase_1'====== Args={}
2025-09-19 13:27:06,396 : INFO : EventManager : Event: ======'init_phase_2'====== Args={}
2025-09-19 13:27:06,397 : INFO : SwitchController : Found active switch: ('playfield_board_lower-3208-0', <Platform.Virtual>) <switch.s_trough_1>
2025-09-19 13:27:06,397 : INFO : SwitchController : Found active switch: ('playfield_board_lower-3208-1', <Platform.Virtual>) <switch.s_trough_2>
2025-09-19 13:27:06,397 : INFO : SwitchController : Found active switch: ('playfield_board_lower-3208-2', <Platform.Virtual>) <switch.s_trough_3>
2025-09-19 13:27:06,397 : INFO : SwitchController : Found active switch: ('playfield_board_lower-3208-3', <Platform.Virtual>) <switch.s_trough_4>
2025-09-19 13:27:06,397 : INFO : SwitchController : Found active switch: ('playfield_board_lower-3208-4', <Platform.Virtual>) <switch.s_trough_5>
2025-09-19 13:27:06,397 : INFO : SwitchController : Found active switch: ('playfield_board_lower-3208-5', <Platform.Virtual>) <switch.s_trough_6>
2025-09-19 13:27:06,404 : INFO : EventManager : Event: ======'bcp_connection_attempt'====== Args={'name': 'local_display', 'host': 'localhost', 'port': 5050}
2025-09-19 13:27:06,408 : INFO : BCPClientSocket : Connecting BCP to 'local_display' at localhost:5050...
2025-09-19 13:27:06,428 : INFO : BCPClientSocket : Connected BCP to 'local_display' localhost:5050
2025-09-19 13:27:06,428 : INFO : EventManager : Event: ======'bcp_clients_connected'====== Args={}
2025-09-19 13:27:06,429 : INFO : ball_device.bd_plunger : BCH: Initial count: 0
2025-09-19 13:27:06,430 : INFO : ball_device.bd_plunger : State: idle
2025-09-19 13:27:06,430 : INFO : ball_device.bd_trough : BCH: Initial count: 6
2025-09-19 13:27:06,430 : INFO : ball_device.bd_trough : State: idle
2025-09-19 13:27:06,431 : INFO : ball_device.bd_lock_elevator : BCH: Initial count: 0
2025-09-19 13:27:06,431 : INFO : ball_device.bd_lock_elevator : State: idle
2025-09-19 13:27:06,433 : INFO : ball_device.bd_mode_scoop : BCH: Initial count: 0
2025-09-19 13:27:06,433 : INFO : ball_device.bd_mode_scoop : State: idle
2025-09-19 13:27:06,453 : INFO : EventManager : Event: ======'init_phase_3'====== Args={}
2025-09-19 13:27:06,851 : INFO : EventManager : Event: ======'init_phase_4'====== Args={}
2025-09-19 13:27:06,851 : INFO : BallController : Initial balls found: 6
2025-09-19 13:27:06,853 : INFO : EventManager : Event: ======'machine_var_audits_events_game_ended'====== Args={'value': 1, 'prev_value': None, 'change': True}
2025-09-19 13:27:06,854 : INFO : EventManager : Event: ======'machine_var_audits_events_game_started'====== Args={'value': 123, 'prev_value': None, 'change': True}
2025-09-19 13:27:06,854 : INFO : EventManager : Event: ======'machine_var_audits_missing_switches_s_a_iceman_target'====== Args={'value': 9, 'prev_value': None, 'change': True}
2025-09-19 13:27:06,854 : INFO : EventManager : Event: ======'machine_var_audits_missing_switches_s_barrier_target'====== Args={'value': 7, 'prev_value': None, 'change': True}
2025-09-19 13:27:06,854 : INFO : EventManager : Event: ======'machine_var_audits_missing_switches_s_bumper_center'====== Args={'value': 6, 'prev_value': None, 'change': True}
2025-09-19 13:27:06,854 : INFO : EventManager : Event: ======'machine_var_audits_missing_switches_s_bumper_left'====== Args={'value': 6, 'prev_value': None, 'change': True}
2025-09-19 13:27:06,854 : INFO : EventManager : Event: ======'machine_var_audits_missing_switches_s_bumper_right'====== Args={'value': 7, 'prev_value': None, 'change': True}
2025-09-19 13:27:06,854 : INFO : EventManager : Event: ======'machine_var_audits_missing_switches_s_c_iceman_target'====== Args={'value': 1, 'prev_value': None, 'change': True}
2025-09-19 13:27:06,854 : INFO : EventManager : Event: ======'machine_var_audits_missing_switches_s_c_lock_target'====== Args={'value': 7, 'prev_value': None, 'change': True}
2025-09-19 13:27:06,854 : INFO : EventManager : Event: ======'machine_var_audits_missing_switches_s_coin_door'====== Args={'value': 10, 'prev_value': None, 'change': True}
2025-09-19 13:27:06,855 : INFO : EventManager : Event: ======'machine_var_audits_missing_switches_s_coin_door_service_1'====== Args={'value': 10, 'prev_value': None, 'change': True}
2025-09-19 13:27:06,855 : INFO : EventManager : Event: ======'machine_var_audits_missing_switches_s_coin_door_service_2'====== Args={'value': 10, 'prev_value': None, 'change': True}
2025-09-19 13:27:06,855 : INFO : EventManager : Event: ======'machine_var_audits_missing_switches_s_coin_door_service_3'====== Args={'value': 10, 'prev_value': None, 'change': True}
2025-09-19 13:27:06,855 : INFO : EventManager : Event: ======'machine_var_audits_missing_switches_s_coin_door_service_4'====== Args={'value': 10, 'prev_value': None, 'change': True}
2025-09-19 13:27:06,855 : INFO : EventManager : Event: ======'machine_var_audits_missing_switches_s_e_iceman_target'====== Args={'value': 2, 'prev_value': None, 'change': True}
2025-09-19 13:27:06,855 : INFO : EventManager : Event: ======'machine_var_audits_missing_switches_s_flight_gear_target'====== Args={'value': 7, 'prev_value': None, 'change': True}
2025-09-19 13:27:06,855 : INFO : EventManager : Event: ======'machine_var_audits_missing_switches_s_flipper_left'====== Args={'value': 68, 'prev_value': None, 'change': True}
2025-09-19 13:27:06,855 : INFO : EventManager : Event: ======'machine_var_audits_missing_switches_s_flipper_left_eos'====== Args={'value': 70, 'prev_value': None, 'change': True}
2025-09-19 13:27:06,855 : INFO : EventManager : Event: ======'machine_var_audits_missing_switches_s_flipper_left_upper'====== Args={'value': 72, 'prev_value': None, 'change': True}
2025-09-19 13:27:06,855 : INFO : EventManager : Event: ======'machine_var_audits_missing_switches_s_flipper_left_upper_eos'====== Args={'value': 70, 'prev_value': None, 'change': True}
2025-09-19 13:27:06,855 : INFO : EventManager : Event: ======'machine_var_audits_missing_switches_s_flipper_right'====== Args={'value': 6, 'prev_value': None, 'change': True}
2025-09-19 13:27:06,855 : INFO : EventManager : Event: ======'machine_var_audits_missing_switches_s_flipper_right_eos'====== Args={'value': 70, 'prev_value': None, 'change': True}
2025-09-19 13:27:06,855 : INFO : EventManager : Event: ======'machine_var_audits_missing_switches_s_i_iceman_target'====== Args={'value': 7, 'prev_value': None, 'change': True}
2025-09-19 13:27:06,855 : INFO : EventManager : Event: ======'machine_var_audits_missing_switches_s_inlane_left'====== Args={'value': 3, 'prev_value': None, 'change': True}
2025-09-19 13:27:06,855 : INFO : EventManager : Event: ======'machine_var_audits_missing_switches_s_inner_inlane_right'====== Args={'value': 7, 'prev_value': None, 'change': True}
2025-09-19 13:27:06,855 : INFO : EventManager : Event: ======'machine_var_audits_missing_switches_s_jam'====== Args={'value': 9, 'prev_value': None, 'change': True}
2025-09-19 13:27:06,855 : INFO : EventManager : Event: ======'machine_var_audits_missing_switches_s_k_lock_target'====== Args={'value': 7, 'prev_value': None, 'change': True}
2025-09-19 13:27:06,855 : INFO : EventManager : Event: ======'machine_var_audits_missing_switches_s_l_lock_target'====== Args={'value': 7, 'prev_value': None, 'change': True}
2025-09-19 13:27:06,856 : INFO : EventManager : Event: ======'machine_var_audits_missing_switches_s_lane_left'====== Args={'value': 122, 'prev_value': None, 'change': True}
2025-09-19 13:27:06,856 : INFO : EventManager : Event: ======'machine_var_audits_missing_switches_s_lane_right'====== Args={'value': 72, 'prev_value': None, 'change': True}
2025-09-19 13:27:06,856 : INFO : EventManager : Event: ======'machine_var_audits_missing_switches_s_lock_goose'====== Args={'value': 72, 'prev_value': None, 'change': True}
2025-09-19 13:27:06,856 : INFO : EventManager : Event: ======'machine_var_audits_missing_switches_s_lock_mav'====== Args={'value': 72, 'prev_value': None, 'change': True}
2025-09-19 13:27:06,856 : INFO : EventManager : Event: ======'machine_var_audits_missing_switches_s_lock_plunger'====== Args={'value': 72, 'prev_value': None, 'change': True}
2025-09-19 13:27:06,856 : INFO : EventManager : Event: ======'machine_var_audits_missing_switches_s_m_iceman_target'====== Args={'value': 9, 'prev_value': None, 'change': True}
2025-09-19 13:27:06,856 : INFO : EventManager : Event: ======'machine_var_audits_missing_switches_s_mig_lane_left'====== Args={'value': 72, 'prev_value': None, 'change': True}
2025-09-19 13:27:06,856 : INFO : EventManager : Event: ======'machine_var_audits_missing_switches_s_mig_lane_right'====== Args={'value': 72, 'prev_value': None, 'change': True}
2025-09-19 13:27:06,856 : INFO : EventManager : Event: ======'machine_var_audits_missing_switches_s_mode_start'====== Args={'value': 72, 'prev_value': None, 'change': True}
2025-09-19 13:27:06,856 : INFO : EventManager : Event: ======'machine_var_audits_missing_switches_s_n_iceman_target'====== Args={'value': 9, 'prev_value': None, 'change': True}
2025-09-19 13:27:06,856 : INFO : EventManager : Event: ======'machine_var_audits_missing_switches_s_o_lock_target'====== Args={'value': 7, 'prev_value': None, 'change': True}
2025-09-19 13:27:06,856 : INFO : EventManager : Event: ======'machine_var_audits_missing_switches_s_orbit_left'====== Args={'value': 7, 'prev_value': None, 'change': True}
2025-09-19 13:27:06,856 : INFO : EventManager : Event: ======'machine_var_audits_missing_switches_s_orbit_lower'====== Args={'value': 72, 'prev_value': None, 'change': True}
2025-09-19 13:27:06,856 : INFO : EventManager : Event: ======'machine_var_audits_missing_switches_s_orbit_right'====== Args={'value': 72, 'prev_value': None, 'change': True}
2025-09-19 13:27:06,856 : INFO : EventManager : Event: ======'machine_var_audits_missing_switches_s_orbit_upper'====== Args={'value': 72, 'prev_value': None, 'change': True}
2025-09-19 13:27:06,856 : INFO : EventManager : Event: ======'machine_var_audits_missing_switches_s_outer_inlane_right'====== Args={'value': 5, 'prev_value': None, 'change': True}
2025-09-19 13:27:06,857 : INFO : EventManager : Event: ======'machine_var_audits_missing_switches_s_outlane_left'====== Args={'value': 72, 'prev_value': None, 'change': True}
2025-09-19 13:27:06,857 : INFO : EventManager : Event: ======'machine_var_audits_missing_switches_s_outlane_right'====== Args={'value': 9, 'prev_value': None, 'change': True}
2025-09-19 13:27:06,857 : INFO : EventManager : Event: ======'machine_var_audits_missing_switches_s_plunger_lane'====== Args={'value': 9, 'prev_value': None, 'change': True}
2025-09-19 13:27:06,857 : INFO : EventManager : Event: ======'machine_var_audits_missing_switches_s_ramp_inner_exit'====== Args={'value': 72, 'prev_value': None, 'change': True}
2025-09-19 13:27:06,857 : INFO : EventManager : Event: ======'machine_var_audits_missing_switches_s_ramp_left_exit'====== Args={'value': 72, 'prev_value': None, 'change': True}
2025-09-19 13:27:06,857 : INFO : EventManager : Event: ======'machine_var_audits_missing_switches_s_ramp_right_exit'====== Args={'value': 72, 'prev_value': None, 'change': True}
2025-09-19 13:27:06,857 : INFO : EventManager : Event: ======'machine_var_audits_missing_switches_s_ramp_tower_exit'====== Args={'value': 72, 'prev_value': None, 'change': True}
2025-09-19 13:27:06,857 : INFO : EventManager : Event: ======'machine_var_audits_missing_switches_s_slingshot_left'====== Args={'value': 7, 'prev_value': None, 'change': True}
2025-09-19 13:27:06,857 : INFO : EventManager : Event: ======'machine_var_audits_missing_switches_s_slingshot_right'====== Args={'value': 7, 'prev_value': None, 'change': True}
2025-09-19 13:27:06,857 : INFO : EventManager : Event: ======'machine_var_audits_missing_switches_s_spinner'====== Args={'value': 72, 'prev_value': None, 'change': True}
2025-09-19 13:27:06,857 : INFO : EventManager : Event: ======'machine_var_audits_missing_switches_s_start'====== Args={'value': 12, 'prev_value': None, 'change': True}
2025-09-19 13:27:06,857 : INFO : EventManager : Event: ======'machine_var_audits_missing_switches_s_tilt'====== Args={'value': 10, 'prev_value': None, 'change': True}
2025-09-19 13:27:06,857 : INFO : EventManager : Event: ======'machine_var_audits_missing_switches_s_trough_1'====== Args={'value': 48, 'prev_value': None, 'change': True}
2025-09-19 13:27:06,857 : INFO : EventManager : Event: ======'machine_var_audits_missing_switches_s_trough_2'====== Args={'value': 48, 'prev_value': None, 'change': True}
2025-09-19 13:27:06,857 : INFO : EventManager : Event: ======'machine_var_audits_missing_switches_s_trough_3'====== Args={'value': 48, 'prev_value': None, 'change': True}
2025-09-19 13:27:06,857 : INFO : EventManager : Event: ======'machine_var_audits_missing_switches_s_trough_4'====== Args={'value': 123, 'prev_value': None, 'change': True}
2025-09-19 13:27:06,857 : INFO : EventManager : Event: ======'machine_var_audits_missing_switches_s_trough_5'====== Args={'value': 123, 'prev_value': None, 'change': True}
2025-09-19 13:27:06,857 : INFO : EventManager : Event: ======'machine_var_audits_missing_switches_s_trough_6'====== Args={'value': 9, 'prev_value': None, 'change': True}
2025-09-19 13:27:06,857 : INFO : EventManager : Event: ======'machine_var_audits_player_score'====== Args={'value': {'average': 67000, 'top': [73000, 61000], 'total': 2}, 'prev_value': None, 'change': True}
2025-09-19 13:27:06,857 : INFO : EventManager : Event: ======'machine_var_audits_shots_bumper_center'====== Args={'value': 456, 'prev_value': None, 'change': True}
2025-09-19 13:27:06,857 : INFO : EventManager : Event: ======'machine_var_audits_shots_bumper_left'====== Args={'value': 462, 'prev_value': None, 'change': True}
2025-09-19 13:27:06,858 : INFO : EventManager : Event: ======'machine_var_audits_shots_bumper_right'====== Args={'value': 339, 'prev_value': None, 'change': True}
2025-09-19 13:27:06,858 : INFO : EventManager : Event: ======'machine_var_audits_switches_s_a_iceman_target'====== Args={'value': 24, 'prev_value': None, 'change': True}
2025-09-19 13:27:06,858 : INFO : EventManager : Event: ======'machine_var_audits_switches_s_barrier_target'====== Args={'value': 6, 'prev_value': None, 'change': True}
2025-09-19 13:27:06,858 : INFO : EventManager : Event: ======'machine_var_audits_switches_s_bumper_center'====== Args={'value': 469, 'prev_value': None, 'change': True}
2025-09-19 13:27:06,858 : INFO : EventManager : Event: ======'machine_var_audits_switches_s_bumper_left'====== Args={'value': 477, 'prev_value': None, 'change': True}
2025-09-19 13:27:06,858 : INFO : EventManager : Event: ======'machine_var_audits_switches_s_bumper_right'====== Args={'value': 343, 'prev_value': None, 'change': True}
2025-09-19 13:27:06,858 : INFO : EventManager : Event: ======'machine_var_audits_switches_s_c_iceman_target'====== Args={'value': 37, 'prev_value': None, 'change': True}
2025-09-19 13:27:06,858 : INFO : EventManager : Event: ======'machine_var_audits_switches_s_c_lock_target'====== Args={'value': 4, 'prev_value': None, 'change': True}
2025-09-19 13:27:06,858 : INFO : EventManager : Event: ======'machine_var_audits_switches_s_coin_door'====== Args={'value': 0, 'prev_value': None, 'change': True}
2025-09-19 13:27:06,858 : INFO : EventManager : Event: ======'machine_var_audits_switches_s_coin_door_service_1'====== Args={'value': 0, 'prev_value': None, 'change': True}
2025-09-19 13:27:06,858 : INFO : EventManager : Event: ======'machine_var_audits_switches_s_coin_door_service_2'====== Args={'value': 0, 'prev_value': None, 'change': True}
2025-09-19 13:27:06,858 : INFO : EventManager : Event: ======'machine_var_audits_switches_s_coin_door_service_3'====== Args={'value': 0, 'prev_value': None, 'change': True}
2025-09-19 13:27:06,858 : INFO : EventManager : Event: ======'machine_var_audits_switches_s_coin_door_service_4'====== Args={'value': 0, 'prev_value': None, 'change': True}
2025-09-19 13:27:06,858 : INFO : EventManager : Event: ======'machine_var_audits_switches_s_e_iceman_target'====== Args={'value': 40, 'prev_value': None, 'change': True}
2025-09-19 13:27:06,858 : INFO : EventManager : Event: ======'machine_var_audits_switches_s_flight_gear_target'====== Args={'value': 6, 'prev_value': None, 'change': True}
2025-09-19 13:27:06,858 : INFO : EventManager : Event: ======'machine_var_audits_switches_s_flipper_left'====== Args={'value': 9, 'prev_value': None, 'change': True}
2025-09-19 13:27:06,858 : INFO : EventManager : Event: ======'machine_var_audits_switches_s_flipper_left_eos'====== Args={'value': 0, 'prev_value': None, 'change': True}
2025-09-19 13:27:06,858 : INFO : EventManager : Event: ======'machine_var_audits_switches_s_flipper_left_upper'====== Args={'value': 0, 'prev_value': None, 'change': True}
2025-09-19 13:27:06,858 : INFO : EventManager : Event: ======'machine_var_audits_switches_s_flipper_left_upper_eos'====== Args={'value': 0, 'prev_value': None, 'change': True}
2025-09-19 13:27:06,859 : INFO : EventManager : Event: ======'machine_var_audits_switches_s_flipper_right'====== Args={'value': 17, 'prev_value': None, 'change': True}
2025-09-19 13:27:06,859 : INFO : EventManager : Event: ======'machine_var_audits_switches_s_flipper_right_eos'====== Args={'value': 0, 'prev_value': None, 'change': True}
2025-09-19 13:27:06,859 : INFO : EventManager : Event: ======'machine_var_audits_switches_s_i_iceman_target'====== Args={'value': 2, 'prev_value': None, 'change': True}
2025-09-19 13:27:06,859 : INFO : EventManager : Event: ======'machine_var_audits_switches_s_inlane_left'====== Args={'value': 53, 'prev_value': None, 'change': True}
2025-09-19 13:27:06,859 : INFO : EventManager : Event: ======'machine_var_audits_switches_s_inner_inlane_right'====== Args={'value': 3, 'prev_value': None, 'change': True}
2025-09-19 13:27:06,859 : INFO : EventManager : Event: ======'machine_var_audits_switches_s_jam'====== Args={'value': 1, 'prev_value': None, 'change': True}
2025-09-19 13:27:06,859 : INFO : EventManager : Event: ======'machine_var_audits_switches_s_k_lock_target'====== Args={'value': 5, 'prev_value': None, 'change': True}
2025-09-19 13:27:06,859 : INFO : EventManager : Event: ======'machine_var_audits_switches_s_l_lock_target'====== Args={'value': 5, 'prev_value': None, 'change': True}
2025-09-19 13:27:06,859 : INFO : EventManager : Event: ======'machine_var_audits_switches_s_lane_left'====== Args={'value': 1, 'prev_value': None, 'change': True}
2025-09-19 13:27:06,859 : INFO : EventManager : Event: ======'machine_var_audits_switches_s_lane_right'====== Args={'value': 0, 'prev_value': None, 'change': True}
2025-09-19 13:27:06,859 : INFO : EventManager : Event: ======'machine_var_audits_switches_s_lock_goose'====== Args={'value': 0, 'prev_value': None, 'change': True}
2025-09-19 13:27:06,859 : INFO : EventManager : Event: ======'machine_var_audits_switches_s_lock_mav'====== Args={'value': 0, 'prev_value': None, 'change': True}
2025-09-19 13:27:06,859 : INFO : EventManager : Event: ======'machine_var_audits_switches_s_lock_plunger'====== Args={'value': 0, 'prev_value': None, 'change': True}
2025-09-19 13:27:06,859 : INFO : EventManager : Event: ======'machine_var_audits_switches_s_m_iceman_target'====== Args={'value': 24, 'prev_value': None, 'change': True}
2025-09-19 13:27:06,859 : INFO : EventManager : Event: ======'machine_var_audits_switches_s_mig_lane_left'====== Args={'value': 0, 'prev_value': None, 'change': True}
2025-09-19 13:27:06,859 : INFO : EventManager : Event: ======'machine_var_audits_switches_s_mig_lane_right'====== Args={'value': 0, 'prev_value': None, 'change': True}
2025-09-19 13:27:06,859 : INFO : EventManager : Event: ======'machine_var_audits_switches_s_mode_start'====== Args={'value': 0, 'prev_value': None, 'change': True}
2025-09-19 13:27:06,859 : INFO : EventManager : Event: ======'machine_var_audits_switches_s_n_iceman_target'====== Args={'value': 32, 'prev_value': None, 'change': True}
2025-09-19 13:27:06,859 : INFO : EventManager : Event: ======'machine_var_audits_switches_s_o_lock_target'====== Args={'value': 5, 'prev_value': None, 'change': True}
2025-09-19 13:27:06,859 : INFO : EventManager : Event: ======'machine_var_audits_switches_s_orbit_left'====== Args={'value': 7, 'prev_value': None, 'change': True}
2025-09-19 13:27:06,860 : INFO : EventManager : Event: ======'machine_var_audits_switches_s_orbit_lower'====== Args={'value': 0, 'prev_value': None, 'change': True}
2025-09-19 13:27:06,860 : INFO : EventManager : Event: ======'machine_var_audits_switches_s_orbit_right'====== Args={'value': 0, 'prev_value': None, 'change': True}
2025-09-19 13:27:06,860 : INFO : EventManager : Event: ======'machine_var_audits_switches_s_orbit_upper'====== Args={'value': 0, 'prev_value': None, 'change': True}
2025-09-19 13:27:06,860 : INFO : EventManager : Event: ======'machine_var_audits_switches_s_outer_inlane_right'====== Args={'value': 5, 'prev_value': None, 'change': True}
2025-09-19 13:27:06,860 : INFO : EventManager : Event: ======'machine_var_audits_switches_s_outlane_left'====== Args={'value': 0, 'prev_value': None, 'change': True}
2025-09-19 13:27:06,860 : INFO : EventManager : Event: ======'machine_var_audits_switches_s_outlane_right'====== Args={'value': 4, 'prev_value': None, 'change': True}
2025-09-19 13:27:06,860 : INFO : EventManager : Event: ======'machine_var_audits_switches_s_plunger_lane'====== Args={'value': 46, 'prev_value': None, 'change': True}
2025-09-19 13:27:06,860 : INFO : EventManager : Event: ======'machine_var_audits_switches_s_ramp_inner_exit'====== Args={'value': 0, 'prev_value': None, 'change': True}
2025-09-19 13:27:06,860 : INFO : EventManager : Event: ======'machine_var_audits_switches_s_ramp_left_exit'====== Args={'value': 0, 'prev_value': None, 'change': True}
2025-09-19 13:27:06,860 : INFO : EventManager : Event: ======'machine_var_audits_switches_s_ramp_right_exit'====== Args={'value': 0, 'prev_value': None, 'change': True}
2025-09-19 13:27:06,860 : INFO : EventManager : Event: ======'machine_var_audits_switches_s_ramp_tower_exit'====== Args={'value': 0, 'prev_value': None, 'change': True}
2025-09-19 13:27:06,860 : INFO : EventManager : Event: ======'machine_var_audits_switches_s_slingshot_left'====== Args={'value': 8, 'prev_value': None, 'change': True}
2025-09-19 13:27:06,860 : INFO : EventManager : Event: ======'machine_var_audits_switches_s_slingshot_right'====== Args={'value': 7, 'prev_value': None, 'change': True}
2025-09-19 13:27:06,860 : INFO : EventManager : Event: ======'machine_var_audits_switches_s_spinner'====== Args={'value': 0, 'prev_value': None, 'change': True}
2025-09-19 13:27:06,860 : INFO : EventManager : Event: ======'machine_var_audits_switches_s_start'====== Args={'value': 134, 'prev_value': None, 'change': True}
2025-09-19 13:27:06,860 : INFO : EventManager : Event: ======'machine_var_audits_switches_s_tilt'====== Args={'value': 0, 'prev_value': None, 'change': True}
2025-09-19 13:27:06,860 : INFO : EventManager : Event: ======'machine_var_audits_switches_s_trough_1'====== Args={'value': 2, 'prev_value': None, 'change': True}
2025-09-19 13:27:06,860 : INFO : EventManager : Event: ======'machine_var_audits_switches_s_trough_2'====== Args={'value': 1, 'prev_value': None, 'change': True}
2025-09-19 13:27:06,860 : INFO : EventManager : Event: ======'machine_var_audits_switches_s_trough_3'====== Args={'value': 1, 'prev_value': None, 'change': True}
2025-09-19 13:27:06,860 : INFO : EventManager : Event: ======'machine_var_audits_switches_s_trough_4'====== Args={'value': 0, 'prev_value': None, 'change': True}
2025-09-19 13:27:06,860 : INFO : EventManager : Event: ======'machine_var_audits_switches_s_trough_5'====== Args={'value': 0, 'prev_value': None, 'change': True}
2025-09-19 13:27:06,861 : INFO : EventManager : Event: ======'machine_var_audits_switches_s_trough_6'====== Args={'value': 61, 'prev_value': None, 'change': True}
2025-09-19 13:27:06,861 : INFO : EventManager : Event: ======'init_phase_5'====== Args={}
2025-09-19 13:27:06,861 : INFO : EventManager : Event: ======'init_done'====== Args={}
2025-09-19 13:27:06,861 : INFO : EventManager : Event: ======'machine_reset_phase_1'====== Args={}
2025-09-19 13:27:06,868 : INFO : EventManager : Event: ======'machine_reset_phase_2'====== Args={}
2025-09-19 13:27:06,868 : INFO : EventManager : Event: ======'machine_reset_phase_3'====== Args={}
2025-09-19 13:27:06,868 : INFO : EventManager : Event: ======'reset_complete'====== Args={}
2025-09-19 13:27:06,868 : INFO : EventManager : Event: ======'mode_service_will_start'====== Args={}
2025-09-19 13:27:06,869 : INFO : EventManager : Event: ======'mode_service_starting'====== Args={}
2025-09-19 13:27:06,869 : INFO : EventManager : Event: ======'mode_attract_will_start'====== Args={}
2025-09-19 13:27:06,870 : INFO : Timer.attract_carousel_timer : Starting Timer.
2025-09-19 13:27:06,870 : INFO : EventManager : Event: ======'timer_attract_carousel_timer_started'====== Args={'ticks': 0, 'ticks_remaining': 1}
2025-09-19 13:27:06,870 : INFO : EventManager : Event: ======'timer_attract_carousel_timer_tick'====== Args={'ticks': 0, 'ticks_remaining': 1}
2025-09-19 13:27:06,872 : INFO : EventManager : Event: ======'mode_attract_starting'====== Args={}
2025-09-19 13:27:06,872 : INFO : Mode.attract : Started. Priority: 10
2025-09-19 13:27:06,872 : INFO : EventManager : Event: ======'modes_active_modes_changed'====== Args={}
2025-09-19 13:27:06,872 : INFO : EventManager : Event: ======'mode_attract_started'====== Args={}
2025-09-19 13:27:06,872 : INFO : EventManager : Event: ======'attract_cycle_step1'====== Args={'priority': 0}
2025-09-19 13:27:06,873 : INFO : EventManager : Event: ======'collecting_balls_complete'====== Args={}
2025-09-19 13:27:06,873 : INFO : EventManager : Event: ======'item_highlighted'====== Args={'carousel': 'attract', 'direction': None, 'item': 'title'}
2025-09-19 13:27:06,873 : INFO : EventManager : Event: ======'timer_attract_carousel_timer_tick'====== Args={'ticks': 0, 'ticks_remaining': 1}
2025-09-19 13:27:06,873 : INFO : Mode.service : Started. Priority: 100000
2025-09-19 13:27:06,874 : INFO : EventManager : Event: ======'modes_active_modes_changed'====== Args={}
2025-09-19 13:27:06,874 : INFO : EventManager : Event: ======'mode_service_started'====== Args={}
2025-09-19 13:27:06,876 : INFO : Machine : Starting the main run loop with active modes: [<Mode.service>, <Mode.attract>]
2025-09-19 13:27:06,971 : INFO : EventManager : Event: ======'slide_attract_created'====== Args={'_from_bcp': True}
2025-09-19 13:27:06,972 : INFO : EventManager : Event: ======'slide__removed'====== Args={'_from_bcp': True}
2025-09-19 13:27:06,972 : INFO : EventManager : Event: ======'slide_attract_active'====== Args={'original_context': 'attract', 'original_calling_context': 'mode_attract_started', 'priority': 10.0, 'cmd': 'slides_play', '_from_bcp': True}
2025-09-19 13:27:06,990 : INFO : BcpServer : New client connected.
2025-09-19 13:27:13,876 : INFO : Timer.attract_carousel_timer : Timer Complete
2025-09-19 13:27:13,876 : INFO : Timer.attract_carousel_timer : Stopping Timer
2025-09-19 13:27:13,876 : INFO : EventManager : Event: ======'timer_attract_carousel_timer_stopped'====== Args={'ticks': 1, 'ticks_remaining': 1}
2025-09-19 13:27:13,877 : INFO : EventManager : Event: ======'timer_attract_carousel_timer_complete'====== Args={'ticks': 1, 'ticks_remaining': 1}
2025-09-19 13:27:13,878 : INFO : EventManager : Event: ======'item_highlighted'====== Args={'carousel': 'attract', 'direction': 'forwards', 'item': 'presented_by'}
2025-09-19 13:27:13,879 : INFO : Timer.attract_carousel_timer : Starting Timer.
2025-09-19 13:27:13,879 : INFO : EventManager : Event: ======'timer_attract_carousel_timer_started'====== Args={'ticks': 0, 'ticks_remaining': 1}
2025-09-19 13:27:13,879 : INFO : EventManager : Event: ======'timer_attract_carousel_timer_tick'====== Args={'ticks': 0, 'ticks_remaining': 1}
2025-09-19 13:27:20,285 : INFO : EventManager : Event: ======'attract_cycle_step2'====== Args={}
2025-09-19 13:27:20,882 : INFO : Timer.attract_carousel_timer : Timer Complete
2025-09-19 13:27:20,882 : INFO : Timer.attract_carousel_timer : Stopping Timer
2025-09-19 13:27:20,882 : INFO : EventManager : Event: ======'timer_attract_carousel_timer_stopped'====== Args={'ticks': 1, 'ticks_remaining': 1}
2025-09-19 13:27:20,882 : INFO : EventManager : Event: ======'timer_attract_carousel_timer_complete'====== Args={'ticks': 1, 'ticks_remaining': 1}
2025-09-19 13:27:20,883 : INFO : EventManager : Event: ======'item_highlighted'====== Args={'carousel': 'attract', 'direction': 'forwards', 'item': 'hotrod_pinball_logo'}
2025-09-19 13:27:20,884 : INFO : Timer.attract_carousel_timer : Starting Timer.
2025-09-19 13:27:20,885 : INFO : EventManager : Event: ======'timer_attract_carousel_timer_started'====== Args={'ticks': 0, 'ticks_remaining': 1}
2025-09-19 13:27:20,885 : INFO : EventManager : Event: ======'timer_attract_carousel_timer_tick'====== Args={'ticks': 0, 'ticks_remaining': 1}
2025-09-19 13:27:27,873 : INFO : Timer.attract_carousel_timer : Timer Complete
2025-09-19 13:27:27,873 : INFO : Timer.attract_carousel_timer : Stopping Timer
2025-09-19 13:27:27,874 : INFO : EventManager : Event: ======'timer_attract_carousel_timer_stopped'====== Args={'ticks': 1, 'ticks_remaining': 1}
2025-09-19 13:27:27,874 : INFO : EventManager : Event: ======'timer_attract_carousel_timer_complete'====== Args={'ticks': 1, 'ticks_remaining': 1}
2025-09-19 13:27:27,876 : INFO : EventManager : Event: ======'item_highlighted'====== Args={'carousel': 'attract', 'direction': 'forwards', 'item': 'mpf_logo'}
2025-09-19 13:27:27,877 : INFO : Timer.attract_carousel_timer : Starting Timer.
2025-09-19 13:27:27,877 : INFO : EventManager : Event: ======'timer_attract_carousel_timer_started'====== Args={'ticks': 0, 'ticks_remaining': 1}
2025-09-19 13:27:27,877 : INFO : EventManager : Event: ======'timer_attract_carousel_timer_tick'====== Args={'ticks': 0, 'ticks_remaining': 1}
2025-09-19 13:27:34,887 : INFO : Timer.attract_carousel_timer : Timer Complete
2025-09-19 13:27:34,887 : INFO : Timer.attract_carousel_timer : Stopping Timer
2025-09-19 13:27:34,887 : INFO : EventManager : Event: ======'timer_attract_carousel_timer_stopped'====== Args={'ticks': 1, 'ticks_remaining': 1}
2025-09-19 13:27:34,887 : INFO : EventManager : Event: ======'timer_attract_carousel_timer_complete'====== Args={'ticks': 1, 'ticks_remaining': 1}
2025-09-19 13:27:34,888 : INFO : EventManager : Event: ======'item_highlighted'====== Args={'carousel': 'attract', 'direction': 'forwards', 'item': 'credits'}
2025-09-19 13:27:34,889 : INFO : Timer.attract_carousel_timer : Starting Timer.
2025-09-19 13:27:34,889 : INFO : EventManager : Event: ======'timer_attract_carousel_timer_started'====== Args={'ticks': 0, 'ticks_remaining': 1}
2025-09-19 13:27:34,889 : INFO : EventManager : Event: ======'timer_attract_carousel_timer_tick'====== Args={'ticks': 0, 'ticks_remaining': 1}
2025-09-19 13:27:41,907 : INFO : Timer.attract_carousel_timer : Timer Complete
2025-09-19 13:27:41,907 : INFO : Timer.attract_carousel_timer : Stopping Timer
2025-09-19 13:27:41,907 : INFO : EventManager : Event: ======'timer_attract_carousel_timer_stopped'====== Args={'ticks': 1, 'ticks_remaining': 1}
2025-09-19 13:27:41,907 : INFO : EventManager : Event: ======'timer_attract_carousel_timer_complete'====== Args={'ticks': 1, 'ticks_remaining': 1}
2025-09-19 13:27:41,908 : INFO : EventManager : Event: ======'item_highlighted'====== Args={'carousel': 'attract', 'direction': 'forwards', 'item': 'last_scores_2p'}
2025-09-19 13:27:41,908 : INFO : Timer.attract_carousel_timer : Starting Timer.
2025-09-19 13:27:41,909 : INFO : EventManager : Event: ======'timer_attract_carousel_timer_started'====== Args={'ticks': 0, 'ticks_remaining': 1}
2025-09-19 13:27:41,909 : INFO : EventManager : Event: ======'timer_attract_carousel_timer_tick'====== Args={'ticks': 0, 'ticks_remaining': 1}
2025-09-19 13:27:48,913 : INFO : Timer.attract_carousel_timer : Timer Complete
2025-09-19 13:27:48,913 : INFO : Timer.attract_carousel_timer : Stopping Timer
2025-09-19 13:27:48,913 : INFO : EventManager : Event: ======'timer_attract_carousel_timer_stopped'====== Args={'ticks': 1, 'ticks_remaining': 1}
2025-09-19 13:27:48,914 : INFO : EventManager : Event: ======'timer_attract_carousel_timer_complete'====== Args={'ticks': 1, 'ticks_remaining': 1}
2025-09-19 13:27:48,915 : INFO : EventManager : Event: ======'item_highlighted'====== Args={'carousel': 'attract', 'direction': 'forwards', 'item': 'title'}
2025-09-19 13:27:48,915 : INFO : Timer.attract_carousel_timer : Starting Timer.
2025-09-19 13:27:48,916 : INFO : EventManager : Event: ======'timer_attract_carousel_timer_started'====== Args={'ticks': 0, 'ticks_remaining': 1}
2025-09-19 13:27:48,916 : INFO : EventManager : Event: ======'timer_attract_carousel_timer_tick'====== Args={'ticks': 0, 'ticks_remaining': 1}
2025-09-19 13:27:55,890 : INFO : Timer.attract_carousel_timer : Timer Complete
2025-09-19 13:27:55,890 : INFO : Timer.attract_carousel_timer : Stopping Timer
2025-09-19 13:27:55,890 : INFO : EventManager : Event: ======'timer_attract_carousel_timer_stopped'====== Args={'ticks': 1, 'ticks_remaining': 1}
2025-09-19 13:27:55,891 : INFO : EventManager : Event: ======'timer_attract_carousel_timer_complete'====== Args={'ticks': 1, 'ticks_remaining': 1}
2025-09-19 13:27:55,891 : INFO : EventManager : Event: ======'item_highlighted'====== Args={'carousel': 'attract', 'direction': 'forwards', 'item': 'presented_by'}
2025-09-19 13:27:55,892 : INFO : Timer.attract_carousel_timer : Starting Timer.
2025-09-19 13:27:55,893 : INFO : EventManager : Event: ======'timer_attract_carousel_timer_started'====== Args={'ticks': 0, 'ticks_remaining': 1}
2025-09-19 13:27:55,893 : INFO : EventManager : Event: ======'timer_attract_carousel_timer_tick'====== Args={'ticks': 0, 'ticks_remaining': 1}
2025-09-19 13:27:56,116 : INFO : Machine : Shutting down...
2025-09-19 13:27:56,116 : INFO : EventManager : Event: ======'shutdown'====== Args={}
2025-09-19 13:27:56,117 : INFO : EventManager : Event: ======'mode_service_will_stop'====== Args={}
2025-09-19 13:27:56,117 : INFO : EventManager : Event: ======'mode_service_stopping'====== Args={}
2025-09-19 13:27:56,118 : INFO : Mode.service : Stopped.
2025-09-19 13:27:56,118 : INFO : EventManager : Event: ======'modes_active_modes_changed'====== Args={}
2025-09-19 13:27:56,119 : INFO : EventManager : Event: ======'mode_service_stopped'====== Args={}
2025-09-19 13:27:56,119 : INFO : EventManager : Event: ======'clear'====== Args={'key': 'service'}
2025-09-19 13:27:56,124 : INFO : root : MPF run loop ended.
