2025-12-26 10:59:20,032 : INFO : root : Loading config.
2025-12-26 10:59:20,035 : INFO : YamlMultifileConfigLoader : Machine config file #1: config.yaml
2025-12-26 10:59:20,036 : WARNING : ConfigProcessor : Config file in cache changed: C:\Users\White\documents\Top_Gun_Pinball\config\config.yaml
2025-12-26 10:59:20,036 : INFO : ConfigProcessor : Loading config from file C:\Users\White\mpf\Lib\site-packages\mpf\mpfconfig.yaml.
2025-12-26 10:59:20,052 : INFO : ConfigProcessor : Loading config: C:\Users\White\mpf\Lib\site-packages\mpf\mpfconfig.yaml
2025-12-26 10:59:20,052 : INFO : ConfigProcessor : Loading config from file C:\Users\White\documents\Top_Gun_Pinball\config\config.yaml.
2025-12-26 10:59:20,067 : INFO : ConfigProcessor : Loading config: C:\Users\White\documents\Top_Gun_Pinball\config\config.yaml
2025-12-26 10:59:20,069 : INFO : ConfigProcessor : Loading config: C:\Users\White\documents\Top_Gun_Pinball\config\config_autofire_coils.yaml
2025-12-26 10:59:20,070 : INFO : ConfigProcessor : Loading config: C:\Users\White\documents\Top_Gun_Pinball\config\config_ball_devices.yaml
2025-12-26 10:59:20,078 : INFO : ConfigProcessor : Loading config: C:\Users\White\documents\Top_Gun_Pinball\config\config_coils.yaml
2025-12-26 10:59:20,079 : INFO : ConfigProcessor : Loading config: C:\Users\White\documents\Top_Gun_Pinball\config\config_flippers.yaml
2025-12-26 10:59:20,084 : INFO : ConfigProcessor : Loading config: C:\Users\White\documents\Top_Gun_Pinball\config\config_hardware_fast.yaml
2025-12-26 10:59:20,095 : INFO : ConfigProcessor : Loading config: C:\Users\White\documents\Top_Gun_Pinball\config\config_lights.yaml
2025-12-26 10:59:20,104 : INFO : ConfigProcessor : Loading config: C:\Users\White\documents\Top_Gun_Pinball\config\config_switches.yaml
2025-12-26 10:59:20,106 : INFO : ConfigProcessor : Loading config: C:\Users\White\documents\Top_Gun_Pinball\config\variable_player.yaml
2025-12-26 10:59:20,108 : INFO : ConfigProcessor : Loading config: C:\Users\White\documents\Top_Gun_Pinball\config\config_videos.yaml
2025-12-26 10:59:20,114 : INFO : ConfigProcessor : Config file cache created: C:\Users\White\AppData\Local\Temp\4d2409115979d2066280cf8a522910f3.mpf_cache
2025-12-26 10:59:20,218 : INFO : ConfigProcessor : Loading config from cache: C:\Users\White\AppData\Local\Temp\e29f700f4dd412c341ced84fe54a834e.mpf_cache
2025-12-26 10:59:20,219 : INFO : ConfigProcessor : Loading config from cache: C:\Users\White\AppData\Local\Temp\91cc4d1c993c58dc354e34974b9cfeac.mpf_cache
2025-12-26 10:59:20,220 : INFO : ConfigProcessor : Loading config from cache: C:\Users\White\AppData\Local\Temp\153a6f35d2fbc89e8611fc222f5041e6.mpf_cache
2025-12-26 10:59:20,221 : INFO : ConfigProcessor : Loading config from cache: C:\Users\White\AppData\Local\Temp\e29f700f4dd412c341ced84fe54a834e.mpf_cache
2025-12-26 10:59:20,221 : INFO : ConfigProcessor : Loading config from cache: C:\Users\White\AppData\Local\Temp\3424101e418333c494b4f7abb38a6bbc.mpf_cache
2025-12-26 10:59:20,222 : INFO : ConfigProcessor : Loading config from cache: C:\Users\White\AppData\Local\Temp\2baac919e756d495657c096c87a61da2.mpf_cache
2025-12-26 10:59:20,223 : INFO : ConfigProcessor : Loading config from cache: C:\Users\White\AppData\Local\Temp\515c33aaf7882d3e576ea3c42b7bfe2a.mpf_cache
2025-12-26 10:59:20,224 : INFO : ConfigProcessor : Loading config from cache: C:\Users\White\AppData\Local\Temp\928267ba5ce09cfb7bef110abe29482e.mpf_cache
2025-12-26 10:59:20,226 : INFO : ConfigProcessor : Loading config from cache: C:\Users\White\AppData\Local\Temp\143f2aa6ea6c447c37835b1fcf1e2392.mpf_cache
2025-12-26 10:59:20,226 : INFO : ConfigProcessor : Loading config from cache: C:\Users\White\AppData\Local\Temp\32a647433343f2a8dbd97369798bc91c.mpf_cache
2025-12-26 10:59:20,227 : INFO : ConfigProcessor : Loading config from cache: C:\Users\White\AppData\Local\Temp\fcd858616785c392a2718eef83d6bdec.mpf_cache
2025-12-26 10:59:20,228 : INFO : ConfigProcessor : Loading config from cache: C:\Users\White\AppData\Local\Temp\bc528c0552a0292e8ecb958c9df9be52.mpf_cache
2025-12-26 10:59:20,229 : INFO : ConfigProcessor : Loading config from cache: C:\Users\White\AppData\Local\Temp\079d5d4f78adbdc9511df3472695879d.mpf_cache
2025-12-26 10:59:20,230 : INFO : ConfigProcessor : Loading config from cache: C:\Users\White\AppData\Local\Temp\3d7624af3136b167d055570c605d2391.mpf_cache
2025-12-26 10:59:20,231 : INFO : ConfigProcessor : Loading config from cache: C:\Users\White\AppData\Local\Temp\cbf9c95ed33e797787d40a3c26fb1f29.mpf_cache
2025-12-26 10:59:20,232 : INFO : ConfigProcessor : Loading config from cache: C:\Users\White\AppData\Local\Temp\0f477732e86fa3539be0c16808cbc3a4.mpf_cache
2025-12-26 10:59:20,233 : INFO : ConfigProcessor : Loading config from cache: C:\Users\White\AppData\Local\Temp\5252be9889d0ea92e9251ccb139bb96e.mpf_cache
2025-12-26 10:59:20,236 : INFO : ConfigProcessor : Loading config from cache: C:\Users\White\AppData\Local\Temp\bbd12103fd66360c81da95fa3b5d5cac.mpf_cache
2025-12-26 10:59:20,239 : INFO : ConfigProcessor : Loading config from cache: C:\Users\White\AppData\Local\Temp\aecbb0084a39aaddc8e1af6d86d05e57.mpf_cache
2025-12-26 10:59:20,240 : INFO : ConfigProcessor : Loading config from cache: C:\Users\White\AppData\Local\Temp\a64c515fc9f6d1ba4d043d8acedc61d8.mpf_cache
2025-12-26 10:59:20,242 : INFO : ConfigProcessor : Loading config from cache: C:\Users\White\AppData\Local\Temp\157e473ad106aaf7621d4ff67f908349.mpf_cache
2025-12-26 10:59:20,247 : INFO : ConfigProcessor : Loading config from cache: C:\Users\White\AppData\Local\Temp\b42daedb456e388e83b54e0791e694a7.mpf_cache
2025-12-26 10:59:20,247 : INFO : ConfigProcessor : Loading config from cache: C:\Users\White\AppData\Local\Temp\faf1d2b55b8b754be547ffd9950d5977.mpf_cache
2025-12-26 10:59:20,249 : INFO : ConfigProcessor : Loading config from cache: C:\Users\White\AppData\Local\Temp\881befc175503515b6a677d4b92fd8f6.mpf_cache
2025-12-26 10:59:20,253 : INFO : ConfigProcessor : Loading config from cache: C:\Users\White\AppData\Local\Temp\e02fdb456b236b981c3cd16c62d08cdd.mpf_cache
2025-12-26 10:59:20,255 : INFO : ConfigProcessor : Loading config from cache: C:\Users\White\AppData\Local\Temp\60f49b772835308c8a63a813f3984bd2.mpf_cache
2025-12-26 10:59:20,256 : INFO : ConfigProcessor : Loading config from cache: C:\Users\White\AppData\Local\Temp\b44eabe64ef7d1af51d3871ffce6e8a0.mpf_cache
2025-12-26 10:59:20,258 : INFO : ConfigProcessor : Loading config from cache: C:\Users\White\AppData\Local\Temp\c53f4b0025ffe033d8b4913dcf5d894f.mpf_cache
2025-12-26 10:59:20,259 : INFO : ConfigProcessor : Loading config from cache: C:\Users\White\AppData\Local\Temp\859a13897bab67859dc37e71c8deb7f3.mpf_cache
2025-12-26 10:59:20,260 : INFO : ConfigProcessor : Loading config from cache: C:\Users\White\AppData\Local\Temp\1df928f99f2fd0a162eaba4dfecade40.mpf_cache
2025-12-26 10:59:20,261 : INFO : ConfigProcessor : Loading config from cache: C:\Users\White\AppData\Local\Temp\79c411a388f93dc9361da8ba68c71f8b.mpf_cache
2025-12-26 10:59:20,262 : INFO : ConfigProcessor : Loading config from cache: C:\Users\White\AppData\Local\Temp\a2e6743439269288443fc316af74c4e3.mpf_cache
2025-12-26 10:59:20,263 : INFO : ConfigProcessor : Loading config from cache: C:\Users\White\AppData\Local\Temp\806e2c11867b05313045539710e5cf3e.mpf_cache
2025-12-26 10:59:20,264 : INFO : ConfigProcessor : Loading config from cache: C:\Users\White\AppData\Local\Temp\d4cc51f9996852dab0efd4baeb323b9c.mpf_cache
2025-12-26 10:59:20,264 : INFO : Machine : Mission Pinball Framework Core Engine v0.80.0.dev9
2025-12-26 10:59:20,264 : INFO : Machine : Command line arguments: {'no_load_cache': False, 'create_config_cache': True, 'bcp': True, 'configfile': ['config.yaml'], 'force_assets_load': False, 'platform_integration_test': False, 'jsonlogging': False, 'logfile': 'logs\\2025-12-26-10-59-20-mpf-TopGunPinball.log', 'pause': False, 'production': False, 'text_ui': False, 'loglevel': 15, 'consoleloglevel': 20, 'force_platform': 'virtual', 'syslog_address': None, 'full_logfile_path': 'C:\\Users\\White\\documents\\Top_Gun_Pinball\\logs\\2025-12-26-10-59-20-mpf-TopGunPinball.log'}
2025-12-26 10:59:20,264 : INFO : Machine : MPF path: C:\Users\White\mpf\Lib\site-packages\mpf
2025-12-26 10:59:20,264 : INFO : Machine : Machine path: C:\Users\White\documents\Top_Gun_Pinball
2025-12-26 10:59:20,264 : INFO : Machine : Platform: win32
2025-12-26 10:59:20,264 : INFO : Machine : Python executable location: C:\Users\White\mpf\Scripts\python.exe
2025-12-26 10:59:20,264 : INFO : Machine : Python version: 3.12.7 (64-bit)
2025-12-26 10:59:20,268 : INFO : Machine : Initializing MPF...
2025-12-26 10:59:20,363 : INFO : EventManager : Event: ======'machine_var_credits_string'====== Args={'value': 'FREE PLAY', 'prev_value': None, 'change': True}
2025-12-26 10:59:20,399 : INFO : EventManager : Event: ======'machine_var_fast_audio_headphones_volume'====== Args={'value': 20, 'prev_value': None, 'change': True}
2025-12-26 10:59:20,399 : INFO : EventManager : Event: ======'machine_var_fast_audio_main_volume'====== Args={'value': 20, 'prev_value': None, 'change': True}
2025-12-26 10:59:20,399 : INFO : EventManager : Event: ======'machine_var_master_volume'====== Args={'value': 0.5, 'prev_value': None, 'change': True}
2025-12-26 10:59:20,399 : INFO : EventManager : Event: ======'machine_var_player1_score'====== Args={'value': 314100, 'prev_value': None, 'change': True}
2025-12-26 10:59:20,400 : INFO : EventManager : Event: ======'machine_var_mpf_version'====== Args={'value': 'Mission Pinball Framework v0.80.0.dev9', 'prev_value': None, 'change': True}
2025-12-26 10:59:20,400 : INFO : EventManager : Event: ======'machine_var_mpf_extended_version'====== Args={'value': 'Mission Pinball Framework v0.80.0.dev9, Config version:6, Show version: 6, BCP version:1.1', 'prev_value': None, 'change': True}
2025-12-26 10:59:20,400 : INFO : EventManager : Event: ======'machine_var_python_version'====== Args={'value': '3.12.7', 'prev_value': None, 'change': True}
2025-12-26 10:59:20,547 : INFO : EventManager : Event: ======'machine_var_platform'====== Args={'value': 'Windows-11-10.0.26100-SP0', 'prev_value': None, 'change': True}
2025-12-26 10:59:20,547 : INFO : EventManager : Event: ======'machine_var_platform_system'====== Args={'value': 'Windows', 'prev_value': None, 'change': True}
2025-12-26 10:59:20,547 : INFO : EventManager : Event: ======'machine_var_platform_release'====== Args={'value': '11', 'prev_value': None, 'change': True}
2025-12-26 10:59:20,547 : INFO : EventManager : Event: ======'machine_var_platform_version'====== Args={'value': '10.0.26100', 'prev_value': None, 'change': True}
2025-12-26 10:59:20,547 : INFO : EventManager : Event: ======'machine_var_platform_machine'====== Args={'value': 'AMD64', 'prev_value': None, 'change': True}
2025-12-26 10:59:20,547 : INFO : EventManager : Event: ======'machine_var_log_file_path'====== Args={'value': 'C:\\Users\\White\\documents\\Top_Gun_Pinball\\logs\\2025-12-26-10-59-20-mpf-TopGunPinball.log', 'prev_value': None, 'change': True}
2025-12-26 10:59:20,547 : INFO : EventManager : Event: ======'init_phase_1'====== Args={}
2025-12-26 10:59:20,642 : INFO : EventManager : Event: ======'init_phase_2'====== Args={}
2025-12-26 10:59:20,643 : INFO : SwitchController : Found active switch: ('playfield_board_lower-0', <Platform.Virtual>) <switch.s_trough_1>
2025-12-26 10:59:20,643 : INFO : SwitchController : Found active switch: ('playfield_board_lower-1', <Platform.Virtual>) <switch.s_trough_2>
2025-12-26 10:59:20,643 : INFO : SwitchController : Found active switch: ('playfield_board_lower-2', <Platform.Virtual>) <switch.s_trough_3>
2025-12-26 10:59:20,643 : INFO : SwitchController : Found active switch: ('playfield_board_lower-3', <Platform.Virtual>) <switch.s_trough_4>
2025-12-26 10:59:20,643 : INFO : SwitchController : Found active switch: ('playfield_board_lower-4', <Platform.Virtual>) <switch.s_trough_5>
2025-12-26 10:59:20,643 : INFO : SwitchController : Found active switch: ('playfield_board_lower-5', <Platform.Virtual>) <switch.s_trough_6>
2025-12-26 10:59:20,726 : INFO : EventManager : Event: ======'bcp_connection_attempt'====== Args={'name': 'local_display', 'host': 'localhost', 'port': 5050}
2025-12-26 10:59:20,728 : INFO : BCPClientSocket : Connecting BCP to 'local_display' at localhost:5050...
2025-12-26 10:59:23,716 : INFO : Machine : Starting the main run loop with active modes: []
2025-12-26 10:59:23,717 : WARNING : Machine : Attract mode is not active, game will not be playable. Please check your attract mode configuration.
2025-12-26 10:59:23,718 : INFO : Machine : Shutting down...
2025-12-26 10:59:23,718 : INFO : EventManager : Event: ======'shutdown'====== Args={}
2025-12-26 10:59:24,745 : INFO : root : MPF run loop ended.
