2025-10-24 23:48:27,224 : INFO : root : Loading config.
2025-10-24 23:48:27,228 : INFO : YamlMultifileConfigLoader : Machine config file #1: config.yaml
2025-10-24 23:48:27,229 : INFO : ConfigProcessor : Loading config from cache: C:\Users\White\AppData\Local\Temp\cfa6ecba65704a931c9dd214c44986c8.mpf_cache
2025-10-24 23:48:27,336 : INFO : ConfigProcessor : Loading config from cache: C:\Users\White\AppData\Local\Temp\f98ffc0ff5962effface7d86bc406d5c.mpf_cache
2025-10-24 23:48:27,337 : INFO : ConfigProcessor : Loading config from cache: C:\Users\White\AppData\Local\Temp\91cc4d1c993c58dc354e34974b9cfeac.mpf_cache
2025-10-24 23:48:27,337 : INFO : ConfigProcessor : Loading config from cache: C:\Users\White\AppData\Local\Temp\f98ffc0ff5962effface7d86bc406d5c.mpf_cache
2025-10-24 23:48:27,338 : INFO : ConfigProcessor : Loading config from cache: C:\Users\White\AppData\Local\Temp\76792f1d686f89709887dba7bd69667a.mpf_cache
2025-10-24 23:48:27,339 : INFO : ConfigProcessor : Loading config from cache: C:\Users\White\AppData\Local\Temp\142bbae4707335cc8e3efaa4364c4893.mpf_cache
2025-10-24 23:48:27,339 : INFO : ConfigProcessor : Loading config from cache: C:\Users\White\AppData\Local\Temp\0f5f0ac41d1a2672d0d32cef2b12699e.mpf_cache
2025-10-24 23:48:27,340 : INFO : ConfigProcessor : Loading config from cache: C:\Users\White\AppData\Local\Temp\3a419899266be7cd41a083be5a3a8ebb.mpf_cache
2025-10-24 23:48:27,342 : INFO : ConfigProcessor : Loading config from cache: C:\Users\White\AppData\Local\Temp\82e20c7c6490dd2e5fed726a3aa8d652.mpf_cache
2025-10-24 23:48:27,342 : INFO : ConfigProcessor : Loading config from cache: C:\Users\White\AppData\Local\Temp\359114d5ba2a6ad6c93d1559776bbb30.mpf_cache
2025-10-24 23:48:27,345 : INFO : ConfigProcessor : Loading config from cache: C:\Users\White\AppData\Local\Temp\d421369d6df802e4e6f8aa58f446b1a6.mpf_cache
2025-10-24 23:48:27,346 : INFO : ConfigProcessor : Loading config from cache: C:\Users\White\AppData\Local\Temp\310aa541ce6545037d37da470e7bd790.mpf_cache
2025-10-24 23:48:27,347 : INFO : ConfigProcessor : Loading config from cache: C:\Users\White\AppData\Local\Temp\2151caa0419aeb1e56d3d8934477383e.mpf_cache
2025-10-24 23:48:27,349 : INFO : ConfigProcessor : Loading config from cache: C:\Users\White\AppData\Local\Temp\17003635873251b4f6841bf4ab3bdcdd.mpf_cache
2025-10-24 23:48:27,350 : INFO : ConfigProcessor : Loading config from cache: C:\Users\White\AppData\Local\Temp\f70c640a816343cb9040222d7a9269d3.mpf_cache
2025-10-24 23:48:27,352 : INFO : ConfigProcessor : Loading config from cache: C:\Users\White\AppData\Local\Temp\30922048be1d0c17ea15fc75f7fbfe10.mpf_cache
2025-10-24 23:48:27,353 : INFO : ConfigProcessor : Loading config from cache: C:\Users\White\AppData\Local\Temp\58d7809d3d969de03aaf131fc45863f8.mpf_cache
2025-10-24 23:48:27,355 : INFO : ConfigProcessor : Loading config from cache: C:\Users\White\AppData\Local\Temp\d380fa2863f93e197660f0281ffd272b.mpf_cache
2025-10-24 23:48:27,356 : INFO : ConfigProcessor : Loading config from cache: C:\Users\White\AppData\Local\Temp\88e41ae7dcea899a043a2f63da55a8b7.mpf_cache
2025-10-24 23:48:27,357 : INFO : Machine : Mission Pinball Framework Core Engine v0.80.0.dev9
2025-10-24 23:48:27,357 : INFO : Machine : Command line arguments: {'no_load_cache': False, 'create_config_cache': True, 'bcp': True, 'configfile': ['config.yaml'], 'force_assets_load': False, 'platform_integration_test': False, 'jsonlogging': False, 'logfile': 'logs\\2025-10-24-23-48-27-mpf-TopGunPinball.log', 'pause': False, 'production': False, 'text_ui': False, 'loglevel': 15, 'consoleloglevel': 20, 'force_platform': 'virtual', 'syslog_address': None, 'full_logfile_path': 'C:\\Users\\White\\Documents\\Top_Gun_Pinball\\logs\\2025-10-24-23-48-27-mpf-TopGunPinball.log'}
2025-10-24 23:48:27,357 : INFO : Machine : MPF path: C:\Users\White\mpf\Lib\site-packages\mpf
2025-10-24 23:48:27,357 : INFO : Machine : Machine path: C:\Users\White\Documents\Top_Gun_Pinball
2025-10-24 23:48:27,357 : INFO : Machine : Platform: win32
2025-10-24 23:48:27,357 : INFO : Machine : Python executable location: C:\Users\White\mpf\Scripts\python.exe
2025-10-24 23:48:27,357 : INFO : Machine : Python version: 3.12.7 (64-bit)
2025-10-24 23:48:27,360 : INFO : Machine : Initializing MPF...
2025-10-24 23:48:27,450 : INFO : EventManager : Event: ======'machine_var_credits_string'====== Args={'value': 'FREE PLAY', 'prev_value': None, 'change': True}
2025-10-24 23:48:27,481 : INFO : EventManager : Event: ======'machine_var_master_volume'====== Args={'value': 0.5, 'prev_value': None, 'change': True}
2025-10-24 23:48:27,481 : INFO : EventManager : Event: ======'machine_var_player1_score'====== Args={'value': 2229000, 'prev_value': None, 'change': True}
2025-10-24 23:48:27,481 : INFO : EventManager : Event: ======'machine_var_mpf_version'====== Args={'value': 'Mission Pinball Framework v0.80.0.dev9', 'prev_value': None, 'change': True}
2025-10-24 23:48:27,481 : INFO : EventManager : Event: ======'machine_var_mpf_extended_version'====== Args={'value': 'Mission Pinball Framework v0.80.0.dev9, Config version:6, Show version: 6, BCP version:1.1', 'prev_value': None, 'change': True}
2025-10-24 23:48:27,481 : INFO : EventManager : Event: ======'machine_var_python_version'====== Args={'value': '3.12.7', 'prev_value': None, 'change': True}
2025-10-24 23:48:27,622 : INFO : EventManager : Event: ======'machine_var_platform'====== Args={'value': 'Windows-11-10.0.26100-SP0', 'prev_value': None, 'change': True}
2025-10-24 23:48:27,622 : INFO : EventManager : Event: ======'machine_var_platform_system'====== Args={'value': 'Windows', 'prev_value': None, 'change': True}
2025-10-24 23:48:27,622 : INFO : EventManager : Event: ======'machine_var_platform_release'====== Args={'value': '11', 'prev_value': None, 'change': True}
2025-10-24 23:48:27,623 : INFO : EventManager : Event: ======'machine_var_platform_version'====== Args={'value': '10.0.26100', 'prev_value': None, 'change': True}
2025-10-24 23:48:27,623 : INFO : EventManager : Event: ======'machine_var_platform_machine'====== Args={'value': 'AMD64', 'prev_value': None, 'change': True}
2025-10-24 23:48:27,623 : INFO : EventManager : Event: ======'machine_var_log_file_path'====== Args={'value': 'C:\\Users\\White\\Documents\\Top_Gun_Pinball\\logs\\2025-10-24-23-48-27-mpf-TopGunPinball.log', 'prev_value': None, 'change': True}
2025-10-24 23:48:27,623 : INFO : EventManager : Event: ======'init_phase_1'====== Args={}
2025-10-24 23:48:27,667 : INFO : EventManager : Event: ======'init_phase_2'====== Args={}
2025-10-24 23:48:27,668 : INFO : SwitchController : Found active switch: ('playfield_board_lower-3208-0', <Platform.Virtual>) <switch.s_trough_1>
2025-10-24 23:48:27,668 : INFO : SwitchController : Found active switch: ('playfield_board_lower-3208-1', <Platform.Virtual>) <switch.s_trough_2>
2025-10-24 23:48:27,668 : INFO : SwitchController : Found active switch: ('playfield_board_lower-3208-2', <Platform.Virtual>) <switch.s_trough_3>
2025-10-24 23:48:27,668 : INFO : SwitchController : Found active switch: ('playfield_board_lower-3208-3', <Platform.Virtual>) <switch.s_trough_4>
2025-10-24 23:48:27,668 : INFO : SwitchController : Found active switch: ('playfield_board_lower-3208-4', <Platform.Virtual>) <switch.s_trough_5>
2025-10-24 23:48:27,668 : INFO : SwitchController : Found active switch: ('playfield_board_lower-3208-5', <Platform.Virtual>) <switch.s_trough_6>
2025-10-24 23:48:27,682 : INFO : EventManager : Event: ======'bcp_connection_attempt'====== Args={'name': 'local_display', 'host': 'localhost', 'port': 5050}
2025-10-24 23:48:27,685 : INFO : BCPClientSocket : Connecting BCP to 'local_display' at localhost:5050...
2025-10-24 23:48:27,696 : INFO : BCPClientSocket : Connected BCP to 'local_display' localhost:5050
2025-10-24 23:48:27,697 : INFO : EventManager : Event: ======'bcp_clients_connected'====== Args={}
2025-10-24 23:48:27,697 : INFO : ball_device.bd_plunger : BCH: Initial count: 0
2025-10-24 23:48:27,699 : INFO : ball_device.bd_plunger : State: idle
2025-10-24 23:48:27,699 : INFO : ball_device.bd_trough : BCH: Initial count: 6
2025-10-24 23:48:27,699 : INFO : ball_device.bd_trough : State: idle
2025-10-24 23:48:27,700 : INFO : ball_device.bd_lock_elevator : BCH: Initial count: 0
2025-10-24 23:48:27,700 : INFO : ball_device.bd_lock_elevator : State: idle
2025-10-24 23:48:27,700 : INFO : ball_device.bd_mode_scoop : BCH: Initial count: 0
2025-10-24 23:48:27,700 : INFO : ball_device.bd_mode_scoop : State: idle
2025-10-24 23:48:27,723 : INFO : EventManager : Event: ======'init_phase_3'====== Args={}
2025-10-24 23:48:28,249 : INFO : EventManager : Event: ======'init_phase_4'====== Args={}
2025-10-24 23:48:28,249 : INFO : BallController : Initial balls found: 6
2025-10-24 23:48:28,250 : INFO : EventManager : Event: ======'machine_var_audits_events_game_ended'====== Args={'value': 2, 'prev_value': None, 'change': True}
2025-10-24 23:48:28,251 : INFO : EventManager : Event: ======'machine_var_audits_events_game_started'====== Args={'value': 236, 'prev_value': None, 'change': True}
2025-10-24 23:48:28,251 : INFO : EventManager : Event: ======'machine_var_audits_missing_switches_s_a_iceman_target'====== Args={'value': 6, 'prev_value': None, 'change': True}
2025-10-24 23:48:28,251 : INFO : EventManager : Event: ======'machine_var_audits_missing_switches_s_barrier_target'====== Args={'value': 11, 'prev_value': None, 'change': True}
2025-10-24 23:48:28,251 : INFO : EventManager : Event: ======'machine_var_audits_missing_switches_s_bumper_center'====== Args={'value': 29, 'prev_value': None, 'change': True}
2025-10-24 23:48:28,251 : INFO : EventManager : Event: ======'machine_var_audits_missing_switches_s_bumper_left'====== Args={'value': 8, 'prev_value': None, 'change': True}
2025-10-24 23:48:28,251 : INFO : EventManager : Event: ======'machine_var_audits_missing_switches_s_bumper_right'====== Args={'value': 29, 'prev_value': None, 'change': True}
2025-10-24 23:48:28,251 : INFO : EventManager : Event: ======'machine_var_audits_missing_switches_s_c_iceman_target'====== Args={'value': 70, 'prev_value': None, 'change': True}
2025-10-24 23:48:28,251 : INFO : EventManager : Event: ======'machine_var_audits_missing_switches_s_c_lock_target'====== Args={'value': 120, 'prev_value': None, 'change': True}
2025-10-24 23:48:28,251 : INFO : EventManager : Event: ======'machine_var_audits_missing_switches_s_coin_door'====== Args={'value': 123, 'prev_value': None, 'change': True}
2025-10-24 23:48:28,251 : INFO : EventManager : Event: ======'machine_var_audits_missing_switches_s_coin_door_credit_left'====== Args={'value': 30, 'prev_value': None, 'change': True}
2025-10-24 23:48:28,251 : INFO : EventManager : Event: ======'machine_var_audits_missing_switches_s_coin_door_credit_right'====== Args={'value': 30, 'prev_value': None, 'change': True}
2025-10-24 23:48:28,252 : INFO : EventManager : Event: ======'machine_var_audits_missing_switches_s_coin_door_service_1'====== Args={'value': 123, 'prev_value': None, 'change': True}
2025-10-24 23:48:28,252 : INFO : EventManager : Event: ======'machine_var_audits_missing_switches_s_coin_door_service_2'====== Args={'value': 123, 'prev_value': None, 'change': True}
2025-10-24 23:48:28,252 : INFO : EventManager : Event: ======'machine_var_audits_missing_switches_s_coin_door_service_3'====== Args={'value': 123, 'prev_value': None, 'change': True}
2025-10-24 23:48:28,252 : INFO : EventManager : Event: ======'machine_var_audits_missing_switches_s_coin_door_service_4'====== Args={'value': 123, 'prev_value': None, 'change': True}
2025-10-24 23:48:28,252 : INFO : EventManager : Event: ======'machine_var_audits_missing_switches_s_e_iceman_target'====== Args={'value': 7, 'prev_value': None, 'change': True}
2025-10-24 23:48:28,252 : INFO : EventManager : Event: ======'machine_var_audits_missing_switches_s_flight_gear_target'====== Args={'value': 7, 'prev_value': None, 'change': True}
2025-10-24 23:48:28,252 : INFO : EventManager : Event: ======'machine_var_audits_missing_switches_s_flipper_left'====== Args={'value': 181, 'prev_value': None, 'change': True}
2025-10-24 23:48:28,252 : INFO : EventManager : Event: ======'machine_var_audits_missing_switches_s_flipper_left_eos'====== Args={'value': 183, 'prev_value': None, 'change': True}
2025-10-24 23:48:28,252 : INFO : EventManager : Event: ======'machine_var_audits_missing_switches_s_flipper_left_upper'====== Args={'value': 185, 'prev_value': None, 'change': True}
2025-10-24 23:48:28,252 : INFO : EventManager : Event: ======'machine_var_audits_missing_switches_s_flipper_left_upper_eos'====== Args={'value': 183, 'prev_value': None, 'change': True}
2025-10-24 23:48:28,252 : INFO : EventManager : Event: ======'machine_var_audits_missing_switches_s_flipper_right'====== Args={'value': 119, 'prev_value': None, 'change': True}
2025-10-24 23:48:28,252 : INFO : EventManager : Event: ======'machine_var_audits_missing_switches_s_flipper_right_eos'====== Args={'value': 183, 'prev_value': None, 'change': True}
2025-10-24 23:48:28,252 : INFO : EventManager : Event: ======'machine_var_audits_missing_switches_s_i_iceman_target'====== Args={'value': 7, 'prev_value': None, 'change': True}
2025-10-24 23:48:28,252 : INFO : EventManager : Event: ======'machine_var_audits_missing_switches_s_inlane_left'====== Args={'value': 116, 'prev_value': None, 'change': True}
2025-10-24 23:48:28,252 : INFO : EventManager : Event: ======'machine_var_audits_missing_switches_s_inner_inlane_right'====== Args={'value': 120, 'prev_value': None, 'change': True}
2025-10-24 23:48:28,252 : INFO : EventManager : Event: ======'machine_var_audits_missing_switches_s_jam'====== Args={'value': 122, 'prev_value': None, 'change': True}
2025-10-24 23:48:28,252 : INFO : EventManager : Event: ======'machine_var_audits_missing_switches_s_k_lock_target'====== Args={'value': 120, 'prev_value': None, 'change': True}
2025-10-24 23:48:28,252 : INFO : EventManager : Event: ======'machine_var_audits_missing_switches_s_l_lock_target'====== Args={'value': 120, 'prev_value': None, 'change': True}
2025-10-24 23:48:28,252 : INFO : EventManager : Event: ======'machine_var_audits_missing_switches_s_lock_goose'====== Args={'value': 185, 'prev_value': None, 'change': True}
2025-10-24 23:48:28,252 : INFO : EventManager : Event: ======'machine_var_audits_missing_switches_s_lock_mav'====== Args={'value': 185, 'prev_value': None, 'change': True}
2025-10-24 23:48:28,253 : INFO : EventManager : Event: ======'machine_var_audits_missing_switches_s_lock_plunger'====== Args={'value': 19, 'prev_value': None, 'change': True}
2025-10-24 23:48:28,253 : INFO : EventManager : Event: ======'machine_var_audits_missing_switches_s_m_iceman_target'====== Args={'value': 110, 'prev_value': None, 'change': True}
2025-10-24 23:48:28,253 : INFO : EventManager : Event: ======'machine_var_audits_missing_switches_s_mig_lane_right'====== Args={'value': 20, 'prev_value': None, 'change': True}
2025-10-24 23:48:28,253 : INFO : EventManager : Event: ======'machine_var_audits_missing_switches_s_mode_start'====== Args={'value': 185, 'prev_value': None, 'change': True}
2025-10-24 23:48:28,253 : INFO : EventManager : Event: ======'machine_var_audits_missing_switches_s_n_iceman_target'====== Args={'value': 7, 'prev_value': None, 'change': True}
2025-10-24 23:48:28,253 : INFO : EventManager : Event: ======'machine_var_audits_missing_switches_s_o_lock_target'====== Args={'value': 120, 'prev_value': None, 'change': True}
2025-10-24 23:48:28,253 : INFO : EventManager : Event: ======'machine_var_audits_missing_switches_s_orbit_left'====== Args={'value': 8, 'prev_value': None, 'change': True}
2025-10-24 23:48:28,253 : INFO : EventManager : Event: ======'machine_var_audits_missing_switches_s_orbit_lower'====== Args={'value': 20, 'prev_value': None, 'change': True}
2025-10-24 23:48:28,253 : INFO : EventManager : Event: ======'machine_var_audits_missing_switches_s_orbit_right'====== Args={'value': 20, 'prev_value': None, 'change': True}
2025-10-24 23:48:28,253 : INFO : EventManager : Event: ======'machine_var_audits_missing_switches_s_orbit_upper'====== Args={'value': 11, 'prev_value': None, 'change': True}
2025-10-24 23:48:28,253 : INFO : EventManager : Event: ======'machine_var_audits_missing_switches_s_outer_inlane_right'====== Args={'value': 118, 'prev_value': None, 'change': True}
2025-10-24 23:48:28,253 : INFO : EventManager : Event: ======'machine_var_audits_missing_switches_s_outlane_left'====== Args={'value': 185, 'prev_value': None, 'change': True}
2025-10-24 23:48:28,253 : INFO : EventManager : Event: ======'machine_var_audits_missing_switches_s_outlane_right'====== Args={'value': 122, 'prev_value': None, 'change': True}
2025-10-24 23:48:28,253 : INFO : EventManager : Event: ======'machine_var_audits_missing_switches_s_plunger_lane'====== Args={'value': 10, 'prev_value': None, 'change': True}
2025-10-24 23:48:28,253 : INFO : EventManager : Event: ======'machine_var_audits_missing_switches_s_ramp_inner_exit'====== Args={'value': 10, 'prev_value': None, 'change': True}
2025-10-24 23:48:28,254 : INFO : EventManager : Event: ======'machine_var_audits_missing_switches_s_ramp_left_exit'====== Args={'value': 185, 'prev_value': None, 'change': True}
2025-10-24 23:48:28,254 : INFO : EventManager : Event: ======'machine_var_audits_missing_switches_s_ramp_right_exit'====== Args={'value': 185, 'prev_value': None, 'change': True}
2025-10-24 23:48:28,254 : INFO : EventManager : Event: ======'machine_var_audits_missing_switches_s_ramp_tower_exit'====== Args={'value': 11, 'prev_value': None, 'change': True}
2025-10-24 23:48:28,254 : INFO : EventManager : Event: ======'machine_var_audits_missing_switches_s_slingshot_left'====== Args={'value': 120, 'prev_value': None, 'change': True}
2025-10-24 23:48:28,254 : INFO : EventManager : Event: ======'machine_var_audits_missing_switches_s_slingshot_right'====== Args={'value': 120, 'prev_value': None, 'change': True}
2025-10-24 23:48:28,254 : INFO : EventManager : Event: ======'machine_var_audits_missing_switches_s_spinner'====== Args={'value': 7, 'prev_value': None, 'change': True}
2025-10-24 23:48:28,254 : INFO : EventManager : Event: ======'machine_var_audits_missing_switches_s_tilt'====== Args={'value': 123, 'prev_value': None, 'change': True}
2025-10-24 23:48:28,254 : INFO : EventManager : Event: ======'machine_var_audits_missing_switches_s_trough_1'====== Args={'value': 161, 'prev_value': None, 'change': True}
2025-10-24 23:48:28,254 : INFO : EventManager : Event: ======'machine_var_audits_missing_switches_s_trough_2'====== Args={'value': 161, 'prev_value': None, 'change': True}
2025-10-24 23:48:28,254 : INFO : EventManager : Event: ======'machine_var_audits_missing_switches_s_trough_3'====== Args={'value': 161, 'prev_value': None, 'change': True}
2025-10-24 23:48:28,254 : INFO : EventManager : Event: ======'machine_var_audits_missing_switches_s_trough_4'====== Args={'value': 236, 'prev_value': None, 'change': True}
2025-10-24 23:48:28,254 : INFO : EventManager : Event: ======'machine_var_audits_missing_switches_s_trough_5'====== Args={'value': 236, 'prev_value': None, 'change': True}
2025-10-24 23:48:28,254 : INFO : EventManager : Event: ======'machine_var_audits_missing_switches_s_trough_6'====== Args={'value': 7, 'prev_value': None, 'change': True}
2025-10-24 23:48:28,254 : INFO : EventManager : Event: ======'machine_var_audits_player_score'====== Args={'value': {'average': 787666, 'top': [2229000, 73000, 61000], 'total': 3}, 'prev_value': None, 'change': True}
2025-10-24 23:48:28,255 : INFO : EventManager : Event: ======'machine_var_audits_shots_bumper_center'====== Args={'value': 498, 'prev_value': None, 'change': True}
2025-10-24 23:48:28,255 : INFO : EventManager : Event: ======'machine_var_audits_shots_bumper_left'====== Args={'value': 523, 'prev_value': None, 'change': True}
2025-10-24 23:48:28,255 : INFO : EventManager : Event: ======'machine_var_audits_shots_bumper_right'====== Args={'value': 369, 'prev_value': None, 'change': True}
2025-10-24 23:48:28,255 : INFO : EventManager : Event: ======'machine_var_audits_shots_mig_lane_left'====== Args={'value': 82, 'prev_value': None, 'change': True}
2025-10-24 23:48:28,255 : INFO : EventManager : Event: ======'machine_var_audits_shots_mig_lane_right'====== Args={'value': 13, 'prev_value': None, 'change': True}
2025-10-24 23:48:28,255 : INFO : EventManager : Event: ======'machine_var_audits_shots_orbit_upper'====== Args={'value': 13, 'prev_value': None, 'change': True}
2025-10-24 23:48:28,255 : INFO : EventManager : Event: ======'machine_var_audits_shots_ramp_inner'====== Args={'value': 36, 'prev_value': None, 'change': True}
2025-10-24 23:48:28,255 : INFO : EventManager : Event: ======'machine_var_audits_shots_spinner'====== Args={'value': 5, 'prev_value': None, 'change': True}
2025-10-24 23:48:28,255 : INFO : EventManager : Event: ======'machine_var_audits_switches_s_a_iceman_target'====== Args={'value': 27, 'prev_value': None, 'change': True}
2025-10-24 23:48:28,255 : INFO : EventManager : Event: ======'machine_var_audits_switches_s_barrier_target'====== Args={'value': 7, 'prev_value': None, 'change': True}
2025-10-24 23:48:28,255 : INFO : EventManager : Event: ======'machine_var_audits_switches_s_bumper_center'====== Args={'value': 518, 'prev_value': None, 'change': True}
2025-10-24 23:48:28,255 : INFO : EventManager : Event: ======'machine_var_audits_switches_s_bumper_left'====== Args={'value': 554, 'prev_value': None, 'change': True}
2025-10-24 23:48:28,255 : INFO : EventManager : Event: ======'machine_var_audits_switches_s_bumper_right'====== Args={'value': 375, 'prev_value': None, 'change': True}
2025-10-24 23:48:28,255 : INFO : EventManager : Event: ======'machine_var_audits_switches_s_c_iceman_target'====== Args={'value': 41, 'prev_value': None, 'change': True}
2025-10-24 23:48:28,255 : INFO : EventManager : Event: ======'machine_var_audits_switches_s_c_lock_target'====== Args={'value': 4, 'prev_value': None, 'change': True}
2025-10-24 23:48:28,256 : INFO : EventManager : Event: ======'machine_var_audits_switches_s_coin_door'====== Args={'value': 0, 'prev_value': None, 'change': True}
2025-10-24 23:48:28,256 : INFO : EventManager : Event: ======'machine_var_audits_switches_s_coin_door_credit_left'====== Args={'value': 0, 'prev_value': None, 'change': True}
2025-10-24 23:48:28,256 : INFO : EventManager : Event: ======'machine_var_audits_switches_s_coin_door_credit_right'====== Args={'value': 0, 'prev_value': None, 'change': True}
2025-10-24 23:48:28,256 : INFO : EventManager : Event: ======'machine_var_audits_switches_s_coin_door_service_1'====== Args={'value': 0, 'prev_value': None, 'change': True}
2025-10-24 23:48:28,256 : INFO : EventManager : Event: ======'machine_var_audits_switches_s_coin_door_service_2'====== Args={'value': 0, 'prev_value': None, 'change': True}
2025-10-24 23:48:28,256 : INFO : EventManager : Event: ======'machine_var_audits_switches_s_coin_door_service_3'====== Args={'value': 0, 'prev_value': None, 'change': True}
2025-10-24 23:48:28,256 : INFO : EventManager : Event: ======'machine_var_audits_switches_s_coin_door_service_4'====== Args={'value': 0, 'prev_value': None, 'change': True}
2025-10-24 23:48:28,256 : INFO : EventManager : Event: ======'machine_var_audits_switches_s_e_iceman_target'====== Args={'value': 46, 'prev_value': None, 'change': True}
2025-10-24 23:48:28,256 : INFO : EventManager : Event: ======'machine_var_audits_switches_s_flight_gear_target'====== Args={'value': 18, 'prev_value': None, 'change': True}
2025-10-24 23:48:28,256 : INFO : EventManager : Event: ======'machine_var_audits_switches_s_flipper_left'====== Args={'value': 9, 'prev_value': None, 'change': True}
2025-10-24 23:48:28,256 : INFO : EventManager : Event: ======'machine_var_audits_switches_s_flipper_left_eos'====== Args={'value': 0, 'prev_value': None, 'change': True}
2025-10-24 23:48:28,256 : INFO : EventManager : Event: ======'machine_var_audits_switches_s_flipper_left_upper'====== Args={'value': 0, 'prev_value': None, 'change': True}
2025-10-24 23:48:28,256 : INFO : EventManager : Event: ======'machine_var_audits_switches_s_flipper_left_upper_eos'====== Args={'value': 0, 'prev_value': None, 'change': True}
2025-10-24 23:48:28,256 : INFO : EventManager : Event: ======'machine_var_audits_switches_s_flipper_right'====== Args={'value': 17, 'prev_value': None, 'change': True}
2025-10-24 23:48:28,256 : INFO : EventManager : Event: ======'machine_var_audits_switches_s_flipper_right_eos'====== Args={'value': 0, 'prev_value': None, 'change': True}
2025-10-24 23:48:28,256 : INFO : EventManager : Event: ======'machine_var_audits_switches_s_i_iceman_target'====== Args={'value': 9, 'prev_value': None, 'change': True}
2025-10-24 23:48:28,256 : INFO : EventManager : Event: ======'machine_var_audits_switches_s_inlane_left'====== Args={'value': 53, 'prev_value': None, 'change': True}
2025-10-24 23:48:28,256 : INFO : EventManager : Event: ======'machine_var_audits_switches_s_inner_inlane_right'====== Args={'value': 3, 'prev_value': None, 'change': True}
2025-10-24 23:48:28,256 : INFO : EventManager : Event: ======'machine_var_audits_switches_s_jam'====== Args={'value': 1, 'prev_value': None, 'change': True}
2025-10-24 23:48:28,256 : INFO : EventManager : Event: ======'machine_var_audits_switches_s_k_lock_target'====== Args={'value': 5, 'prev_value': None, 'change': True}
2025-10-24 23:48:28,257 : INFO : EventManager : Event: ======'machine_var_audits_switches_s_l_lock_target'====== Args={'value': 5, 'prev_value': None, 'change': True}
2025-10-24 23:48:28,257 : INFO : EventManager : Event: ======'machine_var_audits_switches_s_lane_left'====== Args={'value': 140, 'prev_value': None, 'change': True}
2025-10-24 23:48:28,257 : INFO : EventManager : Event: ======'machine_var_audits_switches_s_lane_right'====== Args={'value': 120, 'prev_value': None, 'change': True}
2025-10-24 23:48:28,257 : INFO : EventManager : Event: ======'machine_var_audits_switches_s_lock_goose'====== Args={'value': 0, 'prev_value': None, 'change': True}
2025-10-24 23:48:28,257 : INFO : EventManager : Event: ======'machine_var_audits_switches_s_lock_mav'====== Args={'value': 0, 'prev_value': None, 'change': True}
2025-10-24 23:48:28,257 : INFO : EventManager : Event: ======'machine_var_audits_switches_s_lock_plunger'====== Args={'value': 3, 'prev_value': None, 'change': True}
2025-10-24 23:48:28,257 : INFO : EventManager : Event: ======'machine_var_audits_switches_s_m_iceman_target'====== Args={'value': 25, 'prev_value': None, 'change': True}
2025-10-24 23:48:28,257 : INFO : EventManager : Event: ======'machine_var_audits_switches_s_mig_lane_left'====== Args={'value': 113, 'prev_value': None, 'change': True}
2025-10-24 23:48:28,257 : INFO : EventManager : Event: ======'machine_var_audits_switches_s_mig_lane_right'====== Args={'value': 16, 'prev_value': None, 'change': True}
2025-10-24 23:48:28,257 : INFO : EventManager : Event: ======'machine_var_audits_switches_s_mode_start'====== Args={'value': 0, 'prev_value': None, 'change': True}
2025-10-24 23:48:28,257 : INFO : EventManager : Event: ======'machine_var_audits_switches_s_n_iceman_target'====== Args={'value': 35, 'prev_value': None, 'change': True}
2025-10-24 23:48:28,257 : INFO : EventManager : Event: ======'machine_var_audits_switches_s_o_lock_target'====== Args={'value': 5, 'prev_value': None, 'change': True}
2025-10-24 23:48:28,257 : INFO : EventManager : Event: ======'machine_var_audits_switches_s_orbit_left'====== Args={'value': 56, 'prev_value': None, 'change': True}
2025-10-24 23:48:28,257 : INFO : EventManager : Event: ======'machine_var_audits_switches_s_orbit_lower'====== Args={'value': 2, 'prev_value': None, 'change': True}
2025-10-24 23:48:28,257 : INFO : EventManager : Event: ======'machine_var_audits_switches_s_orbit_right'====== Args={'value': 15, 'prev_value': None, 'change': True}
2025-10-24 23:48:28,257 : INFO : EventManager : Event: ======'machine_var_audits_switches_s_orbit_upper'====== Args={'value': 15, 'prev_value': None, 'change': True}
2025-10-24 23:48:28,257 : INFO : EventManager : Event: ======'machine_var_audits_switches_s_outer_inlane_right'====== Args={'value': 5, 'prev_value': None, 'change': True}
2025-10-24 23:48:28,257 : INFO : EventManager : Event: ======'machine_var_audits_switches_s_outlane_left'====== Args={'value': 0, 'prev_value': None, 'change': True}
2025-10-24 23:48:28,257 : INFO : EventManager : Event: ======'machine_var_audits_switches_s_outlane_right'====== Args={'value': 4, 'prev_value': None, 'change': True}
2025-10-24 23:48:28,257 : INFO : EventManager : Event: ======'machine_var_audits_switches_s_plunger_lane'====== Args={'value': 46, 'prev_value': None, 'change': True}
2025-10-24 23:48:28,257 : INFO : EventManager : Event: ======'machine_var_audits_switches_s_ramp_inner_exit'====== Args={'value': 38, 'prev_value': None, 'change': True}
2025-10-24 23:48:28,257 : INFO : EventManager : Event: ======'machine_var_audits_switches_s_ramp_left_exit'====== Args={'value': 0, 'prev_value': None, 'change': True}
2025-10-24 23:48:28,257 : INFO : EventManager : Event: ======'machine_var_audits_switches_s_ramp_right_exit'====== Args={'value': 0, 'prev_value': None, 'change': True}
2025-10-24 23:48:28,258 : INFO : EventManager : Event: ======'machine_var_audits_switches_s_ramp_tower_exit'====== Args={'value': 5, 'prev_value': None, 'change': True}
2025-10-24 23:48:28,258 : INFO : EventManager : Event: ======'machine_var_audits_switches_s_shooter_lane'====== Args={'value': 183, 'prev_value': None, 'change': True}
2025-10-24 23:48:28,258 : INFO : EventManager : Event: ======'machine_var_audits_switches_s_slingshot_left'====== Args={'value': 8, 'prev_value': None, 'change': True}
2025-10-24 23:48:28,260 : INFO : EventManager : Event: ======'machine_var_audits_switches_s_slingshot_right'====== Args={'value': 7, 'prev_value': None, 'change': True}
2025-10-24 23:48:28,260 : INFO : EventManager : Event: ======'machine_var_audits_switches_s_spinner'====== Args={'value': 53, 'prev_value': None, 'change': True}
2025-10-24 23:48:28,260 : INFO : EventManager : Event: ======'machine_var_audits_switches_s_start'====== Args={'value': 157, 'prev_value': None, 'change': True}
2025-10-24 23:48:28,260 : INFO : EventManager : Event: ======'machine_var_audits_switches_s_tilt'====== Args={'value': 0, 'prev_value': None, 'change': True}
2025-10-24 23:48:28,260 : INFO : EventManager : Event: ======'machine_var_audits_switches_s_trough_1'====== Args={'value': 2, 'prev_value': None, 'change': True}
2025-10-24 23:48:28,260 : INFO : EventManager : Event: ======'machine_var_audits_switches_s_trough_2'====== Args={'value': 1, 'prev_value': None, 'change': True}
2025-10-24 23:48:28,260 : INFO : EventManager : Event: ======'machine_var_audits_switches_s_trough_3'====== Args={'value': 1, 'prev_value': None, 'change': True}
2025-10-24 23:48:28,260 : INFO : EventManager : Event: ======'machine_var_audits_switches_s_trough_4'====== Args={'value': 0, 'prev_value': None, 'change': True}
2025-10-24 23:48:28,260 : INFO : EventManager : Event: ======'machine_var_audits_switches_s_trough_5'====== Args={'value': 0, 'prev_value': None, 'change': True}
2025-10-24 23:48:28,260 : INFO : EventManager : Event: ======'machine_var_audits_switches_s_trough_6'====== Args={'value': 143, 'prev_value': None, 'change': True}
2025-10-24 23:48:28,261 : INFO : EventManager : Event: ======'init_phase_5'====== Args={}
2025-10-24 23:48:28,261 : INFO : EventManager : Event: ======'init_done'====== Args={}
2025-10-24 23:48:28,261 : INFO : EventManager : Event: ======'machine_reset_phase_1'====== Args={}
2025-10-24 23:48:28,268 : INFO : EventManager : Event: ======'machine_reset_phase_2'====== Args={}
2025-10-24 23:48:28,268 : INFO : EventManager : Event: ======'machine_reset_phase_3'====== Args={}
2025-10-24 23:48:28,268 : INFO : EventManager : Event: ======'reset_complete'====== Args={}
2025-10-24 23:48:28,268 : INFO : EventManager : Event: ======'mode_attract_will_start'====== Args={}
2025-10-24 23:48:28,268 : INFO : Timer.attract_carousel_timer : Starting Timer.
2025-10-24 23:48:28,268 : INFO : EventManager : Event: ======'timer_attract_carousel_timer_started'====== Args={'ticks': 0, 'ticks_remaining': 1}
2025-10-24 23:48:28,268 : INFO : EventManager : Event: ======'timer_attract_carousel_timer_tick'====== Args={'ticks': 0, 'ticks_remaining': 1}
2025-10-24 23:48:28,270 : INFO : EventManager : Event: ======'mode_attract_starting'====== Args={}
2025-10-24 23:48:28,270 : INFO : Mode.attract : Started. Priority: 10
2025-10-24 23:48:28,270 : INFO : EventManager : Event: ======'modes_active_modes_changed'====== Args={}
2025-10-24 23:48:28,270 : INFO : EventManager : Event: ======'mode_attract_started'====== Args={}
2025-10-24 23:48:28,270 : INFO : EventManager : Event: ======'attract_cycle_step1'====== Args={'priority': 0}
2025-10-24 23:48:28,270 : INFO : EventManager : Event: ======'collecting_balls_complete'====== Args={}
2025-10-24 23:48:28,271 : INFO : EventManager : Event: ======'item_highlighted'====== Args={'carousel': 'attract', 'direction': None, 'item': 'title'}
2025-10-24 23:48:28,271 : INFO : EventManager : Event: ======'timer_attract_carousel_timer_tick'====== Args={'ticks': 0, 'ticks_remaining': 1}
2025-10-24 23:48:28,271 : INFO : Machine : Starting the main run loop with active modes: [<Mode.attract>]
2025-10-24 23:48:28,347 : INFO : EventManager : Event: ======'slide_attract_created'====== Args={'_from_bcp': True}
2025-10-24 23:48:28,348 : INFO : EventManager : Event: ======'slide__removed'====== Args={'_from_bcp': True}
2025-10-24 23:48:28,348 : INFO : EventManager : Event: ======'slide_attract_active'====== Args={'original_context': 'attract', 'original_calling_context': 'mode_attract_started', 'priority': 10.0, 'cmd': 'slides_play', '_from_bcp': True}
2025-10-24 23:48:28,980 : INFO : BcpServer : New client connected.
2025-10-24 23:48:32,406 : INFO : SwitchController : <<<<<<< 's_start' active >>>>>>>
2025-10-24 23:48:32,524 : INFO : SwitchController : <<<<<<< 's_start' inactive >>>>>>>
2025-10-24 23:48:32,524 : INFO : EventManager : Event: ======'request_to_start_game'====== Args={}
2025-10-24 23:48:32,526 : INFO : EventManager : Event: ======'game_start'====== Args={'buttons': [], 'hold_time': 0.125}
2025-10-24 23:48:32,526 : INFO : EventManager : Event: ======'mode_game_will_start'====== Args={'buttons': [], 'hold_time': 0.125}
2025-10-24 23:48:32,527 : INFO : EventManager : Event: ======'mode_game_starting'====== Args={'buttons': [], 'hold_time': 0.125}
2025-10-24 23:48:32,527 : INFO : EventManager : Event: ======'mode_attract_will_stop'====== Args={}
2025-10-24 23:48:32,527 : INFO : EventManager : Event: ======'mode_attract_stopping'====== Args={}
2025-10-24 23:48:32,527 : INFO : Mode.game : Started. Priority: 20
2025-10-24 23:48:32,527 : INFO : EventManager : Event: ======'modes_active_modes_changed'====== Args={}
2025-10-24 23:48:32,527 : INFO : EventManager : Event: ======'mode_game_started'====== Args={'buttons': [], 'hold_time': 0.125}
2025-10-24 23:48:32,529 : INFO : Mode.attract : Stopped.
2025-10-24 23:48:32,529 : INFO : EventManager : Event: ======'modes_active_modes_changed'====== Args={}
2025-10-24 23:48:32,529 : INFO : EventManager : Event: ======'mode_attract_stopped'====== Args={}
2025-10-24 23:48:32,529 : INFO : EventManager : Event: ======'clear'====== Args={'key': 'attract'}
2025-10-24 23:48:32,530 : INFO : Timer.attract_carousel_timer : Stopping Timer
2025-10-24 23:48:32,530 : INFO : EventManager : Event: ======'timer_attract_carousel_timer_stopped'====== Args={'ticks': 0, 'ticks_remaining': 1}
2025-10-24 23:48:32,530 : INFO : EventManager : Event: ======'game_will_start'====== Args={}
2025-10-24 23:48:32,531 : INFO : EventManager : Event: ======'game_starting'====== Args={'game': <Mode.game>}
2025-10-24 23:48:32,532 : INFO : EventManager : Unordered handler for class <Auditor> on event game_ended with priority 1. Handlers: [RegisteredHandler(callback=<bound method Auditor.disable of <Auditor>>, priority=1, kwargs={}, key=UUID('7327e21e-521f-46b8-afae-179bb8963d7c'), condition=None, blocking_facility=None), RegisteredHandler(callback=<bound method Auditor._save_audits of <Auditor>>, priority=1, kwargs={}, key=UUID('cb59e7a9-55c1-487b-b241-149ca88886fb'), condition=None, blocking_facility=None)]. The order of those handlers is not defined and they will be executed in random order. This might lead to race conditions and potential bugs.
2025-10-24 23:48:32,532 : INFO : EventManager : Event: ======'player_add_request'====== Args={}
2025-10-24 23:48:32,533 : INFO : EventManager : Event: ======'player_will_add'====== Args={'number': 1}
2025-10-24 23:48:32,534 : INFO : EventManager : Event: ======'player_adding'====== Args={'player': <Player 1>, 'number': 1}
2025-10-24 23:48:32,534 : INFO : EventManager : Event: ======'player_added'====== Args={'player': <Player 1>, 'num': 1}
2025-10-24 23:48:32,534 : INFO : Mode.game : Player added successfully. Total players: 1
2025-10-24 23:48:32,534 : INFO : EventManager : Event: ======'player_index'====== Args={'value': 0, 'prev_value': 0, 'change': 0, 'player_num': 1}
2025-10-24 23:48:32,535 : INFO : EventManager : Event: ======'player_number'====== Args={'value': 1, 'prev_value': 1, 'change': 0, 'player_num': 1}
2025-10-24 23:48:32,535 : INFO : EventManager : Event: ======'player_score'====== Args={'value': 0, 'prev_value': 0, 'change': 0, 'player_num': 1}
2025-10-24 23:48:32,535 : INFO : EventManager : Event: ======'game_started'====== Args={}
2025-10-24 23:48:32,536 : INFO : EventManager : Event: ======'player_turn_will_start'====== Args={'player': <Player 1>, 'number': 1}
2025-10-24 23:48:32,538 : INFO : EventManager : Event: ======'player_turn_starting'====== Args={'player': <Player 1>, 'number': 1}
2025-10-24 23:48:32,544 : INFO : EventManager : Event: ======'player_ball'====== Args={'value': 1, 'prev_value': 0, 'change': 1, 'player_num': 1}
2025-10-24 23:48:32,544 : INFO : EventManager : Event: ======'player_turn_started'====== Args={'player': <Player 1>, 'number': 1}
2025-10-24 23:48:32,545 : INFO : EventManager : Event: ======'ui_player_1_up'====== Args={'priority': 0}
2025-10-24 23:48:32,545 : INFO : EventManager : Event: ======'ball_will_start'====== Args={'player': 1, 'ball': 1, 'balls_remaining': 2, 'is_extra_ball': False}
2025-10-24 23:48:32,547 : INFO : EventManager : Event: ======'ball_starting'====== Args={'player': 1, 'ball': 1, 'balls_remaining': 2, 'is_extra_ball': False}
2025-10-24 23:48:32,548 : INFO : EventManager : Event: ======'mode_base_will_start'====== Args={'queue': <QueuedEvent>, 'player': 1, 'ball': 1, 'balls_remaining': 2, 'is_extra_ball': False}
2025-10-24 23:48:32,549 : INFO : EventManager : Event: ======'mode_base_starting'====== Args={'queue': <QueuedEvent>, 'player': 1, 'ball': 1, 'balls_remaining': 2, 'is_extra_ball': False}
2025-10-24 23:48:32,550 : INFO : Mode.base : Started. Priority: 100
2025-10-24 23:48:32,550 : INFO : EventManager : Event: ======'modes_active_modes_changed'====== Args={}
2025-10-24 23:48:32,551 : INFO : EventManager : Event: ======'mode_base_started'====== Args={'queue': <QueuedEvent>, 'player': 1, 'ball': 1, 'balls_remaining': 2, 'is_extra_ball': False}
2025-10-24 23:48:32,551 : INFO : EventManager : Event: ======'mode_pilot_mission_qualifier_will_start'====== Args={'queue': <QueuedEvent>, 'player': 1, 'ball': 1, 'balls_remaining': 2, 'is_extra_ball': False}
2025-10-24 23:48:32,563 : INFO : EventManager : Event: ======'mode_pilot_mission_qualifier_starting'====== Args={'queue': <QueuedEvent>, 'player': 1, 'ball': 1, 'balls_remaining': 2, 'is_extra_ball': False}
2025-10-24 23:48:32,564 : INFO : EventManager : Event: ======'start_mode_bumpers'====== Args={'priority': 0}
2025-10-24 23:48:32,564 : INFO : EventManager : Event: ======'mode_bumpers_will_start'====== Args={'priority': 0}
2025-10-24 23:48:32,564 : INFO : EventManager : Event: ======'player_shot_bumper_left_enabled'====== Args={'value': True, 'prev_value': 0, 'change': 1, 'player_num': 1}
2025-10-24 23:48:32,565 : INFO : EventManager : Event: ======'player_shot_bumper_center_enabled'====== Args={'value': True, 'prev_value': 0, 'change': 1, 'player_num': 1}
2025-10-24 23:48:32,565 : INFO : EventManager : Event: ======'player_shot_bumper_right_enabled'====== Args={'value': True, 'prev_value': 0, 'change': 1, 'player_num': 1}
2025-10-24 23:48:32,566 : INFO : EventManager : Event: ======'bumpers_complete'====== Args={'state': 'unlit'}
2025-10-24 23:48:32,566 : INFO : EventManager : Event: ======'bumpers_unlit_complete'====== Args={}
2025-10-24 23:48:32,567 : INFO : EventManager : Event: ======'mode_bumpers_starting'====== Args={'priority': 0}
2025-10-24 23:48:32,567 : INFO : Mode.bumpers : Started. Priority: 200
2025-10-24 23:48:32,567 : INFO : EventManager : Event: ======'modes_active_modes_changed'====== Args={}
2025-10-24 23:48:32,567 : INFO : EventManager : Event: ======'mode_bumpers_started'====== Args={'priority': 0}
2025-10-24 23:48:32,567 : INFO : Mode.pilot_mission_qualifier : Started. Priority: 200
2025-10-24 23:48:32,568 : INFO : EventManager : Event: ======'modes_active_modes_changed'====== Args={}
2025-10-24 23:48:32,568 : INFO : EventManager : Event: ======'mode_pilot_mission_qualifier_started'====== Args={'queue': <QueuedEvent>, 'player': 1, 'ball': 1, 'balls_remaining': 2, 'is_extra_ball': False}
2025-10-24 23:48:32,569 : INFO : EventManager : Event: ======'balls_in_play'====== Args={'balls': 1}
2025-10-24 23:48:32,570 : INFO : EventManager : Event: ======'ball_started'====== Args={'player': 1, 'ball': 1, 'balls_remaining': 2, 'is_extra_ball': False}
2025-10-24 23:48:32,571 : INFO : EventManager : Event: ======'single_player_ball_started'====== Args={}
2025-10-24 23:48:32,571 : INFO : EventManager : Event: ======'ball_start_target'====== Args={'target': 'playfield'}
2025-10-24 23:48:32,572 : INFO : ball_device.bd_plunger : Setting up player-controlled eject. Balls: 1, Target: <playfield.playfield>, player_controlled_eject_event: None
2025-10-24 23:48:32,572 : INFO : EventManager : Event: ======'balldevice_balls_available'====== Args={}
2025-10-24 23:48:32,573 : INFO : ball_device.bd_trough : State: waiting_for_target_ready
2025-10-24 23:48:32,574 : INFO : EventManager : Event: ======'balldevice_bd_trough_ball_eject_attempt'====== Args={'balls': 1, 'target': <ball_device.bd_plunger>, 'source': <ball_device.bd_trough>, 'mechanical_eject': True, 'num_attempts': 0}
2025-10-24 23:48:32,574 : INFO : ball_device.bd_plunger : State: waiting_for_ball
2025-10-24 23:48:32,574 : INFO : ball_device.bd_trough : State: ejecting
2025-10-24 23:48:32,574 : INFO : ball_device.bd_trough : Ejecting ball to <ball_device.bd_plunger>
2025-10-24 23:48:32,575 : INFO : EventManager : Event: ======'balldevice_bd_trough_ejecting_ball'====== Args={'balls': 1, 'target': <ball_device.bd_plunger>, 'source': <ball_device.bd_trough>, 'mechanical_eject': True, 'num_attempts': 0}
2025-10-24 23:48:32,575 : INFO : ball_device.bd_trough : Wait for ball to leave device
2025-10-24 23:48:32,576 : INFO : coil.c_trough_eject : Pulsing Driver for 10ms (0.75 pulse_power)
2025-10-24 23:48:32,655 : INFO : EventManager : Event: ======'slide_base_slide_created'====== Args={'_from_bcp': True}
2025-10-24 23:48:32,656 : INFO : EventManager : Event: ======'slide_attract_inactive'====== Args={'is_removing': True, '_from_bcp': True}
2025-10-24 23:48:32,657 : INFO : EventManager : Event: ======'slide_base_slide_active'====== Args={'original_context': 'base', 'original_calling_context': 'mode_base_started', 'priority': 100.0, 'queue': '<QueuedEvent>', 'player': 1.0, 'ball': 1.0, 'balls_remaining': 2.0, 'is_extra_ball': False, 'cmd': 'slides_play', '_from_bcp': True}
2025-10-24 23:48:32,660 : INFO : EventManager : Event: ======'slide_attract_removed'====== Args={'_from_bcp': True}
2025-10-24 23:48:32,683 : INFO : EventManager : Event: ======'slide_topgun_letters_created'====== Args={'_from_bcp': True}
2025-10-24 23:48:32,683 : INFO : EventManager : Event: ======'slide_base_slide_inactive'====== Args={'is_removing': False, '_from_bcp': True}
2025-10-24 23:48:32,684 : INFO : EventManager : Event: ======'slide_topgun_letters_active'====== Args={'original_context': 'pilot_mission_qualifier', 'original_calling_context': 'mode_pilot_mission_qualifier_started', 'priority': 200.0, 'queue': '<QueuedEvent>', 'player': 1.0, 'ball': 1.0, 'balls_remaining': 2.0, 'is_extra_ball': False, 'cmd': 'slides_play', '_from_bcp': True}
2025-10-24 23:48:33,876 : INFO : SwitchController : <<<<<<< 's_start' active >>>>>>>
2025-10-24 23:48:33,876 : INFO : EventManager : Event: ======'sw_start'====== Args={}
2025-10-24 23:48:33,876 : INFO : EventManager : Event: ======'machine_var_audits_switches_s_start'====== Args={'value': 158, 'prev_value': 157, 'change': 1}
2025-10-24 23:48:33,877 : INFO : EventManager : Event: ======'player_add_request'====== Args={}
2025-10-24 23:48:33,877 : INFO : EventManager : Event: ======'player_will_add'====== Args={'number': 2}
2025-10-24 23:48:33,878 : INFO : EventManager : Event: ======'player_adding'====== Args={'player': <Player 2>, 'number': 2}
2025-10-24 23:48:33,878 : INFO : EventManager : Event: ======'player_added'====== Args={'player': <Player 2>, 'num': 2}
2025-10-24 23:48:33,879 : INFO : Mode.game : Player added successfully. Total players: 2
2025-10-24 23:48:33,879 : INFO : EventManager : Event: ======'multiplayer_game'====== Args={}
2025-10-24 23:48:33,879 : INFO : EventManager : Event: ======'player_topgun_shots_collected'====== Args={'value': 0, 'prev_value': 0, 'change': 0, 'player_num': 1, 'source': 'pilot_mission_qualifier'}
2025-10-24 23:48:33,880 : INFO : EventManager : Event: ======'player_modes_completed_count'====== Args={'value': 0, 'prev_value': 0, 'change': 0, 'player_num': 1, 'source': 'pilot_mission_qualifier'}
2025-10-24 23:48:33,880 : INFO : EventManager : Event: ======'player_qualified_mode_number'====== Args={'value': 0, 'prev_value': 0, 'change': 0, 'player_num': 1, 'source': 'pilot_mission_qualifier'}
2025-10-24 23:48:33,880 : INFO : EventManager : Event: ======'player_pilot_qualifier_paused'====== Args={'value': 0, 'prev_value': 0, 'change': 0, 'player_num': 1, 'source': 'pilot_mission_qualifier'}
2025-10-24 23:48:33,880 : INFO : EventManager : Event: ======'player_topgun_letter_t'====== Args={'value': 0, 'prev_value': 0, 'change': 0, 'player_num': 1, 'source': 'pilot_mission_qualifier'}
2025-10-24 23:48:33,880 : INFO : EventManager : Event: ======'player_topgun_letter_o'====== Args={'value': 0, 'prev_value': 0, 'change': 0, 'player_num': 1, 'source': 'pilot_mission_qualifier'}
2025-10-24 23:48:33,881 : INFO : EventManager : Event: ======'player_topgun_letter_p'====== Args={'value': 0, 'prev_value': 0, 'change': 0, 'player_num': 1, 'source': 'pilot_mission_qualifier'}
2025-10-24 23:48:33,881 : INFO : EventManager : Event: ======'player_topgun_letter_g'====== Args={'value': 0, 'prev_value': 0, 'change': 0, 'player_num': 1, 'source': 'pilot_mission_qualifier'}
2025-10-24 23:48:33,881 : INFO : EventManager : Event: ======'player_topgun_letter_u'====== Args={'value': 0, 'prev_value': 0, 'change': 0, 'player_num': 1, 'source': 'pilot_mission_qualifier'}
2025-10-24 23:48:33,881 : INFO : EventManager : Event: ======'player_topgun_letter_n'====== Args={'value': 0, 'prev_value': 0, 'change': 0, 'player_num': 1, 'source': 'pilot_mission_qualifier'}
2025-10-24 23:48:33,882 : INFO : EventManager : Event: ======'player_mode_rescue_cougar_complete'====== Args={'value': 0, 'prev_value': 0, 'change': 0, 'player_num': 1, 'source': 'pilot_mission_qualifier'}
2025-10-24 23:48:33,882 : INFO : EventManager : Event: ======'player_mode_balls_of_fire_complete'====== Args={'value': 0, 'prev_value': 0, 'change': 0, 'player_num': 1, 'source': 'pilot_mission_qualifier'}
2025-10-24 23:48:33,882 : INFO : EventManager : Event: ======'player_mode_cool_under_pressure_complete'====== Args={'value': 0, 'prev_value': 0, 'change': 0, 'player_num': 1, 'source': 'pilot_mission_qualifier'}
2025-10-24 23:48:33,882 : INFO : EventManager : Event: ======'player_mode_battle_jester_complete'====== Args={'value': 0, 'prev_value': 0, 'change': 0, 'player_num': 1, 'source': 'pilot_mission_qualifier'}
2025-10-24 23:48:33,883 : INFO : EventManager : Event: ======'player_mode_no_points_for_second_place_complete'====== Args={'value': 0, 'prev_value': 0, 'change': 0, 'player_num': 1, 'source': 'pilot_mission_qualifier'}
2025-10-24 23:48:33,883 : INFO : EventManager : Event: ======'player_mode_edge_of_space_complete'====== Args={'value': 0, 'prev_value': 0, 'change': 0, 'player_num': 1, 'source': 'pilot_mission_qualifier'}
2025-10-24 23:48:33,884 : INFO : EventManager : Event: ======'player_mode_below_the_hard_deck_complete'====== Args={'value': 0, 'prev_value': 0, 'change': 0, 'player_num': 1, 'source': 'pilot_mission_qualifier'}
2025-10-24 23:48:33,884 : INFO : EventManager : Event: ======'player_mode_canyon_run_complete'====== Args={'value': 0, 'prev_value': 0, 'change': 0, 'player_num': 1, 'source': 'pilot_mission_qualifier'}
2025-10-24 23:48:33,884 : INFO : EventManager : Event: ======'player_mode_rise_of_phoenix_complete'====== Args={'value': 0, 'prev_value': 0, 'change': 0, 'player_num': 1, 'source': 'pilot_mission_qualifier'}
2025-10-24 23:48:33,884 : INFO : EventManager : Event: ======'player_mode_no_margin_for_error_complete'====== Args={'value': 0, 'prev_value': 0, 'change': 0, 'player_num': 1, 'source': 'pilot_mission_qualifier'}
2025-10-24 23:48:33,885 : INFO : EventManager : Event: ======'player_index'====== Args={'value': 1, 'prev_value': 1, 'change': 0, 'player_num': 2}
2025-10-24 23:48:33,885 : INFO : EventManager : Event: ======'player_number'====== Args={'value': 2, 'prev_value': 2, 'change': 0, 'player_num': 2}
2025-10-24 23:48:33,885 : INFO : EventManager : Event: ======'player_score'====== Args={'value': 0, 'prev_value': 0, 'change': 0, 'player_num': 2}
2025-10-24 23:48:33,986 : INFO : SwitchController : <<<<<<< 's_start' inactive >>>>>>>
2025-10-24 23:48:34,696 : INFO : SwitchController : <<<<<<< 's_trough_6' inactive >>>>>>>
2025-10-24 23:48:34,698 : INFO : ball_device.bd_trough : State: ball_left
2025-10-24 23:48:34,698 : INFO : ball_device.bd_trough : Ball left
2025-10-24 23:48:34,698 : INFO : ball_device.bd_trough : Wait for confirm with timeout 3.0
2025-10-24 23:48:35,494 : INFO : SwitchController : <<<<<<< 's_shooter_lane' active >>>>>>>
2025-10-24 23:48:35,495 : INFO : EventManager : Event: ======'s_shooter_lane_active'====== Args={}
2025-10-24 23:48:35,495 : INFO : EventManager : Event: ======'machine_var_audits_switches_s_shooter_lane'====== Args={'value': 184, 'prev_value': 183, 'change': 1}
2025-10-24 23:48:35,496 : INFO : EventManager : Event: ======'mode_skillshot_will_start'====== Args={}
2025-10-24 23:48:35,496 : INFO : EventManager : Event: ======'player_shot_mig_lane_left_enabled'====== Args={'value': True, 'prev_value': 0, 'change': 1, 'player_num': 1}
2025-10-24 23:48:35,498 : INFO : EventManager : Event: ======'player_shot_mig_lane_right_enabled'====== Args={'value': True, 'prev_value': 0, 'change': 1, 'player_num': 1}
2025-10-24 23:48:35,499 : INFO : EventManager : Event: ======'player_shot_spinner_enabled'====== Args={'value': True, 'prev_value': 0, 'change': 1, 'player_num': 1}
2025-10-24 23:48:35,499 : INFO : EventManager : Event: ======'player_shot_orbit_upper_enabled'====== Args={'value': True, 'prev_value': 0, 'change': 1, 'player_num': 1}
2025-10-24 23:48:35,500 : INFO : EventManager : Event: ======'player_shot_ramp_inner_enabled'====== Args={'value': True, 'prev_value': 0, 'change': 1, 'player_num': 1}
2025-10-24 23:48:35,501 : INFO : EventManager : Event: ======'skillshot_group_complete'====== Args={'state': 'off'}
2025-10-24 23:48:35,501 : INFO : EventManager : Event: ======'skillshot_group_off_complete'====== Args={}
2025-10-24 23:48:35,501 : INFO : EventManager : Event: ======'player_skillshot_skillshot_tick'====== Args={'value': 9, 'prev_value': 0, 'change': 9, 'player_num': 1}
2025-10-24 23:48:35,502 : INFO : EventManager : Event: ======'player_skillshot_skillshot_sound_loop_tick'====== Args={'value': 0, 'prev_value': 0, 'change': 0, 'player_num': 1}
2025-10-24 23:48:35,505 : INFO : EventManager : Event: ======'mode_skillshot_starting'====== Args={}
2025-10-24 23:48:35,505 : INFO : Mode.skillshot : Started. Priority: 100
2025-10-24 23:48:35,505 : INFO : EventManager : Event: ======'modes_active_modes_changed'====== Args={}
2025-10-24 23:48:35,506 : INFO : EventManager : Event: ======'mode_skillshot_started'====== Args={}
2025-10-24 23:48:35,506 : INFO : EventManager : Event: ======'player_pilot_qualifier_paused'====== Args={'value': 1, 'prev_value': 0, 'change': 1, 'player_num': 1, 'source': 'pilot_mission_qualifier'}
2025-10-24 23:48:35,506 : INFO : EventManager : Event: ======'player_shot_mig_lane_left'====== Args={'value': 1, 'prev_value': 0, 'change': 1, 'player_num': 1}
2025-10-24 23:48:35,506 : INFO : EventManager : Event: ======'player_shot_mig_lane_right'====== Args={'value': 1, 'prev_value': 0, 'change': 1, 'player_num': 1}
2025-10-24 23:48:35,507 : INFO : EventManager : Event: ======'player_shot_spinner'====== Args={'value': 1, 'prev_value': 0, 'change': 1, 'player_num': 1}
2025-10-24 23:48:35,507 : INFO : EventManager : Event: ======'player_shot_orbit_upper'====== Args={'value': 1, 'prev_value': 0, 'change': 1, 'player_num': 1}
2025-10-24 23:48:35,507 : INFO : EventManager : Event: ======'player_shot_ramp_inner'====== Args={'value': 1, 'prev_value': 0, 'change': 1, 'player_num': 1}
2025-10-24 23:48:35,508 : INFO : Timer.skillshot_sound_loop : Starting Timer.
2025-10-24 23:48:35,508 : INFO : EventManager : Event: ======'timer_skillshot_sound_loop_started'====== Args={'ticks': 0, 'ticks_remaining': 999}
2025-10-24 23:48:35,508 : INFO : EventManager : Event: ======'timer_skillshot_sound_loop_tick'====== Args={'ticks': 0, 'ticks_remaining': 999}
2025-10-24 23:48:35,508 : INFO : EventManager : Event: ======'skillshot_group_complete'====== Args={'state': 'lit'}
2025-10-24 23:48:35,508 : INFO : EventManager : Event: ======'skillshot_group_lit_complete'====== Args={}
2025-10-24 23:48:35,540 : INFO : EventManager : Event: ======'slide_skillshot_ball_in_shooter_lane_created'====== Args={'_from_bcp': True}
2025-10-24 23:48:35,810 : INFO : ball_device.bd_plunger : Received ball from <ball_device.bd_trough>
2025-10-24 23:48:35,810 : INFO : EventManager : Event: ======'balldevice_bd_plunger_ball_enter'====== Args={'new_balls': 1, 'unclaimed_balls': 0, 'new_available_balls': 0, 'device': <ball_device.bd_plunger>}
2025-10-24 23:48:35,811 : INFO : EventManager : Event: ======'balldevice_bd_plunger_ball_entered'====== Args={'new_balls': 0, 'device': <ball_device.bd_plunger>}
2025-10-24 23:48:35,811 : INFO : EventManager : Event: ======'balldevice_bd_plunger_ball_count_changed'====== Args={'balls': 1}
2025-10-24 23:48:35,812 : INFO : ball_device.bd_trough : Got eject confirm
2025-10-24 23:48:35,812 : INFO : ball_device.bd_trough : Eject successful
2025-10-24 23:48:35,812 : INFO : EventManager : Event: ======'balldevice_bd_trough_ball_eject_success'====== Args={'balls': 1, 'target': <ball_device.bd_plunger>}
2025-10-24 23:48:35,812 : INFO : EventManager : Event: ======'balldevice_bd_trough_ball_count_changed'====== Args={'balls': 5}
2025-10-24 23:48:35,813 : INFO : ball_device.bd_trough : State: idle
2025-10-24 23:48:35,813 : INFO : ball_device.bd_plunger : State: waiting_for_target_ready
2025-10-24 23:48:35,813 : INFO : EventManager : Event: ======'balldevice_bd_plunger_ball_eject_attempt'====== Args={'balls': 1, 'target': <playfield.playfield>, 'source': <ball_device.bd_plunger>, 'mechanical_eject': True, 'num_attempts': 0}
2025-10-24 23:48:35,813 : INFO : ball_device.bd_plunger : State: ejecting
2025-10-24 23:48:35,815 : INFO : ball_device.bd_plunger : Ejecting ball to <playfield.playfield>
2025-10-24 23:48:35,815 : INFO : EventManager : Event: ======'balldevice_bd_plunger_ejecting_ball'====== Args={'balls': 1, 'target': <playfield.playfield>, 'source': <ball_device.bd_plunger>, 'mechanical_eject': True, 'num_attempts': 0}
2025-10-24 23:48:35,815 : INFO : EventManager : Event: ======'video_idle_start'====== Args={'priority': 0}
2025-10-24 23:48:35,816 : INFO : ball_device.bd_plunger : Wait for ball to leave device
2025-10-24 23:48:36,409 : INFO : SwitchController : <<<<<<< 's_shooter_lane' inactive >>>>>>>
2025-10-24 23:48:36,409 : INFO : EventManager : Event: ======'s_shooter_lane_inactive'====== Args={}
2025-10-24 23:48:36,410 : INFO : Timer.skillshot : Starting Timer.
2025-10-24 23:48:36,411 : INFO : EventManager : Event: ======'timer_skillshot_started'====== Args={'ticks': 9, 'ticks_remaining': 9}
2025-10-24 23:48:36,411 : INFO : EventManager : Event: ======'timer_skillshot_tick'====== Args={'ticks': 9, 'ticks_remaining': 9}
2025-10-24 23:48:36,411 : INFO : Timer.skillshot_sound_loop : Stopping Timer
2025-10-24 23:48:36,411 : INFO : EventManager : Event: ======'timer_skillshot_sound_loop_stopped'====== Args={'ticks': 0, 'ticks_remaining': 999}
2025-10-24 23:48:36,411 : INFO : EventManager : Event: ======'video_launch_start'====== Args={'priority': 0}
2025-10-24 23:48:36,412 : INFO : ball_device.bd_plunger : State: ball_left
2025-10-24 23:48:36,412 : INFO : ball_device.bd_plunger : Ball left
2025-10-24 23:48:36,412 : INFO : ball_device.bd_plunger : Wait for confirm with timeout 3.0
2025-10-24 23:48:36,417 : INFO : EventManager : Event: ======'slide_skillshot_ball_in_shooter_lane_removed'====== Args={'_from_bcp': True}
2025-10-24 23:48:36,440 : INFO : EventManager : Event: ======'slide_skillshot_ball_launched_created'====== Args={'_from_bcp': True}
2025-10-24 23:48:37,411 : INFO : EventManager : Event: ======'player_skillshot_skillshot_tick'====== Args={'value': 8, 'prev_value': 9, 'change': -1, 'player_num': 1}
2025-10-24 23:48:37,411 : INFO : EventManager : Event: ======'timer_skillshot_tick'====== Args={'ticks': 8, 'ticks_remaining': 8}
2025-10-24 23:48:37,473 : INFO : SwitchController : <<<<<<< 's_lane_right' active >>>>>>>
2025-10-24 23:48:37,473 : INFO : EventManager : Event: ======'sw_playfield_active'====== Args={}
2025-10-24 23:48:37,473 : INFO : EventManager : Event: ======'machine_var_audits_switches_s_lane_right'====== Args={'value': 121, 'prev_value': 120, 'change': 1}
2025-10-24 23:48:37,475 : INFO : EventManager : Event: ======'playfield_active'====== Args={'source': None}
2025-10-24 23:48:37,587 : INFO : SwitchController : <<<<<<< 's_lane_right' inactive >>>>>>>
2025-10-24 23:48:38,396 : INFO : EventManager : Event: ======'player_skillshot_skillshot_tick'====== Args={'value': 7, 'prev_value': 8, 'change': -1, 'player_num': 1}
2025-10-24 23:48:38,397 : INFO : EventManager : Event: ======'timer_skillshot_tick'====== Args={'ticks': 7, 'ticks_remaining': 7}
2025-10-24 23:48:39,006 : INFO : SwitchController : <<<<<<< 's_ramp_inner_exit' active >>>>>>>
2025-10-24 23:48:39,006 : INFO : EventManager : Event: ======'playfield_active'====== Args={'source': 'ramp_inner'}
2025-10-24 23:48:39,006 : INFO : EventManager : Event: ======'s_ramp_inner_exit_active'====== Args={}
2025-10-24 23:48:39,006 : INFO : EventManager : Event: ======'sw_playfield_active'====== Args={}
2025-10-24 23:48:39,006 : INFO : EventManager : Event: ======'sw_playfield_active'====== Args={}
2025-10-24 23:48:39,007 : INFO : EventManager : Event: ======'machine_var_audits_switches_s_ramp_inner_exit'====== Args={'value': 39, 'prev_value': 38, 'change': 1}
2025-10-24 23:48:39,008 : INFO : EventManager : Event: ======'machine_var_audits_shots_ramp_inner'====== Args={'value': 37, 'prev_value': 36, 'change': 1}
2025-10-24 23:48:39,009 : INFO : EventManager : Event: ======'ramp_inner_hit'====== Args={'profile': 'skill', 'state': 'lit', 'advancing': False}
2025-10-24 23:48:39,009 : INFO : EventManager : Event: ======'ramp_inner_skill_hit'====== Args={'profile': 'skill', 'state': 'lit', 'advancing': False}
2025-10-24 23:48:39,009 : INFO : EventManager : Event: ======'ramp_inner_skill_lit_hit'====== Args={'profile': 'skill', 'state': 'lit', 'advancing': False}
2025-10-24 23:48:39,009 : INFO : EventManager : Event: ======'ramp_inner_lit_hit'====== Args={'profile': 'skill', 'state': 'lit', 'advancing': False}
2025-10-24 23:48:39,009 : INFO : EventManager : Event: ======'skillshot_group_hit'====== Args={'shot': 'ramp_inner'}
2025-10-24 23:48:39,009 : INFO : EventManager : Event: ======'skillshot_group_lit_hit'====== Args={'shot': 'ramp_inner'}
2025-10-24 23:48:39,010 : INFO : EventManager : Event: ======'mode_skillshot_will_stop'====== Args={}
2025-10-24 23:48:39,010 : INFO : EventManager : Event: ======'mode_skillshot_stopping'====== Args={}
2025-10-24 23:48:39,010 : INFO : EventManager : Event: ======'show_skillshot_inverted_video'====== Args={'priority': 0}
2025-10-24 23:48:39,010 : INFO : EventManager : Event: ======'player_score'====== Args={'value': 100000, 'prev_value': 0, 'change': 100000, 'player_num': 1, 'source': 'skillshot'}
2025-10-24 23:48:39,011 : INFO : EventManager : Event: ======'player_skillshot_count'====== Args={'value': 1, 'prev_value': 0, 'change': 1, 'player_num': 1, 'source': 'skillshot'}
2025-10-24 23:48:39,011 : INFO : EventManager : Event: ======'player_priority'====== Args={'value': 600, 'prev_value': 0, 'change': 600, 'player_num': 1, 'source': 'skillshot'}
2025-10-24 23:48:39,011 : INFO : Timer.skillshot : Stopping Timer
2025-10-24 23:48:39,011 : INFO : EventManager : Event: ======'timer_skillshot_stopped'====== Args={'ticks': 7, 'ticks_remaining': 7}
2025-10-24 23:48:39,011 : INFO : Timer.skillshot_sound_loop : Stopping Timer
2025-10-24 23:48:39,011 : INFO : EventManager : Event: ======'timer_skillshot_sound_loop_stopped'====== Args={'ticks': 0, 'ticks_remaining': 999}
2025-10-24 23:48:39,012 : INFO : EventManager : Event: ======'playfield_active'====== Args={'source': None}
2025-10-24 23:48:39,012 : INFO : EventManager : Event: ======'playfield_active'====== Args={'source': None}
2025-10-24 23:48:39,012 : INFO : Mode.skillshot : Stopped.
2025-10-24 23:48:39,012 : INFO : EventManager : Event: ======'modes_active_modes_changed'====== Args={}
2025-10-24 23:48:39,012 : INFO : EventManager : Event: ======'mode_skillshot_stopped'====== Args={}
2025-10-24 23:48:39,012 : INFO : EventManager : Event: ======'clear'====== Args={'key': 'skillshot'}
2025-10-24 23:48:39,013 : INFO : EventManager : Event: ======'player_pilot_qualifier_paused'====== Args={'value': 0, 'prev_value': 1, 'change': -1, 'player_num': 1, 'source': 'pilot_mission_qualifier'}
2025-10-24 23:48:39,013 : INFO : Timer.skillshot_sound_loop : Stopping Timer
2025-10-24 23:48:39,013 : INFO : EventManager : Event: ======'timer_skillshot_sound_loop_stopped'====== Args={'ticks': 0, 'ticks_remaining': 999}
2025-10-24 23:48:39,014 : INFO : Timer.skillshot : Stopping Timer
2025-10-24 23:48:39,014 : INFO : EventManager : Event: ======'timer_skillshot_stopped'====== Args={'ticks': 7, 'ticks_remaining': 7}
2025-10-24 23:48:39,047 : INFO : EventManager : Event: ======'slide_skillshot_inverted_created'====== Args={'_from_bcp': True}
2025-10-24 23:48:39,048 : INFO : EventManager : Event: ======'slide_skillshot_ball_launched_removed'====== Args={'_from_bcp': True}
2025-10-24 23:48:39,140 : INFO : SwitchController : <<<<<<< 's_ramp_inner_exit' inactive >>>>>>>
2025-10-24 23:48:39,413 : INFO : ball_device.bd_plunger : State: failed_confirm
2025-10-24 23:48:39,413 : INFO : ball_device.bd_plunger : Got timeout (3.0s) before confirm from <playfield.playfield>
2025-10-24 23:48:39,507 : INFO : ball_device.bd_plunger : Confirming eject because target is playfield and ball did not return.
2025-10-24 23:48:39,507 : INFO : ball_device.bd_plunger : Eject successful
2025-10-24 23:48:39,507 : INFO : EventManager : Event: ======'balldevice_bd_plunger_ball_eject_success'====== Args={'balls': 1, 'target': <playfield.playfield>}
2025-10-24 23:48:39,508 : INFO : EventManager : Event: ======'balldevice_playfield_ball_enter'====== Args={'new_balls': 1, 'unclaimed_balls': 1, 'device': <playfield.playfield>}
2025-10-24 23:48:39,508 : INFO : EventManager : Event: ======'playfield_ball_count_change'====== Args={'balls': 1, 'change': 1}
2025-10-24 23:48:39,509 : INFO : EventManager : Event: ======'balldevice_bd_plunger_ball_count_changed'====== Args={'balls': 0}
2025-10-24 23:48:39,509 : INFO : ball_device.bd_plunger : State: idle
2025-10-24 23:48:47,028 : INFO : EventManager : Event: ======'slide_skillshot_inverted_removed'====== Args={'_from_bcp': True}
2025-10-24 23:48:48,900 : INFO : SwitchController : <<<<<<< 's_lane_left' active >>>>>>>
2025-10-24 23:48:48,900 : INFO : EventManager : Event: ======'s_lane_left_active'====== Args={}
2025-10-24 23:48:48,901 : INFO : EventManager : Event: ======'sw_playfield_active'====== Args={}
2025-10-24 23:48:48,901 : INFO : EventManager : Event: ======'sw_playfield_active'====== Args={}
2025-10-24 23:48:48,901 : INFO : EventManager : Event: ======'machine_var_audits_switches_s_lane_left'====== Args={'value': 141, 'prev_value': 140, 'change': 1}
2025-10-24 23:48:48,902 : INFO : EventManager : Event: ======'player_topgun_shots_collected'====== Args={'value': 1, 'prev_value': 0, 'change': 1, 'player_num': 1, 'source': 'pilot_mission_qualifier'}
2025-10-24 23:48:48,903 : INFO : EventManager : Event: ======'player_topgun_letter_t'====== Args={'value': 1, 'prev_value': 0, 'change': 1, 'player_num': 1, 'source': 'pilot_mission_qualifier'}
2025-10-24 23:48:49,033 : INFO : SwitchController : <<<<<<< 's_lane_left' inactive >>>>>>>
2025-10-24 23:48:49,845 : INFO : SwitchController : <<<<<<< 's_lane_left' active >>>>>>>
2025-10-24 23:48:49,845 : INFO : EventManager : Event: ======'s_lane_left_active'====== Args={}
2025-10-24 23:48:49,847 : INFO : EventManager : Event: ======'sw_playfield_active'====== Args={}
2025-10-24 23:48:49,847 : INFO : EventManager : Event: ======'sw_playfield_active'====== Args={}
2025-10-24 23:48:49,847 : INFO : EventManager : Event: ======'machine_var_audits_switches_s_lane_left'====== Args={'value': 142, 'prev_value': 141, 'change': 1}
2025-10-24 23:48:49,848 : INFO : EventManager : Event: ======'player_topgun_shots_collected'====== Args={'value': 2, 'prev_value': 1, 'change': 1, 'player_num': 1, 'source': 'pilot_mission_qualifier'}
2025-10-24 23:48:49,849 : INFO : EventManager : Event: ======'player_topgun_letter_o'====== Args={'value': 1, 'prev_value': 0, 'change': 1, 'player_num': 1, 'source': 'pilot_mission_qualifier'}
2025-10-24 23:48:49,978 : INFO : SwitchController : <<<<<<< 's_lane_left' inactive >>>>>>>
2025-10-24 23:48:50,714 : INFO : SwitchController : <<<<<<< 's_lane_left' active >>>>>>>
2025-10-24 23:48:50,714 : INFO : EventManager : Event: ======'s_lane_left_active'====== Args={}
2025-10-24 23:48:50,714 : INFO : EventManager : Event: ======'sw_playfield_active'====== Args={}
2025-10-24 23:48:50,714 : INFO : EventManager : Event: ======'sw_playfield_active'====== Args={}
2025-10-24 23:48:50,714 : INFO : EventManager : Event: ======'machine_var_audits_switches_s_lane_left'====== Args={'value': 143, 'prev_value': 142, 'change': 1}
2025-10-24 23:48:50,716 : INFO : EventManager : Event: ======'player_topgun_shots_collected'====== Args={'value': 3, 'prev_value': 2, 'change': 1, 'player_num': 1, 'source': 'pilot_mission_qualifier'}
2025-10-24 23:48:50,717 : INFO : EventManager : Event: ======'player_topgun_letter_p'====== Args={'value': 1, 'prev_value': 0, 'change': 1, 'player_num': 1, 'source': 'pilot_mission_qualifier'}
2025-10-24 23:48:50,862 : INFO : SwitchController : <<<<<<< 's_lane_left' inactive >>>>>>>
2025-10-24 23:48:54,432 : INFO : Machine : Shutting down...
2025-10-24 23:48:54,433 : INFO : EventManager : Event: ======'shutdown'====== Args={}
2025-10-24 23:48:54,434 : INFO : EventManager : Event: ======'mode_game_will_stop'====== Args={}
2025-10-24 23:48:54,434 : INFO : EventManager : Event: ======'mode_game_stopping'====== Args={}
2025-10-24 23:48:54,435 : INFO : EventManager : Event: ======'mode_pilot_mission_qualifier_will_stop'====== Args={}
2025-10-24 23:48:54,436 : INFO : EventManager : Event: ======'mode_pilot_mission_qualifier_stopping'====== Args={}
2025-10-24 23:48:54,436 : INFO : EventManager : Event: ======'mode_base_will_stop'====== Args={}
2025-10-24 23:48:54,436 : INFO : EventManager : Event: ======'mode_base_stopping'====== Args={}
2025-10-24 23:48:54,436 : INFO : EventManager : Event: ======'mode_bumpers_will_stop'====== Args={}
2025-10-24 23:48:54,436 : INFO : EventManager : Event: ======'mode_bumpers_stopping'====== Args={}
2025-10-24 23:48:54,436 : INFO : EventManager : Event: ======'stop_mode_bumpers'====== Args={'priority': 0}
2025-10-24 23:48:54,436 : INFO : Mode.bumpers : Stopped.
2025-10-24 23:48:54,436 : INFO : EventManager : Event: ======'modes_active_modes_changed'====== Args={}
2025-10-24 23:48:54,436 : INFO : EventManager : Event: ======'mode_bumpers_stopped'====== Args={}
2025-10-24 23:48:54,436 : INFO : EventManager : Event: ======'clear'====== Args={'key': 'bumpers'}
2025-10-24 23:48:54,438 : INFO : Mode.base : Stopped.
2025-10-24 23:48:54,438 : INFO : EventManager : Event: ======'modes_active_modes_changed'====== Args={}
2025-10-24 23:48:54,438 : INFO : EventManager : Event: ======'mode_base_stopped'====== Args={}
2025-10-24 23:48:54,438 : INFO : EventManager : Event: ======'clear'====== Args={'key': 'base'}
2025-10-24 23:48:54,438 : INFO : Mode.pilot_mission_qualifier : Stopped.
2025-10-24 23:48:54,439 : INFO : EventManager : Event: ======'modes_active_modes_changed'====== Args={}
2025-10-24 23:48:54,440 : INFO : EventManager : Event: ======'mode_pilot_mission_qualifier_stopped'====== Args={}
2025-10-24 23:48:54,440 : INFO : EventManager : Event: ======'clear'====== Args={'key': 'pilot_mission_qualifier'}
2025-10-24 23:48:54,441 : INFO : Mode.game : Stopped.
2025-10-24 23:48:54,441 : INFO : EventManager : Event: ======'modes_active_modes_changed'====== Args={}
2025-10-24 23:48:54,441 : INFO : EventManager : Event: ======'mode_game_stopped'====== Args={}
2025-10-24 23:48:54,441 : INFO : EventManager : Event: ======'clear'====== Args={'key': 'game'}
2025-10-24 23:48:54,444 : INFO : root : MPF run loop ended.
