2025-09-23 17:38:34,170 : INFO : root : Loading config.
2025-09-23 17:38:34,173 : INFO : YamlMultifileConfigLoader : Machine config file #1: config.yaml
2025-09-23 17:38:34,173 : INFO : ConfigProcessor : Loading config from cache: C:\Users\White\AppData\Local\Temp\4d2409115979d2066280cf8a522910f3.mpf_cache
2025-09-23 17:38:34,291 : INFO : ConfigProcessor : Loading config from cache: C:\Users\White\AppData\Local\Temp\e29f700f4dd412c341ced84fe54a834e.mpf_cache
2025-09-23 17:38:34,291 : INFO : ConfigProcessor : Loading config from cache: C:\Users\White\AppData\Local\Temp\91cc4d1c993c58dc354e34974b9cfeac.mpf_cache
2025-09-23 17:38:34,292 : INFO : ConfigProcessor : Loading config from cache: C:\Users\White\AppData\Local\Temp\e29f700f4dd412c341ced84fe54a834e.mpf_cache
2025-09-23 17:38:34,293 : INFO : ConfigProcessor : Loading config from cache: C:\Users\White\AppData\Local\Temp\3424101e418333c494b4f7abb38a6bbc.mpf_cache
2025-09-23 17:38:34,293 : INFO : ConfigProcessor : Loading config from cache: C:\Users\White\AppData\Local\Temp\928267ba5ce09cfb7bef110abe29482e.mpf_cache
2025-09-23 17:38:34,294 : INFO : ConfigProcessor : Loading config from cache: C:\Users\White\AppData\Local\Temp\5252be9889d0ea92e9251ccb139bb96e.mpf_cache
2025-09-23 17:38:34,295 : INFO : ConfigProcessor : Loading config from cache: C:\Users\White\AppData\Local\Temp\bbd12103fd66360c81da95fa3b5d5cac.mpf_cache
2025-09-23 17:38:34,296 : INFO : ConfigProcessor : Loading config from cache: C:\Users\White\AppData\Local\Temp\a64c515fc9f6d1ba4d043d8acedc61d8.mpf_cache
2025-09-23 17:38:34,298 : INFO : ConfigProcessor : Loading config from cache: C:\Users\White\AppData\Local\Temp\46a143bb5a3bcf9df783b3feac213d45.mpf_cache
2025-09-23 17:38:34,300 : INFO : ConfigProcessor : Loading config from cache: C:\Users\White\AppData\Local\Temp\157e473ad106aaf7621d4ff67f908349.mpf_cache
2025-09-23 17:38:34,301 : INFO : ConfigProcessor : Loading config from cache: C:\Users\White\AppData\Local\Temp\b42daedb456e388e83b54e0791e694a7.mpf_cache
2025-09-23 17:38:34,303 : INFO : ConfigProcessor : Loading config from cache: C:\Users\White\AppData\Local\Temp\881befc175503515b6a677d4b92fd8f6.mpf_cache
2025-09-23 17:38:34,305 : INFO : ConfigProcessor : Loading config from cache: C:\Users\White\AppData\Local\Temp\e02fdb456b236b981c3cd16c62d08cdd.mpf_cache
2025-09-23 17:38:34,307 : INFO : ConfigProcessor : Loading config from cache: C:\Users\White\AppData\Local\Temp\b44eabe64ef7d1af51d3871ffce6e8a0.mpf_cache
2025-09-23 17:38:34,308 : INFO : Machine : Mission Pinball Framework Core Engine v0.80.0.dev9
2025-09-23 17:38:34,308 : INFO : Machine : Command line arguments: {'no_load_cache': False, 'create_config_cache': True, 'bcp': True, 'configfile': ['config.yaml'], 'force_assets_load': False, 'platform_integration_test': False, 'jsonlogging': False, 'logfile': 'logs\\2025-09-23-17-38-34-mpf-TopGunPinball.log', 'pause': False, 'production': False, 'text_ui': False, 'loglevel': 15, 'consoleloglevel': 20, 'force_platform': 'virtual', 'syslog_address': None, 'full_logfile_path': 'C:\\Users\\White\\documents\\Top_Gun_Pinball\\logs\\2025-09-23-17-38-34-mpf-TopGunPinball.log'}
2025-09-23 17:38:34,308 : INFO : Machine : MPF path: C:\Users\White\mpf\Lib\site-packages\mpf
2025-09-23 17:38:34,308 : INFO : Machine : Machine path: C:\Users\White\documents\Top_Gun_Pinball
2025-09-23 17:38:34,308 : INFO : Machine : Platform: win32
2025-09-23 17:38:34,308 : INFO : Machine : Python executable location: C:\Users\White\mpf\Scripts\python.exe
2025-09-23 17:38:34,308 : INFO : Machine : Python version: 3.12.7 (64-bit)
2025-09-23 17:38:34,310 : INFO : Machine : Initializing MPF...
2025-09-23 17:38:34,404 : INFO : EventManager : Event: ======'machine_var_credits_string'====== Args={'value': 'FREE PLAY', 'prev_value': None, 'change': True}
2025-09-23 17:38:34,433 : INFO : EventManager : Event: ======'machine_var_master_volume'====== Args={'value': 0.5, 'prev_value': None, 'change': True}
2025-09-23 17:38:34,433 : INFO : EventManager : Event: ======'machine_var_player1_score'====== Args={'value': 61000, 'prev_value': None, 'change': True}
2025-09-23 17:38:34,433 : INFO : EventManager : Event: ======'machine_var_player2_score'====== Args={'value': 73000, 'prev_value': None, 'change': True}
2025-09-23 17:38:34,433 : INFO : EventManager : Event: ======'machine_var_mpf_version'====== Args={'value': 'Mission Pinball Framework v0.80.0.dev9', 'prev_value': None, 'change': True}
2025-09-23 17:38:34,433 : INFO : EventManager : Event: ======'machine_var_mpf_extended_version'====== Args={'value': 'Mission Pinball Framework v0.80.0.dev9, Config version:6, Show version: 6, BCP version:1.1', 'prev_value': None, 'change': True}
2025-09-23 17:38:34,433 : INFO : EventManager : Event: ======'machine_var_python_version'====== Args={'value': '3.12.7', 'prev_value': None, 'change': True}
2025-09-23 17:38:34,586 : INFO : EventManager : Event: ======'machine_var_platform'====== Args={'value': 'Windows-11-10.0.26100-SP0', 'prev_value': None, 'change': True}
2025-09-23 17:38:34,586 : INFO : EventManager : Event: ======'machine_var_platform_system'====== Args={'value': 'Windows', 'prev_value': None, 'change': True}
2025-09-23 17:38:34,586 : INFO : EventManager : Event: ======'machine_var_platform_release'====== Args={'value': '11', 'prev_value': None, 'change': True}
2025-09-23 17:38:34,586 : INFO : EventManager : Event: ======'machine_var_platform_version'====== Args={'value': '10.0.26100', 'prev_value': None, 'change': True}
2025-09-23 17:38:34,587 : INFO : EventManager : Event: ======'machine_var_platform_machine'====== Args={'value': 'AMD64', 'prev_value': None, 'change': True}
2025-09-23 17:38:34,587 : INFO : EventManager : Event: ======'machine_var_log_file_path'====== Args={'value': 'C:\\Users\\White\\documents\\Top_Gun_Pinball\\logs\\2025-09-23-17-38-34-mpf-TopGunPinball.log', 'prev_value': None, 'change': True}
2025-09-23 17:38:34,587 : INFO : EventManager : Event: ======'init_phase_1'====== Args={}
2025-09-23 17:38:34,627 : INFO : EventManager : Event: ======'init_phase_2'====== Args={}
2025-09-23 17:38:34,627 : INFO : SwitchController : Found active switch: ('playfield_board_lower-3208-0', <Platform.Virtual>) <switch.s_trough_1>
2025-09-23 17:38:34,627 : INFO : SwitchController : Found active switch: ('playfield_board_lower-3208-1', <Platform.Virtual>) <switch.s_trough_2>
2025-09-23 17:38:34,627 : INFO : SwitchController : Found active switch: ('playfield_board_lower-3208-2', <Platform.Virtual>) <switch.s_trough_3>
2025-09-23 17:38:34,627 : INFO : SwitchController : Found active switch: ('playfield_board_lower-3208-3', <Platform.Virtual>) <switch.s_trough_4>
2025-09-23 17:38:34,627 : INFO : SwitchController : Found active switch: ('playfield_board_lower-3208-4', <Platform.Virtual>) <switch.s_trough_5>
2025-09-23 17:38:34,627 : INFO : SwitchController : Found active switch: ('playfield_board_lower-3208-5', <Platform.Virtual>) <switch.s_trough_6>
2025-09-23 17:38:34,631 : INFO : EventManager : Event: ======'bcp_connection_attempt'====== Args={'name': 'local_display', 'host': 'localhost', 'port': 5050}
2025-09-23 17:38:34,632 : INFO : BCPClientSocket : Connecting BCP to 'local_display' at localhost:5050...
2025-09-23 17:38:34,643 : INFO : BCPClientSocket : Connected BCP to 'local_display' localhost:5050
2025-09-23 17:38:34,644 : INFO : EventManager : Event: ======'bcp_clients_connected'====== Args={}
2025-09-23 17:38:34,644 : INFO : ball_device.bd_plunger : BCH: Initial count: 0
2025-09-23 17:38:34,644 : INFO : ball_device.bd_plunger : State: idle
2025-09-23 17:38:34,644 : INFO : ball_device.bd_trough : BCH: Initial count: 6
2025-09-23 17:38:34,645 : INFO : ball_device.bd_trough : State: idle
2025-09-23 17:38:34,645 : INFO : ball_device.bd_lock_elevator : BCH: Initial count: 0
2025-09-23 17:38:34,645 : INFO : ball_device.bd_lock_elevator : State: idle
2025-09-23 17:38:34,645 : INFO : ball_device.bd_mode_scoop : BCH: Initial count: 0
2025-09-23 17:38:34,645 : INFO : ball_device.bd_mode_scoop : State: idle
2025-09-23 17:38:34,673 : INFO : EventManager : Event: ======'init_phase_3'====== Args={}
2025-09-23 17:38:35,200 : INFO : EventManager : Event: ======'init_phase_4'====== Args={}
2025-09-23 17:38:35,200 : INFO : BallController : Initial balls found: 6
2025-09-23 17:38:35,202 : INFO : EventManager : Event: ======'machine_var_audits_events_game_ended'====== Args={'value': 1, 'prev_value': None, 'change': True}
2025-09-23 17:38:35,202 : INFO : EventManager : Event: ======'machine_var_audits_events_game_started'====== Args={'value': 130, 'prev_value': None, 'change': True}
2025-09-23 17:38:35,202 : INFO : EventManager : Event: ======'machine_var_audits_missing_switches_s_a_iceman_target'====== Args={'value': 5, 'prev_value': None, 'change': True}
2025-09-23 17:38:35,202 : INFO : EventManager : Event: ======'machine_var_audits_missing_switches_s_barrier_target'====== Args={'value': 14, 'prev_value': None, 'change': True}
2025-09-23 17:38:35,202 : INFO : EventManager : Event: ======'machine_var_audits_missing_switches_s_bumper_center'====== Args={'value': 3, 'prev_value': None, 'change': True}
2025-09-23 17:38:35,203 : INFO : EventManager : Event: ======'machine_var_audits_missing_switches_s_bumper_left'====== Args={'value': 3, 'prev_value': None, 'change': True}
2025-09-23 17:38:35,203 : INFO : EventManager : Event: ======'machine_var_audits_missing_switches_s_bumper_right'====== Args={'value': 3, 'prev_value': None, 'change': True}
2025-09-23 17:38:35,203 : INFO : EventManager : Event: ======'machine_var_audits_missing_switches_s_c_iceman_target'====== Args={'value': 4, 'prev_value': None, 'change': True}
2025-09-23 17:38:35,203 : INFO : EventManager : Event: ======'machine_var_audits_missing_switches_s_c_lock_target'====== Args={'value': 14, 'prev_value': None, 'change': True}
2025-09-23 17:38:35,203 : INFO : EventManager : Event: ======'machine_var_audits_missing_switches_s_coin_door'====== Args={'value': 17, 'prev_value': None, 'change': True}
2025-09-23 17:38:35,203 : INFO : EventManager : Event: ======'machine_var_audits_missing_switches_s_coin_door_service_1'====== Args={'value': 17, 'prev_value': None, 'change': True}
2025-09-23 17:38:35,203 : INFO : EventManager : Event: ======'machine_var_audits_missing_switches_s_coin_door_service_2'====== Args={'value': 17, 'prev_value': None, 'change': True}
2025-09-23 17:38:35,203 : INFO : EventManager : Event: ======'machine_var_audits_missing_switches_s_coin_door_service_3'====== Args={'value': 17, 'prev_value': None, 'change': True}
2025-09-23 17:38:35,203 : INFO : EventManager : Event: ======'machine_var_audits_missing_switches_s_coin_door_service_4'====== Args={'value': 17, 'prev_value': None, 'change': True}
2025-09-23 17:38:35,203 : INFO : EventManager : Event: ======'machine_var_audits_missing_switches_s_e_iceman_target'====== Args={'value': 4, 'prev_value': None, 'change': True}
2025-09-23 17:38:35,203 : INFO : EventManager : Event: ======'machine_var_audits_missing_switches_s_flight_gear_target'====== Args={'value': 14, 'prev_value': None, 'change': True}
2025-09-23 17:38:35,203 : INFO : EventManager : Event: ======'machine_var_audits_missing_switches_s_flipper_left'====== Args={'value': 75, 'prev_value': None, 'change': True}
2025-09-23 17:38:35,203 : INFO : EventManager : Event: ======'machine_var_audits_missing_switches_s_flipper_left_eos'====== Args={'value': 77, 'prev_value': None, 'change': True}
2025-09-23 17:38:35,203 : INFO : EventManager : Event: ======'machine_var_audits_missing_switches_s_flipper_left_upper'====== Args={'value': 79, 'prev_value': None, 'change': True}
2025-09-23 17:38:35,204 : INFO : EventManager : Event: ======'machine_var_audits_missing_switches_s_flipper_left_upper_eos'====== Args={'value': 77, 'prev_value': None, 'change': True}
2025-09-23 17:38:35,204 : INFO : EventManager : Event: ======'machine_var_audits_missing_switches_s_flipper_right'====== Args={'value': 13, 'prev_value': None, 'change': True}
2025-09-23 17:38:35,204 : INFO : EventManager : Event: ======'machine_var_audits_missing_switches_s_flipper_right_eos'====== Args={'value': 77, 'prev_value': None, 'change': True}
2025-09-23 17:38:35,204 : INFO : EventManager : Event: ======'machine_var_audits_missing_switches_s_i_iceman_target'====== Args={'value': 4, 'prev_value': None, 'change': True}
2025-09-23 17:38:35,204 : INFO : EventManager : Event: ======'machine_var_audits_missing_switches_s_inlane_left'====== Args={'value': 10, 'prev_value': None, 'change': True}
2025-09-23 17:38:35,204 : INFO : EventManager : Event: ======'machine_var_audits_missing_switches_s_inner_inlane_right'====== Args={'value': 6, 'prev_value': None, 'change': True}
2025-09-23 17:38:35,204 : INFO : EventManager : Event: ======'machine_var_audits_missing_switches_s_jam'====== Args={'value': 2, 'prev_value': None, 'change': True}
2025-09-23 17:38:35,204 : INFO : EventManager : Event: ======'machine_var_audits_missing_switches_s_k_lock_target'====== Args={'value': 14, 'prev_value': None, 'change': True}
2025-09-23 17:38:35,204 : INFO : EventManager : Event: ======'machine_var_audits_missing_switches_s_l_lock_target'====== Args={'value': 14, 'prev_value': None, 'change': True}
2025-09-23 17:38:35,204 : INFO : EventManager : Event: ======'machine_var_audits_missing_switches_s_lane_left'====== Args={'value': 129, 'prev_value': None, 'change': True}
2025-09-23 17:38:35,204 : INFO : EventManager : Event: ======'machine_var_audits_missing_switches_s_lane_right'====== Args={'value': 4, 'prev_value': None, 'change': True}
2025-09-23 17:38:35,204 : INFO : EventManager : Event: ======'machine_var_audits_missing_switches_s_lock_goose'====== Args={'value': 79, 'prev_value': None, 'change': True}
2025-09-23 17:38:35,204 : INFO : EventManager : Event: ======'machine_var_audits_missing_switches_s_lock_mav'====== Args={'value': 79, 'prev_value': None, 'change': True}
2025-09-23 17:38:35,204 : INFO : EventManager : Event: ======'machine_var_audits_missing_switches_s_lock_plunger'====== Args={'value': 79, 'prev_value': None, 'change': True}
2025-09-23 17:38:35,204 : INFO : EventManager : Event: ======'machine_var_audits_missing_switches_s_m_iceman_target'====== Args={'value': 5, 'prev_value': None, 'change': True}
2025-09-23 17:38:35,205 : INFO : EventManager : Event: ======'machine_var_audits_missing_switches_s_mig_lane_left'====== Args={'value': 1, 'prev_value': None, 'change': True}
2025-09-23 17:38:35,205 : INFO : EventManager : Event: ======'machine_var_audits_missing_switches_s_mig_lane_right'====== Args={'value': 2, 'prev_value': None, 'change': True}
2025-09-23 17:38:35,205 : INFO : EventManager : Event: ======'machine_var_audits_missing_switches_s_mode_start'====== Args={'value': 79, 'prev_value': None, 'change': True}
2025-09-23 17:38:35,205 : INFO : EventManager : Event: ======'machine_var_audits_missing_switches_s_n_iceman_target'====== Args={'value': 5, 'prev_value': None, 'change': True}
2025-09-23 17:38:35,205 : INFO : EventManager : Event: ======'machine_var_audits_missing_switches_s_o_lock_target'====== Args={'value': 14, 'prev_value': None, 'change': True}
2025-09-23 17:38:35,205 : INFO : EventManager : Event: ======'machine_var_audits_missing_switches_s_orbit_left'====== Args={'value': 14, 'prev_value': None, 'change': True}
2025-09-23 17:38:35,205 : INFO : EventManager : Event: ======'machine_var_audits_missing_switches_s_orbit_lower'====== Args={'value': 79, 'prev_value': None, 'change': True}
2025-09-23 17:38:35,205 : INFO : EventManager : Event: ======'machine_var_audits_missing_switches_s_orbit_right'====== Args={'value': 4, 'prev_value': None, 'change': True}
2025-09-23 17:38:35,205 : INFO : EventManager : Event: ======'machine_var_audits_missing_switches_s_orbit_upper'====== Args={'value': 2, 'prev_value': None, 'change': True}
2025-09-23 17:38:35,205 : INFO : EventManager : Event: ======'machine_var_audits_missing_switches_s_outer_inlane_right'====== Args={'value': 12, 'prev_value': None, 'change': True}
2025-09-23 17:38:35,205 : INFO : EventManager : Event: ======'machine_var_audits_missing_switches_s_outlane_left'====== Args={'value': 79, 'prev_value': None, 'change': True}
2025-09-23 17:38:35,205 : INFO : EventManager : Event: ======'machine_var_audits_missing_switches_s_outlane_right'====== Args={'value': 16, 'prev_value': None, 'change': True}
2025-09-23 17:38:35,205 : INFO : EventManager : Event: ======'machine_var_audits_missing_switches_s_ramp_inner_exit'====== Args={'value': 79, 'prev_value': None, 'change': True}
2025-09-23 17:38:35,205 : INFO : EventManager : Event: ======'machine_var_audits_missing_switches_s_ramp_left_exit'====== Args={'value': 79, 'prev_value': None, 'change': True}
2025-09-23 17:38:35,206 : INFO : EventManager : Event: ======'machine_var_audits_missing_switches_s_ramp_right_exit'====== Args={'value': 79, 'prev_value': None, 'change': True}
2025-09-23 17:38:35,206 : INFO : EventManager : Event: ======'machine_var_audits_missing_switches_s_ramp_tower_exit'====== Args={'value': 79, 'prev_value': None, 'change': True}
2025-09-23 17:38:35,206 : INFO : EventManager : Event: ======'machine_var_audits_missing_switches_s_slingshot_left'====== Args={'value': 14, 'prev_value': None, 'change': True}
2025-09-23 17:38:35,206 : INFO : EventManager : Event: ======'machine_var_audits_missing_switches_s_slingshot_right'====== Args={'value': 6, 'prev_value': None, 'change': True}
2025-09-23 17:38:35,206 : INFO : EventManager : Event: ======'machine_var_audits_missing_switches_s_spinner'====== Args={'value': 79, 'prev_value': None, 'change': True}
2025-09-23 17:38:35,206 : INFO : EventManager : Event: ======'machine_var_audits_missing_switches_s_start'====== Args={'value': 1, 'prev_value': None, 'change': True}
2025-09-23 17:38:35,206 : INFO : EventManager : Event: ======'machine_var_audits_missing_switches_s_tilt'====== Args={'value': 17, 'prev_value': None, 'change': True}
2025-09-23 17:38:35,206 : INFO : EventManager : Event: ======'machine_var_audits_missing_switches_s_trough_1'====== Args={'value': 55, 'prev_value': None, 'change': True}
2025-09-23 17:38:35,206 : INFO : EventManager : Event: ======'machine_var_audits_missing_switches_s_trough_2'====== Args={'value': 55, 'prev_value': None, 'change': True}
2025-09-23 17:38:35,206 : INFO : EventManager : Event: ======'machine_var_audits_missing_switches_s_trough_3'====== Args={'value': 55, 'prev_value': None, 'change': True}
2025-09-23 17:38:35,206 : INFO : EventManager : Event: ======'machine_var_audits_missing_switches_s_trough_4'====== Args={'value': 130, 'prev_value': None, 'change': True}
2025-09-23 17:38:35,206 : INFO : EventManager : Event: ======'machine_var_audits_missing_switches_s_trough_5'====== Args={'value': 130, 'prev_value': None, 'change': True}
2025-09-23 17:38:35,206 : INFO : EventManager : Event: ======'machine_var_audits_missing_switches_s_trough_6'====== Args={'value': 2, 'prev_value': None, 'change': True}
2025-09-23 17:38:35,206 : INFO : EventManager : Event: ======'machine_var_audits_player_score'====== Args={'value': {'average': 67000, 'top': [73000, 61000], 'total': 2}, 'prev_value': None, 'change': True}
2025-09-23 17:38:35,206 : INFO : EventManager : Event: ======'machine_var_audits_shots_bumper_center'====== Args={'value': 471, 'prev_value': None, 'change': True}
2025-09-23 17:38:35,206 : INFO : EventManager : Event: ======'machine_var_audits_shots_bumper_left'====== Args={'value': 481, 'prev_value': None, 'change': True}
2025-09-23 17:38:35,207 : INFO : EventManager : Event: ======'machine_var_audits_shots_bumper_right'====== Args={'value': 353, 'prev_value': None, 'change': True}
2025-09-23 17:38:35,207 : INFO : EventManager : Event: ======'machine_var_audits_switches_s_a_iceman_target'====== Args={'value': 25, 'prev_value': None, 'change': True}
2025-09-23 17:38:35,207 : INFO : EventManager : Event: ======'machine_var_audits_switches_s_barrier_target'====== Args={'value': 6, 'prev_value': None, 'change': True}
2025-09-23 17:38:35,207 : INFO : EventManager : Event: ======'machine_var_audits_switches_s_bumper_center'====== Args={'value': 491, 'prev_value': None, 'change': True}
2025-09-23 17:38:35,207 : INFO : EventManager : Event: ======'machine_var_audits_switches_s_bumper_left'====== Args={'value': 504, 'prev_value': None, 'change': True}
2025-09-23 17:38:35,207 : INFO : EventManager : Event: ======'machine_var_audits_switches_s_bumper_right'====== Args={'value': 358, 'prev_value': None, 'change': True}
2025-09-23 17:38:35,207 : INFO : EventManager : Event: ======'machine_var_audits_switches_s_c_iceman_target'====== Args={'value': 38, 'prev_value': None, 'change': True}
2025-09-23 17:38:35,207 : INFO : EventManager : Event: ======'machine_var_audits_switches_s_c_lock_target'====== Args={'value': 4, 'prev_value': None, 'change': True}
2025-09-23 17:38:35,207 : INFO : EventManager : Event: ======'machine_var_audits_switches_s_coin_door'====== Args={'value': 0, 'prev_value': None, 'change': True}
2025-09-23 17:38:35,207 : INFO : EventManager : Event: ======'machine_var_audits_switches_s_coin_door_service_1'====== Args={'value': 0, 'prev_value': None, 'change': True}
2025-09-23 17:38:35,207 : INFO : EventManager : Event: ======'machine_var_audits_switches_s_coin_door_service_2'====== Args={'value': 0, 'prev_value': None, 'change': True}
2025-09-23 17:38:35,207 : INFO : EventManager : Event: ======'machine_var_audits_switches_s_coin_door_service_3'====== Args={'value': 0, 'prev_value': None, 'change': True}
2025-09-23 17:38:35,207 : INFO : EventManager : Event: ======'machine_var_audits_switches_s_coin_door_service_4'====== Args={'value': 0, 'prev_value': None, 'change': True}
2025-09-23 17:38:35,207 : INFO : EventManager : Event: ======'machine_var_audits_switches_s_e_iceman_target'====== Args={'value': 41, 'prev_value': None, 'change': True}
2025-09-23 17:38:35,207 : INFO : EventManager : Event: ======'machine_var_audits_switches_s_flight_gear_target'====== Args={'value': 6, 'prev_value': None, 'change': True}
2025-09-23 17:38:35,208 : INFO : EventManager : Event: ======'machine_var_audits_switches_s_flipper_left'====== Args={'value': 9, 'prev_value': None, 'change': True}
2025-09-23 17:38:35,208 : INFO : EventManager : Event: ======'machine_var_audits_switches_s_flipper_left_eos'====== Args={'value': 0, 'prev_value': None, 'change': True}
2025-09-23 17:38:35,208 : INFO : EventManager : Event: ======'machine_var_audits_switches_s_flipper_left_upper'====== Args={'value': 0, 'prev_value': None, 'change': True}
2025-09-23 17:38:35,208 : INFO : EventManager : Event: ======'machine_var_audits_switches_s_flipper_left_upper_eos'====== Args={'value': 0, 'prev_value': None, 'change': True}
2025-09-23 17:38:35,208 : INFO : EventManager : Event: ======'machine_var_audits_switches_s_flipper_right'====== Args={'value': 17, 'prev_value': None, 'change': True}
2025-09-23 17:38:35,208 : INFO : EventManager : Event: ======'machine_var_audits_switches_s_flipper_right_eos'====== Args={'value': 0, 'prev_value': None, 'change': True}
2025-09-23 17:38:35,208 : INFO : EventManager : Event: ======'machine_var_audits_switches_s_i_iceman_target'====== Args={'value': 3, 'prev_value': None, 'change': True}
2025-09-23 17:38:35,208 : INFO : EventManager : Event: ======'machine_var_audits_switches_s_inlane_left'====== Args={'value': 53, 'prev_value': None, 'change': True}
2025-09-23 17:38:35,208 : INFO : EventManager : Event: ======'machine_var_audits_switches_s_inner_inlane_right'====== Args={'value': 5, 'prev_value': None, 'change': True}
2025-09-23 17:38:35,208 : INFO : EventManager : Event: ======'machine_var_audits_switches_s_jam'====== Args={'value': 7, 'prev_value': None, 'change': True}
2025-09-23 17:38:35,208 : INFO : EventManager : Event: ======'machine_var_audits_switches_s_k_lock_target'====== Args={'value': 5, 'prev_value': None, 'change': True}
2025-09-23 17:38:35,208 : INFO : EventManager : Event: ======'machine_var_audits_switches_s_l_lock_target'====== Args={'value': 5, 'prev_value': None, 'change': True}
2025-09-23 17:38:35,208 : INFO : EventManager : Event: ======'machine_var_audits_switches_s_lane_left'====== Args={'value': 1, 'prev_value': None, 'change': True}
2025-09-23 17:38:35,208 : INFO : EventManager : Event: ======'machine_var_audits_switches_s_lane_right'====== Args={'value': 1, 'prev_value': None, 'change': True}
2025-09-23 17:38:35,208 : INFO : EventManager : Event: ======'machine_var_audits_switches_s_lock_goose'====== Args={'value': 0, 'prev_value': None, 'change': True}
2025-09-23 17:38:35,208 : INFO : EventManager : Event: ======'machine_var_audits_switches_s_lock_mav'====== Args={'value': 0, 'prev_value': None, 'change': True}
2025-09-23 17:38:35,208 : INFO : EventManager : Event: ======'machine_var_audits_switches_s_lock_plunger'====== Args={'value': 0, 'prev_value': None, 'change': True}
2025-09-23 17:38:35,208 : INFO : EventManager : Event: ======'machine_var_audits_switches_s_m_iceman_target'====== Args={'value': 25, 'prev_value': None, 'change': True}
2025-09-23 17:38:35,208 : INFO : EventManager : Event: ======'machine_var_audits_switches_s_mig_lane_left'====== Args={'value': 3, 'prev_value': None, 'change': True}
2025-09-23 17:38:35,208 : INFO : EventManager : Event: ======'machine_var_audits_switches_s_mig_lane_right'====== Args={'value': 1, 'prev_value': None, 'change': True}
2025-09-23 17:38:35,208 : INFO : EventManager : Event: ======'machine_var_audits_switches_s_mode_start'====== Args={'value': 0, 'prev_value': None, 'change': True}
2025-09-23 17:38:35,208 : INFO : EventManager : Event: ======'machine_var_audits_switches_s_n_iceman_target'====== Args={'value': 33, 'prev_value': None, 'change': True}
2025-09-23 17:38:35,208 : INFO : EventManager : Event: ======'machine_var_audits_switches_s_o_lock_target'====== Args={'value': 5, 'prev_value': None, 'change': True}
2025-09-23 17:38:35,208 : INFO : EventManager : Event: ======'machine_var_audits_switches_s_orbit_left'====== Args={'value': 7, 'prev_value': None, 'change': True}
2025-09-23 17:38:35,209 : INFO : EventManager : Event: ======'machine_var_audits_switches_s_orbit_lower'====== Args={'value': 0, 'prev_value': None, 'change': True}
2025-09-23 17:38:35,209 : INFO : EventManager : Event: ======'machine_var_audits_switches_s_orbit_right'====== Args={'value': 10, 'prev_value': None, 'change': True}
2025-09-23 17:38:35,209 : INFO : EventManager : Event: ======'machine_var_audits_switches_s_orbit_upper'====== Args={'value': 1, 'prev_value': None, 'change': True}
2025-09-23 17:38:35,209 : INFO : EventManager : Event: ======'machine_var_audits_switches_s_outer_inlane_right'====== Args={'value': 5, 'prev_value': None, 'change': True}
2025-09-23 17:38:35,209 : INFO : EventManager : Event: ======'machine_var_audits_switches_s_outlane_left'====== Args={'value': 0, 'prev_value': None, 'change': True}
2025-09-23 17:38:35,209 : INFO : EventManager : Event: ======'machine_var_audits_switches_s_outlane_right'====== Args={'value': 4, 'prev_value': None, 'change': True}
2025-09-23 17:38:35,209 : INFO : EventManager : Event: ======'machine_var_audits_switches_s_plunger_lane'====== Args={'value': 62, 'prev_value': None, 'change': True}
2025-09-23 17:38:35,209 : INFO : EventManager : Event: ======'machine_var_audits_switches_s_ramp_inner_exit'====== Args={'value': 0, 'prev_value': None, 'change': True}
2025-09-23 17:38:35,209 : INFO : EventManager : Event: ======'machine_var_audits_switches_s_ramp_left_exit'====== Args={'value': 0, 'prev_value': None, 'change': True}
2025-09-23 17:38:35,209 : INFO : EventManager : Event: ======'machine_var_audits_switches_s_ramp_right_exit'====== Args={'value': 0, 'prev_value': None, 'change': True}
2025-09-23 17:38:35,209 : INFO : EventManager : Event: ======'machine_var_audits_switches_s_ramp_tower_exit'====== Args={'value': 0, 'prev_value': None, 'change': True}
2025-09-23 17:38:35,209 : INFO : EventManager : Event: ======'machine_var_audits_switches_s_shooter_lane'====== Args={'value': 4, 'prev_value': None, 'change': True}
2025-09-23 17:38:35,209 : INFO : EventManager : Event: ======'machine_var_audits_switches_s_slingshot_left'====== Args={'value': 8, 'prev_value': None, 'change': True}
2025-09-23 17:38:35,209 : INFO : EventManager : Event: ======'machine_var_audits_switches_s_slingshot_right'====== Args={'value': 9, 'prev_value': None, 'change': True}
2025-09-23 17:38:35,209 : INFO : EventManager : Event: ======'machine_var_audits_switches_s_spinner'====== Args={'value': 0, 'prev_value': None, 'change': True}
2025-09-23 17:38:35,209 : INFO : EventManager : Event: ======'machine_var_audits_switches_s_start'====== Args={'value': 139, 'prev_value': None, 'change': True}
2025-09-23 17:38:35,209 : INFO : EventManager : Event: ======'machine_var_audits_switches_s_tilt'====== Args={'value': 0, 'prev_value': None, 'change': True}
2025-09-23 17:38:35,209 : INFO : EventManager : Event: ======'machine_var_audits_switches_s_trough_1'====== Args={'value': 2, 'prev_value': None, 'change': True}
2025-09-23 17:38:35,209 : INFO : EventManager : Event: ======'machine_var_audits_switches_s_trough_2'====== Args={'value': 1, 'prev_value': None, 'change': True}
2025-09-23 17:38:35,209 : INFO : EventManager : Event: ======'machine_var_audits_switches_s_trough_3'====== Args={'value': 1, 'prev_value': None, 'change': True}
2025-09-23 17:38:35,209 : INFO : EventManager : Event: ======'machine_var_audits_switches_s_trough_4'====== Args={'value': 0, 'prev_value': None, 'change': True}
2025-09-23 17:38:35,209 : INFO : EventManager : Event: ======'machine_var_audits_switches_s_trough_5'====== Args={'value': 0, 'prev_value': None, 'change': True}
2025-09-23 17:38:35,209 : INFO : EventManager : Event: ======'machine_var_audits_switches_s_trough_6'====== Args={'value': 74, 'prev_value': None, 'change': True}
2025-09-23 17:38:35,210 : INFO : EventManager : Event: ======'init_phase_5'====== Args={}
2025-09-23 17:38:35,210 : INFO : EventManager : Event: ======'init_done'====== Args={}
2025-09-23 17:38:35,210 : INFO : EventManager : Event: ======'machine_reset_phase_1'====== Args={}
2025-09-23 17:38:35,219 : INFO : EventManager : Event: ======'machine_reset_phase_2'====== Args={}
2025-09-23 17:38:35,219 : INFO : EventManager : Event: ======'machine_reset_phase_3'====== Args={}
2025-09-23 17:38:35,219 : INFO : EventManager : Event: ======'reset_complete'====== Args={}
2025-09-23 17:38:35,219 : INFO : EventManager : Event: ======'mode_attract_will_start'====== Args={}
2025-09-23 17:38:35,219 : INFO : Timer.attract_carousel_timer : Starting Timer.
2025-09-23 17:38:35,220 : INFO : EventManager : Event: ======'timer_attract_carousel_timer_started'====== Args={'ticks': 0, 'ticks_remaining': 1}
2025-09-23 17:38:35,220 : INFO : EventManager : Event: ======'timer_attract_carousel_timer_tick'====== Args={'ticks': 0, 'ticks_remaining': 1}
2025-09-23 17:38:35,221 : INFO : EventManager : Event: ======'mode_attract_starting'====== Args={}
2025-09-23 17:38:35,221 : INFO : Mode.attract : Started. Priority: 10
2025-09-23 17:38:35,221 : INFO : EventManager : Event: ======'modes_active_modes_changed'====== Args={}
2025-09-23 17:38:35,221 : INFO : EventManager : Event: ======'mode_attract_started'====== Args={}
2025-09-23 17:38:35,221 : INFO : EventManager : Event: ======'attract_cycle_step1'====== Args={'priority': 0}
2025-09-23 17:38:35,221 : INFO : EventManager : Event: ======'collecting_balls_complete'====== Args={}
2025-09-23 17:38:35,221 : INFO : EventManager : Event: ======'item_highlighted'====== Args={'carousel': 'attract', 'direction': None, 'item': 'title'}
2025-09-23 17:38:35,221 : INFO : EventManager : Event: ======'timer_attract_carousel_timer_tick'====== Args={'ticks': 0, 'ticks_remaining': 1}
2025-09-23 17:38:35,222 : INFO : Machine : Starting the main run loop with active modes: [<Mode.attract>]
2025-09-23 17:38:35,305 : INFO : EventManager : Event: ======'slide_attract_created'====== Args={'_from_bcp': True}
2025-09-23 17:38:35,305 : INFO : EventManager : Event: ======'slide__removed'====== Args={'_from_bcp': True}
2025-09-23 17:38:35,306 : INFO : EventManager : Event: ======'slide_attract_active'====== Args={'original_context': 'attract', 'original_calling_context': 'mode_attract_started', 'priority': 10.0, 'cmd': 'slides_play', '_from_bcp': True}
2025-09-23 17:38:35,611 : INFO : BcpServer : New client connected.
2025-09-23 17:38:42,076 : INFO : SwitchController : <<<<<<< 's_start' active >>>>>>>
2025-09-23 17:38:42,160 : INFO : SwitchController : <<<<<<< 's_start' inactive >>>>>>>
2025-09-23 17:38:42,160 : INFO : EventManager : Event: ======'request_to_start_game'====== Args={}
2025-09-23 17:38:42,163 : INFO : EventManager : Event: ======'game_start'====== Args={'buttons': [], 'hold_time': 0.07800000003771856}
2025-09-23 17:38:42,163 : INFO : EventManager : Event: ======'mode_game_will_start'====== Args={'buttons': [], 'hold_time': 0.07800000003771856}
2025-09-23 17:38:42,163 : INFO : EventManager : Event: ======'mode_game_starting'====== Args={'buttons': [], 'hold_time': 0.07800000003771856}
2025-09-23 17:38:42,164 : INFO : EventManager : Event: ======'mode_attract_will_stop'====== Args={}
2025-09-23 17:38:42,164 : INFO : EventManager : Event: ======'mode_attract_stopping'====== Args={}
2025-09-23 17:38:42,164 : INFO : Mode.game : Started. Priority: 20
2025-09-23 17:38:42,164 : INFO : EventManager : Event: ======'modes_active_modes_changed'====== Args={}
2025-09-23 17:38:42,164 : INFO : EventManager : Event: ======'mode_game_started'====== Args={'buttons': [], 'hold_time': 0.07800000003771856}
2025-09-23 17:38:42,165 : INFO : Mode.attract : Stopped.
2025-09-23 17:38:42,165 : INFO : EventManager : Event: ======'modes_active_modes_changed'====== Args={}
2025-09-23 17:38:42,165 : INFO : EventManager : Event: ======'mode_attract_stopped'====== Args={}
2025-09-23 17:38:42,165 : INFO : EventManager : Event: ======'clear'====== Args={'key': 'attract'}
2025-09-23 17:38:42,166 : INFO : Timer.attract_carousel_timer : Stopping Timer
2025-09-23 17:38:42,166 : INFO : EventManager : Event: ======'timer_attract_carousel_timer_stopped'====== Args={'ticks': 0, 'ticks_remaining': 1}
2025-09-23 17:38:42,166 : INFO : EventManager : Event: ======'game_will_start'====== Args={}
2025-09-23 17:38:42,167 : INFO : EventManager : Event: ======'game_starting'====== Args={'game': <Mode.game>}
2025-09-23 17:38:42,168 : INFO : EventManager : Unordered handler for class <Auditor> on event game_ended with priority 1. Handlers: [RegisteredHandler(callback=<bound method Auditor.disable of <Auditor>>, priority=1, kwargs={}, key=UUID('608fbfa5-c510-44c4-bf54-34c7ec1a2da6'), condition=None, blocking_facility=None), RegisteredHandler(callback=<bound method Auditor._save_audits of <Auditor>>, priority=1, kwargs={}, key=UUID('c46b0264-8327-49ca-aa9d-6058b4b87e92'), condition=None, blocking_facility=None)]. The order of those handlers is not defined and they will be executed in random order. This might lead to race conditions and potential bugs.
2025-09-23 17:38:42,168 : INFO : EventManager : Event: ======'player_add_request'====== Args={}
2025-09-23 17:38:42,168 : INFO : EventManager : Event: ======'player_will_add'====== Args={'number': 1}
2025-09-23 17:38:42,168 : INFO : EventManager : Event: ======'player_adding'====== Args={'player': <Player 1>, 'number': 1}
2025-09-23 17:38:42,169 : INFO : EventManager : Event: ======'player_added'====== Args={'player': <Player 1>, 'num': 1}
2025-09-23 17:38:42,169 : INFO : Mode.game : Player added successfully. Total players: 1
2025-09-23 17:38:42,169 : INFO : EventManager : Event: ======'player_index'====== Args={'value': 0, 'prev_value': 0, 'change': 0, 'player_num': 1}
2025-09-23 17:38:42,169 : INFO : EventManager : Event: ======'player_number'====== Args={'value': 1, 'prev_value': 1, 'change': 0, 'player_num': 1}
2025-09-23 17:38:42,170 : INFO : EventManager : Event: ======'player_score'====== Args={'value': 0, 'prev_value': 0, 'change': 0, 'player_num': 1}
2025-09-23 17:38:42,170 : INFO : EventManager : Event: ======'game_started'====== Args={}
2025-09-23 17:38:42,171 : INFO : EventManager : Event: ======'player_turn_will_start'====== Args={'player': <Player 1>, 'number': 1}
2025-09-23 17:38:42,179 : INFO : EventManager : Event: ======'player_turn_starting'====== Args={'player': <Player 1>, 'number': 1}
2025-09-23 17:38:42,180 : INFO : EventManager : Event: ======'player_ball'====== Args={'value': 1, 'prev_value': 0, 'change': 1, 'player_num': 1}
2025-09-23 17:38:42,180 : INFO : EventManager : Event: ======'player_turn_started'====== Args={'player': <Player 1>, 'number': 1}
2025-09-23 17:38:42,180 : INFO : EventManager : Event: ======'ui_player_1_up'====== Args={'priority': 0}
2025-09-23 17:38:42,181 : INFO : EventManager : Event: ======'ball_will_start'====== Args={'player': 1, 'ball': 1, 'balls_remaining': 2, 'is_extra_ball': False}
2025-09-23 17:38:42,182 : INFO : EventManager : Event: ======'ball_starting'====== Args={'player': 1, 'ball': 1, 'balls_remaining': 2, 'is_extra_ball': False}
2025-09-23 17:38:42,183 : INFO : EventManager : Event: ======'mode_base_will_start'====== Args={'queue': <QueuedEvent>, 'player': 1, 'ball': 1, 'balls_remaining': 2, 'is_extra_ball': False}
2025-09-23 17:38:42,184 : INFO : EventManager : Event: ======'mode_base_starting'====== Args={'queue': <QueuedEvent>, 'player': 1, 'ball': 1, 'balls_remaining': 2, 'is_extra_ball': False}
2025-09-23 17:38:42,185 : INFO : Mode.base : Started. Priority: 100
2025-09-23 17:38:42,185 : INFO : EventManager : Event: ======'modes_active_modes_changed'====== Args={}
2025-09-23 17:38:42,185 : INFO : EventManager : Event: ======'mode_base_started'====== Args={'queue': <QueuedEvent>, 'player': 1, 'ball': 1, 'balls_remaining': 2, 'is_extra_ball': False}
2025-09-23 17:38:42,185 : INFO : EventManager : Event: ======'start_mode_bumpers'====== Args={'priority': 0}
2025-09-23 17:38:42,185 : INFO : EventManager : Event: ======'mode_bumpers_will_start'====== Args={'priority': 0}
2025-09-23 17:38:42,185 : INFO : EventManager : Event: ======'player_shot_bumper_left_enabled'====== Args={'value': True, 'prev_value': 0, 'change': 1, 'player_num': 1}
2025-09-23 17:38:42,185 : INFO : EventManager : Event: ======'player_shot_bumper_center_enabled'====== Args={'value': True, 'prev_value': 0, 'change': 1, 'player_num': 1}
2025-09-23 17:38:42,186 : INFO : EventManager : Event: ======'player_shot_bumper_right_enabled'====== Args={'value': True, 'prev_value': 0, 'change': 1, 'player_num': 1}
2025-09-23 17:38:42,186 : INFO : EventManager : Event: ======'bumpers_complete'====== Args={'state': 'unlit'}
2025-09-23 17:38:42,186 : INFO : EventManager : Event: ======'bumpers_unlit_complete'====== Args={}
2025-09-23 17:38:42,187 : INFO : EventManager : Event: ======'mode_bumpers_starting'====== Args={'priority': 0}
2025-09-23 17:38:42,187 : INFO : Mode.bumpers : Started. Priority: 200
2025-09-23 17:38:42,187 : INFO : EventManager : Event: ======'modes_active_modes_changed'====== Args={}
2025-09-23 17:38:42,187 : INFO : EventManager : Event: ======'mode_bumpers_started'====== Args={'priority': 0}
2025-09-23 17:38:42,188 : INFO : EventManager : Event: ======'balls_in_play'====== Args={'balls': 1}
2025-09-23 17:38:42,188 : INFO : EventManager : Event: ======'ball_started'====== Args={'player': 1, 'ball': 1, 'balls_remaining': 2, 'is_extra_ball': False}
2025-09-23 17:38:42,189 : INFO : EventManager : Event: ======'single_player_ball_started'====== Args={}
2025-09-23 17:38:42,191 : INFO : EventManager : Event: ======'ball_start_target'====== Args={'target': 'playfield'}
2025-09-23 17:38:42,191 : INFO : ball_device.bd_plunger : Setting up player-controlled eject. Balls: 1, Target: <playfield.playfield>, player_controlled_eject_event: None
2025-09-23 17:38:42,192 : INFO : EventManager : Event: ======'balldevice_balls_available'====== Args={}
2025-09-23 17:38:42,193 : INFO : ball_device.bd_trough : State: waiting_for_target_ready
2025-09-23 17:38:42,193 : INFO : EventManager : Event: ======'balldevice_bd_trough_ball_eject_attempt'====== Args={'balls': 1, 'target': <ball_device.bd_plunger>, 'source': <ball_device.bd_trough>, 'mechanical_eject': True, 'num_attempts': 0}
2025-09-23 17:38:42,193 : INFO : ball_device.bd_plunger : State: waiting_for_ball
2025-09-23 17:38:42,195 : INFO : ball_device.bd_trough : State: ejecting
2025-09-23 17:38:42,195 : INFO : ball_device.bd_trough : Ejecting ball to <ball_device.bd_plunger>
2025-09-23 17:38:42,195 : INFO : EventManager : Event: ======'balldevice_bd_trough_ejecting_ball'====== Args={'balls': 1, 'target': <ball_device.bd_plunger>, 'source': <ball_device.bd_trough>, 'mechanical_eject': True, 'num_attempts': 0}
2025-09-23 17:38:42,196 : INFO : ball_device.bd_trough : Wait for ball to leave device
2025-09-23 17:38:42,196 : INFO : coil.c_trough_eject : Pulsing Driver for 10ms (0.75 pulse_power)
2025-09-23 17:38:42,279 : INFO : EventManager : Event: ======'slide_base_slide_created'====== Args={'_from_bcp': True}
2025-09-23 17:38:42,280 : INFO : EventManager : Event: ======'slide_attract_inactive'====== Args={'is_removing': True, '_from_bcp': True}
2025-09-23 17:38:42,281 : INFO : EventManager : Event: ======'slide_base_slide_active'====== Args={'original_context': 'base', 'original_calling_context': 'mode_base_started', 'priority': 100.0, 'queue': '<QueuedEvent>', 'player': 1.0, 'ball': 1.0, 'balls_remaining': 2.0, 'is_extra_ball': False, 'cmd': 'slides_play', '_from_bcp': True}
2025-09-23 17:38:42,283 : INFO : EventManager : Event: ======'slide_attract_removed'====== Args={'_from_bcp': True}
2025-09-23 17:38:43,113 : INFO : SwitchController : <<<<<<< 's_trough_6' inactive >>>>>>>
2025-09-23 17:38:43,114 : INFO : ball_device.bd_trough : State: ball_left
2025-09-23 17:38:43,114 : INFO : ball_device.bd_trough : Ball left
2025-09-23 17:38:43,114 : INFO : ball_device.bd_trough : Wait for confirm with timeout 3.0
2025-09-23 17:38:44,333 : INFO : SwitchController : <<<<<<< 's_shooter_lane' active >>>>>>>
2025-09-23 17:38:44,333 : INFO : EventManager : Event: ======'machine_var_audits_switches_s_shooter_lane'====== Args={'value': 5, 'prev_value': 4, 'change': 1}
2025-09-23 17:38:44,652 : INFO : ball_device.bd_plunger : Received ball from <ball_device.bd_trough>
2025-09-23 17:38:44,652 : INFO : EventManager : Event: ======'balldevice_bd_plunger_ball_enter'====== Args={'new_balls': 1, 'unclaimed_balls': 0, 'new_available_balls': 0, 'device': <ball_device.bd_plunger>}
2025-09-23 17:38:44,653 : INFO : EventManager : Event: ======'balldevice_bd_plunger_ball_entered'====== Args={'new_balls': 0, 'device': <ball_device.bd_plunger>}
2025-09-23 17:38:44,653 : INFO : EventManager : Event: ======'balldevice_bd_plunger_ball_count_changed'====== Args={'balls': 1}
2025-09-23 17:38:44,654 : INFO : ball_device.bd_trough : Got eject confirm
2025-09-23 17:38:44,654 : INFO : ball_device.bd_trough : Eject successful
2025-09-23 17:38:44,654 : INFO : EventManager : Event: ======'balldevice_bd_trough_ball_eject_success'====== Args={'balls': 1, 'target': <ball_device.bd_plunger>}
2025-09-23 17:38:44,654 : INFO : EventManager : Event: ======'balldevice_bd_trough_ball_count_changed'====== Args={'balls': 5}
2025-09-23 17:38:44,654 : INFO : ball_device.bd_trough : State: idle
2025-09-23 17:38:44,655 : INFO : ball_device.bd_plunger : State: waiting_for_target_ready
2025-09-23 17:38:44,655 : INFO : EventManager : Event: ======'balldevice_bd_plunger_ball_eject_attempt'====== Args={'balls': 1, 'target': <playfield.playfield>, 'source': <ball_device.bd_plunger>, 'mechanical_eject': True, 'num_attempts': 0}
2025-09-23 17:38:44,655 : INFO : ball_device.bd_plunger : State: ejecting
2025-09-23 17:38:44,656 : INFO : ball_device.bd_plunger : Ejecting ball to <playfield.playfield>
2025-09-23 17:38:44,656 : INFO : EventManager : Event: ======'balldevice_bd_plunger_ejecting_ball'====== Args={'balls': 1, 'target': <playfield.playfield>, 'source': <ball_device.bd_plunger>, 'mechanical_eject': True, 'num_attempts': 0}
2025-09-23 17:38:44,656 : INFO : ball_device.bd_plunger : Wait for ball to leave device
2025-09-23 17:38:49,258 : INFO : SwitchController : <<<<<<< 's_start' active >>>>>>>
2025-09-23 17:38:49,258 : INFO : EventManager : Event: ======'sw_start'====== Args={}
2025-09-23 17:38:49,258 : INFO : EventManager : Event: ======'machine_var_audits_switches_s_start'====== Args={'value': 140, 'prev_value': 139, 'change': 1}
2025-09-23 17:38:49,259 : INFO : EventManager : Event: ======'player_add_request'====== Args={}
2025-09-23 17:38:49,260 : INFO : EventManager : Event: ======'player_will_add'====== Args={'number': 2}
2025-09-23 17:38:49,260 : INFO : EventManager : Event: ======'player_adding'====== Args={'player': <Player 2>, 'number': 2}
2025-09-23 17:38:49,260 : INFO : EventManager : Event: ======'player_added'====== Args={'player': <Player 2>, 'num': 2}
2025-09-23 17:38:49,260 : INFO : Mode.game : Player added successfully. Total players: 2
2025-09-23 17:38:49,260 : INFO : EventManager : Event: ======'multiplayer_game'====== Args={}
2025-09-23 17:38:49,260 : INFO : EventManager : Event: ======'player_index'====== Args={'value': 1, 'prev_value': 1, 'change': 0, 'player_num': 2}
2025-09-23 17:38:49,261 : INFO : EventManager : Event: ======'player_number'====== Args={'value': 2, 'prev_value': 2, 'change': 0, 'player_num': 2}
2025-09-23 17:38:49,261 : INFO : EventManager : Event: ======'player_score'====== Args={'value': 0, 'prev_value': 0, 'change': 0, 'player_num': 2}
2025-09-23 17:38:49,358 : INFO : SwitchController : <<<<<<< 's_start' inactive >>>>>>>
2025-09-23 17:38:56,930 : INFO : Machine : Shutting down...
2025-09-23 17:38:56,930 : INFO : EventManager : Event: ======'shutdown'====== Args={}
2025-09-23 17:38:56,931 : INFO : EventManager : Event: ======'mode_game_will_stop'====== Args={}
2025-09-23 17:38:56,931 : INFO : EventManager : Event: ======'mode_game_stopping'====== Args={}
2025-09-23 17:38:56,932 : INFO : EventManager : Event: ======'mode_base_will_stop'====== Args={}
2025-09-23 17:38:56,932 : INFO : EventManager : Event: ======'mode_base_stopping'====== Args={}
2025-09-23 17:38:56,932 : INFO : EventManager : Event: ======'mode_bumpers_will_stop'====== Args={}
2025-09-23 17:38:56,932 : INFO : EventManager : Event: ======'mode_bumpers_stopping'====== Args={}
2025-09-23 17:38:56,933 : INFO : EventManager : Event: ======'stop_mode_bumpers'====== Args={'priority': 0}
2025-09-23 17:38:56,933 : INFO : Mode.bumpers : Stopped.
2025-09-23 17:38:56,933 : INFO : EventManager : Event: ======'modes_active_modes_changed'====== Args={}
2025-09-23 17:38:56,933 : INFO : EventManager : Event: ======'mode_bumpers_stopped'====== Args={}
2025-09-23 17:38:56,933 : INFO : EventManager : Event: ======'clear'====== Args={'key': 'bumpers'}
2025-09-23 17:38:56,933 : INFO : Mode.base : Stopped.
2025-09-23 17:38:56,934 : INFO : EventManager : Event: ======'modes_active_modes_changed'====== Args={}
2025-09-23 17:38:56,934 : INFO : EventManager : Event: ======'mode_base_stopped'====== Args={}
2025-09-23 17:38:56,934 : INFO : EventManager : Event: ======'clear'====== Args={'key': 'base'}
2025-09-23 17:38:56,934 : INFO : Mode.game : Stopped.
2025-09-23 17:38:56,934 : INFO : EventManager : Event: ======'modes_active_modes_changed'====== Args={}
2025-09-23 17:38:56,934 : INFO : EventManager : Event: ======'mode_game_stopped'====== Args={}
2025-09-23 17:38:56,934 : INFO : EventManager : Event: ======'clear'====== Args={'key': 'game'}
2025-09-23 17:38:56,940 : INFO : root : MPF run loop ended.
