2025-12-25 16:24:28,553 : INFO : root : Loading config.
2025-12-25 16:24:28,559 : INFO : YamlMultifileConfigLoader : Machine config file #1: config.yaml
2025-12-25 16:24:28,559 : INFO : ConfigProcessor : Loading config from cache: C:\Users\White\AppData\Local\Temp\4d2409115979d2066280cf8a522910f3.mpf_cache
2025-12-25 16:24:28,666 : INFO : ConfigProcessor : Loading config from cache: C:\Users\White\AppData\Local\Temp\e29f700f4dd412c341ced84fe54a834e.mpf_cache
2025-12-25 16:24:28,667 : INFO : ConfigProcessor : Loading config from cache: C:\Users\White\AppData\Local\Temp\91cc4d1c993c58dc354e34974b9cfeac.mpf_cache
2025-12-25 16:24:28,667 : INFO : ConfigProcessor : Loading config from cache: C:\Users\White\AppData\Local\Temp\153a6f35d2fbc89e8611fc222f5041e6.mpf_cache
2025-12-25 16:24:28,668 : INFO : ConfigProcessor : Loading config from cache: C:\Users\White\AppData\Local\Temp\e29f700f4dd412c341ced84fe54a834e.mpf_cache
2025-12-25 16:24:28,669 : INFO : ConfigProcessor : Loading config from cache: C:\Users\White\AppData\Local\Temp\3424101e418333c494b4f7abb38a6bbc.mpf_cache
2025-12-25 16:24:28,670 : INFO : ConfigProcessor : Loading config from cache: C:\Users\White\AppData\Local\Temp\2baac919e756d495657c096c87a61da2.mpf_cache
2025-12-25 16:24:28,672 : INFO : ConfigProcessor : Loading config from cache: C:\Users\White\AppData\Local\Temp\515c33aaf7882d3e576ea3c42b7bfe2a.mpf_cache
2025-12-25 16:24:28,673 : INFO : ConfigProcessor : Loading config from cache: C:\Users\White\AppData\Local\Temp\928267ba5ce09cfb7bef110abe29482e.mpf_cache
2025-12-25 16:24:28,674 : INFO : ConfigProcessor : Loading config from cache: C:\Users\White\AppData\Local\Temp\143f2aa6ea6c447c37835b1fcf1e2392.mpf_cache
2025-12-25 16:24:28,674 : INFO : ConfigProcessor : Loading config from cache: C:\Users\White\AppData\Local\Temp\32a647433343f2a8dbd97369798bc91c.mpf_cache
2025-12-25 16:24:28,676 : INFO : ConfigProcessor : Loading config from cache: C:\Users\White\AppData\Local\Temp\fcd858616785c392a2718eef83d6bdec.mpf_cache
2025-12-25 16:24:28,677 : INFO : ConfigProcessor : Loading config from cache: C:\Users\White\AppData\Local\Temp\bc528c0552a0292e8ecb958c9df9be52.mpf_cache
2025-12-25 16:24:28,677 : INFO : ConfigProcessor : Loading config from cache: C:\Users\White\AppData\Local\Temp\079d5d4f78adbdc9511df3472695879d.mpf_cache
2025-12-25 16:24:28,678 : INFO : ConfigProcessor : Loading config from cache: C:\Users\White\AppData\Local\Temp\3d7624af3136b167d055570c605d2391.mpf_cache
2025-12-25 16:24:28,679 : INFO : ConfigProcessor : Loading config from cache: C:\Users\White\AppData\Local\Temp\cbf9c95ed33e797787d40a3c26fb1f29.mpf_cache
2025-12-25 16:24:28,680 : INFO : ConfigProcessor : Loading config from cache: C:\Users\White\AppData\Local\Temp\0f477732e86fa3539be0c16808cbc3a4.mpf_cache
2025-12-25 16:24:28,681 : INFO : ConfigProcessor : Loading config from cache: C:\Users\White\AppData\Local\Temp\5252be9889d0ea92e9251ccb139bb96e.mpf_cache
2025-12-25 16:24:28,684 : INFO : ConfigProcessor : Loading config from cache: C:\Users\White\AppData\Local\Temp\bbd12103fd66360c81da95fa3b5d5cac.mpf_cache
2025-12-25 16:24:28,685 : INFO : ConfigProcessor : Loading config from cache: C:\Users\White\AppData\Local\Temp\aecbb0084a39aaddc8e1af6d86d05e57.mpf_cache
2025-12-25 16:24:28,689 : INFO : ConfigProcessor : Loading config from cache: C:\Users\White\AppData\Local\Temp\a64c515fc9f6d1ba4d043d8acedc61d8.mpf_cache
2025-12-25 16:24:28,690 : INFO : ConfigProcessor : Loading config from cache: C:\Users\White\AppData\Local\Temp\157e473ad106aaf7621d4ff67f908349.mpf_cache
2025-12-25 16:24:28,693 : INFO : ConfigProcessor : Loading config from cache: C:\Users\White\AppData\Local\Temp\b42daedb456e388e83b54e0791e694a7.mpf_cache
2025-12-25 16:24:28,693 : INFO : ConfigProcessor : Loading config from cache: C:\Users\White\AppData\Local\Temp\faf1d2b55b8b754be547ffd9950d5977.mpf_cache
2025-12-25 16:24:28,694 : INFO : ConfigProcessor : Loading config from cache: C:\Users\White\AppData\Local\Temp\881befc175503515b6a677d4b92fd8f6.mpf_cache
2025-12-25 16:24:28,698 : INFO : ConfigProcessor : Loading config from cache: C:\Users\White\AppData\Local\Temp\e02fdb456b236b981c3cd16c62d08cdd.mpf_cache
2025-12-25 16:24:28,700 : INFO : ConfigProcessor : Loading config from cache: C:\Users\White\AppData\Local\Temp\60f49b772835308c8a63a813f3984bd2.mpf_cache
2025-12-25 16:24:28,701 : INFO : ConfigProcessor : Loading config from cache: C:\Users\White\AppData\Local\Temp\b44eabe64ef7d1af51d3871ffce6e8a0.mpf_cache
2025-12-25 16:24:28,703 : INFO : ConfigProcessor : Loading config from cache: C:\Users\White\AppData\Local\Temp\c53f4b0025ffe033d8b4913dcf5d894f.mpf_cache
2025-12-25 16:24:28,704 : INFO : ConfigProcessor : Loading config from cache: C:\Users\White\AppData\Local\Temp\859a13897bab67859dc37e71c8deb7f3.mpf_cache
2025-12-25 16:24:28,705 : INFO : ConfigProcessor : Loading config from cache: C:\Users\White\AppData\Local\Temp\1df928f99f2fd0a162eaba4dfecade40.mpf_cache
2025-12-25 16:24:28,706 : INFO : ConfigProcessor : Loading config from cache: C:\Users\White\AppData\Local\Temp\79c411a388f93dc9361da8ba68c71f8b.mpf_cache
2025-12-25 16:24:28,707 : INFO : ConfigProcessor : Loading config from cache: C:\Users\White\AppData\Local\Temp\a2e6743439269288443fc316af74c4e3.mpf_cache
2025-12-25 16:24:28,710 : INFO : ConfigProcessor : Loading config from cache: C:\Users\White\AppData\Local\Temp\806e2c11867b05313045539710e5cf3e.mpf_cache
2025-12-25 16:24:28,710 : INFO : ConfigProcessor : Loading config from cache: C:\Users\White\AppData\Local\Temp\d4cc51f9996852dab0efd4baeb323b9c.mpf_cache
2025-12-25 16:24:28,711 : INFO : Machine : Mission Pinball Framework Core Engine v0.80.0.dev9
2025-12-25 16:24:28,711 : INFO : Machine : Command line arguments: {'no_load_cache': False, 'create_config_cache': True, 'bcp': True, 'configfile': ['config.yaml'], 'force_assets_load': False, 'platform_integration_test': False, 'jsonlogging': False, 'logfile': 'logs\\2025-12-25-16-24-28-mpf-TopGunPinball.log', 'pause': False, 'production': False, 'text_ui': False, 'loglevel': 15, 'consoleloglevel': 20, 'force_platform': None, 'syslog_address': None, 'full_logfile_path': 'C:\\Users\\White\\documents\\Top_Gun_Pinball\\logs\\2025-12-25-16-24-28-mpf-TopGunPinball.log'}
2025-12-25 16:24:28,711 : INFO : Machine : MPF path: C:\Users\White\mpf\Lib\site-packages\mpf
2025-12-25 16:24:28,711 : INFO : Machine : Machine path: C:\Users\White\documents\Top_Gun_Pinball
2025-12-25 16:24:28,711 : INFO : Machine : Platform: win32
2025-12-25 16:24:28,711 : INFO : Machine : Python executable location: C:\Users\White\mpf\Scripts\python.exe
2025-12-25 16:24:28,711 : INFO : Machine : Python version: 3.12.7 (64-bit)
2025-12-25 16:24:28,713 : INFO : Machine : Initializing MPF...
2025-12-25 16:24:28,819 : INFO : FAST : Auto-detecting ports for the following connections: ['net', 'exp', 'aud']
2025-12-25 16:24:29,307 : INFO : FAST : Detected NET on port COM3
2025-12-25 16:24:29,307 : INFO : FAST : Detected AUD on port COM7
2025-12-25 16:24:29,311 : INFO : FAST : Detected EXP on port COM4
2025-12-25 16:24:29,417 : INFO : FAST [NET] : Trying to connect to COM3 at 921600bps
2025-12-25 16:24:29,494 : INFO : FAST [NET] : Connected to COM3 at 921600bps
2025-12-25 16:24:29,510 : INFO : FAST [NET] : Connected to FP-CPU-2000 with firmware v02.26
2025-12-25 16:24:29,541 : INFO : FAST [NET] : Registered I/O Board 0: Model: FP-I/O-0024, Firmware: 01.10, Switches: 24, Drivers: 8
2025-12-25 16:24:29,556 : INFO : FAST [NET] : Registered I/O Board 1: Model: FP-I/O-3208, Firmware: 01.10, Switches: 32, Drivers: 8
2025-12-25 16:24:29,572 : INFO : FAST [NET] : Registered I/O Board 2: Model: FP-I/O-3208, Firmware: 01.10, Switches: 32, Drivers: 8
2025-12-25 16:24:29,588 : INFO : FAST [NET] : Registered I/O Board 3: Model: FP-I/O-0804, Firmware: 01.10, Switches: 8, Drivers: 4
2025-12-25 16:24:29,603 : INFO : FAST [NET] : Registered I/O Board 4: Model: FP-I/O-0804, Firmware: 01.10, Switches: 8, Drivers: 4
2025-12-25 16:24:29,605 : INFO : FAST [EXP] : Trying to connect to COM4 at 921600bps
2025-12-25 16:24:29,683 : INFO : FAST [EXP] : Connected to COM4 at 921600bps
2025-12-25 16:24:29,696 : INFO : FAST [EXP] : Verifying hardware for EXP "neuron" (FP-EXP-2000, @48) with ID string "EXP FP-EXP-2000  0.38", board address 48
2025-12-25 16:24:29,712 : INFO : FAST [EXP] : Verifying hardware for EXP "neuron" (FP-EXP-2000, @48) with ID string "LED FP-BRK-0001  0.8", board address 480
2025-12-25 16:24:29,743 : INFO : FAST [EXP] : Verifying hardware for EXP "light_expansion_board" (FP-EXP-0071, @B4) with ID string "EXP FP-EXP-0071  0.38", board address B4
2025-12-25 16:24:29,759 : INFO : FAST [EXP] : Verifying hardware for EXP "light_expansion_board" (FP-EXP-0071, @B4) with ID string "BRK FP-EXP-0071  0.38", board address B40
2025-12-25 16:24:29,776 : INFO : FAST [AUD] : Trying to connect to COM7 at 230400bps
2025-12-25 16:24:29,922 : INFO : FAST [AUD] : Connected to COM7 at 230400bps
2025-12-25 16:24:29,924 : WARNING : FAST [AUD] : Received XX response:F
2025-12-25 16:24:29,925 : WARNING : FAST [AUD] : Received XX response:F
2025-12-25 16:24:29,925 : WARNING : FAST [AUD] : Received XX response:F
2025-12-25 16:24:29,925 : WARNING : FAST [AUD] : Received XX response:F
2025-12-25 16:24:29,925 : INFO : FAST [AUD] : Connected to FP-AUD-0099 with firmware v0.10
2025-12-25 16:24:29,926 : INFO : EventManager : Event: ======'machine_var_credits_string'====== Args={'value': 'FREE PLAY', 'prev_value': None, 'change': True}
2025-12-25 16:24:29,954 : INFO : EventManager : Event: ======'machine_var_fast_audio_headphones_volume'====== Args={'value': 20, 'prev_value': None, 'change': True}
2025-12-25 16:24:29,954 : INFO : EventManager : Event: ======'machine_var_fast_audio_main_volume'====== Args={'value': 20, 'prev_value': None, 'change': True}
2025-12-25 16:24:29,954 : INFO : EventManager : Event: ======'machine_var_master_volume'====== Args={'value': 0.5, 'prev_value': None, 'change': True}
2025-12-25 16:24:29,954 : INFO : EventManager : Event: ======'machine_var_player1_score'====== Args={'value': 314100, 'prev_value': None, 'change': True}
2025-12-25 16:24:29,954 : INFO : EventManager : Event: ======'machine_var_mpf_version'====== Args={'value': 'Mission Pinball Framework v0.80.0.dev9', 'prev_value': None, 'change': True}
2025-12-25 16:24:29,954 : INFO : EventManager : Event: ======'machine_var_mpf_extended_version'====== Args={'value': 'Mission Pinball Framework v0.80.0.dev9, Config version:6, Show version: 6, BCP version:1.1', 'prev_value': None, 'change': True}
2025-12-25 16:24:29,955 : INFO : EventManager : Event: ======'machine_var_python_version'====== Args={'value': '3.12.7', 'prev_value': None, 'change': True}
2025-12-25 16:24:30,097 : INFO : EventManager : Event: ======'machine_var_platform'====== Args={'value': 'Windows-11-10.0.26100-SP0', 'prev_value': None, 'change': True}
2025-12-25 16:24:30,097 : INFO : EventManager : Event: ======'machine_var_platform_system'====== Args={'value': 'Windows', 'prev_value': None, 'change': True}
2025-12-25 16:24:30,097 : INFO : EventManager : Event: ======'machine_var_platform_release'====== Args={'value': '11', 'prev_value': None, 'change': True}
2025-12-25 16:24:30,097 : INFO : EventManager : Event: ======'machine_var_platform_version'====== Args={'value': '10.0.26100', 'prev_value': None, 'change': True}
2025-12-25 16:24:30,099 : INFO : EventManager : Event: ======'machine_var_platform_machine'====== Args={'value': 'AMD64', 'prev_value': None, 'change': True}
2025-12-25 16:24:30,099 : INFO : EventManager : Event: ======'machine_var_log_file_path'====== Args={'value': 'C:\\Users\\White\\documents\\Top_Gun_Pinball\\logs\\2025-12-25-16-24-28-mpf-TopGunPinball.log', 'prev_value': None, 'change': True}
2025-12-25 16:24:30,099 : INFO : EventManager : Event: ======'init_phase_1'====== Args={}
2025-12-25 16:24:32,533 : INFO : EventManager : Event: ======'init_phase_2'====== Args={}
2025-12-25 16:24:32,626 : INFO : EventManager : Event: ======'bcp_connection_attempt'====== Args={'name': 'local_display', 'host': 'localhost', 'port': 5050}
2025-12-25 16:24:32,627 : INFO : BCPClientSocket : Connecting BCP to 'local_display' at localhost:5050...
2025-12-25 16:24:32,638 : INFO : BCPClientSocket : Connected BCP to 'local_display' localhost:5050
2025-12-25 16:24:32,639 : INFO : EventManager : Event: ======'bcp_clients_connected'====== Args={}
2025-12-25 16:24:32,640 : INFO : ball_device.bd_plunger : BCH: Initial count: 0
2025-12-25 16:24:32,641 : INFO : ball_device.bd_plunger : State: idle
2025-12-25 16:24:32,641 : INFO : ball_device.bd_trough : BCH: Initial count: 0
2025-12-25 16:24:32,642 : INFO : ball_device.bd_trough : State: idle
2025-12-25 16:24:32,643 : INFO : ball_device.bd_lock_elevator : BCH: Initial count: 0
2025-12-25 16:24:32,643 : INFO : ball_device.bd_lock_elevator : State: idle
2025-12-25 16:24:32,645 : INFO : ball_device.bd_mode_scoop : BCH: Initial count: 0
2025-12-25 16:24:32,645 : INFO : ball_device.bd_mode_scoop : State: idle
2025-12-25 16:24:32,659 : INFO : EventManager : Event: ======'init_phase_3'====== Args={}
2025-12-25 16:24:33,865 : INFO : EventManager : Event: ======'init_phase_4'====== Args={}
2025-12-25 16:24:33,866 : INFO : BallController : Initial balls found: 0
2025-12-25 16:24:33,868 : INFO : EventManager : Event: ======'machine_var_audits_events_game_ended'====== Args={'value': 4, 'prev_value': None, 'change': True}
2025-12-25 16:24:33,868 : INFO : EventManager : Event: ======'machine_var_audits_events_game_started'====== Args={'value': 692, 'prev_value': None, 'change': True}
2025-12-25 16:24:33,868 : INFO : EventManager : Event: ======'machine_var_audits_missing_switches_s_barrier_target'====== Args={'value': 29, 'prev_value': None, 'change': True}
2025-12-25 16:24:33,868 : INFO : EventManager : Event: ======'machine_var_audits_missing_switches_s_bumper_center'====== Args={'value': 11, 'prev_value': None, 'change': True}
2025-12-25 16:24:33,869 : INFO : EventManager : Event: ======'machine_var_audits_missing_switches_s_bumper_left'====== Args={'value': 164, 'prev_value': None, 'change': True}
2025-12-25 16:24:33,869 : INFO : EventManager : Event: ======'machine_var_audits_missing_switches_s_bumper_right'====== Args={'value': 16, 'prev_value': None, 'change': True}
2025-12-25 16:24:33,869 : INFO : EventManager : Event: ======'machine_var_audits_missing_switches_s_c_lock_target'====== Args={'value': 39, 'prev_value': None, 'change': True}
2025-12-25 16:24:33,869 : INFO : EventManager : Event: ======'machine_var_audits_missing_switches_s_coin_door'====== Args={'value': 4, 'prev_value': None, 'change': True}
2025-12-25 16:24:33,869 : INFO : EventManager : Event: ======'machine_var_audits_missing_switches_s_coin_door_credit_left'====== Args={'value': 486, 'prev_value': None, 'change': True}
2025-12-25 16:24:33,869 : INFO : EventManager : Event: ======'machine_var_audits_missing_switches_s_coin_door_credit_right'====== Args={'value': 486, 'prev_value': None, 'change': True}
2025-12-25 16:24:33,869 : INFO : EventManager : Event: ======'machine_var_audits_missing_switches_s_coin_door_service_1'====== Args={'value': 4, 'prev_value': None, 'change': True}
2025-12-25 16:24:33,869 : INFO : EventManager : Event: ======'machine_var_audits_missing_switches_s_coin_door_service_2'====== Args={'value': 4, 'prev_value': None, 'change': True}
2025-12-25 16:24:33,869 : INFO : EventManager : Event: ======'machine_var_audits_missing_switches_s_coin_door_service_3'====== Args={'value': 4, 'prev_value': None, 'change': True}
2025-12-25 16:24:33,869 : INFO : EventManager : Event: ======'machine_var_audits_missing_switches_s_coin_door_service_4'====== Args={'value': 4, 'prev_value': None, 'change': True}
2025-12-25 16:24:33,869 : INFO : EventManager : Event: ======'machine_var_audits_missing_switches_s_flight_gear_target'====== Args={'value': 4, 'prev_value': None, 'change': True}
2025-12-25 16:24:33,869 : INFO : EventManager : Event: ======'machine_var_audits_missing_switches_s_flipper_left'====== Args={'value': 4, 'prev_value': None, 'change': True}
2025-12-25 16:24:33,869 : INFO : EventManager : Event: ======'machine_var_audits_missing_switches_s_flipper_left_eos'====== Args={'value': 639, 'prev_value': None, 'change': True}
2025-12-25 16:24:33,869 : INFO : EventManager : Event: ======'machine_var_audits_missing_switches_s_flipper_left_upper'====== Args={'value': 641, 'prev_value': None, 'change': True}
2025-12-25 16:24:33,870 : INFO : EventManager : Event: ======'machine_var_audits_missing_switches_s_flipper_left_upper_eos'====== Args={'value': 639, 'prev_value': None, 'change': True}
2025-12-25 16:24:33,870 : INFO : EventManager : Event: ======'machine_var_audits_missing_switches_s_flipper_right_eos'====== Args={'value': 639, 'prev_value': None, 'change': True}
2025-12-25 16:24:33,870 : INFO : EventManager : Event: ======'machine_var_audits_missing_switches_s_jam'====== Args={'value': 578, 'prev_value': None, 'change': True}
2025-12-25 16:24:33,870 : INFO : EventManager : Event: ======'machine_var_audits_missing_switches_s_k_lock_target'====== Args={'value': 98, 'prev_value': None, 'change': True}
2025-12-25 16:24:33,870 : INFO : EventManager : Event: ======'machine_var_audits_missing_switches_s_l_lock_target'====== Args={'value': 39, 'prev_value': None, 'change': True}
2025-12-25 16:24:33,870 : INFO : EventManager : Event: ======'machine_var_audits_missing_switches_s_lane_left'====== Args={'value': 20, 'prev_value': None, 'change': True}
2025-12-25 16:24:33,870 : INFO : EventManager : Event: ======'machine_var_audits_missing_switches_s_lock_goose'====== Args={'value': 641, 'prev_value': None, 'change': True}
2025-12-25 16:24:33,870 : INFO : EventManager : Event: ======'machine_var_audits_missing_switches_s_lock_mav'====== Args={'value': 641, 'prev_value': None, 'change': True}
2025-12-25 16:24:33,870 : INFO : EventManager : Event: ======'machine_var_audits_missing_switches_s_lock_plunger'====== Args={'value': 475, 'prev_value': None, 'change': True}
2025-12-25 16:24:33,870 : INFO : EventManager : Event: ======'machine_var_audits_missing_switches_s_o_lock_target'====== Args={'value': 39, 'prev_value': None, 'change': True}
2025-12-25 16:24:33,870 : INFO : EventManager : Event: ======'machine_var_audits_missing_switches_s_orbit_lower'====== Args={'value': 31, 'prev_value': None, 'change': True}
2025-12-25 16:24:33,870 : INFO : EventManager : Event: ======'machine_var_audits_missing_switches_s_orbit_right'====== Args={'value': 31, 'prev_value': None, 'change': True}
2025-12-25 16:24:33,870 : INFO : EventManager : Event: ======'machine_var_audits_missing_switches_s_plunger_lane'====== Args={'value': 10, 'prev_value': None, 'change': True}
2025-12-25 16:24:33,870 : INFO : EventManager : Event: ======'machine_var_audits_missing_switches_s_ramp_inner_exit'====== Args={'value': 4, 'prev_value': None, 'change': True}
2025-12-25 16:24:33,871 : INFO : EventManager : Event: ======'machine_var_audits_missing_switches_s_ramp_right_exit'====== Args={'value': 4, 'prev_value': None, 'change': True}
2025-12-25 16:24:33,871 : INFO : EventManager : Event: ======'machine_var_audits_missing_switches_s_slingshot_left'====== Args={'value': 30, 'prev_value': None, 'change': True}
2025-12-25 16:24:33,871 : INFO : EventManager : Event: ======'machine_var_audits_missing_switches_s_slingshot_right'====== Args={'value': 46, 'prev_value': None, 'change': True}
2025-12-25 16:24:33,871 : INFO : EventManager : Event: ======'machine_var_audits_missing_switches_s_start'====== Args={'value': 14, 'prev_value': None, 'change': True}
2025-12-25 16:24:33,871 : INFO : EventManager : Event: ======'machine_var_audits_missing_switches_s_tilt'====== Args={'value': 579, 'prev_value': None, 'change': True}
2025-12-25 16:24:33,871 : INFO : EventManager : Event: ======'machine_var_audits_missing_switches_s_trough_1'====== Args={'value': 617, 'prev_value': None, 'change': True}
2025-12-25 16:24:33,871 : INFO : EventManager : Event: ======'machine_var_audits_missing_switches_s_trough_2'====== Args={'value': 617, 'prev_value': None, 'change': True}
2025-12-25 16:24:33,871 : INFO : EventManager : Event: ======'machine_var_audits_missing_switches_s_trough_3'====== Args={'value': 617, 'prev_value': None, 'change': True}
2025-12-25 16:24:33,871 : INFO : EventManager : Event: ======'machine_var_audits_missing_switches_s_trough_4'====== Args={'value': 692, 'prev_value': None, 'change': True}
2025-12-25 16:24:33,871 : INFO : EventManager : Event: ======'machine_var_audits_missing_switches_s_trough_5'====== Args={'value': 692, 'prev_value': None, 'change': True}
2025-12-25 16:24:33,871 : INFO : EventManager : Event: ======'machine_var_audits_missing_switches_s_trough_6'====== Args={'value': 4, 'prev_value': None, 'change': True}
2025-12-25 16:24:33,871 : INFO : EventManager : Event: ======'machine_var_audits_player_score'====== Args={'value': {'average': 597469, 'top': [2229000, 314100, 310250, 73000, 61000], 'total': 5}, 'prev_value': None, 'change': True}
2025-12-25 16:24:33,871 : INFO : EventManager : Event: ======'machine_var_audits_shots_bumper_center'====== Args={'value': 656, 'prev_value': None, 'change': True}
2025-12-25 16:24:33,871 : INFO : EventManager : Event: ======'machine_var_audits_shots_bumper_left'====== Args={'value': 658, 'prev_value': None, 'change': True}
2025-12-25 16:24:33,872 : INFO : EventManager : Event: ======'machine_var_audits_shots_bumper_right'====== Args={'value': 426, 'prev_value': None, 'change': True}
2025-12-25 16:24:33,872 : INFO : EventManager : Event: ======'machine_var_audits_shots_mach_ramp'====== Args={'value': 816, 'prev_value': None, 'change': True}
2025-12-25 16:24:33,872 : INFO : EventManager : Event: ======'machine_var_audits_shots_mig_lane_left'====== Args={'value': 188, 'prev_value': None, 'change': True}
2025-12-25 16:24:33,872 : INFO : EventManager : Event: ======'machine_var_audits_shots_mig_lane_right'====== Args={'value': 30, 'prev_value': None, 'change': True}
2025-12-25 16:24:33,872 : INFO : EventManager : Event: ======'machine_var_audits_shots_orbit_upper'====== Args={'value': 21, 'prev_value': None, 'change': True}
2025-12-25 16:24:33,872 : INFO : EventManager : Event: ======'machine_var_audits_shots_ramp_inner'====== Args={'value': 58, 'prev_value': None, 'change': True}
2025-12-25 16:24:33,872 : INFO : EventManager : Event: ======'machine_var_audits_shots_spinner'====== Args={'value': 47, 'prev_value': None, 'change': True}
2025-12-25 16:24:33,872 : INFO : EventManager : Event: ======'machine_var_audits_switches_s_a_iceman_target'====== Args={'value': 206, 'prev_value': None, 'change': True}
2025-12-25 16:24:33,872 : INFO : EventManager : Event: ======'machine_var_audits_switches_s_barrier_target'====== Args={'value': 53, 'prev_value': None, 'change': True}
2025-12-25 16:24:33,872 : INFO : EventManager : Event: ======'machine_var_audits_switches_s_bumper_center'====== Args={'value': 676, 'prev_value': None, 'change': True}
2025-12-25 16:24:33,872 : INFO : EventManager : Event: ======'machine_var_audits_switches_s_bumper_left'====== Args={'value': 689, 'prev_value': None, 'change': True}
2025-12-25 16:24:33,872 : INFO : EventManager : Event: ======'machine_var_audits_switches_s_bumper_right'====== Args={'value': 432, 'prev_value': None, 'change': True}
2025-12-25 16:24:33,872 : INFO : EventManager : Event: ======'machine_var_audits_switches_s_c_iceman_target'====== Args={'value': 161, 'prev_value': None, 'change': True}
2025-12-25 16:24:33,872 : INFO : EventManager : Event: ======'machine_var_audits_switches_s_c_lock_target'====== Args={'value': 15, 'prev_value': None, 'change': True}
2025-12-25 16:24:33,872 : INFO : EventManager : Event: ======'machine_var_audits_switches_s_coin_door'====== Args={'value': 2, 'prev_value': None, 'change': True}
2025-12-25 16:24:33,872 : INFO : EventManager : Event: ======'machine_var_audits_switches_s_coin_door_credit_left'====== Args={'value': 0, 'prev_value': None, 'change': True}
2025-12-25 16:24:33,872 : INFO : EventManager : Event: ======'machine_var_audits_switches_s_coin_door_credit_right'====== Args={'value': 0, 'prev_value': None, 'change': True}
2025-12-25 16:24:33,872 : INFO : EventManager : Event: ======'machine_var_audits_switches_s_coin_door_service_1'====== Args={'value': 1, 'prev_value': None, 'change': True}
2025-12-25 16:24:33,872 : INFO : EventManager : Event: ======'machine_var_audits_switches_s_coin_door_service_2'====== Args={'value': 1, 'prev_value': None, 'change': True}
2025-12-25 16:24:33,872 : INFO : EventManager : Event: ======'machine_var_audits_switches_s_coin_door_service_3'====== Args={'value': 1, 'prev_value': None, 'change': True}
2025-12-25 16:24:33,872 : INFO : EventManager : Event: ======'machine_var_audits_switches_s_coin_door_service_4'====== Args={'value': 1, 'prev_value': None, 'change': True}
2025-12-25 16:24:33,872 : INFO : EventManager : Event: ======'machine_var_audits_switches_s_e_iceman_target'====== Args={'value': 180, 'prev_value': None, 'change': True}
2025-12-25 16:24:33,873 : INFO : EventManager : Event: ======'machine_var_audits_switches_s_flight_gear_target'====== Args={'value': 336, 'prev_value': None, 'change': True}
2025-12-25 16:24:33,873 : INFO : EventManager : Event: ======'machine_var_audits_switches_s_flipper_left'====== Args={'value': 343, 'prev_value': None, 'change': True}
2025-12-25 16:24:33,873 : INFO : EventManager : Event: ======'machine_var_audits_switches_s_flipper_left_eos'====== Args={'value': 0, 'prev_value': None, 'change': True}
2025-12-25 16:24:33,873 : INFO : EventManager : Event: ======'machine_var_audits_switches_s_flipper_left_upper'====== Args={'value': 0, 'prev_value': None, 'change': True}
2025-12-25 16:24:33,873 : INFO : EventManager : Event: ======'machine_var_audits_switches_s_flipper_left_upper_eos'====== Args={'value': 0, 'prev_value': None, 'change': True}
2025-12-25 16:24:33,873 : INFO : EventManager : Event: ======'machine_var_audits_switches_s_flipper_right'====== Args={'value': 308, 'prev_value': None, 'change': True}
2025-12-25 16:24:33,873 : INFO : EventManager : Event: ======'machine_var_audits_switches_s_flipper_right_eos'====== Args={'value': 0, 'prev_value': None, 'change': True}
2025-12-25 16:24:33,873 : INFO : EventManager : Event: ======'machine_var_audits_switches_s_i_iceman_target'====== Args={'value': 136, 'prev_value': None, 'change': True}
2025-12-25 16:24:33,873 : INFO : EventManager : Event: ======'machine_var_audits_switches_s_inlane_left'====== Args={'value': 299, 'prev_value': None, 'change': True}
2025-12-25 16:24:33,873 : INFO : EventManager : Event: ======'machine_var_audits_switches_s_inner_inlane_right'====== Args={'value': 270, 'prev_value': None, 'change': True}
2025-12-25 16:24:33,873 : INFO : EventManager : Event: ======'machine_var_audits_switches_s_jam'====== Args={'value': 1, 'prev_value': None, 'change': True}
2025-12-25 16:24:33,873 : INFO : EventManager : Event: ======'machine_var_audits_switches_s_k_lock_target'====== Args={'value': 10, 'prev_value': None, 'change': True}
2025-12-25 16:24:33,873 : INFO : EventManager : Event: ======'machine_var_audits_switches_s_l_lock_target'====== Args={'value': 24, 'prev_value': None, 'change': True}
2025-12-25 16:24:33,873 : INFO : EventManager : Event: ======'machine_var_audits_switches_s_lane_left'====== Args={'value': 649, 'prev_value': None, 'change': True}
2025-12-25 16:24:33,873 : INFO : EventManager : Event: ======'machine_var_audits_switches_s_lane_right'====== Args={'value': 392, 'prev_value': None, 'change': True}
2025-12-25 16:24:33,873 : INFO : EventManager : Event: ======'machine_var_audits_switches_s_lock_goose'====== Args={'value': 0, 'prev_value': None, 'change': True}
2025-12-25 16:24:33,873 : INFO : EventManager : Event: ======'machine_var_audits_switches_s_lock_mav'====== Args={'value': 0, 'prev_value': None, 'change': True}
2025-12-25 16:24:33,873 : INFO : EventManager : Event: ======'machine_var_audits_switches_s_lock_plunger'====== Args={'value': 3, 'prev_value': None, 'change': True}
2025-12-25 16:24:33,873 : INFO : EventManager : Event: ======'machine_var_audits_switches_s_m_iceman_target'====== Args={'value': 196, 'prev_value': None, 'change': True}
2025-12-25 16:24:33,873 : INFO : EventManager : Event: ======'machine_var_audits_switches_s_mig_lane_left'====== Args={'value': 577, 'prev_value': None, 'change': True}
2025-12-25 16:24:33,873 : INFO : EventManager : Event: ======'machine_var_audits_switches_s_mig_lane_right'====== Args={'value': 249, 'prev_value': None, 'change': True}
2025-12-25 16:24:33,874 : INFO : EventManager : Event: ======'machine_var_audits_switches_s_mode_start'====== Args={'value': 275, 'prev_value': None, 'change': True}
2025-12-25 16:24:33,874 : INFO : EventManager : Event: ======'machine_var_audits_switches_s_n_iceman_target'====== Args={'value': 341, 'prev_value': None, 'change': True}
2025-12-25 16:24:33,874 : INFO : EventManager : Event: ======'machine_var_audits_switches_s_o_lock_target'====== Args={'value': 29, 'prev_value': None, 'change': True}
2025-12-25 16:24:33,874 : INFO : EventManager : Event: ======'machine_var_audits_switches_s_orbit_left'====== Args={'value': 630, 'prev_value': None, 'change': True}
2025-12-25 16:24:33,874 : INFO : EventManager : Event: ======'machine_var_audits_switches_s_orbit_lower'====== Args={'value': 32, 'prev_value': None, 'change': True}
2025-12-25 16:24:33,874 : INFO : EventManager : Event: ======'machine_var_audits_switches_s_orbit_right'====== Args={'value': 110, 'prev_value': None, 'change': True}
2025-12-25 16:24:33,874 : INFO : EventManager : Event: ======'machine_var_audits_switches_s_orbit_upper'====== Args={'value': 136, 'prev_value': None, 'change': True}
2025-12-25 16:24:33,874 : INFO : EventManager : Event: ======'machine_var_audits_switches_s_outer_inlane_right'====== Args={'value': 257, 'prev_value': None, 'change': True}
2025-12-25 16:24:33,874 : INFO : EventManager : Event: ======'machine_var_audits_switches_s_outlane_left'====== Args={'value': 239, 'prev_value': None, 'change': True}
2025-12-25 16:24:33,874 : INFO : EventManager : Event: ======'machine_var_audits_switches_s_outlane_right'====== Args={'value': 259, 'prev_value': None, 'change': True}
2025-12-25 16:24:33,874 : INFO : EventManager : Event: ======'machine_var_audits_switches_s_plunger_lane'====== Args={'value': 46, 'prev_value': None, 'change': True}
2025-12-25 16:24:33,874 : INFO : EventManager : Event: ======'machine_var_audits_switches_s_ramp_inner_exit'====== Args={'value': 862, 'prev_value': None, 'change': True}
2025-12-25 16:24:33,874 : INFO : EventManager : Event: ======'machine_var_audits_switches_s_ramp_left_exit'====== Args={'value': 779, 'prev_value': None, 'change': True}
2025-12-25 16:24:33,874 : INFO : EventManager : Event: ======'machine_var_audits_switches_s_ramp_right_exit'====== Args={'value': 159, 'prev_value': None, 'change': True}
2025-12-25 16:24:33,874 : INFO : EventManager : Event: ======'machine_var_audits_switches_s_ramp_tower_exit'====== Args={'value': 184, 'prev_value': None, 'change': True}
2025-12-25 16:24:33,874 : INFO : EventManager : Event: ======'machine_var_audits_switches_s_shooter_lane'====== Args={'value': 718, 'prev_value': None, 'change': True}
2025-12-25 16:24:33,874 : INFO : EventManager : Event: ======'machine_var_audits_switches_s_slingshot_left'====== Args={'value': 12, 'prev_value': None, 'change': True}
2025-12-25 16:24:33,874 : INFO : EventManager : Event: ======'machine_var_audits_switches_s_slingshot_right'====== Args={'value': 13, 'prev_value': None, 'change': True}
2025-12-25 16:24:33,874 : INFO : EventManager : Event: ======'machine_var_audits_switches_s_spinner'====== Args={'value': 1892, 'prev_value': None, 'change': True}
2025-12-25 16:24:33,874 : INFO : EventManager : Event: ======'machine_var_audits_switches_s_start'====== Args={'value': 175, 'prev_value': None, 'change': True}
2025-12-25 16:24:33,874 : INFO : EventManager : Event: ======'machine_var_audits_switches_s_tilt'====== Args={'value': 0, 'prev_value': None, 'change': True}
2025-12-25 16:24:33,874 : INFO : EventManager : Event: ======'machine_var_audits_switches_s_trough_1'====== Args={'value': 2, 'prev_value': None, 'change': True}
2025-12-25 16:24:33,874 : INFO : EventManager : Event: ======'machine_var_audits_switches_s_trough_2'====== Args={'value': 1, 'prev_value': None, 'change': True}
2025-12-25 16:24:33,875 : INFO : EventManager : Event: ======'machine_var_audits_switches_s_trough_3'====== Args={'value': 1, 'prev_value': None, 'change': True}
2025-12-25 16:24:33,875 : INFO : EventManager : Event: ======'machine_var_audits_switches_s_trough_4'====== Args={'value': 0, 'prev_value': None, 'change': True}
2025-12-25 16:24:33,875 : INFO : EventManager : Event: ======'machine_var_audits_switches_s_trough_5'====== Args={'value': 0, 'prev_value': None, 'change': True}
2025-12-25 16:24:33,875 : INFO : EventManager : Event: ======'machine_var_audits_switches_s_trough_6'====== Args={'value': 303, 'prev_value': None, 'change': True}
2025-12-25 16:24:33,875 : INFO : EventManager : Event: ======'init_phase_5'====== Args={}
2025-12-25 16:24:33,877 : INFO : EventManager : Event: ======'init_done'====== Args={}
2025-12-25 16:24:33,878 : INFO : EventManager : Event: ======'machine_reset_phase_1'====== Args={}
2025-12-25 16:24:33,887 : INFO : EventManager : Event: ======'machine_reset_phase_2'====== Args={}
2025-12-25 16:24:33,889 : INFO : EventManager : Event: ======'machine_reset_phase_3'====== Args={}
2025-12-25 16:24:33,889 : INFO : EventManager : Event: ======'reset_complete'====== Args={}
2025-12-25 16:24:33,890 : INFO : EventManager : Event: ======'mode_attract_will_start'====== Args={}
2025-12-25 16:24:33,890 : INFO : Timer.attract_carousel_timer : Starting Timer.
2025-12-25 16:24:33,890 : INFO : EventManager : Event: ======'timer_attract_carousel_timer_started'====== Args={'ticks': 0, 'ticks_remaining': 1}
2025-12-25 16:24:33,890 : INFO : EventManager : Event: ======'timer_attract_carousel_timer_tick'====== Args={'ticks': 0, 'ticks_remaining': 1}
2025-12-25 16:24:33,892 : INFO : EventManager : Event: ======'mode_attract_starting'====== Args={}
2025-12-25 16:24:33,893 : INFO : Mode.attract : Started. Priority: 10
2025-12-25 16:24:33,893 : INFO : EventManager : Event: ======'modes_active_modes_changed'====== Args={}
2025-12-25 16:24:33,893 : INFO : EventManager : Event: ======'mode_attract_started'====== Args={}
2025-12-25 16:24:33,893 : INFO : EventManager : Event: ======'attract_cycle_step1'====== Args={'priority': 0}
2025-12-25 16:24:33,894 : INFO : EventManager : Event: ======'collecting_balls_complete'====== Args={}
2025-12-25 16:24:33,894 : INFO : EventManager : Event: ======'item_highlighted'====== Args={'carousel': 'attract', 'direction': None, 'item': 'title'}
2025-12-25 16:24:33,895 : INFO : EventManager : Event: ======'timer_attract_carousel_timer_tick'====== Args={'ticks': 0, 'ticks_remaining': 1}
2025-12-25 16:24:33,897 : INFO : Machine : Starting the main run loop with active modes: [<Mode.attract>]
2025-12-25 16:24:33,976 : INFO : EventManager : Event: ======'slide_attract_created'====== Args={'_from_bcp': True}
2025-12-25 16:24:33,976 : INFO : EventManager : Event: ======'slide__removed'====== Args={'_from_bcp': True}
2025-12-25 16:24:33,977 : INFO : EventManager : Event: ======'slide_attract_active'====== Args={'original_context': 'attract', 'original_calling_context': 'mode_attract_started', 'priority': 10.0, 'cmd': 'slides_play', '_from_bcp': True}
2025-12-25 16:24:34,731 : INFO : BcpServer : New client connected.
2025-12-25 16:24:38,543 : INFO : Machine : Shutting down...
2025-12-25 16:24:38,543 : INFO : EventManager : Event: ======'shutdown'====== Args={}
2025-12-25 16:24:38,662 : INFO : root : MPF run loop ended.
