2025-11-20 08:56:27,084 : INFO : root : Loading config.
2025-11-20 08:56:27,098 : INFO : YamlMultifileConfigLoader : Machine config file #1: config.yaml
2025-11-20 08:56:27,099 : INFO : ConfigProcessor : Loading config from cache: C:\Users\White\AppData\Local\Temp\4d2409115979d2066280cf8a522910f3.mpf_cache
2025-11-20 08:56:27,110 : WARNING : ConfigProcessor : Config file in cache changed: C:\Users\White\documents\Top_Gun_Pinball\config\config_lights.yaml
2025-11-20 08:56:27,110 : INFO : ConfigProcessor : Loading config from file C:\Users\White\mpf\Lib\site-packages\mpf\mpfconfig.yaml.
2025-11-20 08:56:27,136 : INFO : ConfigProcessor : Loading config: C:\Users\White\mpf\Lib\site-packages\mpf\mpfconfig.yaml
2025-11-20 08:56:27,137 : INFO : ConfigProcessor : Loading config from file C:\Users\White\documents\Top_Gun_Pinball\config\config.yaml.
2025-11-20 08:56:27,151 : INFO : ConfigProcessor : Loading config: C:\Users\White\documents\Top_Gun_Pinball\config\config.yaml
2025-11-20 08:56:27,163 : INFO : ConfigProcessor : Loading config: C:\Users\White\documents\Top_Gun_Pinball\config\config_autofire_coils.yaml
2025-11-20 08:56:27,175 : INFO : ConfigProcessor : Loading config: C:\Users\White\documents\Top_Gun_Pinball\config\config_ball_devices.yaml
2025-11-20 08:56:27,194 : INFO : ConfigProcessor : Loading config: C:\Users\White\documents\Top_Gun_Pinball\config\config_coils.yaml
2025-11-20 08:56:27,206 : INFO : ConfigProcessor : Loading config: C:\Users\White\documents\Top_Gun_Pinball\config\config_flippers.yaml
2025-11-20 08:56:27,219 : INFO : ConfigProcessor : Loading config: C:\Users\White\documents\Top_Gun_Pinball\config\config_hardware_fast.yaml
2025-11-20 08:56:27,242 : INFO : ConfigProcessor : Loading config: C:\Users\White\documents\Top_Gun_Pinball\config\config_lights.yaml
2025-11-20 08:56:27,261 : INFO : ConfigProcessor : Loading config: C:\Users\White\documents\Top_Gun_Pinball\config\config_switches.yaml
2025-11-20 08:56:27,275 : INFO : ConfigProcessor : Loading config: C:\Users\White\documents\Top_Gun_Pinball\config\variable_player.yaml
2025-11-20 08:56:27,290 : INFO : ConfigProcessor : Loading config: C:\Users\White\documents\Top_Gun_Pinball\config\config_videos.yaml
2025-11-20 08:56:27,294 : INFO : ConfigProcessor : Config file cache created: C:\Users\White\AppData\Local\Temp\4d2409115979d2066280cf8a522910f3.mpf_cache
2025-11-20 08:56:27,402 : INFO : ConfigProcessor : Loading config from cache: C:\Users\White\AppData\Local\Temp\e29f700f4dd412c341ced84fe54a834e.mpf_cache
2025-11-20 08:56:27,412 : INFO : ConfigProcessor : Loading config from cache: C:\Users\White\AppData\Local\Temp\91cc4d1c993c58dc354e34974b9cfeac.mpf_cache
2025-11-20 08:56:27,423 : INFO : ConfigProcessor : Loading config from cache: C:\Users\White\AppData\Local\Temp\153a6f35d2fbc89e8611fc222f5041e6.mpf_cache
2025-11-20 08:56:27,435 : INFO : ConfigProcessor : Loading config from cache: C:\Users\White\AppData\Local\Temp\e29f700f4dd412c341ced84fe54a834e.mpf_cache
2025-11-20 08:56:27,436 : INFO : ConfigProcessor : Loading config from cache: C:\Users\White\AppData\Local\Temp\3424101e418333c494b4f7abb38a6bbc.mpf_cache
2025-11-20 08:56:27,447 : INFO : ConfigProcessor : Loading config from cache: C:\Users\White\AppData\Local\Temp\2baac919e756d495657c096c87a61da2.mpf_cache
2025-11-20 08:56:27,459 : INFO : ConfigProcessor : Loading config from cache: C:\Users\White\AppData\Local\Temp\515c33aaf7882d3e576ea3c42b7bfe2a.mpf_cache
2025-11-20 08:56:27,471 : INFO : ConfigProcessor : Loading config from cache: C:\Users\White\AppData\Local\Temp\928267ba5ce09cfb7bef110abe29482e.mpf_cache
2025-11-20 08:56:27,481 : INFO : ConfigProcessor : Loading config from cache: C:\Users\White\AppData\Local\Temp\143f2aa6ea6c447c37835b1fcf1e2392.mpf_cache
2025-11-20 08:56:27,492 : INFO : ConfigProcessor : Loading config from cache: C:\Users\White\AppData\Local\Temp\32a647433343f2a8dbd97369798bc91c.mpf_cache
2025-11-20 08:56:27,505 : INFO : ConfigProcessor : Loading config from cache: C:\Users\White\AppData\Local\Temp\fcd858616785c392a2718eef83d6bdec.mpf_cache
2025-11-20 08:56:27,517 : INFO : ConfigProcessor : Loading config from cache: C:\Users\White\AppData\Local\Temp\bc528c0552a0292e8ecb958c9df9be52.mpf_cache
2025-11-20 08:56:27,527 : INFO : ConfigProcessor : Loading config from cache: C:\Users\White\AppData\Local\Temp\079d5d4f78adbdc9511df3472695879d.mpf_cache
2025-11-20 08:56:27,540 : INFO : ConfigProcessor : Loading config from cache: C:\Users\White\AppData\Local\Temp\3d7624af3136b167d055570c605d2391.mpf_cache
2025-11-20 08:56:27,553 : INFO : ConfigProcessor : Loading config from cache: C:\Users\White\AppData\Local\Temp\cbf9c95ed33e797787d40a3c26fb1f29.mpf_cache
2025-11-20 08:56:27,562 : INFO : ConfigProcessor : Loading config from cache: C:\Users\White\AppData\Local\Temp\0f477732e86fa3539be0c16808cbc3a4.mpf_cache
2025-11-20 08:56:27,576 : INFO : ConfigProcessor : Loading config from cache: C:\Users\White\AppData\Local\Temp\5252be9889d0ea92e9251ccb139bb96e.mpf_cache
2025-11-20 08:56:27,592 : INFO : ConfigProcessor : Loading config from cache: C:\Users\White\AppData\Local\Temp\bbd12103fd66360c81da95fa3b5d5cac.mpf_cache
2025-11-20 08:56:27,607 : INFO : ConfigProcessor : Loading config from cache: C:\Users\White\AppData\Local\Temp\aecbb0084a39aaddc8e1af6d86d05e57.mpf_cache
2025-11-20 08:56:27,620 : INFO : ConfigProcessor : Loading config from cache: C:\Users\White\AppData\Local\Temp\a64c515fc9f6d1ba4d043d8acedc61d8.mpf_cache
2025-11-20 08:56:27,630 : INFO : ConfigProcessor : Loading config from cache: C:\Users\White\AppData\Local\Temp\157e473ad106aaf7621d4ff67f908349.mpf_cache
2025-11-20 08:56:27,645 : INFO : ConfigProcessor : Loading config from cache: C:\Users\White\AppData\Local\Temp\b42daedb456e388e83b54e0791e694a7.mpf_cache
2025-11-20 08:56:27,656 : INFO : ConfigProcessor : Loading config from cache: C:\Users\White\AppData\Local\Temp\faf1d2b55b8b754be547ffd9950d5977.mpf_cache
2025-11-20 08:56:27,668 : INFO : ConfigProcessor : Loading config from cache: C:\Users\White\AppData\Local\Temp\881befc175503515b6a677d4b92fd8f6.mpf_cache
2025-11-20 08:56:27,684 : INFO : ConfigProcessor : Loading config from cache: C:\Users\White\AppData\Local\Temp\e02fdb456b236b981c3cd16c62d08cdd.mpf_cache
2025-11-20 08:56:27,697 : INFO : ConfigProcessor : Loading config from cache: C:\Users\White\AppData\Local\Temp\60f49b772835308c8a63a813f3984bd2.mpf_cache
2025-11-20 08:56:27,708 : INFO : ConfigProcessor : Loading config from cache: C:\Users\White\AppData\Local\Temp\b44eabe64ef7d1af51d3871ffce6e8a0.mpf_cache
2025-11-20 08:56:27,719 : INFO : ConfigProcessor : Loading config from cache: C:\Users\White\AppData\Local\Temp\c53f4b0025ffe033d8b4913dcf5d894f.mpf_cache
2025-11-20 08:56:27,730 : INFO : ConfigProcessor : Loading config from cache: C:\Users\White\AppData\Local\Temp\859a13897bab67859dc37e71c8deb7f3.mpf_cache
2025-11-20 08:56:27,740 : INFO : ConfigProcessor : Loading config from cache: C:\Users\White\AppData\Local\Temp\1df928f99f2fd0a162eaba4dfecade40.mpf_cache
2025-11-20 08:56:27,751 : INFO : ConfigProcessor : Loading config from cache: C:\Users\White\AppData\Local\Temp\79c411a388f93dc9361da8ba68c71f8b.mpf_cache
2025-11-20 08:56:27,762 : INFO : ConfigProcessor : Loading config from cache: C:\Users\White\AppData\Local\Temp\a2e6743439269288443fc316af74c4e3.mpf_cache
2025-11-20 08:56:27,774 : INFO : ConfigProcessor : Loading config from cache: C:\Users\White\AppData\Local\Temp\806e2c11867b05313045539710e5cf3e.mpf_cache
2025-11-20 08:56:27,783 : INFO : ConfigProcessor : Loading config from cache: C:\Users\White\AppData\Local\Temp\d4cc51f9996852dab0efd4baeb323b9c.mpf_cache
2025-11-20 08:56:27,793 : INFO : Machine : Mission Pinball Framework Core Engine v0.80.0.dev9
2025-11-20 08:56:27,793 : INFO : Machine : Command line arguments: {'no_load_cache': False, 'create_config_cache': True, 'bcp': True, 'configfile': ['config.yaml'], 'force_assets_load': False, 'platform_integration_test': False, 'jsonlogging': False, 'logfile': 'logs\\2025-11-20-08-56-27-mpf-TopGunPinball.log', 'pause': False, 'production': False, 'text_ui': False, 'loglevel': 15, 'consoleloglevel': 20, 'force_platform': 'virtual', 'syslog_address': None, 'full_logfile_path': 'C:\\Users\\White\\documents\\Top_Gun_Pinball\\logs\\2025-11-20-08-56-27-mpf-TopGunPinball.log'}
2025-11-20 08:56:27,794 : INFO : Machine : MPF path: C:\Users\White\mpf\Lib\site-packages\mpf
2025-11-20 08:56:27,794 : INFO : Machine : Machine path: C:\Users\White\documents\Top_Gun_Pinball
2025-11-20 08:56:27,794 : INFO : Machine : Platform: win32
2025-11-20 08:56:27,794 : INFO : Machine : Python executable location: C:\Users\White\mpf\Scripts\python.exe
2025-11-20 08:56:27,794 : INFO : Machine : Python version: 3.12.7 (64-bit)
2025-11-20 08:56:27,796 : INFO : Machine : Initializing MPF...
2025-11-20 08:56:27,921 : INFO : EventManager : Event: ======'machine_var_credits_string'====== Args={'value': 'FREE PLAY', 'prev_value': None, 'change': True}
2025-11-20 08:56:27,956 : INFO : EventManager : Event: ======'machine_var_master_volume'====== Args={'value': 0.5, 'prev_value': None, 'change': True}
2025-11-20 08:56:27,957 : INFO : EventManager : Event: ======'machine_var_player1_score'====== Args={'value': 310250, 'prev_value': None, 'change': True}
2025-11-20 08:56:27,957 : INFO : EventManager : Event: ======'machine_var_mpf_version'====== Args={'value': 'Mission Pinball Framework v0.80.0.dev9', 'prev_value': None, 'change': True}
2025-11-20 08:56:27,957 : INFO : EventManager : Event: ======'machine_var_mpf_extended_version'====== Args={'value': 'Mission Pinball Framework v0.80.0.dev9, Config version:6, Show version: 6, BCP version:1.1', 'prev_value': None, 'change': True}
2025-11-20 08:56:27,957 : INFO : EventManager : Event: ======'machine_var_python_version'====== Args={'value': '3.12.7', 'prev_value': None, 'change': True}
2025-11-20 08:56:28,110 : INFO : EventManager : Event: ======'machine_var_platform'====== Args={'value': 'Windows-11-10.0.26100-SP0', 'prev_value': None, 'change': True}
2025-11-20 08:56:28,111 : INFO : EventManager : Event: ======'machine_var_platform_system'====== Args={'value': 'Windows', 'prev_value': None, 'change': True}
2025-11-20 08:56:28,111 : INFO : EventManager : Event: ======'machine_var_platform_release'====== Args={'value': '11', 'prev_value': None, 'change': True}
2025-11-20 08:56:28,111 : INFO : EventManager : Event: ======'machine_var_platform_version'====== Args={'value': '10.0.26100', 'prev_value': None, 'change': True}
2025-11-20 08:56:28,111 : INFO : EventManager : Event: ======'machine_var_platform_machine'====== Args={'value': 'AMD64', 'prev_value': None, 'change': True}
2025-11-20 08:56:28,111 : INFO : EventManager : Event: ======'machine_var_log_file_path'====== Args={'value': 'C:\\Users\\White\\documents\\Top_Gun_Pinball\\logs\\2025-11-20-08-56-27-mpf-TopGunPinball.log', 'prev_value': None, 'change': True}
2025-11-20 08:56:28,111 : INFO : EventManager : Event: ======'init_phase_1'====== Args={}
2025-11-20 08:56:28,186 : INFO : EventManager : Event: ======'init_phase_2'====== Args={}
2025-11-20 08:56:28,187 : INFO : SwitchController : Found active switch: ('playfield_board_lower-3208-0', <Platform.Virtual>) <switch.s_trough_1>
2025-11-20 08:56:28,187 : INFO : SwitchController : Found active switch: ('playfield_board_lower-3208-1', <Platform.Virtual>) <switch.s_trough_2>
2025-11-20 08:56:28,187 : INFO : SwitchController : Found active switch: ('playfield_board_lower-3208-2', <Platform.Virtual>) <switch.s_trough_3>
2025-11-20 08:56:28,187 : INFO : SwitchController : Found active switch: ('playfield_board_lower-3208-3', <Platform.Virtual>) <switch.s_trough_4>
2025-11-20 08:56:28,187 : INFO : SwitchController : Found active switch: ('playfield_board_lower-3208-4', <Platform.Virtual>) <switch.s_trough_5>
2025-11-20 08:56:28,187 : INFO : SwitchController : Found active switch: ('playfield_board_lower-3208-5', <Platform.Virtual>) <switch.s_trough_6>
2025-11-20 08:56:28,259 : INFO : EventManager : Event: ======'bcp_connection_attempt'====== Args={'name': 'local_display', 'host': 'localhost', 'port': 5050}
2025-11-20 08:56:28,261 : INFO : BCPClientSocket : Connecting BCP to 'local_display' at localhost:5050...
2025-11-20 08:56:28,274 : INFO : BCPClientSocket : Connected BCP to 'local_display' localhost:5050
2025-11-20 08:56:28,275 : INFO : EventManager : Event: ======'bcp_clients_connected'====== Args={}
2025-11-20 08:56:28,275 : INFO : ball_device.bd_plunger : BCH: Initial count: 0
2025-11-20 08:56:28,275 : INFO : ball_device.bd_plunger : State: idle
2025-11-20 08:56:28,276 : INFO : ball_device.bd_trough : BCH: Initial count: 6
2025-11-20 08:56:28,276 : INFO : ball_device.bd_trough : State: idle
2025-11-20 08:56:28,276 : INFO : ball_device.bd_lock_elevator : BCH: Initial count: 0
2025-11-20 08:56:28,277 : INFO : ball_device.bd_lock_elevator : State: idle
2025-11-20 08:56:28,277 : INFO : ball_device.bd_mode_scoop : BCH: Initial count: 0
2025-11-20 08:56:28,277 : INFO : ball_device.bd_mode_scoop : State: idle
2025-11-20 08:56:28,303 : INFO : EventManager : Event: ======'init_phase_3'====== Args={}
2025-11-20 08:56:29,543 : INFO : EventManager : Event: ======'init_phase_4'====== Args={}
2025-11-20 08:56:29,543 : INFO : BallController : Initial balls found: 6
2025-11-20 08:56:29,544 : INFO : EventManager : Event: ======'machine_var_audits_events_game_ended'====== Args={'value': 3, 'prev_value': None, 'change': True}
2025-11-20 08:56:29,545 : INFO : EventManager : Event: ======'machine_var_audits_events_game_started'====== Args={'value': 567, 'prev_value': None, 'change': True}
2025-11-20 08:56:29,545 : INFO : EventManager : Event: ======'machine_var_audits_missing_switches_s_a_iceman_target'====== Args={'value': 11, 'prev_value': None, 'change': True}
2025-11-20 08:56:29,545 : INFO : EventManager : Event: ======'machine_var_audits_missing_switches_s_barrier_target'====== Args={'value': 4, 'prev_value': None, 'change': True}
2025-11-20 08:56:29,545 : INFO : EventManager : Event: ======'machine_var_audits_missing_switches_s_bumper_center'====== Args={'value': 31, 'prev_value': None, 'change': True}
2025-11-20 08:56:29,545 : INFO : EventManager : Event: ======'machine_var_audits_missing_switches_s_bumper_left'====== Args={'value': 39, 'prev_value': None, 'change': True}
2025-11-20 08:56:29,545 : INFO : EventManager : Event: ======'machine_var_audits_missing_switches_s_bumper_right'====== Args={'value': 67, 'prev_value': None, 'change': True}
2025-11-20 08:56:29,545 : INFO : EventManager : Event: ======'machine_var_audits_missing_switches_s_c_iceman_target'====== Args={'value': 30, 'prev_value': None, 'change': True}
2025-11-20 08:56:29,545 : INFO : EventManager : Event: ======'machine_var_audits_missing_switches_s_c_lock_target'====== Args={'value': 4, 'prev_value': None, 'change': True}
2025-11-20 08:56:29,545 : INFO : EventManager : Event: ======'machine_var_audits_missing_switches_s_coin_door'====== Args={'value': 454, 'prev_value': None, 'change': True}
2025-11-20 08:56:29,545 : INFO : EventManager : Event: ======'machine_var_audits_missing_switches_s_coin_door_credit_left'====== Args={'value': 361, 'prev_value': None, 'change': True}
2025-11-20 08:56:29,545 : INFO : EventManager : Event: ======'machine_var_audits_missing_switches_s_coin_door_credit_right'====== Args={'value': 361, 'prev_value': None, 'change': True}
2025-11-20 08:56:29,545 : INFO : EventManager : Event: ======'machine_var_audits_missing_switches_s_coin_door_service_1'====== Args={'value': 454, 'prev_value': None, 'change': True}
2025-11-20 08:56:29,545 : INFO : EventManager : Event: ======'machine_var_audits_missing_switches_s_coin_door_service_2'====== Args={'value': 454, 'prev_value': None, 'change': True}
2025-11-20 08:56:29,545 : INFO : EventManager : Event: ======'machine_var_audits_missing_switches_s_coin_door_service_3'====== Args={'value': 454, 'prev_value': None, 'change': True}
2025-11-20 08:56:29,545 : INFO : EventManager : Event: ======'machine_var_audits_missing_switches_s_coin_door_service_4'====== Args={'value': 454, 'prev_value': None, 'change': True}
2025-11-20 08:56:29,545 : INFO : EventManager : Event: ======'machine_var_audits_missing_switches_s_e_iceman_target'====== Args={'value': 30, 'prev_value': None, 'change': True}
2025-11-20 08:56:29,545 : INFO : EventManager : Event: ======'machine_var_audits_missing_switches_s_flight_gear_target'====== Args={'value': 6, 'prev_value': None, 'change': True}
2025-11-20 08:56:29,545 : INFO : EventManager : Event: ======'machine_var_audits_missing_switches_s_flipper_left'====== Args={'value': 2, 'prev_value': None, 'change': True}
2025-11-20 08:56:29,545 : INFO : EventManager : Event: ======'machine_var_audits_missing_switches_s_flipper_left_eos'====== Args={'value': 514, 'prev_value': None, 'change': True}
2025-11-20 08:56:29,545 : INFO : EventManager : Event: ======'machine_var_audits_missing_switches_s_flipper_left_upper'====== Args={'value': 516, 'prev_value': None, 'change': True}
2025-11-20 08:56:29,545 : INFO : EventManager : Event: ======'machine_var_audits_missing_switches_s_flipper_left_upper_eos'====== Args={'value': 514, 'prev_value': None, 'change': True}
2025-11-20 08:56:29,545 : INFO : EventManager : Event: ======'machine_var_audits_missing_switches_s_flipper_right'====== Args={'value': 4, 'prev_value': None, 'change': True}
2025-11-20 08:56:29,547 : INFO : EventManager : Event: ======'machine_var_audits_missing_switches_s_flipper_right_eos'====== Args={'value': 514, 'prev_value': None, 'change': True}
2025-11-20 08:56:29,547 : INFO : EventManager : Event: ======'machine_var_audits_missing_switches_s_i_iceman_target'====== Args={'value': 30, 'prev_value': None, 'change': True}
2025-11-20 08:56:29,547 : INFO : EventManager : Event: ======'machine_var_audits_missing_switches_s_inlane_left'====== Args={'value': 30, 'prev_value': None, 'change': True}
2025-11-20 08:56:29,547 : INFO : EventManager : Event: ======'machine_var_audits_missing_switches_s_inner_inlane_right'====== Args={'value': 9, 'prev_value': None, 'change': True}
2025-11-20 08:56:29,547 : INFO : EventManager : Event: ======'machine_var_audits_missing_switches_s_jam'====== Args={'value': 453, 'prev_value': None, 'change': True}
2025-11-20 08:56:29,547 : INFO : EventManager : Event: ======'machine_var_audits_missing_switches_s_k_lock_target'====== Args={'value': 9, 'prev_value': None, 'change': True}
2025-11-20 08:56:29,547 : INFO : EventManager : Event: ======'machine_var_audits_missing_switches_s_l_lock_target'====== Args={'value': 4, 'prev_value': None, 'change': True}
2025-11-20 08:56:29,547 : INFO : EventManager : Event: ======'machine_var_audits_missing_switches_s_lane_left'====== Args={'value': 6, 'prev_value': None, 'change': True}
2025-11-20 08:56:29,547 : INFO : EventManager : Event: ======'machine_var_audits_missing_switches_s_lane_right'====== Args={'value': 1, 'prev_value': None, 'change': True}
2025-11-20 08:56:29,547 : INFO : EventManager : Event: ======'machine_var_audits_missing_switches_s_lock_goose'====== Args={'value': 516, 'prev_value': None, 'change': True}
2025-11-20 08:56:29,547 : INFO : EventManager : Event: ======'machine_var_audits_missing_switches_s_lock_mav'====== Args={'value': 516, 'prev_value': None, 'change': True}
2025-11-20 08:56:29,547 : INFO : EventManager : Event: ======'machine_var_audits_missing_switches_s_lock_plunger'====== Args={'value': 350, 'prev_value': None, 'change': True}
2025-11-20 08:56:29,547 : INFO : EventManager : Event: ======'machine_var_audits_missing_switches_s_m_iceman_target'====== Args={'value': 11, 'prev_value': None, 'change': True}
2025-11-20 08:56:29,547 : INFO : EventManager : Event: ======'machine_var_audits_missing_switches_s_mig_lane_left'====== Args={'value': 1, 'prev_value': None, 'change': True}
2025-11-20 08:56:29,547 : INFO : EventManager : Event: ======'machine_var_audits_missing_switches_s_mig_lane_right'====== Args={'value': 2, 'prev_value': None, 'change': True}
2025-11-20 08:56:29,547 : INFO : EventManager : Event: ======'machine_var_audits_missing_switches_s_n_iceman_target'====== Args={'value': 10, 'prev_value': None, 'change': True}
2025-11-20 08:56:29,547 : INFO : EventManager : Event: ======'machine_var_audits_missing_switches_s_o_lock_target'====== Args={'value': 4, 'prev_value': None, 'change': True}
2025-11-20 08:56:29,547 : INFO : EventManager : Event: ======'machine_var_audits_missing_switches_s_orbit_lower'====== Args={'value': 25, 'prev_value': None, 'change': True}
2025-11-20 08:56:29,547 : INFO : EventManager : Event: ======'machine_var_audits_missing_switches_s_orbit_right'====== Args={'value': 4, 'prev_value': None, 'change': True}
2025-11-20 08:56:29,547 : INFO : EventManager : Event: ======'machine_var_audits_missing_switches_s_orbit_upper'====== Args={'value': 4, 'prev_value': None, 'change': True}
2025-11-20 08:56:29,547 : INFO : EventManager : Event: ======'machine_var_audits_missing_switches_s_outer_inlane_right'====== Args={'value': 9, 'prev_value': None, 'change': True}
2025-11-20 08:56:29,548 : INFO : EventManager : Event: ======'machine_var_audits_missing_switches_s_outlane_left'====== Args={'value': 30, 'prev_value': None, 'change': True}
2025-11-20 08:56:29,548 : INFO : EventManager : Event: ======'machine_var_audits_missing_switches_s_outlane_right'====== Args={'value': 9, 'prev_value': None, 'change': True}
2025-11-20 08:56:29,548 : INFO : EventManager : Event: ======'machine_var_audits_missing_switches_s_plunger_lane'====== Args={'value': 10, 'prev_value': None, 'change': True}
2025-11-20 08:56:29,548 : INFO : EventManager : Event: ======'machine_var_audits_missing_switches_s_ramp_inner_exit'====== Args={'value': 4, 'prev_value': None, 'change': True}
2025-11-20 08:56:29,548 : INFO : EventManager : Event: ======'machine_var_audits_missing_switches_s_ramp_tower_exit'====== Args={'value': 4, 'prev_value': None, 'change': True}
2025-11-20 08:56:29,548 : INFO : EventManager : Event: ======'machine_var_audits_missing_switches_s_slingshot_left'====== Args={'value': 451, 'prev_value': None, 'change': True}
2025-11-20 08:56:29,548 : INFO : EventManager : Event: ======'machine_var_audits_missing_switches_s_slingshot_right'====== Args={'value': 53, 'prev_value': None, 'change': True}
2025-11-20 08:56:29,548 : INFO : EventManager : Event: ======'machine_var_audits_missing_switches_s_start'====== Args={'value': 53, 'prev_value': None, 'change': True}
2025-11-20 08:56:29,548 : INFO : EventManager : Event: ======'machine_var_audits_missing_switches_s_tilt'====== Args={'value': 454, 'prev_value': None, 'change': True}
2025-11-20 08:56:29,548 : INFO : EventManager : Event: ======'machine_var_audits_missing_switches_s_trough_1'====== Args={'value': 492, 'prev_value': None, 'change': True}
2025-11-20 08:56:29,548 : INFO : EventManager : Event: ======'machine_var_audits_missing_switches_s_trough_2'====== Args={'value': 492, 'prev_value': None, 'change': True}
2025-11-20 08:56:29,548 : INFO : EventManager : Event: ======'machine_var_audits_missing_switches_s_trough_3'====== Args={'value': 492, 'prev_value': None, 'change': True}
2025-11-20 08:56:29,548 : INFO : EventManager : Event: ======'machine_var_audits_missing_switches_s_trough_4'====== Args={'value': 567, 'prev_value': None, 'change': True}
2025-11-20 08:56:29,548 : INFO : EventManager : Event: ======'machine_var_audits_missing_switches_s_trough_5'====== Args={'value': 567, 'prev_value': None, 'change': True}
2025-11-20 08:56:29,548 : INFO : EventManager : Event: ======'machine_var_audits_missing_switches_s_trough_6'====== Args={'value': 31, 'prev_value': None, 'change': True}
2025-11-20 08:56:29,548 : INFO : EventManager : Event: ======'machine_var_audits_player_score'====== Args={'value': {'average': 668312, 'top': [2229000, 310250, 73000, 61000], 'total': 4}, 'prev_value': None, 'change': True}
2025-11-20 08:56:29,548 : INFO : EventManager : Event: ======'machine_var_audits_shots_bumper_center'====== Args={'value': 650, 'prev_value': None, 'change': True}
2025-11-20 08:56:29,548 : INFO : EventManager : Event: ======'machine_var_audits_shots_bumper_left'====== Args={'value': 658, 'prev_value': None, 'change': True}
2025-11-20 08:56:29,548 : INFO : EventManager : Event: ======'machine_var_audits_shots_bumper_right'====== Args={'value': 421, 'prev_value': None, 'change': True}
2025-11-20 08:56:29,548 : INFO : EventManager : Event: ======'machine_var_audits_shots_mach_ramp'====== Args={'value': 691, 'prev_value': None, 'change': True}
2025-11-20 08:56:29,548 : INFO : EventManager : Event: ======'machine_var_audits_shots_mig_lane_left'====== Args={'value': 165, 'prev_value': None, 'change': True}
2025-11-20 08:56:29,548 : INFO : EventManager : Event: ======'machine_var_audits_shots_mig_lane_right'====== Args={'value': 25, 'prev_value': None, 'change': True}
2025-11-20 08:56:29,548 : INFO : EventManager : Event: ======'machine_var_audits_shots_orbit_upper'====== Args={'value': 19, 'prev_value': None, 'change': True}
2025-11-20 08:56:29,548 : INFO : EventManager : Event: ======'machine_var_audits_shots_ramp_inner'====== Args={'value': 56, 'prev_value': None, 'change': True}
2025-11-20 08:56:29,549 : INFO : EventManager : Event: ======'machine_var_audits_shots_spinner'====== Args={'value': 21, 'prev_value': None, 'change': True}
2025-11-20 08:56:29,549 : INFO : EventManager : Event: ======'machine_var_audits_switches_s_a_iceman_target'====== Args={'value': 160, 'prev_value': None, 'change': True}
2025-11-20 08:56:29,549 : INFO : EventManager : Event: ======'machine_var_audits_switches_s_barrier_target'====== Args={'value': 23, 'prev_value': None, 'change': True}
2025-11-20 08:56:29,549 : INFO : EventManager : Event: ======'machine_var_audits_switches_s_bumper_center'====== Args={'value': 670, 'prev_value': None, 'change': True}
2025-11-20 08:56:29,549 : INFO : EventManager : Event: ======'machine_var_audits_switches_s_bumper_left'====== Args={'value': 689, 'prev_value': None, 'change': True}
2025-11-20 08:56:29,549 : INFO : EventManager : Event: ======'machine_var_audits_switches_s_bumper_right'====== Args={'value': 427, 'prev_value': None, 'change': True}
2025-11-20 08:56:29,549 : INFO : EventManager : Event: ======'machine_var_audits_switches_s_c_iceman_target'====== Args={'value': 144, 'prev_value': None, 'change': True}
2025-11-20 08:56:29,549 : INFO : EventManager : Event: ======'machine_var_audits_switches_s_c_lock_target'====== Args={'value': 14, 'prev_value': None, 'change': True}
2025-11-20 08:56:29,549 : INFO : EventManager : Event: ======'machine_var_audits_switches_s_coin_door'====== Args={'value': 0, 'prev_value': None, 'change': True}
2025-11-20 08:56:29,549 : INFO : EventManager : Event: ======'machine_var_audits_switches_s_coin_door_credit_left'====== Args={'value': 0, 'prev_value': None, 'change': True}
2025-11-20 08:56:29,549 : INFO : EventManager : Event: ======'machine_var_audits_switches_s_coin_door_credit_right'====== Args={'value': 0, 'prev_value': None, 'change': True}
2025-11-20 08:56:29,549 : INFO : EventManager : Event: ======'machine_var_audits_switches_s_coin_door_service_1'====== Args={'value': 0, 'prev_value': None, 'change': True}
2025-11-20 08:56:29,549 : INFO : EventManager : Event: ======'machine_var_audits_switches_s_coin_door_service_2'====== Args={'value': 0, 'prev_value': None, 'change': True}
2025-11-20 08:56:29,549 : INFO : EventManager : Event: ======'machine_var_audits_switches_s_coin_door_service_3'====== Args={'value': 0, 'prev_value': None, 'change': True}
2025-11-20 08:56:29,549 : INFO : EventManager : Event: ======'machine_var_audits_switches_s_coin_door_service_4'====== Args={'value': 0, 'prev_value': None, 'change': True}
2025-11-20 08:56:29,549 : INFO : EventManager : Event: ======'machine_var_audits_switches_s_e_iceman_target'====== Args={'value': 162, 'prev_value': None, 'change': True}
2025-11-20 08:56:29,549 : INFO : EventManager : Event: ======'machine_var_audits_switches_s_flight_gear_target'====== Args={'value': 255, 'prev_value': None, 'change': True}
2025-11-20 08:56:29,549 : INFO : EventManager : Event: ======'machine_var_audits_switches_s_flipper_left'====== Args={'value': 292, 'prev_value': None, 'change': True}
2025-11-20 08:56:29,549 : INFO : EventManager : Event: ======'machine_var_audits_switches_s_flipper_left_eos'====== Args={'value': 0, 'prev_value': None, 'change': True}
2025-11-20 08:56:29,549 : INFO : EventManager : Event: ======'machine_var_audits_switches_s_flipper_left_upper'====== Args={'value': 0, 'prev_value': None, 'change': True}
2025-11-20 08:56:29,549 : INFO : EventManager : Event: ======'machine_var_audits_switches_s_flipper_left_upper_eos'====== Args={'value': 0, 'prev_value': None, 'change': True}
2025-11-20 08:56:29,549 : INFO : EventManager : Event: ======'machine_var_audits_switches_s_flipper_right'====== Args={'value': 141, 'prev_value': None, 'change': True}
2025-11-20 08:56:29,549 : INFO : EventManager : Event: ======'machine_var_audits_switches_s_flipper_right_eos'====== Args={'value': 0, 'prev_value': None, 'change': True}
2025-11-20 08:56:29,549 : INFO : EventManager : Event: ======'machine_var_audits_switches_s_i_iceman_target'====== Args={'value': 120, 'prev_value': None, 'change': True}
2025-11-20 08:56:29,550 : INFO : EventManager : Event: ======'machine_var_audits_switches_s_inlane_left'====== Args={'value': 276, 'prev_value': None, 'change': True}
2025-11-20 08:56:29,550 : INFO : EventManager : Event: ======'machine_var_audits_switches_s_inner_inlane_right'====== Args={'value': 235, 'prev_value': None, 'change': True}
2025-11-20 08:56:29,550 : INFO : EventManager : Event: ======'machine_var_audits_switches_s_jam'====== Args={'value': 1, 'prev_value': None, 'change': True}
2025-11-20 08:56:29,550 : INFO : EventManager : Event: ======'machine_var_audits_switches_s_k_lock_target'====== Args={'value': 9, 'prev_value': None, 'change': True}
2025-11-20 08:56:29,550 : INFO : EventManager : Event: ======'machine_var_audits_switches_s_l_lock_target'====== Args={'value': 22, 'prev_value': None, 'change': True}
2025-11-20 08:56:29,550 : INFO : EventManager : Event: ======'machine_var_audits_switches_s_lane_left'====== Args={'value': 599, 'prev_value': None, 'change': True}
2025-11-20 08:56:29,550 : INFO : EventManager : Event: ======'machine_var_audits_switches_s_lane_right'====== Args={'value': 345, 'prev_value': None, 'change': True}
2025-11-20 08:56:29,550 : INFO : EventManager : Event: ======'machine_var_audits_switches_s_lock_goose'====== Args={'value': 0, 'prev_value': None, 'change': True}
2025-11-20 08:56:29,550 : INFO : EventManager : Event: ======'machine_var_audits_switches_s_lock_mav'====== Args={'value': 0, 'prev_value': None, 'change': True}
2025-11-20 08:56:29,550 : INFO : EventManager : Event: ======'machine_var_audits_switches_s_lock_plunger'====== Args={'value': 3, 'prev_value': None, 'change': True}
2025-11-20 08:56:29,550 : INFO : EventManager : Event: ======'machine_var_audits_switches_s_m_iceman_target'====== Args={'value': 158, 'prev_value': None, 'change': True}
2025-11-20 08:56:29,550 : INFO : EventManager : Event: ======'machine_var_audits_switches_s_mig_lane_left'====== Args={'value': 507, 'prev_value': None, 'change': True}
2025-11-20 08:56:29,550 : INFO : EventManager : Event: ======'machine_var_audits_switches_s_mig_lane_right'====== Args={'value': 216, 'prev_value': None, 'change': True}
2025-11-20 08:56:29,550 : INFO : EventManager : Event: ======'machine_var_audits_switches_s_mode_start'====== Args={'value': 115, 'prev_value': None, 'change': True}
2025-11-20 08:56:29,550 : INFO : EventManager : Event: ======'machine_var_audits_switches_s_n_iceman_target'====== Args={'value': 252, 'prev_value': None, 'change': True}
2025-11-20 08:56:29,550 : INFO : EventManager : Event: ======'machine_var_audits_switches_s_o_lock_target'====== Args={'value': 28, 'prev_value': None, 'change': True}
2025-11-20 08:56:29,550 : INFO : EventManager : Event: ======'machine_var_audits_switches_s_orbit_left'====== Args={'value': 534, 'prev_value': None, 'change': True}
2025-11-20 08:56:29,550 : INFO : EventManager : Event: ======'machine_var_audits_switches_s_orbit_lower'====== Args={'value': 17, 'prev_value': None, 'change': True}
2025-11-20 08:56:29,550 : INFO : EventManager : Event: ======'machine_var_audits_switches_s_orbit_right'====== Args={'value': 100, 'prev_value': None, 'change': True}
2025-11-20 08:56:29,550 : INFO : EventManager : Event: ======'machine_var_audits_switches_s_orbit_upper'====== Args={'value': 74, 'prev_value': None, 'change': True}
2025-11-20 08:56:29,550 : INFO : EventManager : Event: ======'machine_var_audits_switches_s_outer_inlane_right'====== Args={'value': 221, 'prev_value': None, 'change': True}
2025-11-20 08:56:29,550 : INFO : EventManager : Event: ======'machine_var_audits_switches_s_outlane_left'====== Args={'value': 219, 'prev_value': None, 'change': True}
2025-11-20 08:56:29,551 : INFO : EventManager : Event: ======'machine_var_audits_switches_s_outlane_right'====== Args={'value': 227, 'prev_value': None, 'change': True}
2025-11-20 08:56:29,551 : INFO : EventManager : Event: ======'machine_var_audits_switches_s_plunger_lane'====== Args={'value': 46, 'prev_value': None, 'change': True}
2025-11-20 08:56:29,551 : INFO : EventManager : Event: ======'machine_var_audits_switches_s_ramp_inner_exit'====== Args={'value': 737, 'prev_value': None, 'change': True}
2025-11-20 08:56:29,551 : INFO : EventManager : Event: ======'machine_var_audits_switches_s_ramp_left_exit'====== Args={'value': 441, 'prev_value': None, 'change': True}
2025-11-20 08:56:29,551 : INFO : EventManager : Event: ======'machine_var_audits_switches_s_ramp_right_exit'====== Args={'value': 88, 'prev_value': None, 'change': True}
2025-11-20 08:56:29,551 : INFO : EventManager : Event: ======'machine_var_audits_switches_s_ramp_tower_exit'====== Args={'value': 44, 'prev_value': None, 'change': True}
2025-11-20 08:56:29,551 : INFO : EventManager : Event: ======'machine_var_audits_switches_s_shooter_lane'====== Args={'value': 551, 'prev_value': None, 'change': True}
2025-11-20 08:56:29,551 : INFO : EventManager : Event: ======'machine_var_audits_switches_s_slingshot_left'====== Args={'value': 8, 'prev_value': None, 'change': True}
2025-11-20 08:56:29,551 : INFO : EventManager : Event: ======'machine_var_audits_switches_s_slingshot_right'====== Args={'value': 9, 'prev_value': None, 'change': True}
2025-11-20 08:56:29,551 : INFO : EventManager : Event: ======'machine_var_audits_switches_s_spinner'====== Args={'value': 747, 'prev_value': None, 'change': True}
2025-11-20 08:56:29,551 : INFO : EventManager : Event: ======'machine_var_audits_switches_s_start'====== Args={'value': 170, 'prev_value': None, 'change': True}
2025-11-20 08:56:29,551 : INFO : EventManager : Event: ======'machine_var_audits_switches_s_tilt'====== Args={'value': 0, 'prev_value': None, 'change': True}
2025-11-20 08:56:29,551 : INFO : EventManager : Event: ======'machine_var_audits_switches_s_trough_1'====== Args={'value': 2, 'prev_value': None, 'change': True}
2025-11-20 08:56:29,551 : INFO : EventManager : Event: ======'machine_var_audits_switches_s_trough_2'====== Args={'value': 1, 'prev_value': None, 'change': True}
2025-11-20 08:56:29,551 : INFO : EventManager : Event: ======'machine_var_audits_switches_s_trough_3'====== Args={'value': 1, 'prev_value': None, 'change': True}
2025-11-20 08:56:29,551 : INFO : EventManager : Event: ======'machine_var_audits_switches_s_trough_4'====== Args={'value': 0, 'prev_value': None, 'change': True}
2025-11-20 08:56:29,551 : INFO : EventManager : Event: ======'machine_var_audits_switches_s_trough_5'====== Args={'value': 0, 'prev_value': None, 'change': True}
2025-11-20 08:56:29,551 : INFO : EventManager : Event: ======'machine_var_audits_switches_s_trough_6'====== Args={'value': 225, 'prev_value': None, 'change': True}
2025-11-20 08:56:29,552 : INFO : EventManager : Event: ======'init_phase_5'====== Args={}
2025-11-20 08:56:29,552 : INFO : EventManager : Event: ======'init_done'====== Args={}
2025-11-20 08:56:29,552 : INFO : EventManager : Event: ======'machine_reset_phase_1'====== Args={}
2025-11-20 08:56:29,561 : INFO : EventManager : Event: ======'machine_reset_phase_2'====== Args={}
2025-11-20 08:56:29,561 : INFO : EventManager : Event: ======'machine_reset_phase_3'====== Args={}
2025-11-20 08:56:29,561 : INFO : EventManager : Event: ======'reset_complete'====== Args={}
2025-11-20 08:56:29,561 : INFO : EventManager : Event: ======'mode_attract_will_start'====== Args={}
2025-11-20 08:56:29,561 : INFO : Timer.attract_carousel_timer : Starting Timer.
2025-11-20 08:56:29,561 : INFO : EventManager : Event: ======'timer_attract_carousel_timer_started'====== Args={'ticks': 0, 'ticks_remaining': 1}
2025-11-20 08:56:29,561 : INFO : EventManager : Event: ======'timer_attract_carousel_timer_tick'====== Args={'ticks': 0, 'ticks_remaining': 1}
2025-11-20 08:56:29,563 : INFO : EventManager : Event: ======'mode_attract_starting'====== Args={}
2025-11-20 08:56:29,563 : INFO : Mode.attract : Started. Priority: 10
2025-11-20 08:56:29,563 : INFO : EventManager : Event: ======'modes_active_modes_changed'====== Args={}
2025-11-20 08:56:29,563 : INFO : EventManager : Event: ======'mode_attract_started'====== Args={}
2025-11-20 08:56:29,563 : INFO : EventManager : Event: ======'attract_cycle_step1'====== Args={'priority': 0}
2025-11-20 08:56:29,564 : INFO : EventManager : Event: ======'collecting_balls_complete'====== Args={}
2025-11-20 08:56:29,564 : INFO : EventManager : Event: ======'item_highlighted'====== Args={'carousel': 'attract', 'direction': None, 'item': 'title'}
2025-11-20 08:56:29,564 : INFO : EventManager : Event: ======'timer_attract_carousel_timer_tick'====== Args={'ticks': 0, 'ticks_remaining': 1}
2025-11-20 08:56:29,564 : INFO : Machine : Starting the main run loop with active modes: [<Mode.attract>]
2025-11-20 08:56:29,678 : INFO : BcpServer : New client connected.
2025-11-20 08:56:29,798 : INFO : EventManager : Event: ======'slide_attract_created'====== Args={'_from_bcp': True}
2025-11-20 08:56:29,799 : INFO : EventManager : Event: ======'slide__removed'====== Args={'_from_bcp': True}
2025-11-20 08:56:29,800 : INFO : EventManager : Event: ======'slide_attract_active'====== Args={'original_context': 'attract', 'original_calling_context': 'mode_attract_started', 'priority': 10.0, 'cmd': 'slides_play', '_from_bcp': True}
2025-11-20 08:56:36,563 : INFO : Timer.attract_carousel_timer : Timer Complete
2025-11-20 08:56:36,563 : INFO : Timer.attract_carousel_timer : Stopping Timer
2025-11-20 08:56:36,563 : INFO : EventManager : Event: ======'timer_attract_carousel_timer_stopped'====== Args={'ticks': 1, 'ticks_remaining': 1}
2025-11-20 08:56:36,564 : INFO : EventManager : Event: ======'timer_attract_carousel_timer_complete'====== Args={'ticks': 1, 'ticks_remaining': 1}
2025-11-20 08:56:36,568 : INFO : EventManager : Event: ======'item_highlighted'====== Args={'carousel': 'attract', 'direction': 'forwards', 'item': 'presented_by'}
2025-11-20 08:56:36,568 : INFO : Timer.attract_carousel_timer : Starting Timer.
2025-11-20 08:56:36,568 : INFO : EventManager : Event: ======'timer_attract_carousel_timer_started'====== Args={'ticks': 0, 'ticks_remaining': 1}
2025-11-20 08:56:36,569 : INFO : EventManager : Event: ======'timer_attract_carousel_timer_tick'====== Args={'ticks': 0, 'ticks_remaining': 1}
2025-11-20 08:56:41,758 : INFO : EventManager : Event: ======'attract_cycle_step2'====== Args={}
2025-11-20 08:56:43,567 : INFO : Timer.attract_carousel_timer : Timer Complete
2025-11-20 08:56:43,567 : INFO : Timer.attract_carousel_timer : Stopping Timer
2025-11-20 08:56:43,567 : INFO : EventManager : Event: ======'timer_attract_carousel_timer_stopped'====== Args={'ticks': 1, 'ticks_remaining': 1}
2025-11-20 08:56:43,567 : INFO : EventManager : Event: ======'timer_attract_carousel_timer_complete'====== Args={'ticks': 1, 'ticks_remaining': 1}
2025-11-20 08:56:43,570 : INFO : EventManager : Event: ======'item_highlighted'====== Args={'carousel': 'attract', 'direction': 'forwards', 'item': 'hotrod_pinball_logo'}
2025-11-20 08:56:43,571 : INFO : Timer.attract_carousel_timer : Starting Timer.
2025-11-20 08:56:43,571 : INFO : EventManager : Event: ======'timer_attract_carousel_timer_started'====== Args={'ticks': 0, 'ticks_remaining': 1}
2025-11-20 08:56:43,571 : INFO : EventManager : Event: ======'timer_attract_carousel_timer_tick'====== Args={'ticks': 0, 'ticks_remaining': 1}
2025-11-20 08:56:50,584 : INFO : Timer.attract_carousel_timer : Timer Complete
2025-11-20 08:56:50,584 : INFO : Timer.attract_carousel_timer : Stopping Timer
2025-11-20 08:56:50,584 : INFO : EventManager : Event: ======'timer_attract_carousel_timer_stopped'====== Args={'ticks': 1, 'ticks_remaining': 1}
2025-11-20 08:56:50,584 : INFO : EventManager : Event: ======'timer_attract_carousel_timer_complete'====== Args={'ticks': 1, 'ticks_remaining': 1}
2025-11-20 08:56:50,585 : INFO : EventManager : Event: ======'item_highlighted'====== Args={'carousel': 'attract', 'direction': 'forwards', 'item': 'mpf_logo'}
2025-11-20 08:56:50,585 : INFO : Timer.attract_carousel_timer : Starting Timer.
2025-11-20 08:56:50,585 : INFO : EventManager : Event: ======'timer_attract_carousel_timer_started'====== Args={'ticks': 0, 'ticks_remaining': 1}
2025-11-20 08:56:50,585 : INFO : EventManager : Event: ======'timer_attract_carousel_timer_tick'====== Args={'ticks': 0, 'ticks_remaining': 1}
2025-11-20 08:56:57,017 : INFO : EventManager : Event: ======'attract_cycle_step3'====== Args={}
2025-11-20 08:56:57,577 : INFO : Timer.attract_carousel_timer : Timer Complete
2025-11-20 08:56:57,577 : INFO : Timer.attract_carousel_timer : Stopping Timer
2025-11-20 08:56:57,577 : INFO : EventManager : Event: ======'timer_attract_carousel_timer_stopped'====== Args={'ticks': 1, 'ticks_remaining': 1}
2025-11-20 08:56:57,578 : INFO : EventManager : Event: ======'timer_attract_carousel_timer_complete'====== Args={'ticks': 1, 'ticks_remaining': 1}
2025-11-20 08:56:57,579 : INFO : EventManager : Event: ======'item_highlighted'====== Args={'carousel': 'attract', 'direction': 'forwards', 'item': 'credits'}
2025-11-20 08:56:57,581 : INFO : Timer.attract_carousel_timer : Starting Timer.
2025-11-20 08:56:57,581 : INFO : EventManager : Event: ======'timer_attract_carousel_timer_started'====== Args={'ticks': 0, 'ticks_remaining': 1}
2025-11-20 08:56:57,581 : INFO : EventManager : Event: ======'timer_attract_carousel_timer_tick'====== Args={'ticks': 0, 'ticks_remaining': 1}
2025-11-20 08:57:04,584 : INFO : Timer.attract_carousel_timer : Timer Complete
2025-11-20 08:57:04,584 : INFO : Timer.attract_carousel_timer : Stopping Timer
2025-11-20 08:57:04,584 : INFO : EventManager : Event: ======'timer_attract_carousel_timer_stopped'====== Args={'ticks': 1, 'ticks_remaining': 1}
2025-11-20 08:57:04,585 : INFO : EventManager : Event: ======'timer_attract_carousel_timer_complete'====== Args={'ticks': 1, 'ticks_remaining': 1}
2025-11-20 08:57:04,586 : INFO : EventManager : Event: ======'item_highlighted'====== Args={'carousel': 'attract', 'direction': 'forwards', 'item': 'last_scores_1p'}
2025-11-20 08:57:04,587 : INFO : Timer.attract_carousel_timer : Starting Timer.
2025-11-20 08:57:04,587 : INFO : EventManager : Event: ======'timer_attract_carousel_timer_started'====== Args={'ticks': 0, 'ticks_remaining': 1}
2025-11-20 08:57:04,587 : INFO : EventManager : Event: ======'timer_attract_carousel_timer_tick'====== Args={'ticks': 0, 'ticks_remaining': 1}
2025-11-20 08:57:09,208 : INFO : EventManager : Event: ======'attract_cycle_step4'====== Args={}
2025-11-20 08:57:11,577 : INFO : Timer.attract_carousel_timer : Timer Complete
2025-11-20 08:57:11,577 : INFO : Timer.attract_carousel_timer : Stopping Timer
2025-11-20 08:57:11,577 : INFO : EventManager : Event: ======'timer_attract_carousel_timer_stopped'====== Args={'ticks': 1, 'ticks_remaining': 1}
2025-11-20 08:57:11,578 : INFO : EventManager : Event: ======'timer_attract_carousel_timer_complete'====== Args={'ticks': 1, 'ticks_remaining': 1}
2025-11-20 08:57:11,579 : INFO : EventManager : Event: ======'item_highlighted'====== Args={'carousel': 'attract', 'direction': 'forwards', 'item': 'title'}
2025-11-20 08:57:11,580 : INFO : Timer.attract_carousel_timer : Starting Timer.
2025-11-20 08:57:11,580 : INFO : EventManager : Event: ======'timer_attract_carousel_timer_started'====== Args={'ticks': 0, 'ticks_remaining': 1}
2025-11-20 08:57:11,580 : INFO : EventManager : Event: ======'timer_attract_carousel_timer_tick'====== Args={'ticks': 0, 'ticks_remaining': 1}
2025-11-20 08:57:18,597 : INFO : Timer.attract_carousel_timer : Timer Complete
2025-11-20 08:57:18,597 : INFO : Timer.attract_carousel_timer : Stopping Timer
2025-11-20 08:57:18,597 : INFO : EventManager : Event: ======'timer_attract_carousel_timer_stopped'====== Args={'ticks': 1, 'ticks_remaining': 1}
2025-11-20 08:57:18,597 : INFO : EventManager : Event: ======'timer_attract_carousel_timer_complete'====== Args={'ticks': 1, 'ticks_remaining': 1}
2025-11-20 08:57:18,598 : INFO : EventManager : Event: ======'item_highlighted'====== Args={'carousel': 'attract', 'direction': 'forwards', 'item': 'presented_by'}
2025-11-20 08:57:18,599 : INFO : Timer.attract_carousel_timer : Starting Timer.
2025-11-20 08:57:18,599 : INFO : EventManager : Event: ======'timer_attract_carousel_timer_started'====== Args={'ticks': 0, 'ticks_remaining': 1}
2025-11-20 08:57:18,599 : INFO : EventManager : Event: ======'timer_attract_carousel_timer_tick'====== Args={'ticks': 0, 'ticks_remaining': 1}
2025-11-20 08:57:20,847 : INFO : EventManager : Event: ======'attract_cycle_step5'====== Args={}
2025-11-20 08:57:25,595 : INFO : Timer.attract_carousel_timer : Timer Complete
2025-11-20 08:57:25,595 : INFO : Timer.attract_carousel_timer : Stopping Timer
2025-11-20 08:57:25,595 : INFO : EventManager : Event: ======'timer_attract_carousel_timer_stopped'====== Args={'ticks': 1, 'ticks_remaining': 1}
2025-11-20 08:57:25,596 : INFO : EventManager : Event: ======'timer_attract_carousel_timer_complete'====== Args={'ticks': 1, 'ticks_remaining': 1}
2025-11-20 08:57:25,598 : INFO : EventManager : Event: ======'item_highlighted'====== Args={'carousel': 'attract', 'direction': 'forwards', 'item': 'hotrod_pinball_logo'}
2025-11-20 08:57:25,598 : INFO : Timer.attract_carousel_timer : Starting Timer.
2025-11-20 08:57:25,598 : INFO : EventManager : Event: ======'timer_attract_carousel_timer_started'====== Args={'ticks': 0, 'ticks_remaining': 1}
2025-11-20 08:57:25,599 : INFO : EventManager : Event: ======'timer_attract_carousel_timer_tick'====== Args={'ticks': 0, 'ticks_remaining': 1}
2025-11-20 08:57:32,589 : INFO : Timer.attract_carousel_timer : Timer Complete
2025-11-20 08:57:32,589 : INFO : Timer.attract_carousel_timer : Stopping Timer
2025-11-20 08:57:32,589 : INFO : EventManager : Event: ======'timer_attract_carousel_timer_stopped'====== Args={'ticks': 1, 'ticks_remaining': 1}
2025-11-20 08:57:32,590 : INFO : EventManager : Event: ======'timer_attract_carousel_timer_complete'====== Args={'ticks': 1, 'ticks_remaining': 1}
2025-11-20 08:57:32,591 : INFO : EventManager : Event: ======'item_highlighted'====== Args={'carousel': 'attract', 'direction': 'forwards', 'item': 'mpf_logo'}
2025-11-20 08:57:32,592 : INFO : Timer.attract_carousel_timer : Starting Timer.
2025-11-20 08:57:32,592 : INFO : EventManager : Event: ======'timer_attract_carousel_timer_started'====== Args={'ticks': 0, 'ticks_remaining': 1}
2025-11-20 08:57:32,592 : INFO : EventManager : Event: ======'timer_attract_carousel_timer_tick'====== Args={'ticks': 0, 'ticks_remaining': 1}
2025-11-20 08:57:39,592 : INFO : Timer.attract_carousel_timer : Timer Complete
2025-11-20 08:57:39,592 : INFO : Timer.attract_carousel_timer : Stopping Timer
2025-11-20 08:57:39,592 : INFO : EventManager : Event: ======'timer_attract_carousel_timer_stopped'====== Args={'ticks': 1, 'ticks_remaining': 1}
2025-11-20 08:57:39,593 : INFO : EventManager : Event: ======'timer_attract_carousel_timer_complete'====== Args={'ticks': 1, 'ticks_remaining': 1}
2025-11-20 08:57:39,595 : INFO : EventManager : Event: ======'item_highlighted'====== Args={'carousel': 'attract', 'direction': 'forwards', 'item': 'credits'}
2025-11-20 08:57:39,595 : INFO : Timer.attract_carousel_timer : Starting Timer.
2025-11-20 08:57:39,596 : INFO : EventManager : Event: ======'timer_attract_carousel_timer_started'====== Args={'ticks': 0, 'ticks_remaining': 1}
2025-11-20 08:57:39,596 : INFO : EventManager : Event: ======'timer_attract_carousel_timer_tick'====== Args={'ticks': 0, 'ticks_remaining': 1}
2025-11-20 08:57:42,026 : INFO : EventManager : Event: ======'attract_cycle_step6'====== Args={}
2025-11-20 08:57:46,583 : INFO : Timer.attract_carousel_timer : Timer Complete
2025-11-20 08:57:46,583 : INFO : Timer.attract_carousel_timer : Stopping Timer
2025-11-20 08:57:46,584 : INFO : EventManager : Event: ======'timer_attract_carousel_timer_stopped'====== Args={'ticks': 1, 'ticks_remaining': 1}
2025-11-20 08:57:46,584 : INFO : EventManager : Event: ======'timer_attract_carousel_timer_complete'====== Args={'ticks': 1, 'ticks_remaining': 1}
2025-11-20 08:57:46,584 : INFO : EventManager : Event: ======'item_highlighted'====== Args={'carousel': 'attract', 'direction': 'forwards', 'item': 'last_scores_1p'}
2025-11-20 08:57:46,585 : INFO : Timer.attract_carousel_timer : Starting Timer.
2025-11-20 08:57:46,585 : INFO : EventManager : Event: ======'timer_attract_carousel_timer_started'====== Args={'ticks': 0, 'ticks_remaining': 1}
2025-11-20 08:57:46,585 : INFO : EventManager : Event: ======'timer_attract_carousel_timer_tick'====== Args={'ticks': 0, 'ticks_remaining': 1}
2025-11-20 08:57:51,181 : INFO : EventManager : Event: ======'attract_cycle_step1'====== Args={}
2025-11-20 08:57:53,582 : INFO : Timer.attract_carousel_timer : Timer Complete
2025-11-20 08:57:53,582 : INFO : Timer.attract_carousel_timer : Stopping Timer
2025-11-20 08:57:53,582 : INFO : EventManager : Event: ======'timer_attract_carousel_timer_stopped'====== Args={'ticks': 1, 'ticks_remaining': 1}
2025-11-20 08:57:53,582 : INFO : EventManager : Event: ======'timer_attract_carousel_timer_complete'====== Args={'ticks': 1, 'ticks_remaining': 1}
2025-11-20 08:57:53,585 : INFO : EventManager : Event: ======'item_highlighted'====== Args={'carousel': 'attract', 'direction': 'forwards', 'item': 'title'}
2025-11-20 08:57:53,586 : INFO : Timer.attract_carousel_timer : Starting Timer.
2025-11-20 08:57:53,586 : INFO : EventManager : Event: ======'timer_attract_carousel_timer_started'====== Args={'ticks': 0, 'ticks_remaining': 1}
2025-11-20 08:57:53,586 : INFO : EventManager : Event: ======'timer_attract_carousel_timer_tick'====== Args={'ticks': 0, 'ticks_remaining': 1}
2025-11-20 08:58:00,591 : INFO : Timer.attract_carousel_timer : Timer Complete
2025-11-20 08:58:00,591 : INFO : Timer.attract_carousel_timer : Stopping Timer
2025-11-20 08:58:00,591 : INFO : EventManager : Event: ======'timer_attract_carousel_timer_stopped'====== Args={'ticks': 1, 'ticks_remaining': 1}
2025-11-20 08:58:00,592 : INFO : EventManager : Event: ======'timer_attract_carousel_timer_complete'====== Args={'ticks': 1, 'ticks_remaining': 1}
2025-11-20 08:58:00,592 : INFO : EventManager : Event: ======'item_highlighted'====== Args={'carousel': 'attract', 'direction': 'forwards', 'item': 'presented_by'}
2025-11-20 08:58:00,594 : INFO : Timer.attract_carousel_timer : Starting Timer.
2025-11-20 08:58:00,594 : INFO : EventManager : Event: ======'timer_attract_carousel_timer_started'====== Args={'ticks': 0, 'ticks_remaining': 1}
2025-11-20 08:58:00,594 : INFO : EventManager : Event: ======'timer_attract_carousel_timer_tick'====== Args={'ticks': 0, 'ticks_remaining': 1}
2025-11-20 08:58:03,369 : INFO : EventManager : Event: ======'attract_cycle_step2'====== Args={}
2025-11-20 08:58:07,589 : INFO : Timer.attract_carousel_timer : Timer Complete
2025-11-20 08:58:07,589 : INFO : Timer.attract_carousel_timer : Stopping Timer
2025-11-20 08:58:07,589 : INFO : EventManager : Event: ======'timer_attract_carousel_timer_stopped'====== Args={'ticks': 1, 'ticks_remaining': 1}
2025-11-20 08:58:07,589 : INFO : EventManager : Event: ======'timer_attract_carousel_timer_complete'====== Args={'ticks': 1, 'ticks_remaining': 1}
2025-11-20 08:58:07,592 : INFO : EventManager : Event: ======'item_highlighted'====== Args={'carousel': 'attract', 'direction': 'forwards', 'item': 'hotrod_pinball_logo'}
2025-11-20 08:58:07,592 : INFO : Timer.attract_carousel_timer : Starting Timer.
2025-11-20 08:58:07,592 : INFO : EventManager : Event: ======'timer_attract_carousel_timer_started'====== Args={'ticks': 0, 'ticks_remaining': 1}
2025-11-20 08:58:07,592 : INFO : EventManager : Event: ======'timer_attract_carousel_timer_tick'====== Args={'ticks': 0, 'ticks_remaining': 1}
2025-11-20 08:58:14,580 : INFO : Timer.attract_carousel_timer : Timer Complete
2025-11-20 08:58:14,580 : INFO : Timer.attract_carousel_timer : Stopping Timer
2025-11-20 08:58:14,580 : INFO : EventManager : Event: ======'timer_attract_carousel_timer_stopped'====== Args={'ticks': 1, 'ticks_remaining': 1}
2025-11-20 08:58:14,580 : INFO : EventManager : Event: ======'timer_attract_carousel_timer_complete'====== Args={'ticks': 1, 'ticks_remaining': 1}
2025-11-20 08:58:14,582 : INFO : EventManager : Event: ======'item_highlighted'====== Args={'carousel': 'attract', 'direction': 'forwards', 'item': 'mpf_logo'}
2025-11-20 08:58:14,582 : INFO : Timer.attract_carousel_timer : Starting Timer.
2025-11-20 08:58:14,582 : INFO : EventManager : Event: ======'timer_attract_carousel_timer_started'====== Args={'ticks': 0, 'ticks_remaining': 1}
2025-11-20 08:58:14,582 : INFO : EventManager : Event: ======'timer_attract_carousel_timer_tick'====== Args={'ticks': 0, 'ticks_remaining': 1}
2025-11-20 08:58:18,613 : INFO : EventManager : Event: ======'attract_cycle_step3'====== Args={}
2025-11-20 08:58:21,573 : INFO : Timer.attract_carousel_timer : Timer Complete
2025-11-20 08:58:21,573 : INFO : Timer.attract_carousel_timer : Stopping Timer
2025-11-20 08:58:21,573 : INFO : EventManager : Event: ======'timer_attract_carousel_timer_stopped'====== Args={'ticks': 1, 'ticks_remaining': 1}
2025-11-20 08:58:21,573 : INFO : EventManager : Event: ======'timer_attract_carousel_timer_complete'====== Args={'ticks': 1, 'ticks_remaining': 1}
2025-11-20 08:58:21,575 : INFO : EventManager : Event: ======'item_highlighted'====== Args={'carousel': 'attract', 'direction': 'forwards', 'item': 'credits'}
2025-11-20 08:58:21,575 : INFO : Timer.attract_carousel_timer : Starting Timer.
2025-11-20 08:58:21,576 : INFO : EventManager : Event: ======'timer_attract_carousel_timer_started'====== Args={'ticks': 0, 'ticks_remaining': 1}
2025-11-20 08:58:21,576 : INFO : EventManager : Event: ======'timer_attract_carousel_timer_tick'====== Args={'ticks': 0, 'ticks_remaining': 1}
2025-11-20 08:58:28,598 : INFO : Timer.attract_carousel_timer : Timer Complete
2025-11-20 08:58:28,598 : INFO : Timer.attract_carousel_timer : Stopping Timer
2025-11-20 08:58:28,598 : INFO : EventManager : Event: ======'timer_attract_carousel_timer_stopped'====== Args={'ticks': 1, 'ticks_remaining': 1}
2025-11-20 08:58:28,598 : INFO : EventManager : Event: ======'timer_attract_carousel_timer_complete'====== Args={'ticks': 1, 'ticks_remaining': 1}
2025-11-20 08:58:28,599 : INFO : EventManager : Event: ======'item_highlighted'====== Args={'carousel': 'attract', 'direction': 'forwards', 'item': 'last_scores_1p'}
2025-11-20 08:58:28,599 : INFO : Timer.attract_carousel_timer : Starting Timer.
2025-11-20 08:58:28,601 : INFO : EventManager : Event: ======'timer_attract_carousel_timer_started'====== Args={'ticks': 0, 'ticks_remaining': 1}
2025-11-20 08:58:28,601 : INFO : EventManager : Event: ======'timer_attract_carousel_timer_tick'====== Args={'ticks': 0, 'ticks_remaining': 1}
2025-11-20 08:58:30,816 : INFO : EventManager : Event: ======'attract_cycle_step4'====== Args={}
2025-11-20 08:58:35,590 : INFO : Timer.attract_carousel_timer : Timer Complete
2025-11-20 08:58:35,590 : INFO : Timer.attract_carousel_timer : Stopping Timer
2025-11-20 08:58:35,590 : INFO : EventManager : Event: ======'timer_attract_carousel_timer_stopped'====== Args={'ticks': 1, 'ticks_remaining': 1}
2025-11-20 08:58:35,590 : INFO : EventManager : Event: ======'timer_attract_carousel_timer_complete'====== Args={'ticks': 1, 'ticks_remaining': 1}
2025-11-20 08:58:35,591 : INFO : EventManager : Event: ======'item_highlighted'====== Args={'carousel': 'attract', 'direction': 'forwards', 'item': 'title'}
2025-11-20 08:58:35,593 : INFO : Timer.attract_carousel_timer : Starting Timer.
2025-11-20 08:58:35,593 : INFO : EventManager : Event: ======'timer_attract_carousel_timer_started'====== Args={'ticks': 0, 'ticks_remaining': 1}
2025-11-20 08:58:35,593 : INFO : EventManager : Event: ======'timer_attract_carousel_timer_tick'====== Args={'ticks': 0, 'ticks_remaining': 1}
2025-11-20 08:58:42,459 : INFO : EventManager : Event: ======'attract_cycle_step5'====== Args={}
2025-11-20 08:58:42,585 : INFO : Timer.attract_carousel_timer : Timer Complete
2025-11-20 08:58:42,586 : INFO : Timer.attract_carousel_timer : Stopping Timer
2025-11-20 08:58:42,586 : INFO : EventManager : Event: ======'timer_attract_carousel_timer_stopped'====== Args={'ticks': 1, 'ticks_remaining': 1}
2025-11-20 08:58:42,586 : INFO : EventManager : Event: ======'timer_attract_carousel_timer_complete'====== Args={'ticks': 1, 'ticks_remaining': 1}
2025-11-20 08:58:42,588 : INFO : EventManager : Event: ======'item_highlighted'====== Args={'carousel': 'attract', 'direction': 'forwards', 'item': 'presented_by'}
2025-11-20 08:58:42,589 : INFO : Timer.attract_carousel_timer : Starting Timer.
2025-11-20 08:58:42,589 : INFO : EventManager : Event: ======'timer_attract_carousel_timer_started'====== Args={'ticks': 0, 'ticks_remaining': 1}
2025-11-20 08:58:42,589 : INFO : EventManager : Event: ======'timer_attract_carousel_timer_tick'====== Args={'ticks': 0, 'ticks_remaining': 1}
2025-11-20 08:58:47,695 : INFO : Machine : Shutting down...
2025-11-20 08:58:47,695 : INFO : EventManager : Event: ======'shutdown'====== Args={}
2025-11-20 08:58:47,698 : INFO : root : MPF run loop ended.
