2025-12-27 21:39:30,869 : INFO : root : Loading config.
2025-12-27 21:39:30,874 : INFO : YamlMultifileConfigLoader : Machine config file #1: config.yaml
2025-12-27 21:39:30,875 : INFO : ConfigProcessor : Loading config from cache: C:\Users\White\AppData\Local\Temp\4d2409115979d2066280cf8a522910f3.mpf_cache
2025-12-27 21:39:30,876 : WARNING : ConfigProcessor : Config file in cache changed: C:\Users\White\documents\Top_Gun_Pinball\config\config_switches.yaml
2025-12-27 21:39:30,876 : INFO : ConfigProcessor : Loading config from file C:\Users\White\mpf\Lib\site-packages\mpf\mpfconfig.yaml.
2025-12-27 21:39:30,889 : INFO : ConfigProcessor : Loading config: C:\Users\White\mpf\Lib\site-packages\mpf\mpfconfig.yaml
2025-12-27 21:39:30,890 : INFO : ConfigProcessor : Loading config from file C:\Users\White\documents\Top_Gun_Pinball\config\config.yaml.
2025-12-27 21:39:30,892 : INFO : ConfigProcessor : Loading config: C:\Users\White\documents\Top_Gun_Pinball\config\config.yaml
2025-12-27 21:39:30,894 : INFO : ConfigProcessor : Loading config: C:\Users\White\documents\Top_Gun_Pinball\config\config_autofire_coils.yaml
2025-12-27 21:39:30,895 : INFO : ConfigProcessor : Loading config: C:\Users\White\documents\Top_Gun_Pinball\config\config_ball_devices.yaml
2025-12-27 21:39:30,904 : INFO : ConfigProcessor : Loading config: C:\Users\White\documents\Top_Gun_Pinball\config\config_coils.yaml
2025-12-27 21:39:30,906 : INFO : ConfigProcessor : Loading config: C:\Users\White\documents\Top_Gun_Pinball\config\config_flippers.yaml
2025-12-27 21:39:30,909 : INFO : ConfigProcessor : Loading config: C:\Users\White\documents\Top_Gun_Pinball\config\config_hardware_fast.yaml
2025-12-27 21:39:30,922 : INFO : ConfigProcessor : Loading config: C:\Users\White\documents\Top_Gun_Pinball\config\config_lights.yaml
2025-12-27 21:39:30,930 : INFO : ConfigProcessor : Loading config: C:\Users\White\documents\Top_Gun_Pinball\config\config_switches.yaml
2025-12-27 21:39:30,933 : INFO : ConfigProcessor : Loading config: C:\Users\White\documents\Top_Gun_Pinball\config\variable_player.yaml
2025-12-27 21:39:30,936 : INFO : ConfigProcessor : Loading config: C:\Users\White\documents\Top_Gun_Pinball\config\config_videos.yaml
2025-12-27 21:39:30,941 : INFO : ConfigProcessor : Config file cache created: C:\Users\White\AppData\Local\Temp\4d2409115979d2066280cf8a522910f3.mpf_cache
2025-12-27 21:39:31,072 : INFO : ConfigProcessor : Loading config from cache: C:\Users\White\AppData\Local\Temp\e29f700f4dd412c341ced84fe54a834e.mpf_cache
2025-12-27 21:39:31,073 : INFO : ConfigProcessor : Loading config from cache: C:\Users\White\AppData\Local\Temp\91cc4d1c993c58dc354e34974b9cfeac.mpf_cache
2025-12-27 21:39:31,074 : INFO : ConfigProcessor : Loading config from cache: C:\Users\White\AppData\Local\Temp\153a6f35d2fbc89e8611fc222f5041e6.mpf_cache
2025-12-27 21:39:31,075 : INFO : ConfigProcessor : Loading config from cache: C:\Users\White\AppData\Local\Temp\e29f700f4dd412c341ced84fe54a834e.mpf_cache
2025-12-27 21:39:31,075 : INFO : ConfigProcessor : Loading config from cache: C:\Users\White\AppData\Local\Temp\3424101e418333c494b4f7abb38a6bbc.mpf_cache
2025-12-27 21:39:31,077 : WARNING : ConfigProcessor : Config file in cache changed: C:\Users\White\documents\Top_Gun_Pinball\modes\battle_jester\config\battle_jester.yaml
2025-12-27 21:39:31,077 : INFO : ConfigProcessor : Loading config from file C:\Users\White\documents\Top_Gun_Pinball\modes\battle_jester\config\battle_jester.yaml.
2025-12-27 21:39:31,143 : INFO : ConfigProcessor : Loading config: C:\Users\White\documents\Top_Gun_Pinball\modes\battle_jester\config\battle_jester.yaml
2025-12-27 21:39:31,147 : INFO : ConfigProcessor : Config file cache created: C:\Users\White\AppData\Local\Temp\2baac919e756d495657c096c87a61da2.mpf_cache
2025-12-27 21:39:31,147 : INFO : ConfigProcessor : Loading config from cache: C:\Users\White\AppData\Local\Temp\515c33aaf7882d3e576ea3c42b7bfe2a.mpf_cache
2025-12-27 21:39:31,149 : INFO : ConfigProcessor : Loading config from cache: C:\Users\White\AppData\Local\Temp\928267ba5ce09cfb7bef110abe29482e.mpf_cache
2025-12-27 21:39:31,150 : INFO : ConfigProcessor : Loading config from cache: C:\Users\White\AppData\Local\Temp\143f2aa6ea6c447c37835b1fcf1e2392.mpf_cache
2025-12-27 21:39:31,151 : INFO : ConfigProcessor : Loading config from cache: C:\Users\White\AppData\Local\Temp\32a647433343f2a8dbd97369798bc91c.mpf_cache
2025-12-27 21:39:31,152 : INFO : ConfigProcessor : Loading config from cache: C:\Users\White\AppData\Local\Temp\fcd858616785c392a2718eef83d6bdec.mpf_cache
2025-12-27 21:39:31,167 : INFO : ConfigProcessor : Loading config from cache: C:\Users\White\AppData\Local\Temp\bc528c0552a0292e8ecb958c9df9be52.mpf_cache
2025-12-27 21:39:31,168 : WARNING : ConfigProcessor : Config file in cache changed: C:\Users\White\documents\Top_Gun_Pinball\modes\rescue_cougar\config\rescue_cougar.yaml
2025-12-27 21:39:31,168 : INFO : ConfigProcessor : Loading config from file C:\Users\White\documents\Top_Gun_Pinball\modes\rescue_cougar\config\rescue_cougar.yaml.
2025-12-27 21:39:31,204 : INFO : ConfigProcessor : Loading config: C:\Users\White\documents\Top_Gun_Pinball\modes\rescue_cougar\config\rescue_cougar.yaml
2025-12-27 21:39:31,206 : INFO : ConfigProcessor : Config file cache created: C:\Users\White\AppData\Local\Temp\079d5d4f78adbdc9511df3472695879d.mpf_cache
2025-12-27 21:39:31,207 : WARNING : ConfigProcessor : Config file in cache changed: C:\Users\White\documents\Top_Gun_Pinball\modes\rise_of_phoenix\config\rise_of_phoenix.yaml
2025-12-27 21:39:31,207 : INFO : ConfigProcessor : Loading config from file C:\Users\White\documents\Top_Gun_Pinball\modes\rise_of_phoenix\config\rise_of_phoenix.yaml.
2025-12-27 21:39:31,243 : INFO : ConfigProcessor : Loading config: C:\Users\White\documents\Top_Gun_Pinball\modes\rise_of_phoenix\config\rise_of_phoenix.yaml
2025-12-27 21:39:31,244 : INFO : ConfigProcessor : Config file cache created: C:\Users\White\AppData\Local\Temp\3d7624af3136b167d055570c605d2391.mpf_cache
2025-12-27 21:39:31,245 : INFO : ConfigProcessor : Loading config from cache: C:\Users\White\AppData\Local\Temp\cbf9c95ed33e797787d40a3c26fb1f29.mpf_cache
2025-12-27 21:39:31,245 : WARNING : ConfigProcessor : Config file in cache changed: C:\Users\White\documents\Top_Gun_Pinball\modes\pilot_mission_qualifier\config\pilot_mission_qualifier.yaml
2025-12-27 21:39:31,245 : INFO : ConfigProcessor : Loading config from file C:\Users\White\documents\Top_Gun_Pinball\modes\pilot_mission_qualifier\config\pilot_mission_qualifier.yaml.
2025-12-27 21:39:31,299 : INFO : ConfigProcessor : Loading config: C:\Users\White\documents\Top_Gun_Pinball\modes\pilot_mission_qualifier\config\pilot_mission_qualifier.yaml
2025-12-27 21:39:31,302 : INFO : ConfigProcessor : Config file cache created: C:\Users\White\AppData\Local\Temp\0f477732e86fa3539be0c16808cbc3a4.mpf_cache
2025-12-27 21:39:31,304 : INFO : ConfigProcessor : Loading config from cache: C:\Users\White\AppData\Local\Temp\5252be9889d0ea92e9251ccb139bb96e.mpf_cache
2025-12-27 21:39:31,307 : INFO : ConfigProcessor : Loading config from cache: C:\Users\White\AppData\Local\Temp\bbd12103fd66360c81da95fa3b5d5cac.mpf_cache
2025-12-27 21:39:31,310 : INFO : ConfigProcessor : Loading config from cache: C:\Users\White\AppData\Local\Temp\aecbb0084a39aaddc8e1af6d86d05e57.mpf_cache
2025-12-27 21:39:31,312 : INFO : ConfigProcessor : Loading config from cache: C:\Users\White\AppData\Local\Temp\a64c515fc9f6d1ba4d043d8acedc61d8.mpf_cache
2025-12-27 21:39:31,313 : INFO : ConfigProcessor : Loading config from cache: C:\Users\White\AppData\Local\Temp\157e473ad106aaf7621d4ff67f908349.mpf_cache
2025-12-27 21:39:31,315 : INFO : ConfigProcessor : Loading config from cache: C:\Users\White\AppData\Local\Temp\b42daedb456e388e83b54e0791e694a7.mpf_cache
2025-12-27 21:39:31,317 : INFO : ConfigProcessor : Loading config from cache: C:\Users\White\AppData\Local\Temp\faf1d2b55b8b754be547ffd9950d5977.mpf_cache
2025-12-27 21:39:31,318 : INFO : ConfigProcessor : Loading config from cache: C:\Users\White\AppData\Local\Temp\881befc175503515b6a677d4b92fd8f6.mpf_cache
2025-12-27 21:39:31,322 : INFO : ConfigProcessor : Loading config from cache: C:\Users\White\AppData\Local\Temp\e02fdb456b236b981c3cd16c62d08cdd.mpf_cache
2025-12-27 21:39:31,324 : INFO : ConfigProcessor : Loading config from cache: C:\Users\White\AppData\Local\Temp\60f49b772835308c8a63a813f3984bd2.mpf_cache
2025-12-27 21:39:31,325 : INFO : ConfigProcessor : Loading config from cache: C:\Users\White\AppData\Local\Temp\b44eabe64ef7d1af51d3871ffce6e8a0.mpf_cache
2025-12-27 21:39:31,328 : INFO : ConfigProcessor : Loading config from cache: C:\Users\White\AppData\Local\Temp\c53f4b0025ffe033d8b4913dcf5d894f.mpf_cache
2025-12-27 21:39:31,329 : INFO : ConfigProcessor : Loading config from cache: C:\Users\White\AppData\Local\Temp\859a13897bab67859dc37e71c8deb7f3.mpf_cache
2025-12-27 21:39:31,330 : INFO : ConfigProcessor : Loading config from cache: C:\Users\White\AppData\Local\Temp\1df928f99f2fd0a162eaba4dfecade40.mpf_cache
2025-12-27 21:39:31,330 : INFO : ConfigProcessor : Loading config from cache: C:\Users\White\AppData\Local\Temp\79c411a388f93dc9361da8ba68c71f8b.mpf_cache
2025-12-27 21:39:31,331 : INFO : ConfigProcessor : Loading config from cache: C:\Users\White\AppData\Local\Temp\a2e6743439269288443fc316af74c4e3.mpf_cache
2025-12-27 21:39:31,333 : INFO : ConfigProcessor : Loading config from cache: C:\Users\White\AppData\Local\Temp\806e2c11867b05313045539710e5cf3e.mpf_cache
2025-12-27 21:39:31,334 : INFO : ConfigProcessor : Loading config from cache: C:\Users\White\AppData\Local\Temp\d4cc51f9996852dab0efd4baeb323b9c.mpf_cache
2025-12-27 21:39:31,334 : INFO : Machine : Mission Pinball Framework Core Engine v0.80.0.dev9
2025-12-27 21:39:31,334 : INFO : Machine : Command line arguments: {'no_load_cache': False, 'create_config_cache': True, 'bcp': True, 'configfile': ['config.yaml'], 'force_assets_load': False, 'platform_integration_test': False, 'jsonlogging': False, 'logfile': 'logs\\2025-12-27-21-39-30-mpf-TopGunPinball.log', 'pause': False, 'production': False, 'text_ui': False, 'loglevel': 15, 'consoleloglevel': 20, 'force_platform': None, 'syslog_address': None, 'full_logfile_path': 'C:\\Users\\White\\documents\\Top_Gun_Pinball\\logs\\2025-12-27-21-39-30-mpf-TopGunPinball.log'}
2025-12-27 21:39:31,334 : INFO : Machine : MPF path: C:\Users\White\mpf\Lib\site-packages\mpf
2025-12-27 21:39:31,334 : INFO : Machine : Machine path: C:\Users\White\documents\Top_Gun_Pinball
2025-12-27 21:39:31,334 : INFO : Machine : Platform: win32
2025-12-27 21:39:31,334 : INFO : Machine : Python executable location: C:\Users\White\mpf\Scripts\python.exe
2025-12-27 21:39:31,335 : INFO : Machine : Python version: 3.12.7 (64-bit)
2025-12-27 21:39:31,338 : INFO : Machine : Initializing MPF...
2025-12-27 21:39:31,471 : INFO : FAST : Auto-detecting ports for the following connections: ['net', 'exp', 'aud']
2025-12-27 21:39:32,072 : INFO : FAST : Detected AUD on port COM7
2025-12-27 21:39:32,072 : INFO : FAST : Detected NET on port COM3
2025-12-27 21:39:32,120 : INFO : FAST : Detected EXP on port COM4
2025-12-27 21:39:32,231 : INFO : FAST [NET] : Trying to connect to COM3 at 921600bps
2025-12-27 21:39:32,308 : INFO : FAST [NET] : Connected to COM3 at 921600bps
2025-12-27 21:39:32,324 : INFO : FAST [NET] : Connected to FP-CPU-2000 with firmware v02.26
2025-12-27 21:39:32,355 : INFO : FAST [NET] : Registered I/O Board 0: Model: FP-I/O-0024, Firmware: 01.10, Switches: 24, Drivers: 8
2025-12-27 21:39:32,371 : INFO : FAST [NET] : Registered I/O Board 1: Model: FP-I/O-3208, Firmware: 01.10, Switches: 32, Drivers: 8
2025-12-27 21:39:32,387 : INFO : FAST [NET] : Registered I/O Board 2: Model: FP-I/O-3208, Firmware: 01.10, Switches: 32, Drivers: 8
2025-12-27 21:39:32,402 : INFO : FAST [NET] : Registered I/O Board 3: Model: FP-I/O-0804, Firmware: 01.10, Switches: 8, Drivers: 4
2025-12-27 21:39:32,418 : INFO : FAST [NET] : Registered I/O Board 4: Model: FP-I/O-0804, Firmware: 01.10, Switches: 8, Drivers: 4
2025-12-27 21:39:32,421 : INFO : FAST [EXP] : Trying to connect to COM4 at 921600bps
2025-12-27 21:39:32,499 : INFO : FAST [EXP] : Connected to COM4 at 921600bps
2025-12-27 21:39:32,510 : INFO : FAST [EXP] : Verifying hardware for EXP "neuron" (FP-EXP-2000, @48) with ID string "EXP FP-EXP-2000  0.38", board address 48
2025-12-27 21:39:32,527 : INFO : FAST [EXP] : Verifying hardware for EXP "neuron" (FP-EXP-2000, @48) with ID string "LED FP-BRK-0001  0.8", board address 480
2025-12-27 21:39:32,558 : INFO : FAST [EXP] : Verifying hardware for EXP "light_expansion_board" (FP-EXP-0071, @B4) with ID string "EXP FP-EXP-0071  0.38", board address B4
2025-12-27 21:39:32,574 : INFO : FAST [EXP] : Verifying hardware for EXP "light_expansion_board" (FP-EXP-0071, @B4) with ID string "BRK FP-EXP-0071  0.38", board address B40
2025-12-27 21:39:32,592 : INFO : FAST [AUD] : Trying to connect to COM7 at 230400bps
2025-12-27 21:39:32,740 : INFO : FAST [AUD] : Connected to COM7 at 230400bps
2025-12-27 21:39:32,742 : WARNING : FAST [AUD] : Received XX response:F
2025-12-27 21:39:32,742 : WARNING : FAST [AUD] : Received XX response:F
2025-12-27 21:39:32,742 : WARNING : FAST [AUD] : Received XX response:F
2025-12-27 21:39:32,742 : WARNING : FAST [AUD] : Received XX response:F
2025-12-27 21:39:32,743 : INFO : FAST [AUD] : Connected to FP-AUD-0099 with firmware v0.10
2025-12-27 21:39:32,743 : INFO : EventManager : Event: ======'machine_var_credits_string'====== Args={'value': 'FREE PLAY', 'prev_value': None, 'change': True}
2025-12-27 21:39:32,774 : INFO : EventManager : Event: ======'machine_var_fast_audio_headphones_volume'====== Args={'value': 20, 'prev_value': None, 'change': True}
2025-12-27 21:39:32,774 : INFO : EventManager : Event: ======'machine_var_fast_audio_main_volume'====== Args={'value': 20, 'prev_value': None, 'change': True}
2025-12-27 21:39:32,774 : INFO : EventManager : Event: ======'machine_var_master_volume'====== Args={'value': 0.5, 'prev_value': None, 'change': True}
2025-12-27 21:39:32,775 : INFO : EventManager : Event: ======'machine_var_player1_score'====== Args={'value': 571900, 'prev_value': None, 'change': True}
2025-12-27 21:39:32,775 : INFO : EventManager : Event: ======'machine_var_mpf_version'====== Args={'value': 'Mission Pinball Framework v0.80.0.dev9', 'prev_value': None, 'change': True}
2025-12-27 21:39:32,775 : INFO : EventManager : Event: ======'machine_var_mpf_extended_version'====== Args={'value': 'Mission Pinball Framework v0.80.0.dev9, Config version:6, Show version: 6, BCP version:1.1', 'prev_value': None, 'change': True}
2025-12-27 21:39:32,777 : INFO : EventManager : Event: ======'machine_var_python_version'====== Args={'value': '3.12.7', 'prev_value': None, 'change': True}
2025-12-27 21:39:32,940 : INFO : EventManager : Event: ======'machine_var_platform'====== Args={'value': 'Windows-11-10.0.26100-SP0', 'prev_value': None, 'change': True}
2025-12-27 21:39:32,942 : INFO : EventManager : Event: ======'machine_var_platform_system'====== Args={'value': 'Windows', 'prev_value': None, 'change': True}
2025-12-27 21:39:32,942 : INFO : EventManager : Event: ======'machine_var_platform_release'====== Args={'value': '11', 'prev_value': None, 'change': True}
2025-12-27 21:39:32,942 : INFO : EventManager : Event: ======'machine_var_platform_version'====== Args={'value': '10.0.26100', 'prev_value': None, 'change': True}
2025-12-27 21:39:32,942 : INFO : EventManager : Event: ======'machine_var_platform_machine'====== Args={'value': 'AMD64', 'prev_value': None, 'change': True}
2025-12-27 21:39:32,942 : INFO : EventManager : Event: ======'machine_var_log_file_path'====== Args={'value': 'C:\\Users\\White\\documents\\Top_Gun_Pinball\\logs\\2025-12-27-21-39-30-mpf-TopGunPinball.log', 'prev_value': None, 'change': True}
2025-12-27 21:39:32,942 : INFO : EventManager : Event: ======'init_phase_1'====== Args={}
2025-12-27 21:39:37,342 : INFO : SwitchController : <<<<<<< 's_coin_door' active >>>>>>>
2025-12-27 21:39:37,342 : INFO : SwitchController : <<<<<<< 's_trough_1' active >>>>>>>
2025-12-27 21:39:37,342 : INFO : SwitchController : <<<<<<< 's_trough_2' active >>>>>>>
2025-12-27 21:39:37,343 : INFO : SwitchController : <<<<<<< 's_trough_3' active >>>>>>>
2025-12-27 21:39:37,343 : INFO : SwitchController : <<<<<<< 's_trough_4' active >>>>>>>
2025-12-27 21:39:37,343 : INFO : SwitchController : <<<<<<< 's_trough_5' active >>>>>>>
2025-12-27 21:39:37,343 : INFO : SwitchController : <<<<<<< 's_trough_6' active >>>>>>>
2025-12-27 21:39:37,377 : INFO : EventManager : Event: ======'init_phase_2'====== Args={}
2025-12-27 21:39:37,378 : INFO : SwitchController : Found active switch: (0, [FAST Platform Interface]) <switch.s_coin_door>
2025-12-27 21:39:37,378 : INFO : SwitchController : Found active switch: (24, [FAST Platform Interface]) <switch.s_trough_1>
2025-12-27 21:39:37,378 : INFO : SwitchController : Found active switch: (25, [FAST Platform Interface]) <switch.s_trough_2>
2025-12-27 21:39:37,378 : INFO : SwitchController : Found active switch: (26, [FAST Platform Interface]) <switch.s_trough_3>
2025-12-27 21:39:37,378 : INFO : SwitchController : Found active switch: (27, [FAST Platform Interface]) <switch.s_trough_4>
2025-12-27 21:39:37,378 : INFO : SwitchController : Found active switch: (28, [FAST Platform Interface]) <switch.s_trough_5>
2025-12-27 21:39:37,378 : INFO : SwitchController : Found active switch: (29, [FAST Platform Interface]) <switch.s_trough_6>
2025-12-27 21:39:37,455 : INFO : EventManager : Event: ======'bcp_connection_attempt'====== Args={'name': 'local_display', 'host': 'localhost', 'port': 5050}
2025-12-27 21:39:37,456 : INFO : BCPClientSocket : Connecting BCP to 'local_display' at localhost:5050...
2025-12-27 21:39:37,470 : INFO : BCPClientSocket : Connected BCP to 'local_display' localhost:5050
2025-12-27 21:39:37,470 : INFO : EventManager : Event: ======'bcp_clients_connected'====== Args={}
2025-12-27 21:39:37,471 : INFO : ball_device.bd_plunger : BCH: Initial count: 0
2025-12-27 21:39:37,472 : INFO : ball_device.bd_plunger : State: idle
2025-12-27 21:39:37,656 : INFO : ball_device.bd_trough : BCH: Initial count: 6
2025-12-27 21:39:37,656 : INFO : ball_device.bd_trough : State: idle
2025-12-27 21:39:37,657 : INFO : ball_device.bd_lock_elevator : BCH: Initial count: 0
2025-12-27 21:39:37,658 : INFO : ball_device.bd_lock_elevator : State: idle
2025-12-27 21:39:37,658 : INFO : ball_device.bd_mode_scoop : BCH: Initial count: 0
2025-12-27 21:39:37,658 : INFO : ball_device.bd_mode_scoop : State: idle
2025-12-27 21:39:37,688 : INFO : EventManager : Event: ======'init_phase_3'====== Args={}
2025-12-27 21:39:39,007 : INFO : EventManager : Event: ======'init_phase_4'====== Args={}
2025-12-27 21:39:39,008 : INFO : BallController : Initial balls found: 6
2025-12-27 21:39:39,009 : ERROR : asyncio : Exception in callback EventManager._queue_task_done(<Task finishe...per_center>')>)
handle: <Handle EventManager._queue_task_done(<Task finishe...per_center>')>)>
Traceback (most recent call last):
  File "C:\Users\White\AppData\Local\Programs\Python\Python312\Lib\asyncio\events.py", line 88, in _run
    self._context.run(self._callback, *self._args)
  File "C:\Users\White\mpf\Lib\site-packages\mpf\core\events.py", line 795, in _queue_task_done
    future.result()
  File "C:\Users\White\mpf\Lib\site-packages\mpf\core\events.py", line 708, in _run_handlers_sequential
    handler.callback(queue=queue, **merged_kwargs)
  File "C:\Users\White\mpf\Lib\site-packages\mpf\devices\switch.py", line 81, in _check_duplicate_switch_numbers
    raise AssertionError(
AssertionError: Duplicate switch number 65 for switch <switch.s_bumper_center>
2025-12-27 21:39:39,074 : INFO : Machine : Starting the main run loop with active modes: []
2025-12-27 21:39:39,074 : WARNING : Machine : Attract mode is not active, game will not be playable. Please check your attract mode configuration.
2025-12-27 21:39:39,075 : INFO : Machine : Shutting down...
2025-12-27 21:39:39,075 : INFO : EventManager : Event: ======'shutdown'====== Args={}
2025-12-27 21:39:40,173 : ERROR : Machine : Runtime Exception
Traceback (most recent call last):
  File "C:\Users\White\mpf\Lib\site-packages\mpf\core\machine.py", line 808, in _run_loop
    raise self._exception['exception']
  File "C:\Users\White\AppData\Local\Programs\Python\Python312\Lib\asyncio\events.py", line 88, in _run
    self._context.run(self._callback, *self._args)
  File "C:\Users\White\mpf\Lib\site-packages\mpf\core\events.py", line 795, in _queue_task_done
    future.result()
  File "C:\Users\White\mpf\Lib\site-packages\mpf\core\events.py", line 708, in _run_handlers_sequential
    handler.callback(queue=queue, **merged_kwargs)
  File "C:\Users\White\mpf\Lib\site-packages\mpf\devices\switch.py", line 81, in _check_duplicate_switch_numbers
    raise AssertionError(
AssertionError: Duplicate switch number 65 for switch <switch.s_bumper_center>
2025-12-27 21:39:40,201 : INFO : root : MPF run loop ended.
