2025-08-31 16:45:50,516 : INFO : root : Loading config.
2025-08-31 16:45:50,519 : INFO : YamlMultifileConfigLoader : Machine config file #1: config.yaml
2025-08-31 16:45:50,520 : INFO : ConfigProcessor : Loading config from cache: C:\Users\White\AppData\Local\Temp\cfa6ecba65704a931c9dd214c44986c8.mpf_cache
2025-08-31 16:45:50,620 : DEBUG : YamlMultifileConfigLoader : Loading mode attract from C:\Users\White\mpf\Lib\site-packages\mpf\modes\attract\config\attract.yaml
2025-08-31 16:45:50,621 : DEBUG : YamlMultifileConfigLoader : Loading mode attract from C:\Users\White\mpf\Lib\site-packages\mpf\modes\attract\config\attract.yaml
2025-08-31 16:45:50,621 : INFO : ConfigProcessor : Loading config from cache: C:\Users\White\AppData\Local\Temp\f98ffc0ff5962effface7d86bc406d5c.mpf_cache
2025-08-31 16:45:50,621 : DEBUG : YamlMultifileConfigLoader : Loading mode game from C:\Users\White\mpf\Lib\site-packages\mpf\modes\game\config\game.yaml
2025-08-31 16:45:50,622 : INFO : ConfigProcessor : Loading config from cache: C:\Users\White\AppData\Local\Temp\91cc4d1c993c58dc354e34974b9cfeac.mpf_cache
2025-08-31 16:45:50,622 : DEBUG : YamlMultifileConfigLoader : Loading mode attract from C:\Users\White\mpf\Lib\site-packages\mpf\modes\attract\config\attract.yaml
2025-08-31 16:45:50,622 : DEBUG : YamlMultifileConfigLoader : Loading mode attract from C:\Users\White\mpf\Lib\site-packages\mpf\modes\attract\config\attract.yaml
2025-08-31 16:45:50,623 : INFO : ConfigProcessor : Loading config from cache: C:\Users\White\AppData\Local\Temp\f98ffc0ff5962effface7d86bc406d5c.mpf_cache
2025-08-31 16:45:50,623 : DEBUG : YamlMultifileConfigLoader : Loading mode base from C:\Users\White\mpf\Lib\site-packages\mpf\modes\base\config\base.yaml
2025-08-31 16:45:50,623 : INFO : ConfigProcessor : Loading config from cache: C:\Users\White\AppData\Local\Temp\76792f1d686f89709887dba7bd69667a.mpf_cache
2025-08-31 16:45:50,624 : DEBUG : YamlMultifileConfigLoader : Loading mode bumpers from C:\Users\White\mpf\Lib\site-packages\mpf\modes\bumpers\config\bumpers.yaml
2025-08-31 16:45:50,624 : INFO : ConfigProcessor : Loading config from cache: C:\Users\White\AppData\Local\Temp\142bbae4707335cc8e3efaa4364c4893.mpf_cache
2025-08-31 16:45:50,625 : INFO : Machine : Mission Pinball Framework Core Engine v0.80.0.dev9
2025-08-31 16:45:50,625 : INFO : Machine : Command line arguments: {'no_load_cache': False, 'create_config_cache': True, 'bcp': True, 'configfile': ['config.yaml'], 'force_assets_load': False, 'platform_integration_test': False, 'jsonlogging': False, 'logfile': 'logs\\2025-08-31-16-45-50-mpf-TopGunPinball.log', 'pause': False, 'production': False, 'text_ui': False, 'loglevel': 10, 'consoleloglevel': 20, 'force_platform': None, 'syslog_address': None, 'full_logfile_path': 'C:\\Users\\White\\Documents\\Top_Gun_Pinball\\logs\\2025-08-31-16-45-50-mpf-TopGunPinball.log'}
2025-08-31 16:45:50,625 : INFO : Machine : MPF path: C:\Users\White\mpf\Lib\site-packages\mpf
2025-08-31 16:45:50,625 : INFO : Machine : Machine path: C:\Users\White\Documents\Top_Gun_Pinball
2025-08-31 16:45:50,625 : INFO : Machine : Platform: win32
2025-08-31 16:45:50,625 : INFO : Machine : Python executable location: C:\Users\White\mpf\Scripts\python.exe
2025-08-31 16:45:50,625 : INFO : Machine : Python version: 3.12.7 (64-bit)
2025-08-31 16:45:50,626 : DEBUG : asyncio : Using proactor: IocpProactor
2025-08-31 16:45:50,627 : INFO : Machine : Initializing MPF...
2025-08-31 16:45:50,704 : DEBUG : TextUi : Text UI is disabled. TUI option setting: False, Asciimatics loaded: <class 'asciimatics.scene.Scene'>
2025-08-31 16:45:50,718 : INFO : EventManager : Event: ======'machine_var_credits_string'====== Args={'value': 'FREE PLAY', 'prev_value': None, 'change': True}
2025-08-31 16:45:50,741 : INFO : EventManager : Event: ======'machine_var_master_volume'====== Args={'value': 0.5, 'prev_value': None, 'change': True}
2025-08-31 16:45:50,741 : INFO : EventManager : Event: ======'machine_var_mpf_version'====== Args={'value': 'Mission Pinball Framework v0.80.0.dev9', 'prev_value': None, 'change': True}
2025-08-31 16:45:50,741 : INFO : EventManager : Event: ======'machine_var_mpf_extended_version'====== Args={'value': 'Mission Pinball Framework v0.80.0.dev9, Config version:6, Show version: 6, BCP version:1.1', 'prev_value': None, 'change': True}
2025-08-31 16:45:50,741 : INFO : EventManager : Event: ======'machine_var_python_version'====== Args={'value': '3.12.7', 'prev_value': None, 'change': True}
2025-08-31 16:45:50,822 : INFO : EventManager : Event: ======'machine_var_platform'====== Args={'value': 'Windows-11-10.0.26100-SP0', 'prev_value': None, 'change': True}
2025-08-31 16:45:50,822 : INFO : EventManager : Event: ======'machine_var_platform_system'====== Args={'value': 'Windows', 'prev_value': None, 'change': True}
2025-08-31 16:45:50,822 : INFO : EventManager : Event: ======'machine_var_platform_release'====== Args={'value': '11', 'prev_value': None, 'change': True}
2025-08-31 16:45:50,822 : INFO : EventManager : Event: ======'machine_var_platform_version'====== Args={'value': '10.0.26100', 'prev_value': None, 'change': True}
2025-08-31 16:45:50,822 : INFO : EventManager : Event: ======'machine_var_platform_machine'====== Args={'value': 'AMD64', 'prev_value': None, 'change': True}
2025-08-31 16:45:50,823 : INFO : EventManager : Event: ======'machine_var_log_file_path'====== Args={'value': 'C:\\Users\\White\\Documents\\Top_Gun_Pinball\\logs\\2025-08-31-16-45-50-mpf-TopGunPinball.log', 'prev_value': None, 'change': True}
2025-08-31 16:45:50,823 : INFO : EventManager : Event: ======'init_phase_1'====== Args={}
2025-08-31 16:45:50,829 : DEBUG : ModeController : Loaded mode attract
2025-08-31 16:45:50,829 : DEBUG : ModeController : Loaded mode bumpers
2025-08-31 16:45:50,829 : DEBUG : ModeController : Loaded mode base
2025-08-31 16:45:50,835 : DEBUG : ModeController : Loaded mode game
2025-08-31 16:45:50,842 : DEBUG : ball_device.bd_trough : Configuring device with settings: '{'ball_switches': 's_trough_1, s_trough_2, s_trough_3, s_trough_4, s_trough_5, s_trough_6, s_jam', 'jam_switch': 's_jam', 'eject_coil_jam_pulse': '5ms', 'eject_coil': 'c_trough_eject', 'eject_targets': [<ball_device.bd_plunger>], 'eject_timeouts': [3000], 'tags': ['trough', 'home', 'drain'], 'debug': True, 'label': '%', 'console_log': 'full', 'file_log': 'full', 'entrance_events': {}, 'idle_missing_ball_timeout': 5.0, 'confirm_eject_type': 'target', 'captures_from': <playfield.playfield>, 'ball_missing_timeouts': [], 'ball_missing_target': <playfield.playfield>, 'confirm_eject_switch': None, 'confirm_eject_event': None, 'max_eject_attempts': 0, 'request_ball_events': {}, 'eject_events': {}, 'eject_all_events': {}, 'mechanical_eject': False, 'player_controlled_eject_event': None, 'ball_search_order': 200, 'auto_fire_on_unexpected_ball': True, 'target_on_unexpected_ball': None}'
2025-08-31 16:45:50,847 : INFO : EventManager : Event: ======'init_phase_2'====== Args={}
2025-08-31 16:45:50,847 : INFO : SwitchController : Found active switch: (1007, <Platform.SmartVirtual>) <switch.s_trough_1>
2025-08-31 16:45:50,847 : INFO : SwitchController : Found active switch: (1008, <Platform.SmartVirtual>) <switch.s_trough_2>
2025-08-31 16:45:50,847 : INFO : SwitchController : Found active switch: (1009, <Platform.SmartVirtual>) <switch.s_trough_3>
2025-08-31 16:45:50,847 : INFO : SwitchController : Found active switch: (1010, <Platform.SmartVirtual>) <switch.s_trough_4>
2025-08-31 16:45:50,847 : INFO : SwitchController : Found active switch: (1011, <Platform.SmartVirtual>) <switch.s_trough_5>
2025-08-31 16:45:50,847 : INFO : SwitchController : Found active switch: (1012, <Platform.SmartVirtual>) <switch.s_trough_6>
2025-08-31 16:45:50,849 : INFO : EventManager : Event: ======'bcp_connection_attempt'====== Args={'name': 'local_display', 'host': 'localhost', 'port': 5050}
2025-08-31 16:45:50,851 : INFO : BCPClientSocket : Connecting BCP to 'local_display' at localhost:5050...
2025-08-31 16:45:50,862 : INFO : BCPClientSocket : Connected BCP to 'local_display' localhost:5050
2025-08-31 16:45:50,862 : INFO : EventManager : Event: ======'bcp_clients_connected'====== Args={}
2025-08-31 16:45:50,863 : INFO : ball_device.bd_plunger : BCH: Initial count: 0
2025-08-31 16:45:50,863 : INFO : ball_device.bd_plunger : State: idle
2025-08-31 16:45:50,863 : DEBUG : ball_device.bd_trough : SC: Counted 6 balls. Active switches: [<switch.s_trough_5>, <switch.s_trough_4>, <switch.s_trough_3>, <switch.s_trough_2>, <switch.s_trough_1>, <switch.s_trough_6>]. Old: None
2025-08-31 16:45:50,863 : DEBUG : ball_device.bd_trough : SC: New count 6 last: None
2025-08-31 16:45:50,863 : INFO : ball_device.bd_trough : BCH: Initial count: 6
2025-08-31 16:45:50,863 : INFO : ball_device.bd_trough : State: idle
2025-08-31 16:45:50,863 : DEBUG : ball_device.bd_trough : Waiting for eject request.
2025-08-31 16:45:50,866 : DEBUG : YAML File Interface : Loading file: C:\Users\White\Documents\Top_Gun_Pinball\data/audits.yaml
2025-08-31 16:45:50,873 : DEBUG : Machine : "info_lights:" section not found in machine configuration, so the InfoLights will not be used.
2025-08-31 16:45:50,874 : DEBUG : Machine : "switch_player:" section not found in machine configuration, so the SwitchPlayer will not be used.
2025-08-31 16:45:50,877 : DEBUG : Machine : "twitch_client:" section not found in machine configuration, so the TwitchBot will not be used.
2025-08-31 16:45:50,877 : DEBUG : Machine : "virtual_segment_display_connector:" section not found in machine configuration, so the VirtualSegmentDisplayConnector will not be used.
2025-08-31 16:45:50,877 : INFO : EventManager : Event: ======'init_phase_3'====== Args={}
2025-08-31 16:45:50,878 : DEBUG : ShowController : Loading show: flash
2025-08-31 16:45:50,878 : DEBUG : ShowController : Loading show: on
2025-08-31 16:45:50,878 : DEBUG : ShowController : Loading show: off
2025-08-31 16:45:50,878 : DEBUG : ShowController : Loading show: led_color
2025-08-31 16:45:50,879 : DEBUG : ShowController : Loading show: bl_color
2025-08-31 16:45:50,879 : DEBUG : ShowController : Loading show: flash_color
2025-08-31 16:45:50,879 : INFO : EventManager : Event: ======'init_phase_4'====== Args={}
2025-08-31 16:45:50,880 : DEBUG : ball_device.bd_trough : SC: Counted 6 balls. Active switches: [<switch.s_trough_5>, <switch.s_trough_4>, <switch.s_trough_3>, <switch.s_trough_2>, <switch.s_trough_1>, <switch.s_trough_6>]. Old: 6
2025-08-31 16:45:50,880 : INFO : BallController : Initial balls found: 6
2025-08-31 16:45:50,882 : INFO : EventManager : Event: ======'machine_var_audits_events_game_ended'====== Args={'value': 0, 'prev_value': None, 'change': True}
2025-08-31 16:45:50,882 : INFO : EventManager : Event: ======'machine_var_audits_events_game_started'====== Args={'value': 73, 'prev_value': None, 'change': True}
2025-08-31 16:45:50,882 : INFO : EventManager : Event: ======'machine_var_audits_missing_switches_s_a_iceman_target'====== Args={'value': 22, 'prev_value': None, 'change': True}
2025-08-31 16:45:50,882 : INFO : EventManager : Event: ======'machine_var_audits_missing_switches_s_barrier_target'====== Args={'value': 22, 'prev_value': None, 'change': True}
2025-08-31 16:45:50,882 : INFO : EventManager : Event: ======'machine_var_audits_missing_switches_s_c_iceman_target'====== Args={'value': 22, 'prev_value': None, 'change': True}
2025-08-31 16:45:50,882 : INFO : EventManager : Event: ======'machine_var_audits_missing_switches_s_c_lock_target'====== Args={'value': 22, 'prev_value': None, 'change': True}
2025-08-31 16:45:50,882 : INFO : EventManager : Event: ======'machine_var_audits_missing_switches_s_e_iceman_target'====== Args={'value': 22, 'prev_value': None, 'change': True}
2025-08-31 16:45:50,882 : INFO : EventManager : Event: ======'machine_var_audits_missing_switches_s_flight_gear_target'====== Args={'value': 22, 'prev_value': None, 'change': True}
2025-08-31 16:45:50,882 : INFO : EventManager : Event: ======'machine_var_audits_missing_switches_s_flipper_left'====== Args={'value': 18, 'prev_value': None, 'change': True}
2025-08-31 16:45:50,882 : INFO : EventManager : Event: ======'machine_var_audits_missing_switches_s_flipper_left_eos'====== Args={'value': 20, 'prev_value': None, 'change': True}
2025-08-31 16:45:50,882 : INFO : EventManager : Event: ======'machine_var_audits_missing_switches_s_flipper_left_upper'====== Args={'value': 22, 'prev_value': None, 'change': True}
2025-08-31 16:45:50,882 : INFO : EventManager : Event: ======'machine_var_audits_missing_switches_s_flipper_left_upper_eos'====== Args={'value': 20, 'prev_value': None, 'change': True}
2025-08-31 16:45:50,883 : INFO : EventManager : Event: ======'machine_var_audits_missing_switches_s_flipper_right'====== Args={'value': 18, 'prev_value': None, 'change': True}
2025-08-31 16:45:50,883 : INFO : EventManager : Event: ======'machine_var_audits_missing_switches_s_flipper_right_eos'====== Args={'value': 20, 'prev_value': None, 'change': True}
2025-08-31 16:45:50,883 : INFO : EventManager : Event: ======'machine_var_audits_missing_switches_s_i_iceman_target'====== Args={'value': 22, 'prev_value': None, 'change': True}
2025-08-31 16:45:50,883 : INFO : EventManager : Event: ======'machine_var_audits_missing_switches_s_inlane_left'====== Args={'value': 22, 'prev_value': None, 'change': True}
2025-08-31 16:45:50,883 : INFO : EventManager : Event: ======'machine_var_audits_missing_switches_s_inner_inlane_right'====== Args={'value': 22, 'prev_value': None, 'change': True}
2025-08-31 16:45:50,883 : INFO : EventManager : Event: ======'machine_var_audits_missing_switches_s_jam'====== Args={'value': 73, 'prev_value': None, 'change': True}
2025-08-31 16:45:50,883 : INFO : EventManager : Event: ======'machine_var_audits_missing_switches_s_k_lock_target'====== Args={'value': 22, 'prev_value': None, 'change': True}
2025-08-31 16:45:50,883 : INFO : EventManager : Event: ======'machine_var_audits_missing_switches_s_l_lock_target'====== Args={'value': 22, 'prev_value': None, 'change': True}
2025-08-31 16:45:50,883 : INFO : EventManager : Event: ======'machine_var_audits_missing_switches_s_lane_left'====== Args={'value': 72, 'prev_value': None, 'change': True}
2025-08-31 16:45:50,883 : INFO : EventManager : Event: ======'machine_var_audits_missing_switches_s_lane_right'====== Args={'value': 22, 'prev_value': None, 'change': True}
2025-08-31 16:45:50,883 : INFO : EventManager : Event: ======'machine_var_audits_missing_switches_s_lock_goose'====== Args={'value': 22, 'prev_value': None, 'change': True}
2025-08-31 16:45:50,883 : INFO : EventManager : Event: ======'machine_var_audits_missing_switches_s_lock_mav'====== Args={'value': 22, 'prev_value': None, 'change': True}
2025-08-31 16:45:50,883 : INFO : EventManager : Event: ======'machine_var_audits_missing_switches_s_lock_plunger'====== Args={'value': 22, 'prev_value': None, 'change': True}
2025-08-31 16:45:50,883 : INFO : EventManager : Event: ======'machine_var_audits_missing_switches_s_m_iceman_target'====== Args={'value': 22, 'prev_value': None, 'change': True}
2025-08-31 16:45:50,883 : INFO : EventManager : Event: ======'machine_var_audits_missing_switches_s_mig_lane_left'====== Args={'value': 22, 'prev_value': None, 'change': True}
2025-08-31 16:45:50,884 : INFO : EventManager : Event: ======'machine_var_audits_missing_switches_s_mig_lane_right'====== Args={'value': 22, 'prev_value': None, 'change': True}
2025-08-31 16:45:50,884 : INFO : EventManager : Event: ======'machine_var_audits_missing_switches_s_mode_start'====== Args={'value': 22, 'prev_value': None, 'change': True}
2025-08-31 16:45:50,884 : INFO : EventManager : Event: ======'machine_var_audits_missing_switches_s_n_iceman_target'====== Args={'value': 22, 'prev_value': None, 'change': True}
2025-08-31 16:45:50,884 : INFO : EventManager : Event: ======'machine_var_audits_missing_switches_s_o_lock_target'====== Args={'value': 22, 'prev_value': None, 'change': True}
2025-08-31 16:45:50,884 : INFO : EventManager : Event: ======'machine_var_audits_missing_switches_s_orbit_left'====== Args={'value': 16, 'prev_value': None, 'change': True}
2025-08-31 16:45:50,884 : INFO : EventManager : Event: ======'machine_var_audits_missing_switches_s_orbit_lower'====== Args={'value': 22, 'prev_value': None, 'change': True}
2025-08-31 16:45:50,884 : INFO : EventManager : Event: ======'machine_var_audits_missing_switches_s_orbit_right'====== Args={'value': 22, 'prev_value': None, 'change': True}
2025-08-31 16:45:50,884 : INFO : EventManager : Event: ======'machine_var_audits_missing_switches_s_orbit_upper'====== Args={'value': 22, 'prev_value': None, 'change': True}
2025-08-31 16:45:50,884 : INFO : EventManager : Event: ======'machine_var_audits_missing_switches_s_outer_inlane_right'====== Args={'value': 22, 'prev_value': None, 'change': True}
2025-08-31 16:45:50,884 : INFO : EventManager : Event: ======'machine_var_audits_missing_switches_s_outlane_left'====== Args={'value': 22, 'prev_value': None, 'change': True}
2025-08-31 16:45:50,884 : INFO : EventManager : Event: ======'machine_var_audits_missing_switches_s_outlane_right'====== Args={'value': 22, 'prev_value': None, 'change': True}
2025-08-31 16:45:50,884 : INFO : EventManager : Event: ======'machine_var_audits_missing_switches_s_plunger_lane'====== Args={'value': 73, 'prev_value': None, 'change': True}
2025-08-31 16:45:50,884 : INFO : EventManager : Event: ======'machine_var_audits_missing_switches_s_ramp_inner_exit'====== Args={'value': 22, 'prev_value': None, 'change': True}
2025-08-31 16:45:50,884 : INFO : EventManager : Event: ======'machine_var_audits_missing_switches_s_ramp_left_exit'====== Args={'value': 22, 'prev_value': None, 'change': True}
2025-08-31 16:45:50,884 : INFO : EventManager : Event: ======'machine_var_audits_missing_switches_s_ramp_right_exit'====== Args={'value': 22, 'prev_value': None, 'change': True}
2025-08-31 16:45:50,884 : INFO : EventManager : Event: ======'machine_var_audits_missing_switches_s_ramp_tower_exit'====== Args={'value': 22, 'prev_value': None, 'change': True}
2025-08-31 16:45:50,884 : INFO : EventManager : Event: ======'machine_var_audits_missing_switches_s_slingshot_left'====== Args={'value': 22, 'prev_value': None, 'change': True}
2025-08-31 16:45:50,884 : INFO : EventManager : Event: ======'machine_var_audits_missing_switches_s_slingshot_right'====== Args={'value': 22, 'prev_value': None, 'change': True}
2025-08-31 16:45:50,884 : INFO : EventManager : Event: ======'machine_var_audits_missing_switches_s_spinner'====== Args={'value': 22, 'prev_value': None, 'change': True}
2025-08-31 16:45:50,884 : INFO : EventManager : Event: ======'machine_var_audits_missing_switches_s_trough_1'====== Args={'value': 73, 'prev_value': None, 'change': True}
2025-08-31 16:45:50,885 : INFO : EventManager : Event: ======'machine_var_audits_missing_switches_s_trough_2'====== Args={'value': 73, 'prev_value': None, 'change': True}
2025-08-31 16:45:50,885 : INFO : EventManager : Event: ======'machine_var_audits_missing_switches_s_trough_3'====== Args={'value': 73, 'prev_value': None, 'change': True}
2025-08-31 16:45:50,885 : INFO : EventManager : Event: ======'machine_var_audits_missing_switches_s_trough_4'====== Args={'value': 73, 'prev_value': None, 'change': True}
2025-08-31 16:45:50,885 : INFO : EventManager : Event: ======'machine_var_audits_missing_switches_s_trough_5'====== Args={'value': 73, 'prev_value': None, 'change': True}
2025-08-31 16:45:50,885 : INFO : EventManager : Event: ======'machine_var_audits_missing_switches_s_trough_6'====== Args={'value': 73, 'prev_value': None, 'change': True}
2025-08-31 16:45:50,885 : INFO : EventManager : Event: ======'machine_var_audits_player_score'====== Args={'value': {'average': 0, 'top': [], 'total': 0}, 'prev_value': None, 'change': True}
2025-08-31 16:45:50,885 : INFO : EventManager : Event: ======'machine_var_audits_shots_bumper_center'====== Args={'value': 218, 'prev_value': None, 'change': True}
2025-08-31 16:45:50,885 : INFO : EventManager : Event: ======'machine_var_audits_shots_bumper_left'====== Args={'value': 223, 'prev_value': None, 'change': True}
2025-08-31 16:45:50,885 : INFO : EventManager : Event: ======'machine_var_audits_shots_bumper_right'====== Args={'value': 219, 'prev_value': None, 'change': True}
2025-08-31 16:45:50,885 : INFO : EventManager : Event: ======'machine_var_audits_switches_s_a_iceman_target'====== Args={'value': 0, 'prev_value': None, 'change': True}
2025-08-31 16:45:50,885 : INFO : EventManager : Event: ======'machine_var_audits_switches_s_barrier_target'====== Args={'value': 0, 'prev_value': None, 'change': True}
2025-08-31 16:45:50,885 : INFO : EventManager : Event: ======'machine_var_audits_switches_s_bumper_center'====== Args={'value': 218, 'prev_value': None, 'change': True}
2025-08-31 16:45:50,885 : INFO : EventManager : Event: ======'machine_var_audits_switches_s_bumper_left'====== Args={'value': 223, 'prev_value': None, 'change': True}
2025-08-31 16:45:50,885 : INFO : EventManager : Event: ======'machine_var_audits_switches_s_bumper_right'====== Args={'value': 219, 'prev_value': None, 'change': True}
2025-08-31 16:45:50,885 : INFO : EventManager : Event: ======'machine_var_audits_switches_s_c_iceman_target'====== Args={'value': 0, 'prev_value': None, 'change': True}
2025-08-31 16:45:50,885 : INFO : EventManager : Event: ======'machine_var_audits_switches_s_c_lock_target'====== Args={'value': 0, 'prev_value': None, 'change': True}
2025-08-31 16:45:50,885 : INFO : EventManager : Event: ======'machine_var_audits_switches_s_e_iceman_target'====== Args={'value': 0, 'prev_value': None, 'change': True}
2025-08-31 16:45:50,885 : INFO : EventManager : Event: ======'machine_var_audits_switches_s_flight_gear_target'====== Args={'value': 0, 'prev_value': None, 'change': True}
2025-08-31 16:45:50,886 : INFO : EventManager : Event: ======'machine_var_audits_switches_s_flipper_left'====== Args={'value': 9, 'prev_value': None, 'change': True}
2025-08-31 16:45:50,886 : INFO : EventManager : Event: ======'machine_var_audits_switches_s_flipper_left_eos'====== Args={'value': 0, 'prev_value': None, 'change': True}
2025-08-31 16:45:50,886 : INFO : EventManager : Event: ======'machine_var_audits_switches_s_flipper_left_upper'====== Args={'value': 0, 'prev_value': None, 'change': True}
2025-08-31 16:45:50,886 : INFO : EventManager : Event: ======'machine_var_audits_switches_s_flipper_left_upper_eos'====== Args={'value': 0, 'prev_value': None, 'change': True}
2025-08-31 16:45:50,886 : INFO : EventManager : Event: ======'machine_var_audits_switches_s_flipper_right'====== Args={'value': 9, 'prev_value': None, 'change': True}
2025-08-31 16:45:50,886 : INFO : EventManager : Event: ======'machine_var_audits_switches_s_flipper_right_eos'====== Args={'value': 0, 'prev_value': None, 'change': True}
2025-08-31 16:45:50,886 : INFO : EventManager : Event: ======'machine_var_audits_switches_s_i_iceman_target'====== Args={'value': 0, 'prev_value': None, 'change': True}
2025-08-31 16:45:50,886 : INFO : EventManager : Event: ======'machine_var_audits_switches_s_inlane_left'====== Args={'value': 0, 'prev_value': None, 'change': True}
2025-08-31 16:45:50,886 : INFO : EventManager : Event: ======'machine_var_audits_switches_s_inner_inlane_right'====== Args={'value': 0, 'prev_value': None, 'change': True}
2025-08-31 16:45:50,886 : INFO : EventManager : Event: ======'machine_var_audits_switches_s_jam'====== Args={'value': 0, 'prev_value': None, 'change': True}
2025-08-31 16:45:50,886 : INFO : EventManager : Event: ======'machine_var_audits_switches_s_k_lock_target'====== Args={'value': 0, 'prev_value': None, 'change': True}
2025-08-31 16:45:50,886 : INFO : EventManager : Event: ======'machine_var_audits_switches_s_l_lock_target'====== Args={'value': 0, 'prev_value': None, 'change': True}
2025-08-31 16:45:50,886 : INFO : EventManager : Event: ======'machine_var_audits_switches_s_lane_left'====== Args={'value': 1, 'prev_value': None, 'change': True}
2025-08-31 16:45:50,886 : INFO : EventManager : Event: ======'machine_var_audits_switches_s_lane_right'====== Args={'value': 0, 'prev_value': None, 'change': True}
2025-08-31 16:45:50,886 : INFO : EventManager : Event: ======'machine_var_audits_switches_s_lock_goose'====== Args={'value': 0, 'prev_value': None, 'change': True}
2025-08-31 16:45:50,886 : INFO : EventManager : Event: ======'machine_var_audits_switches_s_lock_mav'====== Args={'value': 0, 'prev_value': None, 'change': True}
2025-08-31 16:45:50,886 : INFO : EventManager : Event: ======'machine_var_audits_switches_s_lock_plunger'====== Args={'value': 0, 'prev_value': None, 'change': True}
2025-08-31 16:45:50,886 : INFO : EventManager : Event: ======'machine_var_audits_switches_s_m_iceman_target'====== Args={'value': 0, 'prev_value': None, 'change': True}
2025-08-31 16:45:50,886 : INFO : EventManager : Event: ======'machine_var_audits_switches_s_mig_lane_left'====== Args={'value': 0, 'prev_value': None, 'change': True}
2025-08-31 16:45:50,886 : INFO : EventManager : Event: ======'machine_var_audits_switches_s_mig_lane_right'====== Args={'value': 0, 'prev_value': None, 'change': True}
2025-08-31 16:45:50,886 : INFO : EventManager : Event: ======'machine_var_audits_switches_s_mode_start'====== Args={'value': 0, 'prev_value': None, 'change': True}
2025-08-31 16:45:50,886 : INFO : EventManager : Event: ======'machine_var_audits_switches_s_n_iceman_target'====== Args={'value': 0, 'prev_value': None, 'change': True}
2025-08-31 16:45:50,886 : INFO : EventManager : Event: ======'machine_var_audits_switches_s_o_lock_target'====== Args={'value': 0, 'prev_value': None, 'change': True}
2025-08-31 16:45:50,887 : INFO : EventManager : Event: ======'machine_var_audits_switches_s_orbit_left'====== Args={'value': 1, 'prev_value': None, 'change': True}
2025-08-31 16:45:50,887 : INFO : EventManager : Event: ======'machine_var_audits_switches_s_orbit_lower'====== Args={'value': 0, 'prev_value': None, 'change': True}
2025-08-31 16:45:50,887 : INFO : EventManager : Event: ======'machine_var_audits_switches_s_orbit_right'====== Args={'value': 0, 'prev_value': None, 'change': True}
2025-08-31 16:45:50,887 : INFO : EventManager : Event: ======'machine_var_audits_switches_s_orbit_upper'====== Args={'value': 0, 'prev_value': None, 'change': True}
2025-08-31 16:45:50,887 : INFO : EventManager : Event: ======'machine_var_audits_switches_s_outer_inlane_right'====== Args={'value': 0, 'prev_value': None, 'change': True}
2025-08-31 16:45:50,887 : INFO : EventManager : Event: ======'machine_var_audits_switches_s_outlane_left'====== Args={'value': 0, 'prev_value': None, 'change': True}
2025-08-31 16:45:50,887 : INFO : EventManager : Event: ======'machine_var_audits_switches_s_outlane_right'====== Args={'value': 0, 'prev_value': None, 'change': True}
2025-08-31 16:45:50,887 : INFO : EventManager : Event: ======'machine_var_audits_switches_s_plunger_lane'====== Args={'value': 0, 'prev_value': None, 'change': True}
2025-08-31 16:45:50,887 : INFO : EventManager : Event: ======'machine_var_audits_switches_s_ramp_inner_exit'====== Args={'value': 0, 'prev_value': None, 'change': True}
2025-08-31 16:45:50,887 : INFO : EventManager : Event: ======'machine_var_audits_switches_s_ramp_left_exit'====== Args={'value': 0, 'prev_value': None, 'change': True}
2025-08-31 16:45:50,887 : INFO : EventManager : Event: ======'machine_var_audits_switches_s_ramp_right_exit'====== Args={'value': 0, 'prev_value': None, 'change': True}
2025-08-31 16:45:50,887 : INFO : EventManager : Event: ======'machine_var_audits_switches_s_ramp_tower_exit'====== Args={'value': 0, 'prev_value': None, 'change': True}
2025-08-31 16:45:50,887 : INFO : EventManager : Event: ======'machine_var_audits_switches_s_slingshot_left'====== Args={'value': 0, 'prev_value': None, 'change': True}
2025-08-31 16:45:50,887 : INFO : EventManager : Event: ======'machine_var_audits_switches_s_slingshot_right'====== Args={'value': 0, 'prev_value': None, 'change': True}
2025-08-31 16:45:50,887 : INFO : EventManager : Event: ======'machine_var_audits_switches_s_spinner'====== Args={'value': 0, 'prev_value': None, 'change': True}
2025-08-31 16:45:50,887 : INFO : EventManager : Event: ======'machine_var_audits_switches_s_start'====== Args={'value': 97, 'prev_value': None, 'change': True}
2025-08-31 16:45:50,887 : INFO : EventManager : Event: ======'machine_var_audits_switches_s_trough_1'====== Args={'value': 0, 'prev_value': None, 'change': True}
2025-08-31 16:45:50,887 : INFO : EventManager : Event: ======'machine_var_audits_switches_s_trough_2'====== Args={'value': 0, 'prev_value': None, 'change': True}
2025-08-31 16:45:50,887 : INFO : EventManager : Event: ======'machine_var_audits_switches_s_trough_3'====== Args={'value': 0, 'prev_value': None, 'change': True}
2025-08-31 16:45:50,887 : INFO : EventManager : Event: ======'machine_var_audits_switches_s_trough_4'====== Args={'value': 0, 'prev_value': None, 'change': True}
2025-08-31 16:45:50,887 : INFO : EventManager : Event: ======'machine_var_audits_switches_s_trough_5'====== Args={'value': 0, 'prev_value': None, 'change': True}
2025-08-31 16:45:50,887 : INFO : EventManager : Event: ======'machine_var_audits_switches_s_trough_6'====== Args={'value': 0, 'prev_value': None, 'change': True}
2025-08-31 16:45:50,888 : INFO : EventManager : Event: ======'init_phase_5'====== Args={}
2025-08-31 16:45:50,889 : INFO : EventManager : Event: ======'init_done'====== Args={}
2025-08-31 16:45:50,889 : INFO : EventManager : Event: ======'machine_reset_phase_1'====== Args={}
2025-08-31 16:45:50,897 : INFO : EventManager : Event: ======'machine_reset_phase_2'====== Args={}
2025-08-31 16:45:50,897 : INFO : EventManager : Event: ======'machine_reset_phase_3'====== Args={}
2025-08-31 16:45:50,897 : INFO : EventManager : Event: ======'reset_complete'====== Args={}
2025-08-31 16:45:50,897 : INFO : EventManager : Event: ======'mode_attract_will_start'====== Args={}
2025-08-31 16:45:50,897 : INFO : Timer.attract_carousel_timer : Starting Timer.
2025-08-31 16:45:50,897 : INFO : EventManager : Event: ======'timer_attract_carousel_timer_started'====== Args={'ticks': 0, 'ticks_remaining': 1}
2025-08-31 16:45:50,897 : INFO : EventManager : Event: ======'timer_attract_carousel_timer_tick'====== Args={'ticks': 0, 'ticks_remaining': 1}
2025-08-31 16:45:50,898 : INFO : EventManager : Event: ======'mode_attract_starting'====== Args={}
2025-08-31 16:45:50,898 : INFO : Mode.attract : Started. Priority: 10
2025-08-31 16:45:50,899 : INFO : EventManager : Event: ======'modes_active_modes_changed'====== Args={}
2025-08-31 16:45:50,899 : INFO : EventManager : Event: ======'mode_attract_started'====== Args={}
2025-08-31 16:45:50,899 : INFO : EventManager : Event: ======'collecting_balls_complete'====== Args={}
2025-08-31 16:45:50,900 : INFO : EventManager : Event: ======'item_highlighted'====== Args={'carousel': 'attract', 'direction': None, 'item': 'title'}
2025-08-31 16:45:50,900 : INFO : EventManager : Event: ======'timer_attract_carousel_timer_tick'====== Args={'ticks': 0, 'ticks_remaining': 1}
2025-08-31 16:45:50,900 : INFO : Machine : Starting the main run loop with active modes: [<Mode.attract>]
2025-08-31 16:45:51,100 : INFO : EventManager : Event: ======'slide_attract_created'====== Args={'_from_bcp': True}
2025-08-31 16:45:51,100 : INFO : EventManager : Event: ======'slide__removed'====== Args={'_from_bcp': True}
2025-08-31 16:45:51,102 : INFO : EventManager : Event: ======'slide_attract_active'====== Args={'original_context': 'attract', 'original_calling_context': 'mode_attract_started', 'priority': 10.0, 'cmd': 'slides_play', '_from_bcp': True}
2025-08-31 16:45:55,905 : INFO : Timer.attract_carousel_timer : Timer Complete
2025-08-31 16:45:55,905 : INFO : Timer.attract_carousel_timer : Stopping Timer
2025-08-31 16:45:55,905 : INFO : EventManager : Event: ======'timer_attract_carousel_timer_stopped'====== Args={'ticks': 1, 'ticks_remaining': 1}
2025-08-31 16:45:55,905 : INFO : EventManager : Event: ======'timer_attract_carousel_timer_complete'====== Args={'ticks': 1, 'ticks_remaining': 1}
2025-08-31 16:45:55,905 : INFO : EventManager : Event: ======'item_highlighted'====== Args={'carousel': 'attract', 'direction': 'forwards', 'item': 'presented_by'}
2025-08-31 16:45:55,906 : INFO : Timer.attract_carousel_timer : Starting Timer.
2025-08-31 16:45:55,906 : INFO : EventManager : Event: ======'timer_attract_carousel_timer_started'====== Args={'ticks': 0, 'ticks_remaining': 1}
2025-08-31 16:45:55,906 : INFO : EventManager : Event: ======'timer_attract_carousel_timer_tick'====== Args={'ticks': 0, 'ticks_remaining': 1}
2025-08-31 16:45:57,373 : WARNING : BcpInterface : Received BCP switch message with invalid switchname: 's_through_1'
2025-08-31 16:45:57,489 : WARNING : BcpInterface : Received BCP switch message with invalid switchname: 's_through_1'
2025-08-31 16:46:00,917 : INFO : Timer.attract_carousel_timer : Timer Complete
2025-08-31 16:46:00,917 : INFO : Timer.attract_carousel_timer : Stopping Timer
2025-08-31 16:46:00,917 : INFO : EventManager : Event: ======'timer_attract_carousel_timer_stopped'====== Args={'ticks': 1, 'ticks_remaining': 1}
2025-08-31 16:46:00,917 : INFO : EventManager : Event: ======'timer_attract_carousel_timer_complete'====== Args={'ticks': 1, 'ticks_remaining': 1}
2025-08-31 16:46:00,917 : INFO : EventManager : Event: ======'item_highlighted'====== Args={'carousel': 'attract', 'direction': 'forwards', 'item': 'hotrod_pinball_logo'}
2025-08-31 16:46:00,918 : INFO : Timer.attract_carousel_timer : Starting Timer.
2025-08-31 16:46:00,918 : INFO : EventManager : Event: ======'timer_attract_carousel_timer_started'====== Args={'ticks': 0, 'ticks_remaining': 1}
2025-08-31 16:46:00,918 : INFO : EventManager : Event: ======'timer_attract_carousel_timer_tick'====== Args={'ticks': 0, 'ticks_remaining': 1}
2025-08-31 16:46:02,278 : INFO : SwitchController : <<<<<<< 's_start' active >>>>>>>
2025-08-31 16:46:02,428 : INFO : SwitchController : <<<<<<< 's_start' inactive >>>>>>>
2025-08-31 16:46:02,428 : INFO : EventManager : Event: ======'request_to_start_game'====== Args={}
2025-08-31 16:46:02,428 : INFO : EventManager : Event: ======'game_start'====== Args={'buttons': [], 'hold_time': 0.15600000001722947}
2025-08-31 16:46:02,428 : INFO : EventManager : Event: ======'mode_game_will_start'====== Args={'buttons': [], 'hold_time': 0.15600000001722947}
2025-08-31 16:46:02,429 : INFO : EventManager : Event: ======'mode_game_starting'====== Args={'buttons': [], 'hold_time': 0.15600000001722947}
2025-08-31 16:46:02,429 : INFO : EventManager : Event: ======'mode_attract_will_stop'====== Args={}
2025-08-31 16:46:02,429 : INFO : EventManager : Event: ======'mode_attract_stopping'====== Args={}
2025-08-31 16:46:02,429 : INFO : Mode.attract : Stopped.
2025-08-31 16:46:02,429 : INFO : EventManager : Event: ======'modes_active_modes_changed'====== Args={}
2025-08-31 16:46:02,430 : INFO : EventManager : Event: ======'mode_attract_stopped'====== Args={}
2025-08-31 16:46:02,430 : INFO : EventManager : Event: ======'clear'====== Args={'key': 'attract'}
2025-08-31 16:46:02,431 : INFO : Timer.attract_carousel_timer : Stopping Timer
2025-08-31 16:46:02,431 : INFO : EventManager : Event: ======'timer_attract_carousel_timer_stopped'====== Args={'ticks': 0, 'ticks_remaining': 1}
2025-08-31 16:46:02,431 : INFO : Mode.game : Started. Priority: 20
2025-08-31 16:46:02,431 : INFO : EventManager : Event: ======'modes_active_modes_changed'====== Args={}
2025-08-31 16:46:02,431 : INFO : EventManager : Event: ======'mode_game_started'====== Args={'buttons': [], 'hold_time': 0.15600000001722947}
2025-08-31 16:46:02,432 : INFO : EventManager : Event: ======'game_will_start'====== Args={}
2025-08-31 16:46:02,432 : INFO : EventManager : Event: ======'game_starting'====== Args={'game': <Mode.game>}
2025-08-31 16:46:02,432 : DEBUG : Auditor : Enabling the Auditor
2025-08-31 16:46:02,432 : INFO : EventManager : Unordered handler for class <Auditor> on event game_ended with priority 1. Handlers: [RegisteredHandler(callback=<bound method Auditor.disable of <Auditor>>, priority=1, kwargs={}, key=UUID('7136cacc-1422-42f5-a39f-19daa2d8a300'), condition=None, blocking_facility=None), RegisteredHandler(callback=<bound method Auditor._save_audits of <Auditor>>, priority=1, kwargs={}, key=UUID('81959c53-d957-4e93-8dfd-b54d6df51ac1'), condition=None, blocking_facility=None)]. The order of those handlers is not defined and they will be executed in random order. This might lead to race conditions and potential bugs.
2025-08-31 16:46:02,432 : INFO : EventManager : Event: ======'player_add_request'====== Args={}
2025-08-31 16:46:02,432 : INFO : EventManager : Event: ======'player_will_add'====== Args={'number': 1}
2025-08-31 16:46:02,432 : DEBUG : Player : Creating new player: Player 1. (player index '0')
2025-08-31 16:46:02,433 : DEBUG : Player : Setting 'score' to: 0, (prior: 0, change: 0)
2025-08-31 16:46:02,433 : INFO : EventManager : Event: ======'player_adding'====== Args={'player': <Player 1>, 'number': 1}
2025-08-31 16:46:02,433 : INFO : EventManager : Event: ======'player_added'====== Args={'player': <Player 1>, 'num': 1}
2025-08-31 16:46:02,433 : INFO : Mode.game : Player added successfully. Total players: 1
2025-08-31 16:46:02,433 : INFO : EventManager : Event: ======'player_index'====== Args={'value': 0, 'prev_value': 0, 'change': 0, 'player_num': 1}
2025-08-31 16:46:02,433 : INFO : EventManager : Event: ======'player_number'====== Args={'value': 1, 'prev_value': 1, 'change': 0, 'player_num': 1}
2025-08-31 16:46:02,433 : INFO : EventManager : Event: ======'player_score'====== Args={'value': 0, 'prev_value': 0, 'change': 0, 'player_num': 1}
2025-08-31 16:46:02,433 : INFO : EventManager : Event: ======'game_started'====== Args={}
2025-08-31 16:46:02,434 : INFO : EventManager : Event: ======'player_turn_will_start'====== Args={'player': <Player 1>, 'number': 1}
2025-08-31 16:46:02,434 : INFO : EventManager : Event: ======'player_turn_starting'====== Args={'player': <Player 1>, 'number': 1}
2025-08-31 16:46:02,434 : DEBUG : Player : Setting 'ball' to: 1, (prior: 0, change: 1)
2025-08-31 16:46:02,434 : INFO : EventManager : Event: ======'player_ball'====== Args={'value': 1, 'prev_value': 0, 'change': 1, 'player_num': 1}
2025-08-31 16:46:02,435 : INFO : EventManager : Event: ======'player_turn_started'====== Args={'player': <Player 1>, 'number': 1}
2025-08-31 16:46:02,435 : INFO : EventManager : Event: ======'ui_player_1_up'====== Args={'priority': 0}
2025-08-31 16:46:02,435 : INFO : EventManager : Event: ======'ball_will_start'====== Args={'player': 1, 'ball': 1, 'balls_remaining': 2, 'is_extra_ball': False}
2025-08-31 16:46:02,436 : INFO : EventManager : Event: ======'ball_starting'====== Args={'player': 1, 'ball': 1, 'balls_remaining': 2, 'is_extra_ball': False}
2025-08-31 16:46:02,436 : INFO : EventManager : Event: ======'mode_base_will_start'====== Args={'queue': <QueuedEvent>, 'player': 1, 'ball': 1, 'balls_remaining': 2, 'is_extra_ball': False}
2025-08-31 16:46:02,441 : INFO : EventManager : Event: ======'mode_base_starting'====== Args={'queue': <QueuedEvent>, 'player': 1, 'ball': 1, 'balls_remaining': 2, 'is_extra_ball': False}
2025-08-31 16:46:02,441 : INFO : Mode.base : Started. Priority: 100
2025-08-31 16:46:02,441 : INFO : EventManager : Event: ======'modes_active_modes_changed'====== Args={}
2025-08-31 16:46:02,442 : INFO : EventManager : Event: ======'mode_base_started'====== Args={'queue': <QueuedEvent>, 'player': 1, 'ball': 1, 'balls_remaining': 2, 'is_extra_ball': False}
2025-08-31 16:46:02,442 : INFO : EventManager : Event: ======'start_mode_bumpers'====== Args={'priority': 0}
2025-08-31 16:46:02,442 : INFO : EventManager : Event: ======'mode_bumpers_will_start'====== Args={'priority': 0}
2025-08-31 16:46:02,442 : DEBUG : Player : Setting 'shot_bumper_left_enabled' to: True, (prior: 0, change: 1)
2025-08-31 16:46:02,442 : INFO : EventManager : Event: ======'player_shot_bumper_left_enabled'====== Args={'value': True, 'prev_value': 0, 'change': 1, 'player_num': 1}
2025-08-31 16:46:02,443 : DEBUG : Player : Setting 'shot_bumper_center_enabled' to: True, (prior: 0, change: 1)
2025-08-31 16:46:02,443 : INFO : EventManager : Event: ======'player_shot_bumper_center_enabled'====== Args={'value': True, 'prev_value': 0, 'change': 1, 'player_num': 1}
2025-08-31 16:46:02,443 : DEBUG : Player : Setting 'shot_bumper_right_enabled' to: True, (prior: 0, change: 1)
2025-08-31 16:46:02,443 : INFO : EventManager : Event: ======'player_shot_bumper_right_enabled'====== Args={'value': True, 'prev_value': 0, 'change': 1, 'player_num': 1}
2025-08-31 16:46:02,443 : INFO : EventManager : Event: ======'bumpers_complete'====== Args={'state': 'unlit'}
2025-08-31 16:46:02,444 : INFO : EventManager : Event: ======'bumpers_unlit_complete'====== Args={}
2025-08-31 16:46:02,444 : INFO : EventManager : Event: ======'mode_bumpers_starting'====== Args={'priority': 0}
2025-08-31 16:46:02,444 : INFO : Mode.bumpers : Started. Priority: 200
2025-08-31 16:46:02,444 : INFO : EventManager : Event: ======'modes_active_modes_changed'====== Args={}
2025-08-31 16:46:02,444 : INFO : EventManager : Event: ======'mode_bumpers_started'====== Args={'priority': 0}
2025-08-31 16:46:02,444 : INFO : EventManager : Event: ======'balls_in_play'====== Args={'balls': 1}
2025-08-31 16:46:02,444 : INFO : EventManager : Event: ======'ball_started'====== Args={'player': 1, 'ball': 1, 'balls_remaining': 2, 'is_extra_ball': False}
2025-08-31 16:46:02,445 : INFO : EventManager : Event: ======'single_player_ball_started'====== Args={}
2025-08-31 16:46:02,445 : INFO : EventManager : Event: ======'ball_start_target'====== Args={'target': 'playfield'}
2025-08-31 16:46:02,445 : INFO : ball_device.bd_plunger : Setting up player-controlled eject. Balls: 1, Target: <playfield.playfield>, player_controlled_eject_event: None
2025-08-31 16:46:02,445 : DEBUG : ball_device.bd_trough : Adding eject chain
2025-08-31 16:46:02,446 : INFO : EventManager : Event: ======'balldevice_balls_available'====== Args={}
2025-08-31 16:46:02,446 : DEBUG : ball_device.bd_trough : Got eject request
2025-08-31 16:46:02,446 : DEBUG : ball_device.bd_trough : BCH: Counting. New count: 6 Old count: 6
2025-08-31 16:46:02,446 : INFO : ball_device.bd_trough : State: waiting_for_target_ready
2025-08-31 16:46:02,446 : INFO : EventManager : Event: ======'balldevice_bd_trough_ball_eject_attempt'====== Args={'balls': 1, 'target': <ball_device.bd_plunger>, 'source': <ball_device.bd_trough>, 'mechanical_eject': True, 'num_attempts': 0}
2025-08-31 16:46:02,447 : INFO : ball_device.bd_plunger : State: waiting_for_ball
2025-08-31 16:46:02,447 : INFO : ball_device.bd_trough : State: ejecting
2025-08-31 16:46:02,447 : INFO : ball_device.bd_trough : Ejecting ball to <ball_device.bd_plunger>
2025-08-31 16:46:02,447 : INFO : EventManager : Event: ======'balldevice_bd_trough_ejecting_ball'====== Args={'balls': 1, 'target': <ball_device.bd_plunger>, 'source': <ball_device.bd_trough>, 'mechanical_eject': True, 'num_attempts': 0}
2025-08-31 16:46:02,447 : DEBUG : SmartVirtual Coil Action : Setting eject target. bd_trough -> bd_plunger. Mechanical: True
2025-08-31 16:46:02,447 : DEBUG : ball_device.bd_trough : Entered eject mode.
2025-08-31 16:46:02,448 : INFO : ball_device.bd_trough : Wait for ball to leave device
2025-08-31 16:46:02,448 : INFO : coil.c_trough_eject : Pulsing Driver for 10ms (1.0 pulse_power)
2025-08-31 16:46:02,448 : DEBUG : VirtualDriver.1003 : Pulsing driver for 10ms
2025-08-31 16:46:02,448 : DEBUG : SmartVirtual Coil Action : Removing ball from device bd_trough
2025-08-31 16:46:02,448 : INFO : SwitchController : <<<<<<< 's_trough_1' inactive >>>>>>>
2025-08-31 16:46:02,448 : DEBUG : SmartVirtual Coil Action : Deactivating: s_trough_1
2025-08-31 16:46:02,448 : DEBUG : SmartVirtual Coil Action : Adding delay for bd_plunger to receive ball in 100ms
2025-08-31 16:46:02,448 : DEBUG : ball_device.bd_trough : Firing eject coil. Current balls: 6.
2025-08-31 16:46:02,449 : DEBUG : ball_device.bd_trough : SC: Ball left. Old count: 6
2025-08-31 16:46:02,449 : DEBUG : ball_device.bd_trough : Got ball left during eject
2025-08-31 16:46:02,449 : DEBUG : ball_device.bd_trough : SC: Switch 's_trough_1' changed too recently. Aborting count!
2025-08-31 16:46:02,449 : INFO : ball_device.bd_trough : State: ball_left
2025-08-31 16:46:02,449 : INFO : ball_device.bd_trough : Ball left
2025-08-31 16:46:02,449 : INFO : ball_device.bd_trough : Wait for confirm with timeout 3.0
2025-08-31 16:46:02,538 : INFO : SwitchController : <<<<<<< 's_plunger_lane' active >>>>>>>
2025-08-31 16:46:02,538 : INFO : EventManager : Event: ======'machine_var_audits_switches_s_plunger_lane'====== Args={'value': 1, 'prev_value': 0, 'change': 1}
2025-08-31 16:46:02,539 : INFO : EventManager : Event: ======'slide_base_slide_created'====== Args={'_from_bcp': True}
2025-08-31 16:46:02,539 : INFO : EventManager : Event: ======'slide_attract_inactive'====== Args={'is_removing': True, '_from_bcp': True}
2025-08-31 16:46:02,539 : INFO : EventManager : Event: ======'slide_base_slide_active'====== Args={'original_context': 'base', 'original_calling_context': 'mode_base_started', 'priority': 100.0, 'queue': '<QueuedEvent>', 'player': 1.0, 'ball': 1.0, 'balls_remaining': 2.0, 'is_extra_ball': False, 'cmd': 'slides_play', '_from_bcp': True}
2025-08-31 16:46:02,543 : INFO : EventManager : Event: ======'slide_attract_removed'====== Args={'_from_bcp': True}
2025-08-31 16:46:02,955 : DEBUG : ball_device.bd_trough : SC: Counted 5 balls. Active switches: [<switch.s_trough_5>, <switch.s_trough_4>, <switch.s_trough_3>, <switch.s_trough_2>, <switch.s_trough_6>]. Old: 5
2025-08-31 16:46:02,955 : DEBUG : ball_device.bd_trough : SC: New count 5 last: 5
2025-08-31 16:46:03,048 : INFO : ball_device.bd_plunger : Received ball from <ball_device.bd_trough>
2025-08-31 16:46:03,048 : INFO : EventManager : Event: ======'balldevice_bd_plunger_ball_enter'====== Args={'new_balls': 1, 'unclaimed_balls': 0, 'new_available_balls': 0, 'device': <ball_device.bd_plunger>}
2025-08-31 16:46:03,048 : INFO : EventManager : Event: ======'balldevice_bd_plunger_ball_entered'====== Args={'new_balls': 0, 'device': <ball_device.bd_plunger>}
2025-08-31 16:46:03,048 : INFO : EventManager : Event: ======'balldevice_bd_plunger_ball_count_changed'====== Args={'balls': 1}
2025-08-31 16:46:03,048 : INFO : ball_device.bd_trough : Got eject confirm
2025-08-31 16:46:03,048 : INFO : ball_device.bd_trough : Eject successful
2025-08-31 16:46:03,048 : INFO : EventManager : Event: ======'balldevice_bd_trough_ball_eject_success'====== Args={'balls': 1, 'target': <ball_device.bd_plunger>}
2025-08-31 16:46:03,048 : INFO : ball_device.bd_plunger : State: waiting_for_target_ready
2025-08-31 16:46:03,048 : INFO : EventManager : Event: ======'balldevice_bd_plunger_ball_eject_attempt'====== Args={'balls': 1, 'target': <playfield.playfield>, 'source': <ball_device.bd_plunger>, 'mechanical_eject': True, 'num_attempts': 0}
2025-08-31 16:46:03,048 : DEBUG : ball_device.bd_trough : Exited eject mode. Eject success: True
2025-08-31 16:46:03,050 : INFO : EventManager : Event: ======'balldevice_bd_trough_ball_count_changed'====== Args={'balls': 5}
2025-08-31 16:46:03,050 : INFO : ball_device.bd_trough : State: idle
2025-08-31 16:46:03,050 : DEBUG : ball_device.bd_trough : Waiting for eject request.
2025-08-31 16:46:03,050 : DEBUG : ball_device.bd_trough : BCH: Counting. New count: 5 Old count: 5
2025-08-31 16:46:03,050 : INFO : ball_device.bd_plunger : State: ejecting
2025-08-31 16:46:03,050 : INFO : ball_device.bd_plunger : Ejecting ball to <playfield.playfield>
2025-08-31 16:46:03,050 : INFO : EventManager : Event: ======'balldevice_bd_plunger_ejecting_ball'====== Args={'balls': 1, 'target': <playfield.playfield>, 'source': <ball_device.bd_plunger>, 'mechanical_eject': True, 'num_attempts': 0}
2025-08-31 16:46:03,050 : DEBUG : SmartVirtual Coil Action : Setting eject target. bd_plunger -> playfield. Mechanical: True
2025-08-31 16:46:03,050 : DEBUG : ball_device.bd_trough : BCH: Counting. New count: 5 Old count: 5
2025-08-31 16:46:03,051 : INFO : ball_device.bd_plunger : Wait for ball to leave device
2025-08-31 16:46:05,531 : WARNING : BcpInterface : Received BCP switch message with invalid switchname: 's_through_1'
2025-08-31 16:46:05,665 : WARNING : BcpInterface : Received BCP switch message with invalid switchname: 's_through_1'
2025-08-31 16:46:11,332 : INFO : Machine : Shutting down...
2025-08-31 16:46:11,332 : INFO : EventManager : Event: ======'shutdown'====== Args={}
2025-08-31 16:46:11,332 : INFO : EventManager : Event: ======'mode_game_will_stop'====== Args={}
2025-08-31 16:46:11,332 : INFO : EventManager : Event: ======'mode_game_stopping'====== Args={}
2025-08-31 16:46:11,334 : INFO : EventManager : Event: ======'mode_bumpers_will_stop'====== Args={}
2025-08-31 16:46:11,334 : INFO : EventManager : Event: ======'mode_bumpers_stopping'====== Args={}
2025-08-31 16:46:11,334 : INFO : EventManager : Event: ======'mode_base_will_stop'====== Args={}
2025-08-31 16:46:11,334 : INFO : EventManager : Event: ======'mode_base_stopping'====== Args={}
2025-08-31 16:46:11,335 : INFO : EventManager : Event: ======'stop_mode_bumpers'====== Args={'priority': 0}
2025-08-31 16:46:11,335 : INFO : Mode.base : Stopped.
2025-08-31 16:46:11,335 : INFO : EventManager : Event: ======'modes_active_modes_changed'====== Args={}
2025-08-31 16:46:11,335 : INFO : EventManager : Event: ======'mode_base_stopped'====== Args={}
2025-08-31 16:46:11,335 : INFO : EventManager : Event: ======'clear'====== Args={'key': 'base'}
2025-08-31 16:46:11,335 : INFO : Mode.bumpers : Stopped.
2025-08-31 16:46:11,335 : INFO : EventManager : Event: ======'modes_active_modes_changed'====== Args={}
2025-08-31 16:46:11,335 : INFO : EventManager : Event: ======'mode_bumpers_stopped'====== Args={}
2025-08-31 16:46:11,335 : INFO : EventManager : Event: ======'clear'====== Args={'key': 'bumpers'}
2025-08-31 16:46:11,336 : INFO : Mode.game : Stopped.
2025-08-31 16:46:11,336 : INFO : EventManager : Event: ======'modes_active_modes_changed'====== Args={}
2025-08-31 16:46:11,336 : INFO : EventManager : Event: ======'mode_game_stopped'====== Args={}
2025-08-31 16:46:11,336 : INFO : EventManager : Event: ======'clear'====== Args={'key': 'game'}
2025-08-31 16:46:11,337 : DEBUG : ball_device.bd_trough : Stopping ball device
2025-08-31 16:46:11,339 : INFO : root : MPF run loop ended.
