2025-10-28 21:45:35,406 : INFO : root : Loading config.
2025-10-28 21:45:35,409 : INFO : YamlMultifileConfigLoader : Machine config file #1: config.yaml
2025-10-28 21:45:35,410 : INFO : ConfigProcessor : Loading config from cache: C:\Users\White\AppData\Local\Temp\cfa6ecba65704a931c9dd214c44986c8.mpf_cache
2025-10-28 21:45:35,541 : INFO : ConfigProcessor : Loading config from cache: C:\Users\White\AppData\Local\Temp\f98ffc0ff5962effface7d86bc406d5c.mpf_cache
2025-10-28 21:45:35,542 : INFO : ConfigProcessor : Loading config from cache: C:\Users\White\AppData\Local\Temp\91cc4d1c993c58dc354e34974b9cfeac.mpf_cache
2025-10-28 21:45:35,543 : INFO : ConfigProcessor : Loading config from cache: C:\Users\White\AppData\Local\Temp\f98ffc0ff5962effface7d86bc406d5c.mpf_cache
2025-10-28 21:45:35,543 : INFO : ConfigProcessor : Loading config from cache: C:\Users\White\AppData\Local\Temp\76792f1d686f89709887dba7bd69667a.mpf_cache
2025-10-28 21:45:35,544 : INFO : ConfigProcessor : Loading config from cache: C:\Users\White\AppData\Local\Temp\142bbae4707335cc8e3efaa4364c4893.mpf_cache
2025-10-28 21:45:35,544 : INFO : ConfigProcessor : Loading config from cache: C:\Users\White\AppData\Local\Temp\d069db2c83fe896d88972cde9b686138.mpf_cache
2025-10-28 21:45:35,545 : INFO : ConfigProcessor : Loading config from cache: C:\Users\White\AppData\Local\Temp\0f5f0ac41d1a2672d0d32cef2b12699e.mpf_cache
2025-10-28 21:45:35,546 : INFO : ConfigProcessor : Loading config from cache: C:\Users\White\AppData\Local\Temp\3a419899266be7cd41a083be5a3a8ebb.mpf_cache
2025-10-28 21:45:35,548 : INFO : ConfigProcessor : Loading config from cache: C:\Users\White\AppData\Local\Temp\82e20c7c6490dd2e5fed726a3aa8d652.mpf_cache
2025-10-28 21:45:35,548 : INFO : ConfigProcessor : Loading config from cache: C:\Users\White\AppData\Local\Temp\359114d5ba2a6ad6c93d1559776bbb30.mpf_cache
2025-10-28 21:45:35,552 : INFO : ConfigProcessor : Loading config from cache: C:\Users\White\AppData\Local\Temp\d421369d6df802e4e6f8aa58f446b1a6.mpf_cache
2025-10-28 21:45:35,552 : INFO : ConfigProcessor : Loading config from cache: C:\Users\White\AppData\Local\Temp\310aa541ce6545037d37da470e7bd790.mpf_cache
2025-10-28 21:45:35,554 : WARNING : ConfigProcessor : Config file in cache changed: C:\Users\White\Documents\Top_Gun_Pinball\shows\.\attract_corners_sweep.yaml
2025-10-28 21:45:35,554 : INFO : ConfigProcessor : Loading config from file C:\Users\White\Documents\Top_Gun_Pinball\shows\.\attract_corners_sweep.yaml.
2025-10-28 21:45:35,734 : INFO : ConfigProcessor : Loading config: C:\Users\White\Documents\Top_Gun_Pinball\shows\.\attract_corners_sweep.yaml
2025-10-28 21:45:35,737 : INFO : ConfigProcessor : Config file cache created: C:\Users\White\AppData\Local\Temp\2151caa0419aeb1e56d3d8934477383e.mpf_cache
2025-10-28 21:45:35,738 : INFO : ConfigProcessor : Loading config from cache: C:\Users\White\AppData\Local\Temp\17003635873251b4f6841bf4ab3bdcdd.mpf_cache
2025-10-28 21:45:35,739 : INFO : ConfigProcessor : Loading config from cache: C:\Users\White\AppData\Local\Temp\f70c640a816343cb9040222d7a9269d3.mpf_cache
2025-10-28 21:45:35,740 : INFO : ConfigProcessor : Loading config from cache: C:\Users\White\AppData\Local\Temp\30922048be1d0c17ea15fc75f7fbfe10.mpf_cache
2025-10-28 21:45:35,743 : INFO : ConfigProcessor : Loading config from cache: C:\Users\White\AppData\Local\Temp\58d7809d3d969de03aaf131fc45863f8.mpf_cache
2025-10-28 21:45:35,744 : INFO : ConfigProcessor : Loading config from cache: C:\Users\White\AppData\Local\Temp\d380fa2863f93e197660f0281ffd272b.mpf_cache
2025-10-28 21:45:35,745 : INFO : ConfigProcessor : Loading config from cache: C:\Users\White\AppData\Local\Temp\88e41ae7dcea899a043a2f63da55a8b7.mpf_cache
2025-10-28 21:45:35,746 : INFO : Machine : Mission Pinball Framework Core Engine v0.80.0.dev9
2025-10-28 21:45:35,746 : INFO : Machine : Command line arguments: {'no_load_cache': False, 'create_config_cache': True, 'bcp': True, 'configfile': ['config.yaml'], 'force_assets_load': False, 'platform_integration_test': False, 'jsonlogging': False, 'logfile': 'logs\\2025-10-28-21-45-35-mpf-TopGunPinball.log', 'pause': False, 'production': False, 'text_ui': False, 'loglevel': 15, 'consoleloglevel': 20, 'force_platform': 'virtual', 'syslog_address': None, 'full_logfile_path': 'C:\\Users\\White\\Documents\\Top_Gun_Pinball\\logs\\2025-10-28-21-45-35-mpf-TopGunPinball.log'}
2025-10-28 21:45:35,746 : INFO : Machine : MPF path: C:\Users\White\mpf\Lib\site-packages\mpf
2025-10-28 21:45:35,746 : INFO : Machine : Machine path: C:\Users\White\Documents\Top_Gun_Pinball
2025-10-28 21:45:35,746 : INFO : Machine : Platform: win32
2025-10-28 21:45:35,746 : INFO : Machine : Python executable location: C:\Users\White\mpf\Scripts\python.exe
2025-10-28 21:45:35,746 : INFO : Machine : Python version: 3.12.7 (64-bit)
2025-10-28 21:45:35,748 : INFO : Machine : Initializing MPF...
2025-10-28 21:45:35,856 : INFO : EventManager : Event: ======'machine_var_credits_string'====== Args={'value': 'FREE PLAY', 'prev_value': None, 'change': True}
2025-10-28 21:45:35,891 : INFO : EventManager : Event: ======'machine_var_master_volume'====== Args={'value': 0.5, 'prev_value': None, 'change': True}
2025-10-28 21:45:35,891 : INFO : EventManager : Event: ======'machine_var_player1_score'====== Args={'value': 2229000, 'prev_value': None, 'change': True}
2025-10-28 21:45:35,891 : INFO : EventManager : Event: ======'machine_var_mpf_version'====== Args={'value': 'Mission Pinball Framework v0.80.0.dev9', 'prev_value': None, 'change': True}
2025-10-28 21:45:35,891 : INFO : EventManager : Event: ======'machine_var_mpf_extended_version'====== Args={'value': 'Mission Pinball Framework v0.80.0.dev9, Config version:6, Show version: 6, BCP version:1.1', 'prev_value': None, 'change': True}
2025-10-28 21:45:35,891 : INFO : EventManager : Event: ======'machine_var_python_version'====== Args={'value': '3.12.7', 'prev_value': None, 'change': True}
2025-10-28 21:45:36,063 : INFO : EventManager : Event: ======'machine_var_platform'====== Args={'value': 'Windows-11-10.0.26100-SP0', 'prev_value': None, 'change': True}
2025-10-28 21:45:36,063 : INFO : EventManager : Event: ======'machine_var_platform_system'====== Args={'value': 'Windows', 'prev_value': None, 'change': True}
2025-10-28 21:45:36,064 : INFO : EventManager : Event: ======'machine_var_platform_release'====== Args={'value': '11', 'prev_value': None, 'change': True}
2025-10-28 21:45:36,064 : INFO : EventManager : Event: ======'machine_var_platform_version'====== Args={'value': '10.0.26100', 'prev_value': None, 'change': True}
2025-10-28 21:45:36,064 : INFO : EventManager : Event: ======'machine_var_platform_machine'====== Args={'value': 'AMD64', 'prev_value': None, 'change': True}
2025-10-28 21:45:36,064 : INFO : EventManager : Event: ======'machine_var_log_file_path'====== Args={'value': 'C:\\Users\\White\\Documents\\Top_Gun_Pinball\\logs\\2025-10-28-21-45-35-mpf-TopGunPinball.log', 'prev_value': None, 'change': True}
2025-10-28 21:45:36,064 : INFO : EventManager : Event: ======'init_phase_1'====== Args={}
2025-10-28 21:45:36,113 : INFO : EventManager : Event: ======'init_phase_2'====== Args={}
2025-10-28 21:45:36,114 : INFO : SwitchController : Found active switch: ('playfield_board_lower-3208-0', <Platform.Virtual>) <switch.s_trough_1>
2025-10-28 21:45:36,114 : INFO : SwitchController : Found active switch: ('playfield_board_lower-3208-1', <Platform.Virtual>) <switch.s_trough_2>
2025-10-28 21:45:36,114 : INFO : SwitchController : Found active switch: ('playfield_board_lower-3208-2', <Platform.Virtual>) <switch.s_trough_3>
2025-10-28 21:45:36,114 : INFO : SwitchController : Found active switch: ('playfield_board_lower-3208-3', <Platform.Virtual>) <switch.s_trough_4>
2025-10-28 21:45:36,114 : INFO : SwitchController : Found active switch: ('playfield_board_lower-3208-4', <Platform.Virtual>) <switch.s_trough_5>
2025-10-28 21:45:36,114 : INFO : SwitchController : Found active switch: ('playfield_board_lower-3208-5', <Platform.Virtual>) <switch.s_trough_6>
2025-10-28 21:45:36,137 : INFO : EventManager : Event: ======'bcp_connection_attempt'====== Args={'name': 'local_display', 'host': 'localhost', 'port': 5050}
2025-10-28 21:45:36,138 : INFO : BCPClientSocket : Connecting BCP to 'local_display' at localhost:5050...
2025-10-28 21:45:36,151 : INFO : BCPClientSocket : Connected BCP to 'local_display' localhost:5050
2025-10-28 21:45:36,152 : INFO : EventManager : Event: ======'bcp_clients_connected'====== Args={}
2025-10-28 21:45:36,152 : INFO : ball_device.bd_plunger : BCH: Initial count: 0
2025-10-28 21:45:36,152 : INFO : ball_device.bd_plunger : State: idle
2025-10-28 21:45:36,153 : INFO : ball_device.bd_trough : BCH: Initial count: 6
2025-10-28 21:45:36,153 : INFO : ball_device.bd_trough : State: idle
2025-10-28 21:45:36,153 : INFO : ball_device.bd_lock_elevator : BCH: Initial count: 0
2025-10-28 21:45:36,153 : INFO : ball_device.bd_lock_elevator : State: idle
2025-10-28 21:45:36,153 : INFO : ball_device.bd_mode_scoop : BCH: Initial count: 0
2025-10-28 21:45:36,153 : INFO : ball_device.bd_mode_scoop : State: idle
2025-10-28 21:45:36,168 : INFO : EventManager : Event: ======'init_phase_3'====== Args={}
2025-10-28 21:45:36,796 : INFO : EventManager : Event: ======'init_phase_4'====== Args={}
2025-10-28 21:45:36,796 : INFO : BallController : Initial balls found: 6
2025-10-28 21:45:36,797 : INFO : EventManager : Event: ======'machine_var_audits_events_game_ended'====== Args={'value': 2, 'prev_value': None, 'change': True}
2025-10-28 21:45:36,798 : INFO : EventManager : Event: ======'machine_var_audits_events_game_started'====== Args={'value': 293, 'prev_value': None, 'change': True}
2025-10-28 21:45:36,798 : INFO : EventManager : Event: ======'machine_var_audits_missing_switches_s_a_iceman_target'====== Args={'value': 11, 'prev_value': None, 'change': True}
2025-10-28 21:45:36,798 : INFO : EventManager : Event: ======'machine_var_audits_missing_switches_s_barrier_target'====== Args={'value': 41, 'prev_value': None, 'change': True}
2025-10-28 21:45:36,798 : INFO : EventManager : Event: ======'machine_var_audits_missing_switches_s_bumper_center'====== Args={'value': 5, 'prev_value': None, 'change': True}
2025-10-28 21:45:36,798 : INFO : EventManager : Event: ======'machine_var_audits_missing_switches_s_bumper_right'====== Args={'value': 86, 'prev_value': None, 'change': True}
2025-10-28 21:45:36,798 : INFO : EventManager : Event: ======'machine_var_audits_missing_switches_s_c_iceman_target'====== Args={'value': 127, 'prev_value': None, 'change': True}
2025-10-28 21:45:36,798 : INFO : EventManager : Event: ======'machine_var_audits_missing_switches_s_c_lock_target'====== Args={'value': 53, 'prev_value': None, 'change': True}
2025-10-28 21:45:36,798 : INFO : EventManager : Event: ======'machine_var_audits_missing_switches_s_coin_door'====== Args={'value': 180, 'prev_value': None, 'change': True}
2025-10-28 21:45:36,798 : INFO : EventManager : Event: ======'machine_var_audits_missing_switches_s_coin_door_credit_left'====== Args={'value': 87, 'prev_value': None, 'change': True}
2025-10-28 21:45:36,798 : INFO : EventManager : Event: ======'machine_var_audits_missing_switches_s_coin_door_credit_right'====== Args={'value': 87, 'prev_value': None, 'change': True}
2025-10-28 21:45:36,798 : INFO : EventManager : Event: ======'machine_var_audits_missing_switches_s_coin_door_service_1'====== Args={'value': 180, 'prev_value': None, 'change': True}
2025-10-28 21:45:36,798 : INFO : EventManager : Event: ======'machine_var_audits_missing_switches_s_coin_door_service_2'====== Args={'value': 180, 'prev_value': None, 'change': True}
2025-10-28 21:45:36,798 : INFO : EventManager : Event: ======'machine_var_audits_missing_switches_s_coin_door_service_3'====== Args={'value': 180, 'prev_value': None, 'change': True}
2025-10-28 21:45:36,798 : INFO : EventManager : Event: ======'machine_var_audits_missing_switches_s_coin_door_service_4'====== Args={'value': 180, 'prev_value': None, 'change': True}
2025-10-28 21:45:36,798 : INFO : EventManager : Event: ======'machine_var_audits_missing_switches_s_e_iceman_target'====== Args={'value': 22, 'prev_value': None, 'change': True}
2025-10-28 21:45:36,798 : INFO : EventManager : Event: ======'machine_var_audits_missing_switches_s_flight_gear_target'====== Args={'value': 34, 'prev_value': None, 'change': True}
2025-10-28 21:45:36,798 : INFO : EventManager : Event: ======'machine_var_audits_missing_switches_s_flipper_left'====== Args={'value': 238, 'prev_value': None, 'change': True}
2025-10-28 21:45:36,798 : INFO : EventManager : Event: ======'machine_var_audits_missing_switches_s_flipper_left_eos'====== Args={'value': 240, 'prev_value': None, 'change': True}
2025-10-28 21:45:36,798 : INFO : EventManager : Event: ======'machine_var_audits_missing_switches_s_flipper_left_upper'====== Args={'value': 242, 'prev_value': None, 'change': True}
2025-10-28 21:45:36,798 : INFO : EventManager : Event: ======'machine_var_audits_missing_switches_s_flipper_left_upper_eos'====== Args={'value': 240, 'prev_value': None, 'change': True}
2025-10-28 21:45:36,799 : INFO : EventManager : Event: ======'machine_var_audits_missing_switches_s_flipper_right'====== Args={'value': 176, 'prev_value': None, 'change': True}
2025-10-28 21:45:36,799 : INFO : EventManager : Event: ======'machine_var_audits_missing_switches_s_flipper_right_eos'====== Args={'value': 240, 'prev_value': None, 'change': True}
2025-10-28 21:45:36,799 : INFO : EventManager : Event: ======'machine_var_audits_missing_switches_s_i_iceman_target'====== Args={'value': 39, 'prev_value': None, 'change': True}
2025-10-28 21:45:36,799 : INFO : EventManager : Event: ======'machine_var_audits_missing_switches_s_inlane_left'====== Args={'value': 173, 'prev_value': None, 'change': True}
2025-10-28 21:45:36,799 : INFO : EventManager : Event: ======'machine_var_audits_missing_switches_s_inner_inlane_right'====== Args={'value': 53, 'prev_value': None, 'change': True}
2025-10-28 21:45:36,799 : INFO : EventManager : Event: ======'machine_var_audits_missing_switches_s_jam'====== Args={'value': 179, 'prev_value': None, 'change': True}
2025-10-28 21:45:36,799 : INFO : EventManager : Event: ======'machine_var_audits_missing_switches_s_k_lock_target'====== Args={'value': 177, 'prev_value': None, 'change': True}
2025-10-28 21:45:36,799 : INFO : EventManager : Event: ======'machine_var_audits_missing_switches_s_l_lock_target'====== Args={'value': 177, 'prev_value': None, 'change': True}
2025-10-28 21:45:36,799 : INFO : EventManager : Event: ======'machine_var_audits_missing_switches_s_lane_left'====== Args={'value': 22, 'prev_value': None, 'change': True}
2025-10-28 21:45:36,799 : INFO : EventManager : Event: ======'machine_var_audits_missing_switches_s_lock_goose'====== Args={'value': 242, 'prev_value': None, 'change': True}
2025-10-28 21:45:36,799 : INFO : EventManager : Event: ======'machine_var_audits_missing_switches_s_lock_mav'====== Args={'value': 242, 'prev_value': None, 'change': True}
2025-10-28 21:45:36,799 : INFO : EventManager : Event: ======'machine_var_audits_missing_switches_s_lock_plunger'====== Args={'value': 76, 'prev_value': None, 'change': True}
2025-10-28 21:45:36,799 : INFO : EventManager : Event: ======'machine_var_audits_missing_switches_s_m_iceman_target'====== Args={'value': 11, 'prev_value': None, 'change': True}
2025-10-28 21:45:36,799 : INFO : EventManager : Event: ======'machine_var_audits_missing_switches_s_mig_lane_left'====== Args={'value': 11, 'prev_value': None, 'change': True}
2025-10-28 21:45:36,799 : INFO : EventManager : Event: ======'machine_var_audits_missing_switches_s_mig_lane_right'====== Args={'value': 77, 'prev_value': None, 'change': True}
2025-10-28 21:45:36,799 : INFO : EventManager : Event: ======'machine_var_audits_missing_switches_s_mode_start'====== Args={'value': 242, 'prev_value': None, 'change': True}
2025-10-28 21:45:36,799 : INFO : EventManager : Event: ======'machine_var_audits_missing_switches_s_o_lock_target'====== Args={'value': 177, 'prev_value': None, 'change': True}
2025-10-28 21:45:36,799 : INFO : EventManager : Event: ======'machine_var_audits_missing_switches_s_orbit_left'====== Args={'value': 34, 'prev_value': None, 'change': True}
2025-10-28 21:45:36,799 : INFO : EventManager : Event: ======'machine_var_audits_missing_switches_s_orbit_lower'====== Args={'value': 77, 'prev_value': None, 'change': True}
2025-10-28 21:45:36,799 : INFO : EventManager : Event: ======'machine_var_audits_missing_switches_s_orbit_right'====== Args={'value': 77, 'prev_value': None, 'change': True}
2025-10-28 21:45:36,799 : INFO : EventManager : Event: ======'machine_var_audits_missing_switches_s_orbit_upper'====== Args={'value': 34, 'prev_value': None, 'change': True}
2025-10-28 21:45:36,799 : INFO : EventManager : Event: ======'machine_var_audits_missing_switches_s_outer_inlane_right'====== Args={'value': 53, 'prev_value': None, 'change': True}
2025-10-28 21:45:36,799 : INFO : EventManager : Event: ======'machine_var_audits_missing_switches_s_outlane_left'====== Args={'value': 242, 'prev_value': None, 'change': True}
2025-10-28 21:45:36,799 : INFO : EventManager : Event: ======'machine_var_audits_missing_switches_s_outlane_right'====== Args={'value': 179, 'prev_value': None, 'change': True}
2025-10-28 21:45:36,799 : INFO : EventManager : Event: ======'machine_var_audits_missing_switches_s_plunger_lane'====== Args={'value': 10, 'prev_value': None, 'change': True}
2025-10-28 21:45:36,799 : INFO : EventManager : Event: ======'machine_var_audits_missing_switches_s_ramp_left_exit'====== Args={'value': 242, 'prev_value': None, 'change': True}
2025-10-28 21:45:36,799 : INFO : EventManager : Event: ======'machine_var_audits_missing_switches_s_ramp_right_exit'====== Args={'value': 34, 'prev_value': None, 'change': True}
2025-10-28 21:45:36,799 : INFO : EventManager : Event: ======'machine_var_audits_missing_switches_s_ramp_tower_exit'====== Args={'value': 34, 'prev_value': None, 'change': True}
2025-10-28 21:45:36,799 : INFO : EventManager : Event: ======'machine_var_audits_missing_switches_s_slingshot_left'====== Args={'value': 177, 'prev_value': None, 'change': True}
2025-10-28 21:45:36,799 : INFO : EventManager : Event: ======'machine_var_audits_missing_switches_s_slingshot_right'====== Args={'value': 177, 'prev_value': None, 'change': True}
2025-10-28 21:45:36,799 : INFO : EventManager : Event: ======'machine_var_audits_missing_switches_s_spinner'====== Args={'value': 34, 'prev_value': None, 'change': True}
2025-10-28 21:45:36,801 : INFO : EventManager : Event: ======'machine_var_audits_missing_switches_s_start'====== Args={'value': 13, 'prev_value': None, 'change': True}
2025-10-28 21:45:36,801 : INFO : EventManager : Event: ======'machine_var_audits_missing_switches_s_tilt'====== Args={'value': 180, 'prev_value': None, 'change': True}
2025-10-28 21:45:36,801 : INFO : EventManager : Event: ======'machine_var_audits_missing_switches_s_trough_1'====== Args={'value': 218, 'prev_value': None, 'change': True}
2025-10-28 21:45:36,801 : INFO : EventManager : Event: ======'machine_var_audits_missing_switches_s_trough_2'====== Args={'value': 218, 'prev_value': None, 'change': True}
2025-10-28 21:45:36,801 : INFO : EventManager : Event: ======'machine_var_audits_missing_switches_s_trough_3'====== Args={'value': 218, 'prev_value': None, 'change': True}
2025-10-28 21:45:36,801 : INFO : EventManager : Event: ======'machine_var_audits_missing_switches_s_trough_4'====== Args={'value': 293, 'prev_value': None, 'change': True}
2025-10-28 21:45:36,801 : INFO : EventManager : Event: ======'machine_var_audits_missing_switches_s_trough_5'====== Args={'value': 293, 'prev_value': None, 'change': True}
2025-10-28 21:45:36,801 : INFO : EventManager : Event: ======'machine_var_audits_missing_switches_s_trough_6'====== Args={'value': 9, 'prev_value': None, 'change': True}
2025-10-28 21:45:36,801 : INFO : EventManager : Event: ======'machine_var_audits_player_score'====== Args={'value': {'average': 787666, 'top': [2229000, 73000, 61000], 'total': 3}, 'prev_value': None, 'change': True}
2025-10-28 21:45:36,801 : INFO : EventManager : Event: ======'machine_var_audits_shots_bumper_center'====== Args={'value': 507, 'prev_value': None, 'change': True}
2025-10-28 21:45:36,801 : INFO : EventManager : Event: ======'machine_var_audits_shots_bumper_left'====== Args={'value': 612, 'prev_value': None, 'change': True}
2025-10-28 21:45:36,801 : INFO : EventManager : Event: ======'machine_var_audits_shots_bumper_right'====== Args={'value': 369, 'prev_value': None, 'change': True}
2025-10-28 21:45:36,801 : INFO : EventManager : Event: ======'machine_var_audits_shots_mach_ramp'====== Args={'value': 242, 'prev_value': None, 'change': True}
2025-10-28 21:45:36,801 : INFO : EventManager : Event: ======'machine_var_audits_shots_mig_lane_left'====== Args={'value': 93, 'prev_value': None, 'change': True}
2025-10-28 21:45:36,801 : INFO : EventManager : Event: ======'machine_var_audits_shots_mig_lane_right'====== Args={'value': 13, 'prev_value': None, 'change': True}
2025-10-28 21:45:36,801 : INFO : EventManager : Event: ======'machine_var_audits_shots_orbit_upper'====== Args={'value': 13, 'prev_value': None, 'change': True}
2025-10-28 21:45:36,801 : INFO : EventManager : Event: ======'machine_var_audits_shots_ramp_inner'====== Args={'value': 41, 'prev_value': None, 'change': True}
2025-10-28 21:45:36,801 : INFO : EventManager : Event: ======'machine_var_audits_shots_spinner'====== Args={'value': 5, 'prev_value': None, 'change': True}
2025-10-28 21:45:36,801 : INFO : EventManager : Event: ======'machine_var_audits_switches_s_a_iceman_target'====== Args={'value': 28, 'prev_value': None, 'change': True}
2025-10-28 21:45:36,801 : INFO : EventManager : Event: ======'machine_var_audits_switches_s_barrier_target'====== Args={'value': 8, 'prev_value': None, 'change': True}
2025-10-28 21:45:36,802 : INFO : EventManager : Event: ======'machine_var_audits_switches_s_bumper_center'====== Args={'value': 527, 'prev_value': None, 'change': True}
2025-10-28 21:45:36,802 : INFO : EventManager : Event: ======'machine_var_audits_switches_s_bumper_left'====== Args={'value': 643, 'prev_value': None, 'change': True}
2025-10-28 21:45:36,802 : INFO : EventManager : Event: ======'machine_var_audits_switches_s_bumper_right'====== Args={'value': 375, 'prev_value': None, 'change': True}
2025-10-28 21:45:36,802 : INFO : EventManager : Event: ======'machine_var_audits_switches_s_c_iceman_target'====== Args={'value': 41, 'prev_value': None, 'change': True}
2025-10-28 21:45:36,802 : INFO : EventManager : Event: ======'machine_var_audits_switches_s_c_lock_target'====== Args={'value': 5, 'prev_value': None, 'change': True}
2025-10-28 21:45:36,802 : INFO : EventManager : Event: ======'machine_var_audits_switches_s_coin_door'====== Args={'value': 0, 'prev_value': None, 'change': True}
2025-10-28 21:45:36,802 : INFO : EventManager : Event: ======'machine_var_audits_switches_s_coin_door_credit_left'====== Args={'value': 0, 'prev_value': None, 'change': True}
2025-10-28 21:45:36,802 : INFO : EventManager : Event: ======'machine_var_audits_switches_s_coin_door_credit_right'====== Args={'value': 0, 'prev_value': None, 'change': True}
2025-10-28 21:45:36,802 : INFO : EventManager : Event: ======'machine_var_audits_switches_s_coin_door_service_1'====== Args={'value': 0, 'prev_value': None, 'change': True}
2025-10-28 21:45:36,802 : INFO : EventManager : Event: ======'machine_var_audits_switches_s_coin_door_service_2'====== Args={'value': 0, 'prev_value': None, 'change': True}
2025-10-28 21:45:36,802 : INFO : EventManager : Event: ======'machine_var_audits_switches_s_coin_door_service_3'====== Args={'value': 0, 'prev_value': None, 'change': True}
2025-10-28 21:45:36,802 : INFO : EventManager : Event: ======'machine_var_audits_switches_s_coin_door_service_4'====== Args={'value': 0, 'prev_value': None, 'change': True}
2025-10-28 21:45:36,802 : INFO : EventManager : Event: ======'machine_var_audits_switches_s_e_iceman_target'====== Args={'value': 59, 'prev_value': None, 'change': True}
2025-10-28 21:45:36,802 : INFO : EventManager : Event: ======'machine_var_audits_switches_s_flight_gear_target'====== Args={'value': 54, 'prev_value': None, 'change': True}
2025-10-28 21:45:36,802 : INFO : EventManager : Event: ======'machine_var_audits_switches_s_flipper_left'====== Args={'value': 9, 'prev_value': None, 'change': True}
2025-10-28 21:45:36,802 : INFO : EventManager : Event: ======'machine_var_audits_switches_s_flipper_left_eos'====== Args={'value': 0, 'prev_value': None, 'change': True}
2025-10-28 21:45:36,802 : INFO : EventManager : Event: ======'machine_var_audits_switches_s_flipper_left_upper'====== Args={'value': 0, 'prev_value': None, 'change': True}
2025-10-28 21:45:36,802 : INFO : EventManager : Event: ======'machine_var_audits_switches_s_flipper_left_upper_eos'====== Args={'value': 0, 'prev_value': None, 'change': True}
2025-10-28 21:45:36,802 : INFO : EventManager : Event: ======'machine_var_audits_switches_s_flipper_right'====== Args={'value': 17, 'prev_value': None, 'change': True}
2025-10-28 21:45:36,802 : INFO : EventManager : Event: ======'machine_var_audits_switches_s_flipper_right_eos'====== Args={'value': 0, 'prev_value': None, 'change': True}
2025-10-28 21:45:36,802 : INFO : EventManager : Event: ======'machine_var_audits_switches_s_i_iceman_target'====== Args={'value': 10, 'prev_value': None, 'change': True}
2025-10-28 21:45:36,803 : INFO : EventManager : Event: ======'machine_var_audits_switches_s_inlane_left'====== Args={'value': 53, 'prev_value': None, 'change': True}
2025-10-28 21:45:36,803 : INFO : EventManager : Event: ======'machine_var_audits_switches_s_inner_inlane_right'====== Args={'value': 4, 'prev_value': None, 'change': True}
2025-10-28 21:45:36,803 : INFO : EventManager : Event: ======'machine_var_audits_switches_s_jam'====== Args={'value': 1, 'prev_value': None, 'change': True}
2025-10-28 21:45:36,803 : INFO : EventManager : Event: ======'machine_var_audits_switches_s_k_lock_target'====== Args={'value': 5, 'prev_value': None, 'change': True}
2025-10-28 21:45:36,803 : INFO : EventManager : Event: ======'machine_var_audits_switches_s_l_lock_target'====== Args={'value': 5, 'prev_value': None, 'change': True}
2025-10-28 21:45:36,803 : INFO : EventManager : Event: ======'machine_var_audits_switches_s_lane_left'====== Args={'value': 253, 'prev_value': None, 'change': True}
2025-10-28 21:45:36,803 : INFO : EventManager : Event: ======'machine_var_audits_switches_s_lane_right'====== Args={'value': 177, 'prev_value': None, 'change': True}
2025-10-28 21:45:36,803 : INFO : EventManager : Event: ======'machine_var_audits_switches_s_lock_goose'====== Args={'value': 0, 'prev_value': None, 'change': True}
2025-10-28 21:45:36,803 : INFO : EventManager : Event: ======'machine_var_audits_switches_s_lock_mav'====== Args={'value': 0, 'prev_value': None, 'change': True}
2025-10-28 21:45:36,803 : INFO : EventManager : Event: ======'machine_var_audits_switches_s_lock_plunger'====== Args={'value': 3, 'prev_value': None, 'change': True}
2025-10-28 21:45:36,803 : INFO : EventManager : Event: ======'machine_var_audits_switches_s_m_iceman_target'====== Args={'value': 32, 'prev_value': None, 'change': True}
2025-10-28 21:45:36,803 : INFO : EventManager : Event: ======'machine_var_audits_switches_s_mig_lane_left'====== Args={'value': 124, 'prev_value': None, 'change': True}
2025-10-28 21:45:36,803 : INFO : EventManager : Event: ======'machine_var_audits_switches_s_mig_lane_right'====== Args={'value': 16, 'prev_value': None, 'change': True}
2025-10-28 21:45:36,803 : INFO : EventManager : Event: ======'machine_var_audits_switches_s_mode_start'====== Args={'value': 0, 'prev_value': None, 'change': True}
2025-10-28 21:45:36,803 : INFO : EventManager : Event: ======'machine_var_audits_switches_s_n_iceman_target'====== Args={'value': 77, 'prev_value': None, 'change': True}
2025-10-28 21:45:36,803 : INFO : EventManager : Event: ======'machine_var_audits_switches_s_o_lock_target'====== Args={'value': 5, 'prev_value': None, 'change': True}
2025-10-28 21:45:36,803 : INFO : EventManager : Event: ======'machine_var_audits_switches_s_orbit_left'====== Args={'value': 58, 'prev_value': None, 'change': True}
2025-10-28 21:45:36,803 : INFO : EventManager : Event: ======'machine_var_audits_switches_s_orbit_lower'====== Args={'value': 2, 'prev_value': None, 'change': True}
2025-10-28 21:45:36,803 : INFO : EventManager : Event: ======'machine_var_audits_switches_s_orbit_right'====== Args={'value': 15, 'prev_value': None, 'change': True}
2025-10-28 21:45:36,803 : INFO : EventManager : Event: ======'machine_var_audits_switches_s_orbit_upper'====== Args={'value': 17, 'prev_value': None, 'change': True}
2025-10-28 21:45:36,804 : INFO : EventManager : Event: ======'machine_var_audits_switches_s_outer_inlane_right'====== Args={'value': 6, 'prev_value': None, 'change': True}
2025-10-28 21:45:36,804 : INFO : EventManager : Event: ======'machine_var_audits_switches_s_outlane_left'====== Args={'value': 0, 'prev_value': None, 'change': True}
2025-10-28 21:45:36,804 : INFO : EventManager : Event: ======'machine_var_audits_switches_s_outlane_right'====== Args={'value': 4, 'prev_value': None, 'change': True}
2025-10-28 21:45:36,804 : INFO : EventManager : Event: ======'machine_var_audits_switches_s_plunger_lane'====== Args={'value': 46, 'prev_value': None, 'change': True}
2025-10-28 21:45:36,804 : INFO : EventManager : Event: ======'machine_var_audits_switches_s_ramp_inner_exit'====== Args={'value': 286, 'prev_value': None, 'change': True}
2025-10-28 21:45:36,804 : INFO : EventManager : Event: ======'machine_var_audits_switches_s_ramp_left_exit'====== Args={'value': 0, 'prev_value': None, 'change': True}
2025-10-28 21:45:36,804 : INFO : EventManager : Event: ======'machine_var_audits_switches_s_ramp_right_exit'====== Args={'value': 7, 'prev_value': None, 'change': True}
2025-10-28 21:45:36,804 : INFO : EventManager : Event: ======'machine_var_audits_switches_s_ramp_tower_exit'====== Args={'value': 6, 'prev_value': None, 'change': True}
2025-10-28 21:45:36,804 : INFO : EventManager : Event: ======'machine_var_audits_switches_s_shooter_lane'====== Args={'value': 250, 'prev_value': None, 'change': True}
2025-10-28 21:45:36,804 : INFO : EventManager : Event: ======'machine_var_audits_switches_s_slingshot_left'====== Args={'value': 8, 'prev_value': None, 'change': True}
2025-10-28 21:45:36,804 : INFO : EventManager : Event: ======'machine_var_audits_switches_s_slingshot_right'====== Args={'value': 7, 'prev_value': None, 'change': True}
2025-10-28 21:45:36,804 : INFO : EventManager : Event: ======'machine_var_audits_switches_s_spinner'====== Args={'value': 112, 'prev_value': None, 'change': True}
2025-10-28 21:45:36,804 : INFO : EventManager : Event: ======'machine_var_audits_switches_s_start'====== Args={'value': 163, 'prev_value': None, 'change': True}
2025-10-28 21:45:36,804 : INFO : EventManager : Event: ======'machine_var_audits_switches_s_tilt'====== Args={'value': 0, 'prev_value': None, 'change': True}
2025-10-28 21:45:36,804 : INFO : EventManager : Event: ======'machine_var_audits_switches_s_trough_1'====== Args={'value': 2, 'prev_value': None, 'change': True}
2025-10-28 21:45:36,804 : INFO : EventManager : Event: ======'machine_var_audits_switches_s_trough_2'====== Args={'value': 1, 'prev_value': None, 'change': True}
2025-10-28 21:45:36,804 : INFO : EventManager : Event: ======'machine_var_audits_switches_s_trough_3'====== Args={'value': 1, 'prev_value': None, 'change': True}
2025-10-28 21:45:36,804 : INFO : EventManager : Event: ======'machine_var_audits_switches_s_trough_4'====== Args={'value': 0, 'prev_value': None, 'change': True}
2025-10-28 21:45:36,804 : INFO : EventManager : Event: ======'machine_var_audits_switches_s_trough_5'====== Args={'value': 0, 'prev_value': None, 'change': True}
2025-10-28 21:45:36,804 : INFO : EventManager : Event: ======'machine_var_audits_switches_s_trough_6'====== Args={'value': 166, 'prev_value': None, 'change': True}
2025-10-28 21:45:36,805 : INFO : EventManager : Event: ======'init_phase_5'====== Args={}
2025-10-28 21:45:36,805 : INFO : EventManager : Event: ======'init_done'====== Args={}
2025-10-28 21:45:36,805 : INFO : EventManager : Event: ======'machine_reset_phase_1'====== Args={}
2025-10-28 21:45:36,810 : INFO : EventManager : Event: ======'machine_reset_phase_2'====== Args={}
2025-10-28 21:45:36,810 : INFO : EventManager : Event: ======'machine_reset_phase_3'====== Args={}
2025-10-28 21:45:36,810 : INFO : EventManager : Event: ======'reset_complete'====== Args={}
2025-10-28 21:45:36,811 : INFO : EventManager : Event: ======'mode_attract_will_start'====== Args={}
2025-10-28 21:45:36,811 : INFO : Timer.attract_carousel_timer : Starting Timer.
2025-10-28 21:45:36,811 : INFO : EventManager : Event: ======'timer_attract_carousel_timer_started'====== Args={'ticks': 0, 'ticks_remaining': 1}
2025-10-28 21:45:36,811 : INFO : EventManager : Event: ======'timer_attract_carousel_timer_tick'====== Args={'ticks': 0, 'ticks_remaining': 1}
2025-10-28 21:45:36,813 : INFO : EventManager : Event: ======'mode_attract_starting'====== Args={}
2025-10-28 21:45:36,813 : INFO : Mode.attract : Started. Priority: 10
2025-10-28 21:45:36,813 : INFO : EventManager : Event: ======'modes_active_modes_changed'====== Args={}
2025-10-28 21:45:36,813 : INFO : EventManager : Event: ======'mode_attract_started'====== Args={}
2025-10-28 21:45:36,813 : INFO : EventManager : Event: ======'attract_cycle_step1'====== Args={'priority': 0}
2025-10-28 21:45:36,814 : INFO : EventManager : Event: ======'collecting_balls_complete'====== Args={}
2025-10-28 21:45:36,816 : INFO : EventManager : Event: ======'item_highlighted'====== Args={'carousel': 'attract', 'direction': None, 'item': 'title'}
2025-10-28 21:45:36,816 : INFO : EventManager : Event: ======'timer_attract_carousel_timer_tick'====== Args={'ticks': 0, 'ticks_remaining': 1}
2025-10-28 21:45:36,817 : INFO : Machine : Starting the main run loop with active modes: [<Mode.attract>]
2025-10-28 21:45:36,841 : INFO : BcpServer : New client connected.
2025-10-28 21:45:36,907 : INFO : EventManager : Event: ======'slide_attract_created'====== Args={'_from_bcp': True}
2025-10-28 21:45:36,908 : INFO : EventManager : Event: ======'slide__removed'====== Args={'_from_bcp': True}
2025-10-28 21:45:36,909 : INFO : EventManager : Event: ======'slide_attract_active'====== Args={'original_context': 'attract', 'original_calling_context': 'mode_attract_started', 'priority': 10.0, 'cmd': 'slides_play', '_from_bcp': True}
2025-10-28 21:45:43,821 : INFO : Timer.attract_carousel_timer : Timer Complete
2025-10-28 21:45:43,821 : INFO : Timer.attract_carousel_timer : Stopping Timer
2025-10-28 21:45:43,821 : INFO : EventManager : Event: ======'timer_attract_carousel_timer_stopped'====== Args={'ticks': 1, 'ticks_remaining': 1}
2025-10-28 21:45:43,821 : INFO : EventManager : Event: ======'timer_attract_carousel_timer_complete'====== Args={'ticks': 1, 'ticks_remaining': 1}
2025-10-28 21:45:43,823 : INFO : EventManager : Event: ======'item_highlighted'====== Args={'carousel': 'attract', 'direction': 'forwards', 'item': 'presented_by'}
2025-10-28 21:45:43,824 : INFO : Timer.attract_carousel_timer : Starting Timer.
2025-10-28 21:45:43,824 : INFO : EventManager : Event: ======'timer_attract_carousel_timer_started'====== Args={'ticks': 0, 'ticks_remaining': 1}
2025-10-28 21:45:43,824 : INFO : EventManager : Event: ======'timer_attract_carousel_timer_tick'====== Args={'ticks': 0, 'ticks_remaining': 1}
2025-10-28 21:45:48,989 : INFO : EventManager : Event: ======'attract_cycle_step2'====== Args={}
2025-10-28 21:45:50,830 : INFO : Timer.attract_carousel_timer : Timer Complete
2025-10-28 21:45:50,830 : INFO : Timer.attract_carousel_timer : Stopping Timer
2025-10-28 21:45:50,830 : INFO : EventManager : Event: ======'timer_attract_carousel_timer_stopped'====== Args={'ticks': 1, 'ticks_remaining': 1}
2025-10-28 21:45:50,831 : INFO : EventManager : Event: ======'timer_attract_carousel_timer_complete'====== Args={'ticks': 1, 'ticks_remaining': 1}
2025-10-28 21:45:50,831 : INFO : EventManager : Event: ======'item_highlighted'====== Args={'carousel': 'attract', 'direction': 'forwards', 'item': 'hotrod_pinball_logo'}
2025-10-28 21:45:50,833 : INFO : Timer.attract_carousel_timer : Starting Timer.
2025-10-28 21:45:50,833 : INFO : EventManager : Event: ======'timer_attract_carousel_timer_started'====== Args={'ticks': 0, 'ticks_remaining': 1}
2025-10-28 21:45:50,833 : INFO : EventManager : Event: ======'timer_attract_carousel_timer_tick'====== Args={'ticks': 0, 'ticks_remaining': 1}
2025-10-28 21:45:57,815 : INFO : Timer.attract_carousel_timer : Timer Complete
2025-10-28 21:45:57,815 : INFO : Timer.attract_carousel_timer : Stopping Timer
2025-10-28 21:45:57,815 : INFO : EventManager : Event: ======'timer_attract_carousel_timer_stopped'====== Args={'ticks': 1, 'ticks_remaining': 1}
2025-10-28 21:45:57,816 : INFO : EventManager : Event: ======'timer_attract_carousel_timer_complete'====== Args={'ticks': 1, 'ticks_remaining': 1}
2025-10-28 21:45:57,816 : INFO : EventManager : Event: ======'item_highlighted'====== Args={'carousel': 'attract', 'direction': 'forwards', 'item': 'mpf_logo'}
2025-10-28 21:45:57,817 : INFO : Timer.attract_carousel_timer : Starting Timer.
2025-10-28 21:45:57,817 : INFO : EventManager : Event: ======'timer_attract_carousel_timer_started'====== Args={'ticks': 0, 'ticks_remaining': 1}
2025-10-28 21:45:57,817 : INFO : EventManager : Event: ======'timer_attract_carousel_timer_tick'====== Args={'ticks': 0, 'ticks_remaining': 1}
2025-10-28 21:46:00,591 : INFO : EventManager : Event: ======'attract_cycle_step3'====== Args={}
2025-10-28 21:46:04,823 : INFO : Timer.attract_carousel_timer : Timer Complete
2025-10-28 21:46:04,823 : INFO : Timer.attract_carousel_timer : Stopping Timer
2025-10-28 21:46:04,824 : INFO : EventManager : Event: ======'timer_attract_carousel_timer_stopped'====== Args={'ticks': 1, 'ticks_remaining': 1}
2025-10-28 21:46:04,824 : INFO : EventManager : Event: ======'timer_attract_carousel_timer_complete'====== Args={'ticks': 1, 'ticks_remaining': 1}
2025-10-28 21:46:04,825 : INFO : EventManager : Event: ======'item_highlighted'====== Args={'carousel': 'attract', 'direction': 'forwards', 'item': 'credits'}
2025-10-28 21:46:04,826 : INFO : Timer.attract_carousel_timer : Starting Timer.
2025-10-28 21:46:04,826 : INFO : EventManager : Event: ======'timer_attract_carousel_timer_started'====== Args={'ticks': 0, 'ticks_remaining': 1}
2025-10-28 21:46:04,826 : INFO : EventManager : Event: ======'timer_attract_carousel_timer_tick'====== Args={'ticks': 0, 'ticks_remaining': 1}
2025-10-28 21:46:11,832 : INFO : Timer.attract_carousel_timer : Timer Complete
2025-10-28 21:46:11,832 : INFO : Timer.attract_carousel_timer : Stopping Timer
2025-10-28 21:46:11,832 : INFO : EventManager : Event: ======'timer_attract_carousel_timer_stopped'====== Args={'ticks': 1, 'ticks_remaining': 1}
2025-10-28 21:46:11,832 : INFO : EventManager : Event: ======'timer_attract_carousel_timer_complete'====== Args={'ticks': 1, 'ticks_remaining': 1}
2025-10-28 21:46:11,833 : INFO : EventManager : Event: ======'item_highlighted'====== Args={'carousel': 'attract', 'direction': 'forwards', 'item': 'last_scores_1p'}
2025-10-28 21:46:11,833 : INFO : Timer.attract_carousel_timer : Starting Timer.
2025-10-28 21:46:11,833 : INFO : EventManager : Event: ======'timer_attract_carousel_timer_started'====== Args={'ticks': 0, 'ticks_remaining': 1}
2025-10-28 21:46:11,833 : INFO : EventManager : Event: ======'timer_attract_carousel_timer_tick'====== Args={'ticks': 0, 'ticks_remaining': 1}
2025-10-28 21:46:18,826 : INFO : Timer.attract_carousel_timer : Timer Complete
2025-10-28 21:46:18,826 : INFO : Timer.attract_carousel_timer : Stopping Timer
2025-10-28 21:46:18,827 : INFO : EventManager : Event: ======'timer_attract_carousel_timer_stopped'====== Args={'ticks': 1, 'ticks_remaining': 1}
2025-10-28 21:46:18,827 : INFO : EventManager : Event: ======'timer_attract_carousel_timer_complete'====== Args={'ticks': 1, 'ticks_remaining': 1}
2025-10-28 21:46:18,828 : INFO : EventManager : Event: ======'item_highlighted'====== Args={'carousel': 'attract', 'direction': 'forwards', 'item': 'title'}
2025-10-28 21:46:18,829 : INFO : Timer.attract_carousel_timer : Starting Timer.
2025-10-28 21:46:18,829 : INFO : EventManager : Event: ======'timer_attract_carousel_timer_started'====== Args={'ticks': 0, 'ticks_remaining': 1}
2025-10-28 21:46:18,829 : INFO : EventManager : Event: ======'timer_attract_carousel_timer_tick'====== Args={'ticks': 0, 'ticks_remaining': 1}
2025-10-28 21:46:18,829 : INFO : EventManager : Event: ======'attract_cycle_step4'====== Args={}
2025-10-28 21:46:25,828 : INFO : Timer.attract_carousel_timer : Timer Complete
2025-10-28 21:46:25,828 : INFO : Timer.attract_carousel_timer : Stopping Timer
2025-10-28 21:46:25,828 : INFO : EventManager : Event: ======'timer_attract_carousel_timer_stopped'====== Args={'ticks': 1, 'ticks_remaining': 1}
2025-10-28 21:46:25,828 : INFO : EventManager : Event: ======'timer_attract_carousel_timer_complete'====== Args={'ticks': 1, 'ticks_remaining': 1}
2025-10-28 21:46:25,830 : INFO : EventManager : Event: ======'item_highlighted'====== Args={'carousel': 'attract', 'direction': 'forwards', 'item': 'presented_by'}
2025-10-28 21:46:25,830 : INFO : Timer.attract_carousel_timer : Starting Timer.
2025-10-28 21:46:25,830 : INFO : EventManager : Event: ======'timer_attract_carousel_timer_started'====== Args={'ticks': 0, 'ticks_remaining': 1}
2025-10-28 21:46:25,831 : INFO : EventManager : Event: ======'timer_attract_carousel_timer_tick'====== Args={'ticks': 0, 'ticks_remaining': 1}
2025-10-28 21:46:32,822 : INFO : Timer.attract_carousel_timer : Timer Complete
2025-10-28 21:46:32,822 : INFO : Timer.attract_carousel_timer : Stopping Timer
2025-10-28 21:46:32,822 : INFO : EventManager : Event: ======'timer_attract_carousel_timer_stopped'====== Args={'ticks': 1, 'ticks_remaining': 1}
2025-10-28 21:46:32,823 : INFO : EventManager : Event: ======'timer_attract_carousel_timer_complete'====== Args={'ticks': 1, 'ticks_remaining': 1}
2025-10-28 21:46:32,823 : INFO : EventManager : Event: ======'item_highlighted'====== Args={'carousel': 'attract', 'direction': 'forwards', 'item': 'hotrod_pinball_logo'}
2025-10-28 21:46:32,824 : INFO : Timer.attract_carousel_timer : Starting Timer.
2025-10-28 21:46:32,824 : INFO : EventManager : Event: ======'timer_attract_carousel_timer_started'====== Args={'ticks': 0, 'ticks_remaining': 1}
2025-10-28 21:46:32,824 : INFO : EventManager : Event: ======'timer_attract_carousel_timer_tick'====== Args={'ticks': 0, 'ticks_remaining': 1}
2025-10-28 21:46:34,672 : INFO : EventManager : Event: ======'attract_cycle_step5'====== Args={}
2025-10-28 21:46:39,843 : INFO : Timer.attract_carousel_timer : Timer Complete
2025-10-28 21:46:39,843 : INFO : Timer.attract_carousel_timer : Stopping Timer
2025-10-28 21:46:39,843 : INFO : EventManager : Event: ======'timer_attract_carousel_timer_stopped'====== Args={'ticks': 1, 'ticks_remaining': 1}
2025-10-28 21:46:39,843 : INFO : EventManager : Event: ======'timer_attract_carousel_timer_complete'====== Args={'ticks': 1, 'ticks_remaining': 1}
2025-10-28 21:46:39,844 : INFO : EventManager : Event: ======'item_highlighted'====== Args={'carousel': 'attract', 'direction': 'forwards', 'item': 'mpf_logo'}
2025-10-28 21:46:39,844 : INFO : Timer.attract_carousel_timer : Starting Timer.
2025-10-28 21:46:39,844 : INFO : EventManager : Event: ======'timer_attract_carousel_timer_started'====== Args={'ticks': 0, 'ticks_remaining': 1}
2025-10-28 21:46:39,845 : INFO : EventManager : Event: ======'timer_attract_carousel_timer_tick'====== Args={'ticks': 0, 'ticks_remaining': 1}
2025-10-28 21:46:41,980 : INFO : EventManager : Event: ======'attract_cycle_step1'====== Args={}
2025-10-28 21:46:46,834 : INFO : Timer.attract_carousel_timer : Timer Complete
2025-10-28 21:46:46,834 : INFO : Timer.attract_carousel_timer : Stopping Timer
2025-10-28 21:46:46,834 : INFO : EventManager : Event: ======'timer_attract_carousel_timer_stopped'====== Args={'ticks': 1, 'ticks_remaining': 1}
2025-10-28 21:46:46,834 : INFO : EventManager : Event: ======'timer_attract_carousel_timer_complete'====== Args={'ticks': 1, 'ticks_remaining': 1}
2025-10-28 21:46:46,836 : INFO : EventManager : Event: ======'item_highlighted'====== Args={'carousel': 'attract', 'direction': 'forwards', 'item': 'credits'}
2025-10-28 21:46:46,836 : INFO : Timer.attract_carousel_timer : Starting Timer.
2025-10-28 21:46:46,836 : INFO : EventManager : Event: ======'timer_attract_carousel_timer_started'====== Args={'ticks': 0, 'ticks_remaining': 1}
2025-10-28 21:46:46,837 : INFO : EventManager : Event: ======'timer_attract_carousel_timer_tick'====== Args={'ticks': 0, 'ticks_remaining': 1}
2025-10-28 21:46:53,844 : INFO : Timer.attract_carousel_timer : Timer Complete
2025-10-28 21:46:53,844 : INFO : Timer.attract_carousel_timer : Stopping Timer
2025-10-28 21:46:53,844 : INFO : EventManager : Event: ======'timer_attract_carousel_timer_stopped'====== Args={'ticks': 1, 'ticks_remaining': 1}
2025-10-28 21:46:53,844 : INFO : EventManager : Event: ======'timer_attract_carousel_timer_complete'====== Args={'ticks': 1, 'ticks_remaining': 1}
2025-10-28 21:46:53,847 : INFO : EventManager : Event: ======'item_highlighted'====== Args={'carousel': 'attract', 'direction': 'forwards', 'item': 'last_scores_1p'}
2025-10-28 21:46:53,848 : INFO : Timer.attract_carousel_timer : Starting Timer.
2025-10-28 21:46:53,848 : INFO : EventManager : Event: ======'timer_attract_carousel_timer_started'====== Args={'ticks': 0, 'ticks_remaining': 1}
2025-10-28 21:46:53,848 : INFO : EventManager : Event: ======'timer_attract_carousel_timer_tick'====== Args={'ticks': 0, 'ticks_remaining': 1}
2025-10-28 21:46:54,161 : INFO : EventManager : Event: ======'attract_cycle_step2'====== Args={}
2025-10-28 21:47:00,862 : INFO : Timer.attract_carousel_timer : Timer Complete
2025-10-28 21:47:00,862 : INFO : Timer.attract_carousel_timer : Stopping Timer
2025-10-28 21:47:00,862 : INFO : EventManager : Event: ======'timer_attract_carousel_timer_stopped'====== Args={'ticks': 1, 'ticks_remaining': 1}
2025-10-28 21:47:00,862 : INFO : EventManager : Event: ======'timer_attract_carousel_timer_complete'====== Args={'ticks': 1, 'ticks_remaining': 1}
2025-10-28 21:47:00,863 : INFO : EventManager : Event: ======'item_highlighted'====== Args={'carousel': 'attract', 'direction': 'forwards', 'item': 'title'}
2025-10-28 21:47:00,864 : INFO : Timer.attract_carousel_timer : Starting Timer.
2025-10-28 21:47:00,864 : INFO : EventManager : Event: ======'timer_attract_carousel_timer_started'====== Args={'ticks': 0, 'ticks_remaining': 1}
2025-10-28 21:47:00,864 : INFO : EventManager : Event: ======'timer_attract_carousel_timer_tick'====== Args={'ticks': 0, 'ticks_remaining': 1}
2025-10-28 21:47:05,768 : INFO : EventManager : Event: ======'attract_cycle_step3'====== Args={}
2025-10-28 21:47:06,994 : INFO : Machine : Shutting down...
2025-10-28 21:47:06,994 : INFO : EventManager : Event: ======'shutdown'====== Args={}
2025-10-28 21:47:06,999 : INFO : root : MPF run loop ended.
