2025-10-03 22:06:22,255 : INFO : root : Loading config.
2025-10-03 22:06:22,258 : INFO : YamlMultifileConfigLoader : Machine config file #1: config.yaml
2025-10-03 22:06:22,259 : INFO : ConfigProcessor : Loading config from cache: C:\Users\White\AppData\Local\Temp\cfa6ecba65704a931c9dd214c44986c8.mpf_cache
2025-10-03 22:06:22,367 : INFO : ConfigProcessor : Loading config from cache: C:\Users\White\AppData\Local\Temp\f98ffc0ff5962effface7d86bc406d5c.mpf_cache
2025-10-03 22:06:22,368 : INFO : ConfigProcessor : Loading config from cache: C:\Users\White\AppData\Local\Temp\91cc4d1c993c58dc354e34974b9cfeac.mpf_cache
2025-10-03 22:06:22,369 : INFO : ConfigProcessor : Loading config from cache: C:\Users\White\AppData\Local\Temp\f98ffc0ff5962effface7d86bc406d5c.mpf_cache
2025-10-03 22:06:22,370 : WARNING : ConfigProcessor : Config file in cache changed: C:\Users\White\Documents\Top_Gun_Pinball\modes\base\config\base.yaml
2025-10-03 22:06:22,370 : INFO : ConfigProcessor : Loading config from file C:\Users\White\Documents\Top_Gun_Pinball\modes\base\config\base.yaml.
2025-10-03 22:06:22,384 : INFO : ConfigProcessor : Loading config: C:\Users\White\Documents\Top_Gun_Pinball\modes\base\config\base.yaml
2025-10-03 22:06:22,385 : INFO : ConfigProcessor : Config file cache created: C:\Users\White\AppData\Local\Temp\76792f1d686f89709887dba7bd69667a.mpf_cache
2025-10-03 22:06:22,385 : INFO : ConfigProcessor : Loading config from cache: C:\Users\White\AppData\Local\Temp\142bbae4707335cc8e3efaa4364c4893.mpf_cache
2025-10-03 22:06:22,386 : INFO : ConfigProcessor : Loading config from cache: C:\Users\White\AppData\Local\Temp\0f5f0ac41d1a2672d0d32cef2b12699e.mpf_cache
2025-10-03 22:06:22,398 : INFO : ConfigProcessor : Loading config from cache: C:\Users\White\AppData\Local\Temp\82e20c7c6490dd2e5fed726a3aa8d652.mpf_cache
2025-10-03 22:06:22,399 : INFO : ConfigProcessor : Loading config from cache: C:\Users\White\AppData\Local\Temp\359114d5ba2a6ad6c93d1559776bbb30.mpf_cache
2025-10-03 22:06:22,401 : INFO : ConfigProcessor : Loading config from cache: C:\Users\White\AppData\Local\Temp\d421369d6df802e4e6f8aa58f446b1a6.mpf_cache
2025-10-03 22:06:22,403 : INFO : ConfigProcessor : Loading config from cache: C:\Users\White\AppData\Local\Temp\310aa541ce6545037d37da470e7bd790.mpf_cache
2025-10-03 22:06:22,404 : INFO : ConfigProcessor : Loading config from cache: C:\Users\White\AppData\Local\Temp\2151caa0419aeb1e56d3d8934477383e.mpf_cache
2025-10-03 22:06:22,406 : INFO : ConfigProcessor : Loading config from cache: C:\Users\White\AppData\Local\Temp\17003635873251b4f6841bf4ab3bdcdd.mpf_cache
2025-10-03 22:06:22,407 : INFO : ConfigProcessor : Loading config from cache: C:\Users\White\AppData\Local\Temp\f70c640a816343cb9040222d7a9269d3.mpf_cache
2025-10-03 22:06:22,408 : INFO : ConfigProcessor : Loading config from cache: C:\Users\White\AppData\Local\Temp\30922048be1d0c17ea15fc75f7fbfe10.mpf_cache
2025-10-03 22:06:22,411 : INFO : ConfigProcessor : Loading config from cache: C:\Users\White\AppData\Local\Temp\58d7809d3d969de03aaf131fc45863f8.mpf_cache
2025-10-03 22:06:22,412 : INFO : ConfigProcessor : Loading config from cache: C:\Users\White\AppData\Local\Temp\d380fa2863f93e197660f0281ffd272b.mpf_cache
2025-10-03 22:06:22,413 : INFO : Machine : Mission Pinball Framework Core Engine v0.80.0.dev9
2025-10-03 22:06:22,413 : INFO : Machine : Command line arguments: {'no_load_cache': False, 'create_config_cache': True, 'bcp': True, 'configfile': ['config.yaml'], 'force_assets_load': False, 'platform_integration_test': False, 'jsonlogging': False, 'logfile': 'logs\\2025-10-03-22-06-22-mpf-TopGunPinball.log', 'pause': False, 'production': False, 'text_ui': False, 'loglevel': 15, 'consoleloglevel': 20, 'force_platform': 'virtual', 'syslog_address': None, 'full_logfile_path': 'C:\\Users\\White\\Documents\\Top_Gun_Pinball\\logs\\2025-10-03-22-06-22-mpf-TopGunPinball.log'}
2025-10-03 22:06:22,413 : INFO : Machine : MPF path: C:\Users\White\mpf\Lib\site-packages\mpf
2025-10-03 22:06:22,413 : INFO : Machine : Machine path: C:\Users\White\Documents\Top_Gun_Pinball
2025-10-03 22:06:22,413 : INFO : Machine : Platform: win32
2025-10-03 22:06:22,413 : INFO : Machine : Python executable location: C:\Users\White\mpf\Scripts\python.exe
2025-10-03 22:06:22,413 : INFO : Machine : Python version: 3.12.7 (64-bit)
2025-10-03 22:06:22,415 : INFO : Machine : Initializing MPF...
2025-10-03 22:06:22,503 : INFO : EventManager : Event: ======'machine_var_credits_string'====== Args={'value': 'FREE PLAY', 'prev_value': None, 'change': True}
2025-10-03 22:06:22,532 : INFO : EventManager : Event: ======'machine_var_master_volume'====== Args={'value': 0.5, 'prev_value': None, 'change': True}
2025-10-03 22:06:22,532 : INFO : EventManager : Event: ======'machine_var_player1_score'====== Args={'value': 2229000, 'prev_value': None, 'change': True}
2025-10-03 22:06:22,533 : INFO : EventManager : Event: ======'machine_var_mpf_version'====== Args={'value': 'Mission Pinball Framework v0.80.0.dev9', 'prev_value': None, 'change': True}
2025-10-03 22:06:22,533 : INFO : EventManager : Event: ======'machine_var_mpf_extended_version'====== Args={'value': 'Mission Pinball Framework v0.80.0.dev9, Config version:6, Show version: 6, BCP version:1.1', 'prev_value': None, 'change': True}
2025-10-03 22:06:22,533 : INFO : EventManager : Event: ======'machine_var_python_version'====== Args={'value': '3.12.7', 'prev_value': None, 'change': True}
2025-10-03 22:06:22,677 : INFO : EventManager : Event: ======'machine_var_platform'====== Args={'value': 'Windows-11-10.0.26100-SP0', 'prev_value': None, 'change': True}
2025-10-03 22:06:22,677 : INFO : EventManager : Event: ======'machine_var_platform_system'====== Args={'value': 'Windows', 'prev_value': None, 'change': True}
2025-10-03 22:06:22,677 : INFO : EventManager : Event: ======'machine_var_platform_release'====== Args={'value': '11', 'prev_value': None, 'change': True}
2025-10-03 22:06:22,677 : INFO : EventManager : Event: ======'machine_var_platform_version'====== Args={'value': '10.0.26100', 'prev_value': None, 'change': True}
2025-10-03 22:06:22,677 : INFO : EventManager : Event: ======'machine_var_platform_machine'====== Args={'value': 'AMD64', 'prev_value': None, 'change': True}
2025-10-03 22:06:22,677 : INFO : EventManager : Event: ======'machine_var_log_file_path'====== Args={'value': 'C:\\Users\\White\\Documents\\Top_Gun_Pinball\\logs\\2025-10-03-22-06-22-mpf-TopGunPinball.log', 'prev_value': None, 'change': True}
2025-10-03 22:06:22,677 : INFO : EventManager : Event: ======'init_phase_1'====== Args={}
2025-10-03 22:06:22,721 : INFO : EventManager : Event: ======'init_phase_2'====== Args={}
2025-10-03 22:06:22,723 : INFO : SwitchController : Found active switch: ('playfield_board_lower-3208-0', <Platform.Virtual>) <switch.s_trough_1>
2025-10-03 22:06:22,723 : INFO : SwitchController : Found active switch: ('playfield_board_lower-3208-1', <Platform.Virtual>) <switch.s_trough_2>
2025-10-03 22:06:22,723 : INFO : SwitchController : Found active switch: ('playfield_board_lower-3208-2', <Platform.Virtual>) <switch.s_trough_3>
2025-10-03 22:06:22,723 : INFO : SwitchController : Found active switch: ('playfield_board_lower-3208-3', <Platform.Virtual>) <switch.s_trough_4>
2025-10-03 22:06:22,723 : INFO : SwitchController : Found active switch: ('playfield_board_lower-3208-4', <Platform.Virtual>) <switch.s_trough_5>
2025-10-03 22:06:22,723 : INFO : SwitchController : Found active switch: ('playfield_board_lower-3208-5', <Platform.Virtual>) <switch.s_trough_6>
2025-10-03 22:06:22,728 : INFO : EventManager : Event: ======'bcp_connection_attempt'====== Args={'name': 'local_display', 'host': 'localhost', 'port': 5050}
2025-10-03 22:06:22,731 : INFO : BCPClientSocket : Connecting BCP to 'local_display' at localhost:5050...
2025-10-03 22:06:22,741 : INFO : BCPClientSocket : Connected BCP to 'local_display' localhost:5050
2025-10-03 22:06:22,743 : INFO : EventManager : Event: ======'bcp_clients_connected'====== Args={}
2025-10-03 22:06:22,743 : INFO : ball_device.bd_plunger : BCH: Initial count: 0
2025-10-03 22:06:22,743 : INFO : ball_device.bd_plunger : State: idle
2025-10-03 22:06:22,744 : INFO : ball_device.bd_trough : BCH: Initial count: 6
2025-10-03 22:06:22,744 : INFO : ball_device.bd_trough : State: idle
2025-10-03 22:06:22,744 : INFO : ball_device.bd_lock_elevator : BCH: Initial count: 0
2025-10-03 22:06:22,744 : INFO : ball_device.bd_lock_elevator : State: idle
2025-10-03 22:06:22,744 : INFO : ball_device.bd_mode_scoop : BCH: Initial count: 0
2025-10-03 22:06:22,745 : INFO : ball_device.bd_mode_scoop : State: idle
2025-10-03 22:06:22,769 : INFO : EventManager : Event: ======'init_phase_3'====== Args={}
2025-10-03 22:06:23,298 : INFO : EventManager : Event: ======'init_phase_4'====== Args={}
2025-10-03 22:06:23,298 : INFO : BallController : Initial balls found: 6
2025-10-03 22:06:23,299 : INFO : EventManager : Event: ======'machine_var_audits_events_game_ended'====== Args={'value': 2, 'prev_value': None, 'change': True}
2025-10-03 22:06:23,300 : INFO : EventManager : Event: ======'machine_var_audits_events_game_started'====== Args={'value': 200, 'prev_value': None, 'change': True}
2025-10-03 22:06:23,300 : INFO : EventManager : Event: ======'machine_var_audits_missing_switches_s_a_iceman_target'====== Args={'value': 66, 'prev_value': None, 'change': True}
2025-10-03 22:06:23,300 : INFO : EventManager : Event: ======'machine_var_audits_missing_switches_s_barrier_target'====== Args={'value': 84, 'prev_value': None, 'change': True}
2025-10-03 22:06:23,300 : INFO : EventManager : Event: ======'machine_var_audits_missing_switches_s_c_iceman_target'====== Args={'value': 34, 'prev_value': None, 'change': True}
2025-10-03 22:06:23,300 : INFO : EventManager : Event: ======'machine_var_audits_missing_switches_s_c_lock_target'====== Args={'value': 84, 'prev_value': None, 'change': True}
2025-10-03 22:06:23,300 : INFO : EventManager : Event: ======'machine_var_audits_missing_switches_s_coin_door'====== Args={'value': 87, 'prev_value': None, 'change': True}
2025-10-03 22:06:23,300 : INFO : EventManager : Event: ======'machine_var_audits_missing_switches_s_coin_door_service_1'====== Args={'value': 87, 'prev_value': None, 'change': True}
2025-10-03 22:06:23,300 : INFO : EventManager : Event: ======'machine_var_audits_missing_switches_s_coin_door_service_2'====== Args={'value': 87, 'prev_value': None, 'change': True}
2025-10-03 22:06:23,300 : INFO : EventManager : Event: ======'machine_var_audits_missing_switches_s_coin_door_service_3'====== Args={'value': 87, 'prev_value': None, 'change': True}
2025-10-03 22:06:23,300 : INFO : EventManager : Event: ======'machine_var_audits_missing_switches_s_coin_door_service_4'====== Args={'value': 87, 'prev_value': None, 'change': True}
2025-10-03 22:06:23,300 : INFO : EventManager : Event: ======'machine_var_audits_missing_switches_s_e_iceman_target'====== Args={'value': 34, 'prev_value': None, 'change': True}
2025-10-03 22:06:23,300 : INFO : EventManager : Event: ======'machine_var_audits_missing_switches_s_flight_gear_target'====== Args={'value': 84, 'prev_value': None, 'change': True}
2025-10-03 22:06:23,300 : INFO : EventManager : Event: ======'machine_var_audits_missing_switches_s_flipper_left'====== Args={'value': 145, 'prev_value': None, 'change': True}
2025-10-03 22:06:23,300 : INFO : EventManager : Event: ======'machine_var_audits_missing_switches_s_flipper_left_eos'====== Args={'value': 147, 'prev_value': None, 'change': True}
2025-10-03 22:06:23,300 : INFO : EventManager : Event: ======'machine_var_audits_missing_switches_s_flipper_left_upper'====== Args={'value': 149, 'prev_value': None, 'change': True}
2025-10-03 22:06:23,300 : INFO : EventManager : Event: ======'machine_var_audits_missing_switches_s_flipper_left_upper_eos'====== Args={'value': 147, 'prev_value': None, 'change': True}
2025-10-03 22:06:23,300 : INFO : EventManager : Event: ======'machine_var_audits_missing_switches_s_flipper_right'====== Args={'value': 83, 'prev_value': None, 'change': True}
2025-10-03 22:06:23,300 : INFO : EventManager : Event: ======'machine_var_audits_missing_switches_s_flipper_right_eos'====== Args={'value': 147, 'prev_value': None, 'change': True}
2025-10-03 22:06:23,300 : INFO : EventManager : Event: ======'machine_var_audits_missing_switches_s_i_iceman_target'====== Args={'value': 34, 'prev_value': None, 'change': True}
2025-10-03 22:06:23,300 : INFO : EventManager : Event: ======'machine_var_audits_missing_switches_s_inlane_left'====== Args={'value': 80, 'prev_value': None, 'change': True}
2025-10-03 22:06:23,300 : INFO : EventManager : Event: ======'machine_var_audits_missing_switches_s_inner_inlane_right'====== Args={'value': 84, 'prev_value': None, 'change': True}
2025-10-03 22:06:23,300 : INFO : EventManager : Event: ======'machine_var_audits_missing_switches_s_jam'====== Args={'value': 86, 'prev_value': None, 'change': True}
2025-10-03 22:06:23,300 : INFO : EventManager : Event: ======'machine_var_audits_missing_switches_s_k_lock_target'====== Args={'value': 84, 'prev_value': None, 'change': True}
2025-10-03 22:06:23,301 : INFO : EventManager : Event: ======'machine_var_audits_missing_switches_s_l_lock_target'====== Args={'value': 84, 'prev_value': None, 'change': True}
2025-10-03 22:06:23,301 : INFO : EventManager : Event: ======'machine_var_audits_missing_switches_s_lane_left'====== Args={'value': 199, 'prev_value': None, 'change': True}
2025-10-03 22:06:23,301 : INFO : EventManager : Event: ======'machine_var_audits_missing_switches_s_lock_goose'====== Args={'value': 149, 'prev_value': None, 'change': True}
2025-10-03 22:06:23,301 : INFO : EventManager : Event: ======'machine_var_audits_missing_switches_s_lock_mav'====== Args={'value': 149, 'prev_value': None, 'change': True}
2025-10-03 22:06:23,301 : INFO : EventManager : Event: ======'machine_var_audits_missing_switches_s_lock_plunger'====== Args={'value': 34, 'prev_value': None, 'change': True}
2025-10-03 22:06:23,301 : INFO : EventManager : Event: ======'machine_var_audits_missing_switches_s_m_iceman_target'====== Args={'value': 74, 'prev_value': None, 'change': True}
2025-10-03 22:06:23,301 : INFO : EventManager : Event: ======'machine_var_audits_missing_switches_s_mig_lane_right'====== Args={'value': 10, 'prev_value': None, 'change': True}
2025-10-03 22:06:23,301 : INFO : EventManager : Event: ======'machine_var_audits_missing_switches_s_mode_start'====== Args={'value': 149, 'prev_value': None, 'change': True}
2025-10-03 22:06:23,301 : INFO : EventManager : Event: ======'machine_var_audits_missing_switches_s_n_iceman_target'====== Args={'value': 43, 'prev_value': None, 'change': True}
2025-10-03 22:06:23,301 : INFO : EventManager : Event: ======'machine_var_audits_missing_switches_s_o_lock_target'====== Args={'value': 84, 'prev_value': None, 'change': True}
2025-10-03 22:06:23,301 : INFO : EventManager : Event: ======'machine_var_audits_missing_switches_s_orbit_left'====== Args={'value': 2, 'prev_value': None, 'change': True}
2025-10-03 22:06:23,301 : INFO : EventManager : Event: ======'machine_var_audits_missing_switches_s_orbit_lower'====== Args={'value': 22, 'prev_value': None, 'change': True}
2025-10-03 22:06:23,301 : INFO : EventManager : Event: ======'machine_var_audits_missing_switches_s_orbit_right'====== Args={'value': 34, 'prev_value': None, 'change': True}
2025-10-03 22:06:23,301 : INFO : EventManager : Event: ======'machine_var_audits_missing_switches_s_orbit_upper'====== Args={'value': 2, 'prev_value': None, 'change': True}
2025-10-03 22:06:23,301 : INFO : EventManager : Event: ======'machine_var_audits_missing_switches_s_outer_inlane_right'====== Args={'value': 82, 'prev_value': None, 'change': True}
2025-10-03 22:06:23,301 : INFO : EventManager : Event: ======'machine_var_audits_missing_switches_s_outlane_left'====== Args={'value': 149, 'prev_value': None, 'change': True}
2025-10-03 22:06:23,301 : INFO : EventManager : Event: ======'machine_var_audits_missing_switches_s_outlane_right'====== Args={'value': 86, 'prev_value': None, 'change': True}
2025-10-03 22:06:23,301 : INFO : EventManager : Event: ======'machine_var_audits_missing_switches_s_plunger_lane'====== Args={'value': 10, 'prev_value': None, 'change': True}
2025-10-03 22:06:23,301 : INFO : EventManager : Event: ======'machine_var_audits_missing_switches_s_ramp_inner_exit'====== Args={'value': 2, 'prev_value': None, 'change': True}
2025-10-03 22:06:23,301 : INFO : EventManager : Event: ======'machine_var_audits_missing_switches_s_ramp_left_exit'====== Args={'value': 149, 'prev_value': None, 'change': True}
2025-10-03 22:06:23,301 : INFO : EventManager : Event: ======'machine_var_audits_missing_switches_s_ramp_right_exit'====== Args={'value': 149, 'prev_value': None, 'change': True}
2025-10-03 22:06:23,301 : INFO : EventManager : Event: ======'machine_var_audits_missing_switches_s_ramp_tower_exit'====== Args={'value': 149, 'prev_value': None, 'change': True}
2025-10-03 22:06:23,301 : INFO : EventManager : Event: ======'machine_var_audits_missing_switches_s_slingshot_left'====== Args={'value': 84, 'prev_value': None, 'change': True}
2025-10-03 22:06:23,301 : INFO : EventManager : Event: ======'machine_var_audits_missing_switches_s_slingshot_right'====== Args={'value': 84, 'prev_value': None, 'change': True}
2025-10-03 22:06:23,301 : INFO : EventManager : Event: ======'machine_var_audits_missing_switches_s_spinner'====== Args={'value': 39, 'prev_value': None, 'change': True}
2025-10-03 22:06:23,301 : INFO : EventManager : Event: ======'machine_var_audits_missing_switches_s_tilt'====== Args={'value': 87, 'prev_value': None, 'change': True}
2025-10-03 22:06:23,301 : INFO : EventManager : Event: ======'machine_var_audits_missing_switches_s_trough_1'====== Args={'value': 125, 'prev_value': None, 'change': True}
2025-10-03 22:06:23,301 : INFO : EventManager : Event: ======'machine_var_audits_missing_switches_s_trough_2'====== Args={'value': 125, 'prev_value': None, 'change': True}
2025-10-03 22:06:23,301 : INFO : EventManager : Event: ======'machine_var_audits_missing_switches_s_trough_3'====== Args={'value': 125, 'prev_value': None, 'change': True}
2025-10-03 22:06:23,301 : INFO : EventManager : Event: ======'machine_var_audits_missing_switches_s_trough_4'====== Args={'value': 200, 'prev_value': None, 'change': True}
2025-10-03 22:06:23,301 : INFO : EventManager : Event: ======'machine_var_audits_missing_switches_s_trough_5'====== Args={'value': 200, 'prev_value': None, 'change': True}
2025-10-03 22:06:23,301 : INFO : EventManager : Event: ======'machine_var_audits_missing_switches_s_trough_6'====== Args={'value': 2, 'prev_value': None, 'change': True}
2025-10-03 22:06:23,301 : INFO : EventManager : Event: ======'machine_var_audits_player_score'====== Args={'value': {'average': 787666, 'top': [2229000, 73000, 61000], 'total': 3}, 'prev_value': None, 'change': True}
2025-10-03 22:06:23,301 : INFO : EventManager : Event: ======'machine_var_audits_shots_bumper_center'====== Args={'value': 495, 'prev_value': None, 'change': True}
2025-10-03 22:06:23,301 : INFO : EventManager : Event: ======'machine_var_audits_shots_bumper_left'====== Args={'value': 504, 'prev_value': None, 'change': True}
2025-10-03 22:06:23,303 : INFO : EventManager : Event: ======'machine_var_audits_shots_bumper_right'====== Args={'value': 366, 'prev_value': None, 'change': True}
2025-10-03 22:06:23,303 : INFO : EventManager : Event: ======'machine_var_audits_shots_mig_lane_left'====== Args={'value': 51, 'prev_value': None, 'change': True}
2025-10-03 22:06:23,303 : INFO : EventManager : Event: ======'machine_var_audits_shots_mig_lane_right'====== Args={'value': 4, 'prev_value': None, 'change': True}
2025-10-03 22:06:23,303 : INFO : EventManager : Event: ======'machine_var_audits_shots_orbit_upper'====== Args={'value': 9, 'prev_value': None, 'change': True}
2025-10-03 22:06:23,303 : INFO : EventManager : Event: ======'machine_var_audits_shots_ramp_inner'====== Args={'value': 10, 'prev_value': None, 'change': True}
2025-10-03 22:06:23,303 : INFO : EventManager : Event: ======'machine_var_audits_shots_spinner'====== Args={'value': 1, 'prev_value': None, 'change': True}
2025-10-03 22:06:23,303 : INFO : EventManager : Event: ======'machine_var_audits_switches_s_a_iceman_target'====== Args={'value': 25, 'prev_value': None, 'change': True}
2025-10-03 22:06:23,303 : INFO : EventManager : Event: ======'machine_var_audits_switches_s_barrier_target'====== Args={'value': 6, 'prev_value': None, 'change': True}
2025-10-03 22:06:23,303 : INFO : EventManager : Event: ======'machine_var_audits_switches_s_bumper_center'====== Args={'value': 515, 'prev_value': None, 'change': True}
2025-10-03 22:06:23,303 : INFO : EventManager : Event: ======'machine_var_audits_switches_s_bumper_left'====== Args={'value': 535, 'prev_value': None, 'change': True}
2025-10-03 22:06:23,303 : INFO : EventManager : Event: ======'machine_var_audits_switches_s_bumper_right'====== Args={'value': 372, 'prev_value': None, 'change': True}
2025-10-03 22:06:23,303 : INFO : EventManager : Event: ======'machine_var_audits_switches_s_c_iceman_target'====== Args={'value': 41, 'prev_value': None, 'change': True}
2025-10-03 22:06:23,303 : INFO : EventManager : Event: ======'machine_var_audits_switches_s_c_lock_target'====== Args={'value': 4, 'prev_value': None, 'change': True}
2025-10-03 22:06:23,303 : INFO : EventManager : Event: ======'machine_var_audits_switches_s_coin_door'====== Args={'value': 0, 'prev_value': None, 'change': True}
2025-10-03 22:06:23,303 : INFO : EventManager : Event: ======'machine_var_audits_switches_s_coin_door_service_1'====== Args={'value': 0, 'prev_value': None, 'change': True}
2025-10-03 22:06:23,303 : INFO : EventManager : Event: ======'machine_var_audits_switches_s_coin_door_service_2'====== Args={'value': 0, 'prev_value': None, 'change': True}
2025-10-03 22:06:23,303 : INFO : EventManager : Event: ======'machine_var_audits_switches_s_coin_door_service_3'====== Args={'value': 0, 'prev_value': None, 'change': True}
2025-10-03 22:06:23,303 : INFO : EventManager : Event: ======'machine_var_audits_switches_s_coin_door_service_4'====== Args={'value': 0, 'prev_value': None, 'change': True}
2025-10-03 22:06:23,303 : INFO : EventManager : Event: ======'machine_var_audits_switches_s_e_iceman_target'====== Args={'value': 45, 'prev_value': None, 'change': True}
2025-10-03 22:06:23,303 : INFO : EventManager : Event: ======'machine_var_audits_switches_s_flight_gear_target'====== Args={'value': 6, 'prev_value': None, 'change': True}
2025-10-03 22:06:23,303 : INFO : EventManager : Event: ======'machine_var_audits_switches_s_flipper_left'====== Args={'value': 9, 'prev_value': None, 'change': True}
2025-10-03 22:06:23,304 : INFO : EventManager : Event: ======'machine_var_audits_switches_s_flipper_left_eos'====== Args={'value': 0, 'prev_value': None, 'change': True}
2025-10-03 22:06:23,304 : INFO : EventManager : Event: ======'machine_var_audits_switches_s_flipper_left_upper'====== Args={'value': 0, 'prev_value': None, 'change': True}
2025-10-03 22:06:23,304 : INFO : EventManager : Event: ======'machine_var_audits_switches_s_flipper_left_upper_eos'====== Args={'value': 0, 'prev_value': None, 'change': True}
2025-10-03 22:06:23,304 : INFO : EventManager : Event: ======'machine_var_audits_switches_s_flipper_right'====== Args={'value': 17, 'prev_value': None, 'change': True}
2025-10-03 22:06:23,304 : INFO : EventManager : Event: ======'machine_var_audits_switches_s_flipper_right_eos'====== Args={'value': 0, 'prev_value': None, 'change': True}
2025-10-03 22:06:23,304 : INFO : EventManager : Event: ======'machine_var_audits_switches_s_i_iceman_target'====== Args={'value': 8, 'prev_value': None, 'change': True}
2025-10-03 22:06:23,304 : INFO : EventManager : Event: ======'machine_var_audits_switches_s_inlane_left'====== Args={'value': 53, 'prev_value': None, 'change': True}
2025-10-03 22:06:23,304 : INFO : EventManager : Event: ======'machine_var_audits_switches_s_inner_inlane_right'====== Args={'value': 3, 'prev_value': None, 'change': True}
2025-10-03 22:06:23,304 : INFO : EventManager : Event: ======'machine_var_audits_switches_s_jam'====== Args={'value': 1, 'prev_value': None, 'change': True}
2025-10-03 22:06:23,304 : INFO : EventManager : Event: ======'machine_var_audits_switches_s_k_lock_target'====== Args={'value': 5, 'prev_value': None, 'change': True}
2025-10-03 22:06:23,304 : INFO : EventManager : Event: ======'machine_var_audits_switches_s_l_lock_target'====== Args={'value': 5, 'prev_value': None, 'change': True}
2025-10-03 22:06:23,304 : INFO : EventManager : Event: ======'machine_var_audits_switches_s_lane_left'====== Args={'value': 1, 'prev_value': None, 'change': True}
2025-10-03 22:06:23,304 : INFO : EventManager : Event: ======'machine_var_audits_switches_s_lane_right'====== Args={'value': 69, 'prev_value': None, 'change': True}
2025-10-03 22:06:23,304 : INFO : EventManager : Event: ======'machine_var_audits_switches_s_lock_goose'====== Args={'value': 0, 'prev_value': None, 'change': True}
2025-10-03 22:06:23,304 : INFO : EventManager : Event: ======'machine_var_audits_switches_s_lock_mav'====== Args={'value': 0, 'prev_value': None, 'change': True}
2025-10-03 22:06:23,304 : INFO : EventManager : Event: ======'machine_var_audits_switches_s_lock_plunger'====== Args={'value': 1, 'prev_value': None, 'change': True}
2025-10-03 22:06:23,304 : INFO : EventManager : Event: ======'machine_var_audits_switches_s_m_iceman_target'====== Args={'value': 25, 'prev_value': None, 'change': True}
2025-10-03 22:06:23,304 : INFO : EventManager : Event: ======'machine_var_audits_switches_s_mig_lane_left'====== Args={'value': 73, 'prev_value': None, 'change': True}
2025-10-03 22:06:23,304 : INFO : EventManager : Event: ======'machine_var_audits_switches_s_mig_lane_right'====== Args={'value': 7, 'prev_value': None, 'change': True}
2025-10-03 22:06:23,304 : INFO : EventManager : Event: ======'machine_var_audits_switches_s_mode_start'====== Args={'value': 0, 'prev_value': None, 'change': True}
2025-10-03 22:06:23,304 : INFO : EventManager : Event: ======'machine_var_audits_switches_s_n_iceman_target'====== Args={'value': 34, 'prev_value': None, 'change': True}
2025-10-03 22:06:23,304 : INFO : EventManager : Event: ======'machine_var_audits_switches_s_o_lock_target'====== Args={'value': 5, 'prev_value': None, 'change': True}
2025-10-03 22:06:23,304 : INFO : EventManager : Event: ======'machine_var_audits_switches_s_orbit_left'====== Args={'value': 11, 'prev_value': None, 'change': True}
2025-10-03 22:06:23,304 : INFO : EventManager : Event: ======'machine_var_audits_switches_s_orbit_lower'====== Args={'value': 1, 'prev_value': None, 'change': True}
2025-10-03 22:06:23,305 : INFO : EventManager : Event: ======'machine_var_audits_switches_s_orbit_right'====== Args={'value': 14, 'prev_value': None, 'change': True}
2025-10-03 22:06:23,305 : INFO : EventManager : Event: ======'machine_var_audits_switches_s_orbit_upper'====== Args={'value': 10, 'prev_value': None, 'change': True}
2025-10-03 22:06:23,305 : INFO : EventManager : Event: ======'machine_var_audits_switches_s_outer_inlane_right'====== Args={'value': 5, 'prev_value': None, 'change': True}
2025-10-03 22:06:23,305 : INFO : EventManager : Event: ======'machine_var_audits_switches_s_outlane_left'====== Args={'value': 0, 'prev_value': None, 'change': True}
2025-10-03 22:06:23,305 : INFO : EventManager : Event: ======'machine_var_audits_switches_s_outlane_right'====== Args={'value': 4, 'prev_value': None, 'change': True}
2025-10-03 22:06:23,305 : INFO : EventManager : Event: ======'machine_var_audits_switches_s_plunger_lane'====== Args={'value': 46, 'prev_value': None, 'change': True}
2025-10-03 22:06:23,305 : INFO : EventManager : Event: ======'machine_var_audits_switches_s_ramp_inner_exit'====== Args={'value': 12, 'prev_value': None, 'change': True}
2025-10-03 22:06:23,305 : INFO : EventManager : Event: ======'machine_var_audits_switches_s_ramp_left_exit'====== Args={'value': 0, 'prev_value': None, 'change': True}
2025-10-03 22:06:23,305 : INFO : EventManager : Event: ======'machine_var_audits_switches_s_ramp_right_exit'====== Args={'value': 0, 'prev_value': None, 'change': True}
2025-10-03 22:06:23,305 : INFO : EventManager : Event: ======'machine_var_audits_switches_s_ramp_tower_exit'====== Args={'value': 0, 'prev_value': None, 'change': True}
2025-10-03 22:06:23,305 : INFO : EventManager : Event: ======'machine_var_audits_switches_s_shooter_lane'====== Args={'value': 121, 'prev_value': None, 'change': True}
2025-10-03 22:06:23,305 : INFO : EventManager : Event: ======'machine_var_audits_switches_s_slingshot_left'====== Args={'value': 8, 'prev_value': None, 'change': True}
2025-10-03 22:06:23,305 : INFO : EventManager : Event: ======'machine_var_audits_switches_s_slingshot_right'====== Args={'value': 7, 'prev_value': None, 'change': True}
2025-10-03 22:06:23,305 : INFO : EventManager : Event: ======'machine_var_audits_switches_s_spinner'====== Args={'value': 1, 'prev_value': None, 'change': True}
2025-10-03 22:06:23,305 : INFO : EventManager : Event: ======'machine_var_audits_switches_s_start'====== Args={'value': 148, 'prev_value': None, 'change': True}
2025-10-03 22:06:23,305 : INFO : EventManager : Event: ======'machine_var_audits_switches_s_tilt'====== Args={'value': 0, 'prev_value': None, 'change': True}
2025-10-03 22:06:23,305 : INFO : EventManager : Event: ======'machine_var_audits_switches_s_trough_1'====== Args={'value': 2, 'prev_value': None, 'change': True}
2025-10-03 22:06:23,305 : INFO : EventManager : Event: ======'machine_var_audits_switches_s_trough_2'====== Args={'value': 1, 'prev_value': None, 'change': True}
2025-10-03 22:06:23,305 : INFO : EventManager : Event: ======'machine_var_audits_switches_s_trough_3'====== Args={'value': 1, 'prev_value': None, 'change': True}
2025-10-03 22:06:23,305 : INFO : EventManager : Event: ======'machine_var_audits_switches_s_trough_4'====== Args={'value': 0, 'prev_value': None, 'change': True}
2025-10-03 22:06:23,305 : INFO : EventManager : Event: ======'machine_var_audits_switches_s_trough_5'====== Args={'value': 0, 'prev_value': None, 'change': True}
2025-10-03 22:06:23,305 : INFO : EventManager : Event: ======'machine_var_audits_switches_s_trough_6'====== Args={'value': 103, 'prev_value': None, 'change': True}
2025-10-03 22:06:23,306 : INFO : EventManager : Event: ======'init_phase_5'====== Args={}
2025-10-03 22:06:23,306 : INFO : EventManager : Event: ======'init_done'====== Args={}
2025-10-03 22:06:23,306 : INFO : EventManager : Event: ======'machine_reset_phase_1'====== Args={}
2025-10-03 22:06:23,316 : INFO : EventManager : Event: ======'machine_reset_phase_2'====== Args={}
2025-10-03 22:06:23,316 : INFO : EventManager : Event: ======'machine_reset_phase_3'====== Args={}
2025-10-03 22:06:23,316 : INFO : EventManager : Event: ======'reset_complete'====== Args={}
2025-10-03 22:06:23,316 : INFO : EventManager : Event: ======'mode_attract_will_start'====== Args={}
2025-10-03 22:06:23,316 : INFO : Timer.attract_carousel_timer : Starting Timer.
2025-10-03 22:06:23,317 : INFO : EventManager : Event: ======'timer_attract_carousel_timer_started'====== Args={'ticks': 0, 'ticks_remaining': 1}
2025-10-03 22:06:23,317 : INFO : EventManager : Event: ======'timer_attract_carousel_timer_tick'====== Args={'ticks': 0, 'ticks_remaining': 1}
2025-10-03 22:06:23,318 : INFO : EventManager : Event: ======'mode_attract_starting'====== Args={}
2025-10-03 22:06:23,318 : INFO : Mode.attract : Started. Priority: 10
2025-10-03 22:06:23,318 : INFO : EventManager : Event: ======'modes_active_modes_changed'====== Args={}
2025-10-03 22:06:23,318 : INFO : EventManager : Event: ======'mode_attract_started'====== Args={}
2025-10-03 22:06:23,318 : INFO : EventManager : Event: ======'attract_cycle_step1'====== Args={'priority': 0}
2025-10-03 22:06:23,319 : INFO : EventManager : Event: ======'collecting_balls_complete'====== Args={}
2025-10-03 22:06:23,319 : INFO : EventManager : Event: ======'item_highlighted'====== Args={'carousel': 'attract', 'direction': None, 'item': 'title'}
2025-10-03 22:06:23,319 : INFO : EventManager : Event: ======'timer_attract_carousel_timer_tick'====== Args={'ticks': 0, 'ticks_remaining': 1}
2025-10-03 22:06:23,319 : INFO : Machine : Starting the main run loop with active modes: [<Mode.attract>]
2025-10-03 22:06:23,395 : INFO : EventManager : Event: ======'slide_attract_created'====== Args={'_from_bcp': True}
2025-10-03 22:06:23,395 : INFO : EventManager : Event: ======'slide__removed'====== Args={'_from_bcp': True}
2025-10-03 22:06:23,395 : INFO : EventManager : Event: ======'slide_attract_active'====== Args={'original_context': 'attract', 'original_calling_context': 'mode_attract_started', 'priority': 10.0, 'cmd': 'slides_play', '_from_bcp': True}
2025-10-03 22:06:23,688 : INFO : BcpServer : New client connected.
2025-10-03 22:06:28,634 : INFO : SwitchController : <<<<<<< 's_start' active >>>>>>>
2025-10-03 22:06:28,751 : INFO : SwitchController : <<<<<<< 's_start' inactive >>>>>>>
2025-10-03 22:06:28,751 : INFO : EventManager : Event: ======'request_to_start_game'====== Args={}
2025-10-03 22:06:28,754 : INFO : EventManager : Event: ======'game_start'====== Args={'buttons': [], 'hold_time': 0.125}
2025-10-03 22:06:28,755 : INFO : EventManager : Event: ======'mode_game_will_start'====== Args={'buttons': [], 'hold_time': 0.125}
2025-10-03 22:06:28,755 : INFO : EventManager : Event: ======'mode_game_starting'====== Args={'buttons': [], 'hold_time': 0.125}
2025-10-03 22:06:28,755 : INFO : EventManager : Event: ======'mode_attract_will_stop'====== Args={}
2025-10-03 22:06:28,755 : INFO : EventManager : Event: ======'mode_attract_stopping'====== Args={}
2025-10-03 22:06:28,756 : INFO : Mode.game : Started. Priority: 20
2025-10-03 22:06:28,756 : INFO : EventManager : Event: ======'modes_active_modes_changed'====== Args={}
2025-10-03 22:06:28,756 : INFO : EventManager : Event: ======'mode_game_started'====== Args={'buttons': [], 'hold_time': 0.125}
2025-10-03 22:06:28,757 : INFO : Mode.attract : Stopped.
2025-10-03 22:06:28,757 : INFO : EventManager : Event: ======'modes_active_modes_changed'====== Args={}
2025-10-03 22:06:28,757 : INFO : EventManager : Event: ======'mode_attract_stopped'====== Args={}
2025-10-03 22:06:28,757 : INFO : EventManager : Event: ======'clear'====== Args={'key': 'attract'}
2025-10-03 22:06:28,757 : INFO : Timer.attract_carousel_timer : Stopping Timer
2025-10-03 22:06:28,758 : INFO : EventManager : Event: ======'timer_attract_carousel_timer_stopped'====== Args={'ticks': 0, 'ticks_remaining': 1}
2025-10-03 22:06:28,758 : INFO : EventManager : Event: ======'game_will_start'====== Args={}
2025-10-03 22:06:28,758 : INFO : EventManager : Event: ======'game_starting'====== Args={'game': <Mode.game>}
2025-10-03 22:06:28,759 : INFO : EventManager : Unordered handler for class <Auditor> on event game_ended with priority 1. Handlers: [RegisteredHandler(callback=<bound method Auditor.disable of <Auditor>>, priority=1, kwargs={}, key=UUID('02ed7e38-26d6-4fad-9c11-ae00e7ef6089'), condition=None, blocking_facility=None), RegisteredHandler(callback=<bound method Auditor._save_audits of <Auditor>>, priority=1, kwargs={}, key=UUID('b99a4b6c-52e1-41a8-b5f6-571af1703083'), condition=None, blocking_facility=None)]. The order of those handlers is not defined and they will be executed in random order. This might lead to race conditions and potential bugs.
2025-10-03 22:06:28,759 : INFO : EventManager : Event: ======'player_add_request'====== Args={}
2025-10-03 22:06:28,760 : INFO : EventManager : Event: ======'player_will_add'====== Args={'number': 1}
2025-10-03 22:06:28,760 : INFO : EventManager : Event: ======'player_adding'====== Args={'player': <Player 1>, 'number': 1}
2025-10-03 22:06:28,760 : INFO : EventManager : Event: ======'player_added'====== Args={'player': <Player 1>, 'num': 1}
2025-10-03 22:06:28,760 : INFO : Mode.game : Player added successfully. Total players: 1
2025-10-03 22:06:28,760 : INFO : EventManager : Event: ======'player_index'====== Args={'value': 0, 'prev_value': 0, 'change': 0, 'player_num': 1}
2025-10-03 22:06:28,760 : INFO : EventManager : Event: ======'player_number'====== Args={'value': 1, 'prev_value': 1, 'change': 0, 'player_num': 1}
2025-10-03 22:06:28,760 : INFO : EventManager : Event: ======'player_score'====== Args={'value': 0, 'prev_value': 0, 'change': 0, 'player_num': 1}
2025-10-03 22:06:28,761 : INFO : EventManager : Event: ======'game_started'====== Args={}
2025-10-03 22:06:28,761 : INFO : EventManager : Event: ======'player_turn_will_start'====== Args={'player': <Player 1>, 'number': 1}
2025-10-03 22:06:28,771 : INFO : EventManager : Event: ======'player_turn_starting'====== Args={'player': <Player 1>, 'number': 1}
2025-10-03 22:06:28,771 : INFO : EventManager : Event: ======'player_ball'====== Args={'value': 1, 'prev_value': 0, 'change': 1, 'player_num': 1}
2025-10-03 22:06:28,773 : INFO : EventManager : Event: ======'player_turn_started'====== Args={'player': <Player 1>, 'number': 1}
2025-10-03 22:06:28,773 : INFO : EventManager : Event: ======'ui_player_1_up'====== Args={'priority': 0}
2025-10-03 22:06:28,774 : INFO : EventManager : Event: ======'ball_will_start'====== Args={'player': 1, 'ball': 1, 'balls_remaining': 2, 'is_extra_ball': False}
2025-10-03 22:06:28,774 : INFO : EventManager : Event: ======'ball_starting'====== Args={'player': 1, 'ball': 1, 'balls_remaining': 2, 'is_extra_ball': False}
2025-10-03 22:06:28,775 : INFO : EventManager : Event: ======'mode_base_will_start'====== Args={'queue': <QueuedEvent>, 'player': 1, 'ball': 1, 'balls_remaining': 2, 'is_extra_ball': False}
2025-10-03 22:06:28,776 : INFO : EventManager : Event: ======'mode_base_starting'====== Args={'queue': <QueuedEvent>, 'player': 1, 'ball': 1, 'balls_remaining': 2, 'is_extra_ball': False}
2025-10-03 22:06:28,777 : INFO : Mode.base : Started. Priority: 100
2025-10-03 22:06:28,777 : INFO : EventManager : Event: ======'modes_active_modes_changed'====== Args={}
2025-10-03 22:06:28,777 : INFO : EventManager : Event: ======'mode_base_started'====== Args={'queue': <QueuedEvent>, 'player': 1, 'ball': 1, 'balls_remaining': 2, 'is_extra_ball': False}
2025-10-03 22:06:28,777 : INFO : EventManager : Event: ======'start_mode_bumpers'====== Args={'priority': 0}
2025-10-03 22:06:28,778 : INFO : EventManager : Event: ======'mode_bumpers_will_start'====== Args={'priority': 0}
2025-10-03 22:06:28,778 : INFO : EventManager : Event: ======'player_shot_bumper_left_enabled'====== Args={'value': True, 'prev_value': 0, 'change': 1, 'player_num': 1}
2025-10-03 22:06:28,778 : INFO : EventManager : Event: ======'player_shot_bumper_center_enabled'====== Args={'value': True, 'prev_value': 0, 'change': 1, 'player_num': 1}
2025-10-03 22:06:28,779 : INFO : EventManager : Event: ======'player_shot_bumper_right_enabled'====== Args={'value': True, 'prev_value': 0, 'change': 1, 'player_num': 1}
2025-10-03 22:06:28,779 : INFO : EventManager : Event: ======'bumpers_complete'====== Args={'state': 'unlit'}
2025-10-03 22:06:28,779 : INFO : EventManager : Event: ======'bumpers_unlit_complete'====== Args={}
2025-10-03 22:06:28,780 : INFO : EventManager : Event: ======'mode_bumpers_starting'====== Args={'priority': 0}
2025-10-03 22:06:28,780 : INFO : Mode.bumpers : Started. Priority: 200
2025-10-03 22:06:28,780 : INFO : EventManager : Event: ======'modes_active_modes_changed'====== Args={}
2025-10-03 22:06:28,780 : INFO : EventManager : Event: ======'mode_bumpers_started'====== Args={'priority': 0}
2025-10-03 22:06:28,781 : INFO : EventManager : Event: ======'balls_in_play'====== Args={'balls': 1}
2025-10-03 22:06:28,781 : INFO : EventManager : Event: ======'ball_started'====== Args={'player': 1, 'ball': 1, 'balls_remaining': 2, 'is_extra_ball': False}
2025-10-03 22:06:28,782 : INFO : EventManager : Event: ======'single_player_ball_started'====== Args={}
2025-10-03 22:06:28,784 : INFO : EventManager : Event: ======'ball_start_target'====== Args={'target': 'playfield'}
2025-10-03 22:06:28,784 : INFO : ball_device.bd_plunger : Setting up player-controlled eject. Balls: 1, Target: <playfield.playfield>, player_controlled_eject_event: None
2025-10-03 22:06:28,785 : INFO : EventManager : Event: ======'balldevice_balls_available'====== Args={}
2025-10-03 22:06:28,786 : INFO : ball_device.bd_trough : State: waiting_for_target_ready
2025-10-03 22:06:28,786 : INFO : EventManager : Event: ======'balldevice_bd_trough_ball_eject_attempt'====== Args={'balls': 1, 'target': <ball_device.bd_plunger>, 'source': <ball_device.bd_trough>, 'mechanical_eject': True, 'num_attempts': 0}
2025-10-03 22:06:28,787 : INFO : ball_device.bd_plunger : State: waiting_for_ball
2025-10-03 22:06:28,787 : INFO : ball_device.bd_trough : State: ejecting
2025-10-03 22:06:28,787 : INFO : ball_device.bd_trough : Ejecting ball to <ball_device.bd_plunger>
2025-10-03 22:06:28,788 : INFO : EventManager : Event: ======'balldevice_bd_trough_ejecting_ball'====== Args={'balls': 1, 'target': <ball_device.bd_plunger>, 'source': <ball_device.bd_trough>, 'mechanical_eject': True, 'num_attempts': 0}
2025-10-03 22:06:28,788 : INFO : ball_device.bd_trough : Wait for ball to leave device
2025-10-03 22:06:28,788 : INFO : coil.c_trough_eject : Pulsing Driver for 10ms (0.75 pulse_power)
2025-10-03 22:06:28,865 : INFO : EventManager : Event: ======'slide_base_slide_created'====== Args={'_from_bcp': True}
2025-10-03 22:06:28,866 : INFO : EventManager : Event: ======'slide_attract_inactive'====== Args={'is_removing': True, '_from_bcp': True}
2025-10-03 22:06:28,867 : INFO : EventManager : Event: ======'slide_base_slide_active'====== Args={'original_context': 'base', 'original_calling_context': 'mode_base_started', 'priority': 100.0, 'queue': '<QueuedEvent>', 'player': 1.0, 'ball': 1.0, 'balls_remaining': 2.0, 'is_extra_ball': False, 'cmd': 'slides_play', '_from_bcp': True}
2025-10-03 22:06:28,870 : INFO : EventManager : Event: ======'slide_attract_removed'====== Args={'_from_bcp': True}
2025-10-03 22:06:29,305 : INFO : SwitchController : <<<<<<< 's_trough_6' inactive >>>>>>>
2025-10-03 22:06:29,306 : INFO : ball_device.bd_trough : State: ball_left
2025-10-03 22:06:29,306 : INFO : ball_device.bd_trough : Ball left
2025-10-03 22:06:29,306 : INFO : ball_device.bd_trough : Wait for confirm with timeout 3.0
2025-10-03 22:06:30,182 : INFO : SwitchController : <<<<<<< 's_shooter_lane' active >>>>>>>
2025-10-03 22:06:30,182 : INFO : EventManager : Event: ======'s_shooter_lane_active'====== Args={}
2025-10-03 22:06:30,182 : INFO : EventManager : Event: ======'machine_var_audits_switches_s_shooter_lane'====== Args={'value': 122, 'prev_value': 121, 'change': 1}
2025-10-03 22:06:30,183 : INFO : EventManager : Event: ======'mode_skillshot_will_start'====== Args={}
2025-10-03 22:06:30,183 : INFO : EventManager : Event: ======'player_shot_mig_lane_left_enabled'====== Args={'value': True, 'prev_value': 0, 'change': 1, 'player_num': 1}
2025-10-03 22:06:30,184 : INFO : EventManager : Event: ======'player_shot_mig_lane_right_enabled'====== Args={'value': True, 'prev_value': 0, 'change': 1, 'player_num': 1}
2025-10-03 22:06:30,185 : INFO : EventManager : Event: ======'player_shot_spinner_enabled'====== Args={'value': True, 'prev_value': 0, 'change': 1, 'player_num': 1}
2025-10-03 22:06:30,185 : INFO : EventManager : Event: ======'player_shot_orbit_upper_enabled'====== Args={'value': True, 'prev_value': 0, 'change': 1, 'player_num': 1}
2025-10-03 22:06:30,186 : INFO : EventManager : Event: ======'player_shot_ramp_inner_enabled'====== Args={'value': True, 'prev_value': 0, 'change': 1, 'player_num': 1}
2025-10-03 22:06:30,186 : INFO : EventManager : Event: ======'skillshot_group_complete'====== Args={'state': 'off'}
2025-10-03 22:06:30,186 : INFO : EventManager : Event: ======'skillshot_group_off_complete'====== Args={}
2025-10-03 22:06:30,187 : INFO : EventManager : Event: ======'player_skillshot_skillshot_tick'====== Args={'value': 9, 'prev_value': 0, 'change': 9, 'player_num': 1}
2025-10-03 22:06:30,187 : INFO : EventManager : Event: ======'player_skillshot_skillshot_sound_loop_tick'====== Args={'value': 0, 'prev_value': 0, 'change': 0, 'player_num': 1}
2025-10-03 22:06:30,194 : INFO : EventManager : Event: ======'mode_skillshot_starting'====== Args={}
2025-10-03 22:06:30,194 : INFO : Mode.skillshot : Started. Priority: 100
2025-10-03 22:06:30,194 : INFO : EventManager : Event: ======'modes_active_modes_changed'====== Args={}
2025-10-03 22:06:30,194 : INFO : EventManager : Event: ======'mode_skillshot_started'====== Args={}
2025-10-03 22:06:30,194 : INFO : EventManager : Event: ======'player_shot_mig_lane_left'====== Args={'value': 1, 'prev_value': 0, 'change': 1, 'player_num': 1}
2025-10-03 22:06:30,195 : INFO : EventManager : Event: ======'player_shot_mig_lane_right'====== Args={'value': 1, 'prev_value': 0, 'change': 1, 'player_num': 1}
2025-10-03 22:06:30,195 : INFO : EventManager : Event: ======'player_shot_spinner'====== Args={'value': 1, 'prev_value': 0, 'change': 1, 'player_num': 1}
2025-10-03 22:06:30,195 : INFO : EventManager : Event: ======'player_shot_orbit_upper'====== Args={'value': 1, 'prev_value': 0, 'change': 1, 'player_num': 1}
2025-10-03 22:06:30,196 : INFO : EventManager : Event: ======'player_shot_ramp_inner'====== Args={'value': 1, 'prev_value': 0, 'change': 1, 'player_num': 1}
2025-10-03 22:06:30,196 : INFO : Timer.skillshot_sound_loop : Starting Timer.
2025-10-03 22:06:30,196 : INFO : EventManager : Event: ======'timer_skillshot_sound_loop_started'====== Args={'ticks': 0, 'ticks_remaining': 999}
2025-10-03 22:06:30,196 : INFO : EventManager : Event: ======'timer_skillshot_sound_loop_tick'====== Args={'ticks': 0, 'ticks_remaining': 999}
2025-10-03 22:06:30,196 : INFO : EventManager : Event: ======'skillshot_group_complete'====== Args={'state': 'lit'}
2025-10-03 22:06:30,197 : INFO : EventManager : Event: ======'skillshot_group_lit_complete'====== Args={}
2025-10-03 22:06:30,238 : INFO : EventManager : Event: ======'slide_skillshot_ball_in_shooter_lane_created'====== Args={'_from_bcp': True}
2025-10-03 22:06:30,240 : INFO : EventManager : Event: ======'slide_base_slide_inactive'====== Args={'is_removing': False, '_from_bcp': True}
2025-10-03 22:06:30,240 : INFO : EventManager : Event: ======'slide_skillshot_ball_in_shooter_lane_active'====== Args={'original_context': 'skillshot', 'original_calling_context': 'timer_skillshot_sound_loop_tick', 'priority': 100.0, 'ticks': 0.0, 'ticks_remaining': 999.0, 'cmd': 'slides_play', '_from_bcp': True}
2025-10-03 22:06:30,483 : INFO : ball_device.bd_plunger : Received ball from <ball_device.bd_trough>
2025-10-03 22:06:30,483 : INFO : EventManager : Event: ======'balldevice_bd_plunger_ball_enter'====== Args={'new_balls': 1, 'unclaimed_balls': 0, 'new_available_balls': 0, 'device': <ball_device.bd_plunger>}
2025-10-03 22:06:30,484 : INFO : EventManager : Event: ======'balldevice_bd_plunger_ball_entered'====== Args={'new_balls': 0, 'device': <ball_device.bd_plunger>}
2025-10-03 22:06:30,486 : INFO : EventManager : Event: ======'balldevice_bd_plunger_ball_count_changed'====== Args={'balls': 1}
2025-10-03 22:06:30,486 : INFO : ball_device.bd_trough : Got eject confirm
2025-10-03 22:06:30,486 : INFO : ball_device.bd_trough : Eject successful
2025-10-03 22:06:30,486 : INFO : EventManager : Event: ======'balldevice_bd_trough_ball_eject_success'====== Args={'balls': 1, 'target': <ball_device.bd_plunger>}
2025-10-03 22:06:30,487 : INFO : EventManager : Event: ======'balldevice_bd_trough_ball_count_changed'====== Args={'balls': 5}
2025-10-03 22:06:30,487 : INFO : ball_device.bd_trough : State: idle
2025-10-03 22:06:30,487 : INFO : ball_device.bd_plunger : State: waiting_for_target_ready
2025-10-03 22:06:30,487 : INFO : EventManager : Event: ======'balldevice_bd_plunger_ball_eject_attempt'====== Args={'balls': 1, 'target': <playfield.playfield>, 'source': <ball_device.bd_plunger>, 'mechanical_eject': True, 'num_attempts': 0}
2025-10-03 22:06:30,488 : INFO : ball_device.bd_plunger : State: ejecting
2025-10-03 22:06:30,488 : INFO : ball_device.bd_plunger : Ejecting ball to <playfield.playfield>
2025-10-03 22:06:30,488 : INFO : EventManager : Event: ======'balldevice_bd_plunger_ejecting_ball'====== Args={'balls': 1, 'target': <playfield.playfield>, 'source': <ball_device.bd_plunger>, 'mechanical_eject': True, 'num_attempts': 0}
2025-10-03 22:06:30,489 : INFO : EventManager : Event: ======'video_idle_start'====== Args={'priority': 0}
2025-10-03 22:06:30,490 : INFO : ball_device.bd_plunger : Wait for ball to leave device
2025-10-03 22:06:30,746 : INFO : SwitchController : <<<<<<< 's_shooter_lane' inactive >>>>>>>
2025-10-03 22:06:30,746 : INFO : EventManager : Event: ======'s_shooter_lane_inactive'====== Args={}
2025-10-03 22:06:30,746 : INFO : Timer.skillshot : Starting Timer.
2025-10-03 22:06:30,746 : INFO : EventManager : Event: ======'timer_skillshot_started'====== Args={'ticks': 9, 'ticks_remaining': 9}
2025-10-03 22:06:30,746 : INFO : EventManager : Event: ======'timer_skillshot_tick'====== Args={'ticks': 9, 'ticks_remaining': 9}
2025-10-03 22:06:30,747 : INFO : Timer.skillshot_sound_loop : Stopping Timer
2025-10-03 22:06:30,747 : INFO : EventManager : Event: ======'timer_skillshot_sound_loop_stopped'====== Args={'ticks': 0, 'ticks_remaining': 999}
2025-10-03 22:06:30,747 : INFO : EventManager : Event: ======'video_launch_start'====== Args={'priority': 0}
2025-10-03 22:06:30,749 : INFO : ball_device.bd_plunger : State: ball_left
2025-10-03 22:06:30,749 : INFO : ball_device.bd_plunger : Ball left
2025-10-03 22:06:30,749 : INFO : ball_device.bd_plunger : Wait for confirm with timeout 3.0
2025-10-03 22:06:30,751 : INFO : EventManager : Event: ======'slide_skillshot_ball_in_shooter_lane_inactive'====== Args={'is_removing': True, '_from_bcp': True}
2025-10-03 22:06:30,751 : INFO : EventManager : Event: ======'slide_base_slide_active'====== Args={'_from_bcp': True}
2025-10-03 22:06:30,758 : INFO : EventManager : Event: ======'slide_skillshot_ball_in_shooter_lane_removed'====== Args={'_from_bcp': True}
2025-10-03 22:06:30,773 : INFO : EventManager : Event: ======'slide_skillshot_ball_launched_created'====== Args={'_from_bcp': True}
2025-10-03 22:06:30,773 : INFO : EventManager : Event: ======'slide_base_slide_inactive'====== Args={'is_removing': False, '_from_bcp': True}
2025-10-03 22:06:30,775 : INFO : EventManager : Event: ======'slide_skillshot_ball_launched_active'====== Args={'original_context': 'skillshot', 'original_calling_context': 's_shooter_lane_inactive{mode.skillshot.active}', 'priority': 100.0, 'cmd': 'slides_play', '_from_bcp': True}
2025-10-03 22:06:31,465 : INFO : SwitchController : <<<<<<< 's_lane_right' active >>>>>>>
2025-10-03 22:06:31,465 : INFO : EventManager : Event: ======'sw_playfield_active'====== Args={}
2025-10-03 22:06:31,465 : INFO : EventManager : Event: ======'machine_var_audits_switches_s_lane_right'====== Args={'value': 70, 'prev_value': 69, 'change': 1}
2025-10-03 22:06:31,466 : INFO : EventManager : Event: ======'playfield_active'====== Args={'source': None}
2025-10-03 22:06:31,551 : INFO : SwitchController : <<<<<<< 's_lane_right' inactive >>>>>>>
2025-10-03 22:06:31,759 : INFO : EventManager : Event: ======'player_skillshot_skillshot_tick'====== Args={'value': 8, 'prev_value': 9, 'change': -1, 'player_num': 1}
2025-10-03 22:06:31,759 : INFO : EventManager : Event: ======'timer_skillshot_tick'====== Args={'ticks': 8, 'ticks_remaining': 8}
2025-10-03 22:06:32,481 : INFO : SwitchController : <<<<<<< 's_mig_lane_left' active >>>>>>>
2025-10-03 22:06:32,481 : INFO : EventManager : Event: ======'playfield_active'====== Args={'source': 'mig_lane_left'}
2025-10-03 22:06:32,481 : INFO : EventManager : Event: ======'s_mig_lane_left_active'====== Args={}
2025-10-03 22:06:32,481 : INFO : EventManager : Event: ======'sw_playfield_active'====== Args={}
2025-10-03 22:06:32,483 : INFO : EventManager : Event: ======'sw_playfield_active'====== Args={}
2025-10-03 22:06:32,483 : INFO : EventManager : Event: ======'machine_var_audits_switches_s_mig_lane_left'====== Args={'value': 74, 'prev_value': 73, 'change': 1}
2025-10-03 22:06:32,484 : INFO : EventManager : Event: ======'machine_var_audits_shots_mig_lane_left'====== Args={'value': 52, 'prev_value': 51, 'change': 1}
2025-10-03 22:06:32,484 : INFO : EventManager : Event: ======'mig_lane_left_hit'====== Args={'profile': 'skill', 'state': 'lit', 'advancing': False}
2025-10-03 22:06:32,485 : INFO : EventManager : Event: ======'mig_lane_left_skill_hit'====== Args={'profile': 'skill', 'state': 'lit', 'advancing': False}
2025-10-03 22:06:32,485 : INFO : EventManager : Event: ======'mig_lane_left_skill_lit_hit'====== Args={'profile': 'skill', 'state': 'lit', 'advancing': False}
2025-10-03 22:06:32,485 : INFO : EventManager : Event: ======'mig_lane_left_lit_hit'====== Args={'profile': 'skill', 'state': 'lit', 'advancing': False}
2025-10-03 22:06:32,485 : INFO : EventManager : Event: ======'skillshot_group_hit'====== Args={'shot': 'mig_lane_left'}
2025-10-03 22:06:32,486 : INFO : EventManager : Event: ======'skillshot_group_lit_hit'====== Args={'shot': 'mig_lane_left'}
2025-10-03 22:06:32,486 : INFO : EventManager : Event: ======'mode_skillshot_will_stop'====== Args={}
2025-10-03 22:06:32,486 : INFO : EventManager : Event: ======'mode_skillshot_stopping'====== Args={}
2025-10-03 22:06:32,486 : INFO : EventManager : Event: ======'skillshot_mode_end'====== Args={'priority': 0, 'delay': '5s'}
2025-10-03 22:06:32,486 : INFO : EventManager : Event: ======'player_score'====== Args={'value': 25000, 'prev_value': 0, 'change': 25000, 'player_num': 1, 'source': 'skillshot'}
2025-10-03 22:06:32,486 : INFO : EventManager : Event: ======'player_skillshot_count'====== Args={'value': 1, 'prev_value': 0, 'change': 1, 'player_num': 1, 'source': 'skillshot'}
2025-10-03 22:06:32,487 : INFO : EventManager : Event: ======'player_priority'====== Args={'value': 600, 'prev_value': 0, 'change': 600, 'player_num': 1, 'source': 'skillshot'}
2025-10-03 22:06:32,487 : INFO : Timer.skillshot : Stopping Timer
2025-10-03 22:06:32,487 : INFO : EventManager : Event: ======'timer_skillshot_stopped'====== Args={'ticks': 8, 'ticks_remaining': 8}
2025-10-03 22:06:32,487 : INFO : Timer.skillshot_sound_loop : Stopping Timer
2025-10-03 22:06:32,487 : INFO : EventManager : Event: ======'timer_skillshot_sound_loop_stopped'====== Args={'ticks': 0, 'ticks_remaining': 999}
2025-10-03 22:06:32,487 : INFO : EventManager : Event: ======'playfield_active'====== Args={'source': None}
2025-10-03 22:06:32,488 : INFO : EventManager : Event: ======'playfield_active'====== Args={'source': None}
2025-10-03 22:06:32,488 : INFO : Mode.skillshot : Stopped.
2025-10-03 22:06:32,488 : INFO : EventManager : Event: ======'modes_active_modes_changed'====== Args={}
2025-10-03 22:06:32,488 : INFO : EventManager : Event: ======'mode_skillshot_stopped'====== Args={}
2025-10-03 22:06:32,488 : INFO : EventManager : Event: ======'clear'====== Args={'key': 'skillshot'}
2025-10-03 22:06:32,489 : INFO : Timer.skillshot : Stopping Timer
2025-10-03 22:06:32,489 : INFO : EventManager : Event: ======'timer_skillshot_stopped'====== Args={'ticks': 8, 'ticks_remaining': 8}
2025-10-03 22:06:32,489 : INFO : Timer.skillshot_sound_loop : Stopping Timer
2025-10-03 22:06:32,489 : INFO : EventManager : Event: ======'timer_skillshot_sound_loop_stopped'====== Args={'ticks': 0, 'ticks_remaining': 999}
2025-10-03 22:06:32,502 : INFO : EventManager : Event: ======'slide_skillshot_ball_launched_inactive'====== Args={'is_removing': True, '_from_bcp': True}
2025-10-03 22:06:32,503 : INFO : EventManager : Event: ======'slide_base_slide_active'====== Args={'_from_bcp': True}
2025-10-03 22:06:32,507 : INFO : EventManager : Event: ======'slide_skillshot_ball_launched_removed'====== Args={'_from_bcp': True}
2025-10-03 22:06:32,533 : INFO : EventManager : Event: ======'slide_skillshot_mig_hit_created'====== Args={'_from_bcp': True}
2025-10-03 22:06:32,533 : INFO : EventManager : Event: ======'slide_base_slide_inactive'====== Args={'is_removing': False, '_from_bcp': True}
2025-10-03 22:06:32,535 : INFO : EventManager : Event: ======'slide_skillshot_mig_hit_active'====== Args={'original_context': 'skillshot', 'original_calling_context': 'mig_lane_left_skill_lit_hit', 'priority': 100.0, 'profile': 'skill', 'state': 'lit', 'advancing': False, 'cmd': 'slides_play', '_from_bcp': True}
2025-10-03 22:06:32,535 : INFO : EventManager : Event: ======'slide_skillshot_mig_hit_inactive'====== Args={'is_removing': True, '_from_bcp': True}
2025-10-03 22:06:32,535 : INFO : EventManager : Event: ======'slide_base_slide_active'====== Args={'_from_bcp': True}
2025-10-03 22:06:32,541 : INFO : EventManager : Event: ======'slide_skillshot_mig_hit_removed'====== Args={'_from_bcp': True}
2025-10-03 22:06:32,607 : INFO : SwitchController : <<<<<<< 's_mig_lane_left' inactive >>>>>>>
2025-10-03 22:06:33,751 : INFO : ball_device.bd_plunger : State: failed_confirm
2025-10-03 22:06:33,751 : INFO : ball_device.bd_plunger : Got timeout (3.0s) before confirm from <playfield.playfield>
2025-10-03 22:06:33,844 : INFO : ball_device.bd_plunger : Confirming eject because target is playfield and ball did not return.
2025-10-03 22:06:33,844 : INFO : ball_device.bd_plunger : Eject successful
2025-10-03 22:06:33,844 : INFO : EventManager : Event: ======'balldevice_bd_plunger_ball_eject_success'====== Args={'balls': 1, 'target': <playfield.playfield>}
2025-10-03 22:06:33,845 : INFO : EventManager : Event: ======'balldevice_playfield_ball_enter'====== Args={'new_balls': 1, 'unclaimed_balls': 1, 'device': <playfield.playfield>}
2025-10-03 22:06:33,845 : INFO : EventManager : Event: ======'playfield_ball_count_change'====== Args={'balls': 1, 'change': 1}
2025-10-03 22:06:33,845 : INFO : EventManager : Event: ======'balldevice_bd_plunger_ball_count_changed'====== Args={'balls': 0}
2025-10-03 22:06:33,846 : INFO : ball_device.bd_plunger : State: idle
2025-10-03 22:06:34,047 : INFO : SwitchController : <<<<<<< 's_bumper_left' active >>>>>>>
2025-10-03 22:06:34,047 : INFO : EventManager : Event: ======'s_bumper_left_active'====== Args={}
2025-10-03 22:06:34,047 : INFO : EventManager : Event: ======'sw_playfield_active'====== Args={}
2025-10-03 22:06:34,048 : INFO : EventManager : Event: ======'machine_var_audits_switches_s_bumper_left'====== Args={'value': 536, 'prev_value': 535, 'change': 1}
2025-10-03 22:06:34,048 : INFO : EventManager : Event: ======'player_shot_bumper_left'====== Args={'value': 1, 'prev_value': 0, 'change': 1, 'player_num': 1}
2025-10-03 22:06:34,049 : INFO : EventManager : Event: ======'machine_var_audits_shots_bumper_left'====== Args={'value': 505, 'prev_value': 504, 'change': 1}
2025-10-03 22:06:34,049 : INFO : EventManager : Event: ======'bumper_left_hit'====== Args={'profile': 'default', 'state': 'unlit', 'advancing': True}
2025-10-03 22:06:34,049 : INFO : EventManager : Event: ======'bumper_left_default_hit'====== Args={'profile': 'default', 'state': 'unlit', 'advancing': True}
2025-10-03 22:06:34,049 : INFO : EventManager : Event: ======'bumper_left_default_unlit_hit'====== Args={'profile': 'default', 'state': 'unlit', 'advancing': True}
2025-10-03 22:06:34,049 : INFO : EventManager : Event: ======'bumper_left_unlit_hit'====== Args={'profile': 'default', 'state': 'unlit', 'advancing': True}
2025-10-03 22:06:34,049 : INFO : EventManager : Event: ======'bumpers_hit'====== Args={'shot': 'bumper_left'}
2025-10-03 22:06:34,051 : INFO : EventManager : Event: ======'bumpers_unlit_hit'====== Args={'shot': 'bumper_left'}
2025-10-03 22:06:34,051 : INFO : EventManager : Event: ======'player_score'====== Args={'value': 26000, 'prev_value': 25000, 'change': 1000, 'player_num': 1, 'source': 'bumpers'}
2025-10-03 22:06:34,156 : INFO : SwitchController : <<<<<<< 's_bumper_left' inactive >>>>>>>
2025-10-03 22:06:36,843 : INFO : Machine : Shutting down...
2025-10-03 22:06:36,843 : INFO : EventManager : Event: ======'shutdown'====== Args={}
2025-10-03 22:06:36,844 : INFO : EventManager : Event: ======'mode_game_will_stop'====== Args={}
2025-10-03 22:06:36,845 : INFO : EventManager : Event: ======'mode_game_stopping'====== Args={}
2025-10-03 22:06:36,845 : INFO : EventManager : Event: ======'mode_base_will_stop'====== Args={}
2025-10-03 22:06:36,846 : INFO : EventManager : Event: ======'mode_base_stopping'====== Args={}
2025-10-03 22:06:36,846 : INFO : EventManager : Event: ======'mode_bumpers_will_stop'====== Args={}
2025-10-03 22:06:36,846 : INFO : EventManager : Event: ======'mode_bumpers_stopping'====== Args={}
2025-10-03 22:06:36,846 : INFO : EventManager : Event: ======'stop_mode_bumpers'====== Args={'priority': 0}
2025-10-03 22:06:36,846 : INFO : Mode.bumpers : Stopped.
2025-10-03 22:06:36,846 : INFO : EventManager : Event: ======'modes_active_modes_changed'====== Args={}
2025-10-03 22:06:36,847 : INFO : EventManager : Event: ======'mode_bumpers_stopped'====== Args={}
2025-10-03 22:06:36,847 : INFO : EventManager : Event: ======'clear'====== Args={'key': 'bumpers'}
2025-10-03 22:06:36,847 : INFO : Mode.base : Stopped.
2025-10-03 22:06:36,847 : INFO : EventManager : Event: ======'modes_active_modes_changed'====== Args={}
2025-10-03 22:06:36,847 : INFO : EventManager : Event: ======'mode_base_stopped'====== Args={}
2025-10-03 22:06:36,847 : INFO : EventManager : Event: ======'clear'====== Args={'key': 'base'}
2025-10-03 22:06:36,847 : INFO : Mode.game : Stopped.
2025-10-03 22:06:36,848 : INFO : EventManager : Event: ======'modes_active_modes_changed'====== Args={}
2025-10-03 22:06:36,848 : INFO : EventManager : Event: ======'mode_game_stopped'====== Args={}
2025-10-03 22:06:36,848 : INFO : EventManager : Event: ======'clear'====== Args={'key': 'game'}
2025-10-03 22:06:36,851 : INFO : root : MPF run loop ended.
