2025-09-24 22:26:20,233 : INFO : root : Loading config.
2025-09-24 22:26:20,237 : INFO : YamlMultifileConfigLoader : Machine config file #1: config.yaml
2025-09-24 22:26:20,237 : INFO : ConfigProcessor : Loading config from cache: C:\Users\White\AppData\Local\Temp\cfa6ecba65704a931c9dd214c44986c8.mpf_cache
2025-09-24 22:26:20,345 : INFO : ConfigProcessor : Loading config from cache: C:\Users\White\AppData\Local\Temp\f98ffc0ff5962effface7d86bc406d5c.mpf_cache
2025-09-24 22:26:20,345 : INFO : ConfigProcessor : Loading config from cache: C:\Users\White\AppData\Local\Temp\91cc4d1c993c58dc354e34974b9cfeac.mpf_cache
2025-09-24 22:26:20,346 : INFO : ConfigProcessor : Loading config from cache: C:\Users\White\AppData\Local\Temp\f98ffc0ff5962effface7d86bc406d5c.mpf_cache
2025-09-24 22:26:20,347 : INFO : ConfigProcessor : Loading config from cache: C:\Users\White\AppData\Local\Temp\76792f1d686f89709887dba7bd69667a.mpf_cache
2025-09-24 22:26:20,348 : INFO : ConfigProcessor : Loading config from cache: C:\Users\White\AppData\Local\Temp\142bbae4707335cc8e3efaa4364c4893.mpf_cache
2025-09-24 22:26:20,348 : INFO : ConfigProcessor : Loading config from cache: C:\Users\White\AppData\Local\Temp\0f5f0ac41d1a2672d0d32cef2b12699e.mpf_cache
2025-09-24 22:26:20,349 : INFO : ConfigProcessor : Loading config from cache: C:\Users\White\AppData\Local\Temp\82e20c7c6490dd2e5fed726a3aa8d652.mpf_cache
2025-09-24 22:26:20,349 : INFO : ConfigProcessor : Loading config from cache: C:\Users\White\AppData\Local\Temp\359114d5ba2a6ad6c93d1559776bbb30.mpf_cache
2025-09-24 22:26:20,351 : INFO : ConfigProcessor : Loading config from cache: C:\Users\White\AppData\Local\Temp\d421369d6df802e4e6f8aa58f446b1a6.mpf_cache
2025-09-24 22:26:20,353 : INFO : ConfigProcessor : Loading config from cache: C:\Users\White\AppData\Local\Temp\310aa541ce6545037d37da470e7bd790.mpf_cache
2025-09-24 22:26:20,354 : INFO : ConfigProcessor : Loading config from cache: C:\Users\White\AppData\Local\Temp\2151caa0419aeb1e56d3d8934477383e.mpf_cache
2025-09-24 22:26:20,357 : INFO : ConfigProcessor : Loading config from cache: C:\Users\White\AppData\Local\Temp\17003635873251b4f6841bf4ab3bdcdd.mpf_cache
2025-09-24 22:26:20,357 : INFO : ConfigProcessor : Loading config from cache: C:\Users\White\AppData\Local\Temp\f70c640a816343cb9040222d7a9269d3.mpf_cache
2025-09-24 22:26:20,359 : INFO : ConfigProcessor : Loading config from cache: C:\Users\White\AppData\Local\Temp\30922048be1d0c17ea15fc75f7fbfe10.mpf_cache
2025-09-24 22:26:20,362 : INFO : ConfigProcessor : Loading config from cache: C:\Users\White\AppData\Local\Temp\58d7809d3d969de03aaf131fc45863f8.mpf_cache
2025-09-24 22:26:20,362 : INFO : ConfigProcessor : Loading config from cache: C:\Users\White\AppData\Local\Temp\5b11d0bfdb75c66aa3a38b9b17667bfe.mpf_cache
2025-09-24 22:26:20,362 : INFO : Machine : Mission Pinball Framework Core Engine v0.80.0.dev9
2025-09-24 22:26:20,362 : INFO : Machine : Command line arguments: {'no_load_cache': False, 'create_config_cache': True, 'bcp': True, 'configfile': ['config.yaml'], 'force_assets_load': False, 'platform_integration_test': False, 'jsonlogging': False, 'logfile': 'logs\\2025-09-24-22-26-20-mpf-TopGunPinball.log', 'pause': False, 'production': False, 'text_ui': False, 'loglevel': 15, 'consoleloglevel': 20, 'force_platform': 'virtual', 'syslog_address': None, 'full_logfile_path': 'C:\\Users\\White\\Documents\\Top_Gun_Pinball\\logs\\2025-09-24-22-26-20-mpf-TopGunPinball.log'}
2025-09-24 22:26:20,362 : INFO : Machine : MPF path: C:\Users\White\mpf\Lib\site-packages\mpf
2025-09-24 22:26:20,362 : INFO : Machine : Machine path: C:\Users\White\Documents\Top_Gun_Pinball
2025-09-24 22:26:20,363 : INFO : Machine : Platform: win32
2025-09-24 22:26:20,363 : INFO : Machine : Python executable location: C:\Users\White\mpf\Scripts\python.exe
2025-09-24 22:26:20,363 : INFO : Machine : Python version: 3.12.7 (64-bit)
2025-09-24 22:26:20,365 : INFO : Machine : Initializing MPF...
2025-09-24 22:26:20,456 : INFO : EventManager : Event: ======'machine_var_credits_string'====== Args={'value': 'FREE PLAY', 'prev_value': None, 'change': True}
2025-09-24 22:26:20,484 : INFO : EventManager : Event: ======'machine_var_master_volume'====== Args={'value': 0.5, 'prev_value': None, 'change': True}
2025-09-24 22:26:20,484 : INFO : EventManager : Event: ======'machine_var_player1_score'====== Args={'value': 61000, 'prev_value': None, 'change': True}
2025-09-24 22:26:20,484 : INFO : EventManager : Event: ======'machine_var_player2_score'====== Args={'value': 73000, 'prev_value': None, 'change': True}
2025-09-24 22:26:20,484 : INFO : EventManager : Event: ======'machine_var_mpf_version'====== Args={'value': 'Mission Pinball Framework v0.80.0.dev9', 'prev_value': None, 'change': True}
2025-09-24 22:26:20,484 : INFO : EventManager : Event: ======'machine_var_mpf_extended_version'====== Args={'value': 'Mission Pinball Framework v0.80.0.dev9, Config version:6, Show version: 6, BCP version:1.1', 'prev_value': None, 'change': True}
2025-09-24 22:26:20,485 : INFO : EventManager : Event: ======'machine_var_python_version'====== Args={'value': '3.12.7', 'prev_value': None, 'change': True}
2025-09-24 22:26:20,625 : INFO : EventManager : Event: ======'machine_var_platform'====== Args={'value': 'Windows-11-10.0.26100-SP0', 'prev_value': None, 'change': True}
2025-09-24 22:26:20,625 : INFO : EventManager : Event: ======'machine_var_platform_system'====== Args={'value': 'Windows', 'prev_value': None, 'change': True}
2025-09-24 22:26:20,625 : INFO : EventManager : Event: ======'machine_var_platform_release'====== Args={'value': '11', 'prev_value': None, 'change': True}
2025-09-24 22:26:20,625 : INFO : EventManager : Event: ======'machine_var_platform_version'====== Args={'value': '10.0.26100', 'prev_value': None, 'change': True}
2025-09-24 22:26:20,625 : INFO : EventManager : Event: ======'machine_var_platform_machine'====== Args={'value': 'AMD64', 'prev_value': None, 'change': True}
2025-09-24 22:26:20,625 : INFO : EventManager : Event: ======'machine_var_log_file_path'====== Args={'value': 'C:\\Users\\White\\Documents\\Top_Gun_Pinball\\logs\\2025-09-24-22-26-20-mpf-TopGunPinball.log', 'prev_value': None, 'change': True}
2025-09-24 22:26:20,625 : INFO : EventManager : Event: ======'init_phase_1'====== Args={}
2025-09-24 22:26:20,668 : INFO : EventManager : Event: ======'init_phase_2'====== Args={}
2025-09-24 22:26:20,668 : INFO : SwitchController : Found active switch: ('playfield_board_lower-3208-0', <Platform.Virtual>) <switch.s_trough_1>
2025-09-24 22:26:20,669 : INFO : SwitchController : Found active switch: ('playfield_board_lower-3208-1', <Platform.Virtual>) <switch.s_trough_2>
2025-09-24 22:26:20,669 : INFO : SwitchController : Found active switch: ('playfield_board_lower-3208-2', <Platform.Virtual>) <switch.s_trough_3>
2025-09-24 22:26:20,669 : INFO : SwitchController : Found active switch: ('playfield_board_lower-3208-3', <Platform.Virtual>) <switch.s_trough_4>
2025-09-24 22:26:20,669 : INFO : SwitchController : Found active switch: ('playfield_board_lower-3208-4', <Platform.Virtual>) <switch.s_trough_5>
2025-09-24 22:26:20,669 : INFO : SwitchController : Found active switch: ('playfield_board_lower-3208-5', <Platform.Virtual>) <switch.s_trough_6>
2025-09-24 22:26:20,674 : INFO : EventManager : Event: ======'bcp_connection_attempt'====== Args={'name': 'local_display', 'host': 'localhost', 'port': 5050}
2025-09-24 22:26:20,676 : INFO : BCPClientSocket : Connecting BCP to 'local_display' at localhost:5050...
2025-09-24 22:26:20,687 : INFO : BCPClientSocket : Connected BCP to 'local_display' localhost:5050
2025-09-24 22:26:20,687 : INFO : EventManager : Event: ======'bcp_clients_connected'====== Args={}
2025-09-24 22:26:20,687 : INFO : ball_device.bd_plunger : BCH: Initial count: 0
2025-09-24 22:26:20,687 : INFO : ball_device.bd_plunger : State: idle
2025-09-24 22:26:20,689 : INFO : ball_device.bd_trough : BCH: Initial count: 6
2025-09-24 22:26:20,689 : INFO : ball_device.bd_trough : State: idle
2025-09-24 22:26:20,689 : INFO : ball_device.bd_lock_elevator : BCH: Initial count: 0
2025-09-24 22:26:20,689 : INFO : ball_device.bd_lock_elevator : State: idle
2025-09-24 22:26:20,689 : INFO : ball_device.bd_mode_scoop : BCH: Initial count: 0
2025-09-24 22:26:20,690 : INFO : ball_device.bd_mode_scoop : State: idle
2025-09-24 22:26:20,715 : INFO : EventManager : Event: ======'init_phase_3'====== Args={}
2025-09-24 22:26:21,239 : INFO : EventManager : Event: ======'init_phase_4'====== Args={}
2025-09-24 22:26:21,239 : INFO : BallController : Initial balls found: 6
2025-09-24 22:26:21,242 : INFO : EventManager : Event: ======'machine_var_audits_events_game_ended'====== Args={'value': 1, 'prev_value': None, 'change': True}
2025-09-24 22:26:21,242 : INFO : EventManager : Event: ======'machine_var_audits_events_game_started'====== Args={'value': 173, 'prev_value': None, 'change': True}
2025-09-24 22:26:21,242 : INFO : EventManager : Event: ======'machine_var_audits_missing_switches_s_a_iceman_target'====== Args={'value': 39, 'prev_value': None, 'change': True}
2025-09-24 22:26:21,242 : INFO : EventManager : Event: ======'machine_var_audits_missing_switches_s_barrier_target'====== Args={'value': 57, 'prev_value': None, 'change': True}
2025-09-24 22:26:21,242 : INFO : EventManager : Event: ======'machine_var_audits_missing_switches_s_bumper_center'====== Args={'value': 10, 'prev_value': None, 'change': True}
2025-09-24 22:26:21,242 : INFO : EventManager : Event: ======'machine_var_audits_missing_switches_s_bumper_left'====== Args={'value': 2, 'prev_value': None, 'change': True}
2025-09-24 22:26:21,242 : INFO : EventManager : Event: ======'machine_var_audits_missing_switches_s_bumper_right'====== Args={'value': 13, 'prev_value': None, 'change': True}
2025-09-24 22:26:21,242 : INFO : EventManager : Event: ======'machine_var_audits_missing_switches_s_c_iceman_target'====== Args={'value': 7, 'prev_value': None, 'change': True}
2025-09-24 22:26:21,242 : INFO : EventManager : Event: ======'machine_var_audits_missing_switches_s_c_lock_target'====== Args={'value': 57, 'prev_value': None, 'change': True}
2025-09-24 22:26:21,242 : INFO : EventManager : Event: ======'machine_var_audits_missing_switches_s_coin_door'====== Args={'value': 60, 'prev_value': None, 'change': True}
2025-09-24 22:26:21,242 : INFO : EventManager : Event: ======'machine_var_audits_missing_switches_s_coin_door_service_1'====== Args={'value': 60, 'prev_value': None, 'change': True}
2025-09-24 22:26:21,242 : INFO : EventManager : Event: ======'machine_var_audits_missing_switches_s_coin_door_service_2'====== Args={'value': 60, 'prev_value': None, 'change': True}
2025-09-24 22:26:21,242 : INFO : EventManager : Event: ======'machine_var_audits_missing_switches_s_coin_door_service_3'====== Args={'value': 60, 'prev_value': None, 'change': True}
2025-09-24 22:26:21,242 : INFO : EventManager : Event: ======'machine_var_audits_missing_switches_s_coin_door_service_4'====== Args={'value': 60, 'prev_value': None, 'change': True}
2025-09-24 22:26:21,242 : INFO : EventManager : Event: ======'machine_var_audits_missing_switches_s_e_iceman_target'====== Args={'value': 7, 'prev_value': None, 'change': True}
2025-09-24 22:26:21,242 : INFO : EventManager : Event: ======'machine_var_audits_missing_switches_s_flight_gear_target'====== Args={'value': 57, 'prev_value': None, 'change': True}
2025-09-24 22:26:21,242 : INFO : EventManager : Event: ======'machine_var_audits_missing_switches_s_flipper_left'====== Args={'value': 118, 'prev_value': None, 'change': True}
2025-09-24 22:26:21,242 : INFO : EventManager : Event: ======'machine_var_audits_missing_switches_s_flipper_left_eos'====== Args={'value': 120, 'prev_value': None, 'change': True}
2025-09-24 22:26:21,242 : INFO : EventManager : Event: ======'machine_var_audits_missing_switches_s_flipper_left_upper'====== Args={'value': 122, 'prev_value': None, 'change': True}
2025-09-24 22:26:21,242 : INFO : EventManager : Event: ======'machine_var_audits_missing_switches_s_flipper_left_upper_eos'====== Args={'value': 120, 'prev_value': None, 'change': True}
2025-09-24 22:26:21,242 : INFO : EventManager : Event: ======'machine_var_audits_missing_switches_s_flipper_right'====== Args={'value': 56, 'prev_value': None, 'change': True}
2025-09-24 22:26:21,242 : INFO : EventManager : Event: ======'machine_var_audits_missing_switches_s_flipper_right_eos'====== Args={'value': 120, 'prev_value': None, 'change': True}
2025-09-24 22:26:21,243 : INFO : EventManager : Event: ======'machine_var_audits_missing_switches_s_i_iceman_target'====== Args={'value': 7, 'prev_value': None, 'change': True}
2025-09-24 22:26:21,243 : INFO : EventManager : Event: ======'machine_var_audits_missing_switches_s_inlane_left'====== Args={'value': 53, 'prev_value': None, 'change': True}
2025-09-24 22:26:21,243 : INFO : EventManager : Event: ======'machine_var_audits_missing_switches_s_inner_inlane_right'====== Args={'value': 57, 'prev_value': None, 'change': True}
2025-09-24 22:26:21,243 : INFO : EventManager : Event: ======'machine_var_audits_missing_switches_s_jam'====== Args={'value': 59, 'prev_value': None, 'change': True}
2025-09-24 22:26:21,243 : INFO : EventManager : Event: ======'machine_var_audits_missing_switches_s_k_lock_target'====== Args={'value': 57, 'prev_value': None, 'change': True}
2025-09-24 22:26:21,243 : INFO : EventManager : Event: ======'machine_var_audits_missing_switches_s_l_lock_target'====== Args={'value': 57, 'prev_value': None, 'change': True}
2025-09-24 22:26:21,243 : INFO : EventManager : Event: ======'machine_var_audits_missing_switches_s_lane_left'====== Args={'value': 172, 'prev_value': None, 'change': True}
2025-09-24 22:26:21,243 : INFO : EventManager : Event: ======'machine_var_audits_missing_switches_s_lane_right'====== Args={'value': 2, 'prev_value': None, 'change': True}
2025-09-24 22:26:21,243 : INFO : EventManager : Event: ======'machine_var_audits_missing_switches_s_lock_goose'====== Args={'value': 122, 'prev_value': None, 'change': True}
2025-09-24 22:26:21,243 : INFO : EventManager : Event: ======'machine_var_audits_missing_switches_s_lock_mav'====== Args={'value': 122, 'prev_value': None, 'change': True}
2025-09-24 22:26:21,243 : INFO : EventManager : Event: ======'machine_var_audits_missing_switches_s_lock_plunger'====== Args={'value': 7, 'prev_value': None, 'change': True}
2025-09-24 22:26:21,243 : INFO : EventManager : Event: ======'machine_var_audits_missing_switches_s_m_iceman_target'====== Args={'value': 47, 'prev_value': None, 'change': True}
2025-09-24 22:26:21,243 : INFO : EventManager : Event: ======'machine_var_audits_missing_switches_s_mig_lane_left'====== Args={'value': 3, 'prev_value': None, 'change': True}
2025-09-24 22:26:21,243 : INFO : EventManager : Event: ======'machine_var_audits_missing_switches_s_mig_lane_right'====== Args={'value': 7, 'prev_value': None, 'change': True}
2025-09-24 22:26:21,243 : INFO : EventManager : Event: ======'machine_var_audits_missing_switches_s_mode_start'====== Args={'value': 122, 'prev_value': None, 'change': True}
2025-09-24 22:26:21,243 : INFO : EventManager : Event: ======'machine_var_audits_missing_switches_s_n_iceman_target'====== Args={'value': 16, 'prev_value': None, 'change': True}
2025-09-24 22:26:21,243 : INFO : EventManager : Event: ======'machine_var_audits_missing_switches_s_o_lock_target'====== Args={'value': 57, 'prev_value': None, 'change': True}
2025-09-24 22:26:21,243 : INFO : EventManager : Event: ======'machine_var_audits_missing_switches_s_orbit_left'====== Args={'value': 13, 'prev_value': None, 'change': True}
2025-09-24 22:26:21,243 : INFO : EventManager : Event: ======'machine_var_audits_missing_switches_s_orbit_lower'====== Args={'value': 122, 'prev_value': None, 'change': True}
2025-09-24 22:26:21,243 : INFO : EventManager : Event: ======'machine_var_audits_missing_switches_s_orbit_right'====== Args={'value': 7, 'prev_value': None, 'change': True}
2025-09-24 22:26:21,243 : INFO : EventManager : Event: ======'machine_var_audits_missing_switches_s_orbit_upper'====== Args={'value': 7, 'prev_value': None, 'change': True}
2025-09-24 22:26:21,243 : INFO : EventManager : Event: ======'machine_var_audits_missing_switches_s_outer_inlane_right'====== Args={'value': 55, 'prev_value': None, 'change': True}
2025-09-24 22:26:21,243 : INFO : EventManager : Event: ======'machine_var_audits_missing_switches_s_outlane_left'====== Args={'value': 122, 'prev_value': None, 'change': True}
2025-09-24 22:26:21,244 : INFO : EventManager : Event: ======'machine_var_audits_missing_switches_s_outlane_right'====== Args={'value': 59, 'prev_value': None, 'change': True}
2025-09-24 22:26:21,244 : INFO : EventManager : Event: ======'machine_var_audits_missing_switches_s_plunger_lane'====== Args={'value': 10, 'prev_value': None, 'change': True}
2025-09-24 22:26:21,244 : INFO : EventManager : Event: ======'machine_var_audits_missing_switches_s_ramp_inner_exit'====== Args={'value': 122, 'prev_value': None, 'change': True}
2025-09-24 22:26:21,244 : INFO : EventManager : Event: ======'machine_var_audits_missing_switches_s_ramp_left_exit'====== Args={'value': 122, 'prev_value': None, 'change': True}
2025-09-24 22:26:21,244 : INFO : EventManager : Event: ======'machine_var_audits_missing_switches_s_ramp_right_exit'====== Args={'value': 122, 'prev_value': None, 'change': True}
2025-09-24 22:26:21,244 : INFO : EventManager : Event: ======'machine_var_audits_missing_switches_s_ramp_tower_exit'====== Args={'value': 122, 'prev_value': None, 'change': True}
2025-09-24 22:26:21,244 : INFO : EventManager : Event: ======'machine_var_audits_missing_switches_s_slingshot_left'====== Args={'value': 57, 'prev_value': None, 'change': True}
2025-09-24 22:26:21,244 : INFO : EventManager : Event: ======'machine_var_audits_missing_switches_s_slingshot_right'====== Args={'value': 57, 'prev_value': None, 'change': True}
2025-09-24 22:26:21,244 : INFO : EventManager : Event: ======'machine_var_audits_missing_switches_s_spinner'====== Args={'value': 12, 'prev_value': None, 'change': True}
2025-09-24 22:26:21,244 : INFO : EventManager : Event: ======'machine_var_audits_missing_switches_s_start'====== Args={'value': 7, 'prev_value': None, 'change': True}
2025-09-24 22:26:21,244 : INFO : EventManager : Event: ======'machine_var_audits_missing_switches_s_tilt'====== Args={'value': 60, 'prev_value': None, 'change': True}
2025-09-24 22:26:21,244 : INFO : EventManager : Event: ======'machine_var_audits_missing_switches_s_trough_1'====== Args={'value': 98, 'prev_value': None, 'change': True}
2025-09-24 22:26:21,244 : INFO : EventManager : Event: ======'machine_var_audits_missing_switches_s_trough_2'====== Args={'value': 98, 'prev_value': None, 'change': True}
2025-09-24 22:26:21,244 : INFO : EventManager : Event: ======'machine_var_audits_missing_switches_s_trough_3'====== Args={'value': 98, 'prev_value': None, 'change': True}
2025-09-24 22:26:21,244 : INFO : EventManager : Event: ======'machine_var_audits_missing_switches_s_trough_4'====== Args={'value': 173, 'prev_value': None, 'change': True}
2025-09-24 22:26:21,244 : INFO : EventManager : Event: ======'machine_var_audits_missing_switches_s_trough_5'====== Args={'value': 173, 'prev_value': None, 'change': True}
2025-09-24 22:26:21,244 : INFO : EventManager : Event: ======'machine_var_audits_missing_switches_s_trough_6'====== Args={'value': 5, 'prev_value': None, 'change': True}
2025-09-24 22:26:21,244 : INFO : EventManager : Event: ======'machine_var_audits_player_score'====== Args={'value': {'average': 67000, 'top': [73000, 61000], 'total': 2}, 'prev_value': None, 'change': True}
2025-09-24 22:26:21,244 : INFO : EventManager : Event: ======'machine_var_audits_shots_bumper_center'====== Args={'value': 488, 'prev_value': None, 'change': True}
2025-09-24 22:26:21,244 : INFO : EventManager : Event: ======'machine_var_audits_shots_bumper_left'====== Args={'value': 491, 'prev_value': None, 'change': True}
2025-09-24 22:26:21,244 : INFO : EventManager : Event: ======'machine_var_audits_shots_bumper_right'====== Args={'value': 360, 'prev_value': None, 'change': True}
2025-09-24 22:26:21,244 : INFO : EventManager : Event: ======'machine_var_audits_shots_mig_lane_left'====== Args={'value': 31, 'prev_value': None, 'change': True}
2025-09-24 22:26:21,244 : INFO : EventManager : Event: ======'machine_var_audits_shots_mig_lane_right'====== Args={'value': 2, 'prev_value': None, 'change': True}
2025-09-24 22:26:21,245 : INFO : EventManager : Event: ======'machine_var_audits_shots_orbit_upper'====== Args={'value': 8, 'prev_value': None, 'change': True}
2025-09-24 22:26:21,245 : INFO : EventManager : Event: ======'machine_var_audits_shots_spinner'====== Args={'value': 1, 'prev_value': None, 'change': True}
2025-09-24 22:26:21,245 : INFO : EventManager : Event: ======'machine_var_audits_switches_s_a_iceman_target'====== Args={'value': 25, 'prev_value': None, 'change': True}
2025-09-24 22:26:21,245 : INFO : EventManager : Event: ======'machine_var_audits_switches_s_barrier_target'====== Args={'value': 6, 'prev_value': None, 'change': True}
2025-09-24 22:26:21,245 : INFO : EventManager : Event: ======'machine_var_audits_switches_s_bumper_center'====== Args={'value': 507, 'prev_value': None, 'change': True}
2025-09-24 22:26:21,245 : INFO : EventManager : Event: ======'machine_var_audits_switches_s_bumper_left'====== Args={'value': 521, 'prev_value': None, 'change': True}
2025-09-24 22:26:21,245 : INFO : EventManager : Event: ======'machine_var_audits_switches_s_bumper_right'====== Args={'value': 366, 'prev_value': None, 'change': True}
2025-09-24 22:26:21,245 : INFO : EventManager : Event: ======'machine_var_audits_switches_s_c_iceman_target'====== Args={'value': 41, 'prev_value': None, 'change': True}
2025-09-24 22:26:21,245 : INFO : EventManager : Event: ======'machine_var_audits_switches_s_c_lock_target'====== Args={'value': 4, 'prev_value': None, 'change': True}
2025-09-24 22:26:21,245 : INFO : EventManager : Event: ======'machine_var_audits_switches_s_coin_door'====== Args={'value': 0, 'prev_value': None, 'change': True}
2025-09-24 22:26:21,245 : INFO : EventManager : Event: ======'machine_var_audits_switches_s_coin_door_service_1'====== Args={'value': 0, 'prev_value': None, 'change': True}
2025-09-24 22:26:21,245 : INFO : EventManager : Event: ======'machine_var_audits_switches_s_coin_door_service_2'====== Args={'value': 0, 'prev_value': None, 'change': True}
2025-09-24 22:26:21,245 : INFO : EventManager : Event: ======'machine_var_audits_switches_s_coin_door_service_3'====== Args={'value': 0, 'prev_value': None, 'change': True}
2025-09-24 22:26:21,245 : INFO : EventManager : Event: ======'machine_var_audits_switches_s_coin_door_service_4'====== Args={'value': 0, 'prev_value': None, 'change': True}
2025-09-24 22:26:21,245 : INFO : EventManager : Event: ======'machine_var_audits_switches_s_e_iceman_target'====== Args={'value': 45, 'prev_value': None, 'change': True}
2025-09-24 22:26:21,245 : INFO : EventManager : Event: ======'machine_var_audits_switches_s_flight_gear_target'====== Args={'value': 6, 'prev_value': None, 'change': True}
2025-09-24 22:26:21,245 : INFO : EventManager : Event: ======'machine_var_audits_switches_s_flipper_left'====== Args={'value': 9, 'prev_value': None, 'change': True}
2025-09-24 22:26:21,245 : INFO : EventManager : Event: ======'machine_var_audits_switches_s_flipper_left_eos'====== Args={'value': 0, 'prev_value': None, 'change': True}
2025-09-24 22:26:21,245 : INFO : EventManager : Event: ======'machine_var_audits_switches_s_flipper_left_upper'====== Args={'value': 0, 'prev_value': None, 'change': True}
2025-09-24 22:26:21,245 : INFO : EventManager : Event: ======'machine_var_audits_switches_s_flipper_left_upper_eos'====== Args={'value': 0, 'prev_value': None, 'change': True}
2025-09-24 22:26:21,245 : INFO : EventManager : Event: ======'machine_var_audits_switches_s_flipper_right'====== Args={'value': 17, 'prev_value': None, 'change': True}
2025-09-24 22:26:21,246 : INFO : EventManager : Event: ======'machine_var_audits_switches_s_flipper_right_eos'====== Args={'value': 0, 'prev_value': None, 'change': True}
2025-09-24 22:26:21,246 : INFO : EventManager : Event: ======'machine_var_audits_switches_s_i_iceman_target'====== Args={'value': 8, 'prev_value': None, 'change': True}
2025-09-24 22:26:21,246 : INFO : EventManager : Event: ======'machine_var_audits_switches_s_inlane_left'====== Args={'value': 53, 'prev_value': None, 'change': True}
2025-09-24 22:26:21,246 : INFO : EventManager : Event: ======'machine_var_audits_switches_s_inner_inlane_right'====== Args={'value': 3, 'prev_value': None, 'change': True}
2025-09-24 22:26:21,246 : INFO : EventManager : Event: ======'machine_var_audits_switches_s_jam'====== Args={'value': 1, 'prev_value': None, 'change': True}
2025-09-24 22:26:21,246 : INFO : EventManager : Event: ======'machine_var_audits_switches_s_k_lock_target'====== Args={'value': 5, 'prev_value': None, 'change': True}
2025-09-24 22:26:21,246 : INFO : EventManager : Event: ======'machine_var_audits_switches_s_l_lock_target'====== Args={'value': 5, 'prev_value': None, 'change': True}
2025-09-24 22:26:21,246 : INFO : EventManager : Event: ======'machine_var_audits_switches_s_lane_left'====== Args={'value': 1, 'prev_value': None, 'change': True}
2025-09-24 22:26:21,246 : INFO : EventManager : Event: ======'machine_var_audits_switches_s_lane_right'====== Args={'value': 45, 'prev_value': None, 'change': True}
2025-09-24 22:26:21,246 : INFO : EventManager : Event: ======'machine_var_audits_switches_s_lock_goose'====== Args={'value': 0, 'prev_value': None, 'change': True}
2025-09-24 22:26:21,246 : INFO : EventManager : Event: ======'machine_var_audits_switches_s_lock_mav'====== Args={'value': 0, 'prev_value': None, 'change': True}
2025-09-24 22:26:21,246 : INFO : EventManager : Event: ======'machine_var_audits_switches_s_lock_plunger'====== Args={'value': 1, 'prev_value': None, 'change': True}
2025-09-24 22:26:21,246 : INFO : EventManager : Event: ======'machine_var_audits_switches_s_m_iceman_target'====== Args={'value': 25, 'prev_value': None, 'change': True}
2025-09-24 22:26:21,246 : INFO : EventManager : Event: ======'machine_var_audits_switches_s_mig_lane_left'====== Args={'value': 51, 'prev_value': None, 'change': True}
2025-09-24 22:26:21,246 : INFO : EventManager : Event: ======'machine_var_audits_switches_s_mig_lane_right'====== Args={'value': 5, 'prev_value': None, 'change': True}
2025-09-24 22:26:21,246 : INFO : EventManager : Event: ======'machine_var_audits_switches_s_mode_start'====== Args={'value': 0, 'prev_value': None, 'change': True}
2025-09-24 22:26:21,246 : INFO : EventManager : Event: ======'machine_var_audits_switches_s_n_iceman_target'====== Args={'value': 34, 'prev_value': None, 'change': True}
2025-09-24 22:26:21,246 : INFO : EventManager : Event: ======'machine_var_audits_switches_s_o_lock_target'====== Args={'value': 5, 'prev_value': None, 'change': True}
2025-09-24 22:26:21,246 : INFO : EventManager : Event: ======'machine_var_audits_switches_s_orbit_left'====== Args={'value': 10, 'prev_value': None, 'change': True}
2025-09-24 22:26:21,246 : INFO : EventManager : Event: ======'machine_var_audits_switches_s_orbit_lower'====== Args={'value': 0, 'prev_value': None, 'change': True}
2025-09-24 22:26:21,246 : INFO : EventManager : Event: ======'machine_var_audits_switches_s_orbit_right'====== Args={'value': 14, 'prev_value': None, 'change': True}
2025-09-24 22:26:21,246 : INFO : EventManager : Event: ======'machine_var_audits_switches_s_orbit_upper'====== Args={'value': 9, 'prev_value': None, 'change': True}
2025-09-24 22:26:21,246 : INFO : EventManager : Event: ======'machine_var_audits_switches_s_outer_inlane_right'====== Args={'value': 5, 'prev_value': None, 'change': True}
2025-09-24 22:26:21,247 : INFO : EventManager : Event: ======'machine_var_audits_switches_s_outlane_left'====== Args={'value': 0, 'prev_value': None, 'change': True}
2025-09-24 22:26:21,247 : INFO : EventManager : Event: ======'machine_var_audits_switches_s_outlane_right'====== Args={'value': 4, 'prev_value': None, 'change': True}
2025-09-24 22:26:21,247 : INFO : EventManager : Event: ======'machine_var_audits_switches_s_plunger_lane'====== Args={'value': 46, 'prev_value': None, 'change': True}
2025-09-24 22:26:21,247 : INFO : EventManager : Event: ======'machine_var_audits_switches_s_ramp_inner_exit'====== Args={'value': 0, 'prev_value': None, 'change': True}
2025-09-24 22:26:21,247 : INFO : EventManager : Event: ======'machine_var_audits_switches_s_ramp_left_exit'====== Args={'value': 0, 'prev_value': None, 'change': True}
2025-09-24 22:26:21,247 : INFO : EventManager : Event: ======'machine_var_audits_switches_s_ramp_right_exit'====== Args={'value': 0, 'prev_value': None, 'change': True}
2025-09-24 22:26:21,247 : INFO : EventManager : Event: ======'machine_var_audits_switches_s_ramp_tower_exit'====== Args={'value': 0, 'prev_value': None, 'change': True}
2025-09-24 22:26:21,247 : INFO : EventManager : Event: ======'machine_var_audits_switches_s_shooter_lane'====== Args={'value': 89, 'prev_value': None, 'change': True}
2025-09-24 22:26:21,247 : INFO : EventManager : Event: ======'machine_var_audits_switches_s_slingshot_left'====== Args={'value': 8, 'prev_value': None, 'change': True}
2025-09-24 22:26:21,247 : INFO : EventManager : Event: ======'machine_var_audits_switches_s_slingshot_right'====== Args={'value': 7, 'prev_value': None, 'change': True}
2025-09-24 22:26:21,247 : INFO : EventManager : Event: ======'machine_var_audits_switches_s_spinner'====== Args={'value': 1, 'prev_value': None, 'change': True}
2025-09-24 22:26:21,247 : INFO : EventManager : Event: ======'machine_var_audits_switches_s_start'====== Args={'value': 146, 'prev_value': None, 'change': True}
2025-09-24 22:26:21,247 : INFO : EventManager : Event: ======'machine_var_audits_switches_s_tilt'====== Args={'value': 0, 'prev_value': None, 'change': True}
2025-09-24 22:26:21,247 : INFO : EventManager : Event: ======'machine_var_audits_switches_s_trough_1'====== Args={'value': 2, 'prev_value': None, 'change': True}
2025-09-24 22:26:21,247 : INFO : EventManager : Event: ======'machine_var_audits_switches_s_trough_2'====== Args={'value': 1, 'prev_value': None, 'change': True}
2025-09-24 22:26:21,247 : INFO : EventManager : Event: ======'machine_var_audits_switches_s_trough_3'====== Args={'value': 1, 'prev_value': None, 'change': True}
2025-09-24 22:26:21,247 : INFO : EventManager : Event: ======'machine_var_audits_switches_s_trough_4'====== Args={'value': 0, 'prev_value': None, 'change': True}
2025-09-24 22:26:21,247 : INFO : EventManager : Event: ======'machine_var_audits_switches_s_trough_5'====== Args={'value': 0, 'prev_value': None, 'change': True}
2025-09-24 22:26:21,247 : INFO : EventManager : Event: ======'machine_var_audits_switches_s_trough_6'====== Args={'value': 95, 'prev_value': None, 'change': True}
2025-09-24 22:26:21,248 : INFO : EventManager : Event: ======'init_phase_5'====== Args={}
2025-09-24 22:26:21,248 : INFO : EventManager : Event: ======'init_done'====== Args={}
2025-09-24 22:26:21,248 : INFO : EventManager : Event: ======'machine_reset_phase_1'====== Args={}
2025-09-24 22:26:21,256 : INFO : EventManager : Event: ======'machine_reset_phase_2'====== Args={}
2025-09-24 22:26:21,256 : INFO : EventManager : Event: ======'machine_reset_phase_3'====== Args={}
2025-09-24 22:26:21,256 : INFO : EventManager : Event: ======'reset_complete'====== Args={}
2025-09-24 22:26:21,256 : INFO : EventManager : Event: ======'mode_attract_will_start'====== Args={}
2025-09-24 22:26:21,256 : INFO : Timer.attract_carousel_timer : Starting Timer.
2025-09-24 22:26:21,256 : INFO : EventManager : Event: ======'timer_attract_carousel_timer_started'====== Args={'ticks': 0, 'ticks_remaining': 1}
2025-09-24 22:26:21,256 : INFO : EventManager : Event: ======'timer_attract_carousel_timer_tick'====== Args={'ticks': 0, 'ticks_remaining': 1}
2025-09-24 22:26:21,258 : INFO : EventManager : Event: ======'mode_attract_starting'====== Args={}
2025-09-24 22:26:21,258 : INFO : Mode.attract : Started. Priority: 10
2025-09-24 22:26:21,258 : INFO : EventManager : Event: ======'modes_active_modes_changed'====== Args={}
2025-09-24 22:26:21,258 : INFO : EventManager : Event: ======'mode_attract_started'====== Args={}
2025-09-24 22:26:21,258 : INFO : EventManager : Event: ======'attract_cycle_step1'====== Args={'priority': 0}
2025-09-24 22:26:21,258 : INFO : EventManager : Event: ======'collecting_balls_complete'====== Args={}
2025-09-24 22:26:21,259 : INFO : EventManager : Event: ======'item_highlighted'====== Args={'carousel': 'attract', 'direction': None, 'item': 'title'}
2025-09-24 22:26:21,259 : INFO : EventManager : Event: ======'timer_attract_carousel_timer_tick'====== Args={'ticks': 0, 'ticks_remaining': 1}
2025-09-24 22:26:21,261 : INFO : Machine : Starting the main run loop with active modes: [<Mode.attract>]
2025-09-24 22:26:21,344 : INFO : EventManager : Event: ======'slide_attract_created'====== Args={'_from_bcp': True}
2025-09-24 22:26:21,344 : INFO : EventManager : Event: ======'slide__removed'====== Args={'_from_bcp': True}
2025-09-24 22:26:21,344 : INFO : EventManager : Event: ======'slide_attract_active'====== Args={'original_context': 'attract', 'original_calling_context': 'mode_attract_started', 'priority': 10.0, 'cmd': 'slides_play', '_from_bcp': True}
2025-09-24 22:26:21,554 : INFO : BcpServer : New client connected.
2025-09-24 22:26:26,608 : INFO : SwitchController : <<<<<<< 's_start' active >>>>>>>
2025-09-24 22:26:26,734 : INFO : SwitchController : <<<<<<< 's_start' inactive >>>>>>>
2025-09-24 22:26:26,734 : INFO : EventManager : Event: ======'request_to_start_game'====== Args={}
2025-09-24 22:26:26,737 : INFO : EventManager : Event: ======'game_start'====== Args={'buttons': [], 'hold_time': 0.125}
2025-09-24 22:26:26,738 : INFO : EventManager : Event: ======'mode_game_will_start'====== Args={'buttons': [], 'hold_time': 0.125}
2025-09-24 22:26:26,738 : INFO : EventManager : Event: ======'mode_game_starting'====== Args={'buttons': [], 'hold_time': 0.125}
2025-09-24 22:26:26,738 : INFO : EventManager : Event: ======'mode_attract_will_stop'====== Args={}
2025-09-24 22:26:26,738 : INFO : EventManager : Event: ======'mode_attract_stopping'====== Args={}
2025-09-24 22:26:26,739 : INFO : Mode.game : Started. Priority: 20
2025-09-24 22:26:26,739 : INFO : EventManager : Event: ======'modes_active_modes_changed'====== Args={}
2025-09-24 22:26:26,739 : INFO : EventManager : Event: ======'mode_game_started'====== Args={'buttons': [], 'hold_time': 0.125}
2025-09-24 22:26:26,740 : INFO : Mode.attract : Stopped.
2025-09-24 22:26:26,741 : INFO : EventManager : Event: ======'modes_active_modes_changed'====== Args={}
2025-09-24 22:26:26,741 : INFO : EventManager : Event: ======'mode_attract_stopped'====== Args={}
2025-09-24 22:26:26,741 : INFO : EventManager : Event: ======'clear'====== Args={'key': 'attract'}
2025-09-24 22:26:26,741 : INFO : Timer.attract_carousel_timer : Stopping Timer
2025-09-24 22:26:26,741 : INFO : EventManager : Event: ======'timer_attract_carousel_timer_stopped'====== Args={'ticks': 0, 'ticks_remaining': 1}
2025-09-24 22:26:26,741 : INFO : EventManager : Event: ======'game_will_start'====== Args={}
2025-09-24 22:26:26,743 : INFO : EventManager : Event: ======'game_starting'====== Args={'game': <Mode.game>}
2025-09-24 22:26:26,744 : INFO : EventManager : Unordered handler for class <Auditor> on event game_ended with priority 1. Handlers: [RegisteredHandler(callback=<bound method Auditor.disable of <Auditor>>, priority=1, kwargs={}, key=UUID('63e54f61-5c1e-46eb-8c9c-5b273f6462d8'), condition=None, blocking_facility=None), RegisteredHandler(callback=<bound method Auditor._save_audits of <Auditor>>, priority=1, kwargs={}, key=UUID('fe14cb08-2bcb-4081-ab62-e28aa920757a'), condition=None, blocking_facility=None)]. The order of those handlers is not defined and they will be executed in random order. This might lead to race conditions and potential bugs.
2025-09-24 22:26:26,744 : INFO : EventManager : Event: ======'player_add_request'====== Args={}
2025-09-24 22:26:26,745 : INFO : EventManager : Event: ======'player_will_add'====== Args={'number': 1}
2025-09-24 22:26:26,745 : INFO : EventManager : Event: ======'player_adding'====== Args={'player': <Player 1>, 'number': 1}
2025-09-24 22:26:26,745 : INFO : EventManager : Event: ======'player_added'====== Args={'player': <Player 1>, 'num': 1}
2025-09-24 22:26:26,745 : INFO : Mode.game : Player added successfully. Total players: 1
2025-09-24 22:26:26,746 : INFO : EventManager : Event: ======'player_index'====== Args={'value': 0, 'prev_value': 0, 'change': 0, 'player_num': 1}
2025-09-24 22:26:26,746 : INFO : EventManager : Event: ======'player_number'====== Args={'value': 1, 'prev_value': 1, 'change': 0, 'player_num': 1}
2025-09-24 22:26:26,746 : INFO : EventManager : Event: ======'player_score'====== Args={'value': 0, 'prev_value': 0, 'change': 0, 'player_num': 1}
2025-09-24 22:26:26,746 : INFO : EventManager : Event: ======'game_started'====== Args={}
2025-09-24 22:26:26,747 : INFO : EventManager : Event: ======'player_turn_will_start'====== Args={'player': <Player 1>, 'number': 1}
2025-09-24 22:26:26,748 : INFO : EventManager : Event: ======'player_turn_starting'====== Args={'player': <Player 1>, 'number': 1}
2025-09-24 22:26:26,754 : INFO : EventManager : Event: ======'player_ball'====== Args={'value': 1, 'prev_value': 0, 'change': 1, 'player_num': 1}
2025-09-24 22:26:26,755 : INFO : EventManager : Event: ======'player_turn_started'====== Args={'player': <Player 1>, 'number': 1}
2025-09-24 22:26:26,758 : INFO : EventManager : Event: ======'ui_player_1_up'====== Args={'priority': 0}
2025-09-24 22:26:26,758 : INFO : EventManager : Event: ======'ball_will_start'====== Args={'player': 1, 'ball': 1, 'balls_remaining': 2, 'is_extra_ball': False}
2025-09-24 22:26:26,759 : INFO : EventManager : Event: ======'ball_starting'====== Args={'player': 1, 'ball': 1, 'balls_remaining': 2, 'is_extra_ball': False}
2025-09-24 22:26:26,760 : INFO : EventManager : Event: ======'mode_base_will_start'====== Args={'queue': <QueuedEvent>, 'player': 1, 'ball': 1, 'balls_remaining': 2, 'is_extra_ball': False}
2025-09-24 22:26:26,761 : INFO : EventManager : Event: ======'mode_base_starting'====== Args={'queue': <QueuedEvent>, 'player': 1, 'ball': 1, 'balls_remaining': 2, 'is_extra_ball': False}
2025-09-24 22:26:26,761 : INFO : Mode.base : Started. Priority: 100
2025-09-24 22:26:26,763 : INFO : EventManager : Event: ======'modes_active_modes_changed'====== Args={}
2025-09-24 22:26:26,763 : INFO : EventManager : Event: ======'mode_base_started'====== Args={'queue': <QueuedEvent>, 'player': 1, 'ball': 1, 'balls_remaining': 2, 'is_extra_ball': False}
2025-09-24 22:26:26,763 : INFO : EventManager : Event: ======'start_mode_bumpers'====== Args={'priority': 0}
2025-09-24 22:26:26,763 : INFO : EventManager : Event: ======'mode_bumpers_will_start'====== Args={'priority': 0}
2025-09-24 22:26:26,764 : INFO : EventManager : Event: ======'player_shot_bumper_left_enabled'====== Args={'value': True, 'prev_value': 0, 'change': 1, 'player_num': 1}
2025-09-24 22:26:26,764 : INFO : EventManager : Event: ======'player_shot_bumper_center_enabled'====== Args={'value': True, 'prev_value': 0, 'change': 1, 'player_num': 1}
2025-09-24 22:26:26,764 : INFO : EventManager : Event: ======'player_shot_bumper_right_enabled'====== Args={'value': True, 'prev_value': 0, 'change': 1, 'player_num': 1}
2025-09-24 22:26:26,765 : INFO : EventManager : Event: ======'bumpers_complete'====== Args={'state': 'unlit'}
2025-09-24 22:26:26,765 : INFO : EventManager : Event: ======'bumpers_unlit_complete'====== Args={}
2025-09-24 22:26:26,765 : INFO : EventManager : Event: ======'mode_bumpers_starting'====== Args={'priority': 0}
2025-09-24 22:26:26,766 : INFO : Mode.bumpers : Started. Priority: 200
2025-09-24 22:26:26,766 : INFO : EventManager : Event: ======'modes_active_modes_changed'====== Args={}
2025-09-24 22:26:26,766 : INFO : EventManager : Event: ======'mode_bumpers_started'====== Args={'priority': 0}
2025-09-24 22:26:26,766 : INFO : EventManager : Event: ======'balls_in_play'====== Args={'balls': 1}
2025-09-24 22:26:26,767 : INFO : EventManager : Event: ======'ball_started'====== Args={'player': 1, 'ball': 1, 'balls_remaining': 2, 'is_extra_ball': False}
2025-09-24 22:26:26,767 : INFO : EventManager : Event: ======'single_player_ball_started'====== Args={}
2025-09-24 22:26:26,768 : INFO : EventManager : Event: ======'ball_start_target'====== Args={'target': 'playfield'}
2025-09-24 22:26:26,768 : INFO : ball_device.bd_plunger : Setting up player-controlled eject. Balls: 1, Target: <playfield.playfield>, player_controlled_eject_event: None
2025-09-24 22:26:26,769 : INFO : EventManager : Event: ======'balldevice_balls_available'====== Args={}
2025-09-24 22:26:26,769 : INFO : ball_device.bd_trough : State: waiting_for_target_ready
2025-09-24 22:26:26,770 : INFO : EventManager : Event: ======'balldevice_bd_trough_ball_eject_attempt'====== Args={'balls': 1, 'target': <ball_device.bd_plunger>, 'source': <ball_device.bd_trough>, 'mechanical_eject': True, 'num_attempts': 0}
2025-09-24 22:26:26,770 : INFO : ball_device.bd_plunger : State: waiting_for_ball
2025-09-24 22:26:26,770 : INFO : ball_device.bd_trough : State: ejecting
2025-09-24 22:26:26,771 : INFO : ball_device.bd_trough : Ejecting ball to <ball_device.bd_plunger>
2025-09-24 22:26:26,771 : INFO : EventManager : Event: ======'balldevice_bd_trough_ejecting_ball'====== Args={'balls': 1, 'target': <ball_device.bd_plunger>, 'source': <ball_device.bd_trough>, 'mechanical_eject': True, 'num_attempts': 0}
2025-09-24 22:26:26,771 : INFO : ball_device.bd_trough : Wait for ball to leave device
2025-09-24 22:26:26,771 : INFO : coil.c_trough_eject : Pulsing Driver for 10ms (0.75 pulse_power)
2025-09-24 22:26:26,853 : INFO : EventManager : Event: ======'slide_base_slide_created'====== Args={'_from_bcp': True}
2025-09-24 22:26:26,853 : INFO : EventManager : Event: ======'slide_attract_inactive'====== Args={'is_removing': True, '_from_bcp': True}
2025-09-24 22:26:26,854 : INFO : EventManager : Event: ======'slide_base_slide_active'====== Args={'original_context': 'base', 'original_calling_context': 'mode_base_started', 'priority': 100.0, 'queue': '<QueuedEvent>', 'player': 1.0, 'ball': 1.0, 'balls_remaining': 2.0, 'is_extra_ball': False, 'cmd': 'slides_play', '_from_bcp': True}
2025-09-24 22:26:26,857 : INFO : EventManager : Event: ======'slide_attract_removed'====== Args={'_from_bcp': True}
2025-09-24 22:26:29,784 : INFO : EventManager : Event: ======'balldevice_bd_trough_ball_eject_failed'====== Args={'target': <ball_device.bd_plunger>, 'balls': 1, 'retry': True, 'num_attempts': 1}
2025-09-24 22:26:29,785 : INFO : ball_device.bd_trough : State: waiting_for_target_ready
2025-09-24 22:26:29,785 : INFO : EventManager : Event: ======'balldevice_bd_trough_ball_eject_attempt'====== Args={'balls': 1, 'target': <ball_device.bd_plunger>, 'source': <ball_device.bd_trough>, 'mechanical_eject': True, 'num_attempts': 1}
2025-09-24 22:26:29,786 : INFO : ball_device.bd_trough : State: ejecting
2025-09-24 22:26:29,786 : INFO : ball_device.bd_trough : Ejecting ball to <ball_device.bd_plunger>
2025-09-24 22:26:29,786 : INFO : EventManager : Event: ======'balldevice_bd_trough_ejecting_ball'====== Args={'balls': 1, 'target': <ball_device.bd_plunger>, 'source': <ball_device.bd_trough>, 'mechanical_eject': True, 'num_attempts': 1}
2025-09-24 22:26:29,787 : INFO : ball_device.bd_trough : Wait for ball to leave device
2025-09-24 22:26:29,787 : INFO : coil.c_trough_eject : Pulsing Driver for 10ms (0.75 pulse_power)
2025-09-24 22:26:30,408 : INFO : SwitchController : <<<<<<< 's_trough_6' inactive >>>>>>>
2025-09-24 22:26:30,408 : INFO : ball_device.bd_trough : State: ball_left
2025-09-24 22:26:30,409 : INFO : ball_device.bd_trough : Ball left
2025-09-24 22:26:30,409 : INFO : ball_device.bd_trough : Wait for confirm with timeout 3.0
2025-09-24 22:26:31,150 : INFO : SwitchController : <<<<<<< 's_shooter_lane' active >>>>>>>
2025-09-24 22:26:31,150 : INFO : EventManager : Event: ======'s_shooter_lane_active'====== Args={}
2025-09-24 22:26:31,150 : INFO : EventManager : Event: ======'machine_var_audits_switches_s_shooter_lane'====== Args={'value': 90, 'prev_value': 89, 'change': 1}
2025-09-24 22:26:31,151 : INFO : EventManager : Event: ======'mode_skillshot_will_start'====== Args={}
2025-09-24 22:26:31,151 : INFO : EventManager : Event: ======'player_shot_mig_lane_left_enabled'====== Args={'value': True, 'prev_value': 0, 'change': 1, 'player_num': 1}
2025-09-24 22:26:31,153 : INFO : EventManager : Event: ======'player_shot_mig_lane_right_enabled'====== Args={'value': True, 'prev_value': 0, 'change': 1, 'player_num': 1}
2025-09-24 22:26:31,153 : INFO : EventManager : Event: ======'player_shot_spinner_enabled'====== Args={'value': True, 'prev_value': 0, 'change': 1, 'player_num': 1}
2025-09-24 22:26:31,154 : INFO : EventManager : Event: ======'player_shot_orbit_upper_enabled'====== Args={'value': True, 'prev_value': 0, 'change': 1, 'player_num': 1}
2025-09-24 22:26:31,154 : INFO : EventManager : Event: ======'player_shot_ramp_inner_enabled'====== Args={'value': True, 'prev_value': 0, 'change': 1, 'player_num': 1}
2025-09-24 22:26:31,154 : INFO : EventManager : Event: ======'skillshot_group_complete'====== Args={'state': 'off'}
2025-09-24 22:26:31,154 : INFO : EventManager : Event: ======'skillshot_group_off_complete'====== Args={}
2025-09-24 22:26:31,155 : INFO : EventManager : Event: ======'player_skillshot_skillshot_tick'====== Args={'value': 10, 'prev_value': 0, 'change': 10, 'player_num': 1}
2025-09-24 22:26:31,156 : INFO : EventManager : Event: ======'player_skillshot_skillshot_sound_loop_tick'====== Args={'value': 0, 'prev_value': 0, 'change': 0, 'player_num': 1}
2025-09-24 22:26:31,160 : INFO : EventManager : Event: ======'mode_skillshot_starting'====== Args={}
2025-09-24 22:26:31,160 : INFO : Mode.skillshot : Started. Priority: 100
2025-09-24 22:26:31,160 : INFO : EventManager : Event: ======'modes_active_modes_changed'====== Args={}
2025-09-24 22:26:31,160 : INFO : EventManager : Event: ======'mode_skillshot_started'====== Args={}
2025-09-24 22:26:31,160 : INFO : EventManager : Event: ======'player_shot_mig_lane_left'====== Args={'value': 1, 'prev_value': 0, 'change': 1, 'player_num': 1}
2025-09-24 22:26:31,160 : INFO : EventManager : Event: ======'player_shot_mig_lane_right'====== Args={'value': 1, 'prev_value': 0, 'change': 1, 'player_num': 1}
2025-09-24 22:26:31,161 : INFO : EventManager : Event: ======'player_shot_spinner'====== Args={'value': 1, 'prev_value': 0, 'change': 1, 'player_num': 1}
2025-09-24 22:26:31,161 : INFO : EventManager : Event: ======'player_shot_orbit_upper'====== Args={'value': 1, 'prev_value': 0, 'change': 1, 'player_num': 1}
2025-09-24 22:26:31,161 : INFO : EventManager : Event: ======'player_shot_ramp_inner'====== Args={'value': 1, 'prev_value': 0, 'change': 1, 'player_num': 1}
2025-09-24 22:26:31,162 : INFO : Timer.skillshot_sound_loop : Starting Timer.
2025-09-24 22:26:31,162 : INFO : EventManager : Event: ======'timer_skillshot_sound_loop_started'====== Args={'ticks': 0, 'ticks_remaining': 999}
2025-09-24 22:26:31,162 : INFO : EventManager : Event: ======'timer_skillshot_sound_loop_tick'====== Args={'ticks': 0, 'ticks_remaining': 999}
2025-09-24 22:26:31,162 : INFO : EventManager : Event: ======'skillshot_group_complete'====== Args={'state': 'lit'}
2025-09-24 22:26:31,162 : INFO : EventManager : Event: ======'skillshot_group_lit_complete'====== Args={}
2025-09-24 22:26:31,454 : INFO : ball_device.bd_plunger : Received ball from <ball_device.bd_trough>
2025-09-24 22:26:31,454 : INFO : EventManager : Event: ======'balldevice_bd_plunger_ball_enter'====== Args={'new_balls': 1, 'unclaimed_balls': 0, 'new_available_balls': 0, 'device': <ball_device.bd_plunger>}
2025-09-24 22:26:31,455 : INFO : EventManager : Event: ======'balldevice_bd_plunger_ball_entered'====== Args={'new_balls': 0, 'device': <ball_device.bd_plunger>}
2025-09-24 22:26:31,456 : INFO : EventManager : Event: ======'balldevice_bd_plunger_ball_count_changed'====== Args={'balls': 1}
2025-09-24 22:26:31,456 : INFO : ball_device.bd_trough : Got eject confirm
2025-09-24 22:26:31,456 : INFO : ball_device.bd_trough : Eject successful
2025-09-24 22:26:31,456 : INFO : EventManager : Event: ======'balldevice_bd_trough_ball_eject_success'====== Args={'balls': 1, 'target': <ball_device.bd_plunger>}
2025-09-24 22:26:31,456 : INFO : EventManager : Event: ======'balldevice_bd_trough_ball_count_changed'====== Args={'balls': 5}
2025-09-24 22:26:31,456 : INFO : ball_device.bd_trough : State: idle
2025-09-24 22:26:31,457 : INFO : ball_device.bd_plunger : State: waiting_for_target_ready
2025-09-24 22:26:31,457 : INFO : EventManager : Event: ======'balldevice_bd_plunger_ball_eject_attempt'====== Args={'balls': 1, 'target': <playfield.playfield>, 'source': <ball_device.bd_plunger>, 'mechanical_eject': True, 'num_attempts': 0}
2025-09-24 22:26:31,458 : INFO : ball_device.bd_plunger : State: ejecting
2025-09-24 22:26:31,458 : INFO : ball_device.bd_plunger : Ejecting ball to <playfield.playfield>
2025-09-24 22:26:31,458 : INFO : EventManager : Event: ======'balldevice_bd_plunger_ejecting_ball'====== Args={'balls': 1, 'target': <playfield.playfield>, 'source': <ball_device.bd_plunger>, 'mechanical_eject': True, 'num_attempts': 0}
2025-09-24 22:26:31,458 : INFO : EventManager : Event: ======'video_idle_start'====== Args={'priority': 0}
2025-09-24 22:26:31,459 : INFO : ball_device.bd_plunger : Wait for ball to leave device
2025-09-24 22:26:34,163 : INFO : EventManager : Event: ======'player_skillshot_skillshot_sound_loop_tick'====== Args={'value': 1, 'prev_value': 0, 'change': 1, 'player_num': 1}
2025-09-24 22:26:34,163 : INFO : EventManager : Event: ======'timer_skillshot_sound_loop_tick'====== Args={'ticks': 1, 'ticks_remaining': 998}
2025-09-24 22:26:36,675 : INFO : Machine : Shutting down...
2025-09-24 22:26:36,676 : INFO : EventManager : Event: ======'shutdown'====== Args={}
2025-09-24 22:26:36,677 : INFO : EventManager : Event: ======'mode_game_will_stop'====== Args={}
2025-09-24 22:26:36,677 : INFO : EventManager : Event: ======'mode_game_stopping'====== Args={}
2025-09-24 22:26:36,678 : INFO : EventManager : Event: ======'mode_skillshot_will_stop'====== Args={}
2025-09-24 22:26:36,678 : INFO : EventManager : Event: ======'mode_skillshot_stopping'====== Args={}
2025-09-24 22:26:36,678 : INFO : EventManager : Event: ======'mode_bumpers_will_stop'====== Args={}
2025-09-24 22:26:36,678 : INFO : EventManager : Event: ======'mode_bumpers_stopping'====== Args={}
2025-09-24 22:26:36,678 : INFO : EventManager : Event: ======'mode_base_will_stop'====== Args={}
2025-09-24 22:26:36,679 : INFO : EventManager : Event: ======'mode_base_stopping'====== Args={}
2025-09-24 22:26:36,679 : INFO : EventManager : Event: ======'stop_mode_bumpers'====== Args={'priority': 0}
2025-09-24 22:26:36,679 : INFO : Mode.base : Stopped.
2025-09-24 22:26:36,679 : INFO : EventManager : Event: ======'modes_active_modes_changed'====== Args={}
2025-09-24 22:26:36,679 : INFO : EventManager : Event: ======'mode_base_stopped'====== Args={}
2025-09-24 22:26:36,679 : INFO : EventManager : Event: ======'clear'====== Args={'key': 'base'}
2025-09-24 22:26:36,679 : INFO : Mode.bumpers : Stopped.
2025-09-24 22:26:36,679 : INFO : EventManager : Event: ======'modes_active_modes_changed'====== Args={}
2025-09-24 22:26:36,680 : INFO : EventManager : Event: ======'mode_bumpers_stopped'====== Args={}
2025-09-24 22:26:36,680 : INFO : EventManager : Event: ======'clear'====== Args={'key': 'bumpers'}
2025-09-24 22:26:36,680 : INFO : Mode.skillshot : Stopped.
2025-09-24 22:26:36,680 : INFO : EventManager : Event: ======'modes_active_modes_changed'====== Args={}
2025-09-24 22:26:36,680 : INFO : EventManager : Event: ======'mode_skillshot_stopped'====== Args={}
2025-09-24 22:26:36,680 : INFO : EventManager : Event: ======'clear'====== Args={'key': 'skillshot'}
2025-09-24 22:26:36,681 : INFO : Timer.skillshot : Stopping Timer
2025-09-24 22:26:36,681 : INFO : EventManager : Event: ======'timer_skillshot_stopped'====== Args={'ticks': 10, 'ticks_remaining': 0}
2025-09-24 22:26:36,681 : INFO : Timer.skillshot_sound_loop : Stopping Timer
2025-09-24 22:26:36,681 : INFO : EventManager : Event: ======'timer_skillshot_sound_loop_stopped'====== Args={'ticks': 1, 'ticks_remaining': 998}
2025-09-24 22:26:36,682 : INFO : Mode.game : Stopped.
2025-09-24 22:26:36,682 : INFO : EventManager : Event: ======'modes_active_modes_changed'====== Args={}
2025-09-24 22:26:36,682 : INFO : EventManager : Event: ======'mode_game_stopped'====== Args={}
2025-09-24 22:26:36,682 : INFO : EventManager : Event: ======'clear'====== Args={'key': 'game'}
2025-09-24 22:26:36,687 : INFO : root : MPF run loop ended.
