2025-09-10 15:59:54,315 : INFO : root : Loading config.
2025-09-10 15:59:54,319 : INFO : YamlMultifileConfigLoader : Machine config file #1: config.yaml
2025-09-10 15:59:54,319 : INFO : ConfigProcessor : Loading config from cache: C:\Users\White\AppData\Local\Temp\cfa6ecba65704a931c9dd214c44986c8.mpf_cache
2025-09-10 15:59:54,334 : WARNING : ConfigProcessor : Config file in cache changed: C:\Users\White\Documents\Top_Gun_Pinball\config\config_coils.yaml
2025-09-10 15:59:54,335 : INFO : ConfigProcessor : Loading config from file C:\Users\White\mpf\Lib\site-packages\mpf\mpfconfig.yaml.
2025-09-10 15:59:54,346 : INFO : ConfigProcessor : Loading config: C:\Users\White\mpf\Lib\site-packages\mpf\mpfconfig.yaml
2025-09-10 15:59:54,346 : INFO : ConfigProcessor : Loading config from file C:\Users\White\Documents\Top_Gun_Pinball\config\config.yaml.
2025-09-10 15:59:54,349 : INFO : ConfigProcessor : Loading config: C:\Users\White\Documents\Top_Gun_Pinball\config\config.yaml
2025-09-10 15:59:54,350 : INFO : ConfigProcessor : Loading config: C:\Users\White\Documents\Top_Gun_Pinball\config\config_autofire_coils.yaml
2025-09-10 15:59:54,351 : INFO : ConfigProcessor : Loading config: C:\Users\White\Documents\Top_Gun_Pinball\config\config_ball_devices.yaml
2025-09-10 15:59:54,365 : INFO : ConfigProcessor : Loading config: C:\Users\White\Documents\Top_Gun_Pinball\config\config_coils.yaml
2025-09-10 15:59:54,366 : INFO : ConfigProcessor : Loading config: C:\Users\White\Documents\Top_Gun_Pinball\config\config_flippers.yaml
2025-09-10 15:59:54,373 : INFO : ConfigProcessor : Loading config: C:\Users\White\Documents\Top_Gun_Pinball\config\config_lights.yaml
2025-09-10 15:59:54,379 : INFO : ConfigProcessor : Loading config: C:\Users\White\Documents\Top_Gun_Pinball\config\config_switches.yaml
2025-09-10 15:59:54,382 : INFO : ConfigProcessor : Config file cache created: C:\Users\White\AppData\Local\Temp\cfa6ecba65704a931c9dd214c44986c8.mpf_cache
2025-09-10 15:59:54,489 : INFO : ConfigProcessor : Loading config from cache: C:\Users\White\AppData\Local\Temp\f98ffc0ff5962effface7d86bc406d5c.mpf_cache
2025-09-10 15:59:54,490 : INFO : ConfigProcessor : Loading config from cache: C:\Users\White\AppData\Local\Temp\91cc4d1c993c58dc354e34974b9cfeac.mpf_cache
2025-09-10 15:59:54,491 : INFO : ConfigProcessor : Loading config from cache: C:\Users\White\AppData\Local\Temp\f98ffc0ff5962effface7d86bc406d5c.mpf_cache
2025-09-10 15:59:54,491 : INFO : ConfigProcessor : Loading config from cache: C:\Users\White\AppData\Local\Temp\76792f1d686f89709887dba7bd69667a.mpf_cache
2025-09-10 15:59:54,492 : INFO : ConfigProcessor : Loading config from cache: C:\Users\White\AppData\Local\Temp\142bbae4707335cc8e3efaa4364c4893.mpf_cache
2025-09-10 15:59:54,494 : INFO : Machine : Mission Pinball Framework Core Engine v0.80.0.dev9
2025-09-10 15:59:54,494 : INFO : Machine : Command line arguments: {'no_load_cache': False, 'create_config_cache': True, 'bcp': True, 'configfile': ['config.yaml'], 'force_assets_load': False, 'platform_integration_test': False, 'jsonlogging': False, 'logfile': 'logs\\2025-09-10-15-59-54-mpf-TopGunPinball.log', 'pause': False, 'production': False, 'text_ui': False, 'loglevel': 15, 'consoleloglevel': 20, 'force_platform': 'virtual', 'syslog_address': None, 'full_logfile_path': 'C:\\Users\\White\\Documents\\Top_Gun_Pinball\\logs\\2025-09-10-15-59-54-mpf-TopGunPinball.log'}
2025-09-10 15:59:54,494 : INFO : Machine : MPF path: C:\Users\White\mpf\Lib\site-packages\mpf
2025-09-10 15:59:54,494 : INFO : Machine : Machine path: C:\Users\White\Documents\Top_Gun_Pinball
2025-09-10 15:59:54,494 : INFO : Machine : Platform: win32
2025-09-10 15:59:54,494 : INFO : Machine : Python executable location: C:\Users\White\mpf\Scripts\python.exe
2025-09-10 15:59:54,494 : INFO : Machine : Python version: 3.12.7 (64-bit)
2025-09-10 15:59:54,497 : INFO : Machine : Initializing MPF...
2025-09-10 15:59:54,592 : INFO : EventManager : Event: ======'machine_var_credits_string'====== Args={'value': 'FREE PLAY', 'prev_value': None, 'change': True}
2025-09-10 15:59:54,623 : INFO : EventManager : Event: ======'machine_var_master_volume'====== Args={'value': 0.5, 'prev_value': None, 'change': True}
2025-09-10 15:59:54,623 : INFO : EventManager : Event: ======'machine_var_player1_score'====== Args={'value': 61000, 'prev_value': None, 'change': True}
2025-09-10 15:59:54,623 : INFO : EventManager : Event: ======'machine_var_player2_score'====== Args={'value': 73000, 'prev_value': None, 'change': True}
2025-09-10 15:59:54,623 : INFO : EventManager : Event: ======'machine_var_mpf_version'====== Args={'value': 'Mission Pinball Framework v0.80.0.dev9', 'prev_value': None, 'change': True}
2025-09-10 15:59:54,623 : INFO : EventManager : Event: ======'machine_var_mpf_extended_version'====== Args={'value': 'Mission Pinball Framework v0.80.0.dev9, Config version:6, Show version: 6, BCP version:1.1', 'prev_value': None, 'change': True}
2025-09-10 15:59:54,624 : INFO : EventManager : Event: ======'machine_var_python_version'====== Args={'value': '3.12.7', 'prev_value': None, 'change': True}
2025-09-10 15:59:54,775 : INFO : EventManager : Event: ======'machine_var_platform'====== Args={'value': 'Windows-11-10.0.26100-SP0', 'prev_value': None, 'change': True}
2025-09-10 15:59:54,775 : INFO : EventManager : Event: ======'machine_var_platform_system'====== Args={'value': 'Windows', 'prev_value': None, 'change': True}
2025-09-10 15:59:54,775 : INFO : EventManager : Event: ======'machine_var_platform_release'====== Args={'value': '11', 'prev_value': None, 'change': True}
2025-09-10 15:59:54,775 : INFO : EventManager : Event: ======'machine_var_platform_version'====== Args={'value': '10.0.26100', 'prev_value': None, 'change': True}
2025-09-10 15:59:54,775 : INFO : EventManager : Event: ======'machine_var_platform_machine'====== Args={'value': 'AMD64', 'prev_value': None, 'change': True}
2025-09-10 15:59:54,775 : INFO : EventManager : Event: ======'machine_var_log_file_path'====== Args={'value': 'C:\\Users\\White\\Documents\\Top_Gun_Pinball\\logs\\2025-09-10-15-59-54-mpf-TopGunPinball.log', 'prev_value': None, 'change': True}
2025-09-10 15:59:54,775 : INFO : EventManager : Event: ======'init_phase_1'====== Args={}
2025-09-10 15:59:54,811 : ERROR : asyncio : Task exception was never retrieved
future: <Task finished name='Task-123' coro=<SystemWideDevice.device_added_system_wide() done, defined at C:\Users\White\mpf\Lib\site-packages\mpf\core\system_wide_device.py:15> exception=ConfigFileError("Autofire device 'af_pop_left' uses switch 's_bumper_left' which has a 'playfield_active' tag. This is handled internally by the device. Remove the redundant 'playfield_active' tag from that switch.")>
Traceback (most recent call last):
  File "C:\Users\White\mpf\Lib\site-packages\mpf\core\system_wide_device.py", line 17, in device_added_system_wide
    await self._initialize()
  File "C:\Users\White\mpf\Lib\site-packages\mpf\devices\autofire.py", line 68, in _initialize
    self.raise_config_error(
  File "C:\Users\White\mpf\Lib\site-packages\mpf\core\logging.py", line 175, in raise_config_error
    raise ConfigFileError(msg, error_no, self.log.name if self.log else "", context, self._url_base) \
mpf.exceptions.config_file_error.ConfigFileError: Config File Error in autofire.af_pop_left: Autofire device 'af_pop_left' uses switch 's_bumper_left' which has a 'playfield_active' tag. This is handled internally by the device. Remove the redundant 'playfield_active' tag from that switch. Error Code: CFE-autofire-1 (https://missionpinball.org/logs)
2025-09-10 15:59:54,846 : ERROR : asyncio : Task exception was never retrieved
future: <Task finished name='Task-124' coro=<SystemWideDevice.device_added_system_wide() done, defined at C:\Users\White\mpf\Lib\site-packages\mpf\core\system_wide_device.py:15> exception=ConfigFileError("Autofire device 'af_pop_right' uses switch 's_bumper_right' which has a 'playfield_active' tag. This is handled internally by the device. Remove the redundant 'playfield_active' tag from that switch.")>
Traceback (most recent call last):
  File "C:\Users\White\mpf\Lib\site-packages\mpf\core\system_wide_device.py", line 17, in device_added_system_wide
    await self._initialize()
  File "C:\Users\White\mpf\Lib\site-packages\mpf\devices\autofire.py", line 68, in _initialize
    self.raise_config_error(
  File "C:\Users\White\mpf\Lib\site-packages\mpf\core\logging.py", line 175, in raise_config_error
    raise ConfigFileError(msg, error_no, self.log.name if self.log else "", context, self._url_base) \
mpf.exceptions.config_file_error.ConfigFileError: Config File Error in autofire.af_pop_right: Autofire device 'af_pop_right' uses switch 's_bumper_right' which has a 'playfield_active' tag. This is handled internally by the device. Remove the redundant 'playfield_active' tag from that switch. Error Code: CFE-autofire-1 (https://missionpinball.org/logs)
2025-09-10 15:59:54,847 : ERROR : asyncio : Task exception was never retrieved
future: <Task finished name='Task-125' coro=<SystemWideDevice.device_added_system_wide() done, defined at C:\Users\White\mpf\Lib\site-packages\mpf\core\system_wide_device.py:15> exception=ConfigFileError("Autofire device 'af_pop_center' uses switch 's_bumper_center' which has a 'playfield_active' tag. This is handled internally by the device. Remove the redundant 'playfield_active' tag from that switch.")>
Traceback (most recent call last):
  File "C:\Users\White\mpf\Lib\site-packages\mpf\core\system_wide_device.py", line 17, in device_added_system_wide
    await self._initialize()
  File "C:\Users\White\mpf\Lib\site-packages\mpf\devices\autofire.py", line 68, in _initialize
    self.raise_config_error(
  File "C:\Users\White\mpf\Lib\site-packages\mpf\core\logging.py", line 175, in raise_config_error
    raise ConfigFileError(msg, error_no, self.log.name if self.log else "", context, self._url_base) \
mpf.exceptions.config_file_error.ConfigFileError: Config File Error in autofire.af_pop_center: Autofire device 'af_pop_center' uses switch 's_bumper_center' which has a 'playfield_active' tag. This is handled internally by the device. Remove the redundant 'playfield_active' tag from that switch. Error Code: CFE-autofire-1 (https://missionpinball.org/logs)
2025-09-10 15:59:54,848 : ERROR : asyncio : Task exception was never retrieved
future: <Task finished name='Task-126' coro=<SystemWideDevice.device_added_system_wide() done, defined at C:\Users\White\mpf\Lib\site-packages\mpf\core\system_wide_device.py:15> exception=ConfigFileError("Autofire device 'af_sling_left' uses switch 's_slingshot_left' which has a 'playfield_active' tag. This is handled internally by the device. Remove the redundant 'playfield_active' tag from that switch.")>
Traceback (most recent call last):
  File "C:\Users\White\mpf\Lib\site-packages\mpf\core\system_wide_device.py", line 17, in device_added_system_wide
    await self._initialize()
  File "C:\Users\White\mpf\Lib\site-packages\mpf\devices\autofire.py", line 68, in _initialize
    self.raise_config_error(
  File "C:\Users\White\mpf\Lib\site-packages\mpf\core\logging.py", line 175, in raise_config_error
    raise ConfigFileError(msg, error_no, self.log.name if self.log else "", context, self._url_base) \
mpf.exceptions.config_file_error.ConfigFileError: Config File Error in autofire.af_sling_left: Autofire device 'af_sling_left' uses switch 's_slingshot_left' which has a 'playfield_active' tag. This is handled internally by the device. Remove the redundant 'playfield_active' tag from that switch. Error Code: CFE-autofire-1 (https://missionpinball.org/logs)
2025-09-10 15:59:54,849 : ERROR : asyncio : Task exception was never retrieved
future: <Task finished name='Task-127' coro=<SystemWideDevice.device_added_system_wide() done, defined at C:\Users\White\mpf\Lib\site-packages\mpf\core\system_wide_device.py:15> exception=ConfigFileError("Autofire device 'af_sling_right' uses switch 's_slingshot_right' which has a 'playfield_active' tag. This is handled internally by the device. Remove the redundant 'playfield_active' tag from that switch.")>
Traceback (most recent call last):
  File "C:\Users\White\mpf\Lib\site-packages\mpf\core\system_wide_device.py", line 17, in device_added_system_wide
    await self._initialize()
  File "C:\Users\White\mpf\Lib\site-packages\mpf\devices\autofire.py", line 68, in _initialize
    self.raise_config_error(
  File "C:\Users\White\mpf\Lib\site-packages\mpf\core\logging.py", line 175, in raise_config_error
    raise ConfigFileError(msg, error_no, self.log.name if self.log else "", context, self._url_base) \
mpf.exceptions.config_file_error.ConfigFileError: Config File Error in autofire.af_sling_right: Autofire device 'af_sling_right' uses switch 's_slingshot_right' which has a 'playfield_active' tag. This is handled internally by the device. Remove the redundant 'playfield_active' tag from that switch. Error Code: CFE-autofire-1 (https://missionpinball.org/logs)
2025-09-10 15:59:54,852 : INFO : EventManager : Event: ======'init_phase_2'====== Args={}
2025-09-10 15:59:54,853 : INFO : Machine : Starting the main run loop with active modes: []
2025-09-10 15:59:54,853 : WARNING : Machine : Attract mode is not active, game will not be playable. Please check your attract mode configuration.
2025-09-10 15:59:54,853 : INFO : Machine : Shutting down...
2025-09-10 15:59:54,853 : INFO : EventManager : Event: ======'shutdown'====== Args={}
2025-09-10 15:59:54,854 : INFO : SwitchController : Found active switch: (1007, <Platform.Virtual>) <switch.s_trough_1>
2025-09-10 15:59:54,854 : INFO : SwitchController : Found active switch: (1008, <Platform.Virtual>) <switch.s_trough_2>
2025-09-10 15:59:54,854 : INFO : SwitchController : Found active switch: (1009, <Platform.Virtual>) <switch.s_trough_3>
2025-09-10 15:59:54,854 : INFO : SwitchController : Found active switch: (1010, <Platform.Virtual>) <switch.s_trough_4>
2025-09-10 15:59:54,854 : INFO : SwitchController : Found active switch: (1011, <Platform.Virtual>) <switch.s_trough_5>
2025-09-10 15:59:54,854 : INFO : SwitchController : Found active switch: (1012, <Platform.Virtual>) <switch.s_trough_6>
2025-09-10 15:59:54,856 : INFO : EventManager : Event: ======'bcp_connection_attempt'====== Args={'name': 'local_display', 'host': 'localhost', 'port': 5050}
2025-09-10 15:59:54,859 : INFO : BCPClientSocket : Connecting BCP to 'local_display' at localhost:5050...
2025-09-10 15:59:54,870 : INFO : BCPClientSocket : Connected BCP to 'local_display' localhost:5050
2025-09-10 15:59:54,871 : INFO : EventManager : Event: ======'bcp_clients_connected'====== Args={}
2025-09-10 15:59:54,871 : INFO : ball_device.bd_plunger : BCH: Initial count: 0
2025-09-10 15:59:54,871 : INFO : ball_device.bd_plunger : State: idle
2025-09-10 15:59:54,872 : INFO : ball_device.bd_trough : BCH: Initial count: 6
2025-09-10 15:59:54,872 : INFO : ball_device.bd_trough : State: idle
2025-09-10 15:59:54,897 : INFO : EventManager : Event: ======'init_phase_3'====== Args={}
2025-09-10 15:59:54,900 : INFO : EventManager : Event: ======'init_phase_4'====== Args={}
2025-09-10 15:59:54,901 : INFO : BallController : Initial balls found: 6
2025-09-10 15:59:54,902 : INFO : EventManager : Event: ======'machine_var_audits_events_game_ended'====== Args={'value': 1, 'prev_value': None, 'change': True}
2025-09-10 15:59:54,902 : INFO : EventManager : Event: ======'machine_var_audits_events_game_started'====== Args={'value': 109, 'prev_value': None, 'change': True}
2025-09-10 15:59:54,902 : INFO : EventManager : Event: ======'machine_var_audits_missing_switches_s_a_iceman_target'====== Args={'value': 58, 'prev_value': None, 'change': True}
2025-09-10 15:59:54,902 : INFO : EventManager : Event: ======'machine_var_audits_missing_switches_s_barrier_target'====== Args={'value': 58, 'prev_value': None, 'change': True}
2025-09-10 15:59:54,902 : INFO : EventManager : Event: ======'machine_var_audits_missing_switches_s_c_iceman_target'====== Args={'value': 58, 'prev_value': None, 'change': True}
2025-09-10 15:59:54,902 : INFO : EventManager : Event: ======'machine_var_audits_missing_switches_s_c_lock_target'====== Args={'value': 58, 'prev_value': None, 'change': True}
2025-09-10 15:59:54,902 : INFO : EventManager : Event: ======'machine_var_audits_missing_switches_s_e_iceman_target'====== Args={'value': 4, 'prev_value': None, 'change': True}
2025-09-10 15:59:54,902 : INFO : EventManager : Event: ======'machine_var_audits_missing_switches_s_flight_gear_target'====== Args={'value': 58, 'prev_value': None, 'change': True}
2025-09-10 15:59:54,902 : INFO : EventManager : Event: ======'machine_var_audits_missing_switches_s_flipper_left'====== Args={'value': 54, 'prev_value': None, 'change': True}
2025-09-10 15:59:54,902 : INFO : EventManager : Event: ======'machine_var_audits_missing_switches_s_flipper_left_eos'====== Args={'value': 56, 'prev_value': None, 'change': True}
2025-09-10 15:59:54,902 : INFO : EventManager : Event: ======'machine_var_audits_missing_switches_s_flipper_left_upper'====== Args={'value': 58, 'prev_value': None, 'change': True}
2025-09-10 15:59:54,903 : INFO : EventManager : Event: ======'machine_var_audits_missing_switches_s_flipper_left_upper_eos'====== Args={'value': 56, 'prev_value': None, 'change': True}
2025-09-10 15:59:54,903 : INFO : EventManager : Event: ======'machine_var_audits_missing_switches_s_flipper_right'====== Args={'value': 54, 'prev_value': None, 'change': True}
2025-09-10 15:59:54,903 : INFO : EventManager : Event: ======'machine_var_audits_missing_switches_s_flipper_right_eos'====== Args={'value': 56, 'prev_value': None, 'change': True}
2025-09-10 15:59:54,903 : INFO : EventManager : Event: ======'machine_var_audits_missing_switches_s_i_iceman_target'====== Args={'value': 58, 'prev_value': None, 'change': True}
2025-09-10 15:59:54,903 : INFO : EventManager : Event: ======'machine_var_audits_missing_switches_s_inner_inlane_right'====== Args={'value': 58, 'prev_value': None, 'change': True}
2025-09-10 15:59:54,903 : INFO : EventManager : Event: ======'machine_var_audits_missing_switches_s_jam'====== Args={'value': 109, 'prev_value': None, 'change': True}
2025-09-10 15:59:54,903 : INFO : EventManager : Event: ======'machine_var_audits_missing_switches_s_k_lock_target'====== Args={'value': 58, 'prev_value': None, 'change': True}
2025-09-10 15:59:54,903 : INFO : EventManager : Event: ======'machine_var_audits_missing_switches_s_l_lock_target'====== Args={'value': 58, 'prev_value': None, 'change': True}
2025-09-10 15:59:54,903 : INFO : EventManager : Event: ======'machine_var_audits_missing_switches_s_lane_left'====== Args={'value': 108, 'prev_value': None, 'change': True}
2025-09-10 15:59:54,903 : INFO : EventManager : Event: ======'machine_var_audits_missing_switches_s_lane_right'====== Args={'value': 58, 'prev_value': None, 'change': True}
2025-09-10 15:59:54,903 : INFO : EventManager : Event: ======'machine_var_audits_missing_switches_s_lock_goose'====== Args={'value': 58, 'prev_value': None, 'change': True}
2025-09-10 15:59:54,903 : INFO : EventManager : Event: ======'machine_var_audits_missing_switches_s_lock_mav'====== Args={'value': 58, 'prev_value': None, 'change': True}
2025-09-10 15:59:54,903 : INFO : EventManager : Event: ======'machine_var_audits_missing_switches_s_lock_plunger'====== Args={'value': 58, 'prev_value': None, 'change': True}
2025-09-10 15:59:54,903 : INFO : EventManager : Event: ======'machine_var_audits_missing_switches_s_m_iceman_target'====== Args={'value': 58, 'prev_value': None, 'change': True}
2025-09-10 15:59:54,903 : INFO : EventManager : Event: ======'machine_var_audits_missing_switches_s_mig_lane_left'====== Args={'value': 58, 'prev_value': None, 'change': True}
2025-09-10 15:59:54,903 : INFO : EventManager : Event: ======'machine_var_audits_missing_switches_s_mig_lane_right'====== Args={'value': 58, 'prev_value': None, 'change': True}
2025-09-10 15:59:54,903 : INFO : EventManager : Event: ======'machine_var_audits_missing_switches_s_mode_start'====== Args={'value': 58, 'prev_value': None, 'change': True}
2025-09-10 15:59:54,903 : INFO : EventManager : Event: ======'machine_var_audits_missing_switches_s_n_iceman_target'====== Args={'value': 58, 'prev_value': None, 'change': True}
2025-09-10 15:59:54,903 : INFO : EventManager : Event: ======'machine_var_audits_missing_switches_s_o_lock_target'====== Args={'value': 58, 'prev_value': None, 'change': True}
2025-09-10 15:59:54,903 : INFO : EventManager : Event: ======'machine_var_audits_missing_switches_s_orbit_left'====== Args={'value': 34, 'prev_value': None, 'change': True}
2025-09-10 15:59:54,903 : INFO : EventManager : Event: ======'machine_var_audits_missing_switches_s_orbit_lower'====== Args={'value': 58, 'prev_value': None, 'change': True}
2025-09-10 15:59:54,903 : INFO : EventManager : Event: ======'machine_var_audits_missing_switches_s_orbit_right'====== Args={'value': 58, 'prev_value': None, 'change': True}
2025-09-10 15:59:54,904 : INFO : EventManager : Event: ======'machine_var_audits_missing_switches_s_orbit_upper'====== Args={'value': 58, 'prev_value': None, 'change': True}
2025-09-10 15:59:54,904 : INFO : EventManager : Event: ======'machine_var_audits_missing_switches_s_outer_inlane_right'====== Args={'value': 58, 'prev_value': None, 'change': True}
2025-09-10 15:59:54,904 : INFO : EventManager : Event: ======'machine_var_audits_missing_switches_s_outlane_left'====== Args={'value': 58, 'prev_value': None, 'change': True}
2025-09-10 15:59:54,904 : INFO : EventManager : Event: ======'machine_var_audits_missing_switches_s_outlane_right'====== Args={'value': 58, 'prev_value': None, 'change': True}
2025-09-10 15:59:54,904 : INFO : EventManager : Event: ======'machine_var_audits_missing_switches_s_ramp_inner_exit'====== Args={'value': 58, 'prev_value': None, 'change': True}
2025-09-10 15:59:54,904 : INFO : EventManager : Event: ======'machine_var_audits_missing_switches_s_ramp_left_exit'====== Args={'value': 58, 'prev_value': None, 'change': True}
2025-09-10 15:59:54,904 : INFO : EventManager : Event: ======'machine_var_audits_missing_switches_s_ramp_right_exit'====== Args={'value': 58, 'prev_value': None, 'change': True}
2025-09-10 15:59:54,904 : INFO : EventManager : Event: ======'machine_var_audits_missing_switches_s_ramp_tower_exit'====== Args={'value': 58, 'prev_value': None, 'change': True}
2025-09-10 15:59:54,904 : INFO : EventManager : Event: ======'machine_var_audits_missing_switches_s_slingshot_left'====== Args={'value': 5, 'prev_value': None, 'change': True}
2025-09-10 15:59:54,904 : INFO : EventManager : Event: ======'machine_var_audits_missing_switches_s_slingshot_right'====== Args={'value': 7, 'prev_value': None, 'change': True}
2025-09-10 15:59:54,904 : INFO : EventManager : Event: ======'machine_var_audits_missing_switches_s_spinner'====== Args={'value': 58, 'prev_value': None, 'change': True}
2025-09-10 15:59:54,904 : INFO : EventManager : Event: ======'machine_var_audits_missing_switches_s_trough_1'====== Args={'value': 34, 'prev_value': None, 'change': True}
2025-09-10 15:59:54,904 : INFO : EventManager : Event: ======'machine_var_audits_missing_switches_s_trough_2'====== Args={'value': 34, 'prev_value': None, 'change': True}
2025-09-10 15:59:54,904 : INFO : EventManager : Event: ======'machine_var_audits_missing_switches_s_trough_3'====== Args={'value': 34, 'prev_value': None, 'change': True}
2025-09-10 15:59:54,904 : INFO : EventManager : Event: ======'machine_var_audits_missing_switches_s_trough_4'====== Args={'value': 109, 'prev_value': None, 'change': True}
2025-09-10 15:59:54,904 : INFO : EventManager : Event: ======'machine_var_audits_missing_switches_s_trough_5'====== Args={'value': 109, 'prev_value': None, 'change': True}
2025-09-10 15:59:54,904 : INFO : EventManager : Event: ======'machine_var_audits_missing_switches_s_trough_6'====== Args={'value': 7, 'prev_value': None, 'change': True}
2025-09-10 15:59:54,904 : INFO : EventManager : Event: ======'machine_var_audits_player_score'====== Args={'value': {'average': 67000, 'top': [73000, 61000], 'total': 2}, 'prev_value': None, 'change': True}
2025-09-10 15:59:54,904 : INFO : EventManager : Event: ======'machine_var_audits_shots_bumper_center'====== Args={'value': 412, 'prev_value': None, 'change': True}
2025-09-10 15:59:54,904 : INFO : EventManager : Event: ======'machine_var_audits_shots_bumper_left'====== Args={'value': 417, 'prev_value': None, 'change': True}
2025-09-10 15:59:54,904 : INFO : EventManager : Event: ======'machine_var_audits_shots_bumper_right'====== Args={'value': 303, 'prev_value': None, 'change': True}
2025-09-10 15:59:54,904 : INFO : EventManager : Event: ======'machine_var_audits_switches_s_a_iceman_target'====== Args={'value': 0, 'prev_value': None, 'change': True}
2025-09-10 15:59:54,904 : INFO : EventManager : Event: ======'machine_var_audits_switches_s_barrier_target'====== Args={'value': 0, 'prev_value': None, 'change': True}
2025-09-10 15:59:54,904 : INFO : EventManager : Event: ======'machine_var_audits_switches_s_bumper_center'====== Args={'value': 425, 'prev_value': None, 'change': True}
2025-09-10 15:59:54,904 : INFO : EventManager : Event: ======'machine_var_audits_switches_s_bumper_left'====== Args={'value': 432, 'prev_value': None, 'change': True}
2025-09-10 15:59:54,904 : INFO : EventManager : Event: ======'machine_var_audits_switches_s_bumper_right'====== Args={'value': 307, 'prev_value': None, 'change': True}
2025-09-10 15:59:54,904 : INFO : EventManager : Event: ======'machine_var_audits_switches_s_c_iceman_target'====== Args={'value': 0, 'prev_value': None, 'change': True}
2025-09-10 15:59:54,904 : INFO : EventManager : Event: ======'machine_var_audits_switches_s_c_lock_target'====== Args={'value': 0, 'prev_value': None, 'change': True}
2025-09-10 15:59:54,904 : INFO : EventManager : Event: ======'machine_var_audits_switches_s_e_iceman_target'====== Args={'value': 1, 'prev_value': None, 'change': True}
2025-09-10 15:59:54,904 : INFO : EventManager : Event: ======'machine_var_audits_switches_s_flight_gear_target'====== Args={'value': 0, 'prev_value': None, 'change': True}
2025-09-10 15:59:54,906 : INFO : EventManager : Event: ======'machine_var_audits_switches_s_flipper_left'====== Args={'value': 9, 'prev_value': None, 'change': True}
2025-09-10 15:59:54,906 : INFO : EventManager : Event: ======'machine_var_audits_switches_s_flipper_left_eos'====== Args={'value': 0, 'prev_value': None, 'change': True}
2025-09-10 15:59:54,906 : INFO : EventManager : Event: ======'machine_var_audits_switches_s_flipper_left_upper'====== Args={'value': 0, 'prev_value': None, 'change': True}
2025-09-10 15:59:54,906 : INFO : EventManager : Event: ======'machine_var_audits_switches_s_flipper_left_upper_eos'====== Args={'value': 0, 'prev_value': None, 'change': True}
2025-09-10 15:59:54,906 : INFO : EventManager : Event: ======'machine_var_audits_switches_s_flipper_right'====== Args={'value': 9, 'prev_value': None, 'change': True}
2025-09-10 15:59:54,906 : INFO : EventManager : Event: ======'machine_var_audits_switches_s_flipper_right_eos'====== Args={'value': 0, 'prev_value': None, 'change': True}
2025-09-10 15:59:54,906 : INFO : EventManager : Event: ======'machine_var_audits_switches_s_i_iceman_target'====== Args={'value': 0, 'prev_value': None, 'change': True}
2025-09-10 15:59:54,906 : INFO : EventManager : Event: ======'machine_var_audits_switches_s_inlane_left'====== Args={'value': 29, 'prev_value': None, 'change': True}
2025-09-10 15:59:54,906 : INFO : EventManager : Event: ======'machine_var_audits_switches_s_inner_inlane_right'====== Args={'value': 0, 'prev_value': None, 'change': True}
2025-09-10 15:59:54,906 : INFO : EventManager : Event: ======'machine_var_audits_switches_s_jam'====== Args={'value': 0, 'prev_value': None, 'change': True}
2025-09-10 15:59:54,906 : INFO : EventManager : Event: ======'machine_var_audits_switches_s_k_lock_target'====== Args={'value': 0, 'prev_value': None, 'change': True}
2025-09-10 15:59:54,906 : INFO : EventManager : Event: ======'machine_var_audits_switches_s_l_lock_target'====== Args={'value': 0, 'prev_value': None, 'change': True}
2025-09-10 15:59:54,906 : INFO : EventManager : Event: ======'machine_var_audits_switches_s_lane_left'====== Args={'value': 1, 'prev_value': None, 'change': True}
2025-09-10 15:59:54,906 : INFO : EventManager : Event: ======'machine_var_audits_switches_s_lane_right'====== Args={'value': 0, 'prev_value': None, 'change': True}
2025-09-10 15:59:54,906 : INFO : EventManager : Event: ======'machine_var_audits_switches_s_lock_goose'====== Args={'value': 0, 'prev_value': None, 'change': True}
2025-09-10 15:59:54,906 : INFO : EventManager : Event: ======'machine_var_audits_switches_s_lock_mav'====== Args={'value': 0, 'prev_value': None, 'change': True}
2025-09-10 15:59:54,906 : INFO : EventManager : Event: ======'machine_var_audits_switches_s_lock_plunger'====== Args={'value': 0, 'prev_value': None, 'change': True}
2025-09-10 15:59:54,906 : INFO : EventManager : Event: ======'machine_var_audits_switches_s_m_iceman_target'====== Args={'value': 0, 'prev_value': None, 'change': True}
2025-09-10 15:59:54,906 : INFO : EventManager : Event: ======'machine_var_audits_switches_s_mig_lane_left'====== Args={'value': 0, 'prev_value': None, 'change': True}
2025-09-10 15:59:54,906 : INFO : EventManager : Event: ======'machine_var_audits_switches_s_mig_lane_right'====== Args={'value': 0, 'prev_value': None, 'change': True}
2025-09-10 15:59:54,906 : INFO : EventManager : Event: ======'machine_var_audits_switches_s_mode_start'====== Args={'value': 0, 'prev_value': None, 'change': True}
2025-09-10 15:59:54,906 : INFO : EventManager : Event: ======'machine_var_audits_switches_s_n_iceman_target'====== Args={'value': 0, 'prev_value': None, 'change': True}
2025-09-10 15:59:54,906 : INFO : EventManager : Event: ======'machine_var_audits_switches_s_o_lock_target'====== Args={'value': 0, 'prev_value': None, 'change': True}
2025-09-10 15:59:54,906 : INFO : EventManager : Event: ======'machine_var_audits_switches_s_orbit_left'====== Args={'value': 2, 'prev_value': None, 'change': True}
2025-09-10 15:59:54,906 : INFO : EventManager : Event: ======'machine_var_audits_switches_s_orbit_lower'====== Args={'value': 0, 'prev_value': None, 'change': True}
2025-09-10 15:59:54,906 : INFO : EventManager : Event: ======'machine_var_audits_switches_s_orbit_right'====== Args={'value': 0, 'prev_value': None, 'change': True}
2025-09-10 15:59:54,906 : INFO : EventManager : Event: ======'machine_var_audits_switches_s_orbit_upper'====== Args={'value': 0, 'prev_value': None, 'change': True}
2025-09-10 15:59:54,906 : INFO : EventManager : Event: ======'machine_var_audits_switches_s_outer_inlane_right'====== Args={'value': 0, 'prev_value': None, 'change': True}
2025-09-10 15:59:54,906 : INFO : EventManager : Event: ======'machine_var_audits_switches_s_outlane_left'====== Args={'value': 0, 'prev_value': None, 'change': True}
2025-09-10 15:59:54,906 : INFO : EventManager : Event: ======'machine_var_audits_switches_s_outlane_right'====== Args={'value': 0, 'prev_value': None, 'change': True}
2025-09-10 15:59:54,906 : INFO : EventManager : Event: ======'machine_var_audits_switches_s_plunger_lane'====== Args={'value': 36, 'prev_value': None, 'change': True}
2025-09-10 15:59:54,906 : INFO : EventManager : Event: ======'machine_var_audits_switches_s_ramp_inner_exit'====== Args={'value': 0, 'prev_value': None, 'change': True}
2025-09-10 15:59:54,906 : INFO : EventManager : Event: ======'machine_var_audits_switches_s_ramp_left_exit'====== Args={'value': 0, 'prev_value': None, 'change': True}
2025-09-10 15:59:54,907 : INFO : EventManager : Event: ======'machine_var_audits_switches_s_ramp_right_exit'====== Args={'value': 0, 'prev_value': None, 'change': True}
2025-09-10 15:59:54,907 : INFO : EventManager : Event: ======'machine_var_audits_switches_s_ramp_tower_exit'====== Args={'value': 0, 'prev_value': None, 'change': True}
2025-09-10 15:59:54,907 : INFO : EventManager : Event: ======'machine_var_audits_switches_s_slingshot_left'====== Args={'value': 4, 'prev_value': None, 'change': True}
2025-09-10 15:59:54,907 : INFO : EventManager : Event: ======'machine_var_audits_switches_s_slingshot_right'====== Args={'value': 2, 'prev_value': None, 'change': True}
2025-09-10 15:59:54,907 : INFO : EventManager : Event: ======'machine_var_audits_switches_s_spinner'====== Args={'value': 0, 'prev_value': None, 'change': True}
2025-09-10 15:59:54,907 : INFO : EventManager : Event: ======'machine_var_audits_switches_s_start'====== Args={'value': 132, 'prev_value': None, 'change': True}
2025-09-10 15:59:54,907 : INFO : EventManager : Event: ======'machine_var_audits_switches_s_trough_1'====== Args={'value': 2, 'prev_value': None, 'change': True}
2025-09-10 15:59:54,907 : INFO : EventManager : Event: ======'machine_var_audits_switches_s_trough_2'====== Args={'value': 1, 'prev_value': None, 'change': True}
2025-09-10 15:59:54,907 : INFO : EventManager : Event: ======'machine_var_audits_switches_s_trough_3'====== Args={'value': 1, 'prev_value': None, 'change': True}
2025-09-10 15:59:54,907 : INFO : EventManager : Event: ======'machine_var_audits_switches_s_trough_4'====== Args={'value': 0, 'prev_value': None, 'change': True}
2025-09-10 15:59:54,907 : INFO : EventManager : Event: ======'machine_var_audits_switches_s_trough_5'====== Args={'value': 0, 'prev_value': None, 'change': True}
2025-09-10 15:59:54,907 : INFO : EventManager : Event: ======'machine_var_audits_switches_s_trough_6'====== Args={'value': 57, 'prev_value': None, 'change': True}
2025-09-10 15:59:54,907 : INFO : EventManager : Event: ======'init_phase_5'====== Args={}
2025-09-10 15:59:54,908 : INFO : EventManager : Event: ======'init_done'====== Args={}
2025-09-10 15:59:54,908 : INFO : EventManager : Event: ======'machine_reset_phase_1'====== Args={}
2025-09-10 15:59:54,917 : INFO : EventManager : Event: ======'machine_reset_phase_2'====== Args={}
2025-09-10 15:59:54,918 : INFO : EventManager : Event: ======'machine_reset_phase_3'====== Args={}
2025-09-10 15:59:54,918 : INFO : EventManager : Event: ======'reset_complete'====== Args={}
2025-09-10 15:59:54,918 : INFO : EventManager : Event: ======'mode_attract_will_start'====== Args={}
2025-09-10 15:59:54,918 : INFO : Timer.attract_carousel_timer : Starting Timer.
2025-09-10 15:59:54,919 : INFO : EventManager : Event: ======'timer_attract_carousel_timer_started'====== Args={'ticks': 0, 'ticks_remaining': 1}
2025-09-10 15:59:54,919 : INFO : EventManager : Event: ======'timer_attract_carousel_timer_tick'====== Args={'ticks': 0, 'ticks_remaining': 1}
2025-09-10 15:59:54,919 : INFO : EventManager : Event: ======'mode_attract_starting'====== Args={}
2025-09-10 15:59:54,920 : INFO : Mode.attract : Will not start because machine is shutting down.
2025-09-10 15:59:54,921 : ERROR : asyncio : Task was destroyed but it is pending!
task: <Task pending name='Task-172' coro=<IocpProactor.accept.<locals>.accept_coro() running at C:\Users\White\AppData\Local\Programs\Python\Python312\Lib\asyncio\windows_events.py:566> wait_for=<_OverlappedFuture cancelled>>
2025-09-10 15:59:54,923 : ERROR : Machine : Runtime Exception
Traceback (most recent call last):
  File "C:\Users\White\mpf\Lib\site-packages\mpf\core\machine.py", line 808, in _run_loop
    raise self._exception['exception']
  File "C:\Users\White\mpf\Lib\site-packages\mpf\core\system_wide_device.py", line 17, in device_added_system_wide
    await self._initialize()
  File "C:\Users\White\mpf\Lib\site-packages\mpf\devices\autofire.py", line 68, in _initialize
    self.raise_config_error(
  File "C:\Users\White\mpf\Lib\site-packages\mpf\core\logging.py", line 175, in raise_config_error
    raise ConfigFileError(msg, error_no, self.log.name if self.log else "", context, self._url_base) \
mpf.exceptions.config_file_error.ConfigFileError: Config File Error in autofire.af_pop_left: Autofire device 'af_pop_left' uses switch 's_bumper_left' which has a 'playfield_active' tag. This is handled internally by the device. Remove the redundant 'playfield_active' tag from that switch. Error Code: CFE-autofire-1 (https://missionpinball.org/logs)
2025-09-10 15:59:54,926 : INFO : root : MPF run loop ended.
