2025-09-04 16:22:20,599 : INFO : root : Loading config.
2025-09-04 16:22:20,603 : INFO : YamlMultifileConfigLoader : Machine config file #1: config.yaml
2025-09-04 16:22:20,603 : INFO : ConfigProcessor : Loading config from cache: C:\Users\White\AppData\Local\Temp\cfa6ecba65704a931c9dd214c44986c8.mpf_cache
2025-09-04 16:22:20,707 : INFO : ConfigProcessor : Loading config from cache: C:\Users\White\AppData\Local\Temp\f98ffc0ff5962effface7d86bc406d5c.mpf_cache
2025-09-04 16:22:20,708 : INFO : ConfigProcessor : Loading config from cache: C:\Users\White\AppData\Local\Temp\91cc4d1c993c58dc354e34974b9cfeac.mpf_cache
2025-09-04 16:22:20,708 : INFO : ConfigProcessor : Loading config from cache: C:\Users\White\AppData\Local\Temp\f98ffc0ff5962effface7d86bc406d5c.mpf_cache
2025-09-04 16:22:20,710 : INFO : ConfigProcessor : Loading config from cache: C:\Users\White\AppData\Local\Temp\76792f1d686f89709887dba7bd69667a.mpf_cache
2025-09-04 16:22:20,710 : INFO : ConfigProcessor : Loading config from cache: C:\Users\White\AppData\Local\Temp\142bbae4707335cc8e3efaa4364c4893.mpf_cache
2025-09-04 16:22:20,710 : INFO : Machine : Mission Pinball Framework Core Engine v0.80.0.dev9
2025-09-04 16:22:20,710 : INFO : Machine : Command line arguments: {'no_load_cache': False, 'create_config_cache': True, 'bcp': True, 'configfile': ['config.yaml'], 'force_assets_load': False, 'platform_integration_test': False, 'jsonlogging': False, 'logfile': 'logs\\2025-09-04-16-22-20-mpf-TopGunPinball.log', 'pause': False, 'production': False, 'text_ui': False, 'loglevel': 15, 'consoleloglevel': 20, 'force_platform': 'virtual', 'syslog_address': None, 'full_logfile_path': 'C:\\Users\\White\\Documents\\Top_Gun_Pinball\\logs\\2025-09-04-16-22-20-mpf-TopGunPinball.log'}
2025-09-04 16:22:20,711 : INFO : Machine : MPF path: C:\Users\White\mpf\Lib\site-packages\mpf
2025-09-04 16:22:20,711 : INFO : Machine : Machine path: C:\Users\White\Documents\Top_Gun_Pinball
2025-09-04 16:22:20,711 : INFO : Machine : Platform: win32
2025-09-04 16:22:20,711 : INFO : Machine : Python executable location: C:\Users\White\mpf\Scripts\python.exe
2025-09-04 16:22:20,711 : INFO : Machine : Python version: 3.12.7 (64-bit)
2025-09-04 16:22:20,712 : INFO : Machine : Initializing MPF...
2025-09-04 16:22:20,803 : INFO : EventManager : Event: ======'machine_var_credits_string'====== Args={'value': 'FREE PLAY', 'prev_value': None, 'change': True}
2025-09-04 16:22:20,830 : INFO : EventManager : Event: ======'machine_var_master_volume'====== Args={'value': 0.5, 'prev_value': None, 'change': True}
2025-09-04 16:22:20,830 : INFO : EventManager : Event: ======'machine_var_player1_score'====== Args={'value': 61000, 'prev_value': None, 'change': True}
2025-09-04 16:22:20,830 : INFO : EventManager : Event: ======'machine_var_player2_score'====== Args={'value': 73000, 'prev_value': None, 'change': True}
2025-09-04 16:22:20,830 : INFO : EventManager : Event: ======'machine_var_mpf_version'====== Args={'value': 'Mission Pinball Framework v0.80.0.dev9', 'prev_value': None, 'change': True}
2025-09-04 16:22:20,830 : INFO : EventManager : Event: ======'machine_var_mpf_extended_version'====== Args={'value': 'Mission Pinball Framework v0.80.0.dev9, Config version:6, Show version: 6, BCP version:1.1', 'prev_value': None, 'change': True}
2025-09-04 16:22:20,830 : INFO : EventManager : Event: ======'machine_var_python_version'====== Args={'value': '3.12.7', 'prev_value': None, 'change': True}
2025-09-04 16:22:20,980 : INFO : EventManager : Event: ======'machine_var_platform'====== Args={'value': 'Windows-11-10.0.26100-SP0', 'prev_value': None, 'change': True}
2025-09-04 16:22:20,981 : INFO : EventManager : Event: ======'machine_var_platform_system'====== Args={'value': 'Windows', 'prev_value': None, 'change': True}
2025-09-04 16:22:20,981 : INFO : EventManager : Event: ======'machine_var_platform_release'====== Args={'value': '11', 'prev_value': None, 'change': True}
2025-09-04 16:22:20,981 : INFO : EventManager : Event: ======'machine_var_platform_version'====== Args={'value': '10.0.26100', 'prev_value': None, 'change': True}
2025-09-04 16:22:20,981 : INFO : EventManager : Event: ======'machine_var_platform_machine'====== Args={'value': 'AMD64', 'prev_value': None, 'change': True}
2025-09-04 16:22:20,981 : INFO : EventManager : Event: ======'machine_var_log_file_path'====== Args={'value': 'C:\\Users\\White\\Documents\\Top_Gun_Pinball\\logs\\2025-09-04-16-22-20-mpf-TopGunPinball.log', 'prev_value': None, 'change': True}
2025-09-04 16:22:20,981 : INFO : EventManager : Event: ======'init_phase_1'====== Args={}
2025-09-04 16:22:21,007 : INFO : EventManager : Event: ======'init_phase_2'====== Args={}
2025-09-04 16:22:21,007 : INFO : SwitchController : Found active switch: (1007, <Platform.Virtual>) <switch.s_trough_1>
2025-09-04 16:22:21,007 : INFO : SwitchController : Found active switch: (1008, <Platform.Virtual>) <switch.s_trough_2>
2025-09-04 16:22:21,008 : INFO : SwitchController : Found active switch: (1009, <Platform.Virtual>) <switch.s_trough_3>
2025-09-04 16:22:21,008 : INFO : SwitchController : Found active switch: (1010, <Platform.Virtual>) <switch.s_trough_4>
2025-09-04 16:22:21,008 : INFO : SwitchController : Found active switch: (1011, <Platform.Virtual>) <switch.s_trough_5>
2025-09-04 16:22:21,008 : INFO : SwitchController : Found active switch: (1012, <Platform.Virtual>) <switch.s_trough_6>
2025-09-04 16:22:21,009 : INFO : EventManager : Event: ======'bcp_connection_attempt'====== Args={'name': 'local_display', 'host': 'localhost', 'port': 5050}
2025-09-04 16:22:21,011 : INFO : EventManager : Event: ======'bcp_connection_attempt'====== Args={'name': 'godot_server', 'host': '127.0.0.1', 'port': 5050}
2025-09-04 16:22:21,011 : INFO : BCPClientSocket : Connecting BCP to 'local_display' at localhost:5050...
2025-09-04 16:22:21,013 : INFO : BCPClientSocket : Connecting BCP to 'godot_server' at 127.0.0.1:5050...
2025-09-04 16:22:21,015 : INFO : BCPClientSocket : Connected BCP to 'godot_server' 127.0.0.1:5050
2025-09-04 16:22:21,024 : INFO : BCPClientSocket : Connected BCP to 'local_display' localhost:5050
2025-09-04 16:22:21,025 : INFO : EventManager : Event: ======'bcp_clients_connected'====== Args={}
2025-09-04 16:22:21,025 : INFO : ball_device.bd_plunger : BCH: Initial count: 0
2025-09-04 16:22:21,025 : INFO : ball_device.bd_plunger : State: idle
2025-09-04 16:22:21,026 : INFO : ball_device.bd_trough : BCH: Initial count: 6
2025-09-04 16:22:21,026 : INFO : ball_device.bd_trough : State: idle
2025-09-04 16:22:21,039 : INFO : EventManager : Event: ======'init_phase_3'====== Args={}
2025-09-04 16:22:21,040 : INFO : EventManager : Event: ======'init_phase_4'====== Args={}
2025-09-04 16:22:21,040 : INFO : BallController : Initial balls found: 6
2025-09-04 16:22:21,041 : INFO : EventManager : Event: ======'machine_var_audits_events_game_ended'====== Args={'value': 1, 'prev_value': None, 'change': True}
2025-09-04 16:22:21,041 : INFO : EventManager : Event: ======'machine_var_audits_events_game_started'====== Args={'value': 78, 'prev_value': None, 'change': True}
2025-09-04 16:22:21,041 : INFO : EventManager : Event: ======'machine_var_audits_missing_switches_s_a_iceman_target'====== Args={'value': 27, 'prev_value': None, 'change': True}
2025-09-04 16:22:21,041 : INFO : EventManager : Event: ======'machine_var_audits_missing_switches_s_barrier_target'====== Args={'value': 27, 'prev_value': None, 'change': True}
2025-09-04 16:22:21,041 : INFO : EventManager : Event: ======'machine_var_audits_missing_switches_s_c_iceman_target'====== Args={'value': 27, 'prev_value': None, 'change': True}
2025-09-04 16:22:21,041 : INFO : EventManager : Event: ======'machine_var_audits_missing_switches_s_c_lock_target'====== Args={'value': 27, 'prev_value': None, 'change': True}
2025-09-04 16:22:21,042 : INFO : EventManager : Event: ======'machine_var_audits_missing_switches_s_e_iceman_target'====== Args={'value': 27, 'prev_value': None, 'change': True}
2025-09-04 16:22:21,042 : INFO : EventManager : Event: ======'machine_var_audits_missing_switches_s_flight_gear_target'====== Args={'value': 27, 'prev_value': None, 'change': True}
2025-09-04 16:22:21,042 : INFO : EventManager : Event: ======'machine_var_audits_missing_switches_s_flipper_left'====== Args={'value': 23, 'prev_value': None, 'change': True}
2025-09-04 16:22:21,042 : INFO : EventManager : Event: ======'machine_var_audits_missing_switches_s_flipper_left_eos'====== Args={'value': 25, 'prev_value': None, 'change': True}
2025-09-04 16:22:21,042 : INFO : EventManager : Event: ======'machine_var_audits_missing_switches_s_flipper_left_upper'====== Args={'value': 27, 'prev_value': None, 'change': True}
2025-09-04 16:22:21,042 : INFO : EventManager : Event: ======'machine_var_audits_missing_switches_s_flipper_left_upper_eos'====== Args={'value': 25, 'prev_value': None, 'change': True}
2025-09-04 16:22:21,042 : INFO : EventManager : Event: ======'machine_var_audits_missing_switches_s_flipper_right'====== Args={'value': 23, 'prev_value': None, 'change': True}
2025-09-04 16:22:21,042 : INFO : EventManager : Event: ======'machine_var_audits_missing_switches_s_flipper_right_eos'====== Args={'value': 25, 'prev_value': None, 'change': True}
2025-09-04 16:22:21,042 : INFO : EventManager : Event: ======'machine_var_audits_missing_switches_s_i_iceman_target'====== Args={'value': 27, 'prev_value': None, 'change': True}
2025-09-04 16:22:21,042 : INFO : EventManager : Event: ======'machine_var_audits_missing_switches_s_inlane_left'====== Args={'value': 1, 'prev_value': None, 'change': True}
2025-09-04 16:22:21,042 : INFO : EventManager : Event: ======'machine_var_audits_missing_switches_s_inner_inlane_right'====== Args={'value': 27, 'prev_value': None, 'change': True}
2025-09-04 16:22:21,042 : INFO : EventManager : Event: ======'machine_var_audits_missing_switches_s_jam'====== Args={'value': 78, 'prev_value': None, 'change': True}
2025-09-04 16:22:21,042 : INFO : EventManager : Event: ======'machine_var_audits_missing_switches_s_k_lock_target'====== Args={'value': 27, 'prev_value': None, 'change': True}
2025-09-04 16:22:21,042 : INFO : EventManager : Event: ======'machine_var_audits_missing_switches_s_l_lock_target'====== Args={'value': 27, 'prev_value': None, 'change': True}
2025-09-04 16:22:21,042 : INFO : EventManager : Event: ======'machine_var_audits_missing_switches_s_lane_left'====== Args={'value': 77, 'prev_value': None, 'change': True}
2025-09-04 16:22:21,042 : INFO : EventManager : Event: ======'machine_var_audits_missing_switches_s_lane_right'====== Args={'value': 27, 'prev_value': None, 'change': True}
2025-09-04 16:22:21,042 : INFO : EventManager : Event: ======'machine_var_audits_missing_switches_s_lock_goose'====== Args={'value': 27, 'prev_value': None, 'change': True}
2025-09-04 16:22:21,042 : INFO : EventManager : Event: ======'machine_var_audits_missing_switches_s_lock_mav'====== Args={'value': 27, 'prev_value': None, 'change': True}
2025-09-04 16:22:21,043 : INFO : EventManager : Event: ======'machine_var_audits_missing_switches_s_lock_plunger'====== Args={'value': 27, 'prev_value': None, 'change': True}
2025-09-04 16:22:21,043 : INFO : EventManager : Event: ======'machine_var_audits_missing_switches_s_m_iceman_target'====== Args={'value': 27, 'prev_value': None, 'change': True}
2025-09-04 16:22:21,043 : INFO : EventManager : Event: ======'machine_var_audits_missing_switches_s_mig_lane_left'====== Args={'value': 27, 'prev_value': None, 'change': True}
2025-09-04 16:22:21,043 : INFO : EventManager : Event: ======'machine_var_audits_missing_switches_s_mig_lane_right'====== Args={'value': 27, 'prev_value': None, 'change': True}
2025-09-04 16:22:21,043 : INFO : EventManager : Event: ======'machine_var_audits_missing_switches_s_mode_start'====== Args={'value': 27, 'prev_value': None, 'change': True}
2025-09-04 16:22:21,043 : INFO : EventManager : Event: ======'machine_var_audits_missing_switches_s_n_iceman_target'====== Args={'value': 27, 'prev_value': None, 'change': True}
2025-09-04 16:22:21,043 : INFO : EventManager : Event: ======'machine_var_audits_missing_switches_s_o_lock_target'====== Args={'value': 27, 'prev_value': None, 'change': True}
2025-09-04 16:22:21,043 : INFO : EventManager : Event: ======'machine_var_audits_missing_switches_s_orbit_left'====== Args={'value': 3, 'prev_value': None, 'change': True}
2025-09-04 16:22:21,043 : INFO : EventManager : Event: ======'machine_var_audits_missing_switches_s_orbit_lower'====== Args={'value': 27, 'prev_value': None, 'change': True}
2025-09-04 16:22:21,043 : INFO : EventManager : Event: ======'machine_var_audits_missing_switches_s_orbit_right'====== Args={'value': 27, 'prev_value': None, 'change': True}
2025-09-04 16:22:21,043 : INFO : EventManager : Event: ======'machine_var_audits_missing_switches_s_orbit_upper'====== Args={'value': 27, 'prev_value': None, 'change': True}
2025-09-04 16:22:21,043 : INFO : EventManager : Event: ======'machine_var_audits_missing_switches_s_outer_inlane_right'====== Args={'value': 27, 'prev_value': None, 'change': True}
2025-09-04 16:22:21,043 : INFO : EventManager : Event: ======'machine_var_audits_missing_switches_s_outlane_left'====== Args={'value': 27, 'prev_value': None, 'change': True}
2025-09-04 16:22:21,043 : INFO : EventManager : Event: ======'machine_var_audits_missing_switches_s_outlane_right'====== Args={'value': 27, 'prev_value': None, 'change': True}
2025-09-04 16:22:21,043 : INFO : EventManager : Event: ======'machine_var_audits_missing_switches_s_ramp_inner_exit'====== Args={'value': 27, 'prev_value': None, 'change': True}
2025-09-04 16:22:21,043 : INFO : EventManager : Event: ======'machine_var_audits_missing_switches_s_ramp_left_exit'====== Args={'value': 27, 'prev_value': None, 'change': True}
2025-09-04 16:22:21,043 : INFO : EventManager : Event: ======'machine_var_audits_missing_switches_s_ramp_right_exit'====== Args={'value': 27, 'prev_value': None, 'change': True}
2025-09-04 16:22:21,043 : INFO : EventManager : Event: ======'machine_var_audits_missing_switches_s_ramp_tower_exit'====== Args={'value': 27, 'prev_value': None, 'change': True}
2025-09-04 16:22:21,043 : INFO : EventManager : Event: ======'machine_var_audits_missing_switches_s_slingshot_left'====== Args={'value': 1, 'prev_value': None, 'change': True}
2025-09-04 16:22:21,043 : INFO : EventManager : Event: ======'machine_var_audits_missing_switches_s_slingshot_right'====== Args={'value': 27, 'prev_value': None, 'change': True}
2025-09-04 16:22:21,044 : INFO : EventManager : Event: ======'machine_var_audits_missing_switches_s_spinner'====== Args={'value': 27, 'prev_value': None, 'change': True}
2025-09-04 16:22:21,044 : INFO : EventManager : Event: ======'machine_var_audits_missing_switches_s_trough_1'====== Args={'value': 3, 'prev_value': None, 'change': True}
2025-09-04 16:22:21,044 : INFO : EventManager : Event: ======'machine_var_audits_missing_switches_s_trough_2'====== Args={'value': 3, 'prev_value': None, 'change': True}
2025-09-04 16:22:21,044 : INFO : EventManager : Event: ======'machine_var_audits_missing_switches_s_trough_3'====== Args={'value': 3, 'prev_value': None, 'change': True}
2025-09-04 16:22:21,044 : INFO : EventManager : Event: ======'machine_var_audits_missing_switches_s_trough_4'====== Args={'value': 78, 'prev_value': None, 'change': True}
2025-09-04 16:22:21,044 : INFO : EventManager : Event: ======'machine_var_audits_missing_switches_s_trough_5'====== Args={'value': 78, 'prev_value': None, 'change': True}
2025-09-04 16:22:21,044 : INFO : EventManager : Event: ======'machine_var_audits_player_score'====== Args={'value': {'average': 67000, 'top': [73000, 61000], 'total': 2}, 'prev_value': None, 'change': True}
2025-09-04 16:22:21,044 : INFO : EventManager : Event: ======'machine_var_audits_shots_bumper_center'====== Args={'value': 268, 'prev_value': None, 'change': True}
2025-09-04 16:22:21,044 : INFO : EventManager : Event: ======'machine_var_audits_shots_bumper_left'====== Args={'value': 274, 'prev_value': None, 'change': True}
2025-09-04 16:22:21,044 : INFO : EventManager : Event: ======'machine_var_audits_shots_bumper_right'====== Args={'value': 264, 'prev_value': None, 'change': True}
2025-09-04 16:22:21,044 : INFO : EventManager : Event: ======'machine_var_audits_switches_s_a_iceman_target'====== Args={'value': 0, 'prev_value': None, 'change': True}
2025-09-04 16:22:21,044 : INFO : EventManager : Event: ======'machine_var_audits_switches_s_barrier_target'====== Args={'value': 0, 'prev_value': None, 'change': True}
2025-09-04 16:22:21,044 : INFO : EventManager : Event: ======'machine_var_audits_switches_s_bumper_center'====== Args={'value': 268, 'prev_value': None, 'change': True}
2025-09-04 16:22:21,044 : INFO : EventManager : Event: ======'machine_var_audits_switches_s_bumper_left'====== Args={'value': 274, 'prev_value': None, 'change': True}
2025-09-04 16:22:21,044 : INFO : EventManager : Event: ======'machine_var_audits_switches_s_bumper_right'====== Args={'value': 264, 'prev_value': None, 'change': True}
2025-09-04 16:22:21,044 : INFO : EventManager : Event: ======'machine_var_audits_switches_s_c_iceman_target'====== Args={'value': 0, 'prev_value': None, 'change': True}
2025-09-04 16:22:21,044 : INFO : EventManager : Event: ======'machine_var_audits_switches_s_c_lock_target'====== Args={'value': 0, 'prev_value': None, 'change': True}
2025-09-04 16:22:21,044 : INFO : EventManager : Event: ======'machine_var_audits_switches_s_e_iceman_target'====== Args={'value': 0, 'prev_value': None, 'change': True}
2025-09-04 16:22:21,044 : INFO : EventManager : Event: ======'machine_var_audits_switches_s_flight_gear_target'====== Args={'value': 0, 'prev_value': None, 'change': True}
2025-09-04 16:22:21,044 : INFO : EventManager : Event: ======'machine_var_audits_switches_s_flipper_left'====== Args={'value': 9, 'prev_value': None, 'change': True}
2025-09-04 16:22:21,044 : INFO : EventManager : Event: ======'machine_var_audits_switches_s_flipper_left_eos'====== Args={'value': 0, 'prev_value': None, 'change': True}
2025-09-04 16:22:21,044 : INFO : EventManager : Event: ======'machine_var_audits_switches_s_flipper_left_upper'====== Args={'value': 0, 'prev_value': None, 'change': True}
2025-09-04 16:22:21,045 : INFO : EventManager : Event: ======'machine_var_audits_switches_s_flipper_left_upper_eos'====== Args={'value': 0, 'prev_value': None, 'change': True}
2025-09-04 16:22:21,045 : INFO : EventManager : Event: ======'machine_var_audits_switches_s_flipper_right'====== Args={'value': 9, 'prev_value': None, 'change': True}
2025-09-04 16:22:21,045 : INFO : EventManager : Event: ======'machine_var_audits_switches_s_flipper_right_eos'====== Args={'value': 0, 'prev_value': None, 'change': True}
2025-09-04 16:22:21,045 : INFO : EventManager : Event: ======'machine_var_audits_switches_s_i_iceman_target'====== Args={'value': 0, 'prev_value': None, 'change': True}
2025-09-04 16:22:21,045 : INFO : EventManager : Event: ======'machine_var_audits_switches_s_inlane_left'====== Args={'value': 3, 'prev_value': None, 'change': True}
2025-09-04 16:22:21,045 : INFO : EventManager : Event: ======'machine_var_audits_switches_s_inner_inlane_right'====== Args={'value': 0, 'prev_value': None, 'change': True}
2025-09-04 16:22:21,045 : INFO : EventManager : Event: ======'machine_var_audits_switches_s_jam'====== Args={'value': 0, 'prev_value': None, 'change': True}
2025-09-04 16:22:21,045 : INFO : EventManager : Event: ======'machine_var_audits_switches_s_k_lock_target'====== Args={'value': 0, 'prev_value': None, 'change': True}
2025-09-04 16:22:21,045 : INFO : EventManager : Event: ======'machine_var_audits_switches_s_l_lock_target'====== Args={'value': 0, 'prev_value': None, 'change': True}
2025-09-04 16:22:21,045 : INFO : EventManager : Event: ======'machine_var_audits_switches_s_lane_left'====== Args={'value': 1, 'prev_value': None, 'change': True}
2025-09-04 16:22:21,045 : INFO : EventManager : Event: ======'machine_var_audits_switches_s_lane_right'====== Args={'value': 0, 'prev_value': None, 'change': True}
2025-09-04 16:22:21,045 : INFO : EventManager : Event: ======'machine_var_audits_switches_s_lock_goose'====== Args={'value': 0, 'prev_value': None, 'change': True}
2025-09-04 16:22:21,045 : INFO : EventManager : Event: ======'machine_var_audits_switches_s_lock_mav'====== Args={'value': 0, 'prev_value': None, 'change': True}
2025-09-04 16:22:21,045 : INFO : EventManager : Event: ======'machine_var_audits_switches_s_lock_plunger'====== Args={'value': 0, 'prev_value': None, 'change': True}
2025-09-04 16:22:21,045 : INFO : EventManager : Event: ======'machine_var_audits_switches_s_m_iceman_target'====== Args={'value': 0, 'prev_value': None, 'change': True}
2025-09-04 16:22:21,045 : INFO : EventManager : Event: ======'machine_var_audits_switches_s_mig_lane_left'====== Args={'value': 0, 'prev_value': None, 'change': True}
2025-09-04 16:22:21,045 : INFO : EventManager : Event: ======'machine_var_audits_switches_s_mig_lane_right'====== Args={'value': 0, 'prev_value': None, 'change': True}
2025-09-04 16:22:21,045 : INFO : EventManager : Event: ======'machine_var_audits_switches_s_mode_start'====== Args={'value': 0, 'prev_value': None, 'change': True}
2025-09-04 16:22:21,045 : INFO : EventManager : Event: ======'machine_var_audits_switches_s_n_iceman_target'====== Args={'value': 0, 'prev_value': None, 'change': True}
2025-09-04 16:22:21,045 : INFO : EventManager : Event: ======'machine_var_audits_switches_s_o_lock_target'====== Args={'value': 0, 'prev_value': None, 'change': True}
2025-09-04 16:22:21,045 : INFO : EventManager : Event: ======'machine_var_audits_switches_s_orbit_left'====== Args={'value': 2, 'prev_value': None, 'change': True}
2025-09-04 16:22:21,045 : INFO : EventManager : Event: ======'machine_var_audits_switches_s_orbit_lower'====== Args={'value': 0, 'prev_value': None, 'change': True}
2025-09-04 16:22:21,045 : INFO : EventManager : Event: ======'machine_var_audits_switches_s_orbit_right'====== Args={'value': 0, 'prev_value': None, 'change': True}
2025-09-04 16:22:21,046 : INFO : EventManager : Event: ======'machine_var_audits_switches_s_orbit_upper'====== Args={'value': 0, 'prev_value': None, 'change': True}
2025-09-04 16:22:21,046 : INFO : EventManager : Event: ======'machine_var_audits_switches_s_outer_inlane_right'====== Args={'value': 0, 'prev_value': None, 'change': True}
2025-09-04 16:22:21,046 : INFO : EventManager : Event: ======'machine_var_audits_switches_s_outlane_left'====== Args={'value': 0, 'prev_value': None, 'change': True}
2025-09-04 16:22:21,046 : INFO : EventManager : Event: ======'machine_var_audits_switches_s_outlane_right'====== Args={'value': 0, 'prev_value': None, 'change': True}
2025-09-04 16:22:21,046 : INFO : EventManager : Event: ======'machine_var_audits_switches_s_plunger_lane'====== Args={'value': 11, 'prev_value': None, 'change': True}
2025-09-04 16:22:21,046 : INFO : EventManager : Event: ======'machine_var_audits_switches_s_ramp_inner_exit'====== Args={'value': 0, 'prev_value': None, 'change': True}
2025-09-04 16:22:21,046 : INFO : EventManager : Event: ======'machine_var_audits_switches_s_ramp_left_exit'====== Args={'value': 0, 'prev_value': None, 'change': True}
2025-09-04 16:22:21,046 : INFO : EventManager : Event: ======'machine_var_audits_switches_s_ramp_right_exit'====== Args={'value': 0, 'prev_value': None, 'change': True}
2025-09-04 16:22:21,046 : INFO : EventManager : Event: ======'machine_var_audits_switches_s_ramp_tower_exit'====== Args={'value': 0, 'prev_value': None, 'change': True}
2025-09-04 16:22:21,046 : INFO : EventManager : Event: ======'machine_var_audits_switches_s_slingshot_left'====== Args={'value': 1, 'prev_value': None, 'change': True}
2025-09-04 16:22:21,046 : INFO : EventManager : Event: ======'machine_var_audits_switches_s_slingshot_right'====== Args={'value': 0, 'prev_value': None, 'change': True}
2025-09-04 16:22:21,046 : INFO : EventManager : Event: ======'machine_var_audits_switches_s_spinner'====== Args={'value': 0, 'prev_value': None, 'change': True}
2025-09-04 16:22:21,046 : INFO : EventManager : Event: ======'machine_var_audits_switches_s_start'====== Args={'value': 100, 'prev_value': None, 'change': True}
2025-09-04 16:22:21,046 : INFO : EventManager : Event: ======'machine_var_audits_switches_s_trough_1'====== Args={'value': 2, 'prev_value': None, 'change': True}
2025-09-04 16:22:21,046 : INFO : EventManager : Event: ======'machine_var_audits_switches_s_trough_2'====== Args={'value': 1, 'prev_value': None, 'change': True}
2025-09-04 16:22:21,046 : INFO : EventManager : Event: ======'machine_var_audits_switches_s_trough_3'====== Args={'value': 1, 'prev_value': None, 'change': True}
2025-09-04 16:22:21,046 : INFO : EventManager : Event: ======'machine_var_audits_switches_s_trough_4'====== Args={'value': 0, 'prev_value': None, 'change': True}
2025-09-04 16:22:21,046 : INFO : EventManager : Event: ======'machine_var_audits_switches_s_trough_5'====== Args={'value': 0, 'prev_value': None, 'change': True}
2025-09-04 16:22:21,046 : INFO : EventManager : Event: ======'machine_var_audits_switches_s_trough_6'====== Args={'value': 11, 'prev_value': None, 'change': True}
2025-09-04 16:22:21,047 : INFO : EventManager : Event: ======'init_phase_5'====== Args={}
2025-09-04 16:22:21,047 : INFO : EventManager : Event: ======'init_done'====== Args={}
2025-09-04 16:22:21,047 : INFO : EventManager : Event: ======'machine_reset_phase_1'====== Args={}
2025-09-04 16:22:28,362 : INFO : Machine : Starting the main run loop with active modes: []
2025-09-04 16:22:28,362 : WARNING : Machine : Attract mode is not active, game will not be playable. Please check your attract mode configuration.
2025-09-04 16:22:28,362 : INFO : Machine : Shutting down...
2025-09-04 16:22:28,362 : INFO : EventManager : Event: ======'shutdown'====== Args={}
2025-09-04 16:22:29,379 : INFO : root : MPF run loop ended.
