2025-09-18 16:39:45,094 : INFO : root : Loading config.
2025-09-18 16:39:45,097 : INFO : YamlMultifileConfigLoader : Machine config file #1: config.yaml
2025-09-18 16:39:45,097 : INFO : ConfigProcessor : Loading config from cache: C:\Users\White\AppData\Local\Temp\cfa6ecba65704a931c9dd214c44986c8.mpf_cache
2025-09-18 16:39:45,245 : WARNING : ConfigProcessor : Config file in cache changed: C:\Users\White\Documents\Top_Gun_Pinball\modes\attract\config\attract.yaml
2025-09-18 16:39:45,245 : INFO : ConfigProcessor : Loading config from file C:\Users\White\mpf\Lib\site-packages\mpf\modes\attract\config\attract.yaml.
2025-09-18 16:39:45,248 : INFO : ConfigProcessor : Loading config: C:\Users\White\mpf\Lib\site-packages\mpf\modes\attract\config\attract.yaml
2025-09-18 16:39:45,248 : INFO : ConfigProcessor : Loading config from file C:\Users\White\Documents\Top_Gun_Pinball\modes\attract\config\attract.yaml.
2025-09-18 16:39:45,264 : INFO : ConfigProcessor : Loading config: C:\Users\White\Documents\Top_Gun_Pinball\modes\attract\config\attract.yaml
2025-09-18 16:39:45,265 : INFO : ConfigProcessor : Config file cache created: C:\Users\White\AppData\Local\Temp\f98ffc0ff5962effface7d86bc406d5c.mpf_cache
2025-09-18 16:39:45,265 : INFO : ConfigProcessor : Loading config from cache: C:\Users\White\AppData\Local\Temp\91cc4d1c993c58dc354e34974b9cfeac.mpf_cache
2025-09-18 16:39:45,266 : INFO : ConfigProcessor : Loading config from cache: C:\Users\White\AppData\Local\Temp\f98ffc0ff5962effface7d86bc406d5c.mpf_cache
2025-09-18 16:39:45,270 : INFO : ConfigProcessor : Loading config from cache: C:\Users\White\AppData\Local\Temp\76792f1d686f89709887dba7bd69667a.mpf_cache
2025-09-18 16:39:45,270 : INFO : ConfigProcessor : Loading config from cache: C:\Users\White\AppData\Local\Temp\142bbae4707335cc8e3efaa4364c4893.mpf_cache
2025-09-18 16:39:45,271 : INFO : ConfigProcessor : Loading config from cache: C:\Users\White\AppData\Local\Temp\b4249e7b8f95e82c549b9263ef475a09.mpf_cache
2025-09-18 16:39:45,272 : INFO : ConfigProcessor : Loading config from cache: C:\Users\White\AppData\Local\Temp\17003635873251b4f6841bf4ab3bdcdd.mpf_cache
2025-09-18 16:39:45,273 : INFO : ConfigProcessor : Loading config from cache: C:\Users\White\AppData\Local\Temp\434e0238e97461d536537fa1d2ac13b8.mpf_cache
2025-09-18 16:39:45,274 : INFO : ConfigProcessor : Loading config from cache: C:\Users\White\AppData\Local\Temp\5cb8a848aaedecad105d66ca86abc153.mpf_cache
2025-09-18 16:39:45,274 : INFO : ConfigProcessor : Loading config from cache: C:\Users\White\AppData\Local\Temp\62a37c5ed70d052a3f65d3898f24f311.mpf_cache
2025-09-18 16:39:45,275 : INFO : ConfigProcessor : Loading config from cache: C:\Users\White\AppData\Local\Temp\58d7809d3d969de03aaf131fc45863f8.mpf_cache
2025-09-18 16:39:45,276 : INFO : ConfigProcessor : Loading config from cache: C:\Users\White\AppData\Local\Temp\8de5cc7bb4cd85234067138a393db5f5.mpf_cache
2025-09-18 16:39:45,277 : INFO : Machine : Mission Pinball Framework Core Engine v0.80.0.dev9
2025-09-18 16:39:45,277 : INFO : Machine : Command line arguments: {'no_load_cache': False, 'create_config_cache': True, 'bcp': True, 'configfile': ['config.yaml'], 'force_assets_load': False, 'platform_integration_test': False, 'jsonlogging': False, 'logfile': 'logs\\2025-09-18-16-39-45-mpf-TopGunPinball.log', 'pause': False, 'production': False, 'text_ui': False, 'loglevel': 15, 'consoleloglevel': 20, 'force_platform': 'virtual', 'syslog_address': None, 'full_logfile_path': 'C:\\Users\\White\\Documents\\Top_Gun_Pinball\\logs\\2025-09-18-16-39-45-mpf-TopGunPinball.log'}
2025-09-18 16:39:45,278 : INFO : Machine : MPF path: C:\Users\White\mpf\Lib\site-packages\mpf
2025-09-18 16:39:45,278 : INFO : Machine : Machine path: C:\Users\White\Documents\Top_Gun_Pinball
2025-09-18 16:39:45,278 : INFO : Machine : Platform: win32
2025-09-18 16:39:45,278 : INFO : Machine : Python executable location: C:\Users\White\mpf\Scripts\python.exe
2025-09-18 16:39:45,278 : INFO : Machine : Python version: 3.12.7 (64-bit)
2025-09-18 16:39:45,280 : INFO : Machine : Initializing MPF...
2025-09-18 16:39:45,388 : INFO : EventManager : Event: ======'machine_var_credits_string'====== Args={'value': 'FREE PLAY', 'prev_value': None, 'change': True}
2025-09-18 16:39:45,415 : INFO : EventManager : Event: ======'machine_var_master_volume'====== Args={'value': 0.5, 'prev_value': None, 'change': True}
2025-09-18 16:39:45,415 : INFO : EventManager : Event: ======'machine_var_player1_score'====== Args={'value': 61000, 'prev_value': None, 'change': True}
2025-09-18 16:39:45,415 : INFO : EventManager : Event: ======'machine_var_player2_score'====== Args={'value': 73000, 'prev_value': None, 'change': True}
2025-09-18 16:39:45,415 : INFO : EventManager : Event: ======'machine_var_mpf_version'====== Args={'value': 'Mission Pinball Framework v0.80.0.dev9', 'prev_value': None, 'change': True}
2025-09-18 16:39:45,415 : INFO : EventManager : Event: ======'machine_var_mpf_extended_version'====== Args={'value': 'Mission Pinball Framework v0.80.0.dev9, Config version:6, Show version: 6, BCP version:1.1', 'prev_value': None, 'change': True}
2025-09-18 16:39:45,416 : INFO : EventManager : Event: ======'machine_var_python_version'====== Args={'value': '3.12.7', 'prev_value': None, 'change': True}
2025-09-18 16:39:45,585 : INFO : EventManager : Event: ======'machine_var_platform'====== Args={'value': 'Windows-11-10.0.26100-SP0', 'prev_value': None, 'change': True}
2025-09-18 16:39:45,585 : INFO : EventManager : Event: ======'machine_var_platform_system'====== Args={'value': 'Windows', 'prev_value': None, 'change': True}
2025-09-18 16:39:45,585 : INFO : EventManager : Event: ======'machine_var_platform_release'====== Args={'value': '11', 'prev_value': None, 'change': True}
2025-09-18 16:39:45,585 : INFO : EventManager : Event: ======'machine_var_platform_version'====== Args={'value': '10.0.26100', 'prev_value': None, 'change': True}
2025-09-18 16:39:45,586 : INFO : EventManager : Event: ======'machine_var_platform_machine'====== Args={'value': 'AMD64', 'prev_value': None, 'change': True}
2025-09-18 16:39:45,586 : INFO : EventManager : Event: ======'machine_var_log_file_path'====== Args={'value': 'C:\\Users\\White\\Documents\\Top_Gun_Pinball\\logs\\2025-09-18-16-39-45-mpf-TopGunPinball.log', 'prev_value': None, 'change': True}
2025-09-18 16:39:45,586 : INFO : EventManager : Event: ======'init_phase_1'====== Args={}
2025-09-18 16:39:45,611 : ERROR : asyncio : Exception in callback EventManager._async_handler_done(<QueuedEvent>)(<Task finishe...pty config.")>) at C:\Users\White\mpf\Lib\site-packages\mpf\core\events.py:124
handle: <Handle EventManager._async_handler_done(<QueuedEvent>)(<Task finishe...pty config.")>) at C:\Users\White\mpf\Lib\site-packages\mpf\core\events.py:124>
Traceback (most recent call last):
  File "C:\Users\White\AppData\Local\Programs\Python\Python312\Lib\asyncio\events.py", line 88, in _run
    self._context.run(self._callback, *self._args)
  File "C:\Users\White\mpf\Lib\site-packages\mpf\core\events.py", line 127, in _async_handler_done
    future.result()
  File "C:\Users\White\mpf\Lib\site-packages\mpf\core\device_manager.py", line 83, in _load_device_modules
    self.create_devices(collection_name, config)
  File "C:\Users\White\mpf\Lib\site-packages\mpf\core\device_manager.py", line 119, in create_devices
    self.raise_config_error("Device {}:'{}' has an empty config.".format(collection_name, device_name), 2,
  File "C:\Users\White\mpf\Lib\site-packages\mpf\core\logging.py", line 175, in raise_config_error
    raise ConfigFileError(msg, error_no, self.log.name if self.log else "", context, self._url_base) \
mpf.exceptions.config_file_error.ConfigFileError: Config File Error in DeviceManager: Device show_queues:'attract_cycle' has an empty config. Context: show_queues.attract_cycle Error Code: CFE-DeviceManager-2 (https://missionpinball.org/logs)
2025-09-18 16:39:45,613 : INFO : Machine : Starting the main run loop with active modes: []
2025-09-18 16:39:45,613 : WARNING : Machine : Attract mode is not active, game will not be playable. Please check your attract mode configuration.
2025-09-18 16:39:45,613 : INFO : Machine : Shutting down...
2025-09-18 16:39:45,614 : INFO : EventManager : Event: ======'shutdown'====== Args={}
2025-09-18 16:39:46,623 : ERROR : Machine : Runtime Exception
Traceback (most recent call last):
  File "C:\Users\White\mpf\Lib\site-packages\mpf\core\machine.py", line 808, in _run_loop
    raise self._exception['exception']
  File "C:\Users\White\AppData\Local\Programs\Python\Python312\Lib\asyncio\events.py", line 88, in _run
    self._context.run(self._callback, *self._args)
  File "C:\Users\White\mpf\Lib\site-packages\mpf\core\events.py", line 127, in _async_handler_done
    future.result()
  File "C:\Users\White\mpf\Lib\site-packages\mpf\core\device_manager.py", line 83, in _load_device_modules
    self.create_devices(collection_name, config)
  File "C:\Users\White\mpf\Lib\site-packages\mpf\core\device_manager.py", line 119, in create_devices
    self.raise_config_error("Device {}:'{}' has an empty config.".format(collection_name, device_name), 2,
  File "C:\Users\White\mpf\Lib\site-packages\mpf\core\logging.py", line 175, in raise_config_error
    raise ConfigFileError(msg, error_no, self.log.name if self.log else "", context, self._url_base) \
mpf.exceptions.config_file_error.ConfigFileError: Config File Error in DeviceManager: Device show_queues:'attract_cycle' has an empty config. Context: show_queues.attract_cycle Error Code: CFE-DeviceManager-2 (https://missionpinball.org/logs)
2025-09-18 16:39:46,624 : INFO : root : MPF run loop ended.
