2025-09-24 16:05:43,569 : INFO : root : Loading config.
2025-09-24 16:05:43,574 : INFO : YamlMultifileConfigLoader : Machine config file #1: config.yaml
2025-09-24 16:05:43,574 : WARNING : ConfigProcessor : Config file in cache changed: C:\Users\White\Documents\Top_Gun_Pinball\config\config.yaml
2025-09-24 16:05:43,574 : INFO : ConfigProcessor : Loading config from file C:\Users\White\mpf\Lib\site-packages\mpf\mpfconfig.yaml.
2025-09-24 16:05:43,587 : INFO : ConfigProcessor : Loading config: C:\Users\White\mpf\Lib\site-packages\mpf\mpfconfig.yaml
2025-09-24 16:05:43,587 : INFO : ConfigProcessor : Loading config from file C:\Users\White\Documents\Top_Gun_Pinball\config\config.yaml.
2025-09-24 16:05:43,590 : INFO : ConfigProcessor : Loading config: C:\Users\White\Documents\Top_Gun_Pinball\config\config.yaml
2025-09-24 16:05:43,592 : INFO : ConfigProcessor : Loading config: C:\Users\White\Documents\Top_Gun_Pinball\config\config_autofire_coils.yaml
2025-09-24 16:05:43,594 : INFO : ConfigProcessor : Loading config: C:\Users\White\Documents\Top_Gun_Pinball\config\config_ball_devices.yaml
2025-09-24 16:05:43,602 : INFO : ConfigProcessor : Loading config: C:\Users\White\Documents\Top_Gun_Pinball\config\config_coils.yaml
2025-09-24 16:05:43,604 : INFO : ConfigProcessor : Loading config: C:\Users\White\Documents\Top_Gun_Pinball\config\config_flippers.yaml
2025-09-24 16:05:43,608 : INFO : ConfigProcessor : Loading config: C:\Users\White\Documents\Top_Gun_Pinball\config\config_hardware_fast.yaml
2025-09-24 16:05:43,618 : INFO : ConfigProcessor : Loading config: C:\Users\White\Documents\Top_Gun_Pinball\config\config_lights.yaml
2025-09-24 16:05:43,634 : INFO : ConfigProcessor : Loading config: C:\Users\White\Documents\Top_Gun_Pinball\config\sounds.yaml
2025-09-24 16:05:43,634 : WARNING : ConfigProcessor : Config section 'sound_pools' is deprecated in MPF 0.80 and will be unsupported in future versions. Please migrate this config to GMC.
2025-09-24 16:05:43,643 : INFO : ConfigProcessor : Loading config: C:\Users\White\Documents\Top_Gun_Pinball\config\config_switches.yaml
2025-09-24 16:05:43,646 : INFO : ConfigProcessor : Loading config: C:\Users\White\Documents\Top_Gun_Pinball\config\variable_player.yaml
2025-09-24 16:05:43,652 : INFO : ConfigProcessor : Config file cache created: C:\Users\White\AppData\Local\Temp\cfa6ecba65704a931c9dd214c44986c8.mpf_cache
2025-09-24 16:05:43,761 : INFO : ConfigProcessor : Loading config from cache: C:\Users\White\AppData\Local\Temp\f98ffc0ff5962effface7d86bc406d5c.mpf_cache
2025-09-24 16:05:43,762 : INFO : ConfigProcessor : Loading config from cache: C:\Users\White\AppData\Local\Temp\91cc4d1c993c58dc354e34974b9cfeac.mpf_cache
2025-09-24 16:05:43,762 : INFO : ConfigProcessor : Loading config from cache: C:\Users\White\AppData\Local\Temp\f98ffc0ff5962effface7d86bc406d5c.mpf_cache
2025-09-24 16:05:43,763 : INFO : ConfigProcessor : Loading config from cache: C:\Users\White\AppData\Local\Temp\76792f1d686f89709887dba7bd69667a.mpf_cache
2025-09-24 16:05:43,764 : INFO : ConfigProcessor : Loading config from cache: C:\Users\White\AppData\Local\Temp\142bbae4707335cc8e3efaa4364c4893.mpf_cache
2025-09-24 16:05:43,764 : INFO : ConfigProcessor : Loading config from cache: C:\Users\White\AppData\Local\Temp\0f5f0ac41d1a2672d0d32cef2b12699e.mpf_cache
2025-09-24 16:05:43,775 : INFO : ConfigProcessor : Loading config from cache: C:\Users\White\AppData\Local\Temp\82e20c7c6490dd2e5fed726a3aa8d652.mpf_cache
2025-09-24 16:05:43,776 : INFO : ConfigProcessor : Loading config from cache: C:\Users\White\AppData\Local\Temp\359114d5ba2a6ad6c93d1559776bbb30.mpf_cache
2025-09-24 16:05:43,778 : INFO : ConfigProcessor : Loading config from cache: C:\Users\White\AppData\Local\Temp\d421369d6df802e4e6f8aa58f446b1a6.mpf_cache
2025-09-24 16:05:43,779 : INFO : ConfigProcessor : Loading config from cache: C:\Users\White\AppData\Local\Temp\310aa541ce6545037d37da470e7bd790.mpf_cache
2025-09-24 16:05:43,780 : INFO : ConfigProcessor : Loading config from cache: C:\Users\White\AppData\Local\Temp\2151caa0419aeb1e56d3d8934477383e.mpf_cache
2025-09-24 16:05:43,783 : INFO : ConfigProcessor : Loading config from cache: C:\Users\White\AppData\Local\Temp\17003635873251b4f6841bf4ab3bdcdd.mpf_cache
2025-09-24 16:05:43,784 : INFO : ConfigProcessor : Loading config from cache: C:\Users\White\AppData\Local\Temp\f70c640a816343cb9040222d7a9269d3.mpf_cache
2025-09-24 16:05:43,786 : INFO : ConfigProcessor : Loading config from cache: C:\Users\White\AppData\Local\Temp\30922048be1d0c17ea15fc75f7fbfe10.mpf_cache
2025-09-24 16:05:43,789 : INFO : ConfigProcessor : Loading config from cache: C:\Users\White\AppData\Local\Temp\58d7809d3d969de03aaf131fc45863f8.mpf_cache
2025-09-24 16:05:43,789 : INFO : Machine : Mission Pinball Framework Core Engine v0.80.0.dev9
2025-09-24 16:05:43,790 : INFO : Machine : Command line arguments: {'no_load_cache': False, 'create_config_cache': True, 'bcp': True, 'configfile': ['config.yaml'], 'force_assets_load': False, 'platform_integration_test': False, 'jsonlogging': False, 'logfile': 'logs\\2025-09-24-16-05-43-mpf-TopGunPinball.log', 'pause': False, 'production': False, 'text_ui': False, 'loglevel': 15, 'consoleloglevel': 20, 'force_platform': 'virtual', 'syslog_address': None, 'full_logfile_path': 'C:\\Users\\White\\Documents\\Top_Gun_Pinball\\logs\\2025-09-24-16-05-43-mpf-TopGunPinball.log'}
2025-09-24 16:05:43,790 : INFO : Machine : MPF path: C:\Users\White\mpf\Lib\site-packages\mpf
2025-09-24 16:05:43,790 : INFO : Machine : Machine path: C:\Users\White\Documents\Top_Gun_Pinball
2025-09-24 16:05:43,790 : INFO : Machine : Platform: win32
2025-09-24 16:05:43,790 : INFO : Machine : Python executable location: C:\Users\White\mpf\Scripts\python.exe
2025-09-24 16:05:43,790 : INFO : Machine : Python version: 3.12.7 (64-bit)
2025-09-24 16:05:43,792 : INFO : Machine : Initializing MPF...
2025-09-24 16:05:43,883 : INFO : EventManager : Event: ======'machine_var_credits_string'====== Args={'value': 'FREE PLAY', 'prev_value': None, 'change': True}
2025-09-24 16:05:43,915 : INFO : EventManager : Event: ======'machine_var_master_volume'====== Args={'value': 0.5, 'prev_value': None, 'change': True}
2025-09-24 16:05:43,915 : INFO : EventManager : Event: ======'machine_var_player1_score'====== Args={'value': 61000, 'prev_value': None, 'change': True}
2025-09-24 16:05:43,915 : INFO : EventManager : Event: ======'machine_var_player2_score'====== Args={'value': 73000, 'prev_value': None, 'change': True}
2025-09-24 16:05:43,915 : INFO : EventManager : Event: ======'machine_var_mpf_version'====== Args={'value': 'Mission Pinball Framework v0.80.0.dev9', 'prev_value': None, 'change': True}
2025-09-24 16:05:43,915 : INFO : EventManager : Event: ======'machine_var_mpf_extended_version'====== Args={'value': 'Mission Pinball Framework v0.80.0.dev9, Config version:6, Show version: 6, BCP version:1.1', 'prev_value': None, 'change': True}
2025-09-24 16:05:43,916 : INFO : EventManager : Event: ======'machine_var_python_version'====== Args={'value': '3.12.7', 'prev_value': None, 'change': True}
2025-09-24 16:05:44,060 : INFO : EventManager : Event: ======'machine_var_platform'====== Args={'value': 'Windows-11-10.0.26100-SP0', 'prev_value': None, 'change': True}
2025-09-24 16:05:44,060 : INFO : EventManager : Event: ======'machine_var_platform_system'====== Args={'value': 'Windows', 'prev_value': None, 'change': True}
2025-09-24 16:05:44,060 : INFO : EventManager : Event: ======'machine_var_platform_release'====== Args={'value': '11', 'prev_value': None, 'change': True}
2025-09-24 16:05:44,060 : INFO : EventManager : Event: ======'machine_var_platform_version'====== Args={'value': '10.0.26100', 'prev_value': None, 'change': True}
2025-09-24 16:05:44,060 : INFO : EventManager : Event: ======'machine_var_platform_machine'====== Args={'value': 'AMD64', 'prev_value': None, 'change': True}
2025-09-24 16:05:44,060 : INFO : EventManager : Event: ======'machine_var_log_file_path'====== Args={'value': 'C:\\Users\\White\\Documents\\Top_Gun_Pinball\\logs\\2025-09-24-16-05-43-mpf-TopGunPinball.log', 'prev_value': None, 'change': True}
2025-09-24 16:05:44,060 : INFO : EventManager : Event: ======'init_phase_1'====== Args={}
2025-09-24 16:05:44,104 : INFO : EventManager : Event: ======'init_phase_2'====== Args={}
2025-09-24 16:05:44,104 : INFO : SwitchController : Found active switch: ('playfield_board_lower-3208-0', <Platform.Virtual>) <switch.s_trough_1>
2025-09-24 16:05:44,104 : INFO : SwitchController : Found active switch: ('playfield_board_lower-3208-1', <Platform.Virtual>) <switch.s_trough_2>
2025-09-24 16:05:44,104 : INFO : SwitchController : Found active switch: ('playfield_board_lower-3208-2', <Platform.Virtual>) <switch.s_trough_3>
2025-09-24 16:05:44,105 : INFO : SwitchController : Found active switch: ('playfield_board_lower-3208-3', <Platform.Virtual>) <switch.s_trough_4>
2025-09-24 16:05:44,105 : INFO : SwitchController : Found active switch: ('playfield_board_lower-3208-4', <Platform.Virtual>) <switch.s_trough_5>
2025-09-24 16:05:44,105 : INFO : SwitchController : Found active switch: ('playfield_board_lower-3208-5', <Platform.Virtual>) <switch.s_trough_6>
2025-09-24 16:05:44,106 : ERROR : asyncio : Exception in callback EventManager._queue_task_done(<Task finishe...ype: 'dict'")>)
handle: <Handle EventManager._queue_task_done(<Task finishe...ype: 'dict'")>)>
Traceback (most recent call last):
  File "C:\Users\White\AppData\Local\Programs\Python\Python312\Lib\asyncio\events.py", line 88, in _run
    self._context.run(self._callback, *self._args)
  File "C:\Users\White\mpf\Lib\site-packages\mpf\core\events.py", line 795, in _queue_task_done
    future.result()
  File "C:\Users\White\mpf\Lib\site-packages\mpf\core\events.py", line 708, in _run_handlers_sequential
    handler.callback(queue=queue, **merged_kwargs)
  File "C:\Users\White\mpf\Lib\site-packages\mpf\core\mode_controller.py", line 97, in initialize_modes
    item.method(config=mode.config[item.config_section],
  File "C:\Users\White\mpf\Lib\site-packages\mpf\core\config_player.py", line 150, in process_mode_config
    config = self.validate_config(config)
             ^^^^^^^^^^^^^^^^^^^^^^^^^^^^
  File "C:\Users\White\mpf\Lib\site-packages\mpf\core\config_player.py", line 113, in validate_config
    validated_config[event] = self.validate_config_entry(settings, event)
                              ^^^^^^^^^^^^^^^^^^^^^^^^^^^^^^^^^^^^^^^^^^^
  File "C:\Users\White\mpf\Lib\site-packages\mpf\config_players\event_player.py", line 75, in validate_config_entry
    config = super().validate_config_entry(settings, name)
             ^^^^^^^^^^^^^^^^^^^^^^^^^^^^^^^^^^^^^^^^^^^^^
  File "C:\Users\White\mpf\Lib\site-packages\mpf\config_players\flat_config_player.py", line 17, in validate_config_entry
    config = self._parse_config(settings, name)
             ^^^^^^^^^^^^^^^^^^^^^^^^^^^^^^^^^^
  File "C:\Users\White\mpf\Lib\site-packages\mpf\core\config_player.py", line 138, in _parse_config
    config = self.get_list_config(config)   # pylint: disable-msg=assignment-from-no-return
             ^^^^^^^^^^^^^^^^^^^^^^^^^^^^
  File "C:\Users\White\mpf\Lib\site-packages\mpf\config_players\event_player.py", line 114, in get_list_config
    result[event] = {}
    ~~~~~~^^^^^^^
TypeError: unhashable type: 'dict'
2025-09-24 16:05:44,112 : INFO : Machine : Starting the main run loop with active modes: []
2025-09-24 16:05:44,112 : WARNING : Machine : Attract mode is not active, game will not be playable. Please check your attract mode configuration.
2025-09-24 16:05:44,112 : INFO : Machine : Shutting down...
2025-09-24 16:05:44,112 : INFO : EventManager : Event: ======'shutdown'====== Args={}
2025-09-24 16:05:45,118 : ERROR : Machine : Runtime Exception
Traceback (most recent call last):
  File "C:\Users\White\mpf\Lib\site-packages\mpf\core\machine.py", line 808, in _run_loop
    raise self._exception['exception']
  File "C:\Users\White\AppData\Local\Programs\Python\Python312\Lib\asyncio\events.py", line 88, in _run
    self._context.run(self._callback, *self._args)
  File "C:\Users\White\mpf\Lib\site-packages\mpf\core\events.py", line 795, in _queue_task_done
    future.result()
  File "C:\Users\White\mpf\Lib\site-packages\mpf\core\events.py", line 708, in _run_handlers_sequential
    handler.callback(queue=queue, **merged_kwargs)
  File "C:\Users\White\mpf\Lib\site-packages\mpf\core\mode_controller.py", line 97, in initialize_modes
    item.method(config=mode.config[item.config_section],
  File "C:\Users\White\mpf\Lib\site-packages\mpf\core\config_player.py", line 150, in process_mode_config
    config = self.validate_config(config)
             ^^^^^^^^^^^^^^^^^^^^^^^^^^^^
  File "C:\Users\White\mpf\Lib\site-packages\mpf\core\config_player.py", line 113, in validate_config
    validated_config[event] = self.validate_config_entry(settings, event)
                              ^^^^^^^^^^^^^^^^^^^^^^^^^^^^^^^^^^^^^^^^^^^
  File "C:\Users\White\mpf\Lib\site-packages\mpf\config_players\event_player.py", line 75, in validate_config_entry
    config = super().validate_config_entry(settings, name)
             ^^^^^^^^^^^^^^^^^^^^^^^^^^^^^^^^^^^^^^^^^^^^^
  File "C:\Users\White\mpf\Lib\site-packages\mpf\config_players\flat_config_player.py", line 17, in validate_config_entry
    config = self._parse_config(settings, name)
             ^^^^^^^^^^^^^^^^^^^^^^^^^^^^^^^^^^
  File "C:\Users\White\mpf\Lib\site-packages\mpf\core\config_player.py", line 138, in _parse_config
    config = self.get_list_config(config)   # pylint: disable-msg=assignment-from-no-return
             ^^^^^^^^^^^^^^^^^^^^^^^^^^^^
  File "C:\Users\White\mpf\Lib\site-packages\mpf\config_players\event_player.py", line 114, in get_list_config
    result[event] = {}
    ~~~~~~^^^^^^^
TypeError: unhashable type: 'dict'
2025-09-24 16:05:45,120 : INFO : root : MPF run loop ended.
