2025-09-17 21:05:43,918 : INFO : root : Loading config.
2025-09-17 21:05:43,923 : INFO : YamlMultifileConfigLoader : Machine config file #1: config.yaml
2025-09-17 21:05:43,923 : INFO : ConfigProcessor : Loading config from cache: C:\Users\White\AppData\Local\Temp\cfa6ecba65704a931c9dd214c44986c8.mpf_cache
2025-09-17 21:05:44,028 : INFO : ConfigProcessor : Loading config from cache: C:\Users\White\AppData\Local\Temp\f98ffc0ff5962effface7d86bc406d5c.mpf_cache
2025-09-17 21:05:44,028 : INFO : ConfigProcessor : Loading config from cache: C:\Users\White\AppData\Local\Temp\91cc4d1c993c58dc354e34974b9cfeac.mpf_cache
2025-09-17 21:05:44,030 : INFO : ConfigProcessor : Loading config from cache: C:\Users\White\AppData\Local\Temp\f98ffc0ff5962effface7d86bc406d5c.mpf_cache
2025-09-17 21:05:44,030 : INFO : ConfigProcessor : Loading config from cache: C:\Users\White\AppData\Local\Temp\76792f1d686f89709887dba7bd69667a.mpf_cache
2025-09-17 21:05:44,031 : INFO : ConfigProcessor : Loading config from cache: C:\Users\White\AppData\Local\Temp\142bbae4707335cc8e3efaa4364c4893.mpf_cache
2025-09-17 21:05:44,031 : INFO : ConfigProcessor : Loading config from cache: C:\Users\White\AppData\Local\Temp\b4249e7b8f95e82c549b9263ef475a09.mpf_cache
2025-09-17 21:05:44,032 : INFO : Machine : Mission Pinball Framework Core Engine v0.80.0.dev9
2025-09-17 21:05:44,032 : INFO : Machine : Command line arguments: {'no_load_cache': False, 'create_config_cache': True, 'bcp': True, 'configfile': ['config.yaml'], 'force_assets_load': False, 'platform_integration_test': False, 'jsonlogging': False, 'logfile': 'logs\\2025-09-17-21-05-43-mpf-TopGunPinball.log', 'pause': False, 'production': False, 'text_ui': False, 'loglevel': 15, 'consoleloglevel': 20, 'force_platform': 'virtual', 'syslog_address': None, 'full_logfile_path': 'C:\\Users\\White\\Documents\\Top_Gun_Pinball\\logs\\2025-09-17-21-05-43-mpf-TopGunPinball.log'}
2025-09-17 21:05:44,032 : INFO : Machine : MPF path: C:\Users\White\mpf\Lib\site-packages\mpf
2025-09-17 21:05:44,032 : INFO : Machine : Machine path: C:\Users\White\Documents\Top_Gun_Pinball
2025-09-17 21:05:44,032 : INFO : Machine : Platform: win32
2025-09-17 21:05:44,032 : INFO : Machine : Python executable location: C:\Users\White\mpf\Scripts\python.exe
2025-09-17 21:05:44,032 : INFO : Machine : Python version: 3.12.7 (64-bit)
2025-09-17 21:05:44,034 : INFO : Machine : Initializing MPF...
2025-09-17 21:05:44,125 : INFO : EventManager : Event: ======'machine_var_credits_string'====== Args={'value': 'FREE PLAY', 'prev_value': None, 'change': True}
2025-09-17 21:05:44,152 : INFO : EventManager : Event: ======'machine_var_master_volume'====== Args={'value': 0.5, 'prev_value': None, 'change': True}
2025-09-17 21:05:44,152 : INFO : EventManager : Event: ======'machine_var_player1_score'====== Args={'value': 61000, 'prev_value': None, 'change': True}
2025-09-17 21:05:44,152 : INFO : EventManager : Event: ======'machine_var_player2_score'====== Args={'value': 73000, 'prev_value': None, 'change': True}
2025-09-17 21:05:44,153 : INFO : EventManager : Event: ======'machine_var_mpf_version'====== Args={'value': 'Mission Pinball Framework v0.80.0.dev9', 'prev_value': None, 'change': True}
2025-09-17 21:05:44,153 : INFO : EventManager : Event: ======'machine_var_mpf_extended_version'====== Args={'value': 'Mission Pinball Framework v0.80.0.dev9, Config version:6, Show version: 6, BCP version:1.1', 'prev_value': None, 'change': True}
2025-09-17 21:05:44,153 : INFO : EventManager : Event: ======'machine_var_python_version'====== Args={'value': '3.12.7', 'prev_value': None, 'change': True}
2025-09-17 21:05:44,267 : INFO : EventManager : Event: ======'machine_var_platform'====== Args={'value': 'Windows-11-10.0.26100-SP0', 'prev_value': None, 'change': True}
2025-09-17 21:05:44,267 : INFO : EventManager : Event: ======'machine_var_platform_system'====== Args={'value': 'Windows', 'prev_value': None, 'change': True}
2025-09-17 21:05:44,267 : INFO : EventManager : Event: ======'machine_var_platform_release'====== Args={'value': '11', 'prev_value': None, 'change': True}
2025-09-17 21:05:44,268 : INFO : EventManager : Event: ======'machine_var_platform_version'====== Args={'value': '10.0.26100', 'prev_value': None, 'change': True}
2025-09-17 21:05:44,268 : INFO : EventManager : Event: ======'machine_var_platform_machine'====== Args={'value': 'AMD64', 'prev_value': None, 'change': True}
2025-09-17 21:05:44,268 : INFO : EventManager : Event: ======'machine_var_log_file_path'====== Args={'value': 'C:\\Users\\White\\Documents\\Top_Gun_Pinball\\logs\\2025-09-17-21-05-43-mpf-TopGunPinball.log', 'prev_value': None, 'change': True}
2025-09-17 21:05:44,268 : INFO : EventManager : Event: ======'init_phase_1'====== Args={}
2025-09-17 21:05:44,313 : INFO : EventManager : Event: ======'init_phase_2'====== Args={}
2025-09-17 21:05:44,313 : INFO : SwitchController : Found active switch: ('playfield_board_lower-3208-0', <Platform.Virtual>) <switch.s_trough_1>
2025-09-17 21:05:44,313 : INFO : SwitchController : Found active switch: ('playfield_board_lower-3208-1', <Platform.Virtual>) <switch.s_trough_2>
2025-09-17 21:05:44,314 : INFO : SwitchController : Found active switch: ('playfield_board_lower-3208-2', <Platform.Virtual>) <switch.s_trough_3>
2025-09-17 21:05:44,314 : INFO : SwitchController : Found active switch: ('playfield_board_lower-3208-3', <Platform.Virtual>) <switch.s_trough_4>
2025-09-17 21:05:44,314 : INFO : SwitchController : Found active switch: ('playfield_board_lower-3208-4', <Platform.Virtual>) <switch.s_trough_5>
2025-09-17 21:05:44,314 : INFO : SwitchController : Found active switch: ('playfield_board_lower-3208-5', <Platform.Virtual>) <switch.s_trough_6>
2025-09-17 21:05:44,316 : INFO : EventManager : Event: ======'bcp_connection_attempt'====== Args={'name': 'local_display', 'host': 'localhost', 'port': 5050}
2025-09-17 21:05:44,318 : INFO : BCPClientSocket : Connecting BCP to 'local_display' at localhost:5050...
2025-09-17 21:05:44,331 : INFO : BCPClientSocket : Connected BCP to 'local_display' localhost:5050
2025-09-17 21:05:44,331 : INFO : EventManager : Event: ======'bcp_clients_connected'====== Args={}
2025-09-17 21:05:44,331 : INFO : ball_device.bd_plunger : BCH: Initial count: 0
2025-09-17 21:05:44,332 : INFO : ball_device.bd_plunger : State: idle
2025-09-17 21:05:44,332 : INFO : ball_device.bd_trough : BCH: Initial count: 6
2025-09-17 21:05:44,332 : INFO : ball_device.bd_trough : State: idle
2025-09-17 21:05:44,332 : INFO : ball_device.bd_lock_elevator : BCH: Initial count: 0
2025-09-17 21:05:44,332 : INFO : ball_device.bd_lock_elevator : State: idle
2025-09-17 21:05:44,333 : INFO : ball_device.bd_mode_scoop : BCH: Initial count: 0
2025-09-17 21:05:44,333 : INFO : ball_device.bd_mode_scoop : State: idle
2025-09-17 21:05:44,348 : INFO : EventManager : Event: ======'init_phase_3'====== Args={}
2025-09-17 21:05:44,350 : INFO : EventManager : Event: ======'init_phase_4'====== Args={}
2025-09-17 21:05:44,350 : INFO : BallController : Initial balls found: 6
2025-09-17 21:05:44,351 : INFO : EventManager : Event: ======'machine_var_audits_events_game_ended'====== Args={'value': 1, 'prev_value': None, 'change': True}
2025-09-17 21:05:44,352 : INFO : EventManager : Event: ======'machine_var_audits_events_game_started'====== Args={'value': 117, 'prev_value': None, 'change': True}
2025-09-17 21:05:44,352 : INFO : EventManager : Event: ======'machine_var_audits_missing_switches_s_a_iceman_target'====== Args={'value': 3, 'prev_value': None, 'change': True}
2025-09-17 21:05:44,352 : INFO : EventManager : Event: ======'machine_var_audits_missing_switches_s_barrier_target'====== Args={'value': 1, 'prev_value': None, 'change': True}
2025-09-17 21:05:44,352 : INFO : EventManager : Event: ======'machine_var_audits_missing_switches_s_bumper_right'====== Args={'value': 1, 'prev_value': None, 'change': True}
2025-09-17 21:05:44,352 : INFO : EventManager : Event: ======'machine_var_audits_missing_switches_s_c_iceman_target'====== Args={'value': 1, 'prev_value': None, 'change': True}
2025-09-17 21:05:44,352 : INFO : EventManager : Event: ======'machine_var_audits_missing_switches_s_c_lock_target'====== Args={'value': 1, 'prev_value': None, 'change': True}
2025-09-17 21:05:44,352 : INFO : EventManager : Event: ======'machine_var_audits_missing_switches_s_coin_door'====== Args={'value': 4, 'prev_value': None, 'change': True}
2025-09-17 21:05:44,352 : INFO : EventManager : Event: ======'machine_var_audits_missing_switches_s_coin_door_service_1'====== Args={'value': 4, 'prev_value': None, 'change': True}
2025-09-17 21:05:44,352 : INFO : EventManager : Event: ======'machine_var_audits_missing_switches_s_coin_door_service_2'====== Args={'value': 4, 'prev_value': None, 'change': True}
2025-09-17 21:05:44,352 : INFO : EventManager : Event: ======'machine_var_audits_missing_switches_s_coin_door_service_3'====== Args={'value': 4, 'prev_value': None, 'change': True}
2025-09-17 21:05:44,352 : INFO : EventManager : Event: ======'machine_var_audits_missing_switches_s_coin_door_service_4'====== Args={'value': 4, 'prev_value': None, 'change': True}
2025-09-17 21:05:44,352 : INFO : EventManager : Event: ======'machine_var_audits_missing_switches_s_e_iceman_target'====== Args={'value': 1, 'prev_value': None, 'change': True}
2025-09-17 21:05:44,352 : INFO : EventManager : Event: ======'machine_var_audits_missing_switches_s_flight_gear_target'====== Args={'value': 1, 'prev_value': None, 'change': True}
2025-09-17 21:05:44,352 : INFO : EventManager : Event: ======'machine_var_audits_missing_switches_s_flipper_left'====== Args={'value': 62, 'prev_value': None, 'change': True}
2025-09-17 21:05:44,352 : INFO : EventManager : Event: ======'machine_var_audits_missing_switches_s_flipper_left_eos'====== Args={'value': 64, 'prev_value': None, 'change': True}
2025-09-17 21:05:44,352 : INFO : EventManager : Event: ======'machine_var_audits_missing_switches_s_flipper_left_upper'====== Args={'value': 66, 'prev_value': None, 'change': True}
2025-09-17 21:05:44,352 : INFO : EventManager : Event: ======'machine_var_audits_missing_switches_s_flipper_left_upper_eos'====== Args={'value': 64, 'prev_value': None, 'change': True}
2025-09-17 21:05:44,352 : INFO : EventManager : Event: ======'machine_var_audits_missing_switches_s_flipper_right_eos'====== Args={'value': 64, 'prev_value': None, 'change': True}
2025-09-17 21:05:44,352 : INFO : EventManager : Event: ======'machine_var_audits_missing_switches_s_i_iceman_target'====== Args={'value': 1, 'prev_value': None, 'change': True}
2025-09-17 21:05:44,352 : INFO : EventManager : Event: ======'machine_var_audits_missing_switches_s_inlane_left'====== Args={'value': 1, 'prev_value': None, 'change': True}
2025-09-17 21:05:44,353 : INFO : EventManager : Event: ======'machine_var_audits_missing_switches_s_inner_inlane_right'====== Args={'value': 1, 'prev_value': None, 'change': True}
2025-09-17 21:05:44,353 : INFO : EventManager : Event: ======'machine_var_audits_missing_switches_s_jam'====== Args={'value': 3, 'prev_value': None, 'change': True}
2025-09-17 21:05:44,353 : INFO : EventManager : Event: ======'machine_var_audits_missing_switches_s_k_lock_target'====== Args={'value': 1, 'prev_value': None, 'change': True}
2025-09-17 21:05:44,353 : INFO : EventManager : Event: ======'machine_var_audits_missing_switches_s_l_lock_target'====== Args={'value': 1, 'prev_value': None, 'change': True}
2025-09-17 21:05:44,353 : INFO : EventManager : Event: ======'machine_var_audits_missing_switches_s_lane_left'====== Args={'value': 116, 'prev_value': None, 'change': True}
2025-09-17 21:05:44,353 : INFO : EventManager : Event: ======'machine_var_audits_missing_switches_s_lane_right'====== Args={'value': 66, 'prev_value': None, 'change': True}
2025-09-17 21:05:44,353 : INFO : EventManager : Event: ======'machine_var_audits_missing_switches_s_lock_goose'====== Args={'value': 66, 'prev_value': None, 'change': True}
2025-09-17 21:05:44,353 : INFO : EventManager : Event: ======'machine_var_audits_missing_switches_s_lock_mav'====== Args={'value': 66, 'prev_value': None, 'change': True}
2025-09-17 21:05:44,353 : INFO : EventManager : Event: ======'machine_var_audits_missing_switches_s_lock_plunger'====== Args={'value': 66, 'prev_value': None, 'change': True}
2025-09-17 21:05:44,353 : INFO : EventManager : Event: ======'machine_var_audits_missing_switches_s_m_iceman_target'====== Args={'value': 3, 'prev_value': None, 'change': True}
2025-09-17 21:05:44,353 : INFO : EventManager : Event: ======'machine_var_audits_missing_switches_s_mig_lane_left'====== Args={'value': 66, 'prev_value': None, 'change': True}
2025-09-17 21:05:44,353 : INFO : EventManager : Event: ======'machine_var_audits_missing_switches_s_mig_lane_right'====== Args={'value': 66, 'prev_value': None, 'change': True}
2025-09-17 21:05:44,353 : INFO : EventManager : Event: ======'machine_var_audits_missing_switches_s_mode_start'====== Args={'value': 66, 'prev_value': None, 'change': True}
2025-09-17 21:05:44,353 : INFO : EventManager : Event: ======'machine_var_audits_missing_switches_s_n_iceman_target'====== Args={'value': 3, 'prev_value': None, 'change': True}
2025-09-17 21:05:44,353 : INFO : EventManager : Event: ======'machine_var_audits_missing_switches_s_o_lock_target'====== Args={'value': 1, 'prev_value': None, 'change': True}
2025-09-17 21:05:44,353 : INFO : EventManager : Event: ======'machine_var_audits_missing_switches_s_orbit_left'====== Args={'value': 1, 'prev_value': None, 'change': True}
2025-09-17 21:05:44,353 : INFO : EventManager : Event: ======'machine_var_audits_missing_switches_s_orbit_lower'====== Args={'value': 66, 'prev_value': None, 'change': True}
2025-09-17 21:05:44,353 : INFO : EventManager : Event: ======'machine_var_audits_missing_switches_s_orbit_right'====== Args={'value': 66, 'prev_value': None, 'change': True}
2025-09-17 21:05:44,353 : INFO : EventManager : Event: ======'machine_var_audits_missing_switches_s_orbit_upper'====== Args={'value': 66, 'prev_value': None, 'change': True}
2025-09-17 21:05:44,353 : INFO : EventManager : Event: ======'machine_var_audits_missing_switches_s_outer_inlane_right'====== Args={'value': 1, 'prev_value': None, 'change': True}
2025-09-17 21:05:44,353 : INFO : EventManager : Event: ======'machine_var_audits_missing_switches_s_outlane_left'====== Args={'value': 66, 'prev_value': None, 'change': True}
2025-09-17 21:05:44,353 : INFO : EventManager : Event: ======'machine_var_audits_missing_switches_s_outlane_right'====== Args={'value': 3, 'prev_value': None, 'change': True}
2025-09-17 21:05:44,353 : INFO : EventManager : Event: ======'machine_var_audits_missing_switches_s_plunger_lane'====== Args={'value': 3, 'prev_value': None, 'change': True}
2025-09-17 21:05:44,354 : INFO : EventManager : Event: ======'machine_var_audits_missing_switches_s_ramp_inner_exit'====== Args={'value': 66, 'prev_value': None, 'change': True}
2025-09-17 21:05:44,354 : INFO : EventManager : Event: ======'machine_var_audits_missing_switches_s_ramp_left_exit'====== Args={'value': 66, 'prev_value': None, 'change': True}
2025-09-17 21:05:44,354 : INFO : EventManager : Event: ======'machine_var_audits_missing_switches_s_ramp_right_exit'====== Args={'value': 66, 'prev_value': None, 'change': True}
2025-09-17 21:05:44,354 : INFO : EventManager : Event: ======'machine_var_audits_missing_switches_s_ramp_tower_exit'====== Args={'value': 66, 'prev_value': None, 'change': True}
2025-09-17 21:05:44,354 : INFO : EventManager : Event: ======'machine_var_audits_missing_switches_s_slingshot_left'====== Args={'value': 1, 'prev_value': None, 'change': True}
2025-09-17 21:05:44,354 : INFO : EventManager : Event: ======'machine_var_audits_missing_switches_s_slingshot_right'====== Args={'value': 1, 'prev_value': None, 'change': True}
2025-09-17 21:05:44,354 : INFO : EventManager : Event: ======'machine_var_audits_missing_switches_s_spinner'====== Args={'value': 66, 'prev_value': None, 'change': True}
2025-09-17 21:05:44,354 : INFO : EventManager : Event: ======'machine_var_audits_missing_switches_s_start'====== Args={'value': 6, 'prev_value': None, 'change': True}
2025-09-17 21:05:44,354 : INFO : EventManager : Event: ======'machine_var_audits_missing_switches_s_tilt'====== Args={'value': 4, 'prev_value': None, 'change': True}
2025-09-17 21:05:44,354 : INFO : EventManager : Event: ======'machine_var_audits_missing_switches_s_trough_1'====== Args={'value': 42, 'prev_value': None, 'change': True}
2025-09-17 21:05:44,354 : INFO : EventManager : Event: ======'machine_var_audits_missing_switches_s_trough_2'====== Args={'value': 42, 'prev_value': None, 'change': True}
2025-09-17 21:05:44,354 : INFO : EventManager : Event: ======'machine_var_audits_missing_switches_s_trough_3'====== Args={'value': 42, 'prev_value': None, 'change': True}
2025-09-17 21:05:44,354 : INFO : EventManager : Event: ======'machine_var_audits_missing_switches_s_trough_4'====== Args={'value': 117, 'prev_value': None, 'change': True}
2025-09-17 21:05:44,354 : INFO : EventManager : Event: ======'machine_var_audits_missing_switches_s_trough_5'====== Args={'value': 117, 'prev_value': None, 'change': True}
2025-09-17 21:05:44,354 : INFO : EventManager : Event: ======'machine_var_audits_missing_switches_s_trough_6'====== Args={'value': 3, 'prev_value': None, 'change': True}
2025-09-17 21:05:44,354 : INFO : EventManager : Event: ======'machine_var_audits_player_score'====== Args={'value': {'average': 67000, 'top': [73000, 61000], 'total': 2}, 'prev_value': None, 'change': True}
2025-09-17 21:05:44,354 : INFO : EventManager : Event: ======'machine_var_audits_shots_bumper_center'====== Args={'value': 456, 'prev_value': None, 'change': True}
2025-09-17 21:05:44,354 : INFO : EventManager : Event: ======'machine_var_audits_shots_bumper_left'====== Args={'value': 462, 'prev_value': None, 'change': True}
2025-09-17 21:05:44,354 : INFO : EventManager : Event: ======'machine_var_audits_shots_bumper_right'====== Args={'value': 339, 'prev_value': None, 'change': True}
2025-09-17 21:05:44,354 : INFO : EventManager : Event: ======'machine_var_audits_switches_s_a_iceman_target'====== Args={'value': 24, 'prev_value': None, 'change': True}
2025-09-17 21:05:44,354 : INFO : EventManager : Event: ======'machine_var_audits_switches_s_barrier_target'====== Args={'value': 6, 'prev_value': None, 'change': True}
2025-09-17 21:05:44,354 : INFO : EventManager : Event: ======'machine_var_audits_switches_s_bumper_center'====== Args={'value': 469, 'prev_value': None, 'change': True}
2025-09-17 21:05:44,355 : INFO : EventManager : Event: ======'machine_var_audits_switches_s_bumper_left'====== Args={'value': 477, 'prev_value': None, 'change': True}
2025-09-17 21:05:44,355 : INFO : EventManager : Event: ======'machine_var_audits_switches_s_bumper_right'====== Args={'value': 343, 'prev_value': None, 'change': True}
2025-09-17 21:05:44,355 : INFO : EventManager : Event: ======'machine_var_audits_switches_s_c_iceman_target'====== Args={'value': 19, 'prev_value': None, 'change': True}
2025-09-17 21:05:44,355 : INFO : EventManager : Event: ======'machine_var_audits_switches_s_c_lock_target'====== Args={'value': 4, 'prev_value': None, 'change': True}
2025-09-17 21:05:44,355 : INFO : EventManager : Event: ======'machine_var_audits_switches_s_coin_door'====== Args={'value': 0, 'prev_value': None, 'change': True}
2025-09-17 21:05:44,355 : INFO : EventManager : Event: ======'machine_var_audits_switches_s_coin_door_service_1'====== Args={'value': 0, 'prev_value': None, 'change': True}
2025-09-17 21:05:44,355 : INFO : EventManager : Event: ======'machine_var_audits_switches_s_coin_door_service_2'====== Args={'value': 0, 'prev_value': None, 'change': True}
2025-09-17 21:05:44,355 : INFO : EventManager : Event: ======'machine_var_audits_switches_s_coin_door_service_3'====== Args={'value': 0, 'prev_value': None, 'change': True}
2025-09-17 21:05:44,355 : INFO : EventManager : Event: ======'machine_var_audits_switches_s_coin_door_service_4'====== Args={'value': 0, 'prev_value': None, 'change': True}
2025-09-17 21:05:44,355 : INFO : EventManager : Event: ======'machine_var_audits_switches_s_e_iceman_target'====== Args={'value': 29, 'prev_value': None, 'change': True}
2025-09-17 21:05:44,355 : INFO : EventManager : Event: ======'machine_var_audits_switches_s_flight_gear_target'====== Args={'value': 6, 'prev_value': None, 'change': True}
2025-09-17 21:05:44,355 : INFO : EventManager : Event: ======'machine_var_audits_switches_s_flipper_left'====== Args={'value': 9, 'prev_value': None, 'change': True}
2025-09-17 21:05:44,355 : INFO : EventManager : Event: ======'machine_var_audits_switches_s_flipper_left_eos'====== Args={'value': 0, 'prev_value': None, 'change': True}
2025-09-17 21:05:44,355 : INFO : EventManager : Event: ======'machine_var_audits_switches_s_flipper_left_upper'====== Args={'value': 0, 'prev_value': None, 'change': True}
2025-09-17 21:05:44,355 : INFO : EventManager : Event: ======'machine_var_audits_switches_s_flipper_left_upper_eos'====== Args={'value': 0, 'prev_value': None, 'change': True}
2025-09-17 21:05:44,355 : INFO : EventManager : Event: ======'machine_var_audits_switches_s_flipper_right'====== Args={'value': 17, 'prev_value': None, 'change': True}
2025-09-17 21:05:44,355 : INFO : EventManager : Event: ======'machine_var_audits_switches_s_flipper_right_eos'====== Args={'value': 0, 'prev_value': None, 'change': True}
2025-09-17 21:05:44,355 : INFO : EventManager : Event: ======'machine_var_audits_switches_s_i_iceman_target'====== Args={'value': 2, 'prev_value': None, 'change': True}
2025-09-17 21:05:44,355 : INFO : EventManager : Event: ======'machine_var_audits_switches_s_inlane_left'====== Args={'value': 45, 'prev_value': None, 'change': True}
2025-09-17 21:05:44,355 : INFO : EventManager : Event: ======'machine_var_audits_switches_s_inner_inlane_right'====== Args={'value': 3, 'prev_value': None, 'change': True}
2025-09-17 21:05:44,355 : INFO : EventManager : Event: ======'machine_var_audits_switches_s_jam'====== Args={'value': 1, 'prev_value': None, 'change': True}
2025-09-17 21:05:44,355 : INFO : EventManager : Event: ======'machine_var_audits_switches_s_k_lock_target'====== Args={'value': 5, 'prev_value': None, 'change': True}
2025-09-17 21:05:44,355 : INFO : EventManager : Event: ======'machine_var_audits_switches_s_l_lock_target'====== Args={'value': 5, 'prev_value': None, 'change': True}
2025-09-17 21:05:44,356 : INFO : EventManager : Event: ======'machine_var_audits_switches_s_lane_left'====== Args={'value': 1, 'prev_value': None, 'change': True}
2025-09-17 21:05:44,356 : INFO : EventManager : Event: ======'machine_var_audits_switches_s_lane_right'====== Args={'value': 0, 'prev_value': None, 'change': True}
2025-09-17 21:05:44,356 : INFO : EventManager : Event: ======'machine_var_audits_switches_s_lock_goose'====== Args={'value': 0, 'prev_value': None, 'change': True}
2025-09-17 21:05:44,356 : INFO : EventManager : Event: ======'machine_var_audits_switches_s_lock_mav'====== Args={'value': 0, 'prev_value': None, 'change': True}
2025-09-17 21:05:44,356 : INFO : EventManager : Event: ======'machine_var_audits_switches_s_lock_plunger'====== Args={'value': 0, 'prev_value': None, 'change': True}
2025-09-17 21:05:44,356 : INFO : EventManager : Event: ======'machine_var_audits_switches_s_m_iceman_target'====== Args={'value': 24, 'prev_value': None, 'change': True}
2025-09-17 21:05:44,356 : INFO : EventManager : Event: ======'machine_var_audits_switches_s_mig_lane_left'====== Args={'value': 0, 'prev_value': None, 'change': True}
2025-09-17 21:05:44,356 : INFO : EventManager : Event: ======'machine_var_audits_switches_s_mig_lane_right'====== Args={'value': 0, 'prev_value': None, 'change': True}
2025-09-17 21:05:44,356 : INFO : EventManager : Event: ======'machine_var_audits_switches_s_mode_start'====== Args={'value': 0, 'prev_value': None, 'change': True}
2025-09-17 21:05:44,356 : INFO : EventManager : Event: ======'machine_var_audits_switches_s_n_iceman_target'====== Args={'value': 32, 'prev_value': None, 'change': True}
2025-09-17 21:05:44,356 : INFO : EventManager : Event: ======'machine_var_audits_switches_s_o_lock_target'====== Args={'value': 5, 'prev_value': None, 'change': True}
2025-09-17 21:05:44,356 : INFO : EventManager : Event: ======'machine_var_audits_switches_s_orbit_left'====== Args={'value': 7, 'prev_value': None, 'change': True}
2025-09-17 21:05:44,356 : INFO : EventManager : Event: ======'machine_var_audits_switches_s_orbit_lower'====== Args={'value': 0, 'prev_value': None, 'change': True}
2025-09-17 21:05:44,356 : INFO : EventManager : Event: ======'machine_var_audits_switches_s_orbit_right'====== Args={'value': 0, 'prev_value': None, 'change': True}
2025-09-17 21:05:44,356 : INFO : EventManager : Event: ======'machine_var_audits_switches_s_orbit_upper'====== Args={'value': 0, 'prev_value': None, 'change': True}
2025-09-17 21:05:44,356 : INFO : EventManager : Event: ======'machine_var_audits_switches_s_outer_inlane_right'====== Args={'value': 4, 'prev_value': None, 'change': True}
2025-09-17 21:05:44,356 : INFO : EventManager : Event: ======'machine_var_audits_switches_s_outlane_left'====== Args={'value': 0, 'prev_value': None, 'change': True}
2025-09-17 21:05:44,356 : INFO : EventManager : Event: ======'machine_var_audits_switches_s_outlane_right'====== Args={'value': 4, 'prev_value': None, 'change': True}
2025-09-17 21:05:44,356 : INFO : EventManager : Event: ======'machine_var_audits_switches_s_plunger_lane'====== Args={'value': 46, 'prev_value': None, 'change': True}
2025-09-17 21:05:44,356 : INFO : EventManager : Event: ======'machine_var_audits_switches_s_ramp_inner_exit'====== Args={'value': 0, 'prev_value': None, 'change': True}
2025-09-17 21:05:44,356 : INFO : EventManager : Event: ======'machine_var_audits_switches_s_ramp_left_exit'====== Args={'value': 0, 'prev_value': None, 'change': True}
2025-09-17 21:05:44,356 : INFO : EventManager : Event: ======'machine_var_audits_switches_s_ramp_right_exit'====== Args={'value': 0, 'prev_value': None, 'change': True}
2025-09-17 21:05:44,356 : INFO : EventManager : Event: ======'machine_var_audits_switches_s_ramp_tower_exit'====== Args={'value': 0, 'prev_value': None, 'change': True}
2025-09-17 21:05:44,357 : INFO : EventManager : Event: ======'machine_var_audits_switches_s_slingshot_left'====== Args={'value': 8, 'prev_value': None, 'change': True}
2025-09-17 21:05:44,357 : INFO : EventManager : Event: ======'machine_var_audits_switches_s_slingshot_right'====== Args={'value': 7, 'prev_value': None, 'change': True}
2025-09-17 21:05:44,357 : INFO : EventManager : Event: ======'machine_var_audits_switches_s_spinner'====== Args={'value': 0, 'prev_value': None, 'change': True}
2025-09-17 21:05:44,357 : INFO : EventManager : Event: ======'machine_var_audits_switches_s_start'====== Args={'value': 134, 'prev_value': None, 'change': True}
2025-09-17 21:05:44,357 : INFO : EventManager : Event: ======'machine_var_audits_switches_s_tilt'====== Args={'value': 0, 'prev_value': None, 'change': True}
2025-09-17 21:05:44,357 : INFO : EventManager : Event: ======'machine_var_audits_switches_s_trough_1'====== Args={'value': 2, 'prev_value': None, 'change': True}
2025-09-17 21:05:44,357 : INFO : EventManager : Event: ======'machine_var_audits_switches_s_trough_2'====== Args={'value': 1, 'prev_value': None, 'change': True}
2025-09-17 21:05:44,357 : INFO : EventManager : Event: ======'machine_var_audits_switches_s_trough_3'====== Args={'value': 1, 'prev_value': None, 'change': True}
2025-09-17 21:05:44,357 : INFO : EventManager : Event: ======'machine_var_audits_switches_s_trough_4'====== Args={'value': 0, 'prev_value': None, 'change': True}
2025-09-17 21:05:44,357 : INFO : EventManager : Event: ======'machine_var_audits_switches_s_trough_5'====== Args={'value': 0, 'prev_value': None, 'change': True}
2025-09-17 21:05:44,357 : INFO : EventManager : Event: ======'machine_var_audits_switches_s_trough_6'====== Args={'value': 61, 'prev_value': None, 'change': True}
2025-09-17 21:05:44,357 : INFO : EventManager : Event: ======'init_phase_5'====== Args={}
2025-09-17 21:05:44,357 : INFO : EventManager : Event: ======'init_done'====== Args={}
2025-09-17 21:05:44,358 : INFO : EventManager : Event: ======'machine_reset_phase_1'====== Args={}
2025-09-17 21:05:44,366 : INFO : EventManager : Event: ======'machine_reset_phase_2'====== Args={}
2025-09-17 21:05:44,366 : INFO : EventManager : Event: ======'machine_reset_phase_3'====== Args={}
2025-09-17 21:05:44,366 : INFO : EventManager : Event: ======'reset_complete'====== Args={}
2025-09-17 21:05:44,366 : INFO : EventManager : Event: ======'mode_service_will_start'====== Args={}
2025-09-17 21:05:44,367 : INFO : EventManager : Event: ======'mode_service_starting'====== Args={}
2025-09-17 21:05:44,367 : INFO : EventManager : Event: ======'mode_attract_will_start'====== Args={}
2025-09-17 21:05:44,367 : INFO : Timer.attract_carousel_timer : Starting Timer.
2025-09-17 21:05:44,368 : INFO : EventManager : Event: ======'timer_attract_carousel_timer_started'====== Args={'ticks': 0, 'ticks_remaining': 1}
2025-09-17 21:05:44,368 : INFO : EventManager : Event: ======'timer_attract_carousel_timer_tick'====== Args={'ticks': 0, 'ticks_remaining': 1}
2025-09-17 21:05:44,368 : INFO : EventManager : Event: ======'mode_attract_starting'====== Args={}
2025-09-17 21:05:44,368 : INFO : Mode.attract : Started. Priority: 10
2025-09-17 21:05:44,368 : INFO : EventManager : Event: ======'modes_active_modes_changed'====== Args={}
2025-09-17 21:05:44,368 : INFO : EventManager : Event: ======'mode_attract_started'====== Args={}
2025-09-17 21:05:44,369 : INFO : EventManager : Event: ======'collecting_balls_complete'====== Args={}
2025-09-17 21:05:44,369 : INFO : EventManager : Event: ======'item_highlighted'====== Args={'carousel': 'attract', 'direction': None, 'item': 'title'}
2025-09-17 21:05:44,369 : INFO : EventManager : Event: ======'timer_attract_carousel_timer_tick'====== Args={'ticks': 0, 'ticks_remaining': 1}
2025-09-17 21:05:44,369 : INFO : Mode.service : Started. Priority: 100000
2025-09-17 21:05:44,369 : INFO : EventManager : Event: ======'modes_active_modes_changed'====== Args={}
2025-09-17 21:05:44,369 : INFO : EventManager : Event: ======'mode_service_started'====== Args={}
2025-09-17 21:05:44,371 : INFO : Machine : Starting the main run loop with active modes: [<Mode.service>, <Mode.attract>]
2025-09-17 21:05:44,446 : INFO : EventManager : Event: ======'slide_attract_created'====== Args={'_from_bcp': True}
2025-09-17 21:05:44,446 : INFO : EventManager : Event: ======'slide__removed'====== Args={'_from_bcp': True}
2025-09-17 21:05:44,447 : INFO : EventManager : Event: ======'slide_attract_active'====== Args={'original_context': 'attract', 'original_calling_context': 'mode_attract_started', 'priority': 10.0, 'cmd': 'slides_play', '_from_bcp': True}
2025-09-17 21:05:51,376 : INFO : Timer.attract_carousel_timer : Timer Complete
2025-09-17 21:05:51,376 : INFO : Timer.attract_carousel_timer : Stopping Timer
2025-09-17 21:05:51,376 : INFO : EventManager : Event: ======'timer_attract_carousel_timer_stopped'====== Args={'ticks': 1, 'ticks_remaining': 1}
2025-09-17 21:05:51,376 : INFO : EventManager : Event: ======'timer_attract_carousel_timer_complete'====== Args={'ticks': 1, 'ticks_remaining': 1}
2025-09-17 21:05:51,376 : INFO : EventManager : Event: ======'item_highlighted'====== Args={'carousel': 'attract', 'direction': 'forwards', 'item': 'presented_by'}
2025-09-17 21:05:51,377 : INFO : Timer.attract_carousel_timer : Starting Timer.
2025-09-17 21:05:51,377 : INFO : EventManager : Event: ======'timer_attract_carousel_timer_started'====== Args={'ticks': 0, 'ticks_remaining': 1}
2025-09-17 21:05:51,377 : INFO : EventManager : Event: ======'timer_attract_carousel_timer_tick'====== Args={'ticks': 0, 'ticks_remaining': 1}
2025-09-17 21:05:53,536 : INFO : SwitchController : <<<<<<< 's_flipper_right' active >>>>>>>
2025-09-17 21:05:53,536 : INFO : EventManager : Event: ======'s_flipper_right_active'====== Args={}
2025-09-17 21:05:53,536 : INFO : EventManager : Event: ======'item_highlighted'====== Args={'carousel': 'attract', 'direction': 'forwards', 'item': 'hotrod_pinball_logo'}
2025-09-17 21:05:53,537 : INFO : EventManager : Event: ======'timer_attract_carousel_timer_tick'====== Args={'ticks': 0, 'ticks_remaining': 1}
2025-09-17 21:05:53,686 : INFO : SwitchController : <<<<<<< 's_flipper_right' inactive >>>>>>>
2025-09-17 21:05:53,686 : INFO : EventManager : Event: ======'sw_right_flipper_inactive'====== Args={}
2025-09-17 21:05:54,020 : INFO : SwitchController : <<<<<<< 's_flipper_right' active >>>>>>>
2025-09-17 21:05:54,020 : INFO : EventManager : Event: ======'s_flipper_right_active'====== Args={}
2025-09-17 21:05:54,020 : INFO : EventManager : Event: ======'item_highlighted'====== Args={'carousel': 'attract', 'direction': 'forwards', 'item': 'mpf_logo'}
2025-09-17 21:05:54,021 : INFO : EventManager : Event: ======'timer_attract_carousel_timer_tick'====== Args={'ticks': 0, 'ticks_remaining': 1}
2025-09-17 21:05:54,170 : INFO : SwitchController : <<<<<<< 's_flipper_right' inactive >>>>>>>
2025-09-17 21:05:54,170 : INFO : EventManager : Event: ======'sw_right_flipper_inactive'====== Args={}
2025-09-17 21:05:54,470 : INFO : SwitchController : <<<<<<< 's_flipper_right' active >>>>>>>
2025-09-17 21:05:54,470 : INFO : EventManager : Event: ======'s_flipper_right_active'====== Args={}
2025-09-17 21:05:54,470 : INFO : EventManager : Event: ======'item_highlighted'====== Args={'carousel': 'attract', 'direction': 'forwards', 'item': 'credits'}
2025-09-17 21:05:54,471 : INFO : EventManager : Event: ======'timer_attract_carousel_timer_tick'====== Args={'ticks': 0, 'ticks_remaining': 1}
2025-09-17 21:05:54,637 : INFO : SwitchController : <<<<<<< 's_flipper_right' inactive >>>>>>>
2025-09-17 21:05:54,637 : INFO : EventManager : Event: ======'sw_right_flipper_inactive'====== Args={}
2025-09-17 21:05:54,937 : INFO : SwitchController : <<<<<<< 's_flipper_right' active >>>>>>>
2025-09-17 21:05:54,938 : INFO : EventManager : Event: ======'s_flipper_right_active'====== Args={}
2025-09-17 21:05:54,938 : INFO : EventManager : Event: ======'item_highlighted'====== Args={'carousel': 'attract', 'direction': 'forwards', 'item': 'last_scores_2p'}
2025-09-17 21:05:54,938 : INFO : EventManager : Event: ======'timer_attract_carousel_timer_tick'====== Args={'ticks': 0, 'ticks_remaining': 1}
2025-09-17 21:05:55,121 : INFO : SwitchController : <<<<<<< 's_flipper_right' inactive >>>>>>>
2025-09-17 21:05:55,121 : INFO : EventManager : Event: ======'sw_right_flipper_inactive'====== Args={}
2025-09-17 21:05:59,325 : INFO : SwitchController : <<<<<<< 's_flipper_right' active >>>>>>>
2025-09-17 21:05:59,325 : INFO : EventManager : Event: ======'s_flipper_right_active'====== Args={}
2025-09-17 21:05:59,325 : INFO : EventManager : Event: ======'item_highlighted'====== Args={'carousel': 'attract', 'direction': 'forwards', 'item': 'title'}
2025-09-17 21:05:59,325 : INFO : EventManager : Event: ======'timer_attract_carousel_timer_tick'====== Args={'ticks': 0, 'ticks_remaining': 1}
2025-09-17 21:05:59,508 : INFO : SwitchController : <<<<<<< 's_flipper_right' inactive >>>>>>>
2025-09-17 21:05:59,508 : INFO : EventManager : Event: ======'sw_right_flipper_inactive'====== Args={}
2025-09-17 21:05:59,925 : INFO : SwitchController : <<<<<<< 's_flipper_right' active >>>>>>>
2025-09-17 21:05:59,926 : INFO : EventManager : Event: ======'s_flipper_right_active'====== Args={}
2025-09-17 21:05:59,926 : INFO : EventManager : Event: ======'item_highlighted'====== Args={'carousel': 'attract', 'direction': 'forwards', 'item': 'presented_by'}
2025-09-17 21:05:59,926 : INFO : EventManager : Event: ======'timer_attract_carousel_timer_tick'====== Args={'ticks': 0, 'ticks_remaining': 1}
2025-09-17 21:06:00,109 : INFO : SwitchController : <<<<<<< 's_flipper_right' inactive >>>>>>>
2025-09-17 21:06:00,110 : INFO : EventManager : Event: ======'sw_right_flipper_inactive'====== Args={}
2025-09-17 21:06:00,843 : INFO : SwitchController : <<<<<<< 's_flipper_right' active >>>>>>>
2025-09-17 21:06:00,843 : INFO : EventManager : Event: ======'s_flipper_right_active'====== Args={}
2025-09-17 21:06:00,843 : INFO : EventManager : Event: ======'item_highlighted'====== Args={'carousel': 'attract', 'direction': 'forwards', 'item': 'hotrod_pinball_logo'}
2025-09-17 21:06:00,844 : INFO : EventManager : Event: ======'timer_attract_carousel_timer_tick'====== Args={'ticks': 0, 'ticks_remaining': 1}
2025-09-17 21:06:01,027 : INFO : SwitchController : <<<<<<< 's_flipper_right' inactive >>>>>>>
2025-09-17 21:06:01,027 : INFO : EventManager : Event: ======'sw_right_flipper_inactive'====== Args={}
2025-09-17 21:06:01,427 : INFO : SwitchController : <<<<<<< 's_flipper_right' active >>>>>>>
2025-09-17 21:06:01,427 : INFO : EventManager : Event: ======'s_flipper_right_active'====== Args={}
2025-09-17 21:06:01,427 : INFO : EventManager : Event: ======'item_highlighted'====== Args={'carousel': 'attract', 'direction': 'forwards', 'item': 'mpf_logo'}
2025-09-17 21:06:01,427 : INFO : EventManager : Event: ======'timer_attract_carousel_timer_tick'====== Args={'ticks': 0, 'ticks_remaining': 1}
2025-09-17 21:06:01,577 : INFO : SwitchController : <<<<<<< 's_flipper_right' inactive >>>>>>>
2025-09-17 21:06:01,577 : INFO : EventManager : Event: ======'sw_right_flipper_inactive'====== Args={}
2025-09-17 21:06:01,978 : INFO : SwitchController : <<<<<<< 's_flipper_right' active >>>>>>>
2025-09-17 21:06:01,978 : INFO : EventManager : Event: ======'s_flipper_right_active'====== Args={}
2025-09-17 21:06:01,978 : INFO : EventManager : Event: ======'item_highlighted'====== Args={'carousel': 'attract', 'direction': 'forwards', 'item': 'credits'}
2025-09-17 21:06:01,979 : INFO : EventManager : Event: ======'timer_attract_carousel_timer_tick'====== Args={'ticks': 0, 'ticks_remaining': 1}
2025-09-17 21:06:02,111 : INFO : SwitchController : <<<<<<< 's_flipper_right' inactive >>>>>>>
2025-09-17 21:06:02,111 : INFO : EventManager : Event: ======'sw_right_flipper_inactive'====== Args={}
2025-09-17 21:06:02,261 : INFO : SwitchController : <<<<<<< 's_flipper_right' active >>>>>>>
2025-09-17 21:06:02,262 : INFO : EventManager : Event: ======'s_flipper_right_active'====== Args={}
2025-09-17 21:06:02,262 : INFO : EventManager : Event: ======'item_highlighted'====== Args={'carousel': 'attract', 'direction': 'forwards', 'item': 'last_scores_2p'}
2025-09-17 21:06:02,262 : INFO : EventManager : Event: ======'timer_attract_carousel_timer_tick'====== Args={'ticks': 0, 'ticks_remaining': 1}
2025-09-17 21:06:02,378 : INFO : SwitchController : <<<<<<< 's_flipper_right' inactive >>>>>>>
2025-09-17 21:06:02,378 : INFO : EventManager : Event: ======'sw_right_flipper_inactive'====== Args={}
2025-09-17 21:06:02,494 : INFO : SwitchController : <<<<<<< 's_flipper_right' active >>>>>>>
2025-09-17 21:06:02,495 : INFO : EventManager : Event: ======'s_flipper_right_active'====== Args={}
2025-09-17 21:06:02,495 : INFO : EventManager : Event: ======'item_highlighted'====== Args={'carousel': 'attract', 'direction': 'forwards', 'item': 'title'}
2025-09-17 21:06:02,495 : INFO : EventManager : Event: ======'timer_attract_carousel_timer_tick'====== Args={'ticks': 0, 'ticks_remaining': 1}
2025-09-17 21:06:02,662 : INFO : SwitchController : <<<<<<< 's_flipper_right' inactive >>>>>>>
2025-09-17 21:06:02,662 : INFO : EventManager : Event: ======'sw_right_flipper_inactive'====== Args={}
2025-09-17 21:06:04,397 : INFO : SwitchController : <<<<<<< 's_flipper_right' active >>>>>>>
2025-09-17 21:06:04,397 : INFO : EventManager : Event: ======'s_flipper_right_active'====== Args={}
2025-09-17 21:06:04,397 : INFO : EventManager : Event: ======'item_highlighted'====== Args={'carousel': 'attract', 'direction': 'forwards', 'item': 'presented_by'}
2025-09-17 21:06:04,397 : INFO : EventManager : Event: ======'timer_attract_carousel_timer_tick'====== Args={'ticks': 0, 'ticks_remaining': 1}
2025-09-17 21:06:04,496 : INFO : SwitchController : <<<<<<< 's_flipper_right' inactive >>>>>>>
2025-09-17 21:06:04,497 : INFO : EventManager : Event: ======'sw_right_flipper_inactive'====== Args={}
2025-09-17 21:06:04,597 : INFO : SwitchController : <<<<<<< 's_flipper_right' active >>>>>>>
2025-09-17 21:06:04,597 : INFO : EventManager : Event: ======'s_flipper_right_active'====== Args={}
2025-09-17 21:06:04,597 : INFO : EventManager : Event: ======'item_highlighted'====== Args={'carousel': 'attract', 'direction': 'forwards', 'item': 'hotrod_pinball_logo'}
2025-09-17 21:06:04,598 : INFO : EventManager : Event: ======'timer_attract_carousel_timer_tick'====== Args={'ticks': 0, 'ticks_remaining': 1}
2025-09-17 21:06:04,696 : INFO : SwitchController : <<<<<<< 's_flipper_right' inactive >>>>>>>
2025-09-17 21:06:04,697 : INFO : EventManager : Event: ======'sw_right_flipper_inactive'====== Args={}
2025-09-17 21:06:04,814 : INFO : SwitchController : <<<<<<< 's_flipper_right' active >>>>>>>
2025-09-17 21:06:04,814 : INFO : EventManager : Event: ======'s_flipper_right_active'====== Args={}
2025-09-17 21:06:04,814 : INFO : EventManager : Event: ======'item_highlighted'====== Args={'carousel': 'attract', 'direction': 'forwards', 'item': 'mpf_logo'}
2025-09-17 21:06:04,814 : INFO : EventManager : Event: ======'timer_attract_carousel_timer_tick'====== Args={'ticks': 0, 'ticks_remaining': 1}
2025-09-17 21:06:04,914 : INFO : SwitchController : <<<<<<< 's_flipper_right' inactive >>>>>>>
2025-09-17 21:06:04,914 : INFO : EventManager : Event: ======'sw_right_flipper_inactive'====== Args={}
2025-09-17 21:06:07,033 : INFO : SwitchController : <<<<<<< 's_start' active >>>>>>>
2025-09-17 21:06:07,166 : INFO : SwitchController : <<<<<<< 's_start' inactive >>>>>>>
2025-09-17 21:06:07,166 : INFO : EventManager : Event: ======'sw_start_inactive'====== Args={}
2025-09-17 21:06:07,166 : INFO : EventManager : Event: ======'request_to_start_game'====== Args={}
2025-09-17 21:06:07,167 : INFO : EventManager : Event: ======'game_start'====== Args={'buttons': [], 'hold_time': 0.125}
2025-09-17 21:06:07,167 : INFO : EventManager : Event: ======'mode_game_will_start'====== Args={'buttons': [], 'hold_time': 0.125}
2025-09-17 21:06:07,168 : INFO : EventManager : Event: ======'mode_game_starting'====== Args={'buttons': [], 'hold_time': 0.125}
2025-09-17 21:06:07,168 : INFO : EventManager : Event: ======'mode_attract_will_stop'====== Args={}
2025-09-17 21:06:07,168 : INFO : EventManager : Event: ======'mode_attract_stopping'====== Args={}
2025-09-17 21:06:07,168 : INFO : Mode.attract : Stopped.
2025-09-17 21:06:07,168 : INFO : EventManager : Event: ======'modes_active_modes_changed'====== Args={}
2025-09-17 21:06:07,168 : INFO : EventManager : Event: ======'mode_attract_stopped'====== Args={}
2025-09-17 21:06:07,168 : INFO : EventManager : Event: ======'clear'====== Args={'key': 'attract'}
2025-09-17 21:06:07,168 : INFO : Timer.attract_carousel_timer : Stopping Timer
2025-09-17 21:06:07,169 : INFO : EventManager : Event: ======'timer_attract_carousel_timer_stopped'====== Args={'ticks': 0, 'ticks_remaining': 1}
2025-09-17 21:06:07,169 : INFO : Mode.game : Started. Priority: 20
2025-09-17 21:06:07,169 : INFO : EventManager : Event: ======'modes_active_modes_changed'====== Args={}
2025-09-17 21:06:07,169 : INFO : EventManager : Event: ======'mode_game_started'====== Args={'buttons': [], 'hold_time': 0.125}
2025-09-17 21:06:07,170 : INFO : EventManager : Event: ======'game_will_start'====== Args={}
2025-09-17 21:06:07,171 : INFO : EventManager : Event: ======'game_starting'====== Args={'game': <Mode.game>}
2025-09-17 21:06:07,172 : INFO : EventManager : Unordered handler for class <Auditor> on event game_ended with priority 1. Handlers: [RegisteredHandler(callback=<bound method Auditor.disable of <Auditor>>, priority=1, kwargs={}, key=UUID('196b43eb-de15-44b4-9599-f25b1f553623'), condition=None, blocking_facility=None), RegisteredHandler(callback=<bound method Auditor._save_audits of <Auditor>>, priority=1, kwargs={}, key=UUID('099703bb-4642-44fa-b95e-7438a9a2f358'), condition=None, blocking_facility=None)]. The order of those handlers is not defined and they will be executed in random order. This might lead to race conditions and potential bugs.
2025-09-17 21:06:07,172 : INFO : EventManager : Event: ======'player_add_request'====== Args={}
2025-09-17 21:06:07,172 : INFO : EventManager : Event: ======'player_will_add'====== Args={'number': 1}
2025-09-17 21:06:07,172 : INFO : EventManager : Event: ======'player_adding'====== Args={'player': <Player 1>, 'number': 1}
2025-09-17 21:06:07,172 : INFO : EventManager : Event: ======'player_added'====== Args={'player': <Player 1>, 'num': 1}
2025-09-17 21:06:07,172 : INFO : Mode.game : Player added successfully. Total players: 1
2025-09-17 21:06:07,172 : INFO : EventManager : Event: ======'player_index'====== Args={'value': 0, 'prev_value': 0, 'change': 0, 'player_num': 1}
2025-09-17 21:06:07,172 : INFO : EventManager : Event: ======'player_number'====== Args={'value': 1, 'prev_value': 1, 'change': 0, 'player_num': 1}
2025-09-17 21:06:07,173 : INFO : EventManager : Event: ======'player_score'====== Args={'value': 0, 'prev_value': 0, 'change': 0, 'player_num': 1}
2025-09-17 21:06:07,173 : INFO : EventManager : Event: ======'game_started'====== Args={}
2025-09-17 21:06:07,173 : INFO : EventManager : Event: ======'player_turn_will_start'====== Args={'player': <Player 1>, 'number': 1}
2025-09-17 21:06:07,173 : INFO : EventManager : Event: ======'player_turn_starting'====== Args={'player': <Player 1>, 'number': 1}
2025-09-17 21:06:07,173 : INFO : EventManager : Event: ======'player_ball'====== Args={'value': 1, 'prev_value': 0, 'change': 1, 'player_num': 1}
2025-09-17 21:06:07,174 : INFO : EventManager : Event: ======'player_turn_started'====== Args={'player': <Player 1>, 'number': 1}
2025-09-17 21:06:07,174 : INFO : EventManager : Event: ======'ui_player_1_up'====== Args={'priority': 0}
2025-09-17 21:06:07,179 : INFO : EventManager : Event: ======'ball_will_start'====== Args={'player': 1, 'ball': 1, 'balls_remaining': 2, 'is_extra_ball': False}
2025-09-17 21:06:07,179 : INFO : EventManager : Event: ======'ball_starting'====== Args={'player': 1, 'ball': 1, 'balls_remaining': 2, 'is_extra_ball': False}
2025-09-17 21:06:07,179 : INFO : EventManager : Event: ======'mode_base_will_start'====== Args={'queue': <QueuedEvent>, 'player': 1, 'ball': 1, 'balls_remaining': 2, 'is_extra_ball': False}
2025-09-17 21:06:07,180 : INFO : EventManager : Event: ======'mode_base_starting'====== Args={'queue': <QueuedEvent>, 'player': 1, 'ball': 1, 'balls_remaining': 2, 'is_extra_ball': False}
2025-09-17 21:06:07,180 : INFO : Mode.base : Started. Priority: 100
2025-09-17 21:06:07,180 : INFO : EventManager : Event: ======'modes_active_modes_changed'====== Args={}
2025-09-17 21:06:07,180 : INFO : EventManager : Event: ======'mode_base_started'====== Args={'queue': <QueuedEvent>, 'player': 1, 'ball': 1, 'balls_remaining': 2, 'is_extra_ball': False}
2025-09-17 21:06:07,180 : INFO : EventManager : Event: ======'start_mode_bumpers'====== Args={'priority': 0}
2025-09-17 21:06:07,181 : INFO : EventManager : Event: ======'mode_bumpers_will_start'====== Args={'priority': 0}
2025-09-17 21:06:07,181 : INFO : EventManager : Event: ======'player_shot_bumper_left_enabled'====== Args={'value': True, 'prev_value': 0, 'change': 1, 'player_num': 1}
2025-09-17 21:06:07,181 : INFO : EventManager : Event: ======'player_shot_bumper_center_enabled'====== Args={'value': True, 'prev_value': 0, 'change': 1, 'player_num': 1}
2025-09-17 21:06:07,181 : INFO : EventManager : Event: ======'player_shot_bumper_right_enabled'====== Args={'value': True, 'prev_value': 0, 'change': 1, 'player_num': 1}
2025-09-17 21:06:07,182 : INFO : EventManager : Event: ======'bumpers_complete'====== Args={'state': 'unlit'}
2025-09-17 21:06:07,182 : INFO : EventManager : Event: ======'bumpers_unlit_complete'====== Args={}
2025-09-17 21:06:07,182 : INFO : EventManager : Event: ======'mode_bumpers_starting'====== Args={'priority': 0}
2025-09-17 21:06:07,182 : INFO : Mode.bumpers : Started. Priority: 200
2025-09-17 21:06:07,182 : INFO : EventManager : Event: ======'modes_active_modes_changed'====== Args={}
2025-09-17 21:06:07,182 : INFO : EventManager : Event: ======'mode_bumpers_started'====== Args={'priority': 0}
2025-09-17 21:06:07,183 : INFO : EventManager : Event: ======'balls_in_play'====== Args={'balls': 1}
2025-09-17 21:06:07,183 : INFO : EventManager : Event: ======'ball_started'====== Args={'player': 1, 'ball': 1, 'balls_remaining': 2, 'is_extra_ball': False}
2025-09-17 21:06:07,183 : INFO : EventManager : Event: ======'single_player_ball_started'====== Args={}
2025-09-17 21:06:07,184 : INFO : EventManager : Event: ======'ball_start_target'====== Args={'target': 'playfield'}
2025-09-17 21:06:07,184 : INFO : ball_device.bd_plunger : Setting up player-controlled eject. Balls: 1, Target: <playfield.playfield>, player_controlled_eject_event: None
2025-09-17 21:06:07,184 : INFO : EventManager : Event: ======'balldevice_balls_available'====== Args={}
2025-09-17 21:06:07,184 : INFO : ball_device.bd_trough : State: waiting_for_target_ready
2025-09-17 21:06:07,184 : INFO : EventManager : Event: ======'balldevice_bd_trough_ball_eject_attempt'====== Args={'balls': 1, 'target': <ball_device.bd_plunger>, 'source': <ball_device.bd_trough>, 'mechanical_eject': True, 'num_attempts': 0}
2025-09-17 21:06:07,184 : INFO : ball_device.bd_plunger : State: waiting_for_ball
2025-09-17 21:06:07,184 : INFO : ball_device.bd_trough : State: ejecting
2025-09-17 21:06:07,186 : INFO : ball_device.bd_trough : Ejecting ball to <ball_device.bd_plunger>
2025-09-17 21:06:07,186 : INFO : EventManager : Event: ======'balldevice_bd_trough_ejecting_ball'====== Args={'balls': 1, 'target': <ball_device.bd_plunger>, 'source': <ball_device.bd_trough>, 'mechanical_eject': True, 'num_attempts': 0}
2025-09-17 21:06:07,186 : INFO : ball_device.bd_trough : Wait for ball to leave device
2025-09-17 21:06:07,186 : INFO : coil.c_trough_eject : Pulsing Driver for 10ms (0.75 pulse_power)
2025-09-17 21:06:07,266 : INFO : EventManager : Event: ======'slide_base_slide_created'====== Args={'_from_bcp': True}
2025-09-17 21:06:07,267 : INFO : EventManager : Event: ======'slide_attract_inactive'====== Args={'is_removing': True, '_from_bcp': True}
2025-09-17 21:06:07,267 : INFO : EventManager : Event: ======'slide_base_slide_active'====== Args={'original_context': 'base', 'original_calling_context': 'mode_base_started', 'priority': 100.0, 'queue': '<QueuedEvent>', 'player': 1.0, 'ball': 1.0, 'balls_remaining': 2.0, 'is_extra_ball': False, 'cmd': 'slides_play', '_from_bcp': True}
2025-09-17 21:06:07,271 : INFO : EventManager : Event: ======'slide_attract_removed'====== Args={'_from_bcp': True}
2025-09-17 21:06:10,202 : INFO : EventManager : Event: ======'balldevice_bd_trough_ball_eject_failed'====== Args={'target': <ball_device.bd_plunger>, 'balls': 1, 'retry': True, 'num_attempts': 1}
2025-09-17 21:06:10,202 : INFO : ball_device.bd_trough : State: waiting_for_target_ready
2025-09-17 21:06:10,202 : INFO : EventManager : Event: ======'balldevice_bd_trough_ball_eject_attempt'====== Args={'balls': 1, 'target': <ball_device.bd_plunger>, 'source': <ball_device.bd_trough>, 'mechanical_eject': True, 'num_attempts': 1}
2025-09-17 21:06:10,203 : INFO : ball_device.bd_trough : State: ejecting
2025-09-17 21:06:10,203 : INFO : ball_device.bd_trough : Ejecting ball to <ball_device.bd_plunger>
2025-09-17 21:06:10,203 : INFO : EventManager : Event: ======'balldevice_bd_trough_ejecting_ball'====== Args={'balls': 1, 'target': <ball_device.bd_plunger>, 'source': <ball_device.bd_trough>, 'mechanical_eject': True, 'num_attempts': 1}
2025-09-17 21:06:10,203 : INFO : ball_device.bd_trough : Wait for ball to leave device
2025-09-17 21:06:10,204 : INFO : coil.c_trough_eject : Pulsing Driver for 10ms (0.75 pulse_power)
2025-09-17 21:06:12,755 : INFO : SwitchController : <<<<<<< 's_outer_inlane_right' active >>>>>>>
2025-09-17 21:06:12,755 : INFO : EventManager : Event: ======'sw_playfield_active'====== Args={}
2025-09-17 21:06:12,755 : INFO : EventManager : Event: ======'sw_playfield_active'====== Args={}
2025-09-17 21:06:12,755 : INFO : EventManager : Event: ======'machine_var_audits_switches_s_outer_inlane_right'====== Args={'value': 5, 'prev_value': 4, 'change': 1}
2025-09-17 21:06:12,756 : INFO : EventManager : Event: ======'playfield_active'====== Args={'source': None}
2025-09-17 21:06:12,756 : INFO : EventManager : Event: ======'unexpected_ball_on_playfield'====== Args={}
2025-09-17 21:06:12,756 : INFO : EventManager : Event: ======'playfield_active'====== Args={'source': None}
2025-09-17 21:06:12,756 : INFO : EventManager : Event: ======'unexpected_ball_on_playfield'====== Args={}
2025-09-17 21:06:12,855 : INFO : SwitchController : <<<<<<< 's_outer_inlane_right' inactive >>>>>>>
2025-09-17 21:06:13,209 : INFO : EventManager : Event: ======'balldevice_bd_trough_ball_eject_failed'====== Args={'target': <ball_device.bd_plunger>, 'balls': 1, 'retry': True, 'num_attempts': 2}
2025-09-17 21:06:13,209 : INFO : ball_device.bd_trough : State: waiting_for_target_ready
2025-09-17 21:06:13,209 : INFO : EventManager : Event: ======'balldevice_bd_trough_ball_eject_attempt'====== Args={'balls': 1, 'target': <ball_device.bd_plunger>, 'source': <ball_device.bd_trough>, 'mechanical_eject': True, 'num_attempts': 2}
2025-09-17 21:06:13,210 : INFO : ball_device.bd_trough : State: ejecting
2025-09-17 21:06:13,210 : INFO : ball_device.bd_trough : Ejecting ball to <ball_device.bd_plunger>
2025-09-17 21:06:13,210 : INFO : EventManager : Event: ======'balldevice_bd_trough_ejecting_ball'====== Args={'balls': 1, 'target': <ball_device.bd_plunger>, 'source': <ball_device.bd_trough>, 'mechanical_eject': True, 'num_attempts': 2}
2025-09-17 21:06:13,210 : INFO : ball_device.bd_trough : Wait for ball to leave device
2025-09-17 21:06:13,210 : INFO : coil.c_trough_eject : Pulsing Driver for 10ms (0.75 pulse_power)
2025-09-17 21:06:16,217 : INFO : EventManager : Event: ======'balldevice_bd_trough_ball_eject_failed'====== Args={'target': <ball_device.bd_plunger>, 'balls': 1, 'retry': True, 'num_attempts': 3}
2025-09-17 21:06:16,217 : INFO : ball_device.bd_trough : State: waiting_for_target_ready
2025-09-17 21:06:16,217 : INFO : EventManager : Event: ======'balldevice_bd_trough_ball_eject_attempt'====== Args={'balls': 1, 'target': <ball_device.bd_plunger>, 'source': <ball_device.bd_trough>, 'mechanical_eject': True, 'num_attempts': 3}
2025-09-17 21:06:16,217 : INFO : ball_device.bd_trough : State: ejecting
2025-09-17 21:06:16,218 : INFO : ball_device.bd_trough : Ejecting ball to <ball_device.bd_plunger>
2025-09-17 21:06:16,218 : INFO : EventManager : Event: ======'balldevice_bd_trough_ejecting_ball'====== Args={'balls': 1, 'target': <ball_device.bd_plunger>, 'source': <ball_device.bd_trough>, 'mechanical_eject': True, 'num_attempts': 3}
2025-09-17 21:06:16,218 : INFO : ball_device.bd_trough : Wait for ball to leave device
2025-09-17 21:06:16,218 : INFO : coil.c_trough_eject : Pulsing Driver for 10ms (0.75 pulse_power)
2025-09-17 21:06:17,245 : INFO : Machine : Shutting down...
2025-09-17 21:06:17,245 : INFO : EventManager : Event: ======'shutdown'====== Args={}
2025-09-17 21:06:17,245 : INFO : EventManager : Event: ======'mode_service_will_stop'====== Args={}
2025-09-17 21:06:17,245 : INFO : EventManager : Event: ======'mode_service_stopping'====== Args={}
2025-09-17 21:06:17,246 : INFO : Mode.service : Stopped.
2025-09-17 21:06:17,246 : INFO : EventManager : Event: ======'modes_active_modes_changed'====== Args={}
2025-09-17 21:06:17,246 : INFO : EventManager : Event: ======'mode_service_stopped'====== Args={}
2025-09-17 21:06:17,246 : INFO : EventManager : Event: ======'clear'====== Args={'key': 'service'}
2025-09-17 21:06:17,247 : INFO : EventManager : Event: ======'mode_game_will_stop'====== Args={}
2025-09-17 21:06:17,247 : INFO : EventManager : Event: ======'mode_game_stopping'====== Args={}
2025-09-17 21:06:17,248 : INFO : EventManager : Event: ======'mode_base_will_stop'====== Args={}
2025-09-17 21:06:17,248 : INFO : EventManager : Event: ======'mode_base_stopping'====== Args={}
2025-09-17 21:06:17,248 : INFO : EventManager : Event: ======'mode_bumpers_will_stop'====== Args={}
2025-09-17 21:06:17,248 : INFO : EventManager : Event: ======'mode_bumpers_stopping'====== Args={}
2025-09-17 21:06:17,248 : INFO : EventManager : Event: ======'stop_mode_bumpers'====== Args={'priority': 0}
2025-09-17 21:06:17,248 : INFO : Mode.bumpers : Stopped.
2025-09-17 21:06:17,248 : INFO : EventManager : Event: ======'modes_active_modes_changed'====== Args={}
2025-09-17 21:06:17,248 : INFO : EventManager : Event: ======'mode_bumpers_stopped'====== Args={}
2025-09-17 21:06:17,248 : INFO : EventManager : Event: ======'clear'====== Args={'key': 'bumpers'}
2025-09-17 21:06:17,250 : INFO : Mode.base : Stopped.
2025-09-17 21:06:17,250 : INFO : EventManager : Event: ======'modes_active_modes_changed'====== Args={}
2025-09-17 21:06:17,250 : INFO : EventManager : Event: ======'mode_base_stopped'====== Args={}
2025-09-17 21:06:17,250 : INFO : EventManager : Event: ======'clear'====== Args={'key': 'base'}
2025-09-17 21:06:17,250 : INFO : Mode.game : Stopped.
2025-09-17 21:06:17,250 : INFO : EventManager : Event: ======'modes_active_modes_changed'====== Args={}
2025-09-17 21:06:17,250 : INFO : EventManager : Event: ======'mode_game_stopped'====== Args={}
2025-09-17 21:06:17,250 : INFO : EventManager : Event: ======'clear'====== Args={'key': 'game'}
2025-09-17 21:06:17,254 : INFO : root : MPF run loop ended.
