2025-10-24 15:16:21,036 : INFO : root : Loading config.
2025-10-24 15:16:21,051 : INFO : YamlMultifileConfigLoader : Machine config file #1: config.yaml
2025-10-24 15:16:21,051 : INFO : ConfigProcessor : Loading config from cache: C:\Users\White\AppData\Local\Temp\cfa6ecba65704a931c9dd214c44986c8.mpf_cache
2025-10-24 15:16:21,176 : INFO : ConfigProcessor : Loading config from cache: C:\Users\White\AppData\Local\Temp\f98ffc0ff5962effface7d86bc406d5c.mpf_cache
2025-10-24 15:16:21,177 : INFO : ConfigProcessor : Loading config from cache: C:\Users\White\AppData\Local\Temp\91cc4d1c993c58dc354e34974b9cfeac.mpf_cache
2025-10-24 15:16:21,178 : INFO : ConfigProcessor : Loading config from cache: C:\Users\White\AppData\Local\Temp\f98ffc0ff5962effface7d86bc406d5c.mpf_cache
2025-10-24 15:16:21,178 : INFO : ConfigProcessor : Loading config from cache: C:\Users\White\AppData\Local\Temp\76792f1d686f89709887dba7bd69667a.mpf_cache
2025-10-24 15:16:21,179 : INFO : ConfigProcessor : Loading config from cache: C:\Users\White\AppData\Local\Temp\142bbae4707335cc8e3efaa4364c4893.mpf_cache
2025-10-24 15:16:21,179 : INFO : ConfigProcessor : Loading config from cache: C:\Users\White\AppData\Local\Temp\0f5f0ac41d1a2672d0d32cef2b12699e.mpf_cache
2025-10-24 15:16:21,180 : INFO : ConfigProcessor : Loading config from cache: C:\Users\White\AppData\Local\Temp\82e20c7c6490dd2e5fed726a3aa8d652.mpf_cache
2025-10-24 15:16:21,180 : INFO : ConfigProcessor : Loading config from cache: C:\Users\White\AppData\Local\Temp\359114d5ba2a6ad6c93d1559776bbb30.mpf_cache
2025-10-24 15:16:21,182 : INFO : ConfigProcessor : Loading config from cache: C:\Users\White\AppData\Local\Temp\d421369d6df802e4e6f8aa58f446b1a6.mpf_cache
2025-10-24 15:16:21,183 : INFO : ConfigProcessor : Loading config from cache: C:\Users\White\AppData\Local\Temp\310aa541ce6545037d37da470e7bd790.mpf_cache
2025-10-24 15:16:21,186 : INFO : ConfigProcessor : Loading config from cache: C:\Users\White\AppData\Local\Temp\2151caa0419aeb1e56d3d8934477383e.mpf_cache
2025-10-24 15:16:21,188 : INFO : ConfigProcessor : Loading config from cache: C:\Users\White\AppData\Local\Temp\17003635873251b4f6841bf4ab3bdcdd.mpf_cache
2025-10-24 15:16:21,189 : INFO : ConfigProcessor : Loading config from cache: C:\Users\White\AppData\Local\Temp\f70c640a816343cb9040222d7a9269d3.mpf_cache
2025-10-24 15:16:21,190 : INFO : ConfigProcessor : Loading config from cache: C:\Users\White\AppData\Local\Temp\30922048be1d0c17ea15fc75f7fbfe10.mpf_cache
2025-10-24 15:16:21,192 : INFO : ConfigProcessor : Loading config from cache: C:\Users\White\AppData\Local\Temp\58d7809d3d969de03aaf131fc45863f8.mpf_cache
2025-10-24 15:16:21,193 : INFO : ConfigProcessor : Loading config from cache: C:\Users\White\AppData\Local\Temp\d380fa2863f93e197660f0281ffd272b.mpf_cache
2025-10-24 15:16:21,194 : INFO : Machine : Mission Pinball Framework Core Engine v0.80.0.dev9
2025-10-24 15:16:21,194 : INFO : Machine : Command line arguments: {'no_load_cache': False, 'create_config_cache': True, 'bcp': True, 'configfile': ['config.yaml'], 'force_assets_load': False, 'platform_integration_test': False, 'jsonlogging': False, 'logfile': 'logs\\2025-10-24-15-16-21-mpf-TopGunPinball.log', 'pause': False, 'production': False, 'text_ui': False, 'loglevel': 15, 'consoleloglevel': 20, 'force_platform': 'virtual', 'syslog_address': None, 'full_logfile_path': 'C:\\Users\\White\\Documents\\Top_Gun_Pinball\\logs\\2025-10-24-15-16-21-mpf-TopGunPinball.log'}
2025-10-24 15:16:21,194 : INFO : Machine : MPF path: C:\Users\White\mpf\Lib\site-packages\mpf
2025-10-24 15:16:21,194 : INFO : Machine : Machine path: C:\Users\White\Documents\Top_Gun_Pinball
2025-10-24 15:16:21,194 : INFO : Machine : Platform: win32
2025-10-24 15:16:21,194 : INFO : Machine : Python executable location: C:\Users\White\mpf\Scripts\python.exe
2025-10-24 15:16:21,194 : INFO : Machine : Python version: 3.12.7 (64-bit)
2025-10-24 15:16:21,197 : INFO : Machine : Initializing MPF...
2025-10-24 15:16:21,290 : INFO : EventManager : Event: ======'machine_var_credits_string'====== Args={'value': 'FREE PLAY', 'prev_value': None, 'change': True}
2025-10-24 15:16:21,320 : INFO : EventManager : Event: ======'machine_var_master_volume'====== Args={'value': 0.5, 'prev_value': None, 'change': True}
2025-10-24 15:16:21,320 : INFO : EventManager : Event: ======'machine_var_player1_score'====== Args={'value': 2229000, 'prev_value': None, 'change': True}
2025-10-24 15:16:21,320 : INFO : EventManager : Event: ======'machine_var_mpf_version'====== Args={'value': 'Mission Pinball Framework v0.80.0.dev9', 'prev_value': None, 'change': True}
2025-10-24 15:16:21,320 : INFO : EventManager : Event: ======'machine_var_mpf_extended_version'====== Args={'value': 'Mission Pinball Framework v0.80.0.dev9, Config version:6, Show version: 6, BCP version:1.1', 'prev_value': None, 'change': True}
2025-10-24 15:16:21,321 : INFO : EventManager : Event: ======'machine_var_python_version'====== Args={'value': '3.12.7', 'prev_value': None, 'change': True}
2025-10-24 15:16:21,473 : INFO : EventManager : Event: ======'machine_var_platform'====== Args={'value': 'Windows-11-10.0.26100-SP0', 'prev_value': None, 'change': True}
2025-10-24 15:16:21,473 : INFO : EventManager : Event: ======'machine_var_platform_system'====== Args={'value': 'Windows', 'prev_value': None, 'change': True}
2025-10-24 15:16:21,473 : INFO : EventManager : Event: ======'machine_var_platform_release'====== Args={'value': '11', 'prev_value': None, 'change': True}
2025-10-24 15:16:21,473 : INFO : EventManager : Event: ======'machine_var_platform_version'====== Args={'value': '10.0.26100', 'prev_value': None, 'change': True}
2025-10-24 15:16:21,473 : INFO : EventManager : Event: ======'machine_var_platform_machine'====== Args={'value': 'AMD64', 'prev_value': None, 'change': True}
2025-10-24 15:16:21,474 : INFO : EventManager : Event: ======'machine_var_log_file_path'====== Args={'value': 'C:\\Users\\White\\Documents\\Top_Gun_Pinball\\logs\\2025-10-24-15-16-21-mpf-TopGunPinball.log', 'prev_value': None, 'change': True}
2025-10-24 15:16:21,474 : INFO : EventManager : Event: ======'init_phase_1'====== Args={}
2025-10-24 15:16:21,517 : INFO : EventManager : Event: ======'init_phase_2'====== Args={}
2025-10-24 15:16:21,518 : INFO : SwitchController : Found active switch: ('playfield_board_lower-3208-0', <Platform.Virtual>) <switch.s_trough_1>
2025-10-24 15:16:21,518 : INFO : SwitchController : Found active switch: ('playfield_board_lower-3208-1', <Platform.Virtual>) <switch.s_trough_2>
2025-10-24 15:16:21,518 : INFO : SwitchController : Found active switch: ('playfield_board_lower-3208-2', <Platform.Virtual>) <switch.s_trough_3>
2025-10-24 15:16:21,518 : INFO : SwitchController : Found active switch: ('playfield_board_lower-3208-3', <Platform.Virtual>) <switch.s_trough_4>
2025-10-24 15:16:21,518 : INFO : SwitchController : Found active switch: ('playfield_board_lower-3208-4', <Platform.Virtual>) <switch.s_trough_5>
2025-10-24 15:16:21,518 : INFO : SwitchController : Found active switch: ('playfield_board_lower-3208-5', <Platform.Virtual>) <switch.s_trough_6>
2025-10-24 15:16:21,523 : INFO : EventManager : Event: ======'bcp_connection_attempt'====== Args={'name': 'local_display', 'host': 'localhost', 'port': 5050}
2025-10-24 15:16:21,525 : INFO : BCPClientSocket : Connecting BCP to 'local_display' at localhost:5050...
2025-10-24 15:16:21,536 : INFO : BCPClientSocket : Connected BCP to 'local_display' localhost:5050
2025-10-24 15:16:21,537 : INFO : EventManager : Event: ======'bcp_clients_connected'====== Args={}
2025-10-24 15:16:21,537 : INFO : ball_device.bd_plunger : BCH: Initial count: 0
2025-10-24 15:16:21,537 : INFO : ball_device.bd_plunger : State: idle
2025-10-24 15:16:21,538 : INFO : ball_device.bd_trough : BCH: Initial count: 6
2025-10-24 15:16:21,538 : INFO : ball_device.bd_trough : State: idle
2025-10-24 15:16:21,538 : INFO : ball_device.bd_lock_elevator : BCH: Initial count: 0
2025-10-24 15:16:21,538 : INFO : ball_device.bd_lock_elevator : State: idle
2025-10-24 15:16:21,538 : INFO : ball_device.bd_mode_scoop : BCH: Initial count: 0
2025-10-24 15:16:21,538 : INFO : ball_device.bd_mode_scoop : State: idle
2025-10-24 15:16:21,564 : INFO : EventManager : Event: ======'init_phase_3'====== Args={}
2025-10-24 15:16:22,102 : INFO : EventManager : Event: ======'init_phase_4'====== Args={}
2025-10-24 15:16:22,102 : INFO : BallController : Initial balls found: 6
2025-10-24 15:16:22,104 : INFO : EventManager : Event: ======'machine_var_audits_events_game_ended'====== Args={'value': 2, 'prev_value': None, 'change': True}
2025-10-24 15:16:22,104 : INFO : EventManager : Event: ======'machine_var_audits_events_game_started'====== Args={'value': 208, 'prev_value': None, 'change': True}
2025-10-24 15:16:22,104 : INFO : EventManager : Event: ======'machine_var_audits_missing_switches_s_a_iceman_target'====== Args={'value': 74, 'prev_value': None, 'change': True}
2025-10-24 15:16:22,104 : INFO : EventManager : Event: ======'machine_var_audits_missing_switches_s_barrier_target'====== Args={'value': 92, 'prev_value': None, 'change': True}
2025-10-24 15:16:22,104 : INFO : EventManager : Event: ======'machine_var_audits_missing_switches_s_bumper_center'====== Args={'value': 1, 'prev_value': None, 'change': True}
2025-10-24 15:16:22,104 : INFO : EventManager : Event: ======'machine_var_audits_missing_switches_s_bumper_right'====== Args={'value': 1, 'prev_value': None, 'change': True}
2025-10-24 15:16:22,104 : INFO : EventManager : Event: ======'machine_var_audits_missing_switches_s_c_iceman_target'====== Args={'value': 42, 'prev_value': None, 'change': True}
2025-10-24 15:16:22,104 : INFO : EventManager : Event: ======'machine_var_audits_missing_switches_s_c_lock_target'====== Args={'value': 92, 'prev_value': None, 'change': True}
2025-10-24 15:16:22,105 : INFO : EventManager : Event: ======'machine_var_audits_missing_switches_s_coin_door'====== Args={'value': 95, 'prev_value': None, 'change': True}
2025-10-24 15:16:22,105 : INFO : EventManager : Event: ======'machine_var_audits_missing_switches_s_coin_door_credit_left'====== Args={'value': 2, 'prev_value': None, 'change': True}
2025-10-24 15:16:22,105 : INFO : EventManager : Event: ======'machine_var_audits_missing_switches_s_coin_door_credit_right'====== Args={'value': 2, 'prev_value': None, 'change': True}
2025-10-24 15:16:22,105 : INFO : EventManager : Event: ======'machine_var_audits_missing_switches_s_coin_door_service_1'====== Args={'value': 95, 'prev_value': None, 'change': True}
2025-10-24 15:16:22,105 : INFO : EventManager : Event: ======'machine_var_audits_missing_switches_s_coin_door_service_2'====== Args={'value': 95, 'prev_value': None, 'change': True}
2025-10-24 15:16:22,105 : INFO : EventManager : Event: ======'machine_var_audits_missing_switches_s_coin_door_service_3'====== Args={'value': 95, 'prev_value': None, 'change': True}
2025-10-24 15:16:22,105 : INFO : EventManager : Event: ======'machine_var_audits_missing_switches_s_coin_door_service_4'====== Args={'value': 95, 'prev_value': None, 'change': True}
2025-10-24 15:16:22,105 : INFO : EventManager : Event: ======'machine_var_audits_missing_switches_s_e_iceman_target'====== Args={'value': 42, 'prev_value': None, 'change': True}
2025-10-24 15:16:22,105 : INFO : EventManager : Event: ======'machine_var_audits_missing_switches_s_flight_gear_target'====== Args={'value': 92, 'prev_value': None, 'change': True}
2025-10-24 15:16:22,105 : INFO : EventManager : Event: ======'machine_var_audits_missing_switches_s_flipper_left'====== Args={'value': 153, 'prev_value': None, 'change': True}
2025-10-24 15:16:22,105 : INFO : EventManager : Event: ======'machine_var_audits_missing_switches_s_flipper_left_eos'====== Args={'value': 155, 'prev_value': None, 'change': True}
2025-10-24 15:16:22,105 : INFO : EventManager : Event: ======'machine_var_audits_missing_switches_s_flipper_left_upper'====== Args={'value': 157, 'prev_value': None, 'change': True}
2025-10-24 15:16:22,105 : INFO : EventManager : Event: ======'machine_var_audits_missing_switches_s_flipper_left_upper_eos'====== Args={'value': 155, 'prev_value': None, 'change': True}
2025-10-24 15:16:22,106 : INFO : EventManager : Event: ======'machine_var_audits_missing_switches_s_flipper_right'====== Args={'value': 91, 'prev_value': None, 'change': True}
2025-10-24 15:16:22,106 : INFO : EventManager : Event: ======'machine_var_audits_missing_switches_s_flipper_right_eos'====== Args={'value': 155, 'prev_value': None, 'change': True}
2025-10-24 15:16:22,106 : INFO : EventManager : Event: ======'machine_var_audits_missing_switches_s_i_iceman_target'====== Args={'value': 42, 'prev_value': None, 'change': True}
2025-10-24 15:16:22,106 : INFO : EventManager : Event: ======'machine_var_audits_missing_switches_s_inlane_left'====== Args={'value': 88, 'prev_value': None, 'change': True}
2025-10-24 15:16:22,106 : INFO : EventManager : Event: ======'machine_var_audits_missing_switches_s_inner_inlane_right'====== Args={'value': 92, 'prev_value': None, 'change': True}
2025-10-24 15:16:22,106 : INFO : EventManager : Event: ======'machine_var_audits_missing_switches_s_jam'====== Args={'value': 94, 'prev_value': None, 'change': True}
2025-10-24 15:16:22,106 : INFO : EventManager : Event: ======'machine_var_audits_missing_switches_s_k_lock_target'====== Args={'value': 92, 'prev_value': None, 'change': True}
2025-10-24 15:16:22,106 : INFO : EventManager : Event: ======'machine_var_audits_missing_switches_s_l_lock_target'====== Args={'value': 92, 'prev_value': None, 'change': True}
2025-10-24 15:16:22,106 : INFO : EventManager : Event: ======'machine_var_audits_missing_switches_s_lane_left'====== Args={'value': 207, 'prev_value': None, 'change': True}
2025-10-24 15:16:22,106 : INFO : EventManager : Event: ======'machine_var_audits_missing_switches_s_lane_right'====== Args={'value': 1, 'prev_value': None, 'change': True}
2025-10-24 15:16:22,106 : INFO : EventManager : Event: ======'machine_var_audits_missing_switches_s_lock_goose'====== Args={'value': 157, 'prev_value': None, 'change': True}
2025-10-24 15:16:22,106 : INFO : EventManager : Event: ======'machine_var_audits_missing_switches_s_lock_mav'====== Args={'value': 157, 'prev_value': None, 'change': True}
2025-10-24 15:16:22,106 : INFO : EventManager : Event: ======'machine_var_audits_missing_switches_s_lock_plunger'====== Args={'value': 42, 'prev_value': None, 'change': True}
2025-10-24 15:16:22,106 : INFO : EventManager : Event: ======'machine_var_audits_missing_switches_s_m_iceman_target'====== Args={'value': 82, 'prev_value': None, 'change': True}
2025-10-24 15:16:22,106 : INFO : EventManager : Event: ======'machine_var_audits_missing_switches_s_mig_lane_right'====== Args={'value': 1, 'prev_value': None, 'change': True}
2025-10-24 15:16:22,107 : INFO : EventManager : Event: ======'machine_var_audits_missing_switches_s_mode_start'====== Args={'value': 157, 'prev_value': None, 'change': True}
2025-10-24 15:16:22,107 : INFO : EventManager : Event: ======'machine_var_audits_missing_switches_s_n_iceman_target'====== Args={'value': 51, 'prev_value': None, 'change': True}
2025-10-24 15:16:22,107 : INFO : EventManager : Event: ======'machine_var_audits_missing_switches_s_o_lock_target'====== Args={'value': 92, 'prev_value': None, 'change': True}
2025-10-24 15:16:22,107 : INFO : EventManager : Event: ======'machine_var_audits_missing_switches_s_orbit_lower'====== Args={'value': 30, 'prev_value': None, 'change': True}
2025-10-24 15:16:22,107 : INFO : EventManager : Event: ======'machine_var_audits_missing_switches_s_orbit_right'====== Args={'value': 42, 'prev_value': None, 'change': True}
2025-10-24 15:16:22,107 : INFO : EventManager : Event: ======'machine_var_audits_missing_switches_s_orbit_upper'====== Args={'value': 1, 'prev_value': None, 'change': True}
2025-10-24 15:16:22,107 : INFO : EventManager : Event: ======'machine_var_audits_missing_switches_s_outer_inlane_right'====== Args={'value': 90, 'prev_value': None, 'change': True}
2025-10-24 15:16:22,107 : INFO : EventManager : Event: ======'machine_var_audits_missing_switches_s_outlane_left'====== Args={'value': 157, 'prev_value': None, 'change': True}
2025-10-24 15:16:22,107 : INFO : EventManager : Event: ======'machine_var_audits_missing_switches_s_outlane_right'====== Args={'value': 94, 'prev_value': None, 'change': True}
2025-10-24 15:16:22,107 : INFO : EventManager : Event: ======'machine_var_audits_missing_switches_s_plunger_lane'====== Args={'value': 10, 'prev_value': None, 'change': True}
2025-10-24 15:16:22,107 : INFO : EventManager : Event: ======'machine_var_audits_missing_switches_s_ramp_inner_exit'====== Args={'value': 2, 'prev_value': None, 'change': True}
2025-10-24 15:16:22,107 : INFO : EventManager : Event: ======'machine_var_audits_missing_switches_s_ramp_left_exit'====== Args={'value': 157, 'prev_value': None, 'change': True}
2025-10-24 15:16:22,107 : INFO : EventManager : Event: ======'machine_var_audits_missing_switches_s_ramp_right_exit'====== Args={'value': 157, 'prev_value': None, 'change': True}
2025-10-24 15:16:22,107 : INFO : EventManager : Event: ======'machine_var_audits_missing_switches_s_ramp_tower_exit'====== Args={'value': 157, 'prev_value': None, 'change': True}
2025-10-24 15:16:22,107 : INFO : EventManager : Event: ======'machine_var_audits_missing_switches_s_slingshot_left'====== Args={'value': 92, 'prev_value': None, 'change': True}
2025-10-24 15:16:22,107 : INFO : EventManager : Event: ======'machine_var_audits_missing_switches_s_slingshot_right'====== Args={'value': 92, 'prev_value': None, 'change': True}
2025-10-24 15:16:22,107 : INFO : EventManager : Event: ======'machine_var_audits_missing_switches_s_start'====== Args={'value': 1, 'prev_value': None, 'change': True}
2025-10-24 15:16:22,108 : INFO : EventManager : Event: ======'machine_var_audits_missing_switches_s_tilt'====== Args={'value': 95, 'prev_value': None, 'change': True}
2025-10-24 15:16:22,108 : INFO : EventManager : Event: ======'machine_var_audits_missing_switches_s_trough_1'====== Args={'value': 133, 'prev_value': None, 'change': True}
2025-10-24 15:16:22,108 : INFO : EventManager : Event: ======'machine_var_audits_missing_switches_s_trough_2'====== Args={'value': 133, 'prev_value': None, 'change': True}
2025-10-24 15:16:22,108 : INFO : EventManager : Event: ======'machine_var_audits_missing_switches_s_trough_3'====== Args={'value': 133, 'prev_value': None, 'change': True}
2025-10-24 15:16:22,108 : INFO : EventManager : Event: ======'machine_var_audits_missing_switches_s_trough_4'====== Args={'value': 208, 'prev_value': None, 'change': True}
2025-10-24 15:16:22,108 : INFO : EventManager : Event: ======'machine_var_audits_missing_switches_s_trough_5'====== Args={'value': 208, 'prev_value': None, 'change': True}
2025-10-24 15:16:22,108 : INFO : EventManager : Event: ======'machine_var_audits_missing_switches_s_trough_6'====== Args={'value': 1, 'prev_value': None, 'change': True}
2025-10-24 15:16:22,108 : INFO : EventManager : Event: ======'machine_var_audits_player_score'====== Args={'value': {'average': 787666, 'top': [2229000, 73000, 61000], 'total': 3}, 'prev_value': None, 'change': True}
2025-10-24 15:16:22,108 : INFO : EventManager : Event: ======'machine_var_audits_shots_bumper_center'====== Args={'value': 498, 'prev_value': None, 'change': True}
2025-10-24 15:16:22,108 : INFO : EventManager : Event: ======'machine_var_audits_shots_bumper_left'====== Args={'value': 515, 'prev_value': None, 'change': True}
2025-10-24 15:16:22,108 : INFO : EventManager : Event: ======'machine_var_audits_shots_bumper_right'====== Args={'value': 369, 'prev_value': None, 'change': True}
2025-10-24 15:16:22,108 : INFO : EventManager : Event: ======'machine_var_audits_shots_mig_lane_left'====== Args={'value': 58, 'prev_value': None, 'change': True}
2025-10-24 15:16:22,108 : INFO : EventManager : Event: ======'machine_var_audits_shots_mig_lane_right'====== Args={'value': 8, 'prev_value': None, 'change': True}
2025-10-24 15:16:22,108 : INFO : EventManager : Event: ======'machine_var_audits_shots_orbit_upper'====== Args={'value': 13, 'prev_value': None, 'change': True}
2025-10-24 15:16:22,108 : INFO : EventManager : Event: ======'machine_var_audits_shots_ramp_inner'====== Args={'value': 35, 'prev_value': None, 'change': True}
2025-10-24 15:16:22,108 : INFO : EventManager : Event: ======'machine_var_audits_shots_spinner'====== Args={'value': 4, 'prev_value': None, 'change': True}
2025-10-24 15:16:22,108 : INFO : EventManager : Event: ======'machine_var_audits_switches_s_a_iceman_target'====== Args={'value': 25, 'prev_value': None, 'change': True}
2025-10-24 15:16:22,108 : INFO : EventManager : Event: ======'machine_var_audits_switches_s_barrier_target'====== Args={'value': 6, 'prev_value': None, 'change': True}
2025-10-24 15:16:22,108 : INFO : EventManager : Event: ======'machine_var_audits_switches_s_bumper_center'====== Args={'value': 518, 'prev_value': None, 'change': True}
2025-10-24 15:16:22,108 : INFO : EventManager : Event: ======'machine_var_audits_switches_s_bumper_left'====== Args={'value': 546, 'prev_value': None, 'change': True}
2025-10-24 15:16:22,108 : INFO : EventManager : Event: ======'machine_var_audits_switches_s_bumper_right'====== Args={'value': 375, 'prev_value': None, 'change': True}
2025-10-24 15:16:22,108 : INFO : EventManager : Event: ======'machine_var_audits_switches_s_c_iceman_target'====== Args={'value': 41, 'prev_value': None, 'change': True}
2025-10-24 15:16:22,108 : INFO : EventManager : Event: ======'machine_var_audits_switches_s_c_lock_target'====== Args={'value': 4, 'prev_value': None, 'change': True}
2025-10-24 15:16:22,108 : INFO : EventManager : Event: ======'machine_var_audits_switches_s_coin_door'====== Args={'value': 0, 'prev_value': None, 'change': True}
2025-10-24 15:16:22,108 : INFO : EventManager : Event: ======'machine_var_audits_switches_s_coin_door_credit_left'====== Args={'value': 0, 'prev_value': None, 'change': True}
2025-10-24 15:16:22,108 : INFO : EventManager : Event: ======'machine_var_audits_switches_s_coin_door_credit_right'====== Args={'value': 0, 'prev_value': None, 'change': True}
2025-10-24 15:16:22,108 : INFO : EventManager : Event: ======'machine_var_audits_switches_s_coin_door_service_1'====== Args={'value': 0, 'prev_value': None, 'change': True}
2025-10-24 15:16:22,108 : INFO : EventManager : Event: ======'machine_var_audits_switches_s_coin_door_service_2'====== Args={'value': 0, 'prev_value': None, 'change': True}
2025-10-24 15:16:22,108 : INFO : EventManager : Event: ======'machine_var_audits_switches_s_coin_door_service_3'====== Args={'value': 0, 'prev_value': None, 'change': True}
2025-10-24 15:16:22,110 : INFO : EventManager : Event: ======'machine_var_audits_switches_s_coin_door_service_4'====== Args={'value': 0, 'prev_value': None, 'change': True}
2025-10-24 15:16:22,110 : INFO : EventManager : Event: ======'machine_var_audits_switches_s_e_iceman_target'====== Args={'value': 45, 'prev_value': None, 'change': True}
2025-10-24 15:16:22,110 : INFO : EventManager : Event: ======'machine_var_audits_switches_s_flight_gear_target'====== Args={'value': 6, 'prev_value': None, 'change': True}
2025-10-24 15:16:22,110 : INFO : EventManager : Event: ======'machine_var_audits_switches_s_flipper_left'====== Args={'value': 9, 'prev_value': None, 'change': True}
2025-10-24 15:16:22,110 : INFO : EventManager : Event: ======'machine_var_audits_switches_s_flipper_left_eos'====== Args={'value': 0, 'prev_value': None, 'change': True}
2025-10-24 15:16:22,110 : INFO : EventManager : Event: ======'machine_var_audits_switches_s_flipper_left_upper'====== Args={'value': 0, 'prev_value': None, 'change': True}
2025-10-24 15:16:22,110 : INFO : EventManager : Event: ======'machine_var_audits_switches_s_flipper_left_upper_eos'====== Args={'value': 0, 'prev_value': None, 'change': True}
2025-10-24 15:16:22,110 : INFO : EventManager : Event: ======'machine_var_audits_switches_s_flipper_right'====== Args={'value': 17, 'prev_value': None, 'change': True}
2025-10-24 15:16:22,110 : INFO : EventManager : Event: ======'machine_var_audits_switches_s_flipper_right_eos'====== Args={'value': 0, 'prev_value': None, 'change': True}
2025-10-24 15:16:22,110 : INFO : EventManager : Event: ======'machine_var_audits_switches_s_i_iceman_target'====== Args={'value': 8, 'prev_value': None, 'change': True}
2025-10-24 15:16:22,110 : INFO : EventManager : Event: ======'machine_var_audits_switches_s_inlane_left'====== Args={'value': 53, 'prev_value': None, 'change': True}
2025-10-24 15:16:22,110 : INFO : EventManager : Event: ======'machine_var_audits_switches_s_inner_inlane_right'====== Args={'value': 3, 'prev_value': None, 'change': True}
2025-10-24 15:16:22,110 : INFO : EventManager : Event: ======'machine_var_audits_switches_s_jam'====== Args={'value': 1, 'prev_value': None, 'change': True}
2025-10-24 15:16:22,110 : INFO : EventManager : Event: ======'machine_var_audits_switches_s_k_lock_target'====== Args={'value': 5, 'prev_value': None, 'change': True}
2025-10-24 15:16:22,110 : INFO : EventManager : Event: ======'machine_var_audits_switches_s_l_lock_target'====== Args={'value': 5, 'prev_value': None, 'change': True}
2025-10-24 15:16:22,110 : INFO : EventManager : Event: ======'machine_var_audits_switches_s_lane_left'====== Args={'value': 1, 'prev_value': None, 'change': True}
2025-10-24 15:16:22,110 : INFO : EventManager : Event: ======'machine_var_audits_switches_s_lane_right'====== Args={'value': 86, 'prev_value': None, 'change': True}
2025-10-24 15:16:22,110 : INFO : EventManager : Event: ======'machine_var_audits_switches_s_lock_goose'====== Args={'value': 0, 'prev_value': None, 'change': True}
2025-10-24 15:16:22,110 : INFO : EventManager : Event: ======'machine_var_audits_switches_s_lock_mav'====== Args={'value': 0, 'prev_value': None, 'change': True}
2025-10-24 15:16:22,110 : INFO : EventManager : Event: ======'machine_var_audits_switches_s_lock_plunger'====== Args={'value': 1, 'prev_value': None, 'change': True}
2025-10-24 15:16:22,110 : INFO : EventManager : Event: ======'machine_var_audits_switches_s_m_iceman_target'====== Args={'value': 25, 'prev_value': None, 'change': True}
2025-10-24 15:16:22,110 : INFO : EventManager : Event: ======'machine_var_audits_switches_s_mig_lane_left'====== Args={'value': 86, 'prev_value': None, 'change': True}
2025-10-24 15:16:22,110 : INFO : EventManager : Event: ======'machine_var_audits_switches_s_mig_lane_right'====== Args={'value': 11, 'prev_value': None, 'change': True}
2025-10-24 15:16:22,111 : INFO : EventManager : Event: ======'machine_var_audits_switches_s_mode_start'====== Args={'value': 0, 'prev_value': None, 'change': True}
2025-10-24 15:16:22,111 : INFO : EventManager : Event: ======'machine_var_audits_switches_s_n_iceman_target'====== Args={'value': 34, 'prev_value': None, 'change': True}
2025-10-24 15:16:22,111 : INFO : EventManager : Event: ======'machine_var_audits_switches_s_o_lock_target'====== Args={'value': 5, 'prev_value': None, 'change': True}
2025-10-24 15:16:22,111 : INFO : EventManager : Event: ======'machine_var_audits_switches_s_orbit_left'====== Args={'value': 15, 'prev_value': None, 'change': True}
2025-10-24 15:16:22,111 : INFO : EventManager : Event: ======'machine_var_audits_switches_s_orbit_lower'====== Args={'value': 1, 'prev_value': None, 'change': True}
2025-10-24 15:16:22,111 : INFO : EventManager : Event: ======'machine_var_audits_switches_s_orbit_right'====== Args={'value': 14, 'prev_value': None, 'change': True}
2025-10-24 15:16:22,111 : INFO : EventManager : Event: ======'machine_var_audits_switches_s_orbit_upper'====== Args={'value': 14, 'prev_value': None, 'change': True}
2025-10-24 15:16:22,111 : INFO : EventManager : Event: ======'machine_var_audits_switches_s_outer_inlane_right'====== Args={'value': 5, 'prev_value': None, 'change': True}
2025-10-24 15:16:22,111 : INFO : EventManager : Event: ======'machine_var_audits_switches_s_outlane_left'====== Args={'value': 0, 'prev_value': None, 'change': True}
2025-10-24 15:16:22,111 : INFO : EventManager : Event: ======'machine_var_audits_switches_s_outlane_right'====== Args={'value': 4, 'prev_value': None, 'change': True}
2025-10-24 15:16:22,111 : INFO : EventManager : Event: ======'machine_var_audits_switches_s_plunger_lane'====== Args={'value': 46, 'prev_value': None, 'change': True}
2025-10-24 15:16:22,111 : INFO : EventManager : Event: ======'machine_var_audits_switches_s_ramp_inner_exit'====== Args={'value': 37, 'prev_value': None, 'change': True}
2025-10-24 15:16:22,111 : INFO : EventManager : Event: ======'machine_var_audits_switches_s_ramp_left_exit'====== Args={'value': 0, 'prev_value': None, 'change': True}
2025-10-24 15:16:22,111 : INFO : EventManager : Event: ======'machine_var_audits_switches_s_ramp_right_exit'====== Args={'value': 0, 'prev_value': None, 'change': True}
2025-10-24 15:16:22,111 : INFO : EventManager : Event: ======'machine_var_audits_switches_s_ramp_tower_exit'====== Args={'value': 0, 'prev_value': None, 'change': True}
2025-10-24 15:16:22,111 : INFO : EventManager : Event: ======'machine_var_audits_switches_s_shooter_lane'====== Args={'value': 142, 'prev_value': None, 'change': True}
2025-10-24 15:16:22,111 : INFO : EventManager : Event: ======'machine_var_audits_switches_s_slingshot_left'====== Args={'value': 8, 'prev_value': None, 'change': True}
2025-10-24 15:16:22,111 : INFO : EventManager : Event: ======'machine_var_audits_switches_s_slingshot_right'====== Args={'value': 7, 'prev_value': None, 'change': True}
2025-10-24 15:16:22,111 : INFO : EventManager : Event: ======'machine_var_audits_switches_s_spinner'====== Args={'value': 7, 'prev_value': None, 'change': True}
2025-10-24 15:16:22,111 : INFO : EventManager : Event: ======'machine_var_audits_switches_s_start'====== Args={'value': 152, 'prev_value': None, 'change': True}
2025-10-24 15:16:22,111 : INFO : EventManager : Event: ======'machine_var_audits_switches_s_tilt'====== Args={'value': 0, 'prev_value': None, 'change': True}
2025-10-24 15:16:22,111 : INFO : EventManager : Event: ======'machine_var_audits_switches_s_trough_1'====== Args={'value': 2, 'prev_value': None, 'change': True}
2025-10-24 15:16:22,111 : INFO : EventManager : Event: ======'machine_var_audits_switches_s_trough_2'====== Args={'value': 1, 'prev_value': None, 'change': True}
2025-10-24 15:16:22,112 : INFO : EventManager : Event: ======'machine_var_audits_switches_s_trough_3'====== Args={'value': 1, 'prev_value': None, 'change': True}
2025-10-24 15:16:22,112 : INFO : EventManager : Event: ======'machine_var_audits_switches_s_trough_4'====== Args={'value': 0, 'prev_value': None, 'change': True}
2025-10-24 15:16:22,112 : INFO : EventManager : Event: ======'machine_var_audits_switches_s_trough_5'====== Args={'value': 0, 'prev_value': None, 'change': True}
2025-10-24 15:16:22,112 : INFO : EventManager : Event: ======'machine_var_audits_switches_s_trough_6'====== Args={'value': 120, 'prev_value': None, 'change': True}
2025-10-24 15:16:22,112 : INFO : EventManager : Event: ======'init_phase_5'====== Args={}
2025-10-24 15:16:22,112 : INFO : EventManager : Event: ======'init_done'====== Args={}
2025-10-24 15:16:22,112 : INFO : EventManager : Event: ======'machine_reset_phase_1'====== Args={}
2025-10-24 15:16:22,123 : INFO : EventManager : Event: ======'machine_reset_phase_2'====== Args={}
2025-10-24 15:16:22,123 : INFO : EventManager : Event: ======'machine_reset_phase_3'====== Args={}
2025-10-24 15:16:22,123 : INFO : EventManager : Event: ======'reset_complete'====== Args={}
2025-10-24 15:16:22,123 : INFO : EventManager : Event: ======'mode_attract_will_start'====== Args={}
2025-10-24 15:16:22,123 : INFO : Timer.attract_carousel_timer : Starting Timer.
2025-10-24 15:16:22,124 : INFO : EventManager : Event: ======'timer_attract_carousel_timer_started'====== Args={'ticks': 0, 'ticks_remaining': 1}
2025-10-24 15:16:22,124 : INFO : EventManager : Event: ======'timer_attract_carousel_timer_tick'====== Args={'ticks': 0, 'ticks_remaining': 1}
2025-10-24 15:16:22,125 : INFO : EventManager : Event: ======'mode_attract_starting'====== Args={}
2025-10-24 15:16:22,125 : INFO : Mode.attract : Started. Priority: 10
2025-10-24 15:16:22,125 : INFO : EventManager : Event: ======'modes_active_modes_changed'====== Args={}
2025-10-24 15:16:22,125 : INFO : EventManager : Event: ======'mode_attract_started'====== Args={}
2025-10-24 15:16:22,125 : INFO : EventManager : Event: ======'attract_cycle_step1'====== Args={'priority': 0}
2025-10-24 15:16:22,125 : INFO : EventManager : Event: ======'collecting_balls_complete'====== Args={}
2025-10-24 15:16:22,126 : INFO : EventManager : Event: ======'item_highlighted'====== Args={'carousel': 'attract', 'direction': None, 'item': 'title'}
2025-10-24 15:16:22,126 : INFO : EventManager : Event: ======'timer_attract_carousel_timer_tick'====== Args={'ticks': 0, 'ticks_remaining': 1}
2025-10-24 15:16:22,126 : INFO : Machine : Starting the main run loop with active modes: [<Mode.attract>]
2025-10-24 15:16:22,201 : INFO : EventManager : Event: ======'slide_attract_created'====== Args={'_from_bcp': True}
2025-10-24 15:16:22,201 : INFO : EventManager : Event: ======'slide__removed'====== Args={'_from_bcp': True}
2025-10-24 15:16:22,201 : INFO : EventManager : Event: ======'slide_attract_active'====== Args={'original_context': 'attract', 'original_calling_context': 'mode_attract_started', 'priority': 10.0, 'cmd': 'slides_play', '_from_bcp': True}
2025-10-24 15:16:22,280 : INFO : BcpServer : New client connected.
2025-10-24 15:16:28,179 : INFO : SwitchController : <<<<<<< 's_start' active >>>>>>>
2025-10-24 15:16:28,295 : INFO : SwitchController : <<<<<<< 's_start' inactive >>>>>>>
2025-10-24 15:16:28,295 : INFO : EventManager : Event: ======'request_to_start_game'====== Args={}
2025-10-24 15:16:28,297 : INFO : EventManager : Event: ======'game_start'====== Args={'buttons': [], 'hold_time': 0.10900000005494803}
2025-10-24 15:16:28,297 : INFO : EventManager : Event: ======'mode_game_will_start'====== Args={'buttons': [], 'hold_time': 0.10900000005494803}
2025-10-24 15:16:28,298 : INFO : EventManager : Event: ======'mode_game_starting'====== Args={'buttons': [], 'hold_time': 0.10900000005494803}
2025-10-24 15:16:28,298 : INFO : EventManager : Event: ======'mode_attract_will_stop'====== Args={}
2025-10-24 15:16:28,299 : INFO : EventManager : Event: ======'mode_attract_stopping'====== Args={}
2025-10-24 15:16:28,299 : INFO : Mode.game : Started. Priority: 20
2025-10-24 15:16:28,299 : INFO : EventManager : Event: ======'modes_active_modes_changed'====== Args={}
2025-10-24 15:16:28,299 : INFO : EventManager : Event: ======'mode_game_started'====== Args={'buttons': [], 'hold_time': 0.10900000005494803}
2025-10-24 15:16:28,300 : INFO : Mode.attract : Stopped.
2025-10-24 15:16:28,300 : INFO : EventManager : Event: ======'modes_active_modes_changed'====== Args={}
2025-10-24 15:16:28,300 : INFO : EventManager : Event: ======'mode_attract_stopped'====== Args={}
2025-10-24 15:16:28,300 : INFO : EventManager : Event: ======'clear'====== Args={'key': 'attract'}
2025-10-24 15:16:28,301 : INFO : Timer.attract_carousel_timer : Stopping Timer
2025-10-24 15:16:28,301 : INFO : EventManager : Event: ======'timer_attract_carousel_timer_stopped'====== Args={'ticks': 0, 'ticks_remaining': 1}
2025-10-24 15:16:28,301 : INFO : EventManager : Event: ======'game_will_start'====== Args={}
2025-10-24 15:16:28,302 : INFO : EventManager : Event: ======'game_starting'====== Args={'game': <Mode.game>}
2025-10-24 15:16:28,303 : INFO : EventManager : Unordered handler for class <Auditor> on event game_ended with priority 1. Handlers: [RegisteredHandler(callback=<bound method Auditor.disable of <Auditor>>, priority=1, kwargs={}, key=UUID('4c778ae6-5672-45b3-b84c-2df3d83bf8bc'), condition=None, blocking_facility=None), RegisteredHandler(callback=<bound method Auditor._save_audits of <Auditor>>, priority=1, kwargs={}, key=UUID('9f4d87cc-2833-4d5e-bfa1-d0cdea0466b6'), condition=None, blocking_facility=None)]. The order of those handlers is not defined and they will be executed in random order. This might lead to race conditions and potential bugs.
2025-10-24 15:16:28,303 : INFO : EventManager : Event: ======'player_add_request'====== Args={}
2025-10-24 15:16:28,304 : INFO : EventManager : Event: ======'player_will_add'====== Args={'number': 1}
2025-10-24 15:16:28,304 : INFO : EventManager : Event: ======'player_adding'====== Args={'player': <Player 1>, 'number': 1}
2025-10-24 15:16:28,304 : INFO : EventManager : Event: ======'player_added'====== Args={'player': <Player 1>, 'num': 1}
2025-10-24 15:16:28,304 : INFO : Mode.game : Player added successfully. Total players: 1
2025-10-24 15:16:28,305 : INFO : EventManager : Event: ======'player_index'====== Args={'value': 0, 'prev_value': 0, 'change': 0, 'player_num': 1}
2025-10-24 15:16:28,305 : INFO : EventManager : Event: ======'player_number'====== Args={'value': 1, 'prev_value': 1, 'change': 0, 'player_num': 1}
2025-10-24 15:16:28,305 : INFO : EventManager : Event: ======'player_score'====== Args={'value': 0, 'prev_value': 0, 'change': 0, 'player_num': 1}
2025-10-24 15:16:28,305 : INFO : EventManager : Event: ======'game_started'====== Args={}
2025-10-24 15:16:28,306 : INFO : EventManager : Event: ======'player_turn_will_start'====== Args={'player': <Player 1>, 'number': 1}
2025-10-24 15:16:28,307 : INFO : EventManager : Event: ======'player_turn_starting'====== Args={'player': <Player 1>, 'number': 1}
2025-10-24 15:16:28,307 : INFO : EventManager : Event: ======'player_ball'====== Args={'value': 1, 'prev_value': 0, 'change': 1, 'player_num': 1}
2025-10-24 15:16:28,308 : INFO : EventManager : Event: ======'player_turn_started'====== Args={'player': <Player 1>, 'number': 1}
2025-10-24 15:16:28,308 : INFO : EventManager : Event: ======'ui_player_1_up'====== Args={'priority': 0}
2025-10-24 15:16:28,315 : INFO : EventManager : Event: ======'ball_will_start'====== Args={'player': 1, 'ball': 1, 'balls_remaining': 2, 'is_extra_ball': False}
2025-10-24 15:16:28,317 : INFO : EventManager : Event: ======'ball_starting'====== Args={'player': 1, 'ball': 1, 'balls_remaining': 2, 'is_extra_ball': False}
2025-10-24 15:16:28,317 : INFO : EventManager : Event: ======'mode_base_will_start'====== Args={'queue': <QueuedEvent>, 'player': 1, 'ball': 1, 'balls_remaining': 2, 'is_extra_ball': False}
2025-10-24 15:16:28,319 : INFO : EventManager : Event: ======'mode_base_starting'====== Args={'queue': <QueuedEvent>, 'player': 1, 'ball': 1, 'balls_remaining': 2, 'is_extra_ball': False}
2025-10-24 15:16:28,320 : INFO : Mode.base : Started. Priority: 100
2025-10-24 15:16:28,320 : INFO : EventManager : Event: ======'modes_active_modes_changed'====== Args={}
2025-10-24 15:16:28,320 : INFO : EventManager : Event: ======'mode_base_started'====== Args={'queue': <QueuedEvent>, 'player': 1, 'ball': 1, 'balls_remaining': 2, 'is_extra_ball': False}
2025-10-24 15:16:28,321 : INFO : EventManager : Event: ======'start_mode_bumpers'====== Args={'priority': 0}
2025-10-24 15:16:28,321 : INFO : EventManager : Event: ======'mode_bumpers_will_start'====== Args={'priority': 0}
2025-10-24 15:16:28,321 : INFO : EventManager : Event: ======'player_shot_bumper_left_enabled'====== Args={'value': True, 'prev_value': 0, 'change': 1, 'player_num': 1}
2025-10-24 15:16:28,321 : INFO : EventManager : Event: ======'player_shot_bumper_center_enabled'====== Args={'value': True, 'prev_value': 0, 'change': 1, 'player_num': 1}
2025-10-24 15:16:28,322 : INFO : EventManager : Event: ======'player_shot_bumper_right_enabled'====== Args={'value': True, 'prev_value': 0, 'change': 1, 'player_num': 1}
2025-10-24 15:16:28,322 : INFO : EventManager : Event: ======'bumpers_complete'====== Args={'state': 'unlit'}
2025-10-24 15:16:28,322 : INFO : EventManager : Event: ======'bumpers_unlit_complete'====== Args={}
2025-10-24 15:16:28,323 : INFO : EventManager : Event: ======'mode_bumpers_starting'====== Args={'priority': 0}
2025-10-24 15:16:28,323 : INFO : Mode.bumpers : Started. Priority: 200
2025-10-24 15:16:28,323 : INFO : EventManager : Event: ======'modes_active_modes_changed'====== Args={}
2025-10-24 15:16:28,323 : INFO : EventManager : Event: ======'mode_bumpers_started'====== Args={'priority': 0}
2025-10-24 15:16:28,323 : INFO : EventManager : Event: ======'balls_in_play'====== Args={'balls': 1}
2025-10-24 15:16:28,324 : INFO : EventManager : Event: ======'ball_started'====== Args={'player': 1, 'ball': 1, 'balls_remaining': 2, 'is_extra_ball': False}
2025-10-24 15:16:28,324 : INFO : EventManager : Event: ======'single_player_ball_started'====== Args={}
2025-10-24 15:16:28,325 : INFO : EventManager : Event: ======'ball_start_target'====== Args={'target': 'playfield'}
2025-10-24 15:16:28,325 : INFO : ball_device.bd_plunger : Setting up player-controlled eject. Balls: 1, Target: <playfield.playfield>, player_controlled_eject_event: None
2025-10-24 15:16:28,326 : INFO : EventManager : Event: ======'balldevice_balls_available'====== Args={}
2025-10-24 15:16:28,327 : INFO : ball_device.bd_trough : State: waiting_for_target_ready
2025-10-24 15:16:28,327 : INFO : EventManager : Event: ======'balldevice_bd_trough_ball_eject_attempt'====== Args={'balls': 1, 'target': <ball_device.bd_plunger>, 'source': <ball_device.bd_trough>, 'mechanical_eject': True, 'num_attempts': 0}
2025-10-24 15:16:28,328 : INFO : ball_device.bd_plunger : State: waiting_for_ball
2025-10-24 15:16:28,328 : INFO : ball_device.bd_trough : State: ejecting
2025-10-24 15:16:28,328 : INFO : ball_device.bd_trough : Ejecting ball to <ball_device.bd_plunger>
2025-10-24 15:16:28,328 : INFO : EventManager : Event: ======'balldevice_bd_trough_ejecting_ball'====== Args={'balls': 1, 'target': <ball_device.bd_plunger>, 'source': <ball_device.bd_trough>, 'mechanical_eject': True, 'num_attempts': 0}
2025-10-24 15:16:28,331 : INFO : ball_device.bd_trough : Wait for ball to leave device
2025-10-24 15:16:28,331 : INFO : coil.c_trough_eject : Pulsing Driver for 10ms (0.75 pulse_power)
2025-10-24 15:16:28,401 : INFO : EventManager : Event: ======'slide_base_slide_created'====== Args={'_from_bcp': True}
2025-10-24 15:16:28,401 : INFO : EventManager : Event: ======'slide_attract_inactive'====== Args={'is_removing': True, '_from_bcp': True}
2025-10-24 15:16:28,402 : INFO : EventManager : Event: ======'slide_base_slide_active'====== Args={'original_context': 'base', 'original_calling_context': 'mode_base_started', 'priority': 100.0, 'queue': '<QueuedEvent>', 'player': 1.0, 'ball': 1.0, 'balls_remaining': 2.0, 'is_extra_ball': False, 'cmd': 'slides_play', '_from_bcp': True}
2025-10-24 15:16:28,405 : INFO : EventManager : Event: ======'slide_attract_removed'====== Args={'_from_bcp': True}
2025-10-24 15:16:30,070 : INFO : SwitchController : <<<<<<< 's_trough_6' inactive >>>>>>>
2025-10-24 15:16:30,070 : INFO : ball_device.bd_trough : State: ball_left
2025-10-24 15:16:30,070 : INFO : ball_device.bd_trough : Ball left
2025-10-24 15:16:30,070 : INFO : ball_device.bd_trough : Wait for confirm with timeout 3.0
2025-10-24 15:16:31,595 : INFO : SwitchController : <<<<<<< 's_shooter_lane' active >>>>>>>
2025-10-24 15:16:31,595 : INFO : EventManager : Event: ======'s_shooter_lane_active'====== Args={}
2025-10-24 15:16:31,595 : INFO : EventManager : Event: ======'machine_var_audits_switches_s_shooter_lane'====== Args={'value': 143, 'prev_value': 142, 'change': 1}
2025-10-24 15:16:31,597 : INFO : EventManager : Event: ======'mode_skillshot_will_start'====== Args={}
2025-10-24 15:16:31,597 : INFO : EventManager : Event: ======'player_shot_mig_lane_left_enabled'====== Args={'value': True, 'prev_value': 0, 'change': 1, 'player_num': 1}
2025-10-24 15:16:31,598 : INFO : EventManager : Event: ======'player_shot_mig_lane_right_enabled'====== Args={'value': True, 'prev_value': 0, 'change': 1, 'player_num': 1}
2025-10-24 15:16:31,598 : INFO : EventManager : Event: ======'player_shot_spinner_enabled'====== Args={'value': True, 'prev_value': 0, 'change': 1, 'player_num': 1}
2025-10-24 15:16:31,598 : INFO : EventManager : Event: ======'player_shot_orbit_upper_enabled'====== Args={'value': True, 'prev_value': 0, 'change': 1, 'player_num': 1}
2025-10-24 15:16:31,600 : INFO : EventManager : Event: ======'player_shot_ramp_inner_enabled'====== Args={'value': True, 'prev_value': 0, 'change': 1, 'player_num': 1}
2025-10-24 15:16:31,600 : INFO : EventManager : Event: ======'skillshot_group_complete'====== Args={'state': 'off'}
2025-10-24 15:16:31,600 : INFO : EventManager : Event: ======'skillshot_group_off_complete'====== Args={}
2025-10-24 15:16:31,601 : INFO : EventManager : Event: ======'player_skillshot_skillshot_tick'====== Args={'value': 9, 'prev_value': 0, 'change': 9, 'player_num': 1}
2025-10-24 15:16:31,601 : INFO : EventManager : Event: ======'player_skillshot_skillshot_sound_loop_tick'====== Args={'value': 0, 'prev_value': 0, 'change': 0, 'player_num': 1}
2025-10-24 15:16:31,612 : INFO : EventManager : Event: ======'mode_skillshot_starting'====== Args={}
2025-10-24 15:16:31,612 : INFO : Mode.skillshot : Started. Priority: 100
2025-10-24 15:16:31,612 : INFO : EventManager : Event: ======'modes_active_modes_changed'====== Args={}
2025-10-24 15:16:31,612 : INFO : EventManager : Event: ======'mode_skillshot_started'====== Args={}
2025-10-24 15:16:31,613 : INFO : EventManager : Event: ======'player_shot_mig_lane_left'====== Args={'value': 1, 'prev_value': 0, 'change': 1, 'player_num': 1}
2025-10-24 15:16:31,613 : INFO : EventManager : Event: ======'player_shot_mig_lane_right'====== Args={'value': 1, 'prev_value': 0, 'change': 1, 'player_num': 1}
2025-10-24 15:16:31,614 : INFO : EventManager : Event: ======'player_shot_spinner'====== Args={'value': 1, 'prev_value': 0, 'change': 1, 'player_num': 1}
2025-10-24 15:16:31,614 : INFO : EventManager : Event: ======'player_shot_orbit_upper'====== Args={'value': 1, 'prev_value': 0, 'change': 1, 'player_num': 1}
2025-10-24 15:16:31,614 : INFO : EventManager : Event: ======'player_shot_ramp_inner'====== Args={'value': 1, 'prev_value': 0, 'change': 1, 'player_num': 1}
2025-10-24 15:16:31,615 : INFO : Timer.skillshot_sound_loop : Starting Timer.
2025-10-24 15:16:31,615 : INFO : EventManager : Event: ======'timer_skillshot_sound_loop_started'====== Args={'ticks': 0, 'ticks_remaining': 999}
2025-10-24 15:16:31,615 : INFO : EventManager : Event: ======'timer_skillshot_sound_loop_tick'====== Args={'ticks': 0, 'ticks_remaining': 999}
2025-10-24 15:16:31,615 : INFO : EventManager : Event: ======'skillshot_group_complete'====== Args={'state': 'lit'}
2025-10-24 15:16:31,615 : INFO : EventManager : Event: ======'skillshot_group_lit_complete'====== Args={}
2025-10-24 15:16:31,653 : INFO : EventManager : Event: ======'slide_skillshot_ball_in_shooter_lane_created'====== Args={'_from_bcp': True}
2025-10-24 15:16:31,653 : INFO : EventManager : Event: ======'slide_base_slide_inactive'====== Args={'is_removing': False, '_from_bcp': True}
2025-10-24 15:16:31,654 : INFO : EventManager : Event: ======'slide_skillshot_ball_in_shooter_lane_active'====== Args={'original_context': 'skillshot', 'original_calling_context': 'timer_skillshot_sound_loop_tick', 'priority': 100.0, 'ticks': 0.0, 'ticks_remaining': 999.0, 'cmd': 'slides_play', '_from_bcp': True}
2025-10-24 15:16:31,918 : INFO : ball_device.bd_plunger : Received ball from <ball_device.bd_trough>
2025-10-24 15:16:31,918 : INFO : EventManager : Event: ======'balldevice_bd_plunger_ball_enter'====== Args={'new_balls': 1, 'unclaimed_balls': 0, 'new_available_balls': 0, 'device': <ball_device.bd_plunger>}
2025-10-24 15:16:31,919 : INFO : EventManager : Event: ======'balldevice_bd_plunger_ball_entered'====== Args={'new_balls': 0, 'device': <ball_device.bd_plunger>}
2025-10-24 15:16:31,919 : INFO : EventManager : Event: ======'balldevice_bd_plunger_ball_count_changed'====== Args={'balls': 1}
2025-10-24 15:16:31,920 : INFO : ball_device.bd_trough : Got eject confirm
2025-10-24 15:16:31,920 : INFO : ball_device.bd_trough : Eject successful
2025-10-24 15:16:31,920 : INFO : EventManager : Event: ======'balldevice_bd_trough_ball_eject_success'====== Args={'balls': 1, 'target': <ball_device.bd_plunger>}
2025-10-24 15:16:31,920 : INFO : EventManager : Event: ======'balldevice_bd_trough_ball_count_changed'====== Args={'balls': 5}
2025-10-24 15:16:31,920 : INFO : ball_device.bd_trough : State: idle
2025-10-24 15:16:31,920 : INFO : ball_device.bd_plunger : State: waiting_for_target_ready
2025-10-24 15:16:31,921 : INFO : EventManager : Event: ======'balldevice_bd_plunger_ball_eject_attempt'====== Args={'balls': 1, 'target': <playfield.playfield>, 'source': <ball_device.bd_plunger>, 'mechanical_eject': True, 'num_attempts': 0}
2025-10-24 15:16:31,921 : INFO : ball_device.bd_plunger : State: ejecting
2025-10-24 15:16:31,921 : INFO : ball_device.bd_plunger : Ejecting ball to <playfield.playfield>
2025-10-24 15:16:31,922 : INFO : EventManager : Event: ======'balldevice_bd_plunger_ejecting_ball'====== Args={'balls': 1, 'target': <playfield.playfield>, 'source': <ball_device.bd_plunger>, 'mechanical_eject': True, 'num_attempts': 0}
2025-10-24 15:16:31,922 : INFO : EventManager : Event: ======'video_idle_start'====== Args={'priority': 0}
2025-10-24 15:16:31,923 : INFO : ball_device.bd_plunger : Wait for ball to leave device
2025-10-24 15:16:33,386 : INFO : SwitchController : <<<<<<< 's_shooter_lane' inactive >>>>>>>
2025-10-24 15:16:33,386 : INFO : EventManager : Event: ======'s_shooter_lane_inactive'====== Args={}
2025-10-24 15:16:33,388 : INFO : Timer.skillshot : Starting Timer.
2025-10-24 15:16:33,388 : INFO : EventManager : Event: ======'timer_skillshot_started'====== Args={'ticks': 9, 'ticks_remaining': 9}
2025-10-24 15:16:33,389 : INFO : EventManager : Event: ======'timer_skillshot_tick'====== Args={'ticks': 9, 'ticks_remaining': 9}
2025-10-24 15:16:33,389 : INFO : Timer.skillshot_sound_loop : Stopping Timer
2025-10-24 15:16:33,389 : INFO : EventManager : Event: ======'timer_skillshot_sound_loop_stopped'====== Args={'ticks': 0, 'ticks_remaining': 999}
2025-10-24 15:16:33,389 : INFO : EventManager : Event: ======'video_launch_start'====== Args={'priority': 0}
2025-10-24 15:16:33,389 : INFO : ball_device.bd_plunger : State: ball_left
2025-10-24 15:16:33,390 : INFO : ball_device.bd_plunger : Ball left
2025-10-24 15:16:33,390 : INFO : ball_device.bd_plunger : Wait for confirm with timeout 3.0
2025-10-24 15:16:33,397 : INFO : EventManager : Event: ======'slide_skillshot_ball_in_shooter_lane_inactive'====== Args={'is_removing': True, '_from_bcp': True}
2025-10-24 15:16:33,398 : INFO : EventManager : Event: ======'slide_base_slide_active'====== Args={'_from_bcp': True}
2025-10-24 15:16:33,405 : INFO : EventManager : Event: ======'slide_skillshot_ball_in_shooter_lane_removed'====== Args={'_from_bcp': True}
2025-10-24 15:16:33,420 : INFO : EventManager : Event: ======'slide_skillshot_ball_launched_created'====== Args={'_from_bcp': True}
2025-10-24 15:16:33,420 : INFO : EventManager : Event: ======'slide_base_slide_inactive'====== Args={'is_removing': False, '_from_bcp': True}
2025-10-24 15:16:33,421 : INFO : EventManager : Event: ======'slide_skillshot_ball_launched_active'====== Args={'original_context': 'skillshot', 'original_calling_context': 's_shooter_lane_inactive{mode.skillshot.active}', 'priority': 100.0, 'cmd': 'slides_play', '_from_bcp': True}
2025-10-24 15:16:34,388 : INFO : EventManager : Event: ======'player_skillshot_skillshot_tick'====== Args={'value': 8, 'prev_value': 9, 'change': -1, 'player_num': 1}
2025-10-24 15:16:34,388 : INFO : EventManager : Event: ======'timer_skillshot_tick'====== Args={'ticks': 8, 'ticks_remaining': 8}
2025-10-24 15:16:35,146 : INFO : SwitchController : <<<<<<< 's_mig_lane_left' active >>>>>>>
2025-10-24 15:16:35,146 : INFO : EventManager : Event: ======'playfield_active'====== Args={'source': 'mig_lane_left'}
2025-10-24 15:16:35,146 : INFO : EventManager : Event: ======'s_mig_lane_left_active'====== Args={}
2025-10-24 15:16:35,147 : INFO : EventManager : Event: ======'sw_playfield_active'====== Args={}
2025-10-24 15:16:35,147 : INFO : EventManager : Event: ======'sw_playfield_active'====== Args={}
2025-10-24 15:16:35,147 : INFO : EventManager : Event: ======'machine_var_audits_switches_s_mig_lane_left'====== Args={'value': 87, 'prev_value': 86, 'change': 1}
2025-10-24 15:16:35,150 : INFO : EventManager : Event: ======'machine_var_audits_shots_mig_lane_left'====== Args={'value': 59, 'prev_value': 58, 'change': 1}
2025-10-24 15:16:35,150 : INFO : EventManager : Event: ======'mig_lane_left_hit'====== Args={'profile': 'skill', 'state': 'lit', 'advancing': False}
2025-10-24 15:16:35,150 : INFO : EventManager : Event: ======'mig_lane_left_skill_hit'====== Args={'profile': 'skill', 'state': 'lit', 'advancing': False}
2025-10-24 15:16:35,150 : INFO : EventManager : Event: ======'mig_lane_left_skill_lit_hit'====== Args={'profile': 'skill', 'state': 'lit', 'advancing': False}
2025-10-24 15:16:35,151 : INFO : EventManager : Event: ======'mig_lane_left_lit_hit'====== Args={'profile': 'skill', 'state': 'lit', 'advancing': False}
2025-10-24 15:16:35,151 : INFO : EventManager : Event: ======'skillshot_group_hit'====== Args={'shot': 'mig_lane_left'}
2025-10-24 15:16:35,151 : INFO : EventManager : Event: ======'skillshot_group_lit_hit'====== Args={'shot': 'mig_lane_left'}
2025-10-24 15:16:35,151 : INFO : EventManager : Event: ======'mode_skillshot_will_stop'====== Args={}
2025-10-24 15:16:35,152 : INFO : EventManager : Event: ======'mode_skillshot_stopping'====== Args={}
2025-10-24 15:16:35,152 : INFO : EventManager : Event: ======'show_skillshot_mig_video'====== Args={'priority': 0}
2025-10-24 15:16:35,152 : INFO : EventManager : Event: ======'player_score'====== Args={'value': 25000, 'prev_value': 0, 'change': 25000, 'player_num': 1, 'source': 'skillshot'}
2025-10-24 15:16:35,152 : INFO : EventManager : Event: ======'player_skillshot_count'====== Args={'value': 1, 'prev_value': 0, 'change': 1, 'player_num': 1, 'source': 'skillshot'}
2025-10-24 15:16:35,153 : INFO : EventManager : Event: ======'player_priority'====== Args={'value': 600, 'prev_value': 0, 'change': 600, 'player_num': 1, 'source': 'skillshot'}
2025-10-24 15:16:35,153 : INFO : Timer.skillshot : Stopping Timer
2025-10-24 15:16:35,153 : INFO : EventManager : Event: ======'timer_skillshot_stopped'====== Args={'ticks': 8, 'ticks_remaining': 8}
2025-10-24 15:16:35,153 : INFO : Timer.skillshot_sound_loop : Stopping Timer
2025-10-24 15:16:35,153 : INFO : EventManager : Event: ======'timer_skillshot_sound_loop_stopped'====== Args={'ticks': 0, 'ticks_remaining': 999}
2025-10-24 15:16:35,153 : INFO : EventManager : Event: ======'playfield_active'====== Args={'source': None}
2025-10-24 15:16:35,154 : INFO : EventManager : Event: ======'playfield_active'====== Args={'source': None}
2025-10-24 15:16:35,155 : INFO : Mode.skillshot : Stopped.
2025-10-24 15:16:35,155 : INFO : EventManager : Event: ======'modes_active_modes_changed'====== Args={}
2025-10-24 15:16:35,155 : INFO : EventManager : Event: ======'mode_skillshot_stopped'====== Args={}
2025-10-24 15:16:35,155 : INFO : EventManager : Event: ======'clear'====== Args={'key': 'skillshot'}
2025-10-24 15:16:35,156 : INFO : Timer.skillshot : Stopping Timer
2025-10-24 15:16:35,156 : INFO : EventManager : Event: ======'timer_skillshot_stopped'====== Args={'ticks': 8, 'ticks_remaining': 8}
2025-10-24 15:16:35,156 : INFO : Timer.skillshot_sound_loop : Stopping Timer
2025-10-24 15:16:35,156 : INFO : EventManager : Event: ======'timer_skillshot_sound_loop_stopped'====== Args={'ticks': 0, 'ticks_remaining': 999}
2025-10-24 15:16:35,212 : INFO : EventManager : Event: ======'slide_skillshot_mig_hit_created'====== Args={'_from_bcp': True}
2025-10-24 15:16:35,214 : INFO : EventManager : Event: ======'slide_skillshot_ball_launched_inactive'====== Args={'is_removing': False, '_from_bcp': True}
2025-10-24 15:16:35,214 : INFO : EventManager : Event: ======'slide_skillshot_mig_hit_active'====== Args={'original_context': 'base', 'original_calling_context': 'show_skillshot_mig_video', 'priority': 100.0, 'cmd': 'slides_play', '_from_bcp': True}
2025-10-24 15:16:35,214 : INFO : EventManager : Event: ======'slide_skillshot_ball_launched_removed'====== Args={'_from_bcp': True}
2025-10-24 15:16:35,263 : INFO : SwitchController : <<<<<<< 's_mig_lane_left' inactive >>>>>>>
2025-10-24 15:16:36,420 : INFO : ball_device.bd_plunger : State: failed_confirm
2025-10-24 15:16:36,421 : INFO : ball_device.bd_plunger : Got timeout (3.0s) before confirm from <playfield.playfield>
2025-10-24 15:16:36,515 : INFO : ball_device.bd_plunger : Confirming eject because target is playfield and ball did not return.
2025-10-24 15:16:36,515 : INFO : ball_device.bd_plunger : Eject successful
2025-10-24 15:16:36,515 : INFO : EventManager : Event: ======'balldevice_bd_plunger_ball_eject_success'====== Args={'balls': 1, 'target': <playfield.playfield>}
2025-10-24 15:16:36,516 : INFO : EventManager : Event: ======'balldevice_playfield_ball_enter'====== Args={'new_balls': 1, 'unclaimed_balls': 1, 'device': <playfield.playfield>}
2025-10-24 15:16:36,516 : INFO : EventManager : Event: ======'playfield_ball_count_change'====== Args={'balls': 1, 'change': 1}
2025-10-24 15:16:36,517 : INFO : EventManager : Event: ======'balldevice_bd_plunger_ball_count_changed'====== Args={'balls': 0}
2025-10-24 15:16:36,517 : INFO : ball_device.bd_plunger : State: idle
2025-10-24 15:16:38,461 : INFO : EventManager : Event: ======'slide_skillshot_mig_hit_inactive'====== Args={'is_removing': True, '_from_bcp': True}
2025-10-24 15:16:38,462 : INFO : EventManager : Event: ======'slide_base_slide_active'====== Args={'_from_bcp': True}
2025-10-24 15:16:38,463 : INFO : EventManager : Event: ======'slide_skillshot_mig_hit_removed'====== Args={'_from_bcp': True}
2025-10-24 15:16:38,463 : INFO : EventManager : Event: ======'start_bg_video'====== Args={'_from_bcp': True}
2025-10-24 15:16:38,463 : INFO : EventManager : Event: ======'new_video'====== Args={'_from_bcp': True}
2025-10-24 15:16:41,356 : INFO : SwitchController : <<<<<<< 's_orbit_left' active >>>>>>>
2025-10-24 15:16:41,356 : INFO : EventManager : Event: ======'sw_playfield_active'====== Args={}
2025-10-24 15:16:41,356 : INFO : EventManager : Event: ======'machine_var_audits_switches_s_orbit_left'====== Args={'value': 16, 'prev_value': 15, 'change': 1}
2025-10-24 15:16:41,488 : INFO : SwitchController : <<<<<<< 's_orbit_left' inactive >>>>>>>
2025-10-24 15:16:45,721 : INFO : Machine : Shutting down...
2025-10-24 15:16:45,721 : INFO : EventManager : Event: ======'shutdown'====== Args={}
2025-10-24 15:16:45,724 : INFO : EventManager : Event: ======'mode_game_will_stop'====== Args={}
2025-10-24 15:16:45,724 : INFO : EventManager : Event: ======'mode_game_stopping'====== Args={}
2025-10-24 15:16:45,725 : INFO : EventManager : Event: ======'mode_base_will_stop'====== Args={}
2025-10-24 15:16:45,725 : INFO : EventManager : Event: ======'mode_base_stopping'====== Args={}
2025-10-24 15:16:45,725 : INFO : EventManager : Event: ======'mode_bumpers_will_stop'====== Args={}
2025-10-24 15:16:45,725 : INFO : EventManager : Event: ======'mode_bumpers_stopping'====== Args={}
2025-10-24 15:16:45,726 : INFO : EventManager : Event: ======'stop_mode_bumpers'====== Args={'priority': 0}
2025-10-24 15:16:45,726 : INFO : Mode.bumpers : Stopped.
2025-10-24 15:16:45,726 : INFO : EventManager : Event: ======'modes_active_modes_changed'====== Args={}
2025-10-24 15:16:45,726 : INFO : EventManager : Event: ======'mode_bumpers_stopped'====== Args={}
2025-10-24 15:16:45,726 : INFO : EventManager : Event: ======'clear'====== Args={'key': 'bumpers'}
2025-10-24 15:16:45,726 : INFO : Mode.base : Stopped.
2025-10-24 15:16:45,726 : INFO : EventManager : Event: ======'modes_active_modes_changed'====== Args={}
2025-10-24 15:16:45,727 : INFO : EventManager : Event: ======'mode_base_stopped'====== Args={}
2025-10-24 15:16:45,727 : INFO : EventManager : Event: ======'clear'====== Args={'key': 'base'}
2025-10-24 15:16:45,727 : INFO : Mode.game : Stopped.
2025-10-24 15:16:45,727 : INFO : EventManager : Event: ======'modes_active_modes_changed'====== Args={}
2025-10-24 15:16:45,728 : INFO : EventManager : Event: ======'mode_game_stopped'====== Args={}
2025-10-24 15:16:45,728 : INFO : EventManager : Event: ======'clear'====== Args={'key': 'game'}
2025-10-24 15:16:45,731 : INFO : root : MPF run loop ended.
