2025-09-07 17:36:26,208 : INFO : root : Loading config.
2025-09-07 17:36:26,213 : INFO : YamlMultifileConfigLoader : Machine config file #1: config.yaml
2025-09-07 17:36:26,213 : INFO : ConfigProcessor : Loading config from cache: C:\Users\White\AppData\Local\Temp\cfa6ecba65704a931c9dd214c44986c8.mpf_cache
2025-09-07 17:36:26,325 : INFO : ConfigProcessor : Loading config from cache: C:\Users\White\AppData\Local\Temp\f98ffc0ff5962effface7d86bc406d5c.mpf_cache
2025-09-07 17:36:26,326 : INFO : ConfigProcessor : Loading config from cache: C:\Users\White\AppData\Local\Temp\91cc4d1c993c58dc354e34974b9cfeac.mpf_cache
2025-09-07 17:36:26,327 : INFO : ConfigProcessor : Loading config from cache: C:\Users\White\AppData\Local\Temp\f98ffc0ff5962effface7d86bc406d5c.mpf_cache
2025-09-07 17:36:26,327 : WARNING : ConfigProcessor : Config file in cache changed: C:\Users\White\Documents\Top_Gun_Pinball\modes\base\config\base.yaml
2025-09-07 17:36:26,327 : INFO : ConfigProcessor : Loading config from file C:\Users\White\Documents\Top_Gun_Pinball\modes\base\config\base.yaml.
2025-09-07 17:36:26,340 : INFO : ConfigProcessor : Loading config: C:\Users\White\Documents\Top_Gun_Pinball\modes\base\config\base.yaml
2025-09-07 17:36:26,340 : ERROR : ConfigProcessor : Config section 'sounds' is removed in MPF 0.80 and will be ignored.
2025-09-07 17:36:26,340 : ERROR : ConfigProcessor : Config section 'sound_system' is removed in MPF 0.80 and will be ignored.
2025-09-07 17:36:26,341 : INFO : ConfigProcessor : Config file cache created: C:\Users\White\AppData\Local\Temp\76792f1d686f89709887dba7bd69667a.mpf_cache
2025-09-07 17:36:26,342 : INFO : ConfigProcessor : Loading config from cache: C:\Users\White\AppData\Local\Temp\142bbae4707335cc8e3efaa4364c4893.mpf_cache
2025-09-07 17:36:26,343 : INFO : Machine : Mission Pinball Framework Core Engine v0.80.0.dev9
2025-09-07 17:36:26,343 : INFO : Machine : Command line arguments: {'no_load_cache': False, 'create_config_cache': True, 'bcp': True, 'configfile': ['config.yaml'], 'force_assets_load': False, 'platform_integration_test': False, 'jsonlogging': False, 'logfile': 'logs\\2025-09-07-17-36-26-mpf-TopGunPinball.log', 'pause': False, 'production': False, 'text_ui': False, 'loglevel': 15, 'consoleloglevel': 20, 'force_platform': 'virtual', 'syslog_address': None, 'full_logfile_path': 'C:\\Users\\White\\Documents\\Top_Gun_Pinball\\logs\\2025-09-07-17-36-26-mpf-TopGunPinball.log'}
2025-09-07 17:36:26,343 : INFO : Machine : MPF path: C:\Users\White\mpf\Lib\site-packages\mpf
2025-09-07 17:36:26,343 : INFO : Machine : Machine path: C:\Users\White\Documents\Top_Gun_Pinball
2025-09-07 17:36:26,343 : INFO : Machine : Platform: win32
2025-09-07 17:36:26,343 : INFO : Machine : Python executable location: C:\Users\White\mpf\Scripts\python.exe
2025-09-07 17:36:26,343 : INFO : Machine : Python version: 3.12.7 (64-bit)
2025-09-07 17:36:26,345 : INFO : Machine : Initializing MPF...
2025-09-07 17:36:26,444 : INFO : EventManager : Event: ======'machine_var_credits_string'====== Args={'value': 'FREE PLAY', 'prev_value': None, 'change': True}
2025-09-07 17:36:26,472 : INFO : EventManager : Event: ======'machine_var_master_volume'====== Args={'value': 0.5, 'prev_value': None, 'change': True}
2025-09-07 17:36:26,473 : INFO : EventManager : Event: ======'machine_var_player1_score'====== Args={'value': 61000, 'prev_value': None, 'change': True}
2025-09-07 17:36:26,473 : INFO : EventManager : Event: ======'machine_var_player2_score'====== Args={'value': 73000, 'prev_value': None, 'change': True}
2025-09-07 17:36:26,473 : INFO : EventManager : Event: ======'machine_var_mpf_version'====== Args={'value': 'Mission Pinball Framework v0.80.0.dev9', 'prev_value': None, 'change': True}
2025-09-07 17:36:26,473 : INFO : EventManager : Event: ======'machine_var_mpf_extended_version'====== Args={'value': 'Mission Pinball Framework v0.80.0.dev9, Config version:6, Show version: 6, BCP version:1.1', 'prev_value': None, 'change': True}
2025-09-07 17:36:26,473 : INFO : EventManager : Event: ======'machine_var_python_version'====== Args={'value': '3.12.7', 'prev_value': None, 'change': True}
2025-09-07 17:36:26,578 : INFO : EventManager : Event: ======'machine_var_platform'====== Args={'value': 'Windows-11-10.0.26100-SP0', 'prev_value': None, 'change': True}
2025-09-07 17:36:26,578 : INFO : EventManager : Event: ======'machine_var_platform_system'====== Args={'value': 'Windows', 'prev_value': None, 'change': True}
2025-09-07 17:36:26,578 : INFO : EventManager : Event: ======'machine_var_platform_release'====== Args={'value': '11', 'prev_value': None, 'change': True}
2025-09-07 17:36:26,578 : INFO : EventManager : Event: ======'machine_var_platform_version'====== Args={'value': '10.0.26100', 'prev_value': None, 'change': True}
2025-09-07 17:36:26,578 : INFO : EventManager : Event: ======'machine_var_platform_machine'====== Args={'value': 'AMD64', 'prev_value': None, 'change': True}
2025-09-07 17:36:26,578 : INFO : EventManager : Event: ======'machine_var_log_file_path'====== Args={'value': 'C:\\Users\\White\\Documents\\Top_Gun_Pinball\\logs\\2025-09-07-17-36-26-mpf-TopGunPinball.log', 'prev_value': None, 'change': True}
2025-09-07 17:36:26,578 : INFO : EventManager : Event: ======'init_phase_1'====== Args={}
2025-09-07 17:36:26,614 : INFO : EventManager : Event: ======'init_phase_2'====== Args={}
2025-09-07 17:36:26,614 : INFO : SwitchController : Found active switch: (1007, <Platform.Virtual>) <switch.s_trough_1>
2025-09-07 17:36:26,614 : INFO : SwitchController : Found active switch: (1008, <Platform.Virtual>) <switch.s_trough_2>
2025-09-07 17:36:26,614 : INFO : SwitchController : Found active switch: (1009, <Platform.Virtual>) <switch.s_trough_3>
2025-09-07 17:36:26,614 : INFO : SwitchController : Found active switch: (1010, <Platform.Virtual>) <switch.s_trough_4>
2025-09-07 17:36:26,614 : INFO : SwitchController : Found active switch: (1011, <Platform.Virtual>) <switch.s_trough_5>
2025-09-07 17:36:26,614 : INFO : SwitchController : Found active switch: (1012, <Platform.Virtual>) <switch.s_trough_6>
2025-09-07 17:36:26,615 : ERROR : ConfigValidator : Your config contains a value for "track" in setting "sound_player:track", but "track" has been replaced with "bus" in MPF 0.80.
2025-09-07 17:36:26,616 : ERROR : asyncio : Exception in callback EventManager._queue_task_done(<Task finishe...n MPF 0.80.')>)
handle: <Handle EventManager._queue_task_done(<Task finishe...n MPF 0.80.')>)>
Traceback (most recent call last):
  File "C:\Users\White\AppData\Local\Programs\Python\Python312\Lib\asyncio\events.py", line 88, in _run
    self._context.run(self._callback, *self._args)
  File "C:\Users\White\mpf\Lib\site-packages\mpf\core\events.py", line 795, in _queue_task_done
    future.result()
  File "C:\Users\White\mpf\Lib\site-packages\mpf\core\events.py", line 708, in _run_handlers_sequential
    handler.callback(queue=queue, **merged_kwargs)
  File "C:\Users\White\mpf\Lib\site-packages\mpf\core\mode_controller.py", line 97, in initialize_modes
    item.method(config=mode.config[item.config_section],
  File "C:\Users\White\mpf\Lib\site-packages\mpf\core\config_player.py", line 150, in process_mode_config
    config = self.validate_config(config)
             ^^^^^^^^^^^^^^^^^^^^^^^^^^^^
  File "C:\Users\White\mpf\Lib\site-packages\mpf\core\config_player.py", line 113, in validate_config
    validated_config[event] = self.validate_config_entry(settings, event)
                              ^^^^^^^^^^^^^^^^^^^^^^^^^^^^^^^^^^^^^^^^^^^
  File "C:\Users\White\mpf\Lib\site-packages\mpf\config_players\device_config_player.py", line 56, in validate_config_entry
    raise e
  File "C:\Users\White\mpf\Lib\site-packages\mpf\config_players\device_config_player.py", line 52, in validate_config_entry
    self._validate_config_item(device, device_settings))
    ^^^^^^^^^^^^^^^^^^^^^^^^^^^^^^^^^^^^^^^^^^^^^^^^^^^
  File "C:\Users\White\mpf\Lib\site-packages\mpf\config_players\sound_player.py", line 24, in _validate_config_item
    device_settings = self.machine.config_validator.validate_config(
                      ^^^^^^^^^^^^^^^^^^^^^^^^^^^^^^^^^^^^^^^^^^^^^^
  File "C:\Users\White\mpf\Lib\site-packages\mpf\core\config_validator.py", line 164, in validate_config
    return self._validate_config(config_spec, source, base_spec=base_spec, add_missing_keys=add_missing_keys,
           ^^^^^^^^^^^^^^^^^^^^^^^^^^^^^^^^^^^^^^^^^^^^^^^^^^^^^^^^^^^^^^^^^^^^^^^^^^^^^^^^^^^^^^^^^^^^^^^^^^
  File "C:\Users\White\mpf\Lib\site-packages\mpf\core\config_validator.py", line 177, in _validate_config
    self.check_for_invalid_sections(this_spec, source, validation_failure_info)
  File "C:\Users\White\mpf\Lib\site-packages\mpf\core\config_validator.py", line 336, in check_for_invalid_sections
    raise ConfigFileError('Your config contains a value for "track" in '
mpf.exceptions.config_file_error.ConfigFileError: Config File Error in ConfigValidator: Failed to load config player ball_started:sounds with settings {'music_danger_zone': {'action': 'play', 'track': 'music', 'loops': -1, 'fade_in': '500ms'}} >> Your config contains a value for "track" in setting "sound_player:track", but "track" has been replaced with "bus" in MPF 0.80. Error Code: CFE-ConfigValidator-20 (https://missionpinball.org/logs)
2025-09-07 17:36:26,717 : INFO : Machine : Starting the main run loop with active modes: []
2025-09-07 17:36:26,717 : WARNING : Machine : Attract mode is not active, game will not be playable. Please check your attract mode configuration.
2025-09-07 17:36:26,717 : INFO : Machine : Shutting down...
2025-09-07 17:36:26,717 : INFO : EventManager : Event: ======'shutdown'====== Args={}
2025-09-07 17:36:27,721 : ERROR : Machine : Runtime Exception
Traceback (most recent call last):
  File "C:\Users\White\mpf\Lib\site-packages\mpf\core\machine.py", line 808, in _run_loop
    raise self._exception['exception']
  File "C:\Users\White\AppData\Local\Programs\Python\Python312\Lib\asyncio\events.py", line 88, in _run
    self._context.run(self._callback, *self._args)
  File "C:\Users\White\mpf\Lib\site-packages\mpf\core\events.py", line 795, in _queue_task_done
    future.result()
  File "C:\Users\White\mpf\Lib\site-packages\mpf\core\events.py", line 708, in _run_handlers_sequential
    handler.callback(queue=queue, **merged_kwargs)
  File "C:\Users\White\mpf\Lib\site-packages\mpf\core\mode_controller.py", line 97, in initialize_modes
    item.method(config=mode.config[item.config_section],
  File "C:\Users\White\mpf\Lib\site-packages\mpf\core\config_player.py", line 150, in process_mode_config
    config = self.validate_config(config)
             ^^^^^^^^^^^^^^^^^^^^^^^^^^^^
  File "C:\Users\White\mpf\Lib\site-packages\mpf\core\config_player.py", line 113, in validate_config
    validated_config[event] = self.validate_config_entry(settings, event)
                              ^^^^^^^^^^^^^^^^^^^^^^^^^^^^^^^^^^^^^^^^^^^
  File "C:\Users\White\mpf\Lib\site-packages\mpf\config_players\device_config_player.py", line 56, in validate_config_entry
    raise e
  File "C:\Users\White\mpf\Lib\site-packages\mpf\config_players\device_config_player.py", line 52, in validate_config_entry
    self._validate_config_item(device, device_settings))
    ^^^^^^^^^^^^^^^^^^^^^^^^^^^^^^^^^^^^^^^^^^^^^^^^^^^
  File "C:\Users\White\mpf\Lib\site-packages\mpf\config_players\sound_player.py", line 24, in _validate_config_item
    device_settings = self.machine.config_validator.validate_config(
                      ^^^^^^^^^^^^^^^^^^^^^^^^^^^^^^^^^^^^^^^^^^^^^^
  File "C:\Users\White\mpf\Lib\site-packages\mpf\core\config_validator.py", line 164, in validate_config
    return self._validate_config(config_spec, source, base_spec=base_spec, add_missing_keys=add_missing_keys,
           ^^^^^^^^^^^^^^^^^^^^^^^^^^^^^^^^^^^^^^^^^^^^^^^^^^^^^^^^^^^^^^^^^^^^^^^^^^^^^^^^^^^^^^^^^^^^^^^^^^
  File "C:\Users\White\mpf\Lib\site-packages\mpf\core\config_validator.py", line 177, in _validate_config
    self.check_for_invalid_sections(this_spec, source, validation_failure_info)
  File "C:\Users\White\mpf\Lib\site-packages\mpf\core\config_validator.py", line 336, in check_for_invalid_sections
    raise ConfigFileError('Your config contains a value for "track" in '
mpf.exceptions.config_file_error.ConfigFileError: Config File Error in ConfigValidator: Failed to load config player ball_started:sounds with settings {'music_danger_zone': {'action': 'play', 'track': 'music', 'loops': -1, 'fade_in': '500ms'}} >> Your config contains a value for "track" in setting "sound_player:track", but "track" has been replaced with "bus" in MPF 0.80. Error Code: CFE-ConfigValidator-20 (https://missionpinball.org/logs)
2025-09-07 17:36:27,745 : INFO : root : MPF run loop ended.
