2025-09-23 16:53:33,987 : INFO : root : Loading config.
2025-09-23 16:53:33,992 : INFO : YamlMultifileConfigLoader : Machine config file #1: config.yaml
2025-09-23 16:53:33,992 : INFO : ConfigProcessor : Loading config from cache: C:\Users\White\AppData\Local\Temp\4d2409115979d2066280cf8a522910f3.mpf_cache
2025-09-23 16:53:34,108 : INFO : ConfigProcessor : Loading config from cache: C:\Users\White\AppData\Local\Temp\e29f700f4dd412c341ced84fe54a834e.mpf_cache
2025-09-23 16:53:34,108 : INFO : ConfigProcessor : Loading config from cache: C:\Users\White\AppData\Local\Temp\91cc4d1c993c58dc354e34974b9cfeac.mpf_cache
2025-09-23 16:53:34,109 : INFO : ConfigProcessor : Loading config from cache: C:\Users\White\AppData\Local\Temp\e29f700f4dd412c341ced84fe54a834e.mpf_cache
2025-09-23 16:53:34,109 : INFO : ConfigProcessor : Loading config from cache: C:\Users\White\AppData\Local\Temp\3424101e418333c494b4f7abb38a6bbc.mpf_cache
2025-09-23 16:53:34,112 : INFO : ConfigProcessor : Loading config from cache: C:\Users\White\AppData\Local\Temp\928267ba5ce09cfb7bef110abe29482e.mpf_cache
2025-09-23 16:53:34,113 : INFO : ConfigProcessor : Loading config from cache: C:\Users\White\AppData\Local\Temp\b4249e7b8f95e82c549b9263ef475a09.mpf_cache
2025-09-23 16:53:34,113 : INFO : ConfigProcessor : Loading config from cache: C:\Users\White\AppData\Local\Temp\5252be9889d0ea92e9251ccb139bb96e.mpf_cache
2025-09-23 16:53:34,114 : INFO : ConfigProcessor : Loading config from cache: C:\Users\White\AppData\Local\Temp\bbd12103fd66360c81da95fa3b5d5cac.mpf_cache
2025-09-23 16:53:34,116 : INFO : ConfigProcessor : Loading config from cache: C:\Users\White\AppData\Local\Temp\a64c515fc9f6d1ba4d043d8acedc61d8.mpf_cache
2025-09-23 16:53:34,117 : INFO : ConfigProcessor : Loading config from cache: C:\Users\White\AppData\Local\Temp\46a143bb5a3bcf9df783b3feac213d45.mpf_cache
2025-09-23 16:53:34,118 : INFO : ConfigProcessor : Loading config from cache: C:\Users\White\AppData\Local\Temp\157e473ad106aaf7621d4ff67f908349.mpf_cache
2025-09-23 16:53:34,119 : INFO : ConfigProcessor : Loading config from cache: C:\Users\White\AppData\Local\Temp\b42daedb456e388e83b54e0791e694a7.mpf_cache
2025-09-23 16:53:34,130 : INFO : ConfigProcessor : Loading config from cache: C:\Users\White\AppData\Local\Temp\881befc175503515b6a677d4b92fd8f6.mpf_cache
2025-09-23 16:53:34,143 : INFO : ConfigProcessor : Loading config from cache: C:\Users\White\AppData\Local\Temp\e02fdb456b236b981c3cd16c62d08cdd.mpf_cache
2025-09-23 16:53:34,146 : INFO : ConfigProcessor : Loading config from cache: C:\Users\White\AppData\Local\Temp\b44eabe64ef7d1af51d3871ffce6e8a0.mpf_cache
2025-09-23 16:53:34,147 : INFO : Machine : Mission Pinball Framework Core Engine v0.80.0.dev9
2025-09-23 16:53:34,147 : INFO : Machine : Command line arguments: {'no_load_cache': False, 'create_config_cache': True, 'bcp': True, 'configfile': ['config.yaml'], 'force_assets_load': False, 'platform_integration_test': False, 'jsonlogging': False, 'logfile': 'logs\\2025-09-23-16-53-33-mpf-TopGunPinball.log', 'pause': False, 'production': False, 'text_ui': False, 'loglevel': 15, 'consoleloglevel': 20, 'force_platform': 'virtual', 'syslog_address': None, 'full_logfile_path': 'C:\\Users\\White\\documents\\Top_Gun_Pinball\\logs\\2025-09-23-16-53-33-mpf-TopGunPinball.log'}
2025-09-23 16:53:34,147 : INFO : Machine : MPF path: C:\Users\White\mpf\Lib\site-packages\mpf
2025-09-23 16:53:34,147 : INFO : Machine : Machine path: C:\Users\White\documents\Top_Gun_Pinball
2025-09-23 16:53:34,147 : INFO : Machine : Platform: win32
2025-09-23 16:53:34,147 : INFO : Machine : Python executable location: C:\Users\White\mpf\Scripts\python.exe
2025-09-23 16:53:34,148 : INFO : Machine : Python version: 3.12.7 (64-bit)
2025-09-23 16:53:34,149 : INFO : Machine : Initializing MPF...
2025-09-23 16:53:34,243 : INFO : EventManager : Event: ======'machine_var_credits_string'====== Args={'value': 'FREE PLAY', 'prev_value': None, 'change': True}
2025-09-23 16:53:34,271 : INFO : EventManager : Event: ======'machine_var_master_volume'====== Args={'value': 0.5, 'prev_value': None, 'change': True}
2025-09-23 16:53:34,272 : INFO : EventManager : Event: ======'machine_var_player1_score'====== Args={'value': 61000, 'prev_value': None, 'change': True}
2025-09-23 16:53:34,272 : INFO : EventManager : Event: ======'machine_var_player2_score'====== Args={'value': 73000, 'prev_value': None, 'change': True}
2025-09-23 16:53:34,272 : INFO : EventManager : Event: ======'machine_var_mpf_version'====== Args={'value': 'Mission Pinball Framework v0.80.0.dev9', 'prev_value': None, 'change': True}
2025-09-23 16:53:34,272 : INFO : EventManager : Event: ======'machine_var_mpf_extended_version'====== Args={'value': 'Mission Pinball Framework v0.80.0.dev9, Config version:6, Show version: 6, BCP version:1.1', 'prev_value': None, 'change': True}
2025-09-23 16:53:34,272 : INFO : EventManager : Event: ======'machine_var_python_version'====== Args={'value': '3.12.7', 'prev_value': None, 'change': True}
2025-09-23 16:53:34,426 : INFO : EventManager : Event: ======'machine_var_platform'====== Args={'value': 'Windows-11-10.0.26100-SP0', 'prev_value': None, 'change': True}
2025-09-23 16:53:34,427 : INFO : EventManager : Event: ======'machine_var_platform_system'====== Args={'value': 'Windows', 'prev_value': None, 'change': True}
2025-09-23 16:53:34,427 : INFO : EventManager : Event: ======'machine_var_platform_release'====== Args={'value': '11', 'prev_value': None, 'change': True}
2025-09-23 16:53:34,427 : INFO : EventManager : Event: ======'machine_var_platform_version'====== Args={'value': '10.0.26100', 'prev_value': None, 'change': True}
2025-09-23 16:53:34,427 : INFO : EventManager : Event: ======'machine_var_platform_machine'====== Args={'value': 'AMD64', 'prev_value': None, 'change': True}
2025-09-23 16:53:34,427 : INFO : EventManager : Event: ======'machine_var_log_file_path'====== Args={'value': 'C:\\Users\\White\\documents\\Top_Gun_Pinball\\logs\\2025-09-23-16-53-33-mpf-TopGunPinball.log', 'prev_value': None, 'change': True}
2025-09-23 16:53:34,427 : INFO : EventManager : Event: ======'init_phase_1'====== Args={}
2025-09-23 16:53:34,471 : INFO : EventManager : Event: ======'init_phase_2'====== Args={}
2025-09-23 16:53:34,471 : INFO : SwitchController : Found active switch: ('playfield_board_lower-3208-0', <Platform.Virtual>) <switch.s_trough_1>
2025-09-23 16:53:34,471 : INFO : SwitchController : Found active switch: ('playfield_board_lower-3208-1', <Platform.Virtual>) <switch.s_trough_2>
2025-09-23 16:53:34,471 : INFO : SwitchController : Found active switch: ('playfield_board_lower-3208-2', <Platform.Virtual>) <switch.s_trough_3>
2025-09-23 16:53:34,471 : INFO : SwitchController : Found active switch: ('playfield_board_lower-3208-3', <Platform.Virtual>) <switch.s_trough_4>
2025-09-23 16:53:34,472 : INFO : SwitchController : Found active switch: ('playfield_board_lower-3208-4', <Platform.Virtual>) <switch.s_trough_5>
2025-09-23 16:53:34,472 : INFO : SwitchController : Found active switch: ('playfield_board_lower-3208-5', <Platform.Virtual>) <switch.s_trough_6>
2025-09-23 16:53:34,476 : INFO : EventManager : Event: ======'bcp_connection_attempt'====== Args={'name': 'local_display', 'host': 'localhost', 'port': 5050}
2025-09-23 16:53:34,478 : INFO : BCPClientSocket : Connecting BCP to 'local_display' at localhost:5050...
2025-09-23 16:53:34,489 : INFO : BCPClientSocket : Connected BCP to 'local_display' localhost:5050
2025-09-23 16:53:34,489 : INFO : EventManager : Event: ======'bcp_clients_connected'====== Args={}
2025-09-23 16:53:34,490 : INFO : ball_device.bd_plunger : BCH: Initial count: 0
2025-09-23 16:53:34,490 : INFO : ball_device.bd_plunger : State: idle
2025-09-23 16:53:34,491 : INFO : ball_device.bd_trough : BCH: Initial count: 6
2025-09-23 16:53:34,491 : INFO : ball_device.bd_trough : State: idle
2025-09-23 16:53:34,492 : INFO : ball_device.bd_lock_elevator : BCH: Initial count: 0
2025-09-23 16:53:34,492 : INFO : ball_device.bd_lock_elevator : State: idle
2025-09-23 16:53:34,492 : INFO : ball_device.bd_mode_scoop : BCH: Initial count: 0
2025-09-23 16:53:34,493 : INFO : ball_device.bd_mode_scoop : State: idle
2025-09-23 16:53:34,516 : INFO : EventManager : Event: ======'init_phase_3'====== Args={}
2025-09-23 16:53:35,040 : INFO : EventManager : Event: ======'init_phase_4'====== Args={}
2025-09-23 16:53:35,040 : INFO : BallController : Initial balls found: 6
2025-09-23 16:53:35,042 : INFO : EventManager : Event: ======'machine_var_audits_events_game_ended'====== Args={'value': 1, 'prev_value': None, 'change': True}
2025-09-23 16:53:35,042 : INFO : EventManager : Event: ======'machine_var_audits_events_game_started'====== Args={'value': 127, 'prev_value': None, 'change': True}
2025-09-23 16:53:35,042 : INFO : EventManager : Event: ======'machine_var_audits_missing_switches_s_a_iceman_target'====== Args={'value': 2, 'prev_value': None, 'change': True}
2025-09-23 16:53:35,042 : INFO : EventManager : Event: ======'machine_var_audits_missing_switches_s_barrier_target'====== Args={'value': 11, 'prev_value': None, 'change': True}
2025-09-23 16:53:35,042 : INFO : EventManager : Event: ======'machine_var_audits_missing_switches_s_c_iceman_target'====== Args={'value': 1, 'prev_value': None, 'change': True}
2025-09-23 16:53:35,042 : INFO : EventManager : Event: ======'machine_var_audits_missing_switches_s_c_lock_target'====== Args={'value': 11, 'prev_value': None, 'change': True}
2025-09-23 16:53:35,042 : INFO : EventManager : Event: ======'machine_var_audits_missing_switches_s_coin_door'====== Args={'value': 14, 'prev_value': None, 'change': True}
2025-09-23 16:53:35,042 : INFO : EventManager : Event: ======'machine_var_audits_missing_switches_s_coin_door_service_1'====== Args={'value': 14, 'prev_value': None, 'change': True}
2025-09-23 16:53:35,042 : INFO : EventManager : Event: ======'machine_var_audits_missing_switches_s_coin_door_service_2'====== Args={'value': 14, 'prev_value': None, 'change': True}
2025-09-23 16:53:35,042 : INFO : EventManager : Event: ======'machine_var_audits_missing_switches_s_coin_door_service_3'====== Args={'value': 14, 'prev_value': None, 'change': True}
2025-09-23 16:53:35,042 : INFO : EventManager : Event: ======'machine_var_audits_missing_switches_s_coin_door_service_4'====== Args={'value': 14, 'prev_value': None, 'change': True}
2025-09-23 16:53:35,042 : INFO : EventManager : Event: ======'machine_var_audits_missing_switches_s_e_iceman_target'====== Args={'value': 1, 'prev_value': None, 'change': True}
2025-09-23 16:53:35,042 : INFO : EventManager : Event: ======'machine_var_audits_missing_switches_s_flight_gear_target'====== Args={'value': 11, 'prev_value': None, 'change': True}
2025-09-23 16:53:35,042 : INFO : EventManager : Event: ======'machine_var_audits_missing_switches_s_flipper_left'====== Args={'value': 72, 'prev_value': None, 'change': True}
2025-09-23 16:53:35,042 : INFO : EventManager : Event: ======'machine_var_audits_missing_switches_s_flipper_left_eos'====== Args={'value': 74, 'prev_value': None, 'change': True}
2025-09-23 16:53:35,042 : INFO : EventManager : Event: ======'machine_var_audits_missing_switches_s_flipper_left_upper'====== Args={'value': 76, 'prev_value': None, 'change': True}
2025-09-23 16:53:35,042 : INFO : EventManager : Event: ======'machine_var_audits_missing_switches_s_flipper_left_upper_eos'====== Args={'value': 74, 'prev_value': None, 'change': True}
2025-09-23 16:53:35,042 : INFO : EventManager : Event: ======'machine_var_audits_missing_switches_s_flipper_right'====== Args={'value': 10, 'prev_value': None, 'change': True}
2025-09-23 16:53:35,042 : INFO : EventManager : Event: ======'machine_var_audits_missing_switches_s_flipper_right_eos'====== Args={'value': 74, 'prev_value': None, 'change': True}
2025-09-23 16:53:35,043 : INFO : EventManager : Event: ======'machine_var_audits_missing_switches_s_i_iceman_target'====== Args={'value': 1, 'prev_value': None, 'change': True}
2025-09-23 16:53:35,043 : INFO : EventManager : Event: ======'machine_var_audits_missing_switches_s_inlane_left'====== Args={'value': 7, 'prev_value': None, 'change': True}
2025-09-23 16:53:35,043 : INFO : EventManager : Event: ======'machine_var_audits_missing_switches_s_inner_inlane_right'====== Args={'value': 3, 'prev_value': None, 'change': True}
2025-09-23 16:53:35,043 : INFO : EventManager : Event: ======'machine_var_audits_missing_switches_s_k_lock_target'====== Args={'value': 11, 'prev_value': None, 'change': True}
2025-09-23 16:53:35,043 : INFO : EventManager : Event: ======'machine_var_audits_missing_switches_s_l_lock_target'====== Args={'value': 11, 'prev_value': None, 'change': True}
2025-09-23 16:53:35,043 : INFO : EventManager : Event: ======'machine_var_audits_missing_switches_s_lane_left'====== Args={'value': 126, 'prev_value': None, 'change': True}
2025-09-23 16:53:35,043 : INFO : EventManager : Event: ======'machine_var_audits_missing_switches_s_lane_right'====== Args={'value': 1, 'prev_value': None, 'change': True}
2025-09-23 16:53:35,043 : INFO : EventManager : Event: ======'machine_var_audits_missing_switches_s_lock_goose'====== Args={'value': 76, 'prev_value': None, 'change': True}
2025-09-23 16:53:35,043 : INFO : EventManager : Event: ======'machine_var_audits_missing_switches_s_lock_mav'====== Args={'value': 76, 'prev_value': None, 'change': True}
2025-09-23 16:53:35,043 : INFO : EventManager : Event: ======'machine_var_audits_missing_switches_s_lock_plunger'====== Args={'value': 76, 'prev_value': None, 'change': True}
2025-09-23 16:53:35,043 : INFO : EventManager : Event: ======'machine_var_audits_missing_switches_s_m_iceman_target'====== Args={'value': 2, 'prev_value': None, 'change': True}
2025-09-23 16:53:35,043 : INFO : EventManager : Event: ======'machine_var_audits_missing_switches_s_mig_lane_left'====== Args={'value': 76, 'prev_value': None, 'change': True}
2025-09-23 16:53:35,043 : INFO : EventManager : Event: ======'machine_var_audits_missing_switches_s_mig_lane_right'====== Args={'value': 76, 'prev_value': None, 'change': True}
2025-09-23 16:53:35,043 : INFO : EventManager : Event: ======'machine_var_audits_missing_switches_s_mode_start'====== Args={'value': 76, 'prev_value': None, 'change': True}
2025-09-23 16:53:35,043 : INFO : EventManager : Event: ======'machine_var_audits_missing_switches_s_n_iceman_target'====== Args={'value': 2, 'prev_value': None, 'change': True}
2025-09-23 16:53:35,043 : INFO : EventManager : Event: ======'machine_var_audits_missing_switches_s_o_lock_target'====== Args={'value': 11, 'prev_value': None, 'change': True}
2025-09-23 16:53:35,043 : INFO : EventManager : Event: ======'machine_var_audits_missing_switches_s_orbit_left'====== Args={'value': 11, 'prev_value': None, 'change': True}
2025-09-23 16:53:35,043 : INFO : EventManager : Event: ======'machine_var_audits_missing_switches_s_orbit_lower'====== Args={'value': 76, 'prev_value': None, 'change': True}
2025-09-23 16:53:35,043 : INFO : EventManager : Event: ======'machine_var_audits_missing_switches_s_orbit_right'====== Args={'value': 1, 'prev_value': None, 'change': True}
2025-09-23 16:53:35,043 : INFO : EventManager : Event: ======'machine_var_audits_missing_switches_s_orbit_upper'====== Args={'value': 76, 'prev_value': None, 'change': True}
2025-09-23 16:53:35,043 : INFO : EventManager : Event: ======'machine_var_audits_missing_switches_s_outer_inlane_right'====== Args={'value': 9, 'prev_value': None, 'change': True}
2025-09-23 16:53:35,043 : INFO : EventManager : Event: ======'machine_var_audits_missing_switches_s_outlane_left'====== Args={'value': 76, 'prev_value': None, 'change': True}
2025-09-23 16:53:35,043 : INFO : EventManager : Event: ======'machine_var_audits_missing_switches_s_outlane_right'====== Args={'value': 13, 'prev_value': None, 'change': True}
2025-09-23 16:53:35,044 : INFO : EventManager : Event: ======'machine_var_audits_missing_switches_s_ramp_inner_exit'====== Args={'value': 76, 'prev_value': None, 'change': True}
2025-09-23 16:53:35,044 : INFO : EventManager : Event: ======'machine_var_audits_missing_switches_s_ramp_left_exit'====== Args={'value': 76, 'prev_value': None, 'change': True}
2025-09-23 16:53:35,044 : INFO : EventManager : Event: ======'machine_var_audits_missing_switches_s_ramp_right_exit'====== Args={'value': 76, 'prev_value': None, 'change': True}
2025-09-23 16:53:35,044 : INFO : EventManager : Event: ======'machine_var_audits_missing_switches_s_ramp_tower_exit'====== Args={'value': 76, 'prev_value': None, 'change': True}
2025-09-23 16:53:35,044 : INFO : EventManager : Event: ======'machine_var_audits_missing_switches_s_shooter_lane'====== Args={'value': 1, 'prev_value': None, 'change': True}
2025-09-23 16:53:35,044 : INFO : EventManager : Event: ======'machine_var_audits_missing_switches_s_slingshot_left'====== Args={'value': 11, 'prev_value': None, 'change': True}
2025-09-23 16:53:35,044 : INFO : EventManager : Event: ======'machine_var_audits_missing_switches_s_slingshot_right'====== Args={'value': 3, 'prev_value': None, 'change': True}
2025-09-23 16:53:35,044 : INFO : EventManager : Event: ======'machine_var_audits_missing_switches_s_spinner'====== Args={'value': 76, 'prev_value': None, 'change': True}
2025-09-23 16:53:35,044 : INFO : EventManager : Event: ======'machine_var_audits_missing_switches_s_tilt'====== Args={'value': 14, 'prev_value': None, 'change': True}
2025-09-23 16:53:35,044 : INFO : EventManager : Event: ======'machine_var_audits_missing_switches_s_trough_1'====== Args={'value': 52, 'prev_value': None, 'change': True}
2025-09-23 16:53:35,044 : INFO : EventManager : Event: ======'machine_var_audits_missing_switches_s_trough_2'====== Args={'value': 52, 'prev_value': None, 'change': True}
2025-09-23 16:53:35,044 : INFO : EventManager : Event: ======'machine_var_audits_missing_switches_s_trough_3'====== Args={'value': 52, 'prev_value': None, 'change': True}
2025-09-23 16:53:35,044 : INFO : EventManager : Event: ======'machine_var_audits_missing_switches_s_trough_4'====== Args={'value': 127, 'prev_value': None, 'change': True}
2025-09-23 16:53:35,044 : INFO : EventManager : Event: ======'machine_var_audits_missing_switches_s_trough_5'====== Args={'value': 127, 'prev_value': None, 'change': True}
2025-09-23 16:53:35,044 : INFO : EventManager : Event: ======'machine_var_audits_player_score'====== Args={'value': {'average': 67000, 'top': [73000, 61000], 'total': 2}, 'prev_value': None, 'change': True}
2025-09-23 16:53:35,044 : INFO : EventManager : Event: ======'machine_var_audits_shots_bumper_center'====== Args={'value': 471, 'prev_value': None, 'change': True}
2025-09-23 16:53:35,044 : INFO : EventManager : Event: ======'machine_var_audits_shots_bumper_left'====== Args={'value': 481, 'prev_value': None, 'change': True}
2025-09-23 16:53:35,044 : INFO : EventManager : Event: ======'machine_var_audits_shots_bumper_right'====== Args={'value': 353, 'prev_value': None, 'change': True}
2025-09-23 16:53:35,044 : INFO : EventManager : Event: ======'machine_var_audits_switches_s_a_iceman_target'====== Args={'value': 25, 'prev_value': None, 'change': True}
2025-09-23 16:53:35,044 : INFO : EventManager : Event: ======'machine_var_audits_switches_s_barrier_target'====== Args={'value': 6, 'prev_value': None, 'change': True}
2025-09-23 16:53:35,044 : INFO : EventManager : Event: ======'machine_var_audits_switches_s_bumper_center'====== Args={'value': 491, 'prev_value': None, 'change': True}
2025-09-23 16:53:35,044 : INFO : EventManager : Event: ======'machine_var_audits_switches_s_bumper_left'====== Args={'value': 504, 'prev_value': None, 'change': True}
2025-09-23 16:53:35,045 : INFO : EventManager : Event: ======'machine_var_audits_switches_s_bumper_right'====== Args={'value': 358, 'prev_value': None, 'change': True}
2025-09-23 16:53:35,045 : INFO : EventManager : Event: ======'machine_var_audits_switches_s_c_iceman_target'====== Args={'value': 38, 'prev_value': None, 'change': True}
2025-09-23 16:53:35,045 : INFO : EventManager : Event: ======'machine_var_audits_switches_s_c_lock_target'====== Args={'value': 4, 'prev_value': None, 'change': True}
2025-09-23 16:53:35,045 : INFO : EventManager : Event: ======'machine_var_audits_switches_s_coin_door'====== Args={'value': 0, 'prev_value': None, 'change': True}
2025-09-23 16:53:35,045 : INFO : EventManager : Event: ======'machine_var_audits_switches_s_coin_door_service_1'====== Args={'value': 0, 'prev_value': None, 'change': True}
2025-09-23 16:53:35,045 : INFO : EventManager : Event: ======'machine_var_audits_switches_s_coin_door_service_2'====== Args={'value': 0, 'prev_value': None, 'change': True}
2025-09-23 16:53:35,045 : INFO : EventManager : Event: ======'machine_var_audits_switches_s_coin_door_service_3'====== Args={'value': 0, 'prev_value': None, 'change': True}
2025-09-23 16:53:35,045 : INFO : EventManager : Event: ======'machine_var_audits_switches_s_coin_door_service_4'====== Args={'value': 0, 'prev_value': None, 'change': True}
2025-09-23 16:53:35,045 : INFO : EventManager : Event: ======'machine_var_audits_switches_s_e_iceman_target'====== Args={'value': 41, 'prev_value': None, 'change': True}
2025-09-23 16:53:35,045 : INFO : EventManager : Event: ======'machine_var_audits_switches_s_flight_gear_target'====== Args={'value': 6, 'prev_value': None, 'change': True}
2025-09-23 16:53:35,045 : INFO : EventManager : Event: ======'machine_var_audits_switches_s_flipper_left'====== Args={'value': 9, 'prev_value': None, 'change': True}
2025-09-23 16:53:35,045 : INFO : EventManager : Event: ======'machine_var_audits_switches_s_flipper_left_eos'====== Args={'value': 0, 'prev_value': None, 'change': True}
2025-09-23 16:53:35,045 : INFO : EventManager : Event: ======'machine_var_audits_switches_s_flipper_left_upper'====== Args={'value': 0, 'prev_value': None, 'change': True}
2025-09-23 16:53:35,045 : INFO : EventManager : Event: ======'machine_var_audits_switches_s_flipper_left_upper_eos'====== Args={'value': 0, 'prev_value': None, 'change': True}
2025-09-23 16:53:35,045 : INFO : EventManager : Event: ======'machine_var_audits_switches_s_flipper_right'====== Args={'value': 17, 'prev_value': None, 'change': True}
2025-09-23 16:53:35,045 : INFO : EventManager : Event: ======'machine_var_audits_switches_s_flipper_right_eos'====== Args={'value': 0, 'prev_value': None, 'change': True}
2025-09-23 16:53:35,045 : INFO : EventManager : Event: ======'machine_var_audits_switches_s_i_iceman_target'====== Args={'value': 3, 'prev_value': None, 'change': True}
2025-09-23 16:53:35,045 : INFO : EventManager : Event: ======'machine_var_audits_switches_s_inlane_left'====== Args={'value': 53, 'prev_value': None, 'change': True}
2025-09-23 16:53:35,045 : INFO : EventManager : Event: ======'machine_var_audits_switches_s_inner_inlane_right'====== Args={'value': 5, 'prev_value': None, 'change': True}
2025-09-23 16:53:35,045 : INFO : EventManager : Event: ======'machine_var_audits_switches_s_jam'====== Args={'value': 6, 'prev_value': None, 'change': True}
2025-09-23 16:53:35,045 : INFO : EventManager : Event: ======'machine_var_audits_switches_s_k_lock_target'====== Args={'value': 5, 'prev_value': None, 'change': True}
2025-09-23 16:53:35,046 : INFO : EventManager : Event: ======'machine_var_audits_switches_s_l_lock_target'====== Args={'value': 5, 'prev_value': None, 'change': True}
2025-09-23 16:53:35,046 : INFO : EventManager : Event: ======'machine_var_audits_switches_s_lane_left'====== Args={'value': 1, 'prev_value': None, 'change': True}
2025-09-23 16:53:35,046 : INFO : EventManager : Event: ======'machine_var_audits_switches_s_lane_right'====== Args={'value': 1, 'prev_value': None, 'change': True}
2025-09-23 16:53:35,046 : INFO : EventManager : Event: ======'machine_var_audits_switches_s_lock_goose'====== Args={'value': 0, 'prev_value': None, 'change': True}
2025-09-23 16:53:35,046 : INFO : EventManager : Event: ======'machine_var_audits_switches_s_lock_mav'====== Args={'value': 0, 'prev_value': None, 'change': True}
2025-09-23 16:53:35,046 : INFO : EventManager : Event: ======'machine_var_audits_switches_s_lock_plunger'====== Args={'value': 0, 'prev_value': None, 'change': True}
2025-09-23 16:53:35,046 : INFO : EventManager : Event: ======'machine_var_audits_switches_s_m_iceman_target'====== Args={'value': 25, 'prev_value': None, 'change': True}
2025-09-23 16:53:35,046 : INFO : EventManager : Event: ======'machine_var_audits_switches_s_mig_lane_left'====== Args={'value': 0, 'prev_value': None, 'change': True}
2025-09-23 16:53:35,046 : INFO : EventManager : Event: ======'machine_var_audits_switches_s_mig_lane_right'====== Args={'value': 0, 'prev_value': None, 'change': True}
2025-09-23 16:53:35,046 : INFO : EventManager : Event: ======'machine_var_audits_switches_s_mode_start'====== Args={'value': 0, 'prev_value': None, 'change': True}
2025-09-23 16:53:35,046 : INFO : EventManager : Event: ======'machine_var_audits_switches_s_n_iceman_target'====== Args={'value': 33, 'prev_value': None, 'change': True}
2025-09-23 16:53:35,046 : INFO : EventManager : Event: ======'machine_var_audits_switches_s_o_lock_target'====== Args={'value': 5, 'prev_value': None, 'change': True}
2025-09-23 16:53:35,046 : INFO : EventManager : Event: ======'machine_var_audits_switches_s_orbit_left'====== Args={'value': 7, 'prev_value': None, 'change': True}
2025-09-23 16:53:35,046 : INFO : EventManager : Event: ======'machine_var_audits_switches_s_orbit_lower'====== Args={'value': 0, 'prev_value': None, 'change': True}
2025-09-23 16:53:35,046 : INFO : EventManager : Event: ======'machine_var_audits_switches_s_orbit_right'====== Args={'value': 10, 'prev_value': None, 'change': True}
2025-09-23 16:53:35,046 : INFO : EventManager : Event: ======'machine_var_audits_switches_s_orbit_upper'====== Args={'value': 0, 'prev_value': None, 'change': True}
2025-09-23 16:53:35,046 : INFO : EventManager : Event: ======'machine_var_audits_switches_s_outer_inlane_right'====== Args={'value': 5, 'prev_value': None, 'change': True}
2025-09-23 16:53:35,046 : INFO : EventManager : Event: ======'machine_var_audits_switches_s_outlane_left'====== Args={'value': 0, 'prev_value': None, 'change': True}
2025-09-23 16:53:35,046 : INFO : EventManager : Event: ======'machine_var_audits_switches_s_outlane_right'====== Args={'value': 4, 'prev_value': None, 'change': True}
2025-09-23 16:53:35,046 : INFO : EventManager : Event: ======'machine_var_audits_switches_s_plunger_lane'====== Args={'value': 62, 'prev_value': None, 'change': True}
2025-09-23 16:53:35,046 : INFO : EventManager : Event: ======'machine_var_audits_switches_s_ramp_inner_exit'====== Args={'value': 0, 'prev_value': None, 'change': True}
2025-09-23 16:53:35,046 : INFO : EventManager : Event: ======'machine_var_audits_switches_s_ramp_left_exit'====== Args={'value': 0, 'prev_value': None, 'change': True}
2025-09-23 16:53:35,047 : INFO : EventManager : Event: ======'machine_var_audits_switches_s_ramp_right_exit'====== Args={'value': 0, 'prev_value': None, 'change': True}
2025-09-23 16:53:35,047 : INFO : EventManager : Event: ======'machine_var_audits_switches_s_ramp_tower_exit'====== Args={'value': 0, 'prev_value': None, 'change': True}
2025-09-23 16:53:35,047 : INFO : EventManager : Event: ======'machine_var_audits_switches_s_shooter_lane'====== Args={'value': 0, 'prev_value': None, 'change': True}
2025-09-23 16:53:35,047 : INFO : EventManager : Event: ======'machine_var_audits_switches_s_slingshot_left'====== Args={'value': 8, 'prev_value': None, 'change': True}
2025-09-23 16:53:35,047 : INFO : EventManager : Event: ======'machine_var_audits_switches_s_slingshot_right'====== Args={'value': 9, 'prev_value': None, 'change': True}
2025-09-23 16:53:35,047 : INFO : EventManager : Event: ======'machine_var_audits_switches_s_spinner'====== Args={'value': 0, 'prev_value': None, 'change': True}
2025-09-23 16:53:35,047 : INFO : EventManager : Event: ======'machine_var_audits_switches_s_start'====== Args={'value': 137, 'prev_value': None, 'change': True}
2025-09-23 16:53:35,047 : INFO : EventManager : Event: ======'machine_var_audits_switches_s_tilt'====== Args={'value': 0, 'prev_value': None, 'change': True}
2025-09-23 16:53:35,047 : INFO : EventManager : Event: ======'machine_var_audits_switches_s_trough_1'====== Args={'value': 2, 'prev_value': None, 'change': True}
2025-09-23 16:53:35,047 : INFO : EventManager : Event: ======'machine_var_audits_switches_s_trough_2'====== Args={'value': 1, 'prev_value': None, 'change': True}
2025-09-23 16:53:35,047 : INFO : EventManager : Event: ======'machine_var_audits_switches_s_trough_3'====== Args={'value': 1, 'prev_value': None, 'change': True}
2025-09-23 16:53:35,047 : INFO : EventManager : Event: ======'machine_var_audits_switches_s_trough_4'====== Args={'value': 0, 'prev_value': None, 'change': True}
2025-09-23 16:53:35,047 : INFO : EventManager : Event: ======'machine_var_audits_switches_s_trough_5'====== Args={'value': 0, 'prev_value': None, 'change': True}
2025-09-23 16:53:35,047 : INFO : EventManager : Event: ======'machine_var_audits_switches_s_trough_6'====== Args={'value': 73, 'prev_value': None, 'change': True}
2025-09-23 16:53:35,047 : INFO : EventManager : Event: ======'init_phase_5'====== Args={}
2025-09-23 16:53:35,048 : INFO : EventManager : Event: ======'init_done'====== Args={}
2025-09-23 16:53:35,048 : INFO : EventManager : Event: ======'machine_reset_phase_1'====== Args={}
2025-09-23 16:53:35,056 : INFO : EventManager : Event: ======'machine_reset_phase_2'====== Args={}
2025-09-23 16:53:35,056 : INFO : EventManager : Event: ======'machine_reset_phase_3'====== Args={}
2025-09-23 16:53:35,056 : INFO : EventManager : Event: ======'reset_complete'====== Args={}
2025-09-23 16:53:35,056 : INFO : EventManager : Event: ======'mode_service_will_start'====== Args={}
2025-09-23 16:53:35,058 : INFO : EventManager : Event: ======'mode_service_starting'====== Args={}
2025-09-23 16:53:35,058 : INFO : EventManager : Event: ======'mode_attract_will_start'====== Args={}
2025-09-23 16:53:35,058 : INFO : Timer.attract_carousel_timer : Starting Timer.
2025-09-23 16:53:35,058 : INFO : EventManager : Event: ======'timer_attract_carousel_timer_started'====== Args={'ticks': 0, 'ticks_remaining': 1}
2025-09-23 16:53:35,058 : INFO : EventManager : Event: ======'timer_attract_carousel_timer_tick'====== Args={'ticks': 0, 'ticks_remaining': 1}
2025-09-23 16:53:35,059 : INFO : EventManager : Event: ======'mode_attract_starting'====== Args={}
2025-09-23 16:53:35,059 : INFO : Mode.attract : Started. Priority: 10
2025-09-23 16:53:35,059 : INFO : EventManager : Event: ======'modes_active_modes_changed'====== Args={}
2025-09-23 16:53:35,059 : INFO : EventManager : Event: ======'mode_attract_started'====== Args={}
2025-09-23 16:53:35,059 : INFO : EventManager : Event: ======'attract_cycle_step1'====== Args={'priority': 0}
2025-09-23 16:53:35,060 : INFO : EventManager : Event: ======'collecting_balls_complete'====== Args={}
2025-09-23 16:53:35,060 : INFO : EventManager : Event: ======'item_highlighted'====== Args={'carousel': 'attract', 'direction': None, 'item': 'title'}
2025-09-23 16:53:35,060 : INFO : EventManager : Event: ======'timer_attract_carousel_timer_tick'====== Args={'ticks': 0, 'ticks_remaining': 1}
2025-09-23 16:53:35,061 : INFO : Mode.service : Started. Priority: 100000
2025-09-23 16:53:35,061 : INFO : EventManager : Event: ======'modes_active_modes_changed'====== Args={}
2025-09-23 16:53:35,061 : INFO : EventManager : Event: ======'mode_service_started'====== Args={}
2025-09-23 16:53:35,062 : INFO : Machine : Starting the main run loop with active modes: [<Mode.service>, <Mode.attract>]
2025-09-23 16:53:35,146 : INFO : EventManager : Event: ======'slide_attract_created'====== Args={'_from_bcp': True}
2025-09-23 16:53:35,147 : INFO : EventManager : Event: ======'slide__removed'====== Args={'_from_bcp': True}
2025-09-23 16:53:35,147 : INFO : EventManager : Event: ======'slide_attract_active'====== Args={'original_context': 'attract', 'original_calling_context': 'mode_attract_started', 'priority': 10.0, 'cmd': 'slides_play', '_from_bcp': True}
2025-09-23 16:53:41,554 : INFO : BcpServer : New client connected.
2025-09-23 16:53:42,055 : INFO : Timer.attract_carousel_timer : Timer Complete
2025-09-23 16:53:42,055 : INFO : Timer.attract_carousel_timer : Stopping Timer
2025-09-23 16:53:42,056 : INFO : EventManager : Event: ======'timer_attract_carousel_timer_stopped'====== Args={'ticks': 1, 'ticks_remaining': 1}
2025-09-23 16:53:42,056 : INFO : EventManager : Event: ======'timer_attract_carousel_timer_complete'====== Args={'ticks': 1, 'ticks_remaining': 1}
2025-09-23 16:53:42,058 : INFO : EventManager : Event: ======'item_highlighted'====== Args={'carousel': 'attract', 'direction': 'forwards', 'item': 'presented_by'}
2025-09-23 16:53:42,058 : INFO : Timer.attract_carousel_timer : Starting Timer.
2025-09-23 16:53:42,058 : INFO : EventManager : Event: ======'timer_attract_carousel_timer_started'====== Args={'ticks': 0, 'ticks_remaining': 1}
2025-09-23 16:53:42,059 : INFO : EventManager : Event: ======'timer_attract_carousel_timer_tick'====== Args={'ticks': 0, 'ticks_remaining': 1}
2025-09-23 16:53:47,260 : INFO : EventManager : Event: ======'attract_cycle_step2'====== Args={}
2025-09-23 16:53:49,060 : INFO : Timer.attract_carousel_timer : Timer Complete
2025-09-23 16:53:49,060 : INFO : Timer.attract_carousel_timer : Stopping Timer
2025-09-23 16:53:49,060 : INFO : EventManager : Event: ======'timer_attract_carousel_timer_stopped'====== Args={'ticks': 1, 'ticks_remaining': 1}
2025-09-23 16:53:49,060 : INFO : EventManager : Event: ======'timer_attract_carousel_timer_complete'====== Args={'ticks': 1, 'ticks_remaining': 1}
2025-09-23 16:53:49,061 : INFO : EventManager : Event: ======'item_highlighted'====== Args={'carousel': 'attract', 'direction': 'forwards', 'item': 'hotrod_pinball_logo'}
2025-09-23 16:53:49,061 : INFO : Timer.attract_carousel_timer : Starting Timer.
2025-09-23 16:53:49,061 : INFO : EventManager : Event: ======'timer_attract_carousel_timer_started'====== Args={'ticks': 0, 'ticks_remaining': 1}
2025-09-23 16:53:49,062 : INFO : EventManager : Event: ======'timer_attract_carousel_timer_tick'====== Args={'ticks': 0, 'ticks_remaining': 1}
2025-09-23 16:53:55,299 : INFO : SwitchController : <<<<<<< 's_start' active >>>>>>>
2025-09-23 16:53:55,442 : INFO : SwitchController : <<<<<<< 's_start' inactive >>>>>>>
2025-09-23 16:53:55,442 : INFO : EventManager : Event: ======'sw_start_inactive'====== Args={}
2025-09-23 16:53:55,442 : INFO : EventManager : Event: ======'request_to_start_game'====== Args={}
2025-09-23 16:53:55,446 : INFO : EventManager : Event: ======'game_start'====== Args={'buttons': [], 'hold_time': 0.13999999995576218}
2025-09-23 16:53:55,446 : INFO : EventManager : Event: ======'mode_game_will_start'====== Args={'buttons': [], 'hold_time': 0.13999999995576218}
2025-09-23 16:53:55,447 : INFO : EventManager : Event: ======'mode_game_starting'====== Args={'buttons': [], 'hold_time': 0.13999999995576218}
2025-09-23 16:53:55,447 : INFO : EventManager : Event: ======'mode_attract_will_stop'====== Args={}
2025-09-23 16:53:55,447 : INFO : EventManager : Event: ======'mode_attract_stopping'====== Args={}
2025-09-23 16:53:55,447 : INFO : Mode.game : Started. Priority: 20
2025-09-23 16:53:55,448 : INFO : EventManager : Event: ======'modes_active_modes_changed'====== Args={}
2025-09-23 16:53:55,448 : INFO : EventManager : Event: ======'mode_game_started'====== Args={'buttons': [], 'hold_time': 0.13999999995576218}
2025-09-23 16:53:55,449 : INFO : Mode.attract : Stopped.
2025-09-23 16:53:55,449 : INFO : EventManager : Event: ======'modes_active_modes_changed'====== Args={}
2025-09-23 16:53:55,449 : INFO : EventManager : Event: ======'mode_attract_stopped'====== Args={}
2025-09-23 16:53:55,449 : INFO : EventManager : Event: ======'clear'====== Args={'key': 'attract'}
2025-09-23 16:53:55,451 : INFO : Timer.attract_carousel_timer : Stopping Timer
2025-09-23 16:53:55,451 : INFO : EventManager : Event: ======'timer_attract_carousel_timer_stopped'====== Args={'ticks': 0, 'ticks_remaining': 1}
2025-09-23 16:53:55,451 : INFO : EventManager : Event: ======'game_will_start'====== Args={}
2025-09-23 16:53:55,453 : INFO : EventManager : Event: ======'game_starting'====== Args={'game': <Mode.game>}
2025-09-23 16:53:55,457 : INFO : EventManager : Unordered handler for class <Auditor> on event game_ended with priority 1. Handlers: [RegisteredHandler(callback=<bound method Auditor.disable of <Auditor>>, priority=1, kwargs={}, key=UUID('13379438-a19b-467e-993d-0ffa4f11252c'), condition=None, blocking_facility=None), RegisteredHandler(callback=<bound method Auditor._save_audits of <Auditor>>, priority=1, kwargs={}, key=UUID('2310cb88-3427-4408-b60a-91e09f4a16ed'), condition=None, blocking_facility=None)]. The order of those handlers is not defined and they will be executed in random order. This might lead to race conditions and potential bugs.
2025-09-23 16:53:55,457 : INFO : EventManager : Event: ======'player_add_request'====== Args={}
2025-09-23 16:53:55,457 : INFO : EventManager : Event: ======'player_will_add'====== Args={'number': 1}
2025-09-23 16:53:55,457 : INFO : EventManager : Event: ======'player_adding'====== Args={'player': <Player 1>, 'number': 1}
2025-09-23 16:53:55,457 : INFO : EventManager : Event: ======'player_added'====== Args={'player': <Player 1>, 'num': 1}
2025-09-23 16:53:55,458 : INFO : Mode.game : Player added successfully. Total players: 1
2025-09-23 16:53:55,458 : INFO : EventManager : Event: ======'player_index'====== Args={'value': 0, 'prev_value': 0, 'change': 0, 'player_num': 1}
2025-09-23 16:53:55,458 : INFO : EventManager : Event: ======'player_number'====== Args={'value': 1, 'prev_value': 1, 'change': 0, 'player_num': 1}
2025-09-23 16:53:55,458 : INFO : EventManager : Event: ======'player_score'====== Args={'value': 0, 'prev_value': 0, 'change': 0, 'player_num': 1}
2025-09-23 16:53:55,459 : INFO : EventManager : Event: ======'game_started'====== Args={}
2025-09-23 16:53:55,460 : INFO : EventManager : Event: ======'player_turn_will_start'====== Args={'player': <Player 1>, 'number': 1}
2025-09-23 16:53:55,460 : INFO : EventManager : Event: ======'player_turn_starting'====== Args={'player': <Player 1>, 'number': 1}
2025-09-23 16:53:55,461 : INFO : EventManager : Event: ======'player_ball'====== Args={'value': 1, 'prev_value': 0, 'change': 1, 'player_num': 1}
2025-09-23 16:53:55,466 : INFO : EventManager : Event: ======'player_turn_started'====== Args={'player': <Player 1>, 'number': 1}
2025-09-23 16:53:55,468 : INFO : EventManager : Event: ======'ui_player_1_up'====== Args={'priority': 0}
2025-09-23 16:53:55,469 : INFO : EventManager : Event: ======'ball_will_start'====== Args={'player': 1, 'ball': 1, 'balls_remaining': 2, 'is_extra_ball': False}
2025-09-23 16:53:55,470 : INFO : EventManager : Event: ======'ball_starting'====== Args={'player': 1, 'ball': 1, 'balls_remaining': 2, 'is_extra_ball': False}
2025-09-23 16:53:55,470 : INFO : EventManager : Event: ======'mode_base_will_start'====== Args={'queue': <QueuedEvent>, 'player': 1, 'ball': 1, 'balls_remaining': 2, 'is_extra_ball': False}
2025-09-23 16:53:55,471 : INFO : EventManager : Event: ======'mode_base_starting'====== Args={'queue': <QueuedEvent>, 'player': 1, 'ball': 1, 'balls_remaining': 2, 'is_extra_ball': False}
2025-09-23 16:53:55,472 : INFO : Mode.base : Started. Priority: 100
2025-09-23 16:53:55,472 : INFO : EventManager : Event: ======'modes_active_modes_changed'====== Args={}
2025-09-23 16:53:55,472 : INFO : EventManager : Event: ======'mode_base_started'====== Args={'queue': <QueuedEvent>, 'player': 1, 'ball': 1, 'balls_remaining': 2, 'is_extra_ball': False}
2025-09-23 16:53:55,473 : INFO : EventManager : Event: ======'start_mode_bumpers'====== Args={'priority': 0}
2025-09-23 16:53:55,473 : INFO : EventManager : Event: ======'mode_bumpers_will_start'====== Args={'priority': 0}
2025-09-23 16:53:55,473 : INFO : EventManager : Event: ======'player_shot_bumper_left_enabled'====== Args={'value': True, 'prev_value': 0, 'change': 1, 'player_num': 1}
2025-09-23 16:53:55,473 : INFO : EventManager : Event: ======'player_shot_bumper_center_enabled'====== Args={'value': True, 'prev_value': 0, 'change': 1, 'player_num': 1}
2025-09-23 16:53:55,474 : INFO : EventManager : Event: ======'player_shot_bumper_right_enabled'====== Args={'value': True, 'prev_value': 0, 'change': 1, 'player_num': 1}
2025-09-23 16:53:55,474 : INFO : EventManager : Event: ======'bumpers_complete'====== Args={'state': 'unlit'}
2025-09-23 16:53:55,474 : INFO : EventManager : Event: ======'bumpers_unlit_complete'====== Args={}
2025-09-23 16:53:55,475 : INFO : EventManager : Event: ======'mode_bumpers_starting'====== Args={'priority': 0}
2025-09-23 16:53:55,475 : INFO : Mode.bumpers : Started. Priority: 200
2025-09-23 16:53:55,475 : INFO : EventManager : Event: ======'modes_active_modes_changed'====== Args={}
2025-09-23 16:53:55,475 : INFO : EventManager : Event: ======'mode_bumpers_started'====== Args={'priority': 0}
2025-09-23 16:53:55,475 : INFO : EventManager : Event: ======'balls_in_play'====== Args={'balls': 1}
2025-09-23 16:53:55,475 : INFO : EventManager : Event: ======'ball_started'====== Args={'player': 1, 'ball': 1, 'balls_remaining': 2, 'is_extra_ball': False}
2025-09-23 16:53:55,476 : INFO : EventManager : Event: ======'single_player_ball_started'====== Args={}
2025-09-23 16:53:55,478 : INFO : EventManager : Event: ======'ball_start_target'====== Args={'target': 'playfield'}
2025-09-23 16:53:55,478 : INFO : ball_device.bd_plunger : Setting up player-controlled eject. Balls: 1, Target: <playfield.playfield>, player_controlled_eject_event: None
2025-09-23 16:53:55,479 : INFO : EventManager : Event: ======'balldevice_balls_available'====== Args={}
2025-09-23 16:53:55,480 : INFO : ball_device.bd_trough : State: waiting_for_target_ready
2025-09-23 16:53:55,480 : INFO : EventManager : Event: ======'balldevice_bd_trough_ball_eject_attempt'====== Args={'balls': 1, 'target': <ball_device.bd_plunger>, 'source': <ball_device.bd_trough>, 'mechanical_eject': True, 'num_attempts': 0}
2025-09-23 16:53:55,481 : INFO : ball_device.bd_plunger : State: waiting_for_ball
2025-09-23 16:53:55,481 : INFO : ball_device.bd_trough : State: ejecting
2025-09-23 16:53:55,481 : INFO : ball_device.bd_trough : Ejecting ball to <ball_device.bd_plunger>
2025-09-23 16:53:55,481 : INFO : EventManager : Event: ======'balldevice_bd_trough_ejecting_ball'====== Args={'balls': 1, 'target': <ball_device.bd_plunger>, 'source': <ball_device.bd_trough>, 'mechanical_eject': True, 'num_attempts': 0}
2025-09-23 16:53:55,483 : INFO : ball_device.bd_trough : Wait for ball to leave device
2025-09-23 16:53:55,483 : INFO : coil.c_trough_eject : Pulsing Driver for 10ms (0.75 pulse_power)
2025-09-23 16:53:55,555 : INFO : EventManager : Event: ======'slide_base_slide_created'====== Args={'_from_bcp': True}
2025-09-23 16:53:55,555 : INFO : EventManager : Event: ======'slide_attract_inactive'====== Args={'is_removing': True, '_from_bcp': True}
2025-09-23 16:53:55,556 : INFO : EventManager : Event: ======'slide_base_slide_active'====== Args={'original_context': 'base', 'original_calling_context': 'mode_base_started', 'priority': 100.0, 'queue': '<QueuedEvent>', 'player': 1.0, 'ball': 1.0, 'balls_remaining': 2.0, 'is_extra_ball': False, 'cmd': 'slides_play', '_from_bcp': True}
2025-09-23 16:53:55,559 : INFO : EventManager : Event: ======'slide_attract_removed'====== Args={'_from_bcp': True}
2025-09-23 16:53:56,597 : INFO : SwitchController : <<<<<<< 's_start' active >>>>>>>
2025-09-23 16:53:56,597 : INFO : EventManager : Event: ======'sw_start'====== Args={}
2025-09-23 16:53:56,597 : INFO : EventManager : Event: ======'machine_var_audits_switches_s_start'====== Args={'value': 138, 'prev_value': 137, 'change': 1}
2025-09-23 16:53:56,598 : INFO : EventManager : Event: ======'player_add_request'====== Args={}
2025-09-23 16:53:56,599 : INFO : EventManager : Event: ======'player_will_add'====== Args={'number': 2}
2025-09-23 16:53:56,599 : INFO : EventManager : Event: ======'player_adding'====== Args={'player': <Player 2>, 'number': 2}
2025-09-23 16:53:56,599 : INFO : EventManager : Event: ======'player_added'====== Args={'player': <Player 2>, 'num': 2}
2025-09-23 16:53:56,599 : INFO : Mode.game : Player added successfully. Total players: 2
2025-09-23 16:53:56,599 : INFO : EventManager : Event: ======'multiplayer_game'====== Args={}
2025-09-23 16:53:56,599 : INFO : EventManager : Event: ======'player_index'====== Args={'value': 1, 'prev_value': 1, 'change': 0, 'player_num': 2}
2025-09-23 16:53:56,600 : INFO : EventManager : Event: ======'player_number'====== Args={'value': 2, 'prev_value': 2, 'change': 0, 'player_num': 2}
2025-09-23 16:53:56,600 : INFO : EventManager : Event: ======'player_score'====== Args={'value': 0, 'prev_value': 0, 'change': 0, 'player_num': 2}
2025-09-23 16:53:56,721 : INFO : SwitchController : <<<<<<< 's_start' inactive >>>>>>>
2025-09-23 16:53:56,721 : INFO : EventManager : Event: ======'sw_start_inactive'====== Args={}
2025-09-23 16:53:58,491 : INFO : EventManager : Event: ======'balldevice_bd_trough_ball_eject_failed'====== Args={'target': <ball_device.bd_plunger>, 'balls': 1, 'retry': True, 'num_attempts': 1}
2025-09-23 16:53:58,493 : INFO : ball_device.bd_trough : State: waiting_for_target_ready
2025-09-23 16:53:58,493 : INFO : EventManager : Event: ======'balldevice_bd_trough_ball_eject_attempt'====== Args={'balls': 1, 'target': <ball_device.bd_plunger>, 'source': <ball_device.bd_trough>, 'mechanical_eject': True, 'num_attempts': 1}
2025-09-23 16:53:58,494 : INFO : ball_device.bd_trough : State: ejecting
2025-09-23 16:53:58,494 : INFO : ball_device.bd_trough : Ejecting ball to <ball_device.bd_plunger>
2025-09-23 16:53:58,494 : INFO : EventManager : Event: ======'balldevice_bd_trough_ejecting_ball'====== Args={'balls': 1, 'target': <ball_device.bd_plunger>, 'source': <ball_device.bd_trough>, 'mechanical_eject': True, 'num_attempts': 1}
2025-09-23 16:53:58,495 : INFO : ball_device.bd_trough : Wait for ball to leave device
2025-09-23 16:53:58,495 : INFO : coil.c_trough_eject : Pulsing Driver for 10ms (0.75 pulse_power)
2025-09-23 16:53:58,542 : INFO : SwitchController : <<<<<<< 's_trough_6' inactive >>>>>>>
2025-09-23 16:53:58,542 : INFO : ball_device.bd_trough : State: ball_left
2025-09-23 16:53:58,542 : INFO : ball_device.bd_trough : Ball left
2025-09-23 16:53:58,543 : INFO : ball_device.bd_trough : Wait for confirm with timeout 3.0
2025-09-23 16:54:00,214 : INFO : SwitchController : <<<<<<< 's_shooter_lane' active >>>>>>>
2025-09-23 16:54:00,214 : INFO : EventManager : Event: ======'machine_var_audits_switches_s_shooter_lane'====== Args={'value': 1, 'prev_value': 0, 'change': 1}
2025-09-23 16:54:00,518 : INFO : ball_device.bd_plunger : Received ball from <ball_device.bd_trough>
2025-09-23 16:54:00,518 : INFO : EventManager : Event: ======'balldevice_bd_plunger_ball_enter'====== Args={'new_balls': 1, 'unclaimed_balls': 0, 'new_available_balls': 0, 'device': <ball_device.bd_plunger>}
2025-09-23 16:54:00,519 : INFO : EventManager : Event: ======'balldevice_bd_plunger_ball_entered'====== Args={'new_balls': 0, 'device': <ball_device.bd_plunger>}
2025-09-23 16:54:00,520 : INFO : EventManager : Event: ======'balldevice_bd_plunger_ball_count_changed'====== Args={'balls': 1}
2025-09-23 16:54:00,520 : INFO : ball_device.bd_trough : Got eject confirm
2025-09-23 16:54:00,520 : INFO : ball_device.bd_trough : Eject successful
2025-09-23 16:54:00,520 : INFO : EventManager : Event: ======'balldevice_bd_trough_ball_eject_success'====== Args={'balls': 1, 'target': <ball_device.bd_plunger>}
2025-09-23 16:54:00,520 : INFO : EventManager : Event: ======'balldevice_bd_trough_ball_count_changed'====== Args={'balls': 5}
2025-09-23 16:54:00,521 : INFO : ball_device.bd_trough : State: idle
2025-09-23 16:54:00,521 : INFO : ball_device.bd_plunger : State: waiting_for_target_ready
2025-09-23 16:54:00,521 : INFO : EventManager : Event: ======'balldevice_bd_plunger_ball_eject_attempt'====== Args={'balls': 1, 'target': <playfield.playfield>, 'source': <ball_device.bd_plunger>, 'mechanical_eject': True, 'num_attempts': 0}
2025-09-23 16:54:00,521 : INFO : ball_device.bd_plunger : State: ejecting
2025-09-23 16:54:00,521 : INFO : ball_device.bd_plunger : Ejecting ball to <playfield.playfield>
2025-09-23 16:54:00,521 : INFO : EventManager : Event: ======'balldevice_bd_plunger_ejecting_ball'====== Args={'balls': 1, 'target': <playfield.playfield>, 'source': <ball_device.bd_plunger>, 'mechanical_eject': True, 'num_attempts': 0}
2025-09-23 16:54:00,523 : INFO : ball_device.bd_plunger : Wait for ball to leave device
2025-09-23 16:54:10,984 : INFO : SwitchController : <<<<<<< 's_shooter_lane' inactive >>>>>>>
2025-09-23 16:54:10,985 : INFO : ball_device.bd_plunger : State: ball_left
2025-09-23 16:54:10,985 : INFO : ball_device.bd_plunger : Ball left
2025-09-23 16:54:10,985 : INFO : ball_device.bd_plunger : Wait for confirm with timeout 3.0
2025-09-23 16:54:13,973 : INFO : ball_device.bd_plunger : State: failed_confirm
2025-09-23 16:54:13,974 : INFO : ball_device.bd_plunger : Got timeout (3.0s) before confirm from <playfield.playfield>
2025-09-23 16:54:14,066 : INFO : ball_device.bd_plunger : Confirming eject because target is playfield and ball did not return.
2025-09-23 16:54:14,066 : INFO : ball_device.bd_plunger : Eject successful
2025-09-23 16:54:14,066 : INFO : EventManager : Event: ======'balldevice_bd_plunger_ball_eject_success'====== Args={'balls': 1, 'target': <playfield.playfield>}
2025-09-23 16:54:14,067 : INFO : EventManager : Event: ======'balldevice_playfield_ball_enter'====== Args={'new_balls': 1, 'unclaimed_balls': 1, 'device': <playfield.playfield>}
2025-09-23 16:54:14,067 : INFO : EventManager : Event: ======'playfield_ball_count_change'====== Args={'balls': 1, 'change': 1}
2025-09-23 16:54:14,068 : INFO : EventManager : Event: ======'balldevice_bd_plunger_ball_count_changed'====== Args={'balls': 0}
2025-09-23 16:54:14,068 : INFO : ball_device.bd_plunger : State: idle
2025-09-23 16:54:14,273 : INFO : SwitchController : <<<<<<< 's_orbit_upper' active >>>>>>>
2025-09-23 16:54:14,273 : INFO : EventManager : Event: ======'sw_playfield_active'====== Args={}
2025-09-23 16:54:14,273 : INFO : EventManager : Event: ======'sw_playfield_active'====== Args={}
2025-09-23 16:54:14,273 : INFO : EventManager : Event: ======'machine_var_audits_switches_s_orbit_upper'====== Args={'value': 1, 'prev_value': 0, 'change': 1}
2025-09-23 16:54:14,389 : INFO : SwitchController : <<<<<<< 's_orbit_upper' inactive >>>>>>>
2025-09-23 16:54:16,032 : INFO : SwitchController : <<<<<<< 's_mig_lane_right' active >>>>>>>
2025-09-23 16:54:16,032 : INFO : EventManager : Event: ======'sw_playfield_active'====== Args={}
2025-09-23 16:54:16,032 : INFO : EventManager : Event: ======'sw_playfield_active'====== Args={}
2025-09-23 16:54:16,032 : INFO : EventManager : Event: ======'machine_var_audits_switches_s_mig_lane_right'====== Args={'value': 1, 'prev_value': 0, 'change': 1}
2025-09-23 16:54:16,188 : INFO : SwitchController : <<<<<<< 's_mig_lane_right' inactive >>>>>>>
2025-09-23 16:54:17,008 : INFO : SwitchController : <<<<<<< 's_mig_lane_left' active >>>>>>>
2025-09-23 16:54:17,008 : INFO : EventManager : Event: ======'sw_playfield_active'====== Args={}
2025-09-23 16:54:17,009 : INFO : EventManager : Event: ======'sw_playfield_active'====== Args={}
2025-09-23 16:54:17,009 : INFO : EventManager : Event: ======'machine_var_audits_switches_s_mig_lane_left'====== Args={'value': 1, 'prev_value': 0, 'change': 1}
2025-09-23 16:54:17,156 : INFO : SwitchController : <<<<<<< 's_mig_lane_left' inactive >>>>>>>
2025-09-23 16:54:20,869 : INFO : SwitchController : <<<<<<< 's_trough_6' active >>>>>>>
2025-09-23 16:54:20,869 : INFO : EventManager : Event: ======'machine_var_audits_switches_s_trough_6'====== Args={'value': 74, 'prev_value': 73, 'change': 1}
2025-09-23 16:54:21,182 : INFO : EventManager : Event: ======'balldevice_bd_trough_ball_count_changed'====== Args={'balls': 6}
2025-09-23 16:54:21,182 : INFO : ball_device.bd_trough : Received unexpected ball
2025-09-23 16:54:21,182 : INFO : EventManager : Event: ======'balldevice_captured_from_playfield'====== Args={'balls': 1}
2025-09-23 16:54:21,183 : INFO : EventManager : Event: ======'sw_playfield_active'====== Args={'balls': 1}
2025-09-23 16:54:21,183 : INFO : EventManager : Event: ======'playfield_ball_count_change'====== Args={'balls': 0, 'change': -1}
2025-09-23 16:54:21,184 : INFO : EventManager : Event: ======'balldevice_bd_trough_ball_enter'====== Args={'new_balls': 1, 'unclaimed_balls': 1, 'new_available_balls': 1, 'device': <ball_device.bd_trough>}
2025-09-23 16:54:21,184 : INFO : EventManager : Event: ======'ball_drain'====== Args={'device': <ball_device.bd_trough>, 'balls': 1}
2025-09-23 16:54:21,185 : INFO : EventManager : Event: ======'ball_will_end'====== Args={}
2025-09-23 16:54:21,185 : INFO : EventManager : Event: ======'balldevice_balls_available'====== Args={}
2025-09-23 16:54:21,185 : INFO : EventManager : Event: ======'balldevice_bd_trough_ball_entered'====== Args={'new_balls': 1, 'device': <ball_device.bd_trough>}
2025-09-23 16:54:21,186 : INFO : EventManager : Event: ======'mode_base_will_stop'====== Args={}
2025-09-23 16:54:21,186 : INFO : EventManager : Event: ======'mode_base_stopping'====== Args={}
2025-09-23 16:54:21,187 : INFO : EventManager : Event: ======'stop_mode_bumpers'====== Args={'priority': 0}
2025-09-23 16:54:21,187 : INFO : EventManager : Event: ======'mode_bumpers_will_stop'====== Args={}
2025-09-23 16:54:21,187 : INFO : EventManager : Event: ======'mode_bumpers_stopping'====== Args={}
2025-09-23 16:54:21,187 : INFO : Mode.base : Stopped.
2025-09-23 16:54:21,187 : INFO : EventManager : Event: ======'modes_active_modes_changed'====== Args={}
2025-09-23 16:54:21,188 : INFO : EventManager : Event: ======'mode_base_stopped'====== Args={}
2025-09-23 16:54:21,188 : INFO : EventManager : Event: ======'clear'====== Args={'key': 'base'}
2025-09-23 16:54:21,188 : INFO : Mode.bumpers : Stopped.
2025-09-23 16:54:21,189 : INFO : EventManager : Event: ======'modes_active_modes_changed'====== Args={}
2025-09-23 16:54:21,189 : INFO : EventManager : Event: ======'mode_bumpers_stopped'====== Args={}
2025-09-23 16:54:21,189 : INFO : EventManager : Event: ======'clear'====== Args={'key': 'bumpers'}
2025-09-23 16:54:21,189 : INFO : EventManager : Event: ======'ball_ending'====== Args={}
2025-09-23 16:54:21,191 : INFO : EventManager : Event: ======'ball_ended'====== Args={}
2025-09-23 16:54:21,192 : INFO : EventManager : Event: ======'player_turn_will_end'====== Args={'player': <Player 1>, 'number': 1}
2025-09-23 16:54:21,192 : INFO : EventManager : Event: ======'player_turn_ending'====== Args={'player': <Player 1>, 'number': 1}
2025-09-23 16:54:21,193 : INFO : EventManager : Event: ======'player_turn_ended'====== Args={'player': <Player 1>, 'number': 1}
2025-09-23 16:54:21,193 : INFO : EventManager : Event: ======'player_turn_will_start'====== Args={'player': <Player 2>, 'number': 2}
2025-09-23 16:54:21,194 : INFO : EventManager : Event: ======'player_turn_starting'====== Args={'player': <Player 2>, 'number': 2}
2025-09-23 16:54:21,194 : INFO : EventManager : Event: ======'player_ball'====== Args={'value': 1, 'prev_value': 0, 'change': 1, 'player_num': 2}
2025-09-23 16:54:21,195 : INFO : EventManager : Event: ======'player_turn_started'====== Args={'player': <Player 2>, 'number': 2}
2025-09-23 16:54:21,195 : INFO : EventManager : Event: ======'ui_player_2_up'====== Args={'priority': 0}
2025-09-23 16:54:21,196 : INFO : EventManager : Event: ======'ball_will_start'====== Args={'player': 2, 'ball': 1, 'balls_remaining': 2, 'is_extra_ball': False}
2025-09-23 16:54:21,196 : INFO : EventManager : Event: ======'ball_starting'====== Args={'player': 2, 'ball': 1, 'balls_remaining': 2, 'is_extra_ball': False}
2025-09-23 16:54:21,197 : INFO : EventManager : Event: ======'mode_base_will_start'====== Args={'queue': <QueuedEvent>, 'player': 2, 'ball': 1, 'balls_remaining': 2, 'is_extra_ball': False}
2025-09-23 16:54:21,197 : INFO : EventManager : Event: ======'mode_base_starting'====== Args={'queue': <QueuedEvent>, 'player': 2, 'ball': 1, 'balls_remaining': 2, 'is_extra_ball': False}
2025-09-23 16:54:21,198 : INFO : Mode.base : Started. Priority: 100
2025-09-23 16:54:21,199 : INFO : EventManager : Event: ======'modes_active_modes_changed'====== Args={}
2025-09-23 16:54:21,199 : INFO : EventManager : Event: ======'mode_base_started'====== Args={'queue': <QueuedEvent>, 'player': 2, 'ball': 1, 'balls_remaining': 2, 'is_extra_ball': False}
2025-09-23 16:54:21,199 : INFO : EventManager : Event: ======'start_mode_bumpers'====== Args={'priority': 0}
2025-09-23 16:54:21,199 : INFO : EventManager : Event: ======'mode_bumpers_will_start'====== Args={'priority': 0}
2025-09-23 16:54:21,200 : INFO : EventManager : Event: ======'player_shot_bumper_left_enabled'====== Args={'value': True, 'prev_value': 0, 'change': 1, 'player_num': 2}
2025-09-23 16:54:21,200 : INFO : EventManager : Event: ======'player_shot_bumper_center_enabled'====== Args={'value': True, 'prev_value': 0, 'change': 1, 'player_num': 2}
2025-09-23 16:54:21,200 : INFO : EventManager : Event: ======'player_shot_bumper_right_enabled'====== Args={'value': True, 'prev_value': 0, 'change': 1, 'player_num': 2}
2025-09-23 16:54:21,201 : INFO : EventManager : Event: ======'mode_bumpers_starting'====== Args={'priority': 0}
2025-09-23 16:54:21,201 : INFO : Mode.bumpers : Started. Priority: 200
2025-09-23 16:54:21,201 : INFO : EventManager : Event: ======'modes_active_modes_changed'====== Args={}
2025-09-23 16:54:21,201 : INFO : EventManager : Event: ======'mode_bumpers_started'====== Args={'priority': 0}
2025-09-23 16:54:21,201 : INFO : EventManager : Event: ======'balls_in_play'====== Args={'balls': 1}
2025-09-23 16:54:21,202 : INFO : EventManager : Event: ======'ball_started'====== Args={'player': 2, 'ball': 1, 'balls_remaining': 2, 'is_extra_ball': False}
2025-09-23 16:54:21,204 : INFO : EventManager : Event: ======'multi_player_ball_started'====== Args={}
2025-09-23 16:54:21,204 : INFO : EventManager : Event: ======'player_2_ball_started'====== Args={}
2025-09-23 16:54:21,205 : INFO : EventManager : Event: ======'ball_start_target'====== Args={'target': 'playfield'}
2025-09-23 16:54:21,205 : INFO : ball_device.bd_plunger : Setting up player-controlled eject. Balls: 1, Target: <playfield.playfield>, player_controlled_eject_event: None
2025-09-23 16:54:21,205 : INFO : EventManager : Event: ======'balldevice_balls_available'====== Args={}
2025-09-23 16:54:21,206 : INFO : ball_device.bd_trough : State: waiting_for_target_ready
2025-09-23 16:54:21,207 : INFO : EventManager : Event: ======'balldevice_bd_trough_ball_eject_attempt'====== Args={'balls': 1, 'target': <ball_device.bd_plunger>, 'source': <ball_device.bd_trough>, 'mechanical_eject': True, 'num_attempts': 0}
2025-09-23 16:54:21,207 : INFO : ball_device.bd_plunger : State: waiting_for_ball
2025-09-23 16:54:21,208 : INFO : ball_device.bd_trough : State: ejecting
2025-09-23 16:54:21,208 : INFO : ball_device.bd_trough : Ejecting ball to <ball_device.bd_plunger>
2025-09-23 16:54:21,208 : INFO : EventManager : Event: ======'balldevice_bd_trough_ejecting_ball'====== Args={'balls': 1, 'target': <ball_device.bd_plunger>, 'source': <ball_device.bd_trough>, 'mechanical_eject': True, 'num_attempts': 0}
2025-09-23 16:54:21,209 : INFO : ball_device.bd_trough : Wait for ball to leave device
2025-09-23 16:54:21,209 : INFO : coil.c_trough_eject : Pulsing Driver for 10ms (0.75 pulse_power)
2025-09-23 16:54:21,223 : INFO : EventManager : Event: ======'slide_base_slide_created'====== Args={'_from_bcp': True}
2025-09-23 16:54:21,224 : INFO : EventManager : Event: ======'slide_base_slide_inactive'====== Args={'is_removing': True, '_from_bcp': True}
2025-09-23 16:54:21,225 : INFO : EventManager : Event: ======'slide_base_slide_active'====== Args={'original_context': 'base', 'original_calling_context': 'mode_base_started', 'priority': 100.0, 'queue': '<QueuedEvent>', 'player': 2.0, 'ball': 1.0, 'balls_remaining': 2.0, 'is_extra_ball': False, 'cmd': 'slides_play', '_from_bcp': True}
2025-09-23 16:54:21,225 : INFO : EventManager : Event: ======'slide_base_slide_removed'====== Args={'_from_bcp': True}
2025-09-23 16:54:23,048 : INFO : SwitchController : <<<<<<< 's_trough_6' inactive >>>>>>>
2025-09-23 16:54:23,049 : INFO : ball_device.bd_trough : State: ball_left
2025-09-23 16:54:23,049 : INFO : ball_device.bd_trough : Ball left
2025-09-23 16:54:23,049 : INFO : ball_device.bd_trough : Wait for confirm with timeout 3.0
2025-09-23 16:54:23,915 : INFO : SwitchController : <<<<<<< 's_jam' active >>>>>>>
2025-09-23 16:54:23,915 : INFO : EventManager : Event: ======'machine_var_audits_switches_s_jam'====== Args={'value': 7, 'prev_value': 6, 'change': 1}
2025-09-23 16:54:24,017 : INFO : SwitchController : <<<<<<< 's_jam' inactive >>>>>>>
2025-09-23 16:54:24,751 : INFO : SwitchController : <<<<<<< 's_shooter_lane' active >>>>>>>
2025-09-23 16:54:24,751 : INFO : EventManager : Event: ======'machine_var_audits_switches_s_shooter_lane'====== Args={'value': 2, 'prev_value': 1, 'change': 1}
2025-09-23 16:54:25,067 : INFO : ball_device.bd_plunger : Received ball from <ball_device.bd_trough>
2025-09-23 16:54:25,067 : INFO : EventManager : Event: ======'balldevice_bd_plunger_ball_enter'====== Args={'new_balls': 1, 'unclaimed_balls': 0, 'new_available_balls': 0, 'device': <ball_device.bd_plunger>}
2025-09-23 16:54:25,068 : INFO : EventManager : Event: ======'balldevice_bd_plunger_ball_entered'====== Args={'new_balls': 0, 'device': <ball_device.bd_plunger>}
2025-09-23 16:54:25,068 : INFO : EventManager : Event: ======'balldevice_bd_plunger_ball_count_changed'====== Args={'balls': 1}
2025-09-23 16:54:25,069 : INFO : ball_device.bd_trough : Got eject confirm
2025-09-23 16:54:25,069 : INFO : ball_device.bd_trough : Eject successful
2025-09-23 16:54:25,069 : INFO : EventManager : Event: ======'balldevice_bd_trough_ball_eject_success'====== Args={'balls': 1, 'target': <ball_device.bd_plunger>}
2025-09-23 16:54:25,069 : INFO : EventManager : Event: ======'balldevice_bd_trough_ball_count_changed'====== Args={'balls': 5}
2025-09-23 16:54:25,069 : INFO : ball_device.bd_trough : State: idle
2025-09-23 16:54:25,070 : INFO : ball_device.bd_plunger : State: waiting_for_target_ready
2025-09-23 16:54:25,070 : INFO : EventManager : Event: ======'balldevice_bd_plunger_ball_eject_attempt'====== Args={'balls': 1, 'target': <playfield.playfield>, 'source': <ball_device.bd_plunger>, 'mechanical_eject': True, 'num_attempts': 0}
2025-09-23 16:54:25,070 : INFO : ball_device.bd_plunger : State: ejecting
2025-09-23 16:54:25,070 : INFO : ball_device.bd_plunger : Ejecting ball to <playfield.playfield>
2025-09-23 16:54:25,071 : INFO : EventManager : Event: ======'balldevice_bd_plunger_ejecting_ball'====== Args={'balls': 1, 'target': <playfield.playfield>, 'source': <ball_device.bd_plunger>, 'mechanical_eject': True, 'num_attempts': 0}
2025-09-23 16:54:25,071 : INFO : ball_device.bd_plunger : Wait for ball to leave device
2025-09-23 16:54:35,943 : INFO : SwitchController : <<<<<<< 's_shooter_lane' inactive >>>>>>>
2025-09-23 16:54:35,943 : INFO : EventManager : Event: ======'s_shooter_lane_inactive'====== Args={}
2025-09-23 16:54:35,944 : INFO : ball_device.bd_plunger : State: ball_left
2025-09-23 16:54:35,944 : INFO : ball_device.bd_plunger : Ball left
2025-09-23 16:54:35,945 : INFO : ball_device.bd_plunger : Wait for confirm with timeout 3.0
2025-09-23 16:54:38,942 : INFO : ball_device.bd_plunger : State: failed_confirm
2025-09-23 16:54:38,942 : INFO : ball_device.bd_plunger : Got timeout (3.0s) before confirm from <playfield.playfield>
2025-09-23 16:54:38,951 : INFO : SwitchController : <<<<<<< 's_mig_lane_left' active >>>>>>>
2025-09-23 16:54:38,951 : INFO : EventManager : Event: ======'sw_playfield_active'====== Args={}
2025-09-23 16:54:38,951 : INFO : EventManager : Event: ======'sw_playfield_active'====== Args={}
2025-09-23 16:54:38,952 : INFO : EventManager : Event: ======'machine_var_audits_switches_s_mig_lane_left'====== Args={'value': 2, 'prev_value': 1, 'change': 1}
2025-09-23 16:54:38,953 : INFO : EventManager : Event: ======'playfield_active'====== Args={'source': None}
2025-09-23 16:54:38,953 : INFO : EventManager : Event: ======'playfield_active'====== Args={'source': None}
2025-09-23 16:54:39,050 : INFO : ball_device.bd_plunger : Confirming eject because target is playfield and ball did not return.
2025-09-23 16:54:39,050 : INFO : ball_device.bd_plunger : Eject successful
2025-09-23 16:54:39,050 : INFO : EventManager : Event: ======'balldevice_bd_plunger_ball_eject_success'====== Args={'balls': 1, 'target': <playfield.playfield>}
2025-09-23 16:54:39,051 : INFO : EventManager : Event: ======'balldevice_playfield_ball_enter'====== Args={'new_balls': 1, 'unclaimed_balls': 1, 'device': <playfield.playfield>}
2025-09-23 16:54:39,051 : INFO : EventManager : Event: ======'playfield_ball_count_change'====== Args={'balls': 1, 'change': 1}
2025-09-23 16:54:39,051 : INFO : EventManager : Event: ======'balldevice_bd_plunger_ball_count_changed'====== Args={'balls': 0}
2025-09-23 16:54:39,052 : INFO : ball_device.bd_plunger : State: idle
2025-09-23 16:54:39,099 : INFO : SwitchController : <<<<<<< 's_mig_lane_left' inactive >>>>>>>
2025-09-23 16:54:54,063 : INFO : BallSearch.playfield : Starting ball search
2025-09-23 16:54:54,063 : INFO : EventManager : Event: ======'ball_search_started'====== Args={}
2025-09-23 16:54:54,063 : INFO : EventManager : Event: ======'ball_search_phase_1'====== Args={'iteration': 1}
2025-09-23 16:54:54,063 : INFO : coil.c_bumper_left : Pulsing Driver for 15ms (0.75 pulse_power)
2025-09-23 16:54:54,088 : INFO : Machine : Shutting down...
2025-09-23 16:54:54,088 : INFO : EventManager : Event: ======'shutdown'====== Args={}
2025-09-23 16:54:54,089 : INFO : EventManager : Event: ======'mode_service_will_stop'====== Args={}
2025-09-23 16:54:54,089 : INFO : EventManager : Event: ======'mode_service_stopping'====== Args={}
2025-09-23 16:54:54,090 : INFO : Mode.service : Stopped.
2025-09-23 16:54:54,090 : INFO : EventManager : Event: ======'modes_active_modes_changed'====== Args={}
2025-09-23 16:54:54,090 : INFO : EventManager : Event: ======'mode_service_stopped'====== Args={}
2025-09-23 16:54:54,090 : INFO : EventManager : Event: ======'clear'====== Args={'key': 'service'}
2025-09-23 16:54:54,091 : INFO : EventManager : Event: ======'mode_game_will_stop'====== Args={}
2025-09-23 16:54:54,091 : INFO : EventManager : Event: ======'mode_game_stopping'====== Args={}
2025-09-23 16:54:54,092 : INFO : EventManager : Event: ======'mode_bumpers_will_stop'====== Args={}
2025-09-23 16:54:54,092 : INFO : EventManager : Event: ======'mode_bumpers_stopping'====== Args={}
2025-09-23 16:54:54,092 : INFO : EventManager : Event: ======'mode_base_will_stop'====== Args={}
2025-09-23 16:54:54,092 : INFO : EventManager : Event: ======'mode_base_stopping'====== Args={}
2025-09-23 16:54:54,092 : INFO : EventManager : Event: ======'stop_mode_bumpers'====== Args={'priority': 0}
2025-09-23 16:54:54,093 : INFO : Mode.base : Stopped.
2025-09-23 16:54:54,093 : INFO : EventManager : Event: ======'modes_active_modes_changed'====== Args={}
2025-09-23 16:54:54,093 : INFO : EventManager : Event: ======'mode_base_stopped'====== Args={}
2025-09-23 16:54:54,093 : INFO : EventManager : Event: ======'clear'====== Args={'key': 'base'}
2025-09-23 16:54:54,093 : INFO : Mode.bumpers : Stopped.
2025-09-23 16:54:54,093 : INFO : EventManager : Event: ======'modes_active_modes_changed'====== Args={}
2025-09-23 16:54:54,093 : INFO : EventManager : Event: ======'mode_bumpers_stopped'====== Args={}
2025-09-23 16:54:54,093 : INFO : EventManager : Event: ======'clear'====== Args={'key': 'bumpers'}
2025-09-23 16:54:54,094 : INFO : Mode.game : Stopped.
2025-09-23 16:54:54,094 : INFO : EventManager : Event: ======'modes_active_modes_changed'====== Args={}
2025-09-23 16:54:54,094 : INFO : EventManager : Event: ======'mode_game_stopped'====== Args={}
2025-09-23 16:54:54,094 : INFO : EventManager : Event: ======'clear'====== Args={'key': 'game'}
2025-09-23 16:54:54,097 : INFO : root : MPF run loop ended.
