2025-09-24 15:58:39,965 : INFO : root : Loading config.
2025-09-24 15:58:39,969 : INFO : YamlMultifileConfigLoader : Machine config file #1: config.yaml
2025-09-24 15:58:39,969 : WARNING : ConfigProcessor : Config file in cache changed: C:\Users\White\Documents\Top_Gun_Pinball\config\config.yaml
2025-09-24 15:58:39,969 : INFO : ConfigProcessor : Loading config from file C:\Users\White\mpf\Lib\site-packages\mpf\mpfconfig.yaml.
2025-09-24 15:58:39,984 : INFO : ConfigProcessor : Loading config: C:\Users\White\mpf\Lib\site-packages\mpf\mpfconfig.yaml
2025-09-24 15:58:39,984 : INFO : ConfigProcessor : Loading config from file C:\Users\White\Documents\Top_Gun_Pinball\config\config.yaml.
2025-09-24 15:58:39,999 : INFO : ConfigProcessor : Loading config: C:\Users\White\Documents\Top_Gun_Pinball\config\config.yaml
2025-09-24 15:58:40,002 : INFO : ConfigProcessor : Loading config: C:\Users\White\Documents\Top_Gun_Pinball\config\config_autofire_coils.yaml
2025-09-24 15:58:40,004 : INFO : ConfigProcessor : Loading config: C:\Users\White\Documents\Top_Gun_Pinball\config\config_ball_devices.yaml
2025-09-24 15:58:40,012 : INFO : ConfigProcessor : Loading config: C:\Users\White\Documents\Top_Gun_Pinball\config\config_coils.yaml
2025-09-24 15:58:40,013 : INFO : ConfigProcessor : Loading config: C:\Users\White\Documents\Top_Gun_Pinball\config\config_flippers.yaml
2025-09-24 15:58:40,016 : INFO : ConfigProcessor : Loading config: C:\Users\White\Documents\Top_Gun_Pinball\config\config_hardware_fast.yaml
2025-09-24 15:58:40,026 : INFO : ConfigProcessor : Loading config: C:\Users\White\Documents\Top_Gun_Pinball\config\config_lights.yaml
2025-09-24 15:58:40,034 : INFO : ConfigProcessor : Loading config: C:\Users\White\Documents\Top_Gun_Pinball\config\config_switches.yaml
2025-09-24 15:58:40,037 : INFO : ConfigProcessor : Loading config: C:\Users\White\Documents\Top_Gun_Pinball\config\variable_player.yaml
2025-09-24 15:58:40,042 : INFO : ConfigProcessor : Config file cache created: C:\Users\White\AppData\Local\Temp\cfa6ecba65704a931c9dd214c44986c8.mpf_cache
2025-09-24 15:58:40,151 : INFO : ConfigProcessor : Loading config from cache: C:\Users\White\AppData\Local\Temp\f98ffc0ff5962effface7d86bc406d5c.mpf_cache
2025-09-24 15:58:40,153 : INFO : ConfigProcessor : Loading config from cache: C:\Users\White\AppData\Local\Temp\91cc4d1c993c58dc354e34974b9cfeac.mpf_cache
2025-09-24 15:58:40,153 : INFO : ConfigProcessor : Loading config from cache: C:\Users\White\AppData\Local\Temp\f98ffc0ff5962effface7d86bc406d5c.mpf_cache
2025-09-24 15:58:40,154 : INFO : ConfigProcessor : Loading config from cache: C:\Users\White\AppData\Local\Temp\76792f1d686f89709887dba7bd69667a.mpf_cache
2025-09-24 15:58:40,154 : INFO : ConfigProcessor : Loading config from cache: C:\Users\White\AppData\Local\Temp\142bbae4707335cc8e3efaa4364c4893.mpf_cache
2025-09-24 15:58:40,155 : WARNING : ConfigProcessor : Config file in cache changed: C:\Users\White\Documents\Top_Gun_Pinball\modes\skillshot\config\skillshot.yaml
2025-09-24 15:58:40,155 : INFO : ConfigProcessor : Loading config from file C:\Users\White\Documents\Top_Gun_Pinball\modes\skillshot\config\skillshot.yaml.
