2025-09-05 14:45:30,426 : INFO : root : Loading config.
2025-09-05 14:45:30,430 : INFO : YamlMultifileConfigLoader : Machine config file #1: config.yaml
2025-09-05 14:45:30,432 : INFO : ConfigProcessor : Loading config from cache: C:\Users\White\AppData\Local\Temp\cfa6ecba65704a931c9dd214c44986c8.mpf_cache
2025-09-05 14:45:30,531 : INFO : ConfigProcessor : Loading config from cache: C:\Users\White\AppData\Local\Temp\f98ffc0ff5962effface7d86bc406d5c.mpf_cache
2025-09-05 14:45:30,533 : INFO : ConfigProcessor : Loading config from cache: C:\Users\White\AppData\Local\Temp\91cc4d1c993c58dc354e34974b9cfeac.mpf_cache
2025-09-05 14:45:30,534 : INFO : ConfigProcessor : Loading config from cache: C:\Users\White\AppData\Local\Temp\f98ffc0ff5962effface7d86bc406d5c.mpf_cache
2025-09-05 14:45:30,534 : INFO : ConfigProcessor : Loading config from cache: C:\Users\White\AppData\Local\Temp\76792f1d686f89709887dba7bd69667a.mpf_cache
2025-09-05 14:45:30,535 : INFO : ConfigProcessor : Loading config from cache: C:\Users\White\AppData\Local\Temp\142bbae4707335cc8e3efaa4364c4893.mpf_cache
2025-09-05 14:45:30,535 : INFO : Machine : Mission Pinball Framework Core Engine v0.80.0.dev9
2025-09-05 14:45:30,535 : INFO : Machine : Command line arguments: {'no_load_cache': False, 'create_config_cache': True, 'bcp': True, 'configfile': ['config.yaml'], 'force_assets_load': False, 'platform_integration_test': False, 'jsonlogging': False, 'logfile': 'logs\\2025-09-05-14-45-30-mpf-TopGunPinball.log', 'pause': False, 'production': False, 'text_ui': False, 'loglevel': 15, 'consoleloglevel': 20, 'force_platform': 'virtual', 'syslog_address': None, 'full_logfile_path': 'C:\\Users\\White\\Documents\\Top_Gun_Pinball\\logs\\2025-09-05-14-45-30-mpf-TopGunPinball.log'}
2025-09-05 14:45:30,535 : INFO : Machine : MPF path: C:\Users\White\mpf\Lib\site-packages\mpf
2025-09-05 14:45:30,535 : INFO : Machine : Machine path: C:\Users\White\Documents\Top_Gun_Pinball
2025-09-05 14:45:30,535 : INFO : Machine : Platform: win32
2025-09-05 14:45:30,535 : INFO : Machine : Python executable location: C:\Users\White\mpf\Scripts\python.exe
2025-09-05 14:45:30,535 : INFO : Machine : Python version: 3.12.7 (64-bit)
2025-09-05 14:45:30,537 : INFO : Machine : Initializing MPF...
2025-09-05 14:45:30,627 : INFO : EventManager : Event: ======'machine_var_credits_string'====== Args={'value': 'FREE PLAY', 'prev_value': None, 'change': True}
2025-09-05 14:45:30,655 : INFO : EventManager : Event: ======'machine_var_master_volume'====== Args={'value': 0.5, 'prev_value': None, 'change': True}
2025-09-05 14:45:30,655 : INFO : EventManager : Event: ======'machine_var_player1_score'====== Args={'value': 61000, 'prev_value': None, 'change': True}
2025-09-05 14:45:30,655 : INFO : EventManager : Event: ======'machine_var_player2_score'====== Args={'value': 73000, 'prev_value': None, 'change': True}
2025-09-05 14:45:30,655 : INFO : EventManager : Event: ======'machine_var_mpf_version'====== Args={'value': 'Mission Pinball Framework v0.80.0.dev9', 'prev_value': None, 'change': True}
2025-09-05 14:45:30,656 : INFO : EventManager : Event: ======'machine_var_mpf_extended_version'====== Args={'value': 'Mission Pinball Framework v0.80.0.dev9, Config version:6, Show version: 6, BCP version:1.1', 'prev_value': None, 'change': True}
2025-09-05 14:45:30,656 : INFO : EventManager : Event: ======'machine_var_python_version'====== Args={'value': '3.12.7', 'prev_value': None, 'change': True}
2025-09-05 14:45:30,735 : INFO : EventManager : Event: ======'machine_var_platform'====== Args={'value': 'Windows-11-10.0.26100-SP0', 'prev_value': None, 'change': True}
2025-09-05 14:45:30,735 : INFO : EventManager : Event: ======'machine_var_platform_system'====== Args={'value': 'Windows', 'prev_value': None, 'change': True}
2025-09-05 14:45:30,735 : INFO : EventManager : Event: ======'machine_var_platform_release'====== Args={'value': '11', 'prev_value': None, 'change': True}
2025-09-05 14:45:30,735 : INFO : EventManager : Event: ======'machine_var_platform_version'====== Args={'value': '10.0.26100', 'prev_value': None, 'change': True}
2025-09-05 14:45:30,735 : INFO : EventManager : Event: ======'machine_var_platform_machine'====== Args={'value': 'AMD64', 'prev_value': None, 'change': True}
2025-09-05 14:45:30,735 : INFO : EventManager : Event: ======'machine_var_log_file_path'====== Args={'value': 'C:\\Users\\White\\Documents\\Top_Gun_Pinball\\logs\\2025-09-05-14-45-30-mpf-TopGunPinball.log', 'prev_value': None, 'change': True}
2025-09-05 14:45:30,736 : INFO : EventManager : Event: ======'init_phase_1'====== Args={}
2025-09-05 14:45:30,763 : INFO : EventManager : Event: ======'init_phase_2'====== Args={}
2025-09-05 14:45:30,764 : INFO : SwitchController : Found active switch: (1007, <Platform.Virtual>) <switch.s_trough_1>
2025-09-05 14:45:30,764 : INFO : SwitchController : Found active switch: (1008, <Platform.Virtual>) <switch.s_trough_2>
2025-09-05 14:45:30,764 : INFO : SwitchController : Found active switch: (1009, <Platform.Virtual>) <switch.s_trough_3>
2025-09-05 14:45:30,764 : INFO : SwitchController : Found active switch: (1010, <Platform.Virtual>) <switch.s_trough_4>
2025-09-05 14:45:30,764 : INFO : SwitchController : Found active switch: (1011, <Platform.Virtual>) <switch.s_trough_5>
2025-09-05 14:45:30,764 : INFO : SwitchController : Found active switch: (1012, <Platform.Virtual>) <switch.s_trough_6>
2025-09-05 14:45:30,765 : INFO : EventManager : Event: ======'bcp_connection_attempt'====== Args={'name': 'local_display', 'host': 'localhost', 'port': 5050}
2025-09-05 14:45:30,766 : INFO : BCPClientSocket : Connecting BCP to 'local_display' at localhost:5050...
2025-09-05 14:45:30,777 : INFO : BCPClientSocket : Connected BCP to 'local_display' localhost:5050
2025-09-05 14:45:30,778 : INFO : EventManager : Event: ======'bcp_clients_connected'====== Args={}
2025-09-05 14:45:30,778 : INFO : ball_device.bd_plunger : BCH: Initial count: 0
2025-09-05 14:45:30,778 : INFO : ball_device.bd_plunger : State: idle
2025-09-05 14:45:30,780 : INFO : ball_device.bd_trough : BCH: Initial count: 6
2025-09-05 14:45:30,780 : INFO : ball_device.bd_trough : State: idle
2025-09-05 14:45:30,802 : INFO : EventManager : Event: ======'init_phase_3'====== Args={}
2025-09-05 14:45:30,804 : INFO : EventManager : Event: ======'init_phase_4'====== Args={}
2025-09-05 14:45:30,805 : INFO : BallController : Initial balls found: 6
2025-09-05 14:45:30,805 : INFO : EventManager : Event: ======'machine_var_audits_events_game_ended'====== Args={'value': 1, 'prev_value': None, 'change': True}
2025-09-05 14:45:30,805 : INFO : EventManager : Event: ======'machine_var_audits_events_game_started'====== Args={'value': 104, 'prev_value': None, 'change': True}
2025-09-05 14:45:30,805 : INFO : EventManager : Event: ======'machine_var_audits_missing_switches_s_a_iceman_target'====== Args={'value': 53, 'prev_value': None, 'change': True}
2025-09-05 14:45:30,805 : INFO : EventManager : Event: ======'machine_var_audits_missing_switches_s_barrier_target'====== Args={'value': 24, 'prev_value': None, 'change': True}
2025-09-05 14:45:30,805 : INFO : EventManager : Event: ======'machine_var_audits_missing_switches_s_bumper_center'====== Args={'value': 2, 'prev_value': None, 'change': True}
2025-09-05 14:45:30,805 : INFO : EventManager : Event: ======'machine_var_audits_missing_switches_s_bumper_left'====== Args={'value': 2, 'prev_value': None, 'change': True}
2025-09-05 14:45:30,805 : INFO : EventManager : Event: ======'machine_var_audits_missing_switches_s_bumper_right'====== Args={'value': 3, 'prev_value': None, 'change': True}
2025-09-05 14:45:30,805 : INFO : EventManager : Event: ======'machine_var_audits_missing_switches_s_c_iceman_target'====== Args={'value': 53, 'prev_value': None, 'change': True}
2025-09-05 14:45:30,806 : INFO : EventManager : Event: ======'machine_var_audits_missing_switches_s_c_lock_target'====== Args={'value': 53, 'prev_value': None, 'change': True}
2025-09-05 14:45:30,806 : INFO : EventManager : Event: ======'machine_var_audits_missing_switches_s_e_iceman_target'====== Args={'value': 53, 'prev_value': None, 'change': True}
2025-09-05 14:45:30,806 : INFO : EventManager : Event: ======'machine_var_audits_missing_switches_s_flight_gear_target'====== Args={'value': 53, 'prev_value': None, 'change': True}
2025-09-05 14:45:30,806 : INFO : EventManager : Event: ======'machine_var_audits_missing_switches_s_flipper_left'====== Args={'value': 49, 'prev_value': None, 'change': True}
2025-09-05 14:45:30,806 : INFO : EventManager : Event: ======'machine_var_audits_missing_switches_s_flipper_left_eos'====== Args={'value': 51, 'prev_value': None, 'change': True}
2025-09-05 14:45:30,806 : INFO : EventManager : Event: ======'machine_var_audits_missing_switches_s_flipper_left_upper'====== Args={'value': 53, 'prev_value': None, 'change': True}
2025-09-05 14:45:30,806 : INFO : EventManager : Event: ======'machine_var_audits_missing_switches_s_flipper_left_upper_eos'====== Args={'value': 51, 'prev_value': None, 'change': True}
2025-09-05 14:45:30,806 : INFO : EventManager : Event: ======'machine_var_audits_missing_switches_s_flipper_right'====== Args={'value': 49, 'prev_value': None, 'change': True}
2025-09-05 14:45:30,806 : INFO : EventManager : Event: ======'machine_var_audits_missing_switches_s_flipper_right_eos'====== Args={'value': 51, 'prev_value': None, 'change': True}
2025-09-05 14:45:30,806 : INFO : EventManager : Event: ======'machine_var_audits_missing_switches_s_i_iceman_target'====== Args={'value': 53, 'prev_value': None, 'change': True}
2025-09-05 14:45:30,806 : INFO : EventManager : Event: ======'machine_var_audits_missing_switches_s_inlane_left'====== Args={'value': 24, 'prev_value': None, 'change': True}
2025-09-05 14:45:30,806 : INFO : EventManager : Event: ======'machine_var_audits_missing_switches_s_inner_inlane_right'====== Args={'value': 53, 'prev_value': None, 'change': True}
2025-09-05 14:45:30,806 : INFO : EventManager : Event: ======'machine_var_audits_missing_switches_s_jam'====== Args={'value': 104, 'prev_value': None, 'change': True}
2025-09-05 14:45:30,806 : INFO : EventManager : Event: ======'machine_var_audits_missing_switches_s_k_lock_target'====== Args={'value': 53, 'prev_value': None, 'change': True}
2025-09-05 14:45:30,806 : INFO : EventManager : Event: ======'machine_var_audits_missing_switches_s_l_lock_target'====== Args={'value': 53, 'prev_value': None, 'change': True}
2025-09-05 14:45:30,806 : INFO : EventManager : Event: ======'machine_var_audits_missing_switches_s_lane_left'====== Args={'value': 103, 'prev_value': None, 'change': True}
2025-09-05 14:45:30,806 : INFO : EventManager : Event: ======'machine_var_audits_missing_switches_s_lane_right'====== Args={'value': 53, 'prev_value': None, 'change': True}
2025-09-05 14:45:30,806 : INFO : EventManager : Event: ======'machine_var_audits_missing_switches_s_lock_goose'====== Args={'value': 53, 'prev_value': None, 'change': True}
2025-09-05 14:45:30,806 : INFO : EventManager : Event: ======'machine_var_audits_missing_switches_s_lock_mav'====== Args={'value': 53, 'prev_value': None, 'change': True}
2025-09-05 14:45:30,806 : INFO : EventManager : Event: ======'machine_var_audits_missing_switches_s_lock_plunger'====== Args={'value': 53, 'prev_value': None, 'change': True}
2025-09-05 14:45:30,806 : INFO : EventManager : Event: ======'machine_var_audits_missing_switches_s_m_iceman_target'====== Args={'value': 53, 'prev_value': None, 'change': True}
2025-09-05 14:45:30,806 : INFO : EventManager : Event: ======'machine_var_audits_missing_switches_s_mig_lane_left'====== Args={'value': 25, 'prev_value': None, 'change': True}
2025-09-05 14:45:30,806 : INFO : EventManager : Event: ======'machine_var_audits_missing_switches_s_mig_lane_right'====== Args={'value': 53, 'prev_value': None, 'change': True}
2025-09-05 14:45:30,806 : INFO : EventManager : Event: ======'machine_var_audits_missing_switches_s_mode_start'====== Args={'value': 53, 'prev_value': None, 'change': True}
2025-09-05 14:45:30,806 : INFO : EventManager : Event: ======'machine_var_audits_missing_switches_s_n_iceman_target'====== Args={'value': 53, 'prev_value': None, 'change': True}
2025-09-05 14:45:30,806 : INFO : EventManager : Event: ======'machine_var_audits_missing_switches_s_o_lock_target'====== Args={'value': 53, 'prev_value': None, 'change': True}
2025-09-05 14:45:30,806 : INFO : EventManager : Event: ======'machine_var_audits_missing_switches_s_orbit_left'====== Args={'value': 24, 'prev_value': None, 'change': True}
2025-09-05 14:45:30,806 : INFO : EventManager : Event: ======'machine_var_audits_missing_switches_s_orbit_lower'====== Args={'value': 53, 'prev_value': None, 'change': True}
2025-09-05 14:45:30,806 : INFO : EventManager : Event: ======'machine_var_audits_missing_switches_s_orbit_right'====== Args={'value': 53, 'prev_value': None, 'change': True}
2025-09-05 14:45:30,806 : INFO : EventManager : Event: ======'machine_var_audits_missing_switches_s_orbit_upper'====== Args={'value': 53, 'prev_value': None, 'change': True}
2025-09-05 14:45:30,806 : INFO : EventManager : Event: ======'machine_var_audits_missing_switches_s_outer_inlane_right'====== Args={'value': 53, 'prev_value': None, 'change': True}
2025-09-05 14:45:30,806 : INFO : EventManager : Event: ======'machine_var_audits_missing_switches_s_outlane_left'====== Args={'value': 53, 'prev_value': None, 'change': True}
2025-09-05 14:45:30,806 : INFO : EventManager : Event: ======'machine_var_audits_missing_switches_s_outlane_right'====== Args={'value': 53, 'prev_value': None, 'change': True}
2025-09-05 14:45:30,807 : INFO : EventManager : Event: ======'machine_var_audits_missing_switches_s_plunger_lane'====== Args={'value': 25, 'prev_value': None, 'change': True}
2025-09-05 14:45:30,807 : INFO : EventManager : Event: ======'machine_var_audits_missing_switches_s_ramp_inner_exit'====== Args={'value': 53, 'prev_value': None, 'change': True}
2025-09-05 14:45:30,807 : INFO : EventManager : Event: ======'machine_var_audits_missing_switches_s_ramp_left_exit'====== Args={'value': 53, 'prev_value': None, 'change': True}
2025-09-05 14:45:30,807 : INFO : EventManager : Event: ======'machine_var_audits_missing_switches_s_ramp_right_exit'====== Args={'value': 53, 'prev_value': None, 'change': True}
2025-09-05 14:45:30,807 : INFO : EventManager : Event: ======'machine_var_audits_missing_switches_s_ramp_tower_exit'====== Args={'value': 53, 'prev_value': None, 'change': True}
2025-09-05 14:45:30,807 : INFO : EventManager : Event: ======'machine_var_audits_missing_switches_s_slingshot_left'====== Args={'value': 27, 'prev_value': None, 'change': True}
2025-09-05 14:45:30,807 : INFO : EventManager : Event: ======'machine_var_audits_missing_switches_s_slingshot_right'====== Args={'value': 53, 'prev_value': None, 'change': True}
2025-09-05 14:45:30,807 : INFO : EventManager : Event: ======'machine_var_audits_missing_switches_s_spinner'====== Args={'value': 53, 'prev_value': None, 'change': True}
2025-09-05 14:45:30,807 : INFO : EventManager : Event: ======'machine_var_audits_missing_switches_s_trough_1'====== Args={'value': 11, 'prev_value': None, 'change': True}
2025-09-05 14:45:30,807 : INFO : EventManager : Event: ======'machine_var_audits_missing_switches_s_trough_2'====== Args={'value': 11, 'prev_value': None, 'change': True}
2025-09-05 14:45:30,807 : INFO : EventManager : Event: ======'machine_var_audits_missing_switches_s_trough_3'====== Args={'value': 11, 'prev_value': None, 'change': True}
2025-09-05 14:45:30,807 : INFO : EventManager : Event: ======'machine_var_audits_missing_switches_s_trough_4'====== Args={'value': 11, 'prev_value': None, 'change': True}
2025-09-05 14:45:30,807 : INFO : EventManager : Event: ======'machine_var_audits_missing_switches_s_trough_5'====== Args={'value': 25, 'prev_value': None, 'change': True}
2025-09-05 14:45:30,807 : INFO : EventManager : Event: ======'machine_var_audits_missing_switches_s_trough_6'====== Args={'value': 2, 'prev_value': None, 'change': True}
2025-09-05 14:45:30,807 : INFO : EventManager : Event: ======'machine_var_audits_player_score'====== Args={'value': {'average': 67000, 'top': [73000, 61000], 'total': 2}, 'prev_value': None, 'change': True}
2025-09-05 14:45:30,807 : INFO : EventManager : Event: ======'machine_var_audits_shots_bumper_center'====== Args={'value': 597, 'prev_value': None, 'change': True}
2025-09-05 14:45:30,807 : INFO : EventManager : Event: ======'machine_var_audits_shots_bumper_left'====== Args={'value': 587, 'prev_value': None, 'change': True}
2025-09-05 14:45:30,807 : INFO : EventManager : Event: ======'machine_var_audits_shots_bumper_right'====== Args={'value': 363, 'prev_value': None, 'change': True}
2025-09-05 14:45:30,807 : INFO : EventManager : Event: ======'machine_var_audits_switches_s_a_iceman_target'====== Args={'value': 0, 'prev_value': None, 'change': True}
2025-09-05 14:45:30,807 : INFO : EventManager : Event: ======'machine_var_audits_switches_s_barrier_target'====== Args={'value': 2, 'prev_value': None, 'change': True}
2025-09-05 14:45:30,808 : INFO : EventManager : Event: ======'machine_var_audits_switches_s_bumper_center'====== Args={'value': 600, 'prev_value': None, 'change': True}
2025-09-05 14:45:30,808 : INFO : EventManager : Event: ======'machine_var_audits_switches_s_bumper_left'====== Args={'value': 602, 'prev_value': None, 'change': True}
2025-09-05 14:45:30,808 : INFO : EventManager : Event: ======'machine_var_audits_switches_s_bumper_right'====== Args={'value': 363, 'prev_value': None, 'change': True}
2025-09-05 14:45:30,808 : INFO : EventManager : Event: ======'machine_var_audits_switches_s_c_iceman_target'====== Args={'value': 0, 'prev_value': None, 'change': True}
2025-09-05 14:45:30,808 : INFO : EventManager : Event: ======'machine_var_audits_switches_s_c_lock_target'====== Args={'value': 0, 'prev_value': None, 'change': True}
2025-09-05 14:45:30,808 : INFO : EventManager : Event: ======'machine_var_audits_switches_s_e_iceman_target'====== Args={'value': 0, 'prev_value': None, 'change': True}
2025-09-05 14:45:30,808 : INFO : EventManager : Event: ======'machine_var_audits_switches_s_flight_gear_target'====== Args={'value': 0, 'prev_value': None, 'change': True}
2025-09-05 14:45:30,808 : INFO : EventManager : Event: ======'machine_var_audits_switches_s_flipper_left'====== Args={'value': 9, 'prev_value': None, 'change': True}
2025-09-05 14:45:30,808 : INFO : EventManager : Event: ======'machine_var_audits_switches_s_flipper_left_eos'====== Args={'value': 0, 'prev_value': None, 'change': True}
2025-09-05 14:45:30,808 : INFO : EventManager : Event: ======'machine_var_audits_switches_s_flipper_left_upper'====== Args={'value': 0, 'prev_value': None, 'change': True}
2025-09-05 14:45:30,808 : INFO : EventManager : Event: ======'machine_var_audits_switches_s_flipper_left_upper_eos'====== Args={'value': 0, 'prev_value': None, 'change': True}
2025-09-05 14:45:30,808 : INFO : EventManager : Event: ======'machine_var_audits_switches_s_flipper_right'====== Args={'value': 9, 'prev_value': None, 'change': True}
2025-09-05 14:45:30,808 : INFO : EventManager : Event: ======'machine_var_audits_switches_s_flipper_right_eos'====== Args={'value': 0, 'prev_value': None, 'change': True}
2025-09-05 14:45:30,808 : INFO : EventManager : Event: ======'machine_var_audits_switches_s_i_iceman_target'====== Args={'value': 0, 'prev_value': None, 'change': True}
2025-09-05 14:45:30,808 : INFO : EventManager : Event: ======'machine_var_audits_switches_s_inlane_left'====== Args={'value': 5, 'prev_value': None, 'change': True}
2025-09-05 14:45:30,808 : INFO : EventManager : Event: ======'machine_var_audits_switches_s_inner_inlane_right'====== Args={'value': 0, 'prev_value': None, 'change': True}
2025-09-05 14:45:30,808 : INFO : EventManager : Event: ======'machine_var_audits_switches_s_jam'====== Args={'value': 0, 'prev_value': None, 'change': True}
2025-09-05 14:45:30,808 : INFO : EventManager : Event: ======'machine_var_audits_switches_s_k_lock_target'====== Args={'value': 0, 'prev_value': None, 'change': True}
2025-09-05 14:45:30,808 : INFO : EventManager : Event: ======'machine_var_audits_switches_s_l_lock_target'====== Args={'value': 0, 'prev_value': None, 'change': True}
2025-09-05 14:45:30,808 : INFO : EventManager : Event: ======'machine_var_audits_switches_s_lane_left'====== Args={'value': 1, 'prev_value': None, 'change': True}
2025-09-05 14:45:30,808 : INFO : EventManager : Event: ======'machine_var_audits_switches_s_lane_right'====== Args={'value': 0, 'prev_value': None, 'change': True}
2025-09-05 14:45:30,808 : INFO : EventManager : Event: ======'machine_var_audits_switches_s_lock_goose'====== Args={'value': 0, 'prev_value': None, 'change': True}
2025-09-05 14:45:30,809 : INFO : EventManager : Event: ======'machine_var_audits_switches_s_lock_mav'====== Args={'value': 0, 'prev_value': None, 'change': True}
2025-09-05 14:45:30,809 : INFO : EventManager : Event: ======'machine_var_audits_switches_s_lock_plunger'====== Args={'value': 0, 'prev_value': None, 'change': True}
2025-09-05 14:45:30,809 : INFO : EventManager : Event: ======'machine_var_audits_switches_s_m_iceman_target'====== Args={'value': 0, 'prev_value': None, 'change': True}
2025-09-05 14:45:30,809 : INFO : EventManager : Event: ======'machine_var_audits_switches_s_mig_lane_left'====== Args={'value': 7, 'prev_value': None, 'change': True}
2025-09-05 14:45:30,809 : INFO : EventManager : Event: ======'machine_var_audits_switches_s_mig_lane_right'====== Args={'value': 0, 'prev_value': None, 'change': True}
2025-09-05 14:45:30,809 : INFO : EventManager : Event: ======'machine_var_audits_switches_s_mode_start'====== Args={'value': 0, 'prev_value': None, 'change': True}
2025-09-05 14:45:30,809 : INFO : EventManager : Event: ======'machine_var_audits_switches_s_n_iceman_target'====== Args={'value': 0, 'prev_value': None, 'change': True}
2025-09-05 14:45:30,809 : INFO : EventManager : Event: ======'machine_var_audits_switches_s_o_lock_target'====== Args={'value': 0, 'prev_value': None, 'change': True}
2025-09-05 14:45:30,809 : INFO : EventManager : Event: ======'machine_var_audits_switches_s_orbit_left'====== Args={'value': 4, 'prev_value': None, 'change': True}
2025-09-05 14:45:30,809 : INFO : EventManager : Event: ======'machine_var_audits_switches_s_orbit_lower'====== Args={'value': 0, 'prev_value': None, 'change': True}
2025-09-05 14:45:30,809 : INFO : EventManager : Event: ======'machine_var_audits_switches_s_orbit_right'====== Args={'value': 0, 'prev_value': None, 'change': True}
2025-09-05 14:45:30,809 : INFO : EventManager : Event: ======'machine_var_audits_switches_s_orbit_upper'====== Args={'value': 0, 'prev_value': None, 'change': True}
2025-09-05 14:45:30,809 : INFO : EventManager : Event: ======'machine_var_audits_switches_s_outer_inlane_right'====== Args={'value': 0, 'prev_value': None, 'change': True}
2025-09-05 14:45:30,809 : INFO : EventManager : Event: ======'machine_var_audits_switches_s_outlane_left'====== Args={'value': 0, 'prev_value': None, 'change': True}
2025-09-05 14:45:30,809 : INFO : EventManager : Event: ======'machine_var_audits_switches_s_outlane_right'====== Args={'value': 0, 'prev_value': None, 'change': True}
2025-09-05 14:45:30,809 : INFO : EventManager : Event: ======'machine_var_audits_switches_s_plunger_lane'====== Args={'value': 19, 'prev_value': None, 'change': True}
2025-09-05 14:45:30,809 : INFO : EventManager : Event: ======'machine_var_audits_switches_s_ramp_inner_exit'====== Args={'value': 0, 'prev_value': None, 'change': True}
2025-09-05 14:45:30,809 : INFO : EventManager : Event: ======'machine_var_audits_switches_s_ramp_left_exit'====== Args={'value': 0, 'prev_value': None, 'change': True}
2025-09-05 14:45:30,809 : INFO : EventManager : Event: ======'machine_var_audits_switches_s_ramp_right_exit'====== Args={'value': 0, 'prev_value': None, 'change': True}
2025-09-05 14:45:30,809 : INFO : EventManager : Event: ======'machine_var_audits_switches_s_ramp_tower_exit'====== Args={'value': 0, 'prev_value': None, 'change': True}
2025-09-05 14:45:30,809 : INFO : EventManager : Event: ======'machine_var_audits_switches_s_slingshot_left'====== Args={'value': 1, 'prev_value': None, 'change': True}
2025-09-05 14:45:30,809 : INFO : EventManager : Event: ======'machine_var_audits_switches_s_slingshot_right'====== Args={'value': 0, 'prev_value': None, 'change': True}
2025-09-05 14:45:30,810 : INFO : EventManager : Event: ======'machine_var_audits_switches_s_spinner'====== Args={'value': 0, 'prev_value': None, 'change': True}
2025-09-05 14:45:30,810 : INFO : EventManager : Event: ======'machine_var_audits_switches_s_start'====== Args={'value': 148, 'prev_value': None, 'change': True}
2025-09-05 14:45:30,810 : INFO : EventManager : Event: ======'machine_var_audits_switches_s_trough_1'====== Args={'value': 13, 'prev_value': None, 'change': True}
2025-09-05 14:45:30,810 : INFO : EventManager : Event: ======'machine_var_audits_switches_s_trough_2'====== Args={'value': 12, 'prev_value': None, 'change': True}
2025-09-05 14:45:30,810 : INFO : EventManager : Event: ======'machine_var_audits_switches_s_trough_3'====== Args={'value': 8, 'prev_value': None, 'change': True}
2025-09-05 14:45:30,810 : INFO : EventManager : Event: ======'machine_var_audits_switches_s_trough_4'====== Args={'value': 3, 'prev_value': None, 'change': True}
2025-09-05 14:45:30,810 : INFO : EventManager : Event: ======'machine_var_audits_switches_s_trough_5'====== Args={'value': 1, 'prev_value': None, 'change': True}
2025-09-05 14:45:30,810 : INFO : EventManager : Event: ======'machine_var_audits_switches_s_trough_6'====== Args={'value': 101, 'prev_value': None, 'change': True}
2025-09-05 14:45:30,810 : INFO : EventManager : Event: ======'init_phase_5'====== Args={}
2025-09-05 14:45:30,810 : INFO : EventManager : Event: ======'init_done'====== Args={}
2025-09-05 14:45:30,810 : INFO : EventManager : Event: ======'machine_reset_phase_1'====== Args={}
2025-09-05 14:45:30,816 : INFO : EventManager : Event: ======'machine_reset_phase_2'====== Args={}
2025-09-05 14:45:30,816 : INFO : EventManager : Event: ======'machine_reset_phase_3'====== Args={}
2025-09-05 14:45:30,816 : INFO : EventManager : Event: ======'reset_complete'====== Args={}
2025-09-05 14:45:30,816 : INFO : EventManager : Event: ======'mode_attract_will_start'====== Args={}
2025-09-05 14:45:30,816 : INFO : Timer.attract_carousel_timer : Starting Timer.
2025-09-05 14:45:30,816 : INFO : EventManager : Event: ======'timer_attract_carousel_timer_started'====== Args={'ticks': 0, 'ticks_remaining': 1}
2025-09-05 14:45:30,816 : INFO : EventManager : Event: ======'timer_attract_carousel_timer_tick'====== Args={'ticks': 0, 'ticks_remaining': 1}
2025-09-05 14:45:30,818 : INFO : EventManager : Event: ======'mode_attract_starting'====== Args={}
2025-09-05 14:45:30,818 : INFO : Mode.attract : Started. Priority: 10
2025-09-05 14:45:30,818 : INFO : EventManager : Event: ======'modes_active_modes_changed'====== Args={}
2025-09-05 14:45:30,818 : INFO : EventManager : Event: ======'mode_attract_started'====== Args={}
2025-09-05 14:45:30,818 : INFO : EventManager : Event: ======'collecting_balls_complete'====== Args={}
2025-09-05 14:45:30,819 : INFO : EventManager : Event: ======'item_highlighted'====== Args={'carousel': 'attract', 'direction': None, 'item': 'title'}
2025-09-05 14:45:30,819 : INFO : EventManager : Event: ======'timer_attract_carousel_timer_tick'====== Args={'ticks': 0, 'ticks_remaining': 1}
2025-09-05 14:45:30,819 : INFO : Machine : Starting the main run loop with active modes: [<Mode.attract>]
2025-09-05 14:45:30,893 : INFO : EventManager : Event: ======'slide_attract_created'====== Args={'_from_bcp': True}
2025-09-05 14:45:30,893 : INFO : EventManager : Event: ======'slide__removed'====== Args={'_from_bcp': True}
2025-09-05 14:45:30,893 : INFO : EventManager : Event: ======'slide_attract_active'====== Args={'original_context': 'attract', 'original_calling_context': 'mode_attract_started', 'priority': 10.0, 'cmd': 'slides_play', '_from_bcp': True}
2025-09-05 14:45:32,580 : INFO : SwitchController : <<<<<<< 's_start' active >>>>>>>
2025-09-05 14:45:32,663 : INFO : SwitchController : <<<<<<< 's_start' inactive >>>>>>>
2025-09-05 14:45:32,663 : INFO : EventManager : Event: ======'request_to_start_game'====== Args={}
2025-09-05 14:45:32,663 : INFO : EventManager : Event: ======'game_start'====== Args={'buttons': [], 'hold_time': 0.0779999999795109}
2025-09-05 14:45:32,663 : INFO : EventManager : Event: ======'mode_game_will_start'====== Args={'buttons': [], 'hold_time': 0.0779999999795109}
2025-09-05 14:45:32,664 : INFO : EventManager : Event: ======'mode_game_starting'====== Args={'buttons': [], 'hold_time': 0.0779999999795109}
2025-09-05 14:45:32,664 : INFO : EventManager : Event: ======'mode_attract_will_stop'====== Args={}
2025-09-05 14:45:32,664 : INFO : EventManager : Event: ======'mode_attract_stopping'====== Args={}
2025-09-05 14:45:32,664 : INFO : Mode.attract : Stopped.
2025-09-05 14:45:32,664 : INFO : EventManager : Event: ======'modes_active_modes_changed'====== Args={}
2025-09-05 14:45:32,665 : INFO : EventManager : Event: ======'mode_attract_stopped'====== Args={}
2025-09-05 14:45:32,665 : INFO : EventManager : Event: ======'clear'====== Args={'key': 'attract'}
2025-09-05 14:45:32,665 : INFO : Timer.attract_carousel_timer : Stopping Timer
2025-09-05 14:45:32,665 : INFO : EventManager : Event: ======'timer_attract_carousel_timer_stopped'====== Args={'ticks': 0, 'ticks_remaining': 1}
2025-09-05 14:45:32,665 : INFO : Mode.game : Started. Priority: 20
2025-09-05 14:45:32,665 : INFO : EventManager : Event: ======'modes_active_modes_changed'====== Args={}
2025-09-05 14:45:32,665 : INFO : EventManager : Event: ======'mode_game_started'====== Args={'buttons': [], 'hold_time': 0.0779999999795109}
2025-09-05 14:45:32,666 : INFO : EventManager : Event: ======'game_will_start'====== Args={}
2025-09-05 14:45:32,666 : INFO : EventManager : Event: ======'game_starting'====== Args={'game': <Mode.game>}
2025-09-05 14:45:32,666 : INFO : EventManager : Unordered handler for class <Auditor> on event game_ended with priority 1. Handlers: [RegisteredHandler(callback=<bound method Auditor.disable of <Auditor>>, priority=1, kwargs={}, key=UUID('8d656a51-8157-4ec9-963b-8af43c9b7223'), condition=None, blocking_facility=None), RegisteredHandler(callback=<bound method Auditor._save_audits of <Auditor>>, priority=1, kwargs={}, key=UUID('a1d696d9-6715-495a-9d1b-8791d5113489'), condition=None, blocking_facility=None)]. The order of those handlers is not defined and they will be executed in random order. This might lead to race conditions and potential bugs.
2025-09-05 14:45:32,667 : INFO : EventManager : Event: ======'player_add_request'====== Args={}
2025-09-05 14:45:32,667 : INFO : EventManager : Event: ======'player_will_add'====== Args={'number': 1}
2025-09-05 14:45:32,667 : INFO : EventManager : Event: ======'player_adding'====== Args={'player': <Player 1>, 'number': 1}
2025-09-05 14:45:32,667 : INFO : EventManager : Event: ======'player_added'====== Args={'player': <Player 1>, 'num': 1}
2025-09-05 14:45:32,667 : INFO : Mode.game : Player added successfully. Total players: 1
2025-09-05 14:45:32,667 : INFO : EventManager : Event: ======'player_index'====== Args={'value': 0, 'prev_value': 0, 'change': 0, 'player_num': 1}
2025-09-05 14:45:32,667 : INFO : EventManager : Event: ======'player_number'====== Args={'value': 1, 'prev_value': 1, 'change': 0, 'player_num': 1}
2025-09-05 14:45:32,667 : INFO : EventManager : Event: ======'player_score'====== Args={'value': 0, 'prev_value': 0, 'change': 0, 'player_num': 1}
2025-09-05 14:45:32,667 : INFO : EventManager : Event: ======'game_started'====== Args={}
2025-09-05 14:45:32,668 : INFO : EventManager : Event: ======'player_turn_will_start'====== Args={'player': <Player 1>, 'number': 1}
2025-09-05 14:45:32,668 : INFO : EventManager : Event: ======'player_turn_starting'====== Args={'player': <Player 1>, 'number': 1}
2025-09-05 14:45:32,668 : INFO : EventManager : Event: ======'player_ball'====== Args={'value': 1, 'prev_value': 0, 'change': 1, 'player_num': 1}
2025-09-05 14:45:32,668 : INFO : EventManager : Event: ======'player_turn_started'====== Args={'player': <Player 1>, 'number': 1}
2025-09-05 14:45:32,669 : INFO : EventManager : Event: ======'ui_player_1_up'====== Args={'priority': 0}
2025-09-05 14:45:32,669 : INFO : EventManager : Event: ======'ball_will_start'====== Args={'player': 1, 'ball': 1, 'balls_remaining': 2, 'is_extra_ball': False}
2025-09-05 14:45:32,669 : INFO : EventManager : Event: ======'ball_starting'====== Args={'player': 1, 'ball': 1, 'balls_remaining': 2, 'is_extra_ball': False}
2025-09-05 14:45:32,669 : INFO : EventManager : Event: ======'mode_base_will_start'====== Args={'queue': <QueuedEvent>, 'player': 1, 'ball': 1, 'balls_remaining': 2, 'is_extra_ball': False}
2025-09-05 14:45:32,671 : INFO : EventManager : Event: ======'mode_base_starting'====== Args={'queue': <QueuedEvent>, 'player': 1, 'ball': 1, 'balls_remaining': 2, 'is_extra_ball': False}
2025-09-05 14:45:32,671 : INFO : Mode.base : Started. Priority: 100
2025-09-05 14:45:32,671 : INFO : EventManager : Event: ======'modes_active_modes_changed'====== Args={}
2025-09-05 14:45:32,671 : INFO : EventManager : Event: ======'mode_base_started'====== Args={'queue': <QueuedEvent>, 'player': 1, 'ball': 1, 'balls_remaining': 2, 'is_extra_ball': False}
2025-09-05 14:45:32,675 : INFO : EventManager : Event: ======'start_mode_bumpers'====== Args={'priority': 0}
2025-09-05 14:45:32,675 : INFO : EventManager : Event: ======'mode_bumpers_will_start'====== Args={'priority': 0}
2025-09-05 14:45:32,675 : INFO : EventManager : Event: ======'player_shot_bumper_left_enabled'====== Args={'value': True, 'prev_value': 0, 'change': 1, 'player_num': 1}
2025-09-05 14:45:32,676 : INFO : EventManager : Event: ======'player_shot_bumper_center_enabled'====== Args={'value': True, 'prev_value': 0, 'change': 1, 'player_num': 1}
2025-09-05 14:45:32,676 : INFO : EventManager : Event: ======'player_shot_bumper_right_enabled'====== Args={'value': True, 'prev_value': 0, 'change': 1, 'player_num': 1}
2025-09-05 14:45:32,676 : INFO : EventManager : Event: ======'bumpers_complete'====== Args={'state': 'unlit'}
2025-09-05 14:45:32,676 : INFO : EventManager : Event: ======'bumpers_unlit_complete'====== Args={}
2025-09-05 14:45:32,677 : INFO : EventManager : Event: ======'mode_bumpers_starting'====== Args={'priority': 0}
2025-09-05 14:45:32,677 : INFO : Mode.bumpers : Started. Priority: 200
2025-09-05 14:45:32,677 : INFO : EventManager : Event: ======'modes_active_modes_changed'====== Args={}
2025-09-05 14:45:32,677 : INFO : EventManager : Event: ======'mode_bumpers_started'====== Args={'priority': 0}
2025-09-05 14:45:32,677 : INFO : EventManager : Event: ======'balls_in_play'====== Args={'balls': 1}
2025-09-05 14:45:32,677 : INFO : EventManager : Event: ======'ball_started'====== Args={'player': 1, 'ball': 1, 'balls_remaining': 2, 'is_extra_ball': False}
2025-09-05 14:45:32,678 : INFO : EventManager : Event: ======'single_player_ball_started'====== Args={}
2025-09-05 14:45:32,678 : INFO : EventManager : Event: ======'ball_start_target'====== Args={'target': 'playfield'}
2025-09-05 14:45:32,678 : INFO : ball_device.bd_plunger : Setting up player-controlled eject. Balls: 1, Target: <playfield.playfield>, player_controlled_eject_event: None
2025-09-05 14:45:32,678 : INFO : EventManager : Event: ======'balldevice_balls_available'====== Args={}
2025-09-05 14:45:32,678 : INFO : ball_device.bd_trough : State: waiting_for_target_ready
2025-09-05 14:45:32,678 : INFO : EventManager : Event: ======'balldevice_bd_trough_ball_eject_attempt'====== Args={'balls': 1, 'target': <ball_device.bd_plunger>, 'source': <ball_device.bd_trough>, 'mechanical_eject': True, 'num_attempts': 0}
2025-09-05 14:45:32,678 : INFO : ball_device.bd_plunger : State: waiting_for_ball
2025-09-05 14:45:32,680 : INFO : ball_device.bd_trough : State: ejecting
2025-09-05 14:45:32,680 : INFO : ball_device.bd_trough : Ejecting ball to <ball_device.bd_plunger>
2025-09-05 14:45:32,680 : INFO : EventManager : Event: ======'balldevice_bd_trough_ejecting_ball'====== Args={'balls': 1, 'target': <ball_device.bd_plunger>, 'source': <ball_device.bd_trough>, 'mechanical_eject': True, 'num_attempts': 0}
2025-09-05 14:45:32,680 : INFO : ball_device.bd_trough : Wait for ball to leave device
2025-09-05 14:45:32,680 : INFO : coil.c_trough_eject : Pulsing Driver for 10ms (1.0 pulse_power)
2025-09-05 14:45:32,733 : INFO : EventManager : Event: ======'slide_base_slide_created'====== Args={'_from_bcp': True}
2025-09-05 14:45:32,734 : INFO : EventManager : Event: ======'slide_attract_inactive'====== Args={'is_removing': True, '_from_bcp': True}
2025-09-05 14:45:32,734 : INFO : EventManager : Event: ======'slide_base_slide_active'====== Args={'original_context': 'base', 'original_calling_context': 'mode_base_started', 'priority': 100.0, 'queue': '<QueuedEvent>', 'player': 1.0, 'ball': 1.0, 'balls_remaining': 2.0, 'is_extra_ball': False, 'cmd': 'slides_play', '_from_bcp': True}
2025-09-05 14:45:32,738 : INFO : EventManager : Event: ======'slide_attract_removed'====== Args={'_from_bcp': True}
2025-09-05 14:45:33,781 : INFO : SwitchController : <<<<<<< 's_start' active >>>>>>>
2025-09-05 14:45:33,781 : INFO : EventManager : Event: ======'sw_start'====== Args={}
2025-09-05 14:45:33,781 : INFO : EventManager : Event: ======'machine_var_audits_switches_s_start'====== Args={'value': 149, 'prev_value': 148, 'change': 1}
2025-09-05 14:45:33,782 : INFO : EventManager : Event: ======'player_add_request'====== Args={}
2025-09-05 14:45:33,782 : INFO : EventManager : Event: ======'player_will_add'====== Args={'number': 2}
2025-09-05 14:45:33,782 : INFO : EventManager : Event: ======'player_adding'====== Args={'player': <Player 2>, 'number': 2}
2025-09-05 14:45:33,782 : INFO : EventManager : Event: ======'player_added'====== Args={'player': <Player 2>, 'num': 2}
2025-09-05 14:45:33,783 : INFO : Mode.game : Player added successfully. Total players: 2
2025-09-05 14:45:33,783 : INFO : EventManager : Event: ======'multiplayer_game'====== Args={}
2025-09-05 14:45:33,783 : INFO : EventManager : Event: ======'player_index'====== Args={'value': 1, 'prev_value': 1, 'change': 0, 'player_num': 2}
2025-09-05 14:45:33,783 : INFO : EventManager : Event: ======'player_number'====== Args={'value': 2, 'prev_value': 2, 'change': 0, 'player_num': 2}
2025-09-05 14:45:33,783 : INFO : EventManager : Event: ======'player_score'====== Args={'value': 0, 'prev_value': 0, 'change': 0, 'player_num': 2}
2025-09-05 14:45:33,914 : INFO : SwitchController : <<<<<<< 's_start' inactive >>>>>>>
2025-09-05 14:45:35,689 : INFO : EventManager : Event: ======'balldevice_bd_trough_ball_eject_failed'====== Args={'target': <ball_device.bd_plunger>, 'balls': 1, 'retry': True, 'num_attempts': 1}
2025-09-05 14:45:35,689 : INFO : ball_device.bd_trough : State: waiting_for_target_ready
2025-09-05 14:45:35,689 : INFO : EventManager : Event: ======'balldevice_bd_trough_ball_eject_attempt'====== Args={'balls': 1, 'target': <ball_device.bd_plunger>, 'source': <ball_device.bd_trough>, 'mechanical_eject': True, 'num_attempts': 1}
2025-09-05 14:45:35,689 : INFO : ball_device.bd_trough : State: ejecting
2025-09-05 14:45:35,690 : INFO : ball_device.bd_trough : Ejecting ball to <ball_device.bd_plunger>
2025-09-05 14:45:35,690 : INFO : EventManager : Event: ======'balldevice_bd_trough_ejecting_ball'====== Args={'balls': 1, 'target': <ball_device.bd_plunger>, 'source': <ball_device.bd_trough>, 'mechanical_eject': True, 'num_attempts': 1}
2025-09-05 14:45:35,690 : INFO : ball_device.bd_trough : Wait for ball to leave device
2025-09-05 14:45:35,690 : INFO : coil.c_trough_eject : Pulsing Driver for 10ms (1.0 pulse_power)
2025-09-05 14:45:37,184 : INFO : SwitchController : <<<<<<< 's_start' active >>>>>>>
2025-09-05 14:45:37,184 : INFO : EventManager : Event: ======'sw_start'====== Args={}
2025-09-05 14:45:37,184 : INFO : EventManager : Event: ======'machine_var_audits_switches_s_start'====== Args={'value': 150, 'prev_value': 149, 'change': 1}
2025-09-05 14:45:37,184 : INFO : EventManager : Event: ======'player_add_request'====== Args={}
2025-09-05 14:45:37,184 : INFO : EventManager : Event: ======'player_will_add'====== Args={'number': 3}
2025-09-05 14:45:37,185 : INFO : EventManager : Event: ======'player_adding'====== Args={'player': <Player 3>, 'number': 3}
2025-09-05 14:45:37,185 : INFO : EventManager : Event: ======'player_added'====== Args={'player': <Player 3>, 'num': 3}
2025-09-05 14:45:37,185 : INFO : Mode.game : Player added successfully. Total players: 3
2025-09-05 14:45:37,185 : INFO : EventManager : Event: ======'player_index'====== Args={'value': 2, 'prev_value': 2, 'change': 0, 'player_num': 3}
2025-09-05 14:45:37,185 : INFO : EventManager : Event: ======'player_number'====== Args={'value': 3, 'prev_value': 3, 'change': 0, 'player_num': 3}
2025-09-05 14:45:37,185 : INFO : EventManager : Event: ======'player_score'====== Args={'value': 0, 'prev_value': 0, 'change': 0, 'player_num': 3}
2025-09-05 14:45:37,284 : INFO : SwitchController : <<<<<<< 's_start' inactive >>>>>>>
2025-09-05 14:45:38,702 : INFO : EventManager : Event: ======'balldevice_bd_trough_ball_eject_failed'====== Args={'target': <ball_device.bd_plunger>, 'balls': 1, 'retry': True, 'num_attempts': 2}
2025-09-05 14:45:38,702 : INFO : ball_device.bd_trough : State: waiting_for_target_ready
2025-09-05 14:45:38,702 : INFO : EventManager : Event: ======'balldevice_bd_trough_ball_eject_attempt'====== Args={'balls': 1, 'target': <ball_device.bd_plunger>, 'source': <ball_device.bd_trough>, 'mechanical_eject': True, 'num_attempts': 2}
2025-09-05 14:45:38,703 : INFO : ball_device.bd_trough : State: ejecting
2025-09-05 14:45:38,703 : INFO : ball_device.bd_trough : Ejecting ball to <ball_device.bd_plunger>
2025-09-05 14:45:38,703 : INFO : EventManager : Event: ======'balldevice_bd_trough_ejecting_ball'====== Args={'balls': 1, 'target': <ball_device.bd_plunger>, 'source': <ball_device.bd_trough>, 'mechanical_eject': True, 'num_attempts': 2}
2025-09-05 14:45:38,703 : INFO : ball_device.bd_trough : Wait for ball to leave device
2025-09-05 14:45:38,703 : INFO : coil.c_trough_eject : Pulsing Driver for 10ms (1.0 pulse_power)
2025-09-05 14:45:41,417 : INFO : Machine : Shutting down...
2025-09-05 14:45:41,417 : INFO : EventManager : Event: ======'shutdown'====== Args={}
2025-09-05 14:45:41,418 : INFO : EventManager : Event: ======'mode_game_will_stop'====== Args={}
2025-09-05 14:45:41,418 : INFO : EventManager : Event: ======'mode_game_stopping'====== Args={}
2025-09-05 14:45:41,418 : INFO : EventManager : Event: ======'mode_bumpers_will_stop'====== Args={}
2025-09-05 14:45:41,419 : INFO : EventManager : Event: ======'mode_bumpers_stopping'====== Args={}
2025-09-05 14:45:41,419 : INFO : EventManager : Event: ======'mode_base_will_stop'====== Args={}
2025-09-05 14:45:41,419 : INFO : EventManager : Event: ======'mode_base_stopping'====== Args={}
2025-09-05 14:45:41,419 : INFO : EventManager : Event: ======'stop_mode_bumpers'====== Args={'priority': 0}
2025-09-05 14:45:41,419 : INFO : Mode.base : Stopped.
2025-09-05 14:45:41,419 : INFO : EventManager : Event: ======'modes_active_modes_changed'====== Args={}
2025-09-05 14:45:41,419 : INFO : EventManager : Event: ======'mode_base_stopped'====== Args={}
2025-09-05 14:45:41,419 : INFO : EventManager : Event: ======'clear'====== Args={'key': 'base'}
2025-09-05 14:45:41,419 : INFO : Mode.bumpers : Stopped.
2025-09-05 14:45:41,420 : INFO : EventManager : Event: ======'modes_active_modes_changed'====== Args={}
2025-09-05 14:45:41,420 : INFO : EventManager : Event: ======'mode_bumpers_stopped'====== Args={}
2025-09-05 14:45:41,420 : INFO : EventManager : Event: ======'clear'====== Args={'key': 'bumpers'}
2025-09-05 14:45:41,420 : INFO : Mode.game : Stopped.
2025-09-05 14:45:41,420 : INFO : EventManager : Event: ======'modes_active_modes_changed'====== Args={}
2025-09-05 14:45:41,421 : INFO : EventManager : Event: ======'mode_game_stopped'====== Args={}
2025-09-05 14:45:41,421 : INFO : EventManager : Event: ======'clear'====== Args={'key': 'game'}
2025-09-05 14:45:41,424 : INFO : root : MPF run loop ended.
