2025-12-26 11:21:08,658 : INFO : root : Loading config.
2025-12-26 11:21:08,662 : INFO : YamlMultifileConfigLoader : Machine config file #1: config.yaml
2025-12-26 11:21:08,663 : INFO : ConfigProcessor : Loading config from cache: C:\Users\White\AppData\Local\Temp\4d2409115979d2066280cf8a522910f3.mpf_cache
2025-12-26 11:21:08,777 : INFO : ConfigProcessor : Loading config from cache: C:\Users\White\AppData\Local\Temp\e29f700f4dd412c341ced84fe54a834e.mpf_cache
2025-12-26 11:21:08,778 : INFO : ConfigProcessor : Loading config from cache: C:\Users\White\AppData\Local\Temp\91cc4d1c993c58dc354e34974b9cfeac.mpf_cache
2025-12-26 11:21:08,779 : INFO : ConfigProcessor : Loading config from cache: C:\Users\White\AppData\Local\Temp\153a6f35d2fbc89e8611fc222f5041e6.mpf_cache
2025-12-26 11:21:08,780 : INFO : ConfigProcessor : Loading config from cache: C:\Users\White\AppData\Local\Temp\e29f700f4dd412c341ced84fe54a834e.mpf_cache
2025-12-26 11:21:08,780 : INFO : ConfigProcessor : Loading config from cache: C:\Users\White\AppData\Local\Temp\3424101e418333c494b4f7abb38a6bbc.mpf_cache
2025-12-26 11:21:08,781 : INFO : ConfigProcessor : Loading config from cache: C:\Users\White\AppData\Local\Temp\2baac919e756d495657c096c87a61da2.mpf_cache
2025-12-26 11:21:08,782 : INFO : ConfigProcessor : Loading config from cache: C:\Users\White\AppData\Local\Temp\515c33aaf7882d3e576ea3c42b7bfe2a.mpf_cache
2025-12-26 11:21:08,783 : INFO : ConfigProcessor : Loading config from cache: C:\Users\White\AppData\Local\Temp\928267ba5ce09cfb7bef110abe29482e.mpf_cache
2025-12-26 11:21:08,785 : INFO : ConfigProcessor : Loading config from cache: C:\Users\White\AppData\Local\Temp\143f2aa6ea6c447c37835b1fcf1e2392.mpf_cache
2025-12-26 11:21:08,786 : INFO : ConfigProcessor : Loading config from cache: C:\Users\White\AppData\Local\Temp\32a647433343f2a8dbd97369798bc91c.mpf_cache
2025-12-26 11:21:08,786 : INFO : ConfigProcessor : Loading config from cache: C:\Users\White\AppData\Local\Temp\fcd858616785c392a2718eef83d6bdec.mpf_cache
2025-12-26 11:21:08,787 : INFO : ConfigProcessor : Loading config from cache: C:\Users\White\AppData\Local\Temp\bc528c0552a0292e8ecb958c9df9be52.mpf_cache
2025-12-26 11:21:08,788 : INFO : ConfigProcessor : Loading config from cache: C:\Users\White\AppData\Local\Temp\079d5d4f78adbdc9511df3472695879d.mpf_cache
2025-12-26 11:21:08,789 : INFO : ConfigProcessor : Loading config from cache: C:\Users\White\AppData\Local\Temp\3d7624af3136b167d055570c605d2391.mpf_cache
2025-12-26 11:21:08,790 : INFO : ConfigProcessor : Loading config from cache: C:\Users\White\AppData\Local\Temp\cbf9c95ed33e797787d40a3c26fb1f29.mpf_cache
2025-12-26 11:21:08,790 : INFO : ConfigProcessor : Loading config from cache: C:\Users\White\AppData\Local\Temp\0f477732e86fa3539be0c16808cbc3a4.mpf_cache
2025-12-26 11:21:08,792 : INFO : ConfigProcessor : Loading config from cache: C:\Users\White\AppData\Local\Temp\5252be9889d0ea92e9251ccb139bb96e.mpf_cache
2025-12-26 11:21:08,796 : INFO : ConfigProcessor : Loading config from cache: C:\Users\White\AppData\Local\Temp\bbd12103fd66360c81da95fa3b5d5cac.mpf_cache
2025-12-26 11:21:08,798 : WARNING : ConfigProcessor : Config file in cache changed: C:\Users\White\documents\Top_Gun_Pinball\shows\.\attract_color_plus_spin.yaml
2025-12-26 11:21:08,799 : INFO : ConfigProcessor : Loading config from file C:\Users\White\documents\Top_Gun_Pinball\shows\.\attract_color_plus_spin.yaml.
2025-12-26 11:21:08,915 : INFO : ConfigProcessor : Loading config: C:\Users\White\documents\Top_Gun_Pinball\shows\.\attract_color_plus_spin.yaml
2025-12-26 11:21:08,918 : INFO : ConfigProcessor : Config file cache created: C:\Users\White\AppData\Local\Temp\aecbb0084a39aaddc8e1af6d86d05e57.mpf_cache
2025-12-26 11:21:08,919 : WARNING : ConfigProcessor : Config file in cache changed: C:\Users\White\documents\Top_Gun_Pinball\shows\.\attract_color_wheel.yaml
2025-12-26 11:21:08,919 : INFO : ConfigProcessor : Loading config from file C:\Users\White\documents\Top_Gun_Pinball\shows\.\attract_color_wheel.yaml.
2025-12-26 11:21:08,955 : INFO : ConfigProcessor : Loading config: C:\Users\White\documents\Top_Gun_Pinball\shows\.\attract_color_wheel.yaml
2025-12-26 11:21:08,957 : INFO : ConfigProcessor : Config file cache created: C:\Users\White\AppData\Local\Temp\a64c515fc9f6d1ba4d043d8acedc61d8.mpf_cache
2025-12-26 11:21:08,957 : WARNING : ConfigProcessor : Config file in cache changed: C:\Users\White\documents\Top_Gun_Pinball\shows\.\attract_corners_sweep.yaml
2025-12-26 11:21:08,957 : INFO : ConfigProcessor : Loading config from file C:\Users\White\documents\Top_Gun_Pinball\shows\.\attract_corners_sweep.yaml.
2025-12-26 11:21:09,152 : INFO : ConfigProcessor : Loading config: C:\Users\White\documents\Top_Gun_Pinball\shows\.\attract_corners_sweep.yaml
2025-12-26 11:21:09,155 : INFO : ConfigProcessor : Config file cache created: C:\Users\White\AppData\Local\Temp\157e473ad106aaf7621d4ff67f908349.mpf_cache
2025-12-26 11:21:09,156 : INFO : ConfigProcessor : Loading config from cache: C:\Users\White\AppData\Local\Temp\b42daedb456e388e83b54e0791e694a7.mpf_cache
2025-12-26 11:21:09,169 : WARNING : ConfigProcessor : Config file in cache changed: C:\Users\White\documents\Top_Gun_Pinball\shows\.\attract_insert_color_bounce.yaml
2025-12-26 11:21:09,169 : INFO : ConfigProcessor : Loading config from file C:\Users\White\documents\Top_Gun_Pinball\shows\.\attract_insert_color_bounce.yaml.
2025-12-26 11:21:09,223 : INFO : ConfigProcessor : Loading config: C:\Users\White\documents\Top_Gun_Pinball\shows\.\attract_insert_color_bounce.yaml
2025-12-26 11:21:09,225 : INFO : ConfigProcessor : Config file cache created: C:\Users\White\AppData\Local\Temp\faf1d2b55b8b754be547ffd9950d5977.mpf_cache
2025-12-26 11:21:09,226 : INFO : ConfigProcessor : Loading config from cache: C:\Users\White\AppData\Local\Temp\881befc175503515b6a677d4b92fd8f6.mpf_cache
2025-12-26 11:21:09,245 : INFO : ConfigProcessor : Loading config from cache: C:\Users\White\AppData\Local\Temp\e02fdb456b236b981c3cd16c62d08cdd.mpf_cache
2025-12-26 11:21:09,265 : WARNING : ConfigProcessor : Config file in cache changed: C:\Users\White\documents\Top_Gun_Pinball\shows\.\attract_spiral_in_and_out.yaml
2025-12-26 11:21:09,265 : INFO : ConfigProcessor : Loading config from file C:\Users\White\documents\Top_Gun_Pinball\shows\.\attract_spiral_in_and_out.yaml.
