2025-08-24 11:41:19,619 : INFO : root : Loading config.
2025-08-24 11:41:19,634 : INFO : YamlMultifileConfigLoader : Machine config file #1: config.yaml
2025-08-24 11:41:19,635 : INFO : ConfigProcessor : Loading config from cache: C:\Users\White\AppData\Local\Temp\cfa6ecba65704a931c9dd214c44986c8.mpf_cache
2025-08-24 11:41:19,763 : INFO : ConfigProcessor : Loading config from cache: C:\Users\White\AppData\Local\Temp\f98ffc0ff5962effface7d86bc406d5c.mpf_cache
2025-08-24 11:41:19,775 : INFO : ConfigProcessor : Loading config from cache: C:\Users\White\AppData\Local\Temp\91cc4d1c993c58dc354e34974b9cfeac.mpf_cache
2025-08-24 11:41:19,782 : INFO : ConfigProcessor : Loading config from cache: C:\Users\White\AppData\Local\Temp\f98ffc0ff5962effface7d86bc406d5c.mpf_cache
2025-08-24 11:41:19,783 : INFO : ConfigProcessor : Loading config from cache: C:\Users\White\AppData\Local\Temp\76792f1d686f89709887dba7bd69667a.mpf_cache
2025-08-24 11:41:19,793 : INFO : Machine : Mission Pinball Framework Core Engine v0.80.0.dev9
2025-08-24 11:41:19,793 : INFO : Machine : Command line arguments: {'no_load_cache': False, 'create_config_cache': True, 'bcp': True, 'configfile': ['config.yaml'], 'force_assets_load': False, 'platform_integration_test': False, 'jsonlogging': False, 'logfile': 'logs\\2025-08-24-11-41-19-mpf-TopGunPinball.log', 'pause': False, 'production': False, 'text_ui': False, 'loglevel': 15, 'consoleloglevel': 20, 'force_platform': 'virtual', 'syslog_address': None, 'full_logfile_path': 'C:\\Users\\White\\Documents\\Top_Gun_Pinball\\logs\\2025-08-24-11-41-19-mpf-TopGunPinball.log'}
2025-08-24 11:41:19,793 : INFO : Machine : MPF path: C:\Users\White\mpf\Lib\site-packages\mpf
2025-08-24 11:41:19,793 : INFO : Machine : Machine path: C:\Users\White\Documents\Top_Gun_Pinball
2025-08-24 11:41:19,793 : INFO : Machine : Platform: win32
2025-08-24 11:41:19,794 : INFO : Machine : Python executable location: C:\Users\White\mpf\Scripts\python.exe
2025-08-24 11:41:19,794 : INFO : Machine : Python version: 3.12.7 (64-bit)
2025-08-24 11:41:19,797 : INFO : Machine : Initializing MPF...
2025-08-24 11:41:19,962 : INFO : EventManager : Event: ======'machine_var_credits_string'====== Args={'value': 'FREE PLAY', 'prev_value': None, 'change': True}
2025-08-24 11:41:19,990 : INFO : EventManager : Event: ======'machine_var_master_volume'====== Args={'value': 0.5, 'prev_value': None, 'change': True}
2025-08-24 11:41:19,990 : INFO : EventManager : Event: ======'machine_var_mpf_version'====== Args={'value': 'Mission Pinball Framework v0.80.0.dev9', 'prev_value': None, 'change': True}
2025-08-24 11:41:19,990 : INFO : EventManager : Event: ======'machine_var_mpf_extended_version'====== Args={'value': 'Mission Pinball Framework v0.80.0.dev9, Config version:6, Show version: 6, BCP version:1.1', 'prev_value': None, 'change': True}
2025-08-24 11:41:19,991 : INFO : EventManager : Event: ======'machine_var_python_version'====== Args={'value': '3.12.7', 'prev_value': None, 'change': True}
2025-08-24 11:41:20,149 : INFO : EventManager : Event: ======'machine_var_platform'====== Args={'value': 'Windows-11-10.0.26100-SP0', 'prev_value': None, 'change': True}
2025-08-24 11:41:20,149 : INFO : EventManager : Event: ======'machine_var_platform_system'====== Args={'value': 'Windows', 'prev_value': None, 'change': True}
2025-08-24 11:41:20,149 : INFO : EventManager : Event: ======'machine_var_platform_release'====== Args={'value': '11', 'prev_value': None, 'change': True}
2025-08-24 11:41:20,149 : INFO : EventManager : Event: ======'machine_var_platform_version'====== Args={'value': '10.0.26100', 'prev_value': None, 'change': True}
2025-08-24 11:41:20,149 : INFO : EventManager : Event: ======'machine_var_platform_machine'====== Args={'value': 'AMD64', 'prev_value': None, 'change': True}
2025-08-24 11:41:20,149 : INFO : EventManager : Event: ======'machine_var_log_file_path'====== Args={'value': 'C:\\Users\\White\\Documents\\Top_Gun_Pinball\\logs\\2025-08-24-11-41-19-mpf-TopGunPinball.log', 'prev_value': None, 'change': True}
2025-08-24 11:41:20,149 : INFO : EventManager : Event: ======'init_phase_1'====== Args={}
2025-08-24 11:41:20,171 : INFO : EventManager : Event: ======'init_phase_2'====== Args={}
2025-08-24 11:41:20,172 : INFO : EventManager : Event: ======'bcp_connection_attempt'====== Args={'name': 'local_display', 'host': 'localhost', 'port': 5050}
2025-08-24 11:41:20,175 : INFO : BCPClientSocket : Connecting BCP to 'local_display' at localhost:5050...
2025-08-24 11:41:20,186 : INFO : BCPClientSocket : Connected BCP to 'local_display' localhost:5050
2025-08-24 11:41:20,187 : INFO : EventManager : Event: ======'bcp_clients_connected'====== Args={}
2025-08-24 11:41:20,187 : INFO : ball_device.bd_plunger : BCH: Initial count: 0
2025-08-24 11:41:20,188 : INFO : ball_device.bd_plunger : State: idle
2025-08-24 11:41:20,188 : INFO : ball_device.bd_trough : BCH: Initial count: 0
2025-08-24 11:41:20,188 : INFO : ball_device.bd_trough : State: idle
2025-08-24 11:41:20,198 : INFO : EventManager : Event: ======'init_phase_3'====== Args={}
2025-08-24 11:41:20,200 : INFO : EventManager : Event: ======'init_phase_4'====== Args={}
2025-08-24 11:41:20,200 : INFO : BallController : Initial balls found: 0
2025-08-24 11:41:20,202 : INFO : EventManager : Event: ======'machine_var_audits_switches_s_trough_3'====== Args={'value': 0, 'prev_value': None, 'change': True}
2025-08-24 11:41:20,202 : INFO : EventManager : Event: ======'machine_var_audits_switches_s_plunger_lane'====== Args={'value': 0, 'prev_value': None, 'change': True}
2025-08-24 11:41:20,202 : INFO : EventManager : Event: ======'machine_var_audits_switches_s_jam'====== Args={'value': 0, 'prev_value': None, 'change': True}
2025-08-24 11:41:20,202 : INFO : EventManager : Event: ======'machine_var_audits_switches_s_trough_2'====== Args={'value': 0, 'prev_value': None, 'change': True}
2025-08-24 11:41:20,202 : INFO : EventManager : Event: ======'machine_var_audits_switches_s_trough_1'====== Args={'value': 0, 'prev_value': None, 'change': True}
2025-08-24 11:41:20,202 : INFO : EventManager : Event: ======'machine_var_audits_switches_s_trough_5'====== Args={'value': 0, 'prev_value': None, 'change': True}
2025-08-24 11:41:20,202 : INFO : EventManager : Event: ======'machine_var_audits_switches_s_trough_6'====== Args={'value': 0, 'prev_value': None, 'change': True}
2025-08-24 11:41:20,203 : INFO : EventManager : Event: ======'machine_var_audits_switches_s_flipper_right'====== Args={'value': 0, 'prev_value': None, 'change': True}
2025-08-24 11:41:20,203 : INFO : EventManager : Event: ======'machine_var_audits_switches_s_flipper_left'====== Args={'value': 0, 'prev_value': None, 'change': True}
2025-08-24 11:41:20,203 : INFO : EventManager : Event: ======'machine_var_audits_switches_s_trough_4'====== Args={'value': 0, 'prev_value': None, 'change': True}
2025-08-24 11:41:20,203 : INFO : EventManager : Event: ======'machine_var_audits_events_game_started'====== Args={'value': 0, 'prev_value': None, 'change': True}
2025-08-24 11:41:20,203 : INFO : EventManager : Event: ======'machine_var_audits_events_game_ended'====== Args={'value': 0, 'prev_value': None, 'change': True}
2025-08-24 11:41:20,203 : INFO : EventManager : Event: ======'machine_var_audits_player_score'====== Args={'value': {'top': [], 'average': 0, 'total': 0}, 'prev_value': None, 'change': True}
2025-08-24 11:41:20,203 : INFO : EventManager : Event: ======'init_phase_5'====== Args={}
2025-08-24 11:41:20,204 : INFO : EventManager : Event: ======'init_done'====== Args={}
2025-08-24 11:41:20,204 : INFO : EventManager : Event: ======'machine_reset_phase_1'====== Args={}
2025-08-24 11:41:20,208 : INFO : EventManager : Event: ======'machine_reset_phase_2'====== Args={}
2025-08-24 11:41:20,208 : INFO : EventManager : Event: ======'machine_reset_phase_3'====== Args={}
2025-08-24 11:41:20,208 : INFO : EventManager : Event: ======'reset_complete'====== Args={}
2025-08-24 11:41:20,208 : INFO : EventManager : Event: ======'mode_attract_will_start'====== Args={}
2025-08-24 11:41:20,209 : INFO : EventManager : Event: ======'mode_attract_starting'====== Args={}
2025-08-24 11:41:20,209 : INFO : Mode.attract : Started. Priority: 10
2025-08-24 11:41:20,209 : INFO : EventManager : Event: ======'modes_active_modes_changed'====== Args={}
2025-08-24 11:41:20,209 : INFO : EventManager : Event: ======'mode_attract_started'====== Args={}
2025-08-24 11:41:20,209 : INFO : EventManager : Event: ======'collecting_balls_complete'====== Args={}
2025-08-24 11:41:20,209 : INFO : EventManager : Event: ======'item_highlighted'====== Args={'carousel': 'attract', 'direction': None, 'item': 'title'}
2025-08-24 11:41:20,211 : INFO : Machine : Starting the main run loop with active modes: [<Mode.attract>]
2025-08-24 11:41:20,236 : INFO : EventManager : Event: ======'slide_attract_created'====== Args={'_from_bcp': True}
2025-08-24 11:41:20,236 : INFO : EventManager : Event: ======'slide__removed'====== Args={'_from_bcp': True}
2025-08-24 11:41:20,237 : INFO : EventManager : Event: ======'slide_attract_active'====== Args={'original_context': 'attract', 'original_calling_context': 'mode_attract_started', 'priority': 10.0, 'cmd': 'slides_play', '_from_bcp': True}
2025-08-24 11:41:30,447 : INFO : SwitchController : <<<<<<< 's_flipper_right' active >>>>>>>
2025-08-24 11:41:30,447 : INFO : EventManager : Event: ======'s_flipper_right_active'====== Args={}
2025-08-24 11:41:30,453 : INFO : EventManager : Event: ======'item_highlighted'====== Args={'carousel': 'attract', 'direction': 'forwards', 'item': 'credits'}
2025-08-24 11:41:30,563 : INFO : SwitchController : <<<<<<< 's_flipper_right' inactive >>>>>>>
2025-08-24 11:41:30,981 : INFO : SwitchController : <<<<<<< 's_flipper_left' active >>>>>>>
2025-08-24 11:41:30,981 : INFO : EventManager : Event: ======'s_flipper_left_active'====== Args={}
2025-08-24 11:41:30,981 : INFO : EventManager : Event: ======'item_highlighted'====== Args={'carousel': 'attract', 'direction': 'backwards', 'item': 'title'}
2025-08-24 11:41:31,114 : INFO : SwitchController : <<<<<<< 's_flipper_left' inactive >>>>>>>
2025-08-24 11:41:31,563 : INFO : SwitchController : <<<<<<< 's_flipper_right' active >>>>>>>
2025-08-24 11:41:31,563 : INFO : EventManager : Event: ======'s_flipper_right_active'====== Args={}
2025-08-24 11:41:31,565 : INFO : EventManager : Event: ======'item_highlighted'====== Args={'carousel': 'attract', 'direction': 'forwards', 'item': 'credits'}
2025-08-24 11:41:31,715 : INFO : SwitchController : <<<<<<< 's_flipper_right' inactive >>>>>>>
2025-08-24 11:41:31,915 : INFO : SwitchController : <<<<<<< 's_flipper_right' active >>>>>>>
2025-08-24 11:41:31,915 : INFO : EventManager : Event: ======'s_flipper_right_active'====== Args={}
2025-08-24 11:41:31,915 : INFO : EventManager : Event: ======'item_highlighted'====== Args={'carousel': 'attract', 'direction': 'forwards', 'item': 'mpf_logo'}
2025-08-24 11:41:32,081 : INFO : SwitchController : <<<<<<< 's_flipper_right' inactive >>>>>>>
2025-08-24 11:41:32,449 : INFO : SwitchController : <<<<<<< 's_flipper_right' active >>>>>>>
2025-08-24 11:41:32,449 : INFO : EventManager : Event: ======'s_flipper_right_active'====== Args={}
2025-08-24 11:41:32,449 : INFO : EventManager : Event: ======'item_highlighted'====== Args={'carousel': 'attract', 'direction': 'forwards', 'item': 'hotrod_pinball_logo'}
2025-08-24 11:41:32,599 : INFO : SwitchController : <<<<<<< 's_flipper_right' inactive >>>>>>>
2025-08-24 11:41:33,149 : INFO : SwitchController : <<<<<<< 's_flipper_right' active >>>>>>>
2025-08-24 11:41:33,149 : INFO : EventManager : Event: ======'s_flipper_right_active'====== Args={}
2025-08-24 11:41:33,149 : INFO : EventManager : Event: ======'item_highlighted'====== Args={'carousel': 'attract', 'direction': 'forwards', 'item': 'title'}
2025-08-24 11:41:33,332 : INFO : SwitchController : <<<<<<< 's_flipper_right' inactive >>>>>>>
2025-08-24 11:41:34,367 : INFO : SwitchController : <<<<<<< 's_flipper_right' active >>>>>>>
2025-08-24 11:41:34,367 : INFO : EventManager : Event: ======'s_flipper_right_active'====== Args={}
2025-08-24 11:41:34,367 : INFO : EventManager : Event: ======'item_highlighted'====== Args={'carousel': 'attract', 'direction': 'forwards', 'item': 'credits'}
2025-08-24 11:41:34,567 : INFO : SwitchController : <<<<<<< 's_flipper_right' inactive >>>>>>>
2025-08-24 11:41:34,851 : INFO : SwitchController : <<<<<<< 's_flipper_right' active >>>>>>>
2025-08-24 11:41:34,851 : INFO : EventManager : Event: ======'s_flipper_right_active'====== Args={}
2025-08-24 11:41:34,852 : INFO : EventManager : Event: ======'item_highlighted'====== Args={'carousel': 'attract', 'direction': 'forwards', 'item': 'mpf_logo'}
2025-08-24 11:41:35,034 : INFO : SwitchController : <<<<<<< 's_flipper_right' inactive >>>>>>>
2025-08-24 11:41:35,452 : INFO : SwitchController : <<<<<<< 's_flipper_right' active >>>>>>>
2025-08-24 11:41:35,452 : INFO : EventManager : Event: ======'s_flipper_right_active'====== Args={}
2025-08-24 11:41:35,452 : INFO : EventManager : Event: ======'item_highlighted'====== Args={'carousel': 'attract', 'direction': 'forwards', 'item': 'hotrod_pinball_logo'}
2025-08-24 11:41:35,635 : INFO : SwitchController : <<<<<<< 's_flipper_right' inactive >>>>>>>
2025-08-24 11:41:36,403 : INFO : SwitchController : <<<<<<< 's_flipper_left' active >>>>>>>
2025-08-24 11:41:36,403 : INFO : EventManager : Event: ======'s_flipper_left_active'====== Args={}
2025-08-24 11:41:36,403 : INFO : EventManager : Event: ======'item_highlighted'====== Args={'carousel': 'attract', 'direction': 'backwards', 'item': 'mpf_logo'}
2025-08-24 11:41:36,569 : INFO : SwitchController : <<<<<<< 's_flipper_left' inactive >>>>>>>
2025-08-24 11:41:37,470 : INFO : SwitchController : <<<<<<< 's_flipper_right' active >>>>>>>
2025-08-24 11:41:37,470 : INFO : EventManager : Event: ======'s_flipper_right_active'====== Args={}
2025-08-24 11:41:37,470 : INFO : EventManager : Event: ======'item_highlighted'====== Args={'carousel': 'attract', 'direction': 'forwards', 'item': 'hotrod_pinball_logo'}
2025-08-24 11:41:37,637 : INFO : SwitchController : <<<<<<< 's_flipper_right' inactive >>>>>>>
2025-08-24 11:41:38,272 : INFO : SwitchController : <<<<<<< 's_flipper_right' active >>>>>>>
2025-08-24 11:41:38,272 : INFO : EventManager : Event: ======'s_flipper_right_active'====== Args={}
2025-08-24 11:41:38,272 : INFO : EventManager : Event: ======'item_highlighted'====== Args={'carousel': 'attract', 'direction': 'forwards', 'item': 'title'}
2025-08-24 11:41:38,454 : INFO : SwitchController : <<<<<<< 's_flipper_right' inactive >>>>>>>
2025-08-24 11:41:46,296 : INFO : Machine : Shutting down...
2025-08-24 11:41:46,296 : INFO : EventManager : Event: ======'shutdown'====== Args={}
2025-08-24 11:41:46,299 : INFO : root : MPF run loop ended.
