2025-11-12 17:59:04,759 : INFO : root : Loading config.
2025-11-12 17:59:04,762 : INFO : YamlMultifileConfigLoader : Machine config file #1: config.yaml
2025-11-12 17:59:04,763 : INFO : ConfigProcessor : Loading config from cache: C:\Users\White\AppData\Local\Temp\4d2409115979d2066280cf8a522910f3.mpf_cache
2025-11-12 17:59:04,877 : INFO : ConfigProcessor : Loading config from cache: C:\Users\White\AppData\Local\Temp\e29f700f4dd412c341ced84fe54a834e.mpf_cache
2025-11-12 17:59:04,878 : INFO : ConfigProcessor : Loading config from cache: C:\Users\White\AppData\Local\Temp\91cc4d1c993c58dc354e34974b9cfeac.mpf_cache
2025-11-12 17:59:04,879 : INFO : ConfigProcessor : Loading config from cache: C:\Users\White\AppData\Local\Temp\153a6f35d2fbc89e8611fc222f5041e6.mpf_cache
2025-11-12 17:59:04,880 : INFO : ConfigProcessor : Loading config from cache: C:\Users\White\AppData\Local\Temp\e29f700f4dd412c341ced84fe54a834e.mpf_cache
2025-11-12 17:59:04,881 : INFO : ConfigProcessor : Loading config from cache: C:\Users\White\AppData\Local\Temp\3424101e418333c494b4f7abb38a6bbc.mpf_cache
2025-11-12 17:59:04,881 : WARNING : ConfigProcessor : Config file in cache changed: C:\Users\White\documents\Top_Gun_Pinball\modes\bonus\config\bonus.yaml
2025-11-12 17:59:04,881 : INFO : ConfigProcessor : Loading config from file C:\Users\White\mpf\Lib\site-packages\mpf\modes\bonus\config\bonus.yaml.
2025-11-12 17:59:04,885 : INFO : ConfigProcessor : Loading config: C:\Users\White\mpf\Lib\site-packages\mpf\modes\bonus\config\bonus.yaml
2025-11-12 17:59:04,885 : INFO : ConfigProcessor : Loading config from file C:\Users\White\documents\Top_Gun_Pinball\modes\bonus\config\bonus.yaml.
2025-11-12 17:59:04,907 : INFO : ConfigProcessor : Loading config: C:\Users\White\documents\Top_Gun_Pinball\modes\bonus\config\bonus.yaml
2025-11-12 17:59:04,908 : INFO : ConfigProcessor : Config file cache created: C:\Users\White\AppData\Local\Temp\515c33aaf7882d3e576ea3c42b7bfe2a.mpf_cache
2025-11-12 17:59:04,908 : INFO : ConfigProcessor : Loading config from cache: C:\Users\White\AppData\Local\Temp\928267ba5ce09cfb7bef110abe29482e.mpf_cache
2025-11-12 17:59:04,909 : INFO : ConfigProcessor : Loading config from cache: C:\Users\White\AppData\Local\Temp\143f2aa6ea6c447c37835b1fcf1e2392.mpf_cache
2025-11-12 17:59:04,910 : INFO : ConfigProcessor : Loading config from cache: C:\Users\White\AppData\Local\Temp\32a647433343f2a8dbd97369798bc91c.mpf_cache
2025-11-12 17:59:04,910 : INFO : ConfigProcessor : Loading config from cache: C:\Users\White\AppData\Local\Temp\fcd858616785c392a2718eef83d6bdec.mpf_cache
2025-11-12 17:59:04,911 : INFO : ConfigProcessor : Loading config from cache: C:\Users\White\AppData\Local\Temp\bc528c0552a0292e8ecb958c9df9be52.mpf_cache
2025-11-12 17:59:04,912 : INFO : ConfigProcessor : Loading config from cache: C:\Users\White\AppData\Local\Temp\079d5d4f78adbdc9511df3472695879d.mpf_cache
2025-11-12 17:59:04,913 : INFO : ConfigProcessor : Loading config from cache: C:\Users\White\AppData\Local\Temp\cbf9c95ed33e797787d40a3c26fb1f29.mpf_cache
2025-11-12 17:59:04,915 : INFO : ConfigProcessor : Loading config from cache: C:\Users\White\AppData\Local\Temp\0f477732e86fa3539be0c16808cbc3a4.mpf_cache
2025-11-12 17:59:04,917 : INFO : ConfigProcessor : Loading config from cache: C:\Users\White\AppData\Local\Temp\5252be9889d0ea92e9251ccb139bb96e.mpf_cache
2025-11-12 17:59:04,920 : INFO : ConfigProcessor : Loading config from cache: C:\Users\White\AppData\Local\Temp\bbd12103fd66360c81da95fa3b5d5cac.mpf_cache
2025-11-12 17:59:04,921 : INFO : ConfigProcessor : Loading config from cache: C:\Users\White\AppData\Local\Temp\aecbb0084a39aaddc8e1af6d86d05e57.mpf_cache
2025-11-12 17:59:04,924 : INFO : ConfigProcessor : Loading config from cache: C:\Users\White\AppData\Local\Temp\a64c515fc9f6d1ba4d043d8acedc61d8.mpf_cache
2025-11-12 17:59:04,925 : INFO : ConfigProcessor : Loading config from cache: C:\Users\White\AppData\Local\Temp\157e473ad106aaf7621d4ff67f908349.mpf_cache
2025-11-12 17:59:04,928 : INFO : ConfigProcessor : Loading config from cache: C:\Users\White\AppData\Local\Temp\b42daedb456e388e83b54e0791e694a7.mpf_cache
2025-11-12 17:59:04,929 : INFO : ConfigProcessor : Loading config from cache: C:\Users\White\AppData\Local\Temp\faf1d2b55b8b754be547ffd9950d5977.mpf_cache
2025-11-12 17:59:04,930 : INFO : ConfigProcessor : Loading config from cache: C:\Users\White\AppData\Local\Temp\881befc175503515b6a677d4b92fd8f6.mpf_cache
2025-11-12 17:59:04,935 : INFO : ConfigProcessor : Loading config from cache: C:\Users\White\AppData\Local\Temp\e02fdb456b236b981c3cd16c62d08cdd.mpf_cache
2025-11-12 17:59:04,937 : INFO : ConfigProcessor : Loading config from cache: C:\Users\White\AppData\Local\Temp\60f49b772835308c8a63a813f3984bd2.mpf_cache
2025-11-12 17:59:04,939 : INFO : ConfigProcessor : Loading config from cache: C:\Users\White\AppData\Local\Temp\b44eabe64ef7d1af51d3871ffce6e8a0.mpf_cache
2025-11-12 17:59:04,940 : INFO : ConfigProcessor : Loading config from cache: C:\Users\White\AppData\Local\Temp\c53f4b0025ffe033d8b4913dcf5d894f.mpf_cache
2025-11-12 17:59:04,942 : INFO : ConfigProcessor : Loading config from cache: C:\Users\White\AppData\Local\Temp\859a13897bab67859dc37e71c8deb7f3.mpf_cache
2025-11-12 17:59:04,943 : INFO : ConfigProcessor : Loading config from cache: C:\Users\White\AppData\Local\Temp\1df928f99f2fd0a162eaba4dfecade40.mpf_cache
2025-11-12 17:59:04,944 : INFO : ConfigProcessor : Loading config from cache: C:\Users\White\AppData\Local\Temp\79c411a388f93dc9361da8ba68c71f8b.mpf_cache
2025-11-12 17:59:04,944 : INFO : ConfigProcessor : Loading config from cache: C:\Users\White\AppData\Local\Temp\a2e6743439269288443fc316af74c4e3.mpf_cache
2025-11-12 17:59:04,945 : INFO : ConfigProcessor : Loading config from cache: C:\Users\White\AppData\Local\Temp\806e2c11867b05313045539710e5cf3e.mpf_cache
2025-11-12 17:59:04,946 : INFO : ConfigProcessor : Loading config from cache: C:\Users\White\AppData\Local\Temp\d4cc51f9996852dab0efd4baeb323b9c.mpf_cache
2025-11-12 17:59:04,947 : INFO : Machine : Mission Pinball Framework Core Engine v0.80.0.dev9
2025-11-12 17:59:04,947 : INFO : Machine : Command line arguments: {'no_load_cache': False, 'create_config_cache': True, 'bcp': True, 'configfile': ['config.yaml'], 'force_assets_load': False, 'platform_integration_test': False, 'jsonlogging': False, 'logfile': 'logs\\2025-11-12-17-59-04-mpf-TopGunPinball.log', 'pause': False, 'production': False, 'text_ui': False, 'loglevel': 15, 'consoleloglevel': 20, 'force_platform': 'virtual', 'syslog_address': None, 'full_logfile_path': 'C:\\Users\\White\\documents\\Top_Gun_Pinball\\logs\\2025-11-12-17-59-04-mpf-TopGunPinball.log'}
2025-11-12 17:59:04,947 : INFO : Machine : MPF path: C:\Users\White\mpf\Lib\site-packages\mpf
2025-11-12 17:59:04,947 : INFO : Machine : Machine path: C:\Users\White\documents\Top_Gun_Pinball
2025-11-12 17:59:04,947 : INFO : Machine : Platform: win32
2025-11-12 17:59:04,947 : INFO : Machine : Python executable location: C:\Users\White\mpf\Scripts\python.exe
2025-11-12 17:59:04,947 : INFO : Machine : Python version: 3.12.7 (64-bit)
2025-11-12 17:59:04,949 : INFO : Machine : Initializing MPF...
2025-11-12 17:59:05,044 : INFO : EventManager : Event: ======'machine_var_credits_string'====== Args={'value': 'FREE PLAY', 'prev_value': None, 'change': True}
2025-11-12 17:59:05,074 : INFO : EventManager : Event: ======'machine_var_master_volume'====== Args={'value': 0.5, 'prev_value': None, 'change': True}
2025-11-12 17:59:05,074 : INFO : EventManager : Event: ======'machine_var_player1_score'====== Args={'value': 2229000, 'prev_value': None, 'change': True}
2025-11-12 17:59:05,074 : INFO : EventManager : Event: ======'machine_var_mpf_version'====== Args={'value': 'Mission Pinball Framework v0.80.0.dev9', 'prev_value': None, 'change': True}
2025-11-12 17:59:05,074 : INFO : EventManager : Event: ======'machine_var_mpf_extended_version'====== Args={'value': 'Mission Pinball Framework v0.80.0.dev9, Config version:6, Show version: 6, BCP version:1.1', 'prev_value': None, 'change': True}
2025-11-12 17:59:05,075 : INFO : EventManager : Event: ======'machine_var_python_version'====== Args={'value': '3.12.7', 'prev_value': None, 'change': True}
2025-11-12 17:59:05,233 : INFO : EventManager : Event: ======'machine_var_platform'====== Args={'value': 'Windows-11-10.0.26100-SP0', 'prev_value': None, 'change': True}
2025-11-12 17:59:05,233 : INFO : EventManager : Event: ======'machine_var_platform_system'====== Args={'value': 'Windows', 'prev_value': None, 'change': True}
2025-11-12 17:59:05,233 : INFO : EventManager : Event: ======'machine_var_platform_release'====== Args={'value': '11', 'prev_value': None, 'change': True}
2025-11-12 17:59:05,233 : INFO : EventManager : Event: ======'machine_var_platform_version'====== Args={'value': '10.0.26100', 'prev_value': None, 'change': True}
2025-11-12 17:59:05,235 : INFO : EventManager : Event: ======'machine_var_platform_machine'====== Args={'value': 'AMD64', 'prev_value': None, 'change': True}
2025-11-12 17:59:05,235 : INFO : EventManager : Event: ======'machine_var_log_file_path'====== Args={'value': 'C:\\Users\\White\\documents\\Top_Gun_Pinball\\logs\\2025-11-12-17-59-04-mpf-TopGunPinball.log', 'prev_value': None, 'change': True}
2025-11-12 17:59:05,235 : INFO : EventManager : Event: ======'init_phase_1'====== Args={}
2025-11-12 17:59:05,242 : ERROR : ConfigValidator : Your config contains a value for the setting "bonus_mode_settings:bonus_entries:display_delay_ms", but this is not a valid setting name.
2025-11-12 17:59:05,243 : ERROR : asyncio : Exception in callback EventManager._async_handler_done(<QueuedEvent>)(<Task finishe...tting name.')>) at C:\Users\White\mpf\Lib\site-packages\mpf\core\events.py:124
handle: <Handle EventManager._async_handler_done(<QueuedEvent>)(<Task finishe...tting name.')>) at C:\Users\White\mpf\Lib\site-packages\mpf\core\events.py:124>
Traceback (most recent call last):
  File "C:\Users\White\AppData\Local\Programs\Python\Python312\Lib\asyncio\events.py", line 88, in _run
    self._context.run(self._callback, *self._args)
  File "C:\Users\White\mpf\Lib\site-packages\mpf\core\events.py", line 127, in _async_handler_done
    future.result()
  File "C:\Users\White\mpf\Lib\site-packages\mpf\core\mode_controller.py", line 119, in load_modes
    self.machine.modes[mode] = self._load_mode(mode)
                               ^^^^^^^^^^^^^^^^^^^^^
  File "C:\Users\White\mpf\Lib\site-packages\mpf\core\mode_controller.py", line 168, in _load_mode
    return mode_class(self.machine, config, mode_string, config['mode']['path'], config['mode']['asset_paths'])
           ^^^^^^^^^^^^^^^^^^^^^^^^^^^^^^^^^^^^^^^^^^^^^^^^^^^^^^^^^^^^^^^^^^^^^^^^^^^^^^^^^^^^^^^^^^^^^^^^^^^^
  File "C:\Users\White\mpf\Lib\site-packages\mpf\modes\bonus\code\bonus.py", line 20, in __init__
    self.settings = self.machine.config_validator.validate_config(
                    ^^^^^^^^^^^^^^^^^^^^^^^^^^^^^^^^^^^^^^^^^^^^^^
  File "C:\Users\White\mpf\Lib\site-packages\mpf\core\config_validator.py", line 164, in validate_config
    return self._validate_config(config_spec, source, base_spec=base_spec, add_missing_keys=add_missing_keys,
           ^^^^^^^^^^^^^^^^^^^^^^^^^^^^^^^^^^^^^^^^^^^^^^^^^^^^^^^^^^^^^^^^^^^^^^^^^^^^^^^^^^^^^^^^^^^^^^^^^^
  File "C:\Users\White\mpf\Lib\site-packages\mpf\core\config_validator.py", line 204, in _validate_config
    processed_config[k] = self.validate_config_item(
                          ^^^^^^^^^^^^^^^^^^^^^^^^^^
  File "C:\Users\White\mpf\Lib\site-packages\mpf\core\config_validator.py", line 256, in validate_config_item
    new_list.append(self.validate_item(i, validation, validation_failure_info))
                    ^^^^^^^^^^^^^^^^^^^^^^^^^^^^^^^^^^^^^^^^^^^^^^^^^^^^^^^^^^
  File "C:\Users\White\mpf\Lib\site-packages\mpf\core\config_validator.py", line 699, in validate_item
    return self.validator_list[validator](item, validation_failure_info=validation_failure_info, param=param)
           ^^^^^^^^^^^^^^^^^^^^^^^^^^^^^^^^^^^^^^^^^^^^^^^^^^^^^^^^^^^^^^^^^^^^^^^^^^^^^^^^^^^^^^^^^^^^^^^^^^
  File "C:\Users\White\mpf\Lib\site-packages\mpf\core\config_validator.py", line 368, in _validate_type_subconfig
    return self._validate_config(attribute, item, validation_failure_info=validation_failure_info,
           ^^^^^^^^^^^^^^^^^^^^^^^^^^^^^^^^^^^^^^^^^^^^^^^^^^^^^^^^^^^^^^^^^^^^^^^^^^^^^^^^^^^^^^^
  File "C:\Users\White\mpf\Lib\site-packages\mpf\core\config_validator.py", line 177, in _validate_config
    self.check_for_invalid_sections(this_spec, source, validation_failure_info)
  File "C:\Users\White\mpf\Lib\site-packages\mpf\core\config_validator.py", line 345, in check_for_invalid_sections
    raise ConfigFileError('Your config contains a value for the '
mpf.exceptions.config_file_error.ConfigFileError: Config File Error in ConfigValidator: Your config contains a value for the setting "bonus_mode_settings:bonus_entries:display_delay_ms", but this is not a valid setting name. Error Code: CFE-ConfigValidator-2 (https://missionpinball.org/logs)
2025-11-12 17:59:05,319 : INFO : Machine : Starting the main run loop with active modes: []
2025-11-12 17:59:05,320 : ERROR : root : 'attract'
Traceback (most recent call last):
  File "C:\Users\White\mpf\Lib\site-packages\mpf\commands\game.py", line 229, in __init__
    self.machine.run()
  File "C:\Users\White\mpf\Lib\site-packages\mpf\core\machine.py", line 701, in run
    if not self.modes['attract'] in self.mode_controller.active_modes:
           ~~~~~~~~~~^^^^^^^^^^^
KeyError: 'attract'
