2025-08-28 16:37:26,216 : INFO : root : Loading config.
2025-08-28 16:37:26,229 : INFO : YamlMultifileConfigLoader : Machine config file #1: config.yaml
2025-08-28 16:37:26,229 : INFO : ConfigProcessor : Loading config from cache: C:\Users\White\AppData\Local\Temp\cfa6ecba65704a931c9dd214c44986c8.mpf_cache
2025-08-28 16:37:26,352 : INFO : ConfigProcessor : Loading config from cache: C:\Users\White\AppData\Local\Temp\f98ffc0ff5962effface7d86bc406d5c.mpf_cache
2025-08-28 16:37:26,354 : INFO : ConfigProcessor : Loading config from cache: C:\Users\White\AppData\Local\Temp\91cc4d1c993c58dc354e34974b9cfeac.mpf_cache
2025-08-28 16:37:26,363 : INFO : ConfigProcessor : Loading config from cache: C:\Users\White\AppData\Local\Temp\f98ffc0ff5962effface7d86bc406d5c.mpf_cache
2025-08-28 16:37:26,363 : INFO : ConfigProcessor : Loading config from cache: C:\Users\White\AppData\Local\Temp\76792f1d686f89709887dba7bd69667a.mpf_cache
2025-08-28 16:37:26,366 : INFO : ConfigProcessor : Loading config from cache: C:\Users\White\AppData\Local\Temp\142bbae4707335cc8e3efaa4364c4893.mpf_cache
2025-08-28 16:37:26,368 : INFO : Machine : Mission Pinball Framework Core Engine v0.80.0.dev9
2025-08-28 16:37:26,368 : INFO : Machine : Command line arguments: {'no_load_cache': False, 'create_config_cache': True, 'bcp': True, 'configfile': ['config.yaml'], 'force_assets_load': False, 'platform_integration_test': False, 'jsonlogging': False, 'logfile': 'logs\\2025-08-28-16-37-26-mpf-TopGunPinball.log', 'pause': False, 'production': False, 'text_ui': False, 'loglevel': 15, 'consoleloglevel': 20, 'force_platform': 'virtual', 'syslog_address': None, 'full_logfile_path': 'C:\\Users\\White\\Documents\\Top_Gun_Pinball\\logs\\2025-08-28-16-37-26-mpf-TopGunPinball.log'}
2025-08-28 16:37:26,368 : INFO : Machine : MPF path: C:\Users\White\mpf\Lib\site-packages\mpf
2025-08-28 16:37:26,368 : INFO : Machine : Machine path: C:\Users\White\Documents\Top_Gun_Pinball
2025-08-28 16:37:26,368 : INFO : Machine : Platform: win32
2025-08-28 16:37:26,368 : INFO : Machine : Python executable location: C:\Users\White\mpf\Scripts\python.exe
2025-08-28 16:37:26,368 : INFO : Machine : Python version: 3.12.7 (64-bit)
2025-08-28 16:37:26,370 : INFO : Machine : Initializing MPF...
2025-08-28 16:37:26,500 : INFO : EventManager : Event: ======'machine_var_credits_string'====== Args={'value': 'FREE PLAY', 'prev_value': None, 'change': True}
2025-08-28 16:37:26,528 : INFO : EventManager : Event: ======'machine_var_master_volume'====== Args={'value': 0.5, 'prev_value': None, 'change': True}
2025-08-28 16:37:26,528 : INFO : EventManager : Event: ======'machine_var_mpf_version'====== Args={'value': 'Mission Pinball Framework v0.80.0.dev9', 'prev_value': None, 'change': True}
2025-08-28 16:37:26,528 : INFO : EventManager : Event: ======'machine_var_mpf_extended_version'====== Args={'value': 'Mission Pinball Framework v0.80.0.dev9, Config version:6, Show version: 6, BCP version:1.1', 'prev_value': None, 'change': True}
2025-08-28 16:37:26,529 : INFO : EventManager : Event: ======'machine_var_python_version'====== Args={'value': '3.12.7', 'prev_value': None, 'change': True}
2025-08-28 16:37:26,698 : INFO : EventManager : Event: ======'machine_var_platform'====== Args={'value': 'Windows-11-10.0.26100-SP0', 'prev_value': None, 'change': True}
2025-08-28 16:37:26,698 : INFO : EventManager : Event: ======'machine_var_platform_system'====== Args={'value': 'Windows', 'prev_value': None, 'change': True}
2025-08-28 16:37:26,698 : INFO : EventManager : Event: ======'machine_var_platform_release'====== Args={'value': '11', 'prev_value': None, 'change': True}
2025-08-28 16:37:26,698 : INFO : EventManager : Event: ======'machine_var_platform_version'====== Args={'value': '10.0.26100', 'prev_value': None, 'change': True}
2025-08-28 16:37:26,698 : INFO : EventManager : Event: ======'machine_var_platform_machine'====== Args={'value': 'AMD64', 'prev_value': None, 'change': True}
2025-08-28 16:37:26,699 : INFO : EventManager : Event: ======'machine_var_log_file_path'====== Args={'value': 'C:\\Users\\White\\Documents\\Top_Gun_Pinball\\logs\\2025-08-28-16-37-26-mpf-TopGunPinball.log', 'prev_value': None, 'change': True}
2025-08-28 16:37:26,699 : INFO : EventManager : Event: ======'init_phase_1'====== Args={}
2025-08-28 16:37:26,721 : INFO : EventManager : Event: ======'init_phase_2'====== Args={}
2025-08-28 16:37:26,721 : INFO : SwitchController : Found active switch: (1003, <Platform.Virtual>) <switch.s_trough_1>
2025-08-28 16:37:26,721 : INFO : SwitchController : Found active switch: (1004, <Platform.Virtual>) <switch.s_trough_2>
2025-08-28 16:37:26,721 : INFO : SwitchController : Found active switch: (1005, <Platform.Virtual>) <switch.s_trough_3>
2025-08-28 16:37:26,721 : INFO : SwitchController : Found active switch: (1006, <Platform.Virtual>) <switch.s_trough_4>
2025-08-28 16:37:26,721 : INFO : SwitchController : Found active switch: (1007, <Platform.Virtual>) <switch.s_trough_5>
2025-08-28 16:37:26,721 : INFO : SwitchController : Found active switch: (1008, <Platform.Virtual>) <switch.s_trough_6>
2025-08-28 16:37:26,723 : INFO : EventManager : Event: ======'bcp_connection_attempt'====== Args={'name': 'local_display', 'host': 'localhost', 'port': 5050}
2025-08-28 16:37:26,724 : INFO : BCPClientSocket : Connecting BCP to 'local_display' at localhost:5050...
2025-08-28 16:37:26,735 : INFO : BCPClientSocket : Connected BCP to 'local_display' localhost:5050
2025-08-28 16:37:26,736 : INFO : EventManager : Event: ======'bcp_clients_connected'====== Args={}
2025-08-28 16:37:26,736 : INFO : ball_device.bd_plunger : BCH: Initial count: 0
2025-08-28 16:37:26,736 : INFO : ball_device.bd_plunger : State: idle
2025-08-28 16:37:26,737 : INFO : ball_device.bd_trough : BCH: Initial count: 6
2025-08-28 16:37:26,737 : INFO : ball_device.bd_trough : State: idle
2025-08-28 16:37:26,760 : INFO : EventManager : Event: ======'init_phase_3'====== Args={}
2025-08-28 16:37:26,762 : INFO : EventManager : Event: ======'init_phase_4'====== Args={}
2025-08-28 16:37:26,762 : INFO : BallController : Initial balls found: 6
2025-08-28 16:37:26,763 : INFO : EventManager : Event: ======'machine_var_audits_events_game_ended'====== Args={'value': 0, 'prev_value': None, 'change': True}
2025-08-28 16:37:26,763 : INFO : EventManager : Event: ======'machine_var_audits_events_game_started'====== Args={'value': 28, 'prev_value': None, 'change': True}
2025-08-28 16:37:26,763 : INFO : EventManager : Event: ======'machine_var_audits_missing_switches_s_flipper_left'====== Args={'value': 28, 'prev_value': None, 'change': True}
2025-08-28 16:37:26,763 : INFO : EventManager : Event: ======'machine_var_audits_missing_switches_s_flipper_right'====== Args={'value': 28, 'prev_value': None, 'change': True}
2025-08-28 16:37:26,763 : INFO : EventManager : Event: ======'machine_var_audits_missing_switches_s_jam'====== Args={'value': 28, 'prev_value': None, 'change': True}
2025-08-28 16:37:26,763 : INFO : EventManager : Event: ======'machine_var_audits_missing_switches_s_lane_left'====== Args={'value': 27, 'prev_value': None, 'change': True}
2025-08-28 16:37:26,763 : INFO : EventManager : Event: ======'machine_var_audits_missing_switches_s_orbit_left'====== Args={'value': 28, 'prev_value': None, 'change': True}
2025-08-28 16:37:26,763 : INFO : EventManager : Event: ======'machine_var_audits_missing_switches_s_plunger_lane'====== Args={'value': 28, 'prev_value': None, 'change': True}
2025-08-28 16:37:26,763 : INFO : EventManager : Event: ======'machine_var_audits_missing_switches_s_trough_1'====== Args={'value': 28, 'prev_value': None, 'change': True}
2025-08-28 16:37:26,763 : INFO : EventManager : Event: ======'machine_var_audits_missing_switches_s_trough_2'====== Args={'value': 28, 'prev_value': None, 'change': True}
2025-08-28 16:37:26,763 : INFO : EventManager : Event: ======'machine_var_audits_missing_switches_s_trough_3'====== Args={'value': 28, 'prev_value': None, 'change': True}
2025-08-28 16:37:26,765 : INFO : EventManager : Event: ======'machine_var_audits_missing_switches_s_trough_4'====== Args={'value': 28, 'prev_value': None, 'change': True}
2025-08-28 16:37:26,765 : INFO : EventManager : Event: ======'machine_var_audits_missing_switches_s_trough_5'====== Args={'value': 28, 'prev_value': None, 'change': True}
2025-08-28 16:37:26,765 : INFO : EventManager : Event: ======'machine_var_audits_missing_switches_s_trough_6'====== Args={'value': 28, 'prev_value': None, 'change': True}
2025-08-28 16:37:26,765 : INFO : EventManager : Event: ======'machine_var_audits_player_score'====== Args={'value': {'average': 0, 'top': [], 'total': 0}, 'prev_value': None, 'change': True}
2025-08-28 16:37:26,765 : INFO : EventManager : Event: ======'machine_var_audits_shots_bumper_center'====== Args={'value': 136, 'prev_value': None, 'change': True}
2025-08-28 16:37:26,765 : INFO : EventManager : Event: ======'machine_var_audits_shots_bumper_left'====== Args={'value': 138, 'prev_value': None, 'change': True}
2025-08-28 16:37:26,765 : INFO : EventManager : Event: ======'machine_var_audits_shots_bumper_right'====== Args={'value': 142, 'prev_value': None, 'change': True}
2025-08-28 16:37:26,765 : INFO : EventManager : Event: ======'machine_var_audits_switches_s_bumper_center'====== Args={'value': 136, 'prev_value': None, 'change': True}
2025-08-28 16:37:26,765 : INFO : EventManager : Event: ======'machine_var_audits_switches_s_bumper_left'====== Args={'value': 138, 'prev_value': None, 'change': True}
2025-08-28 16:37:26,765 : INFO : EventManager : Event: ======'machine_var_audits_switches_s_bumper_right'====== Args={'value': 142, 'prev_value': None, 'change': True}
2025-08-28 16:37:26,765 : INFO : EventManager : Event: ======'machine_var_audits_switches_s_flipper_left'====== Args={'value': 0, 'prev_value': None, 'change': True}
2025-08-28 16:37:26,765 : INFO : EventManager : Event: ======'machine_var_audits_switches_s_flipper_right'====== Args={'value': 0, 'prev_value': None, 'change': True}
2025-08-28 16:37:26,765 : INFO : EventManager : Event: ======'machine_var_audits_switches_s_jam'====== Args={'value': 0, 'prev_value': None, 'change': True}
2025-08-28 16:37:26,765 : INFO : EventManager : Event: ======'machine_var_audits_switches_s_lane_left'====== Args={'value': 1, 'prev_value': None, 'change': True}
2025-08-28 16:37:26,765 : INFO : EventManager : Event: ======'machine_var_audits_switches_s_orbit_left'====== Args={'value': 0, 'prev_value': None, 'change': True}
2025-08-28 16:37:26,765 : INFO : EventManager : Event: ======'machine_var_audits_switches_s_plunger_lane'====== Args={'value': 0, 'prev_value': None, 'change': True}
2025-08-28 16:37:26,765 : INFO : EventManager : Event: ======'machine_var_audits_switches_s_start'====== Args={'value': 58, 'prev_value': None, 'change': True}
2025-08-28 16:37:26,765 : INFO : EventManager : Event: ======'machine_var_audits_switches_s_trough_1'====== Args={'value': 0, 'prev_value': None, 'change': True}
2025-08-28 16:37:26,765 : INFO : EventManager : Event: ======'machine_var_audits_switches_s_trough_2'====== Args={'value': 0, 'prev_value': None, 'change': True}
2025-08-28 16:37:26,766 : INFO : EventManager : Event: ======'machine_var_audits_switches_s_trough_3'====== Args={'value': 0, 'prev_value': None, 'change': True}
2025-08-28 16:37:26,766 : INFO : EventManager : Event: ======'machine_var_audits_switches_s_trough_4'====== Args={'value': 0, 'prev_value': None, 'change': True}
2025-08-28 16:37:26,766 : INFO : EventManager : Event: ======'machine_var_audits_switches_s_trough_5'====== Args={'value': 0, 'prev_value': None, 'change': True}
2025-08-28 16:37:26,766 : INFO : EventManager : Event: ======'machine_var_audits_switches_s_trough_6'====== Args={'value': 0, 'prev_value': None, 'change': True}
2025-08-28 16:37:26,766 : INFO : EventManager : Event: ======'init_phase_5'====== Args={}
2025-08-28 16:37:26,766 : INFO : EventManager : Event: ======'init_done'====== Args={}
2025-08-28 16:37:26,766 : INFO : EventManager : Event: ======'machine_reset_phase_1'====== Args={}
2025-08-28 16:37:26,770 : INFO : EventManager : Event: ======'machine_reset_phase_2'====== Args={}
2025-08-28 16:37:26,770 : INFO : EventManager : Event: ======'machine_reset_phase_3'====== Args={}
2025-08-28 16:37:26,770 : INFO : EventManager : Event: ======'reset_complete'====== Args={}
2025-08-28 16:37:26,770 : INFO : EventManager : Event: ======'mode_attract_will_start'====== Args={}
2025-08-28 16:37:26,771 : INFO : Timer.attract_carousel_timer : Starting Timer.
2025-08-28 16:37:26,771 : INFO : EventManager : Event: ======'timer_attract_carousel_timer_started'====== Args={'ticks': 0, 'ticks_remaining': 1}
2025-08-28 16:37:26,771 : INFO : EventManager : Event: ======'timer_attract_carousel_timer_tick'====== Args={'ticks': 0, 'ticks_remaining': 1}
2025-08-28 16:37:26,773 : INFO : EventManager : Event: ======'mode_attract_starting'====== Args={}
2025-08-28 16:37:26,773 : INFO : Mode.attract : Started. Priority: 10
2025-08-28 16:37:26,773 : INFO : EventManager : Event: ======'modes_active_modes_changed'====== Args={}
2025-08-28 16:37:26,773 : INFO : EventManager : Event: ======'mode_attract_started'====== Args={}
2025-08-28 16:37:26,773 : INFO : EventManager : Event: ======'collecting_balls_complete'====== Args={}
2025-08-28 16:37:26,774 : INFO : EventManager : Event: ======'item_highlighted'====== Args={'carousel': 'attract', 'direction': None, 'item': 'title'}
2025-08-28 16:37:26,774 : INFO : EventManager : Event: ======'timer_attract_carousel_timer_tick'====== Args={'ticks': 0, 'ticks_remaining': 1}
2025-08-28 16:37:26,774 : INFO : Machine : Starting the main run loop with active modes: [<Mode.attract>]
2025-08-28 16:37:26,937 : INFO : EventManager : Event: ======'slide_attract_created'====== Args={'_from_bcp': True}
2025-08-28 16:37:26,937 : INFO : EventManager : Event: ======'slide__removed'====== Args={'_from_bcp': True}
2025-08-28 16:37:26,937 : INFO : EventManager : Event: ======'slide_attract_active'====== Args={'original_context': 'attract', 'original_calling_context': 'mode_attract_started', 'priority': 10.0, 'cmd': 'slides_play', '_from_bcp': True}
2025-08-28 16:37:28,609 : INFO : SwitchController : <<<<<<< 's_start' active >>>>>>>
2025-08-28 16:37:28,709 : INFO : SwitchController : <<<<<<< 's_start' inactive >>>>>>>
2025-08-28 16:37:28,709 : INFO : EventManager : Event: ======'request_to_start_game'====== Args={}
2025-08-28 16:37:28,710 : INFO : EventManager : Event: ======'game_start'====== Args={'buttons': [], 'hold_time': 0.10900000001129229}
2025-08-28 16:37:28,710 : INFO : EventManager : Event: ======'mode_game_will_start'====== Args={'buttons': [], 'hold_time': 0.10900000001129229}
2025-08-28 16:37:28,710 : INFO : EventManager : Event: ======'mode_game_starting'====== Args={'buttons': [], 'hold_time': 0.10900000001129229}
2025-08-28 16:37:28,711 : INFO : EventManager : Event: ======'mode_attract_will_stop'====== Args={}
2025-08-28 16:37:28,711 : INFO : EventManager : Event: ======'mode_attract_stopping'====== Args={}
2025-08-28 16:37:28,711 : INFO : Mode.attract : Stopped.
2025-08-28 16:37:28,711 : INFO : EventManager : Event: ======'modes_active_modes_changed'====== Args={}
2025-08-28 16:37:28,711 : INFO : EventManager : Event: ======'mode_attract_stopped'====== Args={}
2025-08-28 16:37:28,711 : INFO : EventManager : Event: ======'clear'====== Args={'key': 'attract'}
2025-08-28 16:37:28,711 : INFO : Timer.attract_carousel_timer : Stopping Timer
2025-08-28 16:37:28,711 : INFO : EventManager : Event: ======'timer_attract_carousel_timer_stopped'====== Args={'ticks': 0, 'ticks_remaining': 1}
2025-08-28 16:37:28,711 : INFO : Mode.game : Started. Priority: 20
2025-08-28 16:37:28,712 : INFO : EventManager : Event: ======'modes_active_modes_changed'====== Args={}
2025-08-28 16:37:28,712 : INFO : EventManager : Event: ======'mode_game_started'====== Args={'buttons': [], 'hold_time': 0.10900000001129229}
2025-08-28 16:37:28,712 : INFO : EventManager : Event: ======'game_will_start'====== Args={}
2025-08-28 16:37:28,713 : INFO : EventManager : Event: ======'game_starting'====== Args={'game': <Mode.game>}
2025-08-28 16:37:28,713 : INFO : EventManager : Unordered handler for class <Auditor> on event game_ended with priority 1. Handlers: [RegisteredHandler(callback=<bound method Auditor.disable of <Auditor>>, priority=1, kwargs={}, key=UUID('8c942cb3-0a10-4dbd-b13d-40606460d8e5'), condition=None, blocking_facility=None), RegisteredHandler(callback=<bound method Auditor._save_audits of <Auditor>>, priority=1, kwargs={}, key=UUID('f0835f35-ca1d-4d77-bcae-e1404814fe90'), condition=None, blocking_facility=None)]. The order of those handlers is not defined and they will be executed in random order. This might lead to race conditions and potential bugs.
2025-08-28 16:37:28,713 : INFO : EventManager : Event: ======'player_add_request'====== Args={}
2025-08-28 16:37:28,713 : INFO : EventManager : Event: ======'player_will_add'====== Args={'number': 1}
2025-08-28 16:37:28,713 : INFO : EventManager : Event: ======'player_adding'====== Args={'player': <Player 1>, 'number': 1}
2025-08-28 16:37:28,713 : INFO : EventManager : Event: ======'player_added'====== Args={'player': <Player 1>, 'num': 1}
2025-08-28 16:37:28,714 : INFO : Mode.game : Player added successfully. Total players: 1
2025-08-28 16:37:28,714 : INFO : EventManager : Event: ======'player_index'====== Args={'value': 0, 'prev_value': 0, 'change': 0, 'player_num': 1}
2025-08-28 16:37:28,714 : INFO : EventManager : Event: ======'player_number'====== Args={'value': 1, 'prev_value': 1, 'change': 0, 'player_num': 1}
2025-08-28 16:37:28,714 : INFO : EventManager : Event: ======'player_score'====== Args={'value': 0, 'prev_value': 0, 'change': 0, 'player_num': 1}
2025-08-28 16:37:28,714 : INFO : EventManager : Event: ======'game_started'====== Args={}
2025-08-28 16:37:28,715 : INFO : EventManager : Event: ======'player_turn_will_start'====== Args={'player': <Player 1>, 'number': 1}
2025-08-28 16:37:28,715 : INFO : EventManager : Event: ======'player_turn_starting'====== Args={'player': <Player 1>, 'number': 1}
2025-08-28 16:37:28,715 : INFO : EventManager : Event: ======'player_ball'====== Args={'value': 1, 'prev_value': 0, 'change': 1, 'player_num': 1}
2025-08-28 16:37:28,715 : INFO : EventManager : Event: ======'player_turn_started'====== Args={'player': <Player 1>, 'number': 1}
2025-08-28 16:37:28,716 : INFO : EventManager : Event: ======'ball_will_start'====== Args={'player': 1, 'ball': 1, 'balls_remaining': 2, 'is_extra_ball': False}
2025-08-28 16:37:28,716 : INFO : EventManager : Event: ======'ball_starting'====== Args={'player': 1, 'ball': 1, 'balls_remaining': 2, 'is_extra_ball': False}
2025-08-28 16:37:28,716 : INFO : EventManager : Event: ======'mode_base_will_start'====== Args={'queue': <QueuedEvent>, 'player': 1, 'ball': 1, 'balls_remaining': 2, 'is_extra_ball': False}
2025-08-28 16:37:28,718 : INFO : EventManager : Event: ======'mode_base_starting'====== Args={'queue': <QueuedEvent>, 'player': 1, 'ball': 1, 'balls_remaining': 2, 'is_extra_ball': False}
2025-08-28 16:37:28,718 : INFO : Mode.base : Started. Priority: 100
2025-08-28 16:37:28,718 : INFO : EventManager : Event: ======'modes_active_modes_changed'====== Args={}
2025-08-28 16:37:28,718 : INFO : EventManager : Event: ======'mode_base_started'====== Args={'queue': <QueuedEvent>, 'player': 1, 'ball': 1, 'balls_remaining': 2, 'is_extra_ball': False}
2025-08-28 16:37:28,720 : INFO : EventManager : Event: ======'start_mode_bumpers'====== Args={'priority': 0}
2025-08-28 16:37:28,721 : INFO : EventManager : Event: ======'mode_bumpers_will_start'====== Args={'priority': 0}
2025-08-28 16:37:28,721 : INFO : EventManager : Event: ======'player_shot_bumper_left_enabled'====== Args={'value': True, 'prev_value': 0, 'change': 1, 'player_num': 1}
2025-08-28 16:37:28,721 : INFO : EventManager : Event: ======'player_shot_bumper_center_enabled'====== Args={'value': True, 'prev_value': 0, 'change': 1, 'player_num': 1}
2025-08-28 16:37:28,722 : INFO : EventManager : Event: ======'player_shot_bumper_right_enabled'====== Args={'value': True, 'prev_value': 0, 'change': 1, 'player_num': 1}
2025-08-28 16:37:28,722 : INFO : EventManager : Event: ======'bumpers_complete'====== Args={'state': 'unlit'}
2025-08-28 16:37:28,722 : INFO : EventManager : Event: ======'bumpers_unlit_complete'====== Args={}
2025-08-28 16:37:28,723 : INFO : EventManager : Event: ======'mode_bumpers_starting'====== Args={'priority': 0}
2025-08-28 16:37:28,723 : INFO : Mode.bumpers : Started. Priority: 200
2025-08-28 16:37:28,723 : INFO : EventManager : Event: ======'modes_active_modes_changed'====== Args={}
2025-08-28 16:37:28,723 : INFO : EventManager : Event: ======'mode_bumpers_started'====== Args={'priority': 0}
2025-08-28 16:37:28,723 : INFO : EventManager : Event: ======'balls_in_play'====== Args={'balls': 1}
2025-08-28 16:37:28,724 : INFO : EventManager : Event: ======'ball_started'====== Args={'player': 1, 'ball': 1, 'balls_remaining': 2, 'is_extra_ball': False}
2025-08-28 16:37:28,724 : INFO : EventManager : Event: ======'single_player_ball_started'====== Args={}
2025-08-28 16:37:28,724 : INFO : EventManager : Event: ======'ball_start_target'====== Args={'target': 'playfield'}
2025-08-28 16:37:28,724 : INFO : ball_device.bd_trough : Setting up player-controlled eject. Balls: 1, Target: <playfield.playfield>, player_controlled_eject_event: None
2025-08-28 16:37:28,724 : INFO : ball_device.bd_trough : Adding 1 ball(s) to the eject_queue with target <playfield.playfield>.
2025-08-28 16:37:28,725 : INFO : EventManager : Event: ======'balldevice_balls_available'====== Args={}
2025-08-28 16:37:28,725 : INFO : ball_device.bd_trough : State: waiting_for_target_ready
2025-08-28 16:37:28,725 : INFO : EventManager : Event: ======'balldevice_bd_trough_ball_eject_attempt'====== Args={'balls': 1, 'target': <ball_device.bd_plunger>, 'source': <ball_device.bd_trough>, 'mechanical_eject': False, 'num_attempts': 0}
2025-08-28 16:37:28,726 : INFO : ball_device.bd_plunger : State: waiting_for_ball
2025-08-28 16:37:28,726 : INFO : ball_device.bd_trough : State: ejecting
2025-08-28 16:37:28,726 : INFO : ball_device.bd_trough : Ejecting ball to <ball_device.bd_plunger>
2025-08-28 16:37:28,726 : INFO : EventManager : Event: ======'balldevice_bd_trough_ejecting_ball'====== Args={'balls': 1, 'target': <ball_device.bd_plunger>, 'source': <ball_device.bd_trough>, 'mechanical_eject': False, 'num_attempts': 0}
2025-08-28 16:37:28,726 : INFO : ball_device.bd_trough : Wait for ball to leave device
2025-08-28 16:37:28,727 : INFO : coil.c_trough_eject : Pulsing Driver for 10ms (1.0 pulse_power)
2025-08-28 16:37:28,800 : INFO : EventManager : Unordered handler for class <BCP Interface> on event player_turn_started with priority 1. Handlers: [RegisteredHandler(callback=<bound method BcpInterface._player_turn_start of <BCP Interface>>, priority=1, kwargs={}, key=UUID('68c2bf12-9889-4506-9042-822835e08e6c'), condition=None, blocking_facility=None), RegisteredHandler(callback=<bound method BcpInterface.bcp_trigger of <BCP Interface>>, priority=1, kwargs={'name': 'player_turn_started'}, key=UUID('e2af3af3-a0cb-4568-9213-891d4153af9b'), condition=None, blocking_facility=None)]. The order of those handlers is not defined and they will be executed in random order. This might lead to race conditions and potential bugs.
2025-08-28 16:37:28,800 : INFO : EventManager : Event: ======'slide_base_slide_created'====== Args={'_from_bcp': True}
2025-08-28 16:37:28,800 : INFO : EventManager : Event: ======'slide_attract_inactive'====== Args={'is_removing': True, '_from_bcp': True}
2025-08-28 16:37:28,801 : INFO : EventManager : Event: ======'slide_base_slide_active'====== Args={'original_context': 'base', 'original_calling_context': 'mode_base_started', 'priority': 100.0, 'queue': '<QueuedEvent>', 'player': 1.0, 'ball': 1.0, 'balls_remaining': 2.0, 'is_extra_ball': False, 'cmd': 'slides_play', '_from_bcp': True}
2025-08-28 16:37:28,808 : INFO : EventManager : Event: ======'slide_attract_removed'====== Args={'_from_bcp': True}
2025-08-28 16:37:34,699 : INFO : SwitchController : <<<<<<< 's_start' active >>>>>>>
2025-08-28 16:37:34,699 : INFO : EventManager : Event: ======'sw_start'====== Args={}
2025-08-28 16:37:34,699 : INFO : EventManager : Event: ======'machine_var_audits_switches_s_start'====== Args={'value': 59, 'prev_value': 58, 'change': 1}
2025-08-28 16:37:34,699 : INFO : EventManager : Event: ======'player_add_request'====== Args={}
2025-08-28 16:37:34,699 : INFO : EventManager : Event: ======'player_will_add'====== Args={'number': 2}
2025-08-28 16:37:34,699 : INFO : EventManager : Event: ======'player_adding'====== Args={'player': <Player 2>, 'number': 2}
2025-08-28 16:37:34,700 : INFO : EventManager : Event: ======'player_added'====== Args={'player': <Player 2>, 'num': 2}
2025-08-28 16:37:34,700 : INFO : Mode.game : Player added successfully. Total players: 2
2025-08-28 16:37:34,700 : INFO : EventManager : Event: ======'multiplayer_game'====== Args={}
2025-08-28 16:37:34,700 : INFO : EventManager : Event: ======'player_index'====== Args={'value': 1, 'prev_value': 1, 'change': 0, 'player_num': 2}
2025-08-28 16:37:34,700 : INFO : EventManager : Event: ======'player_number'====== Args={'value': 2, 'prev_value': 2, 'change': 0, 'player_num': 2}
2025-08-28 16:37:34,700 : INFO : EventManager : Event: ======'player_score'====== Args={'value': 0, 'prev_value': 0, 'change': 0, 'player_num': 2}
2025-08-28 16:37:34,848 : INFO : SwitchController : <<<<<<< 's_start' inactive >>>>>>>
2025-08-28 16:37:35,849 : INFO : SwitchController : <<<<<<< 's_start' active >>>>>>>
2025-08-28 16:37:35,849 : INFO : EventManager : Event: ======'sw_start'====== Args={}
2025-08-28 16:37:35,849 : INFO : EventManager : Event: ======'machine_var_audits_switches_s_start'====== Args={'value': 60, 'prev_value': 59, 'change': 1}
2025-08-28 16:37:35,850 : INFO : EventManager : Event: ======'player_add_request'====== Args={}
2025-08-28 16:37:35,850 : INFO : EventManager : Event: ======'player_will_add'====== Args={'number': 3}
2025-08-28 16:37:35,850 : INFO : EventManager : Event: ======'player_adding'====== Args={'player': <Player 3>, 'number': 3}
2025-08-28 16:37:35,850 : INFO : EventManager : Event: ======'player_added'====== Args={'player': <Player 3>, 'num': 3}
2025-08-28 16:37:35,850 : INFO : Mode.game : Player added successfully. Total players: 3
2025-08-28 16:37:35,850 : INFO : EventManager : Event: ======'player_index'====== Args={'value': 2, 'prev_value': 2, 'change': 0, 'player_num': 3}
2025-08-28 16:37:35,850 : INFO : EventManager : Event: ======'player_number'====== Args={'value': 3, 'prev_value': 3, 'change': 0, 'player_num': 3}
2025-08-28 16:37:35,850 : INFO : EventManager : Event: ======'player_score'====== Args={'value': 0, 'prev_value': 0, 'change': 0, 'player_num': 3}
2025-08-28 16:37:36,000 : INFO : SwitchController : <<<<<<< 's_start' inactive >>>>>>>
2025-08-28 16:37:37,134 : INFO : SwitchController : <<<<<<< 's_start' active >>>>>>>
2025-08-28 16:37:37,134 : INFO : EventManager : Event: ======'sw_start'====== Args={}
2025-08-28 16:37:37,134 : INFO : EventManager : Event: ======'machine_var_audits_switches_s_start'====== Args={'value': 61, 'prev_value': 60, 'change': 1}
2025-08-28 16:37:37,134 : INFO : EventManager : Event: ======'player_add_request'====== Args={}
2025-08-28 16:37:37,135 : INFO : EventManager : Event: ======'player_will_add'====== Args={'number': 4}
2025-08-28 16:37:37,135 : INFO : EventManager : Event: ======'player_adding'====== Args={'player': <Player 4>, 'number': 4}
2025-08-28 16:37:37,135 : INFO : EventManager : Event: ======'player_added'====== Args={'player': <Player 4>, 'num': 4}
2025-08-28 16:37:37,135 : INFO : Mode.game : Player added successfully. Total players: 4
2025-08-28 16:37:37,135 : INFO : EventManager : Event: ======'player_index'====== Args={'value': 3, 'prev_value': 3, 'change': 0, 'player_num': 4}
2025-08-28 16:37:37,135 : INFO : EventManager : Event: ======'player_number'====== Args={'value': 4, 'prev_value': 4, 'change': 0, 'player_num': 4}
2025-08-28 16:37:37,135 : INFO : EventManager : Event: ======'player_score'====== Args={'value': 0, 'prev_value': 0, 'change': 0, 'player_num': 4}
2025-08-28 16:37:37,267 : INFO : SwitchController : <<<<<<< 's_start' inactive >>>>>>>
2025-08-28 16:37:38,731 : INFO : EventManager : Event: ======'balldevice_bd_trough_ball_eject_failed'====== Args={'target': <ball_device.bd_plunger>, 'balls': 1, 'retry': True, 'num_attempts': 1}
2025-08-28 16:37:38,731 : INFO : ball_device.bd_trough : State: waiting_for_target_ready
2025-08-28 16:37:38,731 : INFO : EventManager : Event: ======'balldevice_bd_trough_ball_eject_attempt'====== Args={'balls': 1, 'target': <ball_device.bd_plunger>, 'source': <ball_device.bd_trough>, 'mechanical_eject': False, 'num_attempts': 1}
2025-08-28 16:37:38,731 : INFO : ball_device.bd_trough : State: ejecting
2025-08-28 16:37:38,732 : INFO : ball_device.bd_trough : Ejecting ball to <ball_device.bd_plunger>
2025-08-28 16:37:38,732 : INFO : EventManager : Event: ======'balldevice_bd_trough_ejecting_ball'====== Args={'balls': 1, 'target': <ball_device.bd_plunger>, 'source': <ball_device.bd_trough>, 'mechanical_eject': False, 'num_attempts': 1}
2025-08-28 16:37:38,732 : INFO : ball_device.bd_trough : Wait for ball to leave device
2025-08-28 16:37:38,732 : INFO : coil.c_trough_eject : Pulsing Driver for 10ms (1.0 pulse_power)
2025-08-28 16:37:44,791 : INFO : SwitchController : <<<<<<< 's_bumper_left' active >>>>>>>
2025-08-28 16:37:44,792 : INFO : EventManager : Event: ======'playfield_active'====== Args={'source': 'bumper_left'}
2025-08-28 16:37:44,792 : INFO : EventManager : Event: ======'unexpected_ball_on_playfield'====== Args={}
2025-08-28 16:37:44,792 : INFO : EventManager : Event: ======'s_bumper_left_active'====== Args={}
2025-08-28 16:37:44,792 : INFO : EventManager : Event: ======'machine_var_audits_switches_s_bumper_left'====== Args={'value': 139, 'prev_value': 138, 'change': 1}
2025-08-28 16:37:44,792 : INFO : EventManager : Event: ======'player_shot_bumper_left'====== Args={'value': 1, 'prev_value': 0, 'change': 1, 'player_num': 1}
2025-08-28 16:37:44,792 : INFO : EventManager : Event: ======'machine_var_audits_shots_bumper_left'====== Args={'value': 139, 'prev_value': 138, 'change': 1}
2025-08-28 16:37:44,793 : INFO : EventManager : Event: ======'bumper_left_hit'====== Args={'profile': 'default', 'state': 'unlit', 'advancing': True}
2025-08-28 16:37:44,793 : INFO : EventManager : Event: ======'bumper_left_default_hit'====== Args={'profile': 'default', 'state': 'unlit', 'advancing': True}
2025-08-28 16:37:44,793 : INFO : EventManager : Event: ======'bumper_left_default_unlit_hit'====== Args={'profile': 'default', 'state': 'unlit', 'advancing': True}
2025-08-28 16:37:44,793 : INFO : EventManager : Event: ======'bumper_left_unlit_hit'====== Args={'profile': 'default', 'state': 'unlit', 'advancing': True}
2025-08-28 16:37:44,793 : INFO : EventManager : Event: ======'bumpers_hit'====== Args={'shot': 'bumper_left'}
2025-08-28 16:37:44,793 : INFO : EventManager : Event: ======'bumpers_unlit_hit'====== Args={'shot': 'bumper_left'}
2025-08-28 16:37:44,793 : INFO : EventManager : Event: ======'player_score'====== Args={'value': 1000, 'prev_value': 0, 'change': 1000, 'player_num': 1, 'source': 'bumpers'}
2025-08-28 16:37:44,859 : INFO : SwitchController : <<<<<<< 's_bumper_center' active >>>>>>>
2025-08-28 16:37:44,859 : INFO : EventManager : Event: ======'playfield_active'====== Args={'source': 'bumper_center'}
2025-08-28 16:37:44,859 : INFO : EventManager : Event: ======'unexpected_ball_on_playfield'====== Args={}
2025-08-28 16:37:44,859 : INFO : EventManager : Event: ======'s_bumper_center_active'====== Args={}
2025-08-28 16:37:44,859 : INFO : EventManager : Event: ======'machine_var_audits_switches_s_bumper_center'====== Args={'value': 137, 'prev_value': 136, 'change': 1}
2025-08-28 16:37:44,859 : INFO : EventManager : Event: ======'player_shot_bumper_center'====== Args={'value': 1, 'prev_value': 0, 'change': 1, 'player_num': 1}
2025-08-28 16:37:44,860 : INFO : EventManager : Event: ======'machine_var_audits_shots_bumper_center'====== Args={'value': 137, 'prev_value': 136, 'change': 1}
2025-08-28 16:37:44,860 : INFO : EventManager : Event: ======'bumper_center_hit'====== Args={'profile': 'default', 'state': 'unlit', 'advancing': True}
2025-08-28 16:37:44,860 : INFO : EventManager : Event: ======'bumper_center_default_hit'====== Args={'profile': 'default', 'state': 'unlit', 'advancing': True}
2025-08-28 16:37:44,860 : INFO : EventManager : Event: ======'bumper_center_default_unlit_hit'====== Args={'profile': 'default', 'state': 'unlit', 'advancing': True}
2025-08-28 16:37:44,860 : INFO : EventManager : Event: ======'bumper_center_unlit_hit'====== Args={'profile': 'default', 'state': 'unlit', 'advancing': True}
2025-08-28 16:37:44,860 : INFO : EventManager : Event: ======'bumpers_hit'====== Args={'shot': 'bumper_center'}
2025-08-28 16:37:44,860 : INFO : EventManager : Event: ======'bumpers_unlit_hit'====== Args={'shot': 'bumper_center'}
2025-08-28 16:37:44,860 : INFO : EventManager : Event: ======'player_score'====== Args={'value': 2000, 'prev_value': 1000, 'change': 1000, 'player_num': 1, 'source': 'bumpers'}
2025-08-28 16:37:44,908 : INFO : SwitchController : <<<<<<< 's_bumper_right' active >>>>>>>
2025-08-28 16:37:44,908 : INFO : EventManager : Event: ======'playfield_active'====== Args={'source': 'bumper_right'}
2025-08-28 16:37:44,908 : INFO : EventManager : Event: ======'unexpected_ball_on_playfield'====== Args={}
2025-08-28 16:37:44,908 : INFO : EventManager : Event: ======'s_bumper_right_active'====== Args={}
2025-08-28 16:37:44,909 : INFO : EventManager : Event: ======'machine_var_audits_switches_s_bumper_right'====== Args={'value': 143, 'prev_value': 142, 'change': 1}
2025-08-28 16:37:44,909 : INFO : EventManager : Event: ======'player_shot_bumper_right'====== Args={'value': 1, 'prev_value': 0, 'change': 1, 'player_num': 1}
2025-08-28 16:37:44,909 : INFO : EventManager : Event: ======'machine_var_audits_shots_bumper_right'====== Args={'value': 143, 'prev_value': 142, 'change': 1}
2025-08-28 16:37:44,909 : INFO : EventManager : Event: ======'bumper_right_hit'====== Args={'profile': 'default', 'state': 'unlit', 'advancing': True}
2025-08-28 16:37:44,909 : INFO : EventManager : Event: ======'bumper_right_default_hit'====== Args={'profile': 'default', 'state': 'unlit', 'advancing': True}
2025-08-28 16:37:44,909 : INFO : EventManager : Event: ======'bumper_right_default_unlit_hit'====== Args={'profile': 'default', 'state': 'unlit', 'advancing': True}
2025-08-28 16:37:44,909 : INFO : EventManager : Event: ======'bumper_right_unlit_hit'====== Args={'profile': 'default', 'state': 'unlit', 'advancing': True}
2025-08-28 16:37:44,910 : INFO : EventManager : Event: ======'bumpers_complete'====== Args={'state': 'lit'}
2025-08-28 16:37:44,910 : INFO : EventManager : Event: ======'bumpers_lit_complete'====== Args={}
2025-08-28 16:37:44,910 : INFO : EventManager : Event: ======'bumpers_hit'====== Args={'shot': 'bumper_right'}
2025-08-28 16:37:44,910 : INFO : EventManager : Event: ======'bumpers_unlit_hit'====== Args={'shot': 'bumper_right'}
2025-08-28 16:37:44,910 : INFO : EventManager : Event: ======'player_score'====== Args={'value': 3000, 'prev_value': 2000, 'change': 1000, 'player_num': 1, 'source': 'bumpers'}
2025-08-28 16:37:44,959 : INFO : SwitchController : <<<<<<< 's_bumper_left' inactive >>>>>>>
2025-08-28 16:37:45,009 : INFO : SwitchController : <<<<<<< 's_bumper_center' inactive >>>>>>>
2025-08-28 16:37:45,092 : INFO : SwitchController : <<<<<<< 's_bumper_right' inactive >>>>>>>
2025-08-28 16:37:45,108 : INFO : SwitchController : <<<<<<< 's_bumper_left' active >>>>>>>
2025-08-28 16:37:45,108 : INFO : EventManager : Event: ======'playfield_active'====== Args={'source': 'bumper_left'}
2025-08-28 16:37:45,108 : INFO : EventManager : Event: ======'unexpected_ball_on_playfield'====== Args={}
2025-08-28 16:37:45,108 : INFO : EventManager : Event: ======'s_bumper_left_active'====== Args={}
2025-08-28 16:37:45,108 : INFO : EventManager : Event: ======'machine_var_audits_switches_s_bumper_left'====== Args={'value': 140, 'prev_value': 139, 'change': 1}
2025-08-28 16:37:45,109 : INFO : EventManager : Event: ======'machine_var_audits_shots_bumper_left'====== Args={'value': 140, 'prev_value': 139, 'change': 1}
2025-08-28 16:37:45,109 : INFO : EventManager : Event: ======'bumper_left_hit'====== Args={'profile': 'default', 'state': 'lit', 'advancing': False}
2025-08-28 16:37:45,109 : INFO : EventManager : Event: ======'bumper_left_default_hit'====== Args={'profile': 'default', 'state': 'lit', 'advancing': False}
2025-08-28 16:37:45,109 : INFO : EventManager : Event: ======'bumper_left_default_lit_hit'====== Args={'profile': 'default', 'state': 'lit', 'advancing': False}
2025-08-28 16:37:45,109 : INFO : EventManager : Event: ======'bumper_left_lit_hit'====== Args={'profile': 'default', 'state': 'lit', 'advancing': False}
2025-08-28 16:37:45,109 : INFO : EventManager : Event: ======'bumpers_hit'====== Args={'shot': 'bumper_left'}
2025-08-28 16:37:45,109 : INFO : EventManager : Event: ======'bumpers_lit_hit'====== Args={'shot': 'bumper_left'}
2025-08-28 16:37:45,109 : INFO : EventManager : Event: ======'player_score'====== Args={'value': 4000, 'prev_value': 3000, 'change': 1000, 'player_num': 1, 'source': 'bumpers'}
2025-08-28 16:37:45,125 : INFO : SwitchController : <<<<<<< 's_bumper_center' active >>>>>>>
2025-08-28 16:37:45,126 : INFO : EventManager : Event: ======'playfield_active'====== Args={'source': 'bumper_center'}
2025-08-28 16:37:45,126 : INFO : EventManager : Event: ======'unexpected_ball_on_playfield'====== Args={}
2025-08-28 16:37:45,126 : INFO : EventManager : Event: ======'s_bumper_center_active'====== Args={}
2025-08-28 16:37:45,126 : INFO : EventManager : Event: ======'machine_var_audits_switches_s_bumper_center'====== Args={'value': 138, 'prev_value': 137, 'change': 1}
2025-08-28 16:37:45,126 : INFO : EventManager : Event: ======'machine_var_audits_shots_bumper_center'====== Args={'value': 138, 'prev_value': 137, 'change': 1}
2025-08-28 16:37:45,126 : INFO : EventManager : Event: ======'bumper_center_hit'====== Args={'profile': 'default', 'state': 'lit', 'advancing': False}
2025-08-28 16:37:45,127 : INFO : EventManager : Event: ======'bumper_center_default_hit'====== Args={'profile': 'default', 'state': 'lit', 'advancing': False}
2025-08-28 16:37:45,127 : INFO : EventManager : Event: ======'bumper_center_default_lit_hit'====== Args={'profile': 'default', 'state': 'lit', 'advancing': False}
2025-08-28 16:37:45,127 : INFO : EventManager : Event: ======'bumper_center_lit_hit'====== Args={'profile': 'default', 'state': 'lit', 'advancing': False}
2025-08-28 16:37:45,127 : INFO : EventManager : Event: ======'bumpers_hit'====== Args={'shot': 'bumper_center'}
2025-08-28 16:37:45,127 : INFO : EventManager : Event: ======'bumpers_lit_hit'====== Args={'shot': 'bumper_center'}
2025-08-28 16:37:45,127 : INFO : EventManager : Event: ======'player_score'====== Args={'value': 5000, 'prev_value': 4000, 'change': 1000, 'player_num': 1, 'source': 'bumpers'}
2025-08-28 16:37:45,225 : INFO : SwitchController : <<<<<<< 's_bumper_left' inactive >>>>>>>
2025-08-28 16:37:45,275 : INFO : SwitchController : <<<<<<< 's_bumper_right' active >>>>>>>
2025-08-28 16:37:45,275 : INFO : EventManager : Event: ======'playfield_active'====== Args={'source': 'bumper_right'}
2025-08-28 16:37:45,275 : INFO : EventManager : Event: ======'unexpected_ball_on_playfield'====== Args={}
2025-08-28 16:37:45,275 : INFO : EventManager : Event: ======'s_bumper_right_active'====== Args={}
2025-08-28 16:37:45,276 : INFO : EventManager : Event: ======'machine_var_audits_switches_s_bumper_right'====== Args={'value': 144, 'prev_value': 143, 'change': 1}
2025-08-28 16:37:45,276 : INFO : EventManager : Event: ======'machine_var_audits_shots_bumper_right'====== Args={'value': 144, 'prev_value': 143, 'change': 1}
2025-08-28 16:37:45,276 : INFO : EventManager : Event: ======'bumper_right_hit'====== Args={'profile': 'default', 'state': 'lit', 'advancing': False}
2025-08-28 16:37:45,276 : INFO : EventManager : Event: ======'bumper_right_default_hit'====== Args={'profile': 'default', 'state': 'lit', 'advancing': False}
2025-08-28 16:37:45,276 : INFO : EventManager : Event: ======'bumper_right_default_lit_hit'====== Args={'profile': 'default', 'state': 'lit', 'advancing': False}
2025-08-28 16:37:45,276 : INFO : EventManager : Event: ======'bumper_right_lit_hit'====== Args={'profile': 'default', 'state': 'lit', 'advancing': False}
2025-08-28 16:37:45,276 : INFO : EventManager : Event: ======'bumpers_hit'====== Args={'shot': 'bumper_right'}
2025-08-28 16:37:45,276 : INFO : EventManager : Event: ======'bumpers_lit_hit'====== Args={'shot': 'bumper_right'}
2025-08-28 16:37:45,276 : INFO : EventManager : Event: ======'player_score'====== Args={'value': 6000, 'prev_value': 5000, 'change': 1000, 'player_num': 1, 'source': 'bumpers'}
2025-08-28 16:37:45,309 : INFO : SwitchController : <<<<<<< 's_bumper_center' inactive >>>>>>>
2025-08-28 16:37:45,358 : INFO : SwitchController : <<<<<<< 's_bumper_right' inactive >>>>>>>
2025-08-28 16:37:48,734 : INFO : EventManager : Event: ======'balldevice_bd_trough_ball_eject_failed'====== Args={'target': <ball_device.bd_plunger>, 'balls': 1, 'retry': True, 'num_attempts': 2}
2025-08-28 16:37:48,734 : INFO : ball_device.bd_trough : State: waiting_for_target_ready
2025-08-28 16:37:48,734 : INFO : EventManager : Event: ======'balldevice_bd_trough_ball_eject_attempt'====== Args={'balls': 1, 'target': <ball_device.bd_plunger>, 'source': <ball_device.bd_trough>, 'mechanical_eject': False, 'num_attempts': 2}
2025-08-28 16:37:48,735 : INFO : ball_device.bd_trough : State: ejecting
2025-08-28 16:37:48,735 : INFO : ball_device.bd_trough : Ejecting ball to <ball_device.bd_plunger>
2025-08-28 16:37:48,735 : INFO : EventManager : Event: ======'balldevice_bd_trough_ejecting_ball'====== Args={'balls': 1, 'target': <ball_device.bd_plunger>, 'source': <ball_device.bd_trough>, 'mechanical_eject': False, 'num_attempts': 2}
2025-08-28 16:37:48,735 : INFO : ball_device.bd_trough : Wait for ball to leave device
2025-08-28 16:37:48,736 : INFO : coil.c_trough_eject : Pulsing Driver for 10ms (1.0 pulse_power)
2025-08-28 16:37:54,874 : INFO : Machine : Shutting down...
2025-08-28 16:37:54,874 : INFO : EventManager : Event: ======'shutdown'====== Args={}
2025-08-28 16:37:54,875 : INFO : EventManager : Event: ======'mode_game_will_stop'====== Args={}
2025-08-28 16:37:54,875 : INFO : EventManager : Event: ======'mode_game_stopping'====== Args={}
2025-08-28 16:37:54,875 : INFO : EventManager : Event: ======'mode_bumpers_will_stop'====== Args={}
2025-08-28 16:37:54,876 : INFO : EventManager : Event: ======'mode_bumpers_stopping'====== Args={}
2025-08-28 16:37:54,876 : INFO : EventManager : Event: ======'mode_base_will_stop'====== Args={}
2025-08-28 16:37:54,876 : INFO : EventManager : Event: ======'mode_base_stopping'====== Args={}
2025-08-28 16:37:54,876 : INFO : EventManager : Event: ======'stop_mode_bumpers'====== Args={'priority': 0}
2025-08-28 16:37:54,876 : INFO : Mode.base : Stopped.
2025-08-28 16:37:54,876 : INFO : EventManager : Event: ======'modes_active_modes_changed'====== Args={}
2025-08-28 16:37:54,876 : INFO : EventManager : Event: ======'mode_base_stopped'====== Args={}
2025-08-28 16:37:54,876 : INFO : EventManager : Event: ======'clear'====== Args={'key': 'base'}
2025-08-28 16:37:54,876 : INFO : Mode.bumpers : Stopped.
2025-08-28 16:37:54,876 : INFO : EventManager : Event: ======'modes_active_modes_changed'====== Args={}
2025-08-28 16:37:54,877 : INFO : EventManager : Event: ======'mode_bumpers_stopped'====== Args={}
2025-08-28 16:37:54,877 : INFO : EventManager : Event: ======'clear'====== Args={'key': 'bumpers'}
2025-08-28 16:37:54,877 : INFO : Mode.game : Stopped.
2025-08-28 16:37:54,877 : INFO : EventManager : Event: ======'modes_active_modes_changed'====== Args={}
2025-08-28 16:37:54,877 : INFO : EventManager : Event: ======'mode_game_stopped'====== Args={}
2025-08-28 16:37:54,877 : INFO : EventManager : Event: ======'clear'====== Args={'key': 'game'}
2025-08-28 16:37:54,880 : INFO : root : MPF run loop ended.
