2025-09-23 17:49:56,425 : INFO : root : Loading config.
2025-09-23 17:49:56,429 : INFO : YamlMultifileConfigLoader : Machine config file #1: config.yaml
2025-09-23 17:49:56,430 : INFO : ConfigProcessor : Loading config from cache: C:\Users\White\AppData\Local\Temp\4d2409115979d2066280cf8a522910f3.mpf_cache
2025-09-23 17:49:56,544 : INFO : ConfigProcessor : Loading config from cache: C:\Users\White\AppData\Local\Temp\e29f700f4dd412c341ced84fe54a834e.mpf_cache
2025-09-23 17:49:56,545 : INFO : ConfigProcessor : Loading config from cache: C:\Users\White\AppData\Local\Temp\91cc4d1c993c58dc354e34974b9cfeac.mpf_cache
2025-09-23 17:49:56,546 : INFO : ConfigProcessor : Loading config from cache: C:\Users\White\AppData\Local\Temp\e29f700f4dd412c341ced84fe54a834e.mpf_cache
2025-09-23 17:49:56,547 : INFO : ConfigProcessor : Loading config from cache: C:\Users\White\AppData\Local\Temp\3424101e418333c494b4f7abb38a6bbc.mpf_cache
2025-09-23 17:49:56,547 : INFO : ConfigProcessor : Loading config from cache: C:\Users\White\AppData\Local\Temp\928267ba5ce09cfb7bef110abe29482e.mpf_cache
2025-09-23 17:49:56,548 : INFO : ConfigProcessor : Loading config from cache: C:\Users\White\AppData\Local\Temp\5252be9889d0ea92e9251ccb139bb96e.mpf_cache
2025-09-23 17:49:56,548 : INFO : ConfigProcessor : Loading config from cache: C:\Users\White\AppData\Local\Temp\bbd12103fd66360c81da95fa3b5d5cac.mpf_cache
2025-09-23 17:49:56,552 : INFO : ConfigProcessor : Loading config from cache: C:\Users\White\AppData\Local\Temp\a64c515fc9f6d1ba4d043d8acedc61d8.mpf_cache
2025-09-23 17:49:56,553 : INFO : ConfigProcessor : Loading config from cache: C:\Users\White\AppData\Local\Temp\46a143bb5a3bcf9df783b3feac213d45.mpf_cache
2025-09-23 17:49:56,554 : INFO : ConfigProcessor : Loading config from cache: C:\Users\White\AppData\Local\Temp\157e473ad106aaf7621d4ff67f908349.mpf_cache
2025-09-23 17:49:56,556 : INFO : ConfigProcessor : Loading config from cache: C:\Users\White\AppData\Local\Temp\b42daedb456e388e83b54e0791e694a7.mpf_cache
2025-09-23 17:49:56,557 : INFO : ConfigProcessor : Loading config from cache: C:\Users\White\AppData\Local\Temp\881befc175503515b6a677d4b92fd8f6.mpf_cache
2025-09-23 17:49:56,558 : INFO : ConfigProcessor : Loading config from cache: C:\Users\White\AppData\Local\Temp\e02fdb456b236b981c3cd16c62d08cdd.mpf_cache
2025-09-23 17:49:56,560 : INFO : ConfigProcessor : Loading config from cache: C:\Users\White\AppData\Local\Temp\b44eabe64ef7d1af51d3871ffce6e8a0.mpf_cache
2025-09-23 17:49:56,561 : INFO : Machine : Mission Pinball Framework Core Engine v0.80.0.dev9
2025-09-23 17:49:56,561 : INFO : Machine : Command line arguments: {'no_load_cache': False, 'create_config_cache': True, 'bcp': True, 'configfile': ['config.yaml'], 'force_assets_load': False, 'platform_integration_test': False, 'jsonlogging': False, 'logfile': 'logs\\2025-09-23-17-49-56-mpf-TopGunPinball.log', 'pause': False, 'production': False, 'text_ui': False, 'loglevel': 15, 'consoleloglevel': 20, 'force_platform': 'virtual', 'syslog_address': None, 'full_logfile_path': 'C:\\Users\\White\\documents\\Top_Gun_Pinball\\logs\\2025-09-23-17-49-56-mpf-TopGunPinball.log'}
2025-09-23 17:49:56,561 : INFO : Machine : MPF path: C:\Users\White\mpf\Lib\site-packages\mpf
2025-09-23 17:49:56,561 : INFO : Machine : Machine path: C:\Users\White\documents\Top_Gun_Pinball
2025-09-23 17:49:56,561 : INFO : Machine : Platform: win32
2025-09-23 17:49:56,561 : INFO : Machine : Python executable location: C:\Users\White\mpf\Scripts\python.exe
2025-09-23 17:49:56,561 : INFO : Machine : Python version: 3.12.7 (64-bit)
2025-09-23 17:49:56,564 : INFO : Machine : Initializing MPF...
2025-09-23 17:49:56,664 : INFO : EventManager : Event: ======'machine_var_credits_string'====== Args={'value': 'FREE PLAY', 'prev_value': None, 'change': True}
2025-09-23 17:49:56,696 : INFO : EventManager : Event: ======'machine_var_master_volume'====== Args={'value': 0.5, 'prev_value': None, 'change': True}
2025-09-23 17:49:56,696 : INFO : EventManager : Event: ======'machine_var_player1_score'====== Args={'value': 61000, 'prev_value': None, 'change': True}
2025-09-23 17:49:56,696 : INFO : EventManager : Event: ======'machine_var_player2_score'====== Args={'value': 73000, 'prev_value': None, 'change': True}
2025-09-23 17:49:56,696 : INFO : EventManager : Event: ======'machine_var_mpf_version'====== Args={'value': 'Mission Pinball Framework v0.80.0.dev9', 'prev_value': None, 'change': True}
2025-09-23 17:49:56,696 : INFO : EventManager : Event: ======'machine_var_mpf_extended_version'====== Args={'value': 'Mission Pinball Framework v0.80.0.dev9, Config version:6, Show version: 6, BCP version:1.1', 'prev_value': None, 'change': True}
2025-09-23 17:49:56,697 : INFO : EventManager : Event: ======'machine_var_python_version'====== Args={'value': '3.12.7', 'prev_value': None, 'change': True}
2025-09-23 17:49:56,853 : INFO : EventManager : Event: ======'machine_var_platform'====== Args={'value': 'Windows-11-10.0.26100-SP0', 'prev_value': None, 'change': True}
2025-09-23 17:49:56,853 : INFO : EventManager : Event: ======'machine_var_platform_system'====== Args={'value': 'Windows', 'prev_value': None, 'change': True}
2025-09-23 17:49:56,853 : INFO : EventManager : Event: ======'machine_var_platform_release'====== Args={'value': '11', 'prev_value': None, 'change': True}
2025-09-23 17:49:56,853 : INFO : EventManager : Event: ======'machine_var_platform_version'====== Args={'value': '10.0.26100', 'prev_value': None, 'change': True}
2025-09-23 17:49:56,853 : INFO : EventManager : Event: ======'machine_var_platform_machine'====== Args={'value': 'AMD64', 'prev_value': None, 'change': True}
2025-09-23 17:49:56,854 : INFO : EventManager : Event: ======'machine_var_log_file_path'====== Args={'value': 'C:\\Users\\White\\documents\\Top_Gun_Pinball\\logs\\2025-09-23-17-49-56-mpf-TopGunPinball.log', 'prev_value': None, 'change': True}
2025-09-23 17:49:56,854 : INFO : EventManager : Event: ======'init_phase_1'====== Args={}
2025-09-23 17:49:56,895 : INFO : EventManager : Event: ======'init_phase_2'====== Args={}
2025-09-23 17:49:56,895 : INFO : SwitchController : Found active switch: ('playfield_board_lower-3208-0', <Platform.Virtual>) <switch.s_trough_1>
2025-09-23 17:49:56,895 : INFO : SwitchController : Found active switch: ('playfield_board_lower-3208-1', <Platform.Virtual>) <switch.s_trough_2>
2025-09-23 17:49:56,895 : INFO : SwitchController : Found active switch: ('playfield_board_lower-3208-2', <Platform.Virtual>) <switch.s_trough_3>
2025-09-23 17:49:56,895 : INFO : SwitchController : Found active switch: ('playfield_board_lower-3208-3', <Platform.Virtual>) <switch.s_trough_4>
2025-09-23 17:49:56,896 : INFO : SwitchController : Found active switch: ('playfield_board_lower-3208-4', <Platform.Virtual>) <switch.s_trough_5>
2025-09-23 17:49:56,896 : INFO : SwitchController : Found active switch: ('playfield_board_lower-3208-5', <Platform.Virtual>) <switch.s_trough_6>
2025-09-23 17:49:56,899 : INFO : EventManager : Event: ======'bcp_connection_attempt'====== Args={'name': 'local_display', 'host': 'localhost', 'port': 5050}
2025-09-23 17:49:56,901 : INFO : BCPClientSocket : Connecting BCP to 'local_display' at localhost:5050...
2025-09-23 17:49:56,913 : INFO : BCPClientSocket : Connected BCP to 'local_display' localhost:5050
2025-09-23 17:49:56,913 : INFO : EventManager : Event: ======'bcp_clients_connected'====== Args={}
2025-09-23 17:49:56,913 : INFO : ball_device.bd_plunger : BCH: Initial count: 0
2025-09-23 17:49:56,913 : INFO : ball_device.bd_plunger : State: idle
2025-09-23 17:49:56,914 : INFO : ball_device.bd_trough : BCH: Initial count: 6
2025-09-23 17:49:56,914 : INFO : ball_device.bd_trough : State: idle
2025-09-23 17:49:56,916 : INFO : ball_device.bd_lock_elevator : BCH: Initial count: 0
2025-09-23 17:49:56,916 : INFO : ball_device.bd_lock_elevator : State: idle
2025-09-23 17:49:56,916 : INFO : ball_device.bd_mode_scoop : BCH: Initial count: 0
2025-09-23 17:49:56,916 : INFO : ball_device.bd_mode_scoop : State: idle
2025-09-23 17:49:56,940 : INFO : EventManager : Event: ======'init_phase_3'====== Args={}
2025-09-23 17:49:57,475 : INFO : EventManager : Event: ======'init_phase_4'====== Args={}
2025-09-23 17:49:57,475 : INFO : BallController : Initial balls found: 6
2025-09-23 17:49:57,476 : INFO : EventManager : Event: ======'machine_var_audits_events_game_ended'====== Args={'value': 1, 'prev_value': None, 'change': True}
2025-09-23 17:49:57,476 : INFO : EventManager : Event: ======'machine_var_audits_events_game_started'====== Args={'value': 131, 'prev_value': None, 'change': True}
2025-09-23 17:49:57,476 : INFO : EventManager : Event: ======'machine_var_audits_missing_switches_s_a_iceman_target'====== Args={'value': 6, 'prev_value': None, 'change': True}
2025-09-23 17:49:57,476 : INFO : EventManager : Event: ======'machine_var_audits_missing_switches_s_barrier_target'====== Args={'value': 15, 'prev_value': None, 'change': True}
2025-09-23 17:49:57,477 : INFO : EventManager : Event: ======'machine_var_audits_missing_switches_s_bumper_center'====== Args={'value': 4, 'prev_value': None, 'change': True}
2025-09-23 17:49:57,477 : INFO : EventManager : Event: ======'machine_var_audits_missing_switches_s_bumper_left'====== Args={'value': 4, 'prev_value': None, 'change': True}
2025-09-23 17:49:57,477 : INFO : EventManager : Event: ======'machine_var_audits_missing_switches_s_bumper_right'====== Args={'value': 4, 'prev_value': None, 'change': True}
2025-09-23 17:49:57,477 : INFO : EventManager : Event: ======'machine_var_audits_missing_switches_s_c_iceman_target'====== Args={'value': 5, 'prev_value': None, 'change': True}
2025-09-23 17:49:57,477 : INFO : EventManager : Event: ======'machine_var_audits_missing_switches_s_c_lock_target'====== Args={'value': 15, 'prev_value': None, 'change': True}
2025-09-23 17:49:57,477 : INFO : EventManager : Event: ======'machine_var_audits_missing_switches_s_coin_door'====== Args={'value': 18, 'prev_value': None, 'change': True}
2025-09-23 17:49:57,477 : INFO : EventManager : Event: ======'machine_var_audits_missing_switches_s_coin_door_service_1'====== Args={'value': 18, 'prev_value': None, 'change': True}
2025-09-23 17:49:57,477 : INFO : EventManager : Event: ======'machine_var_audits_missing_switches_s_coin_door_service_2'====== Args={'value': 18, 'prev_value': None, 'change': True}
2025-09-23 17:49:57,477 : INFO : EventManager : Event: ======'machine_var_audits_missing_switches_s_coin_door_service_3'====== Args={'value': 18, 'prev_value': None, 'change': True}
2025-09-23 17:49:57,477 : INFO : EventManager : Event: ======'machine_var_audits_missing_switches_s_coin_door_service_4'====== Args={'value': 18, 'prev_value': None, 'change': True}
2025-09-23 17:49:57,477 : INFO : EventManager : Event: ======'machine_var_audits_missing_switches_s_e_iceman_target'====== Args={'value': 5, 'prev_value': None, 'change': True}
2025-09-23 17:49:57,477 : INFO : EventManager : Event: ======'machine_var_audits_missing_switches_s_flight_gear_target'====== Args={'value': 15, 'prev_value': None, 'change': True}
2025-09-23 17:49:57,477 : INFO : EventManager : Event: ======'machine_var_audits_missing_switches_s_flipper_left'====== Args={'value': 76, 'prev_value': None, 'change': True}
2025-09-23 17:49:57,478 : INFO : EventManager : Event: ======'machine_var_audits_missing_switches_s_flipper_left_eos'====== Args={'value': 78, 'prev_value': None, 'change': True}
2025-09-23 17:49:57,478 : INFO : EventManager : Event: ======'machine_var_audits_missing_switches_s_flipper_left_upper'====== Args={'value': 80, 'prev_value': None, 'change': True}
2025-09-23 17:49:57,478 : INFO : EventManager : Event: ======'machine_var_audits_missing_switches_s_flipper_left_upper_eos'====== Args={'value': 78, 'prev_value': None, 'change': True}
2025-09-23 17:49:57,478 : INFO : EventManager : Event: ======'machine_var_audits_missing_switches_s_flipper_right'====== Args={'value': 14, 'prev_value': None, 'change': True}
2025-09-23 17:49:57,478 : INFO : EventManager : Event: ======'machine_var_audits_missing_switches_s_flipper_right_eos'====== Args={'value': 78, 'prev_value': None, 'change': True}
2025-09-23 17:49:57,478 : INFO : EventManager : Event: ======'machine_var_audits_missing_switches_s_i_iceman_target'====== Args={'value': 5, 'prev_value': None, 'change': True}
2025-09-23 17:49:57,478 : INFO : EventManager : Event: ======'machine_var_audits_missing_switches_s_inlane_left'====== Args={'value': 11, 'prev_value': None, 'change': True}
2025-09-23 17:49:57,478 : INFO : EventManager : Event: ======'machine_var_audits_missing_switches_s_inner_inlane_right'====== Args={'value': 7, 'prev_value': None, 'change': True}
2025-09-23 17:49:57,478 : INFO : EventManager : Event: ======'machine_var_audits_missing_switches_s_jam'====== Args={'value': 3, 'prev_value': None, 'change': True}
2025-09-23 17:49:57,478 : INFO : EventManager : Event: ======'machine_var_audits_missing_switches_s_k_lock_target'====== Args={'value': 15, 'prev_value': None, 'change': True}
2025-09-23 17:49:57,478 : INFO : EventManager : Event: ======'machine_var_audits_missing_switches_s_l_lock_target'====== Args={'value': 15, 'prev_value': None, 'change': True}
2025-09-23 17:49:57,478 : INFO : EventManager : Event: ======'machine_var_audits_missing_switches_s_lane_left'====== Args={'value': 130, 'prev_value': None, 'change': True}
2025-09-23 17:49:57,478 : INFO : EventManager : Event: ======'machine_var_audits_missing_switches_s_lane_right'====== Args={'value': 5, 'prev_value': None, 'change': True}
2025-09-23 17:49:57,478 : INFO : EventManager : Event: ======'machine_var_audits_missing_switches_s_lock_goose'====== Args={'value': 80, 'prev_value': None, 'change': True}
2025-09-23 17:49:57,478 : INFO : EventManager : Event: ======'machine_var_audits_missing_switches_s_lock_mav'====== Args={'value': 80, 'prev_value': None, 'change': True}
2025-09-23 17:49:57,478 : INFO : EventManager : Event: ======'machine_var_audits_missing_switches_s_lock_plunger'====== Args={'value': 80, 'prev_value': None, 'change': True}
2025-09-23 17:49:57,478 : INFO : EventManager : Event: ======'machine_var_audits_missing_switches_s_m_iceman_target'====== Args={'value': 6, 'prev_value': None, 'change': True}
2025-09-23 17:49:57,478 : INFO : EventManager : Event: ======'machine_var_audits_missing_switches_s_mig_lane_left'====== Args={'value': 2, 'prev_value': None, 'change': True}
2025-09-23 17:49:57,478 : INFO : EventManager : Event: ======'machine_var_audits_missing_switches_s_mig_lane_right'====== Args={'value': 3, 'prev_value': None, 'change': True}
2025-09-23 17:49:57,478 : INFO : EventManager : Event: ======'machine_var_audits_missing_switches_s_mode_start'====== Args={'value': 80, 'prev_value': None, 'change': True}
2025-09-23 17:49:57,480 : INFO : EventManager : Event: ======'machine_var_audits_missing_switches_s_n_iceman_target'====== Args={'value': 6, 'prev_value': None, 'change': True}
2025-09-23 17:49:57,480 : INFO : EventManager : Event: ======'machine_var_audits_missing_switches_s_o_lock_target'====== Args={'value': 15, 'prev_value': None, 'change': True}
2025-09-23 17:49:57,480 : INFO : EventManager : Event: ======'machine_var_audits_missing_switches_s_orbit_left'====== Args={'value': 15, 'prev_value': None, 'change': True}
2025-09-23 17:49:57,480 : INFO : EventManager : Event: ======'machine_var_audits_missing_switches_s_orbit_lower'====== Args={'value': 80, 'prev_value': None, 'change': True}
2025-09-23 17:49:57,480 : INFO : EventManager : Event: ======'machine_var_audits_missing_switches_s_orbit_right'====== Args={'value': 5, 'prev_value': None, 'change': True}
2025-09-23 17:49:57,480 : INFO : EventManager : Event: ======'machine_var_audits_missing_switches_s_orbit_upper'====== Args={'value': 3, 'prev_value': None, 'change': True}
2025-09-23 17:49:57,480 : INFO : EventManager : Event: ======'machine_var_audits_missing_switches_s_outer_inlane_right'====== Args={'value': 13, 'prev_value': None, 'change': True}
2025-09-23 17:49:57,480 : INFO : EventManager : Event: ======'machine_var_audits_missing_switches_s_outlane_left'====== Args={'value': 80, 'prev_value': None, 'change': True}
2025-09-23 17:49:57,480 : INFO : EventManager : Event: ======'machine_var_audits_missing_switches_s_outlane_right'====== Args={'value': 17, 'prev_value': None, 'change': True}
2025-09-23 17:49:57,480 : INFO : EventManager : Event: ======'machine_var_audits_missing_switches_s_ramp_inner_exit'====== Args={'value': 80, 'prev_value': None, 'change': True}
2025-09-23 17:49:57,480 : INFO : EventManager : Event: ======'machine_var_audits_missing_switches_s_ramp_left_exit'====== Args={'value': 80, 'prev_value': None, 'change': True}
2025-09-23 17:49:57,480 : INFO : EventManager : Event: ======'machine_var_audits_missing_switches_s_ramp_right_exit'====== Args={'value': 80, 'prev_value': None, 'change': True}
2025-09-23 17:49:57,480 : INFO : EventManager : Event: ======'machine_var_audits_missing_switches_s_ramp_tower_exit'====== Args={'value': 80, 'prev_value': None, 'change': True}
2025-09-23 17:49:57,480 : INFO : EventManager : Event: ======'machine_var_audits_missing_switches_s_slingshot_left'====== Args={'value': 15, 'prev_value': None, 'change': True}
2025-09-23 17:49:57,480 : INFO : EventManager : Event: ======'machine_var_audits_missing_switches_s_slingshot_right'====== Args={'value': 7, 'prev_value': None, 'change': True}
2025-09-23 17:49:57,480 : INFO : EventManager : Event: ======'machine_var_audits_missing_switches_s_spinner'====== Args={'value': 80, 'prev_value': None, 'change': True}
2025-09-23 17:49:57,481 : INFO : EventManager : Event: ======'machine_var_audits_missing_switches_s_tilt'====== Args={'value': 18, 'prev_value': None, 'change': True}
2025-09-23 17:49:57,481 : INFO : EventManager : Event: ======'machine_var_audits_missing_switches_s_trough_1'====== Args={'value': 56, 'prev_value': None, 'change': True}
2025-09-23 17:49:57,481 : INFO : EventManager : Event: ======'machine_var_audits_missing_switches_s_trough_2'====== Args={'value': 56, 'prev_value': None, 'change': True}
2025-09-23 17:49:57,481 : INFO : EventManager : Event: ======'machine_var_audits_missing_switches_s_trough_3'====== Args={'value': 56, 'prev_value': None, 'change': True}
2025-09-23 17:49:57,481 : INFO : EventManager : Event: ======'machine_var_audits_missing_switches_s_trough_4'====== Args={'value': 131, 'prev_value': None, 'change': True}
2025-09-23 17:49:57,481 : INFO : EventManager : Event: ======'machine_var_audits_missing_switches_s_trough_5'====== Args={'value': 131, 'prev_value': None, 'change': True}
2025-09-23 17:49:57,481 : INFO : EventManager : Event: ======'machine_var_audits_missing_switches_s_trough_6'====== Args={'value': 3, 'prev_value': None, 'change': True}
2025-09-23 17:49:57,481 : INFO : EventManager : Event: ======'machine_var_audits_player_score'====== Args={'value': {'average': 67000, 'top': [73000, 61000], 'total': 2}, 'prev_value': None, 'change': True}
2025-09-23 17:49:57,481 : INFO : EventManager : Event: ======'machine_var_audits_shots_bumper_center'====== Args={'value': 471, 'prev_value': None, 'change': True}
2025-09-23 17:49:57,481 : INFO : EventManager : Event: ======'machine_var_audits_shots_bumper_left'====== Args={'value': 481, 'prev_value': None, 'change': True}
2025-09-23 17:49:57,481 : INFO : EventManager : Event: ======'machine_var_audits_shots_bumper_right'====== Args={'value': 353, 'prev_value': None, 'change': True}
2025-09-23 17:49:57,481 : INFO : EventManager : Event: ======'machine_var_audits_switches_s_a_iceman_target'====== Args={'value': 25, 'prev_value': None, 'change': True}
2025-09-23 17:49:57,481 : INFO : EventManager : Event: ======'machine_var_audits_switches_s_barrier_target'====== Args={'value': 6, 'prev_value': None, 'change': True}
2025-09-23 17:49:57,481 : INFO : EventManager : Event: ======'machine_var_audits_switches_s_bumper_center'====== Args={'value': 491, 'prev_value': None, 'change': True}
2025-09-23 17:49:57,482 : INFO : EventManager : Event: ======'machine_var_audits_switches_s_bumper_left'====== Args={'value': 504, 'prev_value': None, 'change': True}
2025-09-23 17:49:57,482 : INFO : EventManager : Event: ======'machine_var_audits_switches_s_bumper_right'====== Args={'value': 358, 'prev_value': None, 'change': True}
2025-09-23 17:49:57,482 : INFO : EventManager : Event: ======'machine_var_audits_switches_s_c_iceman_target'====== Args={'value': 38, 'prev_value': None, 'change': True}
2025-09-23 17:49:57,482 : INFO : EventManager : Event: ======'machine_var_audits_switches_s_c_lock_target'====== Args={'value': 4, 'prev_value': None, 'change': True}
2025-09-23 17:49:57,482 : INFO : EventManager : Event: ======'machine_var_audits_switches_s_coin_door'====== Args={'value': 0, 'prev_value': None, 'change': True}
2025-09-23 17:49:57,482 : INFO : EventManager : Event: ======'machine_var_audits_switches_s_coin_door_service_1'====== Args={'value': 0, 'prev_value': None, 'change': True}
2025-09-23 17:49:57,482 : INFO : EventManager : Event: ======'machine_var_audits_switches_s_coin_door_service_2'====== Args={'value': 0, 'prev_value': None, 'change': True}
2025-09-23 17:49:57,482 : INFO : EventManager : Event: ======'machine_var_audits_switches_s_coin_door_service_3'====== Args={'value': 0, 'prev_value': None, 'change': True}
2025-09-23 17:49:57,482 : INFO : EventManager : Event: ======'machine_var_audits_switches_s_coin_door_service_4'====== Args={'value': 0, 'prev_value': None, 'change': True}
2025-09-23 17:49:57,482 : INFO : EventManager : Event: ======'machine_var_audits_switches_s_e_iceman_target'====== Args={'value': 41, 'prev_value': None, 'change': True}
2025-09-23 17:49:57,482 : INFO : EventManager : Event: ======'machine_var_audits_switches_s_flight_gear_target'====== Args={'value': 6, 'prev_value': None, 'change': True}
2025-09-23 17:49:57,482 : INFO : EventManager : Event: ======'machine_var_audits_switches_s_flipper_left'====== Args={'value': 9, 'prev_value': None, 'change': True}
2025-09-23 17:49:57,482 : INFO : EventManager : Event: ======'machine_var_audits_switches_s_flipper_left_eos'====== Args={'value': 0, 'prev_value': None, 'change': True}
2025-09-23 17:49:57,482 : INFO : EventManager : Event: ======'machine_var_audits_switches_s_flipper_left_upper'====== Args={'value': 0, 'prev_value': None, 'change': True}
2025-09-23 17:49:57,482 : INFO : EventManager : Event: ======'machine_var_audits_switches_s_flipper_left_upper_eos'====== Args={'value': 0, 'prev_value': None, 'change': True}
2025-09-23 17:49:57,482 : INFO : EventManager : Event: ======'machine_var_audits_switches_s_flipper_right'====== Args={'value': 17, 'prev_value': None, 'change': True}
2025-09-23 17:49:57,482 : INFO : EventManager : Event: ======'machine_var_audits_switches_s_flipper_right_eos'====== Args={'value': 0, 'prev_value': None, 'change': True}
2025-09-23 17:49:57,483 : INFO : EventManager : Event: ======'machine_var_audits_switches_s_i_iceman_target'====== Args={'value': 3, 'prev_value': None, 'change': True}
2025-09-23 17:49:57,483 : INFO : EventManager : Event: ======'machine_var_audits_switches_s_inlane_left'====== Args={'value': 53, 'prev_value': None, 'change': True}
2025-09-23 17:49:57,483 : INFO : EventManager : Event: ======'machine_var_audits_switches_s_inner_inlane_right'====== Args={'value': 5, 'prev_value': None, 'change': True}
2025-09-23 17:49:57,483 : INFO : EventManager : Event: ======'machine_var_audits_switches_s_jam'====== Args={'value': 7, 'prev_value': None, 'change': True}
2025-09-23 17:49:57,483 : INFO : EventManager : Event: ======'machine_var_audits_switches_s_k_lock_target'====== Args={'value': 5, 'prev_value': None, 'change': True}
2025-09-23 17:49:57,483 : INFO : EventManager : Event: ======'machine_var_audits_switches_s_l_lock_target'====== Args={'value': 5, 'prev_value': None, 'change': True}
2025-09-23 17:49:57,483 : INFO : EventManager : Event: ======'machine_var_audits_switches_s_lane_left'====== Args={'value': 1, 'prev_value': None, 'change': True}
2025-09-23 17:49:57,483 : INFO : EventManager : Event: ======'machine_var_audits_switches_s_lane_right'====== Args={'value': 1, 'prev_value': None, 'change': True}
2025-09-23 17:49:57,483 : INFO : EventManager : Event: ======'machine_var_audits_switches_s_lock_goose'====== Args={'value': 0, 'prev_value': None, 'change': True}
2025-09-23 17:49:57,483 : INFO : EventManager : Event: ======'machine_var_audits_switches_s_lock_mav'====== Args={'value': 0, 'prev_value': None, 'change': True}
2025-09-23 17:49:57,483 : INFO : EventManager : Event: ======'machine_var_audits_switches_s_lock_plunger'====== Args={'value': 0, 'prev_value': None, 'change': True}
2025-09-23 17:49:57,483 : INFO : EventManager : Event: ======'machine_var_audits_switches_s_m_iceman_target'====== Args={'value': 25, 'prev_value': None, 'change': True}
2025-09-23 17:49:57,483 : INFO : EventManager : Event: ======'machine_var_audits_switches_s_mig_lane_left'====== Args={'value': 3, 'prev_value': None, 'change': True}
2025-09-23 17:49:57,484 : INFO : EventManager : Event: ======'machine_var_audits_switches_s_mig_lane_right'====== Args={'value': 1, 'prev_value': None, 'change': True}
2025-09-23 17:49:57,484 : INFO : EventManager : Event: ======'machine_var_audits_switches_s_mode_start'====== Args={'value': 0, 'prev_value': None, 'change': True}
2025-09-23 17:49:57,484 : INFO : EventManager : Event: ======'machine_var_audits_switches_s_n_iceman_target'====== Args={'value': 33, 'prev_value': None, 'change': True}
2025-09-23 17:49:57,484 : INFO : EventManager : Event: ======'machine_var_audits_switches_s_o_lock_target'====== Args={'value': 5, 'prev_value': None, 'change': True}
2025-09-23 17:49:57,484 : INFO : EventManager : Event: ======'machine_var_audits_switches_s_orbit_left'====== Args={'value': 7, 'prev_value': None, 'change': True}
2025-09-23 17:49:57,484 : INFO : EventManager : Event: ======'machine_var_audits_switches_s_orbit_lower'====== Args={'value': 0, 'prev_value': None, 'change': True}
2025-09-23 17:49:57,484 : INFO : EventManager : Event: ======'machine_var_audits_switches_s_orbit_right'====== Args={'value': 10, 'prev_value': None, 'change': True}
2025-09-23 17:49:57,484 : INFO : EventManager : Event: ======'machine_var_audits_switches_s_orbit_upper'====== Args={'value': 1, 'prev_value': None, 'change': True}
2025-09-23 17:49:57,484 : INFO : EventManager : Event: ======'machine_var_audits_switches_s_outer_inlane_right'====== Args={'value': 5, 'prev_value': None, 'change': True}
2025-09-23 17:49:57,484 : INFO : EventManager : Event: ======'machine_var_audits_switches_s_outlane_left'====== Args={'value': 0, 'prev_value': None, 'change': True}
2025-09-23 17:49:57,484 : INFO : EventManager : Event: ======'machine_var_audits_switches_s_outlane_right'====== Args={'value': 4, 'prev_value': None, 'change': True}
2025-09-23 17:49:57,484 : INFO : EventManager : Event: ======'machine_var_audits_switches_s_plunger_lane'====== Args={'value': 62, 'prev_value': None, 'change': True}
2025-09-23 17:49:57,484 : INFO : EventManager : Event: ======'machine_var_audits_switches_s_ramp_inner_exit'====== Args={'value': 0, 'prev_value': None, 'change': True}
2025-09-23 17:49:57,484 : INFO : EventManager : Event: ======'machine_var_audits_switches_s_ramp_left_exit'====== Args={'value': 0, 'prev_value': None, 'change': True}
2025-09-23 17:49:57,485 : INFO : EventManager : Event: ======'machine_var_audits_switches_s_ramp_right_exit'====== Args={'value': 0, 'prev_value': None, 'change': True}
2025-09-23 17:49:57,485 : INFO : EventManager : Event: ======'machine_var_audits_switches_s_ramp_tower_exit'====== Args={'value': 0, 'prev_value': None, 'change': True}
2025-09-23 17:49:57,485 : INFO : EventManager : Event: ======'machine_var_audits_switches_s_shooter_lane'====== Args={'value': 5, 'prev_value': None, 'change': True}
2025-09-23 17:49:57,485 : INFO : EventManager : Event: ======'machine_var_audits_switches_s_slingshot_left'====== Args={'value': 8, 'prev_value': None, 'change': True}
2025-09-23 17:49:57,485 : INFO : EventManager : Event: ======'machine_var_audits_switches_s_slingshot_right'====== Args={'value': 9, 'prev_value': None, 'change': True}
2025-09-23 17:49:57,485 : INFO : EventManager : Event: ======'machine_var_audits_switches_s_spinner'====== Args={'value': 0, 'prev_value': None, 'change': True}
2025-09-23 17:49:57,485 : INFO : EventManager : Event: ======'machine_var_audits_switches_s_start'====== Args={'value': 140, 'prev_value': None, 'change': True}
2025-09-23 17:49:57,485 : INFO : EventManager : Event: ======'machine_var_audits_switches_s_tilt'====== Args={'value': 0, 'prev_value': None, 'change': True}
2025-09-23 17:49:57,485 : INFO : EventManager : Event: ======'machine_var_audits_switches_s_trough_1'====== Args={'value': 2, 'prev_value': None, 'change': True}
2025-09-23 17:49:57,485 : INFO : EventManager : Event: ======'machine_var_audits_switches_s_trough_2'====== Args={'value': 1, 'prev_value': None, 'change': True}
2025-09-23 17:49:57,485 : INFO : EventManager : Event: ======'machine_var_audits_switches_s_trough_3'====== Args={'value': 1, 'prev_value': None, 'change': True}
2025-09-23 17:49:57,485 : INFO : EventManager : Event: ======'machine_var_audits_switches_s_trough_4'====== Args={'value': 0, 'prev_value': None, 'change': True}
2025-09-23 17:49:57,485 : INFO : EventManager : Event: ======'machine_var_audits_switches_s_trough_5'====== Args={'value': 0, 'prev_value': None, 'change': True}
2025-09-23 17:49:57,486 : INFO : EventManager : Event: ======'machine_var_audits_switches_s_trough_6'====== Args={'value': 74, 'prev_value': None, 'change': True}
2025-09-23 17:49:57,486 : INFO : EventManager : Event: ======'init_phase_5'====== Args={}
2025-09-23 17:49:57,486 : INFO : EventManager : Event: ======'init_done'====== Args={}
2025-09-23 17:49:57,486 : INFO : EventManager : Event: ======'machine_reset_phase_1'====== Args={}
2025-09-23 17:49:57,493 : INFO : EventManager : Event: ======'machine_reset_phase_2'====== Args={}
2025-09-23 17:49:57,494 : INFO : EventManager : Event: ======'machine_reset_phase_3'====== Args={}
2025-09-23 17:49:57,494 : INFO : EventManager : Event: ======'reset_complete'====== Args={}
2025-09-23 17:49:57,494 : INFO : EventManager : Event: ======'mode_attract_will_start'====== Args={}
2025-09-23 17:49:57,494 : INFO : Timer.attract_carousel_timer : Starting Timer.
2025-09-23 17:49:57,494 : INFO : EventManager : Event: ======'timer_attract_carousel_timer_started'====== Args={'ticks': 0, 'ticks_remaining': 1}
2025-09-23 17:49:57,494 : INFO : EventManager : Event: ======'timer_attract_carousel_timer_tick'====== Args={'ticks': 0, 'ticks_remaining': 1}
2025-09-23 17:49:57,495 : INFO : EventManager : Event: ======'mode_attract_starting'====== Args={}
2025-09-23 17:49:57,495 : INFO : Mode.attract : Started. Priority: 10
2025-09-23 17:49:57,495 : INFO : EventManager : Event: ======'modes_active_modes_changed'====== Args={}
2025-09-23 17:49:57,495 : INFO : EventManager : Event: ======'mode_attract_started'====== Args={}
2025-09-23 17:49:57,496 : INFO : EventManager : Event: ======'attract_cycle_step1'====== Args={'priority': 0}
2025-09-23 17:49:57,496 : INFO : EventManager : Event: ======'collecting_balls_complete'====== Args={}
2025-09-23 17:49:57,496 : INFO : EventManager : Event: ======'item_highlighted'====== Args={'carousel': 'attract', 'direction': None, 'item': 'title'}
2025-09-23 17:49:57,497 : INFO : EventManager : Event: ======'timer_attract_carousel_timer_tick'====== Args={'ticks': 0, 'ticks_remaining': 1}
2025-09-23 17:49:57,497 : INFO : Machine : Starting the main run loop with active modes: [<Mode.attract>]
2025-09-23 17:49:57,588 : INFO : EventManager : Event: ======'slide_attract_created'====== Args={'_from_bcp': True}
2025-09-23 17:49:57,588 : INFO : EventManager : Event: ======'slide__removed'====== Args={'_from_bcp': True}
2025-09-23 17:49:57,588 : INFO : EventManager : Event: ======'slide_attract_active'====== Args={'original_context': 'attract', 'original_calling_context': 'mode_attract_started', 'priority': 10.0, 'cmd': 'slides_play', '_from_bcp': True}
2025-09-23 17:49:58,459 : INFO : BcpServer : New client connected.
2025-09-23 17:50:04,481 : INFO : Timer.attract_carousel_timer : Timer Complete
2025-09-23 17:50:04,481 : INFO : Timer.attract_carousel_timer : Stopping Timer
2025-09-23 17:50:04,481 : INFO : EventManager : Event: ======'timer_attract_carousel_timer_stopped'====== Args={'ticks': 1, 'ticks_remaining': 1}
2025-09-23 17:50:04,481 : INFO : EventManager : Event: ======'timer_attract_carousel_timer_complete'====== Args={'ticks': 1, 'ticks_remaining': 1}
2025-09-23 17:50:04,484 : INFO : EventManager : Event: ======'item_highlighted'====== Args={'carousel': 'attract', 'direction': 'forwards', 'item': 'presented_by'}
2025-09-23 17:50:04,484 : INFO : Timer.attract_carousel_timer : Starting Timer.
2025-09-23 17:50:04,484 : INFO : EventManager : Event: ======'timer_attract_carousel_timer_started'====== Args={'ticks': 0, 'ticks_remaining': 1}
2025-09-23 17:50:04,485 : INFO : EventManager : Event: ======'timer_attract_carousel_timer_tick'====== Args={'ticks': 0, 'ticks_remaining': 1}
2025-09-23 17:50:05,314 : INFO : SwitchController : <<<<<<< 's_start' active >>>>>>>
2025-09-23 17:50:05,399 : INFO : SwitchController : <<<<<<< 's_start' inactive >>>>>>>
2025-09-23 17:50:05,399 : INFO : EventManager : Event: ======'request_to_start_game'====== Args={}
2025-09-23 17:50:05,400 : INFO : EventManager : Event: ======'game_start'====== Args={'buttons': [], 'hold_time': 0.07900000002700835}
2025-09-23 17:50:05,400 : INFO : EventManager : Event: ======'mode_game_will_start'====== Args={'buttons': [], 'hold_time': 0.07900000002700835}
2025-09-23 17:50:05,401 : INFO : EventManager : Event: ======'mode_game_starting'====== Args={'buttons': [], 'hold_time': 0.07900000002700835}
2025-09-23 17:50:05,401 : INFO : EventManager : Event: ======'mode_attract_will_stop'====== Args={}
2025-09-23 17:50:05,401 : INFO : EventManager : Event: ======'mode_attract_stopping'====== Args={}
2025-09-23 17:50:05,401 : INFO : Mode.game : Started. Priority: 20
2025-09-23 17:50:05,401 : INFO : EventManager : Event: ======'modes_active_modes_changed'====== Args={}
2025-09-23 17:50:05,401 : INFO : EventManager : Event: ======'mode_game_started'====== Args={'buttons': [], 'hold_time': 0.07900000002700835}
2025-09-23 17:50:05,403 : INFO : Mode.attract : Stopped.
2025-09-23 17:50:05,403 : INFO : EventManager : Event: ======'modes_active_modes_changed'====== Args={}
2025-09-23 17:50:05,404 : INFO : EventManager : Event: ======'mode_attract_stopped'====== Args={}
2025-09-23 17:50:05,404 : INFO : EventManager : Event: ======'clear'====== Args={'key': 'attract'}
2025-09-23 17:50:05,404 : INFO : Timer.attract_carousel_timer : Stopping Timer
2025-09-23 17:50:05,404 : INFO : EventManager : Event: ======'timer_attract_carousel_timer_stopped'====== Args={'ticks': 0, 'ticks_remaining': 1}
2025-09-23 17:50:05,404 : INFO : EventManager : Event: ======'game_will_start'====== Args={}
2025-09-23 17:50:05,405 : INFO : EventManager : Event: ======'game_starting'====== Args={'game': <Mode.game>}
2025-09-23 17:50:05,407 : INFO : EventManager : Unordered handler for class <Auditor> on event game_ended with priority 1. Handlers: [RegisteredHandler(callback=<bound method Auditor.disable of <Auditor>>, priority=1, kwargs={}, key=UUID('d8313ce9-84f2-4af3-bd9f-68f60e1083e9'), condition=None, blocking_facility=None), RegisteredHandler(callback=<bound method Auditor._save_audits of <Auditor>>, priority=1, kwargs={}, key=UUID('031a8b43-9a68-4b9f-abe1-78e8594c38b5'), condition=None, blocking_facility=None)]. The order of those handlers is not defined and they will be executed in random order. This might lead to race conditions and potential bugs.
2025-09-23 17:50:05,407 : INFO : EventManager : Event: ======'player_add_request'====== Args={}
2025-09-23 17:50:05,407 : INFO : EventManager : Event: ======'player_will_add'====== Args={'number': 1}
2025-09-23 17:50:05,407 : INFO : EventManager : Event: ======'player_adding'====== Args={'player': <Player 1>, 'number': 1}
2025-09-23 17:50:05,408 : INFO : EventManager : Event: ======'player_added'====== Args={'player': <Player 1>, 'num': 1}
2025-09-23 17:50:05,408 : INFO : Mode.game : Player added successfully. Total players: 1
2025-09-23 17:50:05,408 : INFO : EventManager : Event: ======'player_index'====== Args={'value': 0, 'prev_value': 0, 'change': 0, 'player_num': 1}
2025-09-23 17:50:05,409 : INFO : EventManager : Event: ======'player_number'====== Args={'value': 1, 'prev_value': 1, 'change': 0, 'player_num': 1}
2025-09-23 17:50:05,409 : INFO : EventManager : Event: ======'player_score'====== Args={'value': 0, 'prev_value': 0, 'change': 0, 'player_num': 1}
2025-09-23 17:50:05,409 : INFO : EventManager : Event: ======'game_started'====== Args={}
2025-09-23 17:50:05,410 : INFO : EventManager : Event: ======'player_turn_will_start'====== Args={'player': <Player 1>, 'number': 1}
2025-09-23 17:50:05,410 : INFO : EventManager : Event: ======'player_turn_starting'====== Args={'player': <Player 1>, 'number': 1}
2025-09-23 17:50:05,411 : INFO : EventManager : Event: ======'player_ball'====== Args={'value': 1, 'prev_value': 0, 'change': 1, 'player_num': 1}
2025-09-23 17:50:05,417 : INFO : EventManager : Event: ======'player_turn_started'====== Args={'player': <Player 1>, 'number': 1}
2025-09-23 17:50:05,418 : INFO : EventManager : Event: ======'ui_player_1_up'====== Args={'priority': 0}
2025-09-23 17:50:05,418 : INFO : EventManager : Event: ======'ball_will_start'====== Args={'player': 1, 'ball': 1, 'balls_remaining': 2, 'is_extra_ball': False}
2025-09-23 17:50:05,419 : INFO : EventManager : Event: ======'ball_starting'====== Args={'player': 1, 'ball': 1, 'balls_remaining': 2, 'is_extra_ball': False}
2025-09-23 17:50:05,420 : INFO : EventManager : Event: ======'mode_base_will_start'====== Args={'queue': <QueuedEvent>, 'player': 1, 'ball': 1, 'balls_remaining': 2, 'is_extra_ball': False}
2025-09-23 17:50:05,421 : INFO : EventManager : Event: ======'mode_base_starting'====== Args={'queue': <QueuedEvent>, 'player': 1, 'ball': 1, 'balls_remaining': 2, 'is_extra_ball': False}
2025-09-23 17:50:05,423 : INFO : Mode.base : Started. Priority: 100
2025-09-23 17:50:05,423 : INFO : EventManager : Event: ======'modes_active_modes_changed'====== Args={}
2025-09-23 17:50:05,423 : INFO : EventManager : Event: ======'mode_base_started'====== Args={'queue': <QueuedEvent>, 'player': 1, 'ball': 1, 'balls_remaining': 2, 'is_extra_ball': False}
2025-09-23 17:50:05,423 : INFO : EventManager : Event: ======'start_mode_bumpers'====== Args={'priority': 0}
2025-09-23 17:50:05,423 : INFO : EventManager : Event: ======'mode_bumpers_will_start'====== Args={'priority': 0}
2025-09-23 17:50:05,423 : INFO : EventManager : Event: ======'player_shot_bumper_left_enabled'====== Args={'value': True, 'prev_value': 0, 'change': 1, 'player_num': 1}
2025-09-23 17:50:05,423 : INFO : EventManager : Event: ======'player_shot_bumper_center_enabled'====== Args={'value': True, 'prev_value': 0, 'change': 1, 'player_num': 1}
2025-09-23 17:50:05,424 : INFO : EventManager : Event: ======'player_shot_bumper_right_enabled'====== Args={'value': True, 'prev_value': 0, 'change': 1, 'player_num': 1}
2025-09-23 17:50:05,424 : INFO : EventManager : Event: ======'bumpers_complete'====== Args={'state': 'unlit'}
2025-09-23 17:50:05,424 : INFO : EventManager : Event: ======'bumpers_unlit_complete'====== Args={}
2025-09-23 17:50:05,425 : INFO : EventManager : Event: ======'mode_bumpers_starting'====== Args={'priority': 0}
2025-09-23 17:50:05,425 : INFO : Mode.bumpers : Started. Priority: 200
2025-09-23 17:50:05,425 : INFO : EventManager : Event: ======'modes_active_modes_changed'====== Args={}
2025-09-23 17:50:05,425 : INFO : EventManager : Event: ======'mode_bumpers_started'====== Args={'priority': 0}
2025-09-23 17:50:05,426 : INFO : EventManager : Event: ======'balls_in_play'====== Args={'balls': 1}
2025-09-23 17:50:05,426 : INFO : EventManager : Event: ======'ball_started'====== Args={'player': 1, 'ball': 1, 'balls_remaining': 2, 'is_extra_ball': False}
2025-09-23 17:50:05,427 : INFO : EventManager : Event: ======'single_player_ball_started'====== Args={}
2025-09-23 17:50:05,427 : INFO : EventManager : Event: ======'ball_start_target'====== Args={'target': 'playfield'}
2025-09-23 17:50:05,428 : INFO : ball_device.bd_plunger : Setting up player-controlled eject. Balls: 1, Target: <playfield.playfield>, player_controlled_eject_event: None
2025-09-23 17:50:05,428 : INFO : EventManager : Event: ======'balldevice_balls_available'====== Args={}
2025-09-23 17:50:05,429 : INFO : ball_device.bd_trough : State: waiting_for_target_ready
2025-09-23 17:50:05,429 : INFO : EventManager : Event: ======'balldevice_bd_trough_ball_eject_attempt'====== Args={'balls': 1, 'target': <ball_device.bd_plunger>, 'source': <ball_device.bd_trough>, 'mechanical_eject': True, 'num_attempts': 0}
2025-09-23 17:50:05,429 : INFO : ball_device.bd_plunger : State: waiting_for_ball
2025-09-23 17:50:05,430 : INFO : ball_device.bd_trough : State: ejecting
2025-09-23 17:50:05,430 : INFO : ball_device.bd_trough : Ejecting ball to <ball_device.bd_plunger>
2025-09-23 17:50:05,430 : INFO : EventManager : Event: ======'balldevice_bd_trough_ejecting_ball'====== Args={'balls': 1, 'target': <ball_device.bd_plunger>, 'source': <ball_device.bd_trough>, 'mechanical_eject': True, 'num_attempts': 0}
2025-09-23 17:50:05,430 : INFO : ball_device.bd_trough : Wait for ball to leave device
2025-09-23 17:50:05,431 : INFO : coil.c_trough_eject : Pulsing Driver for 10ms (0.75 pulse_power)
2025-09-23 17:50:05,513 : INFO : EventManager : Event: ======'slide_base_slide_created'====== Args={'_from_bcp': True}
2025-09-23 17:50:05,513 : INFO : EventManager : Event: ======'slide_attract_inactive'====== Args={'is_removing': True, '_from_bcp': True}
2025-09-23 17:50:05,514 : INFO : EventManager : Event: ======'slide_base_slide_active'====== Args={'original_context': 'base', 'original_calling_context': 'mode_base_started', 'priority': 100.0, 'queue': '<QueuedEvent>', 'player': 1.0, 'ball': 1.0, 'balls_remaining': 2.0, 'is_extra_ball': False, 'cmd': 'slides_play', '_from_bcp': True}
2025-09-23 17:50:05,517 : INFO : EventManager : Event: ======'slide_attract_removed'====== Args={'_from_bcp': True}
2025-09-23 17:50:06,173 : INFO : SwitchController : <<<<<<< 's_trough_6' inactive >>>>>>>
2025-09-23 17:50:06,174 : INFO : ball_device.bd_trough : State: ball_left
2025-09-23 17:50:06,174 : INFO : ball_device.bd_trough : Ball left
2025-09-23 17:50:06,174 : INFO : ball_device.bd_trough : Wait for confirm with timeout 3.0
2025-09-23 17:50:07,127 : INFO : SwitchController : <<<<<<< 's_shooter_lane' active >>>>>>>
2025-09-23 17:50:07,127 : INFO : EventManager : Event: ======'machine_var_audits_switches_s_shooter_lane'====== Args={'value': 6, 'prev_value': 5, 'change': 1}
2025-09-23 17:50:07,445 : INFO : ball_device.bd_plunger : Received ball from <ball_device.bd_trough>
2025-09-23 17:50:07,445 : INFO : EventManager : Event: ======'balldevice_bd_plunger_ball_enter'====== Args={'new_balls': 1, 'unclaimed_balls': 0, 'new_available_balls': 0, 'device': <ball_device.bd_plunger>}
2025-09-23 17:50:07,446 : INFO : EventManager : Event: ======'balldevice_bd_plunger_ball_entered'====== Args={'new_balls': 0, 'device': <ball_device.bd_plunger>}
2025-09-23 17:50:07,446 : INFO : EventManager : Event: ======'balldevice_bd_plunger_ball_count_changed'====== Args={'balls': 1}
2025-09-23 17:50:07,446 : INFO : ball_device.bd_trough : Got eject confirm
2025-09-23 17:50:07,447 : INFO : ball_device.bd_trough : Eject successful
2025-09-23 17:50:07,447 : INFO : EventManager : Event: ======'balldevice_bd_trough_ball_eject_success'====== Args={'balls': 1, 'target': <ball_device.bd_plunger>}
2025-09-23 17:50:07,447 : INFO : EventManager : Event: ======'balldevice_bd_trough_ball_count_changed'====== Args={'balls': 5}
2025-09-23 17:50:07,447 : INFO : ball_device.bd_trough : State: idle
2025-09-23 17:50:07,448 : INFO : ball_device.bd_plunger : State: waiting_for_target_ready
2025-09-23 17:50:07,448 : INFO : EventManager : Event: ======'balldevice_bd_plunger_ball_eject_attempt'====== Args={'balls': 1, 'target': <playfield.playfield>, 'source': <ball_device.bd_plunger>, 'mechanical_eject': True, 'num_attempts': 0}
2025-09-23 17:50:07,448 : INFO : ball_device.bd_plunger : State: ejecting
2025-09-23 17:50:07,448 : INFO : ball_device.bd_plunger : Ejecting ball to <playfield.playfield>
2025-09-23 17:50:07,449 : INFO : EventManager : Event: ======'balldevice_bd_plunger_ejecting_ball'====== Args={'balls': 1, 'target': <playfield.playfield>, 'source': <ball_device.bd_plunger>, 'mechanical_eject': True, 'num_attempts': 0}
2025-09-23 17:50:07,450 : INFO : ball_device.bd_plunger : Wait for ball to leave device
2025-09-23 17:54:08,298 : INFO : Machine : Shutting down...
2025-09-23 17:54:08,298 : INFO : EventManager : Event: ======'shutdown'====== Args={}
2025-09-23 17:54:08,300 : INFO : EventManager : Event: ======'mode_game_will_stop'====== Args={}
2025-09-23 17:54:08,300 : INFO : EventManager : Event: ======'mode_game_stopping'====== Args={}
2025-09-23 17:54:08,301 : INFO : EventManager : Event: ======'mode_base_will_stop'====== Args={}
2025-09-23 17:54:08,301 : INFO : EventManager : Event: ======'mode_base_stopping'====== Args={}
2025-09-23 17:54:08,301 : INFO : EventManager : Event: ======'mode_bumpers_will_stop'====== Args={}
2025-09-23 17:54:08,301 : INFO : EventManager : Event: ======'mode_bumpers_stopping'====== Args={}
2025-09-23 17:54:08,301 : INFO : EventManager : Event: ======'stop_mode_bumpers'====== Args={'priority': 0}
2025-09-23 17:54:08,301 : INFO : Mode.bumpers : Stopped.
2025-09-23 17:54:08,302 : INFO : EventManager : Event: ======'modes_active_modes_changed'====== Args={}
2025-09-23 17:54:08,302 : INFO : EventManager : Event: ======'mode_bumpers_stopped'====== Args={}
2025-09-23 17:54:08,302 : INFO : EventManager : Event: ======'clear'====== Args={'key': 'bumpers'}
2025-09-23 17:54:08,303 : INFO : Mode.base : Stopped.
2025-09-23 17:54:08,303 : INFO : EventManager : Event: ======'modes_active_modes_changed'====== Args={}
2025-09-23 17:54:08,303 : INFO : EventManager : Event: ======'mode_base_stopped'====== Args={}
2025-09-23 17:54:08,303 : INFO : EventManager : Event: ======'clear'====== Args={'key': 'base'}
2025-09-23 17:54:08,303 : INFO : Mode.game : Stopped.
2025-09-23 17:54:08,303 : INFO : EventManager : Event: ======'modes_active_modes_changed'====== Args={}
2025-09-23 17:54:08,303 : INFO : EventManager : Event: ======'mode_game_stopped'====== Args={}
2025-09-23 17:54:08,303 : INFO : EventManager : Event: ======'clear'====== Args={'key': 'game'}
2025-09-23 17:54:08,306 : INFO : root : MPF run loop ended.
