2025-09-23 17:58:29,525 : INFO : root : Loading config.
2025-09-23 17:58:29,531 : INFO : YamlMultifileConfigLoader : Machine config file #1: config.yaml
2025-09-23 17:58:29,531 : WARNING : ConfigProcessor : Config file in cache changed: C:\Users\White\documents\Top_Gun_Pinball\config\config.yaml
2025-09-23 17:58:29,531 : INFO : ConfigProcessor : Loading config from file C:\Users\White\mpf\Lib\site-packages\mpf\mpfconfig.yaml.
2025-09-23 17:58:29,546 : INFO : ConfigProcessor : Loading config: C:\Users\White\mpf\Lib\site-packages\mpf\mpfconfig.yaml
2025-09-23 17:58:29,546 : INFO : ConfigProcessor : Loading config from file C:\Users\White\documents\Top_Gun_Pinball\config\config.yaml.
2025-09-23 17:58:29,560 : INFO : ConfigProcessor : Loading config: C:\Users\White\documents\Top_Gun_Pinball\config\config.yaml
2025-09-23 17:58:29,562 : INFO : ConfigProcessor : Loading config: C:\Users\White\documents\Top_Gun_Pinball\config\config_autofire_coils.yaml
2025-09-23 17:58:29,564 : INFO : ConfigProcessor : Loading config: C:\Users\White\documents\Top_Gun_Pinball\config\config_ball_devices.yaml
2025-09-23 17:58:29,579 : INFO : ConfigProcessor : Loading config: C:\Users\White\documents\Top_Gun_Pinball\config\config_coils.yaml
2025-09-23 17:58:29,581 : INFO : ConfigProcessor : Loading config: C:\Users\White\documents\Top_Gun_Pinball\config\config_flippers.yaml
2025-09-23 17:58:29,584 : INFO : ConfigProcessor : Loading config: C:\Users\White\documents\Top_Gun_Pinball\config\config_hardware_fast.yaml
2025-09-23 17:58:29,596 : INFO : ConfigProcessor : Loading config: C:\Users\White\documents\Top_Gun_Pinball\config\config_lights.yaml
2025-09-23 17:58:29,605 : INFO : ConfigProcessor : Loading config: C:\Users\White\documents\Top_Gun_Pinball\config\config_switches.yaml
2025-09-23 17:58:29,609 : INFO : ConfigProcessor : Loading config: C:\Users\White\documents\Top_Gun_Pinball\config\variable_player.yaml
2025-09-23 17:58:29,614 : INFO : ConfigProcessor : Config file cache created: C:\Users\White\AppData\Local\Temp\4d2409115979d2066280cf8a522910f3.mpf_cache
2025-09-23 17:58:29,758 : INFO : ConfigProcessor : Loading config from cache: C:\Users\White\AppData\Local\Temp\e29f700f4dd412c341ced84fe54a834e.mpf_cache
2025-09-23 17:58:29,759 : INFO : ConfigProcessor : Loading config from cache: C:\Users\White\AppData\Local\Temp\91cc4d1c993c58dc354e34974b9cfeac.mpf_cache
2025-09-23 17:58:29,759 : INFO : ConfigProcessor : Loading config from cache: C:\Users\White\AppData\Local\Temp\e29f700f4dd412c341ced84fe54a834e.mpf_cache
2025-09-23 17:58:29,760 : WARNING : ConfigProcessor : Config file in cache changed: C:\Users\White\documents\Top_Gun_Pinball\modes\base\config\base.yaml
2025-09-23 17:58:29,760 : INFO : ConfigProcessor : Loading config from file C:\Users\White\documents\Top_Gun_Pinball\modes\base\config\base.yaml.
2025-09-23 17:58:29,763 : INFO : ConfigProcessor : Loading config: C:\Users\White\documents\Top_Gun_Pinball\modes\base\config\base.yaml
2025-09-23 17:58:29,764 : INFO : ConfigProcessor : Config file cache created: C:\Users\White\AppData\Local\Temp\3424101e418333c494b4f7abb38a6bbc.mpf_cache
2025-09-23 17:58:29,765 : INFO : ConfigProcessor : Loading config from cache: C:\Users\White\AppData\Local\Temp\928267ba5ce09cfb7bef110abe29482e.mpf_cache
2025-09-23 17:58:29,766 : INFO : ConfigProcessor : Loading config from file C:\Users\White\documents\Top_Gun_Pinball\modes\skillshot\config\skillshot.yaml.
2025-09-23 17:58:29,781 : INFO : ConfigProcessor : Loading config: C:\Users\White\documents\Top_Gun_Pinball\modes\skillshot\config\skillshot.yaml
