2025-10-30 13:45:11,306 : INFO : root : Loading config.
2025-10-30 13:45:11,310 : INFO : YamlMultifileConfigLoader : Machine config file #1: config.yaml
2025-10-30 13:45:11,311 : INFO : ConfigProcessor : Loading config from cache: C:\Users\White\AppData\Local\Temp\cfa6ecba65704a931c9dd214c44986c8.mpf_cache
2025-10-30 13:45:11,420 : INFO : ConfigProcessor : Loading config from cache: C:\Users\White\AppData\Local\Temp\f98ffc0ff5962effface7d86bc406d5c.mpf_cache
2025-10-30 13:45:11,421 : INFO : ConfigProcessor : Loading config from cache: C:\Users\White\AppData\Local\Temp\91cc4d1c993c58dc354e34974b9cfeac.mpf_cache
2025-10-30 13:45:11,423 : INFO : ConfigProcessor : Loading config from cache: C:\Users\White\AppData\Local\Temp\f98ffc0ff5962effface7d86bc406d5c.mpf_cache
2025-10-30 13:45:11,423 : INFO : ConfigProcessor : Loading config from cache: C:\Users\White\AppData\Local\Temp\76792f1d686f89709887dba7bd69667a.mpf_cache
2025-10-30 13:45:11,424 : INFO : ConfigProcessor : Loading config from cache: C:\Users\White\AppData\Local\Temp\142bbae4707335cc8e3efaa4364c4893.mpf_cache
2025-10-30 13:45:11,425 : WARNING : ConfigProcessor : Config file in cache changed: C:\Users\White\Documents\Top_Gun_Pinball\modes\goose_letters\config\goose_letters.yaml
2025-10-30 13:45:11,425 : INFO : ConfigProcessor : Loading config from file C:\Users\White\Documents\Top_Gun_Pinball\modes\goose_letters\config\goose_letters.yaml.
2025-10-30 13:45:11,448 : INFO : ConfigProcessor : Loading config: C:\Users\White\Documents\Top_Gun_Pinball\modes\goose_letters\config\goose_letters.yaml
2025-10-30 13:45:11,450 : INFO : ConfigProcessor : Config file cache created: C:\Users\White\AppData\Local\Temp\d586631024bd380382ddba1caafd4910.mpf_cache
2025-10-30 13:45:11,450 : INFO : ConfigProcessor : Loading config from cache: C:\Users\White\AppData\Local\Temp\d069db2c83fe896d88972cde9b686138.mpf_cache
2025-10-30 13:45:11,451 : INFO : ConfigProcessor : Loading config from cache: C:\Users\White\AppData\Local\Temp\0f5f0ac41d1a2672d0d32cef2b12699e.mpf_cache
2025-10-30 13:45:11,452 : INFO : ConfigProcessor : Loading config from cache: C:\Users\White\AppData\Local\Temp\3a419899266be7cd41a083be5a3a8ebb.mpf_cache
2025-10-30 13:45:11,454 : INFO : ConfigProcessor : Loading config from cache: C:\Users\White\AppData\Local\Temp\82e20c7c6490dd2e5fed726a3aa8d652.mpf_cache
2025-10-30 13:45:11,457 : INFO : ConfigProcessor : Loading config from cache: C:\Users\White\AppData\Local\Temp\359114d5ba2a6ad6c93d1559776bbb30.mpf_cache
2025-10-30 13:45:11,460 : INFO : ConfigProcessor : Loading config from cache: C:\Users\White\AppData\Local\Temp\f8c9a3739ec88c539117633fa55f5d20.mpf_cache
2025-10-30 13:45:11,462 : INFO : ConfigProcessor : Loading config from cache: C:\Users\White\AppData\Local\Temp\d421369d6df802e4e6f8aa58f446b1a6.mpf_cache
2025-10-30 13:45:11,462 : INFO : ConfigProcessor : Loading config from cache: C:\Users\White\AppData\Local\Temp\2151caa0419aeb1e56d3d8934477383e.mpf_cache
2025-10-30 13:45:11,467 : INFO : ConfigProcessor : Loading config from cache: C:\Users\White\AppData\Local\Temp\17003635873251b4f6841bf4ab3bdcdd.mpf_cache
2025-10-30 13:45:11,468 : INFO : ConfigProcessor : Loading config from cache: C:\Users\White\AppData\Local\Temp\c8ceed3d7c617b2f1fa85b3487b918c6.mpf_cache
2025-10-30 13:45:11,469 : INFO : ConfigProcessor : Loading config from cache: C:\Users\White\AppData\Local\Temp\f70c640a816343cb9040222d7a9269d3.mpf_cache
2025-10-30 13:45:11,473 : INFO : ConfigProcessor : Loading config from cache: C:\Users\White\AppData\Local\Temp\30922048be1d0c17ea15fc75f7fbfe10.mpf_cache
2025-10-30 13:45:11,476 : INFO : ConfigProcessor : Loading config from cache: C:\Users\White\AppData\Local\Temp\2e44e1a8157cd8d5be0e623de5bcf3cd.mpf_cache
2025-10-30 13:45:11,477 : INFO : ConfigProcessor : Loading config from cache: C:\Users\White\AppData\Local\Temp\58d7809d3d969de03aaf131fc45863f8.mpf_cache
2025-10-30 13:45:11,478 : INFO : ConfigProcessor : Loading config from cache: C:\Users\White\AppData\Local\Temp\a2ff6e5c252adf2ba75ad894f77f7ce6.mpf_cache
2025-10-30 13:45:11,479 : INFO : ConfigProcessor : Loading config from cache: C:\Users\White\AppData\Local\Temp\2ebcf623e49efab13a66f36a8282b4e9.mpf_cache
2025-10-30 13:45:11,481 : INFO : ConfigProcessor : Loading config from cache: C:\Users\White\AppData\Local\Temp\d380fa2863f93e197660f0281ffd272b.mpf_cache
2025-10-30 13:45:11,482 : INFO : ConfigProcessor : Loading config from cache: C:\Users\White\AppData\Local\Temp\88e41ae7dcea899a043a2f63da55a8b7.mpf_cache
2025-10-30 13:45:11,482 : INFO : Machine : Mission Pinball Framework Core Engine v0.80.0.dev9
2025-10-30 13:45:11,482 : INFO : Machine : Command line arguments: {'no_load_cache': False, 'create_config_cache': True, 'bcp': True, 'configfile': ['config.yaml'], 'force_assets_load': False, 'platform_integration_test': False, 'jsonlogging': False, 'logfile': 'logs\\2025-10-30-13-45-11-mpf-TopGunPinball.log', 'pause': False, 'production': False, 'text_ui': False, 'loglevel': 15, 'consoleloglevel': 20, 'force_platform': 'virtual', 'syslog_address': None, 'full_logfile_path': 'C:\\Users\\White\\Documents\\Top_Gun_Pinball\\logs\\2025-10-30-13-45-11-mpf-TopGunPinball.log'}
2025-10-30 13:45:11,482 : INFO : Machine : MPF path: C:\Users\White\mpf\Lib\site-packages\mpf
2025-10-30 13:45:11,482 : INFO : Machine : Machine path: C:\Users\White\Documents\Top_Gun_Pinball
2025-10-30 13:45:11,482 : INFO : Machine : Platform: win32
2025-10-30 13:45:11,482 : INFO : Machine : Python executable location: C:\Users\White\mpf\Scripts\python.exe
2025-10-30 13:45:11,482 : INFO : Machine : Python version: 3.12.7 (64-bit)
2025-10-30 13:45:11,484 : INFO : Machine : Initializing MPF...
2025-10-30 13:45:11,579 : INFO : EventManager : Event: ======'machine_var_credits_string'====== Args={'value': 'FREE PLAY', 'prev_value': None, 'change': True}
2025-10-30 13:45:11,604 : INFO : EventManager : Event: ======'machine_var_master_volume'====== Args={'value': 0.5, 'prev_value': None, 'change': True}
2025-10-30 13:45:11,604 : INFO : EventManager : Event: ======'machine_var_player1_score'====== Args={'value': 2229000, 'prev_value': None, 'change': True}
2025-10-30 13:45:11,604 : INFO : EventManager : Event: ======'machine_var_mpf_version'====== Args={'value': 'Mission Pinball Framework v0.80.0.dev9', 'prev_value': None, 'change': True}
2025-10-30 13:45:11,604 : INFO : EventManager : Event: ======'machine_var_mpf_extended_version'====== Args={'value': 'Mission Pinball Framework v0.80.0.dev9, Config version:6, Show version: 6, BCP version:1.1', 'prev_value': None, 'change': True}
2025-10-30 13:45:11,604 : INFO : EventManager : Event: ======'machine_var_python_version'====== Args={'value': '3.12.7', 'prev_value': None, 'change': True}
2025-10-30 13:45:11,750 : INFO : EventManager : Event: ======'machine_var_platform'====== Args={'value': 'Windows-11-10.0.26100-SP0', 'prev_value': None, 'change': True}
2025-10-30 13:45:11,750 : INFO : EventManager : Event: ======'machine_var_platform_system'====== Args={'value': 'Windows', 'prev_value': None, 'change': True}
2025-10-30 13:45:11,750 : INFO : EventManager : Event: ======'machine_var_platform_release'====== Args={'value': '11', 'prev_value': None, 'change': True}
2025-10-30 13:45:11,750 : INFO : EventManager : Event: ======'machine_var_platform_version'====== Args={'value': '10.0.26100', 'prev_value': None, 'change': True}
2025-10-30 13:45:11,751 : INFO : EventManager : Event: ======'machine_var_platform_machine'====== Args={'value': 'AMD64', 'prev_value': None, 'change': True}
2025-10-30 13:45:11,751 : INFO : EventManager : Event: ======'machine_var_log_file_path'====== Args={'value': 'C:\\Users\\White\\Documents\\Top_Gun_Pinball\\logs\\2025-10-30-13-45-11-mpf-TopGunPinball.log', 'prev_value': None, 'change': True}
2025-10-30 13:45:11,751 : INFO : EventManager : Event: ======'init_phase_1'====== Args={}
2025-10-30 13:45:11,796 : INFO : EventManager : Event: ======'init_phase_2'====== Args={}
2025-10-30 13:45:11,797 : INFO : SwitchController : Found active switch: ('playfield_board_lower-3208-0', <Platform.Virtual>) <switch.s_trough_1>
2025-10-30 13:45:11,797 : INFO : SwitchController : Found active switch: ('playfield_board_lower-3208-1', <Platform.Virtual>) <switch.s_trough_2>
2025-10-30 13:45:11,797 : INFO : SwitchController : Found active switch: ('playfield_board_lower-3208-2', <Platform.Virtual>) <switch.s_trough_3>
2025-10-30 13:45:11,797 : INFO : SwitchController : Found active switch: ('playfield_board_lower-3208-3', <Platform.Virtual>) <switch.s_trough_4>
2025-10-30 13:45:11,797 : INFO : SwitchController : Found active switch: ('playfield_board_lower-3208-4', <Platform.Virtual>) <switch.s_trough_5>
2025-10-30 13:45:11,797 : INFO : SwitchController : Found active switch: ('playfield_board_lower-3208-5', <Platform.Virtual>) <switch.s_trough_6>
2025-10-30 13:45:11,823 : INFO : EventManager : Event: ======'bcp_connection_attempt'====== Args={'name': 'local_display', 'host': 'localhost', 'port': 5050}
2025-10-30 13:45:11,825 : INFO : BCPClientSocket : Connecting BCP to 'local_display' at localhost:5050...
2025-10-30 13:45:11,836 : INFO : BCPClientSocket : Connected BCP to 'local_display' localhost:5050
2025-10-30 13:45:11,837 : INFO : EventManager : Event: ======'bcp_clients_connected'====== Args={}
2025-10-30 13:45:11,837 : INFO : ball_device.bd_plunger : BCH: Initial count: 0
2025-10-30 13:45:11,837 : INFO : ball_device.bd_plunger : State: idle
2025-10-30 13:45:11,838 : INFO : ball_device.bd_trough : BCH: Initial count: 6
2025-10-30 13:45:11,838 : INFO : ball_device.bd_trough : State: idle
2025-10-30 13:45:11,838 : INFO : ball_device.bd_lock_elevator : BCH: Initial count: 0
2025-10-30 13:45:11,839 : INFO : ball_device.bd_lock_elevator : State: idle
2025-10-30 13:45:11,839 : INFO : ball_device.bd_mode_scoop : BCH: Initial count: 0
2025-10-30 13:45:11,839 : INFO : ball_device.bd_mode_scoop : State: idle
2025-10-30 13:45:11,867 : INFO : EventManager : Event: ======'init_phase_3'====== Args={}
2025-10-30 13:45:13,067 : INFO : EventManager : Event: ======'init_phase_4'====== Args={}
2025-10-30 13:45:13,067 : INFO : BallController : Initial balls found: 6
2025-10-30 13:45:13,068 : INFO : EventManager : Event: ======'machine_var_audits_events_game_ended'====== Args={'value': 2, 'prev_value': None, 'change': True}
2025-10-30 13:45:13,068 : INFO : EventManager : Event: ======'machine_var_audits_events_game_started'====== Args={'value': 318, 'prev_value': None, 'change': True}
2025-10-30 13:45:13,069 : INFO : EventManager : Event: ======'machine_var_audits_missing_switches_s_a_iceman_target'====== Args={'value': 36, 'prev_value': None, 'change': True}
2025-10-30 13:45:13,069 : INFO : EventManager : Event: ======'machine_var_audits_missing_switches_s_barrier_target'====== Args={'value': 66, 'prev_value': None, 'change': True}
2025-10-30 13:45:13,069 : INFO : EventManager : Event: ======'machine_var_audits_missing_switches_s_bumper_center'====== Args={'value': 13, 'prev_value': None, 'change': True}
2025-10-30 13:45:13,069 : INFO : EventManager : Event: ======'machine_var_audits_missing_switches_s_bumper_left'====== Args={'value': 6, 'prev_value': None, 'change': True}
2025-10-30 13:45:13,069 : INFO : EventManager : Event: ======'machine_var_audits_missing_switches_s_bumper_right'====== Args={'value': 13, 'prev_value': None, 'change': True}
2025-10-30 13:45:13,069 : INFO : EventManager : Event: ======'machine_var_audits_missing_switches_s_c_iceman_target'====== Args={'value': 152, 'prev_value': None, 'change': True}
2025-10-30 13:45:13,069 : INFO : EventManager : Event: ======'machine_var_audits_missing_switches_s_c_lock_target'====== Args={'value': 78, 'prev_value': None, 'change': True}
2025-10-30 13:45:13,069 : INFO : EventManager : Event: ======'machine_var_audits_missing_switches_s_coin_door'====== Args={'value': 205, 'prev_value': None, 'change': True}
2025-10-30 13:45:13,069 : INFO : EventManager : Event: ======'machine_var_audits_missing_switches_s_coin_door_credit_left'====== Args={'value': 112, 'prev_value': None, 'change': True}
2025-10-30 13:45:13,069 : INFO : EventManager : Event: ======'machine_var_audits_missing_switches_s_coin_door_credit_right'====== Args={'value': 112, 'prev_value': None, 'change': True}
2025-10-30 13:45:13,069 : INFO : EventManager : Event: ======'machine_var_audits_missing_switches_s_coin_door_service_1'====== Args={'value': 205, 'prev_value': None, 'change': True}
2025-10-30 13:45:13,069 : INFO : EventManager : Event: ======'machine_var_audits_missing_switches_s_coin_door_service_2'====== Args={'value': 205, 'prev_value': None, 'change': True}
2025-10-30 13:45:13,069 : INFO : EventManager : Event: ======'machine_var_audits_missing_switches_s_coin_door_service_3'====== Args={'value': 205, 'prev_value': None, 'change': True}
2025-10-30 13:45:13,069 : INFO : EventManager : Event: ======'machine_var_audits_missing_switches_s_coin_door_service_4'====== Args={'value': 205, 'prev_value': None, 'change': True}
2025-10-30 13:45:13,069 : INFO : EventManager : Event: ======'machine_var_audits_missing_switches_s_e_iceman_target'====== Args={'value': 47, 'prev_value': None, 'change': True}
2025-10-30 13:45:13,069 : INFO : EventManager : Event: ======'machine_var_audits_missing_switches_s_flight_gear_target'====== Args={'value': 13, 'prev_value': None, 'change': True}
2025-10-30 13:45:13,069 : INFO : EventManager : Event: ======'machine_var_audits_missing_switches_s_flipper_left'====== Args={'value': 1, 'prev_value': None, 'change': True}
2025-10-30 13:45:13,069 : INFO : EventManager : Event: ======'machine_var_audits_missing_switches_s_flipper_left_eos'====== Args={'value': 265, 'prev_value': None, 'change': True}
2025-10-30 13:45:13,069 : INFO : EventManager : Event: ======'machine_var_audits_missing_switches_s_flipper_left_upper'====== Args={'value': 267, 'prev_value': None, 'change': True}
2025-10-30 13:45:13,069 : INFO : EventManager : Event: ======'machine_var_audits_missing_switches_s_flipper_left_upper_eos'====== Args={'value': 265, 'prev_value': None, 'change': True}
2025-10-30 13:45:13,069 : INFO : EventManager : Event: ======'machine_var_audits_missing_switches_s_flipper_right'====== Args={'value': 3, 'prev_value': None, 'change': True}
2025-10-30 13:45:13,069 : INFO : EventManager : Event: ======'machine_var_audits_missing_switches_s_flipper_right_eos'====== Args={'value': 265, 'prev_value': None, 'change': True}
2025-10-30 13:45:13,070 : INFO : EventManager : Event: ======'machine_var_audits_missing_switches_s_i_iceman_target'====== Args={'value': 64, 'prev_value': None, 'change': True}
2025-10-30 13:45:13,070 : INFO : EventManager : Event: ======'machine_var_audits_missing_switches_s_jam'====== Args={'value': 204, 'prev_value': None, 'change': True}
2025-10-30 13:45:13,070 : INFO : EventManager : Event: ======'machine_var_audits_missing_switches_s_k_lock_target'====== Args={'value': 202, 'prev_value': None, 'change': True}
2025-10-30 13:45:13,070 : INFO : EventManager : Event: ======'machine_var_audits_missing_switches_s_l_lock_target'====== Args={'value': 202, 'prev_value': None, 'change': True}
2025-10-30 13:45:13,070 : INFO : EventManager : Event: ======'machine_var_audits_missing_switches_s_lane_left'====== Args={'value': 13, 'prev_value': None, 'change': True}
2025-10-30 13:45:13,070 : INFO : EventManager : Event: ======'machine_var_audits_missing_switches_s_lane_right'====== Args={'value': 4, 'prev_value': None, 'change': True}
2025-10-30 13:45:13,070 : INFO : EventManager : Event: ======'machine_var_audits_missing_switches_s_lock_goose'====== Args={'value': 267, 'prev_value': None, 'change': True}
2025-10-30 13:45:13,070 : INFO : EventManager : Event: ======'machine_var_audits_missing_switches_s_lock_mav'====== Args={'value': 267, 'prev_value': None, 'change': True}
2025-10-30 13:45:13,070 : INFO : EventManager : Event: ======'machine_var_audits_missing_switches_s_lock_plunger'====== Args={'value': 101, 'prev_value': None, 'change': True}
2025-10-30 13:45:13,070 : INFO : EventManager : Event: ======'machine_var_audits_missing_switches_s_m_iceman_target'====== Args={'value': 18, 'prev_value': None, 'change': True}
2025-10-30 13:45:13,070 : INFO : EventManager : Event: ======'machine_var_audits_missing_switches_s_mig_lane_left'====== Args={'value': 20, 'prev_value': None, 'change': True}
2025-10-30 13:45:13,070 : INFO : EventManager : Event: ======'machine_var_audits_missing_switches_s_mig_lane_right'====== Args={'value': 102, 'prev_value': None, 'change': True}
2025-10-30 13:45:13,070 : INFO : EventManager : Event: ======'machine_var_audits_missing_switches_s_mode_start'====== Args={'value': 267, 'prev_value': None, 'change': True}
2025-10-30 13:45:13,070 : INFO : EventManager : Event: ======'machine_var_audits_missing_switches_s_o_lock_target'====== Args={'value': 202, 'prev_value': None, 'change': True}
2025-10-30 13:45:13,070 : INFO : EventManager : Event: ======'machine_var_audits_missing_switches_s_orbit_left'====== Args={'value': 13, 'prev_value': None, 'change': True}
2025-10-30 13:45:13,070 : INFO : EventManager : Event: ======'machine_var_audits_missing_switches_s_orbit_lower'====== Args={'value': 102, 'prev_value': None, 'change': True}
2025-10-30 13:45:13,070 : INFO : EventManager : Event: ======'machine_var_audits_missing_switches_s_orbit_right'====== Args={'value': 102, 'prev_value': None, 'change': True}
2025-10-30 13:45:13,070 : INFO : EventManager : Event: ======'machine_var_audits_missing_switches_s_orbit_upper'====== Args={'value': 59, 'prev_value': None, 'change': True}
2025-10-30 13:45:13,070 : INFO : EventManager : Event: ======'machine_var_audits_missing_switches_s_plunger_lane'====== Args={'value': 10, 'prev_value': None, 'change': True}
2025-10-30 13:45:13,070 : INFO : EventManager : Event: ======'machine_var_audits_missing_switches_s_ramp_inner_exit'====== Args={'value': 13, 'prev_value': None, 'change': True}
2025-10-30 13:45:13,070 : INFO : EventManager : Event: ======'machine_var_audits_missing_switches_s_ramp_left_exit'====== Args={'value': 267, 'prev_value': None, 'change': True}
2025-10-30 13:45:13,070 : INFO : EventManager : Event: ======'machine_var_audits_missing_switches_s_ramp_right_exit'====== Args={'value': 59, 'prev_value': None, 'change': True}
2025-10-30 13:45:13,070 : INFO : EventManager : Event: ======'machine_var_audits_missing_switches_s_ramp_tower_exit'====== Args={'value': 59, 'prev_value': None, 'change': True}
2025-10-30 13:45:13,070 : INFO : EventManager : Event: ======'machine_var_audits_missing_switches_s_slingshot_left'====== Args={'value': 202, 'prev_value': None, 'change': True}
2025-10-30 13:45:13,071 : INFO : EventManager : Event: ======'machine_var_audits_missing_switches_s_slingshot_right'====== Args={'value': 202, 'prev_value': None, 'change': True}
2025-10-30 13:45:13,071 : INFO : EventManager : Event: ======'machine_var_audits_missing_switches_s_spinner'====== Args={'value': 13, 'prev_value': None, 'change': True}
2025-10-30 13:45:13,071 : INFO : EventManager : Event: ======'machine_var_audits_missing_switches_s_start'====== Args={'value': 2, 'prev_value': None, 'change': True}
2025-10-30 13:45:13,071 : INFO : EventManager : Event: ======'machine_var_audits_missing_switches_s_tilt'====== Args={'value': 205, 'prev_value': None, 'change': True}
2025-10-30 13:45:13,071 : INFO : EventManager : Event: ======'machine_var_audits_missing_switches_s_trough_1'====== Args={'value': 243, 'prev_value': None, 'change': True}
2025-10-30 13:45:13,071 : INFO : EventManager : Event: ======'machine_var_audits_missing_switches_s_trough_2'====== Args={'value': 243, 'prev_value': None, 'change': True}
2025-10-30 13:45:13,071 : INFO : EventManager : Event: ======'machine_var_audits_missing_switches_s_trough_3'====== Args={'value': 243, 'prev_value': None, 'change': True}
2025-10-30 13:45:13,071 : INFO : EventManager : Event: ======'machine_var_audits_missing_switches_s_trough_4'====== Args={'value': 318, 'prev_value': None, 'change': True}
2025-10-30 13:45:13,071 : INFO : EventManager : Event: ======'machine_var_audits_missing_switches_s_trough_5'====== Args={'value': 318, 'prev_value': None, 'change': True}
2025-10-30 13:45:13,071 : INFO : EventManager : Event: ======'machine_var_audits_missing_switches_s_trough_6'====== Args={'value': 34, 'prev_value': None, 'change': True}
2025-10-30 13:45:13,071 : INFO : EventManager : Event: ======'machine_var_audits_player_score'====== Args={'value': {'average': 787666, 'top': [2229000, 73000, 61000], 'total': 3}, 'prev_value': None, 'change': True}
2025-10-30 13:45:13,071 : INFO : EventManager : Event: ======'machine_var_audits_shots_bumper_center'====== Args={'value': 508, 'prev_value': None, 'change': True}
2025-10-30 13:45:13,071 : INFO : EventManager : Event: ======'machine_var_audits_shots_bumper_left'====== Args={'value': 619, 'prev_value': None, 'change': True}
2025-10-30 13:45:13,071 : INFO : EventManager : Event: ======'machine_var_audits_shots_bumper_right'====== Args={'value': 370, 'prev_value': None, 'change': True}
2025-10-30 13:45:13,071 : INFO : EventManager : Event: ======'machine_var_audits_shots_mach_ramp'====== Args={'value': 340, 'prev_value': None, 'change': True}
2025-10-30 13:45:13,071 : INFO : EventManager : Event: ======'machine_var_audits_shots_mig_lane_left'====== Args={'value': 94, 'prev_value': None, 'change': True}
2025-10-30 13:45:13,071 : INFO : EventManager : Event: ======'machine_var_audits_shots_mig_lane_right'====== Args={'value': 13, 'prev_value': None, 'change': True}
2025-10-30 13:45:13,071 : INFO : EventManager : Event: ======'machine_var_audits_shots_orbit_upper'====== Args={'value': 13, 'prev_value': None, 'change': True}
2025-10-30 13:45:13,071 : INFO : EventManager : Event: ======'machine_var_audits_shots_ramp_inner'====== Args={'value': 42, 'prev_value': None, 'change': True}
2025-10-30 13:45:13,071 : INFO : EventManager : Event: ======'machine_var_audits_shots_spinner'====== Args={'value': 5, 'prev_value': None, 'change': True}
2025-10-30 13:45:13,071 : INFO : EventManager : Event: ======'machine_var_audits_switches_s_a_iceman_target'====== Args={'value': 28, 'prev_value': None, 'change': True}
2025-10-30 13:45:13,071 : INFO : EventManager : Event: ======'machine_var_audits_switches_s_barrier_target'====== Args={'value': 8, 'prev_value': None, 'change': True}
2025-10-30 13:45:13,071 : INFO : EventManager : Event: ======'machine_var_audits_switches_s_bumper_center'====== Args={'value': 528, 'prev_value': None, 'change': True}
2025-10-30 13:45:13,071 : INFO : EventManager : Event: ======'machine_var_audits_switches_s_bumper_left'====== Args={'value': 650, 'prev_value': None, 'change': True}
2025-10-30 13:45:13,072 : INFO : EventManager : Event: ======'machine_var_audits_switches_s_bumper_right'====== Args={'value': 376, 'prev_value': None, 'change': True}
2025-10-30 13:45:13,072 : INFO : EventManager : Event: ======'machine_var_audits_switches_s_c_iceman_target'====== Args={'value': 41, 'prev_value': None, 'change': True}
2025-10-30 13:45:13,072 : INFO : EventManager : Event: ======'machine_var_audits_switches_s_c_lock_target'====== Args={'value': 5, 'prev_value': None, 'change': True}
2025-10-30 13:45:13,072 : INFO : EventManager : Event: ======'machine_var_audits_switches_s_coin_door'====== Args={'value': 0, 'prev_value': None, 'change': True}
2025-10-30 13:45:13,072 : INFO : EventManager : Event: ======'machine_var_audits_switches_s_coin_door_credit_left'====== Args={'value': 0, 'prev_value': None, 'change': True}
2025-10-30 13:45:13,072 : INFO : EventManager : Event: ======'machine_var_audits_switches_s_coin_door_credit_right'====== Args={'value': 0, 'prev_value': None, 'change': True}
2025-10-30 13:45:13,072 : INFO : EventManager : Event: ======'machine_var_audits_switches_s_coin_door_service_1'====== Args={'value': 0, 'prev_value': None, 'change': True}
2025-10-30 13:45:13,072 : INFO : EventManager : Event: ======'machine_var_audits_switches_s_coin_door_service_2'====== Args={'value': 0, 'prev_value': None, 'change': True}
2025-10-30 13:45:13,072 : INFO : EventManager : Event: ======'machine_var_audits_switches_s_coin_door_service_3'====== Args={'value': 0, 'prev_value': None, 'change': True}
2025-10-30 13:45:13,072 : INFO : EventManager : Event: ======'machine_var_audits_switches_s_coin_door_service_4'====== Args={'value': 0, 'prev_value': None, 'change': True}
2025-10-30 13:45:13,072 : INFO : EventManager : Event: ======'machine_var_audits_switches_s_e_iceman_target'====== Args={'value': 59, 'prev_value': None, 'change': True}
2025-10-30 13:45:13,072 : INFO : EventManager : Event: ======'machine_var_audits_switches_s_flight_gear_target'====== Args={'value': 57, 'prev_value': None, 'change': True}
2025-10-30 13:45:13,072 : INFO : EventManager : Event: ======'machine_var_audits_switches_s_flipper_left'====== Args={'value': 40, 'prev_value': None, 'change': True}
2025-10-30 13:45:13,072 : INFO : EventManager : Event: ======'machine_var_audits_switches_s_flipper_left_eos'====== Args={'value': 0, 'prev_value': None, 'change': True}
2025-10-30 13:45:13,072 : INFO : EventManager : Event: ======'machine_var_audits_switches_s_flipper_left_upper'====== Args={'value': 0, 'prev_value': None, 'change': True}
2025-10-30 13:45:13,072 : INFO : EventManager : Event: ======'machine_var_audits_switches_s_flipper_left_upper_eos'====== Args={'value': 0, 'prev_value': None, 'change': True}
2025-10-30 13:45:13,072 : INFO : EventManager : Event: ======'machine_var_audits_switches_s_flipper_right'====== Args={'value': 59, 'prev_value': None, 'change': True}
2025-10-30 13:45:13,072 : INFO : EventManager : Event: ======'machine_var_audits_switches_s_flipper_right_eos'====== Args={'value': 0, 'prev_value': None, 'change': True}
2025-10-30 13:45:13,072 : INFO : EventManager : Event: ======'machine_var_audits_switches_s_i_iceman_target'====== Args={'value': 10, 'prev_value': None, 'change': True}
2025-10-30 13:45:13,072 : INFO : EventManager : Event: ======'machine_var_audits_switches_s_inlane_left'====== Args={'value': 69, 'prev_value': None, 'change': True}
2025-10-30 13:45:13,072 : INFO : EventManager : Event: ======'machine_var_audits_switches_s_inner_inlane_right'====== Args={'value': 35, 'prev_value': None, 'change': True}
2025-10-30 13:45:13,072 : INFO : EventManager : Event: ======'machine_var_audits_switches_s_jam'====== Args={'value': 1, 'prev_value': None, 'change': True}
2025-10-30 13:45:13,072 : INFO : EventManager : Event: ======'machine_var_audits_switches_s_k_lock_target'====== Args={'value': 5, 'prev_value': None, 'change': True}
2025-10-30 13:45:13,073 : INFO : EventManager : Event: ======'machine_var_audits_switches_s_l_lock_target'====== Args={'value': 5, 'prev_value': None, 'change': True}
2025-10-30 13:45:13,073 : INFO : EventManager : Event: ======'machine_var_audits_switches_s_lane_left'====== Args={'value': 255, 'prev_value': None, 'change': True}
2025-10-30 13:45:13,073 : INFO : EventManager : Event: ======'machine_var_audits_switches_s_lane_right'====== Args={'value': 196, 'prev_value': None, 'change': True}
2025-10-30 13:45:13,073 : INFO : EventManager : Event: ======'machine_var_audits_switches_s_lock_goose'====== Args={'value': 0, 'prev_value': None, 'change': True}
2025-10-30 13:45:13,073 : INFO : EventManager : Event: ======'machine_var_audits_switches_s_lock_mav'====== Args={'value': 0, 'prev_value': None, 'change': True}
2025-10-30 13:45:13,073 : INFO : EventManager : Event: ======'machine_var_audits_switches_s_lock_plunger'====== Args={'value': 3, 'prev_value': None, 'change': True}
2025-10-30 13:45:13,073 : INFO : EventManager : Event: ======'machine_var_audits_switches_s_m_iceman_target'====== Args={'value': 33, 'prev_value': None, 'change': True}
2025-10-30 13:45:13,073 : INFO : EventManager : Event: ======'machine_var_audits_switches_s_mig_lane_left'====== Args={'value': 125, 'prev_value': None, 'change': True}
2025-10-30 13:45:13,073 : INFO : EventManager : Event: ======'machine_var_audits_switches_s_mig_lane_right'====== Args={'value': 16, 'prev_value': None, 'change': True}
2025-10-30 13:45:13,073 : INFO : EventManager : Event: ======'machine_var_audits_switches_s_mode_start'====== Args={'value': 0, 'prev_value': None, 'change': True}
2025-10-30 13:45:13,073 : INFO : EventManager : Event: ======'machine_var_audits_switches_s_n_iceman_target'====== Args={'value': 95, 'prev_value': None, 'change': True}
2025-10-30 13:45:13,073 : INFO : EventManager : Event: ======'machine_var_audits_switches_s_o_lock_target'====== Args={'value': 5, 'prev_value': None, 'change': True}
2025-10-30 13:45:13,073 : INFO : EventManager : Event: ======'machine_var_audits_switches_s_orbit_left'====== Args={'value': 59, 'prev_value': None, 'change': True}
2025-10-30 13:45:13,073 : INFO : EventManager : Event: ======'machine_var_audits_switches_s_orbit_lower'====== Args={'value': 2, 'prev_value': None, 'change': True}
2025-10-30 13:45:13,073 : INFO : EventManager : Event: ======'machine_var_audits_switches_s_orbit_right'====== Args={'value': 15, 'prev_value': None, 'change': True}
2025-10-30 13:45:13,073 : INFO : EventManager : Event: ======'machine_var_audits_switches_s_orbit_upper'====== Args={'value': 17, 'prev_value': None, 'change': True}
2025-10-30 13:45:13,073 : INFO : EventManager : Event: ======'machine_var_audits_switches_s_outer_inlane_right'====== Args={'value': 20, 'prev_value': None, 'change': True}
2025-10-30 13:45:13,073 : INFO : EventManager : Event: ======'machine_var_audits_switches_s_outlane_left'====== Args={'value': 19, 'prev_value': None, 'change': True}
2025-10-30 13:45:13,073 : INFO : EventManager : Event: ======'machine_var_audits_switches_s_outlane_right'====== Args={'value': 25, 'prev_value': None, 'change': True}
2025-10-30 13:45:13,073 : INFO : EventManager : Event: ======'machine_var_audits_switches_s_plunger_lane'====== Args={'value': 46, 'prev_value': None, 'change': True}
2025-10-30 13:45:13,073 : INFO : EventManager : Event: ======'machine_var_audits_switches_s_ramp_inner_exit'====== Args={'value': 386, 'prev_value': None, 'change': True}
2025-10-30 13:45:13,073 : INFO : EventManager : Event: ======'machine_var_audits_switches_s_ramp_left_exit'====== Args={'value': 0, 'prev_value': None, 'change': True}
2025-10-30 13:45:13,073 : INFO : EventManager : Event: ======'machine_var_audits_switches_s_ramp_right_exit'====== Args={'value': 7, 'prev_value': None, 'change': True}
2025-10-30 13:45:13,073 : INFO : EventManager : Event: ======'machine_var_audits_switches_s_ramp_tower_exit'====== Args={'value': 6, 'prev_value': None, 'change': True}
2025-10-30 13:45:13,073 : INFO : EventManager : Event: ======'machine_var_audits_switches_s_shooter_lane'====== Args={'value': 272, 'prev_value': None, 'change': True}
2025-10-30 13:45:13,075 : INFO : EventManager : Event: ======'machine_var_audits_switches_s_slingshot_left'====== Args={'value': 8, 'prev_value': None, 'change': True}
2025-10-30 13:45:13,075 : INFO : EventManager : Event: ======'machine_var_audits_switches_s_slingshot_right'====== Args={'value': 7, 'prev_value': None, 'change': True}
2025-10-30 13:45:13,075 : INFO : EventManager : Event: ======'machine_var_audits_switches_s_spinner'====== Args={'value': 116, 'prev_value': None, 'change': True}
2025-10-30 13:45:13,075 : INFO : EventManager : Event: ======'machine_var_audits_switches_s_start'====== Args={'value': 164, 'prev_value': None, 'change': True}
2025-10-30 13:45:13,075 : INFO : EventManager : Event: ======'machine_var_audits_switches_s_tilt'====== Args={'value': 0, 'prev_value': None, 'change': True}
2025-10-30 13:45:13,075 : INFO : EventManager : Event: ======'machine_var_audits_switches_s_trough_1'====== Args={'value': 2, 'prev_value': None, 'change': True}
2025-10-30 13:45:13,075 : INFO : EventManager : Event: ======'machine_var_audits_switches_s_trough_2'====== Args={'value': 1, 'prev_value': None, 'change': True}
2025-10-30 13:45:13,075 : INFO : EventManager : Event: ======'machine_var_audits_switches_s_trough_3'====== Args={'value': 1, 'prev_value': None, 'change': True}
2025-10-30 13:45:13,075 : INFO : EventManager : Event: ======'machine_var_audits_switches_s_trough_4'====== Args={'value': 0, 'prev_value': None, 'change': True}
2025-10-30 13:45:13,075 : INFO : EventManager : Event: ======'machine_var_audits_switches_s_trough_5'====== Args={'value': 0, 'prev_value': None, 'change': True}
2025-10-30 13:45:13,075 : INFO : EventManager : Event: ======'machine_var_audits_switches_s_trough_6'====== Args={'value': 166, 'prev_value': None, 'change': True}
2025-10-30 13:45:13,075 : INFO : EventManager : Event: ======'init_phase_5'====== Args={}
2025-10-30 13:45:13,075 : INFO : EventManager : Event: ======'init_done'====== Args={}
2025-10-30 13:45:13,075 : INFO : EventManager : Event: ======'machine_reset_phase_1'====== Args={}
2025-10-30 13:45:13,084 : INFO : EventManager : Event: ======'machine_reset_phase_2'====== Args={}
2025-10-30 13:45:13,084 : INFO : EventManager : Event: ======'machine_reset_phase_3'====== Args={}
2025-10-30 13:45:13,084 : INFO : EventManager : Event: ======'reset_complete'====== Args={}
2025-10-30 13:45:13,084 : INFO : EventManager : Event: ======'mode_attract_will_start'====== Args={}
2025-10-30 13:45:13,084 : INFO : Timer.attract_carousel_timer : Starting Timer.
2025-10-30 13:45:13,084 : INFO : EventManager : Event: ======'timer_attract_carousel_timer_started'====== Args={'ticks': 0, 'ticks_remaining': 1}
2025-10-30 13:45:13,084 : INFO : EventManager : Event: ======'timer_attract_carousel_timer_tick'====== Args={'ticks': 0, 'ticks_remaining': 1}
2025-10-30 13:45:13,085 : INFO : EventManager : Event: ======'mode_attract_starting'====== Args={}
2025-10-30 13:45:13,085 : INFO : Mode.attract : Started. Priority: 10
2025-10-30 13:45:13,085 : INFO : EventManager : Event: ======'modes_active_modes_changed'====== Args={}
2025-10-30 13:45:13,086 : INFO : EventManager : Event: ======'mode_attract_started'====== Args={}
2025-10-30 13:45:13,086 : INFO : EventManager : Event: ======'attract_cycle_step1'====== Args={'priority': 0}
2025-10-30 13:45:13,086 : INFO : EventManager : Event: ======'collecting_balls_complete'====== Args={}
2025-10-30 13:45:13,086 : INFO : EventManager : Event: ======'item_highlighted'====== Args={'carousel': 'attract', 'direction': None, 'item': 'title'}
2025-10-30 13:45:13,086 : INFO : EventManager : Event: ======'timer_attract_carousel_timer_tick'====== Args={'ticks': 0, 'ticks_remaining': 1}
2025-10-30 13:45:13,086 : INFO : Machine : Starting the main run loop with active modes: [<Mode.attract>]
2025-10-30 13:45:13,170 : INFO : BcpServer : New client connected.
2025-10-30 13:45:13,322 : INFO : EventManager : Event: ======'slide_attract_created'====== Args={'_from_bcp': True}
2025-10-30 13:45:13,322 : INFO : EventManager : Event: ======'slide__removed'====== Args={'_from_bcp': True}
2025-10-30 13:45:13,326 : INFO : EventManager : Event: ======'slide_attract_active'====== Args={'original_context': 'attract', 'original_calling_context': 'mode_attract_started', 'priority': 10.0, 'cmd': 'slides_play', '_from_bcp': True}
2025-10-30 13:45:18,921 : INFO : SwitchController : <<<<<<< 's_start' active >>>>>>>
2025-10-30 13:45:19,048 : INFO : SwitchController : <<<<<<< 's_start' inactive >>>>>>>
2025-10-30 13:45:19,048 : INFO : EventManager : Event: ======'request_to_start_game'====== Args={}
2025-10-30 13:45:19,052 : INFO : EventManager : Event: ======'game_start'====== Args={'buttons': [], 'hold_time': 0.14099999982863665}
2025-10-30 13:45:19,052 : INFO : EventManager : Event: ======'mode_game_will_start'====== Args={'buttons': [], 'hold_time': 0.14099999982863665}
2025-10-30 13:45:19,052 : INFO : EventManager : Event: ======'mode_game_starting'====== Args={'buttons': [], 'hold_time': 0.14099999982863665}
2025-10-30 13:45:19,052 : INFO : EventManager : Event: ======'mode_attract_will_stop'====== Args={}
2025-10-30 13:45:19,052 : INFO : EventManager : Event: ======'mode_attract_stopping'====== Args={}
2025-10-30 13:45:19,053 : INFO : Mode.game : Started. Priority: 20
2025-10-30 13:45:19,053 : INFO : EventManager : Event: ======'modes_active_modes_changed'====== Args={}
2025-10-30 13:45:19,053 : INFO : EventManager : Event: ======'mode_game_started'====== Args={'buttons': [], 'hold_time': 0.14099999982863665}
2025-10-30 13:45:19,054 : INFO : Mode.attract : Stopped.
2025-10-30 13:45:19,054 : INFO : EventManager : Event: ======'modes_active_modes_changed'====== Args={}
2025-10-30 13:45:19,054 : INFO : EventManager : Event: ======'mode_attract_stopped'====== Args={}
2025-10-30 13:45:19,054 : INFO : EventManager : Event: ======'clear'====== Args={'key': 'attract'}
2025-10-30 13:45:19,054 : INFO : Timer.attract_carousel_timer : Stopping Timer
2025-10-30 13:45:19,054 : INFO : EventManager : Event: ======'timer_attract_carousel_timer_stopped'====== Args={'ticks': 0, 'ticks_remaining': 1}
2025-10-30 13:45:19,054 : INFO : EventManager : Event: ======'game_will_start'====== Args={}
2025-10-30 13:45:19,056 : INFO : EventManager : Event: ======'game_starting'====== Args={'game': <Mode.game>}
2025-10-30 13:45:19,056 : INFO : EventManager : Unordered handler for class <Auditor> on event game_ended with priority 1. Handlers: [RegisteredHandler(callback=<bound method Auditor.disable of <Auditor>>, priority=1, kwargs={}, key=UUID('f751b624-2c58-4dcc-bb71-1179280ac6ec'), condition=None, blocking_facility=None), RegisteredHandler(callback=<bound method Auditor._save_audits of <Auditor>>, priority=1, kwargs={}, key=UUID('ddc1a13b-4f37-4f12-9cda-668ba0de406d'), condition=None, blocking_facility=None)]. The order of those handlers is not defined and they will be executed in random order. This might lead to race conditions and potential bugs.
2025-10-30 13:45:19,056 : INFO : EventManager : Event: ======'player_add_request'====== Args={}
2025-10-30 13:45:19,057 : INFO : EventManager : Event: ======'player_will_add'====== Args={'number': 1}
2025-10-30 13:45:19,057 : INFO : EventManager : Event: ======'player_adding'====== Args={'player': <Player 1>, 'number': 1}
2025-10-30 13:45:19,057 : INFO : EventManager : Event: ======'player_added'====== Args={'player': <Player 1>, 'num': 1}
2025-10-30 13:45:19,057 : INFO : Mode.game : Player added successfully. Total players: 1
2025-10-30 13:45:19,057 : INFO : EventManager : Event: ======'player_index'====== Args={'value': 0, 'prev_value': 0, 'change': 0, 'player_num': 1}
2025-10-30 13:45:19,058 : INFO : EventManager : Event: ======'player_number'====== Args={'value': 1, 'prev_value': 1, 'change': 0, 'player_num': 1}
2025-10-30 13:45:19,058 : INFO : EventManager : Event: ======'player_mach_level'====== Args={'value': 1.0, 'prev_value': 1.0, 'change': 0, 'player_num': 1}
2025-10-30 13:45:19,058 : INFO : EventManager : Event: ======'player_mach_step'====== Args={'value': 0, 'prev_value': 0, 'change': 0, 'player_num': 1}
2025-10-30 13:45:19,058 : INFO : EventManager : Event: ======'player_score'====== Args={'value': 0, 'prev_value': 0, 'change': 0, 'player_num': 1}
2025-10-30 13:45:19,058 : INFO : EventManager : Event: ======'game_started'====== Args={}
2025-10-30 13:45:19,059 : INFO : EventManager : Event: ======'player_turn_will_start'====== Args={'player': <Player 1>, 'number': 1}
2025-10-30 13:45:19,060 : INFO : EventManager : Event: ======'player_turn_starting'====== Args={'player': <Player 1>, 'number': 1}
2025-10-30 13:45:19,060 : INFO : EventManager : Event: ======'player_ball'====== Args={'value': 1, 'prev_value': 0, 'change': 1, 'player_num': 1}
2025-10-30 13:45:19,068 : INFO : EventManager : Event: ======'player_turn_started'====== Args={'player': <Player 1>, 'number': 1}
2025-10-30 13:45:19,069 : INFO : EventManager : Event: ======'ui_player_1_up'====== Args={'priority': 0}
2025-10-30 13:45:19,070 : INFO : EventManager : Event: ======'ball_will_start'====== Args={'player': 1, 'ball': 1, 'balls_remaining': 2, 'is_extra_ball': False}
2025-10-30 13:45:19,073 : INFO : EventManager : Event: ======'ball_starting'====== Args={'player': 1, 'ball': 1, 'balls_remaining': 2, 'is_extra_ball': False}
2025-10-30 13:45:19,074 : INFO : EventManager : Event: ======'mode_base_will_start'====== Args={'queue': <QueuedEvent>, 'player': 1, 'ball': 1, 'balls_remaining': 2, 'is_extra_ball': False}
2025-10-30 13:45:19,075 : INFO : EventManager : Event: ======'mode_base_starting'====== Args={'queue': <QueuedEvent>, 'player': 1, 'ball': 1, 'balls_remaining': 2, 'is_extra_ball': False}
2025-10-30 13:45:19,075 : INFO : Mode.base : Started. Priority: 100
2025-10-30 13:45:19,075 : INFO : EventManager : Event: ======'modes_active_modes_changed'====== Args={}
2025-10-30 13:45:19,075 : INFO : EventManager : Event: ======'mode_base_started'====== Args={'queue': <QueuedEvent>, 'player': 1, 'ball': 1, 'balls_remaining': 2, 'is_extra_ball': False}
2025-10-30 13:45:19,075 : INFO : EventManager : Event: ======'mode_mach_scoring_will_start'====== Args={'queue': <QueuedEvent>, 'player': 1, 'ball': 1, 'balls_remaining': 2, 'is_extra_ball': False}
2025-10-30 13:45:19,076 : INFO : EventManager : Event: ======'player_shot_mach_ramp_enabled'====== Args={'value': True, 'prev_value': 0, 'change': 1, 'player_num': 1}
2025-10-30 13:45:19,076 : INFO : EventManager : Event: ======'player_mach_scoring_mach_qualify_timer_tick'====== Args={'value': 10, 'prev_value': 0, 'change': 10, 'player_num': 1}
2025-10-30 13:45:19,076 : INFO : EventManager : Event: ======'player_mach_scoring_mach_timer_tick'====== Args={'value': 20, 'prev_value': 0, 'change': 20, 'player_num': 1}
2025-10-30 13:45:19,082 : INFO : EventManager : Event: ======'mode_mach_scoring_starting'====== Args={'queue': <QueuedEvent>, 'player': 1, 'ball': 1, 'balls_remaining': 2, 'is_extra_ball': False}
2025-10-30 13:45:19,082 : INFO : EventManager : Event: ======'mode_goose_letters_will_start'====== Args={'queue': <QueuedEvent>, 'player': 1, 'ball': 1, 'balls_remaining': 2, 'is_extra_ball': False}
2025-10-30 13:45:19,082 : INFO : EventManager : Event: ======'player_goose_letters_goose_reset_tick'====== Args={'value': 0, 'prev_value': 0, 'change': 0, 'player_num': 1}
2025-10-30 13:45:19,086 : INFO : EventManager : Event: ======'mode_goose_letters_starting'====== Args={'queue': <QueuedEvent>, 'player': 1, 'ball': 1, 'balls_remaining': 2, 'is_extra_ball': False}
2025-10-30 13:45:19,086 : INFO : EventManager : Event: ======'mode_pilot_mission_qualifier_will_start'====== Args={'queue': <QueuedEvent>, 'player': 1, 'ball': 1, 'balls_remaining': 2, 'is_extra_ball': False}
2025-10-30 13:45:19,124 : INFO : EventManager : Event: ======'mode_pilot_mission_qualifier_starting'====== Args={'queue': <QueuedEvent>, 'player': 1, 'ball': 1, 'balls_remaining': 2, 'is_extra_ball': False}
2025-10-30 13:45:19,124 : INFO : EventManager : Event: ======'start_mode_bumpers'====== Args={'priority': 0}
2025-10-30 13:45:19,124 : INFO : EventManager : Event: ======'mode_bumpers_will_start'====== Args={'priority': 0}
2025-10-30 13:45:19,124 : INFO : EventManager : Event: ======'player_shot_bumper_left_enabled'====== Args={'value': True, 'prev_value': 0, 'change': 1, 'player_num': 1}
2025-10-30 13:45:19,126 : INFO : EventManager : Event: ======'player_shot_bumper_center_enabled'====== Args={'value': True, 'prev_value': 0, 'change': 1, 'player_num': 1}
2025-10-30 13:45:19,126 : INFO : EventManager : Event: ======'player_shot_bumper_right_enabled'====== Args={'value': True, 'prev_value': 0, 'change': 1, 'player_num': 1}
2025-10-30 13:45:19,126 : INFO : EventManager : Event: ======'bumpers_complete'====== Args={'state': 'unlit'}
2025-10-30 13:45:19,126 : INFO : EventManager : Event: ======'bumpers_unlit_complete'====== Args={}
2025-10-30 13:45:19,127 : INFO : EventManager : Event: ======'mode_bumpers_starting'====== Args={'priority': 0}
2025-10-30 13:45:19,127 : INFO : Mode.bumpers : Started. Priority: 200
2025-10-30 13:45:19,127 : INFO : EventManager : Event: ======'modes_active_modes_changed'====== Args={}
2025-10-30 13:45:19,127 : INFO : EventManager : Event: ======'mode_bumpers_started'====== Args={'priority': 0}
2025-10-30 13:45:19,127 : INFO : Mode.pilot_mission_qualifier : Started. Priority: 200
2025-10-30 13:45:19,127 : INFO : EventManager : Event: ======'modes_active_modes_changed'====== Args={}
2025-10-30 13:45:19,128 : INFO : EventManager : Event: ======'mode_pilot_mission_qualifier_started'====== Args={'queue': <QueuedEvent>, 'player': 1, 'ball': 1, 'balls_remaining': 2, 'is_extra_ball': False}
2025-10-30 13:45:19,128 : INFO : Mode.goose_letters : Started. Priority: 210
2025-10-30 13:45:19,128 : INFO : EventManager : Event: ======'modes_active_modes_changed'====== Args={}
2025-10-30 13:45:19,129 : INFO : EventManager : Event: ======'mode_goose_letters_started'====== Args={'queue': <QueuedEvent>, 'player': 1, 'ball': 1, 'balls_remaining': 2, 'is_extra_ball': False}
2025-10-30 13:45:19,129 : INFO : Mode.mach_scoring : Started. Priority: 500
2025-10-30 13:45:19,129 : INFO : EventManager : Event: ======'modes_active_modes_changed'====== Args={}
2025-10-30 13:45:19,129 : INFO : EventManager : Event: ======'mode_mach_scoring_started'====== Args={'queue': <QueuedEvent>, 'player': 1, 'ball': 1, 'balls_remaining': 2, 'is_extra_ball': False}
2025-10-30 13:45:19,130 : INFO : EventManager : Event: ======'balls_in_play'====== Args={'balls': 1}
2025-10-30 13:45:19,130 : INFO : EventManager : Event: ======'ball_started'====== Args={'player': 1, 'ball': 1, 'balls_remaining': 2, 'is_extra_ball': False}
2025-10-30 13:45:19,131 : INFO : EventManager : Event: ======'single_player_ball_started'====== Args={}
2025-10-30 13:45:19,132 : INFO : EventManager : Event: ======'ball_start_target'====== Args={'target': 'playfield'}
2025-10-30 13:45:19,133 : INFO : ball_device.bd_plunger : Setting up player-controlled eject. Balls: 1, Target: <playfield.playfield>, player_controlled_eject_event: None
2025-10-30 13:45:19,133 : INFO : EventManager : Event: ======'balldevice_balls_available'====== Args={}
2025-10-30 13:45:19,135 : INFO : ball_device.bd_trough : State: waiting_for_target_ready
2025-10-30 13:45:19,135 : INFO : EventManager : Event: ======'balldevice_bd_trough_ball_eject_attempt'====== Args={'balls': 1, 'target': <ball_device.bd_plunger>, 'source': <ball_device.bd_trough>, 'mechanical_eject': True, 'num_attempts': 0}
2025-10-30 13:45:19,135 : INFO : ball_device.bd_plunger : State: waiting_for_ball
2025-10-30 13:45:19,136 : INFO : ball_device.bd_trough : State: ejecting
2025-10-30 13:45:19,136 : INFO : ball_device.bd_trough : Ejecting ball to <ball_device.bd_plunger>
2025-10-30 13:45:19,136 : INFO : EventManager : Event: ======'balldevice_bd_trough_ejecting_ball'====== Args={'balls': 1, 'target': <ball_device.bd_plunger>, 'source': <ball_device.bd_trough>, 'mechanical_eject': True, 'num_attempts': 0}
2025-10-30 13:45:19,136 : INFO : ball_device.bd_trough : Wait for ball to leave device
2025-10-30 13:45:19,138 : INFO : coil.c_trough_eject : Pulsing Driver for 10ms (0.75 pulse_power)
2025-10-30 13:45:19,240 : INFO : EventManager : Event: ======'slide_base_slide_created'====== Args={'_from_bcp': True}
2025-10-30 13:45:19,240 : INFO : EventManager : Event: ======'slide_attract_inactive'====== Args={'is_removing': True, '_from_bcp': True}
2025-10-30 13:45:19,241 : INFO : EventManager : Event: ======'slide_base_slide_active'====== Args={'original_context': 'base', 'original_calling_context': 'mode_base_started', 'priority': 100.0, 'queue': '<QueuedEvent>', 'player': 1.0, 'ball': 1.0, 'balls_remaining': 2.0, 'is_extra_ball': False, 'cmd': 'slides_play', '_from_bcp': True}
2025-10-30 13:45:19,244 : INFO : EventManager : Event: ======'slide_attract_removed'====== Args={'_from_bcp': True}
2025-10-30 13:45:19,291 : INFO : EventManager : Event: ======'slide_topgun_0_created'====== Args={'_from_bcp': True}
2025-10-30 13:45:19,292 : INFO : EventManager : Event: ======'slide_base_slide_inactive'====== Args={'is_removing': False, '_from_bcp': True}
2025-10-30 13:45:19,293 : INFO : EventManager : Event: ======'slide_topgun_0_active'====== Args={'original_context': 'pilot_mission_qualifier', 'original_calling_context': 'mode_pilot_mission_qualifier_started{current_player.topgun_shots_collected==0 and current_player.qualified_mode_number==0}', 'priority': 200.0, 'queue': '<QueuedEvent>', 'player': 1.0, 'ball': 1.0, 'balls_remaining': 2.0, 'is_extra_ball': False, 'cmd': 'slides_play', '_from_bcp': True}
2025-10-30 13:45:19,326 : INFO : EventManager : Event: ======'slide_mach_1_created'====== Args={'_from_bcp': True}
2025-10-30 13:45:19,326 : INFO : EventManager : Event: ======'slide_topgun_0_inactive'====== Args={'is_removing': False, '_from_bcp': True}
2025-10-30 13:45:19,327 : INFO : EventManager : Event: ======'slide_mach_1_active'====== Args={'original_context': 'mach_scoring', 'original_calling_context': 'mode_mach_scoring_started', 'priority': 500.0, 'queue': '<QueuedEvent>', 'player': 1.0, 'ball': 1.0, 'balls_remaining': 2.0, 'is_extra_ball': False, 'cmd': 'slides_play', '_from_bcp': True}
2025-10-30 13:45:20,064 : INFO : SwitchController : <<<<<<< 's_trough_6' inactive >>>>>>>
2025-10-30 13:45:20,064 : INFO : ball_device.bd_trough : State: ball_left
2025-10-30 13:45:20,065 : INFO : ball_device.bd_trough : Ball left
2025-10-30 13:45:20,065 : INFO : ball_device.bd_trough : Wait for confirm with timeout 3.0
2025-10-30 13:45:21,439 : INFO : SwitchController : <<<<<<< 's_shooter_lane' active >>>>>>>
2025-10-30 13:45:21,439 : INFO : EventManager : Event: ======'s_shooter_lane_active'====== Args={}
2025-10-30 13:45:21,440 : INFO : EventManager : Event: ======'machine_var_audits_switches_s_shooter_lane'====== Args={'value': 273, 'prev_value': 272, 'change': 1}
2025-10-30 13:45:21,441 : INFO : EventManager : Event: ======'mode_skillshot_will_start'====== Args={}
2025-10-30 13:45:21,441 : INFO : EventManager : Event: ======'player_shot_mig_lane_left_enabled'====== Args={'value': True, 'prev_value': 0, 'change': 1, 'player_num': 1}
2025-10-30 13:45:21,442 : INFO : EventManager : Event: ======'player_shot_mig_lane_right_enabled'====== Args={'value': True, 'prev_value': 0, 'change': 1, 'player_num': 1}
2025-10-30 13:45:21,443 : INFO : EventManager : Event: ======'player_shot_spinner_enabled'====== Args={'value': True, 'prev_value': 0, 'change': 1, 'player_num': 1}
2025-10-30 13:45:21,443 : INFO : EventManager : Event: ======'player_shot_orbit_upper_enabled'====== Args={'value': True, 'prev_value': 0, 'change': 1, 'player_num': 1}
2025-10-30 13:45:21,444 : INFO : EventManager : Event: ======'player_shot_ramp_inner_enabled'====== Args={'value': True, 'prev_value': 0, 'change': 1, 'player_num': 1}
2025-10-30 13:45:21,444 : INFO : EventManager : Event: ======'skillshot_group_complete'====== Args={'state': 'off'}
2025-10-30 13:45:21,444 : INFO : EventManager : Event: ======'skillshot_group_off_complete'====== Args={}
2025-10-30 13:45:21,444 : INFO : EventManager : Event: ======'player_skillshot_skillshot_tick'====== Args={'value': 9, 'prev_value': 0, 'change': 9, 'player_num': 1}
2025-10-30 13:45:21,446 : INFO : EventManager : Event: ======'player_skillshot_skillshot_sound_loop_tick'====== Args={'value': 0, 'prev_value': 0, 'change': 0, 'player_num': 1}
2025-10-30 13:45:21,450 : INFO : EventManager : Event: ======'mode_skillshot_starting'====== Args={}
2025-10-30 13:45:21,450 : INFO : Mode.skillshot : Started. Priority: 100
2025-10-30 13:45:21,450 : INFO : EventManager : Event: ======'modes_active_modes_changed'====== Args={}
2025-10-30 13:45:21,450 : INFO : EventManager : Event: ======'mode_skillshot_started'====== Args={}
2025-10-30 13:45:21,451 : INFO : EventManager : Event: ======'player_pilot_qualifier_paused'====== Args={'value': 1, 'prev_value': 0, 'change': 1, 'player_num': 1, 'source': 'pilot_mission_qualifier'}
2025-10-30 13:45:21,451 : INFO : EventManager : Event: ======'player_shot_mig_lane_left'====== Args={'value': 1, 'prev_value': 0, 'change': 1, 'player_num': 1}
2025-10-30 13:45:21,451 : INFO : EventManager : Event: ======'player_shot_mig_lane_right'====== Args={'value': 1, 'prev_value': 0, 'change': 1, 'player_num': 1}
2025-10-30 13:45:21,452 : INFO : EventManager : Event: ======'player_shot_spinner'====== Args={'value': 1, 'prev_value': 0, 'change': 1, 'player_num': 1}
2025-10-30 13:45:21,452 : INFO : EventManager : Event: ======'player_shot_orbit_upper'====== Args={'value': 1, 'prev_value': 0, 'change': 1, 'player_num': 1}
2025-10-30 13:45:21,452 : INFO : EventManager : Event: ======'player_shot_ramp_inner'====== Args={'value': 1, 'prev_value': 0, 'change': 1, 'player_num': 1}
2025-10-30 13:45:21,452 : INFO : Timer.skillshot_sound_loop : Starting Timer.
2025-10-30 13:45:21,453 : INFO : EventManager : Event: ======'timer_skillshot_sound_loop_started'====== Args={'ticks': 0, 'ticks_remaining': 999}
2025-10-30 13:45:21,453 : INFO : EventManager : Event: ======'timer_skillshot_sound_loop_tick'====== Args={'ticks': 0, 'ticks_remaining': 999}
2025-10-30 13:45:21,453 : INFO : EventManager : Event: ======'skillshot_group_complete'====== Args={'state': 'lit'}
2025-10-30 13:45:21,453 : INFO : EventManager : Event: ======'skillshot_group_lit_complete'====== Args={}
2025-10-30 13:45:21,518 : INFO : EventManager : Event: ======'slide_skillshot_ball_in_shooter_lane_created'====== Args={'_from_bcp': True}
2025-10-30 13:45:21,754 : INFO : ball_device.bd_plunger : Received ball from <ball_device.bd_trough>
2025-10-30 13:45:21,755 : INFO : EventManager : Event: ======'balldevice_bd_plunger_ball_enter'====== Args={'new_balls': 1, 'unclaimed_balls': 0, 'new_available_balls': 0, 'device': <ball_device.bd_plunger>}
2025-10-30 13:45:21,755 : INFO : EventManager : Event: ======'balldevice_bd_plunger_ball_entered'====== Args={'new_balls': 0, 'device': <ball_device.bd_plunger>}
2025-10-30 13:45:21,756 : INFO : EventManager : Event: ======'balldevice_bd_plunger_ball_count_changed'====== Args={'balls': 1}
2025-10-30 13:45:21,756 : INFO : ball_device.bd_trough : Got eject confirm
2025-10-30 13:45:21,756 : INFO : ball_device.bd_trough : Eject successful
2025-10-30 13:45:21,756 : INFO : EventManager : Event: ======'balldevice_bd_trough_ball_eject_success'====== Args={'balls': 1, 'target': <ball_device.bd_plunger>}
2025-10-30 13:45:21,757 : INFO : EventManager : Event: ======'balldevice_bd_trough_ball_count_changed'====== Args={'balls': 5}
2025-10-30 13:45:21,757 : INFO : ball_device.bd_trough : State: idle
2025-10-30 13:45:21,757 : INFO : ball_device.bd_plunger : State: waiting_for_target_ready
2025-10-30 13:45:21,757 : INFO : EventManager : Event: ======'balldevice_bd_plunger_ball_eject_attempt'====== Args={'balls': 1, 'target': <playfield.playfield>, 'source': <ball_device.bd_plunger>, 'mechanical_eject': True, 'num_attempts': 0}
2025-10-30 13:45:21,758 : INFO : ball_device.bd_plunger : State: ejecting
2025-10-30 13:45:21,758 : INFO : ball_device.bd_plunger : Ejecting ball to <playfield.playfield>
2025-10-30 13:45:21,758 : INFO : EventManager : Event: ======'balldevice_bd_plunger_ejecting_ball'====== Args={'balls': 1, 'target': <playfield.playfield>, 'source': <ball_device.bd_plunger>, 'mechanical_eject': True, 'num_attempts': 0}
2025-10-30 13:45:21,758 : INFO : EventManager : Event: ======'video_idle_start'====== Args={'priority': 0}
2025-10-30 13:45:21,759 : INFO : ball_device.bd_plunger : Wait for ball to leave device
2025-10-30 13:45:21,916 : INFO : SwitchController : <<<<<<< 's_shooter_lane' inactive >>>>>>>
2025-10-30 13:45:21,916 : INFO : EventManager : Event: ======'s_shooter_lane_inactive'====== Args={}
2025-10-30 13:45:21,919 : INFO : Timer.skillshot : Starting Timer.
2025-10-30 13:45:21,919 : INFO : EventManager : Event: ======'timer_skillshot_started'====== Args={'ticks': 9, 'ticks_remaining': 9}
2025-10-30 13:45:21,919 : INFO : EventManager : Event: ======'timer_skillshot_tick'====== Args={'ticks': 9, 'ticks_remaining': 9}
2025-10-30 13:45:21,920 : INFO : Timer.skillshot_sound_loop : Stopping Timer
2025-10-30 13:45:21,920 : INFO : EventManager : Event: ======'timer_skillshot_sound_loop_stopped'====== Args={'ticks': 0, 'ticks_remaining': 999}
2025-10-30 13:45:21,920 : INFO : EventManager : Event: ======'video_launch_start'====== Args={'priority': 0}
2025-10-30 13:45:21,921 : INFO : ball_device.bd_plunger : State: ball_left
2025-10-30 13:45:21,922 : INFO : ball_device.bd_plunger : Ball left
2025-10-30 13:45:21,922 : INFO : ball_device.bd_plunger : Wait for confirm with timeout 3.0
2025-10-30 13:45:21,925 : INFO : EventManager : Event: ======'slide_skillshot_ball_in_shooter_lane_removed'====== Args={'_from_bcp': True}
2025-10-30 13:45:21,969 : INFO : EventManager : Event: ======'slide_skillshot_ball_launched_created'====== Args={'_from_bcp': True}
2025-10-30 13:45:22,905 : INFO : EventManager : Event: ======'player_skillshot_skillshot_tick'====== Args={'value': 8, 'prev_value': 9, 'change': -1, 'player_num': 1}
2025-10-30 13:45:22,906 : INFO : EventManager : Event: ======'timer_skillshot_tick'====== Args={'ticks': 8, 'ticks_remaining': 8}
2025-10-30 13:45:23,388 : INFO : SwitchController : <<<<<<< 's_n_iceman_target' active >>>>>>>
2025-10-30 13:45:23,388 : INFO : EventManager : Event: ======'s_n_iceman_target_active'====== Args={}
2025-10-30 13:45:23,388 : INFO : EventManager : Event: ======'sw_playfield_active'====== Args={}
2025-10-30 13:45:23,388 : INFO : EventManager : Event: ======'sw_playfield_active'====== Args={}
2025-10-30 13:45:23,388 : INFO : EventManager : Event: ======'machine_var_audits_switches_s_n_iceman_target'====== Args={'value': 96, 'prev_value': 95, 'change': 1}
2025-10-30 13:45:23,390 : INFO : EventManager : Event: ======'mode_skillshot_will_stop'====== Args={}
2025-10-30 13:45:23,390 : INFO : EventManager : Event: ======'mode_skillshot_stopping'====== Args={}
2025-10-30 13:45:23,390 : INFO : Timer.skillshot : Stopping Timer
2025-10-30 13:45:23,390 : INFO : EventManager : Event: ======'timer_skillshot_stopped'====== Args={'ticks': 8, 'ticks_remaining': 8}
2025-10-30 13:45:23,390 : INFO : Timer.skillshot_sound_loop : Stopping Timer
2025-10-30 13:45:23,390 : INFO : EventManager : Event: ======'timer_skillshot_sound_loop_stopped'====== Args={'ticks': 0, 'ticks_remaining': 999}
2025-10-30 13:45:23,390 : INFO : EventManager : Event: ======'playfield_active'====== Args={'source': None}
2025-10-30 13:45:23,390 : INFO : EventManager : Event: ======'playfield_active'====== Args={'source': None}
2025-10-30 13:45:23,390 : INFO : Mode.skillshot : Stopped.
2025-10-30 13:45:23,392 : INFO : EventManager : Event: ======'modes_active_modes_changed'====== Args={}
2025-10-30 13:45:23,392 : INFO : EventManager : Event: ======'mode_skillshot_stopped'====== Args={}
2025-10-30 13:45:23,392 : INFO : EventManager : Event: ======'clear'====== Args={'key': 'skillshot'}
2025-10-30 13:45:23,393 : INFO : EventManager : Event: ======'player_pilot_qualifier_paused'====== Args={'value': 0, 'prev_value': 1, 'change': -1, 'player_num': 1, 'source': 'pilot_mission_qualifier'}
2025-10-30 13:45:23,393 : INFO : Timer.skillshot_sound_loop : Stopping Timer
2025-10-30 13:45:23,393 : INFO : EventManager : Event: ======'timer_skillshot_sound_loop_stopped'====== Args={'ticks': 0, 'ticks_remaining': 999}
2025-10-30 13:45:23,394 : INFO : Timer.skillshot : Stopping Timer
2025-10-30 13:45:23,394 : INFO : EventManager : Event: ======'timer_skillshot_stopped'====== Args={'ticks': 8, 'ticks_remaining': 8}
2025-10-30 13:45:23,439 : INFO : EventManager : Event: ======'slide_skillshot_ball_launched_removed'====== Args={'_from_bcp': True}
2025-10-30 13:45:23,488 : INFO : SwitchController : <<<<<<< 's_n_iceman_target' inactive >>>>>>>
2025-10-30 13:45:24,950 : INFO : ball_device.bd_plunger : State: failed_confirm
2025-10-30 13:45:24,950 : INFO : ball_device.bd_plunger : Got timeout (3.0s) before confirm from <playfield.playfield>
2025-10-30 13:45:25,042 : INFO : ball_device.bd_plunger : Confirming eject because target is playfield and ball did not return.
2025-10-30 13:45:25,042 : INFO : ball_device.bd_plunger : Eject successful
2025-10-30 13:45:25,042 : INFO : EventManager : Event: ======'balldevice_bd_plunger_ball_eject_success'====== Args={'balls': 1, 'target': <playfield.playfield>}
2025-10-30 13:45:25,043 : INFO : EventManager : Event: ======'balldevice_playfield_ball_enter'====== Args={'new_balls': 1, 'unclaimed_balls': 1, 'device': <playfield.playfield>}
2025-10-30 13:45:25,043 : INFO : EventManager : Event: ======'playfield_ball_count_change'====== Args={'balls': 1, 'change': 1}
2025-10-30 13:45:25,043 : INFO : EventManager : Event: ======'balldevice_bd_plunger_ball_count_changed'====== Args={'balls': 0}
2025-10-30 13:45:25,043 : INFO : ball_device.bd_plunger : State: idle
2025-10-30 13:45:27,627 : INFO : SwitchController : <<<<<<< 's_inlane_left' active >>>>>>>
2025-10-30 13:45:27,627 : INFO : EventManager : Event: ======'s_inlane_left_active'====== Args={}
2025-10-30 13:45:27,628 : INFO : EventManager : Event: ======'sw_playfield_active'====== Args={}
2025-10-30 13:45:27,628 : INFO : EventManager : Event: ======'sw_playfield_active'====== Args={}
2025-10-30 13:45:27,628 : INFO : EventManager : Event: ======'machine_var_audits_switches_s_inlane_left'====== Args={'value': 70, 'prev_value': 69, 'change': 1}
2025-10-30 13:45:27,629 : INFO : EventManager : Event: ======'check_goose_complete'====== Args={'priority': 0}
2025-10-30 13:45:27,629 : INFO : EventManager : Event: ======'player_goose_letter_o_left'====== Args={'value': 1, 'prev_value': 0, 'change': 1, 'player_num': 1, 'source': 'goose_letters'}
2025-10-30 13:45:27,759 : INFO : SwitchController : <<<<<<< 's_inlane_left' inactive >>>>>>>
2025-10-30 13:45:29,699 : INFO : SwitchController : <<<<<<< 's_flipper_left' active >>>>>>>
2025-10-30 13:45:29,699 : INFO : EventManager : Event: ======'s_flipper_left_active'====== Args={}
2025-10-30 13:45:29,700 : INFO : EventManager : Event: ======'machine_var_audits_switches_s_flipper_left'====== Args={'value': 41, 'prev_value': 40, 'change': 1}
2025-10-30 13:45:29,701 : INFO : EventManager : Event: ======'rotate_o_left_to_g'====== Args={'priority': 0}
2025-10-30 13:45:29,701 : INFO : EventManager : Event: ======'player_goose_letter_o_left'====== Args={'value': 0, 'prev_value': 1, 'change': -1, 'player_num': 1, 'source': 'goose_letters'}
2025-10-30 13:45:29,702 : INFO : EventManager : Event: ======'player_goose_letter_g'====== Args={'value': 1, 'prev_value': 0, 'change': 1, 'player_num': 1, 'source': 'goose_letters'}
2025-10-30 13:45:29,831 : INFO : SwitchController : <<<<<<< 's_flipper_left' inactive >>>>>>>
2025-10-30 13:45:31,796 : INFO : SwitchController : <<<<<<< 's_flipper_right' active >>>>>>>
2025-10-30 13:45:31,796 : INFO : EventManager : Event: ======'s_flipper_right_active'====== Args={}
2025-10-30 13:45:31,796 : INFO : EventManager : Event: ======'machine_var_audits_switches_s_flipper_right'====== Args={'value': 60, 'prev_value': 59, 'change': 1}
2025-10-30 13:45:31,798 : INFO : EventManager : Event: ======'rotate_g_to_o_left'====== Args={'priority': 0}
2025-10-30 13:45:31,798 : INFO : EventManager : Event: ======'player_goose_letter_g'====== Args={'value': 0, 'prev_value': 1, 'change': -1, 'player_num': 1, 'source': 'goose_letters'}
2025-10-30 13:45:31,798 : INFO : EventManager : Event: ======'player_goose_letter_o_left'====== Args={'value': 1, 'prev_value': 0, 'change': 1, 'player_num': 1, 'source': 'goose_letters'}
2025-10-30 13:45:31,936 : INFO : SwitchController : <<<<<<< 's_flipper_right' inactive >>>>>>>
2025-10-30 13:45:34,485 : INFO : SwitchController : <<<<<<< 's_inner_inlane_right' active >>>>>>>
2025-10-30 13:45:34,485 : INFO : EventManager : Event: ======'s_inner_inlane_right_active'====== Args={}
2025-10-30 13:45:34,486 : INFO : EventManager : Event: ======'sw_playfield_active'====== Args={}
2025-10-30 13:45:34,486 : INFO : EventManager : Event: ======'sw_playfield_active'====== Args={}
2025-10-30 13:45:34,486 : INFO : EventManager : Event: ======'machine_var_audits_switches_s_inner_inlane_right'====== Args={'value': 36, 'prev_value': 35, 'change': 1}
2025-10-30 13:45:34,487 : INFO : EventManager : Event: ======'check_goose_complete'====== Args={'priority': 0}
2025-10-30 13:45:34,488 : INFO : EventManager : Event: ======'player_goose_letter_o_right'====== Args={'value': 1, 'prev_value': 0, 'change': 1, 'player_num': 1, 'source': 'goose_letters'}
2025-10-30 13:45:34,602 : INFO : SwitchController : <<<<<<< 's_inner_inlane_right' inactive >>>>>>>
2025-10-30 13:45:36,293 : INFO : SwitchController : <<<<<<< 's_flipper_right' active >>>>>>>
2025-10-30 13:45:36,293 : INFO : EventManager : Event: ======'s_flipper_right_active'====== Args={}
2025-10-30 13:45:36,293 : INFO : EventManager : Event: ======'machine_var_audits_switches_s_flipper_right'====== Args={'value': 61, 'prev_value': 60, 'change': 1}
2025-10-30 13:45:36,294 : INFO : EventManager : Event: ======'rotate_o_left_to_o_right'====== Args={'priority': 0}
2025-10-30 13:45:36,294 : INFO : EventManager : Event: ======'rotate_o_right_to_s'====== Args={'priority': 0}
2025-10-30 13:45:36,296 : INFO : EventManager : Event: ======'player_goose_letter_o_left'====== Args={'value': 0, 'prev_value': 1, 'change': -1, 'player_num': 1, 'source': 'goose_letters'}
2025-10-30 13:45:36,296 : INFO : EventManager : Event: ======'player_goose_letter_o_right'====== Args={'value': 0, 'prev_value': 1, 'change': -1, 'player_num': 1, 'source': 'goose_letters'}
2025-10-30 13:45:36,296 : INFO : EventManager : Event: ======'player_goose_letter_s'====== Args={'value': 1, 'prev_value': 0, 'change': 1, 'player_num': 1, 'source': 'goose_letters'}
2025-10-30 13:45:36,426 : INFO : SwitchController : <<<<<<< 's_flipper_right' inactive >>>>>>>
2025-10-30 13:45:39,084 : INFO : SwitchController : <<<<<<< 's_flipper_right' active >>>>>>>
2025-10-30 13:45:39,084 : INFO : EventManager : Event: ======'s_flipper_right_active'====== Args={}
2025-10-30 13:45:39,084 : INFO : EventManager : Event: ======'machine_var_audits_switches_s_flipper_right'====== Args={'value': 62, 'prev_value': 61, 'change': 1}
2025-10-30 13:45:39,087 : INFO : EventManager : Event: ======'rotate_s_to_e'====== Args={'priority': 0}
2025-10-30 13:45:39,087 : INFO : EventManager : Event: ======'player_goose_letter_s'====== Args={'value': 0, 'prev_value': 1, 'change': -1, 'player_num': 1, 'source': 'goose_letters'}
2025-10-30 13:45:39,087 : INFO : EventManager : Event: ======'player_goose_letter_e'====== Args={'value': 1, 'prev_value': 0, 'change': 1, 'player_num': 1, 'source': 'goose_letters'}
2025-10-30 13:45:39,234 : INFO : SwitchController : <<<<<<< 's_flipper_right' inactive >>>>>>>
2025-10-30 13:45:40,547 : INFO : SwitchController : <<<<<<< 's_flipper_left' active >>>>>>>
2025-10-30 13:45:40,548 : INFO : EventManager : Event: ======'s_flipper_left_active'====== Args={}
2025-10-30 13:45:40,548 : INFO : EventManager : Event: ======'machine_var_audits_switches_s_flipper_left'====== Args={'value': 42, 'prev_value': 41, 'change': 1}
2025-10-30 13:45:40,549 : INFO : EventManager : Event: ======'rotate_e_to_s'====== Args={'priority': 0}
2025-10-30 13:45:40,550 : INFO : EventManager : Event: ======'player_goose_letter_e'====== Args={'value': 0, 'prev_value': 1, 'change': -1, 'player_num': 1, 'source': 'goose_letters'}
2025-10-30 13:45:40,550 : INFO : EventManager : Event: ======'player_goose_letter_s'====== Args={'value': 1, 'prev_value': 0, 'change': 1, 'player_num': 1, 'source': 'goose_letters'}
2025-10-30 13:45:40,681 : INFO : SwitchController : <<<<<<< 's_flipper_left' inactive >>>>>>>
2025-10-30 13:45:41,166 : INFO : SwitchController : <<<<<<< 's_flipper_left' active >>>>>>>
2025-10-30 13:45:41,166 : INFO : EventManager : Event: ======'s_flipper_left_active'====== Args={}
2025-10-30 13:45:41,167 : INFO : EventManager : Event: ======'machine_var_audits_switches_s_flipper_left'====== Args={'value': 43, 'prev_value': 42, 'change': 1}
2025-10-30 13:45:41,168 : INFO : EventManager : Event: ======'rotate_s_to_o_right'====== Args={'priority': 0}
2025-10-30 13:45:41,168 : INFO : EventManager : Event: ======'player_goose_letter_s'====== Args={'value': 0, 'prev_value': 1, 'change': -1, 'player_num': 1, 'source': 'goose_letters'}
2025-10-30 13:45:41,169 : INFO : EventManager : Event: ======'player_goose_letter_o_right'====== Args={'value': 1, 'prev_value': 0, 'change': 1, 'player_num': 1, 'source': 'goose_letters'}
2025-10-30 13:45:41,298 : INFO : SwitchController : <<<<<<< 's_flipper_left' inactive >>>>>>>
2025-10-30 13:45:42,636 : INFO : SwitchController : <<<<<<< 's_inlane_left' active >>>>>>>
2025-10-30 13:45:42,636 : INFO : EventManager : Event: ======'s_inlane_left_active'====== Args={}
2025-10-30 13:45:42,636 : INFO : EventManager : Event: ======'sw_playfield_active'====== Args={}
2025-10-30 13:45:42,636 : INFO : EventManager : Event: ======'sw_playfield_active'====== Args={}
2025-10-30 13:45:42,636 : INFO : EventManager : Event: ======'machine_var_audits_switches_s_inlane_left'====== Args={'value': 71, 'prev_value': 70, 'change': 1}
2025-10-30 13:45:42,637 : INFO : EventManager : Event: ======'check_goose_complete'====== Args={'priority': 0}
2025-10-30 13:45:42,638 : INFO : EventManager : Event: ======'player_goose_letter_o_left'====== Args={'value': 1, 'prev_value': 0, 'change': 1, 'player_num': 1, 'source': 'goose_letters'}
2025-10-30 13:45:42,760 : INFO : SwitchController : <<<<<<< 's_inlane_left' inactive >>>>>>>
2025-10-30 13:45:45,067 : INFO : SwitchController : <<<<<<< 's_flipper_left' active >>>>>>>
2025-10-30 13:45:45,068 : INFO : EventManager : Event: ======'s_flipper_left_active'====== Args={}
2025-10-30 13:45:45,068 : INFO : EventManager : Event: ======'machine_var_audits_switches_s_flipper_left'====== Args={'value': 44, 'prev_value': 43, 'change': 1}
2025-10-30 13:45:45,069 : INFO : EventManager : Event: ======'rotate_o_right_to_o_left'====== Args={'priority': 0}
2025-10-30 13:45:45,070 : INFO : EventManager : Event: ======'rotate_o_left_to_g'====== Args={'priority': 0}
2025-10-30 13:45:45,070 : INFO : EventManager : Event: ======'player_goose_letter_o_right'====== Args={'value': 0, 'prev_value': 1, 'change': -1, 'player_num': 1, 'source': 'goose_letters'}
2025-10-30 13:45:45,071 : INFO : EventManager : Event: ======'player_goose_letter_o_left'====== Args={'value': 0, 'prev_value': 1, 'change': -1, 'player_num': 1, 'source': 'goose_letters'}
2025-10-30 13:45:45,071 : INFO : EventManager : Event: ======'player_goose_letter_g'====== Args={'value': 1, 'prev_value': 0, 'change': 1, 'player_num': 1, 'source': 'goose_letters'}
2025-10-30 13:45:45,232 : INFO : SwitchController : <<<<<<< 's_flipper_left' inactive >>>>>>>
2025-10-30 13:45:46,062 : INFO : SwitchController : <<<<<<< 's_flipper_left' active >>>>>>>
2025-10-30 13:45:46,062 : INFO : EventManager : Event: ======'s_flipper_left_active'====== Args={}
2025-10-30 13:45:46,062 : INFO : EventManager : Event: ======'machine_var_audits_switches_s_flipper_left'====== Args={'value': 45, 'prev_value': 44, 'change': 1}
2025-10-30 13:45:46,063 : INFO : EventManager : Event: ======'rotate_g_to_e'====== Args={'priority': 0}
2025-10-30 13:45:46,064 : INFO : EventManager : Event: ======'player_goose_letter_g'====== Args={'value': 0, 'prev_value': 1, 'change': -1, 'player_num': 1, 'source': 'goose_letters'}
2025-10-30 13:45:46,064 : INFO : EventManager : Event: ======'player_goose_letter_e'====== Args={'value': 1, 'prev_value': 0, 'change': 1, 'player_num': 1, 'source': 'goose_letters'}
2025-10-30 13:45:46,201 : INFO : SwitchController : <<<<<<< 's_flipper_left' inactive >>>>>>>
2025-10-30 13:45:46,609 : INFO : SwitchController : <<<<<<< 's_flipper_left' active >>>>>>>
2025-10-30 13:45:46,609 : INFO : EventManager : Event: ======'s_flipper_left_active'====== Args={}
2025-10-30 13:45:46,609 : INFO : EventManager : Event: ======'machine_var_audits_switches_s_flipper_left'====== Args={'value': 46, 'prev_value': 45, 'change': 1}
2025-10-30 13:45:46,610 : INFO : EventManager : Event: ======'rotate_e_to_s'====== Args={'priority': 0}
2025-10-30 13:45:46,610 : INFO : EventManager : Event: ======'player_goose_letter_e'====== Args={'value': 0, 'prev_value': 1, 'change': -1, 'player_num': 1, 'source': 'goose_letters'}
2025-10-30 13:45:46,611 : INFO : EventManager : Event: ======'player_goose_letter_s'====== Args={'value': 1, 'prev_value': 0, 'change': 1, 'player_num': 1, 'source': 'goose_letters'}
2025-10-30 13:45:46,733 : INFO : SwitchController : <<<<<<< 's_flipper_left' inactive >>>>>>>
2025-10-30 13:45:47,070 : INFO : SwitchController : <<<<<<< 's_flipper_left' active >>>>>>>
2025-10-30 13:45:47,070 : INFO : EventManager : Event: ======'s_flipper_left_active'====== Args={}
2025-10-30 13:45:47,071 : INFO : EventManager : Event: ======'machine_var_audits_switches_s_flipper_left'====== Args={'value': 47, 'prev_value': 46, 'change': 1}
2025-10-30 13:45:47,071 : INFO : EventManager : Event: ======'rotate_s_to_o_right'====== Args={'priority': 0}
2025-10-30 13:45:47,072 : INFO : EventManager : Event: ======'player_goose_letter_s'====== Args={'value': 0, 'prev_value': 1, 'change': -1, 'player_num': 1, 'source': 'goose_letters'}
2025-10-30 13:45:47,072 : INFO : EventManager : Event: ======'player_goose_letter_o_right'====== Args={'value': 1, 'prev_value': 0, 'change': 1, 'player_num': 1, 'source': 'goose_letters'}
2025-10-30 13:45:47,211 : INFO : SwitchController : <<<<<<< 's_flipper_left' inactive >>>>>>>
2025-10-30 13:45:48,782 : INFO : SwitchController : <<<<<<< 's_inlane_left' active >>>>>>>
2025-10-30 13:45:48,782 : INFO : EventManager : Event: ======'s_inlane_left_active'====== Args={}
2025-10-30 13:45:48,783 : INFO : EventManager : Event: ======'sw_playfield_active'====== Args={}
2025-10-30 13:45:48,783 : INFO : EventManager : Event: ======'sw_playfield_active'====== Args={}
2025-10-30 13:45:48,783 : INFO : EventManager : Event: ======'machine_var_audits_switches_s_inlane_left'====== Args={'value': 72, 'prev_value': 71, 'change': 1}
2025-10-30 13:45:48,784 : INFO : EventManager : Event: ======'check_goose_complete'====== Args={'priority': 0}
2025-10-30 13:45:48,785 : INFO : EventManager : Event: ======'player_goose_letter_o_left'====== Args={'value': 1, 'prev_value': 0, 'change': 1, 'player_num': 1, 'source': 'goose_letters'}
2025-10-30 13:45:48,923 : INFO : SwitchController : <<<<<<< 's_inlane_left' inactive >>>>>>>
2025-10-30 13:45:49,807 : INFO : SwitchController : <<<<<<< 's_outlane_left' active >>>>>>>
2025-10-30 13:45:49,808 : INFO : EventManager : Event: ======'s_outlane_left_active'====== Args={}
2025-10-30 13:45:49,808 : INFO : EventManager : Event: ======'sw_playfield_active'====== Args={}
2025-10-30 13:45:49,808 : INFO : EventManager : Event: ======'sw_playfield_active'====== Args={}
2025-10-30 13:45:49,808 : INFO : EventManager : Event: ======'machine_var_audits_switches_s_outlane_left'====== Args={'value': 20, 'prev_value': 19, 'change': 1}
2025-10-30 13:45:49,809 : INFO : EventManager : Event: ======'check_goose_complete'====== Args={'priority': 0}
2025-10-30 13:45:49,810 : INFO : EventManager : Event: ======'player_goose_letter_g'====== Args={'value': 1, 'prev_value': 0, 'change': 1, 'player_num': 1, 'source': 'goose_letters'}
2025-10-30 13:45:49,948 : INFO : SwitchController : <<<<<<< 's_outlane_left' inactive >>>>>>>
2025-10-30 13:45:51,051 : INFO : SwitchController : <<<<<<< 's_outer_inlane_right' active >>>>>>>
2025-10-30 13:45:51,051 : INFO : EventManager : Event: ======'s_outer_inlane_right_active'====== Args={}
2025-10-30 13:45:51,051 : INFO : EventManager : Event: ======'sw_playfield_active'====== Args={}
2025-10-30 13:45:51,052 : INFO : EventManager : Event: ======'sw_playfield_active'====== Args={}
2025-10-30 13:45:51,052 : INFO : EventManager : Event: ======'machine_var_audits_switches_s_outer_inlane_right'====== Args={'value': 21, 'prev_value': 20, 'change': 1}
2025-10-30 13:45:51,053 : INFO : EventManager : Event: ======'check_goose_complete'====== Args={'priority': 0}
2025-10-30 13:45:51,053 : INFO : EventManager : Event: ======'player_goose_letter_s'====== Args={'value': 1, 'prev_value': 0, 'change': 1, 'player_num': 1, 'source': 'goose_letters'}
2025-10-30 13:45:51,169 : INFO : SwitchController : <<<<<<< 's_outer_inlane_right' inactive >>>>>>>
2025-10-30 13:45:52,161 : INFO : SwitchController : <<<<<<< 's_outlane_right' active >>>>>>>
2025-10-30 13:45:52,161 : INFO : EventManager : Event: ======'s_outlane_right_active'====== Args={}
2025-10-30 13:45:52,162 : INFO : EventManager : Event: ======'sw_playfield_active'====== Args={}
2025-10-30 13:45:52,162 : INFO : EventManager : Event: ======'sw_playfield_active'====== Args={}
2025-10-30 13:45:52,162 : INFO : EventManager : Event: ======'machine_var_audits_switches_s_outlane_right'====== Args={'value': 26, 'prev_value': 25, 'change': 1}
2025-10-30 13:45:52,164 : INFO : EventManager : Event: ======'check_goose_complete'====== Args={'priority': 0}
2025-10-30 13:45:52,164 : INFO : EventManager : Event: ======'player_goose_letter_e'====== Args={'value': 1, 'prev_value': 0, 'change': 1, 'player_num': 1, 'source': 'goose_letters'}
2025-10-30 13:45:52,164 : INFO : EventManager : Event: ======'goose_complete'====== Args={'priority': 100}
2025-10-30 13:45:52,165 : INFO : EventManager : Event: ======'player_goose_completing'====== Args={'value': 1, 'prev_value': 0, 'change': 1, 'player_num': 1, 'source': 'goose_letters'}
2025-10-30 13:45:52,165 : INFO : EventManager : Event: ======'player_goose_completions'====== Args={'value': 1, 'prev_value': 0, 'change': 1, 'player_num': 1, 'source': 'goose_letters'}
2025-10-30 13:45:52,165 : INFO : Timer.goose_reset : Starting Timer.
2025-10-30 13:45:52,166 : INFO : EventManager : Event: ======'timer_goose_reset_started'====== Args={'ticks': 0, 'ticks_remaining': 1}
2025-10-30 13:45:52,166 : INFO : EventManager : Event: ======'timer_goose_reset_tick'====== Args={'ticks': 0, 'ticks_remaining': 1}
2025-10-30 13:45:52,287 : INFO : SwitchController : <<<<<<< 's_outlane_right' inactive >>>>>>>
2025-10-30 13:45:52,651 : INFO : EventManager : Event: ======'player_goose_letters_goose_reset_tick'====== Args={'value': 1, 'prev_value': 0, 'change': 1, 'player_num': 1}
2025-10-30 13:45:52,652 : INFO : Timer.goose_reset : Timer Complete
2025-10-30 13:45:52,652 : INFO : Timer.goose_reset : Stopping Timer
2025-10-30 13:45:52,652 : INFO : EventManager : Event: ======'timer_goose_reset_stopped'====== Args={'ticks': 1, 'ticks_remaining': 1}
2025-10-30 13:45:52,652 : INFO : EventManager : Event: ======'timer_goose_reset_complete'====== Args={'ticks': 1, 'ticks_remaining': 1}
2025-10-30 13:45:52,653 : INFO : EventManager : Event: ======'goose_reset_letters'====== Args={'priority': 0}
2025-10-30 13:45:52,654 : INFO : EventManager : Event: ======'player_goose_letter_g'====== Args={'value': 0, 'prev_value': 1, 'change': -1, 'player_num': 1, 'source': 'goose_letters'}
2025-10-30 13:45:52,654 : INFO : EventManager : Event: ======'player_goose_letter_o_left'====== Args={'value': 0, 'prev_value': 1, 'change': -1, 'player_num': 1, 'source': 'goose_letters'}
2025-10-30 13:45:52,654 : INFO : EventManager : Event: ======'player_goose_letter_e'====== Args={'value': 0, 'prev_value': 1, 'change': -1, 'player_num': 1, 'source': 'goose_letters'}
2025-10-30 13:45:52,655 : INFO : EventManager : Event: ======'player_goose_letter_o_right'====== Args={'value': 0, 'prev_value': 1, 'change': -1, 'player_num': 1, 'source': 'goose_letters'}
2025-10-30 13:45:52,655 : INFO : EventManager : Event: ======'player_goose_letter_s'====== Args={'value': 0, 'prev_value': 1, 'change': -1, 'player_num': 1, 'source': 'goose_letters'}
2025-10-30 13:45:52,655 : INFO : EventManager : Event: ======'player_goose_completing'====== Args={'value': 0, 'prev_value': 1, 'change': -1, 'player_num': 1, 'source': 'goose_letters'}
2025-10-30 13:45:55,455 : INFO : SwitchController : <<<<<<< 's_outlane_right' active >>>>>>>
2025-10-30 13:45:55,455 : INFO : EventManager : Event: ======'s_outlane_right_active'====== Args={}
2025-10-30 13:45:55,455 : INFO : EventManager : Event: ======'sw_playfield_active'====== Args={}
2025-10-30 13:45:55,455 : INFO : EventManager : Event: ======'sw_playfield_active'====== Args={}
2025-10-30 13:45:55,455 : INFO : EventManager : Event: ======'machine_var_audits_switches_s_outlane_right'====== Args={'value': 27, 'prev_value': 26, 'change': 1}
2025-10-30 13:45:55,456 : INFO : EventManager : Event: ======'check_goose_complete'====== Args={'priority': 0}
2025-10-30 13:45:55,457 : INFO : EventManager : Event: ======'player_goose_letter_e'====== Args={'value': 1, 'prev_value': 0, 'change': 1, 'player_num': 1, 'source': 'goose_letters'}
2025-10-30 13:45:55,611 : INFO : SwitchController : <<<<<<< 's_outlane_right' inactive >>>>>>>
2025-10-30 13:45:56,175 : INFO : SwitchController : <<<<<<< 's_outer_inlane_right' active >>>>>>>
2025-10-30 13:45:56,175 : INFO : EventManager : Event: ======'s_outer_inlane_right_active'====== Args={}
2025-10-30 13:45:56,175 : INFO : EventManager : Event: ======'sw_playfield_active'====== Args={}
2025-10-30 13:45:56,175 : INFO : EventManager : Event: ======'sw_playfield_active'====== Args={}
2025-10-30 13:45:56,175 : INFO : EventManager : Event: ======'machine_var_audits_switches_s_outer_inlane_right'====== Args={'value': 22, 'prev_value': 21, 'change': 1}
2025-10-30 13:45:56,176 : INFO : EventManager : Event: ======'check_goose_complete'====== Args={'priority': 0}
2025-10-30 13:45:56,176 : INFO : EventManager : Event: ======'player_goose_letter_s'====== Args={'value': 1, 'prev_value': 0, 'change': 1, 'player_num': 1, 'source': 'goose_letters'}
2025-10-30 13:45:56,284 : INFO : SwitchController : <<<<<<< 's_outer_inlane_right' inactive >>>>>>>
2025-10-30 13:45:56,683 : INFO : SwitchController : <<<<<<< 's_inner_inlane_right' active >>>>>>>
2025-10-30 13:45:56,683 : INFO : EventManager : Event: ======'s_inner_inlane_right_active'====== Args={}
2025-10-30 13:45:56,683 : INFO : EventManager : Event: ======'sw_playfield_active'====== Args={}
2025-10-30 13:45:56,683 : INFO : EventManager : Event: ======'sw_playfield_active'====== Args={}
2025-10-30 13:45:56,683 : INFO : EventManager : Event: ======'machine_var_audits_switches_s_inner_inlane_right'====== Args={'value': 37, 'prev_value': 36, 'change': 1}
2025-10-30 13:45:56,684 : INFO : EventManager : Event: ======'check_goose_complete'====== Args={'priority': 0}
2025-10-30 13:45:56,685 : INFO : EventManager : Event: ======'player_goose_letter_o_right'====== Args={'value': 1, 'prev_value': 0, 'change': 1, 'player_num': 1, 'source': 'goose_letters'}
2025-10-30 13:45:56,807 : INFO : SwitchController : <<<<<<< 's_inner_inlane_right' inactive >>>>>>>
2025-10-30 13:45:58,239 : INFO : SwitchController : <<<<<<< 's_inlane_left' active >>>>>>>
2025-10-30 13:45:58,239 : INFO : EventManager : Event: ======'s_inlane_left_active'====== Args={}
2025-10-30 13:45:58,239 : INFO : EventManager : Event: ======'sw_playfield_active'====== Args={}
2025-10-30 13:45:58,239 : INFO : EventManager : Event: ======'sw_playfield_active'====== Args={}
2025-10-30 13:45:58,240 : INFO : EventManager : Event: ======'machine_var_audits_switches_s_inlane_left'====== Args={'value': 73, 'prev_value': 72, 'change': 1}
2025-10-30 13:45:58,241 : INFO : EventManager : Event: ======'check_goose_complete'====== Args={'priority': 0}
2025-10-30 13:45:58,241 : INFO : EventManager : Event: ======'player_goose_letter_o_left'====== Args={'value': 1, 'prev_value': 0, 'change': 1, 'player_num': 1, 'source': 'goose_letters'}
2025-10-30 13:45:58,341 : INFO : SwitchController : <<<<<<< 's_inlane_left' inactive >>>>>>>
2025-10-30 13:45:59,044 : INFO : SwitchController : <<<<<<< 's_outlane_left' active >>>>>>>
2025-10-30 13:45:59,044 : INFO : EventManager : Event: ======'s_outlane_left_active'====== Args={}
2025-10-30 13:45:59,045 : INFO : EventManager : Event: ======'sw_playfield_active'====== Args={}
2025-10-30 13:45:59,045 : INFO : EventManager : Event: ======'sw_playfield_active'====== Args={}
2025-10-30 13:45:59,045 : INFO : EventManager : Event: ======'machine_var_audits_switches_s_outlane_left'====== Args={'value': 21, 'prev_value': 20, 'change': 1}
2025-10-30 13:45:59,046 : INFO : EventManager : Event: ======'check_goose_complete'====== Args={'priority': 0}
2025-10-30 13:45:59,046 : INFO : EventManager : Event: ======'player_goose_letter_g'====== Args={'value': 1, 'prev_value': 0, 'change': 1, 'player_num': 1, 'source': 'goose_letters'}
2025-10-30 13:45:59,046 : INFO : EventManager : Event: ======'goose_complete'====== Args={'priority': 100}
2025-10-30 13:45:59,047 : INFO : EventManager : Event: ======'player_goose_completing'====== Args={'value': 1, 'prev_value': 0, 'change': 1, 'player_num': 1, 'source': 'goose_letters'}
2025-10-30 13:45:59,047 : INFO : EventManager : Event: ======'player_goose_completions'====== Args={'value': 2, 'prev_value': 1, 'change': 1, 'player_num': 1, 'source': 'goose_letters'}
2025-10-30 13:45:59,047 : INFO : EventManager : Event: ======'player_eject_mode_qualified'====== Args={'value': 1, 'prev_value': 0, 'change': 1, 'player_num': 1, 'source': 'goose_letters'}
2025-10-30 13:45:59,047 : INFO : Timer.goose_reset : Starting Timer.
2025-10-30 13:45:59,047 : INFO : Timer.goose_reset : Timer Complete
2025-10-30 13:45:59,047 : INFO : Timer.goose_reset : Stopping Timer
2025-10-30 13:45:59,047 : INFO : EventManager : Event: ======'timer_goose_reset_stopped'====== Args={'ticks': 1, 'ticks_remaining': 1}
2025-10-30 13:45:59,048 : INFO : EventManager : Event: ======'timer_goose_reset_complete'====== Args={'ticks': 1, 'ticks_remaining': 1}
2025-10-30 13:45:59,048 : INFO : EventManager : Event: ======'goose_reset_letters'====== Args={'priority': 0}
2025-10-30 13:45:59,048 : INFO : EventManager : Event: ======'player_goose_letter_g'====== Args={'value': 0, 'prev_value': 1, 'change': -1, 'player_num': 1, 'source': 'goose_letters'}
2025-10-30 13:45:59,048 : INFO : EventManager : Event: ======'player_goose_letter_o_left'====== Args={'value': 0, 'prev_value': 1, 'change': -1, 'player_num': 1, 'source': 'goose_letters'}
2025-10-30 13:45:59,048 : INFO : EventManager : Event: ======'player_goose_letter_e'====== Args={'value': 0, 'prev_value': 1, 'change': -1, 'player_num': 1, 'source': 'goose_letters'}
2025-10-30 13:45:59,048 : INFO : EventManager : Event: ======'player_goose_letter_o_right'====== Args={'value': 0, 'prev_value': 1, 'change': -1, 'player_num': 1, 'source': 'goose_letters'}
2025-10-30 13:45:59,048 : INFO : EventManager : Event: ======'player_goose_letter_s'====== Args={'value': 0, 'prev_value': 1, 'change': -1, 'player_num': 1, 'source': 'goose_letters'}
2025-10-30 13:45:59,050 : INFO : EventManager : Event: ======'player_goose_completing'====== Args={'value': 0, 'prev_value': 1, 'change': -1, 'player_num': 1, 'source': 'goose_letters'}
2025-10-30 13:45:59,186 : INFO : SwitchController : <<<<<<< 's_outlane_left' inactive >>>>>>>
2025-10-30 13:46:02,055 : INFO : SwitchController : <<<<<<< 's_inlane_left' active >>>>>>>
2025-10-30 13:46:02,056 : INFO : EventManager : Event: ======'s_inlane_left_active'====== Args={}
2025-10-30 13:46:02,056 : INFO : EventManager : Event: ======'sw_playfield_active'====== Args={}
2025-10-30 13:46:02,056 : INFO : EventManager : Event: ======'sw_playfield_active'====== Args={}
2025-10-30 13:46:02,056 : INFO : EventManager : Event: ======'machine_var_audits_switches_s_inlane_left'====== Args={'value': 74, 'prev_value': 73, 'change': 1}
2025-10-30 13:46:02,057 : INFO : EventManager : Event: ======'check_goose_complete'====== Args={'priority': 0}
2025-10-30 13:46:02,059 : INFO : EventManager : Event: ======'player_goose_letter_o_left'====== Args={'value': 1, 'prev_value': 0, 'change': 1, 'player_num': 1, 'source': 'goose_letters'}
2025-10-30 13:46:02,203 : INFO : SwitchController : <<<<<<< 's_inlane_left' inactive >>>>>>>
2025-10-30 13:46:03,197 : INFO : SwitchController : <<<<<<< 's_inner_inlane_right' active >>>>>>>
2025-10-30 13:46:03,197 : INFO : EventManager : Event: ======'s_inner_inlane_right_active'====== Args={}
2025-10-30 13:46:03,197 : INFO : EventManager : Event: ======'sw_playfield_active'====== Args={}
2025-10-30 13:46:03,197 : INFO : EventManager : Event: ======'sw_playfield_active'====== Args={}
2025-10-30 13:46:03,197 : INFO : EventManager : Event: ======'machine_var_audits_switches_s_inner_inlane_right'====== Args={'value': 38, 'prev_value': 37, 'change': 1}
2025-10-30 13:46:03,199 : INFO : EventManager : Event: ======'check_goose_complete'====== Args={'priority': 0}
2025-10-30 13:46:03,199 : INFO : EventManager : Event: ======'player_goose_letter_o_right'====== Args={'value': 1, 'prev_value': 0, 'change': 1, 'player_num': 1, 'source': 'goose_letters'}
2025-10-30 13:46:03,306 : INFO : SwitchController : <<<<<<< 's_inner_inlane_right' inactive >>>>>>>
2025-10-30 13:46:03,799 : INFO : SwitchController : <<<<<<< 's_outer_inlane_right' active >>>>>>>
2025-10-30 13:46:03,799 : INFO : EventManager : Event: ======'s_outer_inlane_right_active'====== Args={}
2025-10-30 13:46:03,799 : INFO : EventManager : Event: ======'sw_playfield_active'====== Args={}
2025-10-30 13:46:03,800 : INFO : EventManager : Event: ======'sw_playfield_active'====== Args={}
2025-10-30 13:46:03,800 : INFO : EventManager : Event: ======'machine_var_audits_switches_s_outer_inlane_right'====== Args={'value': 23, 'prev_value': 22, 'change': 1}
2025-10-30 13:46:03,801 : INFO : EventManager : Event: ======'check_goose_complete'====== Args={'priority': 0}
2025-10-30 13:46:03,801 : INFO : EventManager : Event: ======'player_goose_letter_s'====== Args={'value': 1, 'prev_value': 0, 'change': 1, 'player_num': 1, 'source': 'goose_letters'}
2025-10-30 13:46:03,916 : INFO : SwitchController : <<<<<<< 's_outer_inlane_right' inactive >>>>>>>
2025-10-30 13:46:04,557 : INFO : SwitchController : <<<<<<< 's_outlane_right' active >>>>>>>
2025-10-30 13:46:04,558 : INFO : EventManager : Event: ======'s_outlane_right_active'====== Args={}
2025-10-30 13:46:04,558 : INFO : EventManager : Event: ======'sw_playfield_active'====== Args={}
2025-10-30 13:46:04,558 : INFO : EventManager : Event: ======'sw_playfield_active'====== Args={}
2025-10-30 13:46:04,558 : INFO : EventManager : Event: ======'machine_var_audits_switches_s_outlane_right'====== Args={'value': 28, 'prev_value': 27, 'change': 1}
2025-10-30 13:46:04,560 : INFO : EventManager : Event: ======'check_goose_complete'====== Args={'priority': 0}
2025-10-30 13:46:04,560 : INFO : EventManager : Event: ======'player_goose_letter_e'====== Args={'value': 1, 'prev_value': 0, 'change': 1, 'player_num': 1, 'source': 'goose_letters'}
2025-10-30 13:46:04,699 : INFO : SwitchController : <<<<<<< 's_outlane_right' inactive >>>>>>>
2025-10-30 13:46:10,290 : INFO : Machine : Shutting down...
2025-10-30 13:46:10,290 : INFO : EventManager : Event: ======'shutdown'====== Args={}
2025-10-30 13:46:10,292 : INFO : EventManager : Event: ======'mode_game_will_stop'====== Args={}
2025-10-30 13:46:10,292 : INFO : EventManager : Event: ======'mode_game_stopping'====== Args={}
2025-10-30 13:46:10,292 : INFO : EventManager : Event: ======'mode_mach_scoring_will_stop'====== Args={}
2025-10-30 13:46:10,293 : INFO : EventManager : Event: ======'mode_mach_scoring_stopping'====== Args={}
2025-10-30 13:46:10,293 : INFO : EventManager : Event: ======'mode_base_will_stop'====== Args={}
2025-10-30 13:46:10,293 : INFO : EventManager : Event: ======'mode_base_stopping'====== Args={}
2025-10-30 13:46:10,293 : INFO : EventManager : Event: ======'mode_goose_letters_will_stop'====== Args={}
2025-10-30 13:46:10,293 : INFO : EventManager : Event: ======'mode_goose_letters_stopping'====== Args={}
2025-10-30 13:46:10,293 : INFO : EventManager : Event: ======'mode_bumpers_will_stop'====== Args={}
2025-10-30 13:46:10,293 : INFO : EventManager : Event: ======'mode_bumpers_stopping'====== Args={}
2025-10-30 13:46:10,293 : INFO : EventManager : Event: ======'mode_pilot_mission_qualifier_will_stop'====== Args={}
2025-10-30 13:46:10,293 : INFO : EventManager : Event: ======'mode_pilot_mission_qualifier_stopping'====== Args={}
2025-10-30 13:46:10,293 : INFO : EventManager : Event: ======'stop_mode_bumpers'====== Args={'priority': 0}
2025-10-30 13:46:10,293 : INFO : Mode.pilot_mission_qualifier : Stopped.
2025-10-30 13:46:10,294 : INFO : EventManager : Event: ======'modes_active_modes_changed'====== Args={}
2025-10-30 13:46:10,299 : INFO : EventManager : Event: ======'mode_pilot_mission_qualifier_stopped'====== Args={}
2025-10-30 13:46:10,299 : INFO : EventManager : Event: ======'clear'====== Args={'key': 'pilot_mission_qualifier'}
2025-10-30 13:46:10,299 : INFO : Mode.bumpers : Stopped.
2025-10-30 13:46:10,299 : INFO : EventManager : Event: ======'modes_active_modes_changed'====== Args={}
2025-10-30 13:46:10,299 : INFO : EventManager : Event: ======'mode_bumpers_stopped'====== Args={}
2025-10-30 13:46:10,299 : INFO : EventManager : Event: ======'clear'====== Args={'key': 'bumpers'}
2025-10-30 13:46:10,300 : INFO : Mode.goose_letters : Stopped.
2025-10-30 13:46:10,300 : INFO : EventManager : Event: ======'modes_active_modes_changed'====== Args={}
2025-10-30 13:46:10,300 : INFO : EventManager : Event: ======'mode_goose_letters_stopped'====== Args={}
2025-10-30 13:46:10,300 : INFO : EventManager : Event: ======'clear'====== Args={'key': 'goose_letters'}
2025-10-30 13:46:10,300 : INFO : Timer.goose_reset : Stopping Timer
2025-10-30 13:46:10,300 : INFO : EventManager : Event: ======'timer_goose_reset_stopped'====== Args={'ticks': 1, 'ticks_remaining': 1}
2025-10-30 13:46:10,300 : INFO : Mode.base : Stopped.
2025-10-30 13:46:10,300 : INFO : EventManager : Event: ======'modes_active_modes_changed'====== Args={}
2025-10-30 13:46:10,301 : INFO : EventManager : Event: ======'mode_base_stopped'====== Args={}
2025-10-30 13:46:10,301 : INFO : EventManager : Event: ======'clear'====== Args={'key': 'base'}
2025-10-30 13:46:10,301 : INFO : Mode.mach_scoring : Stopped.
2025-10-30 13:46:10,301 : INFO : EventManager : Event: ======'modes_active_modes_changed'====== Args={}
2025-10-30 13:46:10,301 : INFO : EventManager : Event: ======'mode_mach_scoring_stopped'====== Args={}
2025-10-30 13:46:10,301 : INFO : EventManager : Event: ======'clear'====== Args={'key': 'mach_scoring'}
2025-10-30 13:46:10,301 : INFO : Timer.mach_timer : Stopping Timer
2025-10-30 13:46:10,301 : INFO : EventManager : Event: ======'timer_mach_timer_stopped'====== Args={'ticks': 20, 'ticks_remaining': 0}
2025-10-30 13:46:10,302 : INFO : Timer.mach_qualify_timer : Stopping Timer
2025-10-30 13:46:10,302 : INFO : EventManager : Event: ======'timer_mach_qualify_timer_stopped'====== Args={'ticks': 10, 'ticks_remaining': 0}
2025-10-30 13:46:10,302 : INFO : Mode.game : Stopped.
2025-10-30 13:46:10,302 : INFO : EventManager : Event: ======'modes_active_modes_changed'====== Args={}
2025-10-30 13:46:10,302 : INFO : EventManager : Event: ======'mode_game_stopped'====== Args={}
2025-10-30 13:46:10,302 : INFO : EventManager : Event: ======'clear'====== Args={'key': 'game'}
2025-10-30 13:46:10,307 : INFO : root : MPF run loop ended.
