2025-11-07 16:57:57,361 : INFO : root : Loading config.
2025-11-07 16:57:57,365 : INFO : YamlMultifileConfigLoader : Machine config file #1: config.yaml
2025-11-07 16:57:57,366 : INFO : ConfigProcessor : Loading config from cache: C:\Users\White\AppData\Local\Temp\4d2409115979d2066280cf8a522910f3.mpf_cache
2025-11-07 16:57:57,470 : INFO : ConfigProcessor : Loading config from cache: C:\Users\White\AppData\Local\Temp\e29f700f4dd412c341ced84fe54a834e.mpf_cache
2025-11-07 16:57:57,470 : INFO : ConfigProcessor : Loading config from cache: C:\Users\White\AppData\Local\Temp\91cc4d1c993c58dc354e34974b9cfeac.mpf_cache
2025-11-07 16:57:57,472 : INFO : ConfigProcessor : Loading config from cache: C:\Users\White\AppData\Local\Temp\153a6f35d2fbc89e8611fc222f5041e6.mpf_cache
2025-11-07 16:57:57,472 : INFO : ConfigProcessor : Loading config from cache: C:\Users\White\AppData\Local\Temp\e29f700f4dd412c341ced84fe54a834e.mpf_cache
2025-11-07 16:57:57,473 : INFO : ConfigProcessor : Loading config from cache: C:\Users\White\AppData\Local\Temp\3424101e418333c494b4f7abb38a6bbc.mpf_cache
2025-11-07 16:57:57,473 : INFO : ConfigProcessor : Loading config from cache: C:\Users\White\AppData\Local\Temp\928267ba5ce09cfb7bef110abe29482e.mpf_cache
2025-11-07 16:57:57,474 : INFO : ConfigProcessor : Loading config from cache: C:\Users\White\AppData\Local\Temp\143f2aa6ea6c447c37835b1fcf1e2392.mpf_cache
2025-11-07 16:57:57,475 : INFO : ConfigProcessor : Loading config from cache: C:\Users\White\AppData\Local\Temp\32a647433343f2a8dbd97369798bc91c.mpf_cache
2025-11-07 16:57:57,475 : INFO : ConfigProcessor : Loading config from cache: C:\Users\White\AppData\Local\Temp\fcd858616785c392a2718eef83d6bdec.mpf_cache
2025-11-07 16:57:57,476 : INFO : ConfigProcessor : Loading config from cache: C:\Users\White\AppData\Local\Temp\bc528c0552a0292e8ecb958c9df9be52.mpf_cache
2025-11-07 16:57:57,477 : INFO : ConfigProcessor : Loading config from cache: C:\Users\White\AppData\Local\Temp\079d5d4f78adbdc9511df3472695879d.mpf_cache
2025-11-07 16:57:57,489 : INFO : ConfigProcessor : Loading config from cache: C:\Users\White\AppData\Local\Temp\cbf9c95ed33e797787d40a3c26fb1f29.mpf_cache
2025-11-07 16:57:57,490 : INFO : ConfigProcessor : Loading config from cache: C:\Users\White\AppData\Local\Temp\0f477732e86fa3539be0c16808cbc3a4.mpf_cache
2025-11-07 16:57:57,491 : INFO : ConfigProcessor : Loading config from cache: C:\Users\White\AppData\Local\Temp\5252be9889d0ea92e9251ccb139bb96e.mpf_cache
2025-11-07 16:57:57,494 : INFO : ConfigProcessor : Loading config from cache: C:\Users\White\AppData\Local\Temp\bbd12103fd66360c81da95fa3b5d5cac.mpf_cache
2025-11-07 16:57:57,496 : INFO : ConfigProcessor : Loading config from cache: C:\Users\White\AppData\Local\Temp\aecbb0084a39aaddc8e1af6d86d05e57.mpf_cache
2025-11-07 16:57:57,498 : INFO : ConfigProcessor : Loading config from cache: C:\Users\White\AppData\Local\Temp\a64c515fc9f6d1ba4d043d8acedc61d8.mpf_cache
2025-11-07 16:57:57,500 : INFO : ConfigProcessor : Loading config from cache: C:\Users\White\AppData\Local\Temp\157e473ad106aaf7621d4ff67f908349.mpf_cache
2025-11-07 16:57:57,502 : INFO : ConfigProcessor : Loading config from cache: C:\Users\White\AppData\Local\Temp\b42daedb456e388e83b54e0791e694a7.mpf_cache
2025-11-07 16:57:57,504 : INFO : ConfigProcessor : Loading config from cache: C:\Users\White\AppData\Local\Temp\faf1d2b55b8b754be547ffd9950d5977.mpf_cache
2025-11-07 16:57:57,506 : INFO : ConfigProcessor : Loading config from cache: C:\Users\White\AppData\Local\Temp\881befc175503515b6a677d4b92fd8f6.mpf_cache
2025-11-07 16:57:57,509 : INFO : ConfigProcessor : Loading config from cache: C:\Users\White\AppData\Local\Temp\e02fdb456b236b981c3cd16c62d08cdd.mpf_cache
2025-11-07 16:57:57,512 : INFO : ConfigProcessor : Loading config from cache: C:\Users\White\AppData\Local\Temp\60f49b772835308c8a63a813f3984bd2.mpf_cache
2025-11-07 16:57:57,514 : INFO : ConfigProcessor : Loading config from cache: C:\Users\White\AppData\Local\Temp\b44eabe64ef7d1af51d3871ffce6e8a0.mpf_cache
2025-11-07 16:57:57,515 : INFO : ConfigProcessor : Loading config from cache: C:\Users\White\AppData\Local\Temp\859a13897bab67859dc37e71c8deb7f3.mpf_cache
2025-11-07 16:57:57,516 : INFO : ConfigProcessor : Loading config from cache: C:\Users\White\AppData\Local\Temp\1df928f99f2fd0a162eaba4dfecade40.mpf_cache
2025-11-07 16:57:57,517 : INFO : ConfigProcessor : Loading config from cache: C:\Users\White\AppData\Local\Temp\79c411a388f93dc9361da8ba68c71f8b.mpf_cache
2025-11-07 16:57:57,519 : INFO : ConfigProcessor : Loading config from cache: C:\Users\White\AppData\Local\Temp\a2e6743439269288443fc316af74c4e3.mpf_cache
2025-11-07 16:57:57,520 : INFO : ConfigProcessor : Loading config from cache: C:\Users\White\AppData\Local\Temp\806e2c11867b05313045539710e5cf3e.mpf_cache
2025-11-07 16:57:57,521 : INFO : ConfigProcessor : Loading config from cache: C:\Users\White\AppData\Local\Temp\d4cc51f9996852dab0efd4baeb323b9c.mpf_cache
2025-11-07 16:57:57,522 : INFO : Machine : Mission Pinball Framework Core Engine v0.80.0.dev9
2025-11-07 16:57:57,522 : INFO : Machine : Command line arguments: {'no_load_cache': False, 'create_config_cache': True, 'bcp': True, 'configfile': ['config.yaml'], 'force_assets_load': False, 'platform_integration_test': False, 'jsonlogging': False, 'logfile': 'logs\\2025-11-07-16-57-57-mpf-TopGunPinball.log', 'pause': False, 'production': False, 'text_ui': False, 'loglevel': 15, 'consoleloglevel': 20, 'force_platform': 'virtual', 'syslog_address': None, 'full_logfile_path': 'C:\\Users\\White\\documents\\Top_Gun_Pinball\\logs\\2025-11-07-16-57-57-mpf-TopGunPinball.log'}
2025-11-07 16:57:57,522 : INFO : Machine : MPF path: C:\Users\White\mpf\Lib\site-packages\mpf
2025-11-07 16:57:57,522 : INFO : Machine : Machine path: C:\Users\White\documents\Top_Gun_Pinball
2025-11-07 16:57:57,522 : INFO : Machine : Platform: win32
2025-11-07 16:57:57,522 : INFO : Machine : Python executable location: C:\Users\White\mpf\Scripts\python.exe
2025-11-07 16:57:57,522 : INFO : Machine : Python version: 3.12.7 (64-bit)
2025-11-07 16:57:57,525 : INFO : Machine : Initializing MPF...
2025-11-07 16:57:57,618 : INFO : EventManager : Event: ======'machine_var_credits_string'====== Args={'value': 'FREE PLAY', 'prev_value': None, 'change': True}
2025-11-07 16:57:57,647 : INFO : EventManager : Event: ======'machine_var_master_volume'====== Args={'value': 0.5, 'prev_value': None, 'change': True}
2025-11-07 16:57:57,647 : INFO : EventManager : Event: ======'machine_var_player1_score'====== Args={'value': 2229000, 'prev_value': None, 'change': True}
2025-11-07 16:57:57,647 : INFO : EventManager : Event: ======'machine_var_mpf_version'====== Args={'value': 'Mission Pinball Framework v0.80.0.dev9', 'prev_value': None, 'change': True}
2025-11-07 16:57:57,647 : INFO : EventManager : Event: ======'machine_var_mpf_extended_version'====== Args={'value': 'Mission Pinball Framework v0.80.0.dev9, Config version:6, Show version: 6, BCP version:1.1', 'prev_value': None, 'change': True}
2025-11-07 16:57:57,647 : INFO : EventManager : Event: ======'machine_var_python_version'====== Args={'value': '3.12.7', 'prev_value': None, 'change': True}
2025-11-07 16:57:57,799 : INFO : EventManager : Event: ======'machine_var_platform'====== Args={'value': 'Windows-11-10.0.26100-SP0', 'prev_value': None, 'change': True}
2025-11-07 16:57:57,799 : INFO : EventManager : Event: ======'machine_var_platform_system'====== Args={'value': 'Windows', 'prev_value': None, 'change': True}
2025-11-07 16:57:57,799 : INFO : EventManager : Event: ======'machine_var_platform_release'====== Args={'value': '11', 'prev_value': None, 'change': True}
2025-11-07 16:57:57,799 : INFO : EventManager : Event: ======'machine_var_platform_version'====== Args={'value': '10.0.26100', 'prev_value': None, 'change': True}
2025-11-07 16:57:57,799 : INFO : EventManager : Event: ======'machine_var_platform_machine'====== Args={'value': 'AMD64', 'prev_value': None, 'change': True}
2025-11-07 16:57:57,799 : INFO : EventManager : Event: ======'machine_var_log_file_path'====== Args={'value': 'C:\\Users\\White\\documents\\Top_Gun_Pinball\\logs\\2025-11-07-16-57-57-mpf-TopGunPinball.log', 'prev_value': None, 'change': True}
2025-11-07 16:57:57,799 : INFO : EventManager : Event: ======'init_phase_1'====== Args={}
2025-11-07 16:57:57,852 : INFO : EventManager : Event: ======'init_phase_2'====== Args={}
2025-11-07 16:57:57,852 : INFO : SwitchController : Found active switch: ('playfield_board_lower-3208-0', <Platform.Virtual>) <switch.s_trough_1>
2025-11-07 16:57:57,852 : INFO : SwitchController : Found active switch: ('playfield_board_lower-3208-1', <Platform.Virtual>) <switch.s_trough_2>
2025-11-07 16:57:57,853 : INFO : SwitchController : Found active switch: ('playfield_board_lower-3208-2', <Platform.Virtual>) <switch.s_trough_3>
2025-11-07 16:57:57,853 : INFO : SwitchController : Found active switch: ('playfield_board_lower-3208-3', <Platform.Virtual>) <switch.s_trough_4>
2025-11-07 16:57:57,853 : INFO : SwitchController : Found active switch: ('playfield_board_lower-3208-4', <Platform.Virtual>) <switch.s_trough_5>
2025-11-07 16:57:57,853 : INFO : SwitchController : Found active switch: ('playfield_board_lower-3208-5', <Platform.Virtual>) <switch.s_trough_6>
2025-11-07 16:57:57,900 : INFO : EventManager : Event: ======'bcp_connection_attempt'====== Args={'name': 'local_display', 'host': 'localhost', 'port': 5050}
2025-11-07 16:57:57,902 : INFO : BCPClientSocket : Connecting BCP to 'local_display' at localhost:5050...
2025-11-07 16:57:57,934 : INFO : BCPClientSocket : Connected BCP to 'local_display' localhost:5050
2025-11-07 16:57:57,935 : INFO : EventManager : Event: ======'bcp_clients_connected'====== Args={}
2025-11-07 16:57:57,936 : INFO : ball_device.bd_plunger : BCH: Initial count: 0
2025-11-07 16:57:57,936 : INFO : ball_device.bd_plunger : State: idle
2025-11-07 16:57:57,938 : INFO : ball_device.bd_trough : BCH: Initial count: 6
2025-11-07 16:57:57,938 : INFO : ball_device.bd_trough : State: idle
2025-11-07 16:57:57,938 : INFO : ball_device.bd_lock_elevator : BCH: Initial count: 0
2025-11-07 16:57:57,938 : INFO : ball_device.bd_lock_elevator : State: idle
2025-11-07 16:57:57,939 : INFO : ball_device.bd_mode_scoop : BCH: Initial count: 0
2025-11-07 16:57:57,939 : INFO : ball_device.bd_mode_scoop : State: idle
2025-11-07 16:57:57,956 : INFO : EventManager : Event: ======'init_phase_3'====== Args={}
2025-11-07 16:57:59,170 : INFO : EventManager : Event: ======'init_phase_4'====== Args={}
2025-11-07 16:57:59,170 : INFO : BallController : Initial balls found: 6
2025-11-07 16:57:59,172 : INFO : EventManager : Event: ======'machine_var_audits_events_game_ended'====== Args={'value': 2, 'prev_value': None, 'change': True}
2025-11-07 16:57:59,172 : INFO : EventManager : Event: ======'machine_var_audits_events_game_started'====== Args={'value': 458, 'prev_value': None, 'change': True}
2025-11-07 16:57:59,172 : INFO : EventManager : Event: ======'machine_var_audits_missing_switches_s_a_iceman_target'====== Args={'value': 6, 'prev_value': None, 'change': True}
2025-11-07 16:57:59,172 : INFO : EventManager : Event: ======'machine_var_audits_missing_switches_s_barrier_target'====== Args={'value': 37, 'prev_value': None, 'change': True}
2025-11-07 16:57:59,172 : INFO : EventManager : Event: ======'machine_var_audits_missing_switches_s_bumper_center'====== Args={'value': 42, 'prev_value': None, 'change': True}
2025-11-07 16:57:59,173 : INFO : EventManager : Event: ======'machine_var_audits_missing_switches_s_bumper_left'====== Args={'value': 71, 'prev_value': None, 'change': True}
2025-11-07 16:57:59,173 : INFO : EventManager : Event: ======'machine_var_audits_missing_switches_s_bumper_right'====== Args={'value': 42, 'prev_value': None, 'change': True}
2025-11-07 16:57:59,173 : INFO : EventManager : Event: ======'machine_var_audits_missing_switches_s_c_iceman_target'====== Args={'value': 11, 'prev_value': None, 'change': True}
2025-11-07 16:57:59,173 : INFO : EventManager : Event: ======'machine_var_audits_missing_switches_s_c_lock_target'====== Args={'value': 42, 'prev_value': None, 'change': True}
2025-11-07 16:57:59,173 : INFO : EventManager : Event: ======'machine_var_audits_missing_switches_s_coin_door'====== Args={'value': 345, 'prev_value': None, 'change': True}
2025-11-07 16:57:59,173 : INFO : EventManager : Event: ======'machine_var_audits_missing_switches_s_coin_door_credit_left'====== Args={'value': 252, 'prev_value': None, 'change': True}
2025-11-07 16:57:59,173 : INFO : EventManager : Event: ======'machine_var_audits_missing_switches_s_coin_door_credit_right'====== Args={'value': 252, 'prev_value': None, 'change': True}
2025-11-07 16:57:59,173 : INFO : EventManager : Event: ======'machine_var_audits_missing_switches_s_coin_door_service_1'====== Args={'value': 345, 'prev_value': None, 'change': True}
2025-11-07 16:57:59,173 : INFO : EventManager : Event: ======'machine_var_audits_missing_switches_s_coin_door_service_2'====== Args={'value': 345, 'prev_value': None, 'change': True}
2025-11-07 16:57:59,173 : INFO : EventManager : Event: ======'machine_var_audits_missing_switches_s_coin_door_service_3'====== Args={'value': 345, 'prev_value': None, 'change': True}
2025-11-07 16:57:59,173 : INFO : EventManager : Event: ======'machine_var_audits_missing_switches_s_coin_door_service_4'====== Args={'value': 345, 'prev_value': None, 'change': True}
2025-11-07 16:57:59,173 : INFO : EventManager : Event: ======'machine_var_audits_missing_switches_s_e_iceman_target'====== Args={'value': 11, 'prev_value': None, 'change': True}
2025-11-07 16:57:59,174 : INFO : EventManager : Event: ======'machine_var_audits_missing_switches_s_flight_gear_target'====== Args={'value': 42, 'prev_value': None, 'change': True}
2025-11-07 16:57:59,174 : INFO : EventManager : Event: ======'machine_var_audits_missing_switches_s_flipper_left'====== Args={'value': 9, 'prev_value': None, 'change': True}
2025-11-07 16:57:59,174 : INFO : EventManager : Event: ======'machine_var_audits_missing_switches_s_flipper_left_eos'====== Args={'value': 405, 'prev_value': None, 'change': True}
2025-11-07 16:57:59,174 : INFO : EventManager : Event: ======'machine_var_audits_missing_switches_s_flipper_left_upper'====== Args={'value': 407, 'prev_value': None, 'change': True}
2025-11-07 16:57:59,174 : INFO : EventManager : Event: ======'machine_var_audits_missing_switches_s_flipper_left_upper_eos'====== Args={'value': 405, 'prev_value': None, 'change': True}
2025-11-07 16:57:59,174 : INFO : EventManager : Event: ======'machine_var_audits_missing_switches_s_flipper_right'====== Args={'value': 1, 'prev_value': None, 'change': True}
2025-11-07 16:57:59,174 : INFO : EventManager : Event: ======'machine_var_audits_missing_switches_s_flipper_right_eos'====== Args={'value': 405, 'prev_value': None, 'change': True}
2025-11-07 16:57:59,174 : INFO : EventManager : Event: ======'machine_var_audits_missing_switches_s_i_iceman_target'====== Args={'value': 2, 'prev_value': None, 'change': True}
2025-11-07 16:57:59,174 : INFO : EventManager : Event: ======'machine_var_audits_missing_switches_s_inlane_left'====== Args={'value': 10, 'prev_value': None, 'change': True}
2025-11-07 16:57:59,174 : INFO : EventManager : Event: ======'machine_var_audits_missing_switches_s_inner_inlane_right'====== Args={'value': 10, 'prev_value': None, 'change': True}
2025-11-07 16:57:59,174 : INFO : EventManager : Event: ======'machine_var_audits_missing_switches_s_jam'====== Args={'value': 344, 'prev_value': None, 'change': True}
2025-11-07 16:57:59,174 : INFO : EventManager : Event: ======'machine_var_audits_missing_switches_s_k_lock_target'====== Args={'value': 42, 'prev_value': None, 'change': True}
2025-11-07 16:57:59,174 : INFO : EventManager : Event: ======'machine_var_audits_missing_switches_s_l_lock_target'====== Args={'value': 42, 'prev_value': None, 'change': True}
2025-11-07 16:57:59,174 : INFO : EventManager : Event: ======'machine_var_audits_missing_switches_s_lane_right'====== Args={'value': 2, 'prev_value': None, 'change': True}
2025-11-07 16:57:59,174 : INFO : EventManager : Event: ======'machine_var_audits_missing_switches_s_lock_goose'====== Args={'value': 407, 'prev_value': None, 'change': True}
2025-11-07 16:57:59,175 : INFO : EventManager : Event: ======'machine_var_audits_missing_switches_s_lock_mav'====== Args={'value': 407, 'prev_value': None, 'change': True}
2025-11-07 16:57:59,175 : INFO : EventManager : Event: ======'machine_var_audits_missing_switches_s_lock_plunger'====== Args={'value': 241, 'prev_value': None, 'change': True}
2025-11-07 16:57:59,175 : INFO : EventManager : Event: ======'machine_var_audits_missing_switches_s_m_iceman_target'====== Args={'value': 11, 'prev_value': None, 'change': True}
2025-11-07 16:57:59,175 : INFO : EventManager : Event: ======'machine_var_audits_missing_switches_s_mig_lane_left'====== Args={'value': 9, 'prev_value': None, 'change': True}
2025-11-07 16:57:59,175 : INFO : EventManager : Event: ======'machine_var_audits_missing_switches_s_mig_lane_right'====== Args={'value': 19, 'prev_value': None, 'change': True}
2025-11-07 16:57:59,175 : INFO : EventManager : Event: ======'machine_var_audits_missing_switches_s_n_iceman_target'====== Args={'value': 6, 'prev_value': None, 'change': True}
2025-11-07 16:57:59,175 : INFO : EventManager : Event: ======'machine_var_audits_missing_switches_s_o_lock_target'====== Args={'value': 42, 'prev_value': None, 'change': True}
2025-11-07 16:57:59,175 : INFO : EventManager : Event: ======'machine_var_audits_missing_switches_s_orbit_lower'====== Args={'value': 20, 'prev_value': None, 'change': True}
2025-11-07 16:57:59,175 : INFO : EventManager : Event: ======'machine_var_audits_missing_switches_s_outer_inlane_right'====== Args={'value': 8, 'prev_value': None, 'change': True}
2025-11-07 16:57:59,175 : INFO : EventManager : Event: ======'machine_var_audits_missing_switches_s_outlane_left'====== Args={'value': 10, 'prev_value': None, 'change': True}
2025-11-07 16:57:59,175 : INFO : EventManager : Event: ======'machine_var_audits_missing_switches_s_outlane_right'====== Args={'value': 8, 'prev_value': None, 'change': True}
2025-11-07 16:57:59,175 : INFO : EventManager : Event: ======'machine_var_audits_missing_switches_s_plunger_lane'====== Args={'value': 10, 'prev_value': None, 'change': True}
2025-11-07 16:57:59,175 : INFO : EventManager : Event: ======'machine_var_audits_missing_switches_s_ramp_inner_exit'====== Args={'value': 17, 'prev_value': None, 'change': True}
2025-11-07 16:57:59,175 : INFO : EventManager : Event: ======'machine_var_audits_missing_switches_s_ramp_tower_exit'====== Args={'value': 21, 'prev_value': None, 'change': True}
2025-11-07 16:57:59,175 : INFO : EventManager : Event: ======'machine_var_audits_missing_switches_s_slingshot_left'====== Args={'value': 342, 'prev_value': None, 'change': True}
2025-11-07 16:57:59,176 : INFO : EventManager : Event: ======'machine_var_audits_missing_switches_s_slingshot_right'====== Args={'value': 53, 'prev_value': None, 'change': True}
2025-11-07 16:57:59,176 : INFO : EventManager : Event: ======'machine_var_audits_missing_switches_s_start'====== Args={'value': 115, 'prev_value': None, 'change': True}
2025-11-07 16:57:59,176 : INFO : EventManager : Event: ======'machine_var_audits_missing_switches_s_tilt'====== Args={'value': 345, 'prev_value': None, 'change': True}
2025-11-07 16:57:59,176 : INFO : EventManager : Event: ======'machine_var_audits_missing_switches_s_trough_1'====== Args={'value': 383, 'prev_value': None, 'change': True}
2025-11-07 16:57:59,176 : INFO : EventManager : Event: ======'machine_var_audits_missing_switches_s_trough_2'====== Args={'value': 383, 'prev_value': None, 'change': True}
2025-11-07 16:57:59,176 : INFO : EventManager : Event: ======'machine_var_audits_missing_switches_s_trough_3'====== Args={'value': 383, 'prev_value': None, 'change': True}
2025-11-07 16:57:59,176 : INFO : EventManager : Event: ======'machine_var_audits_missing_switches_s_trough_4'====== Args={'value': 458, 'prev_value': None, 'change': True}
2025-11-07 16:57:59,176 : INFO : EventManager : Event: ======'machine_var_audits_missing_switches_s_trough_5'====== Args={'value': 458, 'prev_value': None, 'change': True}
2025-11-07 16:57:59,176 : INFO : EventManager : Event: ======'machine_var_audits_missing_switches_s_trough_6'====== Args={'value': 113, 'prev_value': None, 'change': True}
2025-11-07 16:57:59,176 : INFO : EventManager : Event: ======'machine_var_audits_player_score'====== Args={'value': {'average': 787666, 'top': [2229000, 73000, 61000], 'total': 3}, 'prev_value': None, 'change': True}
2025-11-07 16:57:59,176 : INFO : EventManager : Event: ======'machine_var_audits_shots_bumper_center'====== Args={'value': 607, 'prev_value': None, 'change': True}
2025-11-07 16:57:59,176 : INFO : EventManager : Event: ======'machine_var_audits_shots_bumper_left'====== Args={'value': 642, 'prev_value': None, 'change': True}
2025-11-07 16:57:59,176 : INFO : EventManager : Event: ======'machine_var_audits_shots_bumper_right'====== Args={'value': 419, 'prev_value': None, 'change': True}
2025-11-07 16:57:59,176 : INFO : EventManager : Event: ======'machine_var_audits_shots_mach_ramp'====== Args={'value': 569, 'prev_value': None, 'change': True}
2025-11-07 16:57:59,176 : INFO : EventManager : Event: ======'machine_var_audits_shots_mig_lane_left'====== Args={'value': 123, 'prev_value': None, 'change': True}
2025-11-07 16:57:59,176 : INFO : EventManager : Event: ======'machine_var_audits_shots_mig_lane_right'====== Args={'value': 22, 'prev_value': None, 'change': True}
2025-11-07 16:57:59,176 : INFO : EventManager : Event: ======'machine_var_audits_shots_orbit_upper'====== Args={'value': 16, 'prev_value': None, 'change': True}
2025-11-07 16:57:59,176 : INFO : EventManager : Event: ======'machine_var_audits_shots_ramp_inner'====== Args={'value': 52, 'prev_value': None, 'change': True}
2025-11-07 16:57:59,176 : INFO : EventManager : Event: ======'machine_var_audits_shots_spinner'====== Args={'value': 12, 'prev_value': None, 'change': True}
2025-11-07 16:57:59,177 : INFO : EventManager : Event: ======'machine_var_audits_switches_s_a_iceman_target'====== Args={'value': 118, 'prev_value': None, 'change': True}
2025-11-07 16:57:59,177 : INFO : EventManager : Event: ======'machine_var_audits_switches_s_barrier_target'====== Args={'value': 12, 'prev_value': None, 'change': True}
2025-11-07 16:57:59,177 : INFO : EventManager : Event: ======'machine_var_audits_switches_s_bumper_center'====== Args={'value': 627, 'prev_value': None, 'change': True}
2025-11-07 16:57:59,177 : INFO : EventManager : Event: ======'machine_var_audits_switches_s_bumper_left'====== Args={'value': 673, 'prev_value': None, 'change': True}
2025-11-07 16:57:59,177 : INFO : EventManager : Event: ======'machine_var_audits_switches_s_bumper_right'====== Args={'value': 425, 'prev_value': None, 'change': True}
2025-11-07 16:57:59,177 : INFO : EventManager : Event: ======'machine_var_audits_switches_s_c_iceman_target'====== Args={'value': 121, 'prev_value': None, 'change': True}
2025-11-07 16:57:59,177 : INFO : EventManager : Event: ======'machine_var_audits_switches_s_c_lock_target'====== Args={'value': 6, 'prev_value': None, 'change': True}
2025-11-07 16:57:59,177 : INFO : EventManager : Event: ======'machine_var_audits_switches_s_coin_door'====== Args={'value': 0, 'prev_value': None, 'change': True}
2025-11-07 16:57:59,177 : INFO : EventManager : Event: ======'machine_var_audits_switches_s_coin_door_credit_left'====== Args={'value': 0, 'prev_value': None, 'change': True}
2025-11-07 16:57:59,177 : INFO : EventManager : Event: ======'machine_var_audits_switches_s_coin_door_credit_right'====== Args={'value': 0, 'prev_value': None, 'change': True}
2025-11-07 16:57:59,177 : INFO : EventManager : Event: ======'machine_var_audits_switches_s_coin_door_service_1'====== Args={'value': 0, 'prev_value': None, 'change': True}
2025-11-07 16:57:59,177 : INFO : EventManager : Event: ======'machine_var_audits_switches_s_coin_door_service_2'====== Args={'value': 0, 'prev_value': None, 'change': True}
2025-11-07 16:57:59,177 : INFO : EventManager : Event: ======'machine_var_audits_switches_s_coin_door_service_3'====== Args={'value': 0, 'prev_value': None, 'change': True}
2025-11-07 16:57:59,177 : INFO : EventManager : Event: ======'machine_var_audits_switches_s_coin_door_service_4'====== Args={'value': 0, 'prev_value': None, 'change': True}
2025-11-07 16:57:59,177 : INFO : EventManager : Event: ======'machine_var_audits_switches_s_e_iceman_target'====== Args={'value': 139, 'prev_value': None, 'change': True}
2025-11-07 16:57:59,177 : INFO : EventManager : Event: ======'machine_var_audits_switches_s_flight_gear_target'====== Args={'value': 128, 'prev_value': None, 'change': True}
2025-11-07 16:57:59,177 : INFO : EventManager : Event: ======'machine_var_audits_switches_s_flipper_left'====== Args={'value': 200, 'prev_value': None, 'change': True}
2025-11-07 16:57:59,177 : INFO : EventManager : Event: ======'machine_var_audits_switches_s_flipper_left_eos'====== Args={'value': 0, 'prev_value': None, 'change': True}
2025-11-07 16:57:59,177 : INFO : EventManager : Event: ======'machine_var_audits_switches_s_flipper_left_upper'====== Args={'value': 0, 'prev_value': None, 'change': True}
2025-11-07 16:57:59,177 : INFO : EventManager : Event: ======'machine_var_audits_switches_s_flipper_left_upper_eos'====== Args={'value': 0, 'prev_value': None, 'change': True}
2025-11-07 16:57:59,177 : INFO : EventManager : Event: ======'machine_var_audits_switches_s_flipper_right'====== Args={'value': 136, 'prev_value': None, 'change': True}
2025-11-07 16:57:59,177 : INFO : EventManager : Event: ======'machine_var_audits_switches_s_flipper_right_eos'====== Args={'value': 0, 'prev_value': None, 'change': True}
2025-11-07 16:57:59,178 : INFO : EventManager : Event: ======'machine_var_audits_switches_s_i_iceman_target'====== Args={'value': 95, 'prev_value': None, 'change': True}
2025-11-07 16:57:59,178 : INFO : EventManager : Event: ======'machine_var_audits_switches_s_inlane_left'====== Args={'value': 244, 'prev_value': None, 'change': True}
2025-11-07 16:57:59,178 : INFO : EventManager : Event: ======'machine_var_audits_switches_s_inner_inlane_right'====== Args={'value': 199, 'prev_value': None, 'change': True}
2025-11-07 16:57:59,178 : INFO : EventManager : Event: ======'machine_var_audits_switches_s_jam'====== Args={'value': 1, 'prev_value': None, 'change': True}
2025-11-07 16:57:59,178 : INFO : EventManager : Event: ======'machine_var_audits_switches_s_k_lock_target'====== Args={'value': 6, 'prev_value': None, 'change': True}
2025-11-07 16:57:59,178 : INFO : EventManager : Event: ======'machine_var_audits_switches_s_l_lock_target'====== Args={'value': 6, 'prev_value': None, 'change': True}
2025-11-07 16:57:59,178 : INFO : EventManager : Event: ======'machine_var_audits_switches_s_lane_left'====== Args={'value': 453, 'prev_value': None, 'change': True}
2025-11-07 16:57:59,178 : INFO : EventManager : Event: ======'machine_var_audits_switches_s_lane_right'====== Args={'value': 281, 'prev_value': None, 'change': True}
2025-11-07 16:57:59,178 : INFO : EventManager : Event: ======'machine_var_audits_switches_s_lock_goose'====== Args={'value': 0, 'prev_value': None, 'change': True}
2025-11-07 16:57:59,178 : INFO : EventManager : Event: ======'machine_var_audits_switches_s_lock_mav'====== Args={'value': 0, 'prev_value': None, 'change': True}
2025-11-07 16:57:59,178 : INFO : EventManager : Event: ======'machine_var_audits_switches_s_lock_plunger'====== Args={'value': 3, 'prev_value': None, 'change': True}
2025-11-07 16:57:59,178 : INFO : EventManager : Event: ======'machine_var_audits_switches_s_m_iceman_target'====== Args={'value': 121, 'prev_value': None, 'change': True}
2025-11-07 16:57:59,178 : INFO : EventManager : Event: ======'machine_var_audits_switches_s_mig_lane_left'====== Args={'value': 360, 'prev_value': None, 'change': True}
2025-11-07 16:57:59,178 : INFO : EventManager : Event: ======'machine_var_audits_switches_s_mig_lane_right'====== Args={'value': 146, 'prev_value': None, 'change': True}
2025-11-07 16:57:59,178 : INFO : EventManager : Event: ======'machine_var_audits_switches_s_mode_start'====== Args={'value': 34, 'prev_value': None, 'change': True}
2025-11-07 16:57:59,178 : INFO : EventManager : Event: ======'machine_var_audits_switches_s_n_iceman_target'====== Args={'value': 201, 'prev_value': None, 'change': True}
2025-11-07 16:57:59,178 : INFO : EventManager : Event: ======'machine_var_audits_switches_s_o_lock_target'====== Args={'value': 6, 'prev_value': None, 'change': True}
2025-11-07 16:57:59,178 : INFO : EventManager : Event: ======'machine_var_audits_switches_s_orbit_left'====== Args={'value': 141, 'prev_value': None, 'change': True}
2025-11-07 16:57:59,178 : INFO : EventManager : Event: ======'machine_var_audits_switches_s_orbit_lower'====== Args={'value': 11, 'prev_value': None, 'change': True}
2025-11-07 16:57:59,178 : INFO : EventManager : Event: ======'machine_var_audits_switches_s_orbit_right'====== Args={'value': 52, 'prev_value': None, 'change': True}
2025-11-07 16:57:59,178 : INFO : EventManager : Event: ======'machine_var_audits_switches_s_orbit_upper'====== Args={'value': 33, 'prev_value': None, 'change': True}
2025-11-07 16:57:59,178 : INFO : EventManager : Event: ======'machine_var_audits_switches_s_outer_inlane_right'====== Args={'value': 185, 'prev_value': None, 'change': True}
2025-11-07 16:57:59,178 : INFO : EventManager : Event: ======'machine_var_audits_switches_s_outlane_left'====== Args={'value': 187, 'prev_value': None, 'change': True}
2025-11-07 16:57:59,179 : INFO : EventManager : Event: ======'machine_var_audits_switches_s_outlane_right'====== Args={'value': 188, 'prev_value': None, 'change': True}
2025-11-07 16:57:59,179 : INFO : EventManager : Event: ======'machine_var_audits_switches_s_plunger_lane'====== Args={'value': 46, 'prev_value': None, 'change': True}
2025-11-07 16:57:59,179 : INFO : EventManager : Event: ======'machine_var_audits_switches_s_ramp_inner_exit'====== Args={'value': 615, 'prev_value': None, 'change': True}
2025-11-07 16:57:59,179 : INFO : EventManager : Event: ======'machine_var_audits_switches_s_ramp_left_exit'====== Args={'value': 35, 'prev_value': None, 'change': True}
2025-11-07 16:57:59,179 : INFO : EventManager : Event: ======'machine_var_audits_switches_s_ramp_right_exit'====== Args={'value': 44, 'prev_value': None, 'change': True}
2025-11-07 16:57:59,179 : INFO : EventManager : Event: ======'machine_var_audits_switches_s_ramp_tower_exit'====== Args={'value': 20, 'prev_value': None, 'change': True}
2025-11-07 16:57:59,179 : INFO : EventManager : Event: ======'machine_var_audits_switches_s_shooter_lane'====== Args={'value': 420, 'prev_value': None, 'change': True}
2025-11-07 16:57:59,179 : INFO : EventManager : Event: ======'machine_var_audits_switches_s_slingshot_left'====== Args={'value': 8, 'prev_value': None, 'change': True}
2025-11-07 16:57:59,179 : INFO : EventManager : Event: ======'machine_var_audits_switches_s_slingshot_right'====== Args={'value': 8, 'prev_value': None, 'change': True}
2025-11-07 16:57:59,179 : INFO : EventManager : Event: ======'machine_var_audits_switches_s_spinner'====== Args={'value': 231, 'prev_value': None, 'change': True}
2025-11-07 16:57:59,179 : INFO : EventManager : Event: ======'machine_var_audits_switches_s_start'====== Args={'value': 167, 'prev_value': None, 'change': True}
2025-11-07 16:57:59,179 : INFO : EventManager : Event: ======'machine_var_audits_switches_s_tilt'====== Args={'value': 0, 'prev_value': None, 'change': True}
2025-11-07 16:57:59,179 : INFO : EventManager : Event: ======'machine_var_audits_switches_s_trough_1'====== Args={'value': 2, 'prev_value': None, 'change': True}
2025-11-07 16:57:59,179 : INFO : EventManager : Event: ======'machine_var_audits_switches_s_trough_2'====== Args={'value': 1, 'prev_value': None, 'change': True}
2025-11-07 16:57:59,179 : INFO : EventManager : Event: ======'machine_var_audits_switches_s_trough_3'====== Args={'value': 1, 'prev_value': None, 'change': True}
2025-11-07 16:57:59,179 : INFO : EventManager : Event: ======'machine_var_audits_switches_s_trough_4'====== Args={'value': 0, 'prev_value': None, 'change': True}
2025-11-07 16:57:59,179 : INFO : EventManager : Event: ======'machine_var_audits_switches_s_trough_5'====== Args={'value': 0, 'prev_value': None, 'change': True}
2025-11-07 16:57:59,179 : INFO : EventManager : Event: ======'machine_var_audits_switches_s_trough_6'====== Args={'value': 177, 'prev_value': None, 'change': True}
2025-11-07 16:57:59,180 : INFO : EventManager : Event: ======'init_phase_5'====== Args={}
2025-11-07 16:57:59,180 : INFO : EventManager : Event: ======'init_done'====== Args={}
2025-11-07 16:57:59,180 : INFO : EventManager : Event: ======'machine_reset_phase_1'====== Args={}
2025-11-07 16:57:59,192 : INFO : EventManager : Event: ======'machine_reset_phase_2'====== Args={}
2025-11-07 16:57:59,192 : INFO : EventManager : Event: ======'machine_reset_phase_3'====== Args={}
2025-11-07 16:57:59,192 : INFO : EventManager : Event: ======'reset_complete'====== Args={}
2025-11-07 16:57:59,192 : INFO : EventManager : Event: ======'mode_attract_will_start'====== Args={}
2025-11-07 16:57:59,193 : INFO : Timer.attract_carousel_timer : Starting Timer.
2025-11-07 16:57:59,193 : INFO : EventManager : Event: ======'timer_attract_carousel_timer_started'====== Args={'ticks': 0, 'ticks_remaining': 1}
2025-11-07 16:57:59,193 : INFO : EventManager : Event: ======'timer_attract_carousel_timer_tick'====== Args={'ticks': 0, 'ticks_remaining': 1}
2025-11-07 16:57:59,194 : INFO : EventManager : Event: ======'mode_attract_starting'====== Args={}
2025-11-07 16:57:59,194 : INFO : Mode.attract : Started. Priority: 10
2025-11-07 16:57:59,194 : INFO : EventManager : Event: ======'modes_active_modes_changed'====== Args={}
2025-11-07 16:57:59,194 : INFO : EventManager : Event: ======'mode_attract_started'====== Args={}
2025-11-07 16:57:59,194 : INFO : EventManager : Event: ======'attract_cycle_step1'====== Args={'priority': 0}
2025-11-07 16:57:59,195 : INFO : EventManager : Event: ======'collecting_balls_complete'====== Args={}
2025-11-07 16:57:59,195 : INFO : EventManager : Event: ======'item_highlighted'====== Args={'carousel': 'attract', 'direction': None, 'item': 'title'}
2025-11-07 16:57:59,195 : INFO : EventManager : Event: ======'timer_attract_carousel_timer_tick'====== Args={'ticks': 0, 'ticks_remaining': 1}
2025-11-07 16:57:59,195 : INFO : Machine : Starting the main run loop with active modes: [<Mode.attract>]
2025-11-07 16:57:59,274 : INFO : EventManager : Event: ======'slide_attract_created'====== Args={'_from_bcp': True}
2025-11-07 16:57:59,274 : INFO : EventManager : Event: ======'slide__removed'====== Args={'_from_bcp': True}
2025-11-07 16:57:59,275 : INFO : EventManager : Event: ======'slide_attract_active'====== Args={'original_context': 'attract', 'original_calling_context': 'mode_attract_started', 'priority': 10.0, 'cmd': 'slides_play', '_from_bcp': True}
2025-11-07 16:57:59,578 : INFO : BcpServer : New client connected.
2025-11-07 16:58:06,173 : INFO : Timer.attract_carousel_timer : Timer Complete
2025-11-07 16:58:06,174 : INFO : Timer.attract_carousel_timer : Stopping Timer
2025-11-07 16:58:06,174 : INFO : EventManager : Event: ======'timer_attract_carousel_timer_stopped'====== Args={'ticks': 1, 'ticks_remaining': 1}
2025-11-07 16:58:06,174 : INFO : EventManager : Event: ======'timer_attract_carousel_timer_complete'====== Args={'ticks': 1, 'ticks_remaining': 1}
2025-11-07 16:58:06,174 : INFO : EventManager : Event: ======'item_highlighted'====== Args={'carousel': 'attract', 'direction': 'forwards', 'item': 'presented_by'}
2025-11-07 16:58:06,175 : INFO : Timer.attract_carousel_timer : Starting Timer.
2025-11-07 16:58:06,175 : INFO : EventManager : Event: ======'timer_attract_carousel_timer_started'====== Args={'ticks': 0, 'ticks_remaining': 1}
2025-11-07 16:58:06,175 : INFO : EventManager : Event: ======'timer_attract_carousel_timer_tick'====== Args={'ticks': 0, 'ticks_remaining': 1}
2025-11-07 16:58:10,550 : WARNING : SwitchController : Received duplicate switch state 0 for switch s_flipper_left_upper from the platform interface. Log Code: Log-SwitchController-1 (https://missionpinball.org/logs)
2025-11-07 16:58:11,332 : INFO : SwitchController : <<<<<<< 's_flipper_left_upper' active >>>>>>>
2025-11-07 16:58:11,391 : INFO : EventManager : Event: ======'attract_cycle_step2'====== Args={}
2025-11-07 16:58:11,516 : INFO : SwitchController : <<<<<<< 's_flipper_left_upper' inactive >>>>>>>
2025-11-07 16:58:11,832 : INFO : SwitchController : <<<<<<< 's_flipper_left_upper' active >>>>>>>
2025-11-07 16:58:11,965 : INFO : SwitchController : <<<<<<< 's_flipper_left_upper' inactive >>>>>>>
2025-11-07 16:58:13,018 : INFO : SwitchController : <<<<<<< 's_flipper_left_upper' active >>>>>>>
2025-11-07 16:58:13,167 : INFO : SwitchController : <<<<<<< 's_flipper_left_upper' inactive >>>>>>>
2025-11-07 16:58:13,201 : INFO : Timer.attract_carousel_timer : Timer Complete
2025-11-07 16:58:13,201 : INFO : Timer.attract_carousel_timer : Stopping Timer
2025-11-07 16:58:13,201 : INFO : EventManager : Event: ======'timer_attract_carousel_timer_stopped'====== Args={'ticks': 1, 'ticks_remaining': 1}
2025-11-07 16:58:13,202 : INFO : EventManager : Event: ======'timer_attract_carousel_timer_complete'====== Args={'ticks': 1, 'ticks_remaining': 1}
2025-11-07 16:58:13,202 : INFO : EventManager : Event: ======'item_highlighted'====== Args={'carousel': 'attract', 'direction': 'forwards', 'item': 'hotrod_pinball_logo'}
2025-11-07 16:58:13,203 : INFO : Timer.attract_carousel_timer : Starting Timer.
2025-11-07 16:58:13,204 : INFO : EventManager : Event: ======'timer_attract_carousel_timer_started'====== Args={'ticks': 0, 'ticks_remaining': 1}
2025-11-07 16:58:13,204 : INFO : EventManager : Event: ======'timer_attract_carousel_timer_tick'====== Args={'ticks': 0, 'ticks_remaining': 1}
2025-11-07 16:58:15,653 : INFO : SwitchController : <<<<<<< 's_flipper_left_upper' active >>>>>>>
2025-11-07 16:58:15,803 : INFO : SwitchController : <<<<<<< 's_flipper_left_upper' inactive >>>>>>>
2025-11-07 16:58:20,073 : INFO : Machine : Shutting down...
2025-11-07 16:58:20,073 : INFO : EventManager : Event: ======'shutdown'====== Args={}
2025-11-07 16:58:20,077 : INFO : root : MPF run loop ended.
