2025-10-27 14:35:01,746 : INFO : root : Loading config.
2025-10-27 14:35:01,750 : INFO : YamlMultifileConfigLoader : Machine config file #1: config.yaml
2025-10-27 14:35:01,750 : INFO : ConfigProcessor : Loading config from cache: C:\Users\White\AppData\Local\Temp\cfa6ecba65704a931c9dd214c44986c8.mpf_cache
2025-10-27 14:35:01,860 : INFO : ConfigProcessor : Loading config from cache: C:\Users\White\AppData\Local\Temp\f98ffc0ff5962effface7d86bc406d5c.mpf_cache
2025-10-27 14:35:01,861 : INFO : ConfigProcessor : Loading config from cache: C:\Users\White\AppData\Local\Temp\91cc4d1c993c58dc354e34974b9cfeac.mpf_cache
2025-10-27 14:35:01,861 : INFO : ConfigProcessor : Loading config from cache: C:\Users\White\AppData\Local\Temp\f98ffc0ff5962effface7d86bc406d5c.mpf_cache
2025-10-27 14:35:01,862 : INFO : ConfigProcessor : Loading config from cache: C:\Users\White\AppData\Local\Temp\76792f1d686f89709887dba7bd69667a.mpf_cache
2025-10-27 14:35:01,862 : INFO : ConfigProcessor : Loading config from cache: C:\Users\White\AppData\Local\Temp\142bbae4707335cc8e3efaa4364c4893.mpf_cache
2025-10-27 14:35:01,863 : INFO : ConfigProcessor : Loading config from cache: C:\Users\White\AppData\Local\Temp\d069db2c83fe896d88972cde9b686138.mpf_cache
2025-10-27 14:35:01,863 : INFO : ConfigProcessor : Loading config from cache: C:\Users\White\AppData\Local\Temp\0f5f0ac41d1a2672d0d32cef2b12699e.mpf_cache
2025-10-27 14:35:01,864 : INFO : ConfigProcessor : Loading config from cache: C:\Users\White\AppData\Local\Temp\3a419899266be7cd41a083be5a3a8ebb.mpf_cache
2025-10-27 14:35:01,866 : INFO : ConfigProcessor : Loading config from cache: C:\Users\White\AppData\Local\Temp\82e20c7c6490dd2e5fed726a3aa8d652.mpf_cache
2025-10-27 14:35:01,866 : INFO : ConfigProcessor : Loading config from cache: C:\Users\White\AppData\Local\Temp\359114d5ba2a6ad6c93d1559776bbb30.mpf_cache
2025-10-27 14:35:01,869 : INFO : ConfigProcessor : Loading config from cache: C:\Users\White\AppData\Local\Temp\d421369d6df802e4e6f8aa58f446b1a6.mpf_cache
2025-10-27 14:35:01,869 : INFO : ConfigProcessor : Loading config from cache: C:\Users\White\AppData\Local\Temp\310aa541ce6545037d37da470e7bd790.mpf_cache
2025-10-27 14:35:01,871 : INFO : ConfigProcessor : Loading config from cache: C:\Users\White\AppData\Local\Temp\2151caa0419aeb1e56d3d8934477383e.mpf_cache
2025-10-27 14:35:01,874 : INFO : ConfigProcessor : Loading config from cache: C:\Users\White\AppData\Local\Temp\17003635873251b4f6841bf4ab3bdcdd.mpf_cache
2025-10-27 14:35:01,874 : INFO : ConfigProcessor : Loading config from cache: C:\Users\White\AppData\Local\Temp\f70c640a816343cb9040222d7a9269d3.mpf_cache
2025-10-27 14:35:01,876 : INFO : ConfigProcessor : Loading config from cache: C:\Users\White\AppData\Local\Temp\30922048be1d0c17ea15fc75f7fbfe10.mpf_cache
2025-10-27 14:35:01,879 : INFO : ConfigProcessor : Loading config from cache: C:\Users\White\AppData\Local\Temp\58d7809d3d969de03aaf131fc45863f8.mpf_cache
2025-10-27 14:35:01,880 : INFO : ConfigProcessor : Loading config from cache: C:\Users\White\AppData\Local\Temp\d380fa2863f93e197660f0281ffd272b.mpf_cache
2025-10-27 14:35:01,881 : INFO : ConfigProcessor : Loading config from cache: C:\Users\White\AppData\Local\Temp\88e41ae7dcea899a043a2f63da55a8b7.mpf_cache
2025-10-27 14:35:01,881 : INFO : Machine : Mission Pinball Framework Core Engine v0.80.0.dev9
2025-10-27 14:35:01,883 : INFO : Machine : Command line arguments: {'no_load_cache': False, 'create_config_cache': True, 'bcp': True, 'configfile': ['config.yaml'], 'force_assets_load': False, 'platform_integration_test': False, 'jsonlogging': False, 'logfile': 'logs\\2025-10-27-14-35-01-mpf-TopGunPinball.log', 'pause': False, 'production': False, 'text_ui': False, 'loglevel': 15, 'consoleloglevel': 20, 'force_platform': 'virtual', 'syslog_address': None, 'full_logfile_path': 'C:\\Users\\White\\Documents\\Top_Gun_Pinball\\logs\\2025-10-27-14-35-01-mpf-TopGunPinball.log'}
2025-10-27 14:35:01,883 : INFO : Machine : MPF path: C:\Users\White\mpf\Lib\site-packages\mpf
2025-10-27 14:35:01,883 : INFO : Machine : Machine path: C:\Users\White\Documents\Top_Gun_Pinball
2025-10-27 14:35:01,883 : INFO : Machine : Platform: win32
2025-10-27 14:35:01,883 : INFO : Machine : Python executable location: C:\Users\White\mpf\Scripts\python.exe
2025-10-27 14:35:01,883 : INFO : Machine : Python version: 3.12.7 (64-bit)
2025-10-27 14:35:01,885 : INFO : Machine : Initializing MPF...
2025-10-27 14:35:01,980 : INFO : EventManager : Event: ======'machine_var_credits_string'====== Args={'value': 'FREE PLAY', 'prev_value': None, 'change': True}
2025-10-27 14:35:02,009 : INFO : EventManager : Event: ======'machine_var_master_volume'====== Args={'value': 0.5, 'prev_value': None, 'change': True}
2025-10-27 14:35:02,009 : INFO : EventManager : Event: ======'machine_var_player1_score'====== Args={'value': 2229000, 'prev_value': None, 'change': True}
2025-10-27 14:35:02,009 : INFO : EventManager : Event: ======'machine_var_mpf_version'====== Args={'value': 'Mission Pinball Framework v0.80.0.dev9', 'prev_value': None, 'change': True}
2025-10-27 14:35:02,009 : INFO : EventManager : Event: ======'machine_var_mpf_extended_version'====== Args={'value': 'Mission Pinball Framework v0.80.0.dev9, Config version:6, Show version: 6, BCP version:1.1', 'prev_value': None, 'change': True}
2025-10-27 14:35:02,009 : INFO : EventManager : Event: ======'machine_var_python_version'====== Args={'value': '3.12.7', 'prev_value': None, 'change': True}
2025-10-27 14:35:02,158 : INFO : EventManager : Event: ======'machine_var_platform'====== Args={'value': 'Windows-11-10.0.26100-SP0', 'prev_value': None, 'change': True}
2025-10-27 14:35:02,158 : INFO : EventManager : Event: ======'machine_var_platform_system'====== Args={'value': 'Windows', 'prev_value': None, 'change': True}
2025-10-27 14:35:02,158 : INFO : EventManager : Event: ======'machine_var_platform_release'====== Args={'value': '11', 'prev_value': None, 'change': True}
2025-10-27 14:35:02,158 : INFO : EventManager : Event: ======'machine_var_platform_version'====== Args={'value': '10.0.26100', 'prev_value': None, 'change': True}
2025-10-27 14:35:02,158 : INFO : EventManager : Event: ======'machine_var_platform_machine'====== Args={'value': 'AMD64', 'prev_value': None, 'change': True}
2025-10-27 14:35:02,158 : INFO : EventManager : Event: ======'machine_var_log_file_path'====== Args={'value': 'C:\\Users\\White\\Documents\\Top_Gun_Pinball\\logs\\2025-10-27-14-35-01-mpf-TopGunPinball.log', 'prev_value': None, 'change': True}
2025-10-27 14:35:02,158 : INFO : EventManager : Event: ======'init_phase_1'====== Args={}
2025-10-27 14:35:02,201 : INFO : EventManager : Event: ======'init_phase_2'====== Args={}
2025-10-27 14:35:02,201 : INFO : SwitchController : Found active switch: ('playfield_board_lower-3208-0', <Platform.Virtual>) <switch.s_trough_1>
2025-10-27 14:35:02,201 : INFO : SwitchController : Found active switch: ('playfield_board_lower-3208-1', <Platform.Virtual>) <switch.s_trough_2>
2025-10-27 14:35:02,201 : INFO : SwitchController : Found active switch: ('playfield_board_lower-3208-2', <Platform.Virtual>) <switch.s_trough_3>
2025-10-27 14:35:02,201 : INFO : SwitchController : Found active switch: ('playfield_board_lower-3208-3', <Platform.Virtual>) <switch.s_trough_4>
2025-10-27 14:35:02,201 : INFO : SwitchController : Found active switch: ('playfield_board_lower-3208-4', <Platform.Virtual>) <switch.s_trough_5>
2025-10-27 14:35:02,201 : INFO : SwitchController : Found active switch: ('playfield_board_lower-3208-5', <Platform.Virtual>) <switch.s_trough_6>
2025-10-27 14:35:02,222 : INFO : EventManager : Event: ======'bcp_connection_attempt'====== Args={'name': 'local_display', 'host': 'localhost', 'port': 5050}
2025-10-27 14:35:02,224 : INFO : BCPClientSocket : Connecting BCP to 'local_display' at localhost:5050...
2025-10-27 14:35:02,235 : INFO : BCPClientSocket : Connected BCP to 'local_display' localhost:5050
2025-10-27 14:35:02,235 : INFO : EventManager : Event: ======'bcp_clients_connected'====== Args={}
2025-10-27 14:35:02,235 : INFO : ball_device.bd_plunger : BCH: Initial count: 0
2025-10-27 14:35:02,236 : INFO : ball_device.bd_plunger : State: idle
2025-10-27 14:35:02,236 : INFO : ball_device.bd_trough : BCH: Initial count: 6
2025-10-27 14:35:02,236 : INFO : ball_device.bd_trough : State: idle
2025-10-27 14:35:02,237 : INFO : ball_device.bd_lock_elevator : BCH: Initial count: 0
2025-10-27 14:35:02,237 : INFO : ball_device.bd_lock_elevator : State: idle
2025-10-27 14:35:02,237 : INFO : ball_device.bd_mode_scoop : BCH: Initial count: 0
2025-10-27 14:35:02,237 : INFO : ball_device.bd_mode_scoop : State: idle
2025-10-27 14:35:02,265 : INFO : EventManager : Event: ======'init_phase_3'====== Args={}
2025-10-27 14:35:02,788 : INFO : EventManager : Event: ======'init_phase_4'====== Args={}
2025-10-27 14:35:02,788 : INFO : BallController : Initial balls found: 6
2025-10-27 14:35:02,790 : INFO : EventManager : Event: ======'machine_var_audits_events_game_ended'====== Args={'value': 2, 'prev_value': None, 'change': True}
2025-10-27 14:35:02,790 : INFO : EventManager : Event: ======'machine_var_audits_events_game_started'====== Args={'value': 269, 'prev_value': None, 'change': True}
2025-10-27 14:35:02,790 : INFO : EventManager : Event: ======'machine_var_audits_missing_switches_s_a_iceman_target'====== Args={'value': 39, 'prev_value': None, 'change': True}
2025-10-27 14:35:02,790 : INFO : EventManager : Event: ======'machine_var_audits_missing_switches_s_barrier_target'====== Args={'value': 17, 'prev_value': None, 'change': True}
2025-10-27 14:35:02,790 : INFO : EventManager : Event: ======'machine_var_audits_missing_switches_s_bumper_center'====== Args={'value': 23, 'prev_value': None, 'change': True}
2025-10-27 14:35:02,790 : INFO : EventManager : Event: ======'machine_var_audits_missing_switches_s_bumper_left'====== Args={'value': 2, 'prev_value': None, 'change': True}
2025-10-27 14:35:02,790 : INFO : EventManager : Event: ======'machine_var_audits_missing_switches_s_bumper_right'====== Args={'value': 62, 'prev_value': None, 'change': True}
2025-10-27 14:35:02,790 : INFO : EventManager : Event: ======'machine_var_audits_missing_switches_s_c_iceman_target'====== Args={'value': 103, 'prev_value': None, 'change': True}
2025-10-27 14:35:02,790 : INFO : EventManager : Event: ======'machine_var_audits_missing_switches_s_c_lock_target'====== Args={'value': 29, 'prev_value': None, 'change': True}
2025-10-27 14:35:02,790 : INFO : EventManager : Event: ======'machine_var_audits_missing_switches_s_coin_door'====== Args={'value': 156, 'prev_value': None, 'change': True}
2025-10-27 14:35:02,790 : INFO : EventManager : Event: ======'machine_var_audits_missing_switches_s_coin_door_credit_left'====== Args={'value': 63, 'prev_value': None, 'change': True}
2025-10-27 14:35:02,790 : INFO : EventManager : Event: ======'machine_var_audits_missing_switches_s_coin_door_credit_right'====== Args={'value': 63, 'prev_value': None, 'change': True}
2025-10-27 14:35:02,790 : INFO : EventManager : Event: ======'machine_var_audits_missing_switches_s_coin_door_service_1'====== Args={'value': 156, 'prev_value': None, 'change': True}
2025-10-27 14:35:02,790 : INFO : EventManager : Event: ======'machine_var_audits_missing_switches_s_coin_door_service_2'====== Args={'value': 156, 'prev_value': None, 'change': True}
2025-10-27 14:35:02,790 : INFO : EventManager : Event: ======'machine_var_audits_missing_switches_s_coin_door_service_3'====== Args={'value': 156, 'prev_value': None, 'change': True}
2025-10-27 14:35:02,790 : INFO : EventManager : Event: ======'machine_var_audits_missing_switches_s_coin_door_service_4'====== Args={'value': 156, 'prev_value': None, 'change': True}
2025-10-27 14:35:02,790 : INFO : EventManager : Event: ======'machine_var_audits_missing_switches_s_e_iceman_target'====== Args={'value': 12, 'prev_value': None, 'change': True}
2025-10-27 14:35:02,790 : INFO : EventManager : Event: ======'machine_var_audits_missing_switches_s_flight_gear_target'====== Args={'value': 10, 'prev_value': None, 'change': True}
2025-10-27 14:35:02,791 : INFO : EventManager : Event: ======'machine_var_audits_missing_switches_s_flipper_left'====== Args={'value': 214, 'prev_value': None, 'change': True}
2025-10-27 14:35:02,791 : INFO : EventManager : Event: ======'machine_var_audits_missing_switches_s_flipper_left_eos'====== Args={'value': 216, 'prev_value': None, 'change': True}
2025-10-27 14:35:02,791 : INFO : EventManager : Event: ======'machine_var_audits_missing_switches_s_flipper_left_upper'====== Args={'value': 218, 'prev_value': None, 'change': True}
2025-10-27 14:35:02,791 : INFO : EventManager : Event: ======'machine_var_audits_missing_switches_s_flipper_left_upper_eos'====== Args={'value': 216, 'prev_value': None, 'change': True}
2025-10-27 14:35:02,791 : INFO : EventManager : Event: ======'machine_var_audits_missing_switches_s_flipper_right'====== Args={'value': 152, 'prev_value': None, 'change': True}
2025-10-27 14:35:02,791 : INFO : EventManager : Event: ======'machine_var_audits_missing_switches_s_flipper_right_eos'====== Args={'value': 216, 'prev_value': None, 'change': True}
2025-10-27 14:35:02,791 : INFO : EventManager : Event: ======'machine_var_audits_missing_switches_s_i_iceman_target'====== Args={'value': 15, 'prev_value': None, 'change': True}
2025-10-27 14:35:02,791 : INFO : EventManager : Event: ======'machine_var_audits_missing_switches_s_inlane_left'====== Args={'value': 149, 'prev_value': None, 'change': True}
2025-10-27 14:35:02,791 : INFO : EventManager : Event: ======'machine_var_audits_missing_switches_s_inner_inlane_right'====== Args={'value': 29, 'prev_value': None, 'change': True}
2025-10-27 14:35:02,791 : INFO : EventManager : Event: ======'machine_var_audits_missing_switches_s_jam'====== Args={'value': 155, 'prev_value': None, 'change': True}
2025-10-27 14:35:02,791 : INFO : EventManager : Event: ======'machine_var_audits_missing_switches_s_k_lock_target'====== Args={'value': 153, 'prev_value': None, 'change': True}
2025-10-27 14:35:02,791 : INFO : EventManager : Event: ======'machine_var_audits_missing_switches_s_l_lock_target'====== Args={'value': 153, 'prev_value': None, 'change': True}
2025-10-27 14:35:02,791 : INFO : EventManager : Event: ======'machine_var_audits_missing_switches_s_lane_left'====== Args={'value': 10, 'prev_value': None, 'change': True}
2025-10-27 14:35:02,791 : INFO : EventManager : Event: ======'machine_var_audits_missing_switches_s_lane_right'====== Args={'value': 1, 'prev_value': None, 'change': True}
2025-10-27 14:35:02,791 : INFO : EventManager : Event: ======'machine_var_audits_missing_switches_s_lock_goose'====== Args={'value': 218, 'prev_value': None, 'change': True}
2025-10-27 14:35:02,791 : INFO : EventManager : Event: ======'machine_var_audits_missing_switches_s_lock_mav'====== Args={'value': 218, 'prev_value': None, 'change': True}
2025-10-27 14:35:02,791 : INFO : EventManager : Event: ======'machine_var_audits_missing_switches_s_lock_plunger'====== Args={'value': 52, 'prev_value': None, 'change': True}
2025-10-27 14:35:02,791 : INFO : EventManager : Event: ======'machine_var_audits_missing_switches_s_m_iceman_target'====== Args={'value': 16, 'prev_value': None, 'change': True}
2025-10-27 14:35:02,791 : INFO : EventManager : Event: ======'machine_var_audits_missing_switches_s_mig_lane_left'====== Args={'value': 7, 'prev_value': None, 'change': True}
2025-10-27 14:35:02,791 : INFO : EventManager : Event: ======'machine_var_audits_missing_switches_s_mig_lane_right'====== Args={'value': 53, 'prev_value': None, 'change': True}
2025-10-27 14:35:02,791 : INFO : EventManager : Event: ======'machine_var_audits_missing_switches_s_mode_start'====== Args={'value': 218, 'prev_value': None, 'change': True}
2025-10-27 14:35:02,791 : INFO : EventManager : Event: ======'machine_var_audits_missing_switches_s_n_iceman_target'====== Args={'value': 1, 'prev_value': None, 'change': True}
2025-10-27 14:35:02,791 : INFO : EventManager : Event: ======'machine_var_audits_missing_switches_s_o_lock_target'====== Args={'value': 153, 'prev_value': None, 'change': True}
2025-10-27 14:35:02,792 : INFO : EventManager : Event: ======'machine_var_audits_missing_switches_s_orbit_left'====== Args={'value': 10, 'prev_value': None, 'change': True}
2025-10-27 14:35:02,792 : INFO : EventManager : Event: ======'machine_var_audits_missing_switches_s_orbit_lower'====== Args={'value': 53, 'prev_value': None, 'change': True}
2025-10-27 14:35:02,792 : INFO : EventManager : Event: ======'machine_var_audits_missing_switches_s_orbit_right'====== Args={'value': 53, 'prev_value': None, 'change': True}
2025-10-27 14:35:02,792 : INFO : EventManager : Event: ======'machine_var_audits_missing_switches_s_orbit_upper'====== Args={'value': 10, 'prev_value': None, 'change': True}
2025-10-27 14:35:02,792 : INFO : EventManager : Event: ======'machine_var_audits_missing_switches_s_outer_inlane_right'====== Args={'value': 29, 'prev_value': None, 'change': True}
2025-10-27 14:35:02,792 : INFO : EventManager : Event: ======'machine_var_audits_missing_switches_s_outlane_left'====== Args={'value': 218, 'prev_value': None, 'change': True}
2025-10-27 14:35:02,792 : INFO : EventManager : Event: ======'machine_var_audits_missing_switches_s_outlane_right'====== Args={'value': 155, 'prev_value': None, 'change': True}
2025-10-27 14:35:02,792 : INFO : EventManager : Event: ======'machine_var_audits_missing_switches_s_plunger_lane'====== Args={'value': 10, 'prev_value': None, 'change': True}
2025-10-27 14:35:02,792 : INFO : EventManager : Event: ======'machine_var_audits_missing_switches_s_ramp_inner_exit'====== Args={'value': 2, 'prev_value': None, 'change': True}
2025-10-27 14:35:02,792 : INFO : EventManager : Event: ======'machine_var_audits_missing_switches_s_ramp_left_exit'====== Args={'value': 218, 'prev_value': None, 'change': True}
2025-10-27 14:35:02,792 : INFO : EventManager : Event: ======'machine_var_audits_missing_switches_s_ramp_right_exit'====== Args={'value': 10, 'prev_value': None, 'change': True}
2025-10-27 14:35:02,792 : INFO : EventManager : Event: ======'machine_var_audits_missing_switches_s_ramp_tower_exit'====== Args={'value': 10, 'prev_value': None, 'change': True}
2025-10-27 14:35:02,792 : INFO : EventManager : Event: ======'machine_var_audits_missing_switches_s_shooter_lane'====== Args={'value': 1, 'prev_value': None, 'change': True}
2025-10-27 14:35:02,792 : INFO : EventManager : Event: ======'machine_var_audits_missing_switches_s_slingshot_left'====== Args={'value': 153, 'prev_value': None, 'change': True}
2025-10-27 14:35:02,792 : INFO : EventManager : Event: ======'machine_var_audits_missing_switches_s_slingshot_right'====== Args={'value': 153, 'prev_value': None, 'change': True}
2025-10-27 14:35:02,792 : INFO : EventManager : Event: ======'machine_var_audits_missing_switches_s_spinner'====== Args={'value': 10, 'prev_value': None, 'change': True}
2025-10-27 14:35:02,792 : INFO : EventManager : Event: ======'machine_var_audits_missing_switches_s_start'====== Args={'value': 16, 'prev_value': None, 'change': True}
2025-10-27 14:35:02,792 : INFO : EventManager : Event: ======'machine_var_audits_missing_switches_s_tilt'====== Args={'value': 156, 'prev_value': None, 'change': True}
2025-10-27 14:35:02,792 : INFO : EventManager : Event: ======'machine_var_audits_missing_switches_s_trough_1'====== Args={'value': 194, 'prev_value': None, 'change': True}
2025-10-27 14:35:02,792 : INFO : EventManager : Event: ======'machine_var_audits_missing_switches_s_trough_2'====== Args={'value': 194, 'prev_value': None, 'change': True}
2025-10-27 14:35:02,792 : INFO : EventManager : Event: ======'machine_var_audits_missing_switches_s_trough_3'====== Args={'value': 194, 'prev_value': None, 'change': True}
2025-10-27 14:35:02,792 : INFO : EventManager : Event: ======'machine_var_audits_missing_switches_s_trough_4'====== Args={'value': 269, 'prev_value': None, 'change': True}
2025-10-27 14:35:02,792 : INFO : EventManager : Event: ======'machine_var_audits_missing_switches_s_trough_5'====== Args={'value': 269, 'prev_value': None, 'change': True}
2025-10-27 14:35:02,792 : INFO : EventManager : Event: ======'machine_var_audits_missing_switches_s_trough_6'====== Args={'value': 11, 'prev_value': None, 'change': True}
2025-10-27 14:35:02,792 : INFO : EventManager : Event: ======'machine_var_audits_player_score'====== Args={'value': {'average': 787666, 'top': [2229000, 73000, 61000], 'total': 3}, 'prev_value': None, 'change': True}
2025-10-27 14:35:02,792 : INFO : EventManager : Event: ======'machine_var_audits_shots_bumper_center'====== Args={'value': 501, 'prev_value': None, 'change': True}
2025-10-27 14:35:02,792 : INFO : EventManager : Event: ======'machine_var_audits_shots_bumper_left'====== Args={'value': 568, 'prev_value': None, 'change': True}
2025-10-27 14:35:02,792 : INFO : EventManager : Event: ======'machine_var_audits_shots_bumper_right'====== Args={'value': 369, 'prev_value': None, 'change': True}
2025-10-27 14:35:02,792 : INFO : EventManager : Event: ======'machine_var_audits_shots_mach_ramp'====== Args={'value': 45, 'prev_value': None, 'change': True}
2025-10-27 14:35:02,792 : INFO : EventManager : Event: ======'machine_var_audits_shots_mig_lane_left'====== Args={'value': 91, 'prev_value': None, 'change': True}
2025-10-27 14:35:02,792 : INFO : EventManager : Event: ======'machine_var_audits_shots_mig_lane_right'====== Args={'value': 13, 'prev_value': None, 'change': True}
2025-10-27 14:35:02,792 : INFO : EventManager : Event: ======'machine_var_audits_shots_orbit_upper'====== Args={'value': 13, 'prev_value': None, 'change': True}
2025-10-27 14:35:02,793 : INFO : EventManager : Event: ======'machine_var_audits_shots_ramp_inner'====== Args={'value': 38, 'prev_value': None, 'change': True}
2025-10-27 14:35:02,793 : INFO : EventManager : Event: ======'machine_var_audits_shots_spinner'====== Args={'value': 5, 'prev_value': None, 'change': True}
2025-10-27 14:35:02,793 : INFO : EventManager : Event: ======'machine_var_audits_switches_s_a_iceman_target'====== Args={'value': 27, 'prev_value': None, 'change': True}
2025-10-27 14:35:02,793 : INFO : EventManager : Event: ======'machine_var_audits_switches_s_barrier_target'====== Args={'value': 8, 'prev_value': None, 'change': True}
2025-10-27 14:35:02,793 : INFO : EventManager : Event: ======'machine_var_audits_switches_s_bumper_center'====== Args={'value': 521, 'prev_value': None, 'change': True}
2025-10-27 14:35:02,793 : INFO : EventManager : Event: ======'machine_var_audits_switches_s_bumper_left'====== Args={'value': 599, 'prev_value': None, 'change': True}
2025-10-27 14:35:02,793 : INFO : EventManager : Event: ======'machine_var_audits_switches_s_bumper_right'====== Args={'value': 375, 'prev_value': None, 'change': True}
2025-10-27 14:35:02,793 : INFO : EventManager : Event: ======'machine_var_audits_switches_s_c_iceman_target'====== Args={'value': 41, 'prev_value': None, 'change': True}
2025-10-27 14:35:02,793 : INFO : EventManager : Event: ======'machine_var_audits_switches_s_c_lock_target'====== Args={'value': 5, 'prev_value': None, 'change': True}
2025-10-27 14:35:02,793 : INFO : EventManager : Event: ======'machine_var_audits_switches_s_coin_door'====== Args={'value': 0, 'prev_value': None, 'change': True}
2025-10-27 14:35:02,793 : INFO : EventManager : Event: ======'machine_var_audits_switches_s_coin_door_credit_left'====== Args={'value': 0, 'prev_value': None, 'change': True}
2025-10-27 14:35:02,793 : INFO : EventManager : Event: ======'machine_var_audits_switches_s_coin_door_credit_right'====== Args={'value': 0, 'prev_value': None, 'change': True}
2025-10-27 14:35:02,793 : INFO : EventManager : Event: ======'machine_var_audits_switches_s_coin_door_service_1'====== Args={'value': 0, 'prev_value': None, 'change': True}
2025-10-27 14:35:02,793 : INFO : EventManager : Event: ======'machine_var_audits_switches_s_coin_door_service_2'====== Args={'value': 0, 'prev_value': None, 'change': True}
2025-10-27 14:35:02,793 : INFO : EventManager : Event: ======'machine_var_audits_switches_s_coin_door_service_3'====== Args={'value': 0, 'prev_value': None, 'change': True}
2025-10-27 14:35:02,793 : INFO : EventManager : Event: ======'machine_var_audits_switches_s_coin_door_service_4'====== Args={'value': 0, 'prev_value': None, 'change': True}
2025-10-27 14:35:02,793 : INFO : EventManager : Event: ======'machine_var_audits_switches_s_e_iceman_target'====== Args={'value': 58, 'prev_value': None, 'change': True}
2025-10-27 14:35:02,793 : INFO : EventManager : Event: ======'machine_var_audits_switches_s_flight_gear_target'====== Args={'value': 54, 'prev_value': None, 'change': True}
2025-10-27 14:35:02,793 : INFO : EventManager : Event: ======'machine_var_audits_switches_s_flipper_left'====== Args={'value': 9, 'prev_value': None, 'change': True}
2025-10-27 14:35:02,793 : INFO : EventManager : Event: ======'machine_var_audits_switches_s_flipper_left_eos'====== Args={'value': 0, 'prev_value': None, 'change': True}
2025-10-27 14:35:02,793 : INFO : EventManager : Event: ======'machine_var_audits_switches_s_flipper_left_upper'====== Args={'value': 0, 'prev_value': None, 'change': True}
2025-10-27 14:35:02,793 : INFO : EventManager : Event: ======'machine_var_audits_switches_s_flipper_left_upper_eos'====== Args={'value': 0, 'prev_value': None, 'change': True}
2025-10-27 14:35:02,793 : INFO : EventManager : Event: ======'machine_var_audits_switches_s_flipper_right'====== Args={'value': 17, 'prev_value': None, 'change': True}
2025-10-27 14:35:02,793 : INFO : EventManager : Event: ======'machine_var_audits_switches_s_flipper_right_eos'====== Args={'value': 0, 'prev_value': None, 'change': True}
2025-10-27 14:35:02,794 : INFO : EventManager : Event: ======'machine_var_audits_switches_s_i_iceman_target'====== Args={'value': 10, 'prev_value': None, 'change': True}
2025-10-27 14:35:02,794 : INFO : EventManager : Event: ======'machine_var_audits_switches_s_inlane_left'====== Args={'value': 53, 'prev_value': None, 'change': True}
2025-10-27 14:35:02,794 : INFO : EventManager : Event: ======'machine_var_audits_switches_s_inner_inlane_right'====== Args={'value': 4, 'prev_value': None, 'change': True}
2025-10-27 14:35:02,794 : INFO : EventManager : Event: ======'machine_var_audits_switches_s_jam'====== Args={'value': 1, 'prev_value': None, 'change': True}
2025-10-27 14:35:02,794 : INFO : EventManager : Event: ======'machine_var_audits_switches_s_k_lock_target'====== Args={'value': 5, 'prev_value': None, 'change': True}
2025-10-27 14:35:02,794 : INFO : EventManager : Event: ======'machine_var_audits_switches_s_l_lock_target'====== Args={'value': 5, 'prev_value': None, 'change': True}
2025-10-27 14:35:02,794 : INFO : EventManager : Event: ======'machine_var_audits_switches_s_lane_left'====== Args={'value': 252, 'prev_value': None, 'change': True}
2025-10-27 14:35:02,794 : INFO : EventManager : Event: ======'machine_var_audits_switches_s_lane_right'====== Args={'value': 156, 'prev_value': None, 'change': True}
2025-10-27 14:35:02,794 : INFO : EventManager : Event: ======'machine_var_audits_switches_s_lock_goose'====== Args={'value': 0, 'prev_value': None, 'change': True}
2025-10-27 14:35:02,794 : INFO : EventManager : Event: ======'machine_var_audits_switches_s_lock_mav'====== Args={'value': 0, 'prev_value': None, 'change': True}
2025-10-27 14:35:02,794 : INFO : EventManager : Event: ======'machine_var_audits_switches_s_lock_plunger'====== Args={'value': 3, 'prev_value': None, 'change': True}
2025-10-27 14:35:02,794 : INFO : EventManager : Event: ======'machine_var_audits_switches_s_m_iceman_target'====== Args={'value': 31, 'prev_value': None, 'change': True}
2025-10-27 14:35:02,794 : INFO : EventManager : Event: ======'machine_var_audits_switches_s_mig_lane_left'====== Args={'value': 122, 'prev_value': None, 'change': True}
2025-10-27 14:35:02,794 : INFO : EventManager : Event: ======'machine_var_audits_switches_s_mig_lane_right'====== Args={'value': 16, 'prev_value': None, 'change': True}
2025-10-27 14:35:02,794 : INFO : EventManager : Event: ======'machine_var_audits_switches_s_mode_start'====== Args={'value': 0, 'prev_value': None, 'change': True}
2025-10-27 14:35:02,794 : INFO : EventManager : Event: ======'machine_var_audits_switches_s_n_iceman_target'====== Args={'value': 59, 'prev_value': None, 'change': True}
2025-10-27 14:35:02,794 : INFO : EventManager : Event: ======'machine_var_audits_switches_s_o_lock_target'====== Args={'value': 5, 'prev_value': None, 'change': True}
2025-10-27 14:35:02,794 : INFO : EventManager : Event: ======'machine_var_audits_switches_s_orbit_left'====== Args={'value': 58, 'prev_value': None, 'change': True}
2025-10-27 14:35:02,794 : INFO : EventManager : Event: ======'machine_var_audits_switches_s_orbit_lower'====== Args={'value': 2, 'prev_value': None, 'change': True}
2025-10-27 14:35:02,794 : INFO : EventManager : Event: ======'machine_var_audits_switches_s_orbit_right'====== Args={'value': 15, 'prev_value': None, 'change': True}
2025-10-27 14:35:02,794 : INFO : EventManager : Event: ======'machine_var_audits_switches_s_orbit_upper'====== Args={'value': 17, 'prev_value': None, 'change': True}
2025-10-27 14:35:02,794 : INFO : EventManager : Event: ======'machine_var_audits_switches_s_outer_inlane_right'====== Args={'value': 6, 'prev_value': None, 'change': True}
2025-10-27 14:35:02,794 : INFO : EventManager : Event: ======'machine_var_audits_switches_s_outlane_left'====== Args={'value': 0, 'prev_value': None, 'change': True}
2025-10-27 14:35:02,794 : INFO : EventManager : Event: ======'machine_var_audits_switches_s_outlane_right'====== Args={'value': 4, 'prev_value': None, 'change': True}
2025-10-27 14:35:02,795 : INFO : EventManager : Event: ======'machine_var_audits_switches_s_plunger_lane'====== Args={'value': 46, 'prev_value': None, 'change': True}
2025-10-27 14:35:02,795 : INFO : EventManager : Event: ======'machine_var_audits_switches_s_ramp_inner_exit'====== Args={'value': 89, 'prev_value': None, 'change': True}
2025-10-27 14:35:02,795 : INFO : EventManager : Event: ======'machine_var_audits_switches_s_ramp_left_exit'====== Args={'value': 0, 'prev_value': None, 'change': True}
2025-10-27 14:35:02,795 : INFO : EventManager : Event: ======'machine_var_audits_switches_s_ramp_right_exit'====== Args={'value': 7, 'prev_value': None, 'change': True}
2025-10-27 14:35:02,795 : INFO : EventManager : Event: ======'machine_var_audits_switches_s_ramp_tower_exit'====== Args={'value': 6, 'prev_value': None, 'change': True}
2025-10-27 14:35:02,795 : INFO : EventManager : Event: ======'machine_var_audits_switches_s_shooter_lane'====== Args={'value': 225, 'prev_value': None, 'change': True}
2025-10-27 14:35:02,795 : INFO : EventManager : Event: ======'machine_var_audits_switches_s_slingshot_left'====== Args={'value': 8, 'prev_value': None, 'change': True}
2025-10-27 14:35:02,795 : INFO : EventManager : Event: ======'machine_var_audits_switches_s_slingshot_right'====== Args={'value': 7, 'prev_value': None, 'change': True}
2025-10-27 14:35:02,795 : INFO : EventManager : Event: ======'machine_var_audits_switches_s_spinner'====== Args={'value': 112, 'prev_value': None, 'change': True}
2025-10-27 14:35:02,795 : INFO : EventManager : Event: ======'machine_var_audits_switches_s_start'====== Args={'value': 162, 'prev_value': None, 'change': True}
2025-10-27 14:35:02,795 : INFO : EventManager : Event: ======'machine_var_audits_switches_s_tilt'====== Args={'value': 0, 'prev_value': None, 'change': True}
2025-10-27 14:35:02,795 : INFO : EventManager : Event: ======'machine_var_audits_switches_s_trough_1'====== Args={'value': 2, 'prev_value': None, 'change': True}
2025-10-27 14:35:02,795 : INFO : EventManager : Event: ======'machine_var_audits_switches_s_trough_2'====== Args={'value': 1, 'prev_value': None, 'change': True}
2025-10-27 14:35:02,795 : INFO : EventManager : Event: ======'machine_var_audits_switches_s_trough_3'====== Args={'value': 1, 'prev_value': None, 'change': True}
2025-10-27 14:35:02,795 : INFO : EventManager : Event: ======'machine_var_audits_switches_s_trough_4'====== Args={'value': 0, 'prev_value': None, 'change': True}
2025-10-27 14:35:02,795 : INFO : EventManager : Event: ======'machine_var_audits_switches_s_trough_5'====== Args={'value': 0, 'prev_value': None, 'change': True}
2025-10-27 14:35:02,795 : INFO : EventManager : Event: ======'machine_var_audits_switches_s_trough_6'====== Args={'value': 159, 'prev_value': None, 'change': True}
2025-10-27 14:35:02,796 : INFO : EventManager : Event: ======'init_phase_5'====== Args={}
2025-10-27 14:35:02,796 : INFO : EventManager : Event: ======'init_done'====== Args={}
2025-10-27 14:35:02,796 : INFO : EventManager : Event: ======'machine_reset_phase_1'====== Args={}
2025-10-27 14:35:02,804 : INFO : EventManager : Event: ======'machine_reset_phase_2'====== Args={}
2025-10-27 14:35:02,804 : INFO : EventManager : Event: ======'machine_reset_phase_3'====== Args={}
2025-10-27 14:35:02,804 : INFO : EventManager : Event: ======'reset_complete'====== Args={}
2025-10-27 14:35:02,804 : INFO : EventManager : Event: ======'mode_attract_will_start'====== Args={}
2025-10-27 14:35:02,805 : INFO : Timer.attract_carousel_timer : Starting Timer.
2025-10-27 14:35:02,805 : INFO : EventManager : Event: ======'timer_attract_carousel_timer_started'====== Args={'ticks': 0, 'ticks_remaining': 1}
2025-10-27 14:35:02,805 : INFO : EventManager : Event: ======'timer_attract_carousel_timer_tick'====== Args={'ticks': 0, 'ticks_remaining': 1}
2025-10-27 14:35:02,806 : INFO : EventManager : Event: ======'mode_attract_starting'====== Args={}
2025-10-27 14:35:02,806 : INFO : Mode.attract : Started. Priority: 10
2025-10-27 14:35:02,806 : INFO : EventManager : Event: ======'modes_active_modes_changed'====== Args={}
2025-10-27 14:35:02,806 : INFO : EventManager : Event: ======'mode_attract_started'====== Args={}
2025-10-27 14:35:02,806 : INFO : EventManager : Event: ======'attract_cycle_step1'====== Args={'priority': 0}
2025-10-27 14:35:02,807 : INFO : EventManager : Event: ======'collecting_balls_complete'====== Args={}
2025-10-27 14:35:02,807 : INFO : EventManager : Event: ======'item_highlighted'====== Args={'carousel': 'attract', 'direction': None, 'item': 'title'}
2025-10-27 14:35:02,807 : INFO : EventManager : Event: ======'timer_attract_carousel_timer_tick'====== Args={'ticks': 0, 'ticks_remaining': 1}
2025-10-27 14:35:02,808 : INFO : Machine : Starting the main run loop with active modes: [<Mode.attract>]
2025-10-27 14:35:02,893 : INFO : EventManager : Event: ======'slide_attract_created'====== Args={'_from_bcp': True}
2025-10-27 14:35:02,894 : INFO : EventManager : Event: ======'slide__removed'====== Args={'_from_bcp': True}
2025-10-27 14:35:02,894 : INFO : EventManager : Event: ======'slide_attract_active'====== Args={'original_context': 'attract', 'original_calling_context': 'mode_attract_started', 'priority': 10.0, 'cmd': 'slides_play', '_from_bcp': True}
2025-10-27 14:35:03,096 : INFO : BcpServer : New client connected.
2025-10-27 14:35:08,226 : INFO : SwitchController : <<<<<<< 's_start' active >>>>>>>
2025-10-27 14:35:08,327 : INFO : SwitchController : <<<<<<< 's_start' inactive >>>>>>>
2025-10-27 14:35:08,327 : INFO : EventManager : Event: ======'request_to_start_game'====== Args={}
2025-10-27 14:35:08,327 : INFO : EventManager : Event: ======'game_start'====== Args={'buttons': [], 'hold_time': 0.09399999992456287}
2025-10-27 14:35:08,327 : INFO : EventManager : Event: ======'mode_game_will_start'====== Args={'buttons': [], 'hold_time': 0.09399999992456287}
2025-10-27 14:35:08,328 : INFO : EventManager : Event: ======'mode_game_starting'====== Args={'buttons': [], 'hold_time': 0.09399999992456287}
2025-10-27 14:35:08,328 : INFO : EventManager : Event: ======'mode_attract_will_stop'====== Args={}
2025-10-27 14:35:08,328 : INFO : EventManager : Event: ======'mode_attract_stopping'====== Args={}
2025-10-27 14:35:08,329 : INFO : Mode.game : Started. Priority: 20
2025-10-27 14:35:08,329 : INFO : EventManager : Event: ======'modes_active_modes_changed'====== Args={}
2025-10-27 14:35:08,329 : INFO : EventManager : Event: ======'mode_game_started'====== Args={'buttons': [], 'hold_time': 0.09399999992456287}
2025-10-27 14:35:08,330 : INFO : Mode.attract : Stopped.
2025-10-27 14:35:08,330 : INFO : EventManager : Event: ======'modes_active_modes_changed'====== Args={}
2025-10-27 14:35:08,330 : INFO : EventManager : Event: ======'mode_attract_stopped'====== Args={}
2025-10-27 14:35:08,331 : INFO : EventManager : Event: ======'clear'====== Args={'key': 'attract'}
2025-10-27 14:35:08,331 : INFO : Timer.attract_carousel_timer : Stopping Timer
2025-10-27 14:35:08,331 : INFO : EventManager : Event: ======'timer_attract_carousel_timer_stopped'====== Args={'ticks': 0, 'ticks_remaining': 1}
2025-10-27 14:35:08,331 : INFO : EventManager : Event: ======'game_will_start'====== Args={}
2025-10-27 14:35:08,333 : INFO : EventManager : Event: ======'game_starting'====== Args={'game': <Mode.game>}
2025-10-27 14:35:08,336 : INFO : EventManager : Unordered handler for class <Auditor> on event game_ended with priority 1. Handlers: [RegisteredHandler(callback=<bound method Auditor.disable of <Auditor>>, priority=1, kwargs={}, key=UUID('389dd41d-b7bc-47f2-a6e4-a280d4690242'), condition=None, blocking_facility=None), RegisteredHandler(callback=<bound method Auditor._save_audits of <Auditor>>, priority=1, kwargs={}, key=UUID('545e2174-5280-4f97-8e31-e08b8893eea6'), condition=None, blocking_facility=None)]. The order of those handlers is not defined and they will be executed in random order. This might lead to race conditions and potential bugs.
2025-10-27 14:35:08,336 : INFO : EventManager : Event: ======'player_add_request'====== Args={}
2025-10-27 14:35:08,337 : INFO : EventManager : Event: ======'player_will_add'====== Args={'number': 1}
2025-10-27 14:35:08,337 : INFO : EventManager : Event: ======'player_adding'====== Args={'player': <Player 1>, 'number': 1}
2025-10-27 14:35:08,337 : INFO : EventManager : Event: ======'player_added'====== Args={'player': <Player 1>, 'num': 1}
2025-10-27 14:35:08,337 : INFO : Mode.game : Player added successfully. Total players: 1
2025-10-27 14:35:08,337 : INFO : EventManager : Event: ======'player_index'====== Args={'value': 0, 'prev_value': 0, 'change': 0, 'player_num': 1}
2025-10-27 14:35:08,338 : INFO : EventManager : Event: ======'player_number'====== Args={'value': 1, 'prev_value': 1, 'change': 0, 'player_num': 1}
2025-10-27 14:35:08,338 : INFO : EventManager : Event: ======'player_mach_level'====== Args={'value': 1.0, 'prev_value': 1.0, 'change': 0, 'player_num': 1}
2025-10-27 14:35:08,338 : INFO : EventManager : Event: ======'player_mach_step'====== Args={'value': 0, 'prev_value': 0, 'change': 0, 'player_num': 1}
2025-10-27 14:35:08,338 : INFO : EventManager : Event: ======'player_score'====== Args={'value': 0, 'prev_value': 0, 'change': 0, 'player_num': 1}
2025-10-27 14:35:08,338 : INFO : EventManager : Event: ======'game_started'====== Args={}
2025-10-27 14:35:08,339 : INFO : EventManager : Event: ======'player_turn_will_start'====== Args={'player': <Player 1>, 'number': 1}
2025-10-27 14:35:08,340 : INFO : EventManager : Event: ======'player_turn_starting'====== Args={'player': <Player 1>, 'number': 1}
2025-10-27 14:35:08,340 : INFO : EventManager : Event: ======'player_ball'====== Args={'value': 1, 'prev_value': 0, 'change': 1, 'player_num': 1}
2025-10-27 14:35:08,347 : INFO : EventManager : Event: ======'player_turn_started'====== Args={'player': <Player 1>, 'number': 1}
2025-10-27 14:35:08,348 : INFO : EventManager : Event: ======'ui_player_1_up'====== Args={'priority': 0}
2025-10-27 14:35:08,348 : INFO : EventManager : Event: ======'ball_will_start'====== Args={'player': 1, 'ball': 1, 'balls_remaining': 2, 'is_extra_ball': False}
2025-10-27 14:35:08,349 : INFO : EventManager : Event: ======'ball_starting'====== Args={'player': 1, 'ball': 1, 'balls_remaining': 2, 'is_extra_ball': False}
2025-10-27 14:35:08,350 : INFO : EventManager : Event: ======'mode_base_will_start'====== Args={'queue': <QueuedEvent>, 'player': 1, 'ball': 1, 'balls_remaining': 2, 'is_extra_ball': False}
2025-10-27 14:35:08,351 : INFO : EventManager : Event: ======'mode_base_starting'====== Args={'queue': <QueuedEvent>, 'player': 1, 'ball': 1, 'balls_remaining': 2, 'is_extra_ball': False}
2025-10-27 14:35:08,353 : INFO : Mode.base : Started. Priority: 100
2025-10-27 14:35:08,354 : INFO : EventManager : Event: ======'modes_active_modes_changed'====== Args={}
2025-10-27 14:35:08,354 : INFO : EventManager : Event: ======'mode_base_started'====== Args={'queue': <QueuedEvent>, 'player': 1, 'ball': 1, 'balls_remaining': 2, 'is_extra_ball': False}
2025-10-27 14:35:08,354 : INFO : EventManager : Event: ======'mode_mach_scoring_will_start'====== Args={'queue': <QueuedEvent>, 'player': 1, 'ball': 1, 'balls_remaining': 2, 'is_extra_ball': False}
2025-10-27 14:35:08,354 : INFO : EventManager : Event: ======'player_shot_mach_ramp_enabled'====== Args={'value': True, 'prev_value': 0, 'change': 1, 'player_num': 1}
2025-10-27 14:35:08,354 : INFO : EventManager : Event: ======'player_mach_scoring_mach_timer_tick'====== Args={'value': 20, 'prev_value': 0, 'change': 20, 'player_num': 1}
2025-10-27 14:35:08,358 : INFO : EventManager : Event: ======'mode_mach_scoring_starting'====== Args={'queue': <QueuedEvent>, 'player': 1, 'ball': 1, 'balls_remaining': 2, 'is_extra_ball': False}
2025-10-27 14:35:08,358 : INFO : EventManager : Event: ======'mode_pilot_mission_qualifier_will_start'====== Args={'queue': <QueuedEvent>, 'player': 1, 'ball': 1, 'balls_remaining': 2, 'is_extra_ball': False}
2025-10-27 14:35:08,391 : INFO : EventManager : Event: ======'mode_pilot_mission_qualifier_starting'====== Args={'queue': <QueuedEvent>, 'player': 1, 'ball': 1, 'balls_remaining': 2, 'is_extra_ball': False}
2025-10-27 14:35:08,391 : INFO : EventManager : Event: ======'start_mode_bumpers'====== Args={'priority': 0}
2025-10-27 14:35:08,392 : INFO : EventManager : Event: ======'mode_bumpers_will_start'====== Args={'priority': 0}
2025-10-27 14:35:08,392 : INFO : EventManager : Event: ======'player_shot_bumper_left_enabled'====== Args={'value': True, 'prev_value': 0, 'change': 1, 'player_num': 1}
2025-10-27 14:35:08,392 : INFO : EventManager : Event: ======'player_shot_bumper_center_enabled'====== Args={'value': True, 'prev_value': 0, 'change': 1, 'player_num': 1}
2025-10-27 14:35:08,392 : INFO : EventManager : Event: ======'player_shot_bumper_right_enabled'====== Args={'value': True, 'prev_value': 0, 'change': 1, 'player_num': 1}
2025-10-27 14:35:08,393 : INFO : EventManager : Event: ======'bumpers_complete'====== Args={'state': 'unlit'}
2025-10-27 14:35:08,393 : INFO : EventManager : Event: ======'bumpers_unlit_complete'====== Args={}
2025-10-27 14:35:08,393 : INFO : EventManager : Event: ======'mode_bumpers_starting'====== Args={'priority': 0}
2025-10-27 14:35:08,393 : INFO : Mode.bumpers : Started. Priority: 200
2025-10-27 14:35:08,393 : INFO : EventManager : Event: ======'modes_active_modes_changed'====== Args={}
2025-10-27 14:35:08,393 : INFO : EventManager : Event: ======'mode_bumpers_started'====== Args={'priority': 0}
2025-10-27 14:35:08,394 : INFO : Mode.pilot_mission_qualifier : Started. Priority: 200
2025-10-27 14:35:08,394 : INFO : EventManager : Event: ======'modes_active_modes_changed'====== Args={}
2025-10-27 14:35:08,394 : INFO : EventManager : Event: ======'mode_pilot_mission_qualifier_started'====== Args={'queue': <QueuedEvent>, 'player': 1, 'ball': 1, 'balls_remaining': 2, 'is_extra_ball': False}
2025-10-27 14:35:08,395 : INFO : Mode.mach_scoring : Started. Priority: 500
2025-10-27 14:35:08,395 : INFO : EventManager : Event: ======'modes_active_modes_changed'====== Args={}
2025-10-27 14:35:08,395 : INFO : EventManager : Event: ======'mode_mach_scoring_started'====== Args={'queue': <QueuedEvent>, 'player': 1, 'ball': 1, 'balls_remaining': 2, 'is_extra_ball': False}
2025-10-27 14:35:08,396 : INFO : EventManager : Event: ======'balls_in_play'====== Args={'balls': 1}
2025-10-27 14:35:08,396 : INFO : EventManager : Event: ======'ball_started'====== Args={'player': 1, 'ball': 1, 'balls_remaining': 2, 'is_extra_ball': False}
2025-10-27 14:35:08,397 : INFO : EventManager : Event: ======'single_player_ball_started'====== Args={}
2025-10-27 14:35:08,398 : INFO : EventManager : Event: ======'ball_start_target'====== Args={'target': 'playfield'}
2025-10-27 14:35:08,399 : INFO : ball_device.bd_plunger : Setting up player-controlled eject. Balls: 1, Target: <playfield.playfield>, player_controlled_eject_event: None
2025-10-27 14:35:08,399 : INFO : EventManager : Event: ======'balldevice_balls_available'====== Args={}
2025-10-27 14:35:08,400 : INFO : ball_device.bd_trough : State: waiting_for_target_ready
2025-10-27 14:35:08,401 : INFO : EventManager : Event: ======'balldevice_bd_trough_ball_eject_attempt'====== Args={'balls': 1, 'target': <ball_device.bd_plunger>, 'source': <ball_device.bd_trough>, 'mechanical_eject': True, 'num_attempts': 0}
2025-10-27 14:35:08,401 : INFO : ball_device.bd_plunger : State: waiting_for_ball
2025-10-27 14:35:08,401 : INFO : ball_device.bd_trough : State: ejecting
2025-10-27 14:35:08,401 : INFO : ball_device.bd_trough : Ejecting ball to <ball_device.bd_plunger>
2025-10-27 14:35:08,403 : INFO : EventManager : Event: ======'balldevice_bd_trough_ejecting_ball'====== Args={'balls': 1, 'target': <ball_device.bd_plunger>, 'source': <ball_device.bd_trough>, 'mechanical_eject': True, 'num_attempts': 0}
2025-10-27 14:35:08,403 : INFO : ball_device.bd_trough : Wait for ball to leave device
2025-10-27 14:35:08,404 : INFO : coil.c_trough_eject : Pulsing Driver for 10ms (0.75 pulse_power)
2025-10-27 14:35:08,448 : INFO : EventManager : Event: ======'slide_base_slide_created'====== Args={'_from_bcp': True}
2025-10-27 14:35:08,450 : INFO : EventManager : Event: ======'slide_attract_inactive'====== Args={'is_removing': True, '_from_bcp': True}
2025-10-27 14:35:08,451 : INFO : EventManager : Event: ======'slide_base_slide_active'====== Args={'original_context': 'base', 'original_calling_context': 'mode_base_started', 'priority': 100.0, 'queue': '<QueuedEvent>', 'player': 1.0, 'ball': 1.0, 'balls_remaining': 2.0, 'is_extra_ball': False, 'cmd': 'slides_play', '_from_bcp': True}
2025-10-27 14:35:08,455 : INFO : EventManager : Event: ======'slide_attract_removed'====== Args={'_from_bcp': True}
2025-10-27 14:35:08,468 : INFO : EventManager : Event: ======'slide_topgun_0_created'====== Args={'_from_bcp': True}
2025-10-27 14:35:08,468 : INFO : EventManager : Event: ======'slide_base_slide_inactive'====== Args={'is_removing': False, '_from_bcp': True}
2025-10-27 14:35:08,469 : INFO : EventManager : Event: ======'slide_topgun_0_active'====== Args={'original_context': 'pilot_mission_qualifier', 'original_calling_context': 'mode_pilot_mission_qualifier_started{current_player.topgun_shots_collected==0 and current_player.qualified_mode_number==0}', 'priority': 200.0, 'queue': '<QueuedEvent>', 'player': 1.0, 'ball': 1.0, 'balls_remaining': 2.0, 'is_extra_ball': False, 'cmd': 'slides_play', '_from_bcp': True}
2025-10-27 14:35:08,474 : INFO : EventManager : Event: ======'slide_mach_1_created'====== Args={'_from_bcp': True}
2025-10-27 14:35:08,475 : INFO : EventManager : Event: ======'slide_topgun_0_inactive'====== Args={'is_removing': False, '_from_bcp': True}
2025-10-27 14:35:08,475 : INFO : EventManager : Event: ======'slide_mach_1_active'====== Args={'original_context': 'mach_scoring', 'original_calling_context': 'mode_mach_scoring_started', 'priority': 500.0, 'queue': '<QueuedEvent>', 'player': 1.0, 'ball': 1.0, 'balls_remaining': 2.0, 'is_extra_ball': False, 'cmd': 'slides_play', '_from_bcp': True}
2025-10-27 14:35:10,117 : INFO : SwitchController : <<<<<<< 's_trough_6' inactive >>>>>>>
2025-10-27 14:35:10,117 : INFO : ball_device.bd_trough : State: ball_left
2025-10-27 14:35:10,118 : INFO : ball_device.bd_trough : Ball left
2025-10-27 14:35:10,118 : INFO : ball_device.bd_trough : Wait for confirm with timeout 3.0
2025-10-27 14:35:10,210 : INFO : SwitchController : <<<<<<< 's_trough_6' active >>>>>>>
2025-10-27 14:35:10,211 : INFO : EventManager : Event: ======'machine_var_audits_switches_s_trough_6'====== Args={'value': 160, 'prev_value': 159, 'change': 1}
2025-10-27 14:35:11,180 : INFO : SwitchController : <<<<<<< 's_trough_6' inactive >>>>>>>
2025-10-27 14:35:12,298 : INFO : SwitchController : <<<<<<< 's_shooter_lane' active >>>>>>>
2025-10-27 14:35:12,298 : INFO : EventManager : Event: ======'s_shooter_lane_active'====== Args={}
2025-10-27 14:35:12,298 : INFO : EventManager : Event: ======'machine_var_audits_switches_s_shooter_lane'====== Args={'value': 226, 'prev_value': 225, 'change': 1}
2025-10-27 14:35:12,299 : INFO : EventManager : Event: ======'mode_skillshot_will_start'====== Args={}
2025-10-27 14:35:12,300 : INFO : EventManager : Event: ======'player_shot_mig_lane_left_enabled'====== Args={'value': True, 'prev_value': 0, 'change': 1, 'player_num': 1}
2025-10-27 14:35:12,300 : INFO : EventManager : Event: ======'player_shot_mig_lane_right_enabled'====== Args={'value': True, 'prev_value': 0, 'change': 1, 'player_num': 1}
2025-10-27 14:35:12,301 : INFO : EventManager : Event: ======'player_shot_spinner_enabled'====== Args={'value': True, 'prev_value': 0, 'change': 1, 'player_num': 1}
2025-10-27 14:35:12,302 : INFO : EventManager : Event: ======'player_shot_orbit_upper_enabled'====== Args={'value': True, 'prev_value': 0, 'change': 1, 'player_num': 1}
2025-10-27 14:35:12,302 : INFO : EventManager : Event: ======'player_shot_ramp_inner_enabled'====== Args={'value': True, 'prev_value': 0, 'change': 1, 'player_num': 1}
2025-10-27 14:35:12,303 : INFO : EventManager : Event: ======'skillshot_group_complete'====== Args={'state': 'off'}
2025-10-27 14:35:12,303 : INFO : EventManager : Event: ======'skillshot_group_off_complete'====== Args={}
2025-10-27 14:35:12,303 : INFO : EventManager : Event: ======'player_skillshot_skillshot_tick'====== Args={'value': 9, 'prev_value': 0, 'change': 9, 'player_num': 1}
2025-10-27 14:35:12,304 : INFO : EventManager : Event: ======'player_skillshot_skillshot_sound_loop_tick'====== Args={'value': 0, 'prev_value': 0, 'change': 0, 'player_num': 1}
2025-10-27 14:35:12,308 : INFO : EventManager : Event: ======'mode_skillshot_starting'====== Args={}
2025-10-27 14:35:12,308 : INFO : Mode.skillshot : Started. Priority: 100
2025-10-27 14:35:12,308 : INFO : EventManager : Event: ======'modes_active_modes_changed'====== Args={}
2025-10-27 14:35:12,308 : INFO : EventManager : Event: ======'mode_skillshot_started'====== Args={}
2025-10-27 14:35:12,309 : INFO : EventManager : Event: ======'player_pilot_qualifier_paused'====== Args={'value': 1, 'prev_value': 0, 'change': 1, 'player_num': 1, 'source': 'pilot_mission_qualifier'}
2025-10-27 14:35:12,309 : INFO : EventManager : Event: ======'player_shot_mig_lane_left'====== Args={'value': 1, 'prev_value': 0, 'change': 1, 'player_num': 1}
2025-10-27 14:35:12,309 : INFO : EventManager : Event: ======'player_shot_mig_lane_right'====== Args={'value': 1, 'prev_value': 0, 'change': 1, 'player_num': 1}
2025-10-27 14:35:12,310 : INFO : EventManager : Event: ======'player_shot_spinner'====== Args={'value': 1, 'prev_value': 0, 'change': 1, 'player_num': 1}
2025-10-27 14:35:12,310 : INFO : EventManager : Event: ======'player_shot_orbit_upper'====== Args={'value': 1, 'prev_value': 0, 'change': 1, 'player_num': 1}
2025-10-27 14:35:12,310 : INFO : EventManager : Event: ======'player_shot_ramp_inner'====== Args={'value': 1, 'prev_value': 0, 'change': 1, 'player_num': 1}
2025-10-27 14:35:12,310 : INFO : Timer.skillshot_sound_loop : Starting Timer.
2025-10-27 14:35:12,311 : INFO : EventManager : Event: ======'timer_skillshot_sound_loop_started'====== Args={'ticks': 0, 'ticks_remaining': 999}
2025-10-27 14:35:12,311 : INFO : EventManager : Event: ======'timer_skillshot_sound_loop_tick'====== Args={'ticks': 0, 'ticks_remaining': 999}
2025-10-27 14:35:12,311 : INFO : EventManager : Event: ======'skillshot_group_complete'====== Args={'state': 'lit'}
2025-10-27 14:35:12,311 : INFO : EventManager : Event: ======'skillshot_group_lit_complete'====== Args={}
2025-10-27 14:35:12,357 : INFO : EventManager : Event: ======'slide_skillshot_ball_in_shooter_lane_created'====== Args={'_from_bcp': True}
2025-10-27 14:35:12,606 : INFO : ball_device.bd_plunger : Received ball from <ball_device.bd_trough>
2025-10-27 14:35:12,606 : INFO : EventManager : Event: ======'balldevice_bd_plunger_ball_enter'====== Args={'new_balls': 1, 'unclaimed_balls': 0, 'new_available_balls': 0, 'device': <ball_device.bd_plunger>}
2025-10-27 14:35:12,607 : INFO : EventManager : Event: ======'balldevice_bd_plunger_ball_entered'====== Args={'new_balls': 0, 'device': <ball_device.bd_plunger>}
2025-10-27 14:35:12,608 : INFO : EventManager : Event: ======'balldevice_bd_plunger_ball_count_changed'====== Args={'balls': 1}
2025-10-27 14:35:12,608 : INFO : ball_device.bd_trough : Got eject confirm
2025-10-27 14:35:12,608 : INFO : ball_device.bd_trough : Eject successful
2025-10-27 14:35:12,608 : INFO : EventManager : Event: ======'balldevice_bd_trough_ball_eject_success'====== Args={'balls': 1, 'target': <ball_device.bd_plunger>}
2025-10-27 14:35:12,609 : INFO : EventManager : Event: ======'balldevice_bd_trough_ball_count_changed'====== Args={'balls': 5}
2025-10-27 14:35:12,609 : INFO : ball_device.bd_trough : State: idle
2025-10-27 14:35:12,609 : INFO : ball_device.bd_plunger : State: waiting_for_target_ready
2025-10-27 14:35:12,609 : INFO : EventManager : Event: ======'balldevice_bd_plunger_ball_eject_attempt'====== Args={'balls': 1, 'target': <playfield.playfield>, 'source': <ball_device.bd_plunger>, 'mechanical_eject': True, 'num_attempts': 0}
2025-10-27 14:35:12,610 : INFO : ball_device.bd_plunger : State: ejecting
2025-10-27 14:35:12,610 : INFO : ball_device.bd_plunger : Ejecting ball to <playfield.playfield>
2025-10-27 14:35:12,611 : INFO : EventManager : Event: ======'balldevice_bd_plunger_ejecting_ball'====== Args={'balls': 1, 'target': <playfield.playfield>, 'source': <ball_device.bd_plunger>, 'mechanical_eject': True, 'num_attempts': 0}
2025-10-27 14:35:12,611 : INFO : EventManager : Event: ======'video_idle_start'====== Args={'priority': 0}
2025-10-27 14:35:12,612 : INFO : ball_device.bd_plunger : Wait for ball to leave device
2025-10-27 14:35:15,312 : INFO : EventManager : Event: ======'player_skillshot_skillshot_sound_loop_tick'====== Args={'value': 1, 'prev_value': 0, 'change': 1, 'player_num': 1}
2025-10-27 14:35:15,312 : INFO : EventManager : Event: ======'timer_skillshot_sound_loop_tick'====== Args={'ticks': 1, 'ticks_remaining': 998}
2025-10-27 14:35:16,246 : INFO : SwitchController : <<<<<<< 's_shooter_lane' inactive >>>>>>>
2025-10-27 14:35:16,246 : INFO : EventManager : Event: ======'s_shooter_lane_inactive'====== Args={}
2025-10-27 14:35:16,247 : INFO : Timer.skillshot : Starting Timer.
2025-10-27 14:35:16,248 : INFO : EventManager : Event: ======'timer_skillshot_started'====== Args={'ticks': 9, 'ticks_remaining': 9}
2025-10-27 14:35:16,248 : INFO : EventManager : Event: ======'timer_skillshot_tick'====== Args={'ticks': 9, 'ticks_remaining': 9}
2025-10-27 14:35:16,248 : INFO : Timer.skillshot_sound_loop : Stopping Timer
2025-10-27 14:35:16,248 : INFO : EventManager : Event: ======'timer_skillshot_sound_loop_stopped'====== Args={'ticks': 1, 'ticks_remaining': 998}
2025-10-27 14:35:16,248 : INFO : EventManager : Event: ======'video_launch_start'====== Args={'priority': 0}
2025-10-27 14:35:16,249 : INFO : ball_device.bd_plunger : State: ball_left
2025-10-27 14:35:16,250 : INFO : ball_device.bd_plunger : Ball left
2025-10-27 14:35:16,250 : INFO : ball_device.bd_plunger : Wait for confirm with timeout 3.0
2025-10-27 14:35:16,256 : INFO : EventManager : Event: ======'slide_skillshot_ball_in_shooter_lane_removed'====== Args={'_from_bcp': True}
2025-10-27 14:35:16,277 : INFO : EventManager : Event: ======'slide_skillshot_ball_launched_created'====== Args={'_from_bcp': True}
2025-10-27 14:35:17,251 : INFO : EventManager : Event: ======'player_skillshot_skillshot_tick'====== Args={'value': 8, 'prev_value': 9, 'change': -1, 'player_num': 1}
2025-10-27 14:35:17,251 : INFO : EventManager : Event: ======'timer_skillshot_tick'====== Args={'ticks': 8, 'ticks_remaining': 8}
2025-10-27 14:35:17,403 : INFO : SwitchController : <<<<<<< 's_lane_right' active >>>>>>>
2025-10-27 14:35:17,403 : INFO : EventManager : Event: ======'sw_playfield_active'====== Args={}
2025-10-27 14:35:17,403 : INFO : EventManager : Event: ======'machine_var_audits_switches_s_lane_right'====== Args={'value': 157, 'prev_value': 156, 'change': 1}
2025-10-27 14:35:17,404 : INFO : EventManager : Event: ======'playfield_active'====== Args={'source': None}
2025-10-27 14:35:17,473 : INFO : SwitchController : <<<<<<< 's_lane_right' inactive >>>>>>>
2025-10-27 14:35:17,841 : INFO : SwitchController : <<<<<<< 's_n_iceman_target' active >>>>>>>
2025-10-27 14:35:17,841 : INFO : EventManager : Event: ======'s_n_iceman_target_active'====== Args={}
2025-10-27 14:35:17,842 : INFO : EventManager : Event: ======'sw_playfield_active'====== Args={}
2025-10-27 14:35:17,842 : INFO : EventManager : Event: ======'sw_playfield_active'====== Args={}
2025-10-27 14:35:17,842 : INFO : EventManager : Event: ======'machine_var_audits_switches_s_n_iceman_target'====== Args={'value': 60, 'prev_value': 59, 'change': 1}
2025-10-27 14:35:17,843 : INFO : EventManager : Event: ======'mode_skillshot_will_stop'====== Args={}
2025-10-27 14:35:17,843 : INFO : EventManager : Event: ======'mode_skillshot_stopping'====== Args={}
2025-10-27 14:35:17,843 : INFO : Timer.skillshot : Stopping Timer
2025-10-27 14:35:17,843 : INFO : EventManager : Event: ======'timer_skillshot_stopped'====== Args={'ticks': 8, 'ticks_remaining': 8}
2025-10-27 14:35:17,843 : INFO : Timer.skillshot_sound_loop : Stopping Timer
2025-10-27 14:35:17,843 : INFO : EventManager : Event: ======'timer_skillshot_sound_loop_stopped'====== Args={'ticks': 1, 'ticks_remaining': 998}
2025-10-27 14:35:17,844 : INFO : EventManager : Event: ======'playfield_active'====== Args={'source': None}
2025-10-27 14:35:17,844 : INFO : EventManager : Event: ======'playfield_active'====== Args={'source': None}
2025-10-27 14:35:17,844 : INFO : Mode.skillshot : Stopped.
2025-10-27 14:35:17,844 : INFO : EventManager : Event: ======'modes_active_modes_changed'====== Args={}
2025-10-27 14:35:17,844 : INFO : EventManager : Event: ======'mode_skillshot_stopped'====== Args={}
2025-10-27 14:35:17,845 : INFO : EventManager : Event: ======'clear'====== Args={'key': 'skillshot'}
2025-10-27 14:35:17,845 : INFO : EventManager : Event: ======'player_pilot_qualifier_paused'====== Args={'value': 0, 'prev_value': 1, 'change': -1, 'player_num': 1, 'source': 'pilot_mission_qualifier'}
2025-10-27 14:35:17,845 : INFO : Timer.skillshot_sound_loop : Stopping Timer
2025-10-27 14:35:17,845 : INFO : EventManager : Event: ======'timer_skillshot_sound_loop_stopped'====== Args={'ticks': 1, 'ticks_remaining': 998}
2025-10-27 14:35:17,846 : INFO : Timer.skillshot : Stopping Timer
2025-10-27 14:35:17,846 : INFO : EventManager : Event: ======'timer_skillshot_stopped'====== Args={'ticks': 8, 'ticks_remaining': 8}
2025-10-27 14:35:17,858 : INFO : EventManager : Event: ======'slide_skillshot_ball_launched_removed'====== Args={'_from_bcp': True}
2025-10-27 14:35:17,950 : INFO : SwitchController : <<<<<<< 's_n_iceman_target' inactive >>>>>>>
2025-10-27 14:35:19,264 : INFO : ball_device.bd_plunger : State: failed_confirm
2025-10-27 14:35:19,264 : INFO : ball_device.bd_plunger : Got timeout (3.0s) before confirm from <playfield.playfield>
2025-10-27 14:35:19,358 : INFO : ball_device.bd_plunger : Confirming eject because target is playfield and ball did not return.
2025-10-27 14:35:19,358 : INFO : ball_device.bd_plunger : Eject successful
2025-10-27 14:35:19,358 : INFO : EventManager : Event: ======'balldevice_bd_plunger_ball_eject_success'====== Args={'balls': 1, 'target': <playfield.playfield>}
2025-10-27 14:35:19,359 : INFO : EventManager : Event: ======'balldevice_playfield_ball_enter'====== Args={'new_balls': 1, 'unclaimed_balls': 1, 'device': <playfield.playfield>}
2025-10-27 14:35:19,359 : INFO : EventManager : Event: ======'playfield_ball_count_change'====== Args={'balls': 1, 'change': 1}
2025-10-27 14:35:19,360 : INFO : EventManager : Event: ======'balldevice_bd_plunger_ball_count_changed'====== Args={'balls': 0}
2025-10-27 14:35:19,360 : INFO : ball_device.bd_plunger : State: idle
2025-10-27 14:35:22,784 : INFO : SwitchController : <<<<<<< 's_ramp_inner_exit' active >>>>>>>
2025-10-27 14:35:22,784 : INFO : EventManager : Event: ======'s_ramp_inner_exit_active'====== Args={}
2025-10-27 14:35:22,784 : INFO : EventManager : Event: ======'sw_playfield_active'====== Args={}
2025-10-27 14:35:22,784 : INFO : EventManager : Event: ======'sw_playfield_active'====== Args={}
2025-10-27 14:35:22,784 : INFO : EventManager : Event: ======'machine_var_audits_switches_s_ramp_inner_exit'====== Args={'value': 90, 'prev_value': 89, 'change': 1}
2025-10-27 14:35:22,786 : INFO : EventManager : Event: ======'player_shot_mach_ramp'====== Args={'value': 1, 'prev_value': 0, 'change': 1, 'player_num': 1}
2025-10-27 14:35:22,786 : INFO : EventManager : Event: ======'machine_var_audits_shots_mach_ramp'====== Args={'value': 46, 'prev_value': 45, 'change': 1}
2025-10-27 14:35:22,787 : INFO : EventManager : Event: ======'mach_ramp_hit'====== Args={'profile': 'default', 'state': 'unlit', 'advancing': True}
2025-10-27 14:35:22,787 : INFO : EventManager : Event: ======'mach_ramp_default_hit'====== Args={'profile': 'default', 'state': 'unlit', 'advancing': True}
2025-10-27 14:35:22,787 : INFO : EventManager : Event: ======'mach_ramp_default_unlit_hit'====== Args={'profile': 'default', 'state': 'unlit', 'advancing': True}
2025-10-27 14:35:22,787 : INFO : EventManager : Event: ======'mach_ramp_unlit_hit'====== Args={'profile': 'default', 'state': 'unlit', 'advancing': True}
2025-10-27 14:35:22,788 : INFO : EventManager : Event: ======'player_topgun_shots_collected'====== Args={'value': 1, 'prev_value': 0, 'change': 1, 'player_num': 1, 'source': 'pilot_mission_qualifier'}
2025-10-27 14:35:22,788 : INFO : EventManager : Event: ======'player_mach_step'====== Args={'value': 1, 'prev_value': 0, 'change': 1, 'player_num': 1, 'source': 'mach_scoring'}
2025-10-27 14:35:22,788 : INFO : EventManager : Event: ======'player_mach_level'====== Args={'value': 1.25, 'prev_value': 1.0, 'change': 0.25, 'player_num': 1, 'source': 'mach_scoring'}
2025-10-27 14:35:22,789 : INFO : EventManager : Event: ======'player_mach_step'====== Args={'value': 2, 'prev_value': 1, 'change': 1, 'player_num': 1, 'source': 'mach_scoring'}
2025-10-27 14:35:22,789 : INFO : EventManager : Event: ======'player_mach_level'====== Args={'value': 1.5, 'prev_value': 1.25, 'change': 0.25, 'player_num': 1, 'source': 'mach_scoring'}
2025-10-27 14:35:22,795 : INFO : EventManager : Event: ======'player_mach_step'====== Args={'value': 3, 'prev_value': 2, 'change': 1, 'player_num': 1, 'source': 'mach_scoring'}
2025-10-27 14:35:22,796 : INFO : EventManager : Event: ======'player_mach_level'====== Args={'value': 1.75, 'prev_value': 1.5, 'change': 0.25, 'player_num': 1, 'source': 'mach_scoring'}
2025-10-27 14:35:22,796 : INFO : EventManager : Event: ======'player_mach_step'====== Args={'value': 4, 'prev_value': 3, 'change': 1, 'player_num': 1, 'source': 'mach_scoring'}
2025-10-27 14:35:22,797 : INFO : EventManager : Event: ======'player_mach_level'====== Args={'value': 2.0, 'prev_value': 1.75, 'change': 0.25, 'player_num': 1, 'source': 'mach_scoring'}
2025-10-27 14:35:22,797 : INFO : EventManager : Event: ======'player_mach_step'====== Args={'value': 5, 'prev_value': 4, 'change': 1, 'player_num': 1, 'source': 'mach_scoring'}
2025-10-27 14:35:22,798 : INFO : EventManager : Event: ======'player_mach_level'====== Args={'value': 2.25, 'prev_value': 2.0, 'change': 0.25, 'player_num': 1, 'source': 'mach_scoring'}
2025-10-27 14:35:22,798 : INFO : EventManager : Event: ======'player_mach_step'====== Args={'value': 6, 'prev_value': 5, 'change': 1, 'player_num': 1, 'source': 'mach_scoring'}
2025-10-27 14:35:22,799 : INFO : EventManager : Event: ======'player_mach_level'====== Args={'value': 2.5, 'prev_value': 2.25, 'change': 0.25, 'player_num': 1, 'source': 'mach_scoring'}
2025-10-27 14:35:22,799 : INFO : EventManager : Event: ======'player_mach_step'====== Args={'value': 7, 'prev_value': 6, 'change': 1, 'player_num': 1, 'source': 'mach_scoring'}
2025-10-27 14:35:22,799 : INFO : EventManager : Event: ======'player_mach_level'====== Args={'value': 2.75, 'prev_value': 2.5, 'change': 0.25, 'player_num': 1, 'source': 'mach_scoring'}
2025-10-27 14:35:22,800 : INFO : EventManager : Event: ======'player_mach_step'====== Args={'value': 8, 'prev_value': 7, 'change': 1, 'player_num': 1, 'source': 'mach_scoring'}
2025-10-27 14:35:22,800 : INFO : EventManager : Event: ======'player_mach_level'====== Args={'value': 3.0, 'prev_value': 2.75, 'change': 0.25, 'player_num': 1, 'source': 'mach_scoring'}
2025-10-27 14:35:22,800 : INFO : Timer.mach_timer : Starting Timer.
2025-10-27 14:35:22,801 : INFO : EventManager : Event: ======'timer_mach_timer_started'====== Args={'ticks': 20, 'ticks_remaining': 20}
2025-10-27 14:35:22,801 : INFO : EventManager : Event: ======'timer_mach_timer_tick'====== Args={'ticks': 20, 'ticks_remaining': 20}
2025-10-27 14:35:22,803 : INFO : EventManager : Event: ======'player_topgun_letter_t'====== Args={'value': 1, 'prev_value': 0, 'change': 1, 'player_num': 1, 'source': 'pilot_mission_qualifier'}
2025-10-27 14:35:22,803 : INFO : EventManager : Event: ======'topgun_letter_t_lit'====== Args={'priority': 0}
2025-10-27 14:35:22,813 : INFO : EventManager : Event: ======'slide_mach_1_inactive'====== Args={'is_removing': True, '_from_bcp': True}
2025-10-27 14:35:22,813 : INFO : EventManager : Event: ======'slide_topgun_0_active'====== Args={'_from_bcp': True}
2025-10-27 14:35:22,814 : INFO : EventManager : Event: ======'slide_mach_1_removed'====== Args={'_from_bcp': True}
2025-10-27 14:35:22,820 : INFO : EventManager : Event: ======'slide_mach_1_25_created'====== Args={'_from_bcp': True}
2025-10-27 14:35:22,820 : INFO : EventManager : Event: ======'slide_topgun_0_inactive'====== Args={'is_removing': False, '_from_bcp': True}
2025-10-27 14:35:22,821 : INFO : EventManager : Event: ======'slide_mach_1_25_active'====== Args={'original_context': 'mach_scoring', 'original_calling_context': 'player_mach_level{value==1.25}', 'priority': 500.0, 'value': 1.25, 'prev_value': 1.0, 'change': 0.25, 'player_num': 1.0, 'source': 'mach_scoring', 'cmd': 'slides_play', '_from_bcp': True}
2025-10-27 14:35:22,821 : INFO : EventManager : Event: ======'slide_mach_1_25_inactive'====== Args={'is_removing': True, '_from_bcp': True}
2025-10-27 14:35:22,821 : INFO : EventManager : Event: ======'slide_topgun_0_active'====== Args={'_from_bcp': True}
2025-10-27 14:35:22,821 : INFO : EventManager : Event: ======'slide_mach_1_25_removed'====== Args={'_from_bcp': True}
2025-10-27 14:35:22,827 : INFO : EventManager : Event: ======'slide_mach_1_5_created'====== Args={'_from_bcp': True}
2025-10-27 14:35:22,828 : INFO : EventManager : Event: ======'slide_topgun_0_inactive'====== Args={'is_removing': False, '_from_bcp': True}
2025-10-27 14:35:22,828 : INFO : EventManager : Event: ======'slide_mach_1_5_active'====== Args={'original_context': 'mach_scoring', 'original_calling_context': 'player_mach_level{value==1.50}', 'priority': 500.0, 'value': 1.5, 'prev_value': 1.25, 'change': 0.25, 'player_num': 1.0, 'source': 'mach_scoring', 'cmd': 'slides_play', '_from_bcp': True}
2025-10-27 14:35:22,828 : INFO : EventManager : Event: ======'slide_mach_1_5_inactive'====== Args={'is_removing': True, '_from_bcp': True}
2025-10-27 14:35:22,828 : INFO : EventManager : Event: ======'slide_topgun_0_active'====== Args={'_from_bcp': True}
2025-10-27 14:35:22,828 : INFO : EventManager : Event: ======'slide_mach_1_5_removed'====== Args={'_from_bcp': True}
2025-10-27 14:35:22,834 : INFO : EventManager : Event: ======'slide_mach_1_75_created'====== Args={'_from_bcp': True}
2025-10-27 14:35:22,834 : INFO : EventManager : Event: ======'slide_topgun_0_inactive'====== Args={'is_removing': False, '_from_bcp': True}
2025-10-27 14:35:22,836 : INFO : EventManager : Event: ======'slide_mach_1_75_active'====== Args={'original_context': 'mach_scoring', 'original_calling_context': 'player_mach_level{value==1.75}', 'priority': 500.0, 'value': 1.75, 'prev_value': 1.5, 'change': 0.25, 'player_num': 1.0, 'source': 'mach_scoring', 'cmd': 'slides_play', '_from_bcp': True}
2025-10-27 14:35:22,836 : INFO : EventManager : Event: ======'slide_mach_1_75_inactive'====== Args={'is_removing': True, '_from_bcp': True}
2025-10-27 14:35:22,836 : INFO : EventManager : Event: ======'slide_topgun_0_active'====== Args={'_from_bcp': True}
2025-10-27 14:35:22,836 : INFO : EventManager : Event: ======'slide_mach_1_75_removed'====== Args={'_from_bcp': True}
2025-10-27 14:35:22,840 : INFO : EventManager : Event: ======'slide_mach_2_created'====== Args={'_from_bcp': True}
2025-10-27 14:35:22,841 : INFO : EventManager : Event: ======'slide_topgun_0_inactive'====== Args={'is_removing': False, '_from_bcp': True}
2025-10-27 14:35:22,841 : INFO : EventManager : Event: ======'slide_mach_2_active'====== Args={'original_context': 'mach_scoring', 'original_calling_context': 'player_mach_level{value==2.0}', 'priority': 500.0, 'value': 2.0, 'prev_value': 1.75, 'change': 0.25, 'player_num': 1.0, 'source': 'mach_scoring', 'cmd': 'slides_play', '_from_bcp': True}
2025-10-27 14:35:22,841 : INFO : EventManager : Event: ======'slide_mach_2_inactive'====== Args={'is_removing': True, '_from_bcp': True}
2025-10-27 14:35:22,841 : INFO : EventManager : Event: ======'slide_topgun_0_active'====== Args={'_from_bcp': True}
2025-10-27 14:35:22,841 : INFO : EventManager : Event: ======'slide_mach_2_removed'====== Args={'_from_bcp': True}
2025-10-27 14:35:22,848 : INFO : EventManager : Event: ======'slide_mach_2_25_created'====== Args={'_from_bcp': True}
2025-10-27 14:35:22,848 : INFO : EventManager : Event: ======'slide_topgun_0_inactive'====== Args={'is_removing': False, '_from_bcp': True}
2025-10-27 14:35:22,850 : INFO : EventManager : Event: ======'slide_mach_2_25_active'====== Args={'original_context': 'mach_scoring', 'original_calling_context': 'player_mach_level{value==2.25}', 'priority': 500.0, 'value': 2.25, 'prev_value': 2.0, 'change': 0.25, 'player_num': 1.0, 'source': 'mach_scoring', 'cmd': 'slides_play', '_from_bcp': True}
2025-10-27 14:35:22,850 : INFO : EventManager : Event: ======'slide_mach_2_25_inactive'====== Args={'is_removing': True, '_from_bcp': True}
2025-10-27 14:35:22,850 : INFO : EventManager : Event: ======'slide_topgun_0_active'====== Args={'_from_bcp': True}
2025-10-27 14:35:22,850 : INFO : EventManager : Event: ======'slide_mach_2_25_removed'====== Args={'_from_bcp': True}
2025-10-27 14:35:22,854 : INFO : EventManager : Event: ======'slide_mach_2_5_created'====== Args={'_from_bcp': True}
2025-10-27 14:35:22,854 : INFO : EventManager : Event: ======'slide_topgun_0_inactive'====== Args={'is_removing': False, '_from_bcp': True}
2025-10-27 14:35:22,855 : INFO : EventManager : Event: ======'slide_mach_2_5_active'====== Args={'original_context': 'mach_scoring', 'original_calling_context': 'player_mach_level{value==2.50}', 'priority': 500.0, 'value': 2.5, 'prev_value': 2.25, 'change': 0.25, 'player_num': 1.0, 'source': 'mach_scoring', 'cmd': 'slides_play', '_from_bcp': True}
2025-10-27 14:35:22,855 : INFO : EventManager : Event: ======'slide_mach_2_5_inactive'====== Args={'is_removing': True, '_from_bcp': True}
2025-10-27 14:35:22,855 : INFO : EventManager : Event: ======'slide_topgun_0_active'====== Args={'_from_bcp': True}
2025-10-27 14:35:22,855 : INFO : EventManager : Event: ======'slide_mach_2_5_removed'====== Args={'_from_bcp': True}
2025-10-27 14:35:22,862 : INFO : EventManager : Event: ======'slide_mach_2_75_created'====== Args={'_from_bcp': True}
2025-10-27 14:35:22,863 : INFO : EventManager : Event: ======'slide_topgun_0_inactive'====== Args={'is_removing': False, '_from_bcp': True}
2025-10-27 14:35:22,863 : INFO : EventManager : Event: ======'slide_mach_2_75_active'====== Args={'original_context': 'mach_scoring', 'original_calling_context': 'player_mach_level{value==2.75}', 'priority': 500.0, 'value': 2.75, 'prev_value': 2.5, 'change': 0.25, 'player_num': 1.0, 'source': 'mach_scoring', 'cmd': 'slides_play', '_from_bcp': True}
2025-10-27 14:35:22,863 : INFO : EventManager : Event: ======'slide_mach_2_75_inactive'====== Args={'is_removing': True, '_from_bcp': True}
2025-10-27 14:35:22,864 : INFO : EventManager : Event: ======'slide_topgun_0_active'====== Args={'_from_bcp': True}
2025-10-27 14:35:22,864 : INFO : EventManager : Event: ======'slide_mach_2_75_removed'====== Args={'_from_bcp': True}
2025-10-27 14:35:22,868 : INFO : EventManager : Event: ======'slide_mach_3_created'====== Args={'_from_bcp': True}
2025-10-27 14:35:22,869 : INFO : EventManager : Event: ======'slide_topgun_0_inactive'====== Args={'is_removing': False, '_from_bcp': True}
2025-10-27 14:35:22,869 : INFO : EventManager : Event: ======'slide_mach_3_active'====== Args={'original_context': 'mach_scoring', 'original_calling_context': 'player_mach_level{value==3.0}', 'priority': 500.0, 'value': 3.0, 'prev_value': 2.75, 'change': 0.25, 'player_num': 1.0, 'source': 'mach_scoring', 'cmd': 'slides_play', '_from_bcp': True}
2025-10-27 14:35:22,875 : INFO : EventManager : Event: ======'slide_timer20_created'====== Args={'_from_bcp': True}
2025-10-27 14:35:22,876 : INFO : EventManager : Event: ======'slide_mach_3_inactive'====== Args={'is_removing': False, '_from_bcp': True}
2025-10-27 14:35:22,877 : INFO : EventManager : Event: ======'slide_timer20_active'====== Args={'original_context': 'mach_scoring', 'original_calling_context': 'timer_mach_timer_tick{device.timers.mach_timer.ticks==20}', 'priority': 500.0, 'ticks': 20.0, 'ticks_remaining': 20.0, 'cmd': 'slides_play', '_from_bcp': True}
2025-10-27 14:35:22,877 : INFO : EventManager : Event: ======'slide_topgun_0_removed'====== Args={'_from_bcp': True}
2025-10-27 14:35:22,888 : INFO : EventManager : Event: ======'slide_topgun_1_created'====== Args={'_from_bcp': True}
2025-10-27 14:35:22,998 : INFO : SwitchController : <<<<<<< 's_ramp_inner_exit' inactive >>>>>>>
2025-10-27 14:35:23,801 : INFO : EventManager : Event: ======'player_mach_scoring_mach_timer_tick'====== Args={'value': 19, 'prev_value': 20, 'change': -1, 'player_num': 1}
2025-10-27 14:35:23,802 : INFO : EventManager : Event: ======'timer_mach_timer_tick'====== Args={'ticks': 19, 'ticks_remaining': 19}
2025-10-27 14:35:23,814 : INFO : EventManager : Event: ======'slide_timer20_inactive'====== Args={'is_removing': True, '_from_bcp': True}
2025-10-27 14:35:23,814 : INFO : EventManager : Event: ======'slide_mach_3_active'====== Args={'_from_bcp': True}
2025-10-27 14:35:23,815 : INFO : EventManager : Event: ======'slide_timer20_removed'====== Args={'_from_bcp': True}
2025-10-27 14:35:23,821 : INFO : EventManager : Event: ======'slide_timer19_created'====== Args={'_from_bcp': True}
2025-10-27 14:35:23,821 : INFO : EventManager : Event: ======'slide_mach_3_inactive'====== Args={'is_removing': False, '_from_bcp': True}
2025-10-27 14:35:23,822 : INFO : EventManager : Event: ======'slide_timer19_active'====== Args={'original_context': 'mach_scoring', 'original_calling_context': 'timer_mach_timer_tick{device.timers.mach_timer.ticks==19}', 'priority': 500.0, 'ticks': 19.0, 'ticks_remaining': 19.0, 'cmd': 'slides_play', '_from_bcp': True}
2025-10-27 14:35:24,205 : INFO : SwitchController : <<<<<<< 's_ramp_inner_exit' active >>>>>>>
2025-10-27 14:35:24,205 : INFO : EventManager : Event: ======'s_ramp_inner_exit_active'====== Args={}
2025-10-27 14:35:24,205 : INFO : EventManager : Event: ======'sw_playfield_active'====== Args={}
2025-10-27 14:35:24,205 : INFO : EventManager : Event: ======'sw_playfield_active'====== Args={}
2025-10-27 14:35:24,205 : INFO : EventManager : Event: ======'machine_var_audits_switches_s_ramp_inner_exit'====== Args={'value': 91, 'prev_value': 90, 'change': 1}
2025-10-27 14:35:24,206 : INFO : EventManager : Event: ======'machine_var_audits_shots_mach_ramp'====== Args={'value': 47, 'prev_value': 46, 'change': 1}
2025-10-27 14:35:24,207 : INFO : EventManager : Event: ======'mach_ramp_hit'====== Args={'profile': 'default', 'state': 'lit', 'advancing': False}
2025-10-27 14:35:24,207 : INFO : EventManager : Event: ======'mach_ramp_default_hit'====== Args={'profile': 'default', 'state': 'lit', 'advancing': False}
2025-10-27 14:35:24,207 : INFO : EventManager : Event: ======'mach_ramp_default_lit_hit'====== Args={'profile': 'default', 'state': 'lit', 'advancing': False}
2025-10-27 14:35:24,207 : INFO : EventManager : Event: ======'mach_ramp_lit_hit'====== Args={'profile': 'default', 'state': 'lit', 'advancing': False}
2025-10-27 14:35:24,207 : INFO : EventManager : Event: ======'player_topgun_shots_collected'====== Args={'value': 2, 'prev_value': 1, 'change': 1, 'player_num': 1, 'source': 'pilot_mission_qualifier'}
2025-10-27 14:35:24,209 : INFO : EventManager : Event: ======'player_topgun_letter_o'====== Args={'value': 1, 'prev_value': 0, 'change': 1, 'player_num': 1, 'source': 'pilot_mission_qualifier'}
2025-10-27 14:35:24,209 : INFO : EventManager : Event: ======'topgun_letter_o_lit'====== Args={'priority': 0}
2025-10-27 14:35:24,231 : INFO : EventManager : Event: ======'slide_topgun_1_removed'====== Args={'_from_bcp': True}
2025-10-27 14:35:24,245 : INFO : EventManager : Event: ======'slide_topgun_2_created'====== Args={'_from_bcp': True}
2025-10-27 14:35:24,337 : INFO : SwitchController : <<<<<<< 's_ramp_inner_exit' inactive >>>>>>>
2025-10-27 14:35:24,826 : INFO : EventManager : Event: ======'player_mach_scoring_mach_timer_tick'====== Args={'value': 18, 'prev_value': 19, 'change': -1, 'player_num': 1}
2025-10-27 14:35:24,826 : INFO : EventManager : Event: ======'timer_mach_timer_tick'====== Args={'ticks': 18, 'ticks_remaining': 18}
2025-10-27 14:35:24,848 : INFO : EventManager : Event: ======'slide_timer19_inactive'====== Args={'is_removing': True, '_from_bcp': True}
2025-10-27 14:35:24,848 : INFO : EventManager : Event: ======'slide_mach_3_active'====== Args={'_from_bcp': True}
2025-10-27 14:35:24,850 : INFO : EventManager : Event: ======'slide_timer19_removed'====== Args={'_from_bcp': True}
2025-10-27 14:35:24,854 : INFO : EventManager : Event: ======'slide_timer18_created'====== Args={'_from_bcp': True}
2025-10-27 14:35:24,855 : INFO : EventManager : Event: ======'slide_mach_3_inactive'====== Args={'is_removing': False, '_from_bcp': True}
2025-10-27 14:35:24,855 : INFO : EventManager : Event: ======'slide_timer18_active'====== Args={'original_context': 'mach_scoring', 'original_calling_context': 'timer_mach_timer_tick{device.timers.mach_timer.ticks==18}', 'priority': 500.0, 'ticks': 18.0, 'ticks_remaining': 18.0, 'cmd': 'slides_play', '_from_bcp': True}
2025-10-27 14:35:25,826 : INFO : EventManager : Event: ======'player_mach_scoring_mach_timer_tick'====== Args={'value': 17, 'prev_value': 18, 'change': -1, 'player_num': 1}
2025-10-27 14:35:25,827 : INFO : EventManager : Event: ======'timer_mach_timer_tick'====== Args={'ticks': 17, 'ticks_remaining': 17}
2025-10-27 14:35:25,849 : INFO : EventManager : Event: ======'slide_timer18_inactive'====== Args={'is_removing': True, '_from_bcp': True}
2025-10-27 14:35:25,850 : INFO : EventManager : Event: ======'slide_mach_3_active'====== Args={'_from_bcp': True}
2025-10-27 14:35:25,851 : INFO : EventManager : Event: ======'slide_timer18_removed'====== Args={'_from_bcp': True}
2025-10-27 14:35:25,856 : INFO : EventManager : Event: ======'slide_timer17_created'====== Args={'_from_bcp': True}
2025-10-27 14:35:25,857 : INFO : EventManager : Event: ======'slide_mach_3_inactive'====== Args={'is_removing': False, '_from_bcp': True}
2025-10-27 14:35:25,857 : INFO : EventManager : Event: ======'slide_timer17_active'====== Args={'original_context': 'mach_scoring', 'original_calling_context': 'timer_mach_timer_tick{device.timers.mach_timer.ticks==17}', 'priority': 500.0, 'ticks': 17.0, 'ticks_remaining': 17.0, 'cmd': 'slides_play', '_from_bcp': True}
2025-10-27 14:35:26,105 : INFO : SwitchController : <<<<<<< 's_ramp_inner_exit' active >>>>>>>
2025-10-27 14:35:26,105 : INFO : EventManager : Event: ======'s_ramp_inner_exit_active'====== Args={}
2025-10-27 14:35:26,105 : INFO : EventManager : Event: ======'sw_playfield_active'====== Args={}
2025-10-27 14:35:26,105 : INFO : EventManager : Event: ======'sw_playfield_active'====== Args={}
2025-10-27 14:35:26,105 : INFO : EventManager : Event: ======'machine_var_audits_switches_s_ramp_inner_exit'====== Args={'value': 92, 'prev_value': 91, 'change': 1}
2025-10-27 14:35:26,107 : INFO : EventManager : Event: ======'machine_var_audits_shots_mach_ramp'====== Args={'value': 48, 'prev_value': 47, 'change': 1}
2025-10-27 14:35:26,107 : INFO : EventManager : Event: ======'mach_ramp_hit'====== Args={'profile': 'default', 'state': 'lit', 'advancing': False}
2025-10-27 14:35:26,108 : INFO : EventManager : Event: ======'mach_ramp_default_hit'====== Args={'profile': 'default', 'state': 'lit', 'advancing': False}
2025-10-27 14:35:26,108 : INFO : EventManager : Event: ======'mach_ramp_default_lit_hit'====== Args={'profile': 'default', 'state': 'lit', 'advancing': False}
2025-10-27 14:35:26,108 : INFO : EventManager : Event: ======'mach_ramp_lit_hit'====== Args={'profile': 'default', 'state': 'lit', 'advancing': False}
2025-10-27 14:35:26,108 : INFO : EventManager : Event: ======'player_topgun_shots_collected'====== Args={'value': 3, 'prev_value': 2, 'change': 1, 'player_num': 1, 'source': 'pilot_mission_qualifier'}
2025-10-27 14:35:26,109 : INFO : EventManager : Event: ======'player_topgun_letter_p'====== Args={'value': 1, 'prev_value': 0, 'change': 1, 'player_num': 1, 'source': 'pilot_mission_qualifier'}
2025-10-27 14:35:26,109 : INFO : EventManager : Event: ======'topgun_letter_p_lit'====== Args={'priority': 0}
2025-10-27 14:35:26,117 : INFO : EventManager : Event: ======'slide_topgun_2_removed'====== Args={'_from_bcp': True}
2025-10-27 14:35:26,129 : INFO : EventManager : Event: ======'slide_topgun_3_created'====== Args={'_from_bcp': True}
2025-10-27 14:35:26,216 : INFO : SwitchController : <<<<<<< 's_ramp_inner_exit' inactive >>>>>>>
2025-10-27 14:35:26,805 : INFO : EventManager : Event: ======'player_mach_scoring_mach_timer_tick'====== Args={'value': 16, 'prev_value': 17, 'change': -1, 'player_num': 1}
2025-10-27 14:35:26,805 : INFO : EventManager : Event: ======'timer_mach_timer_tick'====== Args={'ticks': 16, 'ticks_remaining': 16}
2025-10-27 14:35:26,817 : INFO : EventManager : Event: ======'slide_timer17_inactive'====== Args={'is_removing': True, '_from_bcp': True}
2025-10-27 14:35:26,817 : INFO : EventManager : Event: ======'slide_mach_3_active'====== Args={'_from_bcp': True}
2025-10-27 14:35:26,819 : INFO : EventManager : Event: ======'slide_timer17_removed'====== Args={'_from_bcp': True}
2025-10-27 14:35:26,838 : INFO : EventManager : Event: ======'slide_timer16_created'====== Args={'_from_bcp': True}
2025-10-27 14:35:26,839 : INFO : EventManager : Event: ======'slide_mach_3_inactive'====== Args={'is_removing': False, '_from_bcp': True}
2025-10-27 14:35:26,840 : INFO : EventManager : Event: ======'slide_timer16_active'====== Args={'original_context': 'mach_scoring', 'original_calling_context': 'timer_mach_timer_tick{device.timers.mach_timer.ticks==16}', 'priority': 500.0, 'ticks': 16.0, 'ticks_remaining': 16.0, 'cmd': 'slides_play', '_from_bcp': True}
2025-10-27 14:35:27,809 : INFO : EventManager : Event: ======'player_mach_scoring_mach_timer_tick'====== Args={'value': 15, 'prev_value': 16, 'change': -1, 'player_num': 1}
2025-10-27 14:35:27,809 : INFO : EventManager : Event: ======'timer_mach_timer_tick'====== Args={'ticks': 15, 'ticks_remaining': 15}
2025-10-27 14:35:27,834 : INFO : EventManager : Event: ======'slide_timer16_inactive'====== Args={'is_removing': True, '_from_bcp': True}
2025-10-27 14:35:27,835 : INFO : EventManager : Event: ======'slide_mach_3_active'====== Args={'_from_bcp': True}
2025-10-27 14:35:27,836 : INFO : EventManager : Event: ======'slide_timer16_removed'====== Args={'_from_bcp': True}
2025-10-27 14:35:27,840 : INFO : EventManager : Event: ======'slide_timer15_created'====== Args={'_from_bcp': True}
2025-10-27 14:35:27,842 : INFO : EventManager : Event: ======'slide_mach_3_inactive'====== Args={'is_removing': False, '_from_bcp': True}
2025-10-27 14:35:27,842 : INFO : EventManager : Event: ======'slide_timer15_active'====== Args={'original_context': 'mach_scoring', 'original_calling_context': 'timer_mach_timer_tick{device.timers.mach_timer.ticks==15}', 'priority': 500.0, 'ticks': 15.0, 'ticks_remaining': 15.0, 'cmd': 'slides_play', '_from_bcp': True}
2025-10-27 14:35:28,805 : INFO : EventManager : Event: ======'player_mach_scoring_mach_timer_tick'====== Args={'value': 14, 'prev_value': 15, 'change': -1, 'player_num': 1}
2025-10-27 14:35:28,805 : INFO : EventManager : Event: ======'timer_mach_timer_tick'====== Args={'ticks': 14, 'ticks_remaining': 14}
2025-10-27 14:35:28,820 : INFO : EventManager : Event: ======'slide_timer15_inactive'====== Args={'is_removing': True, '_from_bcp': True}
2025-10-27 14:35:28,821 : INFO : EventManager : Event: ======'slide_mach_3_active'====== Args={'_from_bcp': True}
2025-10-27 14:35:28,821 : INFO : EventManager : Event: ======'slide_timer15_removed'====== Args={'_from_bcp': True}
2025-10-27 14:35:28,828 : INFO : EventManager : Event: ======'slide_timer14_created'====== Args={'_from_bcp': True}
2025-10-27 14:35:28,828 : INFO : EventManager : Event: ======'slide_mach_3_inactive'====== Args={'is_removing': False, '_from_bcp': True}
2025-10-27 14:35:28,828 : INFO : EventManager : Event: ======'slide_timer14_active'====== Args={'original_context': 'mach_scoring', 'original_calling_context': 'timer_mach_timer_tick{device.timers.mach_timer.ticks==14}', 'priority': 500.0, 'ticks': 14.0, 'ticks_remaining': 14.0, 'cmd': 'slides_play', '_from_bcp': True}
2025-10-27 14:35:29,817 : INFO : EventManager : Event: ======'player_mach_scoring_mach_timer_tick'====== Args={'value': 13, 'prev_value': 14, 'change': -1, 'player_num': 1}
2025-10-27 14:35:29,818 : INFO : EventManager : Event: ======'timer_mach_timer_tick'====== Args={'ticks': 13, 'ticks_remaining': 13}
2025-10-27 14:35:29,837 : INFO : EventManager : Event: ======'slide_timer14_inactive'====== Args={'is_removing': True, '_from_bcp': True}
2025-10-27 14:35:29,838 : INFO : EventManager : Event: ======'slide_mach_3_active'====== Args={'_from_bcp': True}
2025-10-27 14:35:29,838 : INFO : EventManager : Event: ======'slide_timer14_removed'====== Args={'_from_bcp': True}
2025-10-27 14:35:29,843 : INFO : EventManager : Event: ======'slide_timer13_created'====== Args={'_from_bcp': True}
2025-10-27 14:35:29,843 : INFO : EventManager : Event: ======'slide_mach_3_inactive'====== Args={'is_removing': False, '_from_bcp': True}
2025-10-27 14:35:29,844 : INFO : EventManager : Event: ======'slide_timer13_active'====== Args={'original_context': 'mach_scoring', 'original_calling_context': 'timer_mach_timer_tick{device.timers.mach_timer.ticks==13}', 'priority': 500.0, 'ticks': 13.0, 'ticks_remaining': 13.0, 'cmd': 'slides_play', '_from_bcp': True}
2025-10-27 14:35:30,819 : INFO : EventManager : Event: ======'player_mach_scoring_mach_timer_tick'====== Args={'value': 12, 'prev_value': 13, 'change': -1, 'player_num': 1}
2025-10-27 14:35:30,819 : INFO : EventManager : Event: ======'timer_mach_timer_tick'====== Args={'ticks': 12, 'ticks_remaining': 12}
2025-10-27 14:35:30,838 : INFO : EventManager : Event: ======'slide_timer13_inactive'====== Args={'is_removing': True, '_from_bcp': True}
2025-10-27 14:35:30,838 : INFO : EventManager : Event: ======'slide_mach_3_active'====== Args={'_from_bcp': True}
2025-10-27 14:35:30,839 : INFO : EventManager : Event: ======'slide_timer13_removed'====== Args={'_from_bcp': True}
2025-10-27 14:35:30,863 : INFO : EventManager : Event: ======'slide_timer12_created'====== Args={'_from_bcp': True}
2025-10-27 14:35:30,863 : INFO : EventManager : Event: ======'slide_mach_3_inactive'====== Args={'is_removing': False, '_from_bcp': True}
2025-10-27 14:35:30,864 : INFO : EventManager : Event: ======'slide_timer12_active'====== Args={'original_context': 'mach_scoring', 'original_calling_context': 'timer_mach_timer_tick{device.timers.mach_timer.ticks==12}', 'priority': 500.0, 'ticks': 12.0, 'ticks_remaining': 12.0, 'cmd': 'slides_play', '_from_bcp': True}
2025-10-27 14:35:31,805 : INFO : EventManager : Event: ======'player_mach_scoring_mach_timer_tick'====== Args={'value': 11, 'prev_value': 12, 'change': -1, 'player_num': 1}
2025-10-27 14:35:31,805 : INFO : EventManager : Event: ======'timer_mach_timer_tick'====== Args={'ticks': 11, 'ticks_remaining': 11}
2025-10-27 14:35:31,823 : INFO : EventManager : Event: ======'slide_timer12_inactive'====== Args={'is_removing': True, '_from_bcp': True}
2025-10-27 14:35:31,824 : INFO : EventManager : Event: ======'slide_mach_3_active'====== Args={'_from_bcp': True}
2025-10-27 14:35:31,825 : INFO : EventManager : Event: ======'slide_timer12_removed'====== Args={'_from_bcp': True}
2025-10-27 14:35:31,846 : INFO : EventManager : Event: ======'slide_timer11_created'====== Args={'_from_bcp': True}
2025-10-27 14:35:31,846 : INFO : EventManager : Event: ======'slide_mach_3_inactive'====== Args={'is_removing': False, '_from_bcp': True}
2025-10-27 14:35:31,847 : INFO : EventManager : Event: ======'slide_timer11_active'====== Args={'original_context': 'mach_scoring', 'original_calling_context': 'timer_mach_timer_tick{device.timers.mach_timer.ticks==11}', 'priority': 500.0, 'ticks': 11.0, 'ticks_remaining': 11.0, 'cmd': 'slides_play', '_from_bcp': True}
2025-10-27 14:35:32,809 : INFO : EventManager : Event: ======'player_mach_scoring_mach_timer_tick'====== Args={'value': 10, 'prev_value': 11, 'change': -1, 'player_num': 1}
2025-10-27 14:35:32,809 : INFO : EventManager : Event: ======'timer_mach_timer_tick'====== Args={'ticks': 10, 'ticks_remaining': 10}
2025-10-27 14:35:32,824 : INFO : EventManager : Event: ======'slide_timer11_inactive'====== Args={'is_removing': True, '_from_bcp': True}
2025-10-27 14:35:32,824 : INFO : EventManager : Event: ======'slide_mach_3_active'====== Args={'_from_bcp': True}
2025-10-27 14:35:32,826 : INFO : EventManager : Event: ======'slide_timer11_removed'====== Args={'_from_bcp': True}
2025-10-27 14:35:32,846 : INFO : EventManager : Event: ======'slide_timer10_created'====== Args={'_from_bcp': True}
2025-10-27 14:35:32,847 : INFO : EventManager : Event: ======'slide_mach_3_inactive'====== Args={'is_removing': False, '_from_bcp': True}
2025-10-27 14:35:32,847 : INFO : EventManager : Event: ======'slide_timer10_active'====== Args={'original_context': 'mach_scoring', 'original_calling_context': 'timer_mach_timer_tick{device.timers.mach_timer.ticks==10}', 'priority': 500.0, 'ticks': 10.0, 'ticks_remaining': 10.0, 'cmd': 'slides_play', '_from_bcp': True}
2025-10-27 14:35:33,394 : INFO : Machine : Shutting down...
2025-10-27 14:35:33,394 : INFO : EventManager : Event: ======'shutdown'====== Args={}
2025-10-27 14:35:33,397 : INFO : EventManager : Event: ======'mode_game_will_stop'====== Args={}
2025-10-27 14:35:33,397 : INFO : EventManager : Event: ======'mode_game_stopping'====== Args={}
2025-10-27 14:35:33,398 : INFO : EventManager : Event: ======'mode_pilot_mission_qualifier_will_stop'====== Args={}
2025-10-27 14:35:33,398 : INFO : EventManager : Event: ======'mode_pilot_mission_qualifier_stopping'====== Args={}
2025-10-27 14:35:33,398 : INFO : EventManager : Event: ======'mode_mach_scoring_will_stop'====== Args={}
2025-10-27 14:35:33,398 : INFO : EventManager : Event: ======'mode_mach_scoring_stopping'====== Args={}
2025-10-27 14:35:33,398 : INFO : EventManager : Event: ======'mode_bumpers_will_stop'====== Args={}
2025-10-27 14:35:33,398 : INFO : EventManager : Event: ======'mode_bumpers_stopping'====== Args={}
2025-10-27 14:35:33,398 : INFO : EventManager : Event: ======'mode_base_will_stop'====== Args={}
2025-10-27 14:35:33,398 : INFO : EventManager : Event: ======'mode_base_stopping'====== Args={}
2025-10-27 14:35:33,399 : INFO : EventManager : Event: ======'stop_mode_bumpers'====== Args={'priority': 0}
2025-10-27 14:35:33,399 : INFO : Mode.base : Stopped.
2025-10-27 14:35:33,399 : INFO : EventManager : Event: ======'modes_active_modes_changed'====== Args={}
2025-10-27 14:35:33,399 : INFO : EventManager : Event: ======'mode_base_stopped'====== Args={}
2025-10-27 14:35:33,399 : INFO : EventManager : Event: ======'clear'====== Args={'key': 'base'}
2025-10-27 14:35:33,399 : INFO : Mode.bumpers : Stopped.
2025-10-27 14:35:33,399 : INFO : EventManager : Event: ======'modes_active_modes_changed'====== Args={}
2025-10-27 14:35:33,399 : INFO : EventManager : Event: ======'mode_bumpers_stopped'====== Args={}
2025-10-27 14:35:33,399 : INFO : EventManager : Event: ======'clear'====== Args={'key': 'bumpers'}
2025-10-27 14:35:33,400 : INFO : Mode.mach_scoring : Stopped.
2025-10-27 14:35:33,400 : INFO : EventManager : Event: ======'modes_active_modes_changed'====== Args={}
2025-10-27 14:35:33,400 : INFO : EventManager : Event: ======'mode_mach_scoring_stopped'====== Args={}
2025-10-27 14:35:33,400 : INFO : EventManager : Event: ======'clear'====== Args={'key': 'mach_scoring'}
2025-10-27 14:35:33,401 : INFO : Timer.mach_timer : Stopping Timer
2025-10-27 14:35:33,401 : INFO : EventManager : Event: ======'timer_mach_timer_stopped'====== Args={'ticks': 10, 'ticks_remaining': 10}
2025-10-27 14:35:33,401 : INFO : Mode.pilot_mission_qualifier : Stopped.
2025-10-27 14:35:33,401 : INFO : EventManager : Event: ======'modes_active_modes_changed'====== Args={}
2025-10-27 14:35:33,405 : INFO : EventManager : Event: ======'mode_pilot_mission_qualifier_stopped'====== Args={}
2025-10-27 14:35:33,405 : INFO : EventManager : Event: ======'clear'====== Args={'key': 'pilot_mission_qualifier'}
2025-10-27 14:35:33,405 : INFO : Mode.game : Stopped.
2025-10-27 14:35:33,405 : INFO : EventManager : Event: ======'modes_active_modes_changed'====== Args={}
2025-10-27 14:35:33,405 : INFO : EventManager : Event: ======'mode_game_stopped'====== Args={}
2025-10-27 14:35:33,405 : INFO : EventManager : Event: ======'clear'====== Args={'key': 'game'}
2025-10-27 14:35:33,411 : INFO : root : MPF run loop ended.
