2025-09-25 16:42:09,086 : INFO : root : Loading config.
2025-09-25 16:42:09,091 : INFO : YamlMultifileConfigLoader : Machine config file #1: config.yaml
2025-09-25 16:42:09,091 : INFO : ConfigProcessor : Loading config from cache: C:\Users\White\AppData\Local\Temp\cfa6ecba65704a931c9dd214c44986c8.mpf_cache
2025-09-25 16:42:09,197 : INFO : ConfigProcessor : Loading config from cache: C:\Users\White\AppData\Local\Temp\f98ffc0ff5962effface7d86bc406d5c.mpf_cache
2025-09-25 16:42:09,198 : INFO : ConfigProcessor : Loading config from cache: C:\Users\White\AppData\Local\Temp\91cc4d1c993c58dc354e34974b9cfeac.mpf_cache
2025-09-25 16:42:09,198 : INFO : ConfigProcessor : Loading config from cache: C:\Users\White\AppData\Local\Temp\f98ffc0ff5962effface7d86bc406d5c.mpf_cache
2025-09-25 16:42:09,199 : INFO : ConfigProcessor : Loading config from cache: C:\Users\White\AppData\Local\Temp\76792f1d686f89709887dba7bd69667a.mpf_cache
2025-09-25 16:42:09,200 : INFO : ConfigProcessor : Loading config from cache: C:\Users\White\AppData\Local\Temp\142bbae4707335cc8e3efaa4364c4893.mpf_cache
2025-09-25 16:42:09,200 : INFO : ConfigProcessor : Loading config from cache: C:\Users\White\AppData\Local\Temp\0f5f0ac41d1a2672d0d32cef2b12699e.mpf_cache
2025-09-25 16:42:09,212 : INFO : ConfigProcessor : Loading config from cache: C:\Users\White\AppData\Local\Temp\82e20c7c6490dd2e5fed726a3aa8d652.mpf_cache
2025-09-25 16:42:09,213 : INFO : ConfigProcessor : Loading config from cache: C:\Users\White\AppData\Local\Temp\359114d5ba2a6ad6c93d1559776bbb30.mpf_cache
2025-09-25 16:42:09,215 : INFO : ConfigProcessor : Loading config from cache: C:\Users\White\AppData\Local\Temp\d421369d6df802e4e6f8aa58f446b1a6.mpf_cache
2025-09-25 16:42:09,216 : INFO : ConfigProcessor : Loading config from cache: C:\Users\White\AppData\Local\Temp\310aa541ce6545037d37da470e7bd790.mpf_cache
2025-09-25 16:42:09,217 : INFO : ConfigProcessor : Loading config from cache: C:\Users\White\AppData\Local\Temp\2151caa0419aeb1e56d3d8934477383e.mpf_cache
2025-09-25 16:42:09,219 : INFO : ConfigProcessor : Loading config from cache: C:\Users\White\AppData\Local\Temp\17003635873251b4f6841bf4ab3bdcdd.mpf_cache
2025-09-25 16:42:09,219 : INFO : ConfigProcessor : Loading config from cache: C:\Users\White\AppData\Local\Temp\f70c640a816343cb9040222d7a9269d3.mpf_cache
2025-09-25 16:42:09,220 : INFO : ConfigProcessor : Loading config from cache: C:\Users\White\AppData\Local\Temp\30922048be1d0c17ea15fc75f7fbfe10.mpf_cache
2025-09-25 16:42:09,223 : INFO : ConfigProcessor : Loading config from cache: C:\Users\White\AppData\Local\Temp\58d7809d3d969de03aaf131fc45863f8.mpf_cache
2025-09-25 16:42:09,224 : INFO : ConfigProcessor : Loading config from cache: C:\Users\White\AppData\Local\Temp\d380fa2863f93e197660f0281ffd272b.mpf_cache
2025-09-25 16:42:09,225 : INFO : Machine : Mission Pinball Framework Core Engine v0.80.0.dev9
2025-09-25 16:42:09,225 : INFO : Machine : Command line arguments: {'no_load_cache': False, 'create_config_cache': True, 'bcp': True, 'configfile': ['config.yaml'], 'force_assets_load': False, 'platform_integration_test': False, 'jsonlogging': False, 'logfile': 'logs\\2025-09-25-16-42-09-mpf-TopGunPinball.log', 'pause': False, 'production': False, 'text_ui': False, 'loglevel': 15, 'consoleloglevel': 20, 'force_platform': 'virtual', 'syslog_address': None, 'full_logfile_path': 'C:\\Users\\White\\Documents\\Top_Gun_Pinball\\logs\\2025-09-25-16-42-09-mpf-TopGunPinball.log'}
2025-09-25 16:42:09,225 : INFO : Machine : MPF path: C:\Users\White\mpf\Lib\site-packages\mpf
2025-09-25 16:42:09,225 : INFO : Machine : Machine path: C:\Users\White\Documents\Top_Gun_Pinball
2025-09-25 16:42:09,225 : INFO : Machine : Platform: win32
2025-09-25 16:42:09,225 : INFO : Machine : Python executable location: C:\Users\White\mpf\Scripts\python.exe
2025-09-25 16:42:09,225 : INFO : Machine : Python version: 3.12.7 (64-bit)
2025-09-25 16:42:09,227 : INFO : Machine : Initializing MPF...
2025-09-25 16:42:09,316 : INFO : EventManager : Event: ======'machine_var_credits_string'====== Args={'value': 'FREE PLAY', 'prev_value': None, 'change': True}
2025-09-25 16:42:09,346 : INFO : EventManager : Event: ======'machine_var_master_volume'====== Args={'value': 0.5, 'prev_value': None, 'change': True}
2025-09-25 16:42:09,346 : INFO : EventManager : Event: ======'machine_var_player1_score'====== Args={'value': 61000, 'prev_value': None, 'change': True}
2025-09-25 16:42:09,346 : INFO : EventManager : Event: ======'machine_var_player2_score'====== Args={'value': 73000, 'prev_value': None, 'change': True}
2025-09-25 16:42:09,346 : INFO : EventManager : Event: ======'machine_var_mpf_version'====== Args={'value': 'Mission Pinball Framework v0.80.0.dev9', 'prev_value': None, 'change': True}
2025-09-25 16:42:09,346 : INFO : EventManager : Event: ======'machine_var_mpf_extended_version'====== Args={'value': 'Mission Pinball Framework v0.80.0.dev9, Config version:6, Show version: 6, BCP version:1.1', 'prev_value': None, 'change': True}
2025-09-25 16:42:09,346 : INFO : EventManager : Event: ======'machine_var_python_version'====== Args={'value': '3.12.7', 'prev_value': None, 'change': True}
2025-09-25 16:42:09,485 : INFO : EventManager : Event: ======'machine_var_platform'====== Args={'value': 'Windows-11-10.0.26100-SP0', 'prev_value': None, 'change': True}
2025-09-25 16:42:09,485 : INFO : EventManager : Event: ======'machine_var_platform_system'====== Args={'value': 'Windows', 'prev_value': None, 'change': True}
2025-09-25 16:42:09,485 : INFO : EventManager : Event: ======'machine_var_platform_release'====== Args={'value': '11', 'prev_value': None, 'change': True}
2025-09-25 16:42:09,485 : INFO : EventManager : Event: ======'machine_var_platform_version'====== Args={'value': '10.0.26100', 'prev_value': None, 'change': True}
2025-09-25 16:42:09,485 : INFO : EventManager : Event: ======'machine_var_platform_machine'====== Args={'value': 'AMD64', 'prev_value': None, 'change': True}
2025-09-25 16:42:09,485 : INFO : EventManager : Event: ======'machine_var_log_file_path'====== Args={'value': 'C:\\Users\\White\\Documents\\Top_Gun_Pinball\\logs\\2025-09-25-16-42-09-mpf-TopGunPinball.log', 'prev_value': None, 'change': True}
2025-09-25 16:42:09,485 : INFO : EventManager : Event: ======'init_phase_1'====== Args={}
2025-09-25 16:42:09,529 : INFO : EventManager : Event: ======'init_phase_2'====== Args={}
2025-09-25 16:42:09,529 : INFO : SwitchController : Found active switch: ('playfield_board_lower-3208-0', <Platform.Virtual>) <switch.s_trough_1>
2025-09-25 16:42:09,529 : INFO : SwitchController : Found active switch: ('playfield_board_lower-3208-1', <Platform.Virtual>) <switch.s_trough_2>
2025-09-25 16:42:09,529 : INFO : SwitchController : Found active switch: ('playfield_board_lower-3208-2', <Platform.Virtual>) <switch.s_trough_3>
2025-09-25 16:42:09,529 : INFO : SwitchController : Found active switch: ('playfield_board_lower-3208-3', <Platform.Virtual>) <switch.s_trough_4>
2025-09-25 16:42:09,529 : INFO : SwitchController : Found active switch: ('playfield_board_lower-3208-4', <Platform.Virtual>) <switch.s_trough_5>
2025-09-25 16:42:09,529 : INFO : SwitchController : Found active switch: ('playfield_board_lower-3208-5', <Platform.Virtual>) <switch.s_trough_6>
2025-09-25 16:42:09,534 : INFO : EventManager : Event: ======'bcp_connection_attempt'====== Args={'name': 'local_display', 'host': 'localhost', 'port': 5050}
2025-09-25 16:42:09,536 : INFO : BCPClientSocket : Connecting BCP to 'local_display' at localhost:5050...
2025-09-25 16:42:09,547 : INFO : BCPClientSocket : Connected BCP to 'local_display' localhost:5050
2025-09-25 16:42:09,547 : INFO : EventManager : Event: ======'bcp_clients_connected'====== Args={}
2025-09-25 16:42:09,548 : INFO : ball_device.bd_plunger : BCH: Initial count: 0
2025-09-25 16:42:09,548 : INFO : ball_device.bd_plunger : State: idle
2025-09-25 16:42:09,549 : INFO : ball_device.bd_trough : BCH: Initial count: 6
2025-09-25 16:42:09,549 : INFO : ball_device.bd_trough : State: idle
2025-09-25 16:42:09,549 : INFO : ball_device.bd_lock_elevator : BCH: Initial count: 0
2025-09-25 16:42:09,549 : INFO : ball_device.bd_lock_elevator : State: idle
2025-09-25 16:42:09,549 : INFO : ball_device.bd_mode_scoop : BCH: Initial count: 0
2025-09-25 16:42:09,550 : INFO : ball_device.bd_mode_scoop : State: idle
2025-09-25 16:42:09,576 : INFO : EventManager : Event: ======'init_phase_3'====== Args={}
2025-09-25 16:42:10,104 : INFO : EventManager : Event: ======'init_phase_4'====== Args={}
2025-09-25 16:42:10,104 : INFO : BallController : Initial balls found: 6
2025-09-25 16:42:10,106 : INFO : EventManager : Event: ======'machine_var_audits_events_game_ended'====== Args={'value': 1, 'prev_value': None, 'change': True}
2025-09-25 16:42:10,106 : INFO : EventManager : Event: ======'machine_var_audits_events_game_started'====== Args={'value': 179, 'prev_value': None, 'change': True}
2025-09-25 16:42:10,106 : INFO : EventManager : Event: ======'machine_var_audits_missing_switches_s_a_iceman_target'====== Args={'value': 45, 'prev_value': None, 'change': True}
2025-09-25 16:42:10,106 : INFO : EventManager : Event: ======'machine_var_audits_missing_switches_s_barrier_target'====== Args={'value': 63, 'prev_value': None, 'change': True}
2025-09-25 16:42:10,106 : INFO : EventManager : Event: ======'machine_var_audits_missing_switches_s_bumper_right'====== Args={'value': 3, 'prev_value': None, 'change': True}
2025-09-25 16:42:10,106 : INFO : EventManager : Event: ======'machine_var_audits_missing_switches_s_c_iceman_target'====== Args={'value': 13, 'prev_value': None, 'change': True}
2025-09-25 16:42:10,106 : INFO : EventManager : Event: ======'machine_var_audits_missing_switches_s_c_lock_target'====== Args={'value': 63, 'prev_value': None, 'change': True}
2025-09-25 16:42:10,106 : INFO : EventManager : Event: ======'machine_var_audits_missing_switches_s_coin_door'====== Args={'value': 66, 'prev_value': None, 'change': True}
2025-09-25 16:42:10,106 : INFO : EventManager : Event: ======'machine_var_audits_missing_switches_s_coin_door_service_1'====== Args={'value': 66, 'prev_value': None, 'change': True}
2025-09-25 16:42:10,106 : INFO : EventManager : Event: ======'machine_var_audits_missing_switches_s_coin_door_service_2'====== Args={'value': 66, 'prev_value': None, 'change': True}
2025-09-25 16:42:10,106 : INFO : EventManager : Event: ======'machine_var_audits_missing_switches_s_coin_door_service_3'====== Args={'value': 66, 'prev_value': None, 'change': True}
2025-09-25 16:42:10,107 : INFO : EventManager : Event: ======'machine_var_audits_missing_switches_s_coin_door_service_4'====== Args={'value': 66, 'prev_value': None, 'change': True}
2025-09-25 16:42:10,107 : INFO : EventManager : Event: ======'machine_var_audits_missing_switches_s_e_iceman_target'====== Args={'value': 13, 'prev_value': None, 'change': True}
2025-09-25 16:42:10,107 : INFO : EventManager : Event: ======'machine_var_audits_missing_switches_s_flight_gear_target'====== Args={'value': 63, 'prev_value': None, 'change': True}
2025-09-25 16:42:10,107 : INFO : EventManager : Event: ======'machine_var_audits_missing_switches_s_flipper_left'====== Args={'value': 124, 'prev_value': None, 'change': True}
2025-09-25 16:42:10,107 : INFO : EventManager : Event: ======'machine_var_audits_missing_switches_s_flipper_left_eos'====== Args={'value': 126, 'prev_value': None, 'change': True}
2025-09-25 16:42:10,107 : INFO : EventManager : Event: ======'machine_var_audits_missing_switches_s_flipper_left_upper'====== Args={'value': 128, 'prev_value': None, 'change': True}
2025-09-25 16:42:10,107 : INFO : EventManager : Event: ======'machine_var_audits_missing_switches_s_flipper_left_upper_eos'====== Args={'value': 126, 'prev_value': None, 'change': True}
2025-09-25 16:42:10,107 : INFO : EventManager : Event: ======'machine_var_audits_missing_switches_s_flipper_right'====== Args={'value': 62, 'prev_value': None, 'change': True}
2025-09-25 16:42:10,107 : INFO : EventManager : Event: ======'machine_var_audits_missing_switches_s_flipper_right_eos'====== Args={'value': 126, 'prev_value': None, 'change': True}
2025-09-25 16:42:10,107 : INFO : EventManager : Event: ======'machine_var_audits_missing_switches_s_i_iceman_target'====== Args={'value': 13, 'prev_value': None, 'change': True}
2025-09-25 16:42:10,107 : INFO : EventManager : Event: ======'machine_var_audits_missing_switches_s_inlane_left'====== Args={'value': 59, 'prev_value': None, 'change': True}
2025-09-25 16:42:10,107 : INFO : EventManager : Event: ======'machine_var_audits_missing_switches_s_inner_inlane_right'====== Args={'value': 63, 'prev_value': None, 'change': True}
2025-09-25 16:42:10,107 : INFO : EventManager : Event: ======'machine_var_audits_missing_switches_s_jam'====== Args={'value': 65, 'prev_value': None, 'change': True}
2025-09-25 16:42:10,107 : INFO : EventManager : Event: ======'machine_var_audits_missing_switches_s_k_lock_target'====== Args={'value': 63, 'prev_value': None, 'change': True}
2025-09-25 16:42:10,107 : INFO : EventManager : Event: ======'machine_var_audits_missing_switches_s_l_lock_target'====== Args={'value': 63, 'prev_value': None, 'change': True}
2025-09-25 16:42:10,108 : INFO : EventManager : Event: ======'machine_var_audits_missing_switches_s_lane_left'====== Args={'value': 178, 'prev_value': None, 'change': True}
2025-09-25 16:42:10,108 : INFO : EventManager : Event: ======'machine_var_audits_missing_switches_s_lock_goose'====== Args={'value': 128, 'prev_value': None, 'change': True}
2025-09-25 16:42:10,108 : INFO : EventManager : Event: ======'machine_var_audits_missing_switches_s_lock_mav'====== Args={'value': 128, 'prev_value': None, 'change': True}
2025-09-25 16:42:10,108 : INFO : EventManager : Event: ======'machine_var_audits_missing_switches_s_lock_plunger'====== Args={'value': 13, 'prev_value': None, 'change': True}
2025-09-25 16:42:10,108 : INFO : EventManager : Event: ======'machine_var_audits_missing_switches_s_m_iceman_target'====== Args={'value': 53, 'prev_value': None, 'change': True}
2025-09-25 16:42:10,108 : INFO : EventManager : Event: ======'machine_var_audits_missing_switches_s_mig_lane_left'====== Args={'value': 9, 'prev_value': None, 'change': True}
2025-09-25 16:42:10,108 : INFO : EventManager : Event: ======'machine_var_audits_missing_switches_s_mig_lane_right'====== Args={'value': 3, 'prev_value': None, 'change': True}
2025-09-25 16:42:10,108 : INFO : EventManager : Event: ======'machine_var_audits_missing_switches_s_mode_start'====== Args={'value': 128, 'prev_value': None, 'change': True}
2025-09-25 16:42:10,108 : INFO : EventManager : Event: ======'machine_var_audits_missing_switches_s_n_iceman_target'====== Args={'value': 22, 'prev_value': None, 'change': True}
2025-09-25 16:42:10,108 : INFO : EventManager : Event: ======'machine_var_audits_missing_switches_s_o_lock_target'====== Args={'value': 63, 'prev_value': None, 'change': True}
2025-09-25 16:42:10,108 : INFO : EventManager : Event: ======'machine_var_audits_missing_switches_s_orbit_left'====== Args={'value': 19, 'prev_value': None, 'change': True}
2025-09-25 16:42:10,108 : INFO : EventManager : Event: ======'machine_var_audits_missing_switches_s_orbit_lower'====== Args={'value': 1, 'prev_value': None, 'change': True}
2025-09-25 16:42:10,108 : INFO : EventManager : Event: ======'machine_var_audits_missing_switches_s_orbit_right'====== Args={'value': 13, 'prev_value': None, 'change': True}
2025-09-25 16:42:10,108 : INFO : EventManager : Event: ======'machine_var_audits_missing_switches_s_orbit_upper'====== Args={'value': 13, 'prev_value': None, 'change': True}
2025-09-25 16:42:10,108 : INFO : EventManager : Event: ======'machine_var_audits_missing_switches_s_outer_inlane_right'====== Args={'value': 61, 'prev_value': None, 'change': True}
2025-09-25 16:42:10,108 : INFO : EventManager : Event: ======'machine_var_audits_missing_switches_s_outlane_left'====== Args={'value': 128, 'prev_value': None, 'change': True}
2025-09-25 16:42:10,108 : INFO : EventManager : Event: ======'machine_var_audits_missing_switches_s_outlane_right'====== Args={'value': 65, 'prev_value': None, 'change': True}
2025-09-25 16:42:10,108 : INFO : EventManager : Event: ======'machine_var_audits_missing_switches_s_plunger_lane'====== Args={'value': 10, 'prev_value': None, 'change': True}
2025-09-25 16:42:10,109 : INFO : EventManager : Event: ======'machine_var_audits_missing_switches_s_ramp_inner_exit'====== Args={'value': 2, 'prev_value': None, 'change': True}
2025-09-25 16:42:10,109 : INFO : EventManager : Event: ======'machine_var_audits_missing_switches_s_ramp_left_exit'====== Args={'value': 128, 'prev_value': None, 'change': True}
2025-09-25 16:42:10,109 : INFO : EventManager : Event: ======'machine_var_audits_missing_switches_s_ramp_right_exit'====== Args={'value': 128, 'prev_value': None, 'change': True}
2025-09-25 16:42:10,109 : INFO : EventManager : Event: ======'machine_var_audits_missing_switches_s_ramp_tower_exit'====== Args={'value': 128, 'prev_value': None, 'change': True}
2025-09-25 16:42:10,109 : INFO : EventManager : Event: ======'machine_var_audits_missing_switches_s_slingshot_left'====== Args={'value': 63, 'prev_value': None, 'change': True}
2025-09-25 16:42:10,109 : INFO : EventManager : Event: ======'machine_var_audits_missing_switches_s_slingshot_right'====== Args={'value': 63, 'prev_value': None, 'change': True}
2025-09-25 16:42:10,109 : INFO : EventManager : Event: ======'machine_var_audits_missing_switches_s_spinner'====== Args={'value': 18, 'prev_value': None, 'change': True}
2025-09-25 16:42:10,109 : INFO : EventManager : Event: ======'machine_var_audits_missing_switches_s_start'====== Args={'value': 3, 'prev_value': None, 'change': True}
2025-09-25 16:42:10,109 : INFO : EventManager : Event: ======'machine_var_audits_missing_switches_s_tilt'====== Args={'value': 66, 'prev_value': None, 'change': True}
2025-09-25 16:42:10,109 : INFO : EventManager : Event: ======'machine_var_audits_missing_switches_s_trough_1'====== Args={'value': 104, 'prev_value': None, 'change': True}
2025-09-25 16:42:10,109 : INFO : EventManager : Event: ======'machine_var_audits_missing_switches_s_trough_2'====== Args={'value': 104, 'prev_value': None, 'change': True}
2025-09-25 16:42:10,109 : INFO : EventManager : Event: ======'machine_var_audits_missing_switches_s_trough_3'====== Args={'value': 104, 'prev_value': None, 'change': True}
2025-09-25 16:42:10,110 : INFO : EventManager : Event: ======'machine_var_audits_missing_switches_s_trough_4'====== Args={'value': 179, 'prev_value': None, 'change': True}
2025-09-25 16:42:10,110 : INFO : EventManager : Event: ======'machine_var_audits_missing_switches_s_trough_5'====== Args={'value': 179, 'prev_value': None, 'change': True}
2025-09-25 16:42:10,110 : INFO : EventManager : Event: ======'machine_var_audits_player_score'====== Args={'value': {'average': 67000, 'top': [73000, 61000], 'total': 2}, 'prev_value': None, 'change': True}
2025-09-25 16:42:10,110 : INFO : EventManager : Event: ======'machine_var_audits_shots_bumper_center'====== Args={'value': 489, 'prev_value': None, 'change': True}
2025-09-25 16:42:10,110 : INFO : EventManager : Event: ======'machine_var_audits_shots_bumper_left'====== Args={'value': 491, 'prev_value': None, 'change': True}
2025-09-25 16:42:10,110 : INFO : EventManager : Event: ======'machine_var_audits_shots_bumper_right'====== Args={'value': 361, 'prev_value': None, 'change': True}
2025-09-25 16:42:10,110 : INFO : EventManager : Event: ======'machine_var_audits_shots_mig_lane_left'====== Args={'value': 31, 'prev_value': None, 'change': True}
2025-09-25 16:42:10,110 : INFO : EventManager : Event: ======'machine_var_audits_shots_mig_lane_right'====== Args={'value': 3, 'prev_value': None, 'change': True}
2025-09-25 16:42:10,110 : INFO : EventManager : Event: ======'machine_var_audits_shots_orbit_upper'====== Args={'value': 8, 'prev_value': None, 'change': True}
2025-09-25 16:42:10,110 : INFO : EventManager : Event: ======'machine_var_audits_shots_ramp_inner'====== Args={'value': 2, 'prev_value': None, 'change': True}
2025-09-25 16:42:10,110 : INFO : EventManager : Event: ======'machine_var_audits_shots_spinner'====== Args={'value': 1, 'prev_value': None, 'change': True}
2025-09-25 16:42:10,110 : INFO : EventManager : Event: ======'machine_var_audits_switches_s_a_iceman_target'====== Args={'value': 25, 'prev_value': None, 'change': True}
2025-09-25 16:42:10,110 : INFO : EventManager : Event: ======'machine_var_audits_switches_s_barrier_target'====== Args={'value': 6, 'prev_value': None, 'change': True}
2025-09-25 16:42:10,110 : INFO : EventManager : Event: ======'machine_var_audits_switches_s_bumper_center'====== Args={'value': 509, 'prev_value': None, 'change': True}
2025-09-25 16:42:10,110 : INFO : EventManager : Event: ======'machine_var_audits_switches_s_bumper_left'====== Args={'value': 522, 'prev_value': None, 'change': True}
2025-09-25 16:42:10,110 : INFO : EventManager : Event: ======'machine_var_audits_switches_s_bumper_right'====== Args={'value': 367, 'prev_value': None, 'change': True}
2025-09-25 16:42:10,110 : INFO : EventManager : Event: ======'machine_var_audits_switches_s_c_iceman_target'====== Args={'value': 41, 'prev_value': None, 'change': True}
2025-09-25 16:42:10,110 : INFO : EventManager : Event: ======'machine_var_audits_switches_s_c_lock_target'====== Args={'value': 4, 'prev_value': None, 'change': True}
2025-09-25 16:42:10,110 : INFO : EventManager : Event: ======'machine_var_audits_switches_s_coin_door'====== Args={'value': 0, 'prev_value': None, 'change': True}
2025-09-25 16:42:10,110 : INFO : EventManager : Event: ======'machine_var_audits_switches_s_coin_door_service_1'====== Args={'value': 0, 'prev_value': None, 'change': True}
2025-09-25 16:42:10,110 : INFO : EventManager : Event: ======'machine_var_audits_switches_s_coin_door_service_2'====== Args={'value': 0, 'prev_value': None, 'change': True}
2025-09-25 16:42:10,110 : INFO : EventManager : Event: ======'machine_var_audits_switches_s_coin_door_service_3'====== Args={'value': 0, 'prev_value': None, 'change': True}
2025-09-25 16:42:10,111 : INFO : EventManager : Event: ======'machine_var_audits_switches_s_coin_door_service_4'====== Args={'value': 0, 'prev_value': None, 'change': True}
2025-09-25 16:42:10,111 : INFO : EventManager : Event: ======'machine_var_audits_switches_s_e_iceman_target'====== Args={'value': 45, 'prev_value': None, 'change': True}
2025-09-25 16:42:10,111 : INFO : EventManager : Event: ======'machine_var_audits_switches_s_flight_gear_target'====== Args={'value': 6, 'prev_value': None, 'change': True}
2025-09-25 16:42:10,111 : INFO : EventManager : Event: ======'machine_var_audits_switches_s_flipper_left'====== Args={'value': 9, 'prev_value': None, 'change': True}
2025-09-25 16:42:10,111 : INFO : EventManager : Event: ======'machine_var_audits_switches_s_flipper_left_eos'====== Args={'value': 0, 'prev_value': None, 'change': True}
2025-09-25 16:42:10,111 : INFO : EventManager : Event: ======'machine_var_audits_switches_s_flipper_left_upper'====== Args={'value': 0, 'prev_value': None, 'change': True}
2025-09-25 16:42:10,111 : INFO : EventManager : Event: ======'machine_var_audits_switches_s_flipper_left_upper_eos'====== Args={'value': 0, 'prev_value': None, 'change': True}
2025-09-25 16:42:10,111 : INFO : EventManager : Event: ======'machine_var_audits_switches_s_flipper_right'====== Args={'value': 17, 'prev_value': None, 'change': True}
2025-09-25 16:42:10,111 : INFO : EventManager : Event: ======'machine_var_audits_switches_s_flipper_right_eos'====== Args={'value': 0, 'prev_value': None, 'change': True}
2025-09-25 16:42:10,111 : INFO : EventManager : Event: ======'machine_var_audits_switches_s_i_iceman_target'====== Args={'value': 8, 'prev_value': None, 'change': True}
2025-09-25 16:42:10,111 : INFO : EventManager : Event: ======'machine_var_audits_switches_s_inlane_left'====== Args={'value': 53, 'prev_value': None, 'change': True}
2025-09-25 16:42:10,111 : INFO : EventManager : Event: ======'machine_var_audits_switches_s_inner_inlane_right'====== Args={'value': 3, 'prev_value': None, 'change': True}
2025-09-25 16:42:10,111 : INFO : EventManager : Event: ======'machine_var_audits_switches_s_jam'====== Args={'value': 1, 'prev_value': None, 'change': True}
2025-09-25 16:42:10,111 : INFO : EventManager : Event: ======'machine_var_audits_switches_s_k_lock_target'====== Args={'value': 5, 'prev_value': None, 'change': True}
2025-09-25 16:42:10,111 : INFO : EventManager : Event: ======'machine_var_audits_switches_s_l_lock_target'====== Args={'value': 5, 'prev_value': None, 'change': True}
2025-09-25 16:42:10,111 : INFO : EventManager : Event: ======'machine_var_audits_switches_s_lane_left'====== Args={'value': 1, 'prev_value': None, 'change': True}
2025-09-25 16:42:10,111 : INFO : EventManager : Event: ======'machine_var_audits_switches_s_lane_right'====== Args={'value': 50, 'prev_value': None, 'change': True}
2025-09-25 16:42:10,111 : INFO : EventManager : Event: ======'machine_var_audits_switches_s_lock_goose'====== Args={'value': 0, 'prev_value': None, 'change': True}
2025-09-25 16:42:10,111 : INFO : EventManager : Event: ======'machine_var_audits_switches_s_lock_mav'====== Args={'value': 0, 'prev_value': None, 'change': True}
2025-09-25 16:42:10,111 : INFO : EventManager : Event: ======'machine_var_audits_switches_s_lock_plunger'====== Args={'value': 1, 'prev_value': None, 'change': True}
2025-09-25 16:42:10,111 : INFO : EventManager : Event: ======'machine_var_audits_switches_s_m_iceman_target'====== Args={'value': 25, 'prev_value': None, 'change': True}
2025-09-25 16:42:10,111 : INFO : EventManager : Event: ======'machine_var_audits_switches_s_mig_lane_left'====== Args={'value': 51, 'prev_value': None, 'change': True}
2025-09-25 16:42:10,111 : INFO : EventManager : Event: ======'machine_var_audits_switches_s_mig_lane_right'====== Args={'value': 6, 'prev_value': None, 'change': True}
2025-09-25 16:42:10,111 : INFO : EventManager : Event: ======'machine_var_audits_switches_s_mode_start'====== Args={'value': 0, 'prev_value': None, 'change': True}
2025-09-25 16:42:10,111 : INFO : EventManager : Event: ======'machine_var_audits_switches_s_n_iceman_target'====== Args={'value': 34, 'prev_value': None, 'change': True}
2025-09-25 16:42:10,111 : INFO : EventManager : Event: ======'machine_var_audits_switches_s_o_lock_target'====== Args={'value': 5, 'prev_value': None, 'change': True}
2025-09-25 16:42:10,111 : INFO : EventManager : Event: ======'machine_var_audits_switches_s_orbit_left'====== Args={'value': 10, 'prev_value': None, 'change': True}
2025-09-25 16:42:10,111 : INFO : EventManager : Event: ======'machine_var_audits_switches_s_orbit_lower'====== Args={'value': 1, 'prev_value': None, 'change': True}
2025-09-25 16:42:10,111 : INFO : EventManager : Event: ======'machine_var_audits_switches_s_orbit_right'====== Args={'value': 14, 'prev_value': None, 'change': True}
2025-09-25 16:42:10,111 : INFO : EventManager : Event: ======'machine_var_audits_switches_s_orbit_upper'====== Args={'value': 9, 'prev_value': None, 'change': True}
2025-09-25 16:42:10,111 : INFO : EventManager : Event: ======'machine_var_audits_switches_s_outer_inlane_right'====== Args={'value': 5, 'prev_value': None, 'change': True}
2025-09-25 16:42:10,111 : INFO : EventManager : Event: ======'machine_var_audits_switches_s_outlane_left'====== Args={'value': 0, 'prev_value': None, 'change': True}
2025-09-25 16:42:10,111 : INFO : EventManager : Event: ======'machine_var_audits_switches_s_outlane_right'====== Args={'value': 4, 'prev_value': None, 'change': True}
2025-09-25 16:42:10,112 : INFO : EventManager : Event: ======'machine_var_audits_switches_s_plunger_lane'====== Args={'value': 46, 'prev_value': None, 'change': True}
2025-09-25 16:42:10,112 : INFO : EventManager : Event: ======'machine_var_audits_switches_s_ramp_inner_exit'====== Args={'value': 2, 'prev_value': None, 'change': True}
2025-09-25 16:42:10,112 : INFO : EventManager : Event: ======'machine_var_audits_switches_s_ramp_left_exit'====== Args={'value': 0, 'prev_value': None, 'change': True}
2025-09-25 16:42:10,112 : INFO : EventManager : Event: ======'machine_var_audits_switches_s_ramp_right_exit'====== Args={'value': 0, 'prev_value': None, 'change': True}
2025-09-25 16:42:10,112 : INFO : EventManager : Event: ======'machine_var_audits_switches_s_ramp_tower_exit'====== Args={'value': 0, 'prev_value': None, 'change': True}
2025-09-25 16:42:10,112 : INFO : EventManager : Event: ======'machine_var_audits_switches_s_shooter_lane'====== Args={'value': 96, 'prev_value': None, 'change': True}
2025-09-25 16:42:10,112 : INFO : EventManager : Event: ======'machine_var_audits_switches_s_slingshot_left'====== Args={'value': 8, 'prev_value': None, 'change': True}
2025-09-25 16:42:10,112 : INFO : EventManager : Event: ======'machine_var_audits_switches_s_slingshot_right'====== Args={'value': 7, 'prev_value': None, 'change': True}
2025-09-25 16:42:10,112 : INFO : EventManager : Event: ======'machine_var_audits_switches_s_spinner'====== Args={'value': 1, 'prev_value': None, 'change': True}
2025-09-25 16:42:10,112 : INFO : EventManager : Event: ======'machine_var_audits_switches_s_start'====== Args={'value': 147, 'prev_value': None, 'change': True}
2025-09-25 16:42:10,112 : INFO : EventManager : Event: ======'machine_var_audits_switches_s_tilt'====== Args={'value': 0, 'prev_value': None, 'change': True}
2025-09-25 16:42:10,112 : INFO : EventManager : Event: ======'machine_var_audits_switches_s_trough_1'====== Args={'value': 2, 'prev_value': None, 'change': True}
2025-09-25 16:42:10,112 : INFO : EventManager : Event: ======'machine_var_audits_switches_s_trough_2'====== Args={'value': 1, 'prev_value': None, 'change': True}
2025-09-25 16:42:10,112 : INFO : EventManager : Event: ======'machine_var_audits_switches_s_trough_3'====== Args={'value': 1, 'prev_value': None, 'change': True}
2025-09-25 16:42:10,112 : INFO : EventManager : Event: ======'machine_var_audits_switches_s_trough_4'====== Args={'value': 0, 'prev_value': None, 'change': True}
2025-09-25 16:42:10,112 : INFO : EventManager : Event: ======'machine_var_audits_switches_s_trough_5'====== Args={'value': 0, 'prev_value': None, 'change': True}
2025-09-25 16:42:10,112 : INFO : EventManager : Event: ======'machine_var_audits_switches_s_trough_6'====== Args={'value': 99, 'prev_value': None, 'change': True}
2025-09-25 16:42:10,112 : INFO : EventManager : Event: ======'init_phase_5'====== Args={}
2025-09-25 16:42:10,113 : INFO : EventManager : Event: ======'init_done'====== Args={}
2025-09-25 16:42:10,113 : INFO : EventManager : Event: ======'machine_reset_phase_1'====== Args={}
2025-09-25 16:42:10,121 : INFO : EventManager : Event: ======'machine_reset_phase_2'====== Args={}
2025-09-25 16:42:10,121 : INFO : EventManager : Event: ======'machine_reset_phase_3'====== Args={}
2025-09-25 16:42:10,121 : INFO : EventManager : Event: ======'reset_complete'====== Args={}
2025-09-25 16:42:10,121 : INFO : EventManager : Event: ======'mode_attract_will_start'====== Args={}
2025-09-25 16:42:10,122 : INFO : Timer.attract_carousel_timer : Starting Timer.
2025-09-25 16:42:10,122 : INFO : EventManager : Event: ======'timer_attract_carousel_timer_started'====== Args={'ticks': 0, 'ticks_remaining': 1}
2025-09-25 16:42:10,122 : INFO : EventManager : Event: ======'timer_attract_carousel_timer_tick'====== Args={'ticks': 0, 'ticks_remaining': 1}
2025-09-25 16:42:10,123 : INFO : EventManager : Event: ======'mode_attract_starting'====== Args={}
2025-09-25 16:42:10,123 : INFO : Mode.attract : Started. Priority: 10
2025-09-25 16:42:10,123 : INFO : EventManager : Event: ======'modes_active_modes_changed'====== Args={}
2025-09-25 16:42:10,123 : INFO : EventManager : Event: ======'mode_attract_started'====== Args={}
2025-09-25 16:42:10,123 : INFO : EventManager : Event: ======'attract_cycle_step1'====== Args={'priority': 0}
2025-09-25 16:42:10,125 : INFO : EventManager : Event: ======'collecting_balls_complete'====== Args={}
2025-09-25 16:42:10,125 : INFO : EventManager : Event: ======'item_highlighted'====== Args={'carousel': 'attract', 'direction': None, 'item': 'title'}
2025-09-25 16:42:10,125 : INFO : EventManager : Event: ======'timer_attract_carousel_timer_tick'====== Args={'ticks': 0, 'ticks_remaining': 1}
2025-09-25 16:42:10,125 : INFO : Machine : Starting the main run loop with active modes: [<Mode.attract>]
2025-09-25 16:42:10,211 : INFO : EventManager : Event: ======'slide_attract_created'====== Args={'_from_bcp': True}
2025-09-25 16:42:10,211 : INFO : EventManager : Event: ======'slide__removed'====== Args={'_from_bcp': True}
2025-09-25 16:42:10,212 : INFO : EventManager : Event: ======'slide_attract_active'====== Args={'original_context': 'attract', 'original_calling_context': 'mode_attract_started', 'priority': 10.0, 'cmd': 'slides_play', '_from_bcp': True}
2025-09-25 16:42:10,797 : INFO : BcpServer : New client connected.
2025-09-25 16:42:15,939 : INFO : SwitchController : <<<<<<< 's_start' active >>>>>>>
2025-09-25 16:42:16,022 : INFO : SwitchController : <<<<<<< 's_start' inactive >>>>>>>
2025-09-25 16:42:16,023 : INFO : EventManager : Event: ======'request_to_start_game'====== Args={}
2025-09-25 16:42:16,024 : INFO : EventManager : Event: ======'game_start'====== Args={'buttons': [], 'hold_time': 0.07899999999972351}
2025-09-25 16:42:16,025 : INFO : EventManager : Event: ======'mode_game_will_start'====== Args={'buttons': [], 'hold_time': 0.07899999999972351}
2025-09-25 16:42:16,025 : INFO : EventManager : Event: ======'mode_game_starting'====== Args={'buttons': [], 'hold_time': 0.07899999999972351}
2025-09-25 16:42:16,025 : INFO : EventManager : Event: ======'mode_attract_will_stop'====== Args={}
2025-09-25 16:42:16,025 : INFO : EventManager : Event: ======'mode_attract_stopping'====== Args={}
2025-09-25 16:42:16,025 : INFO : Mode.game : Started. Priority: 20
2025-09-25 16:42:16,025 : INFO : EventManager : Event: ======'modes_active_modes_changed'====== Args={}
2025-09-25 16:42:16,025 : INFO : EventManager : Event: ======'mode_game_started'====== Args={'buttons': [], 'hold_time': 0.07899999999972351}
2025-09-25 16:42:16,026 : INFO : Mode.attract : Stopped.
2025-09-25 16:42:16,026 : INFO : EventManager : Event: ======'modes_active_modes_changed'====== Args={}
2025-09-25 16:42:16,027 : INFO : EventManager : Event: ======'mode_attract_stopped'====== Args={}
2025-09-25 16:42:16,027 : INFO : EventManager : Event: ======'clear'====== Args={'key': 'attract'}
2025-09-25 16:42:16,027 : INFO : Timer.attract_carousel_timer : Stopping Timer
2025-09-25 16:42:16,027 : INFO : EventManager : Event: ======'timer_attract_carousel_timer_stopped'====== Args={'ticks': 0, 'ticks_remaining': 1}
2025-09-25 16:42:16,027 : INFO : EventManager : Event: ======'game_will_start'====== Args={}
2025-09-25 16:42:16,028 : INFO : EventManager : Event: ======'game_starting'====== Args={'game': <Mode.game>}
2025-09-25 16:42:16,029 : INFO : EventManager : Unordered handler for class <Auditor> on event game_ended with priority 1. Handlers: [RegisteredHandler(callback=<bound method Auditor.disable of <Auditor>>, priority=1, kwargs={}, key=UUID('3574272b-3c3f-44f7-a48a-156f22ebe186'), condition=None, blocking_facility=None), RegisteredHandler(callback=<bound method Auditor._save_audits of <Auditor>>, priority=1, kwargs={}, key=UUID('e4e2bf20-3c12-4514-b98c-8cb2a7efdcd4'), condition=None, blocking_facility=None)]. The order of those handlers is not defined and they will be executed in random order. This might lead to race conditions and potential bugs.
2025-09-25 16:42:16,029 : INFO : EventManager : Event: ======'player_add_request'====== Args={}
2025-09-25 16:42:16,031 : INFO : EventManager : Event: ======'player_will_add'====== Args={'number': 1}
2025-09-25 16:42:16,031 : INFO : EventManager : Event: ======'player_adding'====== Args={'player': <Player 1>, 'number': 1}
2025-09-25 16:42:16,031 : INFO : EventManager : Event: ======'player_added'====== Args={'player': <Player 1>, 'num': 1}
2025-09-25 16:42:16,031 : INFO : Mode.game : Player added successfully. Total players: 1
2025-09-25 16:42:16,031 : INFO : EventManager : Event: ======'player_index'====== Args={'value': 0, 'prev_value': 0, 'change': 0, 'player_num': 1}
2025-09-25 16:42:16,031 : INFO : EventManager : Event: ======'player_number'====== Args={'value': 1, 'prev_value': 1, 'change': 0, 'player_num': 1}
2025-09-25 16:42:16,032 : INFO : EventManager : Event: ======'player_score'====== Args={'value': 0, 'prev_value': 0, 'change': 0, 'player_num': 1}
2025-09-25 16:42:16,032 : INFO : EventManager : Event: ======'game_started'====== Args={}
2025-09-25 16:42:16,033 : INFO : EventManager : Event: ======'player_turn_will_start'====== Args={'player': <Player 1>, 'number': 1}
2025-09-25 16:42:16,042 : INFO : EventManager : Event: ======'player_turn_starting'====== Args={'player': <Player 1>, 'number': 1}
2025-09-25 16:42:16,042 : INFO : EventManager : Event: ======'player_ball'====== Args={'value': 1, 'prev_value': 0, 'change': 1, 'player_num': 1}
2025-09-25 16:42:16,043 : INFO : EventManager : Event: ======'player_turn_started'====== Args={'player': <Player 1>, 'number': 1}
2025-09-25 16:42:16,043 : INFO : EventManager : Event: ======'ui_player_1_up'====== Args={'priority': 0}
2025-09-25 16:42:16,045 : INFO : EventManager : Event: ======'ball_will_start'====== Args={'player': 1, 'ball': 1, 'balls_remaining': 2, 'is_extra_ball': False}
2025-09-25 16:42:16,046 : INFO : EventManager : Event: ======'ball_starting'====== Args={'player': 1, 'ball': 1, 'balls_remaining': 2, 'is_extra_ball': False}
2025-09-25 16:42:16,046 : INFO : EventManager : Event: ======'mode_base_will_start'====== Args={'queue': <QueuedEvent>, 'player': 1, 'ball': 1, 'balls_remaining': 2, 'is_extra_ball': False}
2025-09-25 16:42:16,047 : INFO : EventManager : Event: ======'mode_base_starting'====== Args={'queue': <QueuedEvent>, 'player': 1, 'ball': 1, 'balls_remaining': 2, 'is_extra_ball': False}
2025-09-25 16:42:16,048 : INFO : Mode.base : Started. Priority: 100
2025-09-25 16:42:16,049 : INFO : EventManager : Event: ======'modes_active_modes_changed'====== Args={}
2025-09-25 16:42:16,049 : INFO : EventManager : Event: ======'mode_base_started'====== Args={'queue': <QueuedEvent>, 'player': 1, 'ball': 1, 'balls_remaining': 2, 'is_extra_ball': False}
2025-09-25 16:42:16,049 : INFO : EventManager : Event: ======'start_mode_bumpers'====== Args={'priority': 0}
2025-09-25 16:42:16,049 : INFO : EventManager : Event: ======'mode_bumpers_will_start'====== Args={'priority': 0}
2025-09-25 16:42:16,049 : INFO : EventManager : Event: ======'player_shot_bumper_left_enabled'====== Args={'value': True, 'prev_value': 0, 'change': 1, 'player_num': 1}
2025-09-25 16:42:16,050 : INFO : EventManager : Event: ======'player_shot_bumper_center_enabled'====== Args={'value': True, 'prev_value': 0, 'change': 1, 'player_num': 1}
2025-09-25 16:42:16,050 : INFO : EventManager : Event: ======'player_shot_bumper_right_enabled'====== Args={'value': True, 'prev_value': 0, 'change': 1, 'player_num': 1}
2025-09-25 16:42:16,050 : INFO : EventManager : Event: ======'bumpers_complete'====== Args={'state': 'unlit'}
2025-09-25 16:42:16,050 : INFO : EventManager : Event: ======'bumpers_unlit_complete'====== Args={}
2025-09-25 16:42:16,051 : INFO : EventManager : Event: ======'mode_bumpers_starting'====== Args={'priority': 0}
2025-09-25 16:42:16,051 : INFO : Mode.bumpers : Started. Priority: 200
2025-09-25 16:42:16,051 : INFO : EventManager : Event: ======'modes_active_modes_changed'====== Args={}
2025-09-25 16:42:16,052 : INFO : EventManager : Event: ======'mode_bumpers_started'====== Args={'priority': 0}
2025-09-25 16:42:16,052 : INFO : EventManager : Event: ======'balls_in_play'====== Args={'balls': 1}
2025-09-25 16:42:16,052 : INFO : EventManager : Event: ======'ball_started'====== Args={'player': 1, 'ball': 1, 'balls_remaining': 2, 'is_extra_ball': False}
2025-09-25 16:42:16,054 : INFO : EventManager : Event: ======'single_player_ball_started'====== Args={}
2025-09-25 16:42:16,054 : INFO : EventManager : Event: ======'ball_start_target'====== Args={'target': 'playfield'}
2025-09-25 16:42:16,054 : INFO : ball_device.bd_plunger : Setting up player-controlled eject. Balls: 1, Target: <playfield.playfield>, player_controlled_eject_event: None
2025-09-25 16:42:16,055 : INFO : EventManager : Event: ======'balldevice_balls_available'====== Args={}
2025-09-25 16:42:16,055 : INFO : ball_device.bd_trough : State: waiting_for_target_ready
2025-09-25 16:42:16,056 : INFO : EventManager : Event: ======'balldevice_bd_trough_ball_eject_attempt'====== Args={'balls': 1, 'target': <ball_device.bd_plunger>, 'source': <ball_device.bd_trough>, 'mechanical_eject': True, 'num_attempts': 0}
2025-09-25 16:42:16,056 : INFO : ball_device.bd_plunger : State: waiting_for_ball
2025-09-25 16:42:16,056 : INFO : ball_device.bd_trough : State: ejecting
2025-09-25 16:42:16,056 : INFO : ball_device.bd_trough : Ejecting ball to <ball_device.bd_plunger>
2025-09-25 16:42:16,057 : INFO : EventManager : Event: ======'balldevice_bd_trough_ejecting_ball'====== Args={'balls': 1, 'target': <ball_device.bd_plunger>, 'source': <ball_device.bd_trough>, 'mechanical_eject': True, 'num_attempts': 0}
2025-09-25 16:42:16,057 : INFO : ball_device.bd_trough : Wait for ball to leave device
2025-09-25 16:42:16,057 : INFO : coil.c_trough_eject : Pulsing Driver for 10ms (0.75 pulse_power)
2025-09-25 16:42:16,140 : INFO : EventManager : Event: ======'slide_base_slide_created'====== Args={'_from_bcp': True}
2025-09-25 16:42:16,140 : INFO : EventManager : Event: ======'slide_attract_inactive'====== Args={'is_removing': True, '_from_bcp': True}
2025-09-25 16:42:16,142 : INFO : EventManager : Event: ======'slide_base_slide_active'====== Args={'original_context': 'base', 'original_calling_context': 'mode_base_started', 'priority': 100.0, 'queue': '<QueuedEvent>', 'player': 1.0, 'ball': 1.0, 'balls_remaining': 2.0, 'is_extra_ball': False, 'cmd': 'slides_play', '_from_bcp': True}
2025-09-25 16:42:16,145 : INFO : EventManager : Event: ======'slide_attract_removed'====== Args={'_from_bcp': True}
2025-09-25 16:42:18,118 : INFO : SwitchController : <<<<<<< 's_trough_6' inactive >>>>>>>
2025-09-25 16:42:18,118 : INFO : ball_device.bd_trough : State: ball_left
2025-09-25 16:42:18,119 : INFO : ball_device.bd_trough : Ball left
2025-09-25 16:42:18,119 : INFO : ball_device.bd_trough : Wait for confirm with timeout 3.0
2025-09-25 16:42:19,040 : INFO : SwitchController : <<<<<<< 's_shooter_lane' active >>>>>>>
2025-09-25 16:42:19,040 : INFO : EventManager : Event: ======'s_shooter_lane_active'====== Args={}
2025-09-25 16:42:19,040 : INFO : EventManager : Event: ======'machine_var_audits_switches_s_shooter_lane'====== Args={'value': 97, 'prev_value': 96, 'change': 1}
2025-09-25 16:42:19,042 : INFO : EventManager : Event: ======'mode_skillshot_will_start'====== Args={}
2025-09-25 16:42:19,042 : INFO : EventManager : Event: ======'player_shot_mig_lane_left_enabled'====== Args={'value': True, 'prev_value': 0, 'change': 1, 'player_num': 1}
2025-09-25 16:42:19,042 : INFO : EventManager : Event: ======'player_shot_mig_lane_right_enabled'====== Args={'value': True, 'prev_value': 0, 'change': 1, 'player_num': 1}
2025-09-25 16:42:19,043 : INFO : EventManager : Event: ======'player_shot_spinner_enabled'====== Args={'value': True, 'prev_value': 0, 'change': 1, 'player_num': 1}
2025-09-25 16:42:19,043 : INFO : EventManager : Event: ======'player_shot_orbit_upper_enabled'====== Args={'value': True, 'prev_value': 0, 'change': 1, 'player_num': 1}
2025-09-25 16:42:19,044 : INFO : EventManager : Event: ======'player_shot_ramp_inner_enabled'====== Args={'value': True, 'prev_value': 0, 'change': 1, 'player_num': 1}
2025-09-25 16:42:19,044 : INFO : EventManager : Event: ======'skillshot_group_complete'====== Args={'state': 'off'}
2025-09-25 16:42:19,044 : INFO : EventManager : Event: ======'skillshot_group_off_complete'====== Args={}
2025-09-25 16:42:19,046 : INFO : EventManager : Event: ======'player_skillshot_skillshot_tick'====== Args={'value': 10, 'prev_value': 0, 'change': 10, 'player_num': 1}
2025-09-25 16:42:19,046 : INFO : EventManager : Event: ======'player_skillshot_skillshot_sound_loop_tick'====== Args={'value': 0, 'prev_value': 0, 'change': 0, 'player_num': 1}
2025-09-25 16:42:19,051 : INFO : EventManager : Event: ======'mode_skillshot_starting'====== Args={}
2025-09-25 16:42:19,051 : INFO : Mode.skillshot : Started. Priority: 100
2025-09-25 16:42:19,051 : INFO : EventManager : Event: ======'modes_active_modes_changed'====== Args={}
2025-09-25 16:42:19,051 : INFO : EventManager : Event: ======'mode_skillshot_started'====== Args={}
2025-09-25 16:42:19,052 : INFO : EventManager : Event: ======'player_shot_mig_lane_left'====== Args={'value': 1, 'prev_value': 0, 'change': 1, 'player_num': 1}
2025-09-25 16:42:19,052 : INFO : EventManager : Event: ======'player_shot_mig_lane_right'====== Args={'value': 1, 'prev_value': 0, 'change': 1, 'player_num': 1}
2025-09-25 16:42:19,052 : INFO : EventManager : Event: ======'player_shot_spinner'====== Args={'value': 1, 'prev_value': 0, 'change': 1, 'player_num': 1}
2025-09-25 16:42:19,052 : INFO : EventManager : Event: ======'player_shot_orbit_upper'====== Args={'value': 1, 'prev_value': 0, 'change': 1, 'player_num': 1}
2025-09-25 16:42:19,052 : INFO : EventManager : Event: ======'player_shot_ramp_inner'====== Args={'value': 1, 'prev_value': 0, 'change': 1, 'player_num': 1}
2025-09-25 16:42:19,053 : INFO : Timer.skillshot_sound_loop : Starting Timer.
2025-09-25 16:42:19,053 : INFO : EventManager : Event: ======'timer_skillshot_sound_loop_started'====== Args={'ticks': 0, 'ticks_remaining': 999}
2025-09-25 16:42:19,053 : INFO : EventManager : Event: ======'timer_skillshot_sound_loop_tick'====== Args={'ticks': 0, 'ticks_remaining': 999}
2025-09-25 16:42:19,053 : INFO : EventManager : Event: ======'skillshot_group_complete'====== Args={'state': 'lit'}
2025-09-25 16:42:19,053 : INFO : EventManager : Event: ======'skillshot_group_lit_complete'====== Args={}
2025-09-25 16:42:19,071 : INFO : EventManager : Event: ======'slide_skillshot_ball_in_shooter_lane_created'====== Args={'_from_bcp': True}
2025-09-25 16:42:19,072 : INFO : EventManager : Event: ======'slide_base_slide_inactive'====== Args={'is_removing': False, '_from_bcp': True}
2025-09-25 16:42:19,072 : INFO : EventManager : Event: ======'slide_skillshot_ball_in_shooter_lane_active'====== Args={'original_context': 'skillshot', 'original_calling_context': 'timer_skillshot_sound_loop_tick', 'priority': 100.0, 'ticks': 0.0, 'ticks_remaining': 999.0, 'cmd': 'slides_play', '_from_bcp': True}
2025-09-25 16:42:19,356 : INFO : ball_device.bd_plunger : Received ball from <ball_device.bd_trough>
2025-09-25 16:42:19,356 : INFO : EventManager : Event: ======'balldevice_bd_plunger_ball_enter'====== Args={'new_balls': 1, 'unclaimed_balls': 0, 'new_available_balls': 0, 'device': <ball_device.bd_plunger>}
2025-09-25 16:42:19,357 : INFO : EventManager : Event: ======'balldevice_bd_plunger_ball_entered'====== Args={'new_balls': 0, 'device': <ball_device.bd_plunger>}
2025-09-25 16:42:19,357 : INFO : EventManager : Event: ======'balldevice_bd_plunger_ball_count_changed'====== Args={'balls': 1}
2025-09-25 16:42:19,358 : INFO : ball_device.bd_trough : Got eject confirm
2025-09-25 16:42:19,358 : INFO : ball_device.bd_trough : Eject successful
2025-09-25 16:42:19,358 : INFO : EventManager : Event: ======'balldevice_bd_trough_ball_eject_success'====== Args={'balls': 1, 'target': <ball_device.bd_plunger>}
2025-09-25 16:42:19,358 : INFO : EventManager : Event: ======'balldevice_bd_trough_ball_count_changed'====== Args={'balls': 5}
2025-09-25 16:42:19,358 : INFO : ball_device.bd_trough : State: idle
2025-09-25 16:42:19,359 : INFO : ball_device.bd_plunger : State: waiting_for_target_ready
2025-09-25 16:42:19,359 : INFO : EventManager : Event: ======'balldevice_bd_plunger_ball_eject_attempt'====== Args={'balls': 1, 'target': <playfield.playfield>, 'source': <ball_device.bd_plunger>, 'mechanical_eject': True, 'num_attempts': 0}
2025-09-25 16:42:19,359 : INFO : ball_device.bd_plunger : State: ejecting
2025-09-25 16:42:19,360 : INFO : ball_device.bd_plunger : Ejecting ball to <playfield.playfield>
2025-09-25 16:42:19,360 : INFO : EventManager : Event: ======'balldevice_bd_plunger_ejecting_ball'====== Args={'balls': 1, 'target': <playfield.playfield>, 'source': <ball_device.bd_plunger>, 'mechanical_eject': True, 'num_attempts': 0}
2025-09-25 16:42:19,360 : INFO : EventManager : Event: ======'video_idle_start'====== Args={'priority': 0}
2025-09-25 16:42:19,361 : INFO : ball_device.bd_plunger : Wait for ball to leave device
2025-09-25 16:42:22,063 : INFO : EventManager : Event: ======'player_skillshot_skillshot_sound_loop_tick'====== Args={'value': 1, 'prev_value': 0, 'change': 1, 'player_num': 1}
2025-09-25 16:42:22,063 : INFO : EventManager : Event: ======'timer_skillshot_sound_loop_tick'====== Args={'ticks': 1, 'ticks_remaining': 998}
2025-09-25 16:42:25,076 : INFO : EventManager : Event: ======'player_skillshot_skillshot_sound_loop_tick'====== Args={'value': 2, 'prev_value': 1, 'change': 1, 'player_num': 1}
2025-09-25 16:42:25,077 : INFO : EventManager : Event: ======'timer_skillshot_sound_loop_tick'====== Args={'ticks': 2, 'ticks_remaining': 997}
2025-09-25 16:42:27,800 : INFO : SwitchController : <<<<<<< 's_shooter_lane' inactive >>>>>>>
2025-09-25 16:42:27,800 : INFO : EventManager : Event: ======'s_shooter_lane_inactive'====== Args={}
2025-09-25 16:42:27,802 : INFO : Timer.skillshot : Starting Timer.
2025-09-25 16:42:27,802 : INFO : EventManager : Event: ======'timer_skillshot_started'====== Args={'ticks': 10, 'ticks_remaining': 10}
2025-09-25 16:42:27,802 : INFO : EventManager : Event: ======'timer_skillshot_tick'====== Args={'ticks': 10, 'ticks_remaining': 10}
2025-09-25 16:42:27,802 : INFO : Timer.skillshot_sound_loop : Stopping Timer
2025-09-25 16:42:27,802 : INFO : EventManager : Event: ======'timer_skillshot_sound_loop_stopped'====== Args={'ticks': 2, 'ticks_remaining': 997}
2025-09-25 16:42:27,802 : INFO : EventManager : Event: ======'video_launch_start'====== Args={'priority': 0}
2025-09-25 16:42:27,803 : INFO : ball_device.bd_plunger : State: ball_left
2025-09-25 16:42:27,804 : INFO : ball_device.bd_plunger : Ball left
2025-09-25 16:42:27,804 : INFO : ball_device.bd_plunger : Wait for confirm with timeout 3.0
2025-09-25 16:42:28,753 : INFO : SwitchController : <<<<<<< 's_lane_right' active >>>>>>>
2025-09-25 16:42:28,753 : INFO : EventManager : Event: ======'sw_playfield_active'====== Args={}
2025-09-25 16:42:28,753 : INFO : EventManager : Event: ======'machine_var_audits_switches_s_lane_right'====== Args={'value': 51, 'prev_value': 50, 'change': 1}
2025-09-25 16:42:28,755 : INFO : EventManager : Event: ======'playfield_active'====== Args={'source': None}
2025-09-25 16:42:28,810 : INFO : EventManager : Event: ======'player_skillshot_skillshot_tick'====== Args={'value': 9, 'prev_value': 10, 'change': -1, 'player_num': 1}
2025-09-25 16:42:28,812 : INFO : EventManager : Event: ======'timer_skillshot_tick'====== Args={'ticks': 9, 'ticks_remaining': 9}
2025-09-25 16:42:28,867 : INFO : SwitchController : <<<<<<< 's_lane_right' inactive >>>>>>>
2025-09-25 16:42:29,828 : INFO : EventManager : Event: ======'player_skillshot_skillshot_tick'====== Args={'value': 8, 'prev_value': 9, 'change': -1, 'player_num': 1}
2025-09-25 16:42:29,830 : INFO : EventManager : Event: ======'timer_skillshot_tick'====== Args={'ticks': 8, 'ticks_remaining': 8}
2025-09-25 16:42:29,973 : INFO : SwitchController : <<<<<<< 's_ramp_inner_exit' active >>>>>>>
2025-09-25 16:42:29,973 : INFO : EventManager : Event: ======'playfield_active'====== Args={'source': 'ramp_inner'}
2025-09-25 16:42:29,973 : INFO : EventManager : Event: ======'s_ramp_inner_exit_active'====== Args={}
2025-09-25 16:42:29,973 : INFO : EventManager : Event: ======'sw_playfield_active'====== Args={}
2025-09-25 16:42:29,974 : INFO : EventManager : Event: ======'sw_playfield_active'====== Args={}
2025-09-25 16:42:29,974 : INFO : EventManager : Event: ======'machine_var_audits_switches_s_ramp_inner_exit'====== Args={'value': 3, 'prev_value': 2, 'change': 1}
2025-09-25 16:42:29,975 : INFO : EventManager : Event: ======'machine_var_audits_shots_ramp_inner'====== Args={'value': 3, 'prev_value': 2, 'change': 1}
2025-09-25 16:42:29,975 : INFO : EventManager : Event: ======'ramp_inner_hit'====== Args={'profile': 'skill', 'state': 'lit', 'advancing': False}
2025-09-25 16:42:29,975 : INFO : EventManager : Event: ======'ramp_inner_skill_hit'====== Args={'profile': 'skill', 'state': 'lit', 'advancing': False}
2025-09-25 16:42:29,975 : INFO : EventManager : Event: ======'ramp_inner_skill_lit_hit'====== Args={'profile': 'skill', 'state': 'lit', 'advancing': False}
2025-09-25 16:42:29,977 : INFO : EventManager : Event: ======'ramp_inner_lit_hit'====== Args={'profile': 'skill', 'state': 'lit', 'advancing': False}
2025-09-25 16:42:29,977 : INFO : EventManager : Event: ======'skillshot_group_hit'====== Args={'shot': 'ramp_inner'}
2025-09-25 16:42:29,977 : INFO : EventManager : Event: ======'skillshot_group_lit_hit'====== Args={'shot': 'ramp_inner'}
2025-09-25 16:42:29,977 : INFO : EventManager : Event: ======'skillshot_made'====== Args={'priority': 0}
2025-09-25 16:42:29,977 : INFO : EventManager : Event: ======'player_score'====== Args={'value': 100000, 'prev_value': 0, 'change': 100000, 'player_num': 1, 'source': 'skillshot'}
2025-09-25 16:42:29,978 : INFO : EventManager : Event: ======'player_skillshot_count'====== Args={'value': 1, 'prev_value': 0, 'change': 1, 'player_num': 1, 'source': 'skillshot'}
2025-09-25 16:42:29,978 : INFO : EventManager : Event: ======'player_priority'====== Args={'value': 600, 'prev_value': 0, 'change': 600, 'player_num': 1, 'source': 'skillshot'}
2025-09-25 16:42:29,978 : INFO : EventManager : Event: ======'mode_skillshot_will_stop'====== Args={}
2025-09-25 16:42:29,978 : INFO : EventManager : Event: ======'mode_skillshot_stopping'====== Args={}
2025-09-25 16:42:29,978 : INFO : Timer.skillshot : Stopping Timer
2025-09-25 16:42:29,978 : INFO : EventManager : Event: ======'timer_skillshot_stopped'====== Args={'ticks': 8, 'ticks_remaining': 8}
2025-09-25 16:42:29,978 : INFO : Timer.skillshot_sound_loop : Stopping Timer
2025-09-25 16:42:29,978 : INFO : EventManager : Event: ======'timer_skillshot_sound_loop_stopped'====== Args={'ticks': 2, 'ticks_remaining': 997}
2025-09-25 16:42:29,979 : INFO : EventManager : Event: ======'playfield_active'====== Args={'source': None}
2025-09-25 16:42:29,979 : INFO : EventManager : Event: ======'playfield_active'====== Args={'source': None}
2025-09-25 16:42:29,979 : INFO : Mode.skillshot : Stopped.
2025-09-25 16:42:29,979 : INFO : EventManager : Event: ======'modes_active_modes_changed'====== Args={}
2025-09-25 16:42:29,979 : INFO : EventManager : Event: ======'mode_skillshot_stopped'====== Args={}
2025-09-25 16:42:29,980 : INFO : EventManager : Event: ======'clear'====== Args={'key': 'skillshot'}
2025-09-25 16:42:29,980 : INFO : Timer.skillshot_sound_loop : Stopping Timer
2025-09-25 16:42:29,980 : INFO : EventManager : Event: ======'timer_skillshot_sound_loop_stopped'====== Args={'ticks': 2, 'ticks_remaining': 997}
2025-09-25 16:42:29,980 : INFO : Timer.skillshot : Stopping Timer
2025-09-25 16:42:29,980 : INFO : EventManager : Event: ======'timer_skillshot_stopped'====== Args={'ticks': 8, 'ticks_remaining': 8}
2025-09-25 16:42:29,994 : INFO : EventManager : Event: ======'slide_skillshot_ball_in_shooter_lane_inactive'====== Args={'is_removing': True, '_from_bcp': True}
2025-09-25 16:42:29,995 : INFO : EventManager : Event: ======'slide_base_slide_active'====== Args={'_from_bcp': True}
2025-09-25 16:42:29,996 : INFO : EventManager : Event: ======'slide_skillshot_ball_in_shooter_lane_removed'====== Args={'_from_bcp': True}
2025-09-25 16:42:30,106 : INFO : SwitchController : <<<<<<< 's_ramp_inner_exit' inactive >>>>>>>
2025-09-25 16:42:30,799 : INFO : ball_device.bd_plunger : State: failed_confirm
2025-09-25 16:42:30,799 : INFO : ball_device.bd_plunger : Got timeout (3.0s) before confirm from <playfield.playfield>
2025-09-25 16:42:30,893 : INFO : ball_device.bd_plunger : Confirming eject because target is playfield and ball did not return.
2025-09-25 16:42:30,893 : INFO : ball_device.bd_plunger : Eject successful
2025-09-25 16:42:30,893 : INFO : EventManager : Event: ======'balldevice_bd_plunger_ball_eject_success'====== Args={'balls': 1, 'target': <playfield.playfield>}
2025-09-25 16:42:30,894 : INFO : EventManager : Event: ======'balldevice_playfield_ball_enter'====== Args={'new_balls': 1, 'unclaimed_balls': 1, 'device': <playfield.playfield>}
2025-09-25 16:42:30,894 : INFO : EventManager : Event: ======'playfield_ball_count_change'====== Args={'balls': 1, 'change': 1}
2025-09-25 16:42:30,896 : INFO : EventManager : Event: ======'balldevice_bd_plunger_ball_count_changed'====== Args={'balls': 0}
2025-09-25 16:42:30,896 : INFO : ball_device.bd_plunger : State: idle
2025-09-25 16:42:40,923 : INFO : SwitchController : <<<<<<< 's_trough_6' active >>>>>>>
2025-09-25 16:42:40,923 : INFO : EventManager : Event: ======'machine_var_audits_switches_s_trough_6'====== Args={'value': 100, 'prev_value': 99, 'change': 1}
2025-09-25 16:42:41,237 : INFO : EventManager : Event: ======'balldevice_bd_trough_ball_count_changed'====== Args={'balls': 6}
2025-09-25 16:42:41,238 : INFO : ball_device.bd_trough : Received unexpected ball
2025-09-25 16:42:41,238 : INFO : EventManager : Event: ======'balldevice_captured_from_playfield'====== Args={'balls': 1}
2025-09-25 16:42:41,238 : INFO : EventManager : Event: ======'sw_playfield_active'====== Args={'balls': 1}
2025-09-25 16:42:41,239 : INFO : EventManager : Event: ======'playfield_ball_count_change'====== Args={'balls': 0, 'change': -1}
2025-09-25 16:42:41,239 : INFO : EventManager : Event: ======'balldevice_bd_trough_ball_enter'====== Args={'new_balls': 1, 'unclaimed_balls': 1, 'new_available_balls': 1, 'device': <ball_device.bd_trough>}
2025-09-25 16:42:41,241 : INFO : EventManager : Event: ======'ball_drain'====== Args={'device': <ball_device.bd_trough>, 'balls': 1}
2025-09-25 16:42:41,241 : INFO : EventManager : Event: ======'ball_will_end'====== Args={}
2025-09-25 16:42:41,241 : INFO : EventManager : Event: ======'balldevice_balls_available'====== Args={}
2025-09-25 16:42:41,241 : INFO : EventManager : Event: ======'balldevice_bd_trough_ball_entered'====== Args={'new_balls': 1, 'device': <ball_device.bd_trough>}
2025-09-25 16:42:41,242 : INFO : EventManager : Event: ======'mode_base_will_stop'====== Args={}
2025-09-25 16:42:41,242 : INFO : EventManager : Event: ======'mode_base_stopping'====== Args={}
2025-09-25 16:42:41,243 : INFO : EventManager : Event: ======'stop_mode_bumpers'====== Args={'priority': 0}
2025-09-25 16:42:41,243 : INFO : EventManager : Event: ======'mode_bumpers_will_stop'====== Args={}
2025-09-25 16:42:41,243 : INFO : EventManager : Event: ======'mode_bumpers_stopping'====== Args={}
2025-09-25 16:42:41,243 : INFO : Mode.base : Stopped.
2025-09-25 16:42:41,243 : INFO : EventManager : Event: ======'modes_active_modes_changed'====== Args={}
2025-09-25 16:42:41,244 : INFO : EventManager : Event: ======'mode_base_stopped'====== Args={}
2025-09-25 16:42:41,244 : INFO : EventManager : Event: ======'clear'====== Args={'key': 'base'}
2025-09-25 16:42:41,244 : INFO : Mode.bumpers : Stopped.
2025-09-25 16:42:41,244 : INFO : EventManager : Event: ======'modes_active_modes_changed'====== Args={}
2025-09-25 16:42:41,244 : INFO : EventManager : Event: ======'mode_bumpers_stopped'====== Args={}
2025-09-25 16:42:41,244 : INFO : EventManager : Event: ======'clear'====== Args={'key': 'bumpers'}
2025-09-25 16:42:41,245 : INFO : EventManager : Event: ======'ball_ending'====== Args={}
2025-09-25 16:42:41,246 : INFO : EventManager : Event: ======'ball_ended'====== Args={}
2025-09-25 16:42:41,247 : INFO : EventManager : Event: ======'player_turn_will_end'====== Args={'player': <Player 1>, 'number': 1}
2025-09-25 16:42:41,247 : INFO : EventManager : Event: ======'player_turn_ending'====== Args={'player': <Player 1>, 'number': 1}
2025-09-25 16:42:41,247 : INFO : EventManager : Event: ======'player_turn_ended'====== Args={'player': <Player 1>, 'number': 1}
2025-09-25 16:42:41,248 : INFO : EventManager : Event: ======'player_turn_will_start'====== Args={'player': <Player 1>, 'number': 1}
2025-09-25 16:42:41,248 : INFO : EventManager : Event: ======'player_turn_starting'====== Args={'player': <Player 1>, 'number': 1}
2025-09-25 16:42:41,248 : INFO : EventManager : Event: ======'player_ball'====== Args={'value': 2, 'prev_value': 1, 'change': 1, 'player_num': 1}
2025-09-25 16:42:41,249 : INFO : EventManager : Event: ======'player_turn_started'====== Args={'player': <Player 1>, 'number': 1}
2025-09-25 16:42:41,249 : INFO : EventManager : Event: ======'ui_player_1_up'====== Args={'priority': 0}
2025-09-25 16:42:41,250 : INFO : EventManager : Event: ======'ball_will_start'====== Args={'player': 1, 'ball': 2, 'balls_remaining': 1, 'is_extra_ball': False}
2025-09-25 16:42:41,250 : INFO : EventManager : Event: ======'ball_starting'====== Args={'player': 1, 'ball': 2, 'balls_remaining': 1, 'is_extra_ball': False}
2025-09-25 16:42:41,250 : INFO : EventManager : Event: ======'mode_base_will_start'====== Args={'queue': <QueuedEvent>, 'player': 1, 'ball': 2, 'balls_remaining': 1, 'is_extra_ball': False}
2025-09-25 16:42:41,252 : INFO : EventManager : Event: ======'mode_base_starting'====== Args={'queue': <QueuedEvent>, 'player': 1, 'ball': 2, 'balls_remaining': 1, 'is_extra_ball': False}
2025-09-25 16:42:41,252 : INFO : Mode.base : Started. Priority: 100
2025-09-25 16:42:41,253 : INFO : EventManager : Event: ======'modes_active_modes_changed'====== Args={}
2025-09-25 16:42:41,253 : INFO : EventManager : Event: ======'mode_base_started'====== Args={'queue': <QueuedEvent>, 'player': 1, 'ball': 2, 'balls_remaining': 1, 'is_extra_ball': False}
2025-09-25 16:42:41,253 : INFO : EventManager : Event: ======'start_mode_bumpers'====== Args={'priority': 0}
2025-09-25 16:42:41,253 : INFO : EventManager : Event: ======'mode_bumpers_will_start'====== Args={'priority': 0}
2025-09-25 16:42:41,254 : INFO : EventManager : Event: ======'mode_bumpers_starting'====== Args={'priority': 0}
2025-09-25 16:42:41,254 : INFO : Mode.bumpers : Started. Priority: 200
2025-09-25 16:42:41,254 : INFO : EventManager : Event: ======'modes_active_modes_changed'====== Args={}
2025-09-25 16:42:41,254 : INFO : EventManager : Event: ======'mode_bumpers_started'====== Args={'priority': 0}
2025-09-25 16:42:41,255 : INFO : EventManager : Event: ======'balls_in_play'====== Args={'balls': 1}
2025-09-25 16:42:41,255 : INFO : EventManager : Event: ======'ball_started'====== Args={'player': 1, 'ball': 2, 'balls_remaining': 1, 'is_extra_ball': False}
2025-09-25 16:42:41,257 : INFO : EventManager : Event: ======'single_player_ball_started'====== Args={}
2025-09-25 16:42:41,257 : INFO : EventManager : Event: ======'ball_start_target'====== Args={'target': 'playfield'}
2025-09-25 16:42:41,257 : INFO : ball_device.bd_plunger : Setting up player-controlled eject. Balls: 1, Target: <playfield.playfield>, player_controlled_eject_event: None
2025-09-25 16:42:41,258 : INFO : EventManager : Event: ======'balldevice_balls_available'====== Args={}
2025-09-25 16:42:41,258 : INFO : ball_device.bd_trough : State: waiting_for_target_ready
2025-09-25 16:42:41,259 : INFO : EventManager : Event: ======'balldevice_bd_trough_ball_eject_attempt'====== Args={'balls': 1, 'target': <ball_device.bd_plunger>, 'source': <ball_device.bd_trough>, 'mechanical_eject': True, 'num_attempts': 0}
2025-09-25 16:42:41,259 : INFO : ball_device.bd_plunger : State: waiting_for_ball
2025-09-25 16:42:41,260 : INFO : ball_device.bd_trough : State: ejecting
2025-09-25 16:42:41,260 : INFO : ball_device.bd_trough : Ejecting ball to <ball_device.bd_plunger>
2025-09-25 16:42:41,260 : INFO : EventManager : Event: ======'balldevice_bd_trough_ejecting_ball'====== Args={'balls': 1, 'target': <ball_device.bd_plunger>, 'source': <ball_device.bd_trough>, 'mechanical_eject': True, 'num_attempts': 0}
2025-09-25 16:42:41,261 : INFO : ball_device.bd_trough : Wait for ball to leave device
2025-09-25 16:42:41,261 : INFO : coil.c_trough_eject : Pulsing Driver for 10ms (0.75 pulse_power)
2025-09-25 16:42:41,276 : INFO : EventManager : Event: ======'slide_base_slide_created'====== Args={'_from_bcp': True}
2025-09-25 16:42:41,277 : INFO : EventManager : Event: ======'slide_base_slide_inactive'====== Args={'is_removing': True, '_from_bcp': True}
2025-09-25 16:42:41,278 : INFO : EventManager : Event: ======'slide_base_slide_active'====== Args={'original_context': 'base', 'original_calling_context': 'mode_base_started', 'priority': 100.0, 'queue': '<QueuedEvent>', 'player': 1.0, 'ball': 2.0, 'balls_remaining': 1.0, 'is_extra_ball': False, 'cmd': 'slides_play', '_from_bcp': True}
2025-09-25 16:42:41,278 : INFO : EventManager : Event: ======'slide_base_slide_removed'====== Args={'_from_bcp': True}
2025-09-25 16:42:42,676 : INFO : SwitchController : <<<<<<< 's_trough_6' inactive >>>>>>>
2025-09-25 16:42:42,677 : INFO : ball_device.bd_trough : State: ball_left
2025-09-25 16:42:42,677 : INFO : ball_device.bd_trough : Ball left
2025-09-25 16:42:42,677 : INFO : ball_device.bd_trough : Wait for confirm with timeout 3.0
2025-09-25 16:42:43,403 : INFO : SwitchController : <<<<<<< 's_shooter_lane' active >>>>>>>
2025-09-25 16:42:43,403 : INFO : EventManager : Event: ======'s_shooter_lane_active'====== Args={}
2025-09-25 16:42:43,404 : INFO : EventManager : Event: ======'machine_var_audits_switches_s_shooter_lane'====== Args={'value': 98, 'prev_value': 97, 'change': 1}
2025-09-25 16:42:43,404 : INFO : EventManager : Event: ======'mode_skillshot_will_start'====== Args={}
2025-09-25 16:42:43,406 : INFO : EventManager : Event: ======'player_skillshot_skillshot_tick'====== Args={'value': 10, 'prev_value': 8, 'change': 2, 'player_num': 1}
2025-09-25 16:42:43,406 : INFO : EventManager : Event: ======'player_skillshot_skillshot_sound_loop_tick'====== Args={'value': 0, 'prev_value': 2, 'change': -2, 'player_num': 1}
2025-09-25 16:42:43,411 : INFO : EventManager : Event: ======'mode_skillshot_starting'====== Args={}
2025-09-25 16:42:43,412 : INFO : Mode.skillshot : Started. Priority: 100
2025-09-25 16:42:43,412 : INFO : EventManager : Event: ======'modes_active_modes_changed'====== Args={}
2025-09-25 16:42:43,412 : INFO : EventManager : Event: ======'mode_skillshot_started'====== Args={}
2025-09-25 16:42:43,412 : INFO : Timer.skillshot_sound_loop : Starting Timer.
2025-09-25 16:42:43,412 : INFO : EventManager : Event: ======'timer_skillshot_sound_loop_started'====== Args={'ticks': 0, 'ticks_remaining': 999}
2025-09-25 16:42:43,413 : INFO : EventManager : Event: ======'timer_skillshot_sound_loop_tick'====== Args={'ticks': 0, 'ticks_remaining': 999}
2025-09-25 16:42:43,427 : INFO : EventManager : Event: ======'slide_skillshot_ball_in_shooter_lane_created'====== Args={'_from_bcp': True}
2025-09-25 16:42:43,427 : INFO : EventManager : Event: ======'slide_base_slide_inactive'====== Args={'is_removing': False, '_from_bcp': True}
2025-09-25 16:42:43,428 : INFO : EventManager : Event: ======'slide_skillshot_ball_in_shooter_lane_active'====== Args={'original_context': 'skillshot', 'original_calling_context': 'timer_skillshot_sound_loop_tick', 'priority': 100.0, 'ticks': 0.0, 'ticks_remaining': 999.0, 'cmd': 'slides_play', '_from_bcp': True}
2025-09-25 16:42:43,706 : INFO : ball_device.bd_plunger : Received ball from <ball_device.bd_trough>
2025-09-25 16:42:43,706 : INFO : EventManager : Event: ======'balldevice_bd_plunger_ball_enter'====== Args={'new_balls': 1, 'unclaimed_balls': 0, 'new_available_balls': 0, 'device': <ball_device.bd_plunger>}
2025-09-25 16:42:43,707 : INFO : EventManager : Event: ======'balldevice_bd_plunger_ball_entered'====== Args={'new_balls': 0, 'device': <ball_device.bd_plunger>}
2025-09-25 16:42:43,708 : INFO : EventManager : Event: ======'balldevice_bd_plunger_ball_count_changed'====== Args={'balls': 1}
2025-09-25 16:42:43,708 : INFO : ball_device.bd_trough : Got eject confirm
2025-09-25 16:42:43,708 : INFO : ball_device.bd_trough : Eject successful
2025-09-25 16:42:43,708 : INFO : EventManager : Event: ======'balldevice_bd_trough_ball_eject_success'====== Args={'balls': 1, 'target': <ball_device.bd_plunger>}
2025-09-25 16:42:43,709 : INFO : EventManager : Event: ======'balldevice_bd_trough_ball_count_changed'====== Args={'balls': 5}
2025-09-25 16:42:43,709 : INFO : ball_device.bd_trough : State: idle
2025-09-25 16:42:43,709 : INFO : ball_device.bd_plunger : State: waiting_for_target_ready
2025-09-25 16:42:43,709 : INFO : EventManager : Event: ======'balldevice_bd_plunger_ball_eject_attempt'====== Args={'balls': 1, 'target': <playfield.playfield>, 'source': <ball_device.bd_plunger>, 'mechanical_eject': True, 'num_attempts': 0}
2025-09-25 16:42:43,710 : INFO : ball_device.bd_plunger : State: ejecting
2025-09-25 16:42:43,710 : INFO : ball_device.bd_plunger : Ejecting ball to <playfield.playfield>
2025-09-25 16:42:43,710 : INFO : EventManager : Event: ======'balldevice_bd_plunger_ejecting_ball'====== Args={'balls': 1, 'target': <playfield.playfield>, 'source': <ball_device.bd_plunger>, 'mechanical_eject': True, 'num_attempts': 0}
2025-09-25 16:42:43,710 : INFO : EventManager : Event: ======'video_idle_start'====== Args={'priority': 0}
2025-09-25 16:42:43,712 : INFO : ball_device.bd_plunger : Wait for ball to leave device
2025-09-25 16:42:44,828 : INFO : SwitchController : <<<<<<< 's_shooter_lane' inactive >>>>>>>
2025-09-25 16:42:44,828 : INFO : EventManager : Event: ======'s_shooter_lane_inactive'====== Args={}
2025-09-25 16:42:44,830 : INFO : Timer.skillshot : Starting Timer.
2025-09-25 16:42:44,830 : INFO : EventManager : Event: ======'timer_skillshot_started'====== Args={'ticks': 10, 'ticks_remaining': 10}
2025-09-25 16:42:44,830 : INFO : EventManager : Event: ======'timer_skillshot_tick'====== Args={'ticks': 10, 'ticks_remaining': 10}
2025-09-25 16:42:44,830 : INFO : Timer.skillshot_sound_loop : Stopping Timer
2025-09-25 16:42:44,830 : INFO : EventManager : Event: ======'timer_skillshot_sound_loop_stopped'====== Args={'ticks': 0, 'ticks_remaining': 999}
2025-09-25 16:42:44,830 : INFO : EventManager : Event: ======'video_launch_start'====== Args={'priority': 0}
2025-09-25 16:42:44,831 : INFO : ball_device.bd_plunger : State: ball_left
2025-09-25 16:42:44,832 : INFO : ball_device.bd_plunger : Ball left
2025-09-25 16:42:44,832 : INFO : ball_device.bd_plunger : Wait for confirm with timeout 3.0
2025-09-25 16:42:45,623 : INFO : SwitchController : <<<<<<< 's_lane_right' active >>>>>>>
2025-09-25 16:42:45,623 : INFO : EventManager : Event: ======'sw_playfield_active'====== Args={}
2025-09-25 16:42:45,623 : INFO : EventManager : Event: ======'machine_var_audits_switches_s_lane_right'====== Args={'value': 52, 'prev_value': 51, 'change': 1}
2025-09-25 16:42:45,625 : INFO : EventManager : Event: ======'playfield_active'====== Args={'source': None}
2025-09-25 16:42:45,725 : INFO : SwitchController : <<<<<<< 's_lane_right' inactive >>>>>>>
2025-09-25 16:42:45,850 : INFO : EventManager : Event: ======'player_skillshot_skillshot_tick'====== Args={'value': 9, 'prev_value': 10, 'change': -1, 'player_num': 1}
2025-09-25 16:42:45,850 : INFO : EventManager : Event: ======'timer_skillshot_tick'====== Args={'ticks': 9, 'ticks_remaining': 9}
2025-09-25 16:42:46,846 : INFO : EventManager : Event: ======'player_skillshot_skillshot_tick'====== Args={'value': 8, 'prev_value': 9, 'change': -1, 'player_num': 1}
2025-09-25 16:42:46,847 : INFO : EventManager : Event: ======'timer_skillshot_tick'====== Args={'ticks': 8, 'ticks_remaining': 8}
2025-09-25 16:42:47,711 : INFO : SwitchController : <<<<<<< 's_ramp_inner_exit' active >>>>>>>
2025-09-25 16:42:47,711 : INFO : EventManager : Event: ======'playfield_active'====== Args={'source': 'ramp_inner'}
2025-09-25 16:42:47,711 : INFO : EventManager : Event: ======'s_ramp_inner_exit_active'====== Args={}
2025-09-25 16:42:47,711 : INFO : EventManager : Event: ======'sw_playfield_active'====== Args={}
2025-09-25 16:42:47,711 : INFO : EventManager : Event: ======'sw_playfield_active'====== Args={}
2025-09-25 16:42:47,711 : INFO : EventManager : Event: ======'machine_var_audits_switches_s_ramp_inner_exit'====== Args={'value': 4, 'prev_value': 3, 'change': 1}
2025-09-25 16:42:47,713 : INFO : EventManager : Event: ======'machine_var_audits_shots_ramp_inner'====== Args={'value': 4, 'prev_value': 3, 'change': 1}
2025-09-25 16:42:47,713 : INFO : EventManager : Event: ======'ramp_inner_hit'====== Args={'profile': 'skill', 'state': 'lit', 'advancing': False}
2025-09-25 16:42:47,713 : INFO : EventManager : Event: ======'ramp_inner_skill_hit'====== Args={'profile': 'skill', 'state': 'lit', 'advancing': False}
2025-09-25 16:42:47,715 : INFO : EventManager : Event: ======'ramp_inner_skill_lit_hit'====== Args={'profile': 'skill', 'state': 'lit', 'advancing': False}
2025-09-25 16:42:47,715 : INFO : EventManager : Event: ======'ramp_inner_lit_hit'====== Args={'profile': 'skill', 'state': 'lit', 'advancing': False}
2025-09-25 16:42:47,715 : INFO : EventManager : Event: ======'skillshot_group_hit'====== Args={'shot': 'ramp_inner'}
2025-09-25 16:42:47,715 : INFO : EventManager : Event: ======'skillshot_group_lit_hit'====== Args={'shot': 'ramp_inner'}
2025-09-25 16:42:47,716 : INFO : EventManager : Event: ======'skillshot_made'====== Args={'priority': 0}
2025-09-25 16:42:47,716 : INFO : EventManager : Event: ======'player_score'====== Args={'value': 300000, 'prev_value': 100000, 'change': 200000, 'player_num': 1, 'source': 'skillshot'}
2025-09-25 16:42:47,716 : INFO : EventManager : Event: ======'player_skillshot_count'====== Args={'value': 2, 'prev_value': 1, 'change': 1, 'player_num': 1, 'source': 'skillshot'}
2025-09-25 16:42:47,716 : INFO : EventManager : Event: ======'player_priority'====== Args={'value': 1300, 'prev_value': 600, 'change': 700, 'player_num': 1, 'source': 'skillshot'}
2025-09-25 16:42:47,716 : INFO : EventManager : Event: ======'mode_skillshot_will_stop'====== Args={}
2025-09-25 16:42:47,716 : INFO : EventManager : Event: ======'mode_skillshot_stopping'====== Args={}
2025-09-25 16:42:47,716 : INFO : Timer.skillshot : Stopping Timer
2025-09-25 16:42:47,717 : INFO : EventManager : Event: ======'timer_skillshot_stopped'====== Args={'ticks': 8, 'ticks_remaining': 8}
2025-09-25 16:42:47,717 : INFO : Timer.skillshot_sound_loop : Stopping Timer
2025-09-25 16:42:47,717 : INFO : EventManager : Event: ======'timer_skillshot_sound_loop_stopped'====== Args={'ticks': 0, 'ticks_remaining': 999}
2025-09-25 16:42:47,717 : INFO : EventManager : Event: ======'playfield_active'====== Args={'source': None}
2025-09-25 16:42:47,717 : INFO : EventManager : Event: ======'playfield_active'====== Args={'source': None}
2025-09-25 16:42:47,717 : INFO : Mode.skillshot : Stopped.
2025-09-25 16:42:47,717 : INFO : EventManager : Event: ======'modes_active_modes_changed'====== Args={}
2025-09-25 16:42:47,717 : INFO : EventManager : Event: ======'mode_skillshot_stopped'====== Args={}
2025-09-25 16:42:47,718 : INFO : EventManager : Event: ======'clear'====== Args={'key': 'skillshot'}
2025-09-25 16:42:47,718 : INFO : Timer.skillshot_sound_loop : Stopping Timer
2025-09-25 16:42:47,718 : INFO : EventManager : Event: ======'timer_skillshot_sound_loop_stopped'====== Args={'ticks': 0, 'ticks_remaining': 999}
2025-09-25 16:42:47,718 : INFO : Timer.skillshot : Stopping Timer
2025-09-25 16:42:47,718 : INFO : EventManager : Event: ======'timer_skillshot_stopped'====== Args={'ticks': 8, 'ticks_remaining': 8}
2025-09-25 16:42:47,729 : INFO : EventManager : Event: ======'slide_skillshot_ball_in_shooter_lane_inactive'====== Args={'is_removing': True, '_from_bcp': True}
2025-09-25 16:42:47,730 : INFO : EventManager : Event: ======'slide_base_slide_active'====== Args={'_from_bcp': True}
2025-09-25 16:42:47,731 : INFO : EventManager : Event: ======'slide_skillshot_ball_in_shooter_lane_removed'====== Args={'_from_bcp': True}
2025-09-25 16:42:47,815 : INFO : SwitchController : <<<<<<< 's_ramp_inner_exit' inactive >>>>>>>
2025-09-25 16:42:47,833 : INFO : ball_device.bd_plunger : State: failed_confirm
2025-09-25 16:42:47,833 : INFO : ball_device.bd_plunger : Got timeout (3.0s) before confirm from <playfield.playfield>
2025-09-25 16:42:47,928 : INFO : ball_device.bd_plunger : Confirming eject because target is playfield and ball did not return.
2025-09-25 16:42:47,928 : INFO : ball_device.bd_plunger : Eject successful
2025-09-25 16:42:47,928 : INFO : EventManager : Event: ======'balldevice_bd_plunger_ball_eject_success'====== Args={'balls': 1, 'target': <playfield.playfield>}
2025-09-25 16:42:47,929 : INFO : EventManager : Event: ======'balldevice_playfield_ball_enter'====== Args={'new_balls': 1, 'unclaimed_balls': 1, 'device': <playfield.playfield>}
2025-09-25 16:42:47,929 : INFO : EventManager : Event: ======'playfield_ball_count_change'====== Args={'balls': 1, 'change': 1}
2025-09-25 16:42:47,930 : INFO : EventManager : Event: ======'balldevice_bd_plunger_ball_count_changed'====== Args={'balls': 0}
2025-09-25 16:42:47,930 : INFO : ball_device.bd_plunger : State: idle
2025-09-25 16:42:56,426 : INFO : Machine : Shutting down...
2025-09-25 16:42:56,427 : INFO : EventManager : Event: ======'shutdown'====== Args={}
2025-09-25 16:42:56,428 : INFO : EventManager : Event: ======'mode_game_will_stop'====== Args={}
2025-09-25 16:42:56,428 : INFO : EventManager : Event: ======'mode_game_stopping'====== Args={}
2025-09-25 16:42:56,429 : INFO : EventManager : Event: ======'mode_bumpers_will_stop'====== Args={}
2025-09-25 16:42:56,429 : INFO : EventManager : Event: ======'mode_bumpers_stopping'====== Args={}
2025-09-25 16:42:56,429 : INFO : EventManager : Event: ======'mode_base_will_stop'====== Args={}
2025-09-25 16:42:56,429 : INFO : EventManager : Event: ======'mode_base_stopping'====== Args={}
2025-09-25 16:42:56,430 : INFO : EventManager : Event: ======'stop_mode_bumpers'====== Args={'priority': 0}
2025-09-25 16:42:56,430 : INFO : Mode.base : Stopped.
2025-09-25 16:42:56,430 : INFO : EventManager : Event: ======'modes_active_modes_changed'====== Args={}
2025-09-25 16:42:56,430 : INFO : EventManager : Event: ======'mode_base_stopped'====== Args={}
2025-09-25 16:42:56,430 : INFO : EventManager : Event: ======'clear'====== Args={'key': 'base'}
2025-09-25 16:42:56,430 : INFO : Mode.bumpers : Stopped.
2025-09-25 16:42:56,430 : INFO : EventManager : Event: ======'modes_active_modes_changed'====== Args={}
2025-09-25 16:42:56,430 : INFO : EventManager : Event: ======'mode_bumpers_stopped'====== Args={}
2025-09-25 16:42:56,430 : INFO : EventManager : Event: ======'clear'====== Args={'key': 'bumpers'}
2025-09-25 16:42:56,431 : INFO : Mode.game : Stopped.
2025-09-25 16:42:56,431 : INFO : EventManager : Event: ======'modes_active_modes_changed'====== Args={}
2025-09-25 16:42:56,431 : INFO : EventManager : Event: ======'mode_game_stopped'====== Args={}
2025-09-25 16:42:56,431 : INFO : EventManager : Event: ======'clear'====== Args={'key': 'game'}
2025-09-25 16:42:56,435 : INFO : root : MPF run loop ended.
