2025-09-17 21:18:03,142 : INFO : root : Loading config.
2025-09-17 21:18:03,146 : INFO : YamlMultifileConfigLoader : Machine config file #1: config.yaml
2025-09-17 21:18:03,147 : INFO : ConfigProcessor : Loading config from cache: C:\Users\White\AppData\Local\Temp\cfa6ecba65704a931c9dd214c44986c8.mpf_cache
2025-09-17 21:18:03,253 : INFO : ConfigProcessor : Loading config from cache: C:\Users\White\AppData\Local\Temp\f98ffc0ff5962effface7d86bc406d5c.mpf_cache
2025-09-17 21:18:03,254 : INFO : ConfigProcessor : Loading config from cache: C:\Users\White\AppData\Local\Temp\91cc4d1c993c58dc354e34974b9cfeac.mpf_cache
2025-09-17 21:18:03,254 : INFO : ConfigProcessor : Loading config from cache: C:\Users\White\AppData\Local\Temp\f98ffc0ff5962effface7d86bc406d5c.mpf_cache
2025-09-17 21:18:03,255 : INFO : ConfigProcessor : Loading config from cache: C:\Users\White\AppData\Local\Temp\76792f1d686f89709887dba7bd69667a.mpf_cache
2025-09-17 21:18:03,255 : INFO : ConfigProcessor : Loading config from cache: C:\Users\White\AppData\Local\Temp\142bbae4707335cc8e3efaa4364c4893.mpf_cache
2025-09-17 21:18:03,256 : INFO : ConfigProcessor : Loading config from cache: C:\Users\White\AppData\Local\Temp\b4249e7b8f95e82c549b9263ef475a09.mpf_cache
2025-09-17 21:18:03,257 : INFO : Machine : Mission Pinball Framework Core Engine v0.80.0.dev9
2025-09-17 21:18:03,257 : INFO : Machine : Command line arguments: {'no_load_cache': False, 'create_config_cache': True, 'bcp': True, 'configfile': ['config.yaml'], 'force_assets_load': False, 'platform_integration_test': False, 'jsonlogging': False, 'logfile': 'logs\\2025-09-17-21-18-03-mpf-TopGunPinball.log', 'pause': False, 'production': False, 'text_ui': False, 'loglevel': 15, 'consoleloglevel': 20, 'force_platform': 'virtual', 'syslog_address': None, 'full_logfile_path': 'C:\\Users\\White\\Documents\\Top_Gun_Pinball\\logs\\2025-09-17-21-18-03-mpf-TopGunPinball.log'}
2025-09-17 21:18:03,257 : INFO : Machine : MPF path: C:\Users\White\mpf\Lib\site-packages\mpf
2025-09-17 21:18:03,257 : INFO : Machine : Machine path: C:\Users\White\Documents\Top_Gun_Pinball
2025-09-17 21:18:03,257 : INFO : Machine : Platform: win32
2025-09-17 21:18:03,257 : INFO : Machine : Python executable location: C:\Users\White\mpf\Scripts\python.exe
2025-09-17 21:18:03,257 : INFO : Machine : Python version: 3.12.7 (64-bit)
2025-09-17 21:18:03,258 : INFO : Machine : Initializing MPF...
2025-09-17 21:18:03,354 : INFO : EventManager : Event: ======'machine_var_credits_string'====== Args={'value': 'FREE PLAY', 'prev_value': None, 'change': True}
2025-09-17 21:18:03,385 : INFO : EventManager : Event: ======'machine_var_master_volume'====== Args={'value': 0.5, 'prev_value': None, 'change': True}
2025-09-17 21:18:03,385 : INFO : EventManager : Event: ======'machine_var_player1_score'====== Args={'value': 61000, 'prev_value': None, 'change': True}
2025-09-17 21:18:03,385 : INFO : EventManager : Event: ======'machine_var_player2_score'====== Args={'value': 73000, 'prev_value': None, 'change': True}
2025-09-17 21:18:03,386 : INFO : EventManager : Event: ======'machine_var_mpf_version'====== Args={'value': 'Mission Pinball Framework v0.80.0.dev9', 'prev_value': None, 'change': True}
2025-09-17 21:18:03,386 : INFO : EventManager : Event: ======'machine_var_mpf_extended_version'====== Args={'value': 'Mission Pinball Framework v0.80.0.dev9, Config version:6, Show version: 6, BCP version:1.1', 'prev_value': None, 'change': True}
2025-09-17 21:18:03,386 : INFO : EventManager : Event: ======'machine_var_python_version'====== Args={'value': '3.12.7', 'prev_value': None, 'change': True}
2025-09-17 21:18:03,537 : INFO : EventManager : Event: ======'machine_var_platform'====== Args={'value': 'Windows-11-10.0.26100-SP0', 'prev_value': None, 'change': True}
2025-09-17 21:18:03,537 : INFO : EventManager : Event: ======'machine_var_platform_system'====== Args={'value': 'Windows', 'prev_value': None, 'change': True}
2025-09-17 21:18:03,537 : INFO : EventManager : Event: ======'machine_var_platform_release'====== Args={'value': '11', 'prev_value': None, 'change': True}
2025-09-17 21:18:03,537 : INFO : EventManager : Event: ======'machine_var_platform_version'====== Args={'value': '10.0.26100', 'prev_value': None, 'change': True}
2025-09-17 21:18:03,537 : INFO : EventManager : Event: ======'machine_var_platform_machine'====== Args={'value': 'AMD64', 'prev_value': None, 'change': True}
2025-09-17 21:18:03,537 : INFO : EventManager : Event: ======'machine_var_log_file_path'====== Args={'value': 'C:\\Users\\White\\Documents\\Top_Gun_Pinball\\logs\\2025-09-17-21-18-03-mpf-TopGunPinball.log', 'prev_value': None, 'change': True}
2025-09-17 21:18:03,537 : INFO : EventManager : Event: ======'init_phase_1'====== Args={}
2025-09-17 21:18:03,584 : INFO : EventManager : Event: ======'init_phase_2'====== Args={}
2025-09-17 21:18:03,585 : INFO : SwitchController : Found active switch: ('playfield_board_lower-3208-0', <Platform.Virtual>) <switch.s_trough_1>
2025-09-17 21:18:03,585 : INFO : SwitchController : Found active switch: ('playfield_board_lower-3208-1', <Platform.Virtual>) <switch.s_trough_2>
2025-09-17 21:18:03,585 : INFO : SwitchController : Found active switch: ('playfield_board_lower-3208-2', <Platform.Virtual>) <switch.s_trough_3>
2025-09-17 21:18:03,585 : INFO : SwitchController : Found active switch: ('playfield_board_lower-3208-3', <Platform.Virtual>) <switch.s_trough_4>
2025-09-17 21:18:03,585 : INFO : SwitchController : Found active switch: ('playfield_board_lower-3208-4', <Platform.Virtual>) <switch.s_trough_5>
2025-09-17 21:18:03,585 : INFO : SwitchController : Found active switch: ('playfield_board_lower-3208-5', <Platform.Virtual>) <switch.s_trough_6>
2025-09-17 21:18:03,587 : INFO : EventManager : Event: ======'bcp_connection_attempt'====== Args={'name': 'local_display', 'host': 'localhost', 'port': 5050}
2025-09-17 21:18:03,589 : INFO : BCPClientSocket : Connecting BCP to 'local_display' at localhost:5050...
2025-09-17 21:18:03,602 : INFO : BCPClientSocket : Connected BCP to 'local_display' localhost:5050
2025-09-17 21:18:03,603 : INFO : EventManager : Event: ======'bcp_clients_connected'====== Args={}
2025-09-17 21:18:03,603 : INFO : ball_device.bd_plunger : BCH: Initial count: 0
2025-09-17 21:18:03,603 : INFO : ball_device.bd_plunger : State: idle
2025-09-17 21:18:03,603 : INFO : ball_device.bd_trough : BCH: Initial count: 6
2025-09-17 21:18:03,604 : INFO : ball_device.bd_trough : State: idle
2025-09-17 21:18:03,604 : INFO : ball_device.bd_lock_elevator : BCH: Initial count: 0
2025-09-17 21:18:03,604 : INFO : ball_device.bd_lock_elevator : State: idle
2025-09-17 21:18:03,604 : INFO : ball_device.bd_mode_scoop : BCH: Initial count: 0
2025-09-17 21:18:03,604 : INFO : ball_device.bd_mode_scoop : State: idle
2025-09-17 21:18:03,629 : INFO : EventManager : Event: ======'init_phase_3'====== Args={}
2025-09-17 21:18:03,632 : INFO : EventManager : Event: ======'init_phase_4'====== Args={}
2025-09-17 21:18:03,632 : INFO : BallController : Initial balls found: 6
2025-09-17 21:18:03,634 : INFO : EventManager : Event: ======'machine_var_audits_events_game_ended'====== Args={'value': 1, 'prev_value': None, 'change': True}
2025-09-17 21:18:03,634 : INFO : EventManager : Event: ======'machine_var_audits_events_game_started'====== Args={'value': 120, 'prev_value': None, 'change': True}
2025-09-17 21:18:03,634 : INFO : EventManager : Event: ======'machine_var_audits_missing_switches_s_a_iceman_target'====== Args={'value': 6, 'prev_value': None, 'change': True}
2025-09-17 21:18:03,634 : INFO : EventManager : Event: ======'machine_var_audits_missing_switches_s_barrier_target'====== Args={'value': 4, 'prev_value': None, 'change': True}
2025-09-17 21:18:03,634 : INFO : EventManager : Event: ======'machine_var_audits_missing_switches_s_bumper_center'====== Args={'value': 3, 'prev_value': None, 'change': True}
2025-09-17 21:18:03,634 : INFO : EventManager : Event: ======'machine_var_audits_missing_switches_s_bumper_left'====== Args={'value': 3, 'prev_value': None, 'change': True}
2025-09-17 21:18:03,634 : INFO : EventManager : Event: ======'machine_var_audits_missing_switches_s_bumper_right'====== Args={'value': 4, 'prev_value': None, 'change': True}
2025-09-17 21:18:03,634 : INFO : EventManager : Event: ======'machine_var_audits_missing_switches_s_c_iceman_target'====== Args={'value': 4, 'prev_value': None, 'change': True}
2025-09-17 21:18:03,634 : INFO : EventManager : Event: ======'machine_var_audits_missing_switches_s_c_lock_target'====== Args={'value': 4, 'prev_value': None, 'change': True}
2025-09-17 21:18:03,634 : INFO : EventManager : Event: ======'machine_var_audits_missing_switches_s_coin_door'====== Args={'value': 7, 'prev_value': None, 'change': True}
2025-09-17 21:18:03,634 : INFO : EventManager : Event: ======'machine_var_audits_missing_switches_s_coin_door_service_1'====== Args={'value': 7, 'prev_value': None, 'change': True}
2025-09-17 21:18:03,634 : INFO : EventManager : Event: ======'machine_var_audits_missing_switches_s_coin_door_service_2'====== Args={'value': 7, 'prev_value': None, 'change': True}
2025-09-17 21:18:03,634 : INFO : EventManager : Event: ======'machine_var_audits_missing_switches_s_coin_door_service_3'====== Args={'value': 7, 'prev_value': None, 'change': True}
2025-09-17 21:18:03,634 : INFO : EventManager : Event: ======'machine_var_audits_missing_switches_s_coin_door_service_4'====== Args={'value': 7, 'prev_value': None, 'change': True}
2025-09-17 21:18:03,634 : INFO : EventManager : Event: ======'machine_var_audits_missing_switches_s_e_iceman_target'====== Args={'value': 4, 'prev_value': None, 'change': True}
2025-09-17 21:18:03,634 : INFO : EventManager : Event: ======'machine_var_audits_missing_switches_s_flight_gear_target'====== Args={'value': 4, 'prev_value': None, 'change': True}
2025-09-17 21:18:03,634 : INFO : EventManager : Event: ======'machine_var_audits_missing_switches_s_flipper_left'====== Args={'value': 65, 'prev_value': None, 'change': True}
2025-09-17 21:18:03,634 : INFO : EventManager : Event: ======'machine_var_audits_missing_switches_s_flipper_left_eos'====== Args={'value': 67, 'prev_value': None, 'change': True}
2025-09-17 21:18:03,636 : INFO : EventManager : Event: ======'machine_var_audits_missing_switches_s_flipper_left_upper'====== Args={'value': 69, 'prev_value': None, 'change': True}
2025-09-17 21:18:03,636 : INFO : EventManager : Event: ======'machine_var_audits_missing_switches_s_flipper_left_upper_eos'====== Args={'value': 67, 'prev_value': None, 'change': True}
2025-09-17 21:18:03,636 : INFO : EventManager : Event: ======'machine_var_audits_missing_switches_s_flipper_right'====== Args={'value': 3, 'prev_value': None, 'change': True}
2025-09-17 21:18:03,636 : INFO : EventManager : Event: ======'machine_var_audits_missing_switches_s_flipper_right_eos'====== Args={'value': 67, 'prev_value': None, 'change': True}
2025-09-17 21:18:03,636 : INFO : EventManager : Event: ======'machine_var_audits_missing_switches_s_i_iceman_target'====== Args={'value': 4, 'prev_value': None, 'change': True}
2025-09-17 21:18:03,636 : INFO : EventManager : Event: ======'machine_var_audits_missing_switches_s_inner_inlane_right'====== Args={'value': 4, 'prev_value': None, 'change': True}
2025-09-17 21:18:03,636 : INFO : EventManager : Event: ======'machine_var_audits_missing_switches_s_jam'====== Args={'value': 6, 'prev_value': None, 'change': True}
2025-09-17 21:18:03,636 : INFO : EventManager : Event: ======'machine_var_audits_missing_switches_s_k_lock_target'====== Args={'value': 4, 'prev_value': None, 'change': True}
2025-09-17 21:18:03,636 : INFO : EventManager : Event: ======'machine_var_audits_missing_switches_s_l_lock_target'====== Args={'value': 4, 'prev_value': None, 'change': True}
2025-09-17 21:18:03,636 : INFO : EventManager : Event: ======'machine_var_audits_missing_switches_s_lane_left'====== Args={'value': 119, 'prev_value': None, 'change': True}
2025-09-17 21:18:03,636 : INFO : EventManager : Event: ======'machine_var_audits_missing_switches_s_lane_right'====== Args={'value': 69, 'prev_value': None, 'change': True}
2025-09-17 21:18:03,636 : INFO : EventManager : Event: ======'machine_var_audits_missing_switches_s_lock_goose'====== Args={'value': 69, 'prev_value': None, 'change': True}
2025-09-17 21:18:03,636 : INFO : EventManager : Event: ======'machine_var_audits_missing_switches_s_lock_mav'====== Args={'value': 69, 'prev_value': None, 'change': True}
2025-09-17 21:18:03,636 : INFO : EventManager : Event: ======'machine_var_audits_missing_switches_s_lock_plunger'====== Args={'value': 69, 'prev_value': None, 'change': True}
2025-09-17 21:18:03,636 : INFO : EventManager : Event: ======'machine_var_audits_missing_switches_s_m_iceman_target'====== Args={'value': 6, 'prev_value': None, 'change': True}
2025-09-17 21:18:03,636 : INFO : EventManager : Event: ======'machine_var_audits_missing_switches_s_mig_lane_left'====== Args={'value': 69, 'prev_value': None, 'change': True}
2025-09-17 21:18:03,636 : INFO : EventManager : Event: ======'machine_var_audits_missing_switches_s_mig_lane_right'====== Args={'value': 69, 'prev_value': None, 'change': True}
2025-09-17 21:18:03,636 : INFO : EventManager : Event: ======'machine_var_audits_missing_switches_s_mode_start'====== Args={'value': 69, 'prev_value': None, 'change': True}
2025-09-17 21:18:03,636 : INFO : EventManager : Event: ======'machine_var_audits_missing_switches_s_n_iceman_target'====== Args={'value': 6, 'prev_value': None, 'change': True}
2025-09-17 21:18:03,636 : INFO : EventManager : Event: ======'machine_var_audits_missing_switches_s_o_lock_target'====== Args={'value': 4, 'prev_value': None, 'change': True}
2025-09-17 21:18:03,636 : INFO : EventManager : Event: ======'machine_var_audits_missing_switches_s_orbit_left'====== Args={'value': 4, 'prev_value': None, 'change': True}
2025-09-17 21:18:03,636 : INFO : EventManager : Event: ======'machine_var_audits_missing_switches_s_orbit_lower'====== Args={'value': 69, 'prev_value': None, 'change': True}
2025-09-17 21:18:03,637 : INFO : EventManager : Event: ======'machine_var_audits_missing_switches_s_orbit_right'====== Args={'value': 69, 'prev_value': None, 'change': True}
2025-09-17 21:18:03,637 : INFO : EventManager : Event: ======'machine_var_audits_missing_switches_s_orbit_upper'====== Args={'value': 69, 'prev_value': None, 'change': True}
2025-09-17 21:18:03,637 : INFO : EventManager : Event: ======'machine_var_audits_missing_switches_s_outer_inlane_right'====== Args={'value': 2, 'prev_value': None, 'change': True}
2025-09-17 21:18:03,637 : INFO : EventManager : Event: ======'machine_var_audits_missing_switches_s_outlane_left'====== Args={'value': 69, 'prev_value': None, 'change': True}
2025-09-17 21:18:03,637 : INFO : EventManager : Event: ======'machine_var_audits_missing_switches_s_outlane_right'====== Args={'value': 6, 'prev_value': None, 'change': True}
2025-09-17 21:18:03,637 : INFO : EventManager : Event: ======'machine_var_audits_missing_switches_s_plunger_lane'====== Args={'value': 6, 'prev_value': None, 'change': True}
2025-09-17 21:18:03,637 : INFO : EventManager : Event: ======'machine_var_audits_missing_switches_s_ramp_inner_exit'====== Args={'value': 69, 'prev_value': None, 'change': True}
2025-09-17 21:18:03,637 : INFO : EventManager : Event: ======'machine_var_audits_missing_switches_s_ramp_left_exit'====== Args={'value': 69, 'prev_value': None, 'change': True}
2025-09-17 21:18:03,637 : INFO : EventManager : Event: ======'machine_var_audits_missing_switches_s_ramp_right_exit'====== Args={'value': 69, 'prev_value': None, 'change': True}
2025-09-17 21:18:03,637 : INFO : EventManager : Event: ======'machine_var_audits_missing_switches_s_ramp_tower_exit'====== Args={'value': 69, 'prev_value': None, 'change': True}
2025-09-17 21:18:03,637 : INFO : EventManager : Event: ======'machine_var_audits_missing_switches_s_slingshot_left'====== Args={'value': 4, 'prev_value': None, 'change': True}
2025-09-17 21:18:03,637 : INFO : EventManager : Event: ======'machine_var_audits_missing_switches_s_slingshot_right'====== Args={'value': 4, 'prev_value': None, 'change': True}
2025-09-17 21:18:03,637 : INFO : EventManager : Event: ======'machine_var_audits_missing_switches_s_spinner'====== Args={'value': 69, 'prev_value': None, 'change': True}
2025-09-17 21:18:03,637 : INFO : EventManager : Event: ======'machine_var_audits_missing_switches_s_start'====== Args={'value': 9, 'prev_value': None, 'change': True}
2025-09-17 21:18:03,637 : INFO : EventManager : Event: ======'machine_var_audits_missing_switches_s_tilt'====== Args={'value': 7, 'prev_value': None, 'change': True}
2025-09-17 21:18:03,637 : INFO : EventManager : Event: ======'machine_var_audits_missing_switches_s_trough_1'====== Args={'value': 45, 'prev_value': None, 'change': True}
2025-09-17 21:18:03,637 : INFO : EventManager : Event: ======'machine_var_audits_missing_switches_s_trough_2'====== Args={'value': 45, 'prev_value': None, 'change': True}
2025-09-17 21:18:03,637 : INFO : EventManager : Event: ======'machine_var_audits_missing_switches_s_trough_3'====== Args={'value': 45, 'prev_value': None, 'change': True}
2025-09-17 21:18:03,637 : INFO : EventManager : Event: ======'machine_var_audits_missing_switches_s_trough_4'====== Args={'value': 120, 'prev_value': None, 'change': True}
2025-09-17 21:18:03,637 : INFO : EventManager : Event: ======'machine_var_audits_missing_switches_s_trough_5'====== Args={'value': 120, 'prev_value': None, 'change': True}
2025-09-17 21:18:03,637 : INFO : EventManager : Event: ======'machine_var_audits_missing_switches_s_trough_6'====== Args={'value': 6, 'prev_value': None, 'change': True}
2025-09-17 21:18:03,637 : INFO : EventManager : Event: ======'machine_var_audits_player_score'====== Args={'value': {'average': 67000, 'top': [73000, 61000], 'total': 2}, 'prev_value': None, 'change': True}
2025-09-17 21:18:03,637 : INFO : EventManager : Event: ======'machine_var_audits_shots_bumper_center'====== Args={'value': 456, 'prev_value': None, 'change': True}
2025-09-17 21:18:03,637 : INFO : EventManager : Event: ======'machine_var_audits_shots_bumper_left'====== Args={'value': 462, 'prev_value': None, 'change': True}
2025-09-17 21:18:03,637 : INFO : EventManager : Event: ======'machine_var_audits_shots_bumper_right'====== Args={'value': 339, 'prev_value': None, 'change': True}
2025-09-17 21:18:03,637 : INFO : EventManager : Event: ======'machine_var_audits_switches_s_a_iceman_target'====== Args={'value': 24, 'prev_value': None, 'change': True}
2025-09-17 21:18:03,637 : INFO : EventManager : Event: ======'machine_var_audits_switches_s_barrier_target'====== Args={'value': 6, 'prev_value': None, 'change': True}
2025-09-17 21:18:03,637 : INFO : EventManager : Event: ======'machine_var_audits_switches_s_bumper_center'====== Args={'value': 469, 'prev_value': None, 'change': True}
2025-09-17 21:18:03,637 : INFO : EventManager : Event: ======'machine_var_audits_switches_s_bumper_left'====== Args={'value': 477, 'prev_value': None, 'change': True}
2025-09-17 21:18:03,637 : INFO : EventManager : Event: ======'machine_var_audits_switches_s_bumper_right'====== Args={'value': 343, 'prev_value': None, 'change': True}
2025-09-17 21:18:03,637 : INFO : EventManager : Event: ======'machine_var_audits_switches_s_c_iceman_target'====== Args={'value': 19, 'prev_value': None, 'change': True}
2025-09-17 21:18:03,637 : INFO : EventManager : Event: ======'machine_var_audits_switches_s_c_lock_target'====== Args={'value': 4, 'prev_value': None, 'change': True}
2025-09-17 21:18:03,637 : INFO : EventManager : Event: ======'machine_var_audits_switches_s_coin_door'====== Args={'value': 0, 'prev_value': None, 'change': True}
2025-09-17 21:18:03,637 : INFO : EventManager : Event: ======'machine_var_audits_switches_s_coin_door_service_1'====== Args={'value': 0, 'prev_value': None, 'change': True}
2025-09-17 21:18:03,638 : INFO : EventManager : Event: ======'machine_var_audits_switches_s_coin_door_service_2'====== Args={'value': 0, 'prev_value': None, 'change': True}
2025-09-17 21:18:03,638 : INFO : EventManager : Event: ======'machine_var_audits_switches_s_coin_door_service_3'====== Args={'value': 0, 'prev_value': None, 'change': True}
2025-09-17 21:18:03,638 : INFO : EventManager : Event: ======'machine_var_audits_switches_s_coin_door_service_4'====== Args={'value': 0, 'prev_value': None, 'change': True}
2025-09-17 21:18:03,638 : INFO : EventManager : Event: ======'machine_var_audits_switches_s_e_iceman_target'====== Args={'value': 29, 'prev_value': None, 'change': True}
2025-09-17 21:18:03,638 : INFO : EventManager : Event: ======'machine_var_audits_switches_s_flight_gear_target'====== Args={'value': 6, 'prev_value': None, 'change': True}
2025-09-17 21:18:03,638 : INFO : EventManager : Event: ======'machine_var_audits_switches_s_flipper_left'====== Args={'value': 9, 'prev_value': None, 'change': True}
2025-09-17 21:18:03,638 : INFO : EventManager : Event: ======'machine_var_audits_switches_s_flipper_left_eos'====== Args={'value': 0, 'prev_value': None, 'change': True}
2025-09-17 21:18:03,638 : INFO : EventManager : Event: ======'machine_var_audits_switches_s_flipper_left_upper'====== Args={'value': 0, 'prev_value': None, 'change': True}
2025-09-17 21:18:03,638 : INFO : EventManager : Event: ======'machine_var_audits_switches_s_flipper_left_upper_eos'====== Args={'value': 0, 'prev_value': None, 'change': True}
2025-09-17 21:18:03,638 : INFO : EventManager : Event: ======'machine_var_audits_switches_s_flipper_right'====== Args={'value': 17, 'prev_value': None, 'change': True}
2025-09-17 21:18:03,638 : INFO : EventManager : Event: ======'machine_var_audits_switches_s_flipper_right_eos'====== Args={'value': 0, 'prev_value': None, 'change': True}
2025-09-17 21:18:03,638 : INFO : EventManager : Event: ======'machine_var_audits_switches_s_i_iceman_target'====== Args={'value': 2, 'prev_value': None, 'change': True}
2025-09-17 21:18:03,638 : INFO : EventManager : Event: ======'machine_var_audits_switches_s_inlane_left'====== Args={'value': 53, 'prev_value': None, 'change': True}
2025-09-17 21:18:03,638 : INFO : EventManager : Event: ======'machine_var_audits_switches_s_inner_inlane_right'====== Args={'value': 3, 'prev_value': None, 'change': True}
2025-09-17 21:18:03,638 : INFO : EventManager : Event: ======'machine_var_audits_switches_s_jam'====== Args={'value': 1, 'prev_value': None, 'change': True}
2025-09-17 21:18:03,638 : INFO : EventManager : Event: ======'machine_var_audits_switches_s_k_lock_target'====== Args={'value': 5, 'prev_value': None, 'change': True}
2025-09-17 21:18:03,638 : INFO : EventManager : Event: ======'machine_var_audits_switches_s_l_lock_target'====== Args={'value': 5, 'prev_value': None, 'change': True}
2025-09-17 21:18:03,638 : INFO : EventManager : Event: ======'machine_var_audits_switches_s_lane_left'====== Args={'value': 1, 'prev_value': None, 'change': True}
2025-09-17 21:18:03,638 : INFO : EventManager : Event: ======'machine_var_audits_switches_s_lane_right'====== Args={'value': 0, 'prev_value': None, 'change': True}
2025-09-17 21:18:03,638 : INFO : EventManager : Event: ======'machine_var_audits_switches_s_lock_goose'====== Args={'value': 0, 'prev_value': None, 'change': True}
2025-09-17 21:18:03,638 : INFO : EventManager : Event: ======'machine_var_audits_switches_s_lock_mav'====== Args={'value': 0, 'prev_value': None, 'change': True}
2025-09-17 21:18:03,638 : INFO : EventManager : Event: ======'machine_var_audits_switches_s_lock_plunger'====== Args={'value': 0, 'prev_value': None, 'change': True}
2025-09-17 21:18:03,638 : INFO : EventManager : Event: ======'machine_var_audits_switches_s_m_iceman_target'====== Args={'value': 24, 'prev_value': None, 'change': True}
2025-09-17 21:18:03,639 : INFO : EventManager : Event: ======'machine_var_audits_switches_s_mig_lane_left'====== Args={'value': 0, 'prev_value': None, 'change': True}
2025-09-17 21:18:03,639 : INFO : EventManager : Event: ======'machine_var_audits_switches_s_mig_lane_right'====== Args={'value': 0, 'prev_value': None, 'change': True}
2025-09-17 21:18:03,639 : INFO : EventManager : Event: ======'machine_var_audits_switches_s_mode_start'====== Args={'value': 0, 'prev_value': None, 'change': True}
2025-09-17 21:18:03,639 : INFO : EventManager : Event: ======'machine_var_audits_switches_s_n_iceman_target'====== Args={'value': 32, 'prev_value': None, 'change': True}
2025-09-17 21:18:03,639 : INFO : EventManager : Event: ======'machine_var_audits_switches_s_o_lock_target'====== Args={'value': 5, 'prev_value': None, 'change': True}
2025-09-17 21:18:03,639 : INFO : EventManager : Event: ======'machine_var_audits_switches_s_orbit_left'====== Args={'value': 7, 'prev_value': None, 'change': True}
2025-09-17 21:18:03,639 : INFO : EventManager : Event: ======'machine_var_audits_switches_s_orbit_lower'====== Args={'value': 0, 'prev_value': None, 'change': True}
2025-09-17 21:18:03,639 : INFO : EventManager : Event: ======'machine_var_audits_switches_s_orbit_right'====== Args={'value': 0, 'prev_value': None, 'change': True}
2025-09-17 21:18:03,639 : INFO : EventManager : Event: ======'machine_var_audits_switches_s_orbit_upper'====== Args={'value': 0, 'prev_value': None, 'change': True}
2025-09-17 21:18:03,639 : INFO : EventManager : Event: ======'machine_var_audits_switches_s_outer_inlane_right'====== Args={'value': 5, 'prev_value': None, 'change': True}
2025-09-17 21:18:03,639 : INFO : EventManager : Event: ======'machine_var_audits_switches_s_outlane_left'====== Args={'value': 0, 'prev_value': None, 'change': True}
2025-09-17 21:18:03,639 : INFO : EventManager : Event: ======'machine_var_audits_switches_s_outlane_right'====== Args={'value': 4, 'prev_value': None, 'change': True}
2025-09-17 21:18:03,639 : INFO : EventManager : Event: ======'machine_var_audits_switches_s_plunger_lane'====== Args={'value': 46, 'prev_value': None, 'change': True}
2025-09-17 21:18:03,639 : INFO : EventManager : Event: ======'machine_var_audits_switches_s_ramp_inner_exit'====== Args={'value': 0, 'prev_value': None, 'change': True}
2025-09-17 21:18:03,639 : INFO : EventManager : Event: ======'machine_var_audits_switches_s_ramp_left_exit'====== Args={'value': 0, 'prev_value': None, 'change': True}
2025-09-17 21:18:03,639 : INFO : EventManager : Event: ======'machine_var_audits_switches_s_ramp_right_exit'====== Args={'value': 0, 'prev_value': None, 'change': True}
2025-09-17 21:18:03,639 : INFO : EventManager : Event: ======'machine_var_audits_switches_s_ramp_tower_exit'====== Args={'value': 0, 'prev_value': None, 'change': True}
2025-09-17 21:18:03,639 : INFO : EventManager : Event: ======'machine_var_audits_switches_s_slingshot_left'====== Args={'value': 8, 'prev_value': None, 'change': True}
2025-09-17 21:18:03,639 : INFO : EventManager : Event: ======'machine_var_audits_switches_s_slingshot_right'====== Args={'value': 7, 'prev_value': None, 'change': True}
2025-09-17 21:18:03,639 : INFO : EventManager : Event: ======'machine_var_audits_switches_s_spinner'====== Args={'value': 0, 'prev_value': None, 'change': True}
2025-09-17 21:18:03,639 : INFO : EventManager : Event: ======'machine_var_audits_switches_s_start'====== Args={'value': 134, 'prev_value': None, 'change': True}
2025-09-17 21:18:03,639 : INFO : EventManager : Event: ======'machine_var_audits_switches_s_tilt'====== Args={'value': 0, 'prev_value': None, 'change': True}
2025-09-17 21:18:03,639 : INFO : EventManager : Event: ======'machine_var_audits_switches_s_trough_1'====== Args={'value': 2, 'prev_value': None, 'change': True}
2025-09-17 21:18:03,640 : INFO : EventManager : Event: ======'machine_var_audits_switches_s_trough_2'====== Args={'value': 1, 'prev_value': None, 'change': True}
2025-09-17 21:18:03,640 : INFO : EventManager : Event: ======'machine_var_audits_switches_s_trough_3'====== Args={'value': 1, 'prev_value': None, 'change': True}
2025-09-17 21:18:03,640 : INFO : EventManager : Event: ======'machine_var_audits_switches_s_trough_4'====== Args={'value': 0, 'prev_value': None, 'change': True}
2025-09-17 21:18:03,640 : INFO : EventManager : Event: ======'machine_var_audits_switches_s_trough_5'====== Args={'value': 0, 'prev_value': None, 'change': True}
2025-09-17 21:18:03,640 : INFO : EventManager : Event: ======'machine_var_audits_switches_s_trough_6'====== Args={'value': 61, 'prev_value': None, 'change': True}
2025-09-17 21:18:03,640 : INFO : EventManager : Event: ======'init_phase_5'====== Args={}
2025-09-17 21:18:03,640 : INFO : EventManager : Event: ======'init_done'====== Args={}
2025-09-17 21:18:03,640 : INFO : EventManager : Event: ======'machine_reset_phase_1'====== Args={}
2025-09-17 21:18:03,653 : INFO : EventManager : Event: ======'machine_reset_phase_2'====== Args={}
2025-09-17 21:18:03,653 : INFO : EventManager : Event: ======'machine_reset_phase_3'====== Args={}
2025-09-17 21:18:03,653 : INFO : EventManager : Event: ======'reset_complete'====== Args={}
2025-09-17 21:18:03,653 : INFO : EventManager : Event: ======'mode_service_will_start'====== Args={}
2025-09-17 21:18:03,654 : INFO : EventManager : Event: ======'mode_service_starting'====== Args={}
2025-09-17 21:18:03,654 : INFO : EventManager : Event: ======'mode_attract_will_start'====== Args={}
2025-09-17 21:18:03,655 : INFO : Timer.attract_carousel_timer : Starting Timer.
2025-09-17 21:18:03,655 : INFO : EventManager : Event: ======'timer_attract_carousel_timer_started'====== Args={'ticks': 0, 'ticks_remaining': 1}
2025-09-17 21:18:03,655 : INFO : EventManager : Event: ======'timer_attract_carousel_timer_tick'====== Args={'ticks': 0, 'ticks_remaining': 1}
2025-09-17 21:18:03,655 : INFO : EventManager : Event: ======'mode_attract_starting'====== Args={}
2025-09-17 21:18:03,656 : INFO : Mode.attract : Started. Priority: 10
2025-09-17 21:18:03,656 : INFO : EventManager : Event: ======'modes_active_modes_changed'====== Args={}
2025-09-17 21:18:03,656 : INFO : EventManager : Event: ======'mode_attract_started'====== Args={}
2025-09-17 21:18:03,656 : INFO : EventManager : Event: ======'collecting_balls_complete'====== Args={}
2025-09-17 21:18:03,656 : INFO : EventManager : Event: ======'item_highlighted'====== Args={'carousel': 'attract', 'direction': None, 'item': 'title'}
2025-09-17 21:18:03,656 : INFO : EventManager : Event: ======'timer_attract_carousel_timer_tick'====== Args={'ticks': 0, 'ticks_remaining': 1}
2025-09-17 21:18:03,657 : INFO : Mode.service : Started. Priority: 100000
2025-09-17 21:18:03,657 : INFO : EventManager : Event: ======'modes_active_modes_changed'====== Args={}
2025-09-17 21:18:03,657 : INFO : EventManager : Event: ======'mode_service_started'====== Args={}
2025-09-17 21:18:03,658 : INFO : Machine : Starting the main run loop with active modes: [<Mode.service>, <Mode.attract>]
2025-09-17 21:18:03,733 : INFO : EventManager : Event: ======'slide_attract_created'====== Args={'_from_bcp': True}
2025-09-17 21:18:03,733 : INFO : EventManager : Event: ======'slide__removed'====== Args={'_from_bcp': True}
2025-09-17 21:18:03,734 : INFO : EventManager : Event: ======'slide_attract_active'====== Args={'original_context': 'attract', 'original_calling_context': 'mode_attract_started', 'priority': 10.0, 'cmd': 'slides_play', '_from_bcp': True}
2025-09-17 21:18:10,427 : INFO : BcpServer : New client connected.
2025-09-17 21:18:10,651 : INFO : Timer.attract_carousel_timer : Timer Complete
2025-09-17 21:18:10,651 : INFO : Timer.attract_carousel_timer : Stopping Timer
2025-09-17 21:18:10,651 : INFO : EventManager : Event: ======'timer_attract_carousel_timer_stopped'====== Args={'ticks': 1, 'ticks_remaining': 1}
2025-09-17 21:18:10,651 : INFO : EventManager : Event: ======'timer_attract_carousel_timer_complete'====== Args={'ticks': 1, 'ticks_remaining': 1}
2025-09-17 21:18:10,652 : INFO : EventManager : Event: ======'item_highlighted'====== Args={'carousel': 'attract', 'direction': 'forwards', 'item': 'presented_by'}
2025-09-17 21:18:10,652 : INFO : Timer.attract_carousel_timer : Starting Timer.
2025-09-17 21:18:10,653 : INFO : EventManager : Event: ======'timer_attract_carousel_timer_started'====== Args={'ticks': 0, 'ticks_remaining': 1}
2025-09-17 21:18:10,653 : INFO : EventManager : Event: ======'timer_attract_carousel_timer_tick'====== Args={'ticks': 0, 'ticks_remaining': 1}
2025-09-17 21:18:17,658 : INFO : Timer.attract_carousel_timer : Timer Complete
2025-09-17 21:18:17,658 : INFO : Timer.attract_carousel_timer : Stopping Timer
2025-09-17 21:18:17,658 : INFO : EventManager : Event: ======'timer_attract_carousel_timer_stopped'====== Args={'ticks': 1, 'ticks_remaining': 1}
2025-09-17 21:18:17,658 : INFO : EventManager : Event: ======'timer_attract_carousel_timer_complete'====== Args={'ticks': 1, 'ticks_remaining': 1}
2025-09-17 21:18:17,659 : INFO : EventManager : Event: ======'item_highlighted'====== Args={'carousel': 'attract', 'direction': 'forwards', 'item': 'hotrod_pinball_logo'}
2025-09-17 21:18:17,659 : INFO : Timer.attract_carousel_timer : Starting Timer.
2025-09-17 21:18:17,660 : INFO : EventManager : Event: ======'timer_attract_carousel_timer_started'====== Args={'ticks': 0, 'ticks_remaining': 1}
2025-09-17 21:18:17,660 : INFO : EventManager : Event: ======'timer_attract_carousel_timer_tick'====== Args={'ticks': 0, 'ticks_remaining': 1}
2025-09-17 21:18:24,659 : INFO : Timer.attract_carousel_timer : Timer Complete
2025-09-17 21:18:24,659 : INFO : Timer.attract_carousel_timer : Stopping Timer
2025-09-17 21:18:24,659 : INFO : EventManager : Event: ======'timer_attract_carousel_timer_stopped'====== Args={'ticks': 1, 'ticks_remaining': 1}
2025-09-17 21:18:24,660 : INFO : EventManager : Event: ======'timer_attract_carousel_timer_complete'====== Args={'ticks': 1, 'ticks_remaining': 1}
2025-09-17 21:18:24,660 : INFO : EventManager : Event: ======'item_highlighted'====== Args={'carousel': 'attract', 'direction': 'forwards', 'item': 'mpf_logo'}
2025-09-17 21:18:24,661 : INFO : Timer.attract_carousel_timer : Starting Timer.
2025-09-17 21:18:24,661 : INFO : EventManager : Event: ======'timer_attract_carousel_timer_started'====== Args={'ticks': 0, 'ticks_remaining': 1}
2025-09-17 21:18:24,662 : INFO : EventManager : Event: ======'timer_attract_carousel_timer_tick'====== Args={'ticks': 0, 'ticks_remaining': 1}
2025-09-17 21:18:26,804 : INFO : SwitchController : <<<<<<< 's_start' active >>>>>>>
2025-09-17 21:18:26,938 : INFO : SwitchController : <<<<<<< 's_start' inactive >>>>>>>
2025-09-17 21:18:26,938 : INFO : EventManager : Event: ======'sw_start_inactive'====== Args={}
2025-09-17 21:18:26,938 : INFO : EventManager : Event: ======'request_to_start_game'====== Args={}
2025-09-17 21:18:26,939 : INFO : EventManager : Event: ======'game_start'====== Args={'buttons': [], 'hold_time': 0.14000000001396984}
2025-09-17 21:18:26,939 : INFO : EventManager : Event: ======'mode_game_will_start'====== Args={'buttons': [], 'hold_time': 0.14000000001396984}
2025-09-17 21:18:26,940 : INFO : EventManager : Event: ======'mode_game_starting'====== Args={'buttons': [], 'hold_time': 0.14000000001396984}
2025-09-17 21:18:26,940 : INFO : EventManager : Event: ======'mode_attract_will_stop'====== Args={}
2025-09-17 21:18:26,942 : INFO : EventManager : Event: ======'mode_attract_stopping'====== Args={}
2025-09-17 21:18:26,942 : INFO : Mode.attract : Stopped.
2025-09-17 21:18:26,942 : INFO : EventManager : Event: ======'modes_active_modes_changed'====== Args={}
2025-09-17 21:18:26,942 : INFO : EventManager : Event: ======'mode_attract_stopped'====== Args={}
2025-09-17 21:18:26,942 : INFO : EventManager : Event: ======'clear'====== Args={'key': 'attract'}
2025-09-17 21:18:26,943 : INFO : Timer.attract_carousel_timer : Stopping Timer
2025-09-17 21:18:26,943 : INFO : EventManager : Event: ======'timer_attract_carousel_timer_stopped'====== Args={'ticks': 0, 'ticks_remaining': 1}
2025-09-17 21:18:26,943 : INFO : Mode.game : Started. Priority: 20
2025-09-17 21:18:26,943 : INFO : EventManager : Event: ======'modes_active_modes_changed'====== Args={}
2025-09-17 21:18:26,943 : INFO : EventManager : Event: ======'mode_game_started'====== Args={'buttons': [], 'hold_time': 0.14000000001396984}
2025-09-17 21:18:26,944 : INFO : EventManager : Event: ======'game_will_start'====== Args={}
2025-09-17 21:18:26,945 : INFO : EventManager : Event: ======'game_starting'====== Args={'game': <Mode.game>}
2025-09-17 21:18:26,946 : INFO : EventManager : Unordered handler for class <Auditor> on event game_ended with priority 1. Handlers: [RegisteredHandler(callback=<bound method Auditor.disable of <Auditor>>, priority=1, kwargs={}, key=UUID('5f0cd362-f308-4642-8298-134073af3ac8'), condition=None, blocking_facility=None), RegisteredHandler(callback=<bound method Auditor._save_audits of <Auditor>>, priority=1, kwargs={}, key=UUID('345ea619-1ac2-4619-83c0-c9ef796cf0f5'), condition=None, blocking_facility=None)]. The order of those handlers is not defined and they will be executed in random order. This might lead to race conditions and potential bugs.
2025-09-17 21:18:26,946 : INFO : EventManager : Event: ======'player_add_request'====== Args={}
2025-09-17 21:18:26,947 : INFO : EventManager : Event: ======'player_will_add'====== Args={'number': 1}
2025-09-17 21:18:26,947 : INFO : EventManager : Event: ======'player_adding'====== Args={'player': <Player 1>, 'number': 1}
2025-09-17 21:18:26,947 : INFO : EventManager : Event: ======'player_added'====== Args={'player': <Player 1>, 'num': 1}
2025-09-17 21:18:26,947 : INFO : Mode.game : Player added successfully. Total players: 1
2025-09-17 21:18:26,947 : INFO : EventManager : Event: ======'player_index'====== Args={'value': 0, 'prev_value': 0, 'change': 0, 'player_num': 1}
2025-09-17 21:18:26,947 : INFO : EventManager : Event: ======'player_number'====== Args={'value': 1, 'prev_value': 1, 'change': 0, 'player_num': 1}
2025-09-17 21:18:26,947 : INFO : EventManager : Event: ======'player_score'====== Args={'value': 0, 'prev_value': 0, 'change': 0, 'player_num': 1}
2025-09-17 21:18:26,947 : INFO : EventManager : Event: ======'game_started'====== Args={}
2025-09-17 21:18:26,948 : INFO : EventManager : Event: ======'player_turn_will_start'====== Args={'player': <Player 1>, 'number': 1}
2025-09-17 21:18:26,949 : INFO : EventManager : Event: ======'player_turn_starting'====== Args={'player': <Player 1>, 'number': 1}
2025-09-17 21:18:26,956 : INFO : EventManager : Event: ======'player_ball'====== Args={'value': 1, 'prev_value': 0, 'change': 1, 'player_num': 1}
2025-09-17 21:18:26,957 : INFO : EventManager : Event: ======'player_turn_started'====== Args={'player': <Player 1>, 'number': 1}
2025-09-17 21:18:26,958 : INFO : EventManager : Event: ======'ui_player_1_up'====== Args={'priority': 0}
2025-09-17 21:18:26,959 : INFO : EventManager : Event: ======'ball_will_start'====== Args={'player': 1, 'ball': 1, 'balls_remaining': 2, 'is_extra_ball': False}
2025-09-17 21:18:26,959 : INFO : EventManager : Event: ======'ball_starting'====== Args={'player': 1, 'ball': 1, 'balls_remaining': 2, 'is_extra_ball': False}
2025-09-17 21:18:26,961 : INFO : EventManager : Event: ======'mode_base_will_start'====== Args={'queue': <QueuedEvent>, 'player': 1, 'ball': 1, 'balls_remaining': 2, 'is_extra_ball': False}
2025-09-17 21:18:26,962 : INFO : EventManager : Event: ======'mode_base_starting'====== Args={'queue': <QueuedEvent>, 'player': 1, 'ball': 1, 'balls_remaining': 2, 'is_extra_ball': False}
2025-09-17 21:18:26,963 : INFO : Mode.base : Started. Priority: 100
2025-09-17 21:18:26,963 : INFO : EventManager : Event: ======'modes_active_modes_changed'====== Args={}
2025-09-17 21:18:26,963 : INFO : EventManager : Event: ======'mode_base_started'====== Args={'queue': <QueuedEvent>, 'player': 1, 'ball': 1, 'balls_remaining': 2, 'is_extra_ball': False}
2025-09-17 21:18:26,963 : INFO : EventManager : Event: ======'start_mode_bumpers'====== Args={'priority': 0}
2025-09-17 21:18:26,963 : INFO : EventManager : Event: ======'mode_bumpers_will_start'====== Args={'priority': 0}
2025-09-17 21:18:26,964 : INFO : EventManager : Event: ======'player_shot_bumper_left_enabled'====== Args={'value': True, 'prev_value': 0, 'change': 1, 'player_num': 1}
2025-09-17 21:18:26,964 : INFO : EventManager : Event: ======'player_shot_bumper_center_enabled'====== Args={'value': True, 'prev_value': 0, 'change': 1, 'player_num': 1}
2025-09-17 21:18:26,964 : INFO : EventManager : Event: ======'player_shot_bumper_right_enabled'====== Args={'value': True, 'prev_value': 0, 'change': 1, 'player_num': 1}
2025-09-17 21:18:26,965 : INFO : EventManager : Event: ======'bumpers_complete'====== Args={'state': 'unlit'}
2025-09-17 21:18:26,965 : INFO : EventManager : Event: ======'bumpers_unlit_complete'====== Args={}
2025-09-17 21:18:26,965 : INFO : EventManager : Event: ======'mode_bumpers_starting'====== Args={'priority': 0}
2025-09-17 21:18:26,965 : INFO : Mode.bumpers : Started. Priority: 200
2025-09-17 21:18:26,966 : INFO : EventManager : Event: ======'modes_active_modes_changed'====== Args={}
2025-09-17 21:18:26,966 : INFO : EventManager : Event: ======'mode_bumpers_started'====== Args={'priority': 0}
2025-09-17 21:18:26,966 : INFO : EventManager : Event: ======'balls_in_play'====== Args={'balls': 1}
2025-09-17 21:18:26,966 : INFO : EventManager : Event: ======'ball_started'====== Args={'player': 1, 'ball': 1, 'balls_remaining': 2, 'is_extra_ball': False}
2025-09-17 21:18:26,967 : INFO : EventManager : Event: ======'single_player_ball_started'====== Args={}
2025-09-17 21:18:26,967 : INFO : EventManager : Event: ======'ball_start_target'====== Args={'target': 'playfield'}
2025-09-17 21:18:26,968 : INFO : ball_device.bd_plunger : Setting up player-controlled eject. Balls: 1, Target: <playfield.playfield>, player_controlled_eject_event: None
2025-09-17 21:18:26,968 : INFO : EventManager : Event: ======'balldevice_balls_available'====== Args={}
2025-09-17 21:18:26,969 : INFO : ball_device.bd_trough : State: waiting_for_target_ready
2025-09-17 21:18:26,969 : INFO : EventManager : Event: ======'balldevice_bd_trough_ball_eject_attempt'====== Args={'balls': 1, 'target': <ball_device.bd_plunger>, 'source': <ball_device.bd_trough>, 'mechanical_eject': True, 'num_attempts': 0}
2025-09-17 21:18:26,971 : INFO : ball_device.bd_plunger : State: waiting_for_ball
2025-09-17 21:18:26,971 : INFO : ball_device.bd_trough : State: ejecting
2025-09-17 21:18:26,972 : INFO : ball_device.bd_trough : Ejecting ball to <ball_device.bd_plunger>
2025-09-17 21:18:26,972 : INFO : EventManager : Event: ======'balldevice_bd_trough_ejecting_ball'====== Args={'balls': 1, 'target': <ball_device.bd_plunger>, 'source': <ball_device.bd_trough>, 'mechanical_eject': True, 'num_attempts': 0}
2025-09-17 21:18:26,973 : INFO : ball_device.bd_trough : Wait for ball to leave device
2025-09-17 21:18:26,973 : INFO : coil.c_trough_eject : Pulsing Driver for 10ms (0.75 pulse_power)
2025-09-17 21:18:27,040 : INFO : EventManager : Event: ======'slide_base_slide_created'====== Args={'_from_bcp': True}
2025-09-17 21:18:27,040 : INFO : EventManager : Event: ======'slide_attract_inactive'====== Args={'is_removing': True, '_from_bcp': True}
2025-09-17 21:18:27,041 : INFO : EventManager : Event: ======'slide_base_slide_active'====== Args={'original_context': 'base', 'original_calling_context': 'mode_base_started', 'priority': 100.0, 'queue': '<QueuedEvent>', 'player': 1.0, 'ball': 1.0, 'balls_remaining': 2.0, 'is_extra_ball': False, 'cmd': 'slides_play', '_from_bcp': True}
2025-09-17 21:18:27,044 : INFO : EventManager : Event: ======'slide_attract_removed'====== Args={'_from_bcp': True}
2025-09-17 21:18:29,982 : INFO : EventManager : Event: ======'balldevice_bd_trough_ball_eject_failed'====== Args={'target': <ball_device.bd_plunger>, 'balls': 1, 'retry': True, 'num_attempts': 1}
2025-09-17 21:18:29,983 : INFO : ball_device.bd_trough : State: waiting_for_target_ready
2025-09-17 21:18:29,984 : INFO : EventManager : Event: ======'balldevice_bd_trough_ball_eject_attempt'====== Args={'balls': 1, 'target': <ball_device.bd_plunger>, 'source': <ball_device.bd_trough>, 'mechanical_eject': True, 'num_attempts': 1}
2025-09-17 21:18:29,984 : INFO : ball_device.bd_trough : State: ejecting
2025-09-17 21:18:29,984 : INFO : ball_device.bd_trough : Ejecting ball to <ball_device.bd_plunger>
2025-09-17 21:18:29,984 : INFO : EventManager : Event: ======'balldevice_bd_trough_ejecting_ball'====== Args={'balls': 1, 'target': <ball_device.bd_plunger>, 'source': <ball_device.bd_trough>, 'mechanical_eject': True, 'num_attempts': 1}
2025-09-17 21:18:29,985 : INFO : ball_device.bd_trough : Wait for ball to leave device
2025-09-17 21:18:29,985 : INFO : coil.c_trough_eject : Pulsing Driver for 10ms (0.75 pulse_power)
2025-09-17 21:18:31,426 : INFO : SwitchController : <<<<<<< 's_c_iceman_target' active >>>>>>>
2025-09-17 21:18:31,426 : INFO : EventManager : Event: ======'sw_playfield_active'====== Args={}
2025-09-17 21:18:31,426 : INFO : EventManager : Event: ======'sw_playfield_active'====== Args={}
2025-09-17 21:18:31,426 : INFO : EventManager : Event: ======'machine_var_audits_switches_s_c_iceman_target'====== Args={'value': 20, 'prev_value': 19, 'change': 1}
2025-09-17 21:18:31,427 : INFO : EventManager : Event: ======'playfield_active'====== Args={'source': None}
2025-09-17 21:18:31,427 : INFO : EventManager : Event: ======'unexpected_ball_on_playfield'====== Args={}
2025-09-17 21:18:31,427 : INFO : EventManager : Event: ======'playfield_active'====== Args={'source': None}
2025-09-17 21:18:31,427 : INFO : EventManager : Event: ======'unexpected_ball_on_playfield'====== Args={}
2025-09-17 21:18:31,609 : INFO : SwitchController : <<<<<<< 's_c_iceman_target' inactive >>>>>>>
2025-09-17 21:18:31,943 : INFO : SwitchController : <<<<<<< 's_e_iceman_target' active >>>>>>>
2025-09-17 21:18:31,943 : INFO : EventManager : Event: ======'sw_playfield_active'====== Args={}
2025-09-17 21:18:31,943 : INFO : EventManager : Event: ======'sw_playfield_active'====== Args={}
2025-09-17 21:18:31,943 : INFO : EventManager : Event: ======'machine_var_audits_switches_s_e_iceman_target'====== Args={'value': 30, 'prev_value': 29, 'change': 1}
2025-09-17 21:18:31,944 : INFO : EventManager : Event: ======'playfield_active'====== Args={'source': None}
2025-09-17 21:18:31,944 : INFO : EventManager : Event: ======'unexpected_ball_on_playfield'====== Args={}
2025-09-17 21:18:31,945 : INFO : EventManager : Event: ======'playfield_active'====== Args={'source': None}
2025-09-17 21:18:31,945 : INFO : EventManager : Event: ======'unexpected_ball_on_playfield'====== Args={}
2025-09-17 21:18:32,110 : INFO : SwitchController : <<<<<<< 's_e_iceman_target' inactive >>>>>>>
2025-09-17 21:18:32,971 : INFO : EventManager : Event: ======'balldevice_bd_trough_ball_eject_failed'====== Args={'target': <ball_device.bd_plunger>, 'balls': 1, 'retry': True, 'num_attempts': 2}
2025-09-17 21:18:32,973 : INFO : ball_device.bd_trough : State: waiting_for_target_ready
2025-09-17 21:18:32,973 : INFO : EventManager : Event: ======'balldevice_bd_trough_ball_eject_attempt'====== Args={'balls': 1, 'target': <ball_device.bd_plunger>, 'source': <ball_device.bd_trough>, 'mechanical_eject': True, 'num_attempts': 2}
2025-09-17 21:18:32,974 : INFO : ball_device.bd_trough : State: ejecting
2025-09-17 21:18:32,974 : INFO : ball_device.bd_trough : Ejecting ball to <ball_device.bd_plunger>
2025-09-17 21:18:32,974 : INFO : EventManager : Event: ======'balldevice_bd_trough_ejecting_ball'====== Args={'balls': 1, 'target': <ball_device.bd_plunger>, 'source': <ball_device.bd_trough>, 'mechanical_eject': True, 'num_attempts': 2}
2025-09-17 21:18:32,975 : INFO : ball_device.bd_trough : Wait for ball to leave device
2025-09-17 21:18:32,975 : INFO : coil.c_trough_eject : Pulsing Driver for 10ms (0.75 pulse_power)
2025-09-17 21:18:35,612 : INFO : SwitchController : <<<<<<< 's_c_iceman_target' active >>>>>>>
2025-09-17 21:18:35,612 : INFO : EventManager : Event: ======'sw_playfield_active'====== Args={}
2025-09-17 21:18:35,614 : INFO : EventManager : Event: ======'sw_playfield_active'====== Args={}
2025-09-17 21:18:35,614 : INFO : EventManager : Event: ======'machine_var_audits_switches_s_c_iceman_target'====== Args={'value': 21, 'prev_value': 20, 'change': 1}
2025-09-17 21:18:35,615 : INFO : EventManager : Event: ======'playfield_active'====== Args={'source': None}
2025-09-17 21:18:35,615 : INFO : EventManager : Event: ======'unexpected_ball_on_playfield'====== Args={}
2025-09-17 21:18:35,615 : INFO : EventManager : Event: ======'playfield_active'====== Args={'source': None}
2025-09-17 21:18:35,615 : INFO : EventManager : Event: ======'unexpected_ball_on_playfield'====== Args={}
2025-09-17 21:18:35,763 : INFO : SwitchController : <<<<<<< 's_c_iceman_target' inactive >>>>>>>
2025-09-17 21:18:35,971 : INFO : EventManager : Event: ======'balldevice_bd_trough_ball_eject_failed'====== Args={'target': <ball_device.bd_plunger>, 'balls': 1, 'retry': True, 'num_attempts': 3}
2025-09-17 21:18:35,972 : INFO : ball_device.bd_trough : State: waiting_for_target_ready
2025-09-17 21:18:35,972 : INFO : EventManager : Event: ======'balldevice_bd_trough_ball_eject_attempt'====== Args={'balls': 1, 'target': <ball_device.bd_plunger>, 'source': <ball_device.bd_trough>, 'mechanical_eject': True, 'num_attempts': 3}
2025-09-17 21:18:35,973 : INFO : ball_device.bd_trough : State: ejecting
2025-09-17 21:18:35,973 : INFO : ball_device.bd_trough : Ejecting ball to <ball_device.bd_plunger>
2025-09-17 21:18:35,973 : INFO : EventManager : Event: ======'balldevice_bd_trough_ejecting_ball'====== Args={'balls': 1, 'target': <ball_device.bd_plunger>, 'source': <ball_device.bd_trough>, 'mechanical_eject': True, 'num_attempts': 3}
2025-09-17 21:18:35,974 : INFO : ball_device.bd_trough : Wait for ball to leave device
2025-09-17 21:18:35,974 : INFO : coil.c_trough_eject : Pulsing Driver for 10ms (0.75 pulse_power)
2025-09-17 21:18:36,046 : INFO : SwitchController : <<<<<<< 's_c_iceman_target' active >>>>>>>
2025-09-17 21:18:36,046 : INFO : EventManager : Event: ======'sw_playfield_active'====== Args={}
2025-09-17 21:18:36,046 : INFO : EventManager : Event: ======'sw_playfield_active'====== Args={}
2025-09-17 21:18:36,048 : INFO : EventManager : Event: ======'machine_var_audits_switches_s_c_iceman_target'====== Args={'value': 22, 'prev_value': 21, 'change': 1}
2025-09-17 21:18:36,049 : INFO : EventManager : Event: ======'playfield_active'====== Args={'source': None}
2025-09-17 21:18:36,049 : INFO : EventManager : Event: ======'unexpected_ball_on_playfield'====== Args={}
2025-09-17 21:18:36,049 : INFO : EventManager : Event: ======'playfield_active'====== Args={'source': None}
2025-09-17 21:18:36,049 : INFO : EventManager : Event: ======'unexpected_ball_on_playfield'====== Args={}
2025-09-17 21:18:36,163 : INFO : SwitchController : <<<<<<< 's_e_iceman_target' active >>>>>>>
2025-09-17 21:18:36,163 : INFO : EventManager : Event: ======'sw_playfield_active'====== Args={}
2025-09-17 21:18:36,163 : INFO : EventManager : Event: ======'sw_playfield_active'====== Args={}
2025-09-17 21:18:36,164 : INFO : EventManager : Event: ======'machine_var_audits_switches_s_e_iceman_target'====== Args={'value': 31, 'prev_value': 30, 'change': 1}
2025-09-17 21:18:36,164 : INFO : EventManager : Event: ======'playfield_active'====== Args={'source': None}
2025-09-17 21:18:36,165 : INFO : EventManager : Event: ======'unexpected_ball_on_playfield'====== Args={}
2025-09-17 21:18:36,165 : INFO : EventManager : Event: ======'playfield_active'====== Args={'source': None}
2025-09-17 21:18:36,165 : INFO : EventManager : Event: ======'unexpected_ball_on_playfield'====== Args={}
2025-09-17 21:18:36,297 : INFO : SwitchController : <<<<<<< 's_c_iceman_target' inactive >>>>>>>
2025-09-17 21:18:36,364 : INFO : SwitchController : <<<<<<< 's_e_iceman_target' inactive >>>>>>>
2025-09-17 21:18:36,664 : INFO : SwitchController : <<<<<<< 's_c_iceman_target' active >>>>>>>
2025-09-17 21:18:36,664 : INFO : EventManager : Event: ======'sw_playfield_active'====== Args={}
2025-09-17 21:18:36,664 : INFO : EventManager : Event: ======'sw_playfield_active'====== Args={}
2025-09-17 21:18:36,665 : INFO : EventManager : Event: ======'machine_var_audits_switches_s_c_iceman_target'====== Args={'value': 23, 'prev_value': 22, 'change': 1}
2025-09-17 21:18:36,665 : INFO : EventManager : Event: ======'playfield_active'====== Args={'source': None}
2025-09-17 21:18:36,666 : INFO : EventManager : Event: ======'unexpected_ball_on_playfield'====== Args={}
2025-09-17 21:18:36,666 : INFO : EventManager : Event: ======'playfield_active'====== Args={'source': None}
2025-09-17 21:18:36,666 : INFO : EventManager : Event: ======'unexpected_ball_on_playfield'====== Args={}
2025-09-17 21:18:36,781 : INFO : SwitchController : <<<<<<< 's_e_iceman_target' active >>>>>>>
2025-09-17 21:18:36,781 : INFO : EventManager : Event: ======'sw_playfield_active'====== Args={}
2025-09-17 21:18:36,781 : INFO : EventManager : Event: ======'sw_playfield_active'====== Args={}
2025-09-17 21:18:36,781 : INFO : EventManager : Event: ======'machine_var_audits_switches_s_e_iceman_target'====== Args={'value': 32, 'prev_value': 31, 'change': 1}
2025-09-17 21:18:36,782 : INFO : EventManager : Event: ======'playfield_active'====== Args={'source': None}
2025-09-17 21:18:36,782 : INFO : EventManager : Event: ======'unexpected_ball_on_playfield'====== Args={}
2025-09-17 21:18:36,783 : INFO : EventManager : Event: ======'playfield_active'====== Args={'source': None}
2025-09-17 21:18:36,783 : INFO : EventManager : Event: ======'unexpected_ball_on_playfield'====== Args={}
2025-09-17 21:18:36,864 : INFO : SwitchController : <<<<<<< 's_c_iceman_target' inactive >>>>>>>
2025-09-17 21:18:36,947 : INFO : SwitchController : <<<<<<< 's_e_iceman_target' inactive >>>>>>>
2025-09-17 21:18:37,014 : INFO : SwitchController : <<<<<<< 's_c_iceman_target' active >>>>>>>
2025-09-17 21:18:37,014 : INFO : EventManager : Event: ======'sw_playfield_active'====== Args={}
2025-09-17 21:18:37,014 : INFO : EventManager : Event: ======'sw_playfield_active'====== Args={}
2025-09-17 21:18:37,015 : INFO : EventManager : Event: ======'machine_var_audits_switches_s_c_iceman_target'====== Args={'value': 24, 'prev_value': 23, 'change': 1}
2025-09-17 21:18:37,016 : INFO : EventManager : Event: ======'playfield_active'====== Args={'source': None}
2025-09-17 21:18:37,016 : INFO : EventManager : Event: ======'unexpected_ball_on_playfield'====== Args={}
2025-09-17 21:18:37,016 : INFO : EventManager : Event: ======'playfield_active'====== Args={'source': None}
2025-09-17 21:18:37,016 : INFO : EventManager : Event: ======'unexpected_ball_on_playfield'====== Args={}
2025-09-17 21:18:37,081 : INFO : SwitchController : <<<<<<< 's_e_iceman_target' active >>>>>>>
2025-09-17 21:18:37,081 : INFO : EventManager : Event: ======'sw_playfield_active'====== Args={}
2025-09-17 21:18:37,081 : INFO : EventManager : Event: ======'sw_playfield_active'====== Args={}
2025-09-17 21:18:37,082 : INFO : EventManager : Event: ======'machine_var_audits_switches_s_e_iceman_target'====== Args={'value': 33, 'prev_value': 32, 'change': 1}
2025-09-17 21:18:37,082 : INFO : EventManager : Event: ======'playfield_active'====== Args={'source': None}
2025-09-17 21:18:37,083 : INFO : EventManager : Event: ======'unexpected_ball_on_playfield'====== Args={}
2025-09-17 21:18:37,083 : INFO : EventManager : Event: ======'playfield_active'====== Args={'source': None}
2025-09-17 21:18:37,083 : INFO : EventManager : Event: ======'unexpected_ball_on_playfield'====== Args={}
2025-09-17 21:18:37,165 : INFO : SwitchController : <<<<<<< 's_c_iceman_target' inactive >>>>>>>
2025-09-17 21:18:37,248 : INFO : SwitchController : <<<<<<< 's_e_iceman_target' inactive >>>>>>>
2025-09-17 21:18:37,297 : INFO : SwitchController : <<<<<<< 's_c_iceman_target' active >>>>>>>
2025-09-17 21:18:37,298 : INFO : EventManager : Event: ======'sw_playfield_active'====== Args={}
2025-09-17 21:18:37,298 : INFO : EventManager : Event: ======'sw_playfield_active'====== Args={}
2025-09-17 21:18:37,298 : INFO : EventManager : Event: ======'machine_var_audits_switches_s_c_iceman_target'====== Args={'value': 25, 'prev_value': 24, 'change': 1}
2025-09-17 21:18:37,300 : INFO : EventManager : Event: ======'playfield_active'====== Args={'source': None}
2025-09-17 21:18:37,300 : INFO : EventManager : Event: ======'unexpected_ball_on_playfield'====== Args={}
2025-09-17 21:18:37,300 : INFO : EventManager : Event: ======'playfield_active'====== Args={'source': None}
2025-09-17 21:18:37,300 : INFO : EventManager : Event: ======'unexpected_ball_on_playfield'====== Args={}
2025-09-17 21:18:37,381 : INFO : SwitchController : <<<<<<< 's_e_iceman_target' active >>>>>>>
2025-09-17 21:18:37,381 : INFO : EventManager : Event: ======'sw_playfield_active'====== Args={}
2025-09-17 21:18:37,381 : INFO : EventManager : Event: ======'sw_playfield_active'====== Args={}
2025-09-17 21:18:37,381 : INFO : EventManager : Event: ======'machine_var_audits_switches_s_e_iceman_target'====== Args={'value': 34, 'prev_value': 33, 'change': 1}
2025-09-17 21:18:37,382 : INFO : EventManager : Event: ======'playfield_active'====== Args={'source': None}
2025-09-17 21:18:37,382 : INFO : EventManager : Event: ======'unexpected_ball_on_playfield'====== Args={}
2025-09-17 21:18:37,384 : INFO : EventManager : Event: ======'playfield_active'====== Args={'source': None}
2025-09-17 21:18:37,384 : INFO : EventManager : Event: ======'unexpected_ball_on_playfield'====== Args={}
2025-09-17 21:18:37,465 : INFO : SwitchController : <<<<<<< 's_c_iceman_target' inactive >>>>>>>
2025-09-17 21:18:37,549 : INFO : SwitchController : <<<<<<< 's_e_iceman_target' inactive >>>>>>>
2025-09-17 21:18:37,664 : INFO : SwitchController : <<<<<<< 's_c_iceman_target' active >>>>>>>
2025-09-17 21:18:37,665 : INFO : EventManager : Event: ======'sw_playfield_active'====== Args={}
2025-09-17 21:18:37,665 : INFO : EventManager : Event: ======'sw_playfield_active'====== Args={}
2025-09-17 21:18:37,665 : INFO : EventManager : Event: ======'machine_var_audits_switches_s_c_iceman_target'====== Args={'value': 26, 'prev_value': 25, 'change': 1}
2025-09-17 21:18:37,666 : INFO : EventManager : Event: ======'playfield_active'====== Args={'source': None}
2025-09-17 21:18:37,666 : INFO : EventManager : Event: ======'unexpected_ball_on_playfield'====== Args={}
2025-09-17 21:18:37,666 : INFO : EventManager : Event: ======'playfield_active'====== Args={'source': None}
2025-09-17 21:18:37,668 : INFO : EventManager : Event: ======'unexpected_ball_on_playfield'====== Args={}
2025-09-17 21:18:37,831 : INFO : SwitchController : <<<<<<< 's_c_iceman_target' inactive >>>>>>>
2025-09-17 21:18:38,215 : INFO : SwitchController : <<<<<<< 's_c_iceman_target' active >>>>>>>
2025-09-17 21:18:38,215 : INFO : EventManager : Event: ======'sw_playfield_active'====== Args={}
2025-09-17 21:18:38,215 : INFO : EventManager : Event: ======'sw_playfield_active'====== Args={}
2025-09-17 21:18:38,215 : INFO : EventManager : Event: ======'machine_var_audits_switches_s_c_iceman_target'====== Args={'value': 27, 'prev_value': 26, 'change': 1}
2025-09-17 21:18:38,217 : INFO : EventManager : Event: ======'playfield_active'====== Args={'source': None}
2025-09-17 21:18:38,217 : INFO : EventManager : Event: ======'unexpected_ball_on_playfield'====== Args={}
2025-09-17 21:18:38,217 : INFO : EventManager : Event: ======'playfield_active'====== Args={'source': None}
2025-09-17 21:18:38,217 : INFO : EventManager : Event: ======'unexpected_ball_on_playfield'====== Args={}
2025-09-17 21:18:38,298 : INFO : SwitchController : <<<<<<< 's_e_iceman_target' active >>>>>>>
2025-09-17 21:18:38,298 : INFO : EventManager : Event: ======'sw_playfield_active'====== Args={}
2025-09-17 21:18:38,300 : INFO : EventManager : Event: ======'sw_playfield_active'====== Args={}
2025-09-17 21:18:38,300 : INFO : EventManager : Event: ======'machine_var_audits_switches_s_e_iceman_target'====== Args={'value': 35, 'prev_value': 34, 'change': 1}
2025-09-17 21:18:38,301 : INFO : EventManager : Event: ======'playfield_active'====== Args={'source': None}
2025-09-17 21:18:38,301 : INFO : EventManager : Event: ======'unexpected_ball_on_playfield'====== Args={}
2025-09-17 21:18:38,301 : INFO : EventManager : Event: ======'playfield_active'====== Args={'source': None}
2025-09-17 21:18:38,301 : INFO : EventManager : Event: ======'unexpected_ball_on_playfield'====== Args={}
2025-09-17 21:18:38,399 : INFO : SwitchController : <<<<<<< 's_c_iceman_target' inactive >>>>>>>
2025-09-17 21:18:38,483 : INFO : SwitchController : <<<<<<< 's_e_iceman_target' inactive >>>>>>>
2025-09-17 21:18:38,549 : INFO : SwitchController : <<<<<<< 's_c_iceman_target' active >>>>>>>
2025-09-17 21:18:38,549 : INFO : EventManager : Event: ======'sw_playfield_active'====== Args={}
2025-09-17 21:18:38,550 : INFO : EventManager : Event: ======'sw_playfield_active'====== Args={}
2025-09-17 21:18:38,550 : INFO : EventManager : Event: ======'machine_var_audits_switches_s_c_iceman_target'====== Args={'value': 28, 'prev_value': 27, 'change': 1}
2025-09-17 21:18:38,550 : INFO : EventManager : Event: ======'playfield_active'====== Args={'source': None}
2025-09-17 21:18:38,551 : INFO : EventManager : Event: ======'unexpected_ball_on_playfield'====== Args={}
2025-09-17 21:18:38,551 : INFO : EventManager : Event: ======'playfield_active'====== Args={'source': None}
2025-09-17 21:18:38,551 : INFO : EventManager : Event: ======'unexpected_ball_on_playfield'====== Args={}
2025-09-17 21:18:38,616 : INFO : SwitchController : <<<<<<< 's_e_iceman_target' active >>>>>>>
2025-09-17 21:18:38,616 : INFO : EventManager : Event: ======'sw_playfield_active'====== Args={}
2025-09-17 21:18:38,616 : INFO : EventManager : Event: ======'sw_playfield_active'====== Args={}
2025-09-17 21:18:38,616 : INFO : EventManager : Event: ======'machine_var_audits_switches_s_e_iceman_target'====== Args={'value': 36, 'prev_value': 35, 'change': 1}
2025-09-17 21:18:38,617 : INFO : EventManager : Event: ======'playfield_active'====== Args={'source': None}
2025-09-17 21:18:38,617 : INFO : EventManager : Event: ======'unexpected_ball_on_playfield'====== Args={}
2025-09-17 21:18:38,617 : INFO : EventManager : Event: ======'playfield_active'====== Args={'source': None}
2025-09-17 21:18:38,617 : INFO : EventManager : Event: ======'unexpected_ball_on_playfield'====== Args={}
2025-09-17 21:18:38,716 : INFO : SwitchController : <<<<<<< 's_c_iceman_target' inactive >>>>>>>
2025-09-17 21:18:38,766 : INFO : SwitchController : <<<<<<< 's_e_iceman_target' inactive >>>>>>>
2025-09-17 21:18:38,978 : INFO : EventManager : Event: ======'balldevice_bd_trough_ball_eject_failed'====== Args={'target': <ball_device.bd_plunger>, 'balls': 1, 'retry': True, 'num_attempts': 4}
2025-09-17 21:18:38,979 : INFO : ball_device.bd_trough : State: waiting_for_target_ready
2025-09-17 21:18:38,980 : INFO : EventManager : Event: ======'balldevice_bd_trough_ball_eject_attempt'====== Args={'balls': 1, 'target': <ball_device.bd_plunger>, 'source': <ball_device.bd_trough>, 'mechanical_eject': True, 'num_attempts': 4}
2025-09-17 21:18:38,980 : INFO : ball_device.bd_trough : State: ejecting
2025-09-17 21:18:38,981 : INFO : ball_device.bd_trough : Ejecting ball to <ball_device.bd_plunger>
2025-09-17 21:18:38,981 : INFO : EventManager : Event: ======'balldevice_bd_trough_ejecting_ball'====== Args={'balls': 1, 'target': <ball_device.bd_plunger>, 'source': <ball_device.bd_trough>, 'mechanical_eject': True, 'num_attempts': 4}
2025-09-17 21:18:38,982 : INFO : ball_device.bd_trough : Wait for ball to leave device
2025-09-17 21:18:38,982 : INFO : coil.c_trough_eject : Pulsing Driver for 10ms (0.75 pulse_power)
2025-09-17 21:18:40,818 : INFO : SwitchController : <<<<<<< 's_c_iceman_target' active >>>>>>>
2025-09-17 21:18:40,818 : INFO : EventManager : Event: ======'sw_playfield_active'====== Args={}
2025-09-17 21:18:40,818 : INFO : EventManager : Event: ======'sw_playfield_active'====== Args={}
2025-09-17 21:18:40,818 : INFO : EventManager : Event: ======'machine_var_audits_switches_s_c_iceman_target'====== Args={'value': 29, 'prev_value': 28, 'change': 1}
2025-09-17 21:18:40,820 : INFO : EventManager : Event: ======'playfield_active'====== Args={'source': None}
2025-09-17 21:18:40,820 : INFO : EventManager : Event: ======'unexpected_ball_on_playfield'====== Args={}
2025-09-17 21:18:40,820 : INFO : EventManager : Event: ======'playfield_active'====== Args={'source': None}
2025-09-17 21:18:40,820 : INFO : EventManager : Event: ======'unexpected_ball_on_playfield'====== Args={}
2025-09-17 21:18:40,918 : INFO : SwitchController : <<<<<<< 's_e_iceman_target' active >>>>>>>
2025-09-17 21:18:40,918 : INFO : EventManager : Event: ======'sw_playfield_active'====== Args={}
2025-09-17 21:18:40,918 : INFO : EventManager : Event: ======'sw_playfield_active'====== Args={}
2025-09-17 21:18:40,918 : INFO : EventManager : Event: ======'machine_var_audits_switches_s_e_iceman_target'====== Args={'value': 37, 'prev_value': 36, 'change': 1}
2025-09-17 21:18:40,920 : INFO : EventManager : Event: ======'playfield_active'====== Args={'source': None}
2025-09-17 21:18:40,920 : INFO : EventManager : Event: ======'unexpected_ball_on_playfield'====== Args={}
2025-09-17 21:18:40,921 : INFO : EventManager : Event: ======'playfield_active'====== Args={'source': None}
2025-09-17 21:18:40,921 : INFO : EventManager : Event: ======'unexpected_ball_on_playfield'====== Args={}
2025-09-17 21:18:41,053 : INFO : SwitchController : <<<<<<< 's_c_iceman_target' inactive >>>>>>>
2025-09-17 21:18:41,101 : INFO : SwitchController : <<<<<<< 's_e_iceman_target' inactive >>>>>>>
2025-09-17 21:18:41,418 : INFO : SwitchController : <<<<<<< 's_c_iceman_target' active >>>>>>>
2025-09-17 21:18:41,418 : INFO : EventManager : Event: ======'sw_playfield_active'====== Args={}
2025-09-17 21:18:41,418 : INFO : EventManager : Event: ======'sw_playfield_active'====== Args={}
2025-09-17 21:18:41,419 : INFO : EventManager : Event: ======'machine_var_audits_switches_s_c_iceman_target'====== Args={'value': 30, 'prev_value': 29, 'change': 1}
2025-09-17 21:18:41,421 : INFO : EventManager : Event: ======'playfield_active'====== Args={'source': None}
2025-09-17 21:18:41,421 : INFO : EventManager : Event: ======'unexpected_ball_on_playfield'====== Args={}
2025-09-17 21:18:41,421 : INFO : EventManager : Event: ======'playfield_active'====== Args={'source': None}
2025-09-17 21:18:41,421 : INFO : EventManager : Event: ======'unexpected_ball_on_playfield'====== Args={}
2025-09-17 21:18:41,502 : INFO : SwitchController : <<<<<<< 's_e_iceman_target' active >>>>>>>
2025-09-17 21:18:41,502 : INFO : EventManager : Event: ======'sw_playfield_active'====== Args={}
2025-09-17 21:18:41,502 : INFO : EventManager : Event: ======'sw_playfield_active'====== Args={}
2025-09-17 21:18:41,502 : INFO : EventManager : Event: ======'machine_var_audits_switches_s_e_iceman_target'====== Args={'value': 38, 'prev_value': 37, 'change': 1}
2025-09-17 21:18:41,503 : INFO : EventManager : Event: ======'playfield_active'====== Args={'source': None}
2025-09-17 21:18:41,504 : INFO : EventManager : Event: ======'unexpected_ball_on_playfield'====== Args={}
2025-09-17 21:18:41,504 : INFO : EventManager : Event: ======'playfield_active'====== Args={'source': None}
2025-09-17 21:18:41,504 : INFO : EventManager : Event: ======'unexpected_ball_on_playfield'====== Args={}
2025-09-17 21:18:41,635 : INFO : SwitchController : <<<<<<< 's_c_iceman_target' inactive >>>>>>>
2025-09-17 21:18:41,702 : INFO : SwitchController : <<<<<<< 's_e_iceman_target' inactive >>>>>>>
2025-09-17 21:18:41,983 : INFO : EventManager : Event: ======'balldevice_bd_trough_ball_eject_failed'====== Args={'target': <ball_device.bd_plunger>, 'balls': 1, 'retry': True, 'num_attempts': 5}
2025-09-17 21:18:41,985 : INFO : ball_device.bd_trough : State: waiting_for_target_ready
2025-09-17 21:18:41,986 : INFO : EventManager : Event: ======'balldevice_bd_trough_ball_eject_attempt'====== Args={'balls': 1, 'target': <ball_device.bd_plunger>, 'source': <ball_device.bd_trough>, 'mechanical_eject': True, 'num_attempts': 5}
2025-09-17 21:18:41,986 : INFO : ball_device.bd_trough : State: ejecting
2025-09-17 21:18:41,987 : INFO : ball_device.bd_trough : Ejecting ball to <ball_device.bd_plunger>
2025-09-17 21:18:41,987 : INFO : EventManager : Event: ======'balldevice_bd_trough_ejecting_ball'====== Args={'balls': 1, 'target': <ball_device.bd_plunger>, 'source': <ball_device.bd_trough>, 'mechanical_eject': True, 'num_attempts': 5}
2025-09-17 21:18:41,987 : INFO : ball_device.bd_trough : Wait for ball to leave device
2025-09-17 21:18:41,988 : INFO : coil.c_trough_eject : Pulsing Driver for 10ms (0.75 pulse_power)
2025-09-17 21:18:44,978 : INFO : EventManager : Event: ======'balldevice_bd_trough_ball_eject_failed'====== Args={'target': <ball_device.bd_plunger>, 'balls': 1, 'retry': True, 'num_attempts': 6}
2025-09-17 21:18:44,979 : INFO : ball_device.bd_trough : State: waiting_for_target_ready
2025-09-17 21:18:44,979 : INFO : EventManager : Event: ======'balldevice_bd_trough_ball_eject_attempt'====== Args={'balls': 1, 'target': <ball_device.bd_plunger>, 'source': <ball_device.bd_trough>, 'mechanical_eject': True, 'num_attempts': 6}
2025-09-17 21:18:44,980 : INFO : ball_device.bd_trough : State: ejecting
2025-09-17 21:18:44,980 : INFO : ball_device.bd_trough : Ejecting ball to <ball_device.bd_plunger>
2025-09-17 21:18:44,980 : INFO : EventManager : Event: ======'balldevice_bd_trough_ejecting_ball'====== Args={'balls': 1, 'target': <ball_device.bd_plunger>, 'source': <ball_device.bd_trough>, 'mechanical_eject': True, 'num_attempts': 6}
2025-09-17 21:18:44,981 : INFO : ball_device.bd_trough : Wait for ball to leave device
2025-09-17 21:18:44,981 : INFO : coil.c_trough_eject : Pulsing Driver for 10ms (0.75 pulse_power)
2025-09-17 21:18:47,792 : INFO : SwitchController : <<<<<<< 's_c_iceman_target' active >>>>>>>
2025-09-17 21:18:47,792 : INFO : EventManager : Event: ======'sw_playfield_active'====== Args={}
2025-09-17 21:18:47,792 : INFO : EventManager : Event: ======'sw_playfield_active'====== Args={}
2025-09-17 21:18:47,792 : INFO : EventManager : Event: ======'machine_var_audits_switches_s_c_iceman_target'====== Args={'value': 31, 'prev_value': 30, 'change': 1}
2025-09-17 21:18:47,793 : INFO : EventManager : Event: ======'playfield_active'====== Args={'source': None}
2025-09-17 21:18:47,793 : INFO : EventManager : Event: ======'unexpected_ball_on_playfield'====== Args={}
2025-09-17 21:18:47,793 : INFO : EventManager : Event: ======'playfield_active'====== Args={'source': None}
2025-09-17 21:18:47,793 : INFO : EventManager : Event: ======'unexpected_ball_on_playfield'====== Args={}
2025-09-17 21:18:47,986 : INFO : EventManager : Event: ======'balldevice_bd_trough_ball_eject_failed'====== Args={'target': <ball_device.bd_plunger>, 'balls': 1, 'retry': True, 'num_attempts': 7}
2025-09-17 21:18:47,987 : INFO : ball_device.bd_trough : State: waiting_for_target_ready
2025-09-17 21:18:47,987 : INFO : EventManager : Event: ======'balldevice_bd_trough_ball_eject_attempt'====== Args={'balls': 1, 'target': <ball_device.bd_plunger>, 'source': <ball_device.bd_trough>, 'mechanical_eject': True, 'num_attempts': 7}
2025-09-17 21:18:47,988 : INFO : ball_device.bd_trough : State: ejecting
2025-09-17 21:18:47,988 : INFO : ball_device.bd_trough : Ejecting ball to <ball_device.bd_plunger>
2025-09-17 21:18:47,988 : INFO : EventManager : Event: ======'balldevice_bd_trough_ejecting_ball'====== Args={'balls': 1, 'target': <ball_device.bd_plunger>, 'source': <ball_device.bd_trough>, 'mechanical_eject': True, 'num_attempts': 7}
2025-09-17 21:18:47,988 : INFO : ball_device.bd_trough : Wait for ball to leave device
2025-09-17 21:18:47,988 : INFO : coil.c_trough_eject : Pulsing Driver for 10ms (0.75 pulse_power)
2025-09-17 21:18:48,026 : INFO : SwitchController : <<<<<<< 's_c_iceman_target' inactive >>>>>>>
2025-09-17 21:18:48,292 : INFO : SwitchController : <<<<<<< 's_c_iceman_target' active >>>>>>>
2025-09-17 21:18:48,292 : INFO : EventManager : Event: ======'sw_playfield_active'====== Args={}
2025-09-17 21:18:48,292 : INFO : EventManager : Event: ======'sw_playfield_active'====== Args={}
2025-09-17 21:18:48,292 : INFO : EventManager : Event: ======'machine_var_audits_switches_s_c_iceman_target'====== Args={'value': 32, 'prev_value': 31, 'change': 1}
2025-09-17 21:18:48,293 : INFO : EventManager : Event: ======'playfield_active'====== Args={'source': None}
2025-09-17 21:18:48,294 : INFO : EventManager : Event: ======'unexpected_ball_on_playfield'====== Args={}
2025-09-17 21:18:48,294 : INFO : EventManager : Event: ======'playfield_active'====== Args={'source': None}
2025-09-17 21:18:48,294 : INFO : EventManager : Event: ======'unexpected_ball_on_playfield'====== Args={}
2025-09-17 21:18:48,509 : INFO : SwitchController : <<<<<<< 's_c_iceman_target' inactive >>>>>>>
2025-09-17 21:18:48,743 : INFO : SwitchController : <<<<<<< 's_c_iceman_target' active >>>>>>>
2025-09-17 21:18:48,743 : INFO : EventManager : Event: ======'sw_playfield_active'====== Args={}
2025-09-17 21:18:48,743 : INFO : EventManager : Event: ======'sw_playfield_active'====== Args={}
2025-09-17 21:18:48,743 : INFO : EventManager : Event: ======'machine_var_audits_switches_s_c_iceman_target'====== Args={'value': 33, 'prev_value': 32, 'change': 1}
2025-09-17 21:18:48,744 : INFO : EventManager : Event: ======'playfield_active'====== Args={'source': None}
2025-09-17 21:18:48,745 : INFO : EventManager : Event: ======'unexpected_ball_on_playfield'====== Args={}
2025-09-17 21:18:48,745 : INFO : EventManager : Event: ======'playfield_active'====== Args={'source': None}
2025-09-17 21:18:48,745 : INFO : EventManager : Event: ======'unexpected_ball_on_playfield'====== Args={}
2025-09-17 21:18:48,943 : INFO : SwitchController : <<<<<<< 's_c_iceman_target' inactive >>>>>>>
2025-09-17 21:18:49,660 : INFO : SwitchController : <<<<<<< 's_c_iceman_target' active >>>>>>>
2025-09-17 21:18:49,660 : INFO : EventManager : Event: ======'sw_playfield_active'====== Args={}
2025-09-17 21:18:49,660 : INFO : EventManager : Event: ======'sw_playfield_active'====== Args={}
2025-09-17 21:18:49,660 : INFO : EventManager : Event: ======'machine_var_audits_switches_s_c_iceman_target'====== Args={'value': 34, 'prev_value': 33, 'change': 1}
2025-09-17 21:18:49,661 : INFO : EventManager : Event: ======'playfield_active'====== Args={'source': None}
2025-09-17 21:18:49,661 : INFO : EventManager : Event: ======'unexpected_ball_on_playfield'====== Args={}
2025-09-17 21:18:49,661 : INFO : EventManager : Event: ======'playfield_active'====== Args={'source': None}
2025-09-17 21:18:49,663 : INFO : EventManager : Event: ======'unexpected_ball_on_playfield'====== Args={}
2025-09-17 21:18:49,910 : INFO : SwitchController : <<<<<<< 's_c_iceman_target' inactive >>>>>>>
2025-09-17 21:18:50,227 : INFO : SwitchController : <<<<<<< 's_c_iceman_target' active >>>>>>>
2025-09-17 21:18:50,227 : INFO : EventManager : Event: ======'sw_playfield_active'====== Args={}
2025-09-17 21:18:50,227 : INFO : EventManager : Event: ======'sw_playfield_active'====== Args={}
2025-09-17 21:18:50,228 : INFO : EventManager : Event: ======'machine_var_audits_switches_s_c_iceman_target'====== Args={'value': 35, 'prev_value': 34, 'change': 1}
2025-09-17 21:18:50,229 : INFO : EventManager : Event: ======'playfield_active'====== Args={'source': None}
2025-09-17 21:18:50,229 : INFO : EventManager : Event: ======'unexpected_ball_on_playfield'====== Args={}
2025-09-17 21:18:50,230 : INFO : EventManager : Event: ======'playfield_active'====== Args={'source': None}
2025-09-17 21:18:50,230 : INFO : EventManager : Event: ======'unexpected_ball_on_playfield'====== Args={}
2025-09-17 21:18:50,411 : INFO : SwitchController : <<<<<<< 's_c_iceman_target' inactive >>>>>>>
2025-09-17 21:18:50,645 : INFO : SwitchController : <<<<<<< 's_c_iceman_target' active >>>>>>>
2025-09-17 21:18:50,645 : INFO : EventManager : Event: ======'sw_playfield_active'====== Args={}
2025-09-17 21:18:50,645 : INFO : EventManager : Event: ======'sw_playfield_active'====== Args={}
2025-09-17 21:18:50,646 : INFO : EventManager : Event: ======'machine_var_audits_switches_s_c_iceman_target'====== Args={'value': 36, 'prev_value': 35, 'change': 1}
2025-09-17 21:18:50,647 : INFO : EventManager : Event: ======'playfield_active'====== Args={'source': None}
2025-09-17 21:18:50,647 : INFO : EventManager : Event: ======'unexpected_ball_on_playfield'====== Args={}
2025-09-17 21:18:50,647 : INFO : EventManager : Event: ======'playfield_active'====== Args={'source': None}
2025-09-17 21:18:50,647 : INFO : EventManager : Event: ======'unexpected_ball_on_playfield'====== Args={}
2025-09-17 21:18:50,727 : INFO : SwitchController : <<<<<<< 's_c_iceman_target' inactive >>>>>>>
2025-09-17 21:18:50,974 : INFO : EventManager : Event: ======'balldevice_bd_trough_ball_eject_failed'====== Args={'target': <ball_device.bd_plunger>, 'balls': 1, 'retry': True, 'num_attempts': 8}
2025-09-17 21:18:50,975 : INFO : ball_device.bd_trough : State: waiting_for_target_ready
2025-09-17 21:18:50,975 : INFO : EventManager : Event: ======'balldevice_bd_trough_ball_eject_attempt'====== Args={'balls': 1, 'target': <ball_device.bd_plunger>, 'source': <ball_device.bd_trough>, 'mechanical_eject': True, 'num_attempts': 8}
2025-09-17 21:18:50,975 : INFO : ball_device.bd_trough : State: ejecting
2025-09-17 21:18:50,976 : INFO : ball_device.bd_trough : Ejecting ball to <ball_device.bd_plunger>
2025-09-17 21:18:50,976 : INFO : EventManager : Event: ======'balldevice_bd_trough_ejecting_ball'====== Args={'balls': 1, 'target': <ball_device.bd_plunger>, 'source': <ball_device.bd_trough>, 'mechanical_eject': True, 'num_attempts': 8}
2025-09-17 21:18:50,977 : INFO : ball_device.bd_trough : Wait for ball to leave device
2025-09-17 21:18:50,977 : INFO : coil.c_trough_eject : Pulsing Driver for 10ms (0.75 pulse_power)
2025-09-17 21:18:51,128 : INFO : SwitchController : <<<<<<< 's_e_iceman_target' active >>>>>>>
2025-09-17 21:18:51,129 : INFO : EventManager : Event: ======'sw_playfield_active'====== Args={}
2025-09-17 21:18:51,129 : INFO : EventManager : Event: ======'sw_playfield_active'====== Args={}
2025-09-17 21:18:51,129 : INFO : EventManager : Event: ======'machine_var_audits_switches_s_e_iceman_target'====== Args={'value': 39, 'prev_value': 38, 'change': 1}
2025-09-17 21:18:51,130 : INFO : EventManager : Event: ======'playfield_active'====== Args={'source': None}
2025-09-17 21:18:51,130 : INFO : EventManager : Event: ======'unexpected_ball_on_playfield'====== Args={}
2025-09-17 21:18:51,131 : INFO : EventManager : Event: ======'playfield_active'====== Args={'source': None}
2025-09-17 21:18:51,131 : INFO : EventManager : Event: ======'unexpected_ball_on_playfield'====== Args={}
2025-09-17 21:18:51,295 : INFO : SwitchController : <<<<<<< 's_e_iceman_target' inactive >>>>>>>
2025-09-17 21:18:51,546 : INFO : SwitchController : <<<<<<< 's_e_iceman_target' active >>>>>>>
2025-09-17 21:18:51,546 : INFO : EventManager : Event: ======'sw_playfield_active'====== Args={}
2025-09-17 21:18:51,546 : INFO : EventManager : Event: ======'sw_playfield_active'====== Args={}
2025-09-17 21:18:51,546 : INFO : EventManager : Event: ======'machine_var_audits_switches_s_e_iceman_target'====== Args={'value': 40, 'prev_value': 39, 'change': 1}
2025-09-17 21:18:51,547 : INFO : EventManager : Event: ======'playfield_active'====== Args={'source': None}
2025-09-17 21:18:51,547 : INFO : EventManager : Event: ======'unexpected_ball_on_playfield'====== Args={}
2025-09-17 21:18:51,547 : INFO : EventManager : Event: ======'playfield_active'====== Args={'source': None}
2025-09-17 21:18:51,547 : INFO : EventManager : Event: ======'unexpected_ball_on_playfield'====== Args={}
2025-09-17 21:18:51,696 : INFO : SwitchController : <<<<<<< 's_e_iceman_target' inactive >>>>>>>
2025-09-17 21:18:53,978 : INFO : EventManager : Event: ======'balldevice_bd_trough_ball_eject_failed'====== Args={'target': <ball_device.bd_plunger>, 'balls': 1, 'retry': True, 'num_attempts': 9}
2025-09-17 21:18:53,979 : INFO : ball_device.bd_trough : State: waiting_for_target_ready
2025-09-17 21:18:53,979 : INFO : EventManager : Event: ======'balldevice_bd_trough_ball_eject_attempt'====== Args={'balls': 1, 'target': <ball_device.bd_plunger>, 'source': <ball_device.bd_trough>, 'mechanical_eject': True, 'num_attempts': 9}
2025-09-17 21:18:53,980 : INFO : ball_device.bd_trough : State: ejecting
2025-09-17 21:18:53,980 : INFO : ball_device.bd_trough : Ejecting ball to <ball_device.bd_plunger>
2025-09-17 21:18:53,981 : INFO : EventManager : Event: ======'balldevice_bd_trough_ejecting_ball'====== Args={'balls': 1, 'target': <ball_device.bd_plunger>, 'source': <ball_device.bd_trough>, 'mechanical_eject': True, 'num_attempts': 9}
2025-09-17 21:18:53,981 : INFO : ball_device.bd_trough : Wait for ball to leave device
2025-09-17 21:18:53,982 : INFO : coil.c_trough_eject : Pulsing Driver for 10ms (0.75 pulse_power)
2025-09-17 21:18:56,974 : INFO : EventManager : Event: ======'balldevice_bd_trough_ball_eject_failed'====== Args={'target': <ball_device.bd_plunger>, 'balls': 1, 'retry': True, 'num_attempts': 10}
2025-09-17 21:18:56,975 : INFO : ball_device.bd_trough : State: waiting_for_target_ready
2025-09-17 21:18:56,975 : INFO : EventManager : Event: ======'balldevice_bd_trough_ball_eject_attempt'====== Args={'balls': 1, 'target': <ball_device.bd_plunger>, 'source': <ball_device.bd_trough>, 'mechanical_eject': True, 'num_attempts': 10}
2025-09-17 21:18:56,976 : INFO : ball_device.bd_trough : State: ejecting
2025-09-17 21:18:56,976 : INFO : ball_device.bd_trough : Ejecting ball to <ball_device.bd_plunger>
2025-09-17 21:18:56,976 : INFO : EventManager : Event: ======'balldevice_bd_trough_ejecting_ball'====== Args={'balls': 1, 'target': <ball_device.bd_plunger>, 'source': <ball_device.bd_trough>, 'mechanical_eject': True, 'num_attempts': 10}
2025-09-17 21:18:56,977 : INFO : ball_device.bd_trough : Wait for ball to leave device
2025-09-17 21:18:56,977 : INFO : coil.c_trough_eject : Pulsing Driver for 10ms (0.75 pulse_power)
2025-09-17 21:18:59,973 : INFO : EventManager : Event: ======'balldevice_bd_trough_ball_eject_failed'====== Args={'target': <ball_device.bd_plunger>, 'balls': 1, 'retry': True, 'num_attempts': 11}
2025-09-17 21:18:59,974 : INFO : ball_device.bd_trough : State: waiting_for_target_ready
2025-09-17 21:18:59,974 : INFO : EventManager : Event: ======'balldevice_bd_trough_ball_eject_attempt'====== Args={'balls': 1, 'target': <ball_device.bd_plunger>, 'source': <ball_device.bd_trough>, 'mechanical_eject': True, 'num_attempts': 11}
2025-09-17 21:18:59,975 : INFO : ball_device.bd_trough : State: ejecting
2025-09-17 21:18:59,975 : INFO : ball_device.bd_trough : Ejecting ball to <ball_device.bd_plunger>
2025-09-17 21:18:59,975 : INFO : EventManager : Event: ======'balldevice_bd_trough_ejecting_ball'====== Args={'balls': 1, 'target': <ball_device.bd_plunger>, 'source': <ball_device.bd_trough>, 'mechanical_eject': True, 'num_attempts': 11}
2025-09-17 21:18:59,976 : INFO : ball_device.bd_trough : Wait for ball to leave device
2025-09-17 21:18:59,976 : INFO : coil.c_trough_eject : Pulsing Driver for 10ms (0.75 pulse_power)
2025-09-17 21:19:02,983 : INFO : EventManager : Event: ======'balldevice_bd_trough_ball_eject_failed'====== Args={'target': <ball_device.bd_plunger>, 'balls': 1, 'retry': True, 'num_attempts': 12}
2025-09-17 21:19:02,984 : INFO : ball_device.bd_trough : State: waiting_for_target_ready
2025-09-17 21:19:02,984 : INFO : EventManager : Event: ======'balldevice_bd_trough_ball_eject_attempt'====== Args={'balls': 1, 'target': <ball_device.bd_plunger>, 'source': <ball_device.bd_trough>, 'mechanical_eject': True, 'num_attempts': 12}
2025-09-17 21:19:02,985 : INFO : ball_device.bd_trough : State: ejecting
2025-09-17 21:19:02,985 : INFO : ball_device.bd_trough : Ejecting ball to <ball_device.bd_plunger>
2025-09-17 21:19:02,985 : INFO : EventManager : Event: ======'balldevice_bd_trough_ejecting_ball'====== Args={'balls': 1, 'target': <ball_device.bd_plunger>, 'source': <ball_device.bd_trough>, 'mechanical_eject': True, 'num_attempts': 12}
2025-09-17 21:19:02,986 : INFO : ball_device.bd_trough : Wait for ball to leave device
2025-09-17 21:19:02,986 : INFO : coil.c_trough_eject : Pulsing Driver for 10ms (0.75 pulse_power)
2025-09-17 21:19:05,967 : INFO : EventManager : Event: ======'balldevice_bd_trough_ball_eject_failed'====== Args={'target': <ball_device.bd_plunger>, 'balls': 1, 'retry': True, 'num_attempts': 13}
2025-09-17 21:19:05,967 : INFO : ball_device.bd_trough : State: waiting_for_target_ready
2025-09-17 21:19:05,968 : INFO : EventManager : Event: ======'balldevice_bd_trough_ball_eject_attempt'====== Args={'balls': 1, 'target': <ball_device.bd_plunger>, 'source': <ball_device.bd_trough>, 'mechanical_eject': True, 'num_attempts': 13}
2025-09-17 21:19:05,968 : INFO : ball_device.bd_trough : State: ejecting
2025-09-17 21:19:05,969 : INFO : ball_device.bd_trough : Ejecting ball to <ball_device.bd_plunger>
2025-09-17 21:19:05,969 : INFO : EventManager : Event: ======'balldevice_bd_trough_ejecting_ball'====== Args={'balls': 1, 'target': <ball_device.bd_plunger>, 'source': <ball_device.bd_trough>, 'mechanical_eject': True, 'num_attempts': 13}
2025-09-17 21:19:05,969 : INFO : ball_device.bd_trough : Wait for ball to leave device
2025-09-17 21:19:05,970 : INFO : coil.c_trough_eject : Pulsing Driver for 10ms (0.75 pulse_power)
2025-09-17 21:19:08,990 : INFO : EventManager : Event: ======'balldevice_bd_trough_ball_eject_failed'====== Args={'target': <ball_device.bd_plunger>, 'balls': 1, 'retry': True, 'num_attempts': 14}
2025-09-17 21:19:08,992 : INFO : ball_device.bd_trough : State: waiting_for_target_ready
2025-09-17 21:19:08,992 : INFO : EventManager : Event: ======'balldevice_bd_trough_ball_eject_attempt'====== Args={'balls': 1, 'target': <ball_device.bd_plunger>, 'source': <ball_device.bd_trough>, 'mechanical_eject': True, 'num_attempts': 14}
2025-09-17 21:19:08,993 : INFO : ball_device.bd_trough : State: ejecting
2025-09-17 21:19:08,993 : INFO : ball_device.bd_trough : Ejecting ball to <ball_device.bd_plunger>
2025-09-17 21:19:08,993 : INFO : EventManager : Event: ======'balldevice_bd_trough_ejecting_ball'====== Args={'balls': 1, 'target': <ball_device.bd_plunger>, 'source': <ball_device.bd_trough>, 'mechanical_eject': True, 'num_attempts': 14}
2025-09-17 21:19:08,994 : INFO : ball_device.bd_trough : Wait for ball to leave device
2025-09-17 21:19:08,994 : INFO : coil.c_trough_eject : Pulsing Driver for 10ms (0.75 pulse_power)
2025-09-17 21:19:11,982 : INFO : EventManager : Event: ======'balldevice_bd_trough_ball_eject_failed'====== Args={'target': <ball_device.bd_plunger>, 'balls': 1, 'retry': True, 'num_attempts': 15}
2025-09-17 21:19:11,983 : INFO : ball_device.bd_trough : State: waiting_for_target_ready
2025-09-17 21:19:11,983 : INFO : EventManager : Event: ======'balldevice_bd_trough_ball_eject_attempt'====== Args={'balls': 1, 'target': <ball_device.bd_plunger>, 'source': <ball_device.bd_trough>, 'mechanical_eject': True, 'num_attempts': 15}
2025-09-17 21:19:11,983 : INFO : ball_device.bd_trough : State: ejecting
2025-09-17 21:19:11,983 : INFO : ball_device.bd_trough : Ejecting ball to <ball_device.bd_plunger>
2025-09-17 21:19:11,983 : INFO : EventManager : Event: ======'balldevice_bd_trough_ejecting_ball'====== Args={'balls': 1, 'target': <ball_device.bd_plunger>, 'source': <ball_device.bd_trough>, 'mechanical_eject': True, 'num_attempts': 15}
2025-09-17 21:19:11,983 : INFO : ball_device.bd_trough : Wait for ball to leave device
2025-09-17 21:19:11,984 : INFO : coil.c_trough_eject : Pulsing Driver for 10ms (0.75 pulse_power)
2025-09-17 21:19:14,990 : INFO : EventManager : Event: ======'balldevice_bd_trough_ball_eject_failed'====== Args={'target': <ball_device.bd_plunger>, 'balls': 1, 'retry': True, 'num_attempts': 16}
2025-09-17 21:19:14,990 : INFO : ball_device.bd_trough : State: waiting_for_target_ready
2025-09-17 21:19:14,990 : INFO : EventManager : Event: ======'balldevice_bd_trough_ball_eject_attempt'====== Args={'balls': 1, 'target': <ball_device.bd_plunger>, 'source': <ball_device.bd_trough>, 'mechanical_eject': True, 'num_attempts': 16}
2025-09-17 21:19:14,991 : INFO : ball_device.bd_trough : State: ejecting
2025-09-17 21:19:14,991 : INFO : ball_device.bd_trough : Ejecting ball to <ball_device.bd_plunger>
2025-09-17 21:19:14,991 : INFO : EventManager : Event: ======'balldevice_bd_trough_ejecting_ball'====== Args={'balls': 1, 'target': <ball_device.bd_plunger>, 'source': <ball_device.bd_trough>, 'mechanical_eject': True, 'num_attempts': 16}
2025-09-17 21:19:14,991 : INFO : ball_device.bd_trough : Wait for ball to leave device
2025-09-17 21:19:14,991 : INFO : coil.c_trough_eject : Pulsing Driver for 10ms (0.75 pulse_power)
2025-09-17 21:19:17,978 : INFO : EventManager : Event: ======'balldevice_bd_trough_ball_eject_failed'====== Args={'target': <ball_device.bd_plunger>, 'balls': 1, 'retry': True, 'num_attempts': 17}
2025-09-17 21:19:17,979 : INFO : ball_device.bd_trough : State: waiting_for_target_ready
2025-09-17 21:19:17,979 : INFO : EventManager : Event: ======'balldevice_bd_trough_ball_eject_attempt'====== Args={'balls': 1, 'target': <ball_device.bd_plunger>, 'source': <ball_device.bd_trough>, 'mechanical_eject': True, 'num_attempts': 17}
2025-09-17 21:19:17,979 : INFO : ball_device.bd_trough : State: ejecting
2025-09-17 21:19:17,979 : INFO : ball_device.bd_trough : Ejecting ball to <ball_device.bd_plunger>
2025-09-17 21:19:17,979 : INFO : EventManager : Event: ======'balldevice_bd_trough_ejecting_ball'====== Args={'balls': 1, 'target': <ball_device.bd_plunger>, 'source': <ball_device.bd_trough>, 'mechanical_eject': True, 'num_attempts': 17}
2025-09-17 21:19:17,980 : INFO : ball_device.bd_trough : Wait for ball to leave device
2025-09-17 21:19:17,980 : INFO : coil.c_trough_eject : Pulsing Driver for 10ms (0.75 pulse_power)
2025-09-17 21:19:18,948 : INFO : Machine : Shutting down...
2025-09-17 21:19:18,948 : INFO : EventManager : Event: ======'shutdown'====== Args={}
2025-09-17 21:19:18,948 : INFO : EventManager : Event: ======'mode_service_will_stop'====== Args={}
2025-09-17 21:19:18,950 : INFO : EventManager : Event: ======'mode_service_stopping'====== Args={}
2025-09-17 21:19:18,950 : INFO : Mode.service : Stopped.
2025-09-17 21:19:18,950 : INFO : EventManager : Event: ======'modes_active_modes_changed'====== Args={}
2025-09-17 21:19:18,950 : INFO : EventManager : Event: ======'mode_service_stopped'====== Args={}
2025-09-17 21:19:18,950 : INFO : EventManager : Event: ======'clear'====== Args={'key': 'service'}
2025-09-17 21:19:18,951 : INFO : EventManager : Event: ======'mode_game_will_stop'====== Args={}
2025-09-17 21:19:18,952 : INFO : EventManager : Event: ======'mode_game_stopping'====== Args={}
2025-09-17 21:19:18,952 : INFO : EventManager : Event: ======'mode_base_will_stop'====== Args={}
2025-09-17 21:19:18,953 : INFO : EventManager : Event: ======'mode_base_stopping'====== Args={}
2025-09-17 21:19:18,953 : INFO : EventManager : Event: ======'mode_bumpers_will_stop'====== Args={}
2025-09-17 21:19:18,953 : INFO : EventManager : Event: ======'mode_bumpers_stopping'====== Args={}
2025-09-17 21:19:18,953 : INFO : EventManager : Event: ======'stop_mode_bumpers'====== Args={'priority': 0}
2025-09-17 21:19:18,953 : INFO : Mode.bumpers : Stopped.
2025-09-17 21:19:18,953 : INFO : EventManager : Event: ======'modes_active_modes_changed'====== Args={}
2025-09-17 21:19:18,953 : INFO : EventManager : Event: ======'mode_bumpers_stopped'====== Args={}
2025-09-17 21:19:18,953 : INFO : EventManager : Event: ======'clear'====== Args={'key': 'bumpers'}
2025-09-17 21:19:18,954 : INFO : Mode.base : Stopped.
2025-09-17 21:19:18,954 : INFO : EventManager : Event: ======'modes_active_modes_changed'====== Args={}
2025-09-17 21:19:18,954 : INFO : EventManager : Event: ======'mode_base_stopped'====== Args={}
2025-09-17 21:19:18,954 : INFO : EventManager : Event: ======'clear'====== Args={'key': 'base'}
2025-09-17 21:19:18,954 : INFO : Mode.game : Stopped.
2025-09-17 21:19:18,954 : INFO : EventManager : Event: ======'modes_active_modes_changed'====== Args={}
2025-09-17 21:19:18,954 : INFO : EventManager : Event: ======'mode_game_stopped'====== Args={}
2025-09-17 21:19:18,955 : INFO : EventManager : Event: ======'clear'====== Args={'key': 'game'}
2025-09-17 21:19:18,959 : INFO : root : MPF run loop ended.
