2025-09-17 21:26:02,546 : INFO : root : Loading config.
2025-09-17 21:26:02,550 : INFO : YamlMultifileConfigLoader : Machine config file #1: config.yaml
2025-09-17 21:26:02,551 : INFO : ConfigProcessor : Loading config from cache: C:\Users\White\AppData\Local\Temp\cfa6ecba65704a931c9dd214c44986c8.mpf_cache
2025-09-17 21:26:02,552 : WARNING : ConfigProcessor : Config file in cache changed: C:\Users\White\Documents\Top_Gun_Pinball\config\config_switches.yaml
2025-09-17 21:26:02,552 : INFO : ConfigProcessor : Loading config from file C:\Users\White\mpf\Lib\site-packages\mpf\mpfconfig.yaml.
2025-09-17 21:26:02,564 : INFO : ConfigProcessor : Loading config: C:\Users\White\mpf\Lib\site-packages\mpf\mpfconfig.yaml
2025-09-17 21:26:02,565 : INFO : ConfigProcessor : Loading config from file C:\Users\White\Documents\Top_Gun_Pinball\config\config.yaml.
2025-09-17 21:26:02,567 : INFO : ConfigProcessor : Loading config: C:\Users\White\Documents\Top_Gun_Pinball\config\config.yaml
2025-09-17 21:26:02,569 : INFO : ConfigProcessor : Loading config: C:\Users\White\Documents\Top_Gun_Pinball\config\config_autofire_coils.yaml
2025-09-17 21:26:02,570 : INFO : ConfigProcessor : Loading config: C:\Users\White\Documents\Top_Gun_Pinball\config\config_ball_devices.yaml
2025-09-17 21:26:02,577 : INFO : ConfigProcessor : Loading config: C:\Users\White\Documents\Top_Gun_Pinball\config\config_coils.yaml
2025-09-17 21:26:02,579 : INFO : ConfigProcessor : Loading config: C:\Users\White\Documents\Top_Gun_Pinball\config\config_flippers.yaml
2025-09-17 21:26:02,581 : INFO : ConfigProcessor : Loading config: C:\Users\White\Documents\Top_Gun_Pinball\config\config_hardware_fast.yaml
2025-09-17 21:26:02,591 : INFO : ConfigProcessor : Loading config: C:\Users\White\Documents\Top_Gun_Pinball\config\config_lights.yaml
2025-09-17 21:26:02,613 : INFO : ConfigProcessor : Loading config: C:\Users\White\Documents\Top_Gun_Pinball\config\config_switches.yaml
2025-09-17 21:26:02,615 : INFO : ConfigProcessor : Loading config: C:\Users\White\Documents\Top_Gun_Pinball\config\variable_player.yaml
2025-09-17 21:26:02,619 : INFO : ConfigProcessor : Config file cache created: C:\Users\White\AppData\Local\Temp\cfa6ecba65704a931c9dd214c44986c8.mpf_cache
2025-09-17 21:26:02,722 : INFO : ConfigProcessor : Loading config from cache: C:\Users\White\AppData\Local\Temp\f98ffc0ff5962effface7d86bc406d5c.mpf_cache
2025-09-17 21:26:02,723 : INFO : ConfigProcessor : Loading config from cache: C:\Users\White\AppData\Local\Temp\91cc4d1c993c58dc354e34974b9cfeac.mpf_cache
2025-09-17 21:26:02,723 : INFO : ConfigProcessor : Loading config from cache: C:\Users\White\AppData\Local\Temp\f98ffc0ff5962effface7d86bc406d5c.mpf_cache
2025-09-17 21:26:02,724 : INFO : ConfigProcessor : Loading config from cache: C:\Users\White\AppData\Local\Temp\76792f1d686f89709887dba7bd69667a.mpf_cache
2025-09-17 21:26:02,725 : INFO : ConfigProcessor : Loading config from cache: C:\Users\White\AppData\Local\Temp\142bbae4707335cc8e3efaa4364c4893.mpf_cache
2025-09-17 21:26:02,727 : INFO : ConfigProcessor : Loading config from cache: C:\Users\White\AppData\Local\Temp\b4249e7b8f95e82c549b9263ef475a09.mpf_cache
2025-09-17 21:26:02,727 : INFO : Machine : Mission Pinball Framework Core Engine v0.80.0.dev9
2025-09-17 21:26:02,727 : INFO : Machine : Command line arguments: {'no_load_cache': False, 'create_config_cache': True, 'bcp': True, 'configfile': ['config.yaml'], 'force_assets_load': False, 'platform_integration_test': False, 'jsonlogging': False, 'logfile': 'logs\\2025-09-17-21-26-02-mpf-TopGunPinball.log', 'pause': False, 'production': False, 'text_ui': False, 'loglevel': 15, 'consoleloglevel': 20, 'force_platform': 'virtual', 'syslog_address': None, 'full_logfile_path': 'C:\\Users\\White\\Documents\\Top_Gun_Pinball\\logs\\2025-09-17-21-26-02-mpf-TopGunPinball.log'}
2025-09-17 21:26:02,728 : INFO : Machine : MPF path: C:\Users\White\mpf\Lib\site-packages\mpf
2025-09-17 21:26:02,728 : INFO : Machine : Machine path: C:\Users\White\Documents\Top_Gun_Pinball
2025-09-17 21:26:02,728 : INFO : Machine : Platform: win32
2025-09-17 21:26:02,728 : INFO : Machine : Python executable location: C:\Users\White\mpf\Scripts\python.exe
2025-09-17 21:26:02,728 : INFO : Machine : Python version: 3.12.7 (64-bit)
2025-09-17 21:26:02,730 : INFO : Machine : Initializing MPF...
2025-09-17 21:26:02,820 : INFO : EventManager : Event: ======'machine_var_credits_string'====== Args={'value': 'FREE PLAY', 'prev_value': None, 'change': True}
2025-09-17 21:26:02,849 : INFO : EventManager : Event: ======'machine_var_master_volume'====== Args={'value': 0.5, 'prev_value': None, 'change': True}
2025-09-17 21:26:02,849 : INFO : EventManager : Event: ======'machine_var_player1_score'====== Args={'value': 61000, 'prev_value': None, 'change': True}
2025-09-17 21:26:02,849 : INFO : EventManager : Event: ======'machine_var_player2_score'====== Args={'value': 73000, 'prev_value': None, 'change': True}
2025-09-17 21:26:02,849 : INFO : EventManager : Event: ======'machine_var_mpf_version'====== Args={'value': 'Mission Pinball Framework v0.80.0.dev9', 'prev_value': None, 'change': True}
2025-09-17 21:26:02,849 : INFO : EventManager : Event: ======'machine_var_mpf_extended_version'====== Args={'value': 'Mission Pinball Framework v0.80.0.dev9, Config version:6, Show version: 6, BCP version:1.1', 'prev_value': None, 'change': True}
2025-09-17 21:26:02,849 : INFO : EventManager : Event: ======'machine_var_python_version'====== Args={'value': '3.12.7', 'prev_value': None, 'change': True}
2025-09-17 21:26:02,997 : INFO : EventManager : Event: ======'machine_var_platform'====== Args={'value': 'Windows-11-10.0.26100-SP0', 'prev_value': None, 'change': True}
2025-09-17 21:26:02,999 : INFO : EventManager : Event: ======'machine_var_platform_system'====== Args={'value': 'Windows', 'prev_value': None, 'change': True}
2025-09-17 21:26:02,999 : INFO : EventManager : Event: ======'machine_var_platform_release'====== Args={'value': '11', 'prev_value': None, 'change': True}
2025-09-17 21:26:02,999 : INFO : EventManager : Event: ======'machine_var_platform_version'====== Args={'value': '10.0.26100', 'prev_value': None, 'change': True}
2025-09-17 21:26:02,999 : INFO : EventManager : Event: ======'machine_var_platform_machine'====== Args={'value': 'AMD64', 'prev_value': None, 'change': True}
2025-09-17 21:26:02,999 : INFO : EventManager : Event: ======'machine_var_log_file_path'====== Args={'value': 'C:\\Users\\White\\Documents\\Top_Gun_Pinball\\logs\\2025-09-17-21-26-02-mpf-TopGunPinball.log', 'prev_value': None, 'change': True}
2025-09-17 21:26:02,999 : INFO : EventManager : Event: ======'init_phase_1'====== Args={}
2025-09-17 21:26:03,046 : INFO : EventManager : Event: ======'init_phase_2'====== Args={}
2025-09-17 21:26:03,047 : INFO : SwitchController : Found active switch: ('playfield_board_lower-3208-0', <Platform.Virtual>) <switch.s_trough_1>
2025-09-17 21:26:03,047 : INFO : SwitchController : Found active switch: ('playfield_board_lower-3208-1', <Platform.Virtual>) <switch.s_trough_2>
2025-09-17 21:26:03,047 : INFO : SwitchController : Found active switch: ('playfield_board_lower-3208-2', <Platform.Virtual>) <switch.s_trough_3>
2025-09-17 21:26:03,047 : INFO : SwitchController : Found active switch: ('playfield_board_lower-3208-3', <Platform.Virtual>) <switch.s_trough_4>
2025-09-17 21:26:03,047 : INFO : SwitchController : Found active switch: ('playfield_board_lower-3208-4', <Platform.Virtual>) <switch.s_trough_5>
2025-09-17 21:26:03,047 : INFO : SwitchController : Found active switch: ('playfield_board_lower-3208-5', <Platform.Virtual>) <switch.s_trough_6>
2025-09-17 21:26:03,049 : INFO : EventManager : Event: ======'bcp_connection_attempt'====== Args={'name': 'local_display', 'host': 'localhost', 'port': 5050}
2025-09-17 21:26:03,051 : INFO : BCPClientSocket : Connecting BCP to 'local_display' at localhost:5050...
2025-09-17 21:26:03,064 : INFO : BCPClientSocket : Connected BCP to 'local_display' localhost:5050
2025-09-17 21:26:03,064 : INFO : EventManager : Event: ======'bcp_clients_connected'====== Args={}
2025-09-17 21:26:03,065 : INFO : ball_device.bd_plunger : BCH: Initial count: 0
2025-09-17 21:26:03,065 : INFO : ball_device.bd_plunger : State: idle
2025-09-17 21:26:03,065 : INFO : ball_device.bd_trough : BCH: Initial count: 6
2025-09-17 21:26:03,065 : INFO : ball_device.bd_trough : State: idle
2025-09-17 21:26:03,066 : INFO : ball_device.bd_lock_elevator : BCH: Initial count: 0
2025-09-17 21:26:03,066 : INFO : ball_device.bd_lock_elevator : State: idle
2025-09-17 21:26:03,066 : INFO : ball_device.bd_mode_scoop : BCH: Initial count: 0
2025-09-17 21:26:03,066 : INFO : ball_device.bd_mode_scoop : State: idle
2025-09-17 21:26:03,081 : INFO : EventManager : Event: ======'init_phase_3'====== Args={}
2025-09-17 21:26:03,083 : INFO : EventManager : Event: ======'init_phase_4'====== Args={}
2025-09-17 21:26:03,083 : INFO : BallController : Initial balls found: 6
2025-09-17 21:26:03,101 : INFO : EventManager : Event: ======'machine_var_audits_events_game_ended'====== Args={'value': 1, 'prev_value': None, 'change': True}
2025-09-17 21:26:03,101 : INFO : EventManager : Event: ======'machine_var_audits_events_game_started'====== Args={'value': 121, 'prev_value': None, 'change': True}
2025-09-17 21:26:03,101 : INFO : EventManager : Event: ======'machine_var_audits_missing_switches_s_a_iceman_target'====== Args={'value': 7, 'prev_value': None, 'change': True}
2025-09-17 21:26:03,102 : INFO : EventManager : Event: ======'machine_var_audits_missing_switches_s_barrier_target'====== Args={'value': 5, 'prev_value': None, 'change': True}
2025-09-17 21:26:03,102 : INFO : EventManager : Event: ======'machine_var_audits_missing_switches_s_bumper_center'====== Args={'value': 4, 'prev_value': None, 'change': True}
2025-09-17 21:26:03,102 : INFO : EventManager : Event: ======'machine_var_audits_missing_switches_s_bumper_left'====== Args={'value': 4, 'prev_value': None, 'change': True}
2025-09-17 21:26:03,102 : INFO : EventManager : Event: ======'machine_var_audits_missing_switches_s_bumper_right'====== Args={'value': 5, 'prev_value': None, 'change': True}
2025-09-17 21:26:03,102 : INFO : EventManager : Event: ======'machine_var_audits_missing_switches_s_c_lock_target'====== Args={'value': 5, 'prev_value': None, 'change': True}
2025-09-17 21:26:03,102 : INFO : EventManager : Event: ======'machine_var_audits_missing_switches_s_coin_door'====== Args={'value': 8, 'prev_value': None, 'change': True}
2025-09-17 21:26:03,102 : INFO : EventManager : Event: ======'machine_var_audits_missing_switches_s_coin_door_service_1'====== Args={'value': 8, 'prev_value': None, 'change': True}
2025-09-17 21:26:03,102 : INFO : EventManager : Event: ======'machine_var_audits_missing_switches_s_coin_door_service_2'====== Args={'value': 8, 'prev_value': None, 'change': True}
2025-09-17 21:26:03,102 : INFO : EventManager : Event: ======'machine_var_audits_missing_switches_s_coin_door_service_3'====== Args={'value': 8, 'prev_value': None, 'change': True}
2025-09-17 21:26:03,102 : INFO : EventManager : Event: ======'machine_var_audits_missing_switches_s_coin_door_service_4'====== Args={'value': 8, 'prev_value': None, 'change': True}
2025-09-17 21:26:03,102 : INFO : EventManager : Event: ======'machine_var_audits_missing_switches_s_flight_gear_target'====== Args={'value': 5, 'prev_value': None, 'change': True}
2025-09-17 21:26:03,102 : INFO : EventManager : Event: ======'machine_var_audits_missing_switches_s_flipper_left'====== Args={'value': 66, 'prev_value': None, 'change': True}
2025-09-17 21:26:03,102 : INFO : EventManager : Event: ======'machine_var_audits_missing_switches_s_flipper_left_eos'====== Args={'value': 68, 'prev_value': None, 'change': True}
2025-09-17 21:26:03,102 : INFO : EventManager : Event: ======'machine_var_audits_missing_switches_s_flipper_left_upper'====== Args={'value': 70, 'prev_value': None, 'change': True}
2025-09-17 21:26:03,102 : INFO : EventManager : Event: ======'machine_var_audits_missing_switches_s_flipper_left_upper_eos'====== Args={'value': 68, 'prev_value': None, 'change': True}
2025-09-17 21:26:03,102 : INFO : EventManager : Event: ======'machine_var_audits_missing_switches_s_flipper_right'====== Args={'value': 4, 'prev_value': None, 'change': True}
2025-09-17 21:26:03,102 : INFO : EventManager : Event: ======'machine_var_audits_missing_switches_s_flipper_right_eos'====== Args={'value': 68, 'prev_value': None, 'change': True}
2025-09-17 21:26:03,102 : INFO : EventManager : Event: ======'machine_var_audits_missing_switches_s_i_iceman_target'====== Args={'value': 5, 'prev_value': None, 'change': True}
2025-09-17 21:26:03,102 : INFO : EventManager : Event: ======'machine_var_audits_missing_switches_s_inlane_left'====== Args={'value': 1, 'prev_value': None, 'change': True}
2025-09-17 21:26:03,102 : INFO : EventManager : Event: ======'machine_var_audits_missing_switches_s_inner_inlane_right'====== Args={'value': 5, 'prev_value': None, 'change': True}
2025-09-17 21:26:03,102 : INFO : EventManager : Event: ======'machine_var_audits_missing_switches_s_jam'====== Args={'value': 7, 'prev_value': None, 'change': True}
2025-09-17 21:26:03,102 : INFO : EventManager : Event: ======'machine_var_audits_missing_switches_s_k_lock_target'====== Args={'value': 5, 'prev_value': None, 'change': True}
2025-09-17 21:26:03,102 : INFO : EventManager : Event: ======'machine_var_audits_missing_switches_s_l_lock_target'====== Args={'value': 5, 'prev_value': None, 'change': True}
2025-09-17 21:26:03,103 : INFO : EventManager : Event: ======'machine_var_audits_missing_switches_s_lane_left'====== Args={'value': 120, 'prev_value': None, 'change': True}
2025-09-17 21:26:03,103 : INFO : EventManager : Event: ======'machine_var_audits_missing_switches_s_lane_right'====== Args={'value': 70, 'prev_value': None, 'change': True}
2025-09-17 21:26:03,103 : INFO : EventManager : Event: ======'machine_var_audits_missing_switches_s_lock_goose'====== Args={'value': 70, 'prev_value': None, 'change': True}
2025-09-17 21:26:03,103 : INFO : EventManager : Event: ======'machine_var_audits_missing_switches_s_lock_mav'====== Args={'value': 70, 'prev_value': None, 'change': True}
2025-09-17 21:26:03,103 : INFO : EventManager : Event: ======'machine_var_audits_missing_switches_s_lock_plunger'====== Args={'value': 70, 'prev_value': None, 'change': True}
2025-09-17 21:26:03,103 : INFO : EventManager : Event: ======'machine_var_audits_missing_switches_s_m_iceman_target'====== Args={'value': 7, 'prev_value': None, 'change': True}
2025-09-17 21:26:03,103 : INFO : EventManager : Event: ======'machine_var_audits_missing_switches_s_mig_lane_left'====== Args={'value': 70, 'prev_value': None, 'change': True}
2025-09-17 21:26:03,103 : INFO : EventManager : Event: ======'machine_var_audits_missing_switches_s_mig_lane_right'====== Args={'value': 70, 'prev_value': None, 'change': True}
2025-09-17 21:26:03,103 : INFO : EventManager : Event: ======'machine_var_audits_missing_switches_s_mode_start'====== Args={'value': 70, 'prev_value': None, 'change': True}
2025-09-17 21:26:03,103 : INFO : EventManager : Event: ======'machine_var_audits_missing_switches_s_n_iceman_target'====== Args={'value': 7, 'prev_value': None, 'change': True}
2025-09-17 21:26:03,103 : INFO : EventManager : Event: ======'machine_var_audits_missing_switches_s_o_lock_target'====== Args={'value': 5, 'prev_value': None, 'change': True}
2025-09-17 21:26:03,103 : INFO : EventManager : Event: ======'machine_var_audits_missing_switches_s_orbit_left'====== Args={'value': 5, 'prev_value': None, 'change': True}
2025-09-17 21:26:03,103 : INFO : EventManager : Event: ======'machine_var_audits_missing_switches_s_orbit_lower'====== Args={'value': 70, 'prev_value': None, 'change': True}
2025-09-17 21:26:03,103 : INFO : EventManager : Event: ======'machine_var_audits_missing_switches_s_orbit_right'====== Args={'value': 70, 'prev_value': None, 'change': True}
2025-09-17 21:26:03,103 : INFO : EventManager : Event: ======'machine_var_audits_missing_switches_s_orbit_upper'====== Args={'value': 70, 'prev_value': None, 'change': True}
2025-09-17 21:26:03,103 : INFO : EventManager : Event: ======'machine_var_audits_missing_switches_s_outer_inlane_right'====== Args={'value': 3, 'prev_value': None, 'change': True}
2025-09-17 21:26:03,103 : INFO : EventManager : Event: ======'machine_var_audits_missing_switches_s_outlane_left'====== Args={'value': 70, 'prev_value': None, 'change': True}
2025-09-17 21:26:03,103 : INFO : EventManager : Event: ======'machine_var_audits_missing_switches_s_outlane_right'====== Args={'value': 7, 'prev_value': None, 'change': True}
2025-09-17 21:26:03,103 : INFO : EventManager : Event: ======'machine_var_audits_missing_switches_s_plunger_lane'====== Args={'value': 7, 'prev_value': None, 'change': True}
2025-09-17 21:26:03,103 : INFO : EventManager : Event: ======'machine_var_audits_missing_switches_s_ramp_inner_exit'====== Args={'value': 70, 'prev_value': None, 'change': True}
2025-09-17 21:26:03,103 : INFO : EventManager : Event: ======'machine_var_audits_missing_switches_s_ramp_left_exit'====== Args={'value': 70, 'prev_value': None, 'change': True}
2025-09-17 21:26:03,103 : INFO : EventManager : Event: ======'machine_var_audits_missing_switches_s_ramp_right_exit'====== Args={'value': 70, 'prev_value': None, 'change': True}
2025-09-17 21:26:03,103 : INFO : EventManager : Event: ======'machine_var_audits_missing_switches_s_ramp_tower_exit'====== Args={'value': 70, 'prev_value': None, 'change': True}
2025-09-17 21:26:03,104 : INFO : EventManager : Event: ======'machine_var_audits_missing_switches_s_slingshot_left'====== Args={'value': 5, 'prev_value': None, 'change': True}
2025-09-17 21:26:03,104 : INFO : EventManager : Event: ======'machine_var_audits_missing_switches_s_slingshot_right'====== Args={'value': 5, 'prev_value': None, 'change': True}
2025-09-17 21:26:03,104 : INFO : EventManager : Event: ======'machine_var_audits_missing_switches_s_spinner'====== Args={'value': 70, 'prev_value': None, 'change': True}
2025-09-17 21:26:03,104 : INFO : EventManager : Event: ======'machine_var_audits_missing_switches_s_start'====== Args={'value': 10, 'prev_value': None, 'change': True}
2025-09-17 21:26:03,104 : INFO : EventManager : Event: ======'machine_var_audits_missing_switches_s_tilt'====== Args={'value': 8, 'prev_value': None, 'change': True}
2025-09-17 21:26:03,104 : INFO : EventManager : Event: ======'machine_var_audits_missing_switches_s_trough_1'====== Args={'value': 46, 'prev_value': None, 'change': True}
2025-09-17 21:26:03,104 : INFO : EventManager : Event: ======'machine_var_audits_missing_switches_s_trough_2'====== Args={'value': 46, 'prev_value': None, 'change': True}
2025-09-17 21:26:03,104 : INFO : EventManager : Event: ======'machine_var_audits_missing_switches_s_trough_3'====== Args={'value': 46, 'prev_value': None, 'change': True}
2025-09-17 21:26:03,104 : INFO : EventManager : Event: ======'machine_var_audits_missing_switches_s_trough_4'====== Args={'value': 121, 'prev_value': None, 'change': True}
2025-09-17 21:26:03,104 : INFO : EventManager : Event: ======'machine_var_audits_missing_switches_s_trough_5'====== Args={'value': 121, 'prev_value': None, 'change': True}
2025-09-17 21:26:03,104 : INFO : EventManager : Event: ======'machine_var_audits_missing_switches_s_trough_6'====== Args={'value': 7, 'prev_value': None, 'change': True}
2025-09-17 21:26:03,104 : INFO : EventManager : Event: ======'machine_var_audits_player_score'====== Args={'value': {'average': 67000, 'top': [73000, 61000], 'total': 2}, 'prev_value': None, 'change': True}
2025-09-17 21:26:03,104 : INFO : EventManager : Event: ======'machine_var_audits_shots_bumper_center'====== Args={'value': 456, 'prev_value': None, 'change': True}
2025-09-17 21:26:03,104 : INFO : EventManager : Event: ======'machine_var_audits_shots_bumper_left'====== Args={'value': 462, 'prev_value': None, 'change': True}
2025-09-17 21:26:03,104 : INFO : EventManager : Event: ======'machine_var_audits_shots_bumper_right'====== Args={'value': 339, 'prev_value': None, 'change': True}
2025-09-17 21:26:03,104 : INFO : EventManager : Event: ======'machine_var_audits_switches_s_a_iceman_target'====== Args={'value': 24, 'prev_value': None, 'change': True}
2025-09-17 21:26:03,104 : INFO : EventManager : Event: ======'machine_var_audits_switches_s_barrier_target'====== Args={'value': 6, 'prev_value': None, 'change': True}
2025-09-17 21:26:03,104 : INFO : EventManager : Event: ======'machine_var_audits_switches_s_bumper_center'====== Args={'value': 469, 'prev_value': None, 'change': True}
2025-09-17 21:26:03,104 : INFO : EventManager : Event: ======'machine_var_audits_switches_s_bumper_left'====== Args={'value': 477, 'prev_value': None, 'change': True}
2025-09-17 21:26:03,104 : INFO : EventManager : Event: ======'machine_var_audits_switches_s_bumper_right'====== Args={'value': 343, 'prev_value': None, 'change': True}
2025-09-17 21:26:03,104 : INFO : EventManager : Event: ======'machine_var_audits_switches_s_c_iceman_target'====== Args={'value': 36, 'prev_value': None, 'change': True}
2025-09-17 21:26:03,104 : INFO : EventManager : Event: ======'machine_var_audits_switches_s_c_lock_target'====== Args={'value': 4, 'prev_value': None, 'change': True}
2025-09-17 21:26:03,104 : INFO : EventManager : Event: ======'machine_var_audits_switches_s_coin_door'====== Args={'value': 0, 'prev_value': None, 'change': True}
2025-09-17 21:26:03,104 : INFO : EventManager : Event: ======'machine_var_audits_switches_s_coin_door_service_1'====== Args={'value': 0, 'prev_value': None, 'change': True}
2025-09-17 21:26:03,105 : INFO : EventManager : Event: ======'machine_var_audits_switches_s_coin_door_service_2'====== Args={'value': 0, 'prev_value': None, 'change': True}
2025-09-17 21:26:03,105 : INFO : EventManager : Event: ======'machine_var_audits_switches_s_coin_door_service_3'====== Args={'value': 0, 'prev_value': None, 'change': True}
2025-09-17 21:26:03,105 : INFO : EventManager : Event: ======'machine_var_audits_switches_s_coin_door_service_4'====== Args={'value': 0, 'prev_value': None, 'change': True}
2025-09-17 21:26:03,105 : INFO : EventManager : Event: ======'machine_var_audits_switches_s_e_iceman_target'====== Args={'value': 40, 'prev_value': None, 'change': True}
2025-09-17 21:26:03,105 : INFO : EventManager : Event: ======'machine_var_audits_switches_s_flight_gear_target'====== Args={'value': 6, 'prev_value': None, 'change': True}
2025-09-17 21:26:03,105 : INFO : EventManager : Event: ======'machine_var_audits_switches_s_flipper_left'====== Args={'value': 9, 'prev_value': None, 'change': True}
2025-09-17 21:26:03,105 : INFO : EventManager : Event: ======'machine_var_audits_switches_s_flipper_left_eos'====== Args={'value': 0, 'prev_value': None, 'change': True}
2025-09-17 21:26:03,105 : INFO : EventManager : Event: ======'machine_var_audits_switches_s_flipper_left_upper'====== Args={'value': 0, 'prev_value': None, 'change': True}
2025-09-17 21:26:03,105 : INFO : EventManager : Event: ======'machine_var_audits_switches_s_flipper_left_upper_eos'====== Args={'value': 0, 'prev_value': None, 'change': True}
2025-09-17 21:26:03,105 : INFO : EventManager : Event: ======'machine_var_audits_switches_s_flipper_right'====== Args={'value': 17, 'prev_value': None, 'change': True}
2025-09-17 21:26:03,105 : INFO : EventManager : Event: ======'machine_var_audits_switches_s_flipper_right_eos'====== Args={'value': 0, 'prev_value': None, 'change': True}
2025-09-17 21:26:03,105 : INFO : EventManager : Event: ======'machine_var_audits_switches_s_i_iceman_target'====== Args={'value': 2, 'prev_value': None, 'change': True}
2025-09-17 21:26:03,105 : INFO : EventManager : Event: ======'machine_var_audits_switches_s_inlane_left'====== Args={'value': 53, 'prev_value': None, 'change': True}
2025-09-17 21:26:03,105 : INFO : EventManager : Event: ======'machine_var_audits_switches_s_inner_inlane_right'====== Args={'value': 3, 'prev_value': None, 'change': True}
2025-09-17 21:26:03,105 : INFO : EventManager : Event: ======'machine_var_audits_switches_s_jam'====== Args={'value': 1, 'prev_value': None, 'change': True}
2025-09-17 21:26:03,105 : INFO : EventManager : Event: ======'machine_var_audits_switches_s_k_lock_target'====== Args={'value': 5, 'prev_value': None, 'change': True}
2025-09-17 21:26:03,105 : INFO : EventManager : Event: ======'machine_var_audits_switches_s_l_lock_target'====== Args={'value': 5, 'prev_value': None, 'change': True}
2025-09-17 21:26:03,105 : INFO : EventManager : Event: ======'machine_var_audits_switches_s_lane_left'====== Args={'value': 1, 'prev_value': None, 'change': True}
2025-09-17 21:26:03,105 : INFO : EventManager : Event: ======'machine_var_audits_switches_s_lane_right'====== Args={'value': 0, 'prev_value': None, 'change': True}
2025-09-17 21:26:03,105 : INFO : EventManager : Event: ======'machine_var_audits_switches_s_lock_goose'====== Args={'value': 0, 'prev_value': None, 'change': True}
2025-09-17 21:26:03,105 : INFO : EventManager : Event: ======'machine_var_audits_switches_s_lock_mav'====== Args={'value': 0, 'prev_value': None, 'change': True}
2025-09-17 21:26:03,105 : INFO : EventManager : Event: ======'machine_var_audits_switches_s_lock_plunger'====== Args={'value': 0, 'prev_value': None, 'change': True}
2025-09-17 21:26:03,105 : INFO : EventManager : Event: ======'machine_var_audits_switches_s_m_iceman_target'====== Args={'value': 24, 'prev_value': None, 'change': True}
2025-09-17 21:26:03,105 : INFO : EventManager : Event: ======'machine_var_audits_switches_s_mig_lane_left'====== Args={'value': 0, 'prev_value': None, 'change': True}
2025-09-17 21:26:03,106 : INFO : EventManager : Event: ======'machine_var_audits_switches_s_mig_lane_right'====== Args={'value': 0, 'prev_value': None, 'change': True}
2025-09-17 21:26:03,106 : INFO : EventManager : Event: ======'machine_var_audits_switches_s_mode_start'====== Args={'value': 0, 'prev_value': None, 'change': True}
2025-09-17 21:26:03,106 : INFO : EventManager : Event: ======'machine_var_audits_switches_s_n_iceman_target'====== Args={'value': 32, 'prev_value': None, 'change': True}
2025-09-17 21:26:03,106 : INFO : EventManager : Event: ======'machine_var_audits_switches_s_o_lock_target'====== Args={'value': 5, 'prev_value': None, 'change': True}
2025-09-17 21:26:03,106 : INFO : EventManager : Event: ======'machine_var_audits_switches_s_orbit_left'====== Args={'value': 7, 'prev_value': None, 'change': True}
2025-09-17 21:26:03,106 : INFO : EventManager : Event: ======'machine_var_audits_switches_s_orbit_lower'====== Args={'value': 0, 'prev_value': None, 'change': True}
2025-09-17 21:26:03,106 : INFO : EventManager : Event: ======'machine_var_audits_switches_s_orbit_right'====== Args={'value': 0, 'prev_value': None, 'change': True}
2025-09-17 21:26:03,106 : INFO : EventManager : Event: ======'machine_var_audits_switches_s_orbit_upper'====== Args={'value': 0, 'prev_value': None, 'change': True}
2025-09-17 21:26:03,106 : INFO : EventManager : Event: ======'machine_var_audits_switches_s_outer_inlane_right'====== Args={'value': 5, 'prev_value': None, 'change': True}
2025-09-17 21:26:03,106 : INFO : EventManager : Event: ======'machine_var_audits_switches_s_outlane_left'====== Args={'value': 0, 'prev_value': None, 'change': True}
2025-09-17 21:26:03,106 : INFO : EventManager : Event: ======'machine_var_audits_switches_s_outlane_right'====== Args={'value': 4, 'prev_value': None, 'change': True}
2025-09-17 21:26:03,106 : INFO : EventManager : Event: ======'machine_var_audits_switches_s_plunger_lane'====== Args={'value': 46, 'prev_value': None, 'change': True}
2025-09-17 21:26:03,106 : INFO : EventManager : Event: ======'machine_var_audits_switches_s_ramp_inner_exit'====== Args={'value': 0, 'prev_value': None, 'change': True}
2025-09-17 21:26:03,106 : INFO : EventManager : Event: ======'machine_var_audits_switches_s_ramp_left_exit'====== Args={'value': 0, 'prev_value': None, 'change': True}
2025-09-17 21:26:03,106 : INFO : EventManager : Event: ======'machine_var_audits_switches_s_ramp_right_exit'====== Args={'value': 0, 'prev_value': None, 'change': True}
2025-09-17 21:26:03,106 : INFO : EventManager : Event: ======'machine_var_audits_switches_s_ramp_tower_exit'====== Args={'value': 0, 'prev_value': None, 'change': True}
2025-09-17 21:26:03,106 : INFO : EventManager : Event: ======'machine_var_audits_switches_s_slingshot_left'====== Args={'value': 8, 'prev_value': None, 'change': True}
2025-09-17 21:26:03,106 : INFO : EventManager : Event: ======'machine_var_audits_switches_s_slingshot_right'====== Args={'value': 7, 'prev_value': None, 'change': True}
2025-09-17 21:26:03,106 : INFO : EventManager : Event: ======'machine_var_audits_switches_s_spinner'====== Args={'value': 0, 'prev_value': None, 'change': True}
2025-09-17 21:26:03,106 : INFO : EventManager : Event: ======'machine_var_audits_switches_s_start'====== Args={'value': 134, 'prev_value': None, 'change': True}
2025-09-17 21:26:03,106 : INFO : EventManager : Event: ======'machine_var_audits_switches_s_tilt'====== Args={'value': 0, 'prev_value': None, 'change': True}
2025-09-17 21:26:03,106 : INFO : EventManager : Event: ======'machine_var_audits_switches_s_trough_1'====== Args={'value': 2, 'prev_value': None, 'change': True}
2025-09-17 21:26:03,106 : INFO : EventManager : Event: ======'machine_var_audits_switches_s_trough_2'====== Args={'value': 1, 'prev_value': None, 'change': True}
2025-09-17 21:26:03,106 : INFO : EventManager : Event: ======'machine_var_audits_switches_s_trough_3'====== Args={'value': 1, 'prev_value': None, 'change': True}
2025-09-17 21:26:03,107 : INFO : EventManager : Event: ======'machine_var_audits_switches_s_trough_4'====== Args={'value': 0, 'prev_value': None, 'change': True}
2025-09-17 21:26:03,107 : INFO : EventManager : Event: ======'machine_var_audits_switches_s_trough_5'====== Args={'value': 0, 'prev_value': None, 'change': True}
2025-09-17 21:26:03,107 : INFO : EventManager : Event: ======'machine_var_audits_switches_s_trough_6'====== Args={'value': 61, 'prev_value': None, 'change': True}
2025-09-17 21:26:03,107 : INFO : EventManager : Event: ======'init_phase_5'====== Args={}
2025-09-17 21:26:03,107 : INFO : EventManager : Event: ======'init_done'====== Args={}
2025-09-17 21:26:03,107 : INFO : EventManager : Event: ======'machine_reset_phase_1'====== Args={}
2025-09-17 21:26:03,116 : INFO : EventManager : Event: ======'machine_reset_phase_2'====== Args={}
2025-09-17 21:26:03,116 : INFO : EventManager : Event: ======'machine_reset_phase_3'====== Args={}
2025-09-17 21:26:03,116 : INFO : EventManager : Event: ======'reset_complete'====== Args={}
2025-09-17 21:26:03,116 : INFO : EventManager : Event: ======'mode_service_will_start'====== Args={}
2025-09-17 21:26:03,117 : INFO : EventManager : Event: ======'mode_service_starting'====== Args={}
2025-09-17 21:26:03,117 : INFO : EventManager : Event: ======'mode_attract_will_start'====== Args={}
2025-09-17 21:26:03,117 : INFO : Timer.attract_carousel_timer : Starting Timer.
2025-09-17 21:26:03,117 : INFO : EventManager : Event: ======'timer_attract_carousel_timer_started'====== Args={'ticks': 0, 'ticks_remaining': 1}
2025-09-17 21:26:03,117 : INFO : EventManager : Event: ======'timer_attract_carousel_timer_tick'====== Args={'ticks': 0, 'ticks_remaining': 1}
2025-09-17 21:26:03,119 : INFO : EventManager : Event: ======'mode_attract_starting'====== Args={}
2025-09-17 21:26:03,119 : INFO : Mode.attract : Started. Priority: 10
2025-09-17 21:26:03,119 : INFO : EventManager : Event: ======'modes_active_modes_changed'====== Args={}
2025-09-17 21:26:03,119 : INFO : EventManager : Event: ======'mode_attract_started'====== Args={}
2025-09-17 21:26:03,120 : INFO : EventManager : Event: ======'collecting_balls_complete'====== Args={}
2025-09-17 21:26:03,120 : INFO : EventManager : Event: ======'item_highlighted'====== Args={'carousel': 'attract', 'direction': None, 'item': 'title'}
2025-09-17 21:26:03,120 : INFO : EventManager : Event: ======'timer_attract_carousel_timer_tick'====== Args={'ticks': 0, 'ticks_remaining': 1}
2025-09-17 21:26:03,120 : INFO : Mode.service : Started. Priority: 100000
2025-09-17 21:26:03,120 : INFO : EventManager : Event: ======'modes_active_modes_changed'====== Args={}
2025-09-17 21:26:03,120 : INFO : EventManager : Event: ======'mode_service_started'====== Args={}
2025-09-17 21:26:03,121 : INFO : Machine : Starting the main run loop with active modes: [<Mode.service>, <Mode.attract>]
2025-09-17 21:26:03,195 : INFO : EventManager : Event: ======'slide_attract_created'====== Args={'_from_bcp': True}
2025-09-17 21:26:03,195 : INFO : EventManager : Event: ======'slide__removed'====== Args={'_from_bcp': True}
2025-09-17 21:26:03,195 : INFO : EventManager : Event: ======'slide_attract_active'====== Args={'original_context': 'attract', 'original_calling_context': 'mode_attract_started', 'priority': 10.0, 'cmd': 'slides_play', '_from_bcp': True}
2025-09-17 21:26:06,362 : INFO : SwitchController : <<<<<<< 's_flipper_right' active >>>>>>>
2025-09-17 21:26:06,362 : INFO : EventManager : Event: ======'s_flipper_right_active'====== Args={}
2025-09-17 21:26:06,363 : INFO : EventManager : Event: ======'item_highlighted'====== Args={'carousel': 'attract', 'direction': 'forwards', 'item': 'presented_by'}
2025-09-17 21:26:06,363 : INFO : EventManager : Event: ======'timer_attract_carousel_timer_tick'====== Args={'ticks': 0, 'ticks_remaining': 1}
2025-09-17 21:26:06,478 : INFO : SwitchController : <<<<<<< 's_flipper_right' inactive >>>>>>>
2025-09-17 21:26:06,478 : INFO : EventManager : Event: ======'sw_right_flipper_inactive'====== Args={}
2025-09-17 21:26:06,613 : INFO : SwitchController : <<<<<<< 's_flipper_right' active >>>>>>>
2025-09-17 21:26:06,613 : INFO : EventManager : Event: ======'s_flipper_right_active'====== Args={}
2025-09-17 21:26:06,613 : INFO : EventManager : Event: ======'item_highlighted'====== Args={'carousel': 'attract', 'direction': 'forwards', 'item': 'hotrod_pinball_logo'}
2025-09-17 21:26:06,614 : INFO : EventManager : Event: ======'timer_attract_carousel_timer_tick'====== Args={'ticks': 0, 'ticks_remaining': 1}
2025-09-17 21:26:06,763 : INFO : SwitchController : <<<<<<< 's_flipper_right' inactive >>>>>>>
2025-09-17 21:26:06,763 : INFO : EventManager : Event: ======'sw_right_flipper_inactive'====== Args={}
2025-09-17 21:26:07,063 : INFO : SwitchController : <<<<<<< 's_flipper_right' active >>>>>>>
2025-09-17 21:26:07,063 : INFO : EventManager : Event: ======'s_flipper_right_active'====== Args={}
2025-09-17 21:26:07,064 : INFO : EventManager : Event: ======'item_highlighted'====== Args={'carousel': 'attract', 'direction': 'forwards', 'item': 'mpf_logo'}
2025-09-17 21:26:07,064 : INFO : EventManager : Event: ======'timer_attract_carousel_timer_tick'====== Args={'ticks': 0, 'ticks_remaining': 1}
2025-09-17 21:26:07,179 : INFO : SwitchController : <<<<<<< 's_flipper_right' inactive >>>>>>>
2025-09-17 21:26:07,179 : INFO : EventManager : Event: ======'sw_right_flipper_inactive'====== Args={}
2025-09-17 21:26:07,379 : INFO : SwitchController : <<<<<<< 's_flipper_right' active >>>>>>>
2025-09-17 21:26:07,379 : INFO : EventManager : Event: ======'s_flipper_right_active'====== Args={}
2025-09-17 21:26:07,379 : INFO : EventManager : Event: ======'item_highlighted'====== Args={'carousel': 'attract', 'direction': 'forwards', 'item': 'credits'}
2025-09-17 21:26:07,381 : INFO : EventManager : Event: ======'timer_attract_carousel_timer_tick'====== Args={'ticks': 0, 'ticks_remaining': 1}
2025-09-17 21:26:07,546 : INFO : SwitchController : <<<<<<< 's_flipper_right' inactive >>>>>>>
2025-09-17 21:26:07,547 : INFO : EventManager : Event: ======'sw_right_flipper_inactive'====== Args={}
2025-09-17 21:26:07,764 : INFO : SwitchController : <<<<<<< 's_flipper_right' active >>>>>>>
2025-09-17 21:26:07,764 : INFO : EventManager : Event: ======'s_flipper_right_active'====== Args={}
2025-09-17 21:26:07,764 : INFO : EventManager : Event: ======'item_highlighted'====== Args={'carousel': 'attract', 'direction': 'forwards', 'item': 'last_scores_2p'}
2025-09-17 21:26:07,764 : INFO : EventManager : Event: ======'timer_attract_carousel_timer_tick'====== Args={'ticks': 0, 'ticks_remaining': 1}
2025-09-17 21:26:07,880 : INFO : SwitchController : <<<<<<< 's_flipper_right' inactive >>>>>>>
2025-09-17 21:26:07,880 : INFO : EventManager : Event: ======'sw_right_flipper_inactive'====== Args={}
2025-09-17 21:26:08,047 : INFO : SwitchController : <<<<<<< 's_flipper_right' active >>>>>>>
2025-09-17 21:26:08,047 : INFO : EventManager : Event: ======'s_flipper_right_active'====== Args={}
2025-09-17 21:26:08,047 : INFO : EventManager : Event: ======'item_highlighted'====== Args={'carousel': 'attract', 'direction': 'forwards', 'item': 'title'}
2025-09-17 21:26:08,047 : INFO : EventManager : Event: ======'timer_attract_carousel_timer_tick'====== Args={'ticks': 0, 'ticks_remaining': 1}
2025-09-17 21:26:08,180 : INFO : SwitchController : <<<<<<< 's_flipper_right' inactive >>>>>>>
2025-09-17 21:26:08,180 : INFO : EventManager : Event: ======'sw_right_flipper_inactive'====== Args={}
2025-09-17 21:26:08,381 : INFO : SwitchController : <<<<<<< 's_flipper_right' active >>>>>>>
2025-09-17 21:26:08,381 : INFO : EventManager : Event: ======'s_flipper_right_active'====== Args={}
2025-09-17 21:26:08,381 : INFO : EventManager : Event: ======'item_highlighted'====== Args={'carousel': 'attract', 'direction': 'forwards', 'item': 'presented_by'}
2025-09-17 21:26:08,381 : INFO : EventManager : Event: ======'timer_attract_carousel_timer_tick'====== Args={'ticks': 0, 'ticks_remaining': 1}
2025-09-17 21:26:08,532 : INFO : SwitchController : <<<<<<< 's_flipper_right' inactive >>>>>>>
2025-09-17 21:26:08,532 : INFO : EventManager : Event: ======'sw_right_flipper_inactive'====== Args={}
2025-09-17 21:26:08,848 : INFO : SwitchController : <<<<<<< 's_flipper_right' active >>>>>>>
2025-09-17 21:26:08,848 : INFO : EventManager : Event: ======'s_flipper_right_active'====== Args={}
2025-09-17 21:26:08,848 : INFO : EventManager : Event: ======'item_highlighted'====== Args={'carousel': 'attract', 'direction': 'forwards', 'item': 'hotrod_pinball_logo'}
2025-09-17 21:26:08,849 : INFO : EventManager : Event: ======'timer_attract_carousel_timer_tick'====== Args={'ticks': 0, 'ticks_remaining': 1}
2025-09-17 21:26:08,965 : INFO : SwitchController : <<<<<<< 's_flipper_right' inactive >>>>>>>
2025-09-17 21:26:08,965 : INFO : EventManager : Event: ======'sw_right_flipper_inactive'====== Args={}
2025-09-17 21:26:09,065 : INFO : SwitchController : <<<<<<< 's_flipper_right' active >>>>>>>
2025-09-17 21:26:09,065 : INFO : EventManager : Event: ======'s_flipper_right_active'====== Args={}
2025-09-17 21:26:09,066 : INFO : EventManager : Event: ======'item_highlighted'====== Args={'carousel': 'attract', 'direction': 'forwards', 'item': 'mpf_logo'}
2025-09-17 21:26:09,066 : INFO : EventManager : Event: ======'timer_attract_carousel_timer_tick'====== Args={'ticks': 0, 'ticks_remaining': 1}
2025-09-17 21:26:09,182 : INFO : SwitchController : <<<<<<< 's_flipper_right' inactive >>>>>>>
2025-09-17 21:26:09,182 : INFO : EventManager : Event: ======'sw_right_flipper_inactive'====== Args={}
2025-09-17 21:26:09,249 : INFO : SwitchController : <<<<<<< 's_flipper_right' active >>>>>>>
2025-09-17 21:26:09,249 : INFO : EventManager : Event: ======'s_flipper_right_active'====== Args={}
2025-09-17 21:26:09,249 : INFO : EventManager : Event: ======'item_highlighted'====== Args={'carousel': 'attract', 'direction': 'forwards', 'item': 'credits'}
2025-09-17 21:26:09,249 : INFO : EventManager : Event: ======'timer_attract_carousel_timer_tick'====== Args={'ticks': 0, 'ticks_remaining': 1}
2025-09-17 21:26:09,398 : INFO : SwitchController : <<<<<<< 's_flipper_right' inactive >>>>>>>
2025-09-17 21:26:09,398 : INFO : EventManager : Event: ======'sw_right_flipper_inactive'====== Args={}
2025-09-17 21:26:09,899 : INFO : SwitchController : <<<<<<< 's_flipper_right' active >>>>>>>
2025-09-17 21:26:09,899 : INFO : EventManager : Event: ======'s_flipper_right_active'====== Args={}
2025-09-17 21:26:09,900 : INFO : EventManager : Event: ======'item_highlighted'====== Args={'carousel': 'attract', 'direction': 'forwards', 'item': 'last_scores_2p'}
2025-09-17 21:26:09,900 : INFO : EventManager : Event: ======'timer_attract_carousel_timer_tick'====== Args={'ticks': 0, 'ticks_remaining': 1}
2025-09-17 21:26:10,050 : INFO : SwitchController : <<<<<<< 's_flipper_right' inactive >>>>>>>
2025-09-17 21:26:10,050 : INFO : EventManager : Event: ======'sw_right_flipper_inactive'====== Args={}
2025-09-17 21:26:10,600 : INFO : SwitchController : <<<<<<< 's_flipper_right' active >>>>>>>
2025-09-17 21:26:10,600 : INFO : EventManager : Event: ======'s_flipper_right_active'====== Args={}
2025-09-17 21:26:10,600 : INFO : EventManager : Event: ======'item_highlighted'====== Args={'carousel': 'attract', 'direction': 'forwards', 'item': 'title'}
2025-09-17 21:26:10,601 : INFO : EventManager : Event: ======'timer_attract_carousel_timer_tick'====== Args={'ticks': 0, 'ticks_remaining': 1}
2025-09-17 21:26:10,717 : INFO : SwitchController : <<<<<<< 's_flipper_right' inactive >>>>>>>
2025-09-17 21:26:10,717 : INFO : EventManager : Event: ======'sw_right_flipper_inactive'====== Args={}
2025-09-17 21:26:11,200 : INFO : SwitchController : <<<<<<< 's_flipper_right' active >>>>>>>
2025-09-17 21:26:11,200 : INFO : EventManager : Event: ======'s_flipper_right_active'====== Args={}
2025-09-17 21:26:11,200 : INFO : EventManager : Event: ======'item_highlighted'====== Args={'carousel': 'attract', 'direction': 'forwards', 'item': 'presented_by'}
2025-09-17 21:26:11,201 : INFO : EventManager : Event: ======'timer_attract_carousel_timer_tick'====== Args={'ticks': 0, 'ticks_remaining': 1}
2025-09-17 21:26:11,317 : INFO : SwitchController : <<<<<<< 's_flipper_right' inactive >>>>>>>
2025-09-17 21:26:11,317 : INFO : EventManager : Event: ======'sw_right_flipper_inactive'====== Args={}
2025-09-17 21:26:11,601 : INFO : SwitchController : <<<<<<< 's_flipper_right' active >>>>>>>
2025-09-17 21:26:11,601 : INFO : EventManager : Event: ======'s_flipper_right_active'====== Args={}
2025-09-17 21:26:11,602 : INFO : EventManager : Event: ======'item_highlighted'====== Args={'carousel': 'attract', 'direction': 'forwards', 'item': 'hotrod_pinball_logo'}
2025-09-17 21:26:11,602 : INFO : EventManager : Event: ======'timer_attract_carousel_timer_tick'====== Args={'ticks': 0, 'ticks_remaining': 1}
2025-09-17 21:26:11,734 : INFO : SwitchController : <<<<<<< 's_flipper_right' inactive >>>>>>>
2025-09-17 21:26:11,734 : INFO : EventManager : Event: ======'sw_right_flipper_inactive'====== Args={}
2025-09-17 21:26:11,885 : INFO : SwitchController : <<<<<<< 's_flipper_right' active >>>>>>>
2025-09-17 21:26:11,885 : INFO : EventManager : Event: ======'s_flipper_right_active'====== Args={}
2025-09-17 21:26:11,885 : INFO : EventManager : Event: ======'item_highlighted'====== Args={'carousel': 'attract', 'direction': 'forwards', 'item': 'mpf_logo'}
2025-09-17 21:26:11,885 : INFO : EventManager : Event: ======'timer_attract_carousel_timer_tick'====== Args={'ticks': 0, 'ticks_remaining': 1}
2025-09-17 21:26:12,034 : INFO : SwitchController : <<<<<<< 's_flipper_right' inactive >>>>>>>
2025-09-17 21:26:12,034 : INFO : EventManager : Event: ======'sw_right_flipper_inactive'====== Args={}
2025-09-17 21:26:17,326 : INFO : Machine : Shutting down...
2025-09-17 21:26:17,326 : INFO : EventManager : Event: ======'shutdown'====== Args={}
2025-09-17 21:26:17,326 : INFO : EventManager : Event: ======'mode_service_will_stop'====== Args={}
2025-09-17 21:26:17,326 : INFO : EventManager : Event: ======'mode_service_stopping'====== Args={}
2025-09-17 21:26:17,327 : INFO : Mode.service : Stopped.
2025-09-17 21:26:17,327 : INFO : EventManager : Event: ======'modes_active_modes_changed'====== Args={}
2025-09-17 21:26:17,327 : INFO : EventManager : Event: ======'mode_service_stopped'====== Args={}
2025-09-17 21:26:17,327 : INFO : EventManager : Event: ======'clear'====== Args={'key': 'service'}
2025-09-17 21:26:17,330 : INFO : root : MPF run loop ended.
