2025-08-30 21:55:59,817 : INFO : root : Loading config.
2025-08-30 21:55:59,822 : INFO : YamlMultifileConfigLoader : Machine config file #1: config.yaml
2025-08-30 21:55:59,823 : INFO : ConfigProcessor : Loading config from cache: C:\Users\White\AppData\Local\Temp\cfa6ecba65704a931c9dd214c44986c8.mpf_cache
2025-08-30 21:55:59,925 : INFO : ConfigProcessor : Loading config from cache: C:\Users\White\AppData\Local\Temp\f98ffc0ff5962effface7d86bc406d5c.mpf_cache
2025-08-30 21:55:59,925 : INFO : ConfigProcessor : Loading config from cache: C:\Users\White\AppData\Local\Temp\91cc4d1c993c58dc354e34974b9cfeac.mpf_cache
2025-08-30 21:55:59,926 : INFO : ConfigProcessor : Loading config from cache: C:\Users\White\AppData\Local\Temp\f98ffc0ff5962effface7d86bc406d5c.mpf_cache
2025-08-30 21:55:59,926 : INFO : ConfigProcessor : Loading config from cache: C:\Users\White\AppData\Local\Temp\76792f1d686f89709887dba7bd69667a.mpf_cache
2025-08-30 21:55:59,927 : INFO : ConfigProcessor : Loading config from cache: C:\Users\White\AppData\Local\Temp\142bbae4707335cc8e3efaa4364c4893.mpf_cache
2025-08-30 21:55:59,928 : INFO : Machine : Mission Pinball Framework Core Engine v0.80.0.dev9
2025-08-30 21:55:59,928 : INFO : Machine : Command line arguments: {'no_load_cache': False, 'create_config_cache': True, 'bcp': True, 'configfile': ['config.yaml'], 'force_assets_load': False, 'platform_integration_test': False, 'jsonlogging': False, 'logfile': 'logs\\2025-08-30-21-55-59-mpf-TopGunPinball.log', 'pause': False, 'production': False, 'text_ui': False, 'loglevel': 15, 'consoleloglevel': 20, 'force_platform': 'virtual', 'syslog_address': None, 'full_logfile_path': 'C:\\Users\\White\\Documents\\Top_Gun_Pinball\\logs\\2025-08-30-21-55-59-mpf-TopGunPinball.log'}
2025-08-30 21:55:59,928 : INFO : Machine : MPF path: C:\Users\White\mpf\Lib\site-packages\mpf
2025-08-30 21:55:59,928 : INFO : Machine : Machine path: C:\Users\White\Documents\Top_Gun_Pinball
2025-08-30 21:55:59,928 : INFO : Machine : Platform: win32
2025-08-30 21:55:59,928 : INFO : Machine : Python executable location: C:\Users\White\mpf\Scripts\python.exe
2025-08-30 21:55:59,928 : INFO : Machine : Python version: 3.12.7 (64-bit)
2025-08-30 21:55:59,931 : INFO : Machine : Initializing MPF...
2025-08-30 21:56:00,020 : INFO : EventManager : Event: ======'machine_var_credits_string'====== Args={'value': 'FREE PLAY', 'prev_value': None, 'change': True}
2025-08-30 21:56:00,048 : INFO : EventManager : Event: ======'machine_var_master_volume'====== Args={'value': 0.5, 'prev_value': None, 'change': True}
2025-08-30 21:56:00,048 : INFO : EventManager : Event: ======'machine_var_mpf_version'====== Args={'value': 'Mission Pinball Framework v0.80.0.dev9', 'prev_value': None, 'change': True}
2025-08-30 21:56:00,048 : INFO : EventManager : Event: ======'machine_var_mpf_extended_version'====== Args={'value': 'Mission Pinball Framework v0.80.0.dev9, Config version:6, Show version: 6, BCP version:1.1', 'prev_value': None, 'change': True}
2025-08-30 21:56:00,048 : INFO : EventManager : Event: ======'machine_var_python_version'====== Args={'value': '3.12.7', 'prev_value': None, 'change': True}
2025-08-30 21:56:00,200 : INFO : EventManager : Event: ======'machine_var_platform'====== Args={'value': 'Windows-11-10.0.26100-SP0', 'prev_value': None, 'change': True}
2025-08-30 21:56:00,200 : INFO : EventManager : Event: ======'machine_var_platform_system'====== Args={'value': 'Windows', 'prev_value': None, 'change': True}
2025-08-30 21:56:00,200 : INFO : EventManager : Event: ======'machine_var_platform_release'====== Args={'value': '11', 'prev_value': None, 'change': True}
2025-08-30 21:56:00,200 : INFO : EventManager : Event: ======'machine_var_platform_version'====== Args={'value': '10.0.26100', 'prev_value': None, 'change': True}
2025-08-30 21:56:00,200 : INFO : EventManager : Event: ======'machine_var_platform_machine'====== Args={'value': 'AMD64', 'prev_value': None, 'change': True}
2025-08-30 21:56:00,200 : INFO : EventManager : Event: ======'machine_var_log_file_path'====== Args={'value': 'C:\\Users\\White\\Documents\\Top_Gun_Pinball\\logs\\2025-08-30-21-55-59-mpf-TopGunPinball.log', 'prev_value': None, 'change': True}
2025-08-30 21:56:00,200 : INFO : EventManager : Event: ======'init_phase_1'====== Args={}
2025-08-30 21:56:00,227 : INFO : EventManager : Event: ======'init_phase_2'====== Args={}
2025-08-30 21:56:00,227 : INFO : SwitchController : Found active switch: (1007, <Platform.Virtual>) <switch.s_trough_1>
2025-08-30 21:56:00,227 : INFO : SwitchController : Found active switch: (1008, <Platform.Virtual>) <switch.s_trough_2>
2025-08-30 21:56:00,227 : INFO : SwitchController : Found active switch: (1009, <Platform.Virtual>) <switch.s_trough_3>
2025-08-30 21:56:00,227 : INFO : SwitchController : Found active switch: (1010, <Platform.Virtual>) <switch.s_trough_4>
2025-08-30 21:56:00,227 : INFO : SwitchController : Found active switch: (1011, <Platform.Virtual>) <switch.s_trough_5>
2025-08-30 21:56:00,227 : INFO : SwitchController : Found active switch: (1012, <Platform.Virtual>) <switch.s_trough_6>
2025-08-30 21:56:00,229 : INFO : EventManager : Event: ======'bcp_connection_attempt'====== Args={'name': 'local_display', 'host': 'localhost', 'port': 5050}
2025-08-30 21:56:00,231 : INFO : BCPClientSocket : Connecting BCP to 'local_display' at localhost:5050...
2025-08-30 21:56:00,241 : INFO : BCPClientSocket : Connected BCP to 'local_display' localhost:5050
2025-08-30 21:56:00,242 : INFO : EventManager : Event: ======'bcp_clients_connected'====== Args={}
2025-08-30 21:56:00,242 : INFO : ball_device.bd_plunger : BCH: Initial count: 0
2025-08-30 21:56:00,242 : INFO : ball_device.bd_plunger : State: idle
2025-08-30 21:56:00,243 : INFO : ball_device.bd_trough : BCH: Initial count: 6
2025-08-30 21:56:00,243 : INFO : ball_device.bd_trough : State: idle
2025-08-30 21:56:00,269 : INFO : EventManager : Event: ======'init_phase_3'====== Args={}
2025-08-30 21:56:00,270 : INFO : EventManager : Event: ======'init_phase_4'====== Args={}
2025-08-30 21:56:00,271 : INFO : BallController : Initial balls found: 6
2025-08-30 21:56:00,271 : INFO : EventManager : Event: ======'machine_var_audits_events_game_ended'====== Args={'value': 0, 'prev_value': None, 'change': True}
2025-08-30 21:56:00,272 : INFO : EventManager : Event: ======'machine_var_audits_events_game_started'====== Args={'value': 71, 'prev_value': None, 'change': True}
2025-08-30 21:56:00,272 : INFO : EventManager : Event: ======'machine_var_audits_missing_switches_s_a_iceman_target'====== Args={'value': 20, 'prev_value': None, 'change': True}
2025-08-30 21:56:00,272 : INFO : EventManager : Event: ======'machine_var_audits_missing_switches_s_barrier_target'====== Args={'value': 20, 'prev_value': None, 'change': True}
2025-08-30 21:56:00,272 : INFO : EventManager : Event: ======'machine_var_audits_missing_switches_s_c_iceman_target'====== Args={'value': 20, 'prev_value': None, 'change': True}
2025-08-30 21:56:00,272 : INFO : EventManager : Event: ======'machine_var_audits_missing_switches_s_c_lock_target'====== Args={'value': 20, 'prev_value': None, 'change': True}
2025-08-30 21:56:00,272 : INFO : EventManager : Event: ======'machine_var_audits_missing_switches_s_e_iceman_target'====== Args={'value': 20, 'prev_value': None, 'change': True}
2025-08-30 21:56:00,272 : INFO : EventManager : Event: ======'machine_var_audits_missing_switches_s_flight_gear_target'====== Args={'value': 20, 'prev_value': None, 'change': True}
2025-08-30 21:56:00,272 : INFO : EventManager : Event: ======'machine_var_audits_missing_switches_s_flipper_left'====== Args={'value': 16, 'prev_value': None, 'change': True}
2025-08-30 21:56:00,272 : INFO : EventManager : Event: ======'machine_var_audits_missing_switches_s_flipper_left_eos'====== Args={'value': 18, 'prev_value': None, 'change': True}
2025-08-30 21:56:00,272 : INFO : EventManager : Event: ======'machine_var_audits_missing_switches_s_flipper_left_upper'====== Args={'value': 20, 'prev_value': None, 'change': True}
2025-08-30 21:56:00,272 : INFO : EventManager : Event: ======'machine_var_audits_missing_switches_s_flipper_left_upper_eos'====== Args={'value': 18, 'prev_value': None, 'change': True}
2025-08-30 21:56:00,272 : INFO : EventManager : Event: ======'machine_var_audits_missing_switches_s_flipper_right'====== Args={'value': 16, 'prev_value': None, 'change': True}
2025-08-30 21:56:00,272 : INFO : EventManager : Event: ======'machine_var_audits_missing_switches_s_flipper_right_eos'====== Args={'value': 18, 'prev_value': None, 'change': True}
2025-08-30 21:56:00,272 : INFO : EventManager : Event: ======'machine_var_audits_missing_switches_s_i_iceman_target'====== Args={'value': 20, 'prev_value': None, 'change': True}
2025-08-30 21:56:00,272 : INFO : EventManager : Event: ======'machine_var_audits_missing_switches_s_inlane_left'====== Args={'value': 20, 'prev_value': None, 'change': True}
2025-08-30 21:56:00,272 : INFO : EventManager : Event: ======'machine_var_audits_missing_switches_s_inner_inlane_right'====== Args={'value': 20, 'prev_value': None, 'change': True}
2025-08-30 21:56:00,272 : INFO : EventManager : Event: ======'machine_var_audits_missing_switches_s_jam'====== Args={'value': 71, 'prev_value': None, 'change': True}
2025-08-30 21:56:00,273 : INFO : EventManager : Event: ======'machine_var_audits_missing_switches_s_k_lock_target'====== Args={'value': 20, 'prev_value': None, 'change': True}
2025-08-30 21:56:00,273 : INFO : EventManager : Event: ======'machine_var_audits_missing_switches_s_l_lock_target'====== Args={'value': 20, 'prev_value': None, 'change': True}
2025-08-30 21:56:00,273 : INFO : EventManager : Event: ======'machine_var_audits_missing_switches_s_lane_left'====== Args={'value': 70, 'prev_value': None, 'change': True}
2025-08-30 21:56:00,273 : INFO : EventManager : Event: ======'machine_var_audits_missing_switches_s_lane_right'====== Args={'value': 20, 'prev_value': None, 'change': True}
2025-08-30 21:56:00,273 : INFO : EventManager : Event: ======'machine_var_audits_missing_switches_s_lock_goose'====== Args={'value': 20, 'prev_value': None, 'change': True}
2025-08-30 21:56:00,273 : INFO : EventManager : Event: ======'machine_var_audits_missing_switches_s_lock_mav'====== Args={'value': 20, 'prev_value': None, 'change': True}
2025-08-30 21:56:00,273 : INFO : EventManager : Event: ======'machine_var_audits_missing_switches_s_lock_plunger'====== Args={'value': 20, 'prev_value': None, 'change': True}
2025-08-30 21:56:00,273 : INFO : EventManager : Event: ======'machine_var_audits_missing_switches_s_m_iceman_target'====== Args={'value': 20, 'prev_value': None, 'change': True}
2025-08-30 21:56:00,273 : INFO : EventManager : Event: ======'machine_var_audits_missing_switches_s_mig_lane_left'====== Args={'value': 20, 'prev_value': None, 'change': True}
2025-08-30 21:56:00,273 : INFO : EventManager : Event: ======'machine_var_audits_missing_switches_s_mig_lane_right'====== Args={'value': 20, 'prev_value': None, 'change': True}
2025-08-30 21:56:00,273 : INFO : EventManager : Event: ======'machine_var_audits_missing_switches_s_mode_start'====== Args={'value': 20, 'prev_value': None, 'change': True}
2025-08-30 21:56:00,273 : INFO : EventManager : Event: ======'machine_var_audits_missing_switches_s_n_iceman_target'====== Args={'value': 20, 'prev_value': None, 'change': True}
2025-08-30 21:56:00,273 : INFO : EventManager : Event: ======'machine_var_audits_missing_switches_s_o_lock_target'====== Args={'value': 20, 'prev_value': None, 'change': True}
2025-08-30 21:56:00,273 : INFO : EventManager : Event: ======'machine_var_audits_missing_switches_s_orbit_left'====== Args={'value': 14, 'prev_value': None, 'change': True}
2025-08-30 21:56:00,273 : INFO : EventManager : Event: ======'machine_var_audits_missing_switches_s_orbit_lower'====== Args={'value': 20, 'prev_value': None, 'change': True}
2025-08-30 21:56:00,273 : INFO : EventManager : Event: ======'machine_var_audits_missing_switches_s_orbit_right'====== Args={'value': 20, 'prev_value': None, 'change': True}
2025-08-30 21:56:00,273 : INFO : EventManager : Event: ======'machine_var_audits_missing_switches_s_orbit_upper'====== Args={'value': 20, 'prev_value': None, 'change': True}
2025-08-30 21:56:00,273 : INFO : EventManager : Event: ======'machine_var_audits_missing_switches_s_outer_inlane_right'====== Args={'value': 20, 'prev_value': None, 'change': True}
2025-08-30 21:56:00,273 : INFO : EventManager : Event: ======'machine_var_audits_missing_switches_s_outlane_left'====== Args={'value': 20, 'prev_value': None, 'change': True}
2025-08-30 21:56:00,273 : INFO : EventManager : Event: ======'machine_var_audits_missing_switches_s_outlane_right'====== Args={'value': 20, 'prev_value': None, 'change': True}
2025-08-30 21:56:00,273 : INFO : EventManager : Event: ======'machine_var_audits_missing_switches_s_plunger_lane'====== Args={'value': 71, 'prev_value': None, 'change': True}
2025-08-30 21:56:00,273 : INFO : EventManager : Event: ======'machine_var_audits_missing_switches_s_ramp_inner_exit'====== Args={'value': 20, 'prev_value': None, 'change': True}
2025-08-30 21:56:00,273 : INFO : EventManager : Event: ======'machine_var_audits_missing_switches_s_ramp_left_exit'====== Args={'value': 20, 'prev_value': None, 'change': True}
2025-08-30 21:56:00,274 : INFO : EventManager : Event: ======'machine_var_audits_missing_switches_s_ramp_right_exit'====== Args={'value': 20, 'prev_value': None, 'change': True}
2025-08-30 21:56:00,274 : INFO : EventManager : Event: ======'machine_var_audits_missing_switches_s_ramp_tower_exit'====== Args={'value': 20, 'prev_value': None, 'change': True}
2025-08-30 21:56:00,274 : INFO : EventManager : Event: ======'machine_var_audits_missing_switches_s_slingshot_left'====== Args={'value': 20, 'prev_value': None, 'change': True}
2025-08-30 21:56:00,274 : INFO : EventManager : Event: ======'machine_var_audits_missing_switches_s_slingshot_right'====== Args={'value': 20, 'prev_value': None, 'change': True}
2025-08-30 21:56:00,274 : INFO : EventManager : Event: ======'machine_var_audits_missing_switches_s_spinner'====== Args={'value': 20, 'prev_value': None, 'change': True}
2025-08-30 21:56:00,274 : INFO : EventManager : Event: ======'machine_var_audits_missing_switches_s_start'====== Args={'value': 16, 'prev_value': None, 'change': True}
2025-08-30 21:56:00,274 : INFO : EventManager : Event: ======'machine_var_audits_missing_switches_s_trough_1'====== Args={'value': 71, 'prev_value': None, 'change': True}
2025-08-30 21:56:00,274 : INFO : EventManager : Event: ======'machine_var_audits_missing_switches_s_trough_2'====== Args={'value': 71, 'prev_value': None, 'change': True}
2025-08-30 21:56:00,274 : INFO : EventManager : Event: ======'machine_var_audits_missing_switches_s_trough_3'====== Args={'value': 71, 'prev_value': None, 'change': True}
2025-08-30 21:56:00,274 : INFO : EventManager : Event: ======'machine_var_audits_missing_switches_s_trough_4'====== Args={'value': 71, 'prev_value': None, 'change': True}
2025-08-30 21:56:00,274 : INFO : EventManager : Event: ======'machine_var_audits_missing_switches_s_trough_5'====== Args={'value': 71, 'prev_value': None, 'change': True}
2025-08-30 21:56:00,274 : INFO : EventManager : Event: ======'machine_var_audits_missing_switches_s_trough_6'====== Args={'value': 71, 'prev_value': None, 'change': True}
2025-08-30 21:56:00,274 : INFO : EventManager : Event: ======'machine_var_audits_player_score'====== Args={'value': {'average': 0, 'top': [], 'total': 0}, 'prev_value': None, 'change': True}
2025-08-30 21:56:00,274 : INFO : EventManager : Event: ======'machine_var_audits_shots_bumper_center'====== Args={'value': 208, 'prev_value': None, 'change': True}
2025-08-30 21:56:00,274 : INFO : EventManager : Event: ======'machine_var_audits_shots_bumper_left'====== Args={'value': 213, 'prev_value': None, 'change': True}
2025-08-30 21:56:00,274 : INFO : EventManager : Event: ======'machine_var_audits_shots_bumper_right'====== Args={'value': 211, 'prev_value': None, 'change': True}
2025-08-30 21:56:00,274 : INFO : EventManager : Event: ======'machine_var_audits_switches_s_a_iceman_target'====== Args={'value': 0, 'prev_value': None, 'change': True}
2025-08-30 21:56:00,274 : INFO : EventManager : Event: ======'machine_var_audits_switches_s_barrier_target'====== Args={'value': 0, 'prev_value': None, 'change': True}
2025-08-30 21:56:00,274 : INFO : EventManager : Event: ======'machine_var_audits_switches_s_bumper_center'====== Args={'value': 208, 'prev_value': None, 'change': True}
2025-08-30 21:56:00,274 : INFO : EventManager : Event: ======'machine_var_audits_switches_s_bumper_left'====== Args={'value': 213, 'prev_value': None, 'change': True}
2025-08-30 21:56:00,274 : INFO : EventManager : Event: ======'machine_var_audits_switches_s_bumper_right'====== Args={'value': 211, 'prev_value': None, 'change': True}
2025-08-30 21:56:00,275 : INFO : EventManager : Event: ======'machine_var_audits_switches_s_c_iceman_target'====== Args={'value': 0, 'prev_value': None, 'change': True}
2025-08-30 21:56:00,275 : INFO : EventManager : Event: ======'machine_var_audits_switches_s_c_lock_target'====== Args={'value': 0, 'prev_value': None, 'change': True}
2025-08-30 21:56:00,275 : INFO : EventManager : Event: ======'machine_var_audits_switches_s_e_iceman_target'====== Args={'value': 0, 'prev_value': None, 'change': True}
2025-08-30 21:56:00,275 : INFO : EventManager : Event: ======'machine_var_audits_switches_s_flight_gear_target'====== Args={'value': 0, 'prev_value': None, 'change': True}
2025-08-30 21:56:00,275 : INFO : EventManager : Event: ======'machine_var_audits_switches_s_flipper_left'====== Args={'value': 9, 'prev_value': None, 'change': True}
2025-08-30 21:56:00,275 : INFO : EventManager : Event: ======'machine_var_audits_switches_s_flipper_left_eos'====== Args={'value': 0, 'prev_value': None, 'change': True}
2025-08-30 21:56:00,275 : INFO : EventManager : Event: ======'machine_var_audits_switches_s_flipper_left_upper'====== Args={'value': 0, 'prev_value': None, 'change': True}
2025-08-30 21:56:00,275 : INFO : EventManager : Event: ======'machine_var_audits_switches_s_flipper_left_upper_eos'====== Args={'value': 0, 'prev_value': None, 'change': True}
2025-08-30 21:56:00,275 : INFO : EventManager : Event: ======'machine_var_audits_switches_s_flipper_right'====== Args={'value': 9, 'prev_value': None, 'change': True}
2025-08-30 21:56:00,275 : INFO : EventManager : Event: ======'machine_var_audits_switches_s_flipper_right_eos'====== Args={'value': 0, 'prev_value': None, 'change': True}
2025-08-30 21:56:00,275 : INFO : EventManager : Event: ======'machine_var_audits_switches_s_i_iceman_target'====== Args={'value': 0, 'prev_value': None, 'change': True}
2025-08-30 21:56:00,275 : INFO : EventManager : Event: ======'machine_var_audits_switches_s_inlane_left'====== Args={'value': 0, 'prev_value': None, 'change': True}
2025-08-30 21:56:00,275 : INFO : EventManager : Event: ======'machine_var_audits_switches_s_inner_inlane_right'====== Args={'value': 0, 'prev_value': None, 'change': True}
2025-08-30 21:56:00,275 : INFO : EventManager : Event: ======'machine_var_audits_switches_s_jam'====== Args={'value': 0, 'prev_value': None, 'change': True}
2025-08-30 21:56:00,275 : INFO : EventManager : Event: ======'machine_var_audits_switches_s_k_lock_target'====== Args={'value': 0, 'prev_value': None, 'change': True}
2025-08-30 21:56:00,275 : INFO : EventManager : Event: ======'machine_var_audits_switches_s_l_lock_target'====== Args={'value': 0, 'prev_value': None, 'change': True}
2025-08-30 21:56:00,275 : INFO : EventManager : Event: ======'machine_var_audits_switches_s_lane_left'====== Args={'value': 1, 'prev_value': None, 'change': True}
2025-08-30 21:56:00,275 : INFO : EventManager : Event: ======'machine_var_audits_switches_s_lane_right'====== Args={'value': 0, 'prev_value': None, 'change': True}
2025-08-30 21:56:00,275 : INFO : EventManager : Event: ======'machine_var_audits_switches_s_lock_goose'====== Args={'value': 0, 'prev_value': None, 'change': True}
2025-08-30 21:56:00,275 : INFO : EventManager : Event: ======'machine_var_audits_switches_s_lock_mav'====== Args={'value': 0, 'prev_value': None, 'change': True}
2025-08-30 21:56:00,275 : INFO : EventManager : Event: ======'machine_var_audits_switches_s_lock_plunger'====== Args={'value': 0, 'prev_value': None, 'change': True}
2025-08-30 21:56:00,275 : INFO : EventManager : Event: ======'machine_var_audits_switches_s_m_iceman_target'====== Args={'value': 0, 'prev_value': None, 'change': True}
2025-08-30 21:56:00,275 : INFO : EventManager : Event: ======'machine_var_audits_switches_s_mig_lane_left'====== Args={'value': 0, 'prev_value': None, 'change': True}
2025-08-30 21:56:00,275 : INFO : EventManager : Event: ======'machine_var_audits_switches_s_mig_lane_right'====== Args={'value': 0, 'prev_value': None, 'change': True}
2025-08-30 21:56:00,276 : INFO : EventManager : Event: ======'machine_var_audits_switches_s_mode_start'====== Args={'value': 0, 'prev_value': None, 'change': True}
2025-08-30 21:56:00,276 : INFO : EventManager : Event: ======'machine_var_audits_switches_s_n_iceman_target'====== Args={'value': 0, 'prev_value': None, 'change': True}
2025-08-30 21:56:00,276 : INFO : EventManager : Event: ======'machine_var_audits_switches_s_o_lock_target'====== Args={'value': 0, 'prev_value': None, 'change': True}
2025-08-30 21:56:00,276 : INFO : EventManager : Event: ======'machine_var_audits_switches_s_orbit_left'====== Args={'value': 1, 'prev_value': None, 'change': True}
2025-08-30 21:56:00,276 : INFO : EventManager : Event: ======'machine_var_audits_switches_s_orbit_lower'====== Args={'value': 0, 'prev_value': None, 'change': True}
2025-08-30 21:56:00,276 : INFO : EventManager : Event: ======'machine_var_audits_switches_s_orbit_right'====== Args={'value': 0, 'prev_value': None, 'change': True}
2025-08-30 21:56:00,276 : INFO : EventManager : Event: ======'machine_var_audits_switches_s_orbit_upper'====== Args={'value': 0, 'prev_value': None, 'change': True}
2025-08-30 21:56:00,276 : INFO : EventManager : Event: ======'machine_var_audits_switches_s_outer_inlane_right'====== Args={'value': 0, 'prev_value': None, 'change': True}
2025-08-30 21:56:00,276 : INFO : EventManager : Event: ======'machine_var_audits_switches_s_outlane_left'====== Args={'value': 0, 'prev_value': None, 'change': True}
2025-08-30 21:56:00,276 : INFO : EventManager : Event: ======'machine_var_audits_switches_s_outlane_right'====== Args={'value': 0, 'prev_value': None, 'change': True}
2025-08-30 21:56:00,276 : INFO : EventManager : Event: ======'machine_var_audits_switches_s_plunger_lane'====== Args={'value': 0, 'prev_value': None, 'change': True}
2025-08-30 21:56:00,276 : INFO : EventManager : Event: ======'machine_var_audits_switches_s_ramp_inner_exit'====== Args={'value': 0, 'prev_value': None, 'change': True}
2025-08-30 21:56:00,276 : INFO : EventManager : Event: ======'machine_var_audits_switches_s_ramp_left_exit'====== Args={'value': 0, 'prev_value': None, 'change': True}
2025-08-30 21:56:00,276 : INFO : EventManager : Event: ======'machine_var_audits_switches_s_ramp_right_exit'====== Args={'value': 0, 'prev_value': None, 'change': True}
2025-08-30 21:56:00,276 : INFO : EventManager : Event: ======'machine_var_audits_switches_s_ramp_tower_exit'====== Args={'value': 0, 'prev_value': None, 'change': True}
2025-08-30 21:56:00,276 : INFO : EventManager : Event: ======'machine_var_audits_switches_s_slingshot_left'====== Args={'value': 0, 'prev_value': None, 'change': True}
2025-08-30 21:56:00,276 : INFO : EventManager : Event: ======'machine_var_audits_switches_s_slingshot_right'====== Args={'value': 0, 'prev_value': None, 'change': True}
2025-08-30 21:56:00,276 : INFO : EventManager : Event: ======'machine_var_audits_switches_s_spinner'====== Args={'value': 0, 'prev_value': None, 'change': True}
2025-08-30 21:56:00,276 : INFO : EventManager : Event: ======'machine_var_audits_switches_s_start'====== Args={'value': 94, 'prev_value': None, 'change': True}
2025-08-30 21:56:00,276 : INFO : EventManager : Event: ======'machine_var_audits_switches_s_trough_1'====== Args={'value': 0, 'prev_value': None, 'change': True}
2025-08-30 21:56:00,276 : INFO : EventManager : Event: ======'machine_var_audits_switches_s_trough_2'====== Args={'value': 0, 'prev_value': None, 'change': True}
2025-08-30 21:56:00,276 : INFO : EventManager : Event: ======'machine_var_audits_switches_s_trough_3'====== Args={'value': 0, 'prev_value': None, 'change': True}
2025-08-30 21:56:00,276 : INFO : EventManager : Event: ======'machine_var_audits_switches_s_trough_4'====== Args={'value': 0, 'prev_value': None, 'change': True}
2025-08-30 21:56:00,277 : INFO : EventManager : Event: ======'machine_var_audits_switches_s_trough_5'====== Args={'value': 0, 'prev_value': None, 'change': True}
2025-08-30 21:56:00,277 : INFO : EventManager : Event: ======'machine_var_audits_switches_s_trough_6'====== Args={'value': 0, 'prev_value': None, 'change': True}
2025-08-30 21:56:00,277 : INFO : EventManager : Event: ======'init_phase_5'====== Args={}
2025-08-30 21:56:00,277 : INFO : EventManager : Event: ======'init_done'====== Args={}
2025-08-30 21:56:00,277 : INFO : EventManager : Event: ======'machine_reset_phase_1'====== Args={}
2025-08-30 21:56:00,285 : INFO : EventManager : Event: ======'machine_reset_phase_2'====== Args={}
2025-08-30 21:56:00,286 : INFO : EventManager : Event: ======'machine_reset_phase_3'====== Args={}
2025-08-30 21:56:00,286 : INFO : EventManager : Event: ======'reset_complete'====== Args={}
2025-08-30 21:56:00,286 : INFO : EventManager : Event: ======'mode_attract_will_start'====== Args={}
2025-08-30 21:56:00,286 : INFO : Timer.attract_carousel_timer : Starting Timer.
2025-08-30 21:56:00,287 : INFO : EventManager : Event: ======'timer_attract_carousel_timer_started'====== Args={'ticks': 0, 'ticks_remaining': 1}
2025-08-30 21:56:00,287 : INFO : EventManager : Event: ======'timer_attract_carousel_timer_tick'====== Args={'ticks': 0, 'ticks_remaining': 1}
2025-08-30 21:56:00,287 : INFO : EventManager : Event: ======'mode_attract_starting'====== Args={}
2025-08-30 21:56:00,287 : INFO : Mode.attract : Started. Priority: 10
2025-08-30 21:56:00,287 : INFO : EventManager : Event: ======'modes_active_modes_changed'====== Args={}
2025-08-30 21:56:00,288 : INFO : EventManager : Event: ======'mode_attract_started'====== Args={}
2025-08-30 21:56:00,288 : INFO : EventManager : Event: ======'collecting_balls_complete'====== Args={}
2025-08-30 21:56:00,288 : INFO : EventManager : Event: ======'item_highlighted'====== Args={'carousel': 'attract', 'direction': None, 'item': 'title'}
2025-08-30 21:56:00,288 : INFO : EventManager : Event: ======'timer_attract_carousel_timer_tick'====== Args={'ticks': 0, 'ticks_remaining': 1}
2025-08-30 21:56:00,289 : INFO : Machine : Starting the main run loop with active modes: [<Mode.attract>]
2025-08-30 21:56:00,364 : INFO : EventManager : Event: ======'slide_attract_created'====== Args={'_from_bcp': True}
2025-08-30 21:56:00,364 : INFO : EventManager : Event: ======'slide__removed'====== Args={'_from_bcp': True}
2025-08-30 21:56:00,364 : INFO : EventManager : Event: ======'slide_attract_active'====== Args={'original_context': 'attract', 'original_calling_context': 'mode_attract_started', 'priority': 10.0, 'cmd': 'slides_play', '_from_bcp': True}
2025-08-30 21:56:03,663 : INFO : Machine : Shutting down...
2025-08-30 21:56:03,665 : INFO : EventManager : Event: ======'shutdown'====== Args={}
2025-08-30 21:56:03,667 : INFO : root : MPF run loop ended.
