2025-08-29 13:01:26,149 : INFO : root : Loading config.
2025-08-29 13:01:26,164 : INFO : YamlMultifileConfigLoader : Machine config file #1: config.yaml
2025-08-29 13:01:26,164 : INFO : ConfigProcessor : Loading config from cache: C:\Users\White\AppData\Local\Temp\cfa6ecba65704a931c9dd214c44986c8.mpf_cache
2025-08-29 13:01:26,299 : INFO : ConfigProcessor : Loading config from cache: C:\Users\White\AppData\Local\Temp\f98ffc0ff5962effface7d86bc406d5c.mpf_cache
2025-08-29 13:01:26,309 : INFO : ConfigProcessor : Loading config from cache: C:\Users\White\AppData\Local\Temp\91cc4d1c993c58dc354e34974b9cfeac.mpf_cache
2025-08-29 13:01:26,319 : INFO : ConfigProcessor : Loading config from cache: C:\Users\White\AppData\Local\Temp\f98ffc0ff5962effface7d86bc406d5c.mpf_cache
2025-08-29 13:01:26,320 : INFO : ConfigProcessor : Loading config from cache: C:\Users\White\AppData\Local\Temp\76792f1d686f89709887dba7bd69667a.mpf_cache
2025-08-29 13:01:26,329 : INFO : ConfigProcessor : Loading config from cache: C:\Users\White\AppData\Local\Temp\142bbae4707335cc8e3efaa4364c4893.mpf_cache
2025-08-29 13:01:26,339 : INFO : Machine : Mission Pinball Framework Core Engine v0.80.0.dev9
2025-08-29 13:01:26,339 : INFO : Machine : Command line arguments: {'no_load_cache': False, 'create_config_cache': True, 'bcp': True, 'configfile': ['config.yaml'], 'force_assets_load': False, 'platform_integration_test': False, 'jsonlogging': False, 'logfile': 'logs\\2025-08-29-13-01-26-mpf-TopGunPinball.log', 'pause': False, 'production': False, 'text_ui': False, 'loglevel': 15, 'consoleloglevel': 20, 'force_platform': 'virtual', 'syslog_address': None, 'full_logfile_path': 'C:\\Users\\White\\Documents\\Top_Gun_Pinball\\logs\\2025-08-29-13-01-26-mpf-TopGunPinball.log'}
2025-08-29 13:01:26,339 : INFO : Machine : MPF path: C:\Users\White\mpf\Lib\site-packages\mpf
2025-08-29 13:01:26,339 : INFO : Machine : Machine path: C:\Users\White\Documents\Top_Gun_Pinball
2025-08-29 13:01:26,339 : INFO : Machine : Platform: win32
2025-08-29 13:01:26,339 : INFO : Machine : Python executable location: C:\Users\White\mpf\Scripts\python.exe
2025-08-29 13:01:26,339 : INFO : Machine : Python version: 3.12.7 (64-bit)
2025-08-29 13:01:26,342 : INFO : Machine : Initializing MPF...
2025-08-29 13:01:26,481 : INFO : EventManager : Event: ======'machine_var_credits_string'====== Args={'value': 'FREE PLAY', 'prev_value': None, 'change': True}
2025-08-29 13:01:26,510 : INFO : EventManager : Event: ======'machine_var_master_volume'====== Args={'value': 0.5, 'prev_value': None, 'change': True}
2025-08-29 13:01:26,511 : INFO : EventManager : Event: ======'machine_var_mpf_version'====== Args={'value': 'Mission Pinball Framework v0.80.0.dev9', 'prev_value': None, 'change': True}
2025-08-29 13:01:26,511 : INFO : EventManager : Event: ======'machine_var_mpf_extended_version'====== Args={'value': 'Mission Pinball Framework v0.80.0.dev9, Config version:6, Show version: 6, BCP version:1.1', 'prev_value': None, 'change': True}
2025-08-29 13:01:26,511 : INFO : EventManager : Event: ======'machine_var_python_version'====== Args={'value': '3.12.7', 'prev_value': None, 'change': True}
2025-08-29 13:01:26,686 : INFO : EventManager : Event: ======'machine_var_platform'====== Args={'value': 'Windows-11-10.0.26100-SP0', 'prev_value': None, 'change': True}
2025-08-29 13:01:26,686 : INFO : EventManager : Event: ======'machine_var_platform_system'====== Args={'value': 'Windows', 'prev_value': None, 'change': True}
2025-08-29 13:01:26,686 : INFO : EventManager : Event: ======'machine_var_platform_release'====== Args={'value': '11', 'prev_value': None, 'change': True}
2025-08-29 13:01:26,686 : INFO : EventManager : Event: ======'machine_var_platform_version'====== Args={'value': '10.0.26100', 'prev_value': None, 'change': True}
2025-08-29 13:01:26,686 : INFO : EventManager : Event: ======'machine_var_platform_machine'====== Args={'value': 'AMD64', 'prev_value': None, 'change': True}
2025-08-29 13:01:26,686 : INFO : EventManager : Event: ======'machine_var_log_file_path'====== Args={'value': 'C:\\Users\\White\\Documents\\Top_Gun_Pinball\\logs\\2025-08-29-13-01-26-mpf-TopGunPinball.log', 'prev_value': None, 'change': True}
2025-08-29 13:01:26,686 : INFO : EventManager : Event: ======'init_phase_1'====== Args={}
2025-08-29 13:01:26,711 : INFO : EventManager : Event: ======'init_phase_2'====== Args={}
2025-08-29 13:01:26,712 : INFO : SwitchController : Found active switch: (1003, <Platform.Virtual>) <switch.s_trough_1>
2025-08-29 13:01:26,712 : INFO : SwitchController : Found active switch: (1004, <Platform.Virtual>) <switch.s_trough_2>
2025-08-29 13:01:26,712 : INFO : SwitchController : Found active switch: (1005, <Platform.Virtual>) <switch.s_trough_3>
2025-08-29 13:01:26,712 : INFO : SwitchController : Found active switch: (1006, <Platform.Virtual>) <switch.s_trough_4>
2025-08-29 13:01:26,712 : INFO : SwitchController : Found active switch: (1007, <Platform.Virtual>) <switch.s_trough_5>
2025-08-29 13:01:26,712 : INFO : SwitchController : Found active switch: (1008, <Platform.Virtual>) <switch.s_trough_6>
2025-08-29 13:01:26,713 : INFO : EventManager : Event: ======'bcp_connection_attempt'====== Args={'name': 'local_display', 'host': 'localhost', 'port': 5050}
2025-08-29 13:01:26,715 : INFO : BCPClientSocket : Connecting BCP to 'local_display' at localhost:5050...
2025-08-29 13:01:26,726 : INFO : BCPClientSocket : Connected BCP to 'local_display' localhost:5050
2025-08-29 13:01:26,727 : INFO : EventManager : Event: ======'bcp_clients_connected'====== Args={}
2025-08-29 13:01:26,727 : INFO : ball_device.bd_plunger : BCH: Initial count: 0
2025-08-29 13:01:26,727 : INFO : ball_device.bd_plunger : State: idle
2025-08-29 13:01:26,727 : INFO : ball_device.bd_trough : BCH: Initial count: 6
2025-08-29 13:01:26,728 : INFO : ball_device.bd_trough : State: idle
2025-08-29 13:01:26,744 : INFO : EventManager : Event: ======'init_phase_3'====== Args={}
2025-08-29 13:01:26,746 : INFO : EventManager : Event: ======'init_phase_4'====== Args={}
2025-08-29 13:01:26,746 : INFO : BallController : Initial balls found: 6
2025-08-29 13:01:26,747 : INFO : EventManager : Event: ======'machine_var_audits_events_game_ended'====== Args={'value': 0, 'prev_value': None, 'change': True}
2025-08-29 13:01:26,747 : INFO : EventManager : Event: ======'machine_var_audits_events_game_started'====== Args={'value': 34, 'prev_value': None, 'change': True}
2025-08-29 13:01:26,747 : INFO : EventManager : Event: ======'machine_var_audits_missing_switches_s_flipper_left'====== Args={'value': 34, 'prev_value': None, 'change': True}
2025-08-29 13:01:26,747 : INFO : EventManager : Event: ======'machine_var_audits_missing_switches_s_flipper_right'====== Args={'value': 34, 'prev_value': None, 'change': True}
2025-08-29 13:01:26,747 : INFO : EventManager : Event: ======'machine_var_audits_missing_switches_s_jam'====== Args={'value': 34, 'prev_value': None, 'change': True}
2025-08-29 13:01:26,747 : INFO : EventManager : Event: ======'machine_var_audits_missing_switches_s_lane_left'====== Args={'value': 33, 'prev_value': None, 'change': True}
2025-08-29 13:01:26,747 : INFO : EventManager : Event: ======'machine_var_audits_missing_switches_s_orbit_left'====== Args={'value': 34, 'prev_value': None, 'change': True}
2025-08-29 13:01:26,748 : INFO : EventManager : Event: ======'machine_var_audits_missing_switches_s_plunger_lane'====== Args={'value': 34, 'prev_value': None, 'change': True}
2025-08-29 13:01:26,748 : INFO : EventManager : Event: ======'machine_var_audits_missing_switches_s_trough_1'====== Args={'value': 34, 'prev_value': None, 'change': True}
2025-08-29 13:01:26,748 : INFO : EventManager : Event: ======'machine_var_audits_missing_switches_s_trough_2'====== Args={'value': 34, 'prev_value': None, 'change': True}
2025-08-29 13:01:26,748 : INFO : EventManager : Event: ======'machine_var_audits_missing_switches_s_trough_3'====== Args={'value': 34, 'prev_value': None, 'change': True}
2025-08-29 13:01:26,748 : INFO : EventManager : Event: ======'machine_var_audits_missing_switches_s_trough_4'====== Args={'value': 34, 'prev_value': None, 'change': True}
2025-08-29 13:01:26,748 : INFO : EventManager : Event: ======'machine_var_audits_missing_switches_s_trough_5'====== Args={'value': 34, 'prev_value': None, 'change': True}
2025-08-29 13:01:26,748 : INFO : EventManager : Event: ======'machine_var_audits_missing_switches_s_trough_6'====== Args={'value': 34, 'prev_value': None, 'change': True}
2025-08-29 13:01:26,748 : INFO : EventManager : Event: ======'machine_var_audits_player_score'====== Args={'value': {'average': 0, 'top': [], 'total': 0}, 'prev_value': None, 'change': True}
2025-08-29 13:01:26,748 : INFO : EventManager : Event: ======'machine_var_audits_shots_bumper_center'====== Args={'value': 140, 'prev_value': None, 'change': True}
2025-08-29 13:01:26,748 : INFO : EventManager : Event: ======'machine_var_audits_shots_bumper_left'====== Args={'value': 142, 'prev_value': None, 'change': True}
2025-08-29 13:01:26,748 : INFO : EventManager : Event: ======'machine_var_audits_shots_bumper_right'====== Args={'value': 146, 'prev_value': None, 'change': True}
2025-08-29 13:01:26,748 : INFO : EventManager : Event: ======'machine_var_audits_switches_s_bumper_center'====== Args={'value': 140, 'prev_value': None, 'change': True}
2025-08-29 13:01:26,748 : INFO : EventManager : Event: ======'machine_var_audits_switches_s_bumper_left'====== Args={'value': 142, 'prev_value': None, 'change': True}
2025-08-29 13:01:26,748 : INFO : EventManager : Event: ======'machine_var_audits_switches_s_bumper_right'====== Args={'value': 146, 'prev_value': None, 'change': True}
2025-08-29 13:01:26,748 : INFO : EventManager : Event: ======'machine_var_audits_switches_s_flipper_left'====== Args={'value': 0, 'prev_value': None, 'change': True}
2025-08-29 13:01:26,748 : INFO : EventManager : Event: ======'machine_var_audits_switches_s_flipper_right'====== Args={'value': 0, 'prev_value': None, 'change': True}
2025-08-29 13:01:26,748 : INFO : EventManager : Event: ======'machine_var_audits_switches_s_jam'====== Args={'value': 0, 'prev_value': None, 'change': True}
2025-08-29 13:01:26,748 : INFO : EventManager : Event: ======'machine_var_audits_switches_s_lane_left'====== Args={'value': 1, 'prev_value': None, 'change': True}
2025-08-29 13:01:26,748 : INFO : EventManager : Event: ======'machine_var_audits_switches_s_orbit_left'====== Args={'value': 0, 'prev_value': None, 'change': True}
2025-08-29 13:01:26,748 : INFO : EventManager : Event: ======'machine_var_audits_switches_s_plunger_lane'====== Args={'value': 0, 'prev_value': None, 'change': True}
2025-08-29 13:01:26,748 : INFO : EventManager : Event: ======'machine_var_audits_switches_s_start'====== Args={'value': 79, 'prev_value': None, 'change': True}
2025-08-29 13:01:26,748 : INFO : EventManager : Event: ======'machine_var_audits_switches_s_trough_1'====== Args={'value': 0, 'prev_value': None, 'change': True}
2025-08-29 13:01:26,750 : INFO : EventManager : Event: ======'machine_var_audits_switches_s_trough_2'====== Args={'value': 0, 'prev_value': None, 'change': True}
2025-08-29 13:01:26,750 : INFO : EventManager : Event: ======'machine_var_audits_switches_s_trough_3'====== Args={'value': 0, 'prev_value': None, 'change': True}
2025-08-29 13:01:26,750 : INFO : EventManager : Event: ======'machine_var_audits_switches_s_trough_4'====== Args={'value': 0, 'prev_value': None, 'change': True}
2025-08-29 13:01:26,750 : INFO : EventManager : Event: ======'machine_var_audits_switches_s_trough_5'====== Args={'value': 0, 'prev_value': None, 'change': True}
2025-08-29 13:01:26,750 : INFO : EventManager : Event: ======'machine_var_audits_switches_s_trough_6'====== Args={'value': 0, 'prev_value': None, 'change': True}
2025-08-29 13:01:26,750 : INFO : EventManager : Event: ======'init_phase_5'====== Args={}
2025-08-29 13:01:26,750 : INFO : EventManager : Event: ======'init_done'====== Args={}
2025-08-29 13:01:26,751 : INFO : EventManager : Event: ======'machine_reset_phase_1'====== Args={}
2025-08-29 13:01:26,756 : INFO : EventManager : Event: ======'machine_reset_phase_2'====== Args={}
2025-08-29 13:01:26,756 : INFO : EventManager : Event: ======'machine_reset_phase_3'====== Args={}
2025-08-29 13:01:26,756 : INFO : EventManager : Event: ======'reset_complete'====== Args={}
2025-08-29 13:01:26,756 : INFO : EventManager : Event: ======'mode_attract_will_start'====== Args={}
2025-08-29 13:01:26,757 : INFO : Timer.attract_carousel_timer : Starting Timer.
2025-08-29 13:01:26,757 : INFO : EventManager : Event: ======'timer_attract_carousel_timer_started'====== Args={'ticks': 0, 'ticks_remaining': 1}
2025-08-29 13:01:26,757 : INFO : EventManager : Event: ======'timer_attract_carousel_timer_tick'====== Args={'ticks': 0, 'ticks_remaining': 1}
2025-08-29 13:01:26,758 : INFO : EventManager : Event: ======'mode_attract_starting'====== Args={}
2025-08-29 13:01:26,758 : INFO : Mode.attract : Started. Priority: 10
2025-08-29 13:01:26,758 : INFO : EventManager : Event: ======'modes_active_modes_changed'====== Args={}
2025-08-29 13:01:26,758 : INFO : EventManager : Event: ======'mode_attract_started'====== Args={}
2025-08-29 13:01:26,758 : INFO : EventManager : Event: ======'collecting_balls_complete'====== Args={}
2025-08-29 13:01:26,760 : INFO : EventManager : Event: ======'item_highlighted'====== Args={'carousel': 'attract', 'direction': None, 'item': 'title'}
2025-08-29 13:01:26,760 : INFO : EventManager : Event: ======'timer_attract_carousel_timer_tick'====== Args={'ticks': 0, 'ticks_remaining': 1}
2025-08-29 13:01:26,761 : INFO : Machine : Starting the main run loop with active modes: [<Mode.attract>]
2025-08-29 13:01:26,946 : INFO : EventManager : Event: ======'slide_attract_created'====== Args={'_from_bcp': True}
2025-08-29 13:01:26,947 : INFO : EventManager : Event: ======'slide__removed'====== Args={'_from_bcp': True}
2025-08-29 13:01:26,947 : INFO : EventManager : Event: ======'slide_attract_active'====== Args={'original_context': 'attract', 'original_calling_context': 'mode_attract_started', 'priority': 10.0, 'cmd': 'slides_play', '_from_bcp': True}
2025-08-29 13:01:31,769 : INFO : Timer.attract_carousel_timer : Timer Complete
2025-08-29 13:01:31,769 : INFO : Timer.attract_carousel_timer : Stopping Timer
2025-08-29 13:01:31,769 : INFO : EventManager : Event: ======'timer_attract_carousel_timer_stopped'====== Args={'ticks': 1, 'ticks_remaining': 1}
2025-08-29 13:01:31,769 : INFO : EventManager : Event: ======'timer_attract_carousel_timer_complete'====== Args={'ticks': 1, 'ticks_remaining': 1}
2025-08-29 13:01:31,769 : INFO : EventManager : Event: ======'item_highlighted'====== Args={'carousel': 'attract', 'direction': 'forwards', 'item': 'presented_by'}
2025-08-29 13:01:31,769 : INFO : Timer.attract_carousel_timer : Starting Timer.
2025-08-29 13:01:31,769 : INFO : EventManager : Event: ======'timer_attract_carousel_timer_started'====== Args={'ticks': 0, 'ticks_remaining': 1}
2025-08-29 13:01:31,769 : INFO : EventManager : Event: ======'timer_attract_carousel_timer_tick'====== Args={'ticks': 0, 'ticks_remaining': 1}
2025-08-29 13:01:31,940 : INFO : SwitchController : <<<<<<< 's_start' active >>>>>>>
2025-08-29 13:01:32,074 : INFO : SwitchController : <<<<<<< 's_start' inactive >>>>>>>
2025-08-29 13:01:32,074 : INFO : EventManager : Event: ======'request_to_start_game'====== Args={}
2025-08-29 13:01:32,074 : INFO : EventManager : Event: ======'game_start'====== Args={'buttons': [], 'hold_time': 0.125}
2025-08-29 13:01:32,074 : INFO : EventManager : Event: ======'mode_game_will_start'====== Args={'buttons': [], 'hold_time': 0.125}
2025-08-29 13:01:32,075 : INFO : EventManager : Event: ======'mode_game_starting'====== Args={'buttons': [], 'hold_time': 0.125}
2025-08-29 13:01:32,075 : INFO : EventManager : Event: ======'mode_attract_will_stop'====== Args={}
2025-08-29 13:01:32,075 : INFO : EventManager : Event: ======'mode_attract_stopping'====== Args={}
2025-08-29 13:01:32,075 : INFO : Mode.attract : Stopped.
2025-08-29 13:01:32,075 : INFO : EventManager : Event: ======'modes_active_modes_changed'====== Args={}
2025-08-29 13:01:32,075 : INFO : EventManager : Event: ======'mode_attract_stopped'====== Args={}
2025-08-29 13:01:32,075 : INFO : EventManager : Event: ======'clear'====== Args={'key': 'attract'}
2025-08-29 13:01:32,076 : INFO : Timer.attract_carousel_timer : Stopping Timer
2025-08-29 13:01:32,076 : INFO : EventManager : Event: ======'timer_attract_carousel_timer_stopped'====== Args={'ticks': 0, 'ticks_remaining': 1}
2025-08-29 13:01:32,076 : INFO : Mode.game : Started. Priority: 20
2025-08-29 13:01:32,076 : INFO : EventManager : Event: ======'modes_active_modes_changed'====== Args={}
2025-08-29 13:01:32,076 : INFO : EventManager : Event: ======'mode_game_started'====== Args={'buttons': [], 'hold_time': 0.125}
2025-08-29 13:01:32,077 : INFO : EventManager : Event: ======'game_will_start'====== Args={}
2025-08-29 13:01:32,077 : INFO : EventManager : Event: ======'game_starting'====== Args={'game': <Mode.game>}
2025-08-29 13:01:32,077 : INFO : EventManager : Unordered handler for class <Auditor> on event game_ended with priority 1. Handlers: [RegisteredHandler(callback=<bound method Auditor.disable of <Auditor>>, priority=1, kwargs={}, key=UUID('56071438-957f-4d2b-a2f0-5e95342ddc36'), condition=None, blocking_facility=None), RegisteredHandler(callback=<bound method Auditor._save_audits of <Auditor>>, priority=1, kwargs={}, key=UUID('e0d7f37d-f02f-4ab9-b6db-39799543b619'), condition=None, blocking_facility=None)]. The order of those handlers is not defined and they will be executed in random order. This might lead to race conditions and potential bugs.
2025-08-29 13:01:32,077 : INFO : EventManager : Event: ======'player_add_request'====== Args={}
2025-08-29 13:01:32,077 : INFO : EventManager : Event: ======'player_will_add'====== Args={'number': 1}
2025-08-29 13:01:32,077 : INFO : EventManager : Event: ======'player_adding'====== Args={'player': <Player 1>, 'number': 1}
2025-08-29 13:01:32,077 : INFO : EventManager : Event: ======'player_added'====== Args={'player': <Player 1>, 'num': 1}
2025-08-29 13:01:32,077 : INFO : Mode.game : Player added successfully. Total players: 1
2025-08-29 13:01:32,078 : INFO : EventManager : Event: ======'player_index'====== Args={'value': 0, 'prev_value': 0, 'change': 0, 'player_num': 1}
2025-08-29 13:01:32,078 : INFO : EventManager : Event: ======'player_number'====== Args={'value': 1, 'prev_value': 1, 'change': 0, 'player_num': 1}
2025-08-29 13:01:32,078 : INFO : EventManager : Event: ======'player_score'====== Args={'value': 0, 'prev_value': 0, 'change': 0, 'player_num': 1}
2025-08-29 13:01:32,078 : INFO : EventManager : Event: ======'game_started'====== Args={}
2025-08-29 13:01:32,079 : INFO : EventManager : Event: ======'player_turn_will_start'====== Args={'player': <Player 1>, 'number': 1}
2025-08-29 13:01:32,079 : INFO : EventManager : Event: ======'player_turn_starting'====== Args={'player': <Player 1>, 'number': 1}
2025-08-29 13:01:32,079 : INFO : EventManager : Event: ======'player_ball'====== Args={'value': 1, 'prev_value': 0, 'change': 1, 'player_num': 1}
2025-08-29 13:01:32,079 : INFO : EventManager : Event: ======'player_turn_started'====== Args={'player': <Player 1>, 'number': 1}
2025-08-29 13:01:32,079 : INFO : EventManager : Event: ======'ball_will_start'====== Args={'player': 1, 'ball': 1, 'balls_remaining': 2, 'is_extra_ball': False}
2025-08-29 13:01:32,081 : INFO : EventManager : Event: ======'ball_starting'====== Args={'player': 1, 'ball': 1, 'balls_remaining': 2, 'is_extra_ball': False}
2025-08-29 13:01:32,081 : INFO : EventManager : Event: ======'mode_base_will_start'====== Args={'queue': <QueuedEvent>, 'player': 1, 'ball': 1, 'balls_remaining': 2, 'is_extra_ball': False}
2025-08-29 13:01:32,082 : INFO : EventManager : Event: ======'mode_base_starting'====== Args={'queue': <QueuedEvent>, 'player': 1, 'ball': 1, 'balls_remaining': 2, 'is_extra_ball': False}
2025-08-29 13:01:32,082 : INFO : Mode.base : Started. Priority: 100
2025-08-29 13:01:32,082 : INFO : EventManager : Event: ======'modes_active_modes_changed'====== Args={}
2025-08-29 13:01:32,082 : INFO : EventManager : Event: ======'mode_base_started'====== Args={'queue': <QueuedEvent>, 'player': 1, 'ball': 1, 'balls_remaining': 2, 'is_extra_ball': False}
2025-08-29 13:01:32,085 : INFO : EventManager : Event: ======'start_mode_bumpers'====== Args={'priority': 0}
2025-08-29 13:01:32,086 : INFO : EventManager : Event: ======'mode_bumpers_will_start'====== Args={'priority': 0}
2025-08-29 13:01:32,086 : INFO : EventManager : Event: ======'player_shot_bumper_left_enabled'====== Args={'value': True, 'prev_value': 0, 'change': 1, 'player_num': 1}
2025-08-29 13:01:32,086 : INFO : EventManager : Event: ======'player_shot_bumper_center_enabled'====== Args={'value': True, 'prev_value': 0, 'change': 1, 'player_num': 1}
2025-08-29 13:01:32,086 : INFO : EventManager : Event: ======'player_shot_bumper_right_enabled'====== Args={'value': True, 'prev_value': 0, 'change': 1, 'player_num': 1}
2025-08-29 13:01:32,087 : INFO : EventManager : Event: ======'bumpers_complete'====== Args={'state': 'unlit'}
2025-08-29 13:01:32,087 : INFO : EventManager : Event: ======'bumpers_unlit_complete'====== Args={}
2025-08-29 13:01:32,087 : INFO : EventManager : Event: ======'mode_bumpers_starting'====== Args={'priority': 0}
2025-08-29 13:01:32,087 : INFO : Mode.bumpers : Started. Priority: 200
2025-08-29 13:01:32,087 : INFO : EventManager : Event: ======'modes_active_modes_changed'====== Args={}
2025-08-29 13:01:32,088 : INFO : EventManager : Event: ======'mode_bumpers_started'====== Args={'priority': 0}
2025-08-29 13:01:32,088 : INFO : EventManager : Event: ======'balls_in_play'====== Args={'balls': 1}
2025-08-29 13:01:32,088 : INFO : EventManager : Event: ======'ball_started'====== Args={'player': 1, 'ball': 1, 'balls_remaining': 2, 'is_extra_ball': False}
2025-08-29 13:01:32,088 : INFO : EventManager : Event: ======'single_player_ball_started'====== Args={}
2025-08-29 13:01:32,088 : INFO : EventManager : Event: ======'ball_start_target'====== Args={'target': 'playfield'}
2025-08-29 13:01:32,088 : INFO : ball_device.bd_trough : Setting up player-controlled eject. Balls: 1, Target: <playfield.playfield>, player_controlled_eject_event: None
2025-08-29 13:01:32,089 : INFO : ball_device.bd_trough : Adding 1 ball(s) to the eject_queue with target <playfield.playfield>.
2025-08-29 13:01:32,089 : INFO : EventManager : Event: ======'balldevice_balls_available'====== Args={}
2025-08-29 13:01:32,089 : INFO : ball_device.bd_trough : State: waiting_for_target_ready
2025-08-29 13:01:32,089 : INFO : EventManager : Event: ======'balldevice_bd_trough_ball_eject_attempt'====== Args={'balls': 1, 'target': <ball_device.bd_plunger>, 'source': <ball_device.bd_trough>, 'mechanical_eject': False, 'num_attempts': 0}
2025-08-29 13:01:32,089 : INFO : ball_device.bd_plunger : State: waiting_for_ball
2025-08-29 13:01:32,090 : INFO : ball_device.bd_trough : State: ejecting
2025-08-29 13:01:32,090 : INFO : ball_device.bd_trough : Ejecting ball to <ball_device.bd_plunger>
2025-08-29 13:01:32,090 : INFO : EventManager : Event: ======'balldevice_bd_trough_ejecting_ball'====== Args={'balls': 1, 'target': <ball_device.bd_plunger>, 'source': <ball_device.bd_trough>, 'mechanical_eject': False, 'num_attempts': 0}
2025-08-29 13:01:32,091 : INFO : ball_device.bd_trough : Wait for ball to leave device
2025-08-29 13:01:32,091 : INFO : coil.c_trough_eject : Pulsing Driver for 10ms (1.0 pulse_power)
2025-08-29 13:01:32,163 : INFO : EventManager : Event: ======'slide_base_slide_created'====== Args={'_from_bcp': True}
2025-08-29 13:01:32,163 : INFO : EventManager : Event: ======'slide_attract_inactive'====== Args={'is_removing': True, '_from_bcp': True}
2025-08-29 13:01:32,163 : INFO : EventManager : Event: ======'slide_base_slide_active'====== Args={'original_context': 'base', 'original_calling_context': 'mode_base_started', 'priority': 100.0, 'queue': '<QueuedEvent>', 'player': 1.0, 'ball': 1.0, 'balls_remaining': 2.0, 'is_extra_ball': False, 'cmd': 'slides_play', '_from_bcp': True}
2025-08-29 13:01:32,171 : INFO : EventManager : Event: ======'slide_attract_removed'====== Args={'_from_bcp': True}
2025-08-29 13:01:37,679 : INFO : SwitchController : <<<<<<< 's_start' active >>>>>>>
2025-08-29 13:01:37,679 : INFO : EventManager : Event: ======'sw_start'====== Args={}
2025-08-29 13:01:37,679 : INFO : EventManager : Event: ======'machine_var_audits_switches_s_start'====== Args={'value': 80, 'prev_value': 79, 'change': 1}
2025-08-29 13:01:37,679 : INFO : EventManager : Event: ======'player_add_request'====== Args={}
2025-08-29 13:01:37,679 : INFO : EventManager : Event: ======'player_will_add'====== Args={'number': 2}
2025-08-29 13:01:37,679 : INFO : EventManager : Event: ======'player_adding'====== Args={'player': <Player 2>, 'number': 2}
2025-08-29 13:01:37,679 : INFO : EventManager : Event: ======'player_added'====== Args={'player': <Player 2>, 'num': 2}
2025-08-29 13:01:37,679 : INFO : Mode.game : Player added successfully. Total players: 2
2025-08-29 13:01:37,679 : INFO : EventManager : Event: ======'multiplayer_game'====== Args={}
2025-08-29 13:01:37,681 : INFO : EventManager : Event: ======'player_index'====== Args={'value': 1, 'prev_value': 1, 'change': 0, 'player_num': 2}
2025-08-29 13:01:37,681 : INFO : EventManager : Event: ======'player_number'====== Args={'value': 2, 'prev_value': 2, 'change': 0, 'player_num': 2}
2025-08-29 13:01:37,681 : INFO : EventManager : Event: ======'player_score'====== Args={'value': 0, 'prev_value': 0, 'change': 0, 'player_num': 2}
2025-08-29 13:01:37,829 : INFO : SwitchController : <<<<<<< 's_start' inactive >>>>>>>
2025-08-29 13:01:38,330 : INFO : SwitchController : <<<<<<< 's_start' active >>>>>>>
2025-08-29 13:01:38,330 : INFO : EventManager : Event: ======'sw_start'====== Args={}
2025-08-29 13:01:38,330 : INFO : EventManager : Event: ======'machine_var_audits_switches_s_start'====== Args={'value': 81, 'prev_value': 80, 'change': 1}
2025-08-29 13:01:38,331 : INFO : EventManager : Event: ======'player_add_request'====== Args={}
2025-08-29 13:01:38,331 : INFO : EventManager : Event: ======'player_will_add'====== Args={'number': 3}
2025-08-29 13:01:38,331 : INFO : EventManager : Event: ======'player_adding'====== Args={'player': <Player 3>, 'number': 3}
2025-08-29 13:01:38,331 : INFO : EventManager : Event: ======'player_added'====== Args={'player': <Player 3>, 'num': 3}
2025-08-29 13:01:38,331 : INFO : Mode.game : Player added successfully. Total players: 3
2025-08-29 13:01:38,331 : INFO : EventManager : Event: ======'player_index'====== Args={'value': 2, 'prev_value': 2, 'change': 0, 'player_num': 3}
2025-08-29 13:01:38,331 : INFO : EventManager : Event: ======'player_number'====== Args={'value': 3, 'prev_value': 3, 'change': 0, 'player_num': 3}
2025-08-29 13:01:38,331 : INFO : EventManager : Event: ======'player_score'====== Args={'value': 0, 'prev_value': 0, 'change': 0, 'player_num': 3}
2025-08-29 13:01:38,513 : INFO : SwitchController : <<<<<<< 's_start' inactive >>>>>>>
2025-08-29 13:01:38,897 : INFO : SwitchController : <<<<<<< 's_start' active >>>>>>>
2025-08-29 13:01:38,897 : INFO : EventManager : Event: ======'sw_start'====== Args={}
2025-08-29 13:01:38,897 : INFO : EventManager : Event: ======'machine_var_audits_switches_s_start'====== Args={'value': 82, 'prev_value': 81, 'change': 1}
2025-08-29 13:01:38,897 : INFO : EventManager : Event: ======'player_add_request'====== Args={}
2025-08-29 13:01:38,897 : INFO : EventManager : Event: ======'player_will_add'====== Args={'number': 4}
2025-08-29 13:01:38,898 : INFO : EventManager : Event: ======'player_adding'====== Args={'player': <Player 4>, 'number': 4}
2025-08-29 13:01:38,898 : INFO : EventManager : Event: ======'player_added'====== Args={'player': <Player 4>, 'num': 4}
2025-08-29 13:01:38,898 : INFO : Mode.game : Player added successfully. Total players: 4
2025-08-29 13:01:38,898 : INFO : EventManager : Event: ======'player_index'====== Args={'value': 3, 'prev_value': 3, 'change': 0, 'player_num': 4}
2025-08-29 13:01:38,898 : INFO : EventManager : Event: ======'player_number'====== Args={'value': 4, 'prev_value': 4, 'change': 0, 'player_num': 4}
2025-08-29 13:01:38,898 : INFO : EventManager : Event: ======'player_score'====== Args={'value': 0, 'prev_value': 0, 'change': 0, 'player_num': 4}
2025-08-29 13:01:39,047 : INFO : SwitchController : <<<<<<< 's_start' inactive >>>>>>>
2025-08-29 13:01:41,249 : INFO : SwitchController : <<<<<<< 's_bumper_left' active >>>>>>>
2025-08-29 13:01:41,249 : INFO : EventManager : Event: ======'playfield_active'====== Args={'source': 'bumper_left'}
2025-08-29 13:01:41,249 : INFO : EventManager : Event: ======'unexpected_ball_on_playfield'====== Args={}
2025-08-29 13:01:41,249 : INFO : EventManager : Event: ======'s_bumper_left_active'====== Args={}
2025-08-29 13:01:41,249 : INFO : EventManager : Event: ======'machine_var_audits_switches_s_bumper_left'====== Args={'value': 143, 'prev_value': 142, 'change': 1}
2025-08-29 13:01:41,251 : INFO : EventManager : Event: ======'player_shot_bumper_left'====== Args={'value': 1, 'prev_value': 0, 'change': 1, 'player_num': 1}
2025-08-29 13:01:41,251 : INFO : EventManager : Event: ======'machine_var_audits_shots_bumper_left'====== Args={'value': 143, 'prev_value': 142, 'change': 1}
2025-08-29 13:01:41,251 : INFO : EventManager : Event: ======'bumper_left_hit'====== Args={'profile': 'default', 'state': 'unlit', 'advancing': True}
2025-08-29 13:01:41,251 : INFO : EventManager : Event: ======'bumper_left_default_hit'====== Args={'profile': 'default', 'state': 'unlit', 'advancing': True}
2025-08-29 13:01:41,251 : INFO : EventManager : Event: ======'bumper_left_default_unlit_hit'====== Args={'profile': 'default', 'state': 'unlit', 'advancing': True}
2025-08-29 13:01:41,251 : INFO : EventManager : Event: ======'bumper_left_unlit_hit'====== Args={'profile': 'default', 'state': 'unlit', 'advancing': True}
2025-08-29 13:01:41,251 : INFO : EventManager : Event: ======'bumpers_hit'====== Args={'shot': 'bumper_left'}
2025-08-29 13:01:41,251 : INFO : EventManager : Event: ======'bumpers_unlit_hit'====== Args={'shot': 'bumper_left'}
2025-08-29 13:01:41,251 : INFO : EventManager : Event: ======'player_score'====== Args={'value': 1000, 'prev_value': 0, 'change': 1000, 'player_num': 1, 'source': 'bumpers'}
2025-08-29 13:01:41,333 : INFO : SwitchController : <<<<<<< 's_bumper_center' active >>>>>>>
2025-08-29 13:01:41,333 : INFO : EventManager : Event: ======'playfield_active'====== Args={'source': 'bumper_center'}
2025-08-29 13:01:41,333 : INFO : EventManager : Event: ======'unexpected_ball_on_playfield'====== Args={}
2025-08-29 13:01:41,333 : INFO : EventManager : Event: ======'s_bumper_center_active'====== Args={}
2025-08-29 13:01:41,333 : INFO : EventManager : Event: ======'machine_var_audits_switches_s_bumper_center'====== Args={'value': 141, 'prev_value': 140, 'change': 1}
2025-08-29 13:01:41,334 : INFO : EventManager : Event: ======'player_shot_bumper_center'====== Args={'value': 1, 'prev_value': 0, 'change': 1, 'player_num': 1}
2025-08-29 13:01:41,334 : INFO : EventManager : Event: ======'machine_var_audits_shots_bumper_center'====== Args={'value': 141, 'prev_value': 140, 'change': 1}
2025-08-29 13:01:41,334 : INFO : EventManager : Event: ======'bumper_center_hit'====== Args={'profile': 'default', 'state': 'unlit', 'advancing': True}
2025-08-29 13:01:41,334 : INFO : EventManager : Event: ======'bumper_center_default_hit'====== Args={'profile': 'default', 'state': 'unlit', 'advancing': True}
2025-08-29 13:01:41,335 : INFO : EventManager : Event: ======'bumper_center_default_unlit_hit'====== Args={'profile': 'default', 'state': 'unlit', 'advancing': True}
2025-08-29 13:01:41,335 : INFO : EventManager : Event: ======'bumper_center_unlit_hit'====== Args={'profile': 'default', 'state': 'unlit', 'advancing': True}
2025-08-29 13:01:41,335 : INFO : EventManager : Event: ======'bumpers_hit'====== Args={'shot': 'bumper_center'}
2025-08-29 13:01:41,335 : INFO : EventManager : Event: ======'bumpers_unlit_hit'====== Args={'shot': 'bumper_center'}
2025-08-29 13:01:41,335 : INFO : EventManager : Event: ======'player_score'====== Args={'value': 2000, 'prev_value': 1000, 'change': 1000, 'player_num': 1, 'source': 'bumpers'}
2025-08-29 13:01:41,466 : INFO : SwitchController : <<<<<<< 's_bumper_right' active >>>>>>>
2025-08-29 13:01:41,467 : INFO : EventManager : Event: ======'playfield_active'====== Args={'source': 'bumper_right'}
2025-08-29 13:01:41,467 : INFO : EventManager : Event: ======'unexpected_ball_on_playfield'====== Args={}
2025-08-29 13:01:41,467 : INFO : EventManager : Event: ======'s_bumper_right_active'====== Args={}
2025-08-29 13:01:41,467 : INFO : EventManager : Event: ======'machine_var_audits_switches_s_bumper_right'====== Args={'value': 147, 'prev_value': 146, 'change': 1}
2025-08-29 13:01:41,467 : INFO : EventManager : Event: ======'player_shot_bumper_right'====== Args={'value': 1, 'prev_value': 0, 'change': 1, 'player_num': 1}
2025-08-29 13:01:41,468 : INFO : EventManager : Event: ======'machine_var_audits_shots_bumper_right'====== Args={'value': 147, 'prev_value': 146, 'change': 1}
2025-08-29 13:01:41,468 : INFO : EventManager : Event: ======'bumper_right_hit'====== Args={'profile': 'default', 'state': 'unlit', 'advancing': True}
2025-08-29 13:01:41,468 : INFO : EventManager : Event: ======'bumper_right_default_hit'====== Args={'profile': 'default', 'state': 'unlit', 'advancing': True}
2025-08-29 13:01:41,468 : INFO : EventManager : Event: ======'bumper_right_default_unlit_hit'====== Args={'profile': 'default', 'state': 'unlit', 'advancing': True}
2025-08-29 13:01:41,468 : INFO : EventManager : Event: ======'bumper_right_unlit_hit'====== Args={'profile': 'default', 'state': 'unlit', 'advancing': True}
2025-08-29 13:01:41,468 : INFO : EventManager : Event: ======'bumpers_complete'====== Args={'state': 'lit'}
2025-08-29 13:01:41,468 : INFO : EventManager : Event: ======'bumpers_lit_complete'====== Args={}
2025-08-29 13:01:41,468 : INFO : EventManager : Event: ======'bumpers_hit'====== Args={'shot': 'bumper_right'}
2025-08-29 13:01:41,468 : INFO : EventManager : Event: ======'bumpers_unlit_hit'====== Args={'shot': 'bumper_right'}
2025-08-29 13:01:41,468 : INFO : EventManager : Event: ======'player_score'====== Args={'value': 3000, 'prev_value': 2000, 'change': 1000, 'player_num': 1, 'source': 'bumpers'}
2025-08-29 13:01:41,483 : INFO : SwitchController : <<<<<<< 's_bumper_left' inactive >>>>>>>
2025-08-29 13:01:41,549 : INFO : SwitchController : <<<<<<< 's_bumper_center' inactive >>>>>>>
2025-08-29 13:01:41,649 : INFO : SwitchController : <<<<<<< 's_bumper_right' inactive >>>>>>>
2025-08-29 13:01:41,666 : INFO : SwitchController : <<<<<<< 's_bumper_left' active >>>>>>>
2025-08-29 13:01:41,667 : INFO : EventManager : Event: ======'playfield_active'====== Args={'source': 'bumper_left'}
2025-08-29 13:01:41,667 : INFO : EventManager : Event: ======'unexpected_ball_on_playfield'====== Args={}
2025-08-29 13:01:41,667 : INFO : EventManager : Event: ======'s_bumper_left_active'====== Args={}
2025-08-29 13:01:41,667 : INFO : EventManager : Event: ======'machine_var_audits_switches_s_bumper_left'====== Args={'value': 144, 'prev_value': 143, 'change': 1}
2025-08-29 13:01:41,667 : INFO : EventManager : Event: ======'machine_var_audits_shots_bumper_left'====== Args={'value': 144, 'prev_value': 143, 'change': 1}
2025-08-29 13:01:41,667 : INFO : EventManager : Event: ======'bumper_left_hit'====== Args={'profile': 'default', 'state': 'lit', 'advancing': False}
2025-08-29 13:01:41,667 : INFO : EventManager : Event: ======'bumper_left_default_hit'====== Args={'profile': 'default', 'state': 'lit', 'advancing': False}
2025-08-29 13:01:41,667 : INFO : EventManager : Event: ======'bumper_left_default_lit_hit'====== Args={'profile': 'default', 'state': 'lit', 'advancing': False}
2025-08-29 13:01:41,667 : INFO : EventManager : Event: ======'bumper_left_lit_hit'====== Args={'profile': 'default', 'state': 'lit', 'advancing': False}
2025-08-29 13:01:41,668 : INFO : EventManager : Event: ======'bumpers_hit'====== Args={'shot': 'bumper_left'}
2025-08-29 13:01:41,668 : INFO : EventManager : Event: ======'bumpers_lit_hit'====== Args={'shot': 'bumper_left'}
2025-08-29 13:01:41,668 : INFO : EventManager : Event: ======'player_score'====== Args={'value': 4000, 'prev_value': 3000, 'change': 1000, 'player_num': 1, 'source': 'bumpers'}
2025-08-29 13:01:41,683 : INFO : SwitchController : <<<<<<< 's_bumper_center' active >>>>>>>
2025-08-29 13:01:41,683 : INFO : EventManager : Event: ======'playfield_active'====== Args={'source': 'bumper_center'}
2025-08-29 13:01:41,683 : INFO : EventManager : Event: ======'unexpected_ball_on_playfield'====== Args={}
2025-08-29 13:01:41,683 : INFO : EventManager : Event: ======'s_bumper_center_active'====== Args={}
2025-08-29 13:01:41,683 : INFO : EventManager : Event: ======'machine_var_audits_switches_s_bumper_center'====== Args={'value': 142, 'prev_value': 141, 'change': 1}
2025-08-29 13:01:41,683 : INFO : EventManager : Event: ======'machine_var_audits_shots_bumper_center'====== Args={'value': 142, 'prev_value': 141, 'change': 1}
2025-08-29 13:01:41,684 : INFO : EventManager : Event: ======'bumper_center_hit'====== Args={'profile': 'default', 'state': 'lit', 'advancing': False}
2025-08-29 13:01:41,684 : INFO : EventManager : Event: ======'bumper_center_default_hit'====== Args={'profile': 'default', 'state': 'lit', 'advancing': False}
2025-08-29 13:01:41,684 : INFO : EventManager : Event: ======'bumper_center_default_lit_hit'====== Args={'profile': 'default', 'state': 'lit', 'advancing': False}
2025-08-29 13:01:41,684 : INFO : EventManager : Event: ======'bumper_center_lit_hit'====== Args={'profile': 'default', 'state': 'lit', 'advancing': False}
2025-08-29 13:01:41,684 : INFO : EventManager : Event: ======'bumpers_hit'====== Args={'shot': 'bumper_center'}
2025-08-29 13:01:41,684 : INFO : EventManager : Event: ======'bumpers_lit_hit'====== Args={'shot': 'bumper_center'}
2025-08-29 13:01:41,684 : INFO : EventManager : Event: ======'player_score'====== Args={'value': 5000, 'prev_value': 4000, 'change': 1000, 'player_num': 1, 'source': 'bumpers'}
2025-08-29 13:01:41,750 : INFO : SwitchController : <<<<<<< 's_bumper_right' active >>>>>>>
2025-08-29 13:01:41,751 : INFO : EventManager : Event: ======'playfield_active'====== Args={'source': 'bumper_right'}
2025-08-29 13:01:41,751 : INFO : EventManager : Event: ======'unexpected_ball_on_playfield'====== Args={}
2025-08-29 13:01:41,751 : INFO : EventManager : Event: ======'s_bumper_right_active'====== Args={}
2025-08-29 13:01:41,751 : INFO : EventManager : Event: ======'machine_var_audits_switches_s_bumper_right'====== Args={'value': 148, 'prev_value': 147, 'change': 1}
2025-08-29 13:01:41,751 : INFO : EventManager : Event: ======'machine_var_audits_shots_bumper_right'====== Args={'value': 148, 'prev_value': 147, 'change': 1}
2025-08-29 13:01:41,751 : INFO : EventManager : Event: ======'bumper_right_hit'====== Args={'profile': 'default', 'state': 'lit', 'advancing': False}
2025-08-29 13:01:41,751 : INFO : EventManager : Event: ======'bumper_right_default_hit'====== Args={'profile': 'default', 'state': 'lit', 'advancing': False}
2025-08-29 13:01:41,751 : INFO : EventManager : Event: ======'bumper_right_default_lit_hit'====== Args={'profile': 'default', 'state': 'lit', 'advancing': False}
2025-08-29 13:01:41,751 : INFO : EventManager : Event: ======'bumper_right_lit_hit'====== Args={'profile': 'default', 'state': 'lit', 'advancing': False}
2025-08-29 13:01:41,752 : INFO : EventManager : Event: ======'bumpers_hit'====== Args={'shot': 'bumper_right'}
2025-08-29 13:01:41,752 : INFO : EventManager : Event: ======'bumpers_lit_hit'====== Args={'shot': 'bumper_right'}
2025-08-29 13:01:41,752 : INFO : EventManager : Event: ======'player_score'====== Args={'value': 6000, 'prev_value': 5000, 'change': 1000, 'player_num': 1, 'source': 'bumpers'}
2025-08-29 13:01:41,833 : INFO : SwitchController : <<<<<<< 's_bumper_left' inactive >>>>>>>
2025-08-29 13:01:41,850 : INFO : SwitchController : <<<<<<< 's_bumper_center' inactive >>>>>>>
2025-08-29 13:01:41,933 : INFO : SwitchController : <<<<<<< 's_bumper_left' active >>>>>>>
2025-08-29 13:01:41,934 : INFO : EventManager : Event: ======'playfield_active'====== Args={'source': 'bumper_left'}
2025-08-29 13:01:41,934 : INFO : EventManager : Event: ======'unexpected_ball_on_playfield'====== Args={}
2025-08-29 13:01:41,934 : INFO : EventManager : Event: ======'s_bumper_left_active'====== Args={}
2025-08-29 13:01:41,934 : INFO : EventManager : Event: ======'machine_var_audits_switches_s_bumper_left'====== Args={'value': 145, 'prev_value': 144, 'change': 1}
2025-08-29 13:01:41,934 : INFO : EventManager : Event: ======'machine_var_audits_shots_bumper_left'====== Args={'value': 145, 'prev_value': 144, 'change': 1}
2025-08-29 13:01:41,934 : INFO : EventManager : Event: ======'bumper_left_hit'====== Args={'profile': 'default', 'state': 'lit', 'advancing': False}
2025-08-29 13:01:41,934 : INFO : EventManager : Event: ======'bumper_left_default_hit'====== Args={'profile': 'default', 'state': 'lit', 'advancing': False}
2025-08-29 13:01:41,934 : INFO : EventManager : Event: ======'bumper_left_default_lit_hit'====== Args={'profile': 'default', 'state': 'lit', 'advancing': False}
2025-08-29 13:01:41,934 : INFO : EventManager : Event: ======'bumper_left_lit_hit'====== Args={'profile': 'default', 'state': 'lit', 'advancing': False}
2025-08-29 13:01:41,935 : INFO : EventManager : Event: ======'bumpers_hit'====== Args={'shot': 'bumper_left'}
2025-08-29 13:01:41,935 : INFO : EventManager : Event: ======'bumpers_lit_hit'====== Args={'shot': 'bumper_left'}
2025-08-29 13:01:41,935 : INFO : EventManager : Event: ======'player_score'====== Args={'value': 7000, 'prev_value': 6000, 'change': 1000, 'player_num': 1, 'source': 'bumpers'}
2025-08-29 13:01:41,950 : INFO : SwitchController : <<<<<<< 's_bumper_center' active >>>>>>>
2025-08-29 13:01:41,950 : INFO : EventManager : Event: ======'playfield_active'====== Args={'source': 'bumper_center'}
2025-08-29 13:01:41,950 : INFO : EventManager : Event: ======'unexpected_ball_on_playfield'====== Args={}
2025-08-29 13:01:41,950 : INFO : EventManager : Event: ======'s_bumper_center_active'====== Args={}
2025-08-29 13:01:41,950 : INFO : EventManager : Event: ======'machine_var_audits_switches_s_bumper_center'====== Args={'value': 143, 'prev_value': 142, 'change': 1}
2025-08-29 13:01:41,951 : INFO : EventManager : Event: ======'machine_var_audits_shots_bumper_center'====== Args={'value': 143, 'prev_value': 142, 'change': 1}
2025-08-29 13:01:41,951 : INFO : EventManager : Event: ======'bumper_center_hit'====== Args={'profile': 'default', 'state': 'lit', 'advancing': False}
2025-08-29 13:01:41,951 : INFO : EventManager : Event: ======'bumper_center_default_hit'====== Args={'profile': 'default', 'state': 'lit', 'advancing': False}
2025-08-29 13:01:41,951 : INFO : EventManager : Event: ======'bumper_center_default_lit_hit'====== Args={'profile': 'default', 'state': 'lit', 'advancing': False}
2025-08-29 13:01:41,951 : INFO : EventManager : Event: ======'bumper_center_lit_hit'====== Args={'profile': 'default', 'state': 'lit', 'advancing': False}
2025-08-29 13:01:41,951 : INFO : EventManager : Event: ======'bumpers_hit'====== Args={'shot': 'bumper_center'}
2025-08-29 13:01:41,951 : INFO : EventManager : Event: ======'bumpers_lit_hit'====== Args={'shot': 'bumper_center'}
2025-08-29 13:01:41,952 : INFO : EventManager : Event: ======'player_score'====== Args={'value': 8000, 'prev_value': 7000, 'change': 1000, 'player_num': 1, 'source': 'bumpers'}
2025-08-29 13:01:41,967 : INFO : SwitchController : <<<<<<< 's_bumper_right' inactive >>>>>>>
2025-08-29 13:01:42,033 : INFO : SwitchController : <<<<<<< 's_bumper_right' active >>>>>>>
2025-08-29 13:01:42,033 : INFO : EventManager : Event: ======'playfield_active'====== Args={'source': 'bumper_right'}
2025-08-29 13:01:42,033 : INFO : EventManager : Event: ======'unexpected_ball_on_playfield'====== Args={}
2025-08-29 13:01:42,033 : INFO : EventManager : Event: ======'s_bumper_right_active'====== Args={}
2025-08-29 13:01:42,033 : INFO : EventManager : Event: ======'machine_var_audits_switches_s_bumper_right'====== Args={'value': 149, 'prev_value': 148, 'change': 1}
2025-08-29 13:01:42,034 : INFO : EventManager : Event: ======'machine_var_audits_shots_bumper_right'====== Args={'value': 149, 'prev_value': 148, 'change': 1}
2025-08-29 13:01:42,034 : INFO : EventManager : Event: ======'bumper_right_hit'====== Args={'profile': 'default', 'state': 'lit', 'advancing': False}
2025-08-29 13:01:42,034 : INFO : EventManager : Event: ======'bumper_right_default_hit'====== Args={'profile': 'default', 'state': 'lit', 'advancing': False}
2025-08-29 13:01:42,034 : INFO : EventManager : Event: ======'bumper_right_default_lit_hit'====== Args={'profile': 'default', 'state': 'lit', 'advancing': False}
2025-08-29 13:01:42,034 : INFO : EventManager : Event: ======'bumper_right_lit_hit'====== Args={'profile': 'default', 'state': 'lit', 'advancing': False}
2025-08-29 13:01:42,034 : INFO : EventManager : Event: ======'bumpers_hit'====== Args={'shot': 'bumper_right'}
2025-08-29 13:01:42,034 : INFO : EventManager : Event: ======'bumpers_lit_hit'====== Args={'shot': 'bumper_right'}
2025-08-29 13:01:42,034 : INFO : EventManager : Event: ======'player_score'====== Args={'value': 9000, 'prev_value': 8000, 'change': 1000, 'player_num': 1, 'source': 'bumpers'}
2025-08-29 13:01:42,049 : INFO : SwitchController : <<<<<<< 's_bumper_left' inactive >>>>>>>
2025-08-29 13:01:42,083 : INFO : EventManager : Event: ======'balldevice_bd_trough_ball_eject_failed'====== Args={'target': <ball_device.bd_plunger>, 'balls': 1, 'retry': True, 'num_attempts': 1}
2025-08-29 13:01:42,083 : INFO : SwitchController : <<<<<<< 's_bumper_center' inactive >>>>>>>
2025-08-29 13:01:42,084 : INFO : ball_device.bd_trough : State: waiting_for_target_ready
2025-08-29 13:01:42,084 : INFO : EventManager : Event: ======'balldevice_bd_trough_ball_eject_attempt'====== Args={'balls': 1, 'target': <ball_device.bd_plunger>, 'source': <ball_device.bd_trough>, 'mechanical_eject': False, 'num_attempts': 1}
2025-08-29 13:01:42,084 : INFO : ball_device.bd_trough : State: ejecting
2025-08-29 13:01:42,084 : INFO : ball_device.bd_trough : Ejecting ball to <ball_device.bd_plunger>
2025-08-29 13:01:42,084 : INFO : EventManager : Event: ======'balldevice_bd_trough_ejecting_ball'====== Args={'balls': 1, 'target': <ball_device.bd_plunger>, 'source': <ball_device.bd_trough>, 'mechanical_eject': False, 'num_attempts': 1}
2025-08-29 13:01:42,085 : INFO : ball_device.bd_trough : Wait for ball to leave device
2025-08-29 13:01:42,085 : INFO : coil.c_trough_eject : Pulsing Driver for 10ms (1.0 pulse_power)
2025-08-29 13:01:42,167 : INFO : SwitchController : <<<<<<< 's_bumper_right' inactive >>>>>>>
2025-08-29 13:01:52,095 : INFO : EventManager : Event: ======'balldevice_bd_trough_ball_eject_failed'====== Args={'target': <ball_device.bd_plunger>, 'balls': 1, 'retry': True, 'num_attempts': 2}
2025-08-29 13:01:52,095 : INFO : ball_device.bd_trough : State: waiting_for_target_ready
2025-08-29 13:01:52,095 : INFO : EventManager : Event: ======'balldevice_bd_trough_ball_eject_attempt'====== Args={'balls': 1, 'target': <ball_device.bd_plunger>, 'source': <ball_device.bd_trough>, 'mechanical_eject': False, 'num_attempts': 2}
2025-08-29 13:01:52,095 : INFO : ball_device.bd_trough : State: ejecting
2025-08-29 13:01:52,095 : INFO : ball_device.bd_trough : Ejecting ball to <ball_device.bd_plunger>
2025-08-29 13:01:52,095 : INFO : EventManager : Event: ======'balldevice_bd_trough_ejecting_ball'====== Args={'balls': 1, 'target': <ball_device.bd_plunger>, 'source': <ball_device.bd_trough>, 'mechanical_eject': False, 'num_attempts': 2}
2025-08-29 13:01:52,096 : INFO : ball_device.bd_trough : Wait for ball to leave device
2025-08-29 13:01:52,096 : INFO : coil.c_trough_eject : Pulsing Driver for 10ms (1.0 pulse_power)
2025-08-29 13:01:59,576 : INFO : Machine : Shutting down...
2025-08-29 13:01:59,576 : INFO : EventManager : Event: ======'shutdown'====== Args={}
2025-08-29 13:01:59,577 : INFO : EventManager : Event: ======'mode_game_will_stop'====== Args={}
2025-08-29 13:01:59,577 : INFO : EventManager : Event: ======'mode_game_stopping'====== Args={}
2025-08-29 13:01:59,578 : INFO : EventManager : Event: ======'mode_bumpers_will_stop'====== Args={}
2025-08-29 13:01:59,578 : INFO : EventManager : Event: ======'mode_bumpers_stopping'====== Args={}
2025-08-29 13:01:59,578 : INFO : EventManager : Event: ======'mode_base_will_stop'====== Args={}
2025-08-29 13:01:59,578 : INFO : EventManager : Event: ======'mode_base_stopping'====== Args={}
2025-08-29 13:01:59,578 : INFO : EventManager : Event: ======'stop_mode_bumpers'====== Args={'priority': 0}
2025-08-29 13:01:59,578 : INFO : Mode.base : Stopped.
2025-08-29 13:01:59,578 : INFO : EventManager : Event: ======'modes_active_modes_changed'====== Args={}
2025-08-29 13:01:59,579 : INFO : EventManager : Event: ======'mode_base_stopped'====== Args={}
2025-08-29 13:01:59,579 : INFO : EventManager : Event: ======'clear'====== Args={'key': 'base'}
2025-08-29 13:01:59,579 : INFO : Mode.bumpers : Stopped.
2025-08-29 13:01:59,579 : INFO : EventManager : Event: ======'modes_active_modes_changed'====== Args={}
2025-08-29 13:01:59,579 : INFO : EventManager : Event: ======'mode_bumpers_stopped'====== Args={}
2025-08-29 13:01:59,579 : INFO : EventManager : Event: ======'clear'====== Args={'key': 'bumpers'}
2025-08-29 13:01:59,580 : INFO : Mode.game : Stopped.
2025-08-29 13:01:59,580 : INFO : EventManager : Event: ======'modes_active_modes_changed'====== Args={}
2025-08-29 13:01:59,580 : INFO : EventManager : Event: ======'mode_game_stopped'====== Args={}
2025-08-29 13:01:59,580 : INFO : EventManager : Event: ======'clear'====== Args={'key': 'game'}
2025-08-29 13:01:59,582 : INFO : root : MPF run loop ended.
