2025-10-27 13:52:27,184 : INFO : root : Loading config.
2025-10-27 13:52:27,188 : INFO : YamlMultifileConfigLoader : Machine config file #1: config.yaml
2025-10-27 13:52:27,189 : INFO : ConfigProcessor : Loading config from cache: C:\Users\White\AppData\Local\Temp\cfa6ecba65704a931c9dd214c44986c8.mpf_cache
2025-10-27 13:52:27,305 : INFO : ConfigProcessor : Loading config from cache: C:\Users\White\AppData\Local\Temp\f98ffc0ff5962effface7d86bc406d5c.mpf_cache
2025-10-27 13:52:27,306 : INFO : ConfigProcessor : Loading config from cache: C:\Users\White\AppData\Local\Temp\91cc4d1c993c58dc354e34974b9cfeac.mpf_cache
2025-10-27 13:52:27,306 : INFO : ConfigProcessor : Loading config from cache: C:\Users\White\AppData\Local\Temp\f98ffc0ff5962effface7d86bc406d5c.mpf_cache
2025-10-27 13:52:27,307 : INFO : ConfigProcessor : Loading config from cache: C:\Users\White\AppData\Local\Temp\76792f1d686f89709887dba7bd69667a.mpf_cache
2025-10-27 13:52:27,308 : INFO : ConfigProcessor : Loading config from cache: C:\Users\White\AppData\Local\Temp\142bbae4707335cc8e3efaa4364c4893.mpf_cache
2025-10-27 13:52:27,308 : INFO : ConfigProcessor : Loading config from cache: C:\Users\White\AppData\Local\Temp\d069db2c83fe896d88972cde9b686138.mpf_cache
2025-10-27 13:52:27,320 : INFO : ConfigProcessor : Loading config from cache: C:\Users\White\AppData\Local\Temp\0f5f0ac41d1a2672d0d32cef2b12699e.mpf_cache
2025-10-27 13:52:27,320 : INFO : ConfigProcessor : Loading config from cache: C:\Users\White\AppData\Local\Temp\3a419899266be7cd41a083be5a3a8ebb.mpf_cache
2025-10-27 13:52:27,322 : INFO : ConfigProcessor : Loading config from cache: C:\Users\White\AppData\Local\Temp\82e20c7c6490dd2e5fed726a3aa8d652.mpf_cache
2025-10-27 13:52:27,323 : INFO : ConfigProcessor : Loading config from cache: C:\Users\White\AppData\Local\Temp\359114d5ba2a6ad6c93d1559776bbb30.mpf_cache
2025-10-27 13:52:27,325 : INFO : ConfigProcessor : Loading config from cache: C:\Users\White\AppData\Local\Temp\d421369d6df802e4e6f8aa58f446b1a6.mpf_cache
2025-10-27 13:52:27,325 : INFO : ConfigProcessor : Loading config from cache: C:\Users\White\AppData\Local\Temp\310aa541ce6545037d37da470e7bd790.mpf_cache
2025-10-27 13:52:27,327 : INFO : ConfigProcessor : Loading config from cache: C:\Users\White\AppData\Local\Temp\2151caa0419aeb1e56d3d8934477383e.mpf_cache
2025-10-27 13:52:27,330 : INFO : ConfigProcessor : Loading config from cache: C:\Users\White\AppData\Local\Temp\17003635873251b4f6841bf4ab3bdcdd.mpf_cache
2025-10-27 13:52:27,331 : INFO : ConfigProcessor : Loading config from cache: C:\Users\White\AppData\Local\Temp\f70c640a816343cb9040222d7a9269d3.mpf_cache
2025-10-27 13:52:27,332 : INFO : ConfigProcessor : Loading config from cache: C:\Users\White\AppData\Local\Temp\30922048be1d0c17ea15fc75f7fbfe10.mpf_cache
2025-10-27 13:52:27,335 : INFO : ConfigProcessor : Loading config from cache: C:\Users\White\AppData\Local\Temp\58d7809d3d969de03aaf131fc45863f8.mpf_cache
2025-10-27 13:52:27,336 : INFO : ConfigProcessor : Loading config from cache: C:\Users\White\AppData\Local\Temp\d380fa2863f93e197660f0281ffd272b.mpf_cache
2025-10-27 13:52:27,337 : INFO : ConfigProcessor : Loading config from cache: C:\Users\White\AppData\Local\Temp\88e41ae7dcea899a043a2f63da55a8b7.mpf_cache
2025-10-27 13:52:27,337 : INFO : Machine : Mission Pinball Framework Core Engine v0.80.0.dev9
2025-10-27 13:52:27,337 : INFO : Machine : Command line arguments: {'no_load_cache': False, 'create_config_cache': True, 'bcp': True, 'configfile': ['config.yaml'], 'force_assets_load': False, 'platform_integration_test': False, 'jsonlogging': False, 'logfile': 'logs\\2025-10-27-13-52-27-mpf-TopGunPinball.log', 'pause': False, 'production': False, 'text_ui': False, 'loglevel': 15, 'consoleloglevel': 20, 'force_platform': 'virtual', 'syslog_address': None, 'full_logfile_path': 'C:\\Users\\White\\Documents\\Top_Gun_Pinball\\logs\\2025-10-27-13-52-27-mpf-TopGunPinball.log'}
2025-10-27 13:52:27,337 : INFO : Machine : MPF path: C:\Users\White\mpf\Lib\site-packages\mpf
2025-10-27 13:52:27,337 : INFO : Machine : Machine path: C:\Users\White\Documents\Top_Gun_Pinball
2025-10-27 13:52:27,337 : INFO : Machine : Platform: win32
2025-10-27 13:52:27,337 : INFO : Machine : Python executable location: C:\Users\White\mpf\Scripts\python.exe
2025-10-27 13:52:27,338 : INFO : Machine : Python version: 3.12.7 (64-bit)
2025-10-27 13:52:27,340 : INFO : Machine : Initializing MPF...
2025-10-27 13:52:27,432 : INFO : EventManager : Event: ======'machine_var_credits_string'====== Args={'value': 'FREE PLAY', 'prev_value': None, 'change': True}
2025-10-27 13:52:27,460 : INFO : EventManager : Event: ======'machine_var_master_volume'====== Args={'value': 0.5, 'prev_value': None, 'change': True}
2025-10-27 13:52:27,460 : INFO : EventManager : Event: ======'machine_var_player1_score'====== Args={'value': 2229000, 'prev_value': None, 'change': True}
2025-10-27 13:52:27,460 : INFO : EventManager : Event: ======'machine_var_mpf_version'====== Args={'value': 'Mission Pinball Framework v0.80.0.dev9', 'prev_value': None, 'change': True}
2025-10-27 13:52:27,460 : INFO : EventManager : Event: ======'machine_var_mpf_extended_version'====== Args={'value': 'Mission Pinball Framework v0.80.0.dev9, Config version:6, Show version: 6, BCP version:1.1', 'prev_value': None, 'change': True}
2025-10-27 13:52:27,460 : INFO : EventManager : Event: ======'machine_var_python_version'====== Args={'value': '3.12.7', 'prev_value': None, 'change': True}
2025-10-27 13:52:27,554 : INFO : EventManager : Event: ======'machine_var_platform'====== Args={'value': 'Windows-11-10.0.26100-SP0', 'prev_value': None, 'change': True}
2025-10-27 13:52:27,554 : INFO : EventManager : Event: ======'machine_var_platform_system'====== Args={'value': 'Windows', 'prev_value': None, 'change': True}
2025-10-27 13:52:27,554 : INFO : EventManager : Event: ======'machine_var_platform_release'====== Args={'value': '11', 'prev_value': None, 'change': True}
2025-10-27 13:52:27,554 : INFO : EventManager : Event: ======'machine_var_platform_version'====== Args={'value': '10.0.26100', 'prev_value': None, 'change': True}
2025-10-27 13:52:27,554 : INFO : EventManager : Event: ======'machine_var_platform_machine'====== Args={'value': 'AMD64', 'prev_value': None, 'change': True}
2025-10-27 13:52:27,554 : INFO : EventManager : Event: ======'machine_var_log_file_path'====== Args={'value': 'C:\\Users\\White\\Documents\\Top_Gun_Pinball\\logs\\2025-10-27-13-52-27-mpf-TopGunPinball.log', 'prev_value': None, 'change': True}
2025-10-27 13:52:27,556 : INFO : EventManager : Event: ======'init_phase_1'====== Args={}
2025-10-27 13:52:27,601 : INFO : EventManager : Event: ======'init_phase_2'====== Args={}
2025-10-27 13:52:27,601 : INFO : SwitchController : Found active switch: ('playfield_board_lower-3208-0', <Platform.Virtual>) <switch.s_trough_1>
2025-10-27 13:52:27,601 : INFO : SwitchController : Found active switch: ('playfield_board_lower-3208-1', <Platform.Virtual>) <switch.s_trough_2>
2025-10-27 13:52:27,601 : INFO : SwitchController : Found active switch: ('playfield_board_lower-3208-2', <Platform.Virtual>) <switch.s_trough_3>
2025-10-27 13:52:27,601 : INFO : SwitchController : Found active switch: ('playfield_board_lower-3208-3', <Platform.Virtual>) <switch.s_trough_4>
2025-10-27 13:52:27,601 : INFO : SwitchController : Found active switch: ('playfield_board_lower-3208-4', <Platform.Virtual>) <switch.s_trough_5>
2025-10-27 13:52:27,601 : INFO : SwitchController : Found active switch: ('playfield_board_lower-3208-5', <Platform.Virtual>) <switch.s_trough_6>
2025-10-27 13:52:27,621 : INFO : EventManager : Event: ======'bcp_connection_attempt'====== Args={'name': 'local_display', 'host': 'localhost', 'port': 5050}
2025-10-27 13:52:27,624 : INFO : BCPClientSocket : Connecting BCP to 'local_display' at localhost:5050...
2025-10-27 13:52:27,634 : INFO : BCPClientSocket : Connected BCP to 'local_display' localhost:5050
2025-10-27 13:52:27,635 : INFO : EventManager : Event: ======'bcp_clients_connected'====== Args={}
2025-10-27 13:52:27,635 : INFO : ball_device.bd_plunger : BCH: Initial count: 0
2025-10-27 13:52:27,636 : INFO : ball_device.bd_plunger : State: idle
2025-10-27 13:52:27,636 : INFO : ball_device.bd_trough : BCH: Initial count: 6
2025-10-27 13:52:27,636 : INFO : ball_device.bd_trough : State: idle
2025-10-27 13:52:27,637 : INFO : ball_device.bd_lock_elevator : BCH: Initial count: 0
2025-10-27 13:52:27,637 : INFO : ball_device.bd_lock_elevator : State: idle
2025-10-27 13:52:27,637 : INFO : ball_device.bd_mode_scoop : BCH: Initial count: 0
2025-10-27 13:52:27,637 : INFO : ball_device.bd_mode_scoop : State: idle
2025-10-27 13:52:27,664 : INFO : EventManager : Event: ======'init_phase_3'====== Args={}
2025-10-27 13:52:28,186 : INFO : EventManager : Event: ======'init_phase_4'====== Args={}
2025-10-27 13:52:28,186 : INFO : BallController : Initial balls found: 6
2025-10-27 13:52:28,187 : INFO : EventManager : Event: ======'machine_var_audits_events_game_ended'====== Args={'value': 2, 'prev_value': None, 'change': True}
2025-10-27 13:52:28,187 : INFO : EventManager : Event: ======'machine_var_audits_events_game_started'====== Args={'value': 265, 'prev_value': None, 'change': True}
2025-10-27 13:52:28,187 : INFO : EventManager : Event: ======'machine_var_audits_missing_switches_s_a_iceman_target'====== Args={'value': 35, 'prev_value': None, 'change': True}
2025-10-27 13:52:28,187 : INFO : EventManager : Event: ======'machine_var_audits_missing_switches_s_barrier_target'====== Args={'value': 13, 'prev_value': None, 'change': True}
2025-10-27 13:52:28,187 : INFO : EventManager : Event: ======'machine_var_audits_missing_switches_s_bumper_center'====== Args={'value': 19, 'prev_value': None, 'change': True}
2025-10-27 13:52:28,187 : INFO : EventManager : Event: ======'machine_var_audits_missing_switches_s_bumper_left'====== Args={'value': 6, 'prev_value': None, 'change': True}
2025-10-27 13:52:28,187 : INFO : EventManager : Event: ======'machine_var_audits_missing_switches_s_bumper_right'====== Args={'value': 58, 'prev_value': None, 'change': True}
2025-10-27 13:52:28,187 : INFO : EventManager : Event: ======'machine_var_audits_missing_switches_s_c_iceman_target'====== Args={'value': 99, 'prev_value': None, 'change': True}
2025-10-27 13:52:28,188 : INFO : EventManager : Event: ======'machine_var_audits_missing_switches_s_c_lock_target'====== Args={'value': 25, 'prev_value': None, 'change': True}
2025-10-27 13:52:28,188 : INFO : EventManager : Event: ======'machine_var_audits_missing_switches_s_coin_door'====== Args={'value': 152, 'prev_value': None, 'change': True}
2025-10-27 13:52:28,188 : INFO : EventManager : Event: ======'machine_var_audits_missing_switches_s_coin_door_credit_left'====== Args={'value': 59, 'prev_value': None, 'change': True}
2025-10-27 13:52:28,188 : INFO : EventManager : Event: ======'machine_var_audits_missing_switches_s_coin_door_credit_right'====== Args={'value': 59, 'prev_value': None, 'change': True}
2025-10-27 13:52:28,188 : INFO : EventManager : Event: ======'machine_var_audits_missing_switches_s_coin_door_service_1'====== Args={'value': 152, 'prev_value': None, 'change': True}
2025-10-27 13:52:28,188 : INFO : EventManager : Event: ======'machine_var_audits_missing_switches_s_coin_door_service_2'====== Args={'value': 152, 'prev_value': None, 'change': True}
2025-10-27 13:52:28,188 : INFO : EventManager : Event: ======'machine_var_audits_missing_switches_s_coin_door_service_3'====== Args={'value': 152, 'prev_value': None, 'change': True}
2025-10-27 13:52:28,188 : INFO : EventManager : Event: ======'machine_var_audits_missing_switches_s_coin_door_service_4'====== Args={'value': 152, 'prev_value': None, 'change': True}
2025-10-27 13:52:28,188 : INFO : EventManager : Event: ======'machine_var_audits_missing_switches_s_e_iceman_target'====== Args={'value': 8, 'prev_value': None, 'change': True}
2025-10-27 13:52:28,188 : INFO : EventManager : Event: ======'machine_var_audits_missing_switches_s_flight_gear_target'====== Args={'value': 6, 'prev_value': None, 'change': True}
2025-10-27 13:52:28,188 : INFO : EventManager : Event: ======'machine_var_audits_missing_switches_s_flipper_left'====== Args={'value': 210, 'prev_value': None, 'change': True}
2025-10-27 13:52:28,188 : INFO : EventManager : Event: ======'machine_var_audits_missing_switches_s_flipper_left_eos'====== Args={'value': 212, 'prev_value': None, 'change': True}
2025-10-27 13:52:28,188 : INFO : EventManager : Event: ======'machine_var_audits_missing_switches_s_flipper_left_upper'====== Args={'value': 214, 'prev_value': None, 'change': True}
2025-10-27 13:52:28,188 : INFO : EventManager : Event: ======'machine_var_audits_missing_switches_s_flipper_left_upper_eos'====== Args={'value': 212, 'prev_value': None, 'change': True}
2025-10-27 13:52:28,188 : INFO : EventManager : Event: ======'machine_var_audits_missing_switches_s_flipper_right'====== Args={'value': 148, 'prev_value': None, 'change': True}
2025-10-27 13:52:28,188 : INFO : EventManager : Event: ======'machine_var_audits_missing_switches_s_flipper_right_eos'====== Args={'value': 212, 'prev_value': None, 'change': True}
2025-10-27 13:52:28,188 : INFO : EventManager : Event: ======'machine_var_audits_missing_switches_s_i_iceman_target'====== Args={'value': 11, 'prev_value': None, 'change': True}
2025-10-27 13:52:28,188 : INFO : EventManager : Event: ======'machine_var_audits_missing_switches_s_inlane_left'====== Args={'value': 145, 'prev_value': None, 'change': True}
2025-10-27 13:52:28,188 : INFO : EventManager : Event: ======'machine_var_audits_missing_switches_s_inner_inlane_right'====== Args={'value': 25, 'prev_value': None, 'change': True}
2025-10-27 13:52:28,188 : INFO : EventManager : Event: ======'machine_var_audits_missing_switches_s_jam'====== Args={'value': 151, 'prev_value': None, 'change': True}
2025-10-27 13:52:28,188 : INFO : EventManager : Event: ======'machine_var_audits_missing_switches_s_k_lock_target'====== Args={'value': 149, 'prev_value': None, 'change': True}
2025-10-27 13:52:28,188 : INFO : EventManager : Event: ======'machine_var_audits_missing_switches_s_l_lock_target'====== Args={'value': 149, 'prev_value': None, 'change': True}
2025-10-27 13:52:28,188 : INFO : EventManager : Event: ======'machine_var_audits_missing_switches_s_lane_left'====== Args={'value': 6, 'prev_value': None, 'change': True}
2025-10-27 13:52:28,189 : INFO : EventManager : Event: ======'machine_var_audits_missing_switches_s_lane_right'====== Args={'value': 1, 'prev_value': None, 'change': True}
2025-10-27 13:52:28,189 : INFO : EventManager : Event: ======'machine_var_audits_missing_switches_s_lock_goose'====== Args={'value': 214, 'prev_value': None, 'change': True}
2025-10-27 13:52:28,189 : INFO : EventManager : Event: ======'machine_var_audits_missing_switches_s_lock_mav'====== Args={'value': 214, 'prev_value': None, 'change': True}
2025-10-27 13:52:28,189 : INFO : EventManager : Event: ======'machine_var_audits_missing_switches_s_lock_plunger'====== Args={'value': 48, 'prev_value': None, 'change': True}
2025-10-27 13:52:28,189 : INFO : EventManager : Event: ======'machine_var_audits_missing_switches_s_m_iceman_target'====== Args={'value': 12, 'prev_value': None, 'change': True}
2025-10-27 13:52:28,189 : INFO : EventManager : Event: ======'machine_var_audits_missing_switches_s_mig_lane_left'====== Args={'value': 3, 'prev_value': None, 'change': True}
2025-10-27 13:52:28,189 : INFO : EventManager : Event: ======'machine_var_audits_missing_switches_s_mig_lane_right'====== Args={'value': 49, 'prev_value': None, 'change': True}
2025-10-27 13:52:28,189 : INFO : EventManager : Event: ======'machine_var_audits_missing_switches_s_mode_start'====== Args={'value': 214, 'prev_value': None, 'change': True}
2025-10-27 13:52:28,189 : INFO : EventManager : Event: ======'machine_var_audits_missing_switches_s_n_iceman_target'====== Args={'value': 1, 'prev_value': None, 'change': True}
2025-10-27 13:52:28,189 : INFO : EventManager : Event: ======'machine_var_audits_missing_switches_s_o_lock_target'====== Args={'value': 149, 'prev_value': None, 'change': True}
2025-10-27 13:52:28,189 : INFO : EventManager : Event: ======'machine_var_audits_missing_switches_s_orbit_left'====== Args={'value': 6, 'prev_value': None, 'change': True}
2025-10-27 13:52:28,189 : INFO : EventManager : Event: ======'machine_var_audits_missing_switches_s_orbit_lower'====== Args={'value': 49, 'prev_value': None, 'change': True}
2025-10-27 13:52:28,189 : INFO : EventManager : Event: ======'machine_var_audits_missing_switches_s_orbit_right'====== Args={'value': 49, 'prev_value': None, 'change': True}
2025-10-27 13:52:28,189 : INFO : EventManager : Event: ======'machine_var_audits_missing_switches_s_orbit_upper'====== Args={'value': 6, 'prev_value': None, 'change': True}
2025-10-27 13:52:28,189 : INFO : EventManager : Event: ======'machine_var_audits_missing_switches_s_outer_inlane_right'====== Args={'value': 25, 'prev_value': None, 'change': True}
2025-10-27 13:52:28,189 : INFO : EventManager : Event: ======'machine_var_audits_missing_switches_s_outlane_left'====== Args={'value': 214, 'prev_value': None, 'change': True}
2025-10-27 13:52:28,189 : INFO : EventManager : Event: ======'machine_var_audits_missing_switches_s_outlane_right'====== Args={'value': 151, 'prev_value': None, 'change': True}
2025-10-27 13:52:28,189 : INFO : EventManager : Event: ======'machine_var_audits_missing_switches_s_plunger_lane'====== Args={'value': 10, 'prev_value': None, 'change': True}
2025-10-27 13:52:28,189 : INFO : EventManager : Event: ======'machine_var_audits_missing_switches_s_ramp_inner_exit'====== Args={'value': 4, 'prev_value': None, 'change': True}
2025-10-27 13:52:28,189 : INFO : EventManager : Event: ======'machine_var_audits_missing_switches_s_ramp_left_exit'====== Args={'value': 214, 'prev_value': None, 'change': True}
2025-10-27 13:52:28,189 : INFO : EventManager : Event: ======'machine_var_audits_missing_switches_s_ramp_right_exit'====== Args={'value': 6, 'prev_value': None, 'change': True}
2025-10-27 13:52:28,189 : INFO : EventManager : Event: ======'machine_var_audits_missing_switches_s_ramp_tower_exit'====== Args={'value': 6, 'prev_value': None, 'change': True}
2025-10-27 13:52:28,189 : INFO : EventManager : Event: ======'machine_var_audits_missing_switches_s_slingshot_left'====== Args={'value': 149, 'prev_value': None, 'change': True}
2025-10-27 13:52:28,189 : INFO : EventManager : Event: ======'machine_var_audits_missing_switches_s_slingshot_right'====== Args={'value': 149, 'prev_value': None, 'change': True}
2025-10-27 13:52:28,189 : INFO : EventManager : Event: ======'machine_var_audits_missing_switches_s_spinner'====== Args={'value': 6, 'prev_value': None, 'change': True}
2025-10-27 13:52:28,190 : INFO : EventManager : Event: ======'machine_var_audits_missing_switches_s_start'====== Args={'value': 12, 'prev_value': None, 'change': True}
2025-10-27 13:52:28,190 : INFO : EventManager : Event: ======'machine_var_audits_missing_switches_s_tilt'====== Args={'value': 152, 'prev_value': None, 'change': True}
2025-10-27 13:52:28,190 : INFO : EventManager : Event: ======'machine_var_audits_missing_switches_s_trough_1'====== Args={'value': 190, 'prev_value': None, 'change': True}
2025-10-27 13:52:28,190 : INFO : EventManager : Event: ======'machine_var_audits_missing_switches_s_trough_2'====== Args={'value': 190, 'prev_value': None, 'change': True}
2025-10-27 13:52:28,190 : INFO : EventManager : Event: ======'machine_var_audits_missing_switches_s_trough_3'====== Args={'value': 190, 'prev_value': None, 'change': True}
2025-10-27 13:52:28,190 : INFO : EventManager : Event: ======'machine_var_audits_missing_switches_s_trough_4'====== Args={'value': 265, 'prev_value': None, 'change': True}
2025-10-27 13:52:28,190 : INFO : EventManager : Event: ======'machine_var_audits_missing_switches_s_trough_5'====== Args={'value': 265, 'prev_value': None, 'change': True}
2025-10-27 13:52:28,190 : INFO : EventManager : Event: ======'machine_var_audits_missing_switches_s_trough_6'====== Args={'value': 7, 'prev_value': None, 'change': True}
2025-10-27 13:52:28,190 : INFO : EventManager : Event: ======'machine_var_audits_player_score'====== Args={'value': {'average': 787666, 'top': [2229000, 73000, 61000], 'total': 3}, 'prev_value': None, 'change': True}
2025-10-27 13:52:28,190 : INFO : EventManager : Event: ======'machine_var_audits_shots_bumper_center'====== Args={'value': 501, 'prev_value': None, 'change': True}
2025-10-27 13:52:28,190 : INFO : EventManager : Event: ======'machine_var_audits_shots_bumper_left'====== Args={'value': 564, 'prev_value': None, 'change': True}
2025-10-27 13:52:28,190 : INFO : EventManager : Event: ======'machine_var_audits_shots_bumper_right'====== Args={'value': 369, 'prev_value': None, 'change': True}
2025-10-27 13:52:28,190 : INFO : EventManager : Event: ======'machine_var_audits_shots_mach_ramp'====== Args={'value': 38, 'prev_value': None, 'change': True}
2025-10-27 13:52:28,190 : INFO : EventManager : Event: ======'machine_var_audits_shots_mig_lane_left'====== Args={'value': 91, 'prev_value': None, 'change': True}
2025-10-27 13:52:28,190 : INFO : EventManager : Event: ======'machine_var_audits_shots_mig_lane_right'====== Args={'value': 13, 'prev_value': None, 'change': True}
2025-10-27 13:52:28,190 : INFO : EventManager : Event: ======'machine_var_audits_shots_orbit_upper'====== Args={'value': 13, 'prev_value': None, 'change': True}
2025-10-27 13:52:28,190 : INFO : EventManager : Event: ======'machine_var_audits_shots_ramp_inner'====== Args={'value': 38, 'prev_value': None, 'change': True}
2025-10-27 13:52:28,190 : INFO : EventManager : Event: ======'machine_var_audits_shots_spinner'====== Args={'value': 5, 'prev_value': None, 'change': True}
2025-10-27 13:52:28,190 : INFO : EventManager : Event: ======'machine_var_audits_switches_s_a_iceman_target'====== Args={'value': 27, 'prev_value': None, 'change': True}
2025-10-27 13:52:28,190 : INFO : EventManager : Event: ======'machine_var_audits_switches_s_barrier_target'====== Args={'value': 8, 'prev_value': None, 'change': True}
2025-10-27 13:52:28,190 : INFO : EventManager : Event: ======'machine_var_audits_switches_s_bumper_center'====== Args={'value': 521, 'prev_value': None, 'change': True}
2025-10-27 13:52:28,190 : INFO : EventManager : Event: ======'machine_var_audits_switches_s_bumper_left'====== Args={'value': 595, 'prev_value': None, 'change': True}
2025-10-27 13:52:28,191 : INFO : EventManager : Event: ======'machine_var_audits_switches_s_bumper_right'====== Args={'value': 375, 'prev_value': None, 'change': True}
2025-10-27 13:52:28,191 : INFO : EventManager : Event: ======'machine_var_audits_switches_s_c_iceman_target'====== Args={'value': 41, 'prev_value': None, 'change': True}
2025-10-27 13:52:28,191 : INFO : EventManager : Event: ======'machine_var_audits_switches_s_c_lock_target'====== Args={'value': 5, 'prev_value': None, 'change': True}
2025-10-27 13:52:28,191 : INFO : EventManager : Event: ======'machine_var_audits_switches_s_coin_door'====== Args={'value': 0, 'prev_value': None, 'change': True}
2025-10-27 13:52:28,191 : INFO : EventManager : Event: ======'machine_var_audits_switches_s_coin_door_credit_left'====== Args={'value': 0, 'prev_value': None, 'change': True}
2025-10-27 13:52:28,191 : INFO : EventManager : Event: ======'machine_var_audits_switches_s_coin_door_credit_right'====== Args={'value': 0, 'prev_value': None, 'change': True}
2025-10-27 13:52:28,191 : INFO : EventManager : Event: ======'machine_var_audits_switches_s_coin_door_service_1'====== Args={'value': 0, 'prev_value': None, 'change': True}
2025-10-27 13:52:28,191 : INFO : EventManager : Event: ======'machine_var_audits_switches_s_coin_door_service_2'====== Args={'value': 0, 'prev_value': None, 'change': True}
2025-10-27 13:52:28,191 : INFO : EventManager : Event: ======'machine_var_audits_switches_s_coin_door_service_3'====== Args={'value': 0, 'prev_value': None, 'change': True}
2025-10-27 13:52:28,191 : INFO : EventManager : Event: ======'machine_var_audits_switches_s_coin_door_service_4'====== Args={'value': 0, 'prev_value': None, 'change': True}
2025-10-27 13:52:28,191 : INFO : EventManager : Event: ======'machine_var_audits_switches_s_e_iceman_target'====== Args={'value': 58, 'prev_value': None, 'change': True}
2025-10-27 13:52:28,191 : INFO : EventManager : Event: ======'machine_var_audits_switches_s_flight_gear_target'====== Args={'value': 54, 'prev_value': None, 'change': True}
2025-10-27 13:52:28,191 : INFO : EventManager : Event: ======'machine_var_audits_switches_s_flipper_left'====== Args={'value': 9, 'prev_value': None, 'change': True}
2025-10-27 13:52:28,191 : INFO : EventManager : Event: ======'machine_var_audits_switches_s_flipper_left_eos'====== Args={'value': 0, 'prev_value': None, 'change': True}
2025-10-27 13:52:28,191 : INFO : EventManager : Event: ======'machine_var_audits_switches_s_flipper_left_upper'====== Args={'value': 0, 'prev_value': None, 'change': True}
2025-10-27 13:52:28,191 : INFO : EventManager : Event: ======'machine_var_audits_switches_s_flipper_left_upper_eos'====== Args={'value': 0, 'prev_value': None, 'change': True}
2025-10-27 13:52:28,191 : INFO : EventManager : Event: ======'machine_var_audits_switches_s_flipper_right'====== Args={'value': 17, 'prev_value': None, 'change': True}
2025-10-27 13:52:28,191 : INFO : EventManager : Event: ======'machine_var_audits_switches_s_flipper_right_eos'====== Args={'value': 0, 'prev_value': None, 'change': True}
2025-10-27 13:52:28,191 : INFO : EventManager : Event: ======'machine_var_audits_switches_s_i_iceman_target'====== Args={'value': 10, 'prev_value': None, 'change': True}
2025-10-27 13:52:28,191 : INFO : EventManager : Event: ======'machine_var_audits_switches_s_inlane_left'====== Args={'value': 53, 'prev_value': None, 'change': True}
2025-10-27 13:52:28,191 : INFO : EventManager : Event: ======'machine_var_audits_switches_s_inner_inlane_right'====== Args={'value': 4, 'prev_value': None, 'change': True}
2025-10-27 13:52:28,191 : INFO : EventManager : Event: ======'machine_var_audits_switches_s_jam'====== Args={'value': 1, 'prev_value': None, 'change': True}
2025-10-27 13:52:28,191 : INFO : EventManager : Event: ======'machine_var_audits_switches_s_k_lock_target'====== Args={'value': 5, 'prev_value': None, 'change': True}
2025-10-27 13:52:28,191 : INFO : EventManager : Event: ======'machine_var_audits_switches_s_l_lock_target'====== Args={'value': 5, 'prev_value': None, 'change': True}
2025-10-27 13:52:28,192 : INFO : EventManager : Event: ======'machine_var_audits_switches_s_lane_left'====== Args={'value': 252, 'prev_value': None, 'change': True}
2025-10-27 13:52:28,192 : INFO : EventManager : Event: ======'machine_var_audits_switches_s_lane_right'====== Args={'value': 154, 'prev_value': None, 'change': True}
2025-10-27 13:52:28,192 : INFO : EventManager : Event: ======'machine_var_audits_switches_s_lock_goose'====== Args={'value': 0, 'prev_value': None, 'change': True}
2025-10-27 13:52:28,192 : INFO : EventManager : Event: ======'machine_var_audits_switches_s_lock_mav'====== Args={'value': 0, 'prev_value': None, 'change': True}
2025-10-27 13:52:28,192 : INFO : EventManager : Event: ======'machine_var_audits_switches_s_lock_plunger'====== Args={'value': 3, 'prev_value': None, 'change': True}
2025-10-27 13:52:28,192 : INFO : EventManager : Event: ======'machine_var_audits_switches_s_m_iceman_target'====== Args={'value': 31, 'prev_value': None, 'change': True}
2025-10-27 13:52:28,192 : INFO : EventManager : Event: ======'machine_var_audits_switches_s_mig_lane_left'====== Args={'value': 122, 'prev_value': None, 'change': True}
2025-10-27 13:52:28,192 : INFO : EventManager : Event: ======'machine_var_audits_switches_s_mig_lane_right'====== Args={'value': 16, 'prev_value': None, 'change': True}
2025-10-27 13:52:28,192 : INFO : EventManager : Event: ======'machine_var_audits_switches_s_mode_start'====== Args={'value': 0, 'prev_value': None, 'change': True}
2025-10-27 13:52:28,192 : INFO : EventManager : Event: ======'machine_var_audits_switches_s_n_iceman_target'====== Args={'value': 52, 'prev_value': None, 'change': True}
2025-10-27 13:52:28,192 : INFO : EventManager : Event: ======'machine_var_audits_switches_s_o_lock_target'====== Args={'value': 5, 'prev_value': None, 'change': True}
2025-10-27 13:52:28,192 : INFO : EventManager : Event: ======'machine_var_audits_switches_s_orbit_left'====== Args={'value': 58, 'prev_value': None, 'change': True}
2025-10-27 13:52:28,192 : INFO : EventManager : Event: ======'machine_var_audits_switches_s_orbit_lower'====== Args={'value': 2, 'prev_value': None, 'change': True}
2025-10-27 13:52:28,192 : INFO : EventManager : Event: ======'machine_var_audits_switches_s_orbit_right'====== Args={'value': 15, 'prev_value': None, 'change': True}
2025-10-27 13:52:28,192 : INFO : EventManager : Event: ======'machine_var_audits_switches_s_orbit_upper'====== Args={'value': 17, 'prev_value': None, 'change': True}
2025-10-27 13:52:28,192 : INFO : EventManager : Event: ======'machine_var_audits_switches_s_outer_inlane_right'====== Args={'value': 6, 'prev_value': None, 'change': True}
2025-10-27 13:52:28,192 : INFO : EventManager : Event: ======'machine_var_audits_switches_s_outlane_left'====== Args={'value': 0, 'prev_value': None, 'change': True}
2025-10-27 13:52:28,192 : INFO : EventManager : Event: ======'machine_var_audits_switches_s_outlane_right'====== Args={'value': 4, 'prev_value': None, 'change': True}
2025-10-27 13:52:28,192 : INFO : EventManager : Event: ======'machine_var_audits_switches_s_plunger_lane'====== Args={'value': 46, 'prev_value': None, 'change': True}
2025-10-27 13:52:28,192 : INFO : EventManager : Event: ======'machine_var_audits_switches_s_ramp_inner_exit'====== Args={'value': 82, 'prev_value': None, 'change': True}
2025-10-27 13:52:28,192 : INFO : EventManager : Event: ======'machine_var_audits_switches_s_ramp_left_exit'====== Args={'value': 0, 'prev_value': None, 'change': True}
2025-10-27 13:52:28,192 : INFO : EventManager : Event: ======'machine_var_audits_switches_s_ramp_right_exit'====== Args={'value': 7, 'prev_value': None, 'change': True}
2025-10-27 13:52:28,192 : INFO : EventManager : Event: ======'machine_var_audits_switches_s_ramp_tower_exit'====== Args={'value': 6, 'prev_value': None, 'change': True}
2025-10-27 13:52:28,193 : INFO : EventManager : Event: ======'machine_var_audits_switches_s_shooter_lane'====== Args={'value': 223, 'prev_value': None, 'change': True}
2025-10-27 13:52:28,193 : INFO : EventManager : Event: ======'machine_var_audits_switches_s_slingshot_left'====== Args={'value': 8, 'prev_value': None, 'change': True}
2025-10-27 13:52:28,193 : INFO : EventManager : Event: ======'machine_var_audits_switches_s_slingshot_right'====== Args={'value': 7, 'prev_value': None, 'change': True}
2025-10-27 13:52:28,193 : INFO : EventManager : Event: ======'machine_var_audits_switches_s_spinner'====== Args={'value': 112, 'prev_value': None, 'change': True}
2025-10-27 13:52:28,193 : INFO : EventManager : Event: ======'machine_var_audits_switches_s_start'====== Args={'value': 162, 'prev_value': None, 'change': True}
2025-10-27 13:52:28,193 : INFO : EventManager : Event: ======'machine_var_audits_switches_s_tilt'====== Args={'value': 0, 'prev_value': None, 'change': True}
2025-10-27 13:52:28,193 : INFO : EventManager : Event: ======'machine_var_audits_switches_s_trough_1'====== Args={'value': 2, 'prev_value': None, 'change': True}
2025-10-27 13:52:28,193 : INFO : EventManager : Event: ======'machine_var_audits_switches_s_trough_2'====== Args={'value': 1, 'prev_value': None, 'change': True}
2025-10-27 13:52:28,193 : INFO : EventManager : Event: ======'machine_var_audits_switches_s_trough_3'====== Args={'value': 1, 'prev_value': None, 'change': True}
2025-10-27 13:52:28,193 : INFO : EventManager : Event: ======'machine_var_audits_switches_s_trough_4'====== Args={'value': 0, 'prev_value': None, 'change': True}
2025-10-27 13:52:28,193 : INFO : EventManager : Event: ======'machine_var_audits_switches_s_trough_5'====== Args={'value': 0, 'prev_value': None, 'change': True}
2025-10-27 13:52:28,193 : INFO : EventManager : Event: ======'machine_var_audits_switches_s_trough_6'====== Args={'value': 159, 'prev_value': None, 'change': True}
2025-10-27 13:52:28,194 : INFO : EventManager : Event: ======'init_phase_5'====== Args={}
2025-10-27 13:52:28,194 : INFO : EventManager : Event: ======'init_done'====== Args={}
2025-10-27 13:52:28,195 : INFO : EventManager : Event: ======'machine_reset_phase_1'====== Args={}
2025-10-27 13:52:28,203 : INFO : EventManager : Event: ======'machine_reset_phase_2'====== Args={}
2025-10-27 13:52:28,203 : INFO : EventManager : Event: ======'machine_reset_phase_3'====== Args={}
2025-10-27 13:52:28,203 : INFO : EventManager : Event: ======'reset_complete'====== Args={}
2025-10-27 13:52:28,203 : INFO : EventManager : Event: ======'mode_attract_will_start'====== Args={}
2025-10-27 13:52:28,203 : INFO : Timer.attract_carousel_timer : Starting Timer.
2025-10-27 13:52:28,204 : INFO : EventManager : Event: ======'timer_attract_carousel_timer_started'====== Args={'ticks': 0, 'ticks_remaining': 1}
2025-10-27 13:52:28,204 : INFO : EventManager : Event: ======'timer_attract_carousel_timer_tick'====== Args={'ticks': 0, 'ticks_remaining': 1}
2025-10-27 13:52:28,205 : INFO : EventManager : Event: ======'mode_attract_starting'====== Args={}
2025-10-27 13:52:28,205 : INFO : Mode.attract : Started. Priority: 10
2025-10-27 13:52:28,205 : INFO : EventManager : Event: ======'modes_active_modes_changed'====== Args={}
2025-10-27 13:52:28,205 : INFO : EventManager : Event: ======'mode_attract_started'====== Args={}
2025-10-27 13:52:28,205 : INFO : EventManager : Event: ======'attract_cycle_step1'====== Args={'priority': 0}
2025-10-27 13:52:28,205 : INFO : EventManager : Event: ======'collecting_balls_complete'====== Args={}
2025-10-27 13:52:28,206 : INFO : EventManager : Event: ======'item_highlighted'====== Args={'carousel': 'attract', 'direction': None, 'item': 'title'}
2025-10-27 13:52:28,206 : INFO : EventManager : Event: ======'timer_attract_carousel_timer_tick'====== Args={'ticks': 0, 'ticks_remaining': 1}
2025-10-27 13:52:28,207 : INFO : Machine : Starting the main run loop with active modes: [<Mode.attract>]
2025-10-27 13:52:28,285 : INFO : EventManager : Event: ======'slide_attract_created'====== Args={'_from_bcp': True}
2025-10-27 13:52:28,286 : INFO : EventManager : Event: ======'slide__removed'====== Args={'_from_bcp': True}
2025-10-27 13:52:28,286 : INFO : EventManager : Event: ======'slide_attract_active'====== Args={'original_context': 'attract', 'original_calling_context': 'mode_attract_started', 'priority': 10.0, 'cmd': 'slides_play', '_from_bcp': True}
2025-10-27 13:52:28,661 : INFO : BcpServer : New client connected.
2025-10-27 13:52:33,130 : INFO : SwitchController : <<<<<<< 's_start' active >>>>>>>
2025-10-27 13:52:33,239 : INFO : SwitchController : <<<<<<< 's_start' inactive >>>>>>>
2025-10-27 13:52:33,239 : INFO : EventManager : Event: ======'request_to_start_game'====== Args={}
2025-10-27 13:52:33,240 : INFO : EventManager : Event: ======'game_start'====== Args={'buttons': [], 'hold_time': 0.10999999998603016}
2025-10-27 13:52:33,241 : INFO : EventManager : Event: ======'mode_game_will_start'====== Args={'buttons': [], 'hold_time': 0.10999999998603016}
2025-10-27 13:52:33,241 : INFO : EventManager : Event: ======'mode_game_starting'====== Args={'buttons': [], 'hold_time': 0.10999999998603016}
2025-10-27 13:52:33,242 : INFO : EventManager : Event: ======'mode_attract_will_stop'====== Args={}
2025-10-27 13:52:33,242 : INFO : EventManager : Event: ======'mode_attract_stopping'====== Args={}
2025-10-27 13:52:33,242 : INFO : Mode.game : Started. Priority: 20
2025-10-27 13:52:33,242 : INFO : EventManager : Event: ======'modes_active_modes_changed'====== Args={}
2025-10-27 13:52:33,243 : INFO : EventManager : Event: ======'mode_game_started'====== Args={'buttons': [], 'hold_time': 0.10999999998603016}
2025-10-27 13:52:33,243 : INFO : Mode.attract : Stopped.
2025-10-27 13:52:33,245 : INFO : EventManager : Event: ======'modes_active_modes_changed'====== Args={}
2025-10-27 13:52:33,245 : INFO : EventManager : Event: ======'mode_attract_stopped'====== Args={}
2025-10-27 13:52:33,245 : INFO : EventManager : Event: ======'clear'====== Args={'key': 'attract'}
2025-10-27 13:52:33,245 : INFO : Timer.attract_carousel_timer : Stopping Timer
2025-10-27 13:52:33,246 : INFO : EventManager : Event: ======'timer_attract_carousel_timer_stopped'====== Args={'ticks': 0, 'ticks_remaining': 1}
2025-10-27 13:52:33,246 : INFO : EventManager : Event: ======'game_will_start'====== Args={}
2025-10-27 13:52:33,246 : INFO : EventManager : Event: ======'game_starting'====== Args={'game': <Mode.game>}
2025-10-27 13:52:33,247 : INFO : EventManager : Unordered handler for class <Auditor> on event game_ended with priority 1. Handlers: [RegisteredHandler(callback=<bound method Auditor.disable of <Auditor>>, priority=1, kwargs={}, key=UUID('80ceb5c7-3a5a-4adb-99f1-3cd546d23438'), condition=None, blocking_facility=None), RegisteredHandler(callback=<bound method Auditor._save_audits of <Auditor>>, priority=1, kwargs={}, key=UUID('1f933500-05c0-4633-8102-e8585b063fe4'), condition=None, blocking_facility=None)]. The order of those handlers is not defined and they will be executed in random order. This might lead to race conditions and potential bugs.
2025-10-27 13:52:33,247 : INFO : EventManager : Event: ======'player_add_request'====== Args={}
2025-10-27 13:52:33,248 : INFO : EventManager : Event: ======'player_will_add'====== Args={'number': 1}
2025-10-27 13:52:33,248 : INFO : EventManager : Event: ======'player_adding'====== Args={'player': <Player 1>, 'number': 1}
2025-10-27 13:52:33,248 : INFO : EventManager : Event: ======'player_added'====== Args={'player': <Player 1>, 'num': 1}
2025-10-27 13:52:33,248 : INFO : Mode.game : Player added successfully. Total players: 1
2025-10-27 13:52:33,249 : INFO : EventManager : Event: ======'player_index'====== Args={'value': 0, 'prev_value': 0, 'change': 0, 'player_num': 1}
2025-10-27 13:52:33,249 : INFO : EventManager : Event: ======'player_number'====== Args={'value': 1, 'prev_value': 1, 'change': 0, 'player_num': 1}
2025-10-27 13:52:33,249 : INFO : EventManager : Event: ======'player_mach_level'====== Args={'value': 1.0, 'prev_value': 1.0, 'change': 0, 'player_num': 1}
2025-10-27 13:52:33,249 : INFO : EventManager : Event: ======'player_mach_step'====== Args={'value': 0, 'prev_value': 0, 'change': 0, 'player_num': 1}
2025-10-27 13:52:33,250 : INFO : EventManager : Event: ======'player_score'====== Args={'value': 0, 'prev_value': 0, 'change': 0, 'player_num': 1}
2025-10-27 13:52:33,250 : INFO : EventManager : Event: ======'game_started'====== Args={}
2025-10-27 13:52:33,251 : INFO : EventManager : Event: ======'player_turn_will_start'====== Args={'player': <Player 1>, 'number': 1}
2025-10-27 13:52:33,251 : INFO : EventManager : Event: ======'player_turn_starting'====== Args={'player': <Player 1>, 'number': 1}
2025-10-27 13:52:33,259 : INFO : EventManager : Event: ======'player_ball'====== Args={'value': 1, 'prev_value': 0, 'change': 1, 'player_num': 1}
2025-10-27 13:52:33,259 : INFO : EventManager : Event: ======'player_turn_started'====== Args={'player': <Player 1>, 'number': 1}
2025-10-27 13:52:33,261 : INFO : EventManager : Event: ======'ui_player_1_up'====== Args={'priority': 0}
2025-10-27 13:52:33,261 : INFO : EventManager : Event: ======'ball_will_start'====== Args={'player': 1, 'ball': 1, 'balls_remaining': 2, 'is_extra_ball': False}
2025-10-27 13:52:33,262 : INFO : EventManager : Event: ======'ball_starting'====== Args={'player': 1, 'ball': 1, 'balls_remaining': 2, 'is_extra_ball': False}
2025-10-27 13:52:33,263 : INFO : EventManager : Event: ======'mode_base_will_start'====== Args={'queue': <QueuedEvent>, 'player': 1, 'ball': 1, 'balls_remaining': 2, 'is_extra_ball': False}
2025-10-27 13:52:33,264 : INFO : EventManager : Event: ======'mode_base_starting'====== Args={'queue': <QueuedEvent>, 'player': 1, 'ball': 1, 'balls_remaining': 2, 'is_extra_ball': False}
2025-10-27 13:52:33,265 : INFO : Mode.base : Started. Priority: 100
2025-10-27 13:52:33,265 : INFO : EventManager : Event: ======'modes_active_modes_changed'====== Args={}
2025-10-27 13:52:33,265 : INFO : EventManager : Event: ======'mode_base_started'====== Args={'queue': <QueuedEvent>, 'player': 1, 'ball': 1, 'balls_remaining': 2, 'is_extra_ball': False}
2025-10-27 13:52:33,265 : INFO : EventManager : Event: ======'mode_mach_scoring_will_start'====== Args={'queue': <QueuedEvent>, 'player': 1, 'ball': 1, 'balls_remaining': 2, 'is_extra_ball': False}
2025-10-27 13:52:33,266 : INFO : EventManager : Event: ======'mode_mach_scoring_starting'====== Args={'queue': <QueuedEvent>, 'player': 1, 'ball': 1, 'balls_remaining': 2, 'is_extra_ball': False}
2025-10-27 13:52:33,266 : INFO : EventManager : Event: ======'mode_pilot_mission_qualifier_will_start'====== Args={'queue': <QueuedEvent>, 'player': 1, 'ball': 1, 'balls_remaining': 2, 'is_extra_ball': False}
2025-10-27 13:52:33,306 : INFO : EventManager : Event: ======'mode_pilot_mission_qualifier_starting'====== Args={'queue': <QueuedEvent>, 'player': 1, 'ball': 1, 'balls_remaining': 2, 'is_extra_ball': False}
2025-10-27 13:52:33,306 : INFO : EventManager : Event: ======'start_mode_bumpers'====== Args={'priority': 0}
2025-10-27 13:52:33,307 : INFO : EventManager : Event: ======'mode_bumpers_will_start'====== Args={'priority': 0}
2025-10-27 13:52:33,307 : INFO : EventManager : Event: ======'player_shot_bumper_left_enabled'====== Args={'value': True, 'prev_value': 0, 'change': 1, 'player_num': 1}
2025-10-27 13:52:33,307 : INFO : EventManager : Event: ======'player_shot_bumper_center_enabled'====== Args={'value': True, 'prev_value': 0, 'change': 1, 'player_num': 1}
2025-10-27 13:52:33,308 : INFO : EventManager : Event: ======'player_shot_bumper_right_enabled'====== Args={'value': True, 'prev_value': 0, 'change': 1, 'player_num': 1}
2025-10-27 13:52:33,308 : INFO : EventManager : Event: ======'bumpers_complete'====== Args={'state': 'unlit'}
2025-10-27 13:52:33,308 : INFO : EventManager : Event: ======'bumpers_unlit_complete'====== Args={}
2025-10-27 13:52:33,308 : INFO : EventManager : Event: ======'mode_bumpers_starting'====== Args={'priority': 0}
2025-10-27 13:52:33,309 : INFO : Mode.bumpers : Started. Priority: 200
2025-10-27 13:52:33,309 : INFO : EventManager : Event: ======'modes_active_modes_changed'====== Args={}
2025-10-27 13:52:33,309 : INFO : EventManager : Event: ======'mode_bumpers_started'====== Args={'priority': 0}
2025-10-27 13:52:33,309 : INFO : Mode.pilot_mission_qualifier : Started. Priority: 200
2025-10-27 13:52:33,309 : INFO : EventManager : Event: ======'modes_active_modes_changed'====== Args={}
2025-10-27 13:52:33,309 : INFO : EventManager : Event: ======'mode_pilot_mission_qualifier_started'====== Args={'queue': <QueuedEvent>, 'player': 1, 'ball': 1, 'balls_remaining': 2, 'is_extra_ball': False}
2025-10-27 13:52:33,310 : INFO : Mode.mach_scoring : Started. Priority: 500
2025-10-27 13:52:33,310 : INFO : EventManager : Event: ======'modes_active_modes_changed'====== Args={}
2025-10-27 13:52:33,310 : INFO : EventManager : Event: ======'mode_mach_scoring_started'====== Args={'queue': <QueuedEvent>, 'player': 1, 'ball': 1, 'balls_remaining': 2, 'is_extra_ball': False}
2025-10-27 13:52:33,311 : INFO : EventManager : Event: ======'balls_in_play'====== Args={'balls': 1}
2025-10-27 13:52:33,311 : INFO : EventManager : Event: ======'ball_started'====== Args={'player': 1, 'ball': 1, 'balls_remaining': 2, 'is_extra_ball': False}
2025-10-27 13:52:33,312 : INFO : EventManager : Event: ======'single_player_ball_started'====== Args={}
2025-10-27 13:52:33,312 : INFO : EventManager : Event: ======'ball_start_target'====== Args={'target': 'playfield'}
2025-10-27 13:52:33,312 : INFO : ball_device.bd_plunger : Setting up player-controlled eject. Balls: 1, Target: <playfield.playfield>, player_controlled_eject_event: None
2025-10-27 13:52:33,313 : INFO : EventManager : Event: ======'balldevice_balls_available'====== Args={}
2025-10-27 13:52:33,313 : INFO : ball_device.bd_trough : State: waiting_for_target_ready
2025-10-27 13:52:33,313 : INFO : EventManager : Event: ======'balldevice_bd_trough_ball_eject_attempt'====== Args={'balls': 1, 'target': <ball_device.bd_plunger>, 'source': <ball_device.bd_trough>, 'mechanical_eject': True, 'num_attempts': 0}
2025-10-27 13:52:33,314 : INFO : ball_device.bd_plunger : State: waiting_for_ball
2025-10-27 13:52:33,314 : INFO : ball_device.bd_trough : State: ejecting
2025-10-27 13:52:33,314 : INFO : ball_device.bd_trough : Ejecting ball to <ball_device.bd_plunger>
2025-10-27 13:52:33,315 : INFO : EventManager : Event: ======'balldevice_bd_trough_ejecting_ball'====== Args={'balls': 1, 'target': <ball_device.bd_plunger>, 'source': <ball_device.bd_trough>, 'mechanical_eject': True, 'num_attempts': 0}
2025-10-27 13:52:33,315 : INFO : ball_device.bd_trough : Wait for ball to leave device
2025-10-27 13:52:33,316 : INFO : coil.c_trough_eject : Pulsing Driver for 10ms (0.75 pulse_power)
2025-10-27 13:52:33,368 : INFO : EventManager : Event: ======'slide_base_slide_created'====== Args={'_from_bcp': True}
2025-10-27 13:52:33,369 : INFO : EventManager : Event: ======'slide_attract_inactive'====== Args={'is_removing': True, '_from_bcp': True}
2025-10-27 13:52:33,371 : INFO : EventManager : Event: ======'slide_base_slide_active'====== Args={'original_context': 'base', 'original_calling_context': 'mode_base_started', 'priority': 100.0, 'queue': '<QueuedEvent>', 'player': 1.0, 'ball': 1.0, 'balls_remaining': 2.0, 'is_extra_ball': False, 'cmd': 'slides_play', '_from_bcp': True}
2025-10-27 13:52:33,373 : INFO : EventManager : Event: ======'slide_attract_removed'====== Args={'_from_bcp': True}
2025-10-27 13:52:33,387 : INFO : EventManager : Event: ======'slide_topgun_0_created'====== Args={'_from_bcp': True}
2025-10-27 13:52:33,388 : INFO : EventManager : Event: ======'slide_base_slide_inactive'====== Args={'is_removing': False, '_from_bcp': True}
2025-10-27 13:52:33,388 : INFO : EventManager : Event: ======'slide_topgun_0_active'====== Args={'original_context': 'pilot_mission_qualifier', 'original_calling_context': 'mode_pilot_mission_qualifier_started{current_player.topgun_shots_collected==0 and current_player.qualified_mode_number==0}', 'priority': 200.0, 'queue': '<QueuedEvent>', 'player': 1.0, 'ball': 1.0, 'balls_remaining': 2.0, 'is_extra_ball': False, 'cmd': 'slides_play', '_from_bcp': True}
2025-10-27 13:52:36,320 : INFO : EventManager : Event: ======'balldevice_bd_trough_ball_eject_failed'====== Args={'target': <ball_device.bd_plunger>, 'balls': 1, 'retry': True, 'num_attempts': 1}
2025-10-27 13:52:36,321 : INFO : ball_device.bd_trough : State: waiting_for_target_ready
2025-10-27 13:52:36,322 : INFO : EventManager : Event: ======'balldevice_bd_trough_ball_eject_attempt'====== Args={'balls': 1, 'target': <ball_device.bd_plunger>, 'source': <ball_device.bd_trough>, 'mechanical_eject': True, 'num_attempts': 1}
2025-10-27 13:52:36,322 : INFO : ball_device.bd_trough : State: ejecting
2025-10-27 13:52:36,323 : INFO : ball_device.bd_trough : Ejecting ball to <ball_device.bd_plunger>
2025-10-27 13:52:36,323 : INFO : EventManager : Event: ======'balldevice_bd_trough_ejecting_ball'====== Args={'balls': 1, 'target': <ball_device.bd_plunger>, 'source': <ball_device.bd_trough>, 'mechanical_eject': True, 'num_attempts': 1}
2025-10-27 13:52:36,323 : INFO : ball_device.bd_trough : Wait for ball to leave device
2025-10-27 13:52:36,324 : INFO : coil.c_trough_eject : Pulsing Driver for 10ms (0.75 pulse_power)
2025-10-27 13:52:39,325 : INFO : EventManager : Event: ======'balldevice_bd_trough_ball_eject_failed'====== Args={'target': <ball_device.bd_plunger>, 'balls': 1, 'retry': True, 'num_attempts': 2}
2025-10-27 13:52:39,326 : INFO : ball_device.bd_trough : State: waiting_for_target_ready
2025-10-27 13:52:39,326 : INFO : EventManager : Event: ======'balldevice_bd_trough_ball_eject_attempt'====== Args={'balls': 1, 'target': <ball_device.bd_plunger>, 'source': <ball_device.bd_trough>, 'mechanical_eject': True, 'num_attempts': 2}
2025-10-27 13:52:39,327 : INFO : ball_device.bd_trough : State: ejecting
2025-10-27 13:52:39,327 : INFO : ball_device.bd_trough : Ejecting ball to <ball_device.bd_plunger>
2025-10-27 13:52:39,327 : INFO : EventManager : Event: ======'balldevice_bd_trough_ejecting_ball'====== Args={'balls': 1, 'target': <ball_device.bd_plunger>, 'source': <ball_device.bd_trough>, 'mechanical_eject': True, 'num_attempts': 2}
2025-10-27 13:52:39,329 : INFO : ball_device.bd_trough : Wait for ball to leave device
2025-10-27 13:52:39,329 : INFO : coil.c_trough_eject : Pulsing Driver for 10ms (0.75 pulse_power)
2025-10-27 13:52:42,327 : INFO : EventManager : Event: ======'balldevice_bd_trough_ball_eject_failed'====== Args={'target': <ball_device.bd_plunger>, 'balls': 1, 'retry': True, 'num_attempts': 3}
2025-10-27 13:52:42,328 : INFO : ball_device.bd_trough : State: waiting_for_target_ready
2025-10-27 13:52:42,329 : INFO : EventManager : Event: ======'balldevice_bd_trough_ball_eject_attempt'====== Args={'balls': 1, 'target': <ball_device.bd_plunger>, 'source': <ball_device.bd_trough>, 'mechanical_eject': True, 'num_attempts': 3}
2025-10-27 13:52:42,331 : INFO : ball_device.bd_trough : State: ejecting
2025-10-27 13:52:42,331 : INFO : ball_device.bd_trough : Ejecting ball to <ball_device.bd_plunger>
2025-10-27 13:52:42,331 : INFO : EventManager : Event: ======'balldevice_bd_trough_ejecting_ball'====== Args={'balls': 1, 'target': <ball_device.bd_plunger>, 'source': <ball_device.bd_trough>, 'mechanical_eject': True, 'num_attempts': 3}
2025-10-27 13:52:42,332 : INFO : ball_device.bd_trough : Wait for ball to leave device
2025-10-27 13:52:42,332 : INFO : coil.c_trough_eject : Pulsing Driver for 10ms (0.75 pulse_power)
2025-10-27 13:52:45,321 : INFO : EventManager : Event: ======'balldevice_bd_trough_ball_eject_failed'====== Args={'target': <ball_device.bd_plunger>, 'balls': 1, 'retry': True, 'num_attempts': 4}
2025-10-27 13:52:45,321 : INFO : ball_device.bd_trough : State: waiting_for_target_ready
2025-10-27 13:52:45,323 : INFO : EventManager : Event: ======'balldevice_bd_trough_ball_eject_attempt'====== Args={'balls': 1, 'target': <ball_device.bd_plunger>, 'source': <ball_device.bd_trough>, 'mechanical_eject': True, 'num_attempts': 4}
2025-10-27 13:52:45,323 : INFO : ball_device.bd_trough : State: ejecting
2025-10-27 13:52:45,324 : INFO : ball_device.bd_trough : Ejecting ball to <ball_device.bd_plunger>
2025-10-27 13:52:45,324 : INFO : EventManager : Event: ======'balldevice_bd_trough_ejecting_ball'====== Args={'balls': 1, 'target': <ball_device.bd_plunger>, 'source': <ball_device.bd_trough>, 'mechanical_eject': True, 'num_attempts': 4}
2025-10-27 13:52:45,324 : INFO : ball_device.bd_trough : Wait for ball to leave device
2025-10-27 13:52:45,325 : INFO : coil.c_trough_eject : Pulsing Driver for 10ms (0.75 pulse_power)
2025-10-27 13:52:48,329 : INFO : EventManager : Event: ======'balldevice_bd_trough_ball_eject_failed'====== Args={'target': <ball_device.bd_plunger>, 'balls': 1, 'retry': True, 'num_attempts': 5}
2025-10-27 13:52:48,330 : INFO : ball_device.bd_trough : State: waiting_for_target_ready
2025-10-27 13:52:48,332 : INFO : EventManager : Event: ======'balldevice_bd_trough_ball_eject_attempt'====== Args={'balls': 1, 'target': <ball_device.bd_plunger>, 'source': <ball_device.bd_trough>, 'mechanical_eject': True, 'num_attempts': 5}
2025-10-27 13:52:48,333 : INFO : ball_device.bd_trough : State: ejecting
2025-10-27 13:52:48,334 : INFO : ball_device.bd_trough : Ejecting ball to <ball_device.bd_plunger>
2025-10-27 13:52:48,334 : INFO : EventManager : Event: ======'balldevice_bd_trough_ejecting_ball'====== Args={'balls': 1, 'target': <ball_device.bd_plunger>, 'source': <ball_device.bd_trough>, 'mechanical_eject': True, 'num_attempts': 5}
2025-10-27 13:52:48,335 : INFO : ball_device.bd_trough : Wait for ball to leave device
2025-10-27 13:52:48,335 : INFO : coil.c_trough_eject : Pulsing Driver for 10ms (0.75 pulse_power)
2025-10-27 13:52:51,333 : INFO : EventManager : Event: ======'balldevice_bd_trough_ball_eject_failed'====== Args={'target': <ball_device.bd_plunger>, 'balls': 1, 'retry': True, 'num_attempts': 6}
2025-10-27 13:52:51,335 : INFO : ball_device.bd_trough : State: waiting_for_target_ready
2025-10-27 13:52:51,335 : INFO : EventManager : Event: ======'balldevice_bd_trough_ball_eject_attempt'====== Args={'balls': 1, 'target': <ball_device.bd_plunger>, 'source': <ball_device.bd_trough>, 'mechanical_eject': True, 'num_attempts': 6}
2025-10-27 13:52:51,336 : INFO : ball_device.bd_trough : State: ejecting
2025-10-27 13:52:51,337 : INFO : ball_device.bd_trough : Ejecting ball to <ball_device.bd_plunger>
2025-10-27 13:52:51,337 : INFO : EventManager : Event: ======'balldevice_bd_trough_ejecting_ball'====== Args={'balls': 1, 'target': <ball_device.bd_plunger>, 'source': <ball_device.bd_trough>, 'mechanical_eject': True, 'num_attempts': 6}
2025-10-27 13:52:51,337 : INFO : ball_device.bd_trough : Wait for ball to leave device
2025-10-27 13:52:51,338 : INFO : coil.c_trough_eject : Pulsing Driver for 10ms (0.75 pulse_power)
2025-10-27 13:52:54,324 : INFO : EventManager : Event: ======'balldevice_bd_trough_ball_eject_failed'====== Args={'target': <ball_device.bd_plunger>, 'balls': 1, 'retry': True, 'num_attempts': 7}
2025-10-27 13:52:54,326 : INFO : ball_device.bd_trough : State: waiting_for_target_ready
2025-10-27 13:52:54,326 : INFO : EventManager : Event: ======'balldevice_bd_trough_ball_eject_attempt'====== Args={'balls': 1, 'target': <ball_device.bd_plunger>, 'source': <ball_device.bd_trough>, 'mechanical_eject': True, 'num_attempts': 7}
2025-10-27 13:52:54,327 : INFO : ball_device.bd_trough : State: ejecting
2025-10-27 13:52:54,327 : INFO : ball_device.bd_trough : Ejecting ball to <ball_device.bd_plunger>
2025-10-27 13:52:54,327 : INFO : EventManager : Event: ======'balldevice_bd_trough_ejecting_ball'====== Args={'balls': 1, 'target': <ball_device.bd_plunger>, 'source': <ball_device.bd_trough>, 'mechanical_eject': True, 'num_attempts': 7}
2025-10-27 13:52:54,328 : INFO : ball_device.bd_trough : Wait for ball to leave device
2025-10-27 13:52:54,328 : INFO : coil.c_trough_eject : Pulsing Driver for 10ms (0.75 pulse_power)
2025-10-27 13:52:57,345 : INFO : EventManager : Event: ======'balldevice_bd_trough_ball_eject_failed'====== Args={'target': <ball_device.bd_plunger>, 'balls': 1, 'retry': True, 'num_attempts': 8}
2025-10-27 13:52:57,346 : INFO : ball_device.bd_trough : State: waiting_for_target_ready
2025-10-27 13:52:57,346 : INFO : EventManager : Event: ======'balldevice_bd_trough_ball_eject_attempt'====== Args={'balls': 1, 'target': <ball_device.bd_plunger>, 'source': <ball_device.bd_trough>, 'mechanical_eject': True, 'num_attempts': 8}
2025-10-27 13:52:57,347 : INFO : ball_device.bd_trough : State: ejecting
2025-10-27 13:52:57,347 : INFO : ball_device.bd_trough : Ejecting ball to <ball_device.bd_plunger>
2025-10-27 13:52:57,347 : INFO : EventManager : Event: ======'balldevice_bd_trough_ejecting_ball'====== Args={'balls': 1, 'target': <ball_device.bd_plunger>, 'source': <ball_device.bd_trough>, 'mechanical_eject': True, 'num_attempts': 8}
2025-10-27 13:52:57,348 : INFO : ball_device.bd_trough : Wait for ball to leave device
2025-10-27 13:52:57,348 : INFO : coil.c_trough_eject : Pulsing Driver for 10ms (0.75 pulse_power)
2025-10-27 13:53:00,376 : INFO : EventManager : Event: ======'balldevice_bd_trough_ball_eject_failed'====== Args={'target': <ball_device.bd_plunger>, 'balls': 1, 'retry': True, 'num_attempts': 9}
2025-10-27 13:53:00,377 : INFO : ball_device.bd_trough : State: waiting_for_target_ready
2025-10-27 13:53:00,378 : INFO : EventManager : Event: ======'balldevice_bd_trough_ball_eject_attempt'====== Args={'balls': 1, 'target': <ball_device.bd_plunger>, 'source': <ball_device.bd_trough>, 'mechanical_eject': True, 'num_attempts': 9}
2025-10-27 13:53:00,378 : INFO : ball_device.bd_trough : State: ejecting
2025-10-27 13:53:00,379 : INFO : ball_device.bd_trough : Ejecting ball to <ball_device.bd_plunger>
2025-10-27 13:53:00,379 : INFO : EventManager : Event: ======'balldevice_bd_trough_ejecting_ball'====== Args={'balls': 1, 'target': <ball_device.bd_plunger>, 'source': <ball_device.bd_trough>, 'mechanical_eject': True, 'num_attempts': 9}
2025-10-27 13:53:00,379 : INFO : ball_device.bd_trough : Wait for ball to leave device
2025-10-27 13:53:00,379 : INFO : coil.c_trough_eject : Pulsing Driver for 10ms (0.75 pulse_power)
2025-10-27 13:53:03,371 : INFO : EventManager : Event: ======'balldevice_bd_trough_ball_eject_failed'====== Args={'target': <ball_device.bd_plunger>, 'balls': 1, 'retry': True, 'num_attempts': 10}
2025-10-27 13:53:03,372 : INFO : ball_device.bd_trough : State: waiting_for_target_ready
2025-10-27 13:53:03,373 : INFO : EventManager : Event: ======'balldevice_bd_trough_ball_eject_attempt'====== Args={'balls': 1, 'target': <ball_device.bd_plunger>, 'source': <ball_device.bd_trough>, 'mechanical_eject': True, 'num_attempts': 10}
2025-10-27 13:53:03,373 : INFO : ball_device.bd_trough : State: ejecting
2025-10-27 13:53:03,375 : INFO : ball_device.bd_trough : Ejecting ball to <ball_device.bd_plunger>
2025-10-27 13:53:03,375 : INFO : EventManager : Event: ======'balldevice_bd_trough_ejecting_ball'====== Args={'balls': 1, 'target': <ball_device.bd_plunger>, 'source': <ball_device.bd_trough>, 'mechanical_eject': True, 'num_attempts': 10}
2025-10-27 13:53:03,376 : INFO : ball_device.bd_trough : Wait for ball to leave device
2025-10-27 13:53:03,376 : INFO : coil.c_trough_eject : Pulsing Driver for 10ms (0.75 pulse_power)
2025-10-27 13:53:06,391 : INFO : EventManager : Event: ======'balldevice_bd_trough_ball_eject_failed'====== Args={'target': <ball_device.bd_plunger>, 'balls': 1, 'retry': True, 'num_attempts': 11}
2025-10-27 13:53:06,393 : INFO : ball_device.bd_trough : State: waiting_for_target_ready
2025-10-27 13:53:06,393 : INFO : EventManager : Event: ======'balldevice_bd_trough_ball_eject_attempt'====== Args={'balls': 1, 'target': <ball_device.bd_plunger>, 'source': <ball_device.bd_trough>, 'mechanical_eject': True, 'num_attempts': 11}
2025-10-27 13:53:06,394 : INFO : ball_device.bd_trough : State: ejecting
2025-10-27 13:53:06,394 : INFO : ball_device.bd_trough : Ejecting ball to <ball_device.bd_plunger>
2025-10-27 13:53:06,394 : INFO : EventManager : Event: ======'balldevice_bd_trough_ejecting_ball'====== Args={'balls': 1, 'target': <ball_device.bd_plunger>, 'source': <ball_device.bd_trough>, 'mechanical_eject': True, 'num_attempts': 11}
2025-10-27 13:53:06,395 : INFO : ball_device.bd_trough : Wait for ball to leave device
2025-10-27 13:53:06,395 : INFO : coil.c_trough_eject : Pulsing Driver for 10ms (0.75 pulse_power)
2025-10-27 13:53:09,410 : INFO : EventManager : Event: ======'balldevice_bd_trough_ball_eject_failed'====== Args={'target': <ball_device.bd_plunger>, 'balls': 1, 'retry': True, 'num_attempts': 12}
2025-10-27 13:53:09,411 : INFO : ball_device.bd_trough : State: waiting_for_target_ready
2025-10-27 13:53:09,412 : INFO : EventManager : Event: ======'balldevice_bd_trough_ball_eject_attempt'====== Args={'balls': 1, 'target': <ball_device.bd_plunger>, 'source': <ball_device.bd_trough>, 'mechanical_eject': True, 'num_attempts': 12}
2025-10-27 13:53:09,412 : INFO : ball_device.bd_trough : State: ejecting
2025-10-27 13:53:09,413 : INFO : ball_device.bd_trough : Ejecting ball to <ball_device.bd_plunger>
2025-10-27 13:53:09,413 : INFO : EventManager : Event: ======'balldevice_bd_trough_ejecting_ball'====== Args={'balls': 1, 'target': <ball_device.bd_plunger>, 'source': <ball_device.bd_trough>, 'mechanical_eject': True, 'num_attempts': 12}
2025-10-27 13:53:09,414 : INFO : ball_device.bd_trough : Wait for ball to leave device
2025-10-27 13:53:09,415 : INFO : coil.c_trough_eject : Pulsing Driver for 10ms (0.75 pulse_power)
2025-10-27 13:53:10,773 : INFO : Machine : Shutting down...
2025-10-27 13:53:10,773 : INFO : EventManager : Event: ======'shutdown'====== Args={}
2025-10-27 13:53:10,777 : INFO : EventManager : Event: ======'mode_game_will_stop'====== Args={}
2025-10-27 13:53:10,777 : INFO : EventManager : Event: ======'mode_game_stopping'====== Args={}
2025-10-27 13:53:10,779 : INFO : EventManager : Event: ======'mode_base_will_stop'====== Args={}
2025-10-27 13:53:10,779 : INFO : EventManager : Event: ======'mode_base_stopping'====== Args={}
2025-10-27 13:53:10,779 : INFO : EventManager : Event: ======'mode_mach_scoring_will_stop'====== Args={}
2025-10-27 13:53:10,779 : INFO : EventManager : Event: ======'mode_mach_scoring_stopping'====== Args={}
2025-10-27 13:53:10,779 : INFO : EventManager : Event: ======'mode_pilot_mission_qualifier_will_stop'====== Args={}
2025-10-27 13:53:10,779 : INFO : EventManager : Event: ======'mode_pilot_mission_qualifier_stopping'====== Args={}
2025-10-27 13:53:10,779 : INFO : EventManager : Event: ======'mode_bumpers_will_stop'====== Args={}
2025-10-27 13:53:10,779 : INFO : EventManager : Event: ======'mode_bumpers_stopping'====== Args={}
2025-10-27 13:53:10,780 : INFO : EventManager : Event: ======'stop_mode_bumpers'====== Args={'priority': 0}
2025-10-27 13:53:10,780 : INFO : Mode.bumpers : Stopped.
2025-10-27 13:53:10,780 : INFO : EventManager : Event: ======'modes_active_modes_changed'====== Args={}
2025-10-27 13:53:10,780 : INFO : EventManager : Event: ======'mode_bumpers_stopped'====== Args={}
2025-10-27 13:53:10,780 : INFO : EventManager : Event: ======'clear'====== Args={'key': 'bumpers'}
2025-10-27 13:53:10,781 : INFO : Mode.pilot_mission_qualifier : Stopped.
2025-10-27 13:53:10,781 : INFO : EventManager : Event: ======'modes_active_modes_changed'====== Args={}
2025-10-27 13:53:10,785 : INFO : EventManager : Event: ======'mode_pilot_mission_qualifier_stopped'====== Args={}
2025-10-27 13:53:10,785 : INFO : EventManager : Event: ======'clear'====== Args={'key': 'pilot_mission_qualifier'}
2025-10-27 13:53:10,785 : INFO : Mode.mach_scoring : Stopped.
2025-10-27 13:53:10,785 : INFO : EventManager : Event: ======'modes_active_modes_changed'====== Args={}
2025-10-27 13:53:10,785 : INFO : EventManager : Event: ======'mode_mach_scoring_stopped'====== Args={}
2025-10-27 13:53:10,785 : INFO : EventManager : Event: ======'clear'====== Args={'key': 'mach_scoring'}
2025-10-27 13:53:10,785 : INFO : Mode.base : Stopped.
2025-10-27 13:53:10,785 : INFO : EventManager : Event: ======'modes_active_modes_changed'====== Args={}
2025-10-27 13:53:10,785 : INFO : EventManager : Event: ======'mode_base_stopped'====== Args={}
2025-10-27 13:53:10,785 : INFO : EventManager : Event: ======'clear'====== Args={'key': 'base'}
2025-10-27 13:53:10,786 : INFO : Mode.game : Stopped.
2025-10-27 13:53:10,786 : INFO : EventManager : Event: ======'modes_active_modes_changed'====== Args={}
2025-10-27 13:53:10,786 : INFO : EventManager : Event: ======'mode_game_stopped'====== Args={}
2025-10-27 13:53:10,786 : INFO : EventManager : Event: ======'clear'====== Args={'key': 'game'}
2025-10-27 13:53:10,792 : INFO : root : MPF run loop ended.
