2025-10-24 23:28:04,451 : INFO : root : Loading config.
2025-10-24 23:28:04,455 : INFO : YamlMultifileConfigLoader : Machine config file #1: config.yaml
2025-10-24 23:28:04,455 : INFO : ConfigProcessor : Loading config from cache: C:\Users\White\AppData\Local\Temp\cfa6ecba65704a931c9dd214c44986c8.mpf_cache
2025-10-24 23:28:04,564 : INFO : ConfigProcessor : Loading config from cache: C:\Users\White\AppData\Local\Temp\f98ffc0ff5962effface7d86bc406d5c.mpf_cache
2025-10-24 23:28:04,565 : INFO : ConfigProcessor : Loading config from cache: C:\Users\White\AppData\Local\Temp\91cc4d1c993c58dc354e34974b9cfeac.mpf_cache
2025-10-24 23:28:04,566 : INFO : ConfigProcessor : Loading config from cache: C:\Users\White\AppData\Local\Temp\f98ffc0ff5962effface7d86bc406d5c.mpf_cache
2025-10-24 23:28:04,566 : INFO : ConfigProcessor : Loading config from cache: C:\Users\White\AppData\Local\Temp\76792f1d686f89709887dba7bd69667a.mpf_cache
2025-10-24 23:28:04,567 : INFO : ConfigProcessor : Loading config from cache: C:\Users\White\AppData\Local\Temp\142bbae4707335cc8e3efaa4364c4893.mpf_cache
2025-10-24 23:28:04,567 : INFO : ConfigProcessor : Loading config from cache: C:\Users\White\AppData\Local\Temp\0f5f0ac41d1a2672d0d32cef2b12699e.mpf_cache
2025-10-24 23:28:04,568 : INFO : ConfigProcessor : Loading config from cache: C:\Users\White\AppData\Local\Temp\3a419899266be7cd41a083be5a3a8ebb.mpf_cache
2025-10-24 23:28:04,581 : INFO : ConfigProcessor : Loading config from cache: C:\Users\White\AppData\Local\Temp\82e20c7c6490dd2e5fed726a3aa8d652.mpf_cache
2025-10-24 23:28:04,582 : INFO : ConfigProcessor : Loading config from cache: C:\Users\White\AppData\Local\Temp\359114d5ba2a6ad6c93d1559776bbb30.mpf_cache
2025-10-24 23:28:04,585 : INFO : ConfigProcessor : Loading config from cache: C:\Users\White\AppData\Local\Temp\d421369d6df802e4e6f8aa58f446b1a6.mpf_cache
2025-10-24 23:28:04,585 : INFO : ConfigProcessor : Loading config from cache: C:\Users\White\AppData\Local\Temp\310aa541ce6545037d37da470e7bd790.mpf_cache
2025-10-24 23:28:04,586 : INFO : ConfigProcessor : Loading config from cache: C:\Users\White\AppData\Local\Temp\2151caa0419aeb1e56d3d8934477383e.mpf_cache
2025-10-24 23:28:04,587 : INFO : ConfigProcessor : Loading config from cache: C:\Users\White\AppData\Local\Temp\17003635873251b4f6841bf4ab3bdcdd.mpf_cache
2025-10-24 23:28:04,588 : INFO : ConfigProcessor : Loading config from cache: C:\Users\White\AppData\Local\Temp\f70c640a816343cb9040222d7a9269d3.mpf_cache
2025-10-24 23:28:04,590 : INFO : ConfigProcessor : Loading config from cache: C:\Users\White\AppData\Local\Temp\30922048be1d0c17ea15fc75f7fbfe10.mpf_cache
2025-10-24 23:28:04,594 : INFO : ConfigProcessor : Loading config from cache: C:\Users\White\AppData\Local\Temp\58d7809d3d969de03aaf131fc45863f8.mpf_cache
2025-10-24 23:28:04,595 : INFO : ConfigProcessor : Loading config from cache: C:\Users\White\AppData\Local\Temp\d380fa2863f93e197660f0281ffd272b.mpf_cache
2025-10-24 23:28:04,596 : INFO : ConfigProcessor : Loading config from cache: C:\Users\White\AppData\Local\Temp\88e41ae7dcea899a043a2f63da55a8b7.mpf_cache
2025-10-24 23:28:04,596 : INFO : Machine : Mission Pinball Framework Core Engine v0.80.0.dev9
2025-10-24 23:28:04,596 : INFO : Machine : Command line arguments: {'no_load_cache': False, 'create_config_cache': True, 'bcp': True, 'configfile': ['config.yaml'], 'force_assets_load': False, 'platform_integration_test': False, 'jsonlogging': False, 'logfile': 'logs\\2025-10-24-23-28-04-mpf-TopGunPinball.log', 'pause': False, 'production': False, 'text_ui': False, 'loglevel': 15, 'consoleloglevel': 20, 'force_platform': 'virtual', 'syslog_address': None, 'full_logfile_path': 'C:\\Users\\White\\Documents\\Top_Gun_Pinball\\logs\\2025-10-24-23-28-04-mpf-TopGunPinball.log'}
2025-10-24 23:28:04,596 : INFO : Machine : MPF path: C:\Users\White\mpf\Lib\site-packages\mpf
2025-10-24 23:28:04,596 : INFO : Machine : Machine path: C:\Users\White\Documents\Top_Gun_Pinball
2025-10-24 23:28:04,596 : INFO : Machine : Platform: win32
2025-10-24 23:28:04,596 : INFO : Machine : Python executable location: C:\Users\White\mpf\Scripts\python.exe
2025-10-24 23:28:04,596 : INFO : Machine : Python version: 3.12.7 (64-bit)
2025-10-24 23:28:04,598 : INFO : Machine : Initializing MPF...
2025-10-24 23:28:04,687 : INFO : EventManager : Event: ======'machine_var_credits_string'====== Args={'value': 'FREE PLAY', 'prev_value': None, 'change': True}
2025-10-24 23:28:04,716 : INFO : EventManager : Event: ======'machine_var_master_volume'====== Args={'value': 0.5, 'prev_value': None, 'change': True}
2025-10-24 23:28:04,716 : INFO : EventManager : Event: ======'machine_var_player1_score'====== Args={'value': 2229000, 'prev_value': None, 'change': True}
2025-10-24 23:28:04,716 : INFO : EventManager : Event: ======'machine_var_mpf_version'====== Args={'value': 'Mission Pinball Framework v0.80.0.dev9', 'prev_value': None, 'change': True}
2025-10-24 23:28:04,716 : INFO : EventManager : Event: ======'machine_var_mpf_extended_version'====== Args={'value': 'Mission Pinball Framework v0.80.0.dev9, Config version:6, Show version: 6, BCP version:1.1', 'prev_value': None, 'change': True}
2025-10-24 23:28:04,716 : INFO : EventManager : Event: ======'machine_var_python_version'====== Args={'value': '3.12.7', 'prev_value': None, 'change': True}
2025-10-24 23:28:04,812 : INFO : EventManager : Event: ======'machine_var_platform'====== Args={'value': 'Windows-11-10.0.26100-SP0', 'prev_value': None, 'change': True}
2025-10-24 23:28:04,812 : INFO : EventManager : Event: ======'machine_var_platform_system'====== Args={'value': 'Windows', 'prev_value': None, 'change': True}
2025-10-24 23:28:04,812 : INFO : EventManager : Event: ======'machine_var_platform_release'====== Args={'value': '11', 'prev_value': None, 'change': True}
2025-10-24 23:28:04,813 : INFO : EventManager : Event: ======'machine_var_platform_version'====== Args={'value': '10.0.26100', 'prev_value': None, 'change': True}
2025-10-24 23:28:04,813 : INFO : EventManager : Event: ======'machine_var_platform_machine'====== Args={'value': 'AMD64', 'prev_value': None, 'change': True}
2025-10-24 23:28:04,813 : INFO : EventManager : Event: ======'machine_var_log_file_path'====== Args={'value': 'C:\\Users\\White\\Documents\\Top_Gun_Pinball\\logs\\2025-10-24-23-28-04-mpf-TopGunPinball.log', 'prev_value': None, 'change': True}
2025-10-24 23:28:04,813 : INFO : EventManager : Event: ======'init_phase_1'====== Args={}
2025-10-24 23:28:04,856 : INFO : EventManager : Event: ======'init_phase_2'====== Args={}
2025-10-24 23:28:04,858 : INFO : SwitchController : Found active switch: ('playfield_board_lower-3208-0', <Platform.Virtual>) <switch.s_trough_1>
2025-10-24 23:28:04,858 : INFO : SwitchController : Found active switch: ('playfield_board_lower-3208-1', <Platform.Virtual>) <switch.s_trough_2>
2025-10-24 23:28:04,858 : INFO : SwitchController : Found active switch: ('playfield_board_lower-3208-2', <Platform.Virtual>) <switch.s_trough_3>
2025-10-24 23:28:04,858 : INFO : SwitchController : Found active switch: ('playfield_board_lower-3208-3', <Platform.Virtual>) <switch.s_trough_4>
2025-10-24 23:28:04,858 : INFO : SwitchController : Found active switch: ('playfield_board_lower-3208-4', <Platform.Virtual>) <switch.s_trough_5>
2025-10-24 23:28:04,858 : INFO : SwitchController : Found active switch: ('playfield_board_lower-3208-5', <Platform.Virtual>) <switch.s_trough_6>
2025-10-24 23:28:04,872 : INFO : EventManager : Event: ======'bcp_connection_attempt'====== Args={'name': 'local_display', 'host': 'localhost', 'port': 5050}
2025-10-24 23:28:04,875 : INFO : BCPClientSocket : Connecting BCP to 'local_display' at localhost:5050...
2025-10-24 23:28:04,885 : INFO : BCPClientSocket : Connected BCP to 'local_display' localhost:5050
2025-10-24 23:28:04,885 : INFO : EventManager : Event: ======'bcp_clients_connected'====== Args={}
2025-10-24 23:28:04,886 : INFO : ball_device.bd_plunger : BCH: Initial count: 0
2025-10-24 23:28:04,886 : INFO : ball_device.bd_plunger : State: idle
2025-10-24 23:28:04,886 : INFO : ball_device.bd_trough : BCH: Initial count: 6
2025-10-24 23:28:04,886 : INFO : ball_device.bd_trough : State: idle
2025-10-24 23:28:04,887 : INFO : ball_device.bd_lock_elevator : BCH: Initial count: 0
2025-10-24 23:28:04,887 : INFO : ball_device.bd_lock_elevator : State: idle
2025-10-24 23:28:04,888 : INFO : ball_device.bd_mode_scoop : BCH: Initial count: 0
2025-10-24 23:28:04,888 : INFO : ball_device.bd_mode_scoop : State: idle
2025-10-24 23:28:04,917 : INFO : EventManager : Event: ======'init_phase_3'====== Args={}
2025-10-24 23:28:05,462 : INFO : EventManager : Event: ======'init_phase_4'====== Args={}
2025-10-24 23:28:05,462 : INFO : BallController : Initial balls found: 6
2025-10-24 23:28:05,463 : INFO : EventManager : Event: ======'machine_var_audits_events_game_ended'====== Args={'value': 2, 'prev_value': None, 'change': True}
2025-10-24 23:28:05,464 : INFO : EventManager : Event: ======'machine_var_audits_events_game_started'====== Args={'value': 230, 'prev_value': None, 'change': True}
2025-10-24 23:28:05,464 : INFO : EventManager : Event: ======'machine_var_audits_missing_switches_s_barrier_target'====== Args={'value': 5, 'prev_value': None, 'change': True}
2025-10-24 23:28:05,464 : INFO : EventManager : Event: ======'machine_var_audits_missing_switches_s_bumper_center'====== Args={'value': 23, 'prev_value': None, 'change': True}
2025-10-24 23:28:05,464 : INFO : EventManager : Event: ======'machine_var_audits_missing_switches_s_bumper_left'====== Args={'value': 2, 'prev_value': None, 'change': True}
2025-10-24 23:28:05,464 : INFO : EventManager : Event: ======'machine_var_audits_missing_switches_s_bumper_right'====== Args={'value': 23, 'prev_value': None, 'change': True}
2025-10-24 23:28:05,464 : INFO : EventManager : Event: ======'machine_var_audits_missing_switches_s_c_iceman_target'====== Args={'value': 64, 'prev_value': None, 'change': True}
2025-10-24 23:28:05,464 : INFO : EventManager : Event: ======'machine_var_audits_missing_switches_s_c_lock_target'====== Args={'value': 114, 'prev_value': None, 'change': True}
2025-10-24 23:28:05,464 : INFO : EventManager : Event: ======'machine_var_audits_missing_switches_s_coin_door'====== Args={'value': 117, 'prev_value': None, 'change': True}
2025-10-24 23:28:05,464 : INFO : EventManager : Event: ======'machine_var_audits_missing_switches_s_coin_door_credit_left'====== Args={'value': 24, 'prev_value': None, 'change': True}
2025-10-24 23:28:05,464 : INFO : EventManager : Event: ======'machine_var_audits_missing_switches_s_coin_door_credit_right'====== Args={'value': 24, 'prev_value': None, 'change': True}
2025-10-24 23:28:05,464 : INFO : EventManager : Event: ======'machine_var_audits_missing_switches_s_coin_door_service_1'====== Args={'value': 117, 'prev_value': None, 'change': True}
2025-10-24 23:28:05,464 : INFO : EventManager : Event: ======'machine_var_audits_missing_switches_s_coin_door_service_2'====== Args={'value': 117, 'prev_value': None, 'change': True}
2025-10-24 23:28:05,465 : INFO : EventManager : Event: ======'machine_var_audits_missing_switches_s_coin_door_service_3'====== Args={'value': 117, 'prev_value': None, 'change': True}
2025-10-24 23:28:05,465 : INFO : EventManager : Event: ======'machine_var_audits_missing_switches_s_coin_door_service_4'====== Args={'value': 117, 'prev_value': None, 'change': True}
2025-10-24 23:28:05,465 : INFO : EventManager : Event: ======'machine_var_audits_missing_switches_s_e_iceman_target'====== Args={'value': 1, 'prev_value': None, 'change': True}
2025-10-24 23:28:05,465 : INFO : EventManager : Event: ======'machine_var_audits_missing_switches_s_flight_gear_target'====== Args={'value': 1, 'prev_value': None, 'change': True}
2025-10-24 23:28:05,465 : INFO : EventManager : Event: ======'machine_var_audits_missing_switches_s_flipper_left'====== Args={'value': 175, 'prev_value': None, 'change': True}
2025-10-24 23:28:05,465 : INFO : EventManager : Event: ======'machine_var_audits_missing_switches_s_flipper_left_eos'====== Args={'value': 177, 'prev_value': None, 'change': True}
2025-10-24 23:28:05,465 : INFO : EventManager : Event: ======'machine_var_audits_missing_switches_s_flipper_left_upper'====== Args={'value': 179, 'prev_value': None, 'change': True}
2025-10-24 23:28:05,465 : INFO : EventManager : Event: ======'machine_var_audits_missing_switches_s_flipper_left_upper_eos'====== Args={'value': 177, 'prev_value': None, 'change': True}
2025-10-24 23:28:05,465 : INFO : EventManager : Event: ======'machine_var_audits_missing_switches_s_flipper_right'====== Args={'value': 113, 'prev_value': None, 'change': True}
2025-10-24 23:28:05,465 : INFO : EventManager : Event: ======'machine_var_audits_missing_switches_s_flipper_right_eos'====== Args={'value': 177, 'prev_value': None, 'change': True}
2025-10-24 23:28:05,465 : INFO : EventManager : Event: ======'machine_var_audits_missing_switches_s_i_iceman_target'====== Args={'value': 1, 'prev_value': None, 'change': True}
2025-10-24 23:28:05,465 : INFO : EventManager : Event: ======'machine_var_audits_missing_switches_s_inlane_left'====== Args={'value': 110, 'prev_value': None, 'change': True}
2025-10-24 23:28:05,465 : INFO : EventManager : Event: ======'machine_var_audits_missing_switches_s_inner_inlane_right'====== Args={'value': 114, 'prev_value': None, 'change': True}
2025-10-24 23:28:05,465 : INFO : EventManager : Event: ======'machine_var_audits_missing_switches_s_jam'====== Args={'value': 116, 'prev_value': None, 'change': True}
2025-10-24 23:28:05,466 : INFO : EventManager : Event: ======'machine_var_audits_missing_switches_s_k_lock_target'====== Args={'value': 114, 'prev_value': None, 'change': True}
2025-10-24 23:28:05,466 : INFO : EventManager : Event: ======'machine_var_audits_missing_switches_s_l_lock_target'====== Args={'value': 114, 'prev_value': None, 'change': True}
2025-10-24 23:28:05,466 : INFO : EventManager : Event: ======'machine_var_audits_missing_switches_s_lane_left'====== Args={'value': 1, 'prev_value': None, 'change': True}
2025-10-24 23:28:05,466 : INFO : EventManager : Event: ======'machine_var_audits_missing_switches_s_lane_right'====== Args={'value': 1, 'prev_value': None, 'change': True}
2025-10-24 23:28:05,466 : INFO : EventManager : Event: ======'machine_var_audits_missing_switches_s_lock_goose'====== Args={'value': 179, 'prev_value': None, 'change': True}
2025-10-24 23:28:05,466 : INFO : EventManager : Event: ======'machine_var_audits_missing_switches_s_lock_mav'====== Args={'value': 179, 'prev_value': None, 'change': True}
2025-10-24 23:28:05,466 : INFO : EventManager : Event: ======'machine_var_audits_missing_switches_s_lock_plunger'====== Args={'value': 13, 'prev_value': None, 'change': True}
2025-10-24 23:28:05,466 : INFO : EventManager : Event: ======'machine_var_audits_missing_switches_s_m_iceman_target'====== Args={'value': 104, 'prev_value': None, 'change': True}
2025-10-24 23:28:05,466 : INFO : EventManager : Event: ======'machine_var_audits_missing_switches_s_mig_lane_left'====== Args={'value': 2, 'prev_value': None, 'change': True}
2025-10-24 23:28:05,466 : INFO : EventManager : Event: ======'machine_var_audits_missing_switches_s_mig_lane_right'====== Args={'value': 14, 'prev_value': None, 'change': True}
2025-10-24 23:28:05,466 : INFO : EventManager : Event: ======'machine_var_audits_missing_switches_s_mode_start'====== Args={'value': 179, 'prev_value': None, 'change': True}
2025-10-24 23:28:05,466 : INFO : EventManager : Event: ======'machine_var_audits_missing_switches_s_n_iceman_target'====== Args={'value': 1, 'prev_value': None, 'change': True}
2025-10-24 23:28:05,466 : INFO : EventManager : Event: ======'machine_var_audits_missing_switches_s_o_lock_target'====== Args={'value': 114, 'prev_value': None, 'change': True}
2025-10-24 23:28:05,467 : INFO : EventManager : Event: ======'machine_var_audits_missing_switches_s_orbit_left'====== Args={'value': 2, 'prev_value': None, 'change': True}
2025-10-24 23:28:05,467 : INFO : EventManager : Event: ======'machine_var_audits_missing_switches_s_orbit_lower'====== Args={'value': 14, 'prev_value': None, 'change': True}
2025-10-24 23:28:05,467 : INFO : EventManager : Event: ======'machine_var_audits_missing_switches_s_orbit_right'====== Args={'value': 14, 'prev_value': None, 'change': True}
2025-10-24 23:28:05,467 : INFO : EventManager : Event: ======'machine_var_audits_missing_switches_s_orbit_upper'====== Args={'value': 5, 'prev_value': None, 'change': True}
2025-10-24 23:28:05,467 : INFO : EventManager : Event: ======'machine_var_audits_missing_switches_s_outer_inlane_right'====== Args={'value': 112, 'prev_value': None, 'change': True}
2025-10-24 23:28:05,467 : INFO : EventManager : Event: ======'machine_var_audits_missing_switches_s_outlane_left'====== Args={'value': 179, 'prev_value': None, 'change': True}
2025-10-24 23:28:05,467 : INFO : EventManager : Event: ======'machine_var_audits_missing_switches_s_outlane_right'====== Args={'value': 116, 'prev_value': None, 'change': True}
2025-10-24 23:28:05,468 : INFO : EventManager : Event: ======'machine_var_audits_missing_switches_s_plunger_lane'====== Args={'value': 10, 'prev_value': None, 'change': True}
2025-10-24 23:28:05,468 : INFO : EventManager : Event: ======'machine_var_audits_missing_switches_s_ramp_inner_exit'====== Args={'value': 4, 'prev_value': None, 'change': True}
2025-10-24 23:28:05,468 : INFO : EventManager : Event: ======'machine_var_audits_missing_switches_s_ramp_left_exit'====== Args={'value': 179, 'prev_value': None, 'change': True}
2025-10-24 23:28:05,468 : INFO : EventManager : Event: ======'machine_var_audits_missing_switches_s_ramp_right_exit'====== Args={'value': 179, 'prev_value': None, 'change': True}
2025-10-24 23:28:05,468 : INFO : EventManager : Event: ======'machine_var_audits_missing_switches_s_ramp_tower_exit'====== Args={'value': 5, 'prev_value': None, 'change': True}
2025-10-24 23:28:05,468 : INFO : EventManager : Event: ======'machine_var_audits_missing_switches_s_shooter_lane'====== Args={'value': 1, 'prev_value': None, 'change': True}
2025-10-24 23:28:05,468 : INFO : EventManager : Event: ======'machine_var_audits_missing_switches_s_slingshot_left'====== Args={'value': 114, 'prev_value': None, 'change': True}
2025-10-24 23:28:05,468 : INFO : EventManager : Event: ======'machine_var_audits_missing_switches_s_slingshot_right'====== Args={'value': 114, 'prev_value': None, 'change': True}
2025-10-24 23:28:05,468 : INFO : EventManager : Event: ======'machine_var_audits_missing_switches_s_spinner'====== Args={'value': 1, 'prev_value': None, 'change': True}
2025-10-24 23:28:05,468 : INFO : EventManager : Event: ======'machine_var_audits_missing_switches_s_start'====== Args={'value': 1, 'prev_value': None, 'change': True}
2025-10-24 23:28:05,468 : INFO : EventManager : Event: ======'machine_var_audits_missing_switches_s_tilt'====== Args={'value': 117, 'prev_value': None, 'change': True}
2025-10-24 23:28:05,468 : INFO : EventManager : Event: ======'machine_var_audits_missing_switches_s_trough_1'====== Args={'value': 155, 'prev_value': None, 'change': True}
2025-10-24 23:28:05,468 : INFO : EventManager : Event: ======'machine_var_audits_missing_switches_s_trough_2'====== Args={'value': 155, 'prev_value': None, 'change': True}
2025-10-24 23:28:05,468 : INFO : EventManager : Event: ======'machine_var_audits_missing_switches_s_trough_3'====== Args={'value': 155, 'prev_value': None, 'change': True}
2025-10-24 23:28:05,468 : INFO : EventManager : Event: ======'machine_var_audits_missing_switches_s_trough_4'====== Args={'value': 230, 'prev_value': None, 'change': True}
2025-10-24 23:28:05,469 : INFO : EventManager : Event: ======'machine_var_audits_missing_switches_s_trough_5'====== Args={'value': 230, 'prev_value': None, 'change': True}
2025-10-24 23:28:05,469 : INFO : EventManager : Event: ======'machine_var_audits_missing_switches_s_trough_6'====== Args={'value': 1, 'prev_value': None, 'change': True}
2025-10-24 23:28:05,469 : INFO : EventManager : Event: ======'machine_var_audits_player_score'====== Args={'value': {'average': 787666, 'top': [2229000, 73000, 61000], 'total': 3}, 'prev_value': None, 'change': True}
2025-10-24 23:28:05,469 : INFO : EventManager : Event: ======'machine_var_audits_shots_bumper_center'====== Args={'value': 498, 'prev_value': None, 'change': True}
2025-10-24 23:28:05,469 : INFO : EventManager : Event: ======'machine_var_audits_shots_bumper_left'====== Args={'value': 523, 'prev_value': None, 'change': True}
2025-10-24 23:28:05,469 : INFO : EventManager : Event: ======'machine_var_audits_shots_bumper_right'====== Args={'value': 369, 'prev_value': None, 'change': True}
2025-10-24 23:28:05,469 : INFO : EventManager : Event: ======'machine_var_audits_shots_mig_lane_left'====== Args={'value': 80, 'prev_value': None, 'change': True}
2025-10-24 23:28:05,469 : INFO : EventManager : Event: ======'machine_var_audits_shots_mig_lane_right'====== Args={'value': 13, 'prev_value': None, 'change': True}
2025-10-24 23:28:05,469 : INFO : EventManager : Event: ======'machine_var_audits_shots_orbit_upper'====== Args={'value': 13, 'prev_value': None, 'change': True}
2025-10-24 23:28:05,469 : INFO : EventManager : Event: ======'machine_var_audits_shots_ramp_inner'====== Args={'value': 36, 'prev_value': None, 'change': True}
2025-10-24 23:28:05,469 : INFO : EventManager : Event: ======'machine_var_audits_shots_spinner'====== Args={'value': 5, 'prev_value': None, 'change': True}
2025-10-24 23:28:05,469 : INFO : EventManager : Event: ======'machine_var_audits_switches_s_a_iceman_target'====== Args={'value': 27, 'prev_value': None, 'change': True}
2025-10-24 23:28:05,469 : INFO : EventManager : Event: ======'machine_var_audits_switches_s_barrier_target'====== Args={'value': 7, 'prev_value': None, 'change': True}
2025-10-24 23:28:05,469 : INFO : EventManager : Event: ======'machine_var_audits_switches_s_bumper_center'====== Args={'value': 518, 'prev_value': None, 'change': True}
2025-10-24 23:28:05,470 : INFO : EventManager : Event: ======'machine_var_audits_switches_s_bumper_left'====== Args={'value': 554, 'prev_value': None, 'change': True}
2025-10-24 23:28:05,470 : INFO : EventManager : Event: ======'machine_var_audits_switches_s_bumper_right'====== Args={'value': 375, 'prev_value': None, 'change': True}
2025-10-24 23:28:05,470 : INFO : EventManager : Event: ======'machine_var_audits_switches_s_c_iceman_target'====== Args={'value': 41, 'prev_value': None, 'change': True}
2025-10-24 23:28:05,470 : INFO : EventManager : Event: ======'machine_var_audits_switches_s_c_lock_target'====== Args={'value': 4, 'prev_value': None, 'change': True}
2025-10-24 23:28:05,470 : INFO : EventManager : Event: ======'machine_var_audits_switches_s_coin_door'====== Args={'value': 0, 'prev_value': None, 'change': True}
2025-10-24 23:28:05,470 : INFO : EventManager : Event: ======'machine_var_audits_switches_s_coin_door_credit_left'====== Args={'value': 0, 'prev_value': None, 'change': True}
2025-10-24 23:28:05,470 : INFO : EventManager : Event: ======'machine_var_audits_switches_s_coin_door_credit_right'====== Args={'value': 0, 'prev_value': None, 'change': True}
2025-10-24 23:28:05,470 : INFO : EventManager : Event: ======'machine_var_audits_switches_s_coin_door_service_1'====== Args={'value': 0, 'prev_value': None, 'change': True}
2025-10-24 23:28:05,470 : INFO : EventManager : Event: ======'machine_var_audits_switches_s_coin_door_service_2'====== Args={'value': 0, 'prev_value': None, 'change': True}
2025-10-24 23:28:05,470 : INFO : EventManager : Event: ======'machine_var_audits_switches_s_coin_door_service_3'====== Args={'value': 0, 'prev_value': None, 'change': True}
2025-10-24 23:28:05,470 : INFO : EventManager : Event: ======'machine_var_audits_switches_s_coin_door_service_4'====== Args={'value': 0, 'prev_value': None, 'change': True}
2025-10-24 23:28:05,470 : INFO : EventManager : Event: ======'machine_var_audits_switches_s_e_iceman_target'====== Args={'value': 46, 'prev_value': None, 'change': True}
2025-10-24 23:28:05,470 : INFO : EventManager : Event: ======'machine_var_audits_switches_s_flight_gear_target'====== Args={'value': 18, 'prev_value': None, 'change': True}
2025-10-24 23:28:05,470 : INFO : EventManager : Event: ======'machine_var_audits_switches_s_flipper_left'====== Args={'value': 9, 'prev_value': None, 'change': True}
2025-10-24 23:28:05,470 : INFO : EventManager : Event: ======'machine_var_audits_switches_s_flipper_left_eos'====== Args={'value': 0, 'prev_value': None, 'change': True}
2025-10-24 23:28:05,470 : INFO : EventManager : Event: ======'machine_var_audits_switches_s_flipper_left_upper'====== Args={'value': 0, 'prev_value': None, 'change': True}
2025-10-24 23:28:05,470 : INFO : EventManager : Event: ======'machine_var_audits_switches_s_flipper_left_upper_eos'====== Args={'value': 0, 'prev_value': None, 'change': True}
2025-10-24 23:28:05,470 : INFO : EventManager : Event: ======'machine_var_audits_switches_s_flipper_right'====== Args={'value': 17, 'prev_value': None, 'change': True}
2025-10-24 23:28:05,470 : INFO : EventManager : Event: ======'machine_var_audits_switches_s_flipper_right_eos'====== Args={'value': 0, 'prev_value': None, 'change': True}
2025-10-24 23:28:05,470 : INFO : EventManager : Event: ======'machine_var_audits_switches_s_i_iceman_target'====== Args={'value': 9, 'prev_value': None, 'change': True}
2025-10-24 23:28:05,470 : INFO : EventManager : Event: ======'machine_var_audits_switches_s_inlane_left'====== Args={'value': 53, 'prev_value': None, 'change': True}
2025-10-24 23:28:05,471 : INFO : EventManager : Event: ======'machine_var_audits_switches_s_inner_inlane_right'====== Args={'value': 3, 'prev_value': None, 'change': True}
2025-10-24 23:28:05,471 : INFO : EventManager : Event: ======'machine_var_audits_switches_s_jam'====== Args={'value': 1, 'prev_value': None, 'change': True}
2025-10-24 23:28:05,471 : INFO : EventManager : Event: ======'machine_var_audits_switches_s_k_lock_target'====== Args={'value': 5, 'prev_value': None, 'change': True}
2025-10-24 23:28:05,471 : INFO : EventManager : Event: ======'machine_var_audits_switches_s_l_lock_target'====== Args={'value': 5, 'prev_value': None, 'change': True}
2025-10-24 23:28:05,471 : INFO : EventManager : Event: ======'machine_var_audits_switches_s_lane_left'====== Args={'value': 129, 'prev_value': None, 'change': True}
2025-10-24 23:28:05,471 : INFO : EventManager : Event: ======'machine_var_audits_switches_s_lane_right'====== Args={'value': 118, 'prev_value': None, 'change': True}
2025-10-24 23:28:05,471 : INFO : EventManager : Event: ======'machine_var_audits_switches_s_lock_goose'====== Args={'value': 0, 'prev_value': None, 'change': True}
2025-10-24 23:28:05,471 : INFO : EventManager : Event: ======'machine_var_audits_switches_s_lock_mav'====== Args={'value': 0, 'prev_value': None, 'change': True}
2025-10-24 23:28:05,471 : INFO : EventManager : Event: ======'machine_var_audits_switches_s_lock_plunger'====== Args={'value': 3, 'prev_value': None, 'change': True}
2025-10-24 23:28:05,471 : INFO : EventManager : Event: ======'machine_var_audits_switches_s_m_iceman_target'====== Args={'value': 25, 'prev_value': None, 'change': True}
2025-10-24 23:28:05,471 : INFO : EventManager : Event: ======'machine_var_audits_switches_s_mig_lane_left'====== Args={'value': 111, 'prev_value': None, 'change': True}
2025-10-24 23:28:05,471 : INFO : EventManager : Event: ======'machine_var_audits_switches_s_mig_lane_right'====== Args={'value': 16, 'prev_value': None, 'change': True}
2025-10-24 23:28:05,471 : INFO : EventManager : Event: ======'machine_var_audits_switches_s_mode_start'====== Args={'value': 0, 'prev_value': None, 'change': True}
2025-10-24 23:28:05,471 : INFO : EventManager : Event: ======'machine_var_audits_switches_s_n_iceman_target'====== Args={'value': 35, 'prev_value': None, 'change': True}
2025-10-24 23:28:05,471 : INFO : EventManager : Event: ======'machine_var_audits_switches_s_o_lock_target'====== Args={'value': 5, 'prev_value': None, 'change': True}
2025-10-24 23:28:05,471 : INFO : EventManager : Event: ======'machine_var_audits_switches_s_orbit_left'====== Args={'value': 56, 'prev_value': None, 'change': True}
2025-10-24 23:28:05,471 : INFO : EventManager : Event: ======'machine_var_audits_switches_s_orbit_lower'====== Args={'value': 2, 'prev_value': None, 'change': True}
2025-10-24 23:28:05,471 : INFO : EventManager : Event: ======'machine_var_audits_switches_s_orbit_right'====== Args={'value': 15, 'prev_value': None, 'change': True}
2025-10-24 23:28:05,471 : INFO : EventManager : Event: ======'machine_var_audits_switches_s_orbit_upper'====== Args={'value': 15, 'prev_value': None, 'change': True}
2025-10-24 23:28:05,471 : INFO : EventManager : Event: ======'machine_var_audits_switches_s_outer_inlane_right'====== Args={'value': 5, 'prev_value': None, 'change': True}
2025-10-24 23:28:05,471 : INFO : EventManager : Event: ======'machine_var_audits_switches_s_outlane_left'====== Args={'value': 0, 'prev_value': None, 'change': True}
2025-10-24 23:28:05,471 : INFO : EventManager : Event: ======'machine_var_audits_switches_s_outlane_right'====== Args={'value': 4, 'prev_value': None, 'change': True}
2025-10-24 23:28:05,471 : INFO : EventManager : Event: ======'machine_var_audits_switches_s_plunger_lane'====== Args={'value': 46, 'prev_value': None, 'change': True}
2025-10-24 23:28:05,472 : INFO : EventManager : Event: ======'machine_var_audits_switches_s_ramp_inner_exit'====== Args={'value': 38, 'prev_value': None, 'change': True}
2025-10-24 23:28:05,472 : INFO : EventManager : Event: ======'machine_var_audits_switches_s_ramp_left_exit'====== Args={'value': 0, 'prev_value': None, 'change': True}
2025-10-24 23:28:05,472 : INFO : EventManager : Event: ======'machine_var_audits_switches_s_ramp_right_exit'====== Args={'value': 0, 'prev_value': None, 'change': True}
2025-10-24 23:28:05,472 : INFO : EventManager : Event: ======'machine_var_audits_switches_s_ramp_tower_exit'====== Args={'value': 5, 'prev_value': None, 'change': True}
2025-10-24 23:28:05,472 : INFO : EventManager : Event: ======'machine_var_audits_switches_s_shooter_lane'====== Args={'value': 180, 'prev_value': None, 'change': True}
2025-10-24 23:28:05,472 : INFO : EventManager : Event: ======'machine_var_audits_switches_s_slingshot_left'====== Args={'value': 8, 'prev_value': None, 'change': True}
2025-10-24 23:28:05,472 : INFO : EventManager : Event: ======'machine_var_audits_switches_s_slingshot_right'====== Args={'value': 7, 'prev_value': None, 'change': True}
2025-10-24 23:28:05,472 : INFO : EventManager : Event: ======'machine_var_audits_switches_s_spinner'====== Args={'value': 53, 'prev_value': None, 'change': True}
2025-10-24 23:28:05,472 : INFO : EventManager : Event: ======'machine_var_audits_switches_s_start'====== Args={'value': 156, 'prev_value': None, 'change': True}
2025-10-24 23:28:05,472 : INFO : EventManager : Event: ======'machine_var_audits_switches_s_tilt'====== Args={'value': 0, 'prev_value': None, 'change': True}
2025-10-24 23:28:05,472 : INFO : EventManager : Event: ======'machine_var_audits_switches_s_trough_1'====== Args={'value': 2, 'prev_value': None, 'change': True}
2025-10-24 23:28:05,472 : INFO : EventManager : Event: ======'machine_var_audits_switches_s_trough_2'====== Args={'value': 1, 'prev_value': None, 'change': True}
2025-10-24 23:28:05,472 : INFO : EventManager : Event: ======'machine_var_audits_switches_s_trough_3'====== Args={'value': 1, 'prev_value': None, 'change': True}
2025-10-24 23:28:05,472 : INFO : EventManager : Event: ======'machine_var_audits_switches_s_trough_4'====== Args={'value': 0, 'prev_value': None, 'change': True}
2025-10-24 23:28:05,472 : INFO : EventManager : Event: ======'machine_var_audits_switches_s_trough_5'====== Args={'value': 0, 'prev_value': None, 'change': True}
2025-10-24 23:28:05,472 : INFO : EventManager : Event: ======'machine_var_audits_switches_s_trough_6'====== Args={'value': 143, 'prev_value': None, 'change': True}
2025-10-24 23:28:05,473 : INFO : EventManager : Event: ======'init_phase_5'====== Args={}
2025-10-24 23:28:05,473 : INFO : EventManager : Event: ======'init_done'====== Args={}
2025-10-24 23:28:05,473 : INFO : EventManager : Event: ======'machine_reset_phase_1'====== Args={}
2025-10-24 23:28:05,483 : INFO : EventManager : Event: ======'machine_reset_phase_2'====== Args={}
2025-10-24 23:28:05,483 : INFO : EventManager : Event: ======'machine_reset_phase_3'====== Args={}
2025-10-24 23:28:05,483 : INFO : EventManager : Event: ======'reset_complete'====== Args={}
2025-10-24 23:28:05,483 : INFO : EventManager : Event: ======'mode_attract_will_start'====== Args={}
2025-10-24 23:28:05,483 : INFO : Timer.attract_carousel_timer : Starting Timer.
2025-10-24 23:28:05,484 : INFO : EventManager : Event: ======'timer_attract_carousel_timer_started'====== Args={'ticks': 0, 'ticks_remaining': 1}
2025-10-24 23:28:05,484 : INFO : EventManager : Event: ======'timer_attract_carousel_timer_tick'====== Args={'ticks': 0, 'ticks_remaining': 1}
2025-10-24 23:28:05,485 : INFO : EventManager : Event: ======'mode_attract_starting'====== Args={}
2025-10-24 23:28:05,485 : INFO : Mode.attract : Started. Priority: 10
2025-10-24 23:28:05,485 : INFO : EventManager : Event: ======'modes_active_modes_changed'====== Args={}
2025-10-24 23:28:05,485 : INFO : EventManager : Event: ======'mode_attract_started'====== Args={}
2025-10-24 23:28:05,485 : INFO : EventManager : Event: ======'attract_cycle_step1'====== Args={'priority': 0}
2025-10-24 23:28:05,485 : INFO : EventManager : Event: ======'collecting_balls_complete'====== Args={}
2025-10-24 23:28:05,486 : INFO : EventManager : Event: ======'item_highlighted'====== Args={'carousel': 'attract', 'direction': None, 'item': 'title'}
2025-10-24 23:28:05,486 : INFO : EventManager : Event: ======'timer_attract_carousel_timer_tick'====== Args={'ticks': 0, 'ticks_remaining': 1}
2025-10-24 23:28:05,486 : INFO : Machine : Starting the main run loop with active modes: [<Mode.attract>]
2025-10-24 23:28:05,568 : INFO : EventManager : Event: ======'slide_attract_created'====== Args={'_from_bcp': True}
2025-10-24 23:28:05,568 : INFO : EventManager : Event: ======'slide__removed'====== Args={'_from_bcp': True}
2025-10-24 23:28:05,569 : INFO : EventManager : Event: ======'slide_attract_active'====== Args={'original_context': 'attract', 'original_calling_context': 'mode_attract_started', 'priority': 10.0, 'cmd': 'slides_play', '_from_bcp': True}
2025-10-24 23:28:05,896 : INFO : BcpServer : New client connected.
2025-10-24 23:28:12,481 : INFO : Timer.attract_carousel_timer : Timer Complete
2025-10-24 23:28:12,481 : INFO : Timer.attract_carousel_timer : Stopping Timer
2025-10-24 23:28:12,481 : INFO : EventManager : Event: ======'timer_attract_carousel_timer_stopped'====== Args={'ticks': 1, 'ticks_remaining': 1}
2025-10-24 23:28:12,482 : INFO : EventManager : Event: ======'timer_attract_carousel_timer_complete'====== Args={'ticks': 1, 'ticks_remaining': 1}
2025-10-24 23:28:12,485 : INFO : EventManager : Event: ======'item_highlighted'====== Args={'carousel': 'attract', 'direction': 'forwards', 'item': 'presented_by'}
2025-10-24 23:28:12,486 : INFO : Timer.attract_carousel_timer : Starting Timer.
2025-10-24 23:28:12,486 : INFO : EventManager : Event: ======'timer_attract_carousel_timer_started'====== Args={'ticks': 0, 'ticks_remaining': 1}
2025-10-24 23:28:12,486 : INFO : EventManager : Event: ======'timer_attract_carousel_timer_tick'====== Args={'ticks': 0, 'ticks_remaining': 1}
2025-10-24 23:28:16,621 : INFO : SwitchController : <<<<<<< 's_start' active >>>>>>>
2025-10-24 23:28:17,675 : INFO : EventManager : Event: ======'attract_cycle_step2'====== Args={}
2025-10-24 23:28:19,489 : INFO : Timer.attract_carousel_timer : Timer Complete
2025-10-24 23:28:19,489 : INFO : Timer.attract_carousel_timer : Stopping Timer
2025-10-24 23:28:19,489 : INFO : EventManager : Event: ======'timer_attract_carousel_timer_stopped'====== Args={'ticks': 1, 'ticks_remaining': 1}
2025-10-24 23:28:19,490 : INFO : EventManager : Event: ======'timer_attract_carousel_timer_complete'====== Args={'ticks': 1, 'ticks_remaining': 1}
2025-10-24 23:28:19,491 : INFO : EventManager : Event: ======'item_highlighted'====== Args={'carousel': 'attract', 'direction': 'forwards', 'item': 'hotrod_pinball_logo'}
2025-10-24 23:28:19,492 : INFO : Timer.attract_carousel_timer : Starting Timer.
2025-10-24 23:28:19,492 : INFO : EventManager : Event: ======'timer_attract_carousel_timer_started'====== Args={'ticks': 0, 'ticks_remaining': 1}
2025-10-24 23:28:19,492 : INFO : EventManager : Event: ======'timer_attract_carousel_timer_tick'====== Args={'ticks': 0, 'ticks_remaining': 1}
2025-10-24 23:28:26,511 : INFO : Timer.attract_carousel_timer : Timer Complete
2025-10-24 23:28:26,511 : INFO : Timer.attract_carousel_timer : Stopping Timer
2025-10-24 23:28:26,511 : INFO : EventManager : Event: ======'timer_attract_carousel_timer_stopped'====== Args={'ticks': 1, 'ticks_remaining': 1}
2025-10-24 23:28:26,511 : INFO : EventManager : Event: ======'timer_attract_carousel_timer_complete'====== Args={'ticks': 1, 'ticks_remaining': 1}
2025-10-24 23:28:26,512 : INFO : EventManager : Event: ======'item_highlighted'====== Args={'carousel': 'attract', 'direction': 'forwards', 'item': 'mpf_logo'}
2025-10-24 23:28:26,513 : INFO : Timer.attract_carousel_timer : Starting Timer.
2025-10-24 23:28:26,513 : INFO : EventManager : Event: ======'timer_attract_carousel_timer_started'====== Args={'ticks': 0, 'ticks_remaining': 1}
2025-10-24 23:28:26,513 : INFO : EventManager : Event: ======'timer_attract_carousel_timer_tick'====== Args={'ticks': 0, 'ticks_remaining': 1}
2025-10-24 23:28:29,290 : INFO : EventManager : Event: ======'attract_cycle_step3'====== Args={}
2025-10-24 23:28:30,089 : INFO : SwitchController : <<<<<<< 's_start' inactive >>>>>>>
2025-10-24 23:28:30,089 : INFO : EventManager : Event: ======'request_to_start_game'====== Args={}
2025-10-24 23:28:30,090 : INFO : EventManager : Event: ======'game_start'====== Args={'buttons': [], 'hold_time': 13.46799999999348}
2025-10-24 23:28:30,090 : INFO : EventManager : Event: ======'mode_game_will_start'====== Args={'buttons': [], 'hold_time': 13.46799999999348}
2025-10-24 23:28:30,091 : INFO : EventManager : Event: ======'mode_game_starting'====== Args={'buttons': [], 'hold_time': 13.46799999999348}
2025-10-24 23:28:30,091 : INFO : EventManager : Event: ======'mode_attract_will_stop'====== Args={}
2025-10-24 23:28:30,091 : INFO : EventManager : Event: ======'mode_attract_stopping'====== Args={}
2025-10-24 23:28:30,092 : INFO : Mode.game : Started. Priority: 20
2025-10-24 23:28:30,092 : INFO : EventManager : Event: ======'modes_active_modes_changed'====== Args={}
2025-10-24 23:28:30,092 : INFO : EventManager : Event: ======'mode_game_started'====== Args={'buttons': [], 'hold_time': 13.46799999999348}
2025-10-24 23:28:30,093 : INFO : Mode.attract : Stopped.
2025-10-24 23:28:30,093 : INFO : EventManager : Event: ======'modes_active_modes_changed'====== Args={}
2025-10-24 23:28:30,093 : INFO : EventManager : Event: ======'mode_attract_stopped'====== Args={}
2025-10-24 23:28:30,093 : INFO : EventManager : Event: ======'clear'====== Args={'key': 'attract'}
2025-10-24 23:28:30,093 : INFO : Timer.attract_carousel_timer : Stopping Timer
2025-10-24 23:28:30,093 : INFO : EventManager : Event: ======'timer_attract_carousel_timer_stopped'====== Args={'ticks': 0, 'ticks_remaining': 1}
2025-10-24 23:28:30,094 : INFO : EventManager : Event: ======'game_will_start'====== Args={}
2025-10-24 23:28:30,094 : INFO : EventManager : Event: ======'game_starting'====== Args={'game': <Mode.game>}
2025-10-24 23:28:30,095 : INFO : EventManager : Unordered handler for class <Auditor> on event game_ended with priority 1. Handlers: [RegisteredHandler(callback=<bound method Auditor.disable of <Auditor>>, priority=1, kwargs={}, key=UUID('50297000-e5d5-4bbf-a85a-7e583af046f8'), condition=None, blocking_facility=None), RegisteredHandler(callback=<bound method Auditor._save_audits of <Auditor>>, priority=1, kwargs={}, key=UUID('4ae82bef-e028-4433-a7d3-09eac3ac4212'), condition=None, blocking_facility=None)]. The order of those handlers is not defined and they will be executed in random order. This might lead to race conditions and potential bugs.
2025-10-24 23:28:30,095 : INFO : EventManager : Event: ======'player_add_request'====== Args={}
2025-10-24 23:28:30,095 : INFO : EventManager : Event: ======'player_will_add'====== Args={'number': 1}
2025-10-24 23:28:30,095 : INFO : EventManager : Event: ======'player_adding'====== Args={'player': <Player 1>, 'number': 1}
2025-10-24 23:28:30,095 : INFO : EventManager : Event: ======'player_added'====== Args={'player': <Player 1>, 'num': 1}
2025-10-24 23:28:30,095 : INFO : Mode.game : Player added successfully. Total players: 1
2025-10-24 23:28:30,095 : INFO : EventManager : Event: ======'player_index'====== Args={'value': 0, 'prev_value': 0, 'change': 0, 'player_num': 1}
2025-10-24 23:28:30,095 : INFO : EventManager : Event: ======'player_number'====== Args={'value': 1, 'prev_value': 1, 'change': 0, 'player_num': 1}
2025-10-24 23:28:30,097 : INFO : EventManager : Event: ======'player_score'====== Args={'value': 0, 'prev_value': 0, 'change': 0, 'player_num': 1}
2025-10-24 23:28:30,097 : INFO : EventManager : Event: ======'game_started'====== Args={}
2025-10-24 23:28:30,098 : INFO : EventManager : Event: ======'player_turn_will_start'====== Args={'player': <Player 1>, 'number': 1}
2025-10-24 23:28:30,104 : INFO : EventManager : Event: ======'player_turn_starting'====== Args={'player': <Player 1>, 'number': 1}
2025-10-24 23:28:30,105 : INFO : EventManager : Event: ======'player_ball'====== Args={'value': 1, 'prev_value': 0, 'change': 1, 'player_num': 1}
2025-10-24 23:28:30,105 : INFO : EventManager : Event: ======'player_turn_started'====== Args={'player': <Player 1>, 'number': 1}
2025-10-24 23:28:30,106 : INFO : EventManager : Event: ======'ui_player_1_up'====== Args={'priority': 0}
2025-10-24 23:28:30,106 : INFO : EventManager : Event: ======'ball_will_start'====== Args={'player': 1, 'ball': 1, 'balls_remaining': 2, 'is_extra_ball': False}
2025-10-24 23:28:30,107 : INFO : EventManager : Event: ======'ball_starting'====== Args={'player': 1, 'ball': 1, 'balls_remaining': 2, 'is_extra_ball': False}
2025-10-24 23:28:30,107 : INFO : EventManager : Event: ======'mode_base_will_start'====== Args={'queue': <QueuedEvent>, 'player': 1, 'ball': 1, 'balls_remaining': 2, 'is_extra_ball': False}
2025-10-24 23:28:30,110 : INFO : EventManager : Event: ======'mode_base_starting'====== Args={'queue': <QueuedEvent>, 'player': 1, 'ball': 1, 'balls_remaining': 2, 'is_extra_ball': False}
2025-10-24 23:28:30,111 : INFO : Mode.base : Started. Priority: 100
2025-10-24 23:28:30,111 : INFO : EventManager : Event: ======'modes_active_modes_changed'====== Args={}
2025-10-24 23:28:30,111 : INFO : EventManager : Event: ======'mode_base_started'====== Args={'queue': <QueuedEvent>, 'player': 1, 'ball': 1, 'balls_remaining': 2, 'is_extra_ball': False}
2025-10-24 23:28:30,111 : INFO : EventManager : Event: ======'mode_pilot_mission_qualifier_will_start'====== Args={'queue': <QueuedEvent>, 'player': 1, 'ball': 1, 'balls_remaining': 2, 'is_extra_ball': False}
2025-10-24 23:28:30,124 : INFO : EventManager : Event: ======'mode_pilot_mission_qualifier_starting'====== Args={'queue': <QueuedEvent>, 'player': 1, 'ball': 1, 'balls_remaining': 2, 'is_extra_ball': False}
2025-10-24 23:28:30,124 : INFO : EventManager : Event: ======'start_mode_bumpers'====== Args={'priority': 0}
2025-10-24 23:28:30,124 : INFO : EventManager : Event: ======'mode_bumpers_will_start'====== Args={'priority': 0}
2025-10-24 23:28:30,124 : INFO : EventManager : Event: ======'player_shot_bumper_left_enabled'====== Args={'value': True, 'prev_value': 0, 'change': 1, 'player_num': 1}
2025-10-24 23:28:30,125 : INFO : EventManager : Event: ======'player_shot_bumper_center_enabled'====== Args={'value': True, 'prev_value': 0, 'change': 1, 'player_num': 1}
2025-10-24 23:28:30,125 : INFO : EventManager : Event: ======'player_shot_bumper_right_enabled'====== Args={'value': True, 'prev_value': 0, 'change': 1, 'player_num': 1}
2025-10-24 23:28:30,125 : INFO : EventManager : Event: ======'bumpers_complete'====== Args={'state': 'unlit'}
2025-10-24 23:28:30,125 : INFO : EventManager : Event: ======'bumpers_unlit_complete'====== Args={}
2025-10-24 23:28:30,126 : INFO : EventManager : Event: ======'mode_bumpers_starting'====== Args={'priority': 0}
2025-10-24 23:28:30,126 : INFO : Mode.bumpers : Started. Priority: 200
2025-10-24 23:28:30,126 : INFO : EventManager : Event: ======'modes_active_modes_changed'====== Args={}
2025-10-24 23:28:30,126 : INFO : EventManager : Event: ======'mode_bumpers_started'====== Args={'priority': 0}
2025-10-24 23:28:30,126 : INFO : Mode.pilot_mission_qualifier : Started. Priority: 200
2025-10-24 23:28:30,126 : INFO : EventManager : Event: ======'modes_active_modes_changed'====== Args={}
2025-10-24 23:28:30,126 : INFO : EventManager : Event: ======'mode_pilot_mission_qualifier_started'====== Args={'queue': <QueuedEvent>, 'player': 1, 'ball': 1, 'balls_remaining': 2, 'is_extra_ball': False}
2025-10-24 23:28:30,128 : INFO : EventManager : Event: ======'balls_in_play'====== Args={'balls': 1}
2025-10-24 23:28:30,128 : INFO : EventManager : Event: ======'ball_started'====== Args={'player': 1, 'ball': 1, 'balls_remaining': 2, 'is_extra_ball': False}
2025-10-24 23:28:30,129 : INFO : EventManager : Event: ======'single_player_ball_started'====== Args={}
2025-10-24 23:28:30,130 : INFO : EventManager : Event: ======'ball_start_target'====== Args={'target': 'playfield'}
2025-10-24 23:28:30,131 : INFO : ball_device.bd_plunger : Setting up player-controlled eject. Balls: 1, Target: <playfield.playfield>, player_controlled_eject_event: None
2025-10-24 23:28:30,132 : INFO : EventManager : Event: ======'balldevice_balls_available'====== Args={}
2025-10-24 23:28:30,133 : INFO : ball_device.bd_trough : State: waiting_for_target_ready
2025-10-24 23:28:30,134 : INFO : EventManager : Event: ======'balldevice_bd_trough_ball_eject_attempt'====== Args={'balls': 1, 'target': <ball_device.bd_plunger>, 'source': <ball_device.bd_trough>, 'mechanical_eject': True, 'num_attempts': 0}
2025-10-24 23:28:30,134 : INFO : ball_device.bd_plunger : State: waiting_for_ball
2025-10-24 23:28:30,135 : INFO : ball_device.bd_trough : State: ejecting
2025-10-24 23:28:30,135 : INFO : ball_device.bd_trough : Ejecting ball to <ball_device.bd_plunger>
2025-10-24 23:28:30,135 : INFO : EventManager : Event: ======'balldevice_bd_trough_ejecting_ball'====== Args={'balls': 1, 'target': <ball_device.bd_plunger>, 'source': <ball_device.bd_trough>, 'mechanical_eject': True, 'num_attempts': 0}
2025-10-24 23:28:30,136 : INFO : ball_device.bd_trough : Wait for ball to leave device
2025-10-24 23:28:30,136 : INFO : coil.c_trough_eject : Pulsing Driver for 10ms (0.75 pulse_power)
2025-10-24 23:28:30,212 : INFO : EventManager : Event: ======'slide_base_slide_created'====== Args={'_from_bcp': True}
2025-10-24 23:28:30,213 : INFO : EventManager : Event: ======'slide_attract_inactive'====== Args={'is_removing': True, '_from_bcp': True}
2025-10-24 23:28:30,213 : INFO : EventManager : Event: ======'slide_base_slide_active'====== Args={'original_context': 'base', 'original_calling_context': 'mode_base_started', 'priority': 100.0, 'queue': '<QueuedEvent>', 'player': 1.0, 'ball': 1.0, 'balls_remaining': 2.0, 'is_extra_ball': False, 'cmd': 'slides_play', '_from_bcp': True}
2025-10-24 23:28:30,218 : INFO : EventManager : Event: ======'slide_attract_removed'====== Args={'_from_bcp': True}
2025-10-24 23:28:30,240 : INFO : EventManager : Event: ======'slide_topgun_letters_created'====== Args={'_from_bcp': True}
2025-10-24 23:28:30,241 : INFO : EventManager : Event: ======'slide_base_slide_inactive'====== Args={'is_removing': False, '_from_bcp': True}
2025-10-24 23:28:30,242 : INFO : EventManager : Event: ======'slide_topgun_letters_active'====== Args={'original_context': 'pilot_mission_qualifier', 'original_calling_context': 'mode_pilot_mission_qualifier_started', 'priority': 200.0, 'queue': '<QueuedEvent>', 'player': 1.0, 'ball': 1.0, 'balls_remaining': 2.0, 'is_extra_ball': False, 'cmd': 'slides_play', '_from_bcp': True}
2025-10-24 23:28:33,113 : INFO : EventManager : Event: ======'balldevice_bd_trough_ball_eject_failed'====== Args={'target': <ball_device.bd_plunger>, 'balls': 1, 'retry': True, 'num_attempts': 1}
2025-10-24 23:28:33,114 : INFO : ball_device.bd_trough : State: waiting_for_target_ready
2025-10-24 23:28:33,114 : INFO : EventManager : Event: ======'balldevice_bd_trough_ball_eject_attempt'====== Args={'balls': 1, 'target': <ball_device.bd_plunger>, 'source': <ball_device.bd_trough>, 'mechanical_eject': True, 'num_attempts': 1}
2025-10-24 23:28:33,115 : INFO : ball_device.bd_trough : State: ejecting
2025-10-24 23:28:33,115 : INFO : ball_device.bd_trough : Ejecting ball to <ball_device.bd_plunger>
2025-10-24 23:28:33,115 : INFO : EventManager : Event: ======'balldevice_bd_trough_ejecting_ball'====== Args={'balls': 1, 'target': <ball_device.bd_plunger>, 'source': <ball_device.bd_trough>, 'mechanical_eject': True, 'num_attempts': 1}
2025-10-24 23:28:33,116 : INFO : ball_device.bd_trough : Wait for ball to leave device
2025-10-24 23:28:33,116 : INFO : coil.c_trough_eject : Pulsing Driver for 10ms (0.75 pulse_power)
2025-10-24 23:28:36,140 : INFO : EventManager : Event: ======'balldevice_bd_trough_ball_eject_failed'====== Args={'target': <ball_device.bd_plunger>, 'balls': 1, 'retry': True, 'num_attempts': 2}
2025-10-24 23:28:36,141 : INFO : ball_device.bd_trough : State: waiting_for_target_ready
2025-10-24 23:28:36,142 : INFO : EventManager : Event: ======'balldevice_bd_trough_ball_eject_attempt'====== Args={'balls': 1, 'target': <ball_device.bd_plunger>, 'source': <ball_device.bd_trough>, 'mechanical_eject': True, 'num_attempts': 2}
2025-10-24 23:28:36,142 : INFO : ball_device.bd_trough : State: ejecting
2025-10-24 23:28:36,142 : INFO : ball_device.bd_trough : Ejecting ball to <ball_device.bd_plunger>
2025-10-24 23:28:36,142 : INFO : EventManager : Event: ======'balldevice_bd_trough_ejecting_ball'====== Args={'balls': 1, 'target': <ball_device.bd_plunger>, 'source': <ball_device.bd_trough>, 'mechanical_eject': True, 'num_attempts': 2}
2025-10-24 23:28:36,143 : INFO : ball_device.bd_trough : Wait for ball to leave device
2025-10-24 23:28:36,143 : INFO : coil.c_trough_eject : Pulsing Driver for 10ms (0.75 pulse_power)
2025-10-24 23:28:39,161 : INFO : EventManager : Event: ======'balldevice_bd_trough_ball_eject_failed'====== Args={'target': <ball_device.bd_plunger>, 'balls': 1, 'retry': True, 'num_attempts': 3}
2025-10-24 23:28:39,162 : INFO : ball_device.bd_trough : State: waiting_for_target_ready
2025-10-24 23:28:39,162 : INFO : EventManager : Event: ======'balldevice_bd_trough_ball_eject_attempt'====== Args={'balls': 1, 'target': <ball_device.bd_plunger>, 'source': <ball_device.bd_trough>, 'mechanical_eject': True, 'num_attempts': 3}
2025-10-24 23:28:39,163 : INFO : ball_device.bd_trough : State: ejecting
2025-10-24 23:28:39,163 : INFO : ball_device.bd_trough : Ejecting ball to <ball_device.bd_plunger>
2025-10-24 23:28:39,163 : INFO : EventManager : Event: ======'balldevice_bd_trough_ejecting_ball'====== Args={'balls': 1, 'target': <ball_device.bd_plunger>, 'source': <ball_device.bd_trough>, 'mechanical_eject': True, 'num_attempts': 3}
2025-10-24 23:28:39,164 : INFO : ball_device.bd_trough : Wait for ball to leave device
2025-10-24 23:28:39,164 : INFO : coil.c_trough_eject : Pulsing Driver for 10ms (0.75 pulse_power)
2025-10-24 23:28:42,164 : INFO : EventManager : Event: ======'balldevice_bd_trough_ball_eject_failed'====== Args={'target': <ball_device.bd_plunger>, 'balls': 1, 'retry': True, 'num_attempts': 4}
2025-10-24 23:28:42,165 : INFO : ball_device.bd_trough : State: waiting_for_target_ready
2025-10-24 23:28:42,165 : INFO : EventManager : Event: ======'balldevice_bd_trough_ball_eject_attempt'====== Args={'balls': 1, 'target': <ball_device.bd_plunger>, 'source': <ball_device.bd_trough>, 'mechanical_eject': True, 'num_attempts': 4}
2025-10-24 23:28:42,166 : INFO : ball_device.bd_trough : State: ejecting
2025-10-24 23:28:42,166 : INFO : ball_device.bd_trough : Ejecting ball to <ball_device.bd_plunger>
2025-10-24 23:28:42,166 : INFO : EventManager : Event: ======'balldevice_bd_trough_ejecting_ball'====== Args={'balls': 1, 'target': <ball_device.bd_plunger>, 'source': <ball_device.bd_trough>, 'mechanical_eject': True, 'num_attempts': 4}
2025-10-24 23:28:42,168 : INFO : ball_device.bd_trough : Wait for ball to leave device
2025-10-24 23:28:42,168 : INFO : coil.c_trough_eject : Pulsing Driver for 10ms (0.75 pulse_power)
2025-10-24 23:28:45,157 : INFO : EventManager : Event: ======'balldevice_bd_trough_ball_eject_failed'====== Args={'target': <ball_device.bd_plunger>, 'balls': 1, 'retry': True, 'num_attempts': 5}
2025-10-24 23:28:45,159 : INFO : ball_device.bd_trough : State: waiting_for_target_ready
2025-10-24 23:28:45,159 : INFO : EventManager : Event: ======'balldevice_bd_trough_ball_eject_attempt'====== Args={'balls': 1, 'target': <ball_device.bd_plunger>, 'source': <ball_device.bd_trough>, 'mechanical_eject': True, 'num_attempts': 5}
2025-10-24 23:28:45,160 : INFO : ball_device.bd_trough : State: ejecting
2025-10-24 23:28:45,160 : INFO : ball_device.bd_trough : Ejecting ball to <ball_device.bd_plunger>
2025-10-24 23:28:45,160 : INFO : EventManager : Event: ======'balldevice_bd_trough_ejecting_ball'====== Args={'balls': 1, 'target': <ball_device.bd_plunger>, 'source': <ball_device.bd_trough>, 'mechanical_eject': True, 'num_attempts': 5}
2025-10-24 23:28:45,160 : INFO : ball_device.bd_trough : Wait for ball to leave device
2025-10-24 23:28:45,161 : INFO : coil.c_trough_eject : Pulsing Driver for 10ms (0.75 pulse_power)
2025-10-24 23:28:48,165 : INFO : EventManager : Event: ======'balldevice_bd_trough_ball_eject_failed'====== Args={'target': <ball_device.bd_plunger>, 'balls': 1, 'retry': True, 'num_attempts': 6}
2025-10-24 23:28:48,166 : INFO : ball_device.bd_trough : State: waiting_for_target_ready
2025-10-24 23:28:48,167 : INFO : EventManager : Event: ======'balldevice_bd_trough_ball_eject_attempt'====== Args={'balls': 1, 'target': <ball_device.bd_plunger>, 'source': <ball_device.bd_trough>, 'mechanical_eject': True, 'num_attempts': 6}
2025-10-24 23:28:48,167 : INFO : ball_device.bd_trough : State: ejecting
2025-10-24 23:28:48,168 : INFO : ball_device.bd_trough : Ejecting ball to <ball_device.bd_plunger>
2025-10-24 23:28:48,168 : INFO : EventManager : Event: ======'balldevice_bd_trough_ejecting_ball'====== Args={'balls': 1, 'target': <ball_device.bd_plunger>, 'source': <ball_device.bd_trough>, 'mechanical_eject': True, 'num_attempts': 6}
2025-10-24 23:28:48,168 : INFO : ball_device.bd_trough : Wait for ball to leave device
2025-10-24 23:28:48,168 : INFO : coil.c_trough_eject : Pulsing Driver for 10ms (0.75 pulse_power)
2025-10-24 23:28:51,173 : INFO : EventManager : Event: ======'balldevice_bd_trough_ball_eject_failed'====== Args={'target': <ball_device.bd_plunger>, 'balls': 1, 'retry': True, 'num_attempts': 7}
2025-10-24 23:28:51,174 : INFO : ball_device.bd_trough : State: waiting_for_target_ready
2025-10-24 23:28:51,176 : INFO : EventManager : Event: ======'balldevice_bd_trough_ball_eject_attempt'====== Args={'balls': 1, 'target': <ball_device.bd_plunger>, 'source': <ball_device.bd_trough>, 'mechanical_eject': True, 'num_attempts': 7}
2025-10-24 23:28:51,176 : INFO : ball_device.bd_trough : State: ejecting
2025-10-24 23:28:51,176 : INFO : ball_device.bd_trough : Ejecting ball to <ball_device.bd_plunger>
2025-10-24 23:28:51,176 : INFO : EventManager : Event: ======'balldevice_bd_trough_ejecting_ball'====== Args={'balls': 1, 'target': <ball_device.bd_plunger>, 'source': <ball_device.bd_trough>, 'mechanical_eject': True, 'num_attempts': 7}
2025-10-24 23:28:51,177 : INFO : ball_device.bd_trough : Wait for ball to leave device
2025-10-24 23:28:51,177 : INFO : coil.c_trough_eject : Pulsing Driver for 10ms (0.75 pulse_power)
2025-10-24 23:28:54,177 : INFO : EventManager : Event: ======'balldevice_bd_trough_ball_eject_failed'====== Args={'target': <ball_device.bd_plunger>, 'balls': 1, 'retry': True, 'num_attempts': 8}
2025-10-24 23:28:54,178 : INFO : ball_device.bd_trough : State: waiting_for_target_ready
2025-10-24 23:28:54,178 : INFO : EventManager : Event: ======'balldevice_bd_trough_ball_eject_attempt'====== Args={'balls': 1, 'target': <ball_device.bd_plunger>, 'source': <ball_device.bd_trough>, 'mechanical_eject': True, 'num_attempts': 8}
2025-10-24 23:28:54,178 : INFO : ball_device.bd_trough : State: ejecting
2025-10-24 23:28:54,179 : INFO : ball_device.bd_trough : Ejecting ball to <ball_device.bd_plunger>
2025-10-24 23:28:54,179 : INFO : EventManager : Event: ======'balldevice_bd_trough_ejecting_ball'====== Args={'balls': 1, 'target': <ball_device.bd_plunger>, 'source': <ball_device.bd_trough>, 'mechanical_eject': True, 'num_attempts': 8}
2025-10-24 23:28:54,179 : INFO : ball_device.bd_trough : Wait for ball to leave device
2025-10-24 23:28:54,179 : INFO : coil.c_trough_eject : Pulsing Driver for 10ms (0.75 pulse_power)
2025-10-24 23:28:57,195 : INFO : EventManager : Event: ======'balldevice_bd_trough_ball_eject_failed'====== Args={'target': <ball_device.bd_plunger>, 'balls': 1, 'retry': True, 'num_attempts': 9}
2025-10-24 23:28:57,196 : INFO : ball_device.bd_trough : State: waiting_for_target_ready
2025-10-24 23:28:57,196 : INFO : EventManager : Event: ======'balldevice_bd_trough_ball_eject_attempt'====== Args={'balls': 1, 'target': <ball_device.bd_plunger>, 'source': <ball_device.bd_trough>, 'mechanical_eject': True, 'num_attempts': 9}
2025-10-24 23:28:57,197 : INFO : ball_device.bd_trough : State: ejecting
2025-10-24 23:28:57,197 : INFO : ball_device.bd_trough : Ejecting ball to <ball_device.bd_plunger>
2025-10-24 23:28:57,197 : INFO : EventManager : Event: ======'balldevice_bd_trough_ejecting_ball'====== Args={'balls': 1, 'target': <ball_device.bd_plunger>, 'source': <ball_device.bd_trough>, 'mechanical_eject': True, 'num_attempts': 9}
2025-10-24 23:28:57,197 : INFO : ball_device.bd_trough : Wait for ball to leave device
2025-10-24 23:28:57,198 : INFO : coil.c_trough_eject : Pulsing Driver for 10ms (0.75 pulse_power)
2025-10-24 23:29:00,190 : INFO : EventManager : Event: ======'balldevice_bd_trough_ball_eject_failed'====== Args={'target': <ball_device.bd_plunger>, 'balls': 1, 'retry': True, 'num_attempts': 10}
2025-10-24 23:29:00,191 : INFO : ball_device.bd_trough : State: waiting_for_target_ready
2025-10-24 23:29:00,191 : INFO : EventManager : Event: ======'balldevice_bd_trough_ball_eject_attempt'====== Args={'balls': 1, 'target': <ball_device.bd_plunger>, 'source': <ball_device.bd_trough>, 'mechanical_eject': True, 'num_attempts': 10}
2025-10-24 23:29:00,192 : INFO : ball_device.bd_trough : State: ejecting
2025-10-24 23:29:00,192 : INFO : ball_device.bd_trough : Ejecting ball to <ball_device.bd_plunger>
2025-10-24 23:29:00,192 : INFO : EventManager : Event: ======'balldevice_bd_trough_ejecting_ball'====== Args={'balls': 1, 'target': <ball_device.bd_plunger>, 'source': <ball_device.bd_trough>, 'mechanical_eject': True, 'num_attempts': 10}
2025-10-24 23:29:00,193 : INFO : ball_device.bd_trough : Wait for ball to leave device
2025-10-24 23:29:00,193 : INFO : coil.c_trough_eject : Pulsing Driver for 10ms (0.75 pulse_power)
2025-10-24 23:29:03,217 : INFO : EventManager : Event: ======'balldevice_bd_trough_ball_eject_failed'====== Args={'target': <ball_device.bd_plunger>, 'balls': 1, 'retry': True, 'num_attempts': 11}
2025-10-24 23:29:03,218 : INFO : ball_device.bd_trough : State: waiting_for_target_ready
2025-10-24 23:29:03,219 : INFO : EventManager : Event: ======'balldevice_bd_trough_ball_eject_attempt'====== Args={'balls': 1, 'target': <ball_device.bd_plunger>, 'source': <ball_device.bd_trough>, 'mechanical_eject': True, 'num_attempts': 11}
2025-10-24 23:29:03,219 : INFO : ball_device.bd_trough : State: ejecting
2025-10-24 23:29:03,219 : INFO : ball_device.bd_trough : Ejecting ball to <ball_device.bd_plunger>
2025-10-24 23:29:03,219 : INFO : EventManager : Event: ======'balldevice_bd_trough_ejecting_ball'====== Args={'balls': 1, 'target': <ball_device.bd_plunger>, 'source': <ball_device.bd_trough>, 'mechanical_eject': True, 'num_attempts': 11}
2025-10-24 23:29:03,220 : INFO : ball_device.bd_trough : Wait for ball to leave device
2025-10-24 23:29:03,220 : INFO : coil.c_trough_eject : Pulsing Driver for 10ms (0.75 pulse_power)
2025-10-24 23:29:03,513 : INFO : Machine : Shutting down...
2025-10-24 23:29:03,513 : INFO : EventManager : Event: ======'shutdown'====== Args={}
2025-10-24 23:29:03,515 : INFO : EventManager : Event: ======'mode_game_will_stop'====== Args={}
2025-10-24 23:29:03,515 : INFO : EventManager : Event: ======'mode_game_stopping'====== Args={}
2025-10-24 23:29:03,516 : INFO : EventManager : Event: ======'mode_bumpers_will_stop'====== Args={}
2025-10-24 23:29:03,516 : INFO : EventManager : Event: ======'mode_bumpers_stopping'====== Args={}
2025-10-24 23:29:03,517 : INFO : EventManager : Event: ======'mode_base_will_stop'====== Args={}
2025-10-24 23:29:03,517 : INFO : EventManager : Event: ======'mode_base_stopping'====== Args={}
2025-10-24 23:29:03,517 : INFO : EventManager : Event: ======'mode_pilot_mission_qualifier_will_stop'====== Args={}
2025-10-24 23:29:03,517 : INFO : EventManager : Event: ======'mode_pilot_mission_qualifier_stopping'====== Args={}
2025-10-24 23:29:03,517 : INFO : EventManager : Event: ======'stop_mode_bumpers'====== Args={'priority': 0}
2025-10-24 23:29:03,517 : INFO : Mode.pilot_mission_qualifier : Stopped.
2025-10-24 23:29:03,517 : INFO : EventManager : Event: ======'modes_active_modes_changed'====== Args={}
2025-10-24 23:29:03,518 : INFO : EventManager : Event: ======'mode_pilot_mission_qualifier_stopped'====== Args={}
2025-10-24 23:29:03,518 : INFO : EventManager : Event: ======'clear'====== Args={'key': 'pilot_mission_qualifier'}
2025-10-24 23:29:03,518 : INFO : Mode.base : Stopped.
2025-10-24 23:29:03,518 : INFO : EventManager : Event: ======'modes_active_modes_changed'====== Args={}
2025-10-24 23:29:03,518 : INFO : EventManager : Event: ======'mode_base_stopped'====== Args={}
2025-10-24 23:29:03,518 : INFO : EventManager : Event: ======'clear'====== Args={'key': 'base'}
2025-10-24 23:29:03,518 : INFO : Mode.bumpers : Stopped.
2025-10-24 23:29:03,518 : INFO : EventManager : Event: ======'modes_active_modes_changed'====== Args={}
2025-10-24 23:29:03,518 : INFO : EventManager : Event: ======'mode_bumpers_stopped'====== Args={}
2025-10-24 23:29:03,518 : INFO : EventManager : Event: ======'clear'====== Args={'key': 'bumpers'}
2025-10-24 23:29:03,519 : INFO : Mode.game : Stopped.
2025-10-24 23:29:03,520 : INFO : EventManager : Event: ======'modes_active_modes_changed'====== Args={}
2025-10-24 23:29:03,520 : INFO : EventManager : Event: ======'mode_game_stopped'====== Args={}
2025-10-24 23:29:03,520 : INFO : EventManager : Event: ======'clear'====== Args={'key': 'game'}
2025-10-24 23:29:03,523 : INFO : root : MPF run loop ended.
