2025-09-05 17:39:57,579 : INFO : root : Loading config.
2025-09-05 17:39:57,591 : INFO : YamlMultifileConfigLoader : Machine config file #1: config.yaml
2025-09-05 17:39:57,592 : WARNING : ConfigProcessor : Config file in cache changed: C:\Users\White\Documents\Top_Gun_Pinball\config\config.yaml
2025-09-05 17:39:57,592 : INFO : ConfigProcessor : Loading config from file C:\Users\White\mpf\Lib\site-packages\mpf\mpfconfig.yaml.
2025-09-05 17:39:57,614 : INFO : ConfigProcessor : Loading config: C:\Users\White\mpf\Lib\site-packages\mpf\mpfconfig.yaml
2025-09-05 17:39:57,615 : INFO : ConfigProcessor : Loading config from file C:\Users\White\Documents\Top_Gun_Pinball\config\config.yaml.
2025-09-05 17:39:57,626 : INFO : ConfigProcessor : Loading config: C:\Users\White\Documents\Top_Gun_Pinball\config\config.yaml
2025-09-05 17:39:57,629 : INFO : ConfigProcessor : Loading config: C:\Users\White\Documents\Top_Gun_Pinball\config\config_ball_devices.yaml
2025-09-05 17:39:57,631 : INFO : ConfigProcessor : Loading config: C:\Users\White\Documents\Top_Gun_Pinball\config\config_coils.yaml
2025-09-05 17:39:57,632 : INFO : ConfigProcessor : Loading config: C:\Users\White\Documents\Top_Gun_Pinball\config\config_flippers.yaml
2025-09-05 17:39:57,634 : INFO : ConfigProcessor : Loading config: C:\Users\White\Documents\Top_Gun_Pinball\config\config_lights.yaml
2025-09-05 17:39:57,650 : INFO : ConfigProcessor : Loading config: C:\Users\White\Documents\Top_Gun_Pinball\config\config_switches.yaml
2025-09-05 17:39:57,652 : INFO : ConfigProcessor : Config file cache created: C:\Users\White\AppData\Local\Temp\cfa6ecba65704a931c9dd214c44986c8.mpf_cache
2025-09-05 17:39:57,765 : INFO : ConfigProcessor : Loading config from cache: C:\Users\White\AppData\Local\Temp\f98ffc0ff5962effface7d86bc406d5c.mpf_cache
2025-09-05 17:39:57,766 : INFO : ConfigProcessor : Loading config from cache: C:\Users\White\AppData\Local\Temp\91cc4d1c993c58dc354e34974b9cfeac.mpf_cache
2025-09-05 17:39:57,776 : INFO : ConfigProcessor : Loading config from cache: C:\Users\White\AppData\Local\Temp\f98ffc0ff5962effface7d86bc406d5c.mpf_cache
2025-09-05 17:39:57,777 : INFO : ConfigProcessor : Loading config from cache: C:\Users\White\AppData\Local\Temp\76792f1d686f89709887dba7bd69667a.mpf_cache
2025-09-05 17:39:57,778 : INFO : ConfigProcessor : Loading config from cache: C:\Users\White\AppData\Local\Temp\142bbae4707335cc8e3efaa4364c4893.mpf_cache
2025-09-05 17:39:57,781 : INFO : Machine : Mission Pinball Framework Core Engine v0.80.0.dev9
2025-09-05 17:39:57,781 : INFO : Machine : Command line arguments: {'no_load_cache': False, 'create_config_cache': True, 'bcp': True, 'configfile': ['config.yaml'], 'force_assets_load': False, 'platform_integration_test': False, 'jsonlogging': False, 'logfile': 'logs\\2025-09-05-17-39-57-mpf-TopGunPinball.log', 'pause': False, 'production': False, 'text_ui': False, 'loglevel': 15, 'consoleloglevel': 20, 'force_platform': 'virtual', 'syslog_address': None, 'full_logfile_path': 'C:\\Users\\White\\Documents\\Top_Gun_Pinball\\logs\\2025-09-05-17-39-57-mpf-TopGunPinball.log'}
2025-09-05 17:39:57,781 : INFO : Machine : MPF path: C:\Users\White\mpf\Lib\site-packages\mpf
2025-09-05 17:39:57,781 : INFO : Machine : Machine path: C:\Users\White\Documents\Top_Gun_Pinball
2025-09-05 17:39:57,781 : INFO : Machine : Platform: win32
2025-09-05 17:39:57,781 : INFO : Machine : Python executable location: C:\Users\White\mpf\Scripts\python.exe
2025-09-05 17:39:57,781 : INFO : Machine : Python version: 3.12.7 (64-bit)
2025-09-05 17:39:57,784 : INFO : Machine : Initializing MPF...
2025-09-05 17:39:57,911 : INFO : EventManager : Event: ======'machine_var_credits_string'====== Args={'value': 'FREE PLAY', 'prev_value': None, 'change': True}
2025-09-05 17:39:57,947 : INFO : EventManager : Event: ======'machine_var_master_volume'====== Args={'value': 0.5, 'prev_value': None, 'change': True}
2025-09-05 17:39:57,947 : INFO : EventManager : Event: ======'machine_var_player1_score'====== Args={'value': 61000, 'prev_value': None, 'change': True}
2025-09-05 17:39:57,947 : INFO : EventManager : Event: ======'machine_var_player2_score'====== Args={'value': 73000, 'prev_value': None, 'change': True}
2025-09-05 17:39:57,947 : INFO : EventManager : Event: ======'machine_var_mpf_version'====== Args={'value': 'Mission Pinball Framework v0.80.0.dev9', 'prev_value': None, 'change': True}
2025-09-05 17:39:57,947 : INFO : EventManager : Event: ======'machine_var_mpf_extended_version'====== Args={'value': 'Mission Pinball Framework v0.80.0.dev9, Config version:6, Show version: 6, BCP version:1.1', 'prev_value': None, 'change': True}
2025-09-05 17:39:57,948 : INFO : EventManager : Event: ======'machine_var_python_version'====== Args={'value': '3.12.7', 'prev_value': None, 'change': True}
2025-09-05 17:39:58,116 : INFO : EventManager : Event: ======'machine_var_platform'====== Args={'value': 'Windows-11-10.0.26100-SP0', 'prev_value': None, 'change': True}
2025-09-05 17:39:58,116 : INFO : EventManager : Event: ======'machine_var_platform_system'====== Args={'value': 'Windows', 'prev_value': None, 'change': True}
2025-09-05 17:39:58,116 : INFO : EventManager : Event: ======'machine_var_platform_release'====== Args={'value': '11', 'prev_value': None, 'change': True}
2025-09-05 17:39:58,116 : INFO : EventManager : Event: ======'machine_var_platform_version'====== Args={'value': '10.0.26100', 'prev_value': None, 'change': True}
2025-09-05 17:39:58,116 : INFO : EventManager : Event: ======'machine_var_platform_machine'====== Args={'value': 'AMD64', 'prev_value': None, 'change': True}
2025-09-05 17:39:58,116 : INFO : EventManager : Event: ======'machine_var_log_file_path'====== Args={'value': 'C:\\Users\\White\\Documents\\Top_Gun_Pinball\\logs\\2025-09-05-17-39-57-mpf-TopGunPinball.log', 'prev_value': None, 'change': True}
2025-09-05 17:39:58,116 : INFO : EventManager : Event: ======'init_phase_1'====== Args={}
2025-09-05 17:39:58,148 : INFO : EventManager : Event: ======'init_phase_2'====== Args={}
2025-09-05 17:39:58,148 : INFO : SwitchController : Found active switch: (1007, <Platform.Virtual>) <switch.s_trough_1>
2025-09-05 17:39:58,148 : INFO : SwitchController : Found active switch: (1008, <Platform.Virtual>) <switch.s_trough_2>
2025-09-05 17:39:58,148 : INFO : SwitchController : Found active switch: (1009, <Platform.Virtual>) <switch.s_trough_3>
2025-09-05 17:39:58,148 : INFO : SwitchController : Found active switch: (1010, <Platform.Virtual>) <switch.s_trough_4>
2025-09-05 17:39:58,148 : INFO : SwitchController : Found active switch: (1011, <Platform.Virtual>) <switch.s_trough_5>
2025-09-05 17:39:58,148 : INFO : SwitchController : Found active switch: (1012, <Platform.Virtual>) <switch.s_trough_6>
2025-09-05 17:39:58,149 : INFO : EventManager : Event: ======'bcp_connection_attempt'====== Args={'name': 'local_display', 'host': 'localhost', 'port': 5050}
2025-09-05 17:39:58,151 : INFO : BCPClientSocket : Connecting BCP to 'local_display' at localhost:5050...
2025-09-05 17:39:58,164 : INFO : BCPClientSocket : Connected BCP to 'local_display' localhost:5050
2025-09-05 17:39:58,164 : INFO : EventManager : Event: ======'bcp_clients_connected'====== Args={}
2025-09-05 17:39:58,164 : INFO : ball_device.bd_plunger : BCH: Initial count: 0
2025-09-05 17:39:58,164 : INFO : ball_device.bd_plunger : State: idle
2025-09-05 17:39:58,166 : INFO : ball_device.bd_trough : BCH: Initial count: 6
2025-09-05 17:39:58,166 : INFO : ball_device.bd_trough : State: idle
2025-09-05 17:39:58,191 : INFO : EventManager : Event: ======'init_phase_3'====== Args={}
2025-09-05 17:39:58,193 : INFO : EventManager : Event: ======'init_phase_4'====== Args={}
2025-09-05 17:39:58,193 : INFO : BallController : Initial balls found: 6
2025-09-05 17:39:58,194 : INFO : EventManager : Event: ======'machine_var_audits_events_game_ended'====== Args={'value': 1, 'prev_value': None, 'change': True}
2025-09-05 17:39:58,194 : INFO : EventManager : Event: ======'machine_var_audits_events_game_started'====== Args={'value': 81, 'prev_value': None, 'change': True}
2025-09-05 17:39:58,194 : INFO : EventManager : Event: ======'machine_var_audits_missing_switches_s_a_iceman_target'====== Args={'value': 30, 'prev_value': None, 'change': True}
2025-09-05 17:39:58,194 : INFO : EventManager : Event: ======'machine_var_audits_missing_switches_s_barrier_target'====== Args={'value': 30, 'prev_value': None, 'change': True}
2025-09-05 17:39:58,194 : INFO : EventManager : Event: ======'machine_var_audits_missing_switches_s_c_iceman_target'====== Args={'value': 30, 'prev_value': None, 'change': True}
2025-09-05 17:39:58,194 : INFO : EventManager : Event: ======'machine_var_audits_missing_switches_s_c_lock_target'====== Args={'value': 30, 'prev_value': None, 'change': True}
2025-09-05 17:39:58,194 : INFO : EventManager : Event: ======'machine_var_audits_missing_switches_s_e_iceman_target'====== Args={'value': 30, 'prev_value': None, 'change': True}
2025-09-05 17:39:58,194 : INFO : EventManager : Event: ======'machine_var_audits_missing_switches_s_flight_gear_target'====== Args={'value': 30, 'prev_value': None, 'change': True}
2025-09-05 17:39:58,194 : INFO : EventManager : Event: ======'machine_var_audits_missing_switches_s_flipper_left'====== Args={'value': 26, 'prev_value': None, 'change': True}
2025-09-05 17:39:58,194 : INFO : EventManager : Event: ======'machine_var_audits_missing_switches_s_flipper_left_eos'====== Args={'value': 28, 'prev_value': None, 'change': True}
2025-09-05 17:39:58,194 : INFO : EventManager : Event: ======'machine_var_audits_missing_switches_s_flipper_left_upper'====== Args={'value': 30, 'prev_value': None, 'change': True}
2025-09-05 17:39:58,196 : INFO : EventManager : Event: ======'machine_var_audits_missing_switches_s_flipper_left_upper_eos'====== Args={'value': 28, 'prev_value': None, 'change': True}
2025-09-05 17:39:58,196 : INFO : EventManager : Event: ======'machine_var_audits_missing_switches_s_flipper_right'====== Args={'value': 26, 'prev_value': None, 'change': True}
2025-09-05 17:39:58,196 : INFO : EventManager : Event: ======'machine_var_audits_missing_switches_s_flipper_right_eos'====== Args={'value': 28, 'prev_value': None, 'change': True}
2025-09-05 17:39:58,196 : INFO : EventManager : Event: ======'machine_var_audits_missing_switches_s_i_iceman_target'====== Args={'value': 30, 'prev_value': None, 'change': True}
2025-09-05 17:39:58,196 : INFO : EventManager : Event: ======'machine_var_audits_missing_switches_s_inlane_left'====== Args={'value': 4, 'prev_value': None, 'change': True}
2025-09-05 17:39:58,196 : INFO : EventManager : Event: ======'machine_var_audits_missing_switches_s_inner_inlane_right'====== Args={'value': 30, 'prev_value': None, 'change': True}
2025-09-05 17:39:58,196 : INFO : EventManager : Event: ======'machine_var_audits_missing_switches_s_jam'====== Args={'value': 81, 'prev_value': None, 'change': True}
2025-09-05 17:39:58,196 : INFO : EventManager : Event: ======'machine_var_audits_missing_switches_s_k_lock_target'====== Args={'value': 30, 'prev_value': None, 'change': True}
2025-09-05 17:39:58,196 : INFO : EventManager : Event: ======'machine_var_audits_missing_switches_s_l_lock_target'====== Args={'value': 30, 'prev_value': None, 'change': True}
2025-09-05 17:39:58,196 : INFO : EventManager : Event: ======'machine_var_audits_missing_switches_s_lane_left'====== Args={'value': 80, 'prev_value': None, 'change': True}
2025-09-05 17:39:58,196 : INFO : EventManager : Event: ======'machine_var_audits_missing_switches_s_lane_right'====== Args={'value': 30, 'prev_value': None, 'change': True}
2025-09-05 17:39:58,196 : INFO : EventManager : Event: ======'machine_var_audits_missing_switches_s_lock_goose'====== Args={'value': 30, 'prev_value': None, 'change': True}
2025-09-05 17:39:58,196 : INFO : EventManager : Event: ======'machine_var_audits_missing_switches_s_lock_mav'====== Args={'value': 30, 'prev_value': None, 'change': True}
2025-09-05 17:39:58,196 : INFO : EventManager : Event: ======'machine_var_audits_missing_switches_s_lock_plunger'====== Args={'value': 30, 'prev_value': None, 'change': True}
2025-09-05 17:39:58,196 : INFO : EventManager : Event: ======'machine_var_audits_missing_switches_s_m_iceman_target'====== Args={'value': 30, 'prev_value': None, 'change': True}
2025-09-05 17:39:58,196 : INFO : EventManager : Event: ======'machine_var_audits_missing_switches_s_mig_lane_left'====== Args={'value': 30, 'prev_value': None, 'change': True}
2025-09-05 17:39:58,196 : INFO : EventManager : Event: ======'machine_var_audits_missing_switches_s_mig_lane_right'====== Args={'value': 30, 'prev_value': None, 'change': True}
2025-09-05 17:39:58,196 : INFO : EventManager : Event: ======'machine_var_audits_missing_switches_s_mode_start'====== Args={'value': 30, 'prev_value': None, 'change': True}
2025-09-05 17:39:58,196 : INFO : EventManager : Event: ======'machine_var_audits_missing_switches_s_n_iceman_target'====== Args={'value': 30, 'prev_value': None, 'change': True}
2025-09-05 17:39:58,197 : INFO : EventManager : Event: ======'machine_var_audits_missing_switches_s_o_lock_target'====== Args={'value': 30, 'prev_value': None, 'change': True}
2025-09-05 17:39:58,197 : INFO : EventManager : Event: ======'machine_var_audits_missing_switches_s_orbit_left'====== Args={'value': 6, 'prev_value': None, 'change': True}
2025-09-05 17:39:58,197 : INFO : EventManager : Event: ======'machine_var_audits_missing_switches_s_orbit_lower'====== Args={'value': 30, 'prev_value': None, 'change': True}
2025-09-05 17:39:58,197 : INFO : EventManager : Event: ======'machine_var_audits_missing_switches_s_orbit_right'====== Args={'value': 30, 'prev_value': None, 'change': True}
2025-09-05 17:39:58,197 : INFO : EventManager : Event: ======'machine_var_audits_missing_switches_s_orbit_upper'====== Args={'value': 30, 'prev_value': None, 'change': True}
2025-09-05 17:39:58,197 : INFO : EventManager : Event: ======'machine_var_audits_missing_switches_s_outer_inlane_right'====== Args={'value': 30, 'prev_value': None, 'change': True}
2025-09-05 17:39:58,197 : INFO : EventManager : Event: ======'machine_var_audits_missing_switches_s_outlane_left'====== Args={'value': 30, 'prev_value': None, 'change': True}
2025-09-05 17:39:58,197 : INFO : EventManager : Event: ======'machine_var_audits_missing_switches_s_outlane_right'====== Args={'value': 30, 'prev_value': None, 'change': True}
2025-09-05 17:39:58,197 : INFO : EventManager : Event: ======'machine_var_audits_missing_switches_s_plunger_lane'====== Args={'value': 3, 'prev_value': None, 'change': True}
2025-09-05 17:39:58,197 : INFO : EventManager : Event: ======'machine_var_audits_missing_switches_s_ramp_inner_exit'====== Args={'value': 30, 'prev_value': None, 'change': True}
2025-09-05 17:39:58,197 : INFO : EventManager : Event: ======'machine_var_audits_missing_switches_s_ramp_left_exit'====== Args={'value': 30, 'prev_value': None, 'change': True}
2025-09-05 17:39:58,197 : INFO : EventManager : Event: ======'machine_var_audits_missing_switches_s_ramp_right_exit'====== Args={'value': 30, 'prev_value': None, 'change': True}
2025-09-05 17:39:58,197 : INFO : EventManager : Event: ======'machine_var_audits_missing_switches_s_ramp_tower_exit'====== Args={'value': 30, 'prev_value': None, 'change': True}
2025-09-05 17:39:58,197 : INFO : EventManager : Event: ======'machine_var_audits_missing_switches_s_slingshot_left'====== Args={'value': 4, 'prev_value': None, 'change': True}
2025-09-05 17:39:58,197 : INFO : EventManager : Event: ======'machine_var_audits_missing_switches_s_slingshot_right'====== Args={'value': 30, 'prev_value': None, 'change': True}
2025-09-05 17:39:58,197 : INFO : EventManager : Event: ======'machine_var_audits_missing_switches_s_spinner'====== Args={'value': 30, 'prev_value': None, 'change': True}
2025-09-05 17:39:58,197 : INFO : EventManager : Event: ======'machine_var_audits_missing_switches_s_start'====== Args={'value': 1, 'prev_value': None, 'change': True}
2025-09-05 17:39:58,198 : INFO : EventManager : Event: ======'machine_var_audits_missing_switches_s_trough_1'====== Args={'value': 6, 'prev_value': None, 'change': True}
2025-09-05 17:39:58,198 : INFO : EventManager : Event: ======'machine_var_audits_missing_switches_s_trough_2'====== Args={'value': 6, 'prev_value': None, 'change': True}
2025-09-05 17:39:58,198 : INFO : EventManager : Event: ======'machine_var_audits_missing_switches_s_trough_3'====== Args={'value': 6, 'prev_value': None, 'change': True}
2025-09-05 17:39:58,198 : INFO : EventManager : Event: ======'machine_var_audits_missing_switches_s_trough_4'====== Args={'value': 81, 'prev_value': None, 'change': True}
2025-09-05 17:39:58,198 : INFO : EventManager : Event: ======'machine_var_audits_missing_switches_s_trough_5'====== Args={'value': 81, 'prev_value': None, 'change': True}
2025-09-05 17:39:58,198 : INFO : EventManager : Event: ======'machine_var_audits_player_score'====== Args={'value': {'average': 67000, 'top': [73000, 61000], 'total': 2}, 'prev_value': None, 'change': True}
2025-09-05 17:39:58,198 : INFO : EventManager : Event: ======'machine_var_audits_shots_bumper_center'====== Args={'value': 279, 'prev_value': None, 'change': True}
2025-09-05 17:39:58,199 : INFO : EventManager : Event: ======'machine_var_audits_shots_bumper_left'====== Args={'value': 284, 'prev_value': None, 'change': True}
2025-09-05 17:39:58,199 : INFO : EventManager : Event: ======'machine_var_audits_shots_bumper_right'====== Args={'value': 275, 'prev_value': None, 'change': True}
2025-09-05 17:39:58,199 : INFO : EventManager : Event: ======'machine_var_audits_switches_s_a_iceman_target'====== Args={'value': 0, 'prev_value': None, 'change': True}
2025-09-05 17:39:58,199 : INFO : EventManager : Event: ======'machine_var_audits_switches_s_barrier_target'====== Args={'value': 0, 'prev_value': None, 'change': True}
2025-09-05 17:39:58,199 : INFO : EventManager : Event: ======'machine_var_audits_switches_s_bumper_center'====== Args={'value': 279, 'prev_value': None, 'change': True}
2025-09-05 17:39:58,199 : INFO : EventManager : Event: ======'machine_var_audits_switches_s_bumper_left'====== Args={'value': 284, 'prev_value': None, 'change': True}
2025-09-05 17:39:58,199 : INFO : EventManager : Event: ======'machine_var_audits_switches_s_bumper_right'====== Args={'value': 275, 'prev_value': None, 'change': True}
2025-09-05 17:39:58,199 : INFO : EventManager : Event: ======'machine_var_audits_switches_s_c_iceman_target'====== Args={'value': 0, 'prev_value': None, 'change': True}
2025-09-05 17:39:58,199 : INFO : EventManager : Event: ======'machine_var_audits_switches_s_c_lock_target'====== Args={'value': 0, 'prev_value': None, 'change': True}
2025-09-05 17:39:58,199 : INFO : EventManager : Event: ======'machine_var_audits_switches_s_e_iceman_target'====== Args={'value': 0, 'prev_value': None, 'change': True}
2025-09-05 17:39:58,199 : INFO : EventManager : Event: ======'machine_var_audits_switches_s_flight_gear_target'====== Args={'value': 0, 'prev_value': None, 'change': True}
2025-09-05 17:39:58,199 : INFO : EventManager : Event: ======'machine_var_audits_switches_s_flipper_left'====== Args={'value': 9, 'prev_value': None, 'change': True}
2025-09-05 17:39:58,199 : INFO : EventManager : Event: ======'machine_var_audits_switches_s_flipper_left_eos'====== Args={'value': 0, 'prev_value': None, 'change': True}
2025-09-05 17:39:58,199 : INFO : EventManager : Event: ======'machine_var_audits_switches_s_flipper_left_upper'====== Args={'value': 0, 'prev_value': None, 'change': True}
2025-09-05 17:39:58,199 : INFO : EventManager : Event: ======'machine_var_audits_switches_s_flipper_left_upper_eos'====== Args={'value': 0, 'prev_value': None, 'change': True}
2025-09-05 17:39:58,199 : INFO : EventManager : Event: ======'machine_var_audits_switches_s_flipper_right'====== Args={'value': 9, 'prev_value': None, 'change': True}
2025-09-05 17:39:58,199 : INFO : EventManager : Event: ======'machine_var_audits_switches_s_flipper_right_eos'====== Args={'value': 0, 'prev_value': None, 'change': True}
2025-09-05 17:39:58,199 : INFO : EventManager : Event: ======'machine_var_audits_switches_s_i_iceman_target'====== Args={'value': 0, 'prev_value': None, 'change': True}
2025-09-05 17:39:58,199 : INFO : EventManager : Event: ======'machine_var_audits_switches_s_inlane_left'====== Args={'value': 3, 'prev_value': None, 'change': True}
2025-09-05 17:39:58,199 : INFO : EventManager : Event: ======'machine_var_audits_switches_s_inner_inlane_right'====== Args={'value': 0, 'prev_value': None, 'change': True}
2025-09-05 17:39:58,199 : INFO : EventManager : Event: ======'machine_var_audits_switches_s_jam'====== Args={'value': 0, 'prev_value': None, 'change': True}
2025-09-05 17:39:58,199 : INFO : EventManager : Event: ======'machine_var_audits_switches_s_k_lock_target'====== Args={'value': 0, 'prev_value': None, 'change': True}
2025-09-05 17:39:58,199 : INFO : EventManager : Event: ======'machine_var_audits_switches_s_l_lock_target'====== Args={'value': 0, 'prev_value': None, 'change': True}
2025-09-05 17:39:58,200 : INFO : EventManager : Event: ======'machine_var_audits_switches_s_lane_left'====== Args={'value': 1, 'prev_value': None, 'change': True}
2025-09-05 17:39:58,200 : INFO : EventManager : Event: ======'machine_var_audits_switches_s_lane_right'====== Args={'value': 0, 'prev_value': None, 'change': True}
2025-09-05 17:39:58,200 : INFO : EventManager : Event: ======'machine_var_audits_switches_s_lock_goose'====== Args={'value': 0, 'prev_value': None, 'change': True}
2025-09-05 17:39:58,200 : INFO : EventManager : Event: ======'machine_var_audits_switches_s_lock_mav'====== Args={'value': 0, 'prev_value': None, 'change': True}
2025-09-05 17:39:58,200 : INFO : EventManager : Event: ======'machine_var_audits_switches_s_lock_plunger'====== Args={'value': 0, 'prev_value': None, 'change': True}
2025-09-05 17:39:58,200 : INFO : EventManager : Event: ======'machine_var_audits_switches_s_m_iceman_target'====== Args={'value': 0, 'prev_value': None, 'change': True}
2025-09-05 17:39:58,200 : INFO : EventManager : Event: ======'machine_var_audits_switches_s_mig_lane_left'====== Args={'value': 0, 'prev_value': None, 'change': True}
2025-09-05 17:39:58,200 : INFO : EventManager : Event: ======'machine_var_audits_switches_s_mig_lane_right'====== Args={'value': 0, 'prev_value': None, 'change': True}
2025-09-05 17:39:58,200 : INFO : EventManager : Event: ======'machine_var_audits_switches_s_mode_start'====== Args={'value': 0, 'prev_value': None, 'change': True}
2025-09-05 17:39:58,200 : INFO : EventManager : Event: ======'machine_var_audits_switches_s_n_iceman_target'====== Args={'value': 0, 'prev_value': None, 'change': True}
2025-09-05 17:39:58,200 : INFO : EventManager : Event: ======'machine_var_audits_switches_s_o_lock_target'====== Args={'value': 0, 'prev_value': None, 'change': True}
2025-09-05 17:39:58,200 : INFO : EventManager : Event: ======'machine_var_audits_switches_s_orbit_left'====== Args={'value': 2, 'prev_value': None, 'change': True}
2025-09-05 17:39:58,200 : INFO : EventManager : Event: ======'machine_var_audits_switches_s_orbit_lower'====== Args={'value': 0, 'prev_value': None, 'change': True}
2025-09-05 17:39:58,200 : INFO : EventManager : Event: ======'machine_var_audits_switches_s_orbit_right'====== Args={'value': 0, 'prev_value': None, 'change': True}
2025-09-05 17:39:58,200 : INFO : EventManager : Event: ======'machine_var_audits_switches_s_orbit_upper'====== Args={'value': 0, 'prev_value': None, 'change': True}
2025-09-05 17:39:58,200 : INFO : EventManager : Event: ======'machine_var_audits_switches_s_outer_inlane_right'====== Args={'value': 0, 'prev_value': None, 'change': True}
2025-09-05 17:39:58,200 : INFO : EventManager : Event: ======'machine_var_audits_switches_s_outlane_left'====== Args={'value': 0, 'prev_value': None, 'change': True}
2025-09-05 17:39:58,200 : INFO : EventManager : Event: ======'machine_var_audits_switches_s_outlane_right'====== Args={'value': 0, 'prev_value': None, 'change': True}
2025-09-05 17:39:58,200 : INFO : EventManager : Event: ======'machine_var_audits_switches_s_plunger_lane'====== Args={'value': 11, 'prev_value': None, 'change': True}
2025-09-05 17:39:58,200 : INFO : EventManager : Event: ======'machine_var_audits_switches_s_ramp_inner_exit'====== Args={'value': 0, 'prev_value': None, 'change': True}
2025-09-05 17:39:58,200 : INFO : EventManager : Event: ======'machine_var_audits_switches_s_ramp_left_exit'====== Args={'value': 0, 'prev_value': None, 'change': True}
2025-09-05 17:39:58,200 : INFO : EventManager : Event: ======'machine_var_audits_switches_s_ramp_right_exit'====== Args={'value': 0, 'prev_value': None, 'change': True}
2025-09-05 17:39:58,200 : INFO : EventManager : Event: ======'machine_var_audits_switches_s_ramp_tower_exit'====== Args={'value': 0, 'prev_value': None, 'change': True}
2025-09-05 17:39:58,200 : INFO : EventManager : Event: ======'machine_var_audits_switches_s_slingshot_left'====== Args={'value': 1, 'prev_value': None, 'change': True}
2025-09-05 17:39:58,201 : INFO : EventManager : Event: ======'machine_var_audits_switches_s_slingshot_right'====== Args={'value': 0, 'prev_value': None, 'change': True}
2025-09-05 17:39:58,201 : INFO : EventManager : Event: ======'machine_var_audits_switches_s_spinner'====== Args={'value': 0, 'prev_value': None, 'change': True}
2025-09-05 17:39:58,201 : INFO : EventManager : Event: ======'machine_var_audits_switches_s_start'====== Args={'value': 106, 'prev_value': None, 'change': True}
2025-09-05 17:39:58,201 : INFO : EventManager : Event: ======'machine_var_audits_switches_s_trough_1'====== Args={'value': 2, 'prev_value': None, 'change': True}
2025-09-05 17:39:58,201 : INFO : EventManager : Event: ======'machine_var_audits_switches_s_trough_2'====== Args={'value': 1, 'prev_value': None, 'change': True}
2025-09-05 17:39:58,201 : INFO : EventManager : Event: ======'machine_var_audits_switches_s_trough_3'====== Args={'value': 1, 'prev_value': None, 'change': True}
2025-09-05 17:39:58,201 : INFO : EventManager : Event: ======'machine_var_audits_switches_s_trough_4'====== Args={'value': 0, 'prev_value': None, 'change': True}
2025-09-05 17:39:58,201 : INFO : EventManager : Event: ======'machine_var_audits_switches_s_trough_5'====== Args={'value': 0, 'prev_value': None, 'change': True}
2025-09-05 17:39:58,201 : INFO : EventManager : Event: ======'machine_var_audits_switches_s_trough_6'====== Args={'value': 12, 'prev_value': None, 'change': True}
2025-09-05 17:39:58,201 : INFO : EventManager : Event: ======'init_phase_5'====== Args={}
2025-09-05 17:39:58,201 : INFO : EventManager : Event: ======'init_done'====== Args={}
2025-09-05 17:39:58,201 : INFO : EventManager : Event: ======'machine_reset_phase_1'====== Args={}
2025-09-05 17:39:58,213 : INFO : EventManager : Event: ======'machine_reset_phase_2'====== Args={}
2025-09-05 17:39:58,213 : INFO : EventManager : Event: ======'machine_reset_phase_3'====== Args={}
2025-09-05 17:39:58,214 : INFO : EventManager : Event: ======'reset_complete'====== Args={}
2025-09-05 17:39:58,214 : INFO : EventManager : Event: ======'mode_attract_will_start'====== Args={}
2025-09-05 17:39:58,214 : INFO : Timer.attract_carousel_timer : Starting Timer.
2025-09-05 17:39:58,214 : INFO : EventManager : Event: ======'timer_attract_carousel_timer_started'====== Args={'ticks': 0, 'ticks_remaining': 1}
2025-09-05 17:39:58,214 : INFO : EventManager : Event: ======'timer_attract_carousel_timer_tick'====== Args={'ticks': 0, 'ticks_remaining': 1}
2025-09-05 17:39:58,214 : INFO : EventManager : Event: ======'mode_attract_starting'====== Args={}
2025-09-05 17:39:58,216 : INFO : Mode.attract : Started. Priority: 10
2025-09-05 17:39:58,216 : INFO : EventManager : Event: ======'modes_active_modes_changed'====== Args={}
2025-09-05 17:39:58,216 : INFO : EventManager : Event: ======'mode_attract_started'====== Args={}
2025-09-05 17:39:58,216 : INFO : EventManager : Event: ======'collecting_balls_complete'====== Args={}
2025-09-05 17:39:58,217 : INFO : EventManager : Event: ======'item_highlighted'====== Args={'carousel': 'attract', 'direction': None, 'item': 'title'}
2025-09-05 17:39:58,217 : INFO : EventManager : Event: ======'timer_attract_carousel_timer_tick'====== Args={'ticks': 0, 'ticks_remaining': 1}
2025-09-05 17:39:58,217 : INFO : Machine : Starting the main run loop with active modes: [<Mode.attract>]
2025-09-05 17:39:58,397 : INFO : EventManager : Event: ======'slide_attract_created'====== Args={'_from_bcp': True}
2025-09-05 17:39:58,397 : INFO : EventManager : Event: ======'slide__removed'====== Args={'_from_bcp': True}
2025-09-05 17:39:58,398 : INFO : EventManager : Event: ======'slide_attract_active'====== Args={'original_context': 'attract', 'original_calling_context': 'mode_attract_started', 'priority': 10.0, 'cmd': 'slides_play', '_from_bcp': True}
2025-09-05 17:40:03,213 : INFO : Timer.attract_carousel_timer : Timer Complete
2025-09-05 17:40:03,213 : INFO : Timer.attract_carousel_timer : Stopping Timer
2025-09-05 17:40:03,213 : INFO : EventManager : Event: ======'timer_attract_carousel_timer_stopped'====== Args={'ticks': 1, 'ticks_remaining': 1}
2025-09-05 17:40:03,213 : INFO : EventManager : Event: ======'timer_attract_carousel_timer_complete'====== Args={'ticks': 1, 'ticks_remaining': 1}
2025-09-05 17:40:03,213 : INFO : EventManager : Event: ======'item_highlighted'====== Args={'carousel': 'attract', 'direction': 'forwards', 'item': 'presented_by'}
2025-09-05 17:40:03,214 : INFO : Timer.attract_carousel_timer : Starting Timer.
2025-09-05 17:40:03,214 : INFO : EventManager : Event: ======'timer_attract_carousel_timer_started'====== Args={'ticks': 0, 'ticks_remaining': 1}
2025-09-05 17:40:03,214 : INFO : EventManager : Event: ======'timer_attract_carousel_timer_tick'====== Args={'ticks': 0, 'ticks_remaining': 1}
2025-09-05 17:40:08,219 : INFO : Timer.attract_carousel_timer : Timer Complete
2025-09-05 17:40:08,219 : INFO : Timer.attract_carousel_timer : Stopping Timer
2025-09-05 17:40:08,219 : INFO : EventManager : Event: ======'timer_attract_carousel_timer_stopped'====== Args={'ticks': 1, 'ticks_remaining': 1}
2025-09-05 17:40:08,219 : INFO : EventManager : Event: ======'timer_attract_carousel_timer_complete'====== Args={'ticks': 1, 'ticks_remaining': 1}
2025-09-05 17:40:08,219 : INFO : EventManager : Event: ======'item_highlighted'====== Args={'carousel': 'attract', 'direction': 'forwards', 'item': 'hotrod_pinball_logo'}
2025-09-05 17:40:08,220 : INFO : Timer.attract_carousel_timer : Starting Timer.
2025-09-05 17:40:08,220 : INFO : EventManager : Event: ======'timer_attract_carousel_timer_started'====== Args={'ticks': 0, 'ticks_remaining': 1}
2025-09-05 17:40:08,220 : INFO : EventManager : Event: ======'timer_attract_carousel_timer_tick'====== Args={'ticks': 0, 'ticks_remaining': 1}
2025-09-05 17:40:13,227 : INFO : Timer.attract_carousel_timer : Timer Complete
2025-09-05 17:40:13,227 : INFO : Timer.attract_carousel_timer : Stopping Timer
2025-09-05 17:40:13,227 : INFO : EventManager : Event: ======'timer_attract_carousel_timer_stopped'====== Args={'ticks': 1, 'ticks_remaining': 1}
2025-09-05 17:40:13,227 : INFO : EventManager : Event: ======'timer_attract_carousel_timer_complete'====== Args={'ticks': 1, 'ticks_remaining': 1}
2025-09-05 17:40:13,227 : INFO : EventManager : Event: ======'item_highlighted'====== Args={'carousel': 'attract', 'direction': 'forwards', 'item': 'mpf_logo'}
2025-09-05 17:40:13,227 : INFO : Timer.attract_carousel_timer : Starting Timer.
2025-09-05 17:40:13,228 : INFO : EventManager : Event: ======'timer_attract_carousel_timer_started'====== Args={'ticks': 0, 'ticks_remaining': 1}
2025-09-05 17:40:13,228 : INFO : EventManager : Event: ======'timer_attract_carousel_timer_tick'====== Args={'ticks': 0, 'ticks_remaining': 1}
2025-09-05 17:40:18,231 : INFO : Timer.attract_carousel_timer : Timer Complete
2025-09-05 17:40:18,231 : INFO : Timer.attract_carousel_timer : Stopping Timer
2025-09-05 17:40:18,231 : INFO : EventManager : Event: ======'timer_attract_carousel_timer_stopped'====== Args={'ticks': 1, 'ticks_remaining': 1}
2025-09-05 17:40:18,231 : INFO : EventManager : Event: ======'timer_attract_carousel_timer_complete'====== Args={'ticks': 1, 'ticks_remaining': 1}
2025-09-05 17:40:18,231 : INFO : EventManager : Event: ======'item_highlighted'====== Args={'carousel': 'attract', 'direction': 'forwards', 'item': 'credits'}
2025-09-05 17:40:18,232 : INFO : Timer.attract_carousel_timer : Starting Timer.
2025-09-05 17:40:18,232 : INFO : EventManager : Event: ======'timer_attract_carousel_timer_started'====== Args={'ticks': 0, 'ticks_remaining': 1}
2025-09-05 17:40:18,232 : INFO : EventManager : Event: ======'timer_attract_carousel_timer_tick'====== Args={'ticks': 0, 'ticks_remaining': 1}
2025-09-05 17:40:23,233 : INFO : Timer.attract_carousel_timer : Timer Complete
2025-09-05 17:40:23,233 : INFO : Timer.attract_carousel_timer : Stopping Timer
2025-09-05 17:40:23,233 : INFO : EventManager : Event: ======'timer_attract_carousel_timer_stopped'====== Args={'ticks': 1, 'ticks_remaining': 1}
2025-09-05 17:40:23,233 : INFO : EventManager : Event: ======'timer_attract_carousel_timer_complete'====== Args={'ticks': 1, 'ticks_remaining': 1}
2025-09-05 17:40:23,233 : INFO : EventManager : Event: ======'item_highlighted'====== Args={'carousel': 'attract', 'direction': 'forwards', 'item': 'last_scores_2p'}
2025-09-05 17:40:23,234 : INFO : Timer.attract_carousel_timer : Starting Timer.
2025-09-05 17:40:23,234 : INFO : EventManager : Event: ======'timer_attract_carousel_timer_started'====== Args={'ticks': 0, 'ticks_remaining': 1}
2025-09-05 17:40:23,234 : INFO : EventManager : Event: ======'timer_attract_carousel_timer_tick'====== Args={'ticks': 0, 'ticks_remaining': 1}
2025-09-05 17:40:28,246 : INFO : Timer.attract_carousel_timer : Timer Complete
2025-09-05 17:40:28,246 : INFO : Timer.attract_carousel_timer : Stopping Timer
2025-09-05 17:40:28,246 : INFO : EventManager : Event: ======'timer_attract_carousel_timer_stopped'====== Args={'ticks': 1, 'ticks_remaining': 1}
2025-09-05 17:40:28,246 : INFO : EventManager : Event: ======'timer_attract_carousel_timer_complete'====== Args={'ticks': 1, 'ticks_remaining': 1}
2025-09-05 17:40:28,246 : INFO : EventManager : Event: ======'item_highlighted'====== Args={'carousel': 'attract', 'direction': 'forwards', 'item': 'title'}
2025-09-05 17:40:28,246 : INFO : Timer.attract_carousel_timer : Starting Timer.
2025-09-05 17:40:28,247 : INFO : EventManager : Event: ======'timer_attract_carousel_timer_started'====== Args={'ticks': 0, 'ticks_remaining': 1}
2025-09-05 17:40:28,247 : INFO : EventManager : Event: ======'timer_attract_carousel_timer_tick'====== Args={'ticks': 0, 'ticks_remaining': 1}
2025-09-05 17:40:33,253 : INFO : Timer.attract_carousel_timer : Timer Complete
2025-09-05 17:40:33,253 : INFO : Timer.attract_carousel_timer : Stopping Timer
2025-09-05 17:40:33,253 : INFO : EventManager : Event: ======'timer_attract_carousel_timer_stopped'====== Args={'ticks': 1, 'ticks_remaining': 1}
2025-09-05 17:40:33,253 : INFO : EventManager : Event: ======'timer_attract_carousel_timer_complete'====== Args={'ticks': 1, 'ticks_remaining': 1}
2025-09-05 17:40:33,253 : INFO : EventManager : Event: ======'item_highlighted'====== Args={'carousel': 'attract', 'direction': 'forwards', 'item': 'presented_by'}
2025-09-05 17:40:33,253 : INFO : Timer.attract_carousel_timer : Starting Timer.
2025-09-05 17:40:33,253 : INFO : EventManager : Event: ======'timer_attract_carousel_timer_started'====== Args={'ticks': 0, 'ticks_remaining': 1}
2025-09-05 17:40:33,253 : INFO : EventManager : Event: ======'timer_attract_carousel_timer_tick'====== Args={'ticks': 0, 'ticks_remaining': 1}
2025-09-05 17:40:38,263 : INFO : Timer.attract_carousel_timer : Timer Complete
2025-09-05 17:40:38,263 : INFO : Timer.attract_carousel_timer : Stopping Timer
2025-09-05 17:40:38,263 : INFO : EventManager : Event: ======'timer_attract_carousel_timer_stopped'====== Args={'ticks': 1, 'ticks_remaining': 1}
2025-09-05 17:40:38,263 : INFO : EventManager : Event: ======'timer_attract_carousel_timer_complete'====== Args={'ticks': 1, 'ticks_remaining': 1}
2025-09-05 17:40:38,263 : INFO : EventManager : Event: ======'item_highlighted'====== Args={'carousel': 'attract', 'direction': 'forwards', 'item': 'hotrod_pinball_logo'}
2025-09-05 17:40:38,264 : INFO : Timer.attract_carousel_timer : Starting Timer.
2025-09-05 17:40:38,264 : INFO : EventManager : Event: ======'timer_attract_carousel_timer_started'====== Args={'ticks': 0, 'ticks_remaining': 1}
2025-09-05 17:40:38,264 : INFO : EventManager : Event: ======'timer_attract_carousel_timer_tick'====== Args={'ticks': 0, 'ticks_remaining': 1}
2025-09-05 17:40:43,278 : INFO : Timer.attract_carousel_timer : Timer Complete
2025-09-05 17:40:43,278 : INFO : Timer.attract_carousel_timer : Stopping Timer
2025-09-05 17:40:43,278 : INFO : EventManager : Event: ======'timer_attract_carousel_timer_stopped'====== Args={'ticks': 1, 'ticks_remaining': 1}
2025-09-05 17:40:43,278 : INFO : EventManager : Event: ======'timer_attract_carousel_timer_complete'====== Args={'ticks': 1, 'ticks_remaining': 1}
2025-09-05 17:40:43,278 : INFO : EventManager : Event: ======'item_highlighted'====== Args={'carousel': 'attract', 'direction': 'forwards', 'item': 'mpf_logo'}
2025-09-05 17:40:43,278 : INFO : Timer.attract_carousel_timer : Starting Timer.
2025-09-05 17:40:43,278 : INFO : EventManager : Event: ======'timer_attract_carousel_timer_started'====== Args={'ticks': 0, 'ticks_remaining': 1}
2025-09-05 17:40:43,279 : INFO : EventManager : Event: ======'timer_attract_carousel_timer_tick'====== Args={'ticks': 0, 'ticks_remaining': 1}
2025-09-05 17:40:46,572 : INFO : BcpServer : New client connected.
2025-09-05 17:40:48,261 : INFO : Timer.attract_carousel_timer : Timer Complete
2025-09-05 17:40:48,261 : INFO : Timer.attract_carousel_timer : Stopping Timer
2025-09-05 17:40:48,262 : INFO : EventManager : Event: ======'timer_attract_carousel_timer_stopped'====== Args={'ticks': 1, 'ticks_remaining': 1}
2025-09-05 17:40:48,262 : INFO : EventManager : Event: ======'timer_attract_carousel_timer_complete'====== Args={'ticks': 1, 'ticks_remaining': 1}
2025-09-05 17:40:48,262 : INFO : EventManager : Event: ======'item_highlighted'====== Args={'carousel': 'attract', 'direction': 'forwards', 'item': 'credits'}
2025-09-05 17:40:48,263 : INFO : Timer.attract_carousel_timer : Starting Timer.
2025-09-05 17:40:48,263 : INFO : EventManager : Event: ======'timer_attract_carousel_timer_started'====== Args={'ticks': 0, 'ticks_remaining': 1}
2025-09-05 17:40:48,263 : INFO : EventManager : Event: ======'timer_attract_carousel_timer_tick'====== Args={'ticks': 0, 'ticks_remaining': 1}
2025-09-05 17:40:53,251 : INFO : Timer.attract_carousel_timer : Timer Complete
2025-09-05 17:40:53,251 : INFO : Timer.attract_carousel_timer : Stopping Timer
2025-09-05 17:40:53,251 : INFO : EventManager : Event: ======'timer_attract_carousel_timer_stopped'====== Args={'ticks': 1, 'ticks_remaining': 1}
2025-09-05 17:40:53,251 : INFO : EventManager : Event: ======'timer_attract_carousel_timer_complete'====== Args={'ticks': 1, 'ticks_remaining': 1}
2025-09-05 17:40:53,252 : INFO : EventManager : Event: ======'item_highlighted'====== Args={'carousel': 'attract', 'direction': 'forwards', 'item': 'last_scores_2p'}
2025-09-05 17:40:53,252 : INFO : Timer.attract_carousel_timer : Starting Timer.
2025-09-05 17:40:53,253 : INFO : EventManager : Event: ======'timer_attract_carousel_timer_started'====== Args={'ticks': 0, 'ticks_remaining': 1}
2025-09-05 17:40:53,253 : INFO : EventManager : Event: ======'timer_attract_carousel_timer_tick'====== Args={'ticks': 0, 'ticks_remaining': 1}
2025-09-05 17:40:58,259 : INFO : Timer.attract_carousel_timer : Timer Complete
2025-09-05 17:40:58,259 : INFO : Timer.attract_carousel_timer : Stopping Timer
2025-09-05 17:40:58,259 : INFO : EventManager : Event: ======'timer_attract_carousel_timer_stopped'====== Args={'ticks': 1, 'ticks_remaining': 1}
2025-09-05 17:40:58,259 : INFO : EventManager : Event: ======'timer_attract_carousel_timer_complete'====== Args={'ticks': 1, 'ticks_remaining': 1}
2025-09-05 17:40:58,260 : INFO : EventManager : Event: ======'item_highlighted'====== Args={'carousel': 'attract', 'direction': 'forwards', 'item': 'title'}
2025-09-05 17:40:58,260 : INFO : Timer.attract_carousel_timer : Starting Timer.
2025-09-05 17:40:58,260 : INFO : EventManager : Event: ======'timer_attract_carousel_timer_started'====== Args={'ticks': 0, 'ticks_remaining': 1}
2025-09-05 17:40:58,260 : INFO : EventManager : Event: ======'timer_attract_carousel_timer_tick'====== Args={'ticks': 0, 'ticks_remaining': 1}
2025-09-05 17:41:03,275 : INFO : Timer.attract_carousel_timer : Timer Complete
2025-09-05 17:41:03,275 : INFO : Timer.attract_carousel_timer : Stopping Timer
2025-09-05 17:41:03,276 : INFO : EventManager : Event: ======'timer_attract_carousel_timer_stopped'====== Args={'ticks': 1, 'ticks_remaining': 1}
2025-09-05 17:41:03,276 : INFO : EventManager : Event: ======'timer_attract_carousel_timer_complete'====== Args={'ticks': 1, 'ticks_remaining': 1}
2025-09-05 17:41:03,276 : INFO : EventManager : Event: ======'item_highlighted'====== Args={'carousel': 'attract', 'direction': 'forwards', 'item': 'presented_by'}
2025-09-05 17:41:03,277 : INFO : Timer.attract_carousel_timer : Starting Timer.
2025-09-05 17:41:03,277 : INFO : EventManager : Event: ======'timer_attract_carousel_timer_started'====== Args={'ticks': 0, 'ticks_remaining': 1}
2025-09-05 17:41:03,277 : INFO : EventManager : Event: ======'timer_attract_carousel_timer_tick'====== Args={'ticks': 0, 'ticks_remaining': 1}
2025-09-05 17:41:08,250 : INFO : Timer.attract_carousel_timer : Timer Complete
2025-09-05 17:41:08,250 : INFO : Timer.attract_carousel_timer : Stopping Timer
2025-09-05 17:41:08,250 : INFO : EventManager : Event: ======'timer_attract_carousel_timer_stopped'====== Args={'ticks': 1, 'ticks_remaining': 1}
2025-09-05 17:41:08,250 : INFO : EventManager : Event: ======'timer_attract_carousel_timer_complete'====== Args={'ticks': 1, 'ticks_remaining': 1}
2025-09-05 17:41:08,251 : INFO : EventManager : Event: ======'item_highlighted'====== Args={'carousel': 'attract', 'direction': 'forwards', 'item': 'hotrod_pinball_logo'}
2025-09-05 17:41:08,251 : INFO : Timer.attract_carousel_timer : Starting Timer.
2025-09-05 17:41:08,252 : INFO : EventManager : Event: ======'timer_attract_carousel_timer_started'====== Args={'ticks': 0, 'ticks_remaining': 1}
2025-09-05 17:41:08,252 : INFO : EventManager : Event: ======'timer_attract_carousel_timer_tick'====== Args={'ticks': 0, 'ticks_remaining': 1}
2025-09-05 17:41:13,267 : INFO : Timer.attract_carousel_timer : Timer Complete
2025-09-05 17:41:13,267 : INFO : Timer.attract_carousel_timer : Stopping Timer
2025-09-05 17:41:13,267 : INFO : EventManager : Event: ======'timer_attract_carousel_timer_stopped'====== Args={'ticks': 1, 'ticks_remaining': 1}
2025-09-05 17:41:13,267 : INFO : EventManager : Event: ======'timer_attract_carousel_timer_complete'====== Args={'ticks': 1, 'ticks_remaining': 1}
2025-09-05 17:41:13,268 : INFO : EventManager : Event: ======'item_highlighted'====== Args={'carousel': 'attract', 'direction': 'forwards', 'item': 'mpf_logo'}
2025-09-05 17:41:13,268 : INFO : Timer.attract_carousel_timer : Starting Timer.
2025-09-05 17:41:13,269 : INFO : EventManager : Event: ======'timer_attract_carousel_timer_started'====== Args={'ticks': 0, 'ticks_remaining': 1}
2025-09-05 17:41:13,269 : INFO : EventManager : Event: ======'timer_attract_carousel_timer_tick'====== Args={'ticks': 0, 'ticks_remaining': 1}
2025-09-05 17:41:18,276 : INFO : Timer.attract_carousel_timer : Timer Complete
2025-09-05 17:41:18,276 : INFO : Timer.attract_carousel_timer : Stopping Timer
2025-09-05 17:41:18,276 : INFO : EventManager : Event: ======'timer_attract_carousel_timer_stopped'====== Args={'ticks': 1, 'ticks_remaining': 1}
2025-09-05 17:41:18,276 : INFO : EventManager : Event: ======'timer_attract_carousel_timer_complete'====== Args={'ticks': 1, 'ticks_remaining': 1}
2025-09-05 17:41:18,277 : INFO : EventManager : Event: ======'item_highlighted'====== Args={'carousel': 'attract', 'direction': 'forwards', 'item': 'credits'}
2025-09-05 17:41:18,278 : INFO : Timer.attract_carousel_timer : Starting Timer.
2025-09-05 17:41:18,278 : INFO : EventManager : Event: ======'timer_attract_carousel_timer_started'====== Args={'ticks': 0, 'ticks_remaining': 1}
2025-09-05 17:41:18,278 : INFO : EventManager : Event: ======'timer_attract_carousel_timer_tick'====== Args={'ticks': 0, 'ticks_remaining': 1}
2025-09-05 17:41:23,276 : INFO : Timer.attract_carousel_timer : Timer Complete
2025-09-05 17:41:23,276 : INFO : Timer.attract_carousel_timer : Stopping Timer
2025-09-05 17:41:23,277 : INFO : EventManager : Event: ======'timer_attract_carousel_timer_stopped'====== Args={'ticks': 1, 'ticks_remaining': 1}
2025-09-05 17:41:23,277 : INFO : EventManager : Event: ======'timer_attract_carousel_timer_complete'====== Args={'ticks': 1, 'ticks_remaining': 1}
2025-09-05 17:41:23,277 : INFO : EventManager : Event: ======'item_highlighted'====== Args={'carousel': 'attract', 'direction': 'forwards', 'item': 'last_scores_2p'}
2025-09-05 17:41:23,278 : INFO : Timer.attract_carousel_timer : Starting Timer.
2025-09-05 17:41:23,278 : INFO : EventManager : Event: ======'timer_attract_carousel_timer_started'====== Args={'ticks': 0, 'ticks_remaining': 1}
2025-09-05 17:41:23,278 : INFO : EventManager : Event: ======'timer_attract_carousel_timer_tick'====== Args={'ticks': 0, 'ticks_remaining': 1}
2025-09-05 17:41:28,287 : INFO : Timer.attract_carousel_timer : Timer Complete
2025-09-05 17:41:28,287 : INFO : Timer.attract_carousel_timer : Stopping Timer
2025-09-05 17:41:28,287 : INFO : EventManager : Event: ======'timer_attract_carousel_timer_stopped'====== Args={'ticks': 1, 'ticks_remaining': 1}
2025-09-05 17:41:28,287 : INFO : EventManager : Event: ======'timer_attract_carousel_timer_complete'====== Args={'ticks': 1, 'ticks_remaining': 1}
2025-09-05 17:41:28,288 : INFO : EventManager : Event: ======'item_highlighted'====== Args={'carousel': 'attract', 'direction': 'forwards', 'item': 'title'}
2025-09-05 17:41:28,288 : INFO : Timer.attract_carousel_timer : Starting Timer.
2025-09-05 17:41:28,289 : INFO : EventManager : Event: ======'timer_attract_carousel_timer_started'====== Args={'ticks': 0, 'ticks_remaining': 1}
2025-09-05 17:41:28,289 : INFO : EventManager : Event: ======'timer_attract_carousel_timer_tick'====== Args={'ticks': 0, 'ticks_remaining': 1}
2025-09-05 17:41:32,064 : INFO : SwitchController : <<<<<<< 's_i_iceman_target' active >>>>>>>
2025-09-05 17:41:32,064 : INFO : EventManager : Event: ======'sw_playfield_active'====== Args={}
2025-09-05 17:41:32,066 : INFO : EventManager : Event: ======'playfield_active'====== Args={'source': None}
2025-09-05 17:41:32,067 : INFO : EventManager : Event: ======'unexpected_ball_on_playfield'====== Args={}
2025-09-05 17:41:33,294 : INFO : Timer.attract_carousel_timer : Timer Complete
2025-09-05 17:41:33,294 : INFO : Timer.attract_carousel_timer : Stopping Timer
2025-09-05 17:41:33,294 : INFO : EventManager : Event: ======'timer_attract_carousel_timer_stopped'====== Args={'ticks': 1, 'ticks_remaining': 1}
2025-09-05 17:41:33,294 : INFO : EventManager : Event: ======'timer_attract_carousel_timer_complete'====== Args={'ticks': 1, 'ticks_remaining': 1}
2025-09-05 17:41:33,295 : INFO : EventManager : Event: ======'item_highlighted'====== Args={'carousel': 'attract', 'direction': 'forwards', 'item': 'presented_by'}
2025-09-05 17:41:33,296 : INFO : Timer.attract_carousel_timer : Starting Timer.
2025-09-05 17:41:33,296 : INFO : EventManager : Event: ======'timer_attract_carousel_timer_started'====== Args={'ticks': 0, 'ticks_remaining': 1}
2025-09-05 17:41:33,296 : INFO : EventManager : Event: ======'timer_attract_carousel_timer_tick'====== Args={'ticks': 0, 'ticks_remaining': 1}
2025-09-05 17:41:34,190 : INFO : SwitchController : <<<<<<< 's_i_iceman_target' inactive >>>>>>>
2025-09-05 17:41:34,283 : INFO : SwitchController : <<<<<<< 's_i_iceman_target' active >>>>>>>
2025-09-05 17:41:34,283 : INFO : EventManager : Event: ======'sw_playfield_active'====== Args={}
2025-09-05 17:41:34,284 : INFO : EventManager : Event: ======'playfield_active'====== Args={'source': None}
2025-09-05 17:41:34,284 : INFO : EventManager : Event: ======'unexpected_ball_on_playfield'====== Args={}
2025-09-05 17:41:35,299 : INFO : SwitchController : <<<<<<< 's_i_iceman_target' inactive >>>>>>>
2025-09-05 17:41:35,377 : INFO : SwitchController : <<<<<<< 's_i_iceman_target' active >>>>>>>
2025-09-05 17:41:35,377 : INFO : EventManager : Event: ======'sw_playfield_active'====== Args={}
2025-09-05 17:41:35,378 : INFO : EventManager : Event: ======'playfield_active'====== Args={'source': None}
2025-09-05 17:41:35,378 : INFO : EventManager : Event: ======'unexpected_ball_on_playfield'====== Args={}
2025-09-05 17:41:36,152 : INFO : SwitchController : <<<<<<< 's_c_iceman_target' active >>>>>>>
2025-09-05 17:41:36,152 : INFO : EventManager : Event: ======'sw_playfield_active'====== Args={}
2025-09-05 17:41:36,153 : INFO : EventManager : Event: ======'playfield_active'====== Args={'source': None}
2025-09-05 17:41:36,153 : INFO : EventManager : Event: ======'unexpected_ball_on_playfield'====== Args={}
2025-09-05 17:41:38,300 : INFO : Timer.attract_carousel_timer : Timer Complete
2025-09-05 17:41:38,300 : INFO : Timer.attract_carousel_timer : Stopping Timer
2025-09-05 17:41:38,300 : INFO : EventManager : Event: ======'timer_attract_carousel_timer_stopped'====== Args={'ticks': 1, 'ticks_remaining': 1}
2025-09-05 17:41:38,300 : INFO : EventManager : Event: ======'timer_attract_carousel_timer_complete'====== Args={'ticks': 1, 'ticks_remaining': 1}
2025-09-05 17:41:38,301 : INFO : EventManager : Event: ======'item_highlighted'====== Args={'carousel': 'attract', 'direction': 'forwards', 'item': 'hotrod_pinball_logo'}
2025-09-05 17:41:38,301 : INFO : Timer.attract_carousel_timer : Starting Timer.
2025-09-05 17:41:38,302 : INFO : EventManager : Event: ======'timer_attract_carousel_timer_started'====== Args={'ticks': 0, 'ticks_remaining': 1}
2025-09-05 17:41:38,302 : INFO : EventManager : Event: ======'timer_attract_carousel_timer_tick'====== Args={'ticks': 0, 'ticks_remaining': 1}
2025-09-05 17:41:38,304 : INFO : SwitchController : <<<<<<< 's_e_iceman_target' active >>>>>>>
2025-09-05 17:41:38,304 : INFO : EventManager : Event: ======'sw_playfield_active'====== Args={}
2025-09-05 17:41:38,304 : INFO : EventManager : Event: ======'playfield_active'====== Args={'source': None}
2025-09-05 17:41:38,304 : INFO : EventManager : Event: ======'unexpected_ball_on_playfield'====== Args={}
2025-09-05 17:41:39,952 : INFO : SwitchController : <<<<<<< 's_c_iceman_target' inactive >>>>>>>
2025-09-05 17:41:41,594 : INFO : SwitchController : <<<<<<< 's_i_iceman_target' inactive >>>>>>>
2025-09-05 17:41:43,301 : INFO : Timer.attract_carousel_timer : Timer Complete
2025-09-05 17:41:43,301 : INFO : Timer.attract_carousel_timer : Stopping Timer
2025-09-05 17:41:43,301 : INFO : EventManager : Event: ======'timer_attract_carousel_timer_stopped'====== Args={'ticks': 1, 'ticks_remaining': 1}
2025-09-05 17:41:43,301 : INFO : EventManager : Event: ======'timer_attract_carousel_timer_complete'====== Args={'ticks': 1, 'ticks_remaining': 1}
2025-09-05 17:41:43,302 : INFO : EventManager : Event: ======'item_highlighted'====== Args={'carousel': 'attract', 'direction': 'forwards', 'item': 'mpf_logo'}
2025-09-05 17:41:43,302 : INFO : Timer.attract_carousel_timer : Starting Timer.
2025-09-05 17:41:43,302 : INFO : EventManager : Event: ======'timer_attract_carousel_timer_started'====== Args={'ticks': 0, 'ticks_remaining': 1}
2025-09-05 17:41:43,302 : INFO : EventManager : Event: ======'timer_attract_carousel_timer_tick'====== Args={'ticks': 0, 'ticks_remaining': 1}
2025-09-05 17:41:46,935 : INFO : SwitchController : <<<<<<< 's_n_iceman_target' active >>>>>>>
2025-09-05 17:41:46,935 : INFO : EventManager : Event: ======'sw_playfield_active'====== Args={}
2025-09-05 17:41:46,935 : INFO : EventManager : Event: ======'playfield_active'====== Args={'source': None}
2025-09-05 17:41:46,935 : INFO : EventManager : Event: ======'unexpected_ball_on_playfield'====== Args={}
2025-09-05 17:41:48,298 : INFO : Timer.attract_carousel_timer : Timer Complete
2025-09-05 17:41:48,298 : INFO : Timer.attract_carousel_timer : Stopping Timer
2025-09-05 17:41:48,298 : INFO : EventManager : Event: ======'timer_attract_carousel_timer_stopped'====== Args={'ticks': 1, 'ticks_remaining': 1}
2025-09-05 17:41:48,298 : INFO : EventManager : Event: ======'timer_attract_carousel_timer_complete'====== Args={'ticks': 1, 'ticks_remaining': 1}
2025-09-05 17:41:48,299 : INFO : EventManager : Event: ======'item_highlighted'====== Args={'carousel': 'attract', 'direction': 'forwards', 'item': 'credits'}
2025-09-05 17:41:48,299 : INFO : Timer.attract_carousel_timer : Starting Timer.
2025-09-05 17:41:48,299 : INFO : EventManager : Event: ======'timer_attract_carousel_timer_started'====== Args={'ticks': 0, 'ticks_remaining': 1}
2025-09-05 17:41:48,300 : INFO : EventManager : Event: ======'timer_attract_carousel_timer_tick'====== Args={'ticks': 0, 'ticks_remaining': 1}
2025-09-05 17:41:49,773 : INFO : SwitchController : <<<<<<< 's_a_iceman_target' active >>>>>>>
2025-09-05 17:41:49,773 : INFO : EventManager : Event: ======'sw_playfield_active'====== Args={}
2025-09-05 17:41:49,774 : INFO : EventManager : Event: ======'playfield_active'====== Args={'source': None}
2025-09-05 17:41:49,774 : INFO : EventManager : Event: ======'unexpected_ball_on_playfield'====== Args={}
2025-09-05 17:41:53,051 : INFO : SwitchController : <<<<<<< 's_m_iceman_target' active >>>>>>>
2025-09-05 17:41:53,051 : INFO : EventManager : Event: ======'sw_playfield_active'====== Args={}
2025-09-05 17:41:53,052 : INFO : EventManager : Event: ======'playfield_active'====== Args={'source': None}
2025-09-05 17:41:53,052 : INFO : EventManager : Event: ======'unexpected_ball_on_playfield'====== Args={}
2025-09-05 17:41:53,301 : INFO : Timer.attract_carousel_timer : Timer Complete
2025-09-05 17:41:53,301 : INFO : Timer.attract_carousel_timer : Stopping Timer
2025-09-05 17:41:53,301 : INFO : EventManager : Event: ======'timer_attract_carousel_timer_stopped'====== Args={'ticks': 1, 'ticks_remaining': 1}
2025-09-05 17:41:53,301 : INFO : EventManager : Event: ======'timer_attract_carousel_timer_complete'====== Args={'ticks': 1, 'ticks_remaining': 1}
2025-09-05 17:41:53,302 : INFO : EventManager : Event: ======'item_highlighted'====== Args={'carousel': 'attract', 'direction': 'forwards', 'item': 'last_scores_2p'}
2025-09-05 17:41:53,303 : INFO : Timer.attract_carousel_timer : Starting Timer.
2025-09-05 17:41:53,303 : INFO : EventManager : Event: ======'timer_attract_carousel_timer_started'====== Args={'ticks': 0, 'ticks_remaining': 1}
2025-09-05 17:41:53,303 : INFO : EventManager : Event: ======'timer_attract_carousel_timer_tick'====== Args={'ticks': 0, 'ticks_remaining': 1}
2025-09-05 17:41:54,997 : INFO : SwitchController : <<<<<<< 's_n_iceman_target' inactive >>>>>>>
2025-09-05 17:41:58,297 : INFO : Timer.attract_carousel_timer : Timer Complete
2025-09-05 17:41:58,297 : INFO : Timer.attract_carousel_timer : Stopping Timer
2025-09-05 17:41:58,297 : INFO : EventManager : Event: ======'timer_attract_carousel_timer_stopped'====== Args={'ticks': 1, 'ticks_remaining': 1}
2025-09-05 17:41:58,297 : INFO : EventManager : Event: ======'timer_attract_carousel_timer_complete'====== Args={'ticks': 1, 'ticks_remaining': 1}
2025-09-05 17:41:58,298 : INFO : EventManager : Event: ======'item_highlighted'====== Args={'carousel': 'attract', 'direction': 'forwards', 'item': 'title'}
2025-09-05 17:41:58,298 : INFO : Timer.attract_carousel_timer : Starting Timer.
2025-09-05 17:41:58,299 : INFO : EventManager : Event: ======'timer_attract_carousel_timer_started'====== Args={'ticks': 0, 'ticks_remaining': 1}
2025-09-05 17:41:58,299 : INFO : EventManager : Event: ======'timer_attract_carousel_timer_tick'====== Args={'ticks': 0, 'ticks_remaining': 1}
2025-09-05 17:42:03,299 : INFO : Timer.attract_carousel_timer : Timer Complete
2025-09-05 17:42:03,299 : INFO : Timer.attract_carousel_timer : Stopping Timer
2025-09-05 17:42:03,299 : INFO : EventManager : Event: ======'timer_attract_carousel_timer_stopped'====== Args={'ticks': 1, 'ticks_remaining': 1}
2025-09-05 17:42:03,300 : INFO : EventManager : Event: ======'timer_attract_carousel_timer_complete'====== Args={'ticks': 1, 'ticks_remaining': 1}
2025-09-05 17:42:03,300 : INFO : EventManager : Event: ======'item_highlighted'====== Args={'carousel': 'attract', 'direction': 'forwards', 'item': 'presented_by'}
2025-09-05 17:42:03,301 : INFO : Timer.attract_carousel_timer : Starting Timer.
2025-09-05 17:42:03,301 : INFO : EventManager : Event: ======'timer_attract_carousel_timer_started'====== Args={'ticks': 0, 'ticks_remaining': 1}
2025-09-05 17:42:03,302 : INFO : EventManager : Event: ======'timer_attract_carousel_timer_tick'====== Args={'ticks': 0, 'ticks_remaining': 1}
2025-09-05 17:42:08,280 : INFO : Timer.attract_carousel_timer : Timer Complete
2025-09-05 17:42:08,280 : INFO : Timer.attract_carousel_timer : Stopping Timer
2025-09-05 17:42:08,280 : INFO : EventManager : Event: ======'timer_attract_carousel_timer_stopped'====== Args={'ticks': 1, 'ticks_remaining': 1}
2025-09-05 17:42:08,280 : INFO : EventManager : Event: ======'timer_attract_carousel_timer_complete'====== Args={'ticks': 1, 'ticks_remaining': 1}
2025-09-05 17:42:08,281 : INFO : EventManager : Event: ======'item_highlighted'====== Args={'carousel': 'attract', 'direction': 'forwards', 'item': 'hotrod_pinball_logo'}
2025-09-05 17:42:08,281 : INFO : Timer.attract_carousel_timer : Starting Timer.
2025-09-05 17:42:08,281 : INFO : EventManager : Event: ======'timer_attract_carousel_timer_started'====== Args={'ticks': 0, 'ticks_remaining': 1}
2025-09-05 17:42:08,281 : INFO : EventManager : Event: ======'timer_attract_carousel_timer_tick'====== Args={'ticks': 0, 'ticks_remaining': 1}
2025-09-05 17:42:13,292 : INFO : Timer.attract_carousel_timer : Timer Complete
2025-09-05 17:42:13,292 : INFO : Timer.attract_carousel_timer : Stopping Timer
2025-09-05 17:42:13,292 : INFO : EventManager : Event: ======'timer_attract_carousel_timer_stopped'====== Args={'ticks': 1, 'ticks_remaining': 1}
2025-09-05 17:42:13,293 : INFO : EventManager : Event: ======'timer_attract_carousel_timer_complete'====== Args={'ticks': 1, 'ticks_remaining': 1}
2025-09-05 17:42:13,293 : INFO : EventManager : Event: ======'item_highlighted'====== Args={'carousel': 'attract', 'direction': 'forwards', 'item': 'mpf_logo'}
2025-09-05 17:42:13,294 : INFO : Timer.attract_carousel_timer : Starting Timer.
2025-09-05 17:42:13,294 : INFO : EventManager : Event: ======'timer_attract_carousel_timer_started'====== Args={'ticks': 0, 'ticks_remaining': 1}
2025-09-05 17:42:13,294 : INFO : EventManager : Event: ======'timer_attract_carousel_timer_tick'====== Args={'ticks': 0, 'ticks_remaining': 1}
2025-09-05 17:42:18,285 : INFO : Timer.attract_carousel_timer : Timer Complete
2025-09-05 17:42:18,285 : INFO : Timer.attract_carousel_timer : Stopping Timer
2025-09-05 17:42:18,285 : INFO : EventManager : Event: ======'timer_attract_carousel_timer_stopped'====== Args={'ticks': 1, 'ticks_remaining': 1}
2025-09-05 17:42:18,285 : INFO : EventManager : Event: ======'timer_attract_carousel_timer_complete'====== Args={'ticks': 1, 'ticks_remaining': 1}
2025-09-05 17:42:18,285 : INFO : EventManager : Event: ======'item_highlighted'====== Args={'carousel': 'attract', 'direction': 'forwards', 'item': 'credits'}
2025-09-05 17:42:18,287 : INFO : Timer.attract_carousel_timer : Starting Timer.
2025-09-05 17:42:18,287 : INFO : EventManager : Event: ======'timer_attract_carousel_timer_started'====== Args={'ticks': 0, 'ticks_remaining': 1}
2025-09-05 17:42:18,287 : INFO : EventManager : Event: ======'timer_attract_carousel_timer_tick'====== Args={'ticks': 0, 'ticks_remaining': 1}
2025-09-05 17:42:22,327 : INFO : SwitchController : <<<<<<< 's_k_lock_target' active >>>>>>>
2025-09-05 17:42:22,327 : INFO : EventManager : Event: ======'sw_playfield_active'====== Args={}
2025-09-05 17:42:22,328 : INFO : EventManager : Event: ======'playfield_active'====== Args={'source': None}
2025-09-05 17:42:22,328 : INFO : EventManager : Event: ======'unexpected_ball_on_playfield'====== Args={}
2025-09-05 17:42:23,283 : INFO : Timer.attract_carousel_timer : Timer Complete
2025-09-05 17:42:23,283 : INFO : Timer.attract_carousel_timer : Stopping Timer
2025-09-05 17:42:23,283 : INFO : EventManager : Event: ======'timer_attract_carousel_timer_stopped'====== Args={'ticks': 1, 'ticks_remaining': 1}
2025-09-05 17:42:23,283 : INFO : EventManager : Event: ======'timer_attract_carousel_timer_complete'====== Args={'ticks': 1, 'ticks_remaining': 1}
2025-09-05 17:42:23,284 : INFO : EventManager : Event: ======'item_highlighted'====== Args={'carousel': 'attract', 'direction': 'forwards', 'item': 'last_scores_2p'}
2025-09-05 17:42:23,284 : INFO : Timer.attract_carousel_timer : Starting Timer.
2025-09-05 17:42:23,284 : INFO : EventManager : Event: ======'timer_attract_carousel_timer_started'====== Args={'ticks': 0, 'ticks_remaining': 1}
2025-09-05 17:42:23,284 : INFO : EventManager : Event: ======'timer_attract_carousel_timer_tick'====== Args={'ticks': 0, 'ticks_remaining': 1}
2025-09-05 17:42:27,820 : INFO : SwitchController : <<<<<<< 's_c_lock_target' active >>>>>>>
2025-09-05 17:42:27,820 : INFO : EventManager : Event: ======'sw_playfield_active'====== Args={}
2025-09-05 17:42:27,820 : INFO : EventManager : Event: ======'playfield_active'====== Args={'source': None}
2025-09-05 17:42:27,821 : INFO : EventManager : Event: ======'unexpected_ball_on_playfield'====== Args={}
2025-09-05 17:42:28,290 : INFO : Timer.attract_carousel_timer : Timer Complete
2025-09-05 17:42:28,290 : INFO : Timer.attract_carousel_timer : Stopping Timer
2025-09-05 17:42:28,290 : INFO : EventManager : Event: ======'timer_attract_carousel_timer_stopped'====== Args={'ticks': 1, 'ticks_remaining': 1}
2025-09-05 17:42:28,290 : INFO : EventManager : Event: ======'timer_attract_carousel_timer_complete'====== Args={'ticks': 1, 'ticks_remaining': 1}
2025-09-05 17:42:28,291 : INFO : EventManager : Event: ======'item_highlighted'====== Args={'carousel': 'attract', 'direction': 'forwards', 'item': 'title'}
2025-09-05 17:42:28,291 : INFO : Timer.attract_carousel_timer : Starting Timer.
2025-09-05 17:42:28,292 : INFO : EventManager : Event: ======'timer_attract_carousel_timer_started'====== Args={'ticks': 0, 'ticks_remaining': 1}
2025-09-05 17:42:28,292 : INFO : EventManager : Event: ======'timer_attract_carousel_timer_tick'====== Args={'ticks': 0, 'ticks_remaining': 1}
2025-09-05 17:42:30,314 : INFO : SwitchController : <<<<<<< 's_o_lock_target' active >>>>>>>
2025-09-05 17:42:30,316 : INFO : EventManager : Event: ======'sw_playfield_active'====== Args={}
2025-09-05 17:42:30,316 : INFO : EventManager : Event: ======'playfield_active'====== Args={'source': None}
2025-09-05 17:42:30,316 : INFO : EventManager : Event: ======'unexpected_ball_on_playfield'====== Args={}
2025-09-05 17:42:31,847 : INFO : SwitchController : <<<<<<< 's_l_lock_target' active >>>>>>>
2025-09-05 17:42:31,848 : INFO : EventManager : Event: ======'sw_playfield_active'====== Args={}
2025-09-05 17:42:31,848 : INFO : EventManager : Event: ======'playfield_active'====== Args={'source': None}
2025-09-05 17:42:31,848 : INFO : EventManager : Event: ======'unexpected_ball_on_playfield'====== Args={}
2025-09-05 17:42:33,286 : INFO : Timer.attract_carousel_timer : Timer Complete
2025-09-05 17:42:33,286 : INFO : Timer.attract_carousel_timer : Stopping Timer
2025-09-05 17:42:33,286 : INFO : EventManager : Event: ======'timer_attract_carousel_timer_stopped'====== Args={'ticks': 1, 'ticks_remaining': 1}
2025-09-05 17:42:33,286 : INFO : EventManager : Event: ======'timer_attract_carousel_timer_complete'====== Args={'ticks': 1, 'ticks_remaining': 1}
2025-09-05 17:42:33,286 : INFO : EventManager : Event: ======'item_highlighted'====== Args={'carousel': 'attract', 'direction': 'forwards', 'item': 'presented_by'}
2025-09-05 17:42:33,287 : INFO : Timer.attract_carousel_timer : Starting Timer.
2025-09-05 17:42:33,287 : INFO : EventManager : Event: ======'timer_attract_carousel_timer_started'====== Args={'ticks': 0, 'ticks_remaining': 1}
2025-09-05 17:42:33,287 : INFO : EventManager : Event: ======'timer_attract_carousel_timer_tick'====== Args={'ticks': 0, 'ticks_remaining': 1}
2025-09-05 17:42:38,282 : INFO : Timer.attract_carousel_timer : Timer Complete
2025-09-05 17:42:38,282 : INFO : Timer.attract_carousel_timer : Stopping Timer
2025-09-05 17:42:38,282 : INFO : EventManager : Event: ======'timer_attract_carousel_timer_stopped'====== Args={'ticks': 1, 'ticks_remaining': 1}
2025-09-05 17:42:38,282 : INFO : EventManager : Event: ======'timer_attract_carousel_timer_complete'====== Args={'ticks': 1, 'ticks_remaining': 1}
2025-09-05 17:42:38,283 : INFO : EventManager : Event: ======'item_highlighted'====== Args={'carousel': 'attract', 'direction': 'forwards', 'item': 'hotrod_pinball_logo'}
2025-09-05 17:42:38,283 : INFO : Timer.attract_carousel_timer : Starting Timer.
2025-09-05 17:42:38,284 : INFO : EventManager : Event: ======'timer_attract_carousel_timer_started'====== Args={'ticks': 0, 'ticks_remaining': 1}
2025-09-05 17:42:38,284 : INFO : EventManager : Event: ======'timer_attract_carousel_timer_tick'====== Args={'ticks': 0, 'ticks_remaining': 1}
2025-09-05 17:42:43,290 : INFO : Timer.attract_carousel_timer : Timer Complete
2025-09-05 17:42:43,290 : INFO : Timer.attract_carousel_timer : Stopping Timer
2025-09-05 17:42:43,290 : INFO : EventManager : Event: ======'timer_attract_carousel_timer_stopped'====== Args={'ticks': 1, 'ticks_remaining': 1}
2025-09-05 17:42:43,290 : INFO : EventManager : Event: ======'timer_attract_carousel_timer_complete'====== Args={'ticks': 1, 'ticks_remaining': 1}
2025-09-05 17:42:43,291 : INFO : EventManager : Event: ======'item_highlighted'====== Args={'carousel': 'attract', 'direction': 'forwards', 'item': 'mpf_logo'}
2025-09-05 17:42:43,292 : INFO : Timer.attract_carousel_timer : Starting Timer.
2025-09-05 17:42:43,292 : INFO : EventManager : Event: ======'timer_attract_carousel_timer_started'====== Args={'ticks': 0, 'ticks_remaining': 1}
2025-09-05 17:42:43,292 : INFO : EventManager : Event: ======'timer_attract_carousel_timer_tick'====== Args={'ticks': 0, 'ticks_remaining': 1}
2025-09-05 17:42:48,278 : INFO : Timer.attract_carousel_timer : Timer Complete
2025-09-05 17:42:48,278 : INFO : Timer.attract_carousel_timer : Stopping Timer
2025-09-05 17:42:48,278 : INFO : EventManager : Event: ======'timer_attract_carousel_timer_stopped'====== Args={'ticks': 1, 'ticks_remaining': 1}
2025-09-05 17:42:48,278 : INFO : EventManager : Event: ======'timer_attract_carousel_timer_complete'====== Args={'ticks': 1, 'ticks_remaining': 1}
2025-09-05 17:42:48,279 : INFO : EventManager : Event: ======'item_highlighted'====== Args={'carousel': 'attract', 'direction': 'forwards', 'item': 'credits'}
2025-09-05 17:42:48,280 : INFO : Timer.attract_carousel_timer : Starting Timer.
2025-09-05 17:42:48,280 : INFO : EventManager : Event: ======'timer_attract_carousel_timer_started'====== Args={'ticks': 0, 'ticks_remaining': 1}
2025-09-05 17:42:48,280 : INFO : EventManager : Event: ======'timer_attract_carousel_timer_tick'====== Args={'ticks': 0, 'ticks_remaining': 1}
2025-09-05 17:42:53,288 : INFO : Timer.attract_carousel_timer : Timer Complete
2025-09-05 17:42:53,288 : INFO : Timer.attract_carousel_timer : Stopping Timer
2025-09-05 17:42:53,288 : INFO : EventManager : Event: ======'timer_attract_carousel_timer_stopped'====== Args={'ticks': 1, 'ticks_remaining': 1}
2025-09-05 17:42:53,288 : INFO : EventManager : Event: ======'timer_attract_carousel_timer_complete'====== Args={'ticks': 1, 'ticks_remaining': 1}
2025-09-05 17:42:53,289 : INFO : EventManager : Event: ======'item_highlighted'====== Args={'carousel': 'attract', 'direction': 'forwards', 'item': 'last_scores_2p'}
2025-09-05 17:42:53,289 : INFO : Timer.attract_carousel_timer : Starting Timer.
2025-09-05 17:42:53,289 : INFO : EventManager : Event: ======'timer_attract_carousel_timer_started'====== Args={'ticks': 0, 'ticks_remaining': 1}
2025-09-05 17:42:53,290 : INFO : EventManager : Event: ======'timer_attract_carousel_timer_tick'====== Args={'ticks': 0, 'ticks_remaining': 1}
2025-09-05 17:42:58,281 : INFO : Timer.attract_carousel_timer : Timer Complete
2025-09-05 17:42:58,281 : INFO : Timer.attract_carousel_timer : Stopping Timer
2025-09-05 17:42:58,281 : INFO : EventManager : Event: ======'timer_attract_carousel_timer_stopped'====== Args={'ticks': 1, 'ticks_remaining': 1}
2025-09-05 17:42:58,281 : INFO : EventManager : Event: ======'timer_attract_carousel_timer_complete'====== Args={'ticks': 1, 'ticks_remaining': 1}
2025-09-05 17:42:58,281 : INFO : EventManager : Event: ======'item_highlighted'====== Args={'carousel': 'attract', 'direction': 'forwards', 'item': 'title'}
2025-09-05 17:42:58,282 : INFO : Timer.attract_carousel_timer : Starting Timer.
2025-09-05 17:42:58,282 : INFO : EventManager : Event: ======'timer_attract_carousel_timer_started'====== Args={'ticks': 0, 'ticks_remaining': 1}
2025-09-05 17:42:58,282 : INFO : EventManager : Event: ======'timer_attract_carousel_timer_tick'====== Args={'ticks': 0, 'ticks_remaining': 1}
2025-09-05 17:43:01,927 : INFO : Machine : Shutting down...
2025-09-05 17:43:01,927 : INFO : EventManager : Event: ======'shutdown'====== Args={}
2025-09-05 17:43:01,958 : INFO : root : MPF run loop ended.
