2025-08-31 16:45:10,711 : INFO : root : Loading config.
2025-08-31 16:45:10,724 : INFO : YamlMultifileConfigLoader : Machine config file #1: config.yaml
2025-08-31 16:45:10,725 : INFO : ConfigProcessor : Loading config from cache: C:\Users\White\AppData\Local\Temp\cfa6ecba65704a931c9dd214c44986c8.mpf_cache
2025-08-31 16:45:10,835 : DEBUG : YamlMultifileConfigLoader : Loading mode attract from C:\Users\White\mpf\Lib\site-packages\mpf\modes\attract\config\attract.yaml
2025-08-31 16:45:10,835 : DEBUG : YamlMultifileConfigLoader : Loading mode attract from C:\Users\White\mpf\Lib\site-packages\mpf\modes\attract\config\attract.yaml
2025-08-31 16:45:10,836 : INFO : ConfigProcessor : Loading config from cache: C:\Users\White\AppData\Local\Temp\f98ffc0ff5962effface7d86bc406d5c.mpf_cache
2025-08-31 16:45:10,845 : DEBUG : YamlMultifileConfigLoader : Loading mode game from C:\Users\White\mpf\Lib\site-packages\mpf\modes\game\config\game.yaml
2025-08-31 16:45:10,846 : INFO : ConfigProcessor : Loading config from cache: C:\Users\White\AppData\Local\Temp\91cc4d1c993c58dc354e34974b9cfeac.mpf_cache
2025-08-31 16:45:10,854 : DEBUG : YamlMultifileConfigLoader : Loading mode attract from C:\Users\White\mpf\Lib\site-packages\mpf\modes\attract\config\attract.yaml
2025-08-31 16:45:10,854 : DEBUG : YamlMultifileConfigLoader : Loading mode attract from C:\Users\White\mpf\Lib\site-packages\mpf\modes\attract\config\attract.yaml
2025-08-31 16:45:10,854 : INFO : ConfigProcessor : Loading config from cache: C:\Users\White\AppData\Local\Temp\f98ffc0ff5962effface7d86bc406d5c.mpf_cache
2025-08-31 16:45:10,855 : DEBUG : YamlMultifileConfigLoader : Loading mode base from C:\Users\White\mpf\Lib\site-packages\mpf\modes\base\config\base.yaml
2025-08-31 16:45:10,855 : INFO : ConfigProcessor : Loading config from cache: C:\Users\White\AppData\Local\Temp\76792f1d686f89709887dba7bd69667a.mpf_cache
2025-08-31 16:45:10,863 : DEBUG : YamlMultifileConfigLoader : Loading mode bumpers from C:\Users\White\mpf\Lib\site-packages\mpf\modes\bumpers\config\bumpers.yaml
2025-08-31 16:45:10,863 : INFO : ConfigProcessor : Loading config from cache: C:\Users\White\AppData\Local\Temp\142bbae4707335cc8e3efaa4364c4893.mpf_cache
2025-08-31 16:45:10,873 : INFO : Machine : Mission Pinball Framework Core Engine v0.80.0.dev9
2025-08-31 16:45:10,873 : INFO : Machine : Command line arguments: {'no_load_cache': False, 'create_config_cache': True, 'bcp': False, 'configfile': ['config.yaml'], 'force_assets_load': False, 'platform_integration_test': False, 'jsonlogging': False, 'logfile': 'logs\\2025-08-31-16-45-10-mpf-TopGunPinball.log', 'pause': False, 'production': False, 'text_ui': False, 'loglevel': 10, 'consoleloglevel': 20, 'force_platform': None, 'syslog_address': None, 'full_logfile_path': 'C:\\Users\\White\\Documents\\Top_Gun_Pinball\\logs\\2025-08-31-16-45-10-mpf-TopGunPinball.log'}
2025-08-31 16:45:10,873 : INFO : Machine : MPF path: C:\Users\White\mpf\Lib\site-packages\mpf
2025-08-31 16:45:10,873 : INFO : Machine : Machine path: C:\Users\White\Documents\Top_Gun_Pinball
2025-08-31 16:45:10,873 : INFO : Machine : Platform: win32
2025-08-31 16:45:10,873 : INFO : Machine : Python executable location: C:\Users\White\mpf\Scripts\python.exe
2025-08-31 16:45:10,873 : INFO : Machine : Python version: 3.12.7 (64-bit)
2025-08-31 16:45:10,875 : DEBUG : asyncio : Using proactor: IocpProactor
2025-08-31 16:45:10,876 : INFO : Machine : Initializing MPF...
2025-08-31 16:45:10,986 : DEBUG : TextUi : Text UI is disabled. TUI option setting: False, Asciimatics loaded: <class 'asciimatics.scene.Scene'>
2025-08-31 16:45:11,000 : INFO : EventManager : Event: ======'machine_var_credits_string'====== Args={'value': 'FREE PLAY', 'prev_value': None, 'change': True}
2025-08-31 16:45:11,023 : INFO : EventManager : Event: ======'machine_var_master_volume'====== Args={'value': 0.5, 'prev_value': None, 'change': True}
2025-08-31 16:45:11,023 : INFO : EventManager : Event: ======'machine_var_mpf_version'====== Args={'value': 'Mission Pinball Framework v0.80.0.dev9', 'prev_value': None, 'change': True}
2025-08-31 16:45:11,023 : INFO : EventManager : Event: ======'machine_var_mpf_extended_version'====== Args={'value': 'Mission Pinball Framework v0.80.0.dev9, Config version:6, Show version: 6, BCP version:1.1', 'prev_value': None, 'change': True}
2025-08-31 16:45:11,024 : INFO : EventManager : Event: ======'machine_var_python_version'====== Args={'value': '3.12.7', 'prev_value': None, 'change': True}
2025-08-31 16:45:11,184 : INFO : EventManager : Event: ======'machine_var_platform'====== Args={'value': 'Windows-11-10.0.26100-SP0', 'prev_value': None, 'change': True}
2025-08-31 16:45:11,184 : INFO : EventManager : Event: ======'machine_var_platform_system'====== Args={'value': 'Windows', 'prev_value': None, 'change': True}
2025-08-31 16:45:11,184 : INFO : EventManager : Event: ======'machine_var_platform_release'====== Args={'value': '11', 'prev_value': None, 'change': True}
2025-08-31 16:45:11,184 : INFO : EventManager : Event: ======'machine_var_platform_version'====== Args={'value': '10.0.26100', 'prev_value': None, 'change': True}
2025-08-31 16:45:11,184 : INFO : EventManager : Event: ======'machine_var_platform_machine'====== Args={'value': 'AMD64', 'prev_value': None, 'change': True}
2025-08-31 16:45:11,184 : INFO : EventManager : Event: ======'machine_var_log_file_path'====== Args={'value': 'C:\\Users\\White\\Documents\\Top_Gun_Pinball\\logs\\2025-08-31-16-45-10-mpf-TopGunPinball.log', 'prev_value': None, 'change': True}
2025-08-31 16:45:11,184 : INFO : EventManager : Event: ======'init_phase_1'====== Args={}
2025-08-31 16:45:11,190 : DEBUG : ModeController : Loaded mode game
2025-08-31 16:45:11,196 : DEBUG : ModeController : Loaded mode attract
2025-08-31 16:45:11,196 : DEBUG : ModeController : Loaded mode bumpers
2025-08-31 16:45:11,196 : DEBUG : ModeController : Loaded mode base
2025-08-31 16:45:11,204 : DEBUG : ball_device.bd_trough : Configuring device with settings: '{'ball_switches': 's_trough_1, s_trough_2, s_trough_3, s_trough_4, s_trough_5, s_trough_6, s_jam', 'jam_switch': 's_jam', 'eject_coil_jam_pulse': '5ms', 'eject_coil': 'c_trough_eject', 'eject_targets': [<ball_device.bd_plunger>], 'eject_timeouts': [3000], 'tags': ['trough', 'home', 'drain'], 'debug': True, 'label': '%', 'console_log': 'full', 'file_log': 'full', 'entrance_events': {}, 'idle_missing_ball_timeout': 5.0, 'confirm_eject_type': 'target', 'captures_from': <playfield.playfield>, 'ball_missing_timeouts': [], 'ball_missing_target': <playfield.playfield>, 'confirm_eject_switch': None, 'confirm_eject_event': None, 'max_eject_attempts': 0, 'request_ball_events': {}, 'eject_events': {}, 'eject_all_events': {}, 'mechanical_eject': False, 'player_controlled_eject_event': None, 'ball_search_order': 200, 'auto_fire_on_unexpected_ball': True, 'target_on_unexpected_ball': None}'
2025-08-31 16:45:11,209 : INFO : EventManager : Event: ======'init_phase_2'====== Args={}
2025-08-31 16:45:11,209 : INFO : SwitchController : Found active switch: (1007, <Platform.SmartVirtual>) <switch.s_trough_1>
2025-08-31 16:45:11,209 : INFO : SwitchController : Found active switch: (1008, <Platform.SmartVirtual>) <switch.s_trough_2>
2025-08-31 16:45:11,209 : INFO : SwitchController : Found active switch: (1009, <Platform.SmartVirtual>) <switch.s_trough_3>
2025-08-31 16:45:11,210 : INFO : SwitchController : Found active switch: (1010, <Platform.SmartVirtual>) <switch.s_trough_4>
2025-08-31 16:45:11,210 : INFO : SwitchController : Found active switch: (1011, <Platform.SmartVirtual>) <switch.s_trough_5>
2025-08-31 16:45:11,210 : INFO : SwitchController : Found active switch: (1012, <Platform.SmartVirtual>) <switch.s_trough_6>
2025-08-31 16:45:11,212 : INFO : ball_device.bd_plunger : BCH: Initial count: 0
2025-08-31 16:45:11,212 : INFO : ball_device.bd_plunger : State: idle
2025-08-31 16:45:11,212 : DEBUG : ball_device.bd_trough : SC: Counted 6 balls. Active switches: [<switch.s_trough_3>, <switch.s_trough_2>, <switch.s_trough_1>, <switch.s_trough_6>, <switch.s_trough_5>, <switch.s_trough_4>]. Old: None
2025-08-31 16:45:11,212 : DEBUG : ball_device.bd_trough : SC: New count 6 last: None
2025-08-31 16:45:11,212 : INFO : ball_device.bd_trough : BCH: Initial count: 6
2025-08-31 16:45:11,213 : INFO : ball_device.bd_trough : State: idle
2025-08-31 16:45:11,213 : DEBUG : ball_device.bd_trough : Waiting for eject request.
2025-08-31 16:45:11,215 : DEBUG : YAML File Interface : Loading file: C:\Users\White\Documents\Top_Gun_Pinball\data/audits.yaml
2025-08-31 16:45:11,232 : DEBUG : Machine : "info_lights:" section not found in machine configuration, so the InfoLights will not be used.
2025-08-31 16:45:11,234 : DEBUG : Machine : "switch_player:" section not found in machine configuration, so the SwitchPlayer will not be used.
2025-08-31 16:45:11,236 : DEBUG : Machine : "twitch_client:" section not found in machine configuration, so the TwitchBot will not be used.
2025-08-31 16:45:11,236 : DEBUG : Machine : "virtual_segment_display_connector:" section not found in machine configuration, so the VirtualSegmentDisplayConnector will not be used.
2025-08-31 16:45:11,237 : INFO : EventManager : Event: ======'init_phase_3'====== Args={}
2025-08-31 16:45:11,237 : DEBUG : ShowController : Loading show: flash
2025-08-31 16:45:11,237 : DEBUG : ShowController : Loading show: on
2025-08-31 16:45:11,237 : DEBUG : ShowController : Loading show: off
2025-08-31 16:45:11,237 : DEBUG : ShowController : Loading show: led_color
2025-08-31 16:45:11,238 : DEBUG : ShowController : Loading show: bl_color
2025-08-31 16:45:11,238 : DEBUG : ShowController : Loading show: flash_color
2025-08-31 16:45:11,238 : INFO : EventManager : Event: ======'init_phase_4'====== Args={}
2025-08-31 16:45:11,238 : DEBUG : ball_device.bd_trough : SC: Counted 6 balls. Active switches: [<switch.s_trough_3>, <switch.s_trough_2>, <switch.s_trough_1>, <switch.s_trough_6>, <switch.s_trough_5>, <switch.s_trough_4>]. Old: 6
2025-08-31 16:45:11,238 : INFO : BallController : Initial balls found: 6
2025-08-31 16:45:11,240 : INFO : EventManager : Event: ======'machine_var_audits_events_game_ended'====== Args={'value': 0, 'prev_value': None, 'change': True}
2025-08-31 16:45:11,240 : INFO : EventManager : Event: ======'machine_var_audits_events_game_started'====== Args={'value': 73, 'prev_value': None, 'change': True}
2025-08-31 16:45:11,240 : INFO : EventManager : Event: ======'machine_var_audits_missing_switches_s_a_iceman_target'====== Args={'value': 22, 'prev_value': None, 'change': True}
2025-08-31 16:45:11,240 : INFO : EventManager : Event: ======'machine_var_audits_missing_switches_s_barrier_target'====== Args={'value': 22, 'prev_value': None, 'change': True}
2025-08-31 16:45:11,240 : INFO : EventManager : Event: ======'machine_var_audits_missing_switches_s_c_iceman_target'====== Args={'value': 22, 'prev_value': None, 'change': True}
2025-08-31 16:45:11,240 : INFO : EventManager : Event: ======'machine_var_audits_missing_switches_s_c_lock_target'====== Args={'value': 22, 'prev_value': None, 'change': True}
2025-08-31 16:45:11,240 : INFO : EventManager : Event: ======'machine_var_audits_missing_switches_s_e_iceman_target'====== Args={'value': 22, 'prev_value': None, 'change': True}
2025-08-31 16:45:11,240 : INFO : EventManager : Event: ======'machine_var_audits_missing_switches_s_flight_gear_target'====== Args={'value': 22, 'prev_value': None, 'change': True}
2025-08-31 16:45:11,240 : INFO : EventManager : Event: ======'machine_var_audits_missing_switches_s_flipper_left'====== Args={'value': 18, 'prev_value': None, 'change': True}
2025-08-31 16:45:11,240 : INFO : EventManager : Event: ======'machine_var_audits_missing_switches_s_flipper_left_eos'====== Args={'value': 20, 'prev_value': None, 'change': True}
2025-08-31 16:45:11,240 : INFO : EventManager : Event: ======'machine_var_audits_missing_switches_s_flipper_left_upper'====== Args={'value': 22, 'prev_value': None, 'change': True}
2025-08-31 16:45:11,241 : INFO : EventManager : Event: ======'machine_var_audits_missing_switches_s_flipper_left_upper_eos'====== Args={'value': 20, 'prev_value': None, 'change': True}
2025-08-31 16:45:11,241 : INFO : EventManager : Event: ======'machine_var_audits_missing_switches_s_flipper_right'====== Args={'value': 18, 'prev_value': None, 'change': True}
2025-08-31 16:45:11,241 : INFO : EventManager : Event: ======'machine_var_audits_missing_switches_s_flipper_right_eos'====== Args={'value': 20, 'prev_value': None, 'change': True}
2025-08-31 16:45:11,241 : INFO : EventManager : Event: ======'machine_var_audits_missing_switches_s_i_iceman_target'====== Args={'value': 22, 'prev_value': None, 'change': True}
2025-08-31 16:45:11,241 : INFO : EventManager : Event: ======'machine_var_audits_missing_switches_s_inlane_left'====== Args={'value': 22, 'prev_value': None, 'change': True}
2025-08-31 16:45:11,241 : INFO : EventManager : Event: ======'machine_var_audits_missing_switches_s_inner_inlane_right'====== Args={'value': 22, 'prev_value': None, 'change': True}
2025-08-31 16:45:11,241 : INFO : EventManager : Event: ======'machine_var_audits_missing_switches_s_jam'====== Args={'value': 73, 'prev_value': None, 'change': True}
2025-08-31 16:45:11,241 : INFO : EventManager : Event: ======'machine_var_audits_missing_switches_s_k_lock_target'====== Args={'value': 22, 'prev_value': None, 'change': True}
2025-08-31 16:45:11,241 : INFO : EventManager : Event: ======'machine_var_audits_missing_switches_s_l_lock_target'====== Args={'value': 22, 'prev_value': None, 'change': True}
2025-08-31 16:45:11,241 : INFO : EventManager : Event: ======'machine_var_audits_missing_switches_s_lane_left'====== Args={'value': 72, 'prev_value': None, 'change': True}
2025-08-31 16:45:11,241 : INFO : EventManager : Event: ======'machine_var_audits_missing_switches_s_lane_right'====== Args={'value': 22, 'prev_value': None, 'change': True}
2025-08-31 16:45:11,241 : INFO : EventManager : Event: ======'machine_var_audits_missing_switches_s_lock_goose'====== Args={'value': 22, 'prev_value': None, 'change': True}
2025-08-31 16:45:11,241 : INFO : EventManager : Event: ======'machine_var_audits_missing_switches_s_lock_mav'====== Args={'value': 22, 'prev_value': None, 'change': True}
2025-08-31 16:45:11,241 : INFO : EventManager : Event: ======'machine_var_audits_missing_switches_s_lock_plunger'====== Args={'value': 22, 'prev_value': None, 'change': True}
2025-08-31 16:45:11,241 : INFO : EventManager : Event: ======'machine_var_audits_missing_switches_s_m_iceman_target'====== Args={'value': 22, 'prev_value': None, 'change': True}
2025-08-31 16:45:11,241 : INFO : EventManager : Event: ======'machine_var_audits_missing_switches_s_mig_lane_left'====== Args={'value': 22, 'prev_value': None, 'change': True}
2025-08-31 16:45:11,241 : INFO : EventManager : Event: ======'machine_var_audits_missing_switches_s_mig_lane_right'====== Args={'value': 22, 'prev_value': None, 'change': True}
2025-08-31 16:45:11,241 : INFO : EventManager : Event: ======'machine_var_audits_missing_switches_s_mode_start'====== Args={'value': 22, 'prev_value': None, 'change': True}
2025-08-31 16:45:11,241 : INFO : EventManager : Event: ======'machine_var_audits_missing_switches_s_n_iceman_target'====== Args={'value': 22, 'prev_value': None, 'change': True}
2025-08-31 16:45:11,241 : INFO : EventManager : Event: ======'machine_var_audits_missing_switches_s_o_lock_target'====== Args={'value': 22, 'prev_value': None, 'change': True}
2025-08-31 16:45:11,241 : INFO : EventManager : Event: ======'machine_var_audits_missing_switches_s_orbit_left'====== Args={'value': 16, 'prev_value': None, 'change': True}
2025-08-31 16:45:11,241 : INFO : EventManager : Event: ======'machine_var_audits_missing_switches_s_orbit_lower'====== Args={'value': 22, 'prev_value': None, 'change': True}
2025-08-31 16:45:11,241 : INFO : EventManager : Event: ======'machine_var_audits_missing_switches_s_orbit_right'====== Args={'value': 22, 'prev_value': None, 'change': True}
2025-08-31 16:45:11,242 : INFO : EventManager : Event: ======'machine_var_audits_missing_switches_s_orbit_upper'====== Args={'value': 22, 'prev_value': None, 'change': True}
2025-08-31 16:45:11,242 : INFO : EventManager : Event: ======'machine_var_audits_missing_switches_s_outer_inlane_right'====== Args={'value': 22, 'prev_value': None, 'change': True}
2025-08-31 16:45:11,242 : INFO : EventManager : Event: ======'machine_var_audits_missing_switches_s_outlane_left'====== Args={'value': 22, 'prev_value': None, 'change': True}
2025-08-31 16:45:11,242 : INFO : EventManager : Event: ======'machine_var_audits_missing_switches_s_outlane_right'====== Args={'value': 22, 'prev_value': None, 'change': True}
2025-08-31 16:45:11,242 : INFO : EventManager : Event: ======'machine_var_audits_missing_switches_s_plunger_lane'====== Args={'value': 73, 'prev_value': None, 'change': True}
2025-08-31 16:45:11,242 : INFO : EventManager : Event: ======'machine_var_audits_missing_switches_s_ramp_inner_exit'====== Args={'value': 22, 'prev_value': None, 'change': True}
2025-08-31 16:45:11,242 : INFO : EventManager : Event: ======'machine_var_audits_missing_switches_s_ramp_left_exit'====== Args={'value': 22, 'prev_value': None, 'change': True}
2025-08-31 16:45:11,242 : INFO : EventManager : Event: ======'machine_var_audits_missing_switches_s_ramp_right_exit'====== Args={'value': 22, 'prev_value': None, 'change': True}
2025-08-31 16:45:11,242 : INFO : EventManager : Event: ======'machine_var_audits_missing_switches_s_ramp_tower_exit'====== Args={'value': 22, 'prev_value': None, 'change': True}
2025-08-31 16:45:11,242 : INFO : EventManager : Event: ======'machine_var_audits_missing_switches_s_slingshot_left'====== Args={'value': 22, 'prev_value': None, 'change': True}
2025-08-31 16:45:11,242 : INFO : EventManager : Event: ======'machine_var_audits_missing_switches_s_slingshot_right'====== Args={'value': 22, 'prev_value': None, 'change': True}
2025-08-31 16:45:11,242 : INFO : EventManager : Event: ======'machine_var_audits_missing_switches_s_spinner'====== Args={'value': 22, 'prev_value': None, 'change': True}
2025-08-31 16:45:11,242 : INFO : EventManager : Event: ======'machine_var_audits_missing_switches_s_trough_1'====== Args={'value': 73, 'prev_value': None, 'change': True}
2025-08-31 16:45:11,242 : INFO : EventManager : Event: ======'machine_var_audits_missing_switches_s_trough_2'====== Args={'value': 73, 'prev_value': None, 'change': True}
2025-08-31 16:45:11,242 : INFO : EventManager : Event: ======'machine_var_audits_missing_switches_s_trough_3'====== Args={'value': 73, 'prev_value': None, 'change': True}
2025-08-31 16:45:11,242 : INFO : EventManager : Event: ======'machine_var_audits_missing_switches_s_trough_4'====== Args={'value': 73, 'prev_value': None, 'change': True}
2025-08-31 16:45:11,242 : INFO : EventManager : Event: ======'machine_var_audits_missing_switches_s_trough_5'====== Args={'value': 73, 'prev_value': None, 'change': True}
2025-08-31 16:45:11,242 : INFO : EventManager : Event: ======'machine_var_audits_missing_switches_s_trough_6'====== Args={'value': 73, 'prev_value': None, 'change': True}
2025-08-31 16:45:11,242 : INFO : EventManager : Event: ======'machine_var_audits_player_score'====== Args={'value': {'average': 0, 'top': [], 'total': 0}, 'prev_value': None, 'change': True}
2025-08-31 16:45:11,242 : INFO : EventManager : Event: ======'machine_var_audits_shots_bumper_center'====== Args={'value': 218, 'prev_value': None, 'change': True}
2025-08-31 16:45:11,242 : INFO : EventManager : Event: ======'machine_var_audits_shots_bumper_left'====== Args={'value': 223, 'prev_value': None, 'change': True}
2025-08-31 16:45:11,242 : INFO : EventManager : Event: ======'machine_var_audits_shots_bumper_right'====== Args={'value': 219, 'prev_value': None, 'change': True}
2025-08-31 16:45:11,242 : INFO : EventManager : Event: ======'machine_var_audits_switches_s_a_iceman_target'====== Args={'value': 0, 'prev_value': None, 'change': True}
2025-08-31 16:45:11,242 : INFO : EventManager : Event: ======'machine_var_audits_switches_s_barrier_target'====== Args={'value': 0, 'prev_value': None, 'change': True}
2025-08-31 16:45:11,243 : INFO : EventManager : Event: ======'machine_var_audits_switches_s_bumper_center'====== Args={'value': 218, 'prev_value': None, 'change': True}
2025-08-31 16:45:11,243 : INFO : EventManager : Event: ======'machine_var_audits_switches_s_bumper_left'====== Args={'value': 223, 'prev_value': None, 'change': True}
2025-08-31 16:45:11,243 : INFO : EventManager : Event: ======'machine_var_audits_switches_s_bumper_right'====== Args={'value': 219, 'prev_value': None, 'change': True}
2025-08-31 16:45:11,243 : INFO : EventManager : Event: ======'machine_var_audits_switches_s_c_iceman_target'====== Args={'value': 0, 'prev_value': None, 'change': True}
2025-08-31 16:45:11,243 : INFO : EventManager : Event: ======'machine_var_audits_switches_s_c_lock_target'====== Args={'value': 0, 'prev_value': None, 'change': True}
2025-08-31 16:45:11,243 : INFO : EventManager : Event: ======'machine_var_audits_switches_s_e_iceman_target'====== Args={'value': 0, 'prev_value': None, 'change': True}
2025-08-31 16:45:11,243 : INFO : EventManager : Event: ======'machine_var_audits_switches_s_flight_gear_target'====== Args={'value': 0, 'prev_value': None, 'change': True}
2025-08-31 16:45:11,243 : INFO : EventManager : Event: ======'machine_var_audits_switches_s_flipper_left'====== Args={'value': 9, 'prev_value': None, 'change': True}
2025-08-31 16:45:11,243 : INFO : EventManager : Event: ======'machine_var_audits_switches_s_flipper_left_eos'====== Args={'value': 0, 'prev_value': None, 'change': True}
2025-08-31 16:45:11,243 : INFO : EventManager : Event: ======'machine_var_audits_switches_s_flipper_left_upper'====== Args={'value': 0, 'prev_value': None, 'change': True}
2025-08-31 16:45:11,243 : INFO : EventManager : Event: ======'machine_var_audits_switches_s_flipper_left_upper_eos'====== Args={'value': 0, 'prev_value': None, 'change': True}
2025-08-31 16:45:11,243 : INFO : EventManager : Event: ======'machine_var_audits_switches_s_flipper_right'====== Args={'value': 9, 'prev_value': None, 'change': True}
2025-08-31 16:45:11,243 : INFO : EventManager : Event: ======'machine_var_audits_switches_s_flipper_right_eos'====== Args={'value': 0, 'prev_value': None, 'change': True}
2025-08-31 16:45:11,243 : INFO : EventManager : Event: ======'machine_var_audits_switches_s_i_iceman_target'====== Args={'value': 0, 'prev_value': None, 'change': True}
2025-08-31 16:45:11,243 : INFO : EventManager : Event: ======'machine_var_audits_switches_s_inlane_left'====== Args={'value': 0, 'prev_value': None, 'change': True}
2025-08-31 16:45:11,243 : INFO : EventManager : Event: ======'machine_var_audits_switches_s_inner_inlane_right'====== Args={'value': 0, 'prev_value': None, 'change': True}
2025-08-31 16:45:11,243 : INFO : EventManager : Event: ======'machine_var_audits_switches_s_jam'====== Args={'value': 0, 'prev_value': None, 'change': True}
2025-08-31 16:45:11,243 : INFO : EventManager : Event: ======'machine_var_audits_switches_s_k_lock_target'====== Args={'value': 0, 'prev_value': None, 'change': True}
2025-08-31 16:45:11,243 : INFO : EventManager : Event: ======'machine_var_audits_switches_s_l_lock_target'====== Args={'value': 0, 'prev_value': None, 'change': True}
2025-08-31 16:45:11,243 : INFO : EventManager : Event: ======'machine_var_audits_switches_s_lane_left'====== Args={'value': 1, 'prev_value': None, 'change': True}
2025-08-31 16:45:11,244 : INFO : EventManager : Event: ======'machine_var_audits_switches_s_lane_right'====== Args={'value': 0, 'prev_value': None, 'change': True}
2025-08-31 16:45:11,244 : INFO : EventManager : Event: ======'machine_var_audits_switches_s_lock_goose'====== Args={'value': 0, 'prev_value': None, 'change': True}
2025-08-31 16:45:11,244 : INFO : EventManager : Event: ======'machine_var_audits_switches_s_lock_mav'====== Args={'value': 0, 'prev_value': None, 'change': True}
2025-08-31 16:45:11,244 : INFO : EventManager : Event: ======'machine_var_audits_switches_s_lock_plunger'====== Args={'value': 0, 'prev_value': None, 'change': True}
2025-08-31 16:45:11,244 : INFO : EventManager : Event: ======'machine_var_audits_switches_s_m_iceman_target'====== Args={'value': 0, 'prev_value': None, 'change': True}
2025-08-31 16:45:11,244 : INFO : EventManager : Event: ======'machine_var_audits_switches_s_mig_lane_left'====== Args={'value': 0, 'prev_value': None, 'change': True}
2025-08-31 16:45:11,244 : INFO : EventManager : Event: ======'machine_var_audits_switches_s_mig_lane_right'====== Args={'value': 0, 'prev_value': None, 'change': True}
2025-08-31 16:45:11,244 : INFO : EventManager : Event: ======'machine_var_audits_switches_s_mode_start'====== Args={'value': 0, 'prev_value': None, 'change': True}
2025-08-31 16:45:11,244 : INFO : EventManager : Event: ======'machine_var_audits_switches_s_n_iceman_target'====== Args={'value': 0, 'prev_value': None, 'change': True}
2025-08-31 16:45:11,244 : INFO : EventManager : Event: ======'machine_var_audits_switches_s_o_lock_target'====== Args={'value': 0, 'prev_value': None, 'change': True}
2025-08-31 16:45:11,244 : INFO : EventManager : Event: ======'machine_var_audits_switches_s_orbit_left'====== Args={'value': 1, 'prev_value': None, 'change': True}
2025-08-31 16:45:11,244 : INFO : EventManager : Event: ======'machine_var_audits_switches_s_orbit_lower'====== Args={'value': 0, 'prev_value': None, 'change': True}
2025-08-31 16:45:11,244 : INFO : EventManager : Event: ======'machine_var_audits_switches_s_orbit_right'====== Args={'value': 0, 'prev_value': None, 'change': True}
2025-08-31 16:45:11,244 : INFO : EventManager : Event: ======'machine_var_audits_switches_s_orbit_upper'====== Args={'value': 0, 'prev_value': None, 'change': True}
2025-08-31 16:45:11,244 : INFO : EventManager : Event: ======'machine_var_audits_switches_s_outer_inlane_right'====== Args={'value': 0, 'prev_value': None, 'change': True}
2025-08-31 16:45:11,244 : INFO : EventManager : Event: ======'machine_var_audits_switches_s_outlane_left'====== Args={'value': 0, 'prev_value': None, 'change': True}
2025-08-31 16:45:11,244 : INFO : EventManager : Event: ======'machine_var_audits_switches_s_outlane_right'====== Args={'value': 0, 'prev_value': None, 'change': True}
2025-08-31 16:45:11,244 : INFO : EventManager : Event: ======'machine_var_audits_switches_s_plunger_lane'====== Args={'value': 0, 'prev_value': None, 'change': True}
2025-08-31 16:45:11,244 : INFO : EventManager : Event: ======'machine_var_audits_switches_s_ramp_inner_exit'====== Args={'value': 0, 'prev_value': None, 'change': True}
2025-08-31 16:45:11,244 : INFO : EventManager : Event: ======'machine_var_audits_switches_s_ramp_left_exit'====== Args={'value': 0, 'prev_value': None, 'change': True}
2025-08-31 16:45:11,244 : INFO : EventManager : Event: ======'machine_var_audits_switches_s_ramp_right_exit'====== Args={'value': 0, 'prev_value': None, 'change': True}
2025-08-31 16:45:11,244 : INFO : EventManager : Event: ======'machine_var_audits_switches_s_ramp_tower_exit'====== Args={'value': 0, 'prev_value': None, 'change': True}
2025-08-31 16:45:11,244 : INFO : EventManager : Event: ======'machine_var_audits_switches_s_slingshot_left'====== Args={'value': 0, 'prev_value': None, 'change': True}
2025-08-31 16:45:11,244 : INFO : EventManager : Event: ======'machine_var_audits_switches_s_slingshot_right'====== Args={'value': 0, 'prev_value': None, 'change': True}
2025-08-31 16:45:11,245 : INFO : EventManager : Event: ======'machine_var_audits_switches_s_spinner'====== Args={'value': 0, 'prev_value': None, 'change': True}
2025-08-31 16:45:11,245 : INFO : EventManager : Event: ======'machine_var_audits_switches_s_start'====== Args={'value': 97, 'prev_value': None, 'change': True}
2025-08-31 16:45:11,245 : INFO : EventManager : Event: ======'machine_var_audits_switches_s_trough_1'====== Args={'value': 0, 'prev_value': None, 'change': True}
2025-08-31 16:45:11,245 : INFO : EventManager : Event: ======'machine_var_audits_switches_s_trough_2'====== Args={'value': 0, 'prev_value': None, 'change': True}
2025-08-31 16:45:11,245 : INFO : EventManager : Event: ======'machine_var_audits_switches_s_trough_3'====== Args={'value': 0, 'prev_value': None, 'change': True}
2025-08-31 16:45:11,245 : INFO : EventManager : Event: ======'machine_var_audits_switches_s_trough_4'====== Args={'value': 0, 'prev_value': None, 'change': True}
2025-08-31 16:45:11,245 : INFO : EventManager : Event: ======'machine_var_audits_switches_s_trough_5'====== Args={'value': 0, 'prev_value': None, 'change': True}
2025-08-31 16:45:11,245 : INFO : EventManager : Event: ======'machine_var_audits_switches_s_trough_6'====== Args={'value': 0, 'prev_value': None, 'change': True}
2025-08-31 16:45:11,245 : INFO : EventManager : Event: ======'init_phase_5'====== Args={}
2025-08-31 16:45:11,246 : INFO : EventManager : Event: ======'init_done'====== Args={}
2025-08-31 16:45:11,246 : INFO : EventManager : Event: ======'machine_reset_phase_1'====== Args={}
2025-08-31 16:45:11,246 : INFO : EventManager : Event: ======'machine_reset_phase_2'====== Args={}
2025-08-31 16:45:11,246 : INFO : EventManager : Event: ======'machine_reset_phase_3'====== Args={}
2025-08-31 16:45:11,246 : INFO : EventManager : Event: ======'reset_complete'====== Args={}
2025-08-31 16:45:11,246 : INFO : EventManager : Event: ======'mode_attract_will_start'====== Args={}
2025-08-31 16:45:11,246 : INFO : Timer.attract_carousel_timer : Starting Timer.
2025-08-31 16:45:11,246 : INFO : EventManager : Event: ======'timer_attract_carousel_timer_started'====== Args={'ticks': 0, 'ticks_remaining': 1}
2025-08-31 16:45:11,246 : INFO : EventManager : Event: ======'timer_attract_carousel_timer_tick'====== Args={'ticks': 0, 'ticks_remaining': 1}
2025-08-31 16:45:11,247 : INFO : EventManager : Event: ======'mode_attract_starting'====== Args={}
2025-08-31 16:45:11,247 : INFO : Mode.attract : Started. Priority: 10
2025-08-31 16:45:11,247 : INFO : EventManager : Event: ======'modes_active_modes_changed'====== Args={}
2025-08-31 16:45:11,247 : INFO : EventManager : Event: ======'mode_attract_started'====== Args={}
2025-08-31 16:45:11,247 : INFO : EventManager : Event: ======'collecting_balls_complete'====== Args={}
2025-08-31 16:45:11,247 : INFO : EventManager : Event: ======'item_highlighted'====== Args={'carousel': 'attract', 'direction': None, 'item': 'title'}
2025-08-31 16:45:11,247 : INFO : EventManager : Event: ======'timer_attract_carousel_timer_tick'====== Args={'ticks': 0, 'ticks_remaining': 1}
2025-08-31 16:45:11,248 : INFO : Machine : Starting the main run loop with active modes: [<Mode.attract>]
2025-08-31 16:45:16,252 : INFO : Timer.attract_carousel_timer : Timer Complete
2025-08-31 16:45:16,252 : INFO : Timer.attract_carousel_timer : Stopping Timer
2025-08-31 16:45:16,252 : INFO : EventManager : Event: ======'timer_attract_carousel_timer_stopped'====== Args={'ticks': 1, 'ticks_remaining': 1}
2025-08-31 16:45:16,252 : INFO : EventManager : Event: ======'timer_attract_carousel_timer_complete'====== Args={'ticks': 1, 'ticks_remaining': 1}
2025-08-31 16:45:16,253 : INFO : EventManager : Event: ======'item_highlighted'====== Args={'carousel': 'attract', 'direction': 'forwards', 'item': 'presented_by'}
2025-08-31 16:45:16,253 : INFO : Timer.attract_carousel_timer : Starting Timer.
2025-08-31 16:45:16,253 : INFO : EventManager : Event: ======'timer_attract_carousel_timer_started'====== Args={'ticks': 0, 'ticks_remaining': 1}
2025-08-31 16:45:16,253 : INFO : EventManager : Event: ======'timer_attract_carousel_timer_tick'====== Args={'ticks': 0, 'ticks_remaining': 1}
2025-08-31 16:45:21,266 : INFO : Timer.attract_carousel_timer : Timer Complete
2025-08-31 16:45:21,266 : INFO : Timer.attract_carousel_timer : Stopping Timer
2025-08-31 16:45:21,266 : INFO : EventManager : Event: ======'timer_attract_carousel_timer_stopped'====== Args={'ticks': 1, 'ticks_remaining': 1}
2025-08-31 16:45:21,266 : INFO : EventManager : Event: ======'timer_attract_carousel_timer_complete'====== Args={'ticks': 1, 'ticks_remaining': 1}
2025-08-31 16:45:21,266 : INFO : EventManager : Event: ======'item_highlighted'====== Args={'carousel': 'attract', 'direction': 'forwards', 'item': 'hotrod_pinball_logo'}
2025-08-31 16:45:21,267 : INFO : Timer.attract_carousel_timer : Starting Timer.
2025-08-31 16:45:21,267 : INFO : EventManager : Event: ======'timer_attract_carousel_timer_started'====== Args={'ticks': 0, 'ticks_remaining': 1}
2025-08-31 16:45:21,267 : INFO : EventManager : Event: ======'timer_attract_carousel_timer_tick'====== Args={'ticks': 0, 'ticks_remaining': 1}
2025-08-31 16:45:26,276 : INFO : Timer.attract_carousel_timer : Timer Complete
2025-08-31 16:45:26,276 : INFO : Timer.attract_carousel_timer : Stopping Timer
2025-08-31 16:45:26,276 : INFO : EventManager : Event: ======'timer_attract_carousel_timer_stopped'====== Args={'ticks': 1, 'ticks_remaining': 1}
2025-08-31 16:45:26,276 : INFO : EventManager : Event: ======'timer_attract_carousel_timer_complete'====== Args={'ticks': 1, 'ticks_remaining': 1}
2025-08-31 16:45:26,276 : INFO : EventManager : Event: ======'item_highlighted'====== Args={'carousel': 'attract', 'direction': 'forwards', 'item': 'mpf_logo'}
2025-08-31 16:45:26,278 : INFO : Timer.attract_carousel_timer : Starting Timer.
2025-08-31 16:45:26,278 : INFO : EventManager : Event: ======'timer_attract_carousel_timer_started'====== Args={'ticks': 0, 'ticks_remaining': 1}
2025-08-31 16:45:26,278 : INFO : EventManager : Event: ======'timer_attract_carousel_timer_tick'====== Args={'ticks': 0, 'ticks_remaining': 1}
2025-08-31 16:45:31,290 : INFO : Timer.attract_carousel_timer : Timer Complete
2025-08-31 16:45:31,290 : INFO : Timer.attract_carousel_timer : Stopping Timer
2025-08-31 16:45:31,290 : INFO : EventManager : Event: ======'timer_attract_carousel_timer_stopped'====== Args={'ticks': 1, 'ticks_remaining': 1}
2025-08-31 16:45:31,290 : INFO : EventManager : Event: ======'timer_attract_carousel_timer_complete'====== Args={'ticks': 1, 'ticks_remaining': 1}
2025-08-31 16:45:31,292 : INFO : EventManager : Event: ======'item_highlighted'====== Args={'carousel': 'attract', 'direction': 'forwards', 'item': 'credits'}
2025-08-31 16:45:31,292 : INFO : Timer.attract_carousel_timer : Starting Timer.
2025-08-31 16:45:31,292 : INFO : EventManager : Event: ======'timer_attract_carousel_timer_started'====== Args={'ticks': 0, 'ticks_remaining': 1}
2025-08-31 16:45:31,292 : INFO : EventManager : Event: ======'timer_attract_carousel_timer_tick'====== Args={'ticks': 0, 'ticks_remaining': 1}
2025-08-31 16:45:33,733 : INFO : Machine : Shutting down...
2025-08-31 16:45:33,734 : INFO : EventManager : Event: ======'shutdown'====== Args={}
2025-08-31 16:45:33,736 : DEBUG : ball_device.bd_trough : Stopping ball device
2025-08-31 16:45:33,737 : INFO : root : MPF run loop ended.
