2025-08-30 16:08:54,615 : INFO : root : Loading config.
2025-08-30 16:08:54,619 : INFO : YamlMultifileConfigLoader : Machine config file #1: config.yaml
2025-08-30 16:08:54,620 : INFO : ConfigProcessor : Loading config from cache: C:\Users\White\AppData\Local\Temp\cfa6ecba65704a931c9dd214c44986c8.mpf_cache
2025-08-30 16:08:54,731 : INFO : ConfigProcessor : Loading config from cache: C:\Users\White\AppData\Local\Temp\f98ffc0ff5962effface7d86bc406d5c.mpf_cache
2025-08-30 16:08:54,732 : INFO : ConfigProcessor : Loading config from cache: C:\Users\White\AppData\Local\Temp\91cc4d1c993c58dc354e34974b9cfeac.mpf_cache
2025-08-30 16:08:54,732 : INFO : ConfigProcessor : Loading config from cache: C:\Users\White\AppData\Local\Temp\f98ffc0ff5962effface7d86bc406d5c.mpf_cache
2025-08-30 16:08:54,733 : INFO : ConfigProcessor : Loading config from cache: C:\Users\White\AppData\Local\Temp\76792f1d686f89709887dba7bd69667a.mpf_cache
2025-08-30 16:08:54,733 : INFO : ConfigProcessor : Loading config from cache: C:\Users\White\AppData\Local\Temp\142bbae4707335cc8e3efaa4364c4893.mpf_cache
2025-08-30 16:08:54,734 : INFO : Machine : Mission Pinball Framework Core Engine v0.80.0.dev9
2025-08-30 16:08:54,734 : INFO : Machine : Command line arguments: {'no_load_cache': False, 'create_config_cache': True, 'bcp': True, 'configfile': ['config.yaml'], 'force_assets_load': False, 'platform_integration_test': False, 'jsonlogging': False, 'logfile': 'logs\\2025-08-30-16-08-54-mpf-TopGunPinball.log', 'pause': False, 'production': False, 'text_ui': False, 'loglevel': 15, 'consoleloglevel': 20, 'force_platform': 'virtual', 'syslog_address': None, 'full_logfile_path': 'C:\\Users\\White\\Documents\\Top_Gun_Pinball\\logs\\2025-08-30-16-08-54-mpf-TopGunPinball.log'}
2025-08-30 16:08:54,734 : INFO : Machine : MPF path: C:\Users\White\mpf\Lib\site-packages\mpf
2025-08-30 16:08:54,734 : INFO : Machine : Machine path: C:\Users\White\Documents\Top_Gun_Pinball
2025-08-30 16:08:54,734 : INFO : Machine : Platform: win32
2025-08-30 16:08:54,734 : INFO : Machine : Python executable location: C:\Users\White\mpf\Scripts\python.exe
2025-08-30 16:08:54,734 : INFO : Machine : Python version: 3.12.7 (64-bit)
2025-08-30 16:08:54,737 : INFO : Machine : Initializing MPF...
2025-08-30 16:08:54,831 : INFO : EventManager : Event: ======'machine_var_credits_string'====== Args={'value': 'FREE PLAY', 'prev_value': None, 'change': True}
2025-08-30 16:08:54,857 : INFO : EventManager : Event: ======'machine_var_master_volume'====== Args={'value': 0.5, 'prev_value': None, 'change': True}
2025-08-30 16:08:54,857 : INFO : EventManager : Event: ======'machine_var_mpf_version'====== Args={'value': 'Mission Pinball Framework v0.80.0.dev9', 'prev_value': None, 'change': True}
2025-08-30 16:08:54,857 : INFO : EventManager : Event: ======'machine_var_mpf_extended_version'====== Args={'value': 'Mission Pinball Framework v0.80.0.dev9, Config version:6, Show version: 6, BCP version:1.1', 'prev_value': None, 'change': True}
2025-08-30 16:08:54,858 : INFO : EventManager : Event: ======'machine_var_python_version'====== Args={'value': '3.12.7', 'prev_value': None, 'change': True}
2025-08-30 16:08:55,017 : INFO : EventManager : Event: ======'machine_var_platform'====== Args={'value': 'Windows-11-10.0.26100-SP0', 'prev_value': None, 'change': True}
2025-08-30 16:08:55,018 : INFO : EventManager : Event: ======'machine_var_platform_system'====== Args={'value': 'Windows', 'prev_value': None, 'change': True}
2025-08-30 16:08:55,018 : INFO : EventManager : Event: ======'machine_var_platform_release'====== Args={'value': '11', 'prev_value': None, 'change': True}
2025-08-30 16:08:55,018 : INFO : EventManager : Event: ======'machine_var_platform_version'====== Args={'value': '10.0.26100', 'prev_value': None, 'change': True}
2025-08-30 16:08:55,018 : INFO : EventManager : Event: ======'machine_var_platform_machine'====== Args={'value': 'AMD64', 'prev_value': None, 'change': True}
2025-08-30 16:08:55,018 : INFO : EventManager : Event: ======'machine_var_log_file_path'====== Args={'value': 'C:\\Users\\White\\Documents\\Top_Gun_Pinball\\logs\\2025-08-30-16-08-54-mpf-TopGunPinball.log', 'prev_value': None, 'change': True}
2025-08-30 16:08:55,018 : INFO : EventManager : Event: ======'init_phase_1'====== Args={}
2025-08-30 16:08:55,044 : INFO : EventManager : Event: ======'init_phase_2'====== Args={}
2025-08-30 16:08:55,045 : INFO : SwitchController : Found active switch: (1007, <Platform.Virtual>) <switch.s_trough_1>
2025-08-30 16:08:55,045 : INFO : SwitchController : Found active switch: (1008, <Platform.Virtual>) <switch.s_trough_2>
2025-08-30 16:08:55,045 : INFO : SwitchController : Found active switch: (1009, <Platform.Virtual>) <switch.s_trough_3>
2025-08-30 16:08:55,045 : INFO : SwitchController : Found active switch: (1010, <Platform.Virtual>) <switch.s_trough_4>
2025-08-30 16:08:55,045 : INFO : SwitchController : Found active switch: (1011, <Platform.Virtual>) <switch.s_trough_5>
2025-08-30 16:08:55,045 : INFO : SwitchController : Found active switch: (1012, <Platform.Virtual>) <switch.s_trough_6>
2025-08-30 16:08:55,047 : INFO : EventManager : Event: ======'bcp_connection_attempt'====== Args={'name': 'local_display', 'host': 'localhost', 'port': 5050}
2025-08-30 16:08:55,050 : INFO : BCPClientSocket : Connecting BCP to 'local_display' at localhost:5050...
2025-08-30 16:08:55,060 : INFO : BCPClientSocket : Connected BCP to 'local_display' localhost:5050
2025-08-30 16:08:55,061 : INFO : EventManager : Event: ======'bcp_clients_connected'====== Args={}
2025-08-30 16:08:55,061 : INFO : ball_device.bd_plunger : BCH: Initial count: 0
2025-08-30 16:08:55,062 : INFO : ball_device.bd_plunger : State: idle
2025-08-30 16:08:55,062 : INFO : ball_device.bd_trough : BCH: Initial count: 6
2025-08-30 16:08:55,062 : INFO : ball_device.bd_trough : State: idle
2025-08-30 16:08:55,091 : INFO : EventManager : Event: ======'init_phase_3'====== Args={}
2025-08-30 16:08:55,093 : INFO : EventManager : Event: ======'init_phase_4'====== Args={}
2025-08-30 16:08:55,093 : INFO : BallController : Initial balls found: 6
2025-08-30 16:08:55,094 : INFO : EventManager : Event: ======'machine_var_audits_events_game_ended'====== Args={'value': 0, 'prev_value': None, 'change': True}
2025-08-30 16:08:55,094 : INFO : EventManager : Event: ======'machine_var_audits_events_game_started'====== Args={'value': 57, 'prev_value': None, 'change': True}
2025-08-30 16:08:55,094 : INFO : EventManager : Event: ======'machine_var_audits_missing_switches_s_a_iceman_target'====== Args={'value': 6, 'prev_value': None, 'change': True}
2025-08-30 16:08:55,094 : INFO : EventManager : Event: ======'machine_var_audits_missing_switches_s_barrier_target'====== Args={'value': 6, 'prev_value': None, 'change': True}
2025-08-30 16:08:55,094 : INFO : EventManager : Event: ======'machine_var_audits_missing_switches_s_c_iceman_target'====== Args={'value': 6, 'prev_value': None, 'change': True}
2025-08-30 16:08:55,094 : INFO : EventManager : Event: ======'machine_var_audits_missing_switches_s_c_lock_target'====== Args={'value': 6, 'prev_value': None, 'change': True}
2025-08-30 16:08:55,094 : INFO : EventManager : Event: ======'machine_var_audits_missing_switches_s_e_iceman_target'====== Args={'value': 6, 'prev_value': None, 'change': True}
2025-08-30 16:08:55,094 : INFO : EventManager : Event: ======'machine_var_audits_missing_switches_s_flight_gear_target'====== Args={'value': 6, 'prev_value': None, 'change': True}
2025-08-30 16:08:55,094 : INFO : EventManager : Event: ======'machine_var_audits_missing_switches_s_flipper_left'====== Args={'value': 2, 'prev_value': None, 'change': True}
2025-08-30 16:08:55,094 : INFO : EventManager : Event: ======'machine_var_audits_missing_switches_s_flipper_left_eos'====== Args={'value': 4, 'prev_value': None, 'change': True}
2025-08-30 16:08:55,094 : INFO : EventManager : Event: ======'machine_var_audits_missing_switches_s_flipper_left_upper'====== Args={'value': 6, 'prev_value': None, 'change': True}
2025-08-30 16:08:55,094 : INFO : EventManager : Event: ======'machine_var_audits_missing_switches_s_flipper_left_upper_eos'====== Args={'value': 4, 'prev_value': None, 'change': True}
2025-08-30 16:08:55,095 : INFO : EventManager : Event: ======'machine_var_audits_missing_switches_s_flipper_right'====== Args={'value': 2, 'prev_value': None, 'change': True}
2025-08-30 16:08:55,095 : INFO : EventManager : Event: ======'machine_var_audits_missing_switches_s_flipper_right_eos'====== Args={'value': 4, 'prev_value': None, 'change': True}
2025-08-30 16:08:55,095 : INFO : EventManager : Event: ======'machine_var_audits_missing_switches_s_i_iceman_target'====== Args={'value': 6, 'prev_value': None, 'change': True}
2025-08-30 16:08:55,095 : INFO : EventManager : Event: ======'machine_var_audits_missing_switches_s_inlane_left'====== Args={'value': 6, 'prev_value': None, 'change': True}
2025-08-30 16:08:55,095 : INFO : EventManager : Event: ======'machine_var_audits_missing_switches_s_inner_inlane_right'====== Args={'value': 6, 'prev_value': None, 'change': True}
2025-08-30 16:08:55,095 : INFO : EventManager : Event: ======'machine_var_audits_missing_switches_s_jam'====== Args={'value': 57, 'prev_value': None, 'change': True}
2025-08-30 16:08:55,095 : INFO : EventManager : Event: ======'machine_var_audits_missing_switches_s_k_lock_target'====== Args={'value': 6, 'prev_value': None, 'change': True}
2025-08-30 16:08:55,095 : INFO : EventManager : Event: ======'machine_var_audits_missing_switches_s_l_lock_target'====== Args={'value': 6, 'prev_value': None, 'change': True}
2025-08-30 16:08:55,095 : INFO : EventManager : Event: ======'machine_var_audits_missing_switches_s_lane_left'====== Args={'value': 56, 'prev_value': None, 'change': True}
2025-08-30 16:08:55,095 : INFO : EventManager : Event: ======'machine_var_audits_missing_switches_s_lane_right'====== Args={'value': 6, 'prev_value': None, 'change': True}
2025-08-30 16:08:55,095 : INFO : EventManager : Event: ======'machine_var_audits_missing_switches_s_lock_goose'====== Args={'value': 6, 'prev_value': None, 'change': True}
2025-08-30 16:08:55,095 : INFO : EventManager : Event: ======'machine_var_audits_missing_switches_s_lock_mav'====== Args={'value': 6, 'prev_value': None, 'change': True}
2025-08-30 16:08:55,095 : INFO : EventManager : Event: ======'machine_var_audits_missing_switches_s_lock_plunger'====== Args={'value': 6, 'prev_value': None, 'change': True}
2025-08-30 16:08:55,095 : INFO : EventManager : Event: ======'machine_var_audits_missing_switches_s_m_iceman_target'====== Args={'value': 6, 'prev_value': None, 'change': True}
2025-08-30 16:08:55,095 : INFO : EventManager : Event: ======'machine_var_audits_missing_switches_s_mig_lane_left'====== Args={'value': 6, 'prev_value': None, 'change': True}
2025-08-30 16:08:55,095 : INFO : EventManager : Event: ======'machine_var_audits_missing_switches_s_mig_lane_right'====== Args={'value': 6, 'prev_value': None, 'change': True}
2025-08-30 16:08:55,095 : INFO : EventManager : Event: ======'machine_var_audits_missing_switches_s_mode_start'====== Args={'value': 6, 'prev_value': None, 'change': True}
2025-08-30 16:08:55,095 : INFO : EventManager : Event: ======'machine_var_audits_missing_switches_s_n_iceman_target'====== Args={'value': 6, 'prev_value': None, 'change': True}
2025-08-30 16:08:55,095 : INFO : EventManager : Event: ======'machine_var_audits_missing_switches_s_o_lock_target'====== Args={'value': 6, 'prev_value': None, 'change': True}
2025-08-30 16:08:55,095 : INFO : EventManager : Event: ======'machine_var_audits_missing_switches_s_orbit_lower'====== Args={'value': 6, 'prev_value': None, 'change': True}
2025-08-30 16:08:55,095 : INFO : EventManager : Event: ======'machine_var_audits_missing_switches_s_orbit_right'====== Args={'value': 6, 'prev_value': None, 'change': True}
2025-08-30 16:08:55,095 : INFO : EventManager : Event: ======'machine_var_audits_missing_switches_s_orbit_upper'====== Args={'value': 6, 'prev_value': None, 'change': True}
2025-08-30 16:08:55,096 : INFO : EventManager : Event: ======'machine_var_audits_missing_switches_s_outer_inlane_right'====== Args={'value': 6, 'prev_value': None, 'change': True}
2025-08-30 16:08:55,096 : INFO : EventManager : Event: ======'machine_var_audits_missing_switches_s_outlane_left'====== Args={'value': 6, 'prev_value': None, 'change': True}
2025-08-30 16:08:55,096 : INFO : EventManager : Event: ======'machine_var_audits_missing_switches_s_outlane_right'====== Args={'value': 6, 'prev_value': None, 'change': True}
2025-08-30 16:08:55,096 : INFO : EventManager : Event: ======'machine_var_audits_missing_switches_s_plunger_lane'====== Args={'value': 57, 'prev_value': None, 'change': True}
2025-08-30 16:08:55,096 : INFO : EventManager : Event: ======'machine_var_audits_missing_switches_s_ramp_inner_exit'====== Args={'value': 6, 'prev_value': None, 'change': True}
2025-08-30 16:08:55,096 : INFO : EventManager : Event: ======'machine_var_audits_missing_switches_s_ramp_left_exit'====== Args={'value': 6, 'prev_value': None, 'change': True}
2025-08-30 16:08:55,096 : INFO : EventManager : Event: ======'machine_var_audits_missing_switches_s_ramp_right_exit'====== Args={'value': 6, 'prev_value': None, 'change': True}
2025-08-30 16:08:55,096 : INFO : EventManager : Event: ======'machine_var_audits_missing_switches_s_ramp_tower_exit'====== Args={'value': 6, 'prev_value': None, 'change': True}
2025-08-30 16:08:55,096 : INFO : EventManager : Event: ======'machine_var_audits_missing_switches_s_slingshot_left'====== Args={'value': 6, 'prev_value': None, 'change': True}
2025-08-30 16:08:55,096 : INFO : EventManager : Event: ======'machine_var_audits_missing_switches_s_slingshot_right'====== Args={'value': 6, 'prev_value': None, 'change': True}
2025-08-30 16:08:55,096 : INFO : EventManager : Event: ======'machine_var_audits_missing_switches_s_spinner'====== Args={'value': 6, 'prev_value': None, 'change': True}
2025-08-30 16:08:55,096 : INFO : EventManager : Event: ======'machine_var_audits_missing_switches_s_start'====== Args={'value': 2, 'prev_value': None, 'change': True}
2025-08-30 16:08:55,096 : INFO : EventManager : Event: ======'machine_var_audits_missing_switches_s_trough_1'====== Args={'value': 57, 'prev_value': None, 'change': True}
2025-08-30 16:08:55,096 : INFO : EventManager : Event: ======'machine_var_audits_missing_switches_s_trough_2'====== Args={'value': 57, 'prev_value': None, 'change': True}
2025-08-30 16:08:55,096 : INFO : EventManager : Event: ======'machine_var_audits_missing_switches_s_trough_3'====== Args={'value': 57, 'prev_value': None, 'change': True}
2025-08-30 16:08:55,096 : INFO : EventManager : Event: ======'machine_var_audits_missing_switches_s_trough_4'====== Args={'value': 57, 'prev_value': None, 'change': True}
2025-08-30 16:08:55,096 : INFO : EventManager : Event: ======'machine_var_audits_missing_switches_s_trough_5'====== Args={'value': 57, 'prev_value': None, 'change': True}
2025-08-30 16:08:55,096 : INFO : EventManager : Event: ======'machine_var_audits_missing_switches_s_trough_6'====== Args={'value': 57, 'prev_value': None, 'change': True}
2025-08-30 16:08:55,096 : INFO : EventManager : Event: ======'machine_var_audits_player_score'====== Args={'value': {'average': 0, 'top': [], 'total': 0}, 'prev_value': None, 'change': True}
2025-08-30 16:08:55,096 : INFO : EventManager : Event: ======'machine_var_audits_shots_bumper_center'====== Args={'value': 187, 'prev_value': None, 'change': True}
2025-08-30 16:08:55,096 : INFO : EventManager : Event: ======'machine_var_audits_shots_bumper_left'====== Args={'value': 194, 'prev_value': None, 'change': True}
2025-08-30 16:08:55,096 : INFO : EventManager : Event: ======'machine_var_audits_shots_bumper_right'====== Args={'value': 192, 'prev_value': None, 'change': True}
2025-08-30 16:08:55,096 : INFO : EventManager : Event: ======'machine_var_audits_switches_s_a_iceman_target'====== Args={'value': 0, 'prev_value': None, 'change': True}
2025-08-30 16:08:55,097 : INFO : EventManager : Event: ======'machine_var_audits_switches_s_barrier_target'====== Args={'value': 0, 'prev_value': None, 'change': True}
2025-08-30 16:08:55,097 : INFO : EventManager : Event: ======'machine_var_audits_switches_s_bumper_center'====== Args={'value': 187, 'prev_value': None, 'change': True}
2025-08-30 16:08:55,097 : INFO : EventManager : Event: ======'machine_var_audits_switches_s_bumper_left'====== Args={'value': 194, 'prev_value': None, 'change': True}
2025-08-30 16:08:55,097 : INFO : EventManager : Event: ======'machine_var_audits_switches_s_bumper_right'====== Args={'value': 192, 'prev_value': None, 'change': True}
2025-08-30 16:08:55,097 : INFO : EventManager : Event: ======'machine_var_audits_switches_s_c_iceman_target'====== Args={'value': 0, 'prev_value': None, 'change': True}
2025-08-30 16:08:55,097 : INFO : EventManager : Event: ======'machine_var_audits_switches_s_c_lock_target'====== Args={'value': 0, 'prev_value': None, 'change': True}
2025-08-30 16:08:55,097 : INFO : EventManager : Event: ======'machine_var_audits_switches_s_e_iceman_target'====== Args={'value': 0, 'prev_value': None, 'change': True}
2025-08-30 16:08:55,097 : INFO : EventManager : Event: ======'machine_var_audits_switches_s_flight_gear_target'====== Args={'value': 0, 'prev_value': None, 'change': True}
2025-08-30 16:08:55,097 : INFO : EventManager : Event: ======'machine_var_audits_switches_s_flipper_left'====== Args={'value': 9, 'prev_value': None, 'change': True}
2025-08-30 16:08:55,097 : INFO : EventManager : Event: ======'machine_var_audits_switches_s_flipper_left_eos'====== Args={'value': 0, 'prev_value': None, 'change': True}
2025-08-30 16:08:55,097 : INFO : EventManager : Event: ======'machine_var_audits_switches_s_flipper_left_upper'====== Args={'value': 0, 'prev_value': None, 'change': True}
2025-08-30 16:08:55,097 : INFO : EventManager : Event: ======'machine_var_audits_switches_s_flipper_left_upper_eos'====== Args={'value': 0, 'prev_value': None, 'change': True}
2025-08-30 16:08:55,097 : INFO : EventManager : Event: ======'machine_var_audits_switches_s_flipper_right'====== Args={'value': 9, 'prev_value': None, 'change': True}
2025-08-30 16:08:55,097 : INFO : EventManager : Event: ======'machine_var_audits_switches_s_flipper_right_eos'====== Args={'value': 0, 'prev_value': None, 'change': True}
2025-08-30 16:08:55,097 : INFO : EventManager : Event: ======'machine_var_audits_switches_s_i_iceman_target'====== Args={'value': 0, 'prev_value': None, 'change': True}
2025-08-30 16:08:55,097 : INFO : EventManager : Event: ======'machine_var_audits_switches_s_inlane_left'====== Args={'value': 0, 'prev_value': None, 'change': True}
2025-08-30 16:08:55,097 : INFO : EventManager : Event: ======'machine_var_audits_switches_s_inner_inlane_right'====== Args={'value': 0, 'prev_value': None, 'change': True}
2025-08-30 16:08:55,097 : INFO : EventManager : Event: ======'machine_var_audits_switches_s_jam'====== Args={'value': 0, 'prev_value': None, 'change': True}
2025-08-30 16:08:55,097 : INFO : EventManager : Event: ======'machine_var_audits_switches_s_k_lock_target'====== Args={'value': 0, 'prev_value': None, 'change': True}
2025-08-30 16:08:55,098 : INFO : EventManager : Event: ======'machine_var_audits_switches_s_l_lock_target'====== Args={'value': 0, 'prev_value': None, 'change': True}
2025-08-30 16:08:55,098 : INFO : EventManager : Event: ======'machine_var_audits_switches_s_lane_left'====== Args={'value': 1, 'prev_value': None, 'change': True}
2025-08-30 16:08:55,098 : INFO : EventManager : Event: ======'machine_var_audits_switches_s_lane_right'====== Args={'value': 0, 'prev_value': None, 'change': True}
2025-08-30 16:08:55,098 : INFO : EventManager : Event: ======'machine_var_audits_switches_s_lock_goose'====== Args={'value': 0, 'prev_value': None, 'change': True}
2025-08-30 16:08:55,098 : INFO : EventManager : Event: ======'machine_var_audits_switches_s_lock_mav'====== Args={'value': 0, 'prev_value': None, 'change': True}
2025-08-30 16:08:55,098 : INFO : EventManager : Event: ======'machine_var_audits_switches_s_lock_plunger'====== Args={'value': 0, 'prev_value': None, 'change': True}
2025-08-30 16:08:55,098 : INFO : EventManager : Event: ======'machine_var_audits_switches_s_m_iceman_target'====== Args={'value': 0, 'prev_value': None, 'change': True}
2025-08-30 16:08:55,098 : INFO : EventManager : Event: ======'machine_var_audits_switches_s_mig_lane_left'====== Args={'value': 0, 'prev_value': None, 'change': True}
2025-08-30 16:08:55,098 : INFO : EventManager : Event: ======'machine_var_audits_switches_s_mig_lane_right'====== Args={'value': 0, 'prev_value': None, 'change': True}
2025-08-30 16:08:55,098 : INFO : EventManager : Event: ======'machine_var_audits_switches_s_mode_start'====== Args={'value': 0, 'prev_value': None, 'change': True}
2025-08-30 16:08:55,098 : INFO : EventManager : Event: ======'machine_var_audits_switches_s_n_iceman_target'====== Args={'value': 0, 'prev_value': None, 'change': True}
2025-08-30 16:08:55,098 : INFO : EventManager : Event: ======'machine_var_audits_switches_s_o_lock_target'====== Args={'value': 0, 'prev_value': None, 'change': True}
2025-08-30 16:08:55,098 : INFO : EventManager : Event: ======'machine_var_audits_switches_s_orbit_left'====== Args={'value': 1, 'prev_value': None, 'change': True}
2025-08-30 16:08:55,098 : INFO : EventManager : Event: ======'machine_var_audits_switches_s_orbit_lower'====== Args={'value': 0, 'prev_value': None, 'change': True}
2025-08-30 16:08:55,098 : INFO : EventManager : Event: ======'machine_var_audits_switches_s_orbit_right'====== Args={'value': 0, 'prev_value': None, 'change': True}
2025-08-30 16:08:55,098 : INFO : EventManager : Event: ======'machine_var_audits_switches_s_orbit_upper'====== Args={'value': 0, 'prev_value': None, 'change': True}
2025-08-30 16:08:55,098 : INFO : EventManager : Event: ======'machine_var_audits_switches_s_outer_inlane_right'====== Args={'value': 0, 'prev_value': None, 'change': True}
2025-08-30 16:08:55,098 : INFO : EventManager : Event: ======'machine_var_audits_switches_s_outlane_left'====== Args={'value': 0, 'prev_value': None, 'change': True}
2025-08-30 16:08:55,098 : INFO : EventManager : Event: ======'machine_var_audits_switches_s_outlane_right'====== Args={'value': 0, 'prev_value': None, 'change': True}
2025-08-30 16:08:55,098 : INFO : EventManager : Event: ======'machine_var_audits_switches_s_plunger_lane'====== Args={'value': 0, 'prev_value': None, 'change': True}
2025-08-30 16:08:55,098 : INFO : EventManager : Event: ======'machine_var_audits_switches_s_ramp_inner_exit'====== Args={'value': 0, 'prev_value': None, 'change': True}
2025-08-30 16:08:55,098 : INFO : EventManager : Event: ======'machine_var_audits_switches_s_ramp_left_exit'====== Args={'value': 0, 'prev_value': None, 'change': True}
2025-08-30 16:08:55,099 : INFO : EventManager : Event: ======'machine_var_audits_switches_s_ramp_right_exit'====== Args={'value': 0, 'prev_value': None, 'change': True}
2025-08-30 16:08:55,099 : INFO : EventManager : Event: ======'machine_var_audits_switches_s_ramp_tower_exit'====== Args={'value': 0, 'prev_value': None, 'change': True}
2025-08-30 16:08:55,099 : INFO : EventManager : Event: ======'machine_var_audits_switches_s_slingshot_left'====== Args={'value': 0, 'prev_value': None, 'change': True}
2025-08-30 16:08:55,099 : INFO : EventManager : Event: ======'machine_var_audits_switches_s_slingshot_right'====== Args={'value': 0, 'prev_value': None, 'change': True}
2025-08-30 16:08:55,099 : INFO : EventManager : Event: ======'machine_var_audits_switches_s_spinner'====== Args={'value': 0, 'prev_value': None, 'change': True}
2025-08-30 16:08:55,099 : INFO : EventManager : Event: ======'machine_var_audits_switches_s_start'====== Args={'value': 94, 'prev_value': None, 'change': True}
2025-08-30 16:08:55,099 : INFO : EventManager : Event: ======'machine_var_audits_switches_s_trough_1'====== Args={'value': 0, 'prev_value': None, 'change': True}
2025-08-30 16:08:55,099 : INFO : EventManager : Event: ======'machine_var_audits_switches_s_trough_2'====== Args={'value': 0, 'prev_value': None, 'change': True}
2025-08-30 16:08:55,099 : INFO : EventManager : Event: ======'machine_var_audits_switches_s_trough_3'====== Args={'value': 0, 'prev_value': None, 'change': True}
2025-08-30 16:08:55,099 : INFO : EventManager : Event: ======'machine_var_audits_switches_s_trough_4'====== Args={'value': 0, 'prev_value': None, 'change': True}
2025-08-30 16:08:55,099 : INFO : EventManager : Event: ======'machine_var_audits_switches_s_trough_5'====== Args={'value': 0, 'prev_value': None, 'change': True}
2025-08-30 16:08:55,099 : INFO : EventManager : Event: ======'machine_var_audits_switches_s_trough_6'====== Args={'value': 0, 'prev_value': None, 'change': True}
2025-08-30 16:08:55,099 : INFO : EventManager : Event: ======'init_phase_5'====== Args={}
2025-08-30 16:08:55,100 : INFO : EventManager : Event: ======'init_done'====== Args={}
2025-08-30 16:08:55,100 : INFO : EventManager : Event: ======'machine_reset_phase_1'====== Args={}
2025-08-30 16:08:55,104 : INFO : EventManager : Event: ======'machine_reset_phase_2'====== Args={}
2025-08-30 16:08:55,105 : INFO : EventManager : Event: ======'machine_reset_phase_3'====== Args={}
2025-08-30 16:08:55,105 : INFO : EventManager : Event: ======'reset_complete'====== Args={}
2025-08-30 16:08:55,105 : INFO : EventManager : Event: ======'mode_attract_will_start'====== Args={}
2025-08-30 16:08:55,106 : INFO : Timer.attract_carousel_timer : Starting Timer.
2025-08-30 16:08:55,106 : INFO : EventManager : Event: ======'timer_attract_carousel_timer_started'====== Args={'ticks': 0, 'ticks_remaining': 1}
2025-08-30 16:08:55,106 : INFO : EventManager : Event: ======'timer_attract_carousel_timer_tick'====== Args={'ticks': 0, 'ticks_remaining': 1}
2025-08-30 16:08:55,107 : INFO : EventManager : Event: ======'mode_attract_starting'====== Args={}
2025-08-30 16:08:55,107 : INFO : Mode.attract : Started. Priority: 10
2025-08-30 16:08:55,107 : INFO : EventManager : Event: ======'modes_active_modes_changed'====== Args={}
2025-08-30 16:08:55,107 : INFO : EventManager : Event: ======'mode_attract_started'====== Args={}
2025-08-30 16:08:55,107 : INFO : EventManager : Event: ======'collecting_balls_complete'====== Args={}
2025-08-30 16:08:55,107 : INFO : EventManager : Event: ======'item_highlighted'====== Args={'carousel': 'attract', 'direction': None, 'item': 'title'}
2025-08-30 16:08:55,108 : INFO : EventManager : Event: ======'timer_attract_carousel_timer_tick'====== Args={'ticks': 0, 'ticks_remaining': 1}
2025-08-30 16:08:55,108 : INFO : Machine : Starting the main run loop with active modes: [<Mode.attract>]
2025-08-30 16:08:55,198 : INFO : EventManager : Event: ======'slide_attract_created'====== Args={'_from_bcp': True}
2025-08-30 16:08:55,198 : INFO : EventManager : Event: ======'slide__removed'====== Args={'_from_bcp': True}
2025-08-30 16:08:55,199 : INFO : EventManager : Event: ======'slide_attract_active'====== Args={'original_context': 'attract', 'original_calling_context': 'mode_attract_started', 'priority': 10.0, 'cmd': 'slides_play', '_from_bcp': True}
2025-08-30 16:08:57,083 : INFO : SwitchController : <<<<<<< 's_start' active >>>>>>>
2025-08-30 16:08:57,250 : INFO : SwitchController : <<<<<<< 's_start' inactive >>>>>>>
2025-08-30 16:08:57,250 : INFO : EventManager : Event: ======'request_to_start_game'====== Args={}
2025-08-30 16:08:57,250 : INFO : EventManager : Event: ======'game_start'====== Args={'buttons': [], 'hold_time': 0.1720000000204891}
2025-08-30 16:08:57,250 : INFO : EventManager : Event: ======'mode_game_will_start'====== Args={'buttons': [], 'hold_time': 0.1720000000204891}
2025-08-30 16:08:57,251 : INFO : EventManager : Event: ======'mode_game_starting'====== Args={'buttons': [], 'hold_time': 0.1720000000204891}
2025-08-30 16:08:57,251 : INFO : EventManager : Event: ======'mode_attract_will_stop'====== Args={}
2025-08-30 16:08:57,251 : INFO : EventManager : Event: ======'mode_attract_stopping'====== Args={}
2025-08-30 16:08:57,251 : INFO : Mode.attract : Stopped.
2025-08-30 16:08:57,251 : INFO : EventManager : Event: ======'modes_active_modes_changed'====== Args={}
2025-08-30 16:08:57,252 : INFO : EventManager : Event: ======'mode_attract_stopped'====== Args={}
2025-08-30 16:08:57,252 : INFO : EventManager : Event: ======'clear'====== Args={'key': 'attract'}
2025-08-30 16:08:57,252 : INFO : Timer.attract_carousel_timer : Stopping Timer
2025-08-30 16:08:57,252 : INFO : EventManager : Event: ======'timer_attract_carousel_timer_stopped'====== Args={'ticks': 0, 'ticks_remaining': 1}
2025-08-30 16:08:57,252 : INFO : Mode.game : Started. Priority: 20
2025-08-30 16:08:57,252 : INFO : EventManager : Event: ======'modes_active_modes_changed'====== Args={}
2025-08-30 16:08:57,252 : INFO : EventManager : Event: ======'mode_game_started'====== Args={'buttons': [], 'hold_time': 0.1720000000204891}
2025-08-30 16:08:57,253 : INFO : EventManager : Event: ======'game_will_start'====== Args={}
2025-08-30 16:08:57,253 : INFO : EventManager : Event: ======'game_starting'====== Args={'game': <Mode.game>}
2025-08-30 16:08:57,254 : INFO : EventManager : Unordered handler for class <Auditor> on event game_ended with priority 1. Handlers: [RegisteredHandler(callback=<bound method Auditor.disable of <Auditor>>, priority=1, kwargs={}, key=UUID('afb1b147-0ae4-4fd0-80d1-f2b26fba7cb5'), condition=None, blocking_facility=None), RegisteredHandler(callback=<bound method Auditor._save_audits of <Auditor>>, priority=1, kwargs={}, key=UUID('268b179c-5200-4367-bd3c-bae028446f9b'), condition=None, blocking_facility=None)]. The order of those handlers is not defined and they will be executed in random order. This might lead to race conditions and potential bugs.
2025-08-30 16:08:57,254 : INFO : EventManager : Event: ======'player_add_request'====== Args={}
2025-08-30 16:08:57,254 : INFO : EventManager : Event: ======'player_will_add'====== Args={'number': 1}
2025-08-30 16:08:57,254 : INFO : EventManager : Event: ======'player_adding'====== Args={'player': <Player 1>, 'number': 1}
2025-08-30 16:08:57,254 : INFO : EventManager : Event: ======'player_added'====== Args={'player': <Player 1>, 'num': 1}
2025-08-30 16:08:57,254 : INFO : Mode.game : Player added successfully. Total players: 1
2025-08-30 16:08:57,255 : INFO : EventManager : Event: ======'player_index'====== Args={'value': 0, 'prev_value': 0, 'change': 0, 'player_num': 1}
2025-08-30 16:08:57,255 : INFO : EventManager : Event: ======'player_number'====== Args={'value': 1, 'prev_value': 1, 'change': 0, 'player_num': 1}
2025-08-30 16:08:57,255 : INFO : EventManager : Event: ======'player_score'====== Args={'value': 0, 'prev_value': 0, 'change': 0, 'player_num': 1}
2025-08-30 16:08:57,255 : INFO : EventManager : Event: ======'game_started'====== Args={}
2025-08-30 16:08:57,255 : INFO : EventManager : Event: ======'player_turn_will_start'====== Args={'player': <Player 1>, 'number': 1}
2025-08-30 16:08:57,256 : INFO : EventManager : Event: ======'player_turn_starting'====== Args={'player': <Player 1>, 'number': 1}
2025-08-30 16:08:57,256 : INFO : EventManager : Event: ======'player_ball'====== Args={'value': 1, 'prev_value': 0, 'change': 1, 'player_num': 1}
2025-08-30 16:08:57,256 : INFO : EventManager : Event: ======'player_turn_started'====== Args={'player': <Player 1>, 'number': 1}
2025-08-30 16:08:57,257 : INFO : EventManager : Event: ======'ui_player_1_up'====== Args={'priority': 0}
2025-08-30 16:08:57,257 : INFO : EventManager : Event: ======'ball_will_start'====== Args={'player': 1, 'ball': 1, 'balls_remaining': 2, 'is_extra_ball': False}
2025-08-30 16:08:57,257 : INFO : EventManager : Event: ======'ball_starting'====== Args={'player': 1, 'ball': 1, 'balls_remaining': 2, 'is_extra_ball': False}
2025-08-30 16:08:57,257 : INFO : EventManager : Event: ======'mode_base_will_start'====== Args={'queue': <QueuedEvent>, 'player': 1, 'ball': 1, 'balls_remaining': 2, 'is_extra_ball': False}
2025-08-30 16:08:57,258 : INFO : EventManager : Event: ======'mode_base_starting'====== Args={'queue': <QueuedEvent>, 'player': 1, 'ball': 1, 'balls_remaining': 2, 'is_extra_ball': False}
2025-08-30 16:08:57,258 : INFO : Mode.base : Started. Priority: 100
2025-08-30 16:08:57,258 : INFO : EventManager : Event: ======'modes_active_modes_changed'====== Args={}
2025-08-30 16:08:57,258 : INFO : EventManager : Event: ======'mode_base_started'====== Args={'queue': <QueuedEvent>, 'player': 1, 'ball': 1, 'balls_remaining': 2, 'is_extra_ball': False}
2025-08-30 16:08:57,258 : INFO : EventManager : Event: ======'start_mode_bumpers'====== Args={'priority': 0}
2025-08-30 16:08:57,258 : INFO : EventManager : Event: ======'mode_bumpers_will_start'====== Args={'priority': 0}
2025-08-30 16:08:57,258 : INFO : EventManager : Event: ======'player_shot_bumper_left_enabled'====== Args={'value': True, 'prev_value': 0, 'change': 1, 'player_num': 1}
2025-08-30 16:08:57,260 : INFO : EventManager : Event: ======'player_shot_bumper_center_enabled'====== Args={'value': True, 'prev_value': 0, 'change': 1, 'player_num': 1}
2025-08-30 16:08:57,260 : INFO : EventManager : Event: ======'player_shot_bumper_right_enabled'====== Args={'value': True, 'prev_value': 0, 'change': 1, 'player_num': 1}
2025-08-30 16:08:57,260 : INFO : EventManager : Event: ======'bumpers_complete'====== Args={'state': 'unlit'}
2025-08-30 16:08:57,260 : INFO : EventManager : Event: ======'bumpers_unlit_complete'====== Args={}
2025-08-30 16:08:57,260 : INFO : EventManager : Event: ======'mode_bumpers_starting'====== Args={'priority': 0}
2025-08-30 16:08:57,260 : INFO : Mode.bumpers : Started. Priority: 200
2025-08-30 16:08:57,260 : INFO : EventManager : Event: ======'modes_active_modes_changed'====== Args={}
2025-08-30 16:08:57,261 : INFO : EventManager : Event: ======'mode_bumpers_started'====== Args={'priority': 0}
2025-08-30 16:08:57,261 : INFO : EventManager : Event: ======'balls_in_play'====== Args={'balls': 1}
2025-08-30 16:08:57,261 : INFO : EventManager : Event: ======'ball_started'====== Args={'player': 1, 'ball': 1, 'balls_remaining': 2, 'is_extra_ball': False}
2025-08-30 16:08:57,267 : INFO : EventManager : Event: ======'single_player_ball_started'====== Args={}
2025-08-30 16:08:57,267 : INFO : EventManager : Event: ======'ball_start_target'====== Args={'target': 'playfield'}
2025-08-30 16:08:57,267 : INFO : ball_device.bd_trough : Setting up player-controlled eject. Balls: 1, Target: <playfield.playfield>, player_controlled_eject_event: None
2025-08-30 16:08:57,267 : INFO : ball_device.bd_trough : Adding 1 ball(s) to the eject_queue with target <playfield.playfield>.
2025-08-30 16:08:57,267 : INFO : EventManager : Event: ======'balldevice_balls_available'====== Args={}
2025-08-30 16:08:57,268 : INFO : ball_device.bd_trough : State: waiting_for_target_ready
2025-08-30 16:08:57,268 : INFO : EventManager : Event: ======'balldevice_bd_trough_ball_eject_attempt'====== Args={'balls': 1, 'target': <ball_device.bd_plunger>, 'source': <ball_device.bd_trough>, 'mechanical_eject': False, 'num_attempts': 0}
2025-08-30 16:08:57,268 : INFO : ball_device.bd_plunger : State: waiting_for_ball
2025-08-30 16:08:57,268 : INFO : ball_device.bd_trough : State: ejecting
2025-08-30 16:08:57,268 : INFO : ball_device.bd_trough : Ejecting ball to <ball_device.bd_plunger>
2025-08-30 16:08:57,268 : INFO : EventManager : Event: ======'balldevice_bd_trough_ejecting_ball'====== Args={'balls': 1, 'target': <ball_device.bd_plunger>, 'source': <ball_device.bd_trough>, 'mechanical_eject': False, 'num_attempts': 0}
2025-08-30 16:08:57,268 : INFO : ball_device.bd_trough : Wait for ball to leave device
2025-08-30 16:08:57,269 : INFO : coil.c_trough_eject : Pulsing Driver for 10ms (1.0 pulse_power)
2025-08-30 16:08:57,313 : INFO : EventManager : Event: ======'slide_base_slide_created'====== Args={'_from_bcp': True}
2025-08-30 16:08:57,315 : INFO : EventManager : Event: ======'slide_attract_inactive'====== Args={'is_removing': True, '_from_bcp': True}
2025-08-30 16:08:57,315 : INFO : EventManager : Event: ======'slide_base_slide_active'====== Args={'original_context': 'base', 'original_calling_context': 'mode_base_started', 'priority': 100.0, 'queue': '<QueuedEvent>', 'player': 1.0, 'ball': 1.0, 'balls_remaining': 2.0, 'is_extra_ball': False, 'cmd': 'slides_play', '_from_bcp': True}
2025-08-30 16:08:57,323 : INFO : EventManager : Event: ======'slide_attract_removed'====== Args={'_from_bcp': True}
2025-08-30 16:09:01,837 : WARNING : BcpInterface : Received BCP switch message with invalid switchname: ' s_plunger_lane'
2025-08-30 16:09:01,971 : WARNING : BcpInterface : Received BCP switch message with invalid switchname: ' s_plunger_lane'
2025-08-30 16:09:02,605 : INFO : SwitchController : <<<<<<< 's_bumper_left' active >>>>>>>
2025-08-30 16:09:02,605 : INFO : EventManager : Event: ======'playfield_active'====== Args={'source': 'bumper_left'}
2025-08-30 16:09:02,605 : INFO : EventManager : Event: ======'unexpected_ball_on_playfield'====== Args={}
2025-08-30 16:09:02,605 : INFO : EventManager : Event: ======'s_bumper_left_active'====== Args={}
2025-08-30 16:09:02,606 : INFO : EventManager : Event: ======'machine_var_audits_switches_s_bumper_left'====== Args={'value': 195, 'prev_value': 194, 'change': 1}
2025-08-30 16:09:02,606 : INFO : EventManager : Event: ======'player_shot_bumper_left'====== Args={'value': 1, 'prev_value': 0, 'change': 1, 'player_num': 1}
2025-08-30 16:09:02,607 : INFO : EventManager : Event: ======'machine_var_audits_shots_bumper_left'====== Args={'value': 195, 'prev_value': 194, 'change': 1}
2025-08-30 16:09:02,607 : INFO : EventManager : Event: ======'bumper_left_hit'====== Args={'profile': 'default', 'state': 'unlit', 'advancing': True}
2025-08-30 16:09:02,607 : INFO : EventManager : Event: ======'bumper_left_default_hit'====== Args={'profile': 'default', 'state': 'unlit', 'advancing': True}
2025-08-30 16:09:02,607 : INFO : EventManager : Event: ======'bumper_left_default_unlit_hit'====== Args={'profile': 'default', 'state': 'unlit', 'advancing': True}
2025-08-30 16:09:02,607 : INFO : EventManager : Event: ======'bumper_left_unlit_hit'====== Args={'profile': 'default', 'state': 'unlit', 'advancing': True}
2025-08-30 16:09:02,607 : INFO : EventManager : Event: ======'bumpers_hit'====== Args={'shot': 'bumper_left'}
2025-08-30 16:09:02,607 : INFO : EventManager : Event: ======'bumpers_unlit_hit'====== Args={'shot': 'bumper_left'}
2025-08-30 16:09:02,607 : INFO : EventManager : Event: ======'player_score'====== Args={'value': 1000, 'prev_value': 0, 'change': 1000, 'player_num': 1, 'source': 'bumpers'}
2025-08-30 16:09:02,705 : INFO : SwitchController : <<<<<<< 's_bumper_center' active >>>>>>>
2025-08-30 16:09:02,705 : INFO : EventManager : Event: ======'playfield_active'====== Args={'source': 'bumper_center'}
2025-08-30 16:09:02,705 : INFO : EventManager : Event: ======'unexpected_ball_on_playfield'====== Args={}
2025-08-30 16:09:02,705 : INFO : EventManager : Event: ======'s_bumper_center_active'====== Args={}
2025-08-30 16:09:02,705 : INFO : EventManager : Event: ======'machine_var_audits_switches_s_bumper_center'====== Args={'value': 188, 'prev_value': 187, 'change': 1}
2025-08-30 16:09:02,705 : INFO : EventManager : Event: ======'player_shot_bumper_center'====== Args={'value': 1, 'prev_value': 0, 'change': 1, 'player_num': 1}
2025-08-30 16:09:02,706 : INFO : EventManager : Event: ======'machine_var_audits_shots_bumper_center'====== Args={'value': 188, 'prev_value': 187, 'change': 1}
2025-08-30 16:09:02,706 : INFO : EventManager : Event: ======'bumper_center_hit'====== Args={'profile': 'default', 'state': 'unlit', 'advancing': True}
2025-08-30 16:09:02,706 : INFO : EventManager : Event: ======'bumper_center_default_hit'====== Args={'profile': 'default', 'state': 'unlit', 'advancing': True}
2025-08-30 16:09:02,706 : INFO : EventManager : Event: ======'bumper_center_default_unlit_hit'====== Args={'profile': 'default', 'state': 'unlit', 'advancing': True}
2025-08-30 16:09:02,706 : INFO : EventManager : Event: ======'bumper_center_unlit_hit'====== Args={'profile': 'default', 'state': 'unlit', 'advancing': True}
2025-08-30 16:09:02,706 : INFO : EventManager : Event: ======'bumpers_hit'====== Args={'shot': 'bumper_center'}
2025-08-30 16:09:02,706 : INFO : EventManager : Event: ======'bumpers_unlit_hit'====== Args={'shot': 'bumper_center'}
2025-08-30 16:09:02,706 : INFO : EventManager : Event: ======'player_score'====== Args={'value': 2000, 'prev_value': 1000, 'change': 1000, 'player_num': 1, 'source': 'bumpers'}
2025-08-30 16:09:02,822 : INFO : SwitchController : <<<<<<< 's_bumper_left' inactive >>>>>>>
2025-08-30 16:09:02,838 : INFO : SwitchController : <<<<<<< 's_bumper_right' active >>>>>>>
2025-08-30 16:09:02,838 : INFO : EventManager : Event: ======'playfield_active'====== Args={'source': 'bumper_right'}
2025-08-30 16:09:02,838 : INFO : EventManager : Event: ======'unexpected_ball_on_playfield'====== Args={}
2025-08-30 16:09:02,838 : INFO : EventManager : Event: ======'s_bumper_right_active'====== Args={}
2025-08-30 16:09:02,838 : INFO : EventManager : Event: ======'machine_var_audits_switches_s_bumper_right'====== Args={'value': 193, 'prev_value': 192, 'change': 1}
2025-08-30 16:09:02,838 : INFO : EventManager : Event: ======'player_shot_bumper_right'====== Args={'value': 1, 'prev_value': 0, 'change': 1, 'player_num': 1}
2025-08-30 16:09:02,838 : INFO : EventManager : Event: ======'machine_var_audits_shots_bumper_right'====== Args={'value': 193, 'prev_value': 192, 'change': 1}
2025-08-30 16:09:02,840 : INFO : EventManager : Event: ======'bumper_right_hit'====== Args={'profile': 'default', 'state': 'unlit', 'advancing': True}
2025-08-30 16:09:02,840 : INFO : EventManager : Event: ======'bumper_right_default_hit'====== Args={'profile': 'default', 'state': 'unlit', 'advancing': True}
2025-08-30 16:09:02,840 : INFO : EventManager : Event: ======'bumper_right_default_unlit_hit'====== Args={'profile': 'default', 'state': 'unlit', 'advancing': True}
2025-08-30 16:09:02,840 : INFO : EventManager : Event: ======'bumper_right_unlit_hit'====== Args={'profile': 'default', 'state': 'unlit', 'advancing': True}
2025-08-30 16:09:02,840 : INFO : EventManager : Event: ======'bumpers_complete'====== Args={'state': 'lit'}
2025-08-30 16:09:02,840 : INFO : EventManager : Event: ======'bumpers_lit_complete'====== Args={}
2025-08-30 16:09:02,840 : INFO : EventManager : Event: ======'bumpers_hit'====== Args={'shot': 'bumper_right'}
2025-08-30 16:09:02,840 : INFO : EventManager : Event: ======'bumpers_unlit_hit'====== Args={'shot': 'bumper_right'}
2025-08-30 16:09:02,840 : INFO : EventManager : Event: ======'player_score'====== Args={'value': 3000, 'prev_value': 2000, 'change': 1000, 'player_num': 1, 'source': 'bumpers'}
2025-08-30 16:09:02,905 : INFO : SwitchController : <<<<<<< 's_bumper_center' inactive >>>>>>>
2025-08-30 16:09:02,972 : INFO : SwitchController : <<<<<<< 's_bumper_right' inactive >>>>>>>
2025-08-30 16:09:02,988 : INFO : SwitchController : <<<<<<< 's_bumper_left' active >>>>>>>
2025-08-30 16:09:02,988 : INFO : EventManager : Event: ======'playfield_active'====== Args={'source': 'bumper_left'}
2025-08-30 16:09:02,988 : INFO : EventManager : Event: ======'unexpected_ball_on_playfield'====== Args={}
2025-08-30 16:09:02,988 : INFO : EventManager : Event: ======'s_bumper_left_active'====== Args={}
2025-08-30 16:09:02,990 : INFO : EventManager : Event: ======'machine_var_audits_switches_s_bumper_left'====== Args={'value': 196, 'prev_value': 195, 'change': 1}
2025-08-30 16:09:02,990 : INFO : EventManager : Event: ======'machine_var_audits_shots_bumper_left'====== Args={'value': 196, 'prev_value': 195, 'change': 1}
2025-08-30 16:09:02,990 : INFO : EventManager : Event: ======'bumper_left_hit'====== Args={'profile': 'default', 'state': 'lit', 'advancing': False}
2025-08-30 16:09:02,990 : INFO : EventManager : Event: ======'bumper_left_default_hit'====== Args={'profile': 'default', 'state': 'lit', 'advancing': False}
2025-08-30 16:09:02,990 : INFO : EventManager : Event: ======'bumper_left_default_lit_hit'====== Args={'profile': 'default', 'state': 'lit', 'advancing': False}
2025-08-30 16:09:02,990 : INFO : EventManager : Event: ======'bumper_left_lit_hit'====== Args={'profile': 'default', 'state': 'lit', 'advancing': False}
2025-08-30 16:09:02,990 : INFO : EventManager : Event: ======'bumpers_hit'====== Args={'shot': 'bumper_left'}
2025-08-30 16:09:02,990 : INFO : EventManager : Event: ======'bumpers_lit_hit'====== Args={'shot': 'bumper_left'}
2025-08-30 16:09:02,990 : INFO : EventManager : Event: ======'player_score'====== Args={'value': 4000, 'prev_value': 3000, 'change': 1000, 'player_num': 1, 'source': 'bumpers'}
2025-08-30 16:09:03,105 : INFO : SwitchController : <<<<<<< 's_bumper_center' active >>>>>>>
2025-08-30 16:09:03,105 : INFO : EventManager : Event: ======'playfield_active'====== Args={'source': 'bumper_center'}
2025-08-30 16:09:03,105 : INFO : EventManager : Event: ======'unexpected_ball_on_playfield'====== Args={}
2025-08-30 16:09:03,105 : INFO : EventManager : Event: ======'s_bumper_center_active'====== Args={}
2025-08-30 16:09:03,106 : INFO : EventManager : Event: ======'machine_var_audits_switches_s_bumper_center'====== Args={'value': 189, 'prev_value': 188, 'change': 1}
2025-08-30 16:09:03,106 : INFO : EventManager : Event: ======'machine_var_audits_shots_bumper_center'====== Args={'value': 189, 'prev_value': 188, 'change': 1}
2025-08-30 16:09:03,106 : INFO : EventManager : Event: ======'bumper_center_hit'====== Args={'profile': 'default', 'state': 'lit', 'advancing': False}
2025-08-30 16:09:03,106 : INFO : EventManager : Event: ======'bumper_center_default_hit'====== Args={'profile': 'default', 'state': 'lit', 'advancing': False}
2025-08-30 16:09:03,106 : INFO : EventManager : Event: ======'bumper_center_default_lit_hit'====== Args={'profile': 'default', 'state': 'lit', 'advancing': False}
2025-08-30 16:09:03,106 : INFO : EventManager : Event: ======'bumper_center_lit_hit'====== Args={'profile': 'default', 'state': 'lit', 'advancing': False}
2025-08-30 16:09:03,106 : INFO : EventManager : Event: ======'bumpers_hit'====== Args={'shot': 'bumper_center'}
2025-08-30 16:09:03,107 : INFO : EventManager : Event: ======'bumpers_lit_hit'====== Args={'shot': 'bumper_center'}
2025-08-30 16:09:03,107 : INFO : EventManager : Event: ======'player_score'====== Args={'value': 5000, 'prev_value': 4000, 'change': 1000, 'player_num': 1, 'source': 'bumpers'}
2025-08-30 16:09:03,157 : INFO : SwitchController : <<<<<<< 's_bumper_left' inactive >>>>>>>
2025-08-30 16:09:03,189 : INFO : SwitchController : <<<<<<< 's_bumper_right' active >>>>>>>
2025-08-30 16:09:03,190 : INFO : EventManager : Event: ======'playfield_active'====== Args={'source': 'bumper_right'}
2025-08-30 16:09:03,190 : INFO : EventManager : Event: ======'unexpected_ball_on_playfield'====== Args={}
2025-08-30 16:09:03,190 : INFO : EventManager : Event: ======'s_bumper_right_active'====== Args={}
2025-08-30 16:09:03,190 : INFO : EventManager : Event: ======'machine_var_audits_switches_s_bumper_right'====== Args={'value': 194, 'prev_value': 193, 'change': 1}
2025-08-30 16:09:03,190 : INFO : EventManager : Event: ======'machine_var_audits_shots_bumper_right'====== Args={'value': 194, 'prev_value': 193, 'change': 1}
2025-08-30 16:09:03,190 : INFO : EventManager : Event: ======'bumper_right_hit'====== Args={'profile': 'default', 'state': 'lit', 'advancing': False}
2025-08-30 16:09:03,190 : INFO : EventManager : Event: ======'bumper_right_default_hit'====== Args={'profile': 'default', 'state': 'lit', 'advancing': False}
2025-08-30 16:09:03,190 : INFO : EventManager : Event: ======'bumper_right_default_lit_hit'====== Args={'profile': 'default', 'state': 'lit', 'advancing': False}
2025-08-30 16:09:03,191 : INFO : EventManager : Event: ======'bumper_right_lit_hit'====== Args={'profile': 'default', 'state': 'lit', 'advancing': False}
2025-08-30 16:09:03,191 : INFO : EventManager : Event: ======'bumpers_hit'====== Args={'shot': 'bumper_right'}
2025-08-30 16:09:03,191 : INFO : EventManager : Event: ======'bumpers_lit_hit'====== Args={'shot': 'bumper_right'}
2025-08-30 16:09:03,191 : INFO : EventManager : Event: ======'player_score'====== Args={'value': 6000, 'prev_value': 5000, 'change': 1000, 'player_num': 1, 'source': 'bumpers'}
2025-08-30 16:09:03,256 : INFO : SwitchController : <<<<<<< 's_bumper_center' inactive >>>>>>>
2025-08-30 16:09:03,322 : INFO : SwitchController : <<<<<<< 's_bumper_right' inactive >>>>>>>
2025-08-30 16:09:03,506 : INFO : SwitchController : <<<<<<< 's_bumper_left' active >>>>>>>
2025-08-30 16:09:03,506 : INFO : EventManager : Event: ======'playfield_active'====== Args={'source': 'bumper_left'}
2025-08-30 16:09:03,506 : INFO : EventManager : Event: ======'unexpected_ball_on_playfield'====== Args={}
2025-08-30 16:09:03,506 : INFO : EventManager : Event: ======'s_bumper_left_active'====== Args={}
2025-08-30 16:09:03,506 : INFO : EventManager : Event: ======'machine_var_audits_switches_s_bumper_left'====== Args={'value': 197, 'prev_value': 196, 'change': 1}
2025-08-30 16:09:03,507 : INFO : EventManager : Event: ======'machine_var_audits_shots_bumper_left'====== Args={'value': 197, 'prev_value': 196, 'change': 1}
2025-08-30 16:09:03,507 : INFO : EventManager : Event: ======'bumper_left_hit'====== Args={'profile': 'default', 'state': 'lit', 'advancing': False}
2025-08-30 16:09:03,507 : INFO : EventManager : Event: ======'bumper_left_default_hit'====== Args={'profile': 'default', 'state': 'lit', 'advancing': False}
2025-08-30 16:09:03,507 : INFO : EventManager : Event: ======'bumper_left_default_lit_hit'====== Args={'profile': 'default', 'state': 'lit', 'advancing': False}
2025-08-30 16:09:03,507 : INFO : EventManager : Event: ======'bumper_left_lit_hit'====== Args={'profile': 'default', 'state': 'lit', 'advancing': False}
2025-08-30 16:09:03,507 : INFO : EventManager : Event: ======'bumpers_hit'====== Args={'shot': 'bumper_left'}
2025-08-30 16:09:03,507 : INFO : EventManager : Event: ======'bumpers_lit_hit'====== Args={'shot': 'bumper_left'}
2025-08-30 16:09:03,507 : INFO : EventManager : Event: ======'player_score'====== Args={'value': 7000, 'prev_value': 6000, 'change': 1000, 'player_num': 1, 'source': 'bumpers'}
2025-08-30 16:09:03,590 : INFO : SwitchController : <<<<<<< 's_bumper_center' active >>>>>>>
2025-08-30 16:09:03,590 : INFO : EventManager : Event: ======'playfield_active'====== Args={'source': 'bumper_center'}
2025-08-30 16:09:03,590 : INFO : EventManager : Event: ======'unexpected_ball_on_playfield'====== Args={}
2025-08-30 16:09:03,590 : INFO : EventManager : Event: ======'s_bumper_center_active'====== Args={}
2025-08-30 16:09:03,590 : INFO : EventManager : Event: ======'machine_var_audits_switches_s_bumper_center'====== Args={'value': 190, 'prev_value': 189, 'change': 1}
2025-08-30 16:09:03,590 : INFO : EventManager : Event: ======'machine_var_audits_shots_bumper_center'====== Args={'value': 190, 'prev_value': 189, 'change': 1}
2025-08-30 16:09:03,591 : INFO : EventManager : Event: ======'bumper_center_hit'====== Args={'profile': 'default', 'state': 'lit', 'advancing': False}
2025-08-30 16:09:03,591 : INFO : EventManager : Event: ======'bumper_center_default_hit'====== Args={'profile': 'default', 'state': 'lit', 'advancing': False}
2025-08-30 16:09:03,591 : INFO : EventManager : Event: ======'bumper_center_default_lit_hit'====== Args={'profile': 'default', 'state': 'lit', 'advancing': False}
2025-08-30 16:09:03,591 : INFO : EventManager : Event: ======'bumper_center_lit_hit'====== Args={'profile': 'default', 'state': 'lit', 'advancing': False}
2025-08-30 16:09:03,591 : INFO : EventManager : Event: ======'bumpers_hit'====== Args={'shot': 'bumper_center'}
2025-08-30 16:09:03,591 : INFO : EventManager : Event: ======'bumpers_lit_hit'====== Args={'shot': 'bumper_center'}
2025-08-30 16:09:03,591 : INFO : EventManager : Event: ======'player_score'====== Args={'value': 8000, 'prev_value': 7000, 'change': 1000, 'player_num': 1, 'source': 'bumpers'}
2025-08-30 16:09:03,672 : INFO : SwitchController : <<<<<<< 's_bumper_left' inactive >>>>>>>
2025-08-30 16:09:03,690 : INFO : SwitchController : <<<<<<< 's_bumper_right' active >>>>>>>
2025-08-30 16:09:03,690 : INFO : EventManager : Event: ======'playfield_active'====== Args={'source': 'bumper_right'}
2025-08-30 16:09:03,690 : INFO : EventManager : Event: ======'unexpected_ball_on_playfield'====== Args={}
2025-08-30 16:09:03,690 : INFO : EventManager : Event: ======'s_bumper_right_active'====== Args={}
2025-08-30 16:09:03,690 : INFO : EventManager : Event: ======'machine_var_audits_switches_s_bumper_right'====== Args={'value': 195, 'prev_value': 194, 'change': 1}
2025-08-30 16:09:03,690 : INFO : EventManager : Event: ======'machine_var_audits_shots_bumper_right'====== Args={'value': 195, 'prev_value': 194, 'change': 1}
2025-08-30 16:09:03,690 : INFO : EventManager : Event: ======'bumper_right_hit'====== Args={'profile': 'default', 'state': 'lit', 'advancing': False}
2025-08-30 16:09:03,690 : INFO : EventManager : Event: ======'bumper_right_default_hit'====== Args={'profile': 'default', 'state': 'lit', 'advancing': False}
2025-08-30 16:09:03,690 : INFO : EventManager : Event: ======'bumper_right_default_lit_hit'====== Args={'profile': 'default', 'state': 'lit', 'advancing': False}
2025-08-30 16:09:03,691 : INFO : EventManager : Event: ======'bumper_right_lit_hit'====== Args={'profile': 'default', 'state': 'lit', 'advancing': False}
2025-08-30 16:09:03,691 : INFO : EventManager : Event: ======'bumpers_hit'====== Args={'shot': 'bumper_right'}
2025-08-30 16:09:03,691 : INFO : EventManager : Event: ======'bumpers_lit_hit'====== Args={'shot': 'bumper_right'}
2025-08-30 16:09:03,691 : INFO : EventManager : Event: ======'player_score'====== Args={'value': 9000, 'prev_value': 8000, 'change': 1000, 'player_num': 1, 'source': 'bumpers'}
2025-08-30 16:09:03,756 : INFO : SwitchController : <<<<<<< 's_bumper_center' inactive >>>>>>>
2025-08-30 16:09:03,806 : INFO : SwitchController : <<<<<<< 's_bumper_right' inactive >>>>>>>
2025-08-30 16:09:03,940 : INFO : SwitchController : <<<<<<< 's_bumper_left' active >>>>>>>
2025-08-30 16:09:03,940 : INFO : EventManager : Event: ======'playfield_active'====== Args={'source': 'bumper_left'}
2025-08-30 16:09:03,940 : INFO : EventManager : Event: ======'unexpected_ball_on_playfield'====== Args={}
2025-08-30 16:09:03,940 : INFO : EventManager : Event: ======'s_bumper_left_active'====== Args={}
2025-08-30 16:09:03,940 : INFO : EventManager : Event: ======'machine_var_audits_switches_s_bumper_left'====== Args={'value': 198, 'prev_value': 197, 'change': 1}
2025-08-30 16:09:03,941 : INFO : EventManager : Event: ======'machine_var_audits_shots_bumper_left'====== Args={'value': 198, 'prev_value': 197, 'change': 1}
2025-08-30 16:09:03,941 : INFO : EventManager : Event: ======'bumper_left_hit'====== Args={'profile': 'default', 'state': 'lit', 'advancing': False}
2025-08-30 16:09:03,941 : INFO : EventManager : Event: ======'bumper_left_default_hit'====== Args={'profile': 'default', 'state': 'lit', 'advancing': False}
2025-08-30 16:09:03,941 : INFO : EventManager : Event: ======'bumper_left_default_lit_hit'====== Args={'profile': 'default', 'state': 'lit', 'advancing': False}
2025-08-30 16:09:03,941 : INFO : EventManager : Event: ======'bumper_left_lit_hit'====== Args={'profile': 'default', 'state': 'lit', 'advancing': False}
2025-08-30 16:09:03,941 : INFO : EventManager : Event: ======'bumpers_hit'====== Args={'shot': 'bumper_left'}
2025-08-30 16:09:03,941 : INFO : EventManager : Event: ======'bumpers_lit_hit'====== Args={'shot': 'bumper_left'}
2025-08-30 16:09:03,941 : INFO : EventManager : Event: ======'player_score'====== Args={'value': 10000, 'prev_value': 9000, 'change': 1000, 'player_num': 1, 'source': 'bumpers'}
2025-08-30 16:09:03,973 : INFO : SwitchController : <<<<<<< 's_bumper_center' active >>>>>>>
2025-08-30 16:09:03,973 : INFO : EventManager : Event: ======'playfield_active'====== Args={'source': 'bumper_center'}
2025-08-30 16:09:03,973 : INFO : EventManager : Event: ======'unexpected_ball_on_playfield'====== Args={}
2025-08-30 16:09:03,973 : INFO : EventManager : Event: ======'s_bumper_center_active'====== Args={}
2025-08-30 16:09:03,973 : INFO : EventManager : Event: ======'machine_var_audits_switches_s_bumper_center'====== Args={'value': 191, 'prev_value': 190, 'change': 1}
2025-08-30 16:09:03,974 : INFO : EventManager : Event: ======'machine_var_audits_shots_bumper_center'====== Args={'value': 191, 'prev_value': 190, 'change': 1}
2025-08-30 16:09:03,974 : INFO : EventManager : Event: ======'bumper_center_hit'====== Args={'profile': 'default', 'state': 'lit', 'advancing': False}
2025-08-30 16:09:03,974 : INFO : EventManager : Event: ======'bumper_center_default_hit'====== Args={'profile': 'default', 'state': 'lit', 'advancing': False}
2025-08-30 16:09:03,974 : INFO : EventManager : Event: ======'bumper_center_default_lit_hit'====== Args={'profile': 'default', 'state': 'lit', 'advancing': False}
2025-08-30 16:09:03,974 : INFO : EventManager : Event: ======'bumper_center_lit_hit'====== Args={'profile': 'default', 'state': 'lit', 'advancing': False}
2025-08-30 16:09:03,974 : INFO : EventManager : Event: ======'bumpers_hit'====== Args={'shot': 'bumper_center'}
2025-08-30 16:09:03,974 : INFO : EventManager : Event: ======'bumpers_lit_hit'====== Args={'shot': 'bumper_center'}
2025-08-30 16:09:03,974 : INFO : EventManager : Event: ======'player_score'====== Args={'value': 11000, 'prev_value': 10000, 'change': 1000, 'player_num': 1, 'source': 'bumpers'}
2025-08-30 16:09:04,074 : INFO : SwitchController : <<<<<<< 's_bumper_left' inactive >>>>>>>
2025-08-30 16:09:04,090 : INFO : SwitchController : <<<<<<< 's_bumper_right' active >>>>>>>
2025-08-30 16:09:04,090 : INFO : EventManager : Event: ======'playfield_active'====== Args={'source': 'bumper_right'}
2025-08-30 16:09:04,091 : INFO : EventManager : Event: ======'unexpected_ball_on_playfield'====== Args={}
2025-08-30 16:09:04,091 : INFO : EventManager : Event: ======'s_bumper_right_active'====== Args={}
2025-08-30 16:09:04,091 : INFO : EventManager : Event: ======'machine_var_audits_switches_s_bumper_right'====== Args={'value': 196, 'prev_value': 195, 'change': 1}
2025-08-30 16:09:04,091 : INFO : EventManager : Event: ======'machine_var_audits_shots_bumper_right'====== Args={'value': 196, 'prev_value': 195, 'change': 1}
2025-08-30 16:09:04,091 : INFO : EventManager : Event: ======'bumper_right_hit'====== Args={'profile': 'default', 'state': 'lit', 'advancing': False}
2025-08-30 16:09:04,091 : INFO : EventManager : Event: ======'bumper_right_default_hit'====== Args={'profile': 'default', 'state': 'lit', 'advancing': False}
2025-08-30 16:09:04,091 : INFO : EventManager : Event: ======'bumper_right_default_lit_hit'====== Args={'profile': 'default', 'state': 'lit', 'advancing': False}
2025-08-30 16:09:04,091 : INFO : EventManager : Event: ======'bumper_right_lit_hit'====== Args={'profile': 'default', 'state': 'lit', 'advancing': False}
2025-08-30 16:09:04,091 : INFO : EventManager : Event: ======'bumpers_hit'====== Args={'shot': 'bumper_right'}
2025-08-30 16:09:04,091 : INFO : EventManager : Event: ======'bumpers_lit_hit'====== Args={'shot': 'bumper_right'}
2025-08-30 16:09:04,092 : INFO : EventManager : Event: ======'player_score'====== Args={'value': 12000, 'prev_value': 11000, 'change': 1000, 'player_num': 1, 'source': 'bumpers'}
2025-08-30 16:09:04,140 : INFO : SwitchController : <<<<<<< 's_bumper_center' inactive >>>>>>>
2025-08-30 16:09:04,157 : INFO : SwitchController : <<<<<<< 's_bumper_right' inactive >>>>>>>
2025-08-30 16:09:06,242 : WARNING : BcpInterface : Received BCP switch message with invalid switchname: 's_through_6'
2025-08-30 16:09:06,375 : WARNING : BcpInterface : Received BCP switch message with invalid switchname: 's_through_6'
2025-08-30 16:09:07,276 : INFO : EventManager : Event: ======'balldevice_bd_trough_ball_eject_failed'====== Args={'target': <ball_device.bd_plunger>, 'balls': 1, 'retry': True, 'num_attempts': 1}
2025-08-30 16:09:07,276 : INFO : ball_device.bd_trough : State: waiting_for_target_ready
2025-08-30 16:09:07,276 : INFO : EventManager : Event: ======'balldevice_bd_trough_ball_eject_attempt'====== Args={'balls': 1, 'target': <ball_device.bd_plunger>, 'source': <ball_device.bd_trough>, 'mechanical_eject': False, 'num_attempts': 1}
2025-08-30 16:09:07,278 : INFO : ball_device.bd_trough : State: ejecting
2025-08-30 16:09:07,278 : INFO : ball_device.bd_trough : Ejecting ball to <ball_device.bd_plunger>
2025-08-30 16:09:07,278 : INFO : EventManager : Event: ======'balldevice_bd_trough_ejecting_ball'====== Args={'balls': 1, 'target': <ball_device.bd_plunger>, 'source': <ball_device.bd_trough>, 'mechanical_eject': False, 'num_attempts': 1}
2025-08-30 16:09:07,278 : INFO : ball_device.bd_trough : Wait for ball to leave device
2025-08-30 16:09:07,278 : INFO : coil.c_trough_eject : Pulsing Driver for 10ms (1.0 pulse_power)
2025-08-30 16:09:08,561 : INFO : SwitchController : <<<<<<< 's_bumper_left' active >>>>>>>
2025-08-30 16:09:08,561 : INFO : EventManager : Event: ======'playfield_active'====== Args={'source': 'bumper_left'}
2025-08-30 16:09:08,561 : INFO : EventManager : Event: ======'unexpected_ball_on_playfield'====== Args={}
2025-08-30 16:09:08,561 : INFO : EventManager : Event: ======'s_bumper_left_active'====== Args={}
2025-08-30 16:09:08,562 : INFO : EventManager : Event: ======'machine_var_audits_switches_s_bumper_left'====== Args={'value': 199, 'prev_value': 198, 'change': 1}
2025-08-30 16:09:08,562 : INFO : EventManager : Event: ======'machine_var_audits_shots_bumper_left'====== Args={'value': 199, 'prev_value': 198, 'change': 1}
2025-08-30 16:09:08,562 : INFO : EventManager : Event: ======'bumper_left_hit'====== Args={'profile': 'default', 'state': 'lit', 'advancing': False}
2025-08-30 16:09:08,562 : INFO : EventManager : Event: ======'bumper_left_default_hit'====== Args={'profile': 'default', 'state': 'lit', 'advancing': False}
2025-08-30 16:09:08,562 : INFO : EventManager : Event: ======'bumper_left_default_lit_hit'====== Args={'profile': 'default', 'state': 'lit', 'advancing': False}
2025-08-30 16:09:08,562 : INFO : EventManager : Event: ======'bumper_left_lit_hit'====== Args={'profile': 'default', 'state': 'lit', 'advancing': False}
2025-08-30 16:09:08,562 : INFO : EventManager : Event: ======'bumpers_hit'====== Args={'shot': 'bumper_left'}
2025-08-30 16:09:08,563 : INFO : EventManager : Event: ======'bumpers_lit_hit'====== Args={'shot': 'bumper_left'}
2025-08-30 16:09:08,563 : INFO : EventManager : Event: ======'player_score'====== Args={'value': 13000, 'prev_value': 12000, 'change': 1000, 'player_num': 1, 'source': 'bumpers'}
2025-08-30 16:09:08,594 : INFO : SwitchController : <<<<<<< 's_bumper_center' active >>>>>>>
2025-08-30 16:09:08,594 : INFO : EventManager : Event: ======'playfield_active'====== Args={'source': 'bumper_center'}
2025-08-30 16:09:08,594 : INFO : EventManager : Event: ======'unexpected_ball_on_playfield'====== Args={}
2025-08-30 16:09:08,594 : INFO : EventManager : Event: ======'s_bumper_center_active'====== Args={}
2025-08-30 16:09:08,595 : INFO : EventManager : Event: ======'machine_var_audits_switches_s_bumper_center'====== Args={'value': 192, 'prev_value': 191, 'change': 1}
2025-08-30 16:09:08,595 : INFO : EventManager : Event: ======'machine_var_audits_shots_bumper_center'====== Args={'value': 192, 'prev_value': 191, 'change': 1}
2025-08-30 16:09:08,595 : INFO : EventManager : Event: ======'bumper_center_hit'====== Args={'profile': 'default', 'state': 'lit', 'advancing': False}
2025-08-30 16:09:08,595 : INFO : EventManager : Event: ======'bumper_center_default_hit'====== Args={'profile': 'default', 'state': 'lit', 'advancing': False}
2025-08-30 16:09:08,595 : INFO : EventManager : Event: ======'bumper_center_default_lit_hit'====== Args={'profile': 'default', 'state': 'lit', 'advancing': False}
2025-08-30 16:09:08,595 : INFO : EventManager : Event: ======'bumper_center_lit_hit'====== Args={'profile': 'default', 'state': 'lit', 'advancing': False}
2025-08-30 16:09:08,595 : INFO : EventManager : Event: ======'bumpers_hit'====== Args={'shot': 'bumper_center'}
2025-08-30 16:09:08,595 : INFO : EventManager : Event: ======'bumpers_lit_hit'====== Args={'shot': 'bumper_center'}
2025-08-30 16:09:08,596 : INFO : EventManager : Event: ======'player_score'====== Args={'value': 14000, 'prev_value': 13000, 'change': 1000, 'player_num': 1, 'source': 'bumpers'}
2025-08-30 16:09:08,694 : INFO : SwitchController : <<<<<<< 's_bumper_right' active >>>>>>>
2025-08-30 16:09:08,695 : INFO : EventManager : Event: ======'playfield_active'====== Args={'source': 'bumper_right'}
2025-08-30 16:09:08,695 : INFO : EventManager : Event: ======'unexpected_ball_on_playfield'====== Args={}
2025-08-30 16:09:08,695 : INFO : EventManager : Event: ======'s_bumper_right_active'====== Args={}
2025-08-30 16:09:08,695 : INFO : EventManager : Event: ======'machine_var_audits_switches_s_bumper_right'====== Args={'value': 197, 'prev_value': 196, 'change': 1}
2025-08-30 16:09:08,695 : INFO : EventManager : Event: ======'machine_var_audits_shots_bumper_right'====== Args={'value': 197, 'prev_value': 196, 'change': 1}
2025-08-30 16:09:08,695 : INFO : EventManager : Event: ======'bumper_right_hit'====== Args={'profile': 'default', 'state': 'lit', 'advancing': False}
2025-08-30 16:09:08,695 : INFO : EventManager : Event: ======'bumper_right_default_hit'====== Args={'profile': 'default', 'state': 'lit', 'advancing': False}
2025-08-30 16:09:08,696 : INFO : EventManager : Event: ======'bumper_right_default_lit_hit'====== Args={'profile': 'default', 'state': 'lit', 'advancing': False}
2025-08-30 16:09:08,696 : INFO : EventManager : Event: ======'bumper_right_lit_hit'====== Args={'profile': 'default', 'state': 'lit', 'advancing': False}
2025-08-30 16:09:08,696 : INFO : EventManager : Event: ======'bumpers_hit'====== Args={'shot': 'bumper_right'}
2025-08-30 16:09:08,696 : INFO : EventManager : Event: ======'bumpers_lit_hit'====== Args={'shot': 'bumper_right'}
2025-08-30 16:09:08,696 : INFO : EventManager : Event: ======'player_score'====== Args={'value': 15000, 'prev_value': 14000, 'change': 1000, 'player_num': 1, 'source': 'bumpers'}
2025-08-30 16:09:08,761 : INFO : SwitchController : <<<<<<< 's_bumper_left' inactive >>>>>>>
2025-08-30 16:09:08,795 : INFO : SwitchController : <<<<<<< 's_bumper_center' inactive >>>>>>>
2025-08-30 16:09:08,878 : INFO : SwitchController : <<<<<<< 's_bumper_right' inactive >>>>>>>
2025-08-30 16:09:09,144 : INFO : SwitchController : <<<<<<< 's_bumper_left' active >>>>>>>
2025-08-30 16:09:09,145 : INFO : EventManager : Event: ======'playfield_active'====== Args={'source': 'bumper_left'}
2025-08-30 16:09:09,145 : INFO : EventManager : Event: ======'unexpected_ball_on_playfield'====== Args={}
2025-08-30 16:09:09,145 : INFO : EventManager : Event: ======'s_bumper_left_active'====== Args={}
2025-08-30 16:09:09,145 : INFO : EventManager : Event: ======'machine_var_audits_switches_s_bumper_left'====== Args={'value': 200, 'prev_value': 199, 'change': 1}
2025-08-30 16:09:09,145 : INFO : EventManager : Event: ======'machine_var_audits_shots_bumper_left'====== Args={'value': 200, 'prev_value': 199, 'change': 1}
2025-08-30 16:09:09,145 : INFO : EventManager : Event: ======'bumper_left_hit'====== Args={'profile': 'default', 'state': 'lit', 'advancing': False}
2025-08-30 16:09:09,146 : INFO : EventManager : Event: ======'bumper_left_default_hit'====== Args={'profile': 'default', 'state': 'lit', 'advancing': False}
2025-08-30 16:09:09,146 : INFO : EventManager : Event: ======'bumper_left_default_lit_hit'====== Args={'profile': 'default', 'state': 'lit', 'advancing': False}
2025-08-30 16:09:09,146 : INFO : EventManager : Event: ======'bumper_left_lit_hit'====== Args={'profile': 'default', 'state': 'lit', 'advancing': False}
2025-08-30 16:09:09,146 : INFO : EventManager : Event: ======'bumpers_hit'====== Args={'shot': 'bumper_left'}
2025-08-30 16:09:09,146 : INFO : EventManager : Event: ======'bumpers_lit_hit'====== Args={'shot': 'bumper_left'}
2025-08-30 16:09:09,146 : INFO : EventManager : Event: ======'player_score'====== Args={'value': 16000, 'prev_value': 15000, 'change': 1000, 'player_num': 1, 'source': 'bumpers'}
2025-08-30 16:09:09,178 : INFO : SwitchController : <<<<<<< 's_bumper_center' active >>>>>>>
2025-08-30 16:09:09,178 : INFO : EventManager : Event: ======'playfield_active'====== Args={'source': 'bumper_center'}
2025-08-30 16:09:09,178 : INFO : EventManager : Event: ======'unexpected_ball_on_playfield'====== Args={}
2025-08-30 16:09:09,178 : INFO : EventManager : Event: ======'s_bumper_center_active'====== Args={}
2025-08-30 16:09:09,178 : INFO : EventManager : Event: ======'machine_var_audits_switches_s_bumper_center'====== Args={'value': 193, 'prev_value': 192, 'change': 1}
2025-08-30 16:09:09,178 : INFO : EventManager : Event: ======'machine_var_audits_shots_bumper_center'====== Args={'value': 193, 'prev_value': 192, 'change': 1}
2025-08-30 16:09:09,178 : INFO : EventManager : Event: ======'bumper_center_hit'====== Args={'profile': 'default', 'state': 'lit', 'advancing': False}
2025-08-30 16:09:09,178 : INFO : EventManager : Event: ======'bumper_center_default_hit'====== Args={'profile': 'default', 'state': 'lit', 'advancing': False}
2025-08-30 16:09:09,178 : INFO : EventManager : Event: ======'bumper_center_default_lit_hit'====== Args={'profile': 'default', 'state': 'lit', 'advancing': False}
2025-08-30 16:09:09,180 : INFO : EventManager : Event: ======'bumper_center_lit_hit'====== Args={'profile': 'default', 'state': 'lit', 'advancing': False}
2025-08-30 16:09:09,180 : INFO : EventManager : Event: ======'bumpers_hit'====== Args={'shot': 'bumper_center'}
2025-08-30 16:09:09,180 : INFO : EventManager : Event: ======'bumpers_lit_hit'====== Args={'shot': 'bumper_center'}
2025-08-30 16:09:09,180 : INFO : EventManager : Event: ======'player_score'====== Args={'value': 17000, 'prev_value': 16000, 'change': 1000, 'player_num': 1, 'source': 'bumpers'}
2025-08-30 16:09:09,244 : INFO : SwitchController : <<<<<<< 's_bumper_right' active >>>>>>>
2025-08-30 16:09:09,244 : INFO : EventManager : Event: ======'playfield_active'====== Args={'source': 'bumper_right'}
2025-08-30 16:09:09,244 : INFO : EventManager : Event: ======'unexpected_ball_on_playfield'====== Args={}
2025-08-30 16:09:09,244 : INFO : EventManager : Event: ======'s_bumper_right_active'====== Args={}
2025-08-30 16:09:09,244 : INFO : EventManager : Event: ======'machine_var_audits_switches_s_bumper_right'====== Args={'value': 198, 'prev_value': 197, 'change': 1}
2025-08-30 16:09:09,246 : INFO : EventManager : Event: ======'machine_var_audits_shots_bumper_right'====== Args={'value': 198, 'prev_value': 197, 'change': 1}
2025-08-30 16:09:09,246 : INFO : EventManager : Event: ======'bumper_right_hit'====== Args={'profile': 'default', 'state': 'lit', 'advancing': False}
2025-08-30 16:09:09,246 : INFO : EventManager : Event: ======'bumper_right_default_hit'====== Args={'profile': 'default', 'state': 'lit', 'advancing': False}
2025-08-30 16:09:09,246 : INFO : EventManager : Event: ======'bumper_right_default_lit_hit'====== Args={'profile': 'default', 'state': 'lit', 'advancing': False}
2025-08-30 16:09:09,246 : INFO : EventManager : Event: ======'bumper_right_lit_hit'====== Args={'profile': 'default', 'state': 'lit', 'advancing': False}
2025-08-30 16:09:09,246 : INFO : EventManager : Event: ======'bumpers_hit'====== Args={'shot': 'bumper_right'}
2025-08-30 16:09:09,246 : INFO : EventManager : Event: ======'bumpers_lit_hit'====== Args={'shot': 'bumper_right'}
2025-08-30 16:09:09,246 : INFO : EventManager : Event: ======'player_score'====== Args={'value': 18000, 'prev_value': 17000, 'change': 1000, 'player_num': 1, 'source': 'bumpers'}
2025-08-30 16:09:09,278 : INFO : SwitchController : <<<<<<< 's_bumper_left' inactive >>>>>>>
2025-08-30 16:09:09,345 : INFO : SwitchController : <<<<<<< 's_bumper_center' inactive >>>>>>>
2025-08-30 16:09:09,378 : INFO : SwitchController : <<<<<<< 's_bumper_right' inactive >>>>>>>
2025-08-30 16:09:09,478 : INFO : SwitchController : <<<<<<< 's_bumper_left' active >>>>>>>
2025-08-30 16:09:09,478 : INFO : EventManager : Event: ======'playfield_active'====== Args={'source': 'bumper_left'}
2025-08-30 16:09:09,478 : INFO : EventManager : Event: ======'unexpected_ball_on_playfield'====== Args={}
2025-08-30 16:09:09,478 : INFO : EventManager : Event: ======'s_bumper_left_active'====== Args={}
2025-08-30 16:09:09,478 : INFO : EventManager : Event: ======'machine_var_audits_switches_s_bumper_left'====== Args={'value': 201, 'prev_value': 200, 'change': 1}
2025-08-30 16:09:09,479 : INFO : EventManager : Event: ======'machine_var_audits_shots_bumper_left'====== Args={'value': 201, 'prev_value': 200, 'change': 1}
2025-08-30 16:09:09,480 : INFO : EventManager : Event: ======'bumper_left_hit'====== Args={'profile': 'default', 'state': 'lit', 'advancing': False}
2025-08-30 16:09:09,480 : INFO : EventManager : Event: ======'bumper_left_default_hit'====== Args={'profile': 'default', 'state': 'lit', 'advancing': False}
2025-08-30 16:09:09,480 : INFO : EventManager : Event: ======'bumper_left_default_lit_hit'====== Args={'profile': 'default', 'state': 'lit', 'advancing': False}
2025-08-30 16:09:09,480 : INFO : EventManager : Event: ======'bumper_left_lit_hit'====== Args={'profile': 'default', 'state': 'lit', 'advancing': False}
2025-08-30 16:09:09,480 : INFO : EventManager : Event: ======'bumpers_hit'====== Args={'shot': 'bumper_left'}
2025-08-30 16:09:09,480 : INFO : EventManager : Event: ======'bumpers_lit_hit'====== Args={'shot': 'bumper_left'}
2025-08-30 16:09:09,480 : INFO : EventManager : Event: ======'player_score'====== Args={'value': 19000, 'prev_value': 18000, 'change': 1000, 'player_num': 1, 'source': 'bumpers'}
2025-08-30 16:09:09,495 : INFO : SwitchController : <<<<<<< 's_bumper_center' active >>>>>>>
2025-08-30 16:09:09,496 : INFO : EventManager : Event: ======'playfield_active'====== Args={'source': 'bumper_center'}
2025-08-30 16:09:09,496 : INFO : EventManager : Event: ======'unexpected_ball_on_playfield'====== Args={}
2025-08-30 16:09:09,496 : INFO : EventManager : Event: ======'s_bumper_center_active'====== Args={}
2025-08-30 16:09:09,496 : INFO : EventManager : Event: ======'machine_var_audits_switches_s_bumper_center'====== Args={'value': 194, 'prev_value': 193, 'change': 1}
2025-08-30 16:09:09,496 : INFO : EventManager : Event: ======'machine_var_audits_shots_bumper_center'====== Args={'value': 194, 'prev_value': 193, 'change': 1}
2025-08-30 16:09:09,496 : INFO : EventManager : Event: ======'bumper_center_hit'====== Args={'profile': 'default', 'state': 'lit', 'advancing': False}
2025-08-30 16:09:09,496 : INFO : EventManager : Event: ======'bumper_center_default_hit'====== Args={'profile': 'default', 'state': 'lit', 'advancing': False}
2025-08-30 16:09:09,496 : INFO : EventManager : Event: ======'bumper_center_default_lit_hit'====== Args={'profile': 'default', 'state': 'lit', 'advancing': False}
2025-08-30 16:09:09,496 : INFO : EventManager : Event: ======'bumper_center_lit_hit'====== Args={'profile': 'default', 'state': 'lit', 'advancing': False}
2025-08-30 16:09:09,496 : INFO : EventManager : Event: ======'bumpers_hit'====== Args={'shot': 'bumper_center'}
2025-08-30 16:09:09,497 : INFO : EventManager : Event: ======'bumpers_lit_hit'====== Args={'shot': 'bumper_center'}
2025-08-30 16:09:09,497 : INFO : EventManager : Event: ======'player_score'====== Args={'value': 20000, 'prev_value': 19000, 'change': 1000, 'player_num': 1, 'source': 'bumpers'}
2025-08-30 16:09:09,529 : INFO : SwitchController : <<<<<<< 's_bumper_right' active >>>>>>>
2025-08-30 16:09:09,529 : INFO : EventManager : Event: ======'playfield_active'====== Args={'source': 'bumper_right'}
2025-08-30 16:09:09,529 : INFO : EventManager : Event: ======'unexpected_ball_on_playfield'====== Args={}
2025-08-30 16:09:09,529 : INFO : EventManager : Event: ======'s_bumper_right_active'====== Args={}
2025-08-30 16:09:09,529 : INFO : EventManager : Event: ======'machine_var_audits_switches_s_bumper_right'====== Args={'value': 199, 'prev_value': 198, 'change': 1}
2025-08-30 16:09:09,530 : INFO : EventManager : Event: ======'machine_var_audits_shots_bumper_right'====== Args={'value': 199, 'prev_value': 198, 'change': 1}
2025-08-30 16:09:09,530 : INFO : EventManager : Event: ======'bumper_right_hit'====== Args={'profile': 'default', 'state': 'lit', 'advancing': False}
2025-08-30 16:09:09,530 : INFO : EventManager : Event: ======'bumper_right_default_hit'====== Args={'profile': 'default', 'state': 'lit', 'advancing': False}
2025-08-30 16:09:09,530 : INFO : EventManager : Event: ======'bumper_right_default_lit_hit'====== Args={'profile': 'default', 'state': 'lit', 'advancing': False}
2025-08-30 16:09:09,530 : INFO : EventManager : Event: ======'bumper_right_lit_hit'====== Args={'profile': 'default', 'state': 'lit', 'advancing': False}
2025-08-30 16:09:09,530 : INFO : EventManager : Event: ======'bumpers_hit'====== Args={'shot': 'bumper_right'}
2025-08-30 16:09:09,530 : INFO : EventManager : Event: ======'bumpers_lit_hit'====== Args={'shot': 'bumper_right'}
2025-08-30 16:09:09,530 : INFO : EventManager : Event: ======'player_score'====== Args={'value': 21000, 'prev_value': 20000, 'change': 1000, 'player_num': 1, 'source': 'bumpers'}
2025-08-30 16:09:09,562 : INFO : SwitchController : <<<<<<< 's_bumper_left' inactive >>>>>>>
2025-08-30 16:09:09,645 : INFO : SwitchController : <<<<<<< 's_bumper_center' inactive >>>>>>>
2025-08-30 16:09:09,663 : INFO : SwitchController : <<<<<<< 's_bumper_right' inactive >>>>>>>
2025-08-30 16:09:12,171 : INFO : Machine : Shutting down...
2025-08-30 16:09:12,171 : INFO : EventManager : Event: ======'shutdown'====== Args={}
2025-08-30 16:09:12,172 : INFO : EventManager : Event: ======'mode_game_will_stop'====== Args={}
2025-08-30 16:09:12,172 : INFO : EventManager : Event: ======'mode_game_stopping'====== Args={}
2025-08-30 16:09:12,173 : INFO : EventManager : Event: ======'mode_base_will_stop'====== Args={}
2025-08-30 16:09:12,173 : INFO : EventManager : Event: ======'mode_base_stopping'====== Args={}
2025-08-30 16:09:12,173 : INFO : EventManager : Event: ======'mode_bumpers_will_stop'====== Args={}
2025-08-30 16:09:12,173 : INFO : EventManager : Event: ======'mode_bumpers_stopping'====== Args={}
2025-08-30 16:09:12,173 : INFO : EventManager : Event: ======'stop_mode_bumpers'====== Args={'priority': 0}
2025-08-30 16:09:12,174 : INFO : Mode.bumpers : Stopped.
2025-08-30 16:09:12,174 : INFO : EventManager : Event: ======'modes_active_modes_changed'====== Args={}
2025-08-30 16:09:12,174 : INFO : EventManager : Event: ======'mode_bumpers_stopped'====== Args={}
2025-08-30 16:09:12,174 : INFO : EventManager : Event: ======'clear'====== Args={'key': 'bumpers'}
2025-08-30 16:09:12,174 : INFO : Mode.base : Stopped.
2025-08-30 16:09:12,174 : INFO : EventManager : Event: ======'modes_active_modes_changed'====== Args={}
2025-08-30 16:09:12,174 : INFO : EventManager : Event: ======'mode_base_stopped'====== Args={}
2025-08-30 16:09:12,174 : INFO : EventManager : Event: ======'clear'====== Args={'key': 'base'}
2025-08-30 16:09:12,175 : INFO : Mode.game : Stopped.
2025-08-30 16:09:12,175 : INFO : EventManager : Event: ======'modes_active_modes_changed'====== Args={}
2025-08-30 16:09:12,175 : INFO : EventManager : Event: ======'mode_game_stopped'====== Args={}
2025-08-30 16:09:12,175 : INFO : EventManager : Event: ======'clear'====== Args={'key': 'game'}
2025-08-30 16:09:12,177 : INFO : root : MPF run loop ended.
