2025-09-06 20:33:42,078 : INFO : root : Loading config.
2025-09-06 20:33:42,081 : INFO : YamlMultifileConfigLoader : Machine config file #1: config.yaml
2025-09-06 20:33:42,081 : INFO : ConfigProcessor : Loading config from cache: C:\Users\White\AppData\Local\Temp\cfa6ecba65704a931c9dd214c44986c8.mpf_cache
2025-09-06 20:33:42,180 : INFO : ConfigProcessor : Loading config from cache: C:\Users\White\AppData\Local\Temp\f98ffc0ff5962effface7d86bc406d5c.mpf_cache
2025-09-06 20:33:42,180 : INFO : ConfigProcessor : Loading config from cache: C:\Users\White\AppData\Local\Temp\91cc4d1c993c58dc354e34974b9cfeac.mpf_cache
2025-09-06 20:33:42,181 : INFO : ConfigProcessor : Loading config from cache: C:\Users\White\AppData\Local\Temp\f98ffc0ff5962effface7d86bc406d5c.mpf_cache
2025-09-06 20:33:42,182 : INFO : ConfigProcessor : Loading config from cache: C:\Users\White\AppData\Local\Temp\76792f1d686f89709887dba7bd69667a.mpf_cache
2025-09-06 20:33:42,182 : INFO : ConfigProcessor : Loading config from cache: C:\Users\White\AppData\Local\Temp\142bbae4707335cc8e3efaa4364c4893.mpf_cache
2025-09-06 20:33:42,183 : INFO : Machine : Mission Pinball Framework Core Engine v0.80.0.dev9
2025-09-06 20:33:42,183 : INFO : Machine : Command line arguments: {'no_load_cache': False, 'create_config_cache': True, 'bcp': True, 'configfile': ['config.yaml'], 'force_assets_load': False, 'platform_integration_test': False, 'jsonlogging': False, 'logfile': 'logs\\2025-09-06-20-33-42-mpf-TopGunPinball.log', 'pause': False, 'production': False, 'text_ui': False, 'loglevel': 15, 'consoleloglevel': 20, 'force_platform': 'virtual', 'syslog_address': None, 'full_logfile_path': 'C:\\Users\\White\\Documents\\Top_Gun_Pinball\\logs\\2025-09-06-20-33-42-mpf-TopGunPinball.log'}
2025-09-06 20:33:42,183 : INFO : Machine : MPF path: C:\Users\White\mpf\Lib\site-packages\mpf
2025-09-06 20:33:42,183 : INFO : Machine : Machine path: C:\Users\White\Documents\Top_Gun_Pinball
2025-09-06 20:33:42,183 : INFO : Machine : Platform: win32
2025-09-06 20:33:42,183 : INFO : Machine : Python executable location: C:\Users\White\mpf\Scripts\python.exe
2025-09-06 20:33:42,183 : INFO : Machine : Python version: 3.12.7 (64-bit)
2025-09-06 20:33:42,186 : INFO : Machine : Initializing MPF...
2025-09-06 20:33:42,273 : INFO : EventManager : Event: ======'machine_var_credits_string'====== Args={'value': 'FREE PLAY', 'prev_value': None, 'change': True}
2025-09-06 20:33:42,302 : INFO : EventManager : Event: ======'machine_var_master_volume'====== Args={'value': 0.5, 'prev_value': None, 'change': True}
2025-09-06 20:33:42,302 : INFO : EventManager : Event: ======'machine_var_player1_score'====== Args={'value': 61000, 'prev_value': None, 'change': True}
2025-09-06 20:33:42,302 : INFO : EventManager : Event: ======'machine_var_player2_score'====== Args={'value': 73000, 'prev_value': None, 'change': True}
2025-09-06 20:33:42,302 : INFO : EventManager : Event: ======'machine_var_mpf_version'====== Args={'value': 'Mission Pinball Framework v0.80.0.dev9', 'prev_value': None, 'change': True}
2025-09-06 20:33:42,302 : INFO : EventManager : Event: ======'machine_var_mpf_extended_version'====== Args={'value': 'Mission Pinball Framework v0.80.0.dev9, Config version:6, Show version: 6, BCP version:1.1', 'prev_value': None, 'change': True}
2025-09-06 20:33:42,302 : INFO : EventManager : Event: ======'machine_var_python_version'====== Args={'value': '3.12.7', 'prev_value': None, 'change': True}
2025-09-06 20:33:42,452 : INFO : EventManager : Event: ======'machine_var_platform'====== Args={'value': 'Windows-11-10.0.26100-SP0', 'prev_value': None, 'change': True}
2025-09-06 20:33:42,452 : INFO : EventManager : Event: ======'machine_var_platform_system'====== Args={'value': 'Windows', 'prev_value': None, 'change': True}
2025-09-06 20:33:42,452 : INFO : EventManager : Event: ======'machine_var_platform_release'====== Args={'value': '11', 'prev_value': None, 'change': True}
2025-09-06 20:33:42,452 : INFO : EventManager : Event: ======'machine_var_platform_version'====== Args={'value': '10.0.26100', 'prev_value': None, 'change': True}
2025-09-06 20:33:42,452 : INFO : EventManager : Event: ======'machine_var_platform_machine'====== Args={'value': 'AMD64', 'prev_value': None, 'change': True}
2025-09-06 20:33:42,452 : INFO : EventManager : Event: ======'machine_var_log_file_path'====== Args={'value': 'C:\\Users\\White\\Documents\\Top_Gun_Pinball\\logs\\2025-09-06-20-33-42-mpf-TopGunPinball.log', 'prev_value': None, 'change': True}
2025-09-06 20:33:42,452 : INFO : EventManager : Event: ======'init_phase_1'====== Args={}
2025-09-06 20:33:42,489 : INFO : EventManager : Event: ======'init_phase_2'====== Args={}
2025-09-06 20:33:42,489 : INFO : SwitchController : Found active switch: (1007, <Platform.Virtual>) <switch.s_trough_1>
2025-09-06 20:33:42,489 : INFO : SwitchController : Found active switch: (1008, <Platform.Virtual>) <switch.s_trough_2>
2025-09-06 20:33:42,489 : INFO : SwitchController : Found active switch: (1009, <Platform.Virtual>) <switch.s_trough_3>
2025-09-06 20:33:42,489 : INFO : SwitchController : Found active switch: (1010, <Platform.Virtual>) <switch.s_trough_4>
2025-09-06 20:33:42,489 : INFO : SwitchController : Found active switch: (1011, <Platform.Virtual>) <switch.s_trough_5>
2025-09-06 20:33:42,489 : INFO : SwitchController : Found active switch: (1012, <Platform.Virtual>) <switch.s_trough_6>
2025-09-06 20:33:42,490 : INFO : EventManager : Event: ======'bcp_connection_attempt'====== Args={'name': 'local_display', 'host': 'localhost', 'port': 5050}
2025-09-06 20:33:42,492 : INFO : BCPClientSocket : Connecting BCP to 'local_display' at localhost:5050...
2025-09-06 20:33:42,504 : INFO : BCPClientSocket : Connected BCP to 'local_display' localhost:5050
2025-09-06 20:33:42,504 : INFO : EventManager : Event: ======'bcp_clients_connected'====== Args={}
2025-09-06 20:33:42,505 : INFO : ball_device.bd_plunger : BCH: Initial count: 0
2025-09-06 20:33:42,505 : INFO : ball_device.bd_plunger : State: idle
2025-09-06 20:33:42,505 : INFO : ball_device.bd_trough : BCH: Initial count: 6
2025-09-06 20:33:42,506 : INFO : ball_device.bd_trough : State: idle
2025-09-06 20:33:42,528 : INFO : EventManager : Event: ======'init_phase_3'====== Args={}
2025-09-06 20:33:42,531 : INFO : EventManager : Event: ======'init_phase_4'====== Args={}
2025-09-06 20:33:42,531 : INFO : BallController : Initial balls found: 6
2025-09-06 20:33:42,532 : INFO : EventManager : Event: ======'machine_var_audits_events_game_ended'====== Args={'value': 1, 'prev_value': None, 'change': True}
2025-09-06 20:33:42,532 : INFO : EventManager : Event: ======'machine_var_audits_events_game_started'====== Args={'value': 90, 'prev_value': None, 'change': True}
2025-09-06 20:33:42,532 : INFO : EventManager : Event: ======'machine_var_audits_missing_switches_s_a_iceman_target'====== Args={'value': 39, 'prev_value': None, 'change': True}
2025-09-06 20:33:42,532 : INFO : EventManager : Event: ======'machine_var_audits_missing_switches_s_barrier_target'====== Args={'value': 39, 'prev_value': None, 'change': True}
2025-09-06 20:33:42,532 : INFO : EventManager : Event: ======'machine_var_audits_missing_switches_s_c_iceman_target'====== Args={'value': 39, 'prev_value': None, 'change': True}
2025-09-06 20:33:42,532 : INFO : EventManager : Event: ======'machine_var_audits_missing_switches_s_c_lock_target'====== Args={'value': 39, 'prev_value': None, 'change': True}
2025-09-06 20:33:42,532 : INFO : EventManager : Event: ======'machine_var_audits_missing_switches_s_e_iceman_target'====== Args={'value': 39, 'prev_value': None, 'change': True}
2025-09-06 20:33:42,533 : INFO : EventManager : Event: ======'machine_var_audits_missing_switches_s_flight_gear_target'====== Args={'value': 39, 'prev_value': None, 'change': True}
2025-09-06 20:33:42,533 : INFO : EventManager : Event: ======'machine_var_audits_missing_switches_s_flipper_left'====== Args={'value': 35, 'prev_value': None, 'change': True}
2025-09-06 20:33:42,533 : INFO : EventManager : Event: ======'machine_var_audits_missing_switches_s_flipper_left_eos'====== Args={'value': 37, 'prev_value': None, 'change': True}
2025-09-06 20:33:42,533 : INFO : EventManager : Event: ======'machine_var_audits_missing_switches_s_flipper_left_upper'====== Args={'value': 39, 'prev_value': None, 'change': True}
2025-09-06 20:33:42,533 : INFO : EventManager : Event: ======'machine_var_audits_missing_switches_s_flipper_left_upper_eos'====== Args={'value': 37, 'prev_value': None, 'change': True}
2025-09-06 20:33:42,533 : INFO : EventManager : Event: ======'machine_var_audits_missing_switches_s_flipper_right'====== Args={'value': 35, 'prev_value': None, 'change': True}
2025-09-06 20:33:42,533 : INFO : EventManager : Event: ======'machine_var_audits_missing_switches_s_flipper_right_eos'====== Args={'value': 37, 'prev_value': None, 'change': True}
2025-09-06 20:33:42,533 : INFO : EventManager : Event: ======'machine_var_audits_missing_switches_s_i_iceman_target'====== Args={'value': 39, 'prev_value': None, 'change': True}
2025-09-06 20:33:42,533 : INFO : EventManager : Event: ======'machine_var_audits_missing_switches_s_inlane_left'====== Args={'value': 13, 'prev_value': None, 'change': True}
2025-09-06 20:33:42,533 : INFO : EventManager : Event: ======'machine_var_audits_missing_switches_s_inner_inlane_right'====== Args={'value': 39, 'prev_value': None, 'change': True}
2025-09-06 20:33:42,533 : INFO : EventManager : Event: ======'machine_var_audits_missing_switches_s_jam'====== Args={'value': 90, 'prev_value': None, 'change': True}
2025-09-06 20:33:42,533 : INFO : EventManager : Event: ======'machine_var_audits_missing_switches_s_k_lock_target'====== Args={'value': 39, 'prev_value': None, 'change': True}
2025-09-06 20:33:42,533 : INFO : EventManager : Event: ======'machine_var_audits_missing_switches_s_l_lock_target'====== Args={'value': 39, 'prev_value': None, 'change': True}
2025-09-06 20:33:42,533 : INFO : EventManager : Event: ======'machine_var_audits_missing_switches_s_lane_left'====== Args={'value': 89, 'prev_value': None, 'change': True}
2025-09-06 20:33:42,533 : INFO : EventManager : Event: ======'machine_var_audits_missing_switches_s_lane_right'====== Args={'value': 39, 'prev_value': None, 'change': True}
2025-09-06 20:33:42,533 : INFO : EventManager : Event: ======'machine_var_audits_missing_switches_s_lock_goose'====== Args={'value': 39, 'prev_value': None, 'change': True}
2025-09-06 20:33:42,533 : INFO : EventManager : Event: ======'machine_var_audits_missing_switches_s_lock_mav'====== Args={'value': 39, 'prev_value': None, 'change': True}
2025-09-06 20:33:42,533 : INFO : EventManager : Event: ======'machine_var_audits_missing_switches_s_lock_plunger'====== Args={'value': 39, 'prev_value': None, 'change': True}
2025-09-06 20:33:42,533 : INFO : EventManager : Event: ======'machine_var_audits_missing_switches_s_m_iceman_target'====== Args={'value': 39, 'prev_value': None, 'change': True}
2025-09-06 20:33:42,533 : INFO : EventManager : Event: ======'machine_var_audits_missing_switches_s_mig_lane_left'====== Args={'value': 39, 'prev_value': None, 'change': True}
2025-09-06 20:33:42,533 : INFO : EventManager : Event: ======'machine_var_audits_missing_switches_s_mig_lane_right'====== Args={'value': 39, 'prev_value': None, 'change': True}
2025-09-06 20:33:42,534 : INFO : EventManager : Event: ======'machine_var_audits_missing_switches_s_mode_start'====== Args={'value': 39, 'prev_value': None, 'change': True}
2025-09-06 20:33:42,534 : INFO : EventManager : Event: ======'machine_var_audits_missing_switches_s_n_iceman_target'====== Args={'value': 39, 'prev_value': None, 'change': True}
2025-09-06 20:33:42,534 : INFO : EventManager : Event: ======'machine_var_audits_missing_switches_s_o_lock_target'====== Args={'value': 39, 'prev_value': None, 'change': True}
2025-09-06 20:33:42,534 : INFO : EventManager : Event: ======'machine_var_audits_missing_switches_s_orbit_left'====== Args={'value': 15, 'prev_value': None, 'change': True}
2025-09-06 20:33:42,534 : INFO : EventManager : Event: ======'machine_var_audits_missing_switches_s_orbit_lower'====== Args={'value': 39, 'prev_value': None, 'change': True}
2025-09-06 20:33:42,534 : INFO : EventManager : Event: ======'machine_var_audits_missing_switches_s_orbit_right'====== Args={'value': 39, 'prev_value': None, 'change': True}
2025-09-06 20:33:42,534 : INFO : EventManager : Event: ======'machine_var_audits_missing_switches_s_orbit_upper'====== Args={'value': 39, 'prev_value': None, 'change': True}
2025-09-06 20:33:42,534 : INFO : EventManager : Event: ======'machine_var_audits_missing_switches_s_outer_inlane_right'====== Args={'value': 39, 'prev_value': None, 'change': True}
2025-09-06 20:33:42,534 : INFO : EventManager : Event: ======'machine_var_audits_missing_switches_s_outlane_left'====== Args={'value': 39, 'prev_value': None, 'change': True}
2025-09-06 20:33:42,534 : INFO : EventManager : Event: ======'machine_var_audits_missing_switches_s_outlane_right'====== Args={'value': 39, 'prev_value': None, 'change': True}
2025-09-06 20:33:42,534 : INFO : EventManager : Event: ======'machine_var_audits_missing_switches_s_plunger_lane'====== Args={'value': 12, 'prev_value': None, 'change': True}
2025-09-06 20:33:42,534 : INFO : EventManager : Event: ======'machine_var_audits_missing_switches_s_ramp_inner_exit'====== Args={'value': 39, 'prev_value': None, 'change': True}
2025-09-06 20:33:42,534 : INFO : EventManager : Event: ======'machine_var_audits_missing_switches_s_ramp_left_exit'====== Args={'value': 39, 'prev_value': None, 'change': True}
2025-09-06 20:33:42,534 : INFO : EventManager : Event: ======'machine_var_audits_missing_switches_s_ramp_right_exit'====== Args={'value': 39, 'prev_value': None, 'change': True}
2025-09-06 20:33:42,534 : INFO : EventManager : Event: ======'machine_var_audits_missing_switches_s_ramp_tower_exit'====== Args={'value': 39, 'prev_value': None, 'change': True}
2025-09-06 20:33:42,534 : INFO : EventManager : Event: ======'machine_var_audits_missing_switches_s_slingshot_left'====== Args={'value': 13, 'prev_value': None, 'change': True}
2025-09-06 20:33:42,534 : INFO : EventManager : Event: ======'machine_var_audits_missing_switches_s_slingshot_right'====== Args={'value': 39, 'prev_value': None, 'change': True}
2025-09-06 20:33:42,534 : INFO : EventManager : Event: ======'machine_var_audits_missing_switches_s_spinner'====== Args={'value': 39, 'prev_value': None, 'change': True}
2025-09-06 20:33:42,534 : INFO : EventManager : Event: ======'machine_var_audits_missing_switches_s_trough_1'====== Args={'value': 15, 'prev_value': None, 'change': True}
2025-09-06 20:33:42,534 : INFO : EventManager : Event: ======'machine_var_audits_missing_switches_s_trough_2'====== Args={'value': 15, 'prev_value': None, 'change': True}
2025-09-06 20:33:42,534 : INFO : EventManager : Event: ======'machine_var_audits_missing_switches_s_trough_3'====== Args={'value': 15, 'prev_value': None, 'change': True}
2025-09-06 20:33:42,534 : INFO : EventManager : Event: ======'machine_var_audits_missing_switches_s_trough_4'====== Args={'value': 90, 'prev_value': None, 'change': True}
2025-09-06 20:33:42,534 : INFO : EventManager : Event: ======'machine_var_audits_missing_switches_s_trough_5'====== Args={'value': 90, 'prev_value': None, 'change': True}
2025-09-06 20:33:42,535 : INFO : EventManager : Event: ======'machine_var_audits_player_score'====== Args={'value': {'average': 67000, 'top': [73000, 61000], 'total': 2}, 'prev_value': None, 'change': True}
2025-09-06 20:33:42,535 : INFO : EventManager : Event: ======'machine_var_audits_shots_bumper_center'====== Args={'value': 308, 'prev_value': None, 'change': True}
2025-09-06 20:33:42,535 : INFO : EventManager : Event: ======'machine_var_audits_shots_bumper_left'====== Args={'value': 312, 'prev_value': None, 'change': True}
2025-09-06 20:33:42,535 : INFO : EventManager : Event: ======'machine_var_audits_shots_bumper_right'====== Args={'value': 288, 'prev_value': None, 'change': True}
2025-09-06 20:33:42,535 : INFO : EventManager : Event: ======'machine_var_audits_switches_s_a_iceman_target'====== Args={'value': 0, 'prev_value': None, 'change': True}
2025-09-06 20:33:42,535 : INFO : EventManager : Event: ======'machine_var_audits_switches_s_barrier_target'====== Args={'value': 0, 'prev_value': None, 'change': True}
2025-09-06 20:33:42,535 : INFO : EventManager : Event: ======'machine_var_audits_switches_s_bumper_center'====== Args={'value': 308, 'prev_value': None, 'change': True}
2025-09-06 20:33:42,535 : INFO : EventManager : Event: ======'machine_var_audits_switches_s_bumper_left'====== Args={'value': 312, 'prev_value': None, 'change': True}
2025-09-06 20:33:42,535 : INFO : EventManager : Event: ======'machine_var_audits_switches_s_bumper_right'====== Args={'value': 288, 'prev_value': None, 'change': True}
2025-09-06 20:33:42,535 : INFO : EventManager : Event: ======'machine_var_audits_switches_s_c_iceman_target'====== Args={'value': 0, 'prev_value': None, 'change': True}
2025-09-06 20:33:42,535 : INFO : EventManager : Event: ======'machine_var_audits_switches_s_c_lock_target'====== Args={'value': 0, 'prev_value': None, 'change': True}
2025-09-06 20:33:42,535 : INFO : EventManager : Event: ======'machine_var_audits_switches_s_e_iceman_target'====== Args={'value': 0, 'prev_value': None, 'change': True}
2025-09-06 20:33:42,535 : INFO : EventManager : Event: ======'machine_var_audits_switches_s_flight_gear_target'====== Args={'value': 0, 'prev_value': None, 'change': True}
2025-09-06 20:33:42,535 : INFO : EventManager : Event: ======'machine_var_audits_switches_s_flipper_left'====== Args={'value': 9, 'prev_value': None, 'change': True}
2025-09-06 20:33:42,535 : INFO : EventManager : Event: ======'machine_var_audits_switches_s_flipper_left_eos'====== Args={'value': 0, 'prev_value': None, 'change': True}
2025-09-06 20:33:42,535 : INFO : EventManager : Event: ======'machine_var_audits_switches_s_flipper_left_upper'====== Args={'value': 0, 'prev_value': None, 'change': True}
2025-09-06 20:33:42,535 : INFO : EventManager : Event: ======'machine_var_audits_switches_s_flipper_left_upper_eos'====== Args={'value': 0, 'prev_value': None, 'change': True}
2025-09-06 20:33:42,535 : INFO : EventManager : Event: ======'machine_var_audits_switches_s_flipper_right'====== Args={'value': 9, 'prev_value': None, 'change': True}
2025-09-06 20:33:42,535 : INFO : EventManager : Event: ======'machine_var_audits_switches_s_flipper_right_eos'====== Args={'value': 0, 'prev_value': None, 'change': True}
2025-09-06 20:33:42,535 : INFO : EventManager : Event: ======'machine_var_audits_switches_s_i_iceman_target'====== Args={'value': 0, 'prev_value': None, 'change': True}
2025-09-06 20:33:42,535 : INFO : EventManager : Event: ======'machine_var_audits_switches_s_inlane_left'====== Args={'value': 3, 'prev_value': None, 'change': True}
2025-09-06 20:33:42,535 : INFO : EventManager : Event: ======'machine_var_audits_switches_s_inner_inlane_right'====== Args={'value': 0, 'prev_value': None, 'change': True}
2025-09-06 20:33:42,536 : INFO : EventManager : Event: ======'machine_var_audits_switches_s_jam'====== Args={'value': 0, 'prev_value': None, 'change': True}
2025-09-06 20:33:42,536 : INFO : EventManager : Event: ======'machine_var_audits_switches_s_k_lock_target'====== Args={'value': 0, 'prev_value': None, 'change': True}
2025-09-06 20:33:42,536 : INFO : EventManager : Event: ======'machine_var_audits_switches_s_l_lock_target'====== Args={'value': 0, 'prev_value': None, 'change': True}
2025-09-06 20:33:42,536 : INFO : EventManager : Event: ======'machine_var_audits_switches_s_lane_left'====== Args={'value': 1, 'prev_value': None, 'change': True}
2025-09-06 20:33:42,536 : INFO : EventManager : Event: ======'machine_var_audits_switches_s_lane_right'====== Args={'value': 0, 'prev_value': None, 'change': True}
2025-09-06 20:33:42,536 : INFO : EventManager : Event: ======'machine_var_audits_switches_s_lock_goose'====== Args={'value': 0, 'prev_value': None, 'change': True}
2025-09-06 20:33:42,536 : INFO : EventManager : Event: ======'machine_var_audits_switches_s_lock_mav'====== Args={'value': 0, 'prev_value': None, 'change': True}
2025-09-06 20:33:42,536 : INFO : EventManager : Event: ======'machine_var_audits_switches_s_lock_plunger'====== Args={'value': 0, 'prev_value': None, 'change': True}
2025-09-06 20:33:42,536 : INFO : EventManager : Event: ======'machine_var_audits_switches_s_m_iceman_target'====== Args={'value': 0, 'prev_value': None, 'change': True}
2025-09-06 20:33:42,536 : INFO : EventManager : Event: ======'machine_var_audits_switches_s_mig_lane_left'====== Args={'value': 0, 'prev_value': None, 'change': True}
2025-09-06 20:33:42,536 : INFO : EventManager : Event: ======'machine_var_audits_switches_s_mig_lane_right'====== Args={'value': 0, 'prev_value': None, 'change': True}
2025-09-06 20:33:42,536 : INFO : EventManager : Event: ======'machine_var_audits_switches_s_mode_start'====== Args={'value': 0, 'prev_value': None, 'change': True}
2025-09-06 20:33:42,536 : INFO : EventManager : Event: ======'machine_var_audits_switches_s_n_iceman_target'====== Args={'value': 0, 'prev_value': None, 'change': True}
2025-09-06 20:33:42,536 : INFO : EventManager : Event: ======'machine_var_audits_switches_s_o_lock_target'====== Args={'value': 0, 'prev_value': None, 'change': True}
2025-09-06 20:33:42,536 : INFO : EventManager : Event: ======'machine_var_audits_switches_s_orbit_left'====== Args={'value': 2, 'prev_value': None, 'change': True}
2025-09-06 20:33:42,536 : INFO : EventManager : Event: ======'machine_var_audits_switches_s_orbit_lower'====== Args={'value': 0, 'prev_value': None, 'change': True}
2025-09-06 20:33:42,536 : INFO : EventManager : Event: ======'machine_var_audits_switches_s_orbit_right'====== Args={'value': 0, 'prev_value': None, 'change': True}
2025-09-06 20:33:42,536 : INFO : EventManager : Event: ======'machine_var_audits_switches_s_orbit_upper'====== Args={'value': 0, 'prev_value': None, 'change': True}
2025-09-06 20:33:42,536 : INFO : EventManager : Event: ======'machine_var_audits_switches_s_outer_inlane_right'====== Args={'value': 0, 'prev_value': None, 'change': True}
2025-09-06 20:33:42,536 : INFO : EventManager : Event: ======'machine_var_audits_switches_s_outlane_left'====== Args={'value': 0, 'prev_value': None, 'change': True}
2025-09-06 20:33:42,536 : INFO : EventManager : Event: ======'machine_var_audits_switches_s_outlane_right'====== Args={'value': 0, 'prev_value': None, 'change': True}
2025-09-06 20:33:42,536 : INFO : EventManager : Event: ======'machine_var_audits_switches_s_plunger_lane'====== Args={'value': 11, 'prev_value': None, 'change': True}
2025-09-06 20:33:42,536 : INFO : EventManager : Event: ======'machine_var_audits_switches_s_ramp_inner_exit'====== Args={'value': 0, 'prev_value': None, 'change': True}
2025-09-06 20:33:42,537 : INFO : EventManager : Event: ======'machine_var_audits_switches_s_ramp_left_exit'====== Args={'value': 0, 'prev_value': None, 'change': True}
2025-09-06 20:33:42,537 : INFO : EventManager : Event: ======'machine_var_audits_switches_s_ramp_right_exit'====== Args={'value': 0, 'prev_value': None, 'change': True}
2025-09-06 20:33:42,537 : INFO : EventManager : Event: ======'machine_var_audits_switches_s_ramp_tower_exit'====== Args={'value': 0, 'prev_value': None, 'change': True}
2025-09-06 20:33:42,537 : INFO : EventManager : Event: ======'machine_var_audits_switches_s_slingshot_left'====== Args={'value': 1, 'prev_value': None, 'change': True}
2025-09-06 20:33:42,537 : INFO : EventManager : Event: ======'machine_var_audits_switches_s_slingshot_right'====== Args={'value': 0, 'prev_value': None, 'change': True}
2025-09-06 20:33:42,537 : INFO : EventManager : Event: ======'machine_var_audits_switches_s_spinner'====== Args={'value': 0, 'prev_value': None, 'change': True}
2025-09-06 20:33:42,537 : INFO : EventManager : Event: ======'machine_var_audits_switches_s_start'====== Args={'value': 117, 'prev_value': None, 'change': True}
2025-09-06 20:33:42,537 : INFO : EventManager : Event: ======'machine_var_audits_switches_s_trough_1'====== Args={'value': 2, 'prev_value': None, 'change': True}
2025-09-06 20:33:42,537 : INFO : EventManager : Event: ======'machine_var_audits_switches_s_trough_2'====== Args={'value': 1, 'prev_value': None, 'change': True}
2025-09-06 20:33:42,537 : INFO : EventManager : Event: ======'machine_var_audits_switches_s_trough_3'====== Args={'value': 1, 'prev_value': None, 'change': True}
2025-09-06 20:33:42,537 : INFO : EventManager : Event: ======'machine_var_audits_switches_s_trough_4'====== Args={'value': 0, 'prev_value': None, 'change': True}
2025-09-06 20:33:42,537 : INFO : EventManager : Event: ======'machine_var_audits_switches_s_trough_5'====== Args={'value': 0, 'prev_value': None, 'change': True}
2025-09-06 20:33:42,537 : INFO : EventManager : Event: ======'machine_var_audits_switches_s_trough_6'====== Args={'value': 20, 'prev_value': None, 'change': True}
2025-09-06 20:33:42,537 : INFO : EventManager : Event: ======'init_phase_5'====== Args={}
2025-09-06 20:33:42,537 : INFO : EventManager : Event: ======'init_done'====== Args={}
2025-09-06 20:33:42,538 : INFO : EventManager : Event: ======'machine_reset_phase_1'====== Args={}
2025-09-06 20:33:42,545 : INFO : EventManager : Event: ======'machine_reset_phase_2'====== Args={}
2025-09-06 20:33:42,545 : INFO : EventManager : Event: ======'machine_reset_phase_3'====== Args={}
2025-09-06 20:33:42,545 : INFO : EventManager : Event: ======'reset_complete'====== Args={}
2025-09-06 20:33:42,545 : INFO : EventManager : Event: ======'mode_attract_will_start'====== Args={}
2025-09-06 20:33:42,545 : INFO : Timer.attract_carousel_timer : Starting Timer.
2025-09-06 20:33:42,546 : INFO : EventManager : Event: ======'timer_attract_carousel_timer_started'====== Args={'ticks': 0, 'ticks_remaining': 1}
2025-09-06 20:33:42,546 : INFO : EventManager : Event: ======'timer_attract_carousel_timer_tick'====== Args={'ticks': 0, 'ticks_remaining': 1}
2025-09-06 20:33:42,546 : INFO : EventManager : Event: ======'mode_attract_starting'====== Args={}
2025-09-06 20:33:42,546 : INFO : Mode.attract : Started. Priority: 10
2025-09-06 20:33:42,546 : INFO : EventManager : Event: ======'modes_active_modes_changed'====== Args={}
2025-09-06 20:33:42,546 : INFO : EventManager : Event: ======'mode_attract_started'====== Args={}
2025-09-06 20:33:42,548 : INFO : EventManager : Event: ======'collecting_balls_complete'====== Args={}
2025-09-06 20:33:42,548 : INFO : EventManager : Event: ======'item_highlighted'====== Args={'carousel': 'attract', 'direction': None, 'item': 'title'}
2025-09-06 20:33:42,548 : INFO : EventManager : Event: ======'timer_attract_carousel_timer_tick'====== Args={'ticks': 0, 'ticks_remaining': 1}
2025-09-06 20:33:42,549 : INFO : Machine : Starting the main run loop with active modes: [<Mode.attract>]
2025-09-06 20:33:42,633 : INFO : EventManager : Event: ======'slide_attract_created'====== Args={'_from_bcp': True}
2025-09-06 20:33:42,633 : INFO : EventManager : Event: ======'slide__removed'====== Args={'_from_bcp': True}
2025-09-06 20:33:42,634 : INFO : EventManager : Event: ======'slide_attract_active'====== Args={'original_context': 'attract', 'original_calling_context': 'mode_attract_started', 'priority': 10.0, 'cmd': 'slides_play', '_from_bcp': True}
2025-09-06 20:33:43,801 : INFO : SwitchController : <<<<<<< 's_start' active >>>>>>>
2025-09-06 20:33:43,883 : INFO : SwitchController : <<<<<<< 's_start' inactive >>>>>>>
2025-09-06 20:33:43,884 : INFO : EventManager : Event: ======'request_to_start_game'====== Args={}
2025-09-06 20:33:43,884 : INFO : EventManager : Event: ======'game_start'====== Args={'buttons': [], 'hold_time': 0.07900000002700835}
2025-09-06 20:33:43,884 : INFO : EventManager : Event: ======'mode_game_will_start'====== Args={'buttons': [], 'hold_time': 0.07900000002700835}
2025-09-06 20:33:43,885 : INFO : EventManager : Event: ======'mode_game_starting'====== Args={'buttons': [], 'hold_time': 0.07900000002700835}
2025-09-06 20:33:43,885 : INFO : EventManager : Event: ======'mode_attract_will_stop'====== Args={}
2025-09-06 20:33:43,885 : INFO : EventManager : Event: ======'mode_attract_stopping'====== Args={}
2025-09-06 20:33:43,885 : INFO : Mode.attract : Stopped.
2025-09-06 20:33:43,885 : INFO : EventManager : Event: ======'modes_active_modes_changed'====== Args={}
2025-09-06 20:33:43,885 : INFO : EventManager : Event: ======'mode_attract_stopped'====== Args={}
2025-09-06 20:33:43,885 : INFO : EventManager : Event: ======'clear'====== Args={'key': 'attract'}
2025-09-06 20:33:43,885 : INFO : Timer.attract_carousel_timer : Stopping Timer
2025-09-06 20:33:43,887 : INFO : EventManager : Event: ======'timer_attract_carousel_timer_stopped'====== Args={'ticks': 0, 'ticks_remaining': 1}
2025-09-06 20:33:43,887 : INFO : Mode.game : Started. Priority: 20
2025-09-06 20:33:43,887 : INFO : EventManager : Event: ======'modes_active_modes_changed'====== Args={}
2025-09-06 20:33:43,887 : INFO : EventManager : Event: ======'mode_game_started'====== Args={'buttons': [], 'hold_time': 0.07900000002700835}
2025-09-06 20:33:43,887 : INFO : EventManager : Event: ======'game_will_start'====== Args={}
2025-09-06 20:33:43,887 : INFO : EventManager : Event: ======'game_starting'====== Args={'game': <Mode.game>}
2025-09-06 20:33:43,888 : INFO : EventManager : Unordered handler for class <Auditor> on event game_ended with priority 1. Handlers: [RegisteredHandler(callback=<bound method Auditor.disable of <Auditor>>, priority=1, kwargs={}, key=UUID('748364b8-2df6-4d93-b5b3-1ee1f43be614'), condition=None, blocking_facility=None), RegisteredHandler(callback=<bound method Auditor._save_audits of <Auditor>>, priority=1, kwargs={}, key=UUID('fdf95ea8-b3b5-4581-b9b0-1aff3dc88da6'), condition=None, blocking_facility=None)]. The order of those handlers is not defined and they will be executed in random order. This might lead to race conditions and potential bugs.
2025-09-06 20:33:43,888 : INFO : EventManager : Event: ======'player_add_request'====== Args={}
2025-09-06 20:33:43,888 : INFO : EventManager : Event: ======'player_will_add'====== Args={'number': 1}
2025-09-06 20:33:43,888 : INFO : EventManager : Event: ======'player_adding'====== Args={'player': <Player 1>, 'number': 1}
2025-09-06 20:33:43,888 : INFO : EventManager : Event: ======'player_added'====== Args={'player': <Player 1>, 'num': 1}
2025-09-06 20:33:43,888 : INFO : Mode.game : Player added successfully. Total players: 1
2025-09-06 20:33:43,889 : INFO : EventManager : Event: ======'player_index'====== Args={'value': 0, 'prev_value': 0, 'change': 0, 'player_num': 1}
2025-09-06 20:33:43,889 : INFO : EventManager : Event: ======'player_number'====== Args={'value': 1, 'prev_value': 1, 'change': 0, 'player_num': 1}
2025-09-06 20:33:43,889 : INFO : EventManager : Event: ======'player_score'====== Args={'value': 0, 'prev_value': 0, 'change': 0, 'player_num': 1}
2025-09-06 20:33:43,889 : INFO : EventManager : Event: ======'game_started'====== Args={}
2025-09-06 20:33:43,889 : INFO : EventManager : Event: ======'player_turn_will_start'====== Args={'player': <Player 1>, 'number': 1}
2025-09-06 20:33:43,889 : INFO : EventManager : Event: ======'player_turn_starting'====== Args={'player': <Player 1>, 'number': 1}
2025-09-06 20:33:43,890 : INFO : EventManager : Event: ======'player_ball'====== Args={'value': 1, 'prev_value': 0, 'change': 1, 'player_num': 1}
2025-09-06 20:33:43,890 : INFO : EventManager : Event: ======'player_turn_started'====== Args={'player': <Player 1>, 'number': 1}
2025-09-06 20:33:43,894 : INFO : EventManager : Event: ======'ui_player_1_up'====== Args={'priority': 0}
2025-09-06 20:33:43,895 : INFO : EventManager : Event: ======'ball_will_start'====== Args={'player': 1, 'ball': 1, 'balls_remaining': 2, 'is_extra_ball': False}
2025-09-06 20:33:43,895 : INFO : EventManager : Event: ======'ball_starting'====== Args={'player': 1, 'ball': 1, 'balls_remaining': 2, 'is_extra_ball': False}
2025-09-06 20:33:43,895 : INFO : EventManager : Event: ======'mode_base_will_start'====== Args={'queue': <QueuedEvent>, 'player': 1, 'ball': 1, 'balls_remaining': 2, 'is_extra_ball': False}
2025-09-06 20:33:43,896 : INFO : EventManager : Event: ======'mode_base_starting'====== Args={'queue': <QueuedEvent>, 'player': 1, 'ball': 1, 'balls_remaining': 2, 'is_extra_ball': False}
2025-09-06 20:33:43,896 : INFO : Mode.base : Started. Priority: 100
2025-09-06 20:33:43,896 : INFO : EventManager : Event: ======'modes_active_modes_changed'====== Args={}
2025-09-06 20:33:43,896 : INFO : EventManager : Event: ======'mode_base_started'====== Args={'queue': <QueuedEvent>, 'player': 1, 'ball': 1, 'balls_remaining': 2, 'is_extra_ball': False}
2025-09-06 20:33:43,896 : INFO : EventManager : Event: ======'start_mode_bumpers'====== Args={'priority': 0}
2025-09-06 20:33:43,897 : INFO : EventManager : Event: ======'mode_bumpers_will_start'====== Args={'priority': 0}
2025-09-06 20:33:43,897 : INFO : EventManager : Event: ======'player_shot_bumper_left_enabled'====== Args={'value': True, 'prev_value': 0, 'change': 1, 'player_num': 1}
2025-09-06 20:33:43,897 : INFO : EventManager : Event: ======'player_shot_bumper_center_enabled'====== Args={'value': True, 'prev_value': 0, 'change': 1, 'player_num': 1}
2025-09-06 20:33:43,898 : INFO : EventManager : Event: ======'player_shot_bumper_right_enabled'====== Args={'value': True, 'prev_value': 0, 'change': 1, 'player_num': 1}
2025-09-06 20:33:43,898 : INFO : EventManager : Event: ======'bumpers_complete'====== Args={'state': 'unlit'}
2025-09-06 20:33:43,898 : INFO : EventManager : Event: ======'bumpers_unlit_complete'====== Args={}
2025-09-06 20:33:43,899 : INFO : EventManager : Event: ======'mode_bumpers_starting'====== Args={'priority': 0}
2025-09-06 20:33:43,899 : INFO : Mode.bumpers : Started. Priority: 200
2025-09-06 20:33:43,899 : INFO : EventManager : Event: ======'modes_active_modes_changed'====== Args={}
2025-09-06 20:33:43,899 : INFO : EventManager : Event: ======'mode_bumpers_started'====== Args={'priority': 0}
2025-09-06 20:33:43,899 : INFO : EventManager : Event: ======'balls_in_play'====== Args={'balls': 1}
2025-09-06 20:33:43,899 : INFO : EventManager : Event: ======'ball_started'====== Args={'player': 1, 'ball': 1, 'balls_remaining': 2, 'is_extra_ball': False}
2025-09-06 20:33:43,900 : INFO : EventManager : Event: ======'single_player_ball_started'====== Args={}
2025-09-06 20:33:43,900 : INFO : EventManager : Event: ======'ball_start_target'====== Args={'target': 'playfield'}
2025-09-06 20:33:43,901 : INFO : ball_device.bd_plunger : Setting up player-controlled eject. Balls: 1, Target: <playfield.playfield>, player_controlled_eject_event: None
2025-09-06 20:33:43,901 : INFO : EventManager : Event: ======'balldevice_balls_available'====== Args={}
2025-09-06 20:33:43,902 : INFO : ball_device.bd_trough : State: waiting_for_target_ready
2025-09-06 20:33:43,902 : INFO : EventManager : Event: ======'balldevice_bd_trough_ball_eject_attempt'====== Args={'balls': 1, 'target': <ball_device.bd_plunger>, 'source': <ball_device.bd_trough>, 'mechanical_eject': True, 'num_attempts': 0}
2025-09-06 20:33:43,902 : INFO : ball_device.bd_plunger : State: waiting_for_ball
2025-09-06 20:33:43,902 : INFO : ball_device.bd_trough : State: ejecting
2025-09-06 20:33:43,902 : INFO : ball_device.bd_trough : Ejecting ball to <ball_device.bd_plunger>
2025-09-06 20:33:43,902 : INFO : EventManager : Event: ======'balldevice_bd_trough_ejecting_ball'====== Args={'balls': 1, 'target': <ball_device.bd_plunger>, 'source': <ball_device.bd_trough>, 'mechanical_eject': True, 'num_attempts': 0}
2025-09-06 20:33:43,903 : INFO : ball_device.bd_trough : Wait for ball to leave device
2025-09-06 20:33:43,903 : INFO : coil.c_trough_eject : Pulsing Driver for 10ms (1.0 pulse_power)
2025-09-06 20:33:43,980 : INFO : EventManager : Event: ======'slide_base_slide_created'====== Args={'_from_bcp': True}
2025-09-06 20:33:43,980 : INFO : EventManager : Event: ======'slide_attract_inactive'====== Args={'is_removing': True, '_from_bcp': True}
2025-09-06 20:33:43,981 : INFO : EventManager : Event: ======'slide_base_slide_active'====== Args={'original_context': 'base', 'original_calling_context': 'mode_base_started', 'priority': 100.0, 'queue': '<QueuedEvent>', 'player': 1.0, 'ball': 1.0, 'balls_remaining': 2.0, 'is_extra_ball': False, 'cmd': 'slides_play', '_from_bcp': True}
2025-09-06 20:33:43,985 : INFO : EventManager : Event: ======'slide_attract_removed'====== Args={'_from_bcp': True}
2025-09-06 20:33:46,908 : INFO : EventManager : Event: ======'balldevice_bd_trough_ball_eject_failed'====== Args={'target': <ball_device.bd_plunger>, 'balls': 1, 'retry': True, 'num_attempts': 1}
2025-09-06 20:33:46,908 : INFO : ball_device.bd_trough : State: waiting_for_target_ready
2025-09-06 20:33:46,909 : INFO : EventManager : Event: ======'balldevice_bd_trough_ball_eject_attempt'====== Args={'balls': 1, 'target': <ball_device.bd_plunger>, 'source': <ball_device.bd_trough>, 'mechanical_eject': True, 'num_attempts': 1}
2025-09-06 20:33:46,909 : INFO : ball_device.bd_trough : State: ejecting
2025-09-06 20:33:46,909 : INFO : ball_device.bd_trough : Ejecting ball to <ball_device.bd_plunger>
2025-09-06 20:33:46,909 : INFO : EventManager : Event: ======'balldevice_bd_trough_ejecting_ball'====== Args={'balls': 1, 'target': <ball_device.bd_plunger>, 'source': <ball_device.bd_trough>, 'mechanical_eject': True, 'num_attempts': 1}
2025-09-06 20:33:46,909 : INFO : ball_device.bd_trough : Wait for ball to leave device
2025-09-06 20:33:46,910 : INFO : coil.c_trough_eject : Pulsing Driver for 10ms (1.0 pulse_power)
2025-09-06 20:33:49,929 : INFO : EventManager : Event: ======'balldevice_bd_trough_ball_eject_failed'====== Args={'target': <ball_device.bd_plunger>, 'balls': 1, 'retry': True, 'num_attempts': 2}
2025-09-06 20:33:49,930 : INFO : ball_device.bd_trough : State: waiting_for_target_ready
2025-09-06 20:33:49,930 : INFO : EventManager : Event: ======'balldevice_bd_trough_ball_eject_attempt'====== Args={'balls': 1, 'target': <ball_device.bd_plunger>, 'source': <ball_device.bd_trough>, 'mechanical_eject': True, 'num_attempts': 2}
2025-09-06 20:33:49,930 : INFO : ball_device.bd_trough : State: ejecting
2025-09-06 20:33:49,930 : INFO : ball_device.bd_trough : Ejecting ball to <ball_device.bd_plunger>
2025-09-06 20:33:49,930 : INFO : EventManager : Event: ======'balldevice_bd_trough_ejecting_ball'====== Args={'balls': 1, 'target': <ball_device.bd_plunger>, 'source': <ball_device.bd_trough>, 'mechanical_eject': True, 'num_attempts': 2}
2025-09-06 20:33:49,930 : INFO : ball_device.bd_trough : Wait for ball to leave device
2025-09-06 20:33:49,930 : INFO : coil.c_trough_eject : Pulsing Driver for 10ms (1.0 pulse_power)
2025-09-06 20:33:52,735 : INFO : Machine : Shutting down...
2025-09-06 20:33:52,735 : INFO : EventManager : Event: ======'shutdown'====== Args={}
2025-09-06 20:33:52,736 : INFO : EventManager : Event: ======'mode_game_will_stop'====== Args={}
2025-09-06 20:33:52,736 : INFO : EventManager : Event: ======'mode_game_stopping'====== Args={}
2025-09-06 20:33:52,736 : INFO : EventManager : Event: ======'mode_base_will_stop'====== Args={}
2025-09-06 20:33:52,737 : INFO : EventManager : Event: ======'mode_base_stopping'====== Args={}
2025-09-06 20:33:52,737 : INFO : EventManager : Event: ======'mode_bumpers_will_stop'====== Args={}
2025-09-06 20:33:52,737 : INFO : EventManager : Event: ======'mode_bumpers_stopping'====== Args={}
2025-09-06 20:33:52,737 : INFO : EventManager : Event: ======'stop_mode_bumpers'====== Args={'priority': 0}
2025-09-06 20:33:52,737 : INFO : Mode.bumpers : Stopped.
2025-09-06 20:33:52,737 : INFO : EventManager : Event: ======'modes_active_modes_changed'====== Args={}
2025-09-06 20:33:52,737 : INFO : EventManager : Event: ======'mode_bumpers_stopped'====== Args={}
2025-09-06 20:33:52,737 : INFO : EventManager : Event: ======'clear'====== Args={'key': 'bumpers'}
2025-09-06 20:33:52,738 : INFO : Mode.base : Stopped.
2025-09-06 20:33:52,738 : INFO : EventManager : Event: ======'modes_active_modes_changed'====== Args={}
2025-09-06 20:33:52,738 : INFO : EventManager : Event: ======'mode_base_stopped'====== Args={}
2025-09-06 20:33:52,738 : INFO : EventManager : Event: ======'clear'====== Args={'key': 'base'}
2025-09-06 20:33:52,738 : INFO : Mode.game : Stopped.
2025-09-06 20:33:52,738 : INFO : EventManager : Event: ======'modes_active_modes_changed'====== Args={}
2025-09-06 20:33:52,738 : INFO : EventManager : Event: ======'mode_game_stopped'====== Args={}
2025-09-06 20:33:52,738 : INFO : EventManager : Event: ======'clear'====== Args={'key': 'game'}
2025-09-06 20:33:52,741 : INFO : root : MPF run loop ended.
