2025-09-07 18:43:02,780 : INFO : root : Loading config.
2025-09-07 18:43:02,785 : INFO : YamlMultifileConfigLoader : Machine config file #1: config.yaml
2025-09-07 18:43:02,785 : WARNING : ConfigProcessor : Config file in cache changed: C:\Users\White\Documents\Top_Gun_Pinball\config\config.yaml
2025-09-07 18:43:02,785 : INFO : ConfigProcessor : Loading config from file C:\Users\White\mpf\Lib\site-packages\mpf\mpfconfig.yaml.
2025-09-07 18:43:02,800 : INFO : ConfigProcessor : Loading config: C:\Users\White\mpf\Lib\site-packages\mpf\mpfconfig.yaml
2025-09-07 18:43:02,800 : INFO : ConfigProcessor : Loading config from file C:\Users\White\Documents\Top_Gun_Pinball\config\config.yaml.
2025-09-07 18:43:02,814 : INFO : ConfigProcessor : Loading config: C:\Users\White\Documents\Top_Gun_Pinball\config\config.yaml
2025-09-07 18:43:02,814 : ERROR : ConfigProcessor : Config section 'sound_system' is removed in MPF 0.80 and will be ignored.
2025-09-07 18:43:02,814 : ERROR : ConfigProcessor : Config section 'sounds' is removed in MPF 0.80 and will be ignored.
2025-09-07 18:43:02,816 : INFO : ConfigProcessor : Loading config: C:\Users\White\Documents\Top_Gun_Pinball\config\config_ball_devices.yaml
2025-09-07 18:43:02,818 : INFO : ConfigProcessor : Loading config: C:\Users\White\Documents\Top_Gun_Pinball\config\config_coils.yaml
2025-09-07 18:43:02,819 : INFO : ConfigProcessor : Loading config: C:\Users\White\Documents\Top_Gun_Pinball\config\config_flippers.yaml
2025-09-07 18:43:02,826 : INFO : ConfigProcessor : Loading config: C:\Users\White\Documents\Top_Gun_Pinball\config\config_lights.yaml
2025-09-07 18:43:02,830 : INFO : ConfigProcessor : Loading config: C:\Users\White\Documents\Top_Gun_Pinball\config\config_switches.yaml
2025-09-07 18:43:02,832 : INFO : ConfigProcessor : Config file cache created: C:\Users\White\AppData\Local\Temp\cfa6ecba65704a931c9dd214c44986c8.mpf_cache
2025-09-07 18:43:02,931 : INFO : ConfigProcessor : Loading config from cache: C:\Users\White\AppData\Local\Temp\f98ffc0ff5962effface7d86bc406d5c.mpf_cache
2025-09-07 18:43:02,931 : INFO : ConfigProcessor : Loading config from cache: C:\Users\White\AppData\Local\Temp\91cc4d1c993c58dc354e34974b9cfeac.mpf_cache
2025-09-07 18:43:02,933 : INFO : ConfigProcessor : Loading config from cache: C:\Users\White\AppData\Local\Temp\f98ffc0ff5962effface7d86bc406d5c.mpf_cache
2025-09-07 18:43:02,933 : INFO : ConfigProcessor : Loading config from cache: C:\Users\White\AppData\Local\Temp\76792f1d686f89709887dba7bd69667a.mpf_cache
2025-09-07 18:43:02,943 : INFO : ConfigProcessor : Loading config from cache: C:\Users\White\AppData\Local\Temp\142bbae4707335cc8e3efaa4364c4893.mpf_cache
2025-09-07 18:43:02,944 : INFO : Machine : Mission Pinball Framework Core Engine v0.80.0.dev9
2025-09-07 18:43:02,944 : INFO : Machine : Command line arguments: {'no_load_cache': False, 'create_config_cache': True, 'bcp': True, 'configfile': ['config.yaml'], 'force_assets_load': False, 'platform_integration_test': False, 'jsonlogging': False, 'logfile': 'logs\\2025-09-07-18-43-02-mpf-TopGunPinball.log', 'pause': False, 'production': False, 'text_ui': False, 'loglevel': 15, 'consoleloglevel': 20, 'force_platform': 'virtual', 'syslog_address': None, 'full_logfile_path': 'C:\\Users\\White\\Documents\\Top_Gun_Pinball\\logs\\2025-09-07-18-43-02-mpf-TopGunPinball.log'}
2025-09-07 18:43:02,944 : INFO : Machine : MPF path: C:\Users\White\mpf\Lib\site-packages\mpf
2025-09-07 18:43:02,944 : INFO : Machine : Machine path: C:\Users\White\Documents\Top_Gun_Pinball
2025-09-07 18:43:02,944 : INFO : Machine : Platform: win32
2025-09-07 18:43:02,944 : INFO : Machine : Python executable location: C:\Users\White\mpf\Scripts\python.exe
2025-09-07 18:43:02,944 : INFO : Machine : Python version: 3.12.7 (64-bit)
2025-09-07 18:43:02,948 : INFO : Machine : Initializing MPF...
2025-09-07 18:43:03,038 : INFO : EventManager : Event: ======'machine_var_credits_string'====== Args={'value': 'FREE PLAY', 'prev_value': None, 'change': True}
2025-09-07 18:43:03,066 : INFO : EventManager : Event: ======'machine_var_master_volume'====== Args={'value': 0.5, 'prev_value': None, 'change': True}
2025-09-07 18:43:03,066 : INFO : EventManager : Event: ======'machine_var_player1_score'====== Args={'value': 61000, 'prev_value': None, 'change': True}
2025-09-07 18:43:03,066 : INFO : EventManager : Event: ======'machine_var_player2_score'====== Args={'value': 73000, 'prev_value': None, 'change': True}
2025-09-07 18:43:03,066 : INFO : EventManager : Event: ======'machine_var_mpf_version'====== Args={'value': 'Mission Pinball Framework v0.80.0.dev9', 'prev_value': None, 'change': True}
2025-09-07 18:43:03,066 : INFO : EventManager : Event: ======'machine_var_mpf_extended_version'====== Args={'value': 'Mission Pinball Framework v0.80.0.dev9, Config version:6, Show version: 6, BCP version:1.1', 'prev_value': None, 'change': True}
2025-09-07 18:43:03,067 : INFO : EventManager : Event: ======'machine_var_python_version'====== Args={'value': '3.12.7', 'prev_value': None, 'change': True}
2025-09-07 18:43:03,166 : INFO : EventManager : Event: ======'machine_var_platform'====== Args={'value': 'Windows-11-10.0.26100-SP0', 'prev_value': None, 'change': True}
2025-09-07 18:43:03,166 : INFO : EventManager : Event: ======'machine_var_platform_system'====== Args={'value': 'Windows', 'prev_value': None, 'change': True}
2025-09-07 18:43:03,166 : INFO : EventManager : Event: ======'machine_var_platform_release'====== Args={'value': '11', 'prev_value': None, 'change': True}
2025-09-07 18:43:03,166 : INFO : EventManager : Event: ======'machine_var_platform_version'====== Args={'value': '10.0.26100', 'prev_value': None, 'change': True}
2025-09-07 18:43:03,166 : INFO : EventManager : Event: ======'machine_var_platform_machine'====== Args={'value': 'AMD64', 'prev_value': None, 'change': True}
2025-09-07 18:43:03,168 : INFO : EventManager : Event: ======'machine_var_log_file_path'====== Args={'value': 'C:\\Users\\White\\Documents\\Top_Gun_Pinball\\logs\\2025-09-07-18-43-02-mpf-TopGunPinball.log', 'prev_value': None, 'change': True}
2025-09-07 18:43:03,168 : INFO : EventManager : Event: ======'init_phase_1'====== Args={}
2025-09-07 18:43:03,199 : INFO : EventManager : Event: ======'init_phase_2'====== Args={}
2025-09-07 18:43:03,199 : INFO : SwitchController : Found active switch: (1007, <Platform.Virtual>) <switch.s_trough_1>
2025-09-07 18:43:03,199 : INFO : SwitchController : Found active switch: (1008, <Platform.Virtual>) <switch.s_trough_2>
2025-09-07 18:43:03,199 : INFO : SwitchController : Found active switch: (1009, <Platform.Virtual>) <switch.s_trough_3>
2025-09-07 18:43:03,199 : INFO : SwitchController : Found active switch: (1010, <Platform.Virtual>) <switch.s_trough_4>
2025-09-07 18:43:03,199 : INFO : SwitchController : Found active switch: (1011, <Platform.Virtual>) <switch.s_trough_5>
2025-09-07 18:43:03,199 : INFO : SwitchController : Found active switch: (1012, <Platform.Virtual>) <switch.s_trough_6>
2025-09-07 18:43:03,201 : INFO : EventManager : Event: ======'bcp_connection_attempt'====== Args={'name': 'local_display', 'host': 'localhost', 'port': 5050}
2025-09-07 18:43:03,204 : INFO : BCPClientSocket : Connecting BCP to 'local_display' at localhost:5050...
2025-09-07 18:43:03,215 : INFO : BCPClientSocket : Connected BCP to 'local_display' localhost:5050
2025-09-07 18:43:03,215 : INFO : EventManager : Event: ======'bcp_clients_connected'====== Args={}
2025-09-07 18:43:03,216 : INFO : ball_device.bd_plunger : BCH: Initial count: 0
2025-09-07 18:43:03,216 : INFO : ball_device.bd_plunger : State: idle
2025-09-07 18:43:03,216 : INFO : ball_device.bd_trough : BCH: Initial count: 6
2025-09-07 18:43:03,216 : INFO : ball_device.bd_trough : State: idle
2025-09-07 18:43:03,242 : INFO : EventManager : Event: ======'init_phase_3'====== Args={}
2025-09-07 18:43:03,244 : INFO : EventManager : Event: ======'init_phase_4'====== Args={}
2025-09-07 18:43:03,244 : INFO : BallController : Initial balls found: 6
2025-09-07 18:43:03,246 : INFO : EventManager : Event: ======'machine_var_audits_events_game_ended'====== Args={'value': 1, 'prev_value': None, 'change': True}
2025-09-07 18:43:03,246 : INFO : EventManager : Event: ======'machine_var_audits_events_game_started'====== Args={'value': 105, 'prev_value': None, 'change': True}
2025-09-07 18:43:03,246 : INFO : EventManager : Event: ======'machine_var_audits_missing_switches_s_a_iceman_target'====== Args={'value': 54, 'prev_value': None, 'change': True}
2025-09-07 18:43:03,246 : INFO : EventManager : Event: ======'machine_var_audits_missing_switches_s_barrier_target'====== Args={'value': 54, 'prev_value': None, 'change': True}
2025-09-07 18:43:03,246 : INFO : EventManager : Event: ======'machine_var_audits_missing_switches_s_bumper_right'====== Args={'value': 6, 'prev_value': None, 'change': True}
2025-09-07 18:43:03,246 : INFO : EventManager : Event: ======'machine_var_audits_missing_switches_s_c_iceman_target'====== Args={'value': 54, 'prev_value': None, 'change': True}
2025-09-07 18:43:03,246 : INFO : EventManager : Event: ======'machine_var_audits_missing_switches_s_c_lock_target'====== Args={'value': 54, 'prev_value': None, 'change': True}
2025-09-07 18:43:03,246 : INFO : EventManager : Event: ======'machine_var_audits_missing_switches_s_flight_gear_target'====== Args={'value': 54, 'prev_value': None, 'change': True}
2025-09-07 18:43:03,246 : INFO : EventManager : Event: ======'machine_var_audits_missing_switches_s_flipper_left'====== Args={'value': 50, 'prev_value': None, 'change': True}
2025-09-07 18:43:03,246 : INFO : EventManager : Event: ======'machine_var_audits_missing_switches_s_flipper_left_eos'====== Args={'value': 52, 'prev_value': None, 'change': True}
2025-09-07 18:43:03,246 : INFO : EventManager : Event: ======'machine_var_audits_missing_switches_s_flipper_left_upper'====== Args={'value': 54, 'prev_value': None, 'change': True}
2025-09-07 18:43:03,246 : INFO : EventManager : Event: ======'machine_var_audits_missing_switches_s_flipper_left_upper_eos'====== Args={'value': 52, 'prev_value': None, 'change': True}
2025-09-07 18:43:03,246 : INFO : EventManager : Event: ======'machine_var_audits_missing_switches_s_flipper_right'====== Args={'value': 50, 'prev_value': None, 'change': True}
2025-09-07 18:43:03,246 : INFO : EventManager : Event: ======'machine_var_audits_missing_switches_s_flipper_right_eos'====== Args={'value': 52, 'prev_value': None, 'change': True}
2025-09-07 18:43:03,246 : INFO : EventManager : Event: ======'machine_var_audits_missing_switches_s_i_iceman_target'====== Args={'value': 54, 'prev_value': None, 'change': True}
2025-09-07 18:43:03,246 : INFO : EventManager : Event: ======'machine_var_audits_missing_switches_s_inner_inlane_right'====== Args={'value': 54, 'prev_value': None, 'change': True}
2025-09-07 18:43:03,247 : INFO : EventManager : Event: ======'machine_var_audits_missing_switches_s_jam'====== Args={'value': 105, 'prev_value': None, 'change': True}
2025-09-07 18:43:03,247 : INFO : EventManager : Event: ======'machine_var_audits_missing_switches_s_k_lock_target'====== Args={'value': 54, 'prev_value': None, 'change': True}
2025-09-07 18:43:03,247 : INFO : EventManager : Event: ======'machine_var_audits_missing_switches_s_l_lock_target'====== Args={'value': 54, 'prev_value': None, 'change': True}
2025-09-07 18:43:03,247 : INFO : EventManager : Event: ======'machine_var_audits_missing_switches_s_lane_left'====== Args={'value': 104, 'prev_value': None, 'change': True}
2025-09-07 18:43:03,247 : INFO : EventManager : Event: ======'machine_var_audits_missing_switches_s_lane_right'====== Args={'value': 54, 'prev_value': None, 'change': True}
2025-09-07 18:43:03,247 : INFO : EventManager : Event: ======'machine_var_audits_missing_switches_s_lock_goose'====== Args={'value': 54, 'prev_value': None, 'change': True}
2025-09-07 18:43:03,247 : INFO : EventManager : Event: ======'machine_var_audits_missing_switches_s_lock_mav'====== Args={'value': 54, 'prev_value': None, 'change': True}
2025-09-07 18:43:03,247 : INFO : EventManager : Event: ======'machine_var_audits_missing_switches_s_lock_plunger'====== Args={'value': 54, 'prev_value': None, 'change': True}
2025-09-07 18:43:03,247 : INFO : EventManager : Event: ======'machine_var_audits_missing_switches_s_m_iceman_target'====== Args={'value': 54, 'prev_value': None, 'change': True}
2025-09-07 18:43:03,247 : INFO : EventManager : Event: ======'machine_var_audits_missing_switches_s_mig_lane_left'====== Args={'value': 54, 'prev_value': None, 'change': True}
2025-09-07 18:43:03,247 : INFO : EventManager : Event: ======'machine_var_audits_missing_switches_s_mig_lane_right'====== Args={'value': 54, 'prev_value': None, 'change': True}
2025-09-07 18:43:03,247 : INFO : EventManager : Event: ======'machine_var_audits_missing_switches_s_mode_start'====== Args={'value': 54, 'prev_value': None, 'change': True}
2025-09-07 18:43:03,247 : INFO : EventManager : Event: ======'machine_var_audits_missing_switches_s_n_iceman_target'====== Args={'value': 54, 'prev_value': None, 'change': True}
2025-09-07 18:43:03,248 : INFO : EventManager : Event: ======'machine_var_audits_missing_switches_s_o_lock_target'====== Args={'value': 54, 'prev_value': None, 'change': True}
2025-09-07 18:43:03,248 : INFO : EventManager : Event: ======'machine_var_audits_missing_switches_s_orbit_left'====== Args={'value': 30, 'prev_value': None, 'change': True}
2025-09-07 18:43:03,248 : INFO : EventManager : Event: ======'machine_var_audits_missing_switches_s_orbit_lower'====== Args={'value': 54, 'prev_value': None, 'change': True}
2025-09-07 18:43:03,248 : INFO : EventManager : Event: ======'machine_var_audits_missing_switches_s_orbit_right'====== Args={'value': 54, 'prev_value': None, 'change': True}
2025-09-07 18:43:03,248 : INFO : EventManager : Event: ======'machine_var_audits_missing_switches_s_orbit_upper'====== Args={'value': 54, 'prev_value': None, 'change': True}
2025-09-07 18:43:03,248 : INFO : EventManager : Event: ======'machine_var_audits_missing_switches_s_outer_inlane_right'====== Args={'value': 54, 'prev_value': None, 'change': True}
2025-09-07 18:43:03,248 : INFO : EventManager : Event: ======'machine_var_audits_missing_switches_s_outlane_left'====== Args={'value': 54, 'prev_value': None, 'change': True}
2025-09-07 18:43:03,248 : INFO : EventManager : Event: ======'machine_var_audits_missing_switches_s_outlane_right'====== Args={'value': 54, 'prev_value': None, 'change': True}
2025-09-07 18:43:03,248 : INFO : EventManager : Event: ======'machine_var_audits_missing_switches_s_plunger_lane'====== Args={'value': 1, 'prev_value': None, 'change': True}
2025-09-07 18:43:03,248 : INFO : EventManager : Event: ======'machine_var_audits_missing_switches_s_ramp_inner_exit'====== Args={'value': 54, 'prev_value': None, 'change': True}
2025-09-07 18:43:03,248 : INFO : EventManager : Event: ======'machine_var_audits_missing_switches_s_ramp_left_exit'====== Args={'value': 54, 'prev_value': None, 'change': True}
2025-09-07 18:43:03,248 : INFO : EventManager : Event: ======'machine_var_audits_missing_switches_s_ramp_right_exit'====== Args={'value': 54, 'prev_value': None, 'change': True}
2025-09-07 18:43:03,248 : INFO : EventManager : Event: ======'machine_var_audits_missing_switches_s_ramp_tower_exit'====== Args={'value': 54, 'prev_value': None, 'change': True}
2025-09-07 18:43:03,248 : INFO : EventManager : Event: ======'machine_var_audits_missing_switches_s_slingshot_left'====== Args={'value': 1, 'prev_value': None, 'change': True}
2025-09-07 18:43:03,248 : INFO : EventManager : Event: ======'machine_var_audits_missing_switches_s_slingshot_right'====== Args={'value': 3, 'prev_value': None, 'change': True}
2025-09-07 18:43:03,248 : INFO : EventManager : Event: ======'machine_var_audits_missing_switches_s_spinner'====== Args={'value': 54, 'prev_value': None, 'change': True}
2025-09-07 18:43:03,248 : INFO : EventManager : Event: ======'machine_var_audits_missing_switches_s_trough_1'====== Args={'value': 30, 'prev_value': None, 'change': True}
2025-09-07 18:43:03,248 : INFO : EventManager : Event: ======'machine_var_audits_missing_switches_s_trough_2'====== Args={'value': 30, 'prev_value': None, 'change': True}
2025-09-07 18:43:03,248 : INFO : EventManager : Event: ======'machine_var_audits_missing_switches_s_trough_3'====== Args={'value': 30, 'prev_value': None, 'change': True}
2025-09-07 18:43:03,248 : INFO : EventManager : Event: ======'machine_var_audits_missing_switches_s_trough_4'====== Args={'value': 105, 'prev_value': None, 'change': True}
2025-09-07 18:43:03,248 : INFO : EventManager : Event: ======'machine_var_audits_missing_switches_s_trough_5'====== Args={'value': 105, 'prev_value': None, 'change': True}
2025-09-07 18:43:03,248 : INFO : EventManager : Event: ======'machine_var_audits_missing_switches_s_trough_6'====== Args={'value': 3, 'prev_value': None, 'change': True}
2025-09-07 18:43:03,248 : INFO : EventManager : Event: ======'machine_var_audits_player_score'====== Args={'value': {'average': 67000, 'top': [73000, 61000], 'total': 2}, 'prev_value': None, 'change': True}
2025-09-07 18:43:03,249 : INFO : EventManager : Event: ======'machine_var_audits_shots_bumper_center'====== Args={'value': 399, 'prev_value': None, 'change': True}
2025-09-07 18:43:03,249 : INFO : EventManager : Event: ======'machine_var_audits_shots_bumper_left'====== Args={'value': 403, 'prev_value': None, 'change': True}
2025-09-07 18:43:03,249 : INFO : EventManager : Event: ======'machine_var_audits_shots_bumper_right'====== Args={'value': 291, 'prev_value': None, 'change': True}
2025-09-07 18:43:03,249 : INFO : EventManager : Event: ======'machine_var_audits_switches_s_a_iceman_target'====== Args={'value': 0, 'prev_value': None, 'change': True}
2025-09-07 18:43:03,249 : INFO : EventManager : Event: ======'machine_var_audits_switches_s_barrier_target'====== Args={'value': 0, 'prev_value': None, 'change': True}
2025-09-07 18:43:03,249 : INFO : EventManager : Event: ======'machine_var_audits_switches_s_bumper_center'====== Args={'value': 412, 'prev_value': None, 'change': True}
2025-09-07 18:43:03,249 : INFO : EventManager : Event: ======'machine_var_audits_switches_s_bumper_left'====== Args={'value': 418, 'prev_value': None, 'change': True}
2025-09-07 18:43:03,249 : INFO : EventManager : Event: ======'machine_var_audits_switches_s_bumper_right'====== Args={'value': 295, 'prev_value': None, 'change': True}
2025-09-07 18:43:03,249 : INFO : EventManager : Event: ======'machine_var_audits_switches_s_c_iceman_target'====== Args={'value': 0, 'prev_value': None, 'change': True}
2025-09-07 18:43:03,249 : INFO : EventManager : Event: ======'machine_var_audits_switches_s_c_lock_target'====== Args={'value': 0, 'prev_value': None, 'change': True}
2025-09-07 18:43:03,249 : INFO : EventManager : Event: ======'machine_var_audits_switches_s_e_iceman_target'====== Args={'value': 1, 'prev_value': None, 'change': True}
2025-09-07 18:43:03,249 : INFO : EventManager : Event: ======'machine_var_audits_switches_s_flight_gear_target'====== Args={'value': 0, 'prev_value': None, 'change': True}
2025-09-07 18:43:03,249 : INFO : EventManager : Event: ======'machine_var_audits_switches_s_flipper_left'====== Args={'value': 9, 'prev_value': None, 'change': True}
2025-09-07 18:43:03,249 : INFO : EventManager : Event: ======'machine_var_audits_switches_s_flipper_left_eos'====== Args={'value': 0, 'prev_value': None, 'change': True}
2025-09-07 18:43:03,249 : INFO : EventManager : Event: ======'machine_var_audits_switches_s_flipper_left_upper'====== Args={'value': 0, 'prev_value': None, 'change': True}
2025-09-07 18:43:03,249 : INFO : EventManager : Event: ======'machine_var_audits_switches_s_flipper_left_upper_eos'====== Args={'value': 0, 'prev_value': None, 'change': True}
2025-09-07 18:43:03,249 : INFO : EventManager : Event: ======'machine_var_audits_switches_s_flipper_right'====== Args={'value': 9, 'prev_value': None, 'change': True}
2025-09-07 18:43:03,249 : INFO : EventManager : Event: ======'machine_var_audits_switches_s_flipper_right_eos'====== Args={'value': 0, 'prev_value': None, 'change': True}
2025-09-07 18:43:03,249 : INFO : EventManager : Event: ======'machine_var_audits_switches_s_i_iceman_target'====== Args={'value': 0, 'prev_value': None, 'change': True}
2025-09-07 18:43:03,249 : INFO : EventManager : Event: ======'machine_var_audits_switches_s_inlane_left'====== Args={'value': 24, 'prev_value': None, 'change': True}
2025-09-07 18:43:03,249 : INFO : EventManager : Event: ======'machine_var_audits_switches_s_inner_inlane_right'====== Args={'value': 0, 'prev_value': None, 'change': True}
2025-09-07 18:43:03,249 : INFO : EventManager : Event: ======'machine_var_audits_switches_s_jam'====== Args={'value': 0, 'prev_value': None, 'change': True}
2025-09-07 18:43:03,249 : INFO : EventManager : Event: ======'machine_var_audits_switches_s_k_lock_target'====== Args={'value': 0, 'prev_value': None, 'change': True}
2025-09-07 18:43:03,250 : INFO : EventManager : Event: ======'machine_var_audits_switches_s_l_lock_target'====== Args={'value': 0, 'prev_value': None, 'change': True}
2025-09-07 18:43:03,250 : INFO : EventManager : Event: ======'machine_var_audits_switches_s_lane_left'====== Args={'value': 1, 'prev_value': None, 'change': True}
2025-09-07 18:43:03,250 : INFO : EventManager : Event: ======'machine_var_audits_switches_s_lane_right'====== Args={'value': 0, 'prev_value': None, 'change': True}
2025-09-07 18:43:03,250 : INFO : EventManager : Event: ======'machine_var_audits_switches_s_lock_goose'====== Args={'value': 0, 'prev_value': None, 'change': True}
2025-09-07 18:43:03,250 : INFO : EventManager : Event: ======'machine_var_audits_switches_s_lock_mav'====== Args={'value': 0, 'prev_value': None, 'change': True}
2025-09-07 18:43:03,250 : INFO : EventManager : Event: ======'machine_var_audits_switches_s_lock_plunger'====== Args={'value': 0, 'prev_value': None, 'change': True}
2025-09-07 18:43:03,250 : INFO : EventManager : Event: ======'machine_var_audits_switches_s_m_iceman_target'====== Args={'value': 0, 'prev_value': None, 'change': True}
2025-09-07 18:43:03,250 : INFO : EventManager : Event: ======'machine_var_audits_switches_s_mig_lane_left'====== Args={'value': 0, 'prev_value': None, 'change': True}
2025-09-07 18:43:03,250 : INFO : EventManager : Event: ======'machine_var_audits_switches_s_mig_lane_right'====== Args={'value': 0, 'prev_value': None, 'change': True}
2025-09-07 18:43:03,250 : INFO : EventManager : Event: ======'machine_var_audits_switches_s_mode_start'====== Args={'value': 0, 'prev_value': None, 'change': True}
2025-09-07 18:43:03,250 : INFO : EventManager : Event: ======'machine_var_audits_switches_s_n_iceman_target'====== Args={'value': 0, 'prev_value': None, 'change': True}
2025-09-07 18:43:03,250 : INFO : EventManager : Event: ======'machine_var_audits_switches_s_o_lock_target'====== Args={'value': 0, 'prev_value': None, 'change': True}
2025-09-07 18:43:03,250 : INFO : EventManager : Event: ======'machine_var_audits_switches_s_orbit_left'====== Args={'value': 2, 'prev_value': None, 'change': True}
2025-09-07 18:43:03,250 : INFO : EventManager : Event: ======'machine_var_audits_switches_s_orbit_lower'====== Args={'value': 0, 'prev_value': None, 'change': True}
2025-09-07 18:43:03,250 : INFO : EventManager : Event: ======'machine_var_audits_switches_s_orbit_right'====== Args={'value': 0, 'prev_value': None, 'change': True}
2025-09-07 18:43:03,250 : INFO : EventManager : Event: ======'machine_var_audits_switches_s_orbit_upper'====== Args={'value': 0, 'prev_value': None, 'change': True}
2025-09-07 18:43:03,250 : INFO : EventManager : Event: ======'machine_var_audits_switches_s_outer_inlane_right'====== Args={'value': 0, 'prev_value': None, 'change': True}
2025-09-07 18:43:03,250 : INFO : EventManager : Event: ======'machine_var_audits_switches_s_outlane_left'====== Args={'value': 0, 'prev_value': None, 'change': True}
2025-09-07 18:43:03,250 : INFO : EventManager : Event: ======'machine_var_audits_switches_s_outlane_right'====== Args={'value': 0, 'prev_value': None, 'change': True}
2025-09-07 18:43:03,250 : INFO : EventManager : Event: ======'machine_var_audits_switches_s_plunger_lane'====== Args={'value': 32, 'prev_value': None, 'change': True}
2025-09-07 18:43:03,250 : INFO : EventManager : Event: ======'machine_var_audits_switches_s_ramp_inner_exit'====== Args={'value': 0, 'prev_value': None, 'change': True}
2025-09-07 18:43:03,250 : INFO : EventManager : Event: ======'machine_var_audits_switches_s_ramp_left_exit'====== Args={'value': 0, 'prev_value': None, 'change': True}
2025-09-07 18:43:03,250 : INFO : EventManager : Event: ======'machine_var_audits_switches_s_ramp_right_exit'====== Args={'value': 0, 'prev_value': None, 'change': True}
2025-09-07 18:43:03,250 : INFO : EventManager : Event: ======'machine_var_audits_switches_s_ramp_tower_exit'====== Args={'value': 0, 'prev_value': None, 'change': True}
2025-09-07 18:43:03,250 : INFO : EventManager : Event: ======'machine_var_audits_switches_s_slingshot_left'====== Args={'value': 4, 'prev_value': None, 'change': True}
2025-09-07 18:43:03,250 : INFO : EventManager : Event: ======'machine_var_audits_switches_s_slingshot_right'====== Args={'value': 2, 'prev_value': None, 'change': True}
2025-09-07 18:43:03,250 : INFO : EventManager : Event: ======'machine_var_audits_switches_s_spinner'====== Args={'value': 0, 'prev_value': None, 'change': True}
2025-09-07 18:43:03,250 : INFO : EventManager : Event: ======'machine_var_audits_switches_s_start'====== Args={'value': 129, 'prev_value': None, 'change': True}
2025-09-07 18:43:03,250 : INFO : EventManager : Event: ======'machine_var_audits_switches_s_trough_1'====== Args={'value': 2, 'prev_value': None, 'change': True}
2025-09-07 18:43:03,251 : INFO : EventManager : Event: ======'machine_var_audits_switches_s_trough_2'====== Args={'value': 1, 'prev_value': None, 'change': True}
2025-09-07 18:43:03,251 : INFO : EventManager : Event: ======'machine_var_audits_switches_s_trough_3'====== Args={'value': 1, 'prev_value': None, 'change': True}
2025-09-07 18:43:03,251 : INFO : EventManager : Event: ======'machine_var_audits_switches_s_trough_4'====== Args={'value': 0, 'prev_value': None, 'change': True}
2025-09-07 18:43:03,251 : INFO : EventManager : Event: ======'machine_var_audits_switches_s_trough_5'====== Args={'value': 0, 'prev_value': None, 'change': True}
2025-09-07 18:43:03,251 : INFO : EventManager : Event: ======'machine_var_audits_switches_s_trough_6'====== Args={'value': 57, 'prev_value': None, 'change': True}
2025-09-07 18:43:03,251 : INFO : EventManager : Event: ======'init_phase_5'====== Args={}
2025-09-07 18:43:03,251 : INFO : EventManager : Event: ======'init_done'====== Args={}
2025-09-07 18:43:03,252 : INFO : EventManager : Event: ======'machine_reset_phase_1'====== Args={}
2025-09-07 18:43:03,258 : INFO : EventManager : Event: ======'machine_reset_phase_2'====== Args={}
2025-09-07 18:43:03,258 : INFO : EventManager : Event: ======'machine_reset_phase_3'====== Args={}
2025-09-07 18:43:03,258 : INFO : EventManager : Event: ======'reset_complete'====== Args={}
2025-09-07 18:43:03,258 : INFO : EventManager : Event: ======'mode_attract_will_start'====== Args={}
2025-09-07 18:43:03,259 : INFO : Timer.attract_carousel_timer : Starting Timer.
2025-09-07 18:43:03,259 : INFO : EventManager : Event: ======'timer_attract_carousel_timer_started'====== Args={'ticks': 0, 'ticks_remaining': 1}
2025-09-07 18:43:03,259 : INFO : EventManager : Event: ======'timer_attract_carousel_timer_tick'====== Args={'ticks': 0, 'ticks_remaining': 1}
2025-09-07 18:43:03,260 : INFO : EventManager : Event: ======'mode_attract_starting'====== Args={}
2025-09-07 18:43:03,260 : INFO : Mode.attract : Started. Priority: 10
2025-09-07 18:43:03,260 : INFO : EventManager : Event: ======'modes_active_modes_changed'====== Args={}
2025-09-07 18:43:03,260 : INFO : EventManager : Event: ======'mode_attract_started'====== Args={}
2025-09-07 18:43:03,260 : INFO : EventManager : Event: ======'collecting_balls_complete'====== Args={}
2025-09-07 18:43:03,261 : INFO : EventManager : Event: ======'item_highlighted'====== Args={'carousel': 'attract', 'direction': None, 'item': 'title'}
2025-09-07 18:43:03,261 : INFO : EventManager : Event: ======'timer_attract_carousel_timer_tick'====== Args={'ticks': 0, 'ticks_remaining': 1}
2025-09-07 18:43:03,261 : INFO : Machine : Starting the main run loop with active modes: [<Mode.attract>]
2025-09-07 18:43:03,336 : INFO : EventManager : Event: ======'slide_attract_created'====== Args={'_from_bcp': True}
2025-09-07 18:43:03,336 : INFO : EventManager : Event: ======'slide__removed'====== Args={'_from_bcp': True}
2025-09-07 18:43:03,336 : INFO : EventManager : Event: ======'slide_attract_active'====== Args={'original_context': 'attract', 'original_calling_context': 'mode_attract_started', 'priority': 10.0, 'cmd': 'slides_play', '_from_bcp': True}
2025-09-07 18:43:04,755 : INFO : SwitchController : <<<<<<< 's_start' active >>>>>>>
2025-09-07 18:43:04,888 : INFO : SwitchController : <<<<<<< 's_start' inactive >>>>>>>
2025-09-07 18:43:04,888 : INFO : EventManager : Event: ======'request_to_start_game'====== Args={}
2025-09-07 18:43:04,888 : INFO : EventManager : Event: ======'game_start'====== Args={'buttons': [], 'hold_time': 0.14000000001396984}
2025-09-07 18:43:04,888 : INFO : EventManager : Event: ======'mode_game_will_start'====== Args={'buttons': [], 'hold_time': 0.14000000001396984}
2025-09-07 18:43:04,889 : INFO : EventManager : Event: ======'mode_game_starting'====== Args={'buttons': [], 'hold_time': 0.14000000001396984}
2025-09-07 18:43:04,889 : INFO : EventManager : Event: ======'mode_attract_will_stop'====== Args={}
2025-09-07 18:43:04,889 : INFO : EventManager : Event: ======'mode_attract_stopping'====== Args={}
2025-09-07 18:43:04,889 : INFO : Mode.attract : Stopped.
2025-09-07 18:43:04,889 : INFO : EventManager : Event: ======'modes_active_modes_changed'====== Args={}
2025-09-07 18:43:04,890 : INFO : EventManager : Event: ======'mode_attract_stopped'====== Args={}
2025-09-07 18:43:04,890 : INFO : EventManager : Event: ======'clear'====== Args={'key': 'attract'}
2025-09-07 18:43:04,890 : INFO : Timer.attract_carousel_timer : Stopping Timer
2025-09-07 18:43:04,890 : INFO : EventManager : Event: ======'timer_attract_carousel_timer_stopped'====== Args={'ticks': 0, 'ticks_remaining': 1}
2025-09-07 18:43:04,890 : INFO : Mode.game : Started. Priority: 20
2025-09-07 18:43:04,890 : INFO : EventManager : Event: ======'modes_active_modes_changed'====== Args={}
2025-09-07 18:43:04,890 : INFO : EventManager : Event: ======'mode_game_started'====== Args={'buttons': [], 'hold_time': 0.14000000001396984}
2025-09-07 18:43:04,891 : INFO : EventManager : Event: ======'game_will_start'====== Args={}
2025-09-07 18:43:04,891 : INFO : EventManager : Event: ======'game_starting'====== Args={'game': <Mode.game>}
2025-09-07 18:43:04,891 : INFO : EventManager : Unordered handler for class <Auditor> on event game_ended with priority 1. Handlers: [RegisteredHandler(callback=<bound method Auditor.disable of <Auditor>>, priority=1, kwargs={}, key=UUID('24ec3c13-b3a5-4b47-81fe-192798e94bb6'), condition=None, blocking_facility=None), RegisteredHandler(callback=<bound method Auditor._save_audits of <Auditor>>, priority=1, kwargs={}, key=UUID('017b9ac3-454f-48d3-94c1-122f1c43b7ee'), condition=None, blocking_facility=None)]. The order of those handlers is not defined and they will be executed in random order. This might lead to race conditions and potential bugs.
2025-09-07 18:43:04,893 : INFO : EventManager : Event: ======'player_add_request'====== Args={}
2025-09-07 18:43:04,893 : INFO : EventManager : Event: ======'player_will_add'====== Args={'number': 1}
2025-09-07 18:43:04,893 : INFO : EventManager : Event: ======'player_adding'====== Args={'player': <Player 1>, 'number': 1}
2025-09-07 18:43:04,893 : INFO : EventManager : Event: ======'player_added'====== Args={'player': <Player 1>, 'num': 1}
2025-09-07 18:43:04,893 : INFO : Mode.game : Player added successfully. Total players: 1
2025-09-07 18:43:04,893 : INFO : EventManager : Event: ======'player_index'====== Args={'value': 0, 'prev_value': 0, 'change': 0, 'player_num': 1}
2025-09-07 18:43:04,893 : INFO : EventManager : Event: ======'player_number'====== Args={'value': 1, 'prev_value': 1, 'change': 0, 'player_num': 1}
2025-09-07 18:43:04,893 : INFO : EventManager : Event: ======'player_score'====== Args={'value': 0, 'prev_value': 0, 'change': 0, 'player_num': 1}
2025-09-07 18:43:04,893 : INFO : EventManager : Event: ======'game_started'====== Args={}
2025-09-07 18:43:04,894 : INFO : EventManager : Event: ======'player_turn_will_start'====== Args={'player': <Player 1>, 'number': 1}
2025-09-07 18:43:04,894 : INFO : EventManager : Event: ======'player_turn_starting'====== Args={'player': <Player 1>, 'number': 1}
2025-09-07 18:43:04,894 : INFO : EventManager : Event: ======'player_ball'====== Args={'value': 1, 'prev_value': 0, 'change': 1, 'player_num': 1}
2025-09-07 18:43:04,894 : INFO : EventManager : Event: ======'player_turn_started'====== Args={'player': <Player 1>, 'number': 1}
2025-09-07 18:43:04,894 : INFO : EventManager : Event: ======'ui_player_1_up'====== Args={'priority': 0}
2025-09-07 18:43:04,894 : INFO : EventManager : Event: ======'ball_will_start'====== Args={'player': 1, 'ball': 1, 'balls_remaining': 2, 'is_extra_ball': False}
2025-09-07 18:43:04,894 : INFO : EventManager : Event: ======'ball_starting'====== Args={'player': 1, 'ball': 1, 'balls_remaining': 2, 'is_extra_ball': False}
2025-09-07 18:43:04,894 : INFO : EventManager : Event: ======'mode_base_will_start'====== Args={'queue': <QueuedEvent>, 'player': 1, 'ball': 1, 'balls_remaining': 2, 'is_extra_ball': False}
2025-09-07 18:43:04,895 : INFO : EventManager : Event: ======'mode_base_starting'====== Args={'queue': <QueuedEvent>, 'player': 1, 'ball': 1, 'balls_remaining': 2, 'is_extra_ball': False}
2025-09-07 18:43:04,895 : INFO : Mode.base : Started. Priority: 100
2025-09-07 18:43:04,895 : INFO : EventManager : Event: ======'modes_active_modes_changed'====== Args={}
2025-09-07 18:43:04,895 : INFO : EventManager : Event: ======'mode_base_started'====== Args={'queue': <QueuedEvent>, 'player': 1, 'ball': 1, 'balls_remaining': 2, 'is_extra_ball': False}
2025-09-07 18:43:04,900 : INFO : EventManager : Event: ======'start_mode_bumpers'====== Args={'priority': 0}
2025-09-07 18:43:04,901 : INFO : EventManager : Event: ======'mode_bumpers_will_start'====== Args={'priority': 0}
2025-09-07 18:43:04,901 : INFO : EventManager : Event: ======'player_shot_bumper_left_enabled'====== Args={'value': True, 'prev_value': 0, 'change': 1, 'player_num': 1}
2025-09-07 18:43:04,901 : INFO : EventManager : Event: ======'player_shot_bumper_center_enabled'====== Args={'value': True, 'prev_value': 0, 'change': 1, 'player_num': 1}
2025-09-07 18:43:04,901 : INFO : EventManager : Event: ======'player_shot_bumper_right_enabled'====== Args={'value': True, 'prev_value': 0, 'change': 1, 'player_num': 1}
2025-09-07 18:43:04,902 : INFO : EventManager : Event: ======'bumpers_complete'====== Args={'state': 'unlit'}
2025-09-07 18:43:04,902 : INFO : EventManager : Event: ======'bumpers_unlit_complete'====== Args={}
2025-09-07 18:43:04,902 : INFO : EventManager : Event: ======'mode_bumpers_starting'====== Args={'priority': 0}
2025-09-07 18:43:04,903 : INFO : Mode.bumpers : Started. Priority: 200
2025-09-07 18:43:04,903 : INFO : EventManager : Event: ======'modes_active_modes_changed'====== Args={}
2025-09-07 18:43:04,903 : INFO : EventManager : Event: ======'mode_bumpers_started'====== Args={'priority': 0}
2025-09-07 18:43:04,903 : INFO : EventManager : Event: ======'balls_in_play'====== Args={'balls': 1}
2025-09-07 18:43:04,903 : INFO : EventManager : Event: ======'ball_started'====== Args={'player': 1, 'ball': 1, 'balls_remaining': 2, 'is_extra_ball': False}
2025-09-07 18:43:04,904 : INFO : EventManager : Event: ======'single_player_ball_started'====== Args={}
2025-09-07 18:43:04,904 : INFO : EventManager : Event: ======'ball_start_target'====== Args={'target': 'playfield'}
2025-09-07 18:43:04,904 : INFO : ball_device.bd_plunger : Setting up player-controlled eject. Balls: 1, Target: <playfield.playfield>, player_controlled_eject_event: None
2025-09-07 18:43:04,905 : INFO : EventManager : Event: ======'balldevice_balls_available'====== Args={}
2025-09-07 18:43:04,905 : INFO : ball_device.bd_trough : State: waiting_for_target_ready
2025-09-07 18:43:04,905 : INFO : EventManager : Event: ======'balldevice_bd_trough_ball_eject_attempt'====== Args={'balls': 1, 'target': <ball_device.bd_plunger>, 'source': <ball_device.bd_trough>, 'mechanical_eject': True, 'num_attempts': 0}
2025-09-07 18:43:04,905 : INFO : ball_device.bd_plunger : State: waiting_for_ball
2025-09-07 18:43:04,906 : INFO : ball_device.bd_trough : State: ejecting
2025-09-07 18:43:04,906 : INFO : ball_device.bd_trough : Ejecting ball to <ball_device.bd_plunger>
2025-09-07 18:43:04,906 : INFO : EventManager : Event: ======'balldevice_bd_trough_ejecting_ball'====== Args={'balls': 1, 'target': <ball_device.bd_plunger>, 'source': <ball_device.bd_trough>, 'mechanical_eject': True, 'num_attempts': 0}
2025-09-07 18:43:04,907 : INFO : ball_device.bd_trough : Wait for ball to leave device
2025-09-07 18:43:04,907 : INFO : coil.c_trough_eject : Pulsing Driver for 10ms (1.0 pulse_power)
2025-09-07 18:43:04,976 : INFO : EventManager : Event: ======'slide_base_slide_created'====== Args={'_from_bcp': True}
2025-09-07 18:43:04,976 : INFO : EventManager : Event: ======'slide_attract_inactive'====== Args={'is_removing': True, '_from_bcp': True}
2025-09-07 18:43:04,976 : INFO : EventManager : Event: ======'slide_base_slide_active'====== Args={'original_context': 'base', 'original_calling_context': 'mode_base_started', 'priority': 100.0, 'queue': '<QueuedEvent>', 'player': 1.0, 'ball': 1.0, 'balls_remaining': 2.0, 'is_extra_ball': False, 'cmd': 'slides_play', '_from_bcp': True}
2025-09-07 18:43:04,980 : INFO : EventManager : Event: ======'slide_attract_removed'====== Args={'_from_bcp': True}
2025-09-07 18:43:06,490 : INFO : SwitchController : <<<<<<< 's_plunger_lane' active >>>>>>>
2025-09-07 18:43:06,490 : INFO : EventManager : Event: ======'machine_var_audits_switches_s_plunger_lane'====== Args={'value': 33, 'prev_value': 32, 'change': 1}
2025-09-07 18:43:06,994 : INFO : ball_device.bd_plunger : Received unexpected ball
2025-09-07 18:43:06,994 : INFO : EventManager : Event: ======'balldevice_captured_from_playfield'====== Args={'balls': 1}
2025-09-07 18:43:06,994 : INFO : EventManager : Event: ======'sw_playfield_active'====== Args={'balls': 1}
2025-09-07 18:43:06,994 : INFO : EventManager : Event: ======'playfield_active'====== Args={'source': None}
2025-09-07 18:43:06,994 : INFO : EventManager : Event: ======'unexpected_ball_on_playfield'====== Args={}
2025-09-07 18:43:06,994 : INFO : EventManager : Event: ======'playfield_ball_count_change'====== Args={'balls': -1, 'change': -1}
2025-09-07 18:43:06,994 : INFO : EventManager : Event: ======'balldevice_playfield_ball_enter'====== Args={'new_balls': 1, 'unclaimed_balls': 1, 'device': <playfield.playfield>}
2025-09-07 18:43:06,994 : INFO : EventManager : Event: ======'playfield_ball_count_change'====== Args={'balls': 0, 'change': 1}
2025-09-07 18:43:06,994 : INFO : BallController : Found a new ball which was captured from playfield. Known balls: 7
2025-09-07 18:43:06,994 : INFO : EventManager : Event: ======'found_new_ball'====== Args={}
2025-09-07 18:43:06,994 : INFO : EventManager : Event: ======'balldevice_bd_plunger_ball_enter'====== Args={'new_balls': 1, 'unclaimed_balls': 1, 'new_available_balls': 1, 'device': <ball_device.bd_plunger>}
2025-09-07 18:43:06,995 : INFO : ball_device.bd_plunger : Ejecting 1 unexpected balls using path deque([<ball_device.bd_plunger>, <playfield.playfield>])
2025-09-07 18:43:06,995 : INFO : EventManager : Event: ======'balldevice_balls_available'====== Args={}
2025-09-07 18:43:06,995 : INFO : EventManager : Event: ======'balldevice_balls_available'====== Args={}
2025-09-07 18:43:06,995 : INFO : EventManager : Event: ======'balldevice_bd_plunger_ball_entered'====== Args={'new_balls': 1, 'device': <ball_device.bd_plunger>}
2025-09-07 18:43:06,995 : INFO : EventManager : Event: ======'balldevice_bd_plunger_ball_count_changed'====== Args={'balls': 1}
2025-09-07 18:43:06,995 : INFO : ball_device.bd_plunger : State: waiting_for_target_ready
2025-09-07 18:43:06,995 : INFO : EventManager : Event: ======'balldevice_bd_plunger_ball_eject_attempt'====== Args={'balls': 1, 'target': <playfield.playfield>, 'source': <ball_device.bd_plunger>, 'mechanical_eject': True, 'num_attempts': 0}
2025-09-07 18:43:06,995 : INFO : ball_device.bd_plunger : State: ejecting
2025-09-07 18:43:06,995 : INFO : ball_device.bd_plunger : Ejecting ball to <playfield.playfield>
2025-09-07 18:43:06,995 : INFO : EventManager : Event: ======'balldevice_bd_plunger_ejecting_ball'====== Args={'balls': 1, 'target': <playfield.playfield>, 'source': <ball_device.bd_plunger>, 'mechanical_eject': True, 'num_attempts': 0}
2025-09-07 18:43:06,996 : INFO : ball_device.bd_plunger : Wait for ball to leave device
2025-09-07 18:43:07,926 : INFO : EventManager : Event: ======'balldevice_bd_trough_ball_eject_failed'====== Args={'target': <ball_device.bd_plunger>, 'balls': 1, 'retry': True, 'num_attempts': 1}
2025-09-07 18:43:07,926 : INFO : ball_device.bd_trough : State: waiting_for_target_ready
2025-09-07 18:43:07,926 : INFO : EventManager : Event: ======'balldevice_bd_trough_ball_eject_attempt'====== Args={'balls': 1, 'target': <ball_device.bd_plunger>, 'source': <ball_device.bd_trough>, 'mechanical_eject': True, 'num_attempts': 1}
2025-09-07 18:43:09,893 : INFO : SwitchController : <<<<<<< 's_plunger_lane' inactive >>>>>>>
2025-09-07 18:43:09,893 : INFO : ball_device.bd_plunger : State: ball_left
2025-09-07 18:43:09,893 : INFO : ball_device.bd_plunger : Ball left
2025-09-07 18:43:09,893 : INFO : ball_device.bd_plunger : Wait for confirm with timeout 5.0
2025-09-07 18:43:10,493 : INFO : SwitchController : <<<<<<< 's_inlane_left' active >>>>>>>
2025-09-07 18:43:10,494 : INFO : EventManager : Event: ======'sw_playfield_active'====== Args={}
2025-09-07 18:43:10,494 : INFO : EventManager : Event: ======'machine_var_audits_switches_s_inlane_left'====== Args={'value': 25, 'prev_value': 24, 'change': 1}
2025-09-07 18:43:10,494 : INFO : EventManager : Event: ======'playfield_active'====== Args={'source': None}
2025-09-07 18:43:10,495 : INFO : ball_device.bd_plunger : Got eject confirm
2025-09-07 18:43:10,495 : INFO : ball_device.bd_plunger : Eject successful
2025-09-07 18:43:10,495 : INFO : EventManager : Event: ======'balldevice_bd_plunger_ball_eject_success'====== Args={'balls': 1, 'target': <playfield.playfield>}
2025-09-07 18:43:10,495 : INFO : EventManager : Event: ======'balldevice_playfield_ball_enter'====== Args={'new_balls': 1, 'unclaimed_balls': 1, 'device': <playfield.playfield>}
2025-09-07 18:43:10,495 : INFO : EventManager : Event: ======'playfield_ball_count_change'====== Args={'balls': 1, 'change': 1}
2025-09-07 18:43:10,495 : INFO : EventManager : Event: ======'balldevice_bd_plunger_ball_count_changed'====== Args={'balls': 0}
2025-09-07 18:43:10,496 : INFO : ball_device.bd_plunger : State: idle
2025-09-07 18:43:10,496 : INFO : ball_device.bd_trough : State: ejecting
2025-09-07 18:43:10,496 : INFO : ball_device.bd_trough : Ejecting ball to <ball_device.bd_plunger>
2025-09-07 18:43:10,496 : INFO : EventManager : Event: ======'balldevice_bd_trough_ejecting_ball'====== Args={'balls': 1, 'target': <ball_device.bd_plunger>, 'source': <ball_device.bd_trough>, 'mechanical_eject': True, 'num_attempts': 1}
2025-09-07 18:43:10,496 : INFO : ball_device.bd_trough : Wait for ball to leave device
2025-09-07 18:43:10,497 : INFO : coil.c_trough_eject : Pulsing Driver for 10ms (1.0 pulse_power)
2025-09-07 18:43:10,497 : INFO : ball_device.bd_plunger : State: waiting_for_ball
2025-09-07 18:43:10,627 : INFO : SwitchController : <<<<<<< 's_inlane_left' inactive >>>>>>>
2025-09-07 18:43:12,529 : INFO : SwitchController : <<<<<<< 's_bumper_left' active >>>>>>>
2025-09-07 18:43:12,529 : INFO : EventManager : Event: ======'s_bumper_left_active'====== Args={}
2025-09-07 18:43:12,529 : INFO : EventManager : Event: ======'sw_playfield_active'====== Args={}
2025-09-07 18:43:12,529 : INFO : EventManager : Event: ======'machine_var_audits_switches_s_bumper_left'====== Args={'value': 419, 'prev_value': 418, 'change': 1}
2025-09-07 18:43:12,529 : INFO : EventManager : Event: ======'player_shot_bumper_left'====== Args={'value': 1, 'prev_value': 0, 'change': 1, 'player_num': 1}
2025-09-07 18:43:12,530 : INFO : EventManager : Event: ======'machine_var_audits_shots_bumper_left'====== Args={'value': 404, 'prev_value': 403, 'change': 1}
2025-09-07 18:43:12,530 : INFO : EventManager : Event: ======'bumper_left_hit'====== Args={'profile': 'default', 'state': 'unlit', 'advancing': True}
2025-09-07 18:43:12,530 : INFO : EventManager : Event: ======'bumper_left_default_hit'====== Args={'profile': 'default', 'state': 'unlit', 'advancing': True}
2025-09-07 18:43:12,530 : INFO : EventManager : Event: ======'bumper_left_default_unlit_hit'====== Args={'profile': 'default', 'state': 'unlit', 'advancing': True}
2025-09-07 18:43:12,530 : INFO : EventManager : Event: ======'bumper_left_unlit_hit'====== Args={'profile': 'default', 'state': 'unlit', 'advancing': True}
2025-09-07 18:43:12,530 : INFO : EventManager : Event: ======'bumpers_hit'====== Args={'shot': 'bumper_left'}
2025-09-07 18:43:12,530 : INFO : EventManager : Event: ======'bumpers_unlit_hit'====== Args={'shot': 'bumper_left'}
2025-09-07 18:43:12,530 : INFO : EventManager : Event: ======'player_score'====== Args={'value': 1000, 'prev_value': 0, 'change': 1000, 'player_num': 1, 'source': 'bumpers'}
2025-09-07 18:43:12,746 : INFO : SwitchController : <<<<<<< 's_bumper_left' inactive >>>>>>>
2025-09-07 18:43:13,112 : INFO : SwitchController : <<<<<<< 's_bumper_center' active >>>>>>>
2025-09-07 18:43:13,113 : INFO : EventManager : Event: ======'s_bumper_center_active'====== Args={}
2025-09-07 18:43:13,113 : INFO : EventManager : Event: ======'sw_playfield_active'====== Args={}
2025-09-07 18:43:13,113 : INFO : EventManager : Event: ======'machine_var_audits_switches_s_bumper_center'====== Args={'value': 413, 'prev_value': 412, 'change': 1}
2025-09-07 18:43:13,113 : INFO : EventManager : Event: ======'player_shot_bumper_center'====== Args={'value': 1, 'prev_value': 0, 'change': 1, 'player_num': 1}
2025-09-07 18:43:13,113 : INFO : EventManager : Event: ======'machine_var_audits_shots_bumper_center'====== Args={'value': 400, 'prev_value': 399, 'change': 1}
2025-09-07 18:43:13,113 : INFO : EventManager : Event: ======'bumper_center_hit'====== Args={'profile': 'default', 'state': 'unlit', 'advancing': True}
2025-09-07 18:43:13,113 : INFO : EventManager : Event: ======'bumper_center_default_hit'====== Args={'profile': 'default', 'state': 'unlit', 'advancing': True}
2025-09-07 18:43:13,113 : INFO : EventManager : Event: ======'bumper_center_default_unlit_hit'====== Args={'profile': 'default', 'state': 'unlit', 'advancing': True}
2025-09-07 18:43:13,113 : INFO : EventManager : Event: ======'bumper_center_unlit_hit'====== Args={'profile': 'default', 'state': 'unlit', 'advancing': True}
2025-09-07 18:43:13,113 : INFO : EventManager : Event: ======'bumpers_hit'====== Args={'shot': 'bumper_center'}
2025-09-07 18:43:13,113 : INFO : EventManager : Event: ======'bumpers_unlit_hit'====== Args={'shot': 'bumper_center'}
2025-09-07 18:43:13,113 : INFO : EventManager : Event: ======'player_score'====== Args={'value': 2000, 'prev_value': 1000, 'change': 1000, 'player_num': 1, 'source': 'bumpers'}
2025-09-07 18:43:13,280 : INFO : SwitchController : <<<<<<< 's_bumper_center' inactive >>>>>>>
2025-09-07 18:43:13,506 : INFO : EventManager : Event: ======'balldevice_bd_trough_ball_eject_failed'====== Args={'target': <ball_device.bd_plunger>, 'balls': 1, 'retry': True, 'num_attempts': 2}
2025-09-07 18:43:13,506 : INFO : ball_device.bd_trough : State: waiting_for_target_ready
2025-09-07 18:43:13,506 : INFO : EventManager : Event: ======'balldevice_bd_trough_ball_eject_attempt'====== Args={'balls': 1, 'target': <ball_device.bd_plunger>, 'source': <ball_device.bd_trough>, 'mechanical_eject': True, 'num_attempts': 2}
2025-09-07 18:43:13,506 : INFO : ball_device.bd_trough : State: ejecting
2025-09-07 18:43:13,507 : INFO : ball_device.bd_trough : Ejecting ball to <ball_device.bd_plunger>
2025-09-07 18:43:13,507 : INFO : EventManager : Event: ======'balldevice_bd_trough_ejecting_ball'====== Args={'balls': 1, 'target': <ball_device.bd_plunger>, 'source': <ball_device.bd_trough>, 'mechanical_eject': True, 'num_attempts': 2}
2025-09-07 18:43:13,507 : INFO : ball_device.bd_trough : Wait for ball to leave device
2025-09-07 18:43:13,507 : INFO : coil.c_trough_eject : Pulsing Driver for 10ms (1.0 pulse_power)
2025-09-07 18:43:13,580 : INFO : SwitchController : <<<<<<< 's_bumper_left' active >>>>>>>
2025-09-07 18:43:13,580 : INFO : EventManager : Event: ======'s_bumper_left_active'====== Args={}
2025-09-07 18:43:13,581 : INFO : EventManager : Event: ======'sw_playfield_active'====== Args={}
2025-09-07 18:43:13,581 : INFO : EventManager : Event: ======'machine_var_audits_switches_s_bumper_left'====== Args={'value': 420, 'prev_value': 419, 'change': 1}
2025-09-07 18:43:13,581 : INFO : EventManager : Event: ======'machine_var_audits_shots_bumper_left'====== Args={'value': 405, 'prev_value': 404, 'change': 1}
2025-09-07 18:43:13,581 : INFO : EventManager : Event: ======'bumper_left_hit'====== Args={'profile': 'default', 'state': 'lit', 'advancing': False}
2025-09-07 18:43:13,581 : INFO : EventManager : Event: ======'bumper_left_default_hit'====== Args={'profile': 'default', 'state': 'lit', 'advancing': False}
2025-09-07 18:43:13,581 : INFO : EventManager : Event: ======'bumper_left_default_lit_hit'====== Args={'profile': 'default', 'state': 'lit', 'advancing': False}
2025-09-07 18:43:13,582 : INFO : EventManager : Event: ======'bumper_left_lit_hit'====== Args={'profile': 'default', 'state': 'lit', 'advancing': False}
2025-09-07 18:43:13,582 : INFO : EventManager : Event: ======'bumpers_hit'====== Args={'shot': 'bumper_left'}
2025-09-07 18:43:13,582 : INFO : EventManager : Event: ======'bumpers_lit_hit'====== Args={'shot': 'bumper_left'}
2025-09-07 18:43:13,582 : INFO : EventManager : Event: ======'player_score'====== Args={'value': 3000, 'prev_value': 2000, 'change': 1000, 'player_num': 1, 'source': 'bumpers'}
2025-09-07 18:43:13,747 : INFO : SwitchController : <<<<<<< 's_bumper_left' inactive >>>>>>>
2025-09-07 18:43:14,180 : INFO : SwitchController : <<<<<<< 's_bumper_right' active >>>>>>>
2025-09-07 18:43:14,180 : INFO : EventManager : Event: ======'s_bumper_right_active'====== Args={}
2025-09-07 18:43:14,180 : INFO : EventManager : Event: ======'sw_playfield_active'====== Args={}
2025-09-07 18:43:14,181 : INFO : EventManager : Event: ======'machine_var_audits_switches_s_bumper_right'====== Args={'value': 296, 'prev_value': 295, 'change': 1}
2025-09-07 18:43:14,181 : INFO : EventManager : Event: ======'player_shot_bumper_right'====== Args={'value': 1, 'prev_value': 0, 'change': 1, 'player_num': 1}
2025-09-07 18:43:14,181 : INFO : EventManager : Event: ======'machine_var_audits_shots_bumper_right'====== Args={'value': 292, 'prev_value': 291, 'change': 1}
2025-09-07 18:43:14,181 : INFO : EventManager : Event: ======'bumper_right_hit'====== Args={'profile': 'default', 'state': 'unlit', 'advancing': True}
2025-09-07 18:43:14,181 : INFO : EventManager : Event: ======'bumper_right_default_hit'====== Args={'profile': 'default', 'state': 'unlit', 'advancing': True}
2025-09-07 18:43:14,181 : INFO : EventManager : Event: ======'bumper_right_default_unlit_hit'====== Args={'profile': 'default', 'state': 'unlit', 'advancing': True}
2025-09-07 18:43:14,183 : INFO : EventManager : Event: ======'bumper_right_unlit_hit'====== Args={'profile': 'default', 'state': 'unlit', 'advancing': True}
2025-09-07 18:43:14,183 : INFO : EventManager : Event: ======'bumpers_complete'====== Args={'state': 'lit'}
2025-09-07 18:43:14,183 : INFO : EventManager : Event: ======'bumpers_lit_complete'====== Args={}
2025-09-07 18:43:14,183 : INFO : EventManager : Event: ======'bumpers_hit'====== Args={'shot': 'bumper_right'}
2025-09-07 18:43:14,183 : INFO : EventManager : Event: ======'bumpers_unlit_hit'====== Args={'shot': 'bumper_right'}
2025-09-07 18:43:14,183 : INFO : EventManager : Event: ======'player_score'====== Args={'value': 4000, 'prev_value': 3000, 'change': 1000, 'player_num': 1, 'source': 'bumpers'}
2025-09-07 18:43:14,364 : INFO : SwitchController : <<<<<<< 's_bumper_right' inactive >>>>>>>
2025-09-07 18:43:14,665 : INFO : SwitchController : <<<<<<< 's_bumper_center' active >>>>>>>
2025-09-07 18:43:14,665 : INFO : EventManager : Event: ======'s_bumper_center_active'====== Args={}
2025-09-07 18:43:14,665 : INFO : EventManager : Event: ======'sw_playfield_active'====== Args={}
2025-09-07 18:43:14,665 : INFO : EventManager : Event: ======'machine_var_audits_switches_s_bumper_center'====== Args={'value': 414, 'prev_value': 413, 'change': 1}
2025-09-07 18:43:14,665 : INFO : EventManager : Event: ======'machine_var_audits_shots_bumper_center'====== Args={'value': 401, 'prev_value': 400, 'change': 1}
2025-09-07 18:43:14,666 : INFO : EventManager : Event: ======'bumper_center_hit'====== Args={'profile': 'default', 'state': 'lit', 'advancing': False}
2025-09-07 18:43:14,666 : INFO : EventManager : Event: ======'bumper_center_default_hit'====== Args={'profile': 'default', 'state': 'lit', 'advancing': False}
2025-09-07 18:43:14,666 : INFO : EventManager : Event: ======'bumper_center_default_lit_hit'====== Args={'profile': 'default', 'state': 'lit', 'advancing': False}
2025-09-07 18:43:14,666 : INFO : EventManager : Event: ======'bumper_center_lit_hit'====== Args={'profile': 'default', 'state': 'lit', 'advancing': False}
2025-09-07 18:43:14,666 : INFO : EventManager : Event: ======'bumpers_hit'====== Args={'shot': 'bumper_center'}
2025-09-07 18:43:14,666 : INFO : EventManager : Event: ======'bumpers_lit_hit'====== Args={'shot': 'bumper_center'}
2025-09-07 18:43:14,666 : INFO : EventManager : Event: ======'player_score'====== Args={'value': 5000, 'prev_value': 4000, 'change': 1000, 'player_num': 1, 'source': 'bumpers'}
2025-09-07 18:43:14,698 : INFO : SwitchController : <<<<<<< 's_bumper_right' active >>>>>>>
2025-09-07 18:43:14,698 : INFO : EventManager : Event: ======'s_bumper_right_active'====== Args={}
2025-09-07 18:43:14,698 : INFO : EventManager : Event: ======'sw_playfield_active'====== Args={}
2025-09-07 18:43:14,698 : INFO : EventManager : Event: ======'machine_var_audits_switches_s_bumper_right'====== Args={'value': 297, 'prev_value': 296, 'change': 1}
2025-09-07 18:43:14,699 : INFO : EventManager : Event: ======'machine_var_audits_shots_bumper_right'====== Args={'value': 293, 'prev_value': 292, 'change': 1}
2025-09-07 18:43:14,699 : INFO : EventManager : Event: ======'bumper_right_hit'====== Args={'profile': 'default', 'state': 'lit', 'advancing': False}
2025-09-07 18:43:14,699 : INFO : EventManager : Event: ======'bumper_right_default_hit'====== Args={'profile': 'default', 'state': 'lit', 'advancing': False}
2025-09-07 18:43:14,699 : INFO : EventManager : Event: ======'bumper_right_default_lit_hit'====== Args={'profile': 'default', 'state': 'lit', 'advancing': False}
2025-09-07 18:43:14,699 : INFO : EventManager : Event: ======'bumper_right_lit_hit'====== Args={'profile': 'default', 'state': 'lit', 'advancing': False}
2025-09-07 18:43:14,699 : INFO : EventManager : Event: ======'bumpers_hit'====== Args={'shot': 'bumper_right'}
2025-09-07 18:43:14,699 : INFO : EventManager : Event: ======'bumpers_lit_hit'====== Args={'shot': 'bumper_right'}
2025-09-07 18:43:14,699 : INFO : EventManager : Event: ======'player_score'====== Args={'value': 6000, 'prev_value': 5000, 'change': 1000, 'player_num': 1, 'source': 'bumpers'}
2025-09-07 18:43:14,764 : INFO : SwitchController : <<<<<<< 's_bumper_right' inactive >>>>>>>
2025-09-07 18:43:14,848 : INFO : SwitchController : <<<<<<< 's_bumper_left' active >>>>>>>
2025-09-07 18:43:14,848 : INFO : EventManager : Event: ======'s_bumper_left_active'====== Args={}
2025-09-07 18:43:14,848 : INFO : EventManager : Event: ======'sw_playfield_active'====== Args={}
2025-09-07 18:43:14,849 : INFO : EventManager : Event: ======'machine_var_audits_switches_s_bumper_left'====== Args={'value': 421, 'prev_value': 420, 'change': 1}
2025-09-07 18:43:14,849 : INFO : EventManager : Event: ======'machine_var_audits_shots_bumper_left'====== Args={'value': 406, 'prev_value': 405, 'change': 1}
2025-09-07 18:43:14,849 : INFO : EventManager : Event: ======'bumper_left_hit'====== Args={'profile': 'default', 'state': 'lit', 'advancing': False}
2025-09-07 18:43:14,849 : INFO : EventManager : Event: ======'bumper_left_default_hit'====== Args={'profile': 'default', 'state': 'lit', 'advancing': False}
2025-09-07 18:43:14,849 : INFO : EventManager : Event: ======'bumper_left_default_lit_hit'====== Args={'profile': 'default', 'state': 'lit', 'advancing': False}
2025-09-07 18:43:14,849 : INFO : EventManager : Event: ======'bumper_left_lit_hit'====== Args={'profile': 'default', 'state': 'lit', 'advancing': False}
2025-09-07 18:43:14,850 : INFO : EventManager : Event: ======'bumpers_hit'====== Args={'shot': 'bumper_left'}
2025-09-07 18:43:14,850 : INFO : EventManager : Event: ======'bumpers_lit_hit'====== Args={'shot': 'bumper_left'}
2025-09-07 18:43:14,850 : INFO : EventManager : Event: ======'player_score'====== Args={'value': 7000, 'prev_value': 6000, 'change': 1000, 'player_num': 1, 'source': 'bumpers'}
2025-09-07 18:43:14,948 : INFO : SwitchController : <<<<<<< 's_bumper_center' inactive >>>>>>>
2025-09-07 18:43:15,115 : INFO : SwitchController : <<<<<<< 's_bumper_left' inactive >>>>>>>
2025-09-07 18:43:15,248 : INFO : SwitchController : <<<<<<< 's_bumper_left' active >>>>>>>
2025-09-07 18:43:15,248 : INFO : EventManager : Event: ======'s_bumper_left_active'====== Args={}
2025-09-07 18:43:15,248 : INFO : EventManager : Event: ======'sw_playfield_active'====== Args={}
2025-09-07 18:43:15,248 : INFO : EventManager : Event: ======'machine_var_audits_switches_s_bumper_left'====== Args={'value': 422, 'prev_value': 421, 'change': 1}
2025-09-07 18:43:15,249 : INFO : EventManager : Event: ======'machine_var_audits_shots_bumper_left'====== Args={'value': 407, 'prev_value': 406, 'change': 1}
2025-09-07 18:43:15,249 : INFO : EventManager : Event: ======'bumper_left_hit'====== Args={'profile': 'default', 'state': 'lit', 'advancing': False}
2025-09-07 18:43:15,249 : INFO : EventManager : Event: ======'bumper_left_default_hit'====== Args={'profile': 'default', 'state': 'lit', 'advancing': False}
2025-09-07 18:43:15,249 : INFO : EventManager : Event: ======'bumper_left_default_lit_hit'====== Args={'profile': 'default', 'state': 'lit', 'advancing': False}
2025-09-07 18:43:15,249 : INFO : EventManager : Event: ======'bumper_left_lit_hit'====== Args={'profile': 'default', 'state': 'lit', 'advancing': False}
2025-09-07 18:43:15,249 : INFO : EventManager : Event: ======'bumpers_hit'====== Args={'shot': 'bumper_left'}
2025-09-07 18:43:15,249 : INFO : EventManager : Event: ======'bumpers_lit_hit'====== Args={'shot': 'bumper_left'}
2025-09-07 18:43:15,249 : INFO : EventManager : Event: ======'player_score'====== Args={'value': 8000, 'prev_value': 7000, 'change': 1000, 'player_num': 1, 'source': 'bumpers'}
2025-09-07 18:43:15,282 : INFO : SwitchController : <<<<<<< 's_bumper_center' active >>>>>>>
2025-09-07 18:43:15,282 : INFO : EventManager : Event: ======'s_bumper_center_active'====== Args={}
2025-09-07 18:43:15,282 : INFO : EventManager : Event: ======'sw_playfield_active'====== Args={}
2025-09-07 18:43:15,282 : INFO : EventManager : Event: ======'machine_var_audits_switches_s_bumper_center'====== Args={'value': 415, 'prev_value': 414, 'change': 1}
2025-09-07 18:43:15,282 : INFO : EventManager : Event: ======'machine_var_audits_shots_bumper_center'====== Args={'value': 402, 'prev_value': 401, 'change': 1}
2025-09-07 18:43:15,282 : INFO : EventManager : Event: ======'bumper_center_hit'====== Args={'profile': 'default', 'state': 'lit', 'advancing': False}
2025-09-07 18:43:15,282 : INFO : EventManager : Event: ======'bumper_center_default_hit'====== Args={'profile': 'default', 'state': 'lit', 'advancing': False}
2025-09-07 18:43:15,282 : INFO : EventManager : Event: ======'bumper_center_default_lit_hit'====== Args={'profile': 'default', 'state': 'lit', 'advancing': False}
2025-09-07 18:43:15,283 : INFO : EventManager : Event: ======'bumper_center_lit_hit'====== Args={'profile': 'default', 'state': 'lit', 'advancing': False}
2025-09-07 18:43:15,283 : INFO : EventManager : Event: ======'bumpers_hit'====== Args={'shot': 'bumper_center'}
2025-09-07 18:43:15,283 : INFO : EventManager : Event: ======'bumpers_lit_hit'====== Args={'shot': 'bumper_center'}
2025-09-07 18:43:15,283 : INFO : EventManager : Event: ======'player_score'====== Args={'value': 9000, 'prev_value': 8000, 'change': 1000, 'player_num': 1, 'source': 'bumpers'}
2025-09-07 18:43:15,398 : INFO : SwitchController : <<<<<<< 's_bumper_left' inactive >>>>>>>
2025-09-07 18:43:15,465 : INFO : SwitchController : <<<<<<< 's_bumper_right' active >>>>>>>
2025-09-07 18:43:15,466 : INFO : EventManager : Event: ======'s_bumper_right_active'====== Args={}
2025-09-07 18:43:15,466 : INFO : EventManager : Event: ======'sw_playfield_active'====== Args={}
2025-09-07 18:43:15,466 : INFO : EventManager : Event: ======'machine_var_audits_switches_s_bumper_right'====== Args={'value': 298, 'prev_value': 297, 'change': 1}
2025-09-07 18:43:15,466 : INFO : EventManager : Event: ======'machine_var_audits_shots_bumper_right'====== Args={'value': 294, 'prev_value': 293, 'change': 1}
2025-09-07 18:43:15,466 : INFO : EventManager : Event: ======'bumper_right_hit'====== Args={'profile': 'default', 'state': 'lit', 'advancing': False}
2025-09-07 18:43:15,466 : INFO : EventManager : Event: ======'bumper_right_default_hit'====== Args={'profile': 'default', 'state': 'lit', 'advancing': False}
2025-09-07 18:43:15,466 : INFO : EventManager : Event: ======'bumper_right_default_lit_hit'====== Args={'profile': 'default', 'state': 'lit', 'advancing': False}
2025-09-07 18:43:15,466 : INFO : EventManager : Event: ======'bumper_right_lit_hit'====== Args={'profile': 'default', 'state': 'lit', 'advancing': False}
2025-09-07 18:43:15,466 : INFO : EventManager : Event: ======'bumpers_hit'====== Args={'shot': 'bumper_right'}
2025-09-07 18:43:15,466 : INFO : EventManager : Event: ======'bumpers_lit_hit'====== Args={'shot': 'bumper_right'}
2025-09-07 18:43:15,467 : INFO : EventManager : Event: ======'player_score'====== Args={'value': 10000, 'prev_value': 9000, 'change': 1000, 'player_num': 1, 'source': 'bumpers'}
2025-09-07 18:43:15,632 : INFO : SwitchController : <<<<<<< 's_bumper_center' inactive >>>>>>>
2025-09-07 18:43:15,732 : INFO : SwitchController : <<<<<<< 's_bumper_right' inactive >>>>>>>
2025-09-07 18:43:15,915 : INFO : SwitchController : <<<<<<< 's_bumper_right' active >>>>>>>
2025-09-07 18:43:15,915 : INFO : EventManager : Event: ======'s_bumper_right_active'====== Args={}
2025-09-07 18:43:15,916 : INFO : EventManager : Event: ======'sw_playfield_active'====== Args={}
2025-09-07 18:43:15,916 : INFO : EventManager : Event: ======'machine_var_audits_switches_s_bumper_right'====== Args={'value': 299, 'prev_value': 298, 'change': 1}
2025-09-07 18:43:15,916 : INFO : EventManager : Event: ======'machine_var_audits_shots_bumper_right'====== Args={'value': 295, 'prev_value': 294, 'change': 1}
2025-09-07 18:43:15,916 : INFO : EventManager : Event: ======'bumper_right_hit'====== Args={'profile': 'default', 'state': 'lit', 'advancing': False}
2025-09-07 18:43:15,916 : INFO : EventManager : Event: ======'bumper_right_default_hit'====== Args={'profile': 'default', 'state': 'lit', 'advancing': False}
2025-09-07 18:43:15,916 : INFO : EventManager : Event: ======'bumper_right_default_lit_hit'====== Args={'profile': 'default', 'state': 'lit', 'advancing': False}
2025-09-07 18:43:15,917 : INFO : EventManager : Event: ======'bumper_right_lit_hit'====== Args={'profile': 'default', 'state': 'lit', 'advancing': False}
2025-09-07 18:43:15,917 : INFO : EventManager : Event: ======'bumpers_hit'====== Args={'shot': 'bumper_right'}
2025-09-07 18:43:15,917 : INFO : EventManager : Event: ======'bumpers_lit_hit'====== Args={'shot': 'bumper_right'}
2025-09-07 18:43:15,917 : INFO : EventManager : Event: ======'player_score'====== Args={'value': 11000, 'prev_value': 10000, 'change': 1000, 'player_num': 1, 'source': 'bumpers'}
2025-09-07 18:43:15,983 : INFO : SwitchController : <<<<<<< 's_bumper_center' active >>>>>>>
2025-09-07 18:43:15,983 : INFO : EventManager : Event: ======'s_bumper_center_active'====== Args={}
2025-09-07 18:43:15,983 : INFO : EventManager : Event: ======'sw_playfield_active'====== Args={}
2025-09-07 18:43:15,983 : INFO : EventManager : Event: ======'machine_var_audits_switches_s_bumper_center'====== Args={'value': 416, 'prev_value': 415, 'change': 1}
2025-09-07 18:43:15,983 : INFO : EventManager : Event: ======'machine_var_audits_shots_bumper_center'====== Args={'value': 403, 'prev_value': 402, 'change': 1}
2025-09-07 18:43:15,984 : INFO : EventManager : Event: ======'bumper_center_hit'====== Args={'profile': 'default', 'state': 'lit', 'advancing': False}
2025-09-07 18:43:15,984 : INFO : EventManager : Event: ======'bumper_center_default_hit'====== Args={'profile': 'default', 'state': 'lit', 'advancing': False}
2025-09-07 18:43:15,984 : INFO : EventManager : Event: ======'bumper_center_default_lit_hit'====== Args={'profile': 'default', 'state': 'lit', 'advancing': False}
2025-09-07 18:43:15,984 : INFO : EventManager : Event: ======'bumper_center_lit_hit'====== Args={'profile': 'default', 'state': 'lit', 'advancing': False}
2025-09-07 18:43:15,984 : INFO : EventManager : Event: ======'bumpers_hit'====== Args={'shot': 'bumper_center'}
2025-09-07 18:43:15,984 : INFO : EventManager : Event: ======'bumpers_lit_hit'====== Args={'shot': 'bumper_center'}
2025-09-07 18:43:15,984 : INFO : EventManager : Event: ======'player_score'====== Args={'value': 12000, 'prev_value': 11000, 'change': 1000, 'player_num': 1, 'source': 'bumpers'}
2025-09-07 18:43:16,099 : INFO : SwitchController : <<<<<<< 's_bumper_left' active >>>>>>>
2025-09-07 18:43:16,099 : INFO : EventManager : Event: ======'s_bumper_left_active'====== Args={}
2025-09-07 18:43:16,099 : INFO : EventManager : Event: ======'sw_playfield_active'====== Args={}
2025-09-07 18:43:16,099 : INFO : EventManager : Event: ======'machine_var_audits_switches_s_bumper_left'====== Args={'value': 423, 'prev_value': 422, 'change': 1}
2025-09-07 18:43:16,100 : INFO : EventManager : Event: ======'machine_var_audits_shots_bumper_left'====== Args={'value': 408, 'prev_value': 407, 'change': 1}
2025-09-07 18:43:16,100 : INFO : EventManager : Event: ======'bumper_left_hit'====== Args={'profile': 'default', 'state': 'lit', 'advancing': False}
2025-09-07 18:43:16,100 : INFO : EventManager : Event: ======'bumper_left_default_hit'====== Args={'profile': 'default', 'state': 'lit', 'advancing': False}
2025-09-07 18:43:16,100 : INFO : EventManager : Event: ======'bumper_left_default_lit_hit'====== Args={'profile': 'default', 'state': 'lit', 'advancing': False}
2025-09-07 18:43:16,100 : INFO : EventManager : Event: ======'bumper_left_lit_hit'====== Args={'profile': 'default', 'state': 'lit', 'advancing': False}
2025-09-07 18:43:16,100 : INFO : EventManager : Event: ======'bumpers_hit'====== Args={'shot': 'bumper_left'}
2025-09-07 18:43:16,100 : INFO : EventManager : Event: ======'bumpers_lit_hit'====== Args={'shot': 'bumper_left'}
2025-09-07 18:43:16,100 : INFO : EventManager : Event: ======'player_score'====== Args={'value': 13000, 'prev_value': 12000, 'change': 1000, 'player_num': 1, 'source': 'bumpers'}
2025-09-07 18:43:16,133 : INFO : SwitchController : <<<<<<< 's_bumper_right' inactive >>>>>>>
2025-09-07 18:43:16,216 : INFO : SwitchController : <<<<<<< 's_bumper_center' inactive >>>>>>>
2025-09-07 18:43:16,316 : INFO : SwitchController : <<<<<<< 's_bumper_left' inactive >>>>>>>
2025-09-07 18:43:16,509 : INFO : EventManager : Event: ======'balldevice_bd_trough_ball_eject_failed'====== Args={'target': <ball_device.bd_plunger>, 'balls': 1, 'retry': True, 'num_attempts': 3}
2025-09-07 18:43:16,509 : INFO : ball_device.bd_trough : State: waiting_for_target_ready
2025-09-07 18:43:16,509 : INFO : EventManager : Event: ======'balldevice_bd_trough_ball_eject_attempt'====== Args={'balls': 1, 'target': <ball_device.bd_plunger>, 'source': <ball_device.bd_trough>, 'mechanical_eject': True, 'num_attempts': 3}
2025-09-07 18:43:16,510 : INFO : ball_device.bd_trough : State: ejecting
2025-09-07 18:43:16,510 : INFO : ball_device.bd_trough : Ejecting ball to <ball_device.bd_plunger>
2025-09-07 18:43:16,510 : INFO : EventManager : Event: ======'balldevice_bd_trough_ejecting_ball'====== Args={'balls': 1, 'target': <ball_device.bd_plunger>, 'source': <ball_device.bd_trough>, 'mechanical_eject': True, 'num_attempts': 3}
2025-09-07 18:43:16,510 : INFO : ball_device.bd_trough : Wait for ball to leave device
2025-09-07 18:43:16,510 : INFO : coil.c_trough_eject : Pulsing Driver for 10ms (1.0 pulse_power)
2025-09-07 18:43:16,583 : INFO : SwitchController : <<<<<<< 's_bumper_right' active >>>>>>>
2025-09-07 18:43:16,583 : INFO : EventManager : Event: ======'s_bumper_right_active'====== Args={}
2025-09-07 18:43:16,583 : INFO : EventManager : Event: ======'sw_playfield_active'====== Args={}
2025-09-07 18:43:16,583 : INFO : EventManager : Event: ======'machine_var_audits_switches_s_bumper_right'====== Args={'value': 300, 'prev_value': 299, 'change': 1}
2025-09-07 18:43:16,584 : INFO : EventManager : Event: ======'machine_var_audits_shots_bumper_right'====== Args={'value': 296, 'prev_value': 295, 'change': 1}
2025-09-07 18:43:16,584 : INFO : EventManager : Event: ======'bumper_right_hit'====== Args={'profile': 'default', 'state': 'lit', 'advancing': False}
2025-09-07 18:43:16,584 : INFO : EventManager : Event: ======'bumper_right_default_hit'====== Args={'profile': 'default', 'state': 'lit', 'advancing': False}
2025-09-07 18:43:16,584 : INFO : EventManager : Event: ======'bumper_right_default_lit_hit'====== Args={'profile': 'default', 'state': 'lit', 'advancing': False}
2025-09-07 18:43:16,584 : INFO : EventManager : Event: ======'bumper_right_lit_hit'====== Args={'profile': 'default', 'state': 'lit', 'advancing': False}
2025-09-07 18:43:16,584 : INFO : EventManager : Event: ======'bumpers_hit'====== Args={'shot': 'bumper_right'}
2025-09-07 18:43:16,584 : INFO : EventManager : Event: ======'bumpers_lit_hit'====== Args={'shot': 'bumper_right'}
2025-09-07 18:43:16,584 : INFO : EventManager : Event: ======'player_score'====== Args={'value': 14000, 'prev_value': 13000, 'change': 1000, 'player_num': 1, 'source': 'bumpers'}
2025-09-07 18:43:16,650 : INFO : SwitchController : <<<<<<< 's_bumper_center' active >>>>>>>
2025-09-07 18:43:16,650 : INFO : EventManager : Event: ======'s_bumper_center_active'====== Args={}
2025-09-07 18:43:16,650 : INFO : EventManager : Event: ======'sw_playfield_active'====== Args={}
2025-09-07 18:43:16,650 : INFO : EventManager : Event: ======'machine_var_audits_switches_s_bumper_center'====== Args={'value': 417, 'prev_value': 416, 'change': 1}
2025-09-07 18:43:16,650 : INFO : EventManager : Event: ======'machine_var_audits_shots_bumper_center'====== Args={'value': 404, 'prev_value': 403, 'change': 1}
2025-09-07 18:43:16,651 : INFO : EventManager : Event: ======'bumper_center_hit'====== Args={'profile': 'default', 'state': 'lit', 'advancing': False}
2025-09-07 18:43:16,651 : INFO : EventManager : Event: ======'bumper_center_default_hit'====== Args={'profile': 'default', 'state': 'lit', 'advancing': False}
2025-09-07 18:43:16,651 : INFO : EventManager : Event: ======'bumper_center_default_lit_hit'====== Args={'profile': 'default', 'state': 'lit', 'advancing': False}
2025-09-07 18:43:16,651 : INFO : EventManager : Event: ======'bumper_center_lit_hit'====== Args={'profile': 'default', 'state': 'lit', 'advancing': False}
2025-09-07 18:43:16,651 : INFO : EventManager : Event: ======'bumpers_hit'====== Args={'shot': 'bumper_center'}
2025-09-07 18:43:16,651 : INFO : EventManager : Event: ======'bumpers_lit_hit'====== Args={'shot': 'bumper_center'}
2025-09-07 18:43:16,651 : INFO : EventManager : Event: ======'player_score'====== Args={'value': 15000, 'prev_value': 14000, 'change': 1000, 'player_num': 1, 'source': 'bumpers'}
2025-09-07 18:43:16,716 : INFO : SwitchController : <<<<<<< 's_bumper_left' active >>>>>>>
2025-09-07 18:43:16,716 : INFO : EventManager : Event: ======'s_bumper_left_active'====== Args={}
2025-09-07 18:43:16,716 : INFO : EventManager : Event: ======'sw_playfield_active'====== Args={}
2025-09-07 18:43:16,717 : INFO : EventManager : Event: ======'machine_var_audits_switches_s_bumper_left'====== Args={'value': 424, 'prev_value': 423, 'change': 1}
2025-09-07 18:43:16,717 : INFO : EventManager : Event: ======'machine_var_audits_shots_bumper_left'====== Args={'value': 409, 'prev_value': 408, 'change': 1}
2025-09-07 18:43:16,717 : INFO : EventManager : Event: ======'bumper_left_hit'====== Args={'profile': 'default', 'state': 'lit', 'advancing': False}
2025-09-07 18:43:16,717 : INFO : EventManager : Event: ======'bumper_left_default_hit'====== Args={'profile': 'default', 'state': 'lit', 'advancing': False}
2025-09-07 18:43:16,717 : INFO : EventManager : Event: ======'bumper_left_default_lit_hit'====== Args={'profile': 'default', 'state': 'lit', 'advancing': False}
2025-09-07 18:43:16,717 : INFO : EventManager : Event: ======'bumper_left_lit_hit'====== Args={'profile': 'default', 'state': 'lit', 'advancing': False}
2025-09-07 18:43:16,717 : INFO : EventManager : Event: ======'bumpers_hit'====== Args={'shot': 'bumper_left'}
2025-09-07 18:43:16,717 : INFO : EventManager : Event: ======'bumpers_lit_hit'====== Args={'shot': 'bumper_left'}
2025-09-07 18:43:16,718 : INFO : EventManager : Event: ======'player_score'====== Args={'value': 16000, 'prev_value': 15000, 'change': 1000, 'player_num': 1, 'source': 'bumpers'}
2025-09-07 18:43:16,783 : INFO : SwitchController : <<<<<<< 's_bumper_right' inactive >>>>>>>
2025-09-07 18:43:16,800 : INFO : SwitchController : <<<<<<< 's_bumper_center' inactive >>>>>>>
2025-09-07 18:43:16,850 : INFO : SwitchController : <<<<<<< 's_bumper_left' inactive >>>>>>>
2025-09-07 18:43:19,522 : INFO : EventManager : Event: ======'balldevice_bd_trough_ball_eject_failed'====== Args={'target': <ball_device.bd_plunger>, 'balls': 1, 'retry': True, 'num_attempts': 4}
2025-09-07 18:43:19,522 : INFO : ball_device.bd_trough : State: waiting_for_target_ready
2025-09-07 18:43:19,522 : INFO : EventManager : Event: ======'balldevice_bd_trough_ball_eject_attempt'====== Args={'balls': 1, 'target': <ball_device.bd_plunger>, 'source': <ball_device.bd_trough>, 'mechanical_eject': True, 'num_attempts': 4}
2025-09-07 18:43:19,523 : INFO : ball_device.bd_trough : State: ejecting
2025-09-07 18:43:19,523 : INFO : ball_device.bd_trough : Ejecting ball to <ball_device.bd_plunger>
2025-09-07 18:43:19,523 : INFO : EventManager : Event: ======'balldevice_bd_trough_ejecting_ball'====== Args={'balls': 1, 'target': <ball_device.bd_plunger>, 'source': <ball_device.bd_trough>, 'mechanical_eject': True, 'num_attempts': 4}
2025-09-07 18:43:19,523 : INFO : ball_device.bd_trough : Wait for ball to leave device
2025-09-07 18:43:19,523 : INFO : coil.c_trough_eject : Pulsing Driver for 10ms (1.0 pulse_power)
2025-09-07 18:43:21,053 : INFO : Machine : Shutting down...
2025-09-07 18:43:21,053 : INFO : EventManager : Event: ======'shutdown'====== Args={}
2025-09-07 18:43:21,054 : INFO : EventManager : Event: ======'mode_game_will_stop'====== Args={}
2025-09-07 18:43:21,054 : INFO : EventManager : Event: ======'mode_game_stopping'====== Args={}
2025-09-07 18:43:21,054 : INFO : EventManager : Event: ======'mode_base_will_stop'====== Args={}
2025-09-07 18:43:21,055 : INFO : EventManager : Event: ======'mode_base_stopping'====== Args={}
2025-09-07 18:43:21,055 : INFO : EventManager : Event: ======'mode_bumpers_will_stop'====== Args={}
2025-09-07 18:43:21,055 : INFO : EventManager : Event: ======'mode_bumpers_stopping'====== Args={}
2025-09-07 18:43:21,055 : INFO : EventManager : Event: ======'stop_mode_bumpers'====== Args={'priority': 0}
2025-09-07 18:43:21,055 : INFO : Mode.bumpers : Stopped.
2025-09-07 18:43:21,055 : INFO : EventManager : Event: ======'modes_active_modes_changed'====== Args={}
2025-09-07 18:43:21,055 : INFO : EventManager : Event: ======'mode_bumpers_stopped'====== Args={}
2025-09-07 18:43:21,055 : INFO : EventManager : Event: ======'clear'====== Args={'key': 'bumpers'}
2025-09-07 18:43:21,056 : INFO : Mode.base : Stopped.
2025-09-07 18:43:21,056 : INFO : EventManager : Event: ======'modes_active_modes_changed'====== Args={}
2025-09-07 18:43:21,056 : INFO : EventManager : Event: ======'mode_base_stopped'====== Args={}
2025-09-07 18:43:21,056 : INFO : EventManager : Event: ======'clear'====== Args={'key': 'base'}
2025-09-07 18:43:21,056 : INFO : Mode.game : Stopped.
2025-09-07 18:43:21,057 : INFO : EventManager : Event: ======'modes_active_modes_changed'====== Args={}
2025-09-07 18:43:21,057 : INFO : EventManager : Event: ======'mode_game_stopped'====== Args={}
2025-09-07 18:43:21,057 : INFO : EventManager : Event: ======'clear'====== Args={'key': 'game'}
2025-09-07 18:43:21,059 : INFO : root : MPF run loop ended.
