2025-09-24 15:27:19,723 : INFO : root : Loading config.
2025-09-24 15:27:19,727 : INFO : YamlMultifileConfigLoader : Machine config file #1: config.yaml
2025-09-24 15:27:19,727 : INFO : ConfigProcessor : Loading config from cache: C:\Users\White\AppData\Local\Temp\cfa6ecba65704a931c9dd214c44986c8.mpf_cache
2025-09-24 15:27:19,839 : INFO : ConfigProcessor : Loading config from cache: C:\Users\White\AppData\Local\Temp\f98ffc0ff5962effface7d86bc406d5c.mpf_cache
2025-09-24 15:27:19,840 : INFO : ConfigProcessor : Loading config from cache: C:\Users\White\AppData\Local\Temp\91cc4d1c993c58dc354e34974b9cfeac.mpf_cache
2025-09-24 15:27:19,841 : INFO : ConfigProcessor : Loading config from cache: C:\Users\White\AppData\Local\Temp\f98ffc0ff5962effface7d86bc406d5c.mpf_cache
2025-09-24 15:27:19,841 : INFO : ConfigProcessor : Loading config from cache: C:\Users\White\AppData\Local\Temp\76792f1d686f89709887dba7bd69667a.mpf_cache
2025-09-24 15:27:19,842 : INFO : ConfigProcessor : Loading config from cache: C:\Users\White\AppData\Local\Temp\142bbae4707335cc8e3efaa4364c4893.mpf_cache
2025-09-24 15:27:19,843 : INFO : ConfigProcessor : Loading config from cache: C:\Users\White\AppData\Local\Temp\0f5f0ac41d1a2672d0d32cef2b12699e.mpf_cache
2025-09-24 15:27:19,843 : INFO : ConfigProcessor : Loading config from cache: C:\Users\White\AppData\Local\Temp\82e20c7c6490dd2e5fed726a3aa8d652.mpf_cache
2025-09-24 15:27:19,843 : INFO : ConfigProcessor : Loading config from cache: C:\Users\White\AppData\Local\Temp\359114d5ba2a6ad6c93d1559776bbb30.mpf_cache
2025-09-24 15:27:19,846 : INFO : ConfigProcessor : Loading config from cache: C:\Users\White\AppData\Local\Temp\d421369d6df802e4e6f8aa58f446b1a6.mpf_cache
2025-09-24 15:27:19,847 : INFO : ConfigProcessor : Loading config from cache: C:\Users\White\AppData\Local\Temp\310aa541ce6545037d37da470e7bd790.mpf_cache
2025-09-24 15:27:19,849 : INFO : ConfigProcessor : Loading config from cache: C:\Users\White\AppData\Local\Temp\2151caa0419aeb1e56d3d8934477383e.mpf_cache
2025-09-24 15:27:19,851 : INFO : ConfigProcessor : Loading config from cache: C:\Users\White\AppData\Local\Temp\17003635873251b4f6841bf4ab3bdcdd.mpf_cache
2025-09-24 15:27:19,852 : INFO : ConfigProcessor : Loading config from cache: C:\Users\White\AppData\Local\Temp\f70c640a816343cb9040222d7a9269d3.mpf_cache
2025-09-24 15:27:19,853 : INFO : ConfigProcessor : Loading config from cache: C:\Users\White\AppData\Local\Temp\30922048be1d0c17ea15fc75f7fbfe10.mpf_cache
2025-09-24 15:27:19,855 : INFO : ConfigProcessor : Loading config from cache: C:\Users\White\AppData\Local\Temp\58d7809d3d969de03aaf131fc45863f8.mpf_cache
2025-09-24 15:27:19,856 : INFO : Machine : Mission Pinball Framework Core Engine v0.80.0.dev9
2025-09-24 15:27:19,856 : INFO : Machine : Command line arguments: {'no_load_cache': False, 'create_config_cache': True, 'bcp': True, 'configfile': ['config.yaml'], 'force_assets_load': False, 'platform_integration_test': False, 'jsonlogging': False, 'logfile': 'logs\\2025-09-24-15-27-19-mpf-TopGunPinball.log', 'pause': False, 'production': False, 'text_ui': False, 'loglevel': 15, 'consoleloglevel': 20, 'force_platform': 'virtual', 'syslog_address': None, 'full_logfile_path': 'C:\\Users\\White\\Documents\\Top_Gun_Pinball\\logs\\2025-09-24-15-27-19-mpf-TopGunPinball.log'}
2025-09-24 15:27:19,856 : INFO : Machine : MPF path: C:\Users\White\mpf\Lib\site-packages\mpf
2025-09-24 15:27:19,856 : INFO : Machine : Machine path: C:\Users\White\Documents\Top_Gun_Pinball
2025-09-24 15:27:19,857 : INFO : Machine : Platform: win32
2025-09-24 15:27:19,857 : INFO : Machine : Python executable location: C:\Users\White\mpf\Scripts\python.exe
2025-09-24 15:27:19,857 : INFO : Machine : Python version: 3.12.7 (64-bit)
2025-09-24 15:27:19,859 : INFO : Machine : Initializing MPF...
2025-09-24 15:27:19,955 : INFO : EventManager : Event: ======'machine_var_credits_string'====== Args={'value': 'FREE PLAY', 'prev_value': None, 'change': True}
2025-09-24 15:27:19,988 : INFO : EventManager : Event: ======'machine_var_master_volume'====== Args={'value': 0.5, 'prev_value': None, 'change': True}
2025-09-24 15:27:19,988 : INFO : EventManager : Event: ======'machine_var_player1_score'====== Args={'value': 61000, 'prev_value': None, 'change': True}
2025-09-24 15:27:19,988 : INFO : EventManager : Event: ======'machine_var_player2_score'====== Args={'value': 73000, 'prev_value': None, 'change': True}
2025-09-24 15:27:19,988 : INFO : EventManager : Event: ======'machine_var_mpf_version'====== Args={'value': 'Mission Pinball Framework v0.80.0.dev9', 'prev_value': None, 'change': True}
2025-09-24 15:27:19,988 : INFO : EventManager : Event: ======'machine_var_mpf_extended_version'====== Args={'value': 'Mission Pinball Framework v0.80.0.dev9, Config version:6, Show version: 6, BCP version:1.1', 'prev_value': None, 'change': True}
2025-09-24 15:27:19,989 : INFO : EventManager : Event: ======'machine_var_python_version'====== Args={'value': '3.12.7', 'prev_value': None, 'change': True}
2025-09-24 15:27:20,096 : INFO : EventManager : Event: ======'machine_var_platform'====== Args={'value': 'Windows-11-10.0.26100-SP0', 'prev_value': None, 'change': True}
2025-09-24 15:27:20,096 : INFO : EventManager : Event: ======'machine_var_platform_system'====== Args={'value': 'Windows', 'prev_value': None, 'change': True}
2025-09-24 15:27:20,096 : INFO : EventManager : Event: ======'machine_var_platform_release'====== Args={'value': '11', 'prev_value': None, 'change': True}
2025-09-24 15:27:20,097 : INFO : EventManager : Event: ======'machine_var_platform_version'====== Args={'value': '10.0.26100', 'prev_value': None, 'change': True}
2025-09-24 15:27:20,097 : INFO : EventManager : Event: ======'machine_var_platform_machine'====== Args={'value': 'AMD64', 'prev_value': None, 'change': True}
2025-09-24 15:27:20,097 : INFO : EventManager : Event: ======'machine_var_log_file_path'====== Args={'value': 'C:\\Users\\White\\Documents\\Top_Gun_Pinball\\logs\\2025-09-24-15-27-19-mpf-TopGunPinball.log', 'prev_value': None, 'change': True}
2025-09-24 15:27:20,097 : INFO : EventManager : Event: ======'init_phase_1'====== Args={}
2025-09-24 15:27:20,142 : INFO : EventManager : Event: ======'init_phase_2'====== Args={}
2025-09-24 15:27:20,142 : INFO : SwitchController : Found active switch: ('playfield_board_lower-3208-0', <Platform.Virtual>) <switch.s_trough_1>
2025-09-24 15:27:20,142 : INFO : SwitchController : Found active switch: ('playfield_board_lower-3208-1', <Platform.Virtual>) <switch.s_trough_2>
2025-09-24 15:27:20,142 : INFO : SwitchController : Found active switch: ('playfield_board_lower-3208-2', <Platform.Virtual>) <switch.s_trough_3>
2025-09-24 15:27:20,142 : INFO : SwitchController : Found active switch: ('playfield_board_lower-3208-3', <Platform.Virtual>) <switch.s_trough_4>
2025-09-24 15:27:20,142 : INFO : SwitchController : Found active switch: ('playfield_board_lower-3208-4', <Platform.Virtual>) <switch.s_trough_5>
2025-09-24 15:27:20,142 : INFO : SwitchController : Found active switch: ('playfield_board_lower-3208-5', <Platform.Virtual>) <switch.s_trough_6>
2025-09-24 15:27:20,145 : INFO : EventManager : Event: ======'bcp_connection_attempt'====== Args={'name': 'local_display', 'host': 'localhost', 'port': 5050}
2025-09-24 15:27:20,147 : INFO : BCPClientSocket : Connecting BCP to 'local_display' at localhost:5050...
2025-09-24 15:27:20,158 : INFO : BCPClientSocket : Connected BCP to 'local_display' localhost:5050
2025-09-24 15:27:20,158 : INFO : EventManager : Event: ======'bcp_clients_connected'====== Args={}
2025-09-24 15:27:20,158 : INFO : ball_device.bd_plunger : BCH: Initial count: 0
2025-09-24 15:27:20,159 : INFO : ball_device.bd_plunger : State: idle
2025-09-24 15:27:20,159 : INFO : ball_device.bd_trough : BCH: Initial count: 6
2025-09-24 15:27:20,159 : INFO : ball_device.bd_trough : State: idle
2025-09-24 15:27:20,159 : INFO : ball_device.bd_lock_elevator : BCH: Initial count: 0
2025-09-24 15:27:20,160 : INFO : ball_device.bd_lock_elevator : State: idle
2025-09-24 15:27:20,160 : INFO : ball_device.bd_mode_scoop : BCH: Initial count: 0
2025-09-24 15:27:20,160 : INFO : ball_device.bd_mode_scoop : State: idle
2025-09-24 15:27:20,175 : INFO : EventManager : Event: ======'init_phase_3'====== Args={}
2025-09-24 15:27:20,731 : INFO : EventManager : Event: ======'init_phase_4'====== Args={}
2025-09-24 15:27:20,732 : INFO : BallController : Initial balls found: 6
2025-09-24 15:27:20,733 : INFO : EventManager : Event: ======'machine_var_audits_events_game_ended'====== Args={'value': 1, 'prev_value': None, 'change': True}
2025-09-24 15:27:20,734 : INFO : EventManager : Event: ======'machine_var_audits_events_game_started'====== Args={'value': 137, 'prev_value': None, 'change': True}
2025-09-24 15:27:20,734 : INFO : EventManager : Event: ======'machine_var_audits_missing_switches_s_a_iceman_target'====== Args={'value': 3, 'prev_value': None, 'change': True}
2025-09-24 15:27:20,734 : INFO : EventManager : Event: ======'machine_var_audits_missing_switches_s_barrier_target'====== Args={'value': 21, 'prev_value': None, 'change': True}
2025-09-24 15:27:20,734 : INFO : EventManager : Event: ======'machine_var_audits_missing_switches_s_bumper_center'====== Args={'value': 2, 'prev_value': None, 'change': True}
2025-09-24 15:27:20,734 : INFO : EventManager : Event: ======'machine_var_audits_missing_switches_s_bumper_left'====== Args={'value': 2, 'prev_value': None, 'change': True}
2025-09-24 15:27:20,734 : INFO : EventManager : Event: ======'machine_var_audits_missing_switches_s_bumper_right'====== Args={'value': 2, 'prev_value': None, 'change': True}
2025-09-24 15:27:20,734 : INFO : EventManager : Event: ======'machine_var_audits_missing_switches_s_c_iceman_target'====== Args={'value': 15, 'prev_value': None, 'change': True}
2025-09-24 15:27:20,734 : INFO : EventManager : Event: ======'machine_var_audits_missing_switches_s_c_lock_target'====== Args={'value': 21, 'prev_value': None, 'change': True}
2025-09-24 15:27:20,734 : INFO : EventManager : Event: ======'machine_var_audits_missing_switches_s_coin_door'====== Args={'value': 24, 'prev_value': None, 'change': True}
2025-09-24 15:27:20,734 : INFO : EventManager : Event: ======'machine_var_audits_missing_switches_s_coin_door_service_1'====== Args={'value': 24, 'prev_value': None, 'change': True}
2025-09-24 15:27:20,734 : INFO : EventManager : Event: ======'machine_var_audits_missing_switches_s_coin_door_service_2'====== Args={'value': 24, 'prev_value': None, 'change': True}
2025-09-24 15:27:20,735 : INFO : EventManager : Event: ======'machine_var_audits_missing_switches_s_coin_door_service_3'====== Args={'value': 24, 'prev_value': None, 'change': True}
2025-09-24 15:27:20,735 : INFO : EventManager : Event: ======'machine_var_audits_missing_switches_s_coin_door_service_4'====== Args={'value': 24, 'prev_value': None, 'change': True}
2025-09-24 15:27:20,735 : INFO : EventManager : Event: ======'machine_var_audits_missing_switches_s_e_iceman_target'====== Args={'value': 16, 'prev_value': None, 'change': True}
2025-09-24 15:27:20,735 : INFO : EventManager : Event: ======'machine_var_audits_missing_switches_s_flight_gear_target'====== Args={'value': 21, 'prev_value': None, 'change': True}
2025-09-24 15:27:20,735 : INFO : EventManager : Event: ======'machine_var_audits_missing_switches_s_flipper_left'====== Args={'value': 82, 'prev_value': None, 'change': True}
2025-09-24 15:27:20,735 : INFO : EventManager : Event: ======'machine_var_audits_missing_switches_s_flipper_left_eos'====== Args={'value': 84, 'prev_value': None, 'change': True}
2025-09-24 15:27:20,735 : INFO : EventManager : Event: ======'machine_var_audits_missing_switches_s_flipper_left_upper'====== Args={'value': 86, 'prev_value': None, 'change': True}
2025-09-24 15:27:20,735 : INFO : EventManager : Event: ======'machine_var_audits_missing_switches_s_flipper_left_upper_eos'====== Args={'value': 84, 'prev_value': None, 'change': True}
2025-09-24 15:27:20,735 : INFO : EventManager : Event: ======'machine_var_audits_missing_switches_s_flipper_right'====== Args={'value': 20, 'prev_value': None, 'change': True}
2025-09-24 15:27:20,735 : INFO : EventManager : Event: ======'machine_var_audits_missing_switches_s_flipper_right_eos'====== Args={'value': 84, 'prev_value': None, 'change': True}
2025-09-24 15:27:20,735 : INFO : EventManager : Event: ======'machine_var_audits_missing_switches_s_i_iceman_target'====== Args={'value': 21, 'prev_value': None, 'change': True}
2025-09-24 15:27:20,735 : INFO : EventManager : Event: ======'machine_var_audits_missing_switches_s_inlane_left'====== Args={'value': 17, 'prev_value': None, 'change': True}
2025-09-24 15:27:20,735 : INFO : EventManager : Event: ======'machine_var_audits_missing_switches_s_inner_inlane_right'====== Args={'value': 21, 'prev_value': None, 'change': True}
2025-09-24 15:27:20,735 : INFO : EventManager : Event: ======'machine_var_audits_missing_switches_s_jam'====== Args={'value': 23, 'prev_value': None, 'change': True}
2025-09-24 15:27:20,735 : INFO : EventManager : Event: ======'machine_var_audits_missing_switches_s_k_lock_target'====== Args={'value': 21, 'prev_value': None, 'change': True}
2025-09-24 15:27:20,735 : INFO : EventManager : Event: ======'machine_var_audits_missing_switches_s_l_lock_target'====== Args={'value': 21, 'prev_value': None, 'change': True}
2025-09-24 15:27:20,735 : INFO : EventManager : Event: ======'machine_var_audits_missing_switches_s_lane_left'====== Args={'value': 136, 'prev_value': None, 'change': True}
2025-09-24 15:27:20,735 : INFO : EventManager : Event: ======'machine_var_audits_missing_switches_s_lane_right'====== Args={'value': 11, 'prev_value': None, 'change': True}
2025-09-24 15:27:20,735 : INFO : EventManager : Event: ======'machine_var_audits_missing_switches_s_lock_goose'====== Args={'value': 86, 'prev_value': None, 'change': True}
2025-09-24 15:27:20,735 : INFO : EventManager : Event: ======'machine_var_audits_missing_switches_s_lock_mav'====== Args={'value': 86, 'prev_value': None, 'change': True}
2025-09-24 15:27:20,735 : INFO : EventManager : Event: ======'machine_var_audits_missing_switches_s_lock_plunger'====== Args={'value': 86, 'prev_value': None, 'change': True}
2025-09-24 15:27:20,736 : INFO : EventManager : Event: ======'machine_var_audits_missing_switches_s_m_iceman_target'====== Args={'value': 11, 'prev_value': None, 'change': True}
2025-09-24 15:27:20,736 : INFO : EventManager : Event: ======'machine_var_audits_missing_switches_s_mig_lane_left'====== Args={'value': 2, 'prev_value': None, 'change': True}
2025-09-24 15:27:20,736 : INFO : EventManager : Event: ======'machine_var_audits_missing_switches_s_mig_lane_right'====== Args={'value': 3, 'prev_value': None, 'change': True}
2025-09-24 15:27:20,736 : INFO : EventManager : Event: ======'machine_var_audits_missing_switches_s_mode_start'====== Args={'value': 86, 'prev_value': None, 'change': True}
2025-09-24 15:27:20,736 : INFO : EventManager : Event: ======'machine_var_audits_missing_switches_s_n_iceman_target'====== Args={'value': 3, 'prev_value': None, 'change': True}
2025-09-24 15:27:20,736 : INFO : EventManager : Event: ======'machine_var_audits_missing_switches_s_o_lock_target'====== Args={'value': 21, 'prev_value': None, 'change': True}
2025-09-24 15:27:20,736 : INFO : EventManager : Event: ======'machine_var_audits_missing_switches_s_orbit_left'====== Args={'value': 21, 'prev_value': None, 'change': True}
2025-09-24 15:27:20,736 : INFO : EventManager : Event: ======'machine_var_audits_missing_switches_s_orbit_lower'====== Args={'value': 86, 'prev_value': None, 'change': True}
2025-09-24 15:27:20,736 : INFO : EventManager : Event: ======'machine_var_audits_missing_switches_s_orbit_right'====== Args={'value': 2, 'prev_value': None, 'change': True}
2025-09-24 15:27:20,736 : INFO : EventManager : Event: ======'machine_var_audits_missing_switches_s_orbit_upper'====== Args={'value': 3, 'prev_value': None, 'change': True}
2025-09-24 15:27:20,736 : INFO : EventManager : Event: ======'machine_var_audits_missing_switches_s_outer_inlane_right'====== Args={'value': 19, 'prev_value': None, 'change': True}
2025-09-24 15:27:20,736 : INFO : EventManager : Event: ======'machine_var_audits_missing_switches_s_outlane_left'====== Args={'value': 86, 'prev_value': None, 'change': True}
2025-09-24 15:27:20,736 : INFO : EventManager : Event: ======'machine_var_audits_missing_switches_s_outlane_right'====== Args={'value': 23, 'prev_value': None, 'change': True}
2025-09-24 15:27:20,736 : INFO : EventManager : Event: ======'machine_var_audits_missing_switches_s_plunger_lane'====== Args={'value': 10, 'prev_value': None, 'change': True}
2025-09-24 15:27:20,737 : INFO : EventManager : Event: ======'machine_var_audits_missing_switches_s_ramp_inner_exit'====== Args={'value': 86, 'prev_value': None, 'change': True}
2025-09-24 15:27:20,737 : INFO : EventManager : Event: ======'machine_var_audits_missing_switches_s_ramp_left_exit'====== Args={'value': 86, 'prev_value': None, 'change': True}
2025-09-24 15:27:20,737 : INFO : EventManager : Event: ======'machine_var_audits_missing_switches_s_ramp_right_exit'====== Args={'value': 86, 'prev_value': None, 'change': True}
2025-09-24 15:27:20,737 : INFO : EventManager : Event: ======'machine_var_audits_missing_switches_s_ramp_tower_exit'====== Args={'value': 86, 'prev_value': None, 'change': True}
2025-09-24 15:27:20,737 : INFO : EventManager : Event: ======'machine_var_audits_missing_switches_s_shooter_lane'====== Args={'value': 2, 'prev_value': None, 'change': True}
2025-09-24 15:27:20,737 : INFO : EventManager : Event: ======'machine_var_audits_missing_switches_s_slingshot_left'====== Args={'value': 21, 'prev_value': None, 'change': True}
2025-09-24 15:27:20,737 : INFO : EventManager : Event: ======'machine_var_audits_missing_switches_s_slingshot_right'====== Args={'value': 21, 'prev_value': None, 'change': True}
2025-09-24 15:27:20,737 : INFO : EventManager : Event: ======'machine_var_audits_missing_switches_s_spinner'====== Args={'value': 86, 'prev_value': None, 'change': True}
2025-09-24 15:27:20,737 : INFO : EventManager : Event: ======'machine_var_audits_missing_switches_s_tilt'====== Args={'value': 24, 'prev_value': None, 'change': True}
2025-09-24 15:27:20,737 : INFO : EventManager : Event: ======'machine_var_audits_missing_switches_s_trough_1'====== Args={'value': 62, 'prev_value': None, 'change': True}
2025-09-24 15:27:20,737 : INFO : EventManager : Event: ======'machine_var_audits_missing_switches_s_trough_2'====== Args={'value': 62, 'prev_value': None, 'change': True}
2025-09-24 15:27:20,737 : INFO : EventManager : Event: ======'machine_var_audits_missing_switches_s_trough_3'====== Args={'value': 62, 'prev_value': None, 'change': True}
2025-09-24 15:27:20,737 : INFO : EventManager : Event: ======'machine_var_audits_missing_switches_s_trough_4'====== Args={'value': 137, 'prev_value': None, 'change': True}
2025-09-24 15:27:20,737 : INFO : EventManager : Event: ======'machine_var_audits_missing_switches_s_trough_5'====== Args={'value': 137, 'prev_value': None, 'change': True}
2025-09-24 15:27:20,737 : INFO : EventManager : Event: ======'machine_var_audits_missing_switches_s_trough_6'====== Args={'value': 2, 'prev_value': None, 'change': True}
2025-09-24 15:27:20,738 : INFO : EventManager : Event: ======'machine_var_audits_player_score'====== Args={'value': {'average': 67000, 'top': [73000, 61000], 'total': 2}, 'prev_value': None, 'change': True}
2025-09-24 15:27:20,738 : INFO : EventManager : Event: ======'machine_var_audits_shots_bumper_center'====== Args={'value': 477, 'prev_value': None, 'change': True}
2025-09-24 15:27:20,738 : INFO : EventManager : Event: ======'machine_var_audits_shots_bumper_left'====== Args={'value': 483, 'prev_value': None, 'change': True}
2025-09-24 15:27:20,738 : INFO : EventManager : Event: ======'machine_var_audits_shots_bumper_right'====== Args={'value': 351, 'prev_value': None, 'change': True}
2025-09-24 15:27:20,738 : INFO : EventManager : Event: ======'machine_var_audits_shots_mig_lane_left'====== Args={'value': 5, 'prev_value': None, 'change': True}
2025-09-24 15:27:20,738 : INFO : EventManager : Event: ======'machine_var_audits_shots_orbit_upper'====== Args={'value': 1, 'prev_value': None, 'change': True}
2025-09-24 15:27:20,738 : INFO : EventManager : Event: ======'machine_var_audits_switches_s_a_iceman_target'====== Args={'value': 25, 'prev_value': None, 'change': True}
2025-09-24 15:27:20,738 : INFO : EventManager : Event: ======'machine_var_audits_switches_s_barrier_target'====== Args={'value': 6, 'prev_value': None, 'change': True}
2025-09-24 15:27:20,738 : INFO : EventManager : Event: ======'machine_var_audits_switches_s_bumper_center'====== Args={'value': 496, 'prev_value': None, 'change': True}
2025-09-24 15:27:20,738 : INFO : EventManager : Event: ======'machine_var_audits_switches_s_bumper_left'====== Args={'value': 513, 'prev_value': None, 'change': True}
2025-09-24 15:27:20,738 : INFO : EventManager : Event: ======'machine_var_audits_switches_s_bumper_right'====== Args={'value': 357, 'prev_value': None, 'change': True}
2025-09-24 15:27:20,738 : INFO : EventManager : Event: ======'machine_var_audits_switches_s_c_iceman_target'====== Args={'value': 37, 'prev_value': None, 'change': True}
2025-09-24 15:27:20,738 : INFO : EventManager : Event: ======'machine_var_audits_switches_s_c_lock_target'====== Args={'value': 4, 'prev_value': None, 'change': True}
2025-09-24 15:27:20,738 : INFO : EventManager : Event: ======'machine_var_audits_switches_s_coin_door'====== Args={'value': 0, 'prev_value': None, 'change': True}
2025-09-24 15:27:20,738 : INFO : EventManager : Event: ======'machine_var_audits_switches_s_coin_door_service_1'====== Args={'value': 0, 'prev_value': None, 'change': True}
2025-09-24 15:27:20,738 : INFO : EventManager : Event: ======'machine_var_audits_switches_s_coin_door_service_2'====== Args={'value': 0, 'prev_value': None, 'change': True}
2025-09-24 15:27:20,738 : INFO : EventManager : Event: ======'machine_var_audits_switches_s_coin_door_service_3'====== Args={'value': 0, 'prev_value': None, 'change': True}
2025-09-24 15:27:20,739 : INFO : EventManager : Event: ======'machine_var_audits_switches_s_coin_door_service_4'====== Args={'value': 0, 'prev_value': None, 'change': True}
2025-09-24 15:27:20,739 : INFO : EventManager : Event: ======'machine_var_audits_switches_s_e_iceman_target'====== Args={'value': 40, 'prev_value': None, 'change': True}
2025-09-24 15:27:20,739 : INFO : EventManager : Event: ======'machine_var_audits_switches_s_flight_gear_target'====== Args={'value': 6, 'prev_value': None, 'change': True}
2025-09-24 15:27:20,739 : INFO : EventManager : Event: ======'machine_var_audits_switches_s_flipper_left'====== Args={'value': 9, 'prev_value': None, 'change': True}
2025-09-24 15:27:20,739 : INFO : EventManager : Event: ======'machine_var_audits_switches_s_flipper_left_eos'====== Args={'value': 0, 'prev_value': None, 'change': True}
2025-09-24 15:27:20,739 : INFO : EventManager : Event: ======'machine_var_audits_switches_s_flipper_left_upper'====== Args={'value': 0, 'prev_value': None, 'change': True}
2025-09-24 15:27:20,739 : INFO : EventManager : Event: ======'machine_var_audits_switches_s_flipper_left_upper_eos'====== Args={'value': 0, 'prev_value': None, 'change': True}
2025-09-24 15:27:20,739 : INFO : EventManager : Event: ======'machine_var_audits_switches_s_flipper_right'====== Args={'value': 17, 'prev_value': None, 'change': True}
2025-09-24 15:27:20,739 : INFO : EventManager : Event: ======'machine_var_audits_switches_s_flipper_right_eos'====== Args={'value': 0, 'prev_value': None, 'change': True}
2025-09-24 15:27:20,739 : INFO : EventManager : Event: ======'machine_var_audits_switches_s_i_iceman_target'====== Args={'value': 2, 'prev_value': None, 'change': True}
2025-09-24 15:27:20,739 : INFO : EventManager : Event: ======'machine_var_audits_switches_s_inlane_left'====== Args={'value': 53, 'prev_value': None, 'change': True}
2025-09-24 15:27:20,739 : INFO : EventManager : Event: ======'machine_var_audits_switches_s_inner_inlane_right'====== Args={'value': 3, 'prev_value': None, 'change': True}
2025-09-24 15:27:20,739 : INFO : EventManager : Event: ======'machine_var_audits_switches_s_jam'====== Args={'value': 1, 'prev_value': None, 'change': True}
2025-09-24 15:27:20,739 : INFO : EventManager : Event: ======'machine_var_audits_switches_s_k_lock_target'====== Args={'value': 5, 'prev_value': None, 'change': True}
2025-09-24 15:27:20,739 : INFO : EventManager : Event: ======'machine_var_audits_switches_s_l_lock_target'====== Args={'value': 5, 'prev_value': None, 'change': True}
2025-09-24 15:27:20,739 : INFO : EventManager : Event: ======'machine_var_audits_switches_s_lane_left'====== Args={'value': 1, 'prev_value': None, 'change': True}
2025-09-24 15:27:20,739 : INFO : EventManager : Event: ======'machine_var_audits_switches_s_lane_right'====== Args={'value': 1, 'prev_value': None, 'change': True}
2025-09-24 15:27:20,739 : INFO : EventManager : Event: ======'machine_var_audits_switches_s_lock_goose'====== Args={'value': 0, 'prev_value': None, 'change': True}
2025-09-24 15:27:20,739 : INFO : EventManager : Event: ======'machine_var_audits_switches_s_lock_mav'====== Args={'value': 0, 'prev_value': None, 'change': True}
2025-09-24 15:27:20,739 : INFO : EventManager : Event: ======'machine_var_audits_switches_s_lock_plunger'====== Args={'value': 0, 'prev_value': None, 'change': True}
2025-09-24 15:27:20,739 : INFO : EventManager : Event: ======'machine_var_audits_switches_s_m_iceman_target'====== Args={'value': 25, 'prev_value': None, 'change': True}
2025-09-24 15:27:20,740 : INFO : EventManager : Event: ======'machine_var_audits_switches_s_mig_lane_left'====== Args={'value': 17, 'prev_value': None, 'change': True}
2025-09-24 15:27:20,740 : INFO : EventManager : Event: ======'machine_var_audits_switches_s_mig_lane_right'====== Args={'value': 2, 'prev_value': None, 'change': True}
2025-09-24 15:27:20,740 : INFO : EventManager : Event: ======'machine_var_audits_switches_s_mode_start'====== Args={'value': 0, 'prev_value': None, 'change': True}
2025-09-24 15:27:20,740 : INFO : EventManager : Event: ======'machine_var_audits_switches_s_n_iceman_target'====== Args={'value': 33, 'prev_value': None, 'change': True}
2025-09-24 15:27:20,740 : INFO : EventManager : Event: ======'machine_var_audits_switches_s_o_lock_target'====== Args={'value': 5, 'prev_value': None, 'change': True}
2025-09-24 15:27:20,740 : INFO : EventManager : Event: ======'machine_var_audits_switches_s_orbit_left'====== Args={'value': 7, 'prev_value': None, 'change': True}
2025-09-24 15:27:20,740 : INFO : EventManager : Event: ======'machine_var_audits_switches_s_orbit_lower'====== Args={'value': 0, 'prev_value': None, 'change': True}
2025-09-24 15:27:20,740 : INFO : EventManager : Event: ======'machine_var_audits_switches_s_orbit_right'====== Args={'value': 1, 'prev_value': None, 'change': True}
2025-09-24 15:27:20,740 : INFO : EventManager : Event: ======'machine_var_audits_switches_s_orbit_upper'====== Args={'value': 2, 'prev_value': None, 'change': True}
2025-09-24 15:27:20,740 : INFO : EventManager : Event: ======'machine_var_audits_switches_s_outer_inlane_right'====== Args={'value': 5, 'prev_value': None, 'change': True}
2025-09-24 15:27:20,740 : INFO : EventManager : Event: ======'machine_var_audits_switches_s_outlane_left'====== Args={'value': 0, 'prev_value': None, 'change': True}
2025-09-24 15:27:20,740 : INFO : EventManager : Event: ======'machine_var_audits_switches_s_outlane_right'====== Args={'value': 4, 'prev_value': None, 'change': True}
2025-09-24 15:27:20,740 : INFO : EventManager : Event: ======'machine_var_audits_switches_s_plunger_lane'====== Args={'value': 46, 'prev_value': None, 'change': True}
2025-09-24 15:27:20,740 : INFO : EventManager : Event: ======'machine_var_audits_switches_s_ramp_inner_exit'====== Args={'value': 0, 'prev_value': None, 'change': True}
2025-09-24 15:27:20,740 : INFO : EventManager : Event: ======'machine_var_audits_switches_s_ramp_left_exit'====== Args={'value': 0, 'prev_value': None, 'change': True}
2025-09-24 15:27:20,740 : INFO : EventManager : Event: ======'machine_var_audits_switches_s_ramp_right_exit'====== Args={'value': 0, 'prev_value': None, 'change': True}
2025-09-24 15:27:20,740 : INFO : EventManager : Event: ======'machine_var_audits_switches_s_ramp_tower_exit'====== Args={'value': 0, 'prev_value': None, 'change': True}
2025-09-24 15:27:20,740 : INFO : EventManager : Event: ======'machine_var_audits_switches_s_shooter_lane'====== Args={'value': 22, 'prev_value': None, 'change': True}
2025-09-24 15:27:20,740 : INFO : EventManager : Event: ======'machine_var_audits_switches_s_slingshot_left'====== Args={'value': 8, 'prev_value': None, 'change': True}
2025-09-24 15:27:20,740 : INFO : EventManager : Event: ======'machine_var_audits_switches_s_slingshot_right'====== Args={'value': 7, 'prev_value': None, 'change': True}
2025-09-24 15:27:20,740 : INFO : EventManager : Event: ======'machine_var_audits_switches_s_spinner'====== Args={'value': 0, 'prev_value': None, 'change': True}
2025-09-24 15:27:20,740 : INFO : EventManager : Event: ======'machine_var_audits_switches_s_start'====== Args={'value': 138, 'prev_value': None, 'change': True}
2025-09-24 15:27:20,741 : INFO : EventManager : Event: ======'machine_var_audits_switches_s_tilt'====== Args={'value': 0, 'prev_value': None, 'change': True}
2025-09-24 15:27:20,741 : INFO : EventManager : Event: ======'machine_var_audits_switches_s_trough_1'====== Args={'value': 2, 'prev_value': None, 'change': True}
2025-09-24 15:27:20,741 : INFO : EventManager : Event: ======'machine_var_audits_switches_s_trough_2'====== Args={'value': 1, 'prev_value': None, 'change': True}
2025-09-24 15:27:20,741 : INFO : EventManager : Event: ======'machine_var_audits_switches_s_trough_3'====== Args={'value': 1, 'prev_value': None, 'change': True}
2025-09-24 15:27:20,741 : INFO : EventManager : Event: ======'machine_var_audits_switches_s_trough_4'====== Args={'value': 0, 'prev_value': None, 'change': True}
2025-09-24 15:27:20,741 : INFO : EventManager : Event: ======'machine_var_audits_switches_s_trough_5'====== Args={'value': 0, 'prev_value': None, 'change': True}
2025-09-24 15:27:20,741 : INFO : EventManager : Event: ======'machine_var_audits_switches_s_trough_6'====== Args={'value': 69, 'prev_value': None, 'change': True}
2025-09-24 15:27:20,741 : INFO : EventManager : Event: ======'init_phase_5'====== Args={}
2025-09-24 15:27:20,741 : INFO : EventManager : Event: ======'init_done'====== Args={}
2025-09-24 15:27:20,741 : INFO : EventManager : Event: ======'machine_reset_phase_1'====== Args={}
2025-09-24 15:27:20,753 : INFO : EventManager : Event: ======'machine_reset_phase_2'====== Args={}
2025-09-24 15:27:20,753 : INFO : EventManager : Event: ======'machine_reset_phase_3'====== Args={}
2025-09-24 15:27:20,754 : INFO : EventManager : Event: ======'reset_complete'====== Args={}
2025-09-24 15:27:20,754 : INFO : EventManager : Event: ======'mode_attract_will_start'====== Args={}
2025-09-24 15:27:20,754 : INFO : Timer.attract_carousel_timer : Starting Timer.
2025-09-24 15:27:20,755 : INFO : EventManager : Event: ======'timer_attract_carousel_timer_started'====== Args={'ticks': 0, 'ticks_remaining': 1}
2025-09-24 15:27:20,755 : INFO : EventManager : Event: ======'timer_attract_carousel_timer_tick'====== Args={'ticks': 0, 'ticks_remaining': 1}
2025-09-24 15:27:20,756 : INFO : EventManager : Event: ======'mode_attract_starting'====== Args={}
2025-09-24 15:27:20,756 : INFO : Mode.attract : Started. Priority: 10
2025-09-24 15:27:20,756 : INFO : EventManager : Event: ======'modes_active_modes_changed'====== Args={}
2025-09-24 15:27:20,756 : INFO : EventManager : Event: ======'mode_attract_started'====== Args={}
2025-09-24 15:27:20,756 : INFO : EventManager : Event: ======'attract_cycle_step1'====== Args={'priority': 0}
2025-09-24 15:27:20,757 : INFO : EventManager : Event: ======'collecting_balls_complete'====== Args={}
2025-09-24 15:27:20,757 : INFO : EventManager : Event: ======'item_highlighted'====== Args={'carousel': 'attract', 'direction': None, 'item': 'title'}
2025-09-24 15:27:20,757 : INFO : EventManager : Event: ======'timer_attract_carousel_timer_tick'====== Args={'ticks': 0, 'ticks_remaining': 1}
2025-09-24 15:27:20,757 : INFO : Machine : Starting the main run loop with active modes: [<Mode.attract>]
2025-09-24 15:27:20,838 : INFO : EventManager : Event: ======'slide_attract_created'====== Args={'_from_bcp': True}
2025-09-24 15:27:20,838 : INFO : EventManager : Event: ======'slide__removed'====== Args={'_from_bcp': True}
2025-09-24 15:27:20,838 : INFO : EventManager : Event: ======'slide_attract_active'====== Args={'original_context': 'attract', 'original_calling_context': 'mode_attract_started', 'priority': 10.0, 'cmd': 'slides_play', '_from_bcp': True}
2025-09-24 15:27:27,773 : INFO : Timer.attract_carousel_timer : Timer Complete
2025-09-24 15:27:27,773 : INFO : Timer.attract_carousel_timer : Stopping Timer
2025-09-24 15:27:27,773 : INFO : EventManager : Event: ======'timer_attract_carousel_timer_stopped'====== Args={'ticks': 1, 'ticks_remaining': 1}
2025-09-24 15:27:27,774 : INFO : EventManager : Event: ======'timer_attract_carousel_timer_complete'====== Args={'ticks': 1, 'ticks_remaining': 1}
2025-09-24 15:27:27,774 : INFO : EventManager : Event: ======'item_highlighted'====== Args={'carousel': 'attract', 'direction': 'forwards', 'item': 'presented_by'}
2025-09-24 15:27:27,774 : INFO : Timer.attract_carousel_timer : Starting Timer.
2025-09-24 15:27:27,775 : INFO : EventManager : Event: ======'timer_attract_carousel_timer_started'====== Args={'ticks': 0, 'ticks_remaining': 1}
2025-09-24 15:27:27,775 : INFO : EventManager : Event: ======'timer_attract_carousel_timer_tick'====== Args={'ticks': 0, 'ticks_remaining': 1}
2025-09-24 15:27:28,166 : INFO : BcpServer : New client connected.
2025-09-24 15:27:32,960 : INFO : EventManager : Event: ======'attract_cycle_step2'====== Args={}
2025-09-24 15:27:34,767 : INFO : Timer.attract_carousel_timer : Timer Complete
2025-09-24 15:27:34,767 : INFO : Timer.attract_carousel_timer : Stopping Timer
2025-09-24 15:27:34,767 : INFO : EventManager : Event: ======'timer_attract_carousel_timer_stopped'====== Args={'ticks': 1, 'ticks_remaining': 1}
2025-09-24 15:27:34,768 : INFO : EventManager : Event: ======'timer_attract_carousel_timer_complete'====== Args={'ticks': 1, 'ticks_remaining': 1}
2025-09-24 15:27:34,770 : INFO : EventManager : Event: ======'item_highlighted'====== Args={'carousel': 'attract', 'direction': 'forwards', 'item': 'hotrod_pinball_logo'}
2025-09-24 15:27:34,771 : INFO : Timer.attract_carousel_timer : Starting Timer.
2025-09-24 15:27:34,771 : INFO : EventManager : Event: ======'timer_attract_carousel_timer_started'====== Args={'ticks': 0, 'ticks_remaining': 1}
2025-09-24 15:27:34,771 : INFO : EventManager : Event: ======'timer_attract_carousel_timer_tick'====== Args={'ticks': 0, 'ticks_remaining': 1}
2025-09-24 15:27:41,351 : INFO : SwitchController : <<<<<<< 's_start' active >>>>>>>
2025-09-24 15:27:41,459 : INFO : SwitchController : <<<<<<< 's_start' inactive >>>>>>>
2025-09-24 15:27:41,459 : INFO : EventManager : Event: ======'request_to_start_game'====== Args={}
2025-09-24 15:27:41,463 : INFO : EventManager : Event: ======'game_start'====== Args={'buttons': [], 'hold_time': 0.10900000001129229}
2025-09-24 15:27:41,463 : INFO : EventManager : Event: ======'mode_game_will_start'====== Args={'buttons': [], 'hold_time': 0.10900000001129229}
2025-09-24 15:27:41,463 : INFO : EventManager : Event: ======'mode_game_starting'====== Args={'buttons': [], 'hold_time': 0.10900000001129229}
2025-09-24 15:27:41,463 : INFO : EventManager : Event: ======'mode_attract_will_stop'====== Args={}
2025-09-24 15:27:41,464 : INFO : EventManager : Event: ======'mode_attract_stopping'====== Args={}
2025-09-24 15:27:41,464 : INFO : Mode.game : Started. Priority: 20
2025-09-24 15:27:41,464 : INFO : EventManager : Event: ======'modes_active_modes_changed'====== Args={}
2025-09-24 15:27:41,464 : INFO : EventManager : Event: ======'mode_game_started'====== Args={'buttons': [], 'hold_time': 0.10900000001129229}
2025-09-24 15:27:41,466 : INFO : Mode.attract : Stopped.
2025-09-24 15:27:41,466 : INFO : EventManager : Event: ======'modes_active_modes_changed'====== Args={}
2025-09-24 15:27:41,466 : INFO : EventManager : Event: ======'mode_attract_stopped'====== Args={}
2025-09-24 15:27:41,466 : INFO : EventManager : Event: ======'clear'====== Args={'key': 'attract'}
2025-09-24 15:27:41,466 : INFO : Timer.attract_carousel_timer : Stopping Timer
2025-09-24 15:27:41,466 : INFO : EventManager : Event: ======'timer_attract_carousel_timer_stopped'====== Args={'ticks': 0, 'ticks_remaining': 1}
2025-09-24 15:27:41,467 : INFO : EventManager : Event: ======'game_will_start'====== Args={}
2025-09-24 15:27:41,467 : INFO : EventManager : Event: ======'game_starting'====== Args={'game': <Mode.game>}
2025-09-24 15:27:41,468 : INFO : EventManager : Unordered handler for class <Auditor> on event game_ended with priority 1. Handlers: [RegisteredHandler(callback=<bound method Auditor.disable of <Auditor>>, priority=1, kwargs={}, key=UUID('0f9eee0b-6db0-4282-a2e4-ce597785656a'), condition=None, blocking_facility=None), RegisteredHandler(callback=<bound method Auditor._save_audits of <Auditor>>, priority=1, kwargs={}, key=UUID('1bf21837-df5d-434d-9e8d-56b08d5ae447'), condition=None, blocking_facility=None)]. The order of those handlers is not defined and they will be executed in random order. This might lead to race conditions and potential bugs.
2025-09-24 15:27:41,468 : INFO : EventManager : Event: ======'player_add_request'====== Args={}
2025-09-24 15:27:41,468 : INFO : EventManager : Event: ======'player_will_add'====== Args={'number': 1}
2025-09-24 15:27:41,468 : INFO : EventManager : Event: ======'player_adding'====== Args={'player': <Player 1>, 'number': 1}
2025-09-24 15:27:41,468 : INFO : EventManager : Event: ======'player_added'====== Args={'player': <Player 1>, 'num': 1}
2025-09-24 15:27:41,470 : INFO : Mode.game : Player added successfully. Total players: 1
2025-09-24 15:27:41,470 : INFO : EventManager : Event: ======'player_index'====== Args={'value': 0, 'prev_value': 0, 'change': 0, 'player_num': 1}
2025-09-24 15:27:41,470 : INFO : EventManager : Event: ======'player_number'====== Args={'value': 1, 'prev_value': 1, 'change': 0, 'player_num': 1}
2025-09-24 15:27:41,470 : INFO : EventManager : Event: ======'player_score'====== Args={'value': 0, 'prev_value': 0, 'change': 0, 'player_num': 1}
2025-09-24 15:27:41,471 : INFO : EventManager : Event: ======'game_started'====== Args={}
2025-09-24 15:27:41,472 : INFO : EventManager : Event: ======'player_turn_will_start'====== Args={'player': <Player 1>, 'number': 1}
2025-09-24 15:27:41,481 : INFO : EventManager : Event: ======'player_turn_starting'====== Args={'player': <Player 1>, 'number': 1}
2025-09-24 15:27:41,481 : INFO : EventManager : Event: ======'player_ball'====== Args={'value': 1, 'prev_value': 0, 'change': 1, 'player_num': 1}
2025-09-24 15:27:41,482 : INFO : EventManager : Event: ======'player_turn_started'====== Args={'player': <Player 1>, 'number': 1}
2025-09-24 15:27:41,483 : INFO : EventManager : Event: ======'ui_player_1_up'====== Args={'priority': 0}
2025-09-24 15:27:41,484 : INFO : EventManager : Event: ======'ball_will_start'====== Args={'player': 1, 'ball': 1, 'balls_remaining': 2, 'is_extra_ball': False}
2025-09-24 15:27:41,484 : INFO : EventManager : Event: ======'ball_starting'====== Args={'player': 1, 'ball': 1, 'balls_remaining': 2, 'is_extra_ball': False}
2025-09-24 15:27:41,485 : INFO : EventManager : Event: ======'mode_base_will_start'====== Args={'queue': <QueuedEvent>, 'player': 1, 'ball': 1, 'balls_remaining': 2, 'is_extra_ball': False}
2025-09-24 15:27:41,487 : INFO : EventManager : Event: ======'mode_base_starting'====== Args={'queue': <QueuedEvent>, 'player': 1, 'ball': 1, 'balls_remaining': 2, 'is_extra_ball': False}
2025-09-24 15:27:41,488 : INFO : Mode.base : Started. Priority: 100
2025-09-24 15:27:41,489 : INFO : EventManager : Event: ======'modes_active_modes_changed'====== Args={}
2025-09-24 15:27:41,489 : INFO : EventManager : Event: ======'mode_base_started'====== Args={'queue': <QueuedEvent>, 'player': 1, 'ball': 1, 'balls_remaining': 2, 'is_extra_ball': False}
2025-09-24 15:27:41,489 : INFO : EventManager : Event: ======'start_mode_bumpers'====== Args={'priority': 0}
2025-09-24 15:27:41,489 : INFO : EventManager : Event: ======'mode_bumpers_will_start'====== Args={'priority': 0}
2025-09-24 15:27:41,489 : INFO : EventManager : Event: ======'player_shot_bumper_left_enabled'====== Args={'value': True, 'prev_value': 0, 'change': 1, 'player_num': 1}
2025-09-24 15:27:41,490 : INFO : EventManager : Event: ======'player_shot_bumper_center_enabled'====== Args={'value': True, 'prev_value': 0, 'change': 1, 'player_num': 1}
2025-09-24 15:27:41,490 : INFO : EventManager : Event: ======'player_shot_bumper_right_enabled'====== Args={'value': True, 'prev_value': 0, 'change': 1, 'player_num': 1}
2025-09-24 15:27:41,490 : INFO : EventManager : Event: ======'bumpers_complete'====== Args={'state': 'unlit'}
2025-09-24 15:27:41,490 : INFO : EventManager : Event: ======'bumpers_unlit_complete'====== Args={}
2025-09-24 15:27:41,491 : INFO : EventManager : Event: ======'mode_bumpers_starting'====== Args={'priority': 0}
2025-09-24 15:27:41,491 : INFO : Mode.bumpers : Started. Priority: 200
2025-09-24 15:27:41,491 : INFO : EventManager : Event: ======'modes_active_modes_changed'====== Args={}
2025-09-24 15:27:41,491 : INFO : EventManager : Event: ======'mode_bumpers_started'====== Args={'priority': 0}
2025-09-24 15:27:41,492 : INFO : EventManager : Event: ======'balls_in_play'====== Args={'balls': 1}
2025-09-24 15:27:41,492 : INFO : EventManager : Event: ======'ball_started'====== Args={'player': 1, 'ball': 1, 'balls_remaining': 2, 'is_extra_ball': False}
2025-09-24 15:27:41,493 : INFO : EventManager : Event: ======'single_player_ball_started'====== Args={}
2025-09-24 15:27:41,493 : INFO : EventManager : Event: ======'ball_start_target'====== Args={'target': 'playfield'}
2025-09-24 15:27:41,494 : INFO : ball_device.bd_plunger : Setting up player-controlled eject. Balls: 1, Target: <playfield.playfield>, player_controlled_eject_event: None
2025-09-24 15:27:41,494 : INFO : EventManager : Event: ======'balldevice_balls_available'====== Args={}
2025-09-24 15:27:41,496 : INFO : ball_device.bd_trough : State: waiting_for_target_ready
2025-09-24 15:27:41,496 : INFO : EventManager : Event: ======'balldevice_bd_trough_ball_eject_attempt'====== Args={'balls': 1, 'target': <ball_device.bd_plunger>, 'source': <ball_device.bd_trough>, 'mechanical_eject': True, 'num_attempts': 0}
2025-09-24 15:27:41,496 : INFO : ball_device.bd_plunger : State: waiting_for_ball
2025-09-24 15:27:41,497 : INFO : ball_device.bd_trough : State: ejecting
2025-09-24 15:27:41,497 : INFO : ball_device.bd_trough : Ejecting ball to <ball_device.bd_plunger>
2025-09-24 15:27:41,497 : INFO : EventManager : Event: ======'balldevice_bd_trough_ejecting_ball'====== Args={'balls': 1, 'target': <ball_device.bd_plunger>, 'source': <ball_device.bd_trough>, 'mechanical_eject': True, 'num_attempts': 0}
2025-09-24 15:27:41,498 : INFO : ball_device.bd_trough : Wait for ball to leave device
2025-09-24 15:27:41,498 : INFO : coil.c_trough_eject : Pulsing Driver for 10ms (0.75 pulse_power)
2025-09-24 15:27:41,579 : INFO : EventManager : Event: ======'slide_base_slide_created'====== Args={'_from_bcp': True}
2025-09-24 15:27:41,579 : INFO : EventManager : Event: ======'slide_attract_inactive'====== Args={'is_removing': True, '_from_bcp': True}
2025-09-24 15:27:41,580 : INFO : EventManager : Event: ======'slide_base_slide_active'====== Args={'original_context': 'base', 'original_calling_context': 'mode_base_started', 'priority': 100.0, 'queue': '<QueuedEvent>', 'player': 1.0, 'ball': 1.0, 'balls_remaining': 2.0, 'is_extra_ball': False, 'cmd': 'slides_play', '_from_bcp': True}
2025-09-24 15:27:41,583 : INFO : EventManager : Event: ======'slide_attract_removed'====== Args={'_from_bcp': True}
2025-09-24 15:27:42,617 : INFO : SwitchController : <<<<<<< 's_trough_6' inactive >>>>>>>
2025-09-24 15:27:42,617 : INFO : ball_device.bd_trough : State: ball_left
2025-09-24 15:27:42,618 : INFO : ball_device.bd_trough : Ball left
2025-09-24 15:27:42,618 : INFO : ball_device.bd_trough : Wait for confirm with timeout 3.0
2025-09-24 15:27:45,611 : INFO : ball_device.bd_trough : State: failed_confirm
2025-09-24 15:27:45,611 : INFO : ball_device.bd_trough : Got timeout (3.0s) before confirm from <ball_device.bd_plunger>
2025-09-24 15:27:45,612 : INFO : ball_device.bd_plunger : Expecting incoming ball which may skip the device.
2025-09-24 15:27:45,612 : INFO : EventManager : Event: ======'balldevice_bd_plunger_ejecting_ball'====== Args={'balls': 1, 'target': <playfield.playfield>, 'source': <ball_device.bd_plunger>, 'mechanical_eject': False, 'num_attempts': 1}
2025-09-24 15:27:46,412 : INFO : SwitchController : <<<<<<< 's_shooter_lane' active >>>>>>>
2025-09-24 15:27:46,413 : INFO : EventManager : Event: ======'s_shooter_lane_active'====== Args={}
2025-09-24 15:27:46,413 : INFO : EventManager : Event: ======'machine_var_audits_switches_s_shooter_lane'====== Args={'value': 23, 'prev_value': 22, 'change': 1}
2025-09-24 15:27:46,414 : INFO : EventManager : Event: ======'mode_skillshot_will_start'====== Args={}
2025-09-24 15:27:46,414 : INFO : EventManager : Event: ======'player_shot_mig_lane_left_enabled'====== Args={'value': True, 'prev_value': 0, 'change': 1, 'player_num': 1}
2025-09-24 15:27:46,414 : INFO : EventManager : Event: ======'player_shot_mig_lane_right_enabled'====== Args={'value': True, 'prev_value': 0, 'change': 1, 'player_num': 1}
2025-09-24 15:27:46,415 : INFO : EventManager : Event: ======'player_shot_spinner_enabled'====== Args={'value': True, 'prev_value': 0, 'change': 1, 'player_num': 1}
2025-09-24 15:27:46,415 : INFO : EventManager : Event: ======'player_shot_orbit_upper_enabled'====== Args={'value': True, 'prev_value': 0, 'change': 1, 'player_num': 1}
2025-09-24 15:27:46,416 : INFO : EventManager : Event: ======'player_shot_ramp_inner_enabled'====== Args={'value': True, 'prev_value': 0, 'change': 1, 'player_num': 1}
2025-09-24 15:27:46,416 : INFO : EventManager : Event: ======'skillshot_group_complete'====== Args={'state': 'off'}
2025-09-24 15:27:46,416 : INFO : EventManager : Event: ======'skillshot_group_off_complete'====== Args={}
2025-09-24 15:27:46,417 : INFO : EventManager : Event: ======'player_skillshot_skillshot_tick'====== Args={'value': 10, 'prev_value': 0, 'change': 10, 'player_num': 1}
2025-09-24 15:27:46,419 : INFO : EventManager : Event: ======'mode_skillshot_starting'====== Args={}
2025-09-24 15:27:46,419 : INFO : Mode.skillshot : Started. Priority: 100
2025-09-24 15:27:46,419 : INFO : EventManager : Event: ======'modes_active_modes_changed'====== Args={}
2025-09-24 15:27:46,419 : INFO : EventManager : Event: ======'mode_skillshot_started'====== Args={}
2025-09-24 15:27:46,420 : INFO : EventManager : Event: ======'player_shot_mig_lane_left'====== Args={'value': 1, 'prev_value': 0, 'change': 1, 'player_num': 1}
2025-09-24 15:27:46,420 : INFO : EventManager : Event: ======'player_shot_mig_lane_right'====== Args={'value': 1, 'prev_value': 0, 'change': 1, 'player_num': 1}
2025-09-24 15:27:46,420 : INFO : EventManager : Event: ======'player_shot_spinner'====== Args={'value': 1, 'prev_value': 0, 'change': 1, 'player_num': 1}
2025-09-24 15:27:46,421 : INFO : EventManager : Event: ======'player_shot_orbit_upper'====== Args={'value': 1, 'prev_value': 0, 'change': 1, 'player_num': 1}
2025-09-24 15:27:46,421 : INFO : EventManager : Event: ======'player_shot_ramp_inner'====== Args={'value': 1, 'prev_value': 0, 'change': 1, 'player_num': 1}
2025-09-24 15:27:46,421 : INFO : EventManager : Event: ======'skillshot_group_complete'====== Args={'state': 'lit'}
2025-09-24 15:27:46,422 : INFO : EventManager : Event: ======'skillshot_group_lit_complete'====== Args={}
2025-09-24 15:27:46,734 : INFO : ball_device.bd_plunger : Received ball from <ball_device.bd_trough>
2025-09-24 15:27:46,735 : INFO : EventManager : Event: ======'balldevice_bd_plunger_ball_enter'====== Args={'new_balls': 1, 'unclaimed_balls': 0, 'new_available_balls': 0, 'device': <ball_device.bd_plunger>}
2025-09-24 15:27:46,735 : INFO : EventManager : Event: ======'balldevice_bd_plunger_ball_entered'====== Args={'new_balls': 0, 'device': <ball_device.bd_plunger>}
2025-09-24 15:27:46,736 : INFO : EventManager : Event: ======'balldevice_bd_plunger_ball_count_changed'====== Args={'balls': 1}
2025-09-24 15:27:46,736 : INFO : ball_device.bd_trough : Eject successful
2025-09-24 15:27:46,736 : INFO : EventManager : Event: ======'balldevice_bd_trough_ball_eject_success'====== Args={'balls': 1, 'target': <ball_device.bd_plunger>}
2025-09-24 15:27:46,736 : INFO : EventManager : Event: ======'balldevice_bd_plunger_ball_eject_failed'====== Args={'target': <playfield.playfield>, 'balls': 1, 'retry': True, 'num_attempts': 1}
2025-09-24 15:27:46,737 : INFO : ball_device.bd_plunger : No longer expecting incoming ball which may skip the device.
2025-09-24 15:27:46,737 : INFO : EventManager : Event: ======'balldevice_bd_trough_ball_count_changed'====== Args={'balls': 5}
2025-09-24 15:27:46,737 : INFO : ball_device.bd_trough : State: idle
2025-09-24 15:27:46,738 : INFO : ball_device.bd_plunger : State: waiting_for_target_ready
2025-09-24 15:27:46,738 : INFO : EventManager : Event: ======'balldevice_bd_plunger_ball_eject_attempt'====== Args={'balls': 1, 'target': <playfield.playfield>, 'source': <ball_device.bd_plunger>, 'mechanical_eject': True, 'num_attempts': 0}
2025-09-24 15:27:46,739 : INFO : ball_device.bd_plunger : State: ejecting
2025-09-24 15:27:46,739 : INFO : ball_device.bd_plunger : Ejecting ball to <playfield.playfield>
2025-09-24 15:27:46,739 : INFO : EventManager : Event: ======'balldevice_bd_plunger_ejecting_ball'====== Args={'balls': 1, 'target': <playfield.playfield>, 'source': <ball_device.bd_plunger>, 'mechanical_eject': True, 'num_attempts': 0}
2025-09-24 15:27:46,740 : INFO : ball_device.bd_plunger : Wait for ball to leave device
2025-09-24 15:27:53,274 : INFO : SwitchController : <<<<<<< 's_shooter_lane' inactive >>>>>>>
2025-09-24 15:27:53,274 : INFO : EventManager : Event: ======'s_shooter_lane_inactive'====== Args={}
2025-09-24 15:27:53,275 : INFO : Timer.skillshot : Starting Timer.
2025-09-24 15:27:53,275 : INFO : EventManager : Event: ======'timer_skillshot_started'====== Args={'ticks': 10, 'ticks_remaining': 10}
2025-09-24 15:27:53,275 : INFO : EventManager : Event: ======'timer_skillshot_tick'====== Args={'ticks': 10, 'ticks_remaining': 10}
2025-09-24 15:27:53,275 : INFO : ball_device.bd_plunger : State: ball_left
2025-09-24 15:27:53,276 : INFO : ball_device.bd_plunger : Ball left
2025-09-24 15:27:53,276 : INFO : ball_device.bd_plunger : Wait for confirm with timeout 3.0
2025-09-24 15:27:54,267 : INFO : EventManager : Event: ======'player_skillshot_skillshot_tick'====== Args={'value': 9, 'prev_value': 10, 'change': -1, 'player_num': 1}
2025-09-24 15:27:54,268 : INFO : EventManager : Event: ======'timer_skillshot_tick'====== Args={'ticks': 9, 'ticks_remaining': 9}
2025-09-24 15:27:54,923 : INFO : SwitchController : <<<<<<< 's_orbit_right' active >>>>>>>
2025-09-24 15:27:54,923 : INFO : EventManager : Event: ======'sw_playfield_active'====== Args={}
2025-09-24 15:27:54,923 : INFO : EventManager : Event: ======'machine_var_audits_switches_s_orbit_right'====== Args={'value': 2, 'prev_value': 1, 'change': 1}
2025-09-24 15:27:54,924 : INFO : EventManager : Event: ======'playfield_active'====== Args={'source': None}
2025-09-24 15:27:55,034 : INFO : SwitchController : <<<<<<< 's_orbit_right' inactive >>>>>>>
2025-09-24 15:27:55,281 : INFO : EventManager : Event: ======'player_skillshot_skillshot_tick'====== Args={'value': 8, 'prev_value': 9, 'change': -1, 'player_num': 1}
2025-09-24 15:27:55,282 : INFO : EventManager : Event: ======'timer_skillshot_tick'====== Args={'ticks': 8, 'ticks_remaining': 8}
2025-09-24 15:27:56,276 : INFO : EventManager : Event: ======'player_skillshot_skillshot_tick'====== Args={'value': 7, 'prev_value': 8, 'change': -1, 'player_num': 1}
2025-09-24 15:27:56,276 : INFO : EventManager : Event: ======'timer_skillshot_tick'====== Args={'ticks': 7, 'ticks_remaining': 7}
2025-09-24 15:27:56,277 : INFO : ball_device.bd_plunger : State: failed_confirm
2025-09-24 15:27:56,277 : INFO : ball_device.bd_plunger : Got timeout (3.0s) before confirm from <playfield.playfield>
2025-09-24 15:27:56,370 : INFO : ball_device.bd_plunger : Confirming eject because target is playfield and ball did not return.
2025-09-24 15:27:56,370 : INFO : ball_device.bd_plunger : Eject successful
2025-09-24 15:27:56,370 : INFO : EventManager : Event: ======'balldevice_bd_plunger_ball_eject_success'====== Args={'balls': 1, 'target': <playfield.playfield>}
2025-09-24 15:27:56,371 : INFO : EventManager : Event: ======'balldevice_playfield_ball_enter'====== Args={'new_balls': 1, 'unclaimed_balls': 1, 'device': <playfield.playfield>}
2025-09-24 15:27:56,371 : INFO : EventManager : Event: ======'playfield_ball_count_change'====== Args={'balls': 1, 'change': 1}
2025-09-24 15:27:56,372 : INFO : EventManager : Event: ======'balldevice_bd_plunger_ball_count_changed'====== Args={'balls': 0}
2025-09-24 15:27:56,372 : INFO : ball_device.bd_plunger : State: idle
2025-09-24 15:27:57,271 : INFO : EventManager : Event: ======'player_skillshot_skillshot_tick'====== Args={'value': 6, 'prev_value': 7, 'change': -1, 'player_num': 1}
2025-09-24 15:27:57,272 : INFO : EventManager : Event: ======'timer_skillshot_tick'====== Args={'ticks': 6, 'ticks_remaining': 6}
2025-09-24 15:27:57,272 : INFO : SwitchController : <<<<<<< 's_mig_lane_left' active >>>>>>>
2025-09-24 15:27:57,272 : INFO : EventManager : Event: ======'s_mig_lane_left_active'====== Args={}
2025-09-24 15:27:57,273 : INFO : EventManager : Event: ======'sw_playfield_active'====== Args={}
2025-09-24 15:27:57,273 : INFO : EventManager : Event: ======'sw_playfield_active'====== Args={}
2025-09-24 15:27:57,273 : INFO : EventManager : Event: ======'machine_var_audits_switches_s_mig_lane_left'====== Args={'value': 18, 'prev_value': 17, 'change': 1}
2025-09-24 15:27:57,273 : INFO : EventManager : Event: ======'machine_var_audits_shots_mig_lane_left'====== Args={'value': 6, 'prev_value': 5, 'change': 1}
2025-09-24 15:27:57,273 : INFO : EventManager : Event: ======'mig_lane_left_hit'====== Args={'profile': 'skill', 'state': 'lit', 'advancing': False}
2025-09-24 15:27:57,273 : INFO : EventManager : Event: ======'mig_lane_left_skill_hit'====== Args={'profile': 'skill', 'state': 'lit', 'advancing': False}
2025-09-24 15:27:57,274 : INFO : EventManager : Event: ======'mig_lane_left_skill_lit_hit'====== Args={'profile': 'skill', 'state': 'lit', 'advancing': False}
2025-09-24 15:27:57,274 : INFO : EventManager : Event: ======'mig_lane_left_lit_hit'====== Args={'profile': 'skill', 'state': 'lit', 'advancing': False}
2025-09-24 15:27:57,274 : INFO : EventManager : Event: ======'skillshot_group_hit'====== Args={'shot': 'mig_lane_left'}
2025-09-24 15:27:57,274 : INFO : EventManager : Event: ======'skillshot_group_lit_hit'====== Args={'shot': 'mig_lane_left'}
2025-09-24 15:27:57,274 : INFO : EventManager : Event: ======'skillshot_made'====== Args={'priority': 0}
2025-09-24 15:27:57,274 : INFO : EventManager : Event: ======'player_score'====== Args={'value': 25000, 'prev_value': 0, 'change': 25000, 'player_num': 1, 'source': 'skillshot'}
2025-09-24 15:27:57,275 : INFO : EventManager : Event: ======'mode_skillshot_will_stop'====== Args={}
2025-09-24 15:27:57,275 : INFO : EventManager : Event: ======'mode_skillshot_stopping'====== Args={}
2025-09-24 15:27:57,275 : INFO : Timer.skillshot : Stopping Timer
2025-09-24 15:27:57,275 : INFO : EventManager : Event: ======'timer_skillshot_stopped'====== Args={'ticks': 6, 'ticks_remaining': 6}
2025-09-24 15:27:57,275 : INFO : Mode.skillshot : Stopped.
2025-09-24 15:27:57,275 : INFO : EventManager : Event: ======'modes_active_modes_changed'====== Args={}
2025-09-24 15:27:57,275 : INFO : EventManager : Event: ======'mode_skillshot_stopped'====== Args={}
2025-09-24 15:27:57,277 : INFO : EventManager : Event: ======'clear'====== Args={'key': 'skillshot'}
2025-09-24 15:27:57,277 : INFO : Timer.skillshot : Stopping Timer
2025-09-24 15:27:57,277 : INFO : EventManager : Event: ======'timer_skillshot_stopped'====== Args={'ticks': 6, 'ticks_remaining': 6}
2025-09-24 15:27:57,395 : INFO : SwitchController : <<<<<<< 's_mig_lane_left' inactive >>>>>>>
2025-09-24 15:28:07,554 : INFO : SwitchController : <<<<<<< 's_trough_6' active >>>>>>>
2025-09-24 15:28:07,555 : INFO : EventManager : Event: ======'machine_var_audits_switches_s_trough_6'====== Args={'value': 70, 'prev_value': 69, 'change': 1}
2025-09-24 15:28:07,865 : INFO : EventManager : Event: ======'balldevice_bd_trough_ball_count_changed'====== Args={'balls': 6}
2025-09-24 15:28:07,866 : INFO : ball_device.bd_trough : Received unexpected ball
2025-09-24 15:28:07,866 : INFO : EventManager : Event: ======'balldevice_captured_from_playfield'====== Args={'balls': 1}
2025-09-24 15:28:07,866 : INFO : EventManager : Event: ======'sw_playfield_active'====== Args={'balls': 1}
2025-09-24 15:28:07,867 : INFO : EventManager : Event: ======'playfield_ball_count_change'====== Args={'balls': 0, 'change': -1}
2025-09-24 15:28:07,867 : INFO : EventManager : Event: ======'balldevice_bd_trough_ball_enter'====== Args={'new_balls': 1, 'unclaimed_balls': 1, 'new_available_balls': 1, 'device': <ball_device.bd_trough>}
2025-09-24 15:28:07,868 : INFO : EventManager : Event: ======'ball_drain'====== Args={'device': <ball_device.bd_trough>, 'balls': 1}
2025-09-24 15:28:07,868 : INFO : EventManager : Event: ======'ball_will_end'====== Args={}
2025-09-24 15:28:07,869 : INFO : EventManager : Event: ======'balldevice_balls_available'====== Args={}
2025-09-24 15:28:07,869 : INFO : EventManager : Event: ======'balldevice_bd_trough_ball_entered'====== Args={'new_balls': 1, 'device': <ball_device.bd_trough>}
2025-09-24 15:28:07,869 : INFO : EventManager : Event: ======'mode_base_will_stop'====== Args={}
2025-09-24 15:28:07,870 : INFO : EventManager : Event: ======'mode_base_stopping'====== Args={}
2025-09-24 15:28:07,871 : INFO : EventManager : Event: ======'stop_mode_bumpers'====== Args={'priority': 0}
2025-09-24 15:28:07,871 : INFO : EventManager : Event: ======'mode_bumpers_will_stop'====== Args={}
2025-09-24 15:28:07,871 : INFO : EventManager : Event: ======'mode_bumpers_stopping'====== Args={}
2025-09-24 15:28:07,871 : INFO : Mode.base : Stopped.
2025-09-24 15:28:07,871 : INFO : EventManager : Event: ======'modes_active_modes_changed'====== Args={}
2025-09-24 15:28:07,872 : INFO : EventManager : Event: ======'mode_base_stopped'====== Args={}
2025-09-24 15:28:07,872 : INFO : EventManager : Event: ======'clear'====== Args={'key': 'base'}
2025-09-24 15:28:07,872 : INFO : Mode.bumpers : Stopped.
2025-09-24 15:28:07,872 : INFO : EventManager : Event: ======'modes_active_modes_changed'====== Args={}
2025-09-24 15:28:07,874 : INFO : EventManager : Event: ======'mode_bumpers_stopped'====== Args={}
2025-09-24 15:28:07,874 : INFO : EventManager : Event: ======'clear'====== Args={'key': 'bumpers'}
2025-09-24 15:28:07,875 : INFO : EventManager : Event: ======'ball_ending'====== Args={}
2025-09-24 15:28:07,875 : INFO : EventManager : Event: ======'ball_ended'====== Args={}
2025-09-24 15:28:07,876 : INFO : EventManager : Event: ======'player_turn_will_end'====== Args={'player': <Player 1>, 'number': 1}
2025-09-24 15:28:07,876 : INFO : EventManager : Event: ======'player_turn_ending'====== Args={'player': <Player 1>, 'number': 1}
2025-09-24 15:28:07,877 : INFO : EventManager : Event: ======'player_turn_ended'====== Args={'player': <Player 1>, 'number': 1}
2025-09-24 15:28:07,877 : INFO : EventManager : Event: ======'player_turn_will_start'====== Args={'player': <Player 1>, 'number': 1}
2025-09-24 15:28:07,878 : INFO : EventManager : Event: ======'player_turn_starting'====== Args={'player': <Player 1>, 'number': 1}
2025-09-24 15:28:07,878 : INFO : EventManager : Event: ======'player_ball'====== Args={'value': 2, 'prev_value': 1, 'change': 1, 'player_num': 1}
2025-09-24 15:28:07,879 : INFO : EventManager : Event: ======'player_turn_started'====== Args={'player': <Player 1>, 'number': 1}
2025-09-24 15:28:07,879 : INFO : EventManager : Event: ======'ui_player_1_up'====== Args={'priority': 0}
2025-09-24 15:28:07,880 : INFO : EventManager : Event: ======'ball_will_start'====== Args={'player': 1, 'ball': 2, 'balls_remaining': 1, 'is_extra_ball': False}
2025-09-24 15:28:07,880 : INFO : EventManager : Event: ======'ball_starting'====== Args={'player': 1, 'ball': 2, 'balls_remaining': 1, 'is_extra_ball': False}
2025-09-24 15:28:07,881 : INFO : EventManager : Event: ======'mode_base_will_start'====== Args={'queue': <QueuedEvent>, 'player': 1, 'ball': 2, 'balls_remaining': 1, 'is_extra_ball': False}
2025-09-24 15:28:07,882 : INFO : EventManager : Event: ======'mode_base_starting'====== Args={'queue': <QueuedEvent>, 'player': 1, 'ball': 2, 'balls_remaining': 1, 'is_extra_ball': False}
2025-09-24 15:28:07,884 : INFO : Mode.base : Started. Priority: 100
2025-09-24 15:28:07,884 : INFO : EventManager : Event: ======'modes_active_modes_changed'====== Args={}
2025-09-24 15:28:07,884 : INFO : EventManager : Event: ======'mode_base_started'====== Args={'queue': <QueuedEvent>, 'player': 1, 'ball': 2, 'balls_remaining': 1, 'is_extra_ball': False}
2025-09-24 15:28:07,884 : INFO : EventManager : Event: ======'start_mode_bumpers'====== Args={'priority': 0}
2025-09-24 15:28:07,884 : INFO : EventManager : Event: ======'mode_bumpers_will_start'====== Args={'priority': 0}
2025-09-24 15:28:07,885 : INFO : EventManager : Event: ======'mode_bumpers_starting'====== Args={'priority': 0}
2025-09-24 15:28:07,885 : INFO : Mode.bumpers : Started. Priority: 200
2025-09-24 15:28:07,885 : INFO : EventManager : Event: ======'modes_active_modes_changed'====== Args={}
2025-09-24 15:28:07,885 : INFO : EventManager : Event: ======'mode_bumpers_started'====== Args={'priority': 0}
2025-09-24 15:28:07,886 : INFO : EventManager : Event: ======'balls_in_play'====== Args={'balls': 1}
2025-09-24 15:28:07,886 : INFO : EventManager : Event: ======'ball_started'====== Args={'player': 1, 'ball': 2, 'balls_remaining': 1, 'is_extra_ball': False}
2025-09-24 15:28:07,887 : INFO : EventManager : Event: ======'single_player_ball_started'====== Args={}
2025-09-24 15:28:07,887 : INFO : EventManager : Event: ======'ball_start_target'====== Args={'target': 'playfield'}
2025-09-24 15:28:07,887 : INFO : ball_device.bd_plunger : Setting up player-controlled eject. Balls: 1, Target: <playfield.playfield>, player_controlled_eject_event: None
2025-09-24 15:28:07,888 : INFO : EventManager : Event: ======'balldevice_balls_available'====== Args={}
2025-09-24 15:28:07,888 : INFO : ball_device.bd_trough : State: waiting_for_target_ready
2025-09-24 15:28:07,889 : INFO : EventManager : Event: ======'balldevice_bd_trough_ball_eject_attempt'====== Args={'balls': 1, 'target': <ball_device.bd_plunger>, 'source': <ball_device.bd_trough>, 'mechanical_eject': True, 'num_attempts': 0}
2025-09-24 15:28:07,889 : INFO : ball_device.bd_plunger : State: waiting_for_ball
2025-09-24 15:28:07,889 : INFO : ball_device.bd_trough : State: ejecting
2025-09-24 15:28:07,890 : INFO : ball_device.bd_trough : Ejecting ball to <ball_device.bd_plunger>
2025-09-24 15:28:07,890 : INFO : EventManager : Event: ======'balldevice_bd_trough_ejecting_ball'====== Args={'balls': 1, 'target': <ball_device.bd_plunger>, 'source': <ball_device.bd_trough>, 'mechanical_eject': True, 'num_attempts': 0}
2025-09-24 15:28:07,890 : INFO : ball_device.bd_trough : Wait for ball to leave device
2025-09-24 15:28:07,891 : INFO : coil.c_trough_eject : Pulsing Driver for 10ms (0.75 pulse_power)
2025-09-24 15:28:07,900 : INFO : EventManager : Event: ======'slide_base_slide_created'====== Args={'_from_bcp': True}
2025-09-24 15:28:07,901 : INFO : EventManager : Event: ======'slide_base_slide_inactive'====== Args={'is_removing': True, '_from_bcp': True}
2025-09-24 15:28:07,902 : INFO : EventManager : Event: ======'slide_base_slide_active'====== Args={'original_context': 'base', 'original_calling_context': 'mode_base_started', 'priority': 100.0, 'queue': '<QueuedEvent>', 'player': 1.0, 'ball': 2.0, 'balls_remaining': 1.0, 'is_extra_ball': False, 'cmd': 'slides_play', '_from_bcp': True}
2025-09-24 15:28:07,902 : INFO : EventManager : Event: ======'slide_base_slide_removed'====== Args={'_from_bcp': True}
2025-09-24 15:28:10,269 : INFO : SwitchController : <<<<<<< 's_trough_6' inactive >>>>>>>
2025-09-24 15:28:10,270 : INFO : ball_device.bd_trough : State: ball_left
2025-09-24 15:28:10,270 : INFO : ball_device.bd_trough : Ball left
2025-09-24 15:28:10,271 : INFO : ball_device.bd_trough : Wait for confirm with timeout 3.0
2025-09-24 15:28:11,975 : INFO : SwitchController : <<<<<<< 's_shooter_lane' active >>>>>>>
2025-09-24 15:28:11,976 : INFO : EventManager : Event: ======'s_shooter_lane_active'====== Args={}
2025-09-24 15:28:11,976 : INFO : EventManager : Event: ======'machine_var_audits_switches_s_shooter_lane'====== Args={'value': 24, 'prev_value': 23, 'change': 1}
2025-09-24 15:28:11,977 : INFO : EventManager : Event: ======'mode_skillshot_will_start'====== Args={}
2025-09-24 15:28:11,978 : INFO : EventManager : Event: ======'player_skillshot_skillshot_tick'====== Args={'value': 10, 'prev_value': 6, 'change': 4, 'player_num': 1}
2025-09-24 15:28:11,980 : INFO : EventManager : Event: ======'mode_skillshot_starting'====== Args={}
2025-09-24 15:28:11,980 : INFO : Mode.skillshot : Started. Priority: 100
2025-09-24 15:28:11,980 : INFO : EventManager : Event: ======'modes_active_modes_changed'====== Args={}
2025-09-24 15:28:11,980 : INFO : EventManager : Event: ======'mode_skillshot_started'====== Args={}
2025-09-24 15:28:12,286 : INFO : ball_device.bd_plunger : Received ball from <ball_device.bd_trough>
2025-09-24 15:28:12,286 : INFO : EventManager : Event: ======'balldevice_bd_plunger_ball_enter'====== Args={'new_balls': 1, 'unclaimed_balls': 0, 'new_available_balls': 0, 'device': <ball_device.bd_plunger>}
2025-09-24 15:28:12,287 : INFO : EventManager : Event: ======'balldevice_bd_plunger_ball_entered'====== Args={'new_balls': 0, 'device': <ball_device.bd_plunger>}
2025-09-24 15:28:12,288 : INFO : EventManager : Event: ======'balldevice_bd_plunger_ball_count_changed'====== Args={'balls': 1}
2025-09-24 15:28:12,288 : INFO : ball_device.bd_trough : Got eject confirm
2025-09-24 15:28:12,288 : INFO : ball_device.bd_trough : Eject successful
2025-09-24 15:28:12,288 : INFO : EventManager : Event: ======'balldevice_bd_trough_ball_eject_success'====== Args={'balls': 1, 'target': <ball_device.bd_plunger>}
2025-09-24 15:28:12,288 : INFO : EventManager : Event: ======'balldevice_bd_trough_ball_count_changed'====== Args={'balls': 5}
2025-09-24 15:28:12,289 : INFO : ball_device.bd_trough : State: idle
2025-09-24 15:28:12,289 : INFO : ball_device.bd_plunger : State: waiting_for_target_ready
2025-09-24 15:28:12,289 : INFO : EventManager : Event: ======'balldevice_bd_plunger_ball_eject_attempt'====== Args={'balls': 1, 'target': <playfield.playfield>, 'source': <ball_device.bd_plunger>, 'mechanical_eject': True, 'num_attempts': 0}
2025-09-24 15:28:12,290 : INFO : ball_device.bd_plunger : State: ejecting
2025-09-24 15:28:12,290 : INFO : ball_device.bd_plunger : Ejecting ball to <playfield.playfield>
2025-09-24 15:28:12,290 : INFO : EventManager : Event: ======'balldevice_bd_plunger_ejecting_ball'====== Args={'balls': 1, 'target': <playfield.playfield>, 'source': <ball_device.bd_plunger>, 'mechanical_eject': True, 'num_attempts': 0}
2025-09-24 15:28:12,291 : INFO : ball_device.bd_plunger : Wait for ball to leave device
2025-09-24 15:28:20,494 : INFO : SwitchController : <<<<<<< 's_shooter_lane' inactive >>>>>>>
2025-09-24 15:28:20,494 : INFO : EventManager : Event: ======'s_shooter_lane_inactive'====== Args={}
2025-09-24 15:28:20,495 : INFO : Timer.skillshot : Starting Timer.
2025-09-24 15:28:20,495 : INFO : EventManager : Event: ======'timer_skillshot_started'====== Args={'ticks': 10, 'ticks_remaining': 10}
2025-09-24 15:28:20,495 : INFO : EventManager : Event: ======'timer_skillshot_tick'====== Args={'ticks': 10, 'ticks_remaining': 10}
2025-09-24 15:28:20,496 : INFO : ball_device.bd_plunger : State: ball_left
2025-09-24 15:28:20,496 : INFO : ball_device.bd_plunger : Ball left
2025-09-24 15:28:20,496 : INFO : ball_device.bd_plunger : Wait for confirm with timeout 3.0
2025-09-24 15:28:21,491 : INFO : EventManager : Event: ======'player_skillshot_skillshot_tick'====== Args={'value': 9, 'prev_value': 10, 'change': -1, 'player_num': 1}
2025-09-24 15:28:21,492 : INFO : EventManager : Event: ======'timer_skillshot_tick'====== Args={'ticks': 9, 'ticks_remaining': 9}
2025-09-24 15:28:22,321 : INFO : SwitchController : <<<<<<< 's_orbit_left' active >>>>>>>
2025-09-24 15:28:22,321 : INFO : EventManager : Event: ======'sw_playfield_active'====== Args={}
2025-09-24 15:28:22,322 : INFO : EventManager : Event: ======'machine_var_audits_switches_s_orbit_left'====== Args={'value': 8, 'prev_value': 7, 'change': 1}
2025-09-24 15:28:22,323 : INFO : EventManager : Event: ======'playfield_active'====== Args={'source': None}
2025-09-24 15:28:22,432 : INFO : SwitchController : <<<<<<< 's_orbit_left' inactive >>>>>>>
2025-09-24 15:28:22,484 : INFO : EventManager : Event: ======'player_skillshot_skillshot_tick'====== Args={'value': 8, 'prev_value': 9, 'change': -1, 'player_num': 1}
2025-09-24 15:28:22,485 : INFO : EventManager : Event: ======'timer_skillshot_tick'====== Args={'ticks': 8, 'ticks_remaining': 8}
2025-09-24 15:28:23,486 : INFO : EventManager : Event: ======'player_skillshot_skillshot_tick'====== Args={'value': 7, 'prev_value': 8, 'change': -1, 'player_num': 1}
2025-09-24 15:28:23,486 : INFO : EventManager : Event: ======'timer_skillshot_tick'====== Args={'ticks': 7, 'ticks_remaining': 7}
2025-09-24 15:28:23,487 : INFO : ball_device.bd_plunger : State: failed_confirm
2025-09-24 15:28:23,487 : INFO : ball_device.bd_plunger : Got timeout (3.0s) before confirm from <playfield.playfield>
2025-09-24 15:28:23,580 : INFO : ball_device.bd_plunger : Confirming eject because target is playfield and ball did not return.
2025-09-24 15:28:23,580 : INFO : ball_device.bd_plunger : Eject successful
2025-09-24 15:28:23,580 : INFO : EventManager : Event: ======'balldevice_bd_plunger_ball_eject_success'====== Args={'balls': 1, 'target': <playfield.playfield>}
2025-09-24 15:28:23,581 : INFO : EventManager : Event: ======'balldevice_playfield_ball_enter'====== Args={'new_balls': 1, 'unclaimed_balls': 1, 'device': <playfield.playfield>}
2025-09-24 15:28:23,581 : INFO : EventManager : Event: ======'playfield_ball_count_change'====== Args={'balls': 1, 'change': 1}
2025-09-24 15:28:23,582 : INFO : EventManager : Event: ======'balldevice_bd_plunger_ball_count_changed'====== Args={'balls': 0}
2025-09-24 15:28:23,583 : INFO : ball_device.bd_plunger : State: idle
2025-09-24 15:28:24,485 : INFO : EventManager : Event: ======'player_skillshot_skillshot_tick'====== Args={'value': 6, 'prev_value': 7, 'change': -1, 'player_num': 1}
2025-09-24 15:28:24,485 : INFO : EventManager : Event: ======'timer_skillshot_tick'====== Args={'ticks': 6, 'ticks_remaining': 6}
2025-09-24 15:28:25,481 : INFO : EventManager : Event: ======'player_skillshot_skillshot_tick'====== Args={'value': 5, 'prev_value': 6, 'change': -1, 'player_num': 1}
2025-09-24 15:28:25,482 : INFO : EventManager : Event: ======'timer_skillshot_tick'====== Args={'ticks': 5, 'ticks_remaining': 5}
2025-09-24 15:28:26,478 : INFO : EventManager : Event: ======'player_skillshot_skillshot_tick'====== Args={'value': 4, 'prev_value': 5, 'change': -1, 'player_num': 1}
2025-09-24 15:28:26,478 : INFO : EventManager : Event: ======'timer_skillshot_tick'====== Args={'ticks': 4, 'ticks_remaining': 4}
2025-09-24 15:28:27,304 : INFO : SwitchController : <<<<<<< 's_orbit_upper' active >>>>>>>
2025-09-24 15:28:27,304 : INFO : EventManager : Event: ======'s_orbit_upper_active'====== Args={}
2025-09-24 15:28:27,304 : INFO : EventManager : Event: ======'sw_playfield_active'====== Args={}
2025-09-24 15:28:27,304 : INFO : EventManager : Event: ======'sw_playfield_active'====== Args={}
2025-09-24 15:28:27,304 : INFO : EventManager : Event: ======'machine_var_audits_switches_s_orbit_upper'====== Args={'value': 3, 'prev_value': 2, 'change': 1}
2025-09-24 15:28:27,306 : INFO : EventManager : Event: ======'machine_var_audits_shots_orbit_upper'====== Args={'value': 2, 'prev_value': 1, 'change': 1}
2025-09-24 15:28:27,306 : INFO : EventManager : Event: ======'orbit_upper_hit'====== Args={'profile': 'skill', 'state': 'lit', 'advancing': False}
2025-09-24 15:28:27,306 : INFO : EventManager : Event: ======'orbit_upper_skill_hit'====== Args={'profile': 'skill', 'state': 'lit', 'advancing': False}
2025-09-24 15:28:27,306 : INFO : EventManager : Event: ======'orbit_upper_skill_lit_hit'====== Args={'profile': 'skill', 'state': 'lit', 'advancing': False}
2025-09-24 15:28:27,306 : INFO : EventManager : Event: ======'orbit_upper_lit_hit'====== Args={'profile': 'skill', 'state': 'lit', 'advancing': False}
2025-09-24 15:28:27,307 : INFO : EventManager : Event: ======'skillshot_group_hit'====== Args={'shot': 'orbit_upper'}
2025-09-24 15:28:27,307 : INFO : EventManager : Event: ======'skillshot_group_lit_hit'====== Args={'shot': 'orbit_upper'}
2025-09-24 15:28:27,307 : INFO : EventManager : Event: ======'skillshot_made'====== Args={'priority': 0}
2025-09-24 15:28:27,307 : INFO : EventManager : Event: ======'player_score'====== Args={'value': 225000, 'prev_value': 25000, 'change': 200000, 'player_num': 1, 'source': 'skillshot'}
2025-09-24 15:28:27,307 : INFO : EventManager : Event: ======'mode_skillshot_will_stop'====== Args={}
2025-09-24 15:28:27,307 : INFO : EventManager : Event: ======'mode_skillshot_stopping'====== Args={}
2025-09-24 15:28:27,307 : INFO : Timer.skillshot : Stopping Timer
2025-09-24 15:28:27,308 : INFO : EventManager : Event: ======'timer_skillshot_stopped'====== Args={'ticks': 4, 'ticks_remaining': 4}
2025-09-24 15:28:27,308 : INFO : Mode.skillshot : Stopped.
2025-09-24 15:28:27,308 : INFO : EventManager : Event: ======'modes_active_modes_changed'====== Args={}
2025-09-24 15:28:27,308 : INFO : EventManager : Event: ======'mode_skillshot_stopped'====== Args={}
2025-09-24 15:28:27,308 : INFO : EventManager : Event: ======'clear'====== Args={'key': 'skillshot'}
2025-09-24 15:28:27,309 : INFO : Timer.skillshot : Stopping Timer
2025-09-24 15:28:27,309 : INFO : EventManager : Event: ======'timer_skillshot_stopped'====== Args={'ticks': 4, 'ticks_remaining': 4}
2025-09-24 15:28:27,390 : INFO : SwitchController : <<<<<<< 's_orbit_upper' inactive >>>>>>>
2025-09-24 15:28:37,647 : INFO : Machine : Shutting down...
2025-09-24 15:28:37,648 : INFO : EventManager : Event: ======'shutdown'====== Args={}
2025-09-24 15:28:37,649 : INFO : EventManager : Event: ======'mode_game_will_stop'====== Args={}
2025-09-24 15:28:37,649 : INFO : EventManager : Event: ======'mode_game_stopping'====== Args={}
2025-09-24 15:28:37,650 : INFO : EventManager : Event: ======'mode_base_will_stop'====== Args={}
2025-09-24 15:28:37,650 : INFO : EventManager : Event: ======'mode_base_stopping'====== Args={}
2025-09-24 15:28:37,650 : INFO : EventManager : Event: ======'mode_bumpers_will_stop'====== Args={}
2025-09-24 15:28:37,650 : INFO : EventManager : Event: ======'mode_bumpers_stopping'====== Args={}
2025-09-24 15:28:37,650 : INFO : EventManager : Event: ======'stop_mode_bumpers'====== Args={'priority': 0}
2025-09-24 15:28:37,650 : INFO : Mode.bumpers : Stopped.
2025-09-24 15:28:37,651 : INFO : EventManager : Event: ======'modes_active_modes_changed'====== Args={}
2025-09-24 15:28:37,651 : INFO : EventManager : Event: ======'mode_bumpers_stopped'====== Args={}
2025-09-24 15:28:37,651 : INFO : EventManager : Event: ======'clear'====== Args={'key': 'bumpers'}
2025-09-24 15:28:37,651 : INFO : Mode.base : Stopped.
2025-09-24 15:28:37,651 : INFO : EventManager : Event: ======'modes_active_modes_changed'====== Args={}
2025-09-24 15:28:37,651 : INFO : EventManager : Event: ======'mode_base_stopped'====== Args={}
2025-09-24 15:28:37,651 : INFO : EventManager : Event: ======'clear'====== Args={'key': 'base'}
2025-09-24 15:28:37,652 : INFO : Mode.game : Stopped.
2025-09-24 15:28:37,652 : INFO : EventManager : Event: ======'modes_active_modes_changed'====== Args={}
2025-09-24 15:28:37,652 : INFO : EventManager : Event: ======'mode_game_stopped'====== Args={}
2025-09-24 15:28:37,652 : INFO : EventManager : Event: ======'clear'====== Args={'key': 'game'}
2025-09-24 15:28:37,656 : INFO : root : MPF run loop ended.
