2025-10-24 23:42:48,136 : INFO : root : Loading config.
2025-10-24 23:42:48,141 : INFO : YamlMultifileConfigLoader : Machine config file #1: config.yaml
2025-10-24 23:42:48,141 : INFO : ConfigProcessor : Loading config from cache: C:\Users\White\AppData\Local\Temp\cfa6ecba65704a931c9dd214c44986c8.mpf_cache
2025-10-24 23:42:48,254 : INFO : ConfigProcessor : Loading config from cache: C:\Users\White\AppData\Local\Temp\f98ffc0ff5962effface7d86bc406d5c.mpf_cache
2025-10-24 23:42:48,254 : INFO : ConfigProcessor : Loading config from cache: C:\Users\White\AppData\Local\Temp\91cc4d1c993c58dc354e34974b9cfeac.mpf_cache
2025-10-24 23:42:48,255 : INFO : ConfigProcessor : Loading config from cache: C:\Users\White\AppData\Local\Temp\f98ffc0ff5962effface7d86bc406d5c.mpf_cache
2025-10-24 23:42:48,256 : INFO : ConfigProcessor : Loading config from cache: C:\Users\White\AppData\Local\Temp\76792f1d686f89709887dba7bd69667a.mpf_cache
2025-10-24 23:42:48,256 : INFO : ConfigProcessor : Loading config from cache: C:\Users\White\AppData\Local\Temp\142bbae4707335cc8e3efaa4364c4893.mpf_cache
2025-10-24 23:42:48,257 : INFO : ConfigProcessor : Loading config from cache: C:\Users\White\AppData\Local\Temp\0f5f0ac41d1a2672d0d32cef2b12699e.mpf_cache
2025-10-24 23:42:48,258 : INFO : ConfigProcessor : Loading config from cache: C:\Users\White\AppData\Local\Temp\3a419899266be7cd41a083be5a3a8ebb.mpf_cache
2025-10-24 23:42:48,260 : INFO : ConfigProcessor : Loading config from cache: C:\Users\White\AppData\Local\Temp\82e20c7c6490dd2e5fed726a3aa8d652.mpf_cache
2025-10-24 23:42:48,261 : INFO : ConfigProcessor : Loading config from cache: C:\Users\White\AppData\Local\Temp\359114d5ba2a6ad6c93d1559776bbb30.mpf_cache
2025-10-24 23:42:48,263 : INFO : ConfigProcessor : Loading config from cache: C:\Users\White\AppData\Local\Temp\d421369d6df802e4e6f8aa58f446b1a6.mpf_cache
2025-10-24 23:42:48,263 : INFO : ConfigProcessor : Loading config from cache: C:\Users\White\AppData\Local\Temp\310aa541ce6545037d37da470e7bd790.mpf_cache
2025-10-24 23:42:48,264 : INFO : ConfigProcessor : Loading config from cache: C:\Users\White\AppData\Local\Temp\2151caa0419aeb1e56d3d8934477383e.mpf_cache
2025-10-24 23:42:48,266 : INFO : ConfigProcessor : Loading config from cache: C:\Users\White\AppData\Local\Temp\17003635873251b4f6841bf4ab3bdcdd.mpf_cache
2025-10-24 23:42:48,267 : INFO : ConfigProcessor : Loading config from cache: C:\Users\White\AppData\Local\Temp\f70c640a816343cb9040222d7a9269d3.mpf_cache
2025-10-24 23:42:48,270 : INFO : ConfigProcessor : Loading config from cache: C:\Users\White\AppData\Local\Temp\30922048be1d0c17ea15fc75f7fbfe10.mpf_cache
2025-10-24 23:42:48,272 : INFO : ConfigProcessor : Loading config from cache: C:\Users\White\AppData\Local\Temp\58d7809d3d969de03aaf131fc45863f8.mpf_cache
2025-10-24 23:42:48,273 : INFO : ConfigProcessor : Loading config from cache: C:\Users\White\AppData\Local\Temp\d380fa2863f93e197660f0281ffd272b.mpf_cache
2025-10-24 23:42:48,274 : INFO : ConfigProcessor : Loading config from cache: C:\Users\White\AppData\Local\Temp\88e41ae7dcea899a043a2f63da55a8b7.mpf_cache
2025-10-24 23:42:48,274 : INFO : Machine : Mission Pinball Framework Core Engine v0.80.0.dev9
2025-10-24 23:42:48,275 : INFO : Machine : Command line arguments: {'no_load_cache': False, 'create_config_cache': True, 'bcp': True, 'configfile': ['config.yaml'], 'force_assets_load': False, 'platform_integration_test': False, 'jsonlogging': False, 'logfile': 'logs\\2025-10-24-23-42-48-mpf-TopGunPinball.log', 'pause': False, 'production': False, 'text_ui': False, 'loglevel': 15, 'consoleloglevel': 20, 'force_platform': 'virtual', 'syslog_address': None, 'full_logfile_path': 'C:\\Users\\White\\Documents\\Top_Gun_Pinball\\logs\\2025-10-24-23-42-48-mpf-TopGunPinball.log'}
2025-10-24 23:42:48,275 : INFO : Machine : MPF path: C:\Users\White\mpf\Lib\site-packages\mpf
2025-10-24 23:42:48,275 : INFO : Machine : Machine path: C:\Users\White\Documents\Top_Gun_Pinball
2025-10-24 23:42:48,275 : INFO : Machine : Platform: win32
2025-10-24 23:42:48,275 : INFO : Machine : Python executable location: C:\Users\White\mpf\Scripts\python.exe
2025-10-24 23:42:48,275 : INFO : Machine : Python version: 3.12.7 (64-bit)
2025-10-24 23:42:48,278 : INFO : Machine : Initializing MPF...
2025-10-24 23:42:48,373 : INFO : EventManager : Event: ======'machine_var_credits_string'====== Args={'value': 'FREE PLAY', 'prev_value': None, 'change': True}
2025-10-24 23:42:48,402 : INFO : EventManager : Event: ======'machine_var_master_volume'====== Args={'value': 0.5, 'prev_value': None, 'change': True}
2025-10-24 23:42:48,402 : INFO : EventManager : Event: ======'machine_var_player1_score'====== Args={'value': 2229000, 'prev_value': None, 'change': True}
2025-10-24 23:42:48,402 : INFO : EventManager : Event: ======'machine_var_mpf_version'====== Args={'value': 'Mission Pinball Framework v0.80.0.dev9', 'prev_value': None, 'change': True}
2025-10-24 23:42:48,402 : INFO : EventManager : Event: ======'machine_var_mpf_extended_version'====== Args={'value': 'Mission Pinball Framework v0.80.0.dev9, Config version:6, Show version: 6, BCP version:1.1', 'prev_value': None, 'change': True}
2025-10-24 23:42:48,402 : INFO : EventManager : Event: ======'machine_var_python_version'====== Args={'value': '3.12.7', 'prev_value': None, 'change': True}
2025-10-24 23:42:48,512 : INFO : EventManager : Event: ======'machine_var_platform'====== Args={'value': 'Windows-11-10.0.26100-SP0', 'prev_value': None, 'change': True}
2025-10-24 23:42:48,512 : INFO : EventManager : Event: ======'machine_var_platform_system'====== Args={'value': 'Windows', 'prev_value': None, 'change': True}
2025-10-24 23:42:48,512 : INFO : EventManager : Event: ======'machine_var_platform_release'====== Args={'value': '11', 'prev_value': None, 'change': True}
2025-10-24 23:42:48,512 : INFO : EventManager : Event: ======'machine_var_platform_version'====== Args={'value': '10.0.26100', 'prev_value': None, 'change': True}
2025-10-24 23:42:48,512 : INFO : EventManager : Event: ======'machine_var_platform_machine'====== Args={'value': 'AMD64', 'prev_value': None, 'change': True}
2025-10-24 23:42:48,513 : INFO : EventManager : Event: ======'machine_var_log_file_path'====== Args={'value': 'C:\\Users\\White\\Documents\\Top_Gun_Pinball\\logs\\2025-10-24-23-42-48-mpf-TopGunPinball.log', 'prev_value': None, 'change': True}
2025-10-24 23:42:48,513 : INFO : EventManager : Event: ======'init_phase_1'====== Args={}
2025-10-24 23:42:48,560 : INFO : EventManager : Event: ======'init_phase_2'====== Args={}
2025-10-24 23:42:48,560 : INFO : SwitchController : Found active switch: ('playfield_board_lower-3208-0', <Platform.Virtual>) <switch.s_trough_1>
2025-10-24 23:42:48,561 : INFO : SwitchController : Found active switch: ('playfield_board_lower-3208-1', <Platform.Virtual>) <switch.s_trough_2>
2025-10-24 23:42:48,561 : INFO : SwitchController : Found active switch: ('playfield_board_lower-3208-2', <Platform.Virtual>) <switch.s_trough_3>
2025-10-24 23:42:48,561 : INFO : SwitchController : Found active switch: ('playfield_board_lower-3208-3', <Platform.Virtual>) <switch.s_trough_4>
2025-10-24 23:42:48,561 : INFO : SwitchController : Found active switch: ('playfield_board_lower-3208-4', <Platform.Virtual>) <switch.s_trough_5>
2025-10-24 23:42:48,561 : INFO : SwitchController : Found active switch: ('playfield_board_lower-3208-5', <Platform.Virtual>) <switch.s_trough_6>
2025-10-24 23:42:48,575 : INFO : EventManager : Event: ======'bcp_connection_attempt'====== Args={'name': 'local_display', 'host': 'localhost', 'port': 5050}
2025-10-24 23:42:48,577 : INFO : BCPClientSocket : Connecting BCP to 'local_display' at localhost:5050...
2025-10-24 23:42:48,590 : INFO : BCPClientSocket : Connected BCP to 'local_display' localhost:5050
2025-10-24 23:42:48,590 : INFO : EventManager : Event: ======'bcp_clients_connected'====== Args={}
2025-10-24 23:42:48,591 : INFO : ball_device.bd_plunger : BCH: Initial count: 0
2025-10-24 23:42:48,591 : INFO : ball_device.bd_plunger : State: idle
2025-10-24 23:42:48,592 : INFO : ball_device.bd_trough : BCH: Initial count: 6
2025-10-24 23:42:48,592 : INFO : ball_device.bd_trough : State: idle
2025-10-24 23:42:48,592 : INFO : ball_device.bd_lock_elevator : BCH: Initial count: 0
2025-10-24 23:42:48,592 : INFO : ball_device.bd_lock_elevator : State: idle
2025-10-24 23:42:48,592 : INFO : ball_device.bd_mode_scoop : BCH: Initial count: 0
2025-10-24 23:42:48,592 : INFO : ball_device.bd_mode_scoop : State: idle
2025-10-24 23:42:48,609 : INFO : EventManager : Event: ======'init_phase_3'====== Args={}
2025-10-24 23:42:49,126 : INFO : EventManager : Event: ======'init_phase_4'====== Args={}
2025-10-24 23:42:49,126 : INFO : BallController : Initial balls found: 6
2025-10-24 23:42:49,128 : INFO : EventManager : Event: ======'machine_var_audits_events_game_ended'====== Args={'value': 2, 'prev_value': None, 'change': True}
2025-10-24 23:42:49,128 : INFO : EventManager : Event: ======'machine_var_audits_events_game_started'====== Args={'value': 234, 'prev_value': None, 'change': True}
2025-10-24 23:42:49,128 : INFO : EventManager : Event: ======'machine_var_audits_missing_switches_s_a_iceman_target'====== Args={'value': 4, 'prev_value': None, 'change': True}
2025-10-24 23:42:49,128 : INFO : EventManager : Event: ======'machine_var_audits_missing_switches_s_barrier_target'====== Args={'value': 9, 'prev_value': None, 'change': True}
2025-10-24 23:42:49,128 : INFO : EventManager : Event: ======'machine_var_audits_missing_switches_s_bumper_center'====== Args={'value': 27, 'prev_value': None, 'change': True}
2025-10-24 23:42:49,128 : INFO : EventManager : Event: ======'machine_var_audits_missing_switches_s_bumper_left'====== Args={'value': 6, 'prev_value': None, 'change': True}
2025-10-24 23:42:49,128 : INFO : EventManager : Event: ======'machine_var_audits_missing_switches_s_bumper_right'====== Args={'value': 27, 'prev_value': None, 'change': True}
2025-10-24 23:42:49,128 : INFO : EventManager : Event: ======'machine_var_audits_missing_switches_s_c_iceman_target'====== Args={'value': 68, 'prev_value': None, 'change': True}
2025-10-24 23:42:49,129 : INFO : EventManager : Event: ======'machine_var_audits_missing_switches_s_c_lock_target'====== Args={'value': 118, 'prev_value': None, 'change': True}
2025-10-24 23:42:49,129 : INFO : EventManager : Event: ======'machine_var_audits_missing_switches_s_coin_door'====== Args={'value': 121, 'prev_value': None, 'change': True}
2025-10-24 23:42:49,129 : INFO : EventManager : Event: ======'machine_var_audits_missing_switches_s_coin_door_credit_left'====== Args={'value': 28, 'prev_value': None, 'change': True}
2025-10-24 23:42:49,129 : INFO : EventManager : Event: ======'machine_var_audits_missing_switches_s_coin_door_credit_right'====== Args={'value': 28, 'prev_value': None, 'change': True}
2025-10-24 23:42:49,129 : INFO : EventManager : Event: ======'machine_var_audits_missing_switches_s_coin_door_service_1'====== Args={'value': 121, 'prev_value': None, 'change': True}
2025-10-24 23:42:49,129 : INFO : EventManager : Event: ======'machine_var_audits_missing_switches_s_coin_door_service_2'====== Args={'value': 121, 'prev_value': None, 'change': True}
2025-10-24 23:42:49,129 : INFO : EventManager : Event: ======'machine_var_audits_missing_switches_s_coin_door_service_3'====== Args={'value': 121, 'prev_value': None, 'change': True}
2025-10-24 23:42:49,129 : INFO : EventManager : Event: ======'machine_var_audits_missing_switches_s_coin_door_service_4'====== Args={'value': 121, 'prev_value': None, 'change': True}
2025-10-24 23:42:49,129 : INFO : EventManager : Event: ======'machine_var_audits_missing_switches_s_e_iceman_target'====== Args={'value': 5, 'prev_value': None, 'change': True}
2025-10-24 23:42:49,129 : INFO : EventManager : Event: ======'machine_var_audits_missing_switches_s_flight_gear_target'====== Args={'value': 5, 'prev_value': None, 'change': True}
2025-10-24 23:42:49,129 : INFO : EventManager : Event: ======'machine_var_audits_missing_switches_s_flipper_left'====== Args={'value': 179, 'prev_value': None, 'change': True}
2025-10-24 23:42:49,129 : INFO : EventManager : Event: ======'machine_var_audits_missing_switches_s_flipper_left_eos'====== Args={'value': 181, 'prev_value': None, 'change': True}
2025-10-24 23:42:49,129 : INFO : EventManager : Event: ======'machine_var_audits_missing_switches_s_flipper_left_upper'====== Args={'value': 183, 'prev_value': None, 'change': True}
2025-10-24 23:42:49,130 : INFO : EventManager : Event: ======'machine_var_audits_missing_switches_s_flipper_left_upper_eos'====== Args={'value': 181, 'prev_value': None, 'change': True}
2025-10-24 23:42:49,130 : INFO : EventManager : Event: ======'machine_var_audits_missing_switches_s_flipper_right'====== Args={'value': 117, 'prev_value': None, 'change': True}
2025-10-24 23:42:49,130 : INFO : EventManager : Event: ======'machine_var_audits_missing_switches_s_flipper_right_eos'====== Args={'value': 181, 'prev_value': None, 'change': True}
2025-10-24 23:42:49,130 : INFO : EventManager : Event: ======'machine_var_audits_missing_switches_s_i_iceman_target'====== Args={'value': 5, 'prev_value': None, 'change': True}
2025-10-24 23:42:49,130 : INFO : EventManager : Event: ======'machine_var_audits_missing_switches_s_inlane_left'====== Args={'value': 114, 'prev_value': None, 'change': True}
2025-10-24 23:42:49,130 : INFO : EventManager : Event: ======'machine_var_audits_missing_switches_s_inner_inlane_right'====== Args={'value': 118, 'prev_value': None, 'change': True}
2025-10-24 23:42:49,130 : INFO : EventManager : Event: ======'machine_var_audits_missing_switches_s_jam'====== Args={'value': 120, 'prev_value': None, 'change': True}
2025-10-24 23:42:49,130 : INFO : EventManager : Event: ======'machine_var_audits_missing_switches_s_k_lock_target'====== Args={'value': 118, 'prev_value': None, 'change': True}
2025-10-24 23:42:49,130 : INFO : EventManager : Event: ======'machine_var_audits_missing_switches_s_l_lock_target'====== Args={'value': 118, 'prev_value': None, 'change': True}
2025-10-24 23:42:49,130 : INFO : EventManager : Event: ======'machine_var_audits_missing_switches_s_lane_left'====== Args={'value': 2, 'prev_value': None, 'change': True}
2025-10-24 23:42:49,130 : INFO : EventManager : Event: ======'machine_var_audits_missing_switches_s_lane_right'====== Args={'value': 2, 'prev_value': None, 'change': True}
2025-10-24 23:42:49,130 : INFO : EventManager : Event: ======'machine_var_audits_missing_switches_s_lock_goose'====== Args={'value': 183, 'prev_value': None, 'change': True}
2025-10-24 23:42:49,130 : INFO : EventManager : Event: ======'machine_var_audits_missing_switches_s_lock_mav'====== Args={'value': 183, 'prev_value': None, 'change': True}
2025-10-24 23:42:49,130 : INFO : EventManager : Event: ======'machine_var_audits_missing_switches_s_lock_plunger'====== Args={'value': 17, 'prev_value': None, 'change': True}
2025-10-24 23:42:49,131 : INFO : EventManager : Event: ======'machine_var_audits_missing_switches_s_m_iceman_target'====== Args={'value': 108, 'prev_value': None, 'change': True}
2025-10-24 23:42:49,131 : INFO : EventManager : Event: ======'machine_var_audits_missing_switches_s_mig_lane_left'====== Args={'value': 2, 'prev_value': None, 'change': True}
2025-10-24 23:42:49,131 : INFO : EventManager : Event: ======'machine_var_audits_missing_switches_s_mig_lane_right'====== Args={'value': 18, 'prev_value': None, 'change': True}
2025-10-24 23:42:49,131 : INFO : EventManager : Event: ======'machine_var_audits_missing_switches_s_mode_start'====== Args={'value': 183, 'prev_value': None, 'change': True}
2025-10-24 23:42:49,131 : INFO : EventManager : Event: ======'machine_var_audits_missing_switches_s_n_iceman_target'====== Args={'value': 5, 'prev_value': None, 'change': True}
2025-10-24 23:42:49,131 : INFO : EventManager : Event: ======'machine_var_audits_missing_switches_s_o_lock_target'====== Args={'value': 118, 'prev_value': None, 'change': True}
2025-10-24 23:42:49,131 : INFO : EventManager : Event: ======'machine_var_audits_missing_switches_s_orbit_left'====== Args={'value': 6, 'prev_value': None, 'change': True}
2025-10-24 23:42:49,131 : INFO : EventManager : Event: ======'machine_var_audits_missing_switches_s_orbit_lower'====== Args={'value': 18, 'prev_value': None, 'change': True}
2025-10-24 23:42:49,131 : INFO : EventManager : Event: ======'machine_var_audits_missing_switches_s_orbit_right'====== Args={'value': 18, 'prev_value': None, 'change': True}
2025-10-24 23:42:49,131 : INFO : EventManager : Event: ======'machine_var_audits_missing_switches_s_orbit_upper'====== Args={'value': 9, 'prev_value': None, 'change': True}
2025-10-24 23:42:49,131 : INFO : EventManager : Event: ======'machine_var_audits_missing_switches_s_outer_inlane_right'====== Args={'value': 116, 'prev_value': None, 'change': True}
2025-10-24 23:42:49,131 : INFO : EventManager : Event: ======'machine_var_audits_missing_switches_s_outlane_left'====== Args={'value': 183, 'prev_value': None, 'change': True}
2025-10-24 23:42:49,131 : INFO : EventManager : Event: ======'machine_var_audits_missing_switches_s_outlane_right'====== Args={'value': 120, 'prev_value': None, 'change': True}
2025-10-24 23:42:49,132 : INFO : EventManager : Event: ======'machine_var_audits_missing_switches_s_plunger_lane'====== Args={'value': 10, 'prev_value': None, 'change': True}
2025-10-24 23:42:49,132 : INFO : EventManager : Event: ======'machine_var_audits_missing_switches_s_ramp_inner_exit'====== Args={'value': 8, 'prev_value': None, 'change': True}
2025-10-24 23:42:49,132 : INFO : EventManager : Event: ======'machine_var_audits_missing_switches_s_ramp_left_exit'====== Args={'value': 183, 'prev_value': None, 'change': True}
2025-10-24 23:42:49,132 : INFO : EventManager : Event: ======'machine_var_audits_missing_switches_s_ramp_right_exit'====== Args={'value': 183, 'prev_value': None, 'change': True}
2025-10-24 23:42:49,132 : INFO : EventManager : Event: ======'machine_var_audits_missing_switches_s_ramp_tower_exit'====== Args={'value': 9, 'prev_value': None, 'change': True}
2025-10-24 23:42:49,132 : INFO : EventManager : Event: ======'machine_var_audits_missing_switches_s_shooter_lane'====== Args={'value': 1, 'prev_value': None, 'change': True}
2025-10-24 23:42:49,132 : INFO : EventManager : Event: ======'machine_var_audits_missing_switches_s_slingshot_left'====== Args={'value': 118, 'prev_value': None, 'change': True}
2025-10-24 23:42:49,132 : INFO : EventManager : Event: ======'machine_var_audits_missing_switches_s_slingshot_right'====== Args={'value': 118, 'prev_value': None, 'change': True}
2025-10-24 23:42:49,132 : INFO : EventManager : Event: ======'machine_var_audits_missing_switches_s_spinner'====== Args={'value': 5, 'prev_value': None, 'change': True}
2025-10-24 23:42:49,132 : INFO : EventManager : Event: ======'machine_var_audits_missing_switches_s_start'====== Args={'value': 5, 'prev_value': None, 'change': True}
2025-10-24 23:42:49,132 : INFO : EventManager : Event: ======'machine_var_audits_missing_switches_s_tilt'====== Args={'value': 121, 'prev_value': None, 'change': True}
2025-10-24 23:42:49,132 : INFO : EventManager : Event: ======'machine_var_audits_missing_switches_s_trough_1'====== Args={'value': 159, 'prev_value': None, 'change': True}
2025-10-24 23:42:49,132 : INFO : EventManager : Event: ======'machine_var_audits_missing_switches_s_trough_2'====== Args={'value': 159, 'prev_value': None, 'change': True}
2025-10-24 23:42:49,132 : INFO : EventManager : Event: ======'machine_var_audits_missing_switches_s_trough_3'====== Args={'value': 159, 'prev_value': None, 'change': True}
2025-10-24 23:42:49,132 : INFO : EventManager : Event: ======'machine_var_audits_missing_switches_s_trough_4'====== Args={'value': 234, 'prev_value': None, 'change': True}
2025-10-24 23:42:49,133 : INFO : EventManager : Event: ======'machine_var_audits_missing_switches_s_trough_5'====== Args={'value': 234, 'prev_value': None, 'change': True}
2025-10-24 23:42:49,133 : INFO : EventManager : Event: ======'machine_var_audits_missing_switches_s_trough_6'====== Args={'value': 5, 'prev_value': None, 'change': True}
2025-10-24 23:42:49,133 : INFO : EventManager : Event: ======'machine_var_audits_player_score'====== Args={'value': {'average': 787666, 'top': [2229000, 73000, 61000], 'total': 3}, 'prev_value': None, 'change': True}
2025-10-24 23:42:49,133 : INFO : EventManager : Event: ======'machine_var_audits_shots_bumper_center'====== Args={'value': 498, 'prev_value': None, 'change': True}
2025-10-24 23:42:49,133 : INFO : EventManager : Event: ======'machine_var_audits_shots_bumper_left'====== Args={'value': 523, 'prev_value': None, 'change': True}
2025-10-24 23:42:49,133 : INFO : EventManager : Event: ======'machine_var_audits_shots_bumper_right'====== Args={'value': 369, 'prev_value': None, 'change': True}
2025-10-24 23:42:49,133 : INFO : EventManager : Event: ======'machine_var_audits_shots_mig_lane_left'====== Args={'value': 81, 'prev_value': None, 'change': True}
2025-10-24 23:42:49,133 : INFO : EventManager : Event: ======'machine_var_audits_shots_mig_lane_right'====== Args={'value': 13, 'prev_value': None, 'change': True}
2025-10-24 23:42:49,133 : INFO : EventManager : Event: ======'machine_var_audits_shots_orbit_upper'====== Args={'value': 13, 'prev_value': None, 'change': True}
2025-10-24 23:42:49,133 : INFO : EventManager : Event: ======'machine_var_audits_shots_ramp_inner'====== Args={'value': 36, 'prev_value': None, 'change': True}
2025-10-24 23:42:49,133 : INFO : EventManager : Event: ======'machine_var_audits_shots_spinner'====== Args={'value': 5, 'prev_value': None, 'change': True}
2025-10-24 23:42:49,133 : INFO : EventManager : Event: ======'machine_var_audits_switches_s_a_iceman_target'====== Args={'value': 27, 'prev_value': None, 'change': True}
2025-10-24 23:42:49,133 : INFO : EventManager : Event: ======'machine_var_audits_switches_s_barrier_target'====== Args={'value': 7, 'prev_value': None, 'change': True}
2025-10-24 23:42:49,133 : INFO : EventManager : Event: ======'machine_var_audits_switches_s_bumper_center'====== Args={'value': 518, 'prev_value': None, 'change': True}
2025-10-24 23:42:49,133 : INFO : EventManager : Event: ======'machine_var_audits_switches_s_bumper_left'====== Args={'value': 554, 'prev_value': None, 'change': True}
2025-10-24 23:42:49,134 : INFO : EventManager : Event: ======'machine_var_audits_switches_s_bumper_right'====== Args={'value': 375, 'prev_value': None, 'change': True}
2025-10-24 23:42:49,134 : INFO : EventManager : Event: ======'machine_var_audits_switches_s_c_iceman_target'====== Args={'value': 41, 'prev_value': None, 'change': True}
2025-10-24 23:42:49,134 : INFO : EventManager : Event: ======'machine_var_audits_switches_s_c_lock_target'====== Args={'value': 4, 'prev_value': None, 'change': True}
2025-10-24 23:42:49,134 : INFO : EventManager : Event: ======'machine_var_audits_switches_s_coin_door'====== Args={'value': 0, 'prev_value': None, 'change': True}
2025-10-24 23:42:49,134 : INFO : EventManager : Event: ======'machine_var_audits_switches_s_coin_door_credit_left'====== Args={'value': 0, 'prev_value': None, 'change': True}
2025-10-24 23:42:49,134 : INFO : EventManager : Event: ======'machine_var_audits_switches_s_coin_door_credit_right'====== Args={'value': 0, 'prev_value': None, 'change': True}
2025-10-24 23:42:49,134 : INFO : EventManager : Event: ======'machine_var_audits_switches_s_coin_door_service_1'====== Args={'value': 0, 'prev_value': None, 'change': True}
2025-10-24 23:42:49,134 : INFO : EventManager : Event: ======'machine_var_audits_switches_s_coin_door_service_2'====== Args={'value': 0, 'prev_value': None, 'change': True}
2025-10-24 23:42:49,134 : INFO : EventManager : Event: ======'machine_var_audits_switches_s_coin_door_service_3'====== Args={'value': 0, 'prev_value': None, 'change': True}
2025-10-24 23:42:49,134 : INFO : EventManager : Event: ======'machine_var_audits_switches_s_coin_door_service_4'====== Args={'value': 0, 'prev_value': None, 'change': True}
2025-10-24 23:42:49,134 : INFO : EventManager : Event: ======'machine_var_audits_switches_s_e_iceman_target'====== Args={'value': 46, 'prev_value': None, 'change': True}
2025-10-24 23:42:49,134 : INFO : EventManager : Event: ======'machine_var_audits_switches_s_flight_gear_target'====== Args={'value': 18, 'prev_value': None, 'change': True}
2025-10-24 23:42:49,134 : INFO : EventManager : Event: ======'machine_var_audits_switches_s_flipper_left'====== Args={'value': 9, 'prev_value': None, 'change': True}
2025-10-24 23:42:49,134 : INFO : EventManager : Event: ======'machine_var_audits_switches_s_flipper_left_eos'====== Args={'value': 0, 'prev_value': None, 'change': True}
2025-10-24 23:42:49,134 : INFO : EventManager : Event: ======'machine_var_audits_switches_s_flipper_left_upper'====== Args={'value': 0, 'prev_value': None, 'change': True}
2025-10-24 23:42:49,134 : INFO : EventManager : Event: ======'machine_var_audits_switches_s_flipper_left_upper_eos'====== Args={'value': 0, 'prev_value': None, 'change': True}
2025-10-24 23:42:49,134 : INFO : EventManager : Event: ======'machine_var_audits_switches_s_flipper_right'====== Args={'value': 17, 'prev_value': None, 'change': True}
2025-10-24 23:42:49,134 : INFO : EventManager : Event: ======'machine_var_audits_switches_s_flipper_right_eos'====== Args={'value': 0, 'prev_value': None, 'change': True}
2025-10-24 23:42:49,134 : INFO : EventManager : Event: ======'machine_var_audits_switches_s_i_iceman_target'====== Args={'value': 9, 'prev_value': None, 'change': True}
2025-10-24 23:42:49,134 : INFO : EventManager : Event: ======'machine_var_audits_switches_s_inlane_left'====== Args={'value': 53, 'prev_value': None, 'change': True}
2025-10-24 23:42:49,134 : INFO : EventManager : Event: ======'machine_var_audits_switches_s_inner_inlane_right'====== Args={'value': 3, 'prev_value': None, 'change': True}
2025-10-24 23:42:49,134 : INFO : EventManager : Event: ======'machine_var_audits_switches_s_jam'====== Args={'value': 1, 'prev_value': None, 'change': True}
2025-10-24 23:42:49,134 : INFO : EventManager : Event: ======'machine_var_audits_switches_s_k_lock_target'====== Args={'value': 5, 'prev_value': None, 'change': True}
2025-10-24 23:42:49,134 : INFO : EventManager : Event: ======'machine_var_audits_switches_s_l_lock_target'====== Args={'value': 5, 'prev_value': None, 'change': True}
2025-10-24 23:42:49,134 : INFO : EventManager : Event: ======'machine_var_audits_switches_s_lane_left'====== Args={'value': 135, 'prev_value': None, 'change': True}
2025-10-24 23:42:49,134 : INFO : EventManager : Event: ======'machine_var_audits_switches_s_lane_right'====== Args={'value': 119, 'prev_value': None, 'change': True}
2025-10-24 23:42:49,134 : INFO : EventManager : Event: ======'machine_var_audits_switches_s_lock_goose'====== Args={'value': 0, 'prev_value': None, 'change': True}
2025-10-24 23:42:49,134 : INFO : EventManager : Event: ======'machine_var_audits_switches_s_lock_mav'====== Args={'value': 0, 'prev_value': None, 'change': True}
2025-10-24 23:42:49,134 : INFO : EventManager : Event: ======'machine_var_audits_switches_s_lock_plunger'====== Args={'value': 3, 'prev_value': None, 'change': True}
2025-10-24 23:42:49,134 : INFO : EventManager : Event: ======'machine_var_audits_switches_s_m_iceman_target'====== Args={'value': 25, 'prev_value': None, 'change': True}
2025-10-24 23:42:49,134 : INFO : EventManager : Event: ======'machine_var_audits_switches_s_mig_lane_left'====== Args={'value': 112, 'prev_value': None, 'change': True}
2025-10-24 23:42:49,134 : INFO : EventManager : Event: ======'machine_var_audits_switches_s_mig_lane_right'====== Args={'value': 16, 'prev_value': None, 'change': True}
2025-10-24 23:42:49,134 : INFO : EventManager : Event: ======'machine_var_audits_switches_s_mode_start'====== Args={'value': 0, 'prev_value': None, 'change': True}
2025-10-24 23:42:49,135 : INFO : EventManager : Event: ======'machine_var_audits_switches_s_n_iceman_target'====== Args={'value': 35, 'prev_value': None, 'change': True}
2025-10-24 23:42:49,135 : INFO : EventManager : Event: ======'machine_var_audits_switches_s_o_lock_target'====== Args={'value': 5, 'prev_value': None, 'change': True}
2025-10-24 23:42:49,135 : INFO : EventManager : Event: ======'machine_var_audits_switches_s_orbit_left'====== Args={'value': 56, 'prev_value': None, 'change': True}
2025-10-24 23:42:49,135 : INFO : EventManager : Event: ======'machine_var_audits_switches_s_orbit_lower'====== Args={'value': 2, 'prev_value': None, 'change': True}
2025-10-24 23:42:49,135 : INFO : EventManager : Event: ======'machine_var_audits_switches_s_orbit_right'====== Args={'value': 15, 'prev_value': None, 'change': True}
2025-10-24 23:42:49,135 : INFO : EventManager : Event: ======'machine_var_audits_switches_s_orbit_upper'====== Args={'value': 15, 'prev_value': None, 'change': True}
2025-10-24 23:42:49,135 : INFO : EventManager : Event: ======'machine_var_audits_switches_s_outer_inlane_right'====== Args={'value': 5, 'prev_value': None, 'change': True}
2025-10-24 23:42:49,135 : INFO : EventManager : Event: ======'machine_var_audits_switches_s_outlane_left'====== Args={'value': 0, 'prev_value': None, 'change': True}
2025-10-24 23:42:49,135 : INFO : EventManager : Event: ======'machine_var_audits_switches_s_outlane_right'====== Args={'value': 4, 'prev_value': None, 'change': True}
2025-10-24 23:42:49,135 : INFO : EventManager : Event: ======'machine_var_audits_switches_s_plunger_lane'====== Args={'value': 46, 'prev_value': None, 'change': True}
2025-10-24 23:42:49,135 : INFO : EventManager : Event: ======'machine_var_audits_switches_s_ramp_inner_exit'====== Args={'value': 38, 'prev_value': None, 'change': True}
2025-10-24 23:42:49,135 : INFO : EventManager : Event: ======'machine_var_audits_switches_s_ramp_left_exit'====== Args={'value': 0, 'prev_value': None, 'change': True}
2025-10-24 23:42:49,135 : INFO : EventManager : Event: ======'machine_var_audits_switches_s_ramp_right_exit'====== Args={'value': 0, 'prev_value': None, 'change': True}
2025-10-24 23:42:49,135 : INFO : EventManager : Event: ======'machine_var_audits_switches_s_ramp_tower_exit'====== Args={'value': 5, 'prev_value': None, 'change': True}
2025-10-24 23:42:49,135 : INFO : EventManager : Event: ======'machine_var_audits_switches_s_shooter_lane'====== Args={'value': 182, 'prev_value': None, 'change': True}
2025-10-24 23:42:49,135 : INFO : EventManager : Event: ======'machine_var_audits_switches_s_slingshot_left'====== Args={'value': 8, 'prev_value': None, 'change': True}
2025-10-24 23:42:49,135 : INFO : EventManager : Event: ======'machine_var_audits_switches_s_slingshot_right'====== Args={'value': 7, 'prev_value': None, 'change': True}
2025-10-24 23:42:49,135 : INFO : EventManager : Event: ======'machine_var_audits_switches_s_spinner'====== Args={'value': 53, 'prev_value': None, 'change': True}
2025-10-24 23:42:49,135 : INFO : EventManager : Event: ======'machine_var_audits_switches_s_start'====== Args={'value': 156, 'prev_value': None, 'change': True}
2025-10-24 23:42:49,135 : INFO : EventManager : Event: ======'machine_var_audits_switches_s_tilt'====== Args={'value': 0, 'prev_value': None, 'change': True}
2025-10-24 23:42:49,135 : INFO : EventManager : Event: ======'machine_var_audits_switches_s_trough_1'====== Args={'value': 2, 'prev_value': None, 'change': True}
2025-10-24 23:42:49,135 : INFO : EventManager : Event: ======'machine_var_audits_switches_s_trough_2'====== Args={'value': 1, 'prev_value': None, 'change': True}
2025-10-24 23:42:49,135 : INFO : EventManager : Event: ======'machine_var_audits_switches_s_trough_3'====== Args={'value': 1, 'prev_value': None, 'change': True}
2025-10-24 23:42:49,136 : INFO : EventManager : Event: ======'machine_var_audits_switches_s_trough_4'====== Args={'value': 0, 'prev_value': None, 'change': True}
2025-10-24 23:42:49,136 : INFO : EventManager : Event: ======'machine_var_audits_switches_s_trough_5'====== Args={'value': 0, 'prev_value': None, 'change': True}
2025-10-24 23:42:49,136 : INFO : EventManager : Event: ======'machine_var_audits_switches_s_trough_6'====== Args={'value': 143, 'prev_value': None, 'change': True}
2025-10-24 23:42:49,136 : INFO : EventManager : Event: ======'init_phase_5'====== Args={}
2025-10-24 23:42:49,136 : INFO : EventManager : Event: ======'init_done'====== Args={}
2025-10-24 23:42:49,136 : INFO : EventManager : Event: ======'machine_reset_phase_1'====== Args={}
2025-10-24 23:42:49,148 : INFO : EventManager : Event: ======'machine_reset_phase_2'====== Args={}
2025-10-24 23:42:49,149 : INFO : EventManager : Event: ======'machine_reset_phase_3'====== Args={}
2025-10-24 23:42:49,149 : INFO : EventManager : Event: ======'reset_complete'====== Args={}
2025-10-24 23:42:49,149 : INFO : EventManager : Event: ======'mode_attract_will_start'====== Args={}
2025-10-24 23:42:49,149 : INFO : Timer.attract_carousel_timer : Starting Timer.
2025-10-24 23:42:49,149 : INFO : EventManager : Event: ======'timer_attract_carousel_timer_started'====== Args={'ticks': 0, 'ticks_remaining': 1}
2025-10-24 23:42:49,149 : INFO : EventManager : Event: ======'timer_attract_carousel_timer_tick'====== Args={'ticks': 0, 'ticks_remaining': 1}
2025-10-24 23:42:49,150 : INFO : EventManager : Event: ======'mode_attract_starting'====== Args={}
2025-10-24 23:42:49,150 : INFO : Mode.attract : Started. Priority: 10
2025-10-24 23:42:49,150 : INFO : EventManager : Event: ======'modes_active_modes_changed'====== Args={}
2025-10-24 23:42:49,151 : INFO : EventManager : Event: ======'mode_attract_started'====== Args={}
2025-10-24 23:42:49,151 : INFO : EventManager : Event: ======'attract_cycle_step1'====== Args={'priority': 0}
2025-10-24 23:42:49,151 : INFO : EventManager : Event: ======'collecting_balls_complete'====== Args={}
2025-10-24 23:42:49,151 : INFO : EventManager : Event: ======'item_highlighted'====== Args={'carousel': 'attract', 'direction': None, 'item': 'title'}
2025-10-24 23:42:49,151 : INFO : EventManager : Event: ======'timer_attract_carousel_timer_tick'====== Args={'ticks': 0, 'ticks_remaining': 1}
2025-10-24 23:42:49,152 : INFO : Machine : Starting the main run loop with active modes: [<Mode.attract>]
2025-10-24 23:42:49,228 : INFO : EventManager : Event: ======'slide_attract_created'====== Args={'_from_bcp': True}
2025-10-24 23:42:49,228 : INFO : EventManager : Event: ======'slide__removed'====== Args={'_from_bcp': True}
2025-10-24 23:42:49,228 : INFO : EventManager : Event: ======'slide_attract_active'====== Args={'original_context': 'attract', 'original_calling_context': 'mode_attract_started', 'priority': 10.0, 'cmd': 'slides_play', '_from_bcp': True}
2025-10-24 23:42:49,311 : INFO : BcpServer : New client connected.
2025-10-24 23:42:56,166 : INFO : Timer.attract_carousel_timer : Timer Complete
2025-10-24 23:42:56,166 : INFO : Timer.attract_carousel_timer : Stopping Timer
2025-10-24 23:42:56,166 : INFO : EventManager : Event: ======'timer_attract_carousel_timer_stopped'====== Args={'ticks': 1, 'ticks_remaining': 1}
2025-10-24 23:42:56,167 : INFO : EventManager : Event: ======'timer_attract_carousel_timer_complete'====== Args={'ticks': 1, 'ticks_remaining': 1}
2025-10-24 23:42:56,167 : INFO : EventManager : Event: ======'item_highlighted'====== Args={'carousel': 'attract', 'direction': 'forwards', 'item': 'presented_by'}
2025-10-24 23:42:56,169 : INFO : Timer.attract_carousel_timer : Starting Timer.
2025-10-24 23:42:56,169 : INFO : EventManager : Event: ======'timer_attract_carousel_timer_started'====== Args={'ticks': 0, 'ticks_remaining': 1}
2025-10-24 23:42:56,170 : INFO : EventManager : Event: ======'timer_attract_carousel_timer_tick'====== Args={'ticks': 0, 'ticks_remaining': 1}
2025-10-24 23:42:59,474 : INFO : SwitchController : <<<<<<< 's_start' active >>>>>>>
2025-10-24 23:42:59,617 : INFO : SwitchController : <<<<<<< 's_start' inactive >>>>>>>
2025-10-24 23:42:59,617 : INFO : EventManager : Event: ======'request_to_start_game'====== Args={}
2025-10-24 23:42:59,620 : INFO : EventManager : Event: ======'game_start'====== Args={'buttons': [], 'hold_time': 0.14099999994505197}
2025-10-24 23:42:59,620 : INFO : EventManager : Event: ======'mode_game_will_start'====== Args={'buttons': [], 'hold_time': 0.14099999994505197}
2025-10-24 23:42:59,621 : INFO : EventManager : Event: ======'mode_game_starting'====== Args={'buttons': [], 'hold_time': 0.14099999994505197}
2025-10-24 23:42:59,621 : INFO : EventManager : Event: ======'mode_attract_will_stop'====== Args={}
2025-10-24 23:42:59,621 : INFO : EventManager : Event: ======'mode_attract_stopping'====== Args={}
2025-10-24 23:42:59,622 : INFO : Mode.game : Started. Priority: 20
2025-10-24 23:42:59,622 : INFO : EventManager : Event: ======'modes_active_modes_changed'====== Args={}
2025-10-24 23:42:59,622 : INFO : EventManager : Event: ======'mode_game_started'====== Args={'buttons': [], 'hold_time': 0.14099999994505197}
2025-10-24 23:42:59,623 : INFO : Mode.attract : Stopped.
2025-10-24 23:42:59,623 : INFO : EventManager : Event: ======'modes_active_modes_changed'====== Args={}
2025-10-24 23:42:59,623 : INFO : EventManager : Event: ======'mode_attract_stopped'====== Args={}
2025-10-24 23:42:59,623 : INFO : EventManager : Event: ======'clear'====== Args={'key': 'attract'}
2025-10-24 23:42:59,623 : INFO : Timer.attract_carousel_timer : Stopping Timer
2025-10-24 23:42:59,624 : INFO : EventManager : Event: ======'timer_attract_carousel_timer_stopped'====== Args={'ticks': 0, 'ticks_remaining': 1}
2025-10-24 23:42:59,624 : INFO : EventManager : Event: ======'game_will_start'====== Args={}
2025-10-24 23:42:59,624 : INFO : EventManager : Event: ======'game_starting'====== Args={'game': <Mode.game>}
2025-10-24 23:42:59,625 : INFO : EventManager : Unordered handler for class <Auditor> on event game_ended with priority 1. Handlers: [RegisteredHandler(callback=<bound method Auditor.disable of <Auditor>>, priority=1, kwargs={}, key=UUID('923c5ccb-e3e1-42e0-a48c-991533b4ec37'), condition=None, blocking_facility=None), RegisteredHandler(callback=<bound method Auditor._save_audits of <Auditor>>, priority=1, kwargs={}, key=UUID('755a888d-93d6-4e9b-be33-f65ce556c417'), condition=None, blocking_facility=None)]. The order of those handlers is not defined and they will be executed in random order. This might lead to race conditions and potential bugs.
2025-10-24 23:42:59,625 : INFO : EventManager : Event: ======'player_add_request'====== Args={}
2025-10-24 23:42:59,625 : INFO : EventManager : Event: ======'player_will_add'====== Args={'number': 1}
2025-10-24 23:42:59,625 : INFO : EventManager : Event: ======'player_adding'====== Args={'player': <Player 1>, 'number': 1}
2025-10-24 23:42:59,625 : INFO : EventManager : Event: ======'player_added'====== Args={'player': <Player 1>, 'num': 1}
2025-10-24 23:42:59,626 : INFO : Mode.game : Player added successfully. Total players: 1
2025-10-24 23:42:59,626 : INFO : EventManager : Event: ======'player_index'====== Args={'value': 0, 'prev_value': 0, 'change': 0, 'player_num': 1}
2025-10-24 23:42:59,626 : INFO : EventManager : Event: ======'player_number'====== Args={'value': 1, 'prev_value': 1, 'change': 0, 'player_num': 1}
2025-10-24 23:42:59,626 : INFO : EventManager : Event: ======'player_score'====== Args={'value': 0, 'prev_value': 0, 'change': 0, 'player_num': 1}
2025-10-24 23:42:59,627 : INFO : EventManager : Event: ======'game_started'====== Args={}
2025-10-24 23:42:59,627 : INFO : EventManager : Event: ======'player_turn_will_start'====== Args={'player': <Player 1>, 'number': 1}
2025-10-24 23:42:59,636 : INFO : EventManager : Event: ======'player_turn_starting'====== Args={'player': <Player 1>, 'number': 1}
2025-10-24 23:42:59,636 : INFO : EventManager : Event: ======'player_ball'====== Args={'value': 1, 'prev_value': 0, 'change': 1, 'player_num': 1}
2025-10-24 23:42:59,637 : INFO : EventManager : Event: ======'player_turn_started'====== Args={'player': <Player 1>, 'number': 1}
2025-10-24 23:42:59,638 : INFO : EventManager : Event: ======'ui_player_1_up'====== Args={'priority': 0}
2025-10-24 23:42:59,638 : INFO : EventManager : Event: ======'ball_will_start'====== Args={'player': 1, 'ball': 1, 'balls_remaining': 2, 'is_extra_ball': False}
2025-10-24 23:42:59,639 : INFO : EventManager : Event: ======'ball_starting'====== Args={'player': 1, 'ball': 1, 'balls_remaining': 2, 'is_extra_ball': False}
2025-10-24 23:42:59,639 : INFO : EventManager : Event: ======'mode_base_will_start'====== Args={'queue': <QueuedEvent>, 'player': 1, 'ball': 1, 'balls_remaining': 2, 'is_extra_ball': False}
2025-10-24 23:42:59,641 : INFO : EventManager : Event: ======'mode_base_starting'====== Args={'queue': <QueuedEvent>, 'player': 1, 'ball': 1, 'balls_remaining': 2, 'is_extra_ball': False}
2025-10-24 23:42:59,642 : INFO : Mode.base : Started. Priority: 100
2025-10-24 23:42:59,642 : INFO : EventManager : Event: ======'modes_active_modes_changed'====== Args={}
2025-10-24 23:42:59,642 : INFO : EventManager : Event: ======'mode_base_started'====== Args={'queue': <QueuedEvent>, 'player': 1, 'ball': 1, 'balls_remaining': 2, 'is_extra_ball': False}
2025-10-24 23:42:59,642 : INFO : EventManager : Event: ======'mode_pilot_mission_qualifier_will_start'====== Args={'queue': <QueuedEvent>, 'player': 1, 'ball': 1, 'balls_remaining': 2, 'is_extra_ball': False}
2025-10-24 23:42:59,655 : INFO : EventManager : Event: ======'mode_pilot_mission_qualifier_starting'====== Args={'queue': <QueuedEvent>, 'player': 1, 'ball': 1, 'balls_remaining': 2, 'is_extra_ball': False}
2025-10-24 23:42:59,655 : INFO : EventManager : Event: ======'start_mode_bumpers'====== Args={'priority': 0}
2025-10-24 23:42:59,655 : INFO : EventManager : Event: ======'mode_bumpers_will_start'====== Args={'priority': 0}
2025-10-24 23:42:59,655 : INFO : EventManager : Event: ======'player_shot_bumper_left_enabled'====== Args={'value': True, 'prev_value': 0, 'change': 1, 'player_num': 1}
2025-10-24 23:42:59,656 : INFO : EventManager : Event: ======'player_shot_bumper_center_enabled'====== Args={'value': True, 'prev_value': 0, 'change': 1, 'player_num': 1}
2025-10-24 23:42:59,656 : INFO : EventManager : Event: ======'player_shot_bumper_right_enabled'====== Args={'value': True, 'prev_value': 0, 'change': 1, 'player_num': 1}
2025-10-24 23:42:59,656 : INFO : EventManager : Event: ======'bumpers_complete'====== Args={'state': 'unlit'}
2025-10-24 23:42:59,656 : INFO : EventManager : Event: ======'bumpers_unlit_complete'====== Args={}
2025-10-24 23:42:59,657 : INFO : EventManager : Event: ======'mode_bumpers_starting'====== Args={'priority': 0}
2025-10-24 23:42:59,657 : INFO : Mode.bumpers : Started. Priority: 200
2025-10-24 23:42:59,657 : INFO : EventManager : Event: ======'modes_active_modes_changed'====== Args={}
2025-10-24 23:42:59,657 : INFO : EventManager : Event: ======'mode_bumpers_started'====== Args={'priority': 0}
2025-10-24 23:42:59,657 : INFO : Mode.pilot_mission_qualifier : Started. Priority: 200
2025-10-24 23:42:59,657 : INFO : EventManager : Event: ======'modes_active_modes_changed'====== Args={}
2025-10-24 23:42:59,657 : INFO : EventManager : Event: ======'mode_pilot_mission_qualifier_started'====== Args={'queue': <QueuedEvent>, 'player': 1, 'ball': 1, 'balls_remaining': 2, 'is_extra_ball': False}
2025-10-24 23:42:59,659 : INFO : EventManager : Event: ======'balls_in_play'====== Args={'balls': 1}
2025-10-24 23:42:59,659 : INFO : EventManager : Event: ======'ball_started'====== Args={'player': 1, 'ball': 1, 'balls_remaining': 2, 'is_extra_ball': False}
2025-10-24 23:42:59,660 : INFO : EventManager : Event: ======'single_player_ball_started'====== Args={}
2025-10-24 23:42:59,661 : INFO : EventManager : Event: ======'ball_start_target'====== Args={'target': 'playfield'}
2025-10-24 23:42:59,661 : INFO : ball_device.bd_plunger : Setting up player-controlled eject. Balls: 1, Target: <playfield.playfield>, player_controlled_eject_event: None
2025-10-24 23:42:59,663 : INFO : EventManager : Event: ======'balldevice_balls_available'====== Args={}
2025-10-24 23:42:59,664 : INFO : ball_device.bd_trough : State: waiting_for_target_ready
2025-10-24 23:42:59,664 : INFO : EventManager : Event: ======'balldevice_bd_trough_ball_eject_attempt'====== Args={'balls': 1, 'target': <ball_device.bd_plunger>, 'source': <ball_device.bd_trough>, 'mechanical_eject': True, 'num_attempts': 0}
2025-10-24 23:42:59,664 : INFO : ball_device.bd_plunger : State: waiting_for_ball
2025-10-24 23:42:59,664 : INFO : ball_device.bd_trough : State: ejecting
2025-10-24 23:42:59,665 : INFO : ball_device.bd_trough : Ejecting ball to <ball_device.bd_plunger>
2025-10-24 23:42:59,665 : INFO : EventManager : Event: ======'balldevice_bd_trough_ejecting_ball'====== Args={'balls': 1, 'target': <ball_device.bd_plunger>, 'source': <ball_device.bd_trough>, 'mechanical_eject': True, 'num_attempts': 0}
2025-10-24 23:42:59,666 : INFO : ball_device.bd_trough : Wait for ball to leave device
2025-10-24 23:42:59,666 : INFO : coil.c_trough_eject : Pulsing Driver for 10ms (0.75 pulse_power)
2025-10-24 23:42:59,740 : INFO : EventManager : Event: ======'slide_base_slide_created'====== Args={'_from_bcp': True}
2025-10-24 23:42:59,741 : INFO : EventManager : Event: ======'slide_attract_inactive'====== Args={'is_removing': True, '_from_bcp': True}
2025-10-24 23:42:59,742 : INFO : EventManager : Event: ======'slide_base_slide_active'====== Args={'original_context': 'base', 'original_calling_context': 'mode_base_started', 'priority': 100.0, 'queue': '<QueuedEvent>', 'player': 1.0, 'ball': 1.0, 'balls_remaining': 2.0, 'is_extra_ball': False, 'cmd': 'slides_play', '_from_bcp': True}
2025-10-24 23:42:59,744 : INFO : EventManager : Event: ======'slide_attract_removed'====== Args={'_from_bcp': True}
2025-10-24 23:43:02,652 : INFO : EventManager : Event: ======'balldevice_bd_trough_ball_eject_failed'====== Args={'target': <ball_device.bd_plunger>, 'balls': 1, 'retry': True, 'num_attempts': 1}
2025-10-24 23:43:02,653 : INFO : ball_device.bd_trough : State: waiting_for_target_ready
2025-10-24 23:43:02,653 : INFO : EventManager : Event: ======'balldevice_bd_trough_ball_eject_attempt'====== Args={'balls': 1, 'target': <ball_device.bd_plunger>, 'source': <ball_device.bd_trough>, 'mechanical_eject': True, 'num_attempts': 1}
2025-10-24 23:43:02,653 : INFO : ball_device.bd_trough : State: ejecting
2025-10-24 23:43:02,655 : INFO : ball_device.bd_trough : Ejecting ball to <ball_device.bd_plunger>
2025-10-24 23:43:02,655 : INFO : EventManager : Event: ======'balldevice_bd_trough_ejecting_ball'====== Args={'balls': 1, 'target': <ball_device.bd_plunger>, 'source': <ball_device.bd_trough>, 'mechanical_eject': True, 'num_attempts': 1}
2025-10-24 23:43:02,655 : INFO : ball_device.bd_trough : Wait for ball to leave device
2025-10-24 23:43:02,656 : INFO : coil.c_trough_eject : Pulsing Driver for 10ms (0.75 pulse_power)
2025-10-24 23:43:05,666 : INFO : EventManager : Event: ======'balldevice_bd_trough_ball_eject_failed'====== Args={'target': <ball_device.bd_plunger>, 'balls': 1, 'retry': True, 'num_attempts': 2}
2025-10-24 23:43:05,667 : INFO : ball_device.bd_trough : State: waiting_for_target_ready
2025-10-24 23:43:05,667 : INFO : EventManager : Event: ======'balldevice_bd_trough_ball_eject_attempt'====== Args={'balls': 1, 'target': <ball_device.bd_plunger>, 'source': <ball_device.bd_trough>, 'mechanical_eject': True, 'num_attempts': 2}
2025-10-24 23:43:05,668 : INFO : ball_device.bd_trough : State: ejecting
2025-10-24 23:43:05,668 : INFO : ball_device.bd_trough : Ejecting ball to <ball_device.bd_plunger>
2025-10-24 23:43:05,668 : INFO : EventManager : Event: ======'balldevice_bd_trough_ejecting_ball'====== Args={'balls': 1, 'target': <ball_device.bd_plunger>, 'source': <ball_device.bd_trough>, 'mechanical_eject': True, 'num_attempts': 2}
2025-10-24 23:43:05,669 : INFO : ball_device.bd_trough : Wait for ball to leave device
2025-10-24 23:43:05,669 : INFO : coil.c_trough_eject : Pulsing Driver for 10ms (0.75 pulse_power)
2025-10-24 23:43:08,644 : INFO : EventManager : Event: ======'balldevice_bd_trough_ball_eject_failed'====== Args={'target': <ball_device.bd_plunger>, 'balls': 1, 'retry': True, 'num_attempts': 3}
2025-10-24 23:43:08,647 : INFO : ball_device.bd_trough : State: waiting_for_target_ready
2025-10-24 23:43:08,647 : INFO : EventManager : Event: ======'balldevice_bd_trough_ball_eject_attempt'====== Args={'balls': 1, 'target': <ball_device.bd_plunger>, 'source': <ball_device.bd_trough>, 'mechanical_eject': True, 'num_attempts': 3}
2025-10-24 23:43:08,648 : INFO : ball_device.bd_trough : State: ejecting
2025-10-24 23:43:08,649 : INFO : ball_device.bd_trough : Ejecting ball to <ball_device.bd_plunger>
2025-10-24 23:43:08,649 : INFO : EventManager : Event: ======'balldevice_bd_trough_ejecting_ball'====== Args={'balls': 1, 'target': <ball_device.bd_plunger>, 'source': <ball_device.bd_trough>, 'mechanical_eject': True, 'num_attempts': 3}
2025-10-24 23:43:08,650 : INFO : ball_device.bd_trough : Wait for ball to leave device
2025-10-24 23:43:08,651 : INFO : coil.c_trough_eject : Pulsing Driver for 10ms (0.75 pulse_power)
2025-10-24 23:43:11,645 : INFO : EventManager : Event: ======'balldevice_bd_trough_ball_eject_failed'====== Args={'target': <ball_device.bd_plunger>, 'balls': 1, 'retry': True, 'num_attempts': 4}
2025-10-24 23:43:11,646 : INFO : ball_device.bd_trough : State: waiting_for_target_ready
2025-10-24 23:43:11,646 : INFO : EventManager : Event: ======'balldevice_bd_trough_ball_eject_attempt'====== Args={'balls': 1, 'target': <ball_device.bd_plunger>, 'source': <ball_device.bd_trough>, 'mechanical_eject': True, 'num_attempts': 4}
2025-10-24 23:43:11,647 : INFO : ball_device.bd_trough : State: ejecting
2025-10-24 23:43:11,647 : INFO : ball_device.bd_trough : Ejecting ball to <ball_device.bd_plunger>
2025-10-24 23:43:11,647 : INFO : EventManager : Event: ======'balldevice_bd_trough_ejecting_ball'====== Args={'balls': 1, 'target': <ball_device.bd_plunger>, 'source': <ball_device.bd_trough>, 'mechanical_eject': True, 'num_attempts': 4}
2025-10-24 23:43:11,648 : INFO : ball_device.bd_trough : Wait for ball to leave device
2025-10-24 23:43:11,648 : INFO : coil.c_trough_eject : Pulsing Driver for 10ms (0.75 pulse_power)
2025-10-24 23:43:14,651 : INFO : EventManager : Event: ======'balldevice_bd_trough_ball_eject_failed'====== Args={'target': <ball_device.bd_plunger>, 'balls': 1, 'retry': True, 'num_attempts': 5}
2025-10-24 23:43:14,652 : INFO : ball_device.bd_trough : State: waiting_for_target_ready
2025-10-24 23:43:14,653 : INFO : EventManager : Event: ======'balldevice_bd_trough_ball_eject_attempt'====== Args={'balls': 1, 'target': <ball_device.bd_plunger>, 'source': <ball_device.bd_trough>, 'mechanical_eject': True, 'num_attempts': 5}
2025-10-24 23:43:14,653 : INFO : ball_device.bd_trough : State: ejecting
2025-10-24 23:43:14,654 : INFO : ball_device.bd_trough : Ejecting ball to <ball_device.bd_plunger>
2025-10-24 23:43:14,654 : INFO : EventManager : Event: ======'balldevice_bd_trough_ejecting_ball'====== Args={'balls': 1, 'target': <ball_device.bd_plunger>, 'source': <ball_device.bd_trough>, 'mechanical_eject': True, 'num_attempts': 5}
2025-10-24 23:43:14,655 : INFO : ball_device.bd_trough : Wait for ball to leave device
2025-10-24 23:43:14,656 : INFO : coil.c_trough_eject : Pulsing Driver for 10ms (0.75 pulse_power)
2025-10-24 23:43:17,662 : INFO : EventManager : Event: ======'balldevice_bd_trough_ball_eject_failed'====== Args={'target': <ball_device.bd_plunger>, 'balls': 1, 'retry': True, 'num_attempts': 6}
2025-10-24 23:43:17,663 : INFO : ball_device.bd_trough : State: waiting_for_target_ready
2025-10-24 23:43:17,664 : INFO : EventManager : Event: ======'balldevice_bd_trough_ball_eject_attempt'====== Args={'balls': 1, 'target': <ball_device.bd_plunger>, 'source': <ball_device.bd_trough>, 'mechanical_eject': True, 'num_attempts': 6}
2025-10-24 23:43:17,664 : INFO : ball_device.bd_trough : State: ejecting
2025-10-24 23:43:17,665 : INFO : ball_device.bd_trough : Ejecting ball to <ball_device.bd_plunger>
2025-10-24 23:43:17,665 : INFO : EventManager : Event: ======'balldevice_bd_trough_ejecting_ball'====== Args={'balls': 1, 'target': <ball_device.bd_plunger>, 'source': <ball_device.bd_trough>, 'mechanical_eject': True, 'num_attempts': 6}
2025-10-24 23:43:17,666 : INFO : ball_device.bd_trough : Wait for ball to leave device
2025-10-24 23:43:17,666 : INFO : coil.c_trough_eject : Pulsing Driver for 10ms (0.75 pulse_power)
2025-10-24 23:43:20,667 : INFO : EventManager : Event: ======'balldevice_bd_trough_ball_eject_failed'====== Args={'target': <ball_device.bd_plunger>, 'balls': 1, 'retry': True, 'num_attempts': 7}
2025-10-24 23:43:20,668 : INFO : ball_device.bd_trough : State: waiting_for_target_ready
2025-10-24 23:43:20,668 : INFO : EventManager : Event: ======'balldevice_bd_trough_ball_eject_attempt'====== Args={'balls': 1, 'target': <ball_device.bd_plunger>, 'source': <ball_device.bd_trough>, 'mechanical_eject': True, 'num_attempts': 7}
2025-10-24 23:43:20,669 : INFO : ball_device.bd_trough : State: ejecting
2025-10-24 23:43:20,669 : INFO : ball_device.bd_trough : Ejecting ball to <ball_device.bd_plunger>
2025-10-24 23:43:20,669 : INFO : EventManager : Event: ======'balldevice_bd_trough_ejecting_ball'====== Args={'balls': 1, 'target': <ball_device.bd_plunger>, 'source': <ball_device.bd_trough>, 'mechanical_eject': True, 'num_attempts': 7}
2025-10-24 23:43:20,670 : INFO : ball_device.bd_trough : Wait for ball to leave device
2025-10-24 23:43:20,671 : INFO : coil.c_trough_eject : Pulsing Driver for 10ms (0.75 pulse_power)
2025-10-24 23:43:23,664 : INFO : EventManager : Event: ======'balldevice_bd_trough_ball_eject_failed'====== Args={'target': <ball_device.bd_plunger>, 'balls': 1, 'retry': True, 'num_attempts': 8}
2025-10-24 23:43:23,666 : INFO : ball_device.bd_trough : State: waiting_for_target_ready
2025-10-24 23:43:23,667 : INFO : EventManager : Event: ======'balldevice_bd_trough_ball_eject_attempt'====== Args={'balls': 1, 'target': <ball_device.bd_plunger>, 'source': <ball_device.bd_trough>, 'mechanical_eject': True, 'num_attempts': 8}
2025-10-24 23:43:23,668 : INFO : ball_device.bd_trough : State: ejecting
2025-10-24 23:43:23,669 : INFO : ball_device.bd_trough : Ejecting ball to <ball_device.bd_plunger>
2025-10-24 23:43:23,669 : INFO : EventManager : Event: ======'balldevice_bd_trough_ejecting_ball'====== Args={'balls': 1, 'target': <ball_device.bd_plunger>, 'source': <ball_device.bd_trough>, 'mechanical_eject': True, 'num_attempts': 8}
2025-10-24 23:43:23,670 : INFO : ball_device.bd_trough : Wait for ball to leave device
2025-10-24 23:43:23,671 : INFO : coil.c_trough_eject : Pulsing Driver for 10ms (0.75 pulse_power)
2025-10-24 23:43:26,663 : INFO : EventManager : Event: ======'balldevice_bd_trough_ball_eject_failed'====== Args={'target': <ball_device.bd_plunger>, 'balls': 1, 'retry': True, 'num_attempts': 9}
2025-10-24 23:43:26,665 : INFO : ball_device.bd_trough : State: waiting_for_target_ready
2025-10-24 23:43:26,666 : INFO : EventManager : Event: ======'balldevice_bd_trough_ball_eject_attempt'====== Args={'balls': 1, 'target': <ball_device.bd_plunger>, 'source': <ball_device.bd_trough>, 'mechanical_eject': True, 'num_attempts': 9}
2025-10-24 23:43:26,668 : INFO : ball_device.bd_trough : State: ejecting
2025-10-24 23:43:26,668 : INFO : ball_device.bd_trough : Ejecting ball to <ball_device.bd_plunger>
2025-10-24 23:43:26,669 : INFO : EventManager : Event: ======'balldevice_bd_trough_ejecting_ball'====== Args={'balls': 1, 'target': <ball_device.bd_plunger>, 'source': <ball_device.bd_trough>, 'mechanical_eject': True, 'num_attempts': 9}
2025-10-24 23:43:26,670 : INFO : ball_device.bd_trough : Wait for ball to leave device
2025-10-24 23:43:26,670 : INFO : coil.c_trough_eject : Pulsing Driver for 10ms (0.75 pulse_power)
2025-10-24 23:43:29,646 : INFO : EventManager : Event: ======'balldevice_bd_trough_ball_eject_failed'====== Args={'target': <ball_device.bd_plunger>, 'balls': 1, 'retry': True, 'num_attempts': 10}
2025-10-24 23:43:29,647 : INFO : ball_device.bd_trough : State: waiting_for_target_ready
2025-10-24 23:43:29,648 : INFO : EventManager : Event: ======'balldevice_bd_trough_ball_eject_attempt'====== Args={'balls': 1, 'target': <ball_device.bd_plunger>, 'source': <ball_device.bd_trough>, 'mechanical_eject': True, 'num_attempts': 10}
2025-10-24 23:43:29,649 : INFO : ball_device.bd_trough : State: ejecting
2025-10-24 23:43:29,650 : INFO : ball_device.bd_trough : Ejecting ball to <ball_device.bd_plunger>
2025-10-24 23:43:29,651 : INFO : EventManager : Event: ======'balldevice_bd_trough_ejecting_ball'====== Args={'balls': 1, 'target': <ball_device.bd_plunger>, 'source': <ball_device.bd_trough>, 'mechanical_eject': True, 'num_attempts': 10}
2025-10-24 23:43:29,652 : INFO : ball_device.bd_trough : Wait for ball to leave device
2025-10-24 23:43:29,652 : INFO : coil.c_trough_eject : Pulsing Driver for 10ms (0.75 pulse_power)
2025-10-24 23:43:32,661 : INFO : EventManager : Event: ======'balldevice_bd_trough_ball_eject_failed'====== Args={'target': <ball_device.bd_plunger>, 'balls': 1, 'retry': True, 'num_attempts': 11}
2025-10-24 23:43:32,663 : INFO : ball_device.bd_trough : State: waiting_for_target_ready
2025-10-24 23:43:32,664 : INFO : EventManager : Event: ======'balldevice_bd_trough_ball_eject_attempt'====== Args={'balls': 1, 'target': <ball_device.bd_plunger>, 'source': <ball_device.bd_trough>, 'mechanical_eject': True, 'num_attempts': 11}
2025-10-24 23:43:32,664 : INFO : ball_device.bd_trough : State: ejecting
2025-10-24 23:43:32,665 : INFO : ball_device.bd_trough : Ejecting ball to <ball_device.bd_plunger>
2025-10-24 23:43:32,665 : INFO : EventManager : Event: ======'balldevice_bd_trough_ejecting_ball'====== Args={'balls': 1, 'target': <ball_device.bd_plunger>, 'source': <ball_device.bd_trough>, 'mechanical_eject': True, 'num_attempts': 11}
2025-10-24 23:43:32,666 : INFO : ball_device.bd_trough : Wait for ball to leave device
2025-10-24 23:43:32,667 : INFO : coil.c_trough_eject : Pulsing Driver for 10ms (0.75 pulse_power)
2025-10-24 23:43:35,655 : INFO : EventManager : Event: ======'balldevice_bd_trough_ball_eject_failed'====== Args={'target': <ball_device.bd_plunger>, 'balls': 1, 'retry': True, 'num_attempts': 12}
2025-10-24 23:43:35,657 : INFO : ball_device.bd_trough : State: waiting_for_target_ready
2025-10-24 23:43:35,657 : INFO : EventManager : Event: ======'balldevice_bd_trough_ball_eject_attempt'====== Args={'balls': 1, 'target': <ball_device.bd_plunger>, 'source': <ball_device.bd_trough>, 'mechanical_eject': True, 'num_attempts': 12}
2025-10-24 23:43:35,658 : INFO : ball_device.bd_trough : State: ejecting
2025-10-24 23:43:35,658 : INFO : ball_device.bd_trough : Ejecting ball to <ball_device.bd_plunger>
2025-10-24 23:43:35,658 : INFO : EventManager : Event: ======'balldevice_bd_trough_ejecting_ball'====== Args={'balls': 1, 'target': <ball_device.bd_plunger>, 'source': <ball_device.bd_trough>, 'mechanical_eject': True, 'num_attempts': 12}
2025-10-24 23:43:35,659 : INFO : ball_device.bd_trough : Wait for ball to leave device
2025-10-24 23:43:35,660 : INFO : coil.c_trough_eject : Pulsing Driver for 10ms (0.75 pulse_power)
2025-10-24 23:43:38,667 : INFO : EventManager : Event: ======'balldevice_bd_trough_ball_eject_failed'====== Args={'target': <ball_device.bd_plunger>, 'balls': 1, 'retry': True, 'num_attempts': 13}
2025-10-24 23:43:38,668 : INFO : ball_device.bd_trough : State: waiting_for_target_ready
2025-10-24 23:43:38,669 : INFO : EventManager : Event: ======'balldevice_bd_trough_ball_eject_attempt'====== Args={'balls': 1, 'target': <ball_device.bd_plunger>, 'source': <ball_device.bd_trough>, 'mechanical_eject': True, 'num_attempts': 13}
2025-10-24 23:43:38,670 : INFO : ball_device.bd_trough : State: ejecting
2025-10-24 23:43:38,670 : INFO : ball_device.bd_trough : Ejecting ball to <ball_device.bd_plunger>
2025-10-24 23:43:38,671 : INFO : EventManager : Event: ======'balldevice_bd_trough_ejecting_ball'====== Args={'balls': 1, 'target': <ball_device.bd_plunger>, 'source': <ball_device.bd_trough>, 'mechanical_eject': True, 'num_attempts': 13}
2025-10-24 23:43:38,672 : INFO : ball_device.bd_trough : Wait for ball to leave device
2025-10-24 23:43:38,672 : INFO : coil.c_trough_eject : Pulsing Driver for 10ms (0.75 pulse_power)
2025-10-24 23:43:41,659 : INFO : EventManager : Event: ======'balldevice_bd_trough_ball_eject_failed'====== Args={'target': <ball_device.bd_plunger>, 'balls': 1, 'retry': True, 'num_attempts': 14}
2025-10-24 23:43:41,660 : INFO : ball_device.bd_trough : State: waiting_for_target_ready
2025-10-24 23:43:41,660 : INFO : EventManager : Event: ======'balldevice_bd_trough_ball_eject_attempt'====== Args={'balls': 1, 'target': <ball_device.bd_plunger>, 'source': <ball_device.bd_trough>, 'mechanical_eject': True, 'num_attempts': 14}
2025-10-24 23:43:41,661 : INFO : ball_device.bd_trough : State: ejecting
2025-10-24 23:43:41,661 : INFO : ball_device.bd_trough : Ejecting ball to <ball_device.bd_plunger>
2025-10-24 23:43:41,661 : INFO : EventManager : Event: ======'balldevice_bd_trough_ejecting_ball'====== Args={'balls': 1, 'target': <ball_device.bd_plunger>, 'source': <ball_device.bd_trough>, 'mechanical_eject': True, 'num_attempts': 14}
2025-10-24 23:43:41,662 : INFO : ball_device.bd_trough : Wait for ball to leave device
2025-10-24 23:43:41,662 : INFO : coil.c_trough_eject : Pulsing Driver for 10ms (0.75 pulse_power)
2025-10-24 23:43:44,644 : INFO : EventManager : Event: ======'balldevice_bd_trough_ball_eject_failed'====== Args={'target': <ball_device.bd_plunger>, 'balls': 1, 'retry': True, 'num_attempts': 15}
2025-10-24 23:43:44,645 : INFO : ball_device.bd_trough : State: waiting_for_target_ready
2025-10-24 23:43:44,645 : INFO : EventManager : Event: ======'balldevice_bd_trough_ball_eject_attempt'====== Args={'balls': 1, 'target': <ball_device.bd_plunger>, 'source': <ball_device.bd_trough>, 'mechanical_eject': True, 'num_attempts': 15}
2025-10-24 23:43:44,646 : INFO : ball_device.bd_trough : State: ejecting
2025-10-24 23:43:44,646 : INFO : ball_device.bd_trough : Ejecting ball to <ball_device.bd_plunger>
2025-10-24 23:43:44,646 : INFO : EventManager : Event: ======'balldevice_bd_trough_ejecting_ball'====== Args={'balls': 1, 'target': <ball_device.bd_plunger>, 'source': <ball_device.bd_trough>, 'mechanical_eject': True, 'num_attempts': 15}
2025-10-24 23:43:44,647 : INFO : ball_device.bd_trough : Wait for ball to leave device
2025-10-24 23:43:44,647 : INFO : coil.c_trough_eject : Pulsing Driver for 10ms (0.75 pulse_power)
2025-10-24 23:43:47,652 : INFO : EventManager : Event: ======'balldevice_bd_trough_ball_eject_failed'====== Args={'target': <ball_device.bd_plunger>, 'balls': 1, 'retry': True, 'num_attempts': 16}
2025-10-24 23:43:47,653 : INFO : ball_device.bd_trough : State: waiting_for_target_ready
2025-10-24 23:43:47,653 : INFO : EventManager : Event: ======'balldevice_bd_trough_ball_eject_attempt'====== Args={'balls': 1, 'target': <ball_device.bd_plunger>, 'source': <ball_device.bd_trough>, 'mechanical_eject': True, 'num_attempts': 16}
2025-10-24 23:43:47,654 : INFO : ball_device.bd_trough : State: ejecting
2025-10-24 23:43:47,654 : INFO : ball_device.bd_trough : Ejecting ball to <ball_device.bd_plunger>
2025-10-24 23:43:47,654 : INFO : EventManager : Event: ======'balldevice_bd_trough_ejecting_ball'====== Args={'balls': 1, 'target': <ball_device.bd_plunger>, 'source': <ball_device.bd_trough>, 'mechanical_eject': True, 'num_attempts': 16}
2025-10-24 23:43:47,655 : INFO : ball_device.bd_trough : Wait for ball to leave device
2025-10-24 23:43:47,655 : INFO : coil.c_trough_eject : Pulsing Driver for 10ms (0.75 pulse_power)
2025-10-24 23:43:50,652 : INFO : EventManager : Event: ======'balldevice_bd_trough_ball_eject_failed'====== Args={'target': <ball_device.bd_plunger>, 'balls': 1, 'retry': True, 'num_attempts': 17}
2025-10-24 23:43:50,653 : INFO : ball_device.bd_trough : State: waiting_for_target_ready
2025-10-24 23:43:50,654 : INFO : EventManager : Event: ======'balldevice_bd_trough_ball_eject_attempt'====== Args={'balls': 1, 'target': <ball_device.bd_plunger>, 'source': <ball_device.bd_trough>, 'mechanical_eject': True, 'num_attempts': 17}
2025-10-24 23:43:50,654 : INFO : ball_device.bd_trough : State: ejecting
2025-10-24 23:43:50,655 : INFO : ball_device.bd_trough : Ejecting ball to <ball_device.bd_plunger>
2025-10-24 23:43:50,655 : INFO : EventManager : Event: ======'balldevice_bd_trough_ejecting_ball'====== Args={'balls': 1, 'target': <ball_device.bd_plunger>, 'source': <ball_device.bd_trough>, 'mechanical_eject': True, 'num_attempts': 17}
2025-10-24 23:43:50,655 : INFO : ball_device.bd_trough : Wait for ball to leave device
2025-10-24 23:43:50,656 : INFO : coil.c_trough_eject : Pulsing Driver for 10ms (0.75 pulse_power)
2025-10-24 23:43:53,653 : INFO : EventManager : Event: ======'balldevice_bd_trough_ball_eject_failed'====== Args={'target': <ball_device.bd_plunger>, 'balls': 1, 'retry': True, 'num_attempts': 18}
2025-10-24 23:43:53,654 : INFO : ball_device.bd_trough : State: waiting_for_target_ready
2025-10-24 23:43:53,655 : INFO : EventManager : Event: ======'balldevice_bd_trough_ball_eject_attempt'====== Args={'balls': 1, 'target': <ball_device.bd_plunger>, 'source': <ball_device.bd_trough>, 'mechanical_eject': True, 'num_attempts': 18}
2025-10-24 23:43:53,656 : INFO : ball_device.bd_trough : State: ejecting
2025-10-24 23:43:53,656 : INFO : ball_device.bd_trough : Ejecting ball to <ball_device.bd_plunger>
2025-10-24 23:43:53,656 : INFO : EventManager : Event: ======'balldevice_bd_trough_ejecting_ball'====== Args={'balls': 1, 'target': <ball_device.bd_plunger>, 'source': <ball_device.bd_trough>, 'mechanical_eject': True, 'num_attempts': 18}
2025-10-24 23:43:53,657 : INFO : ball_device.bd_trough : Wait for ball to leave device
2025-10-24 23:43:53,657 : INFO : coil.c_trough_eject : Pulsing Driver for 10ms (0.75 pulse_power)
2025-10-24 23:43:56,665 : INFO : EventManager : Event: ======'balldevice_bd_trough_ball_eject_failed'====== Args={'target': <ball_device.bd_plunger>, 'balls': 1, 'retry': True, 'num_attempts': 19}
2025-10-24 23:43:56,666 : INFO : ball_device.bd_trough : State: waiting_for_target_ready
2025-10-24 23:43:56,667 : INFO : EventManager : Event: ======'balldevice_bd_trough_ball_eject_attempt'====== Args={'balls': 1, 'target': <ball_device.bd_plunger>, 'source': <ball_device.bd_trough>, 'mechanical_eject': True, 'num_attempts': 19}
2025-10-24 23:43:56,667 : INFO : ball_device.bd_trough : State: ejecting
2025-10-24 23:43:56,668 : INFO : ball_device.bd_trough : Ejecting ball to <ball_device.bd_plunger>
2025-10-24 23:43:56,668 : INFO : EventManager : Event: ======'balldevice_bd_trough_ejecting_ball'====== Args={'balls': 1, 'target': <ball_device.bd_plunger>, 'source': <ball_device.bd_trough>, 'mechanical_eject': True, 'num_attempts': 19}
2025-10-24 23:43:56,668 : INFO : ball_device.bd_trough : Wait for ball to leave device
2025-10-24 23:43:56,669 : INFO : coil.c_trough_eject : Pulsing Driver for 10ms (0.75 pulse_power)
2025-10-24 23:43:59,646 : INFO : EventManager : Event: ======'balldevice_bd_trough_ball_eject_failed'====== Args={'target': <ball_device.bd_plunger>, 'balls': 1, 'retry': True, 'num_attempts': 20}
2025-10-24 23:43:59,647 : INFO : ball_device.bd_trough : State: waiting_for_target_ready
2025-10-24 23:43:59,647 : INFO : EventManager : Event: ======'balldevice_bd_trough_ball_eject_attempt'====== Args={'balls': 1, 'target': <ball_device.bd_plunger>, 'source': <ball_device.bd_trough>, 'mechanical_eject': True, 'num_attempts': 20}
2025-10-24 23:43:59,648 : INFO : ball_device.bd_trough : State: ejecting
2025-10-24 23:43:59,648 : INFO : ball_device.bd_trough : Ejecting ball to <ball_device.bd_plunger>
2025-10-24 23:43:59,648 : INFO : EventManager : Event: ======'balldevice_bd_trough_ejecting_ball'====== Args={'balls': 1, 'target': <ball_device.bd_plunger>, 'source': <ball_device.bd_trough>, 'mechanical_eject': True, 'num_attempts': 20}
2025-10-24 23:43:59,650 : INFO : ball_device.bd_trough : Wait for ball to leave device
2025-10-24 23:43:59,651 : INFO : coil.c_trough_eject : Pulsing Driver for 10ms (0.75 pulse_power)
2025-10-24 23:44:02,649 : INFO : EventManager : Event: ======'balldevice_bd_trough_ball_eject_failed'====== Args={'target': <ball_device.bd_plunger>, 'balls': 1, 'retry': True, 'num_attempts': 21}
2025-10-24 23:44:02,650 : INFO : ball_device.bd_trough : State: waiting_for_target_ready
2025-10-24 23:44:02,650 : INFO : EventManager : Event: ======'balldevice_bd_trough_ball_eject_attempt'====== Args={'balls': 1, 'target': <ball_device.bd_plunger>, 'source': <ball_device.bd_trough>, 'mechanical_eject': True, 'num_attempts': 21}
2025-10-24 23:44:02,651 : INFO : ball_device.bd_trough : State: ejecting
2025-10-24 23:44:02,651 : INFO : ball_device.bd_trough : Ejecting ball to <ball_device.bd_plunger>
2025-10-24 23:44:02,651 : INFO : EventManager : Event: ======'balldevice_bd_trough_ejecting_ball'====== Args={'balls': 1, 'target': <ball_device.bd_plunger>, 'source': <ball_device.bd_trough>, 'mechanical_eject': True, 'num_attempts': 21}
2025-10-24 23:44:02,651 : INFO : ball_device.bd_trough : Wait for ball to leave device
2025-10-24 23:44:02,653 : INFO : coil.c_trough_eject : Pulsing Driver for 10ms (0.75 pulse_power)
2025-10-24 23:44:05,655 : INFO : EventManager : Event: ======'balldevice_bd_trough_ball_eject_failed'====== Args={'target': <ball_device.bd_plunger>, 'balls': 1, 'retry': True, 'num_attempts': 22}
2025-10-24 23:44:05,656 : INFO : ball_device.bd_trough : State: waiting_for_target_ready
2025-10-24 23:44:05,656 : INFO : EventManager : Event: ======'balldevice_bd_trough_ball_eject_attempt'====== Args={'balls': 1, 'target': <ball_device.bd_plunger>, 'source': <ball_device.bd_trough>, 'mechanical_eject': True, 'num_attempts': 22}
2025-10-24 23:44:05,657 : INFO : ball_device.bd_trough : State: ejecting
2025-10-24 23:44:05,657 : INFO : ball_device.bd_trough : Ejecting ball to <ball_device.bd_plunger>
2025-10-24 23:44:05,657 : INFO : EventManager : Event: ======'balldevice_bd_trough_ejecting_ball'====== Args={'balls': 1, 'target': <ball_device.bd_plunger>, 'source': <ball_device.bd_trough>, 'mechanical_eject': True, 'num_attempts': 22}
2025-10-24 23:44:05,658 : INFO : ball_device.bd_trough : Wait for ball to leave device
2025-10-24 23:44:05,660 : INFO : coil.c_trough_eject : Pulsing Driver for 10ms (0.75 pulse_power)
2025-10-24 23:44:08,660 : INFO : EventManager : Event: ======'balldevice_bd_trough_ball_eject_failed'====== Args={'target': <ball_device.bd_plunger>, 'balls': 1, 'retry': True, 'num_attempts': 23}
2025-10-24 23:44:08,661 : INFO : ball_device.bd_trough : State: waiting_for_target_ready
2025-10-24 23:44:08,661 : INFO : EventManager : Event: ======'balldevice_bd_trough_ball_eject_attempt'====== Args={'balls': 1, 'target': <ball_device.bd_plunger>, 'source': <ball_device.bd_trough>, 'mechanical_eject': True, 'num_attempts': 23}
2025-10-24 23:44:08,661 : INFO : ball_device.bd_trough : State: ejecting
2025-10-24 23:44:08,662 : INFO : ball_device.bd_trough : Ejecting ball to <ball_device.bd_plunger>
2025-10-24 23:44:08,662 : INFO : EventManager : Event: ======'balldevice_bd_trough_ejecting_ball'====== Args={'balls': 1, 'target': <ball_device.bd_plunger>, 'source': <ball_device.bd_trough>, 'mechanical_eject': True, 'num_attempts': 23}
2025-10-24 23:44:08,662 : INFO : ball_device.bd_trough : Wait for ball to leave device
2025-10-24 23:44:08,662 : INFO : coil.c_trough_eject : Pulsing Driver for 10ms (0.75 pulse_power)
2025-10-24 23:44:11,668 : INFO : EventManager : Event: ======'balldevice_bd_trough_ball_eject_failed'====== Args={'target': <ball_device.bd_plunger>, 'balls': 1, 'retry': True, 'num_attempts': 24}
2025-10-24 23:44:11,669 : INFO : ball_device.bd_trough : State: waiting_for_target_ready
2025-10-24 23:44:11,670 : INFO : EventManager : Event: ======'balldevice_bd_trough_ball_eject_attempt'====== Args={'balls': 1, 'target': <ball_device.bd_plunger>, 'source': <ball_device.bd_trough>, 'mechanical_eject': True, 'num_attempts': 24}
2025-10-24 23:44:11,671 : INFO : ball_device.bd_trough : State: ejecting
2025-10-24 23:44:11,671 : INFO : ball_device.bd_trough : Ejecting ball to <ball_device.bd_plunger>
2025-10-24 23:44:11,671 : INFO : EventManager : Event: ======'balldevice_bd_trough_ejecting_ball'====== Args={'balls': 1, 'target': <ball_device.bd_plunger>, 'source': <ball_device.bd_trough>, 'mechanical_eject': True, 'num_attempts': 24}
2025-10-24 23:44:11,673 : INFO : ball_device.bd_trough : Wait for ball to leave device
2025-10-24 23:44:11,673 : INFO : coil.c_trough_eject : Pulsing Driver for 10ms (0.75 pulse_power)
2025-10-24 23:44:14,643 : INFO : EventManager : Event: ======'balldevice_bd_trough_ball_eject_failed'====== Args={'target': <ball_device.bd_plunger>, 'balls': 1, 'retry': True, 'num_attempts': 25}
2025-10-24 23:44:14,643 : INFO : ball_device.bd_trough : State: waiting_for_target_ready
2025-10-24 23:44:14,645 : INFO : EventManager : Event: ======'balldevice_bd_trough_ball_eject_attempt'====== Args={'balls': 1, 'target': <ball_device.bd_plunger>, 'source': <ball_device.bd_trough>, 'mechanical_eject': True, 'num_attempts': 25}
2025-10-24 23:44:14,645 : INFO : ball_device.bd_trough : State: ejecting
2025-10-24 23:44:14,646 : INFO : ball_device.bd_trough : Ejecting ball to <ball_device.bd_plunger>
2025-10-24 23:44:14,646 : INFO : EventManager : Event: ======'balldevice_bd_trough_ejecting_ball'====== Args={'balls': 1, 'target': <ball_device.bd_plunger>, 'source': <ball_device.bd_trough>, 'mechanical_eject': True, 'num_attempts': 25}
2025-10-24 23:44:14,646 : INFO : ball_device.bd_trough : Wait for ball to leave device
2025-10-24 23:44:14,647 : INFO : coil.c_trough_eject : Pulsing Driver for 10ms (0.75 pulse_power)
2025-10-24 23:44:17,673 : INFO : EventManager : Event: ======'balldevice_bd_trough_ball_eject_failed'====== Args={'target': <ball_device.bd_plunger>, 'balls': 1, 'retry': True, 'num_attempts': 26}
2025-10-24 23:44:17,675 : INFO : ball_device.bd_trough : State: waiting_for_target_ready
2025-10-24 23:44:17,675 : INFO : EventManager : Event: ======'balldevice_bd_trough_ball_eject_attempt'====== Args={'balls': 1, 'target': <ball_device.bd_plunger>, 'source': <ball_device.bd_trough>, 'mechanical_eject': True, 'num_attempts': 26}
2025-10-24 23:44:17,676 : INFO : ball_device.bd_trough : State: ejecting
2025-10-24 23:44:17,676 : INFO : ball_device.bd_trough : Ejecting ball to <ball_device.bd_plunger>
2025-10-24 23:44:17,676 : INFO : EventManager : Event: ======'balldevice_bd_trough_ejecting_ball'====== Args={'balls': 1, 'target': <ball_device.bd_plunger>, 'source': <ball_device.bd_trough>, 'mechanical_eject': True, 'num_attempts': 26}
2025-10-24 23:44:17,677 : INFO : ball_device.bd_trough : Wait for ball to leave device
2025-10-24 23:44:17,677 : INFO : coil.c_trough_eject : Pulsing Driver for 10ms (0.75 pulse_power)
2025-10-24 23:44:20,692 : INFO : EventManager : Event: ======'balldevice_bd_trough_ball_eject_failed'====== Args={'target': <ball_device.bd_plunger>, 'balls': 1, 'retry': True, 'num_attempts': 27}
2025-10-24 23:44:20,693 : INFO : ball_device.bd_trough : State: waiting_for_target_ready
2025-10-24 23:44:20,693 : INFO : EventManager : Event: ======'balldevice_bd_trough_ball_eject_attempt'====== Args={'balls': 1, 'target': <ball_device.bd_plunger>, 'source': <ball_device.bd_trough>, 'mechanical_eject': True, 'num_attempts': 27}
2025-10-24 23:44:20,693 : INFO : ball_device.bd_trough : State: ejecting
2025-10-24 23:44:20,693 : INFO : ball_device.bd_trough : Ejecting ball to <ball_device.bd_plunger>
2025-10-24 23:44:20,693 : INFO : EventManager : Event: ======'balldevice_bd_trough_ejecting_ball'====== Args={'balls': 1, 'target': <ball_device.bd_plunger>, 'source': <ball_device.bd_trough>, 'mechanical_eject': True, 'num_attempts': 27}
2025-10-24 23:44:20,695 : INFO : ball_device.bd_trough : Wait for ball to leave device
2025-10-24 23:44:20,695 : INFO : coil.c_trough_eject : Pulsing Driver for 10ms (0.75 pulse_power)
2025-10-24 23:44:23,701 : INFO : EventManager : Event: ======'balldevice_bd_trough_ball_eject_failed'====== Args={'target': <ball_device.bd_plunger>, 'balls': 1, 'retry': True, 'num_attempts': 28}
2025-10-24 23:44:23,702 : INFO : ball_device.bd_trough : State: waiting_for_target_ready
2025-10-24 23:44:23,703 : INFO : EventManager : Event: ======'balldevice_bd_trough_ball_eject_attempt'====== Args={'balls': 1, 'target': <ball_device.bd_plunger>, 'source': <ball_device.bd_trough>, 'mechanical_eject': True, 'num_attempts': 28}
2025-10-24 23:44:23,703 : INFO : ball_device.bd_trough : State: ejecting
2025-10-24 23:44:23,703 : INFO : ball_device.bd_trough : Ejecting ball to <ball_device.bd_plunger>
2025-10-24 23:44:23,703 : INFO : EventManager : Event: ======'balldevice_bd_trough_ejecting_ball'====== Args={'balls': 1, 'target': <ball_device.bd_plunger>, 'source': <ball_device.bd_trough>, 'mechanical_eject': True, 'num_attempts': 28}
2025-10-24 23:44:23,705 : INFO : ball_device.bd_trough : Wait for ball to leave device
2025-10-24 23:44:23,705 : INFO : coil.c_trough_eject : Pulsing Driver for 10ms (0.75 pulse_power)
2025-10-24 23:44:26,710 : INFO : EventManager : Event: ======'balldevice_bd_trough_ball_eject_failed'====== Args={'target': <ball_device.bd_plunger>, 'balls': 1, 'retry': True, 'num_attempts': 29}
2025-10-24 23:44:26,711 : INFO : ball_device.bd_trough : State: waiting_for_target_ready
2025-10-24 23:44:26,712 : INFO : EventManager : Event: ======'balldevice_bd_trough_ball_eject_attempt'====== Args={'balls': 1, 'target': <ball_device.bd_plunger>, 'source': <ball_device.bd_trough>, 'mechanical_eject': True, 'num_attempts': 29}
2025-10-24 23:44:26,712 : INFO : ball_device.bd_trough : State: ejecting
2025-10-24 23:44:26,713 : INFO : ball_device.bd_trough : Ejecting ball to <ball_device.bd_plunger>
2025-10-24 23:44:26,713 : INFO : EventManager : Event: ======'balldevice_bd_trough_ejecting_ball'====== Args={'balls': 1, 'target': <ball_device.bd_plunger>, 'source': <ball_device.bd_trough>, 'mechanical_eject': True, 'num_attempts': 29}
2025-10-24 23:44:26,714 : INFO : ball_device.bd_trough : Wait for ball to leave device
2025-10-24 23:44:26,715 : INFO : coil.c_trough_eject : Pulsing Driver for 10ms (0.75 pulse_power)
2025-10-24 23:44:29,713 : INFO : EventManager : Event: ======'balldevice_bd_trough_ball_eject_failed'====== Args={'target': <ball_device.bd_plunger>, 'balls': 1, 'retry': True, 'num_attempts': 30}
2025-10-24 23:44:29,715 : INFO : ball_device.bd_trough : State: waiting_for_target_ready
2025-10-24 23:44:29,716 : INFO : EventManager : Event: ======'balldevice_bd_trough_ball_eject_attempt'====== Args={'balls': 1, 'target': <ball_device.bd_plunger>, 'source': <ball_device.bd_trough>, 'mechanical_eject': True, 'num_attempts': 30}
2025-10-24 23:44:29,717 : INFO : ball_device.bd_trough : State: ejecting
2025-10-24 23:44:29,718 : INFO : ball_device.bd_trough : Ejecting ball to <ball_device.bd_plunger>
2025-10-24 23:44:29,718 : INFO : EventManager : Event: ======'balldevice_bd_trough_ejecting_ball'====== Args={'balls': 1, 'target': <ball_device.bd_plunger>, 'source': <ball_device.bd_trough>, 'mechanical_eject': True, 'num_attempts': 30}
2025-10-24 23:44:29,719 : INFO : ball_device.bd_trough : Wait for ball to leave device
2025-10-24 23:44:29,720 : INFO : coil.c_trough_eject : Pulsing Driver for 10ms (0.75 pulse_power)
2025-10-24 23:44:32,719 : INFO : EventManager : Event: ======'balldevice_bd_trough_ball_eject_failed'====== Args={'target': <ball_device.bd_plunger>, 'balls': 1, 'retry': True, 'num_attempts': 31}
2025-10-24 23:44:32,720 : INFO : ball_device.bd_trough : State: waiting_for_target_ready
2025-10-24 23:44:32,721 : INFO : EventManager : Event: ======'balldevice_bd_trough_ball_eject_attempt'====== Args={'balls': 1, 'target': <ball_device.bd_plunger>, 'source': <ball_device.bd_trough>, 'mechanical_eject': True, 'num_attempts': 31}
2025-10-24 23:44:32,721 : INFO : ball_device.bd_trough : State: ejecting
2025-10-24 23:44:32,722 : INFO : ball_device.bd_trough : Ejecting ball to <ball_device.bd_plunger>
2025-10-24 23:44:32,722 : INFO : EventManager : Event: ======'balldevice_bd_trough_ejecting_ball'====== Args={'balls': 1, 'target': <ball_device.bd_plunger>, 'source': <ball_device.bd_trough>, 'mechanical_eject': True, 'num_attempts': 31}
2025-10-24 23:44:32,723 : INFO : ball_device.bd_trough : Wait for ball to leave device
2025-10-24 23:44:32,723 : INFO : coil.c_trough_eject : Pulsing Driver for 10ms (0.75 pulse_power)
2025-10-24 23:44:35,726 : INFO : EventManager : Event: ======'balldevice_bd_trough_ball_eject_failed'====== Args={'target': <ball_device.bd_plunger>, 'balls': 1, 'retry': True, 'num_attempts': 32}
2025-10-24 23:44:35,727 : INFO : ball_device.bd_trough : State: waiting_for_target_ready
2025-10-24 23:44:35,728 : INFO : EventManager : Event: ======'balldevice_bd_trough_ball_eject_attempt'====== Args={'balls': 1, 'target': <ball_device.bd_plunger>, 'source': <ball_device.bd_trough>, 'mechanical_eject': True, 'num_attempts': 32}
2025-10-24 23:44:35,728 : INFO : ball_device.bd_trough : State: ejecting
2025-10-24 23:44:35,729 : INFO : ball_device.bd_trough : Ejecting ball to <ball_device.bd_plunger>
2025-10-24 23:44:35,729 : INFO : EventManager : Event: ======'balldevice_bd_trough_ejecting_ball'====== Args={'balls': 1, 'target': <ball_device.bd_plunger>, 'source': <ball_device.bd_trough>, 'mechanical_eject': True, 'num_attempts': 32}
2025-10-24 23:44:35,729 : INFO : ball_device.bd_trough : Wait for ball to leave device
2025-10-24 23:44:35,730 : INFO : coil.c_trough_eject : Pulsing Driver for 10ms (0.75 pulse_power)
2025-10-24 23:44:38,198 : INFO : Machine : Shutting down...
2025-10-24 23:44:38,198 : INFO : EventManager : Event: ======'shutdown'====== Args={}
2025-10-24 23:44:38,200 : INFO : EventManager : Event: ======'mode_game_will_stop'====== Args={}
2025-10-24 23:44:38,200 : INFO : EventManager : Event: ======'mode_game_stopping'====== Args={}
2025-10-24 23:44:38,201 : INFO : EventManager : Event: ======'mode_pilot_mission_qualifier_will_stop'====== Args={}
2025-10-24 23:44:38,201 : INFO : EventManager : Event: ======'mode_pilot_mission_qualifier_stopping'====== Args={}
2025-10-24 23:44:38,201 : INFO : EventManager : Event: ======'mode_base_will_stop'====== Args={}
2025-10-24 23:44:38,201 : INFO : EventManager : Event: ======'mode_base_stopping'====== Args={}
2025-10-24 23:44:38,202 : INFO : EventManager : Event: ======'mode_bumpers_will_stop'====== Args={}
2025-10-24 23:44:38,202 : INFO : EventManager : Event: ======'mode_bumpers_stopping'====== Args={}
2025-10-24 23:44:38,202 : INFO : EventManager : Event: ======'stop_mode_bumpers'====== Args={'priority': 0}
2025-10-24 23:44:38,202 : INFO : Mode.bumpers : Stopped.
2025-10-24 23:44:38,202 : INFO : EventManager : Event: ======'modes_active_modes_changed'====== Args={}
2025-10-24 23:44:38,202 : INFO : EventManager : Event: ======'mode_bumpers_stopped'====== Args={}
2025-10-24 23:44:38,202 : INFO : EventManager : Event: ======'clear'====== Args={'key': 'bumpers'}
2025-10-24 23:44:38,204 : INFO : Mode.base : Stopped.
2025-10-24 23:44:38,204 : INFO : EventManager : Event: ======'modes_active_modes_changed'====== Args={}
2025-10-24 23:44:38,204 : INFO : EventManager : Event: ======'mode_base_stopped'====== Args={}
2025-10-24 23:44:38,204 : INFO : EventManager : Event: ======'clear'====== Args={'key': 'base'}
2025-10-24 23:44:38,204 : INFO : Mode.pilot_mission_qualifier : Stopped.
2025-10-24 23:44:38,204 : INFO : EventManager : Event: ======'modes_active_modes_changed'====== Args={}
2025-10-24 23:44:38,205 : INFO : EventManager : Event: ======'mode_pilot_mission_qualifier_stopped'====== Args={}
2025-10-24 23:44:38,205 : INFO : EventManager : Event: ======'clear'====== Args={'key': 'pilot_mission_qualifier'}
2025-10-24 23:44:38,205 : INFO : Mode.game : Stopped.
2025-10-24 23:44:38,205 : INFO : EventManager : Event: ======'modes_active_modes_changed'====== Args={}
2025-10-24 23:44:38,205 : INFO : EventManager : Event: ======'mode_game_stopped'====== Args={}
2025-10-24 23:44:38,205 : INFO : EventManager : Event: ======'clear'====== Args={'key': 'game'}
2025-10-24 23:44:38,210 : INFO : root : MPF run loop ended.
