2025-11-14 16:25:43,448 : INFO : root : Loading config.
2025-11-14 16:25:43,452 : INFO : YamlMultifileConfigLoader : Machine config file #1: config.yaml
2025-11-14 16:25:43,452 : INFO : ConfigProcessor : Loading config from cache: C:\Users\White\AppData\Local\Temp\4d2409115979d2066280cf8a522910f3.mpf_cache
2025-11-14 16:25:43,454 : WARNING : ConfigProcessor : Config file in cache changed: C:\Users\White\documents\Top_Gun_Pinball\config\config_switches.yaml
2025-11-14 16:25:43,454 : INFO : ConfigProcessor : Loading config from file C:\Users\White\mpf\Lib\site-packages\mpf\mpfconfig.yaml.
2025-11-14 16:25:43,479 : INFO : ConfigProcessor : Loading config: C:\Users\White\mpf\Lib\site-packages\mpf\mpfconfig.yaml
2025-11-14 16:25:43,479 : INFO : ConfigProcessor : Loading config from file C:\Users\White\documents\Top_Gun_Pinball\config\config.yaml.
2025-11-14 16:25:43,494 : INFO : ConfigProcessor : Loading config: C:\Users\White\documents\Top_Gun_Pinball\config\config.yaml
2025-11-14 16:25:43,505 : INFO : ConfigProcessor : Loading config: C:\Users\White\documents\Top_Gun_Pinball\config\config_autofire_coils.yaml
2025-11-14 16:25:43,517 : INFO : ConfigProcessor : Loading config: C:\Users\White\documents\Top_Gun_Pinball\config\config_ball_devices.yaml
2025-11-14 16:25:43,538 : INFO : ConfigProcessor : Loading config: C:\Users\White\documents\Top_Gun_Pinball\config\config_coils.yaml
2025-11-14 16:25:43,549 : INFO : ConfigProcessor : Loading config: C:\Users\White\documents\Top_Gun_Pinball\config\config_flippers.yaml
2025-11-14 16:25:43,565 : INFO : ConfigProcessor : Loading config: C:\Users\White\documents\Top_Gun_Pinball\config\config_hardware_fast.yaml
2025-11-14 16:25:43,586 : INFO : ConfigProcessor : Loading config: C:\Users\White\documents\Top_Gun_Pinball\config\config_lights.yaml
2025-11-14 16:25:43,595 : INFO : ConfigProcessor : Loading config: C:\Users\White\documents\Top_Gun_Pinball\config\config_switches.yaml
2025-11-14 16:25:43,607 : INFO : ConfigProcessor : Loading config: C:\Users\White\documents\Top_Gun_Pinball\config\variable_player.yaml
2025-11-14 16:25:43,619 : INFO : ConfigProcessor : Loading config: C:\Users\White\documents\Top_Gun_Pinball\config\config_videos.yaml
2025-11-14 16:25:43,624 : INFO : ConfigProcessor : Config file cache created: C:\Users\White\AppData\Local\Temp\4d2409115979d2066280cf8a522910f3.mpf_cache
2025-11-14 16:25:43,727 : INFO : ConfigProcessor : Loading config from cache: C:\Users\White\AppData\Local\Temp\e29f700f4dd412c341ced84fe54a834e.mpf_cache
2025-11-14 16:25:43,728 : INFO : ConfigProcessor : Loading config from cache: C:\Users\White\AppData\Local\Temp\91cc4d1c993c58dc354e34974b9cfeac.mpf_cache
2025-11-14 16:25:43,729 : INFO : ConfigProcessor : Loading config from cache: C:\Users\White\AppData\Local\Temp\153a6f35d2fbc89e8611fc222f5041e6.mpf_cache
2025-11-14 16:25:43,729 : INFO : ConfigProcessor : Loading config from cache: C:\Users\White\AppData\Local\Temp\e29f700f4dd412c341ced84fe54a834e.mpf_cache
2025-11-14 16:25:43,730 : WARNING : ConfigProcessor : Config file in cache changed: C:\Users\White\documents\Top_Gun_Pinball\modes\base\config\base.yaml
2025-11-14 16:25:43,730 : INFO : ConfigProcessor : Loading config from file C:\Users\White\documents\Top_Gun_Pinball\modes\base\config\base.yaml.
2025-11-14 16:25:43,741 : INFO : ConfigProcessor : Loading config: C:\Users\White\documents\Top_Gun_Pinball\modes\base\config\base.yaml
2025-11-14 16:25:43,742 : INFO : ConfigProcessor : Config file cache created: C:\Users\White\AppData\Local\Temp\3424101e418333c494b4f7abb38a6bbc.mpf_cache
2025-11-14 16:25:43,743 : INFO : ConfigProcessor : Loading config from cache: C:\Users\White\AppData\Local\Temp\515c33aaf7882d3e576ea3c42b7bfe2a.mpf_cache
2025-11-14 16:25:43,743 : INFO : ConfigProcessor : Loading config from cache: C:\Users\White\AppData\Local\Temp\928267ba5ce09cfb7bef110abe29482e.mpf_cache
2025-11-14 16:25:43,744 : INFO : ConfigProcessor : Loading config from cache: C:\Users\White\AppData\Local\Temp\143f2aa6ea6c447c37835b1fcf1e2392.mpf_cache
2025-11-14 16:25:43,744 : INFO : ConfigProcessor : Loading config from cache: C:\Users\White\AppData\Local\Temp\32a647433343f2a8dbd97369798bc91c.mpf_cache
2025-11-14 16:25:43,745 : INFO : ConfigProcessor : Loading config from cache: C:\Users\White\AppData\Local\Temp\fcd858616785c392a2718eef83d6bdec.mpf_cache
2025-11-14 16:25:43,747 : INFO : ConfigProcessor : Loading config from cache: C:\Users\White\AppData\Local\Temp\bc528c0552a0292e8ecb958c9df9be52.mpf_cache
2025-11-14 16:25:43,748 : INFO : ConfigProcessor : Loading config from cache: C:\Users\White\AppData\Local\Temp\079d5d4f78adbdc9511df3472695879d.mpf_cache
2025-11-14 16:25:43,749 : WARNING : ConfigProcessor : Config file in cache changed: C:\Users\White\documents\Top_Gun_Pinball\modes\rise_of_phoenix\config\rise_of_phoenix.yaml
2025-11-14 16:25:43,749 : INFO : ConfigProcessor : Loading config from file C:\Users\White\documents\Top_Gun_Pinball\modes\rise_of_phoenix\config\rise_of_phoenix.yaml.
