2025-10-29 22:54:30,486 : INFO : root : Loading config.
2025-10-29 22:54:30,490 : INFO : YamlMultifileConfigLoader : Machine config file #1: config.yaml
2025-10-29 22:54:30,491 : INFO : ConfigProcessor : Loading config from cache: C:\Users\White\AppData\Local\Temp\4d2409115979d2066280cf8a522910f3.mpf_cache
2025-10-29 22:54:30,596 : INFO : ConfigProcessor : Loading config from cache: C:\Users\White\AppData\Local\Temp\e29f700f4dd412c341ced84fe54a834e.mpf_cache
2025-10-29 22:54:30,597 : INFO : ConfigProcessor : Loading config from cache: C:\Users\White\AppData\Local\Temp\91cc4d1c993c58dc354e34974b9cfeac.mpf_cache
2025-10-29 22:54:30,598 : INFO : ConfigProcessor : Loading config from cache: C:\Users\White\AppData\Local\Temp\e29f700f4dd412c341ced84fe54a834e.mpf_cache
2025-10-29 22:54:30,599 : INFO : ConfigProcessor : Loading config from cache: C:\Users\White\AppData\Local\Temp\3424101e418333c494b4f7abb38a6bbc.mpf_cache
2025-10-29 22:54:30,599 : INFO : ConfigProcessor : Loading config from cache: C:\Users\White\AppData\Local\Temp\928267ba5ce09cfb7bef110abe29482e.mpf_cache
2025-10-29 22:54:30,600 : INFO : ConfigProcessor : Loading config from cache: C:\Users\White\AppData\Local\Temp\143f2aa6ea6c447c37835b1fcf1e2392.mpf_cache
2025-10-29 22:54:30,600 : INFO : ConfigProcessor : Loading config from cache: C:\Users\White\AppData\Local\Temp\fcd858616785c392a2718eef83d6bdec.mpf_cache
2025-10-29 22:54:30,601 : INFO : ConfigProcessor : Loading config from cache: C:\Users\White\AppData\Local\Temp\cbf9c95ed33e797787d40a3c26fb1f29.mpf_cache
2025-10-29 22:54:30,601 : INFO : ConfigProcessor : Loading config from cache: C:\Users\White\AppData\Local\Temp\0f477732e86fa3539be0c16808cbc3a4.mpf_cache
2025-10-29 22:54:30,604 : INFO : ConfigProcessor : Loading config from cache: C:\Users\White\AppData\Local\Temp\5252be9889d0ea92e9251ccb139bb96e.mpf_cache
2025-10-29 22:54:30,607 : INFO : ConfigProcessor : Loading config from cache: C:\Users\White\AppData\Local\Temp\bbd12103fd66360c81da95fa3b5d5cac.mpf_cache
2025-10-29 22:54:30,609 : INFO : ConfigProcessor : Loading config from cache: C:\Users\White\AppData\Local\Temp\aecbb0084a39aaddc8e1af6d86d05e57.mpf_cache
2025-10-29 22:54:30,611 : INFO : ConfigProcessor : Loading config from cache: C:\Users\White\AppData\Local\Temp\a64c515fc9f6d1ba4d043d8acedc61d8.mpf_cache
2025-10-29 22:54:30,612 : INFO : ConfigProcessor : Loading config from cache: C:\Users\White\AppData\Local\Temp\157e473ad106aaf7621d4ff67f908349.mpf_cache
2025-10-29 22:54:30,615 : INFO : ConfigProcessor : Loading config from cache: C:\Users\White\AppData\Local\Temp\b42daedb456e388e83b54e0791e694a7.mpf_cache
2025-10-29 22:54:30,616 : INFO : ConfigProcessor : Loading config from cache: C:\Users\White\AppData\Local\Temp\faf1d2b55b8b754be547ffd9950d5977.mpf_cache
2025-10-29 22:54:30,617 : INFO : ConfigProcessor : Loading config from cache: C:\Users\White\AppData\Local\Temp\881befc175503515b6a677d4b92fd8f6.mpf_cache
2025-10-29 22:54:30,621 : INFO : ConfigProcessor : Loading config from cache: C:\Users\White\AppData\Local\Temp\e02fdb456b236b981c3cd16c62d08cdd.mpf_cache
2025-10-29 22:54:30,623 : INFO : ConfigProcessor : Loading config from cache: C:\Users\White\AppData\Local\Temp\60f49b772835308c8a63a813f3984bd2.mpf_cache
2025-10-29 22:54:30,624 : INFO : ConfigProcessor : Loading config from cache: C:\Users\White\AppData\Local\Temp\b44eabe64ef7d1af51d3871ffce6e8a0.mpf_cache
2025-10-29 22:54:30,625 : INFO : ConfigProcessor : Loading config from cache: C:\Users\White\AppData\Local\Temp\79c411a388f93dc9361da8ba68c71f8b.mpf_cache
2025-10-29 22:54:30,627 : INFO : ConfigProcessor : Loading config from cache: C:\Users\White\AppData\Local\Temp\a2e6743439269288443fc316af74c4e3.mpf_cache
2025-10-29 22:54:30,627 : INFO : ConfigProcessor : Loading config from cache: C:\Users\White\AppData\Local\Temp\806e2c11867b05313045539710e5cf3e.mpf_cache
2025-10-29 22:54:30,628 : INFO : ConfigProcessor : Loading config from cache: C:\Users\White\AppData\Local\Temp\d4cc51f9996852dab0efd4baeb323b9c.mpf_cache
2025-10-29 22:54:30,629 : INFO : Machine : Mission Pinball Framework Core Engine v0.80.0.dev9
2025-10-29 22:54:30,629 : INFO : Machine : Command line arguments: {'no_load_cache': False, 'create_config_cache': True, 'bcp': True, 'configfile': ['config.yaml'], 'force_assets_load': False, 'platform_integration_test': False, 'jsonlogging': False, 'logfile': 'logs\\2025-10-29-22-54-30-mpf-TopGunPinball.log', 'pause': False, 'production': False, 'text_ui': False, 'loglevel': 15, 'consoleloglevel': 20, 'force_platform': 'virtual', 'syslog_address': None, 'full_logfile_path': 'C:\\Users\\White\\documents\\Top_Gun_Pinball\\logs\\2025-10-29-22-54-30-mpf-TopGunPinball.log'}
2025-10-29 22:54:30,629 : INFO : Machine : MPF path: C:\Users\White\mpf\Lib\site-packages\mpf
2025-10-29 22:54:30,629 : INFO : Machine : Machine path: C:\Users\White\documents\Top_Gun_Pinball
2025-10-29 22:54:30,629 : INFO : Machine : Platform: win32
2025-10-29 22:54:30,629 : INFO : Machine : Python executable location: C:\Users\White\mpf\Scripts\python.exe
2025-10-29 22:54:30,629 : INFO : Machine : Python version: 3.12.7 (64-bit)
2025-10-29 22:54:30,632 : INFO : Machine : Initializing MPF...
2025-10-29 22:54:30,723 : INFO : EventManager : Event: ======'machine_var_credits_string'====== Args={'value': 'FREE PLAY', 'prev_value': None, 'change': True}
2025-10-29 22:54:30,751 : INFO : EventManager : Event: ======'machine_var_master_volume'====== Args={'value': 0.5, 'prev_value': None, 'change': True}
2025-10-29 22:54:30,751 : INFO : EventManager : Event: ======'machine_var_player1_score'====== Args={'value': 2229000, 'prev_value': None, 'change': True}
2025-10-29 22:54:30,751 : INFO : EventManager : Event: ======'machine_var_mpf_version'====== Args={'value': 'Mission Pinball Framework v0.80.0.dev9', 'prev_value': None, 'change': True}
2025-10-29 22:54:30,752 : INFO : EventManager : Event: ======'machine_var_mpf_extended_version'====== Args={'value': 'Mission Pinball Framework v0.80.0.dev9, Config version:6, Show version: 6, BCP version:1.1', 'prev_value': None, 'change': True}
2025-10-29 22:54:30,752 : INFO : EventManager : Event: ======'machine_var_python_version'====== Args={'value': '3.12.7', 'prev_value': None, 'change': True}
2025-10-29 22:54:30,846 : INFO : EventManager : Event: ======'machine_var_platform'====== Args={'value': 'Windows-11-10.0.26100-SP0', 'prev_value': None, 'change': True}
2025-10-29 22:54:30,846 : INFO : EventManager : Event: ======'machine_var_platform_system'====== Args={'value': 'Windows', 'prev_value': None, 'change': True}
2025-10-29 22:54:30,846 : INFO : EventManager : Event: ======'machine_var_platform_release'====== Args={'value': '11', 'prev_value': None, 'change': True}
2025-10-29 22:54:30,846 : INFO : EventManager : Event: ======'machine_var_platform_version'====== Args={'value': '10.0.26100', 'prev_value': None, 'change': True}
2025-10-29 22:54:30,846 : INFO : EventManager : Event: ======'machine_var_platform_machine'====== Args={'value': 'AMD64', 'prev_value': None, 'change': True}
2025-10-29 22:54:30,847 : INFO : EventManager : Event: ======'machine_var_log_file_path'====== Args={'value': 'C:\\Users\\White\\documents\\Top_Gun_Pinball\\logs\\2025-10-29-22-54-30-mpf-TopGunPinball.log', 'prev_value': None, 'change': True}
2025-10-29 22:54:30,847 : INFO : EventManager : Event: ======'init_phase_1'====== Args={}
2025-10-29 22:54:30,892 : INFO : EventManager : Event: ======'init_phase_2'====== Args={}
2025-10-29 22:54:30,892 : INFO : SwitchController : Found active switch: ('playfield_board_lower-3208-0', <Platform.Virtual>) <switch.s_trough_1>
2025-10-29 22:54:30,892 : INFO : SwitchController : Found active switch: ('playfield_board_lower-3208-1', <Platform.Virtual>) <switch.s_trough_2>
2025-10-29 22:54:30,892 : INFO : SwitchController : Found active switch: ('playfield_board_lower-3208-2', <Platform.Virtual>) <switch.s_trough_3>
2025-10-29 22:54:30,892 : INFO : SwitchController : Found active switch: ('playfield_board_lower-3208-3', <Platform.Virtual>) <switch.s_trough_4>
2025-10-29 22:54:30,892 : INFO : SwitchController : Found active switch: ('playfield_board_lower-3208-4', <Platform.Virtual>) <switch.s_trough_5>
2025-10-29 22:54:30,892 : INFO : SwitchController : Found active switch: ('playfield_board_lower-3208-5', <Platform.Virtual>) <switch.s_trough_6>
2025-10-29 22:54:30,914 : INFO : EventManager : Event: ======'bcp_connection_attempt'====== Args={'name': 'local_display', 'host': 'localhost', 'port': 5050}
2025-10-29 22:54:30,917 : INFO : BCPClientSocket : Connecting BCP to 'local_display' at localhost:5050...
2025-10-29 22:54:30,928 : INFO : BCPClientSocket : Connected BCP to 'local_display' localhost:5050
2025-10-29 22:54:30,929 : INFO : EventManager : Event: ======'bcp_clients_connected'====== Args={}
2025-10-29 22:54:30,929 : INFO : ball_device.bd_plunger : BCH: Initial count: 0
2025-10-29 22:54:30,929 : INFO : ball_device.bd_plunger : State: idle
2025-10-29 22:54:30,930 : INFO : ball_device.bd_trough : BCH: Initial count: 6
2025-10-29 22:54:30,930 : INFO : ball_device.bd_trough : State: idle
2025-10-29 22:54:30,930 : INFO : ball_device.bd_lock_elevator : BCH: Initial count: 0
2025-10-29 22:54:30,930 : INFO : ball_device.bd_lock_elevator : State: idle
2025-10-29 22:54:30,930 : INFO : ball_device.bd_mode_scoop : BCH: Initial count: 0
2025-10-29 22:54:30,930 : INFO : ball_device.bd_mode_scoop : State: idle
2025-10-29 22:54:30,957 : INFO : EventManager : Event: ======'init_phase_3'====== Args={}
2025-10-29 22:54:32,141 : INFO : EventManager : Event: ======'init_phase_4'====== Args={}
2025-10-29 22:54:32,142 : INFO : BallController : Initial balls found: 6
2025-10-29 22:54:32,143 : INFO : EventManager : Event: ======'machine_var_audits_events_game_ended'====== Args={'value': 2, 'prev_value': None, 'change': True}
2025-10-29 22:54:32,143 : INFO : EventManager : Event: ======'machine_var_audits_events_game_started'====== Args={'value': 309, 'prev_value': None, 'change': True}
2025-10-29 22:54:32,143 : INFO : EventManager : Event: ======'machine_var_audits_missing_switches_s_a_iceman_target'====== Args={'value': 27, 'prev_value': None, 'change': True}
2025-10-29 22:54:32,143 : INFO : EventManager : Event: ======'machine_var_audits_missing_switches_s_barrier_target'====== Args={'value': 57, 'prev_value': None, 'change': True}
2025-10-29 22:54:32,144 : INFO : EventManager : Event: ======'machine_var_audits_missing_switches_s_bumper_center'====== Args={'value': 4, 'prev_value': None, 'change': True}
2025-10-29 22:54:32,144 : INFO : EventManager : Event: ======'machine_var_audits_missing_switches_s_bumper_left'====== Args={'value': 4, 'prev_value': None, 'change': True}
2025-10-29 22:54:32,144 : INFO : EventManager : Event: ======'machine_var_audits_missing_switches_s_bumper_right'====== Args={'value': 4, 'prev_value': None, 'change': True}
2025-10-29 22:54:32,144 : INFO : EventManager : Event: ======'machine_var_audits_missing_switches_s_c_iceman_target'====== Args={'value': 143, 'prev_value': None, 'change': True}
2025-10-29 22:54:32,144 : INFO : EventManager : Event: ======'machine_var_audits_missing_switches_s_c_lock_target'====== Args={'value': 69, 'prev_value': None, 'change': True}
2025-10-29 22:54:32,144 : INFO : EventManager : Event: ======'machine_var_audits_missing_switches_s_coin_door'====== Args={'value': 196, 'prev_value': None, 'change': True}
2025-10-29 22:54:32,144 : INFO : EventManager : Event: ======'machine_var_audits_missing_switches_s_coin_door_credit_left'====== Args={'value': 103, 'prev_value': None, 'change': True}
2025-10-29 22:54:32,144 : INFO : EventManager : Event: ======'machine_var_audits_missing_switches_s_coin_door_credit_right'====== Args={'value': 103, 'prev_value': None, 'change': True}
2025-10-29 22:54:32,144 : INFO : EventManager : Event: ======'machine_var_audits_missing_switches_s_coin_door_service_1'====== Args={'value': 196, 'prev_value': None, 'change': True}
2025-10-29 22:54:32,144 : INFO : EventManager : Event: ======'machine_var_audits_missing_switches_s_coin_door_service_2'====== Args={'value': 196, 'prev_value': None, 'change': True}
2025-10-29 22:54:32,144 : INFO : EventManager : Event: ======'machine_var_audits_missing_switches_s_coin_door_service_3'====== Args={'value': 196, 'prev_value': None, 'change': True}
2025-10-29 22:54:32,144 : INFO : EventManager : Event: ======'machine_var_audits_missing_switches_s_coin_door_service_4'====== Args={'value': 196, 'prev_value': None, 'change': True}
2025-10-29 22:54:32,144 : INFO : EventManager : Event: ======'machine_var_audits_missing_switches_s_e_iceman_target'====== Args={'value': 38, 'prev_value': None, 'change': True}
2025-10-29 22:54:32,145 : INFO : EventManager : Event: ======'machine_var_audits_missing_switches_s_flight_gear_target'====== Args={'value': 4, 'prev_value': None, 'change': True}
2025-10-29 22:54:32,145 : INFO : EventManager : Event: ======'machine_var_audits_missing_switches_s_flipper_left'====== Args={'value': 254, 'prev_value': None, 'change': True}
2025-10-29 22:54:32,145 : INFO : EventManager : Event: ======'machine_var_audits_missing_switches_s_flipper_left_eos'====== Args={'value': 256, 'prev_value': None, 'change': True}
2025-10-29 22:54:32,145 : INFO : EventManager : Event: ======'machine_var_audits_missing_switches_s_flipper_left_upper'====== Args={'value': 258, 'prev_value': None, 'change': True}
2025-10-29 22:54:32,145 : INFO : EventManager : Event: ======'machine_var_audits_missing_switches_s_flipper_left_upper_eos'====== Args={'value': 256, 'prev_value': None, 'change': True}
2025-10-29 22:54:32,145 : INFO : EventManager : Event: ======'machine_var_audits_missing_switches_s_flipper_right'====== Args={'value': 192, 'prev_value': None, 'change': True}
2025-10-29 22:54:32,145 : INFO : EventManager : Event: ======'machine_var_audits_missing_switches_s_flipper_right_eos'====== Args={'value': 256, 'prev_value': None, 'change': True}
2025-10-29 22:54:32,145 : INFO : EventManager : Event: ======'machine_var_audits_missing_switches_s_i_iceman_target'====== Args={'value': 55, 'prev_value': None, 'change': True}
2025-10-29 22:54:32,145 : INFO : EventManager : Event: ======'machine_var_audits_missing_switches_s_inlane_left'====== Args={'value': 2, 'prev_value': None, 'change': True}
2025-10-29 22:54:32,145 : INFO : EventManager : Event: ======'machine_var_audits_missing_switches_s_inner_inlane_right'====== Args={'value': 2, 'prev_value': None, 'change': True}
2025-10-29 22:54:32,145 : INFO : EventManager : Event: ======'machine_var_audits_missing_switches_s_jam'====== Args={'value': 195, 'prev_value': None, 'change': True}
2025-10-29 22:54:32,145 : INFO : EventManager : Event: ======'machine_var_audits_missing_switches_s_k_lock_target'====== Args={'value': 193, 'prev_value': None, 'change': True}
2025-10-29 22:54:32,145 : INFO : EventManager : Event: ======'machine_var_audits_missing_switches_s_l_lock_target'====== Args={'value': 193, 'prev_value': None, 'change': True}
2025-10-29 22:54:32,146 : INFO : EventManager : Event: ======'machine_var_audits_missing_switches_s_lane_left'====== Args={'value': 4, 'prev_value': None, 'change': True}
2025-10-29 22:54:32,146 : INFO : EventManager : Event: ======'machine_var_audits_missing_switches_s_lane_right'====== Args={'value': 2, 'prev_value': None, 'change': True}
2025-10-29 22:54:32,146 : INFO : EventManager : Event: ======'machine_var_audits_missing_switches_s_lock_goose'====== Args={'value': 258, 'prev_value': None, 'change': True}
2025-10-29 22:54:32,146 : INFO : EventManager : Event: ======'machine_var_audits_missing_switches_s_lock_mav'====== Args={'value': 258, 'prev_value': None, 'change': True}
2025-10-29 22:54:32,146 : INFO : EventManager : Event: ======'machine_var_audits_missing_switches_s_lock_plunger'====== Args={'value': 92, 'prev_value': None, 'change': True}
2025-10-29 22:54:32,146 : INFO : EventManager : Event: ======'machine_var_audits_missing_switches_s_m_iceman_target'====== Args={'value': 9, 'prev_value': None, 'change': True}
2025-10-29 22:54:32,146 : INFO : EventManager : Event: ======'machine_var_audits_missing_switches_s_mig_lane_left'====== Args={'value': 11, 'prev_value': None, 'change': True}
2025-10-29 22:54:32,146 : INFO : EventManager : Event: ======'machine_var_audits_missing_switches_s_mig_lane_right'====== Args={'value': 93, 'prev_value': None, 'change': True}
2025-10-29 22:54:32,146 : INFO : EventManager : Event: ======'machine_var_audits_missing_switches_s_mode_start'====== Args={'value': 258, 'prev_value': None, 'change': True}
2025-10-29 22:54:32,146 : INFO : EventManager : Event: ======'machine_var_audits_missing_switches_s_n_iceman_target'====== Args={'value': 2, 'prev_value': None, 'change': True}
2025-10-29 22:54:32,146 : INFO : EventManager : Event: ======'machine_var_audits_missing_switches_s_o_lock_target'====== Args={'value': 193, 'prev_value': None, 'change': True}
2025-10-29 22:54:32,146 : INFO : EventManager : Event: ======'machine_var_audits_missing_switches_s_orbit_left'====== Args={'value': 4, 'prev_value': None, 'change': True}
2025-10-29 22:54:32,146 : INFO : EventManager : Event: ======'machine_var_audits_missing_switches_s_orbit_lower'====== Args={'value': 93, 'prev_value': None, 'change': True}
2025-10-29 22:54:32,146 : INFO : EventManager : Event: ======'machine_var_audits_missing_switches_s_orbit_right'====== Args={'value': 93, 'prev_value': None, 'change': True}
2025-10-29 22:54:32,147 : INFO : EventManager : Event: ======'machine_var_audits_missing_switches_s_orbit_upper'====== Args={'value': 50, 'prev_value': None, 'change': True}
2025-10-29 22:54:32,147 : INFO : EventManager : Event: ======'machine_var_audits_missing_switches_s_outer_inlane_right'====== Args={'value': 2, 'prev_value': None, 'change': True}
2025-10-29 22:54:32,147 : INFO : EventManager : Event: ======'machine_var_audits_missing_switches_s_outlane_left'====== Args={'value': 2, 'prev_value': None, 'change': True}
2025-10-29 22:54:32,147 : INFO : EventManager : Event: ======'machine_var_audits_missing_switches_s_outlane_right'====== Args={'value': 2, 'prev_value': None, 'change': True}
2025-10-29 22:54:32,147 : INFO : EventManager : Event: ======'machine_var_audits_missing_switches_s_plunger_lane'====== Args={'value': 10, 'prev_value': None, 'change': True}
2025-10-29 22:54:32,147 : INFO : EventManager : Event: ======'machine_var_audits_missing_switches_s_ramp_inner_exit'====== Args={'value': 4, 'prev_value': None, 'change': True}
2025-10-29 22:54:32,147 : INFO : EventManager : Event: ======'machine_var_audits_missing_switches_s_ramp_left_exit'====== Args={'value': 258, 'prev_value': None, 'change': True}
2025-10-29 22:54:32,147 : INFO : EventManager : Event: ======'machine_var_audits_missing_switches_s_ramp_right_exit'====== Args={'value': 50, 'prev_value': None, 'change': True}
2025-10-29 22:54:32,147 : INFO : EventManager : Event: ======'machine_var_audits_missing_switches_s_ramp_tower_exit'====== Args={'value': 50, 'prev_value': None, 'change': True}
2025-10-29 22:54:32,147 : INFO : EventManager : Event: ======'machine_var_audits_missing_switches_s_shooter_lane'====== Args={'value': 2, 'prev_value': None, 'change': True}
2025-10-29 22:54:32,147 : INFO : EventManager : Event: ======'machine_var_audits_missing_switches_s_slingshot_left'====== Args={'value': 193, 'prev_value': None, 'change': True}
2025-10-29 22:54:32,147 : INFO : EventManager : Event: ======'machine_var_audits_missing_switches_s_slingshot_right'====== Args={'value': 193, 'prev_value': None, 'change': True}
2025-10-29 22:54:32,147 : INFO : EventManager : Event: ======'machine_var_audits_missing_switches_s_spinner'====== Args={'value': 4, 'prev_value': None, 'change': True}
2025-10-29 22:54:32,147 : INFO : EventManager : Event: ======'machine_var_audits_missing_switches_s_start'====== Args={'value': 29, 'prev_value': None, 'change': True}
2025-10-29 22:54:32,147 : INFO : EventManager : Event: ======'machine_var_audits_missing_switches_s_tilt'====== Args={'value': 196, 'prev_value': None, 'change': True}
2025-10-29 22:54:32,147 : INFO : EventManager : Event: ======'machine_var_audits_missing_switches_s_trough_1'====== Args={'value': 234, 'prev_value': None, 'change': True}
2025-10-29 22:54:32,147 : INFO : EventManager : Event: ======'machine_var_audits_missing_switches_s_trough_2'====== Args={'value': 234, 'prev_value': None, 'change': True}
2025-10-29 22:54:32,147 : INFO : EventManager : Event: ======'machine_var_audits_missing_switches_s_trough_3'====== Args={'value': 234, 'prev_value': None, 'change': True}
2025-10-29 22:54:32,147 : INFO : EventManager : Event: ======'machine_var_audits_missing_switches_s_trough_4'====== Args={'value': 309, 'prev_value': None, 'change': True}
2025-10-29 22:54:32,147 : INFO : EventManager : Event: ======'machine_var_audits_missing_switches_s_trough_5'====== Args={'value': 309, 'prev_value': None, 'change': True}
2025-10-29 22:54:32,147 : INFO : EventManager : Event: ======'machine_var_audits_missing_switches_s_trough_6'====== Args={'value': 25, 'prev_value': None, 'change': True}
2025-10-29 22:54:32,149 : INFO : EventManager : Event: ======'machine_var_audits_player_score'====== Args={'value': {'average': 787666, 'top': [2229000, 73000, 61000], 'total': 3}, 'prev_value': None, 'change': True}
2025-10-29 22:54:32,149 : INFO : EventManager : Event: ======'machine_var_audits_shots_bumper_center'====== Args={'value': 508, 'prev_value': None, 'change': True}
2025-10-29 22:54:32,149 : INFO : EventManager : Event: ======'machine_var_audits_shots_bumper_left'====== Args={'value': 613, 'prev_value': None, 'change': True}
2025-10-29 22:54:32,149 : INFO : EventManager : Event: ======'machine_var_audits_shots_bumper_right'====== Args={'value': 370, 'prev_value': None, 'change': True}
2025-10-29 22:54:32,149 : INFO : EventManager : Event: ======'machine_var_audits_shots_mach_ramp'====== Args={'value': 340, 'prev_value': None, 'change': True}
2025-10-29 22:54:32,149 : INFO : EventManager : Event: ======'machine_var_audits_shots_mig_lane_left'====== Args={'value': 94, 'prev_value': None, 'change': True}
2025-10-29 22:54:32,149 : INFO : EventManager : Event: ======'machine_var_audits_shots_mig_lane_right'====== Args={'value': 13, 'prev_value': None, 'change': True}
2025-10-29 22:54:32,149 : INFO : EventManager : Event: ======'machine_var_audits_shots_orbit_upper'====== Args={'value': 13, 'prev_value': None, 'change': True}
2025-10-29 22:54:32,149 : INFO : EventManager : Event: ======'machine_var_audits_shots_ramp_inner'====== Args={'value': 42, 'prev_value': None, 'change': True}
2025-10-29 22:54:32,149 : INFO : EventManager : Event: ======'machine_var_audits_shots_spinner'====== Args={'value': 5, 'prev_value': None, 'change': True}
2025-10-29 22:54:32,149 : INFO : EventManager : Event: ======'machine_var_audits_switches_s_a_iceman_target'====== Args={'value': 28, 'prev_value': None, 'change': True}
2025-10-29 22:54:32,149 : INFO : EventManager : Event: ======'machine_var_audits_switches_s_barrier_target'====== Args={'value': 8, 'prev_value': None, 'change': True}
2025-10-29 22:54:32,149 : INFO : EventManager : Event: ======'machine_var_audits_switches_s_bumper_center'====== Args={'value': 528, 'prev_value': None, 'change': True}
2025-10-29 22:54:32,149 : INFO : EventManager : Event: ======'machine_var_audits_switches_s_bumper_left'====== Args={'value': 644, 'prev_value': None, 'change': True}
2025-10-29 22:54:32,149 : INFO : EventManager : Event: ======'machine_var_audits_switches_s_bumper_right'====== Args={'value': 376, 'prev_value': None, 'change': True}
2025-10-29 22:54:32,149 : INFO : EventManager : Event: ======'machine_var_audits_switches_s_c_iceman_target'====== Args={'value': 41, 'prev_value': None, 'change': True}
2025-10-29 22:54:32,150 : INFO : EventManager : Event: ======'machine_var_audits_switches_s_c_lock_target'====== Args={'value': 5, 'prev_value': None, 'change': True}
2025-10-29 22:54:32,150 : INFO : EventManager : Event: ======'machine_var_audits_switches_s_coin_door'====== Args={'value': 0, 'prev_value': None, 'change': True}
2025-10-29 22:54:32,150 : INFO : EventManager : Event: ======'machine_var_audits_switches_s_coin_door_credit_left'====== Args={'value': 0, 'prev_value': None, 'change': True}
2025-10-29 22:54:32,150 : INFO : EventManager : Event: ======'machine_var_audits_switches_s_coin_door_credit_right'====== Args={'value': 0, 'prev_value': None, 'change': True}
2025-10-29 22:54:32,150 : INFO : EventManager : Event: ======'machine_var_audits_switches_s_coin_door_service_1'====== Args={'value': 0, 'prev_value': None, 'change': True}
2025-10-29 22:54:32,150 : INFO : EventManager : Event: ======'machine_var_audits_switches_s_coin_door_service_2'====== Args={'value': 0, 'prev_value': None, 'change': True}
2025-10-29 22:54:32,150 : INFO : EventManager : Event: ======'machine_var_audits_switches_s_coin_door_service_3'====== Args={'value': 0, 'prev_value': None, 'change': True}
2025-10-29 22:54:32,150 : INFO : EventManager : Event: ======'machine_var_audits_switches_s_coin_door_service_4'====== Args={'value': 0, 'prev_value': None, 'change': True}
2025-10-29 22:54:32,150 : INFO : EventManager : Event: ======'machine_var_audits_switches_s_e_iceman_target'====== Args={'value': 59, 'prev_value': None, 'change': True}
2025-10-29 22:54:32,150 : INFO : EventManager : Event: ======'machine_var_audits_switches_s_flight_gear_target'====== Args={'value': 57, 'prev_value': None, 'change': True}
2025-10-29 22:54:32,150 : INFO : EventManager : Event: ======'machine_var_audits_switches_s_flipper_left'====== Args={'value': 9, 'prev_value': None, 'change': True}
2025-10-29 22:54:32,150 : INFO : EventManager : Event: ======'machine_var_audits_switches_s_flipper_left_eos'====== Args={'value': 0, 'prev_value': None, 'change': True}
2025-10-29 22:54:32,150 : INFO : EventManager : Event: ======'machine_var_audits_switches_s_flipper_left_upper'====== Args={'value': 0, 'prev_value': None, 'change': True}
2025-10-29 22:54:32,150 : INFO : EventManager : Event: ======'machine_var_audits_switches_s_flipper_left_upper_eos'====== Args={'value': 0, 'prev_value': None, 'change': True}
2025-10-29 22:54:32,150 : INFO : EventManager : Event: ======'machine_var_audits_switches_s_flipper_right'====== Args={'value': 17, 'prev_value': None, 'change': True}
2025-10-29 22:54:32,150 : INFO : EventManager : Event: ======'machine_var_audits_switches_s_flipper_right_eos'====== Args={'value': 0, 'prev_value': None, 'change': True}
2025-10-29 22:54:32,151 : INFO : EventManager : Event: ======'machine_var_audits_switches_s_i_iceman_target'====== Args={'value': 10, 'prev_value': None, 'change': True}
2025-10-29 22:54:32,151 : INFO : EventManager : Event: ======'machine_var_audits_switches_s_inlane_left'====== Args={'value': 59, 'prev_value': None, 'change': True}
2025-10-29 22:54:32,151 : INFO : EventManager : Event: ======'machine_var_audits_switches_s_inner_inlane_right'====== Args={'value': 10, 'prev_value': None, 'change': True}
2025-10-29 22:54:32,151 : INFO : EventManager : Event: ======'machine_var_audits_switches_s_jam'====== Args={'value': 1, 'prev_value': None, 'change': True}
2025-10-29 22:54:32,151 : INFO : EventManager : Event: ======'machine_var_audits_switches_s_k_lock_target'====== Args={'value': 5, 'prev_value': None, 'change': True}
2025-10-29 22:54:32,151 : INFO : EventManager : Event: ======'machine_var_audits_switches_s_l_lock_target'====== Args={'value': 5, 'prev_value': None, 'change': True}
2025-10-29 22:54:32,151 : INFO : EventManager : Event: ======'machine_var_audits_switches_s_lane_left'====== Args={'value': 255, 'prev_value': None, 'change': True}
2025-10-29 22:54:32,151 : INFO : EventManager : Event: ======'machine_var_audits_switches_s_lane_right'====== Args={'value': 191, 'prev_value': None, 'change': True}
2025-10-29 22:54:32,151 : INFO : EventManager : Event: ======'machine_var_audits_switches_s_lock_goose'====== Args={'value': 0, 'prev_value': None, 'change': True}
2025-10-29 22:54:32,151 : INFO : EventManager : Event: ======'machine_var_audits_switches_s_lock_mav'====== Args={'value': 0, 'prev_value': None, 'change': True}
2025-10-29 22:54:32,151 : INFO : EventManager : Event: ======'machine_var_audits_switches_s_lock_plunger'====== Args={'value': 3, 'prev_value': None, 'change': True}
2025-10-29 22:54:32,151 : INFO : EventManager : Event: ======'machine_var_audits_switches_s_m_iceman_target'====== Args={'value': 33, 'prev_value': None, 'change': True}
2025-10-29 22:54:32,151 : INFO : EventManager : Event: ======'machine_var_audits_switches_s_mig_lane_left'====== Args={'value': 125, 'prev_value': None, 'change': True}
2025-10-29 22:54:32,151 : INFO : EventManager : Event: ======'machine_var_audits_switches_s_mig_lane_right'====== Args={'value': 16, 'prev_value': None, 'change': True}
2025-10-29 22:54:32,151 : INFO : EventManager : Event: ======'machine_var_audits_switches_s_mode_start'====== Args={'value': 0, 'prev_value': None, 'change': True}
2025-10-29 22:54:32,151 : INFO : EventManager : Event: ======'machine_var_audits_switches_s_n_iceman_target'====== Args={'value': 88, 'prev_value': None, 'change': True}
2025-10-29 22:54:32,151 : INFO : EventManager : Event: ======'machine_var_audits_switches_s_o_lock_target'====== Args={'value': 5, 'prev_value': None, 'change': True}
2025-10-29 22:54:32,151 : INFO : EventManager : Event: ======'machine_var_audits_switches_s_orbit_left'====== Args={'value': 59, 'prev_value': None, 'change': True}
2025-10-29 22:54:32,151 : INFO : EventManager : Event: ======'machine_var_audits_switches_s_orbit_lower'====== Args={'value': 2, 'prev_value': None, 'change': True}
2025-10-29 22:54:32,151 : INFO : EventManager : Event: ======'machine_var_audits_switches_s_orbit_right'====== Args={'value': 15, 'prev_value': None, 'change': True}
2025-10-29 22:54:32,151 : INFO : EventManager : Event: ======'machine_var_audits_switches_s_orbit_upper'====== Args={'value': 17, 'prev_value': None, 'change': True}
2025-10-29 22:54:32,151 : INFO : EventManager : Event: ======'machine_var_audits_switches_s_outer_inlane_right'====== Args={'value': 12, 'prev_value': None, 'change': True}
2025-10-29 22:54:32,152 : INFO : EventManager : Event: ======'machine_var_audits_switches_s_outlane_left'====== Args={'value': 6, 'prev_value': None, 'change': True}
2025-10-29 22:54:32,152 : INFO : EventManager : Event: ======'machine_var_audits_switches_s_outlane_right'====== Args={'value': 10, 'prev_value': None, 'change': True}
2025-10-29 22:54:32,152 : INFO : EventManager : Event: ======'machine_var_audits_switches_s_plunger_lane'====== Args={'value': 46, 'prev_value': None, 'change': True}
2025-10-29 22:54:32,152 : INFO : EventManager : Event: ======'machine_var_audits_switches_s_ramp_inner_exit'====== Args={'value': 386, 'prev_value': None, 'change': True}
2025-10-29 22:54:32,152 : INFO : EventManager : Event: ======'machine_var_audits_switches_s_ramp_left_exit'====== Args={'value': 0, 'prev_value': None, 'change': True}
2025-10-29 22:54:32,152 : INFO : EventManager : Event: ======'machine_var_audits_switches_s_ramp_right_exit'====== Args={'value': 7, 'prev_value': None, 'change': True}
2025-10-29 22:54:32,152 : INFO : EventManager : Event: ======'machine_var_audits_switches_s_ramp_tower_exit'====== Args={'value': 6, 'prev_value': None, 'change': True}
2025-10-29 22:54:32,152 : INFO : EventManager : Event: ======'machine_var_audits_switches_s_shooter_lane'====== Args={'value': 264, 'prev_value': None, 'change': True}
2025-10-29 22:54:32,152 : INFO : EventManager : Event: ======'machine_var_audits_switches_s_slingshot_left'====== Args={'value': 8, 'prev_value': None, 'change': True}
2025-10-29 22:54:32,152 : INFO : EventManager : Event: ======'machine_var_audits_switches_s_slingshot_right'====== Args={'value': 7, 'prev_value': None, 'change': True}
2025-10-29 22:54:32,152 : INFO : EventManager : Event: ======'machine_var_audits_switches_s_spinner'====== Args={'value': 116, 'prev_value': None, 'change': True}
2025-10-29 22:54:32,152 : INFO : EventManager : Event: ======'machine_var_audits_switches_s_start'====== Args={'value': 163, 'prev_value': None, 'change': True}
2025-10-29 22:54:32,152 : INFO : EventManager : Event: ======'machine_var_audits_switches_s_tilt'====== Args={'value': 0, 'prev_value': None, 'change': True}
2025-10-29 22:54:32,152 : INFO : EventManager : Event: ======'machine_var_audits_switches_s_trough_1'====== Args={'value': 2, 'prev_value': None, 'change': True}
2025-10-29 22:54:32,152 : INFO : EventManager : Event: ======'machine_var_audits_switches_s_trough_2'====== Args={'value': 1, 'prev_value': None, 'change': True}
2025-10-29 22:54:32,152 : INFO : EventManager : Event: ======'machine_var_audits_switches_s_trough_3'====== Args={'value': 1, 'prev_value': None, 'change': True}
2025-10-29 22:54:32,152 : INFO : EventManager : Event: ======'machine_var_audits_switches_s_trough_4'====== Args={'value': 0, 'prev_value': None, 'change': True}
2025-10-29 22:54:32,152 : INFO : EventManager : Event: ======'machine_var_audits_switches_s_trough_5'====== Args={'value': 0, 'prev_value': None, 'change': True}
2025-10-29 22:54:32,152 : INFO : EventManager : Event: ======'machine_var_audits_switches_s_trough_6'====== Args={'value': 166, 'prev_value': None, 'change': True}
2025-10-29 22:54:32,153 : INFO : EventManager : Event: ======'init_phase_5'====== Args={}
2025-10-29 22:54:32,153 : INFO : EventManager : Event: ======'init_done'====== Args={}
2025-10-29 22:54:32,153 : INFO : EventManager : Event: ======'machine_reset_phase_1'====== Args={}
2025-10-29 22:54:32,164 : INFO : EventManager : Event: ======'machine_reset_phase_2'====== Args={}
2025-10-29 22:54:32,164 : INFO : EventManager : Event: ======'machine_reset_phase_3'====== Args={}
2025-10-29 22:54:32,164 : INFO : EventManager : Event: ======'reset_complete'====== Args={}
2025-10-29 22:54:32,165 : INFO : EventManager : Event: ======'mode_attract_will_start'====== Args={}
2025-10-29 22:54:32,165 : INFO : Timer.attract_carousel_timer : Starting Timer.
2025-10-29 22:54:32,165 : INFO : EventManager : Event: ======'timer_attract_carousel_timer_started'====== Args={'ticks': 0, 'ticks_remaining': 1}
2025-10-29 22:54:32,165 : INFO : EventManager : Event: ======'timer_attract_carousel_timer_tick'====== Args={'ticks': 0, 'ticks_remaining': 1}
2025-10-29 22:54:32,166 : INFO : EventManager : Event: ======'mode_attract_starting'====== Args={}
2025-10-29 22:54:32,167 : INFO : Mode.attract : Started. Priority: 10
2025-10-29 22:54:32,167 : INFO : EventManager : Event: ======'modes_active_modes_changed'====== Args={}
2025-10-29 22:54:32,167 : INFO : EventManager : Event: ======'mode_attract_started'====== Args={}
2025-10-29 22:54:32,167 : INFO : EventManager : Event: ======'attract_cycle_step1'====== Args={'priority': 0}
2025-10-29 22:54:32,167 : INFO : EventManager : Event: ======'collecting_balls_complete'====== Args={}
2025-10-29 22:54:32,167 : INFO : EventManager : Event: ======'item_highlighted'====== Args={'carousel': 'attract', 'direction': None, 'item': 'title'}
2025-10-29 22:54:32,169 : INFO : EventManager : Event: ======'timer_attract_carousel_timer_tick'====== Args={'ticks': 0, 'ticks_remaining': 1}
2025-10-29 22:54:32,169 : INFO : Machine : Starting the main run loop with active modes: [<Mode.attract>]
2025-10-29 22:54:32,255 : INFO : EventManager : Event: ======'slide_attract_created'====== Args={'_from_bcp': True}
2025-10-29 22:54:32,255 : INFO : EventManager : Event: ======'slide__removed'====== Args={'_from_bcp': True}
2025-10-29 22:54:32,255 : INFO : EventManager : Event: ======'slide_attract_active'====== Args={'original_context': 'attract', 'original_calling_context': 'mode_attract_started', 'priority': 10.0, 'cmd': 'slides_play', '_from_bcp': True}
2025-10-29 22:54:32,515 : INFO : BcpServer : New client connected.
2025-10-29 22:54:38,796 : INFO : SwitchController : <<<<<<< 's_start' active >>>>>>>
2025-10-29 22:54:38,914 : INFO : SwitchController : <<<<<<< 's_start' inactive >>>>>>>
2025-10-29 22:54:38,914 : INFO : EventManager : Event: ======'request_to_start_game'====== Args={}
2025-10-29 22:54:38,916 : INFO : EventManager : Event: ======'game_start'====== Args={'buttons': [], 'hold_time': 0.125}
2025-10-29 22:54:38,916 : INFO : EventManager : Event: ======'mode_game_will_start'====== Args={'buttons': [], 'hold_time': 0.125}
2025-10-29 22:54:38,917 : INFO : EventManager : Event: ======'mode_game_starting'====== Args={'buttons': [], 'hold_time': 0.125}
2025-10-29 22:54:38,917 : INFO : EventManager : Event: ======'mode_attract_will_stop'====== Args={}
2025-10-29 22:54:38,917 : INFO : EventManager : Event: ======'mode_attract_stopping'====== Args={}
2025-10-29 22:54:38,918 : INFO : Mode.game : Started. Priority: 20
2025-10-29 22:54:38,918 : INFO : EventManager : Event: ======'modes_active_modes_changed'====== Args={}
2025-10-29 22:54:38,918 : INFO : EventManager : Event: ======'mode_game_started'====== Args={'buttons': [], 'hold_time': 0.125}
2025-10-29 22:54:38,919 : INFO : Mode.attract : Stopped.
2025-10-29 22:54:38,919 : INFO : EventManager : Event: ======'modes_active_modes_changed'====== Args={}
2025-10-29 22:54:38,920 : INFO : EventManager : Event: ======'mode_attract_stopped'====== Args={}
2025-10-29 22:54:38,920 : INFO : EventManager : Event: ======'clear'====== Args={'key': 'attract'}
2025-10-29 22:54:38,920 : INFO : Timer.attract_carousel_timer : Stopping Timer
2025-10-29 22:54:38,920 : INFO : EventManager : Event: ======'timer_attract_carousel_timer_stopped'====== Args={'ticks': 0, 'ticks_remaining': 1}
2025-10-29 22:54:38,921 : INFO : EventManager : Event: ======'game_will_start'====== Args={}
2025-10-29 22:54:38,921 : INFO : EventManager : Event: ======'game_starting'====== Args={'game': <Mode.game>}
2025-10-29 22:54:38,922 : INFO : EventManager : Unordered handler for class <Auditor> on event game_ended with priority 1. Handlers: [RegisteredHandler(callback=<bound method Auditor.disable of <Auditor>>, priority=1, kwargs={}, key=UUID('5af70684-808a-4d9f-8e35-7e9fac0f9697'), condition=None, blocking_facility=None), RegisteredHandler(callback=<bound method Auditor._save_audits of <Auditor>>, priority=1, kwargs={}, key=UUID('81fb775f-bf87-4b82-9e2c-b1c3cf6f41d8'), condition=None, blocking_facility=None)]. The order of those handlers is not defined and they will be executed in random order. This might lead to race conditions and potential bugs.
2025-10-29 22:54:38,926 : INFO : EventManager : Event: ======'player_add_request'====== Args={}
2025-10-29 22:54:38,926 : INFO : EventManager : Event: ======'player_will_add'====== Args={'number': 1}
2025-10-29 22:54:38,926 : INFO : EventManager : Event: ======'player_adding'====== Args={'player': <Player 1>, 'number': 1}
2025-10-29 22:54:38,927 : INFO : EventManager : Event: ======'player_added'====== Args={'player': <Player 1>, 'num': 1}
2025-10-29 22:54:38,927 : INFO : Mode.game : Player added successfully. Total players: 1
2025-10-29 22:54:38,927 : INFO : EventManager : Event: ======'player_index'====== Args={'value': 0, 'prev_value': 0, 'change': 0, 'player_num': 1}
2025-10-29 22:54:38,927 : INFO : EventManager : Event: ======'player_number'====== Args={'value': 1, 'prev_value': 1, 'change': 0, 'player_num': 1}
2025-10-29 22:54:38,927 : INFO : EventManager : Event: ======'player_mach_level'====== Args={'value': 1.0, 'prev_value': 1.0, 'change': 0, 'player_num': 1}
2025-10-29 22:54:38,927 : INFO : EventManager : Event: ======'player_mach_step'====== Args={'value': 0, 'prev_value': 0, 'change': 0, 'player_num': 1}
2025-10-29 22:54:38,928 : INFO : EventManager : Event: ======'player_score'====== Args={'value': 0, 'prev_value': 0, 'change': 0, 'player_num': 1}
2025-10-29 22:54:38,928 : INFO : EventManager : Event: ======'game_started'====== Args={}
2025-10-29 22:54:38,929 : INFO : EventManager : Event: ======'player_turn_will_start'====== Args={'player': <Player 1>, 'number': 1}
2025-10-29 22:54:38,930 : INFO : EventManager : Event: ======'player_turn_starting'====== Args={'player': <Player 1>, 'number': 1}
2025-10-29 22:54:38,930 : INFO : EventManager : Event: ======'player_ball'====== Args={'value': 1, 'prev_value': 0, 'change': 1, 'player_num': 1}
2025-10-29 22:54:38,936 : INFO : EventManager : Event: ======'player_turn_started'====== Args={'player': <Player 1>, 'number': 1}
2025-10-29 22:54:38,937 : INFO : EventManager : Event: ======'ui_player_1_up'====== Args={'priority': 0}
2025-10-29 22:54:38,937 : INFO : EventManager : Event: ======'ball_will_start'====== Args={'player': 1, 'ball': 1, 'balls_remaining': 2, 'is_extra_ball': False}
2025-10-29 22:54:38,938 : INFO : EventManager : Event: ======'ball_starting'====== Args={'player': 1, 'ball': 1, 'balls_remaining': 2, 'is_extra_ball': False}
2025-10-29 22:54:38,939 : INFO : EventManager : Event: ======'mode_base_will_start'====== Args={'queue': <QueuedEvent>, 'player': 1, 'ball': 1, 'balls_remaining': 2, 'is_extra_ball': False}
2025-10-29 22:54:38,940 : INFO : EventManager : Event: ======'mode_base_starting'====== Args={'queue': <QueuedEvent>, 'player': 1, 'ball': 1, 'balls_remaining': 2, 'is_extra_ball': False}
2025-10-29 22:54:38,942 : INFO : Mode.base : Started. Priority: 100
2025-10-29 22:54:38,943 : INFO : EventManager : Event: ======'modes_active_modes_changed'====== Args={}
2025-10-29 22:54:38,943 : INFO : EventManager : Event: ======'mode_base_started'====== Args={'queue': <QueuedEvent>, 'player': 1, 'ball': 1, 'balls_remaining': 2, 'is_extra_ball': False}
2025-10-29 22:54:38,943 : INFO : EventManager : Event: ======'mode_mach_scoring_will_start'====== Args={'queue': <QueuedEvent>, 'player': 1, 'ball': 1, 'balls_remaining': 2, 'is_extra_ball': False}
2025-10-29 22:54:38,944 : INFO : EventManager : Event: ======'player_shot_mach_ramp_enabled'====== Args={'value': True, 'prev_value': 0, 'change': 1, 'player_num': 1}
2025-10-29 22:54:38,945 : INFO : EventManager : Event: ======'player_mach_scoring_mach_qualify_timer_tick'====== Args={'value': 10, 'prev_value': 0, 'change': 10, 'player_num': 1}
2025-10-29 22:54:38,945 : INFO : EventManager : Event: ======'player_mach_scoring_mach_timer_tick'====== Args={'value': 20, 'prev_value': 0, 'change': 20, 'player_num': 1}
2025-10-29 22:54:38,950 : INFO : EventManager : Event: ======'mode_mach_scoring_starting'====== Args={'queue': <QueuedEvent>, 'player': 1, 'ball': 1, 'balls_remaining': 2, 'is_extra_ball': False}
2025-10-29 22:54:38,950 : INFO : EventManager : Event: ======'mode_goose_letters_will_start'====== Args={'queue': <QueuedEvent>, 'player': 1, 'ball': 1, 'balls_remaining': 2, 'is_extra_ball': False}
2025-10-29 22:54:38,954 : INFO : EventManager : Event: ======'mode_goose_letters_starting'====== Args={'queue': <QueuedEvent>, 'player': 1, 'ball': 1, 'balls_remaining': 2, 'is_extra_ball': False}
2025-10-29 22:54:38,955 : INFO : EventManager : Event: ======'mode_pilot_mission_qualifier_will_start'====== Args={'queue': <QueuedEvent>, 'player': 1, 'ball': 1, 'balls_remaining': 2, 'is_extra_ball': False}
2025-10-29 22:54:38,990 : INFO : EventManager : Event: ======'mode_pilot_mission_qualifier_starting'====== Args={'queue': <QueuedEvent>, 'player': 1, 'ball': 1, 'balls_remaining': 2, 'is_extra_ball': False}
2025-10-29 22:54:38,990 : INFO : EventManager : Event: ======'start_mode_bumpers'====== Args={'priority': 0}
2025-10-29 22:54:38,990 : INFO : EventManager : Event: ======'mode_bumpers_will_start'====== Args={'priority': 0}
2025-10-29 22:54:38,991 : INFO : EventManager : Event: ======'player_shot_bumper_left_enabled'====== Args={'value': True, 'prev_value': 0, 'change': 1, 'player_num': 1}
2025-10-29 22:54:38,991 : INFO : EventManager : Event: ======'player_shot_bumper_center_enabled'====== Args={'value': True, 'prev_value': 0, 'change': 1, 'player_num': 1}
2025-10-29 22:54:38,991 : INFO : EventManager : Event: ======'player_shot_bumper_right_enabled'====== Args={'value': True, 'prev_value': 0, 'change': 1, 'player_num': 1}
2025-10-29 22:54:38,992 : INFO : EventManager : Event: ======'bumpers_complete'====== Args={'state': 'unlit'}
2025-10-29 22:54:38,992 : INFO : EventManager : Event: ======'bumpers_unlit_complete'====== Args={}
2025-10-29 22:54:38,992 : INFO : EventManager : Event: ======'mode_bumpers_starting'====== Args={'priority': 0}
2025-10-29 22:54:38,992 : INFO : Mode.bumpers : Started. Priority: 200
2025-10-29 22:54:38,992 : INFO : EventManager : Event: ======'modes_active_modes_changed'====== Args={}
2025-10-29 22:54:38,992 : INFO : EventManager : Event: ======'mode_bumpers_started'====== Args={'priority': 0}
2025-10-29 22:54:38,993 : INFO : Mode.pilot_mission_qualifier : Started. Priority: 200
2025-10-29 22:54:38,993 : INFO : EventManager : Event: ======'modes_active_modes_changed'====== Args={}
2025-10-29 22:54:38,993 : INFO : EventManager : Event: ======'mode_pilot_mission_qualifier_started'====== Args={'queue': <QueuedEvent>, 'player': 1, 'ball': 1, 'balls_remaining': 2, 'is_extra_ball': False}
2025-10-29 22:54:38,994 : INFO : Mode.goose_letters : Started. Priority: 210
2025-10-29 22:54:38,994 : INFO : EventManager : Event: ======'modes_active_modes_changed'====== Args={}
2025-10-29 22:54:38,994 : INFO : EventManager : Event: ======'mode_goose_letters_started'====== Args={'queue': <QueuedEvent>, 'player': 1, 'ball': 1, 'balls_remaining': 2, 'is_extra_ball': False}
2025-10-29 22:54:38,994 : INFO : Mode.mach_scoring : Started. Priority: 500
2025-10-29 22:54:38,994 : INFO : EventManager : Event: ======'modes_active_modes_changed'====== Args={}
2025-10-29 22:54:38,994 : INFO : EventManager : Event: ======'mode_mach_scoring_started'====== Args={'queue': <QueuedEvent>, 'player': 1, 'ball': 1, 'balls_remaining': 2, 'is_extra_ball': False}
2025-10-29 22:54:38,995 : INFO : EventManager : Event: ======'balls_in_play'====== Args={'balls': 1}
2025-10-29 22:54:38,995 : INFO : EventManager : Event: ======'ball_started'====== Args={'player': 1, 'ball': 1, 'balls_remaining': 2, 'is_extra_ball': False}
2025-10-29 22:54:38,996 : INFO : EventManager : Event: ======'single_player_ball_started'====== Args={}
2025-10-29 22:54:38,996 : INFO : EventManager : Event: ======'ball_start_target'====== Args={'target': 'playfield'}
2025-10-29 22:54:38,998 : INFO : ball_device.bd_plunger : Setting up player-controlled eject. Balls: 1, Target: <playfield.playfield>, player_controlled_eject_event: None
2025-10-29 22:54:38,998 : INFO : EventManager : Event: ======'balldevice_balls_available'====== Args={}
2025-10-29 22:54:38,999 : INFO : ball_device.bd_trough : State: waiting_for_target_ready
2025-10-29 22:54:38,999 : INFO : EventManager : Event: ======'balldevice_bd_trough_ball_eject_attempt'====== Args={'balls': 1, 'target': <ball_device.bd_plunger>, 'source': <ball_device.bd_trough>, 'mechanical_eject': True, 'num_attempts': 0}
2025-10-29 22:54:38,999 : INFO : ball_device.bd_plunger : State: waiting_for_ball
2025-10-29 22:54:38,999 : INFO : ball_device.bd_trough : State: ejecting
2025-10-29 22:54:38,999 : INFO : ball_device.bd_trough : Ejecting ball to <ball_device.bd_plunger>
2025-10-29 22:54:38,999 : INFO : EventManager : Event: ======'balldevice_bd_trough_ejecting_ball'====== Args={'balls': 1, 'target': <ball_device.bd_plunger>, 'source': <ball_device.bd_trough>, 'mechanical_eject': True, 'num_attempts': 0}
2025-10-29 22:54:39,000 : INFO : ball_device.bd_trough : Wait for ball to leave device
2025-10-29 22:54:39,000 : INFO : coil.c_trough_eject : Pulsing Driver for 10ms (0.75 pulse_power)
2025-10-29 22:54:39,053 : INFO : EventManager : Event: ======'slide_base_slide_created'====== Args={'_from_bcp': True}
2025-10-29 22:54:39,053 : INFO : EventManager : Event: ======'slide_attract_inactive'====== Args={'is_removing': True, '_from_bcp': True}
2025-10-29 22:54:39,054 : INFO : EventManager : Event: ======'slide_base_slide_active'====== Args={'original_context': 'base', 'original_calling_context': 'mode_base_started', 'priority': 100.0, 'queue': '<QueuedEvent>', 'player': 1.0, 'ball': 1.0, 'balls_remaining': 2.0, 'is_extra_ball': False, 'cmd': 'slides_play', '_from_bcp': True}
2025-10-29 22:54:39,059 : INFO : EventManager : Event: ======'slide_attract_removed'====== Args={'_from_bcp': True}
2025-10-29 22:54:39,073 : INFO : EventManager : Event: ======'slide_topgun_0_created'====== Args={'_from_bcp': True}
2025-10-29 22:54:39,074 : INFO : EventManager : Event: ======'slide_base_slide_inactive'====== Args={'is_removing': False, '_from_bcp': True}
2025-10-29 22:54:39,075 : INFO : EventManager : Event: ======'slide_topgun_0_active'====== Args={'original_context': 'pilot_mission_qualifier', 'original_calling_context': 'mode_pilot_mission_qualifier_started{current_player.topgun_shots_collected==0 and current_player.qualified_mode_number==0}', 'priority': 200.0, 'queue': '<QueuedEvent>', 'player': 1.0, 'ball': 1.0, 'balls_remaining': 2.0, 'is_extra_ball': False, 'cmd': 'slides_play', '_from_bcp': True}
2025-10-29 22:54:39,079 : INFO : EventManager : Event: ======'slide_mach_1_created'====== Args={'_from_bcp': True}
2025-10-29 22:54:39,080 : INFO : EventManager : Event: ======'slide_topgun_0_inactive'====== Args={'is_removing': False, '_from_bcp': True}
2025-10-29 22:54:39,081 : INFO : EventManager : Event: ======'slide_mach_1_active'====== Args={'original_context': 'mach_scoring', 'original_calling_context': 'mode_mach_scoring_started', 'priority': 500.0, 'queue': '<QueuedEvent>', 'player': 1.0, 'ball': 1.0, 'balls_remaining': 2.0, 'is_extra_ball': False, 'cmd': 'slides_play', '_from_bcp': True}
2025-10-29 22:54:39,860 : INFO : SwitchController : <<<<<<< 's_trough_6' inactive >>>>>>>
2025-10-29 22:54:39,861 : INFO : ball_device.bd_trough : State: ball_left
2025-10-29 22:54:39,861 : INFO : ball_device.bd_trough : Ball left
2025-10-29 22:54:39,861 : INFO : ball_device.bd_trough : Wait for confirm with timeout 3.0
2025-10-29 22:54:40,931 : INFO : SwitchController : <<<<<<< 's_shooter_lane' active >>>>>>>
2025-10-29 22:54:40,931 : INFO : EventManager : Event: ======'s_shooter_lane_active'====== Args={}
2025-10-29 22:54:40,932 : INFO : EventManager : Event: ======'machine_var_audits_switches_s_shooter_lane'====== Args={'value': 265, 'prev_value': 264, 'change': 1}
2025-10-29 22:54:40,933 : INFO : EventManager : Event: ======'mode_skillshot_will_start'====== Args={}
2025-10-29 22:54:40,933 : INFO : EventManager : Event: ======'player_shot_mig_lane_left_enabled'====== Args={'value': True, 'prev_value': 0, 'change': 1, 'player_num': 1}
2025-10-29 22:54:40,934 : INFO : EventManager : Event: ======'player_shot_mig_lane_right_enabled'====== Args={'value': True, 'prev_value': 0, 'change': 1, 'player_num': 1}
2025-10-29 22:54:40,934 : INFO : EventManager : Event: ======'player_shot_spinner_enabled'====== Args={'value': True, 'prev_value': 0, 'change': 1, 'player_num': 1}
2025-10-29 22:54:40,935 : INFO : EventManager : Event: ======'player_shot_orbit_upper_enabled'====== Args={'value': True, 'prev_value': 0, 'change': 1, 'player_num': 1}
2025-10-29 22:54:40,936 : INFO : EventManager : Event: ======'player_shot_ramp_inner_enabled'====== Args={'value': True, 'prev_value': 0, 'change': 1, 'player_num': 1}
2025-10-29 22:54:40,936 : INFO : EventManager : Event: ======'skillshot_group_complete'====== Args={'state': 'off'}
2025-10-29 22:54:40,936 : INFO : EventManager : Event: ======'skillshot_group_off_complete'====== Args={}
2025-10-29 22:54:40,937 : INFO : EventManager : Event: ======'player_skillshot_skillshot_tick'====== Args={'value': 9, 'prev_value': 0, 'change': 9, 'player_num': 1}
2025-10-29 22:54:40,938 : INFO : EventManager : Event: ======'player_skillshot_skillshot_sound_loop_tick'====== Args={'value': 0, 'prev_value': 0, 'change': 0, 'player_num': 1}
2025-10-29 22:54:40,944 : INFO : EventManager : Event: ======'mode_skillshot_starting'====== Args={}
2025-10-29 22:54:40,944 : INFO : Mode.skillshot : Started. Priority: 100
2025-10-29 22:54:40,944 : INFO : EventManager : Event: ======'modes_active_modes_changed'====== Args={}
2025-10-29 22:54:40,944 : INFO : EventManager : Event: ======'mode_skillshot_started'====== Args={}
2025-10-29 22:54:40,945 : INFO : EventManager : Event: ======'player_pilot_qualifier_paused'====== Args={'value': 1, 'prev_value': 0, 'change': 1, 'player_num': 1, 'source': 'pilot_mission_qualifier'}
2025-10-29 22:54:40,945 : INFO : EventManager : Event: ======'player_shot_mig_lane_left'====== Args={'value': 1, 'prev_value': 0, 'change': 1, 'player_num': 1}
2025-10-29 22:54:40,945 : INFO : EventManager : Event: ======'player_shot_mig_lane_right'====== Args={'value': 1, 'prev_value': 0, 'change': 1, 'player_num': 1}
2025-10-29 22:54:40,946 : INFO : EventManager : Event: ======'player_shot_spinner'====== Args={'value': 1, 'prev_value': 0, 'change': 1, 'player_num': 1}
2025-10-29 22:54:40,946 : INFO : EventManager : Event: ======'player_shot_orbit_upper'====== Args={'value': 1, 'prev_value': 0, 'change': 1, 'player_num': 1}
2025-10-29 22:54:40,946 : INFO : EventManager : Event: ======'player_shot_ramp_inner'====== Args={'value': 1, 'prev_value': 0, 'change': 1, 'player_num': 1}
2025-10-29 22:54:40,947 : INFO : Timer.skillshot_sound_loop : Starting Timer.
2025-10-29 22:54:40,947 : INFO : EventManager : Event: ======'timer_skillshot_sound_loop_started'====== Args={'ticks': 0, 'ticks_remaining': 999}
2025-10-29 22:54:40,947 : INFO : EventManager : Event: ======'timer_skillshot_sound_loop_tick'====== Args={'ticks': 0, 'ticks_remaining': 999}
2025-10-29 22:54:40,947 : INFO : EventManager : Event: ======'skillshot_group_complete'====== Args={'state': 'lit'}
2025-10-29 22:54:40,947 : INFO : EventManager : Event: ======'skillshot_group_lit_complete'====== Args={}
2025-10-29 22:54:40,982 : INFO : EventManager : Event: ======'slide_skillshot_ball_in_shooter_lane_created'====== Args={'_from_bcp': True}
2025-10-29 22:54:41,247 : INFO : ball_device.bd_plunger : Received ball from <ball_device.bd_trough>
2025-10-29 22:54:41,247 : INFO : EventManager : Event: ======'balldevice_bd_plunger_ball_enter'====== Args={'new_balls': 1, 'unclaimed_balls': 0, 'new_available_balls': 0, 'device': <ball_device.bd_plunger>}
2025-10-29 22:54:41,248 : INFO : EventManager : Event: ======'balldevice_bd_plunger_ball_entered'====== Args={'new_balls': 0, 'device': <ball_device.bd_plunger>}
2025-10-29 22:54:41,248 : INFO : EventManager : Event: ======'balldevice_bd_plunger_ball_count_changed'====== Args={'balls': 1}
2025-10-29 22:54:41,248 : INFO : ball_device.bd_trough : Got eject confirm
2025-10-29 22:54:41,248 : INFO : ball_device.bd_trough : Eject successful
2025-10-29 22:54:41,248 : INFO : EventManager : Event: ======'balldevice_bd_trough_ball_eject_success'====== Args={'balls': 1, 'target': <ball_device.bd_plunger>}
2025-10-29 22:54:41,250 : INFO : EventManager : Event: ======'balldevice_bd_trough_ball_count_changed'====== Args={'balls': 5}
2025-10-29 22:54:41,250 : INFO : ball_device.bd_trough : State: idle
2025-10-29 22:54:41,250 : INFO : ball_device.bd_plunger : State: waiting_for_target_ready
2025-10-29 22:54:41,250 : INFO : EventManager : Event: ======'balldevice_bd_plunger_ball_eject_attempt'====== Args={'balls': 1, 'target': <playfield.playfield>, 'source': <ball_device.bd_plunger>, 'mechanical_eject': True, 'num_attempts': 0}
2025-10-29 22:54:41,251 : INFO : ball_device.bd_plunger : State: ejecting
2025-10-29 22:54:41,251 : INFO : ball_device.bd_plunger : Ejecting ball to <playfield.playfield>
2025-10-29 22:54:41,251 : INFO : EventManager : Event: ======'balldevice_bd_plunger_ejecting_ball'====== Args={'balls': 1, 'target': <playfield.playfield>, 'source': <ball_device.bd_plunger>, 'mechanical_eject': True, 'num_attempts': 0}
2025-10-29 22:54:41,252 : INFO : EventManager : Event: ======'video_idle_start'====== Args={'priority': 0}
2025-10-29 22:54:41,253 : INFO : ball_device.bd_plunger : Wait for ball to leave device
2025-10-29 22:54:41,479 : INFO : SwitchController : <<<<<<< 's_shooter_lane' inactive >>>>>>>
2025-10-29 22:54:41,479 : INFO : EventManager : Event: ======'s_shooter_lane_inactive'====== Args={}
2025-10-29 22:54:41,481 : INFO : Timer.skillshot : Starting Timer.
2025-10-29 22:54:41,482 : INFO : EventManager : Event: ======'timer_skillshot_started'====== Args={'ticks': 9, 'ticks_remaining': 9}
2025-10-29 22:54:41,482 : INFO : EventManager : Event: ======'timer_skillshot_tick'====== Args={'ticks': 9, 'ticks_remaining': 9}
2025-10-29 22:54:41,482 : INFO : Timer.skillshot_sound_loop : Stopping Timer
2025-10-29 22:54:41,482 : INFO : EventManager : Event: ======'timer_skillshot_sound_loop_stopped'====== Args={'ticks': 0, 'ticks_remaining': 999}
2025-10-29 22:54:41,482 : INFO : EventManager : Event: ======'video_launch_start'====== Args={'priority': 0}
2025-10-29 22:54:41,483 : INFO : ball_device.bd_plunger : State: ball_left
2025-10-29 22:54:41,483 : INFO : ball_device.bd_plunger : Ball left
2025-10-29 22:54:41,484 : INFO : ball_device.bd_plunger : Wait for confirm with timeout 3.0
2025-10-29 22:54:41,493 : INFO : EventManager : Event: ======'slide_skillshot_ball_in_shooter_lane_removed'====== Args={'_from_bcp': True}
2025-10-29 22:54:41,515 : INFO : EventManager : Event: ======'slide_skillshot_ball_launched_created'====== Args={'_from_bcp': True}
2025-10-29 22:54:42,480 : INFO : EventManager : Event: ======'player_skillshot_skillshot_tick'====== Args={'value': 8, 'prev_value': 9, 'change': -1, 'player_num': 1}
2025-10-29 22:54:42,480 : INFO : EventManager : Event: ======'timer_skillshot_tick'====== Args={'ticks': 8, 'ticks_remaining': 8}
2025-10-29 22:54:42,556 : INFO : SwitchController : <<<<<<< 's_lane_right' active >>>>>>>
2025-10-29 22:54:42,556 : INFO : EventManager : Event: ======'sw_playfield_active'====== Args={}
2025-10-29 22:54:42,557 : INFO : EventManager : Event: ======'machine_var_audits_switches_s_lane_right'====== Args={'value': 192, 'prev_value': 191, 'change': 1}
2025-10-29 22:54:42,557 : INFO : EventManager : Event: ======'playfield_active'====== Args={'source': None}
2025-10-29 22:54:42,628 : INFO : SwitchController : <<<<<<< 's_lane_right' inactive >>>>>>>
2025-10-29 22:54:43,113 : INFO : SwitchController : <<<<<<< 's_n_iceman_target' active >>>>>>>
2025-10-29 22:54:43,113 : INFO : EventManager : Event: ======'s_n_iceman_target_active'====== Args={}
2025-10-29 22:54:43,114 : INFO : EventManager : Event: ======'sw_playfield_active'====== Args={}
2025-10-29 22:54:43,114 : INFO : EventManager : Event: ======'sw_playfield_active'====== Args={}
2025-10-29 22:54:43,114 : INFO : EventManager : Event: ======'machine_var_audits_switches_s_n_iceman_target'====== Args={'value': 89, 'prev_value': 88, 'change': 1}
2025-10-29 22:54:43,115 : INFO : EventManager : Event: ======'mode_skillshot_will_stop'====== Args={}
2025-10-29 22:54:43,116 : INFO : EventManager : Event: ======'mode_skillshot_stopping'====== Args={}
2025-10-29 22:54:43,116 : INFO : Timer.skillshot : Stopping Timer
2025-10-29 22:54:43,116 : INFO : EventManager : Event: ======'timer_skillshot_stopped'====== Args={'ticks': 8, 'ticks_remaining': 8}
2025-10-29 22:54:43,116 : INFO : Timer.skillshot_sound_loop : Stopping Timer
2025-10-29 22:54:43,116 : INFO : EventManager : Event: ======'timer_skillshot_sound_loop_stopped'====== Args={'ticks': 0, 'ticks_remaining': 999}
2025-10-29 22:54:43,116 : INFO : EventManager : Event: ======'playfield_active'====== Args={'source': None}
2025-10-29 22:54:43,117 : INFO : EventManager : Event: ======'playfield_active'====== Args={'source': None}
2025-10-29 22:54:43,117 : INFO : Mode.skillshot : Stopped.
2025-10-29 22:54:43,117 : INFO : EventManager : Event: ======'modes_active_modes_changed'====== Args={}
2025-10-29 22:54:43,117 : INFO : EventManager : Event: ======'mode_skillshot_stopped'====== Args={}
2025-10-29 22:54:43,117 : INFO : EventManager : Event: ======'clear'====== Args={'key': 'skillshot'}
2025-10-29 22:54:43,119 : INFO : EventManager : Event: ======'player_pilot_qualifier_paused'====== Args={'value': 0, 'prev_value': 1, 'change': -1, 'player_num': 1, 'source': 'pilot_mission_qualifier'}
2025-10-29 22:54:43,119 : INFO : Timer.skillshot_sound_loop : Stopping Timer
2025-10-29 22:54:43,119 : INFO : EventManager : Event: ======'timer_skillshot_sound_loop_stopped'====== Args={'ticks': 0, 'ticks_remaining': 999}
2025-10-29 22:54:43,120 : INFO : Timer.skillshot : Stopping Timer
2025-10-29 22:54:43,120 : INFO : EventManager : Event: ======'timer_skillshot_stopped'====== Args={'ticks': 8, 'ticks_remaining': 8}
2025-10-29 22:54:43,129 : INFO : EventManager : Event: ======'slide_skillshot_ball_launched_removed'====== Args={'_from_bcp': True}
2025-10-29 22:54:43,219 : INFO : SwitchController : <<<<<<< 's_n_iceman_target' inactive >>>>>>>
2025-10-29 22:54:44,495 : INFO : ball_device.bd_plunger : State: failed_confirm
2025-10-29 22:54:44,496 : INFO : ball_device.bd_plunger : Got timeout (3.0s) before confirm from <playfield.playfield>
2025-10-29 22:54:44,567 : INFO : SwitchController : <<<<<<< 's_outlane_left' active >>>>>>>
2025-10-29 22:54:44,568 : INFO : EventManager : Event: ======'s_outlane_left_active'====== Args={}
2025-10-29 22:54:44,568 : INFO : EventManager : Event: ======'sw_playfield_active'====== Args={}
2025-10-29 22:54:44,568 : INFO : EventManager : Event: ======'sw_playfield_active'====== Args={}
2025-10-29 22:54:44,569 : INFO : EventManager : Event: ======'machine_var_audits_switches_s_outlane_left'====== Args={'value': 7, 'prev_value': 6, 'change': 1}
2025-10-29 22:54:44,569 : INFO : EventManager : Event: ======'check_goose_complete'====== Args={'priority': 0}
2025-10-29 22:54:44,569 : INFO : EventManager : Event: ======'player_goose_letter_g'====== Args={'value': 1, 'prev_value': 0, 'change': 1, 'player_num': 1, 'source': 'goose_letters'}
2025-10-29 22:54:44,570 : INFO : EventManager : Event: ======'playfield_active'====== Args={'source': None}
2025-10-29 22:54:44,570 : INFO : EventManager : Event: ======'playfield_active'====== Args={'source': None}
2025-10-29 22:54:44,604 : INFO : ball_device.bd_plunger : Confirming eject because target is playfield and ball did not return.
2025-10-29 22:54:44,604 : INFO : ball_device.bd_plunger : Eject successful
2025-10-29 22:54:44,604 : INFO : EventManager : Event: ======'balldevice_bd_plunger_ball_eject_success'====== Args={'balls': 1, 'target': <playfield.playfield>}
2025-10-29 22:54:44,605 : INFO : EventManager : Event: ======'balldevice_playfield_ball_enter'====== Args={'new_balls': 1, 'unclaimed_balls': 1, 'device': <playfield.playfield>}
2025-10-29 22:54:44,605 : INFO : EventManager : Event: ======'playfield_ball_count_change'====== Args={'balls': 1, 'change': 1}
2025-10-29 22:54:44,606 : INFO : EventManager : Event: ======'balldevice_bd_plunger_ball_count_changed'====== Args={'balls': 0}
2025-10-29 22:54:44,606 : INFO : ball_device.bd_plunger : State: idle
2025-10-29 22:54:44,669 : INFO : SwitchController : <<<<<<< 's_outlane_left' inactive >>>>>>>
2025-10-29 22:54:56,512 : INFO : SwitchController : <<<<<<< 's_inlane_left' active >>>>>>>
2025-10-29 22:54:56,512 : INFO : EventManager : Event: ======'s_inlane_left_active'====== Args={}
2025-10-29 22:54:56,512 : INFO : EventManager : Event: ======'sw_playfield_active'====== Args={}
2025-10-29 22:54:56,513 : INFO : EventManager : Event: ======'sw_playfield_active'====== Args={}
2025-10-29 22:54:56,513 : INFO : EventManager : Event: ======'machine_var_audits_switches_s_inlane_left'====== Args={'value': 60, 'prev_value': 59, 'change': 1}
2025-10-29 22:54:56,513 : INFO : EventManager : Event: ======'check_goose_complete'====== Args={'priority': 0}
2025-10-29 22:54:56,515 : INFO : EventManager : Event: ======'player_goose_letter_o_left'====== Args={'value': 1, 'prev_value': 0, 'change': 1, 'player_num': 1, 'source': 'goose_letters'}
2025-10-29 22:54:56,645 : INFO : SwitchController : <<<<<<< 's_inlane_left' inactive >>>>>>>
2025-10-29 22:54:58,040 : INFO : SwitchController : <<<<<<< 's_inner_inlane_right' active >>>>>>>
2025-10-29 22:54:58,040 : INFO : EventManager : Event: ======'s_inner_inlane_right_active'====== Args={}
2025-10-29 22:54:58,041 : INFO : EventManager : Event: ======'sw_playfield_active'====== Args={}
2025-10-29 22:54:58,041 : INFO : EventManager : Event: ======'sw_playfield_active'====== Args={}
2025-10-29 22:54:58,041 : INFO : EventManager : Event: ======'machine_var_audits_switches_s_inner_inlane_right'====== Args={'value': 11, 'prev_value': 10, 'change': 1}
2025-10-29 22:54:58,041 : INFO : EventManager : Event: ======'check_goose_complete'====== Args={'priority': 0}
2025-10-29 22:54:58,042 : INFO : EventManager : Event: ======'player_goose_letter_o_right'====== Args={'value': 1, 'prev_value': 0, 'change': 1, 'player_num': 1, 'source': 'goose_letters'}
2025-10-29 22:54:58,162 : INFO : SwitchController : <<<<<<< 's_inner_inlane_right' inactive >>>>>>>
2025-10-29 22:54:58,991 : INFO : SwitchController : <<<<<<< 's_outer_inlane_right' active >>>>>>>
2025-10-29 22:54:58,991 : INFO : EventManager : Event: ======'s_outer_inlane_right_active'====== Args={}
2025-10-29 22:54:58,992 : INFO : EventManager : Event: ======'sw_playfield_active'====== Args={}
2025-10-29 22:54:58,992 : INFO : EventManager : Event: ======'sw_playfield_active'====== Args={}
2025-10-29 22:54:58,992 : INFO : EventManager : Event: ======'machine_var_audits_switches_s_outer_inlane_right'====== Args={'value': 13, 'prev_value': 12, 'change': 1}
2025-10-29 22:54:58,993 : INFO : EventManager : Event: ======'check_goose_complete'====== Args={'priority': 0}
2025-10-29 22:54:58,993 : INFO : EventManager : Event: ======'player_goose_letter_s'====== Args={'value': 1, 'prev_value': 0, 'change': 1, 'player_num': 1, 'source': 'goose_letters'}
2025-10-29 22:54:59,094 : INFO : SwitchController : <<<<<<< 's_outer_inlane_right' inactive >>>>>>>
2025-10-29 22:54:59,937 : INFO : SwitchController : <<<<<<< 's_outlane_right' active >>>>>>>
2025-10-29 22:54:59,937 : INFO : EventManager : Event: ======'s_outlane_right_active'====== Args={}
2025-10-29 22:54:59,939 : INFO : EventManager : Event: ======'sw_playfield_active'====== Args={}
2025-10-29 22:54:59,939 : INFO : EventManager : Event: ======'sw_playfield_active'====== Args={}
2025-10-29 22:54:59,939 : INFO : EventManager : Event: ======'machine_var_audits_switches_s_outlane_right'====== Args={'value': 11, 'prev_value': 10, 'change': 1}
2025-10-29 22:54:59,940 : INFO : EventManager : Event: ======'check_goose_complete'====== Args={'priority': 0}
2025-10-29 22:54:59,940 : INFO : EventManager : Event: ======'player_goose_letter_e'====== Args={'value': 1, 'prev_value': 0, 'change': 1, 'player_num': 1, 'source': 'goose_letters'}
2025-10-29 22:54:59,940 : INFO : EventManager : Event: ======'goose_complete'====== Args={'priority': 100}
2025-10-29 22:54:59,941 : INFO : EventManager : Event: ======'player_goose_letter_g'====== Args={'value': 0, 'prev_value': 1, 'change': -1, 'player_num': 1, 'source': 'goose_letters'}
2025-10-29 22:54:59,941 : INFO : EventManager : Event: ======'player_goose_letter_o_left'====== Args={'value': 0, 'prev_value': 1, 'change': -1, 'player_num': 1, 'source': 'goose_letters'}
2025-10-29 22:54:59,941 : INFO : EventManager : Event: ======'player_goose_letter_e'====== Args={'value': 0, 'prev_value': 1, 'change': -1, 'player_num': 1, 'source': 'goose_letters'}
2025-10-29 22:54:59,941 : INFO : EventManager : Event: ======'player_goose_letter_o_right'====== Args={'value': 0, 'prev_value': 1, 'change': -1, 'player_num': 1, 'source': 'goose_letters'}
2025-10-29 22:54:59,942 : INFO : EventManager : Event: ======'player_goose_letter_s'====== Args={'value': 0, 'prev_value': 1, 'change': -1, 'player_num': 1, 'source': 'goose_letters'}
2025-10-29 22:54:59,942 : INFO : EventManager : Event: ======'player_goose_completions'====== Args={'value': 1, 'prev_value': 0, 'change': 1, 'player_num': 1, 'source': 'goose_letters'}
2025-10-29 22:55:00,071 : INFO : SwitchController : <<<<<<< 's_outlane_right' inactive >>>>>>>
2025-10-29 22:55:05,266 : INFO : SwitchController : <<<<<<< 's_outlane_left' active >>>>>>>
2025-10-29 22:55:05,266 : INFO : EventManager : Event: ======'s_outlane_left_active'====== Args={}
2025-10-29 22:55:05,266 : INFO : EventManager : Event: ======'sw_playfield_active'====== Args={}
2025-10-29 22:55:05,267 : INFO : EventManager : Event: ======'sw_playfield_active'====== Args={}
2025-10-29 22:55:05,267 : INFO : EventManager : Event: ======'machine_var_audits_switches_s_outlane_left'====== Args={'value': 8, 'prev_value': 7, 'change': 1}
2025-10-29 22:55:05,268 : INFO : EventManager : Event: ======'check_goose_complete'====== Args={'priority': 0}
2025-10-29 22:55:05,268 : INFO : EventManager : Event: ======'player_goose_letter_g'====== Args={'value': 1, 'prev_value': 0, 'change': 1, 'player_num': 1, 'source': 'goose_letters'}
2025-10-29 22:55:05,359 : INFO : SwitchController : <<<<<<< 's_outlane_left' inactive >>>>>>>
2025-10-29 22:55:06,070 : INFO : SwitchController : <<<<<<< 's_inlane_left' active >>>>>>>
2025-10-29 22:55:06,070 : INFO : EventManager : Event: ======'s_inlane_left_active'====== Args={}
2025-10-29 22:55:06,070 : INFO : EventManager : Event: ======'sw_playfield_active'====== Args={}
2025-10-29 22:55:06,070 : INFO : EventManager : Event: ======'sw_playfield_active'====== Args={}
2025-10-29 22:55:06,071 : INFO : EventManager : Event: ======'machine_var_audits_switches_s_inlane_left'====== Args={'value': 61, 'prev_value': 60, 'change': 1}
2025-10-29 22:55:06,071 : INFO : EventManager : Event: ======'check_goose_complete'====== Args={'priority': 0}
2025-10-29 22:55:06,073 : INFO : EventManager : Event: ======'player_goose_letter_o_left'====== Args={'value': 1, 'prev_value': 0, 'change': 1, 'player_num': 1, 'source': 'goose_letters'}
2025-10-29 22:55:06,203 : INFO : SwitchController : <<<<<<< 's_inlane_left' inactive >>>>>>>
2025-10-29 22:55:07,439 : INFO : SwitchController : <<<<<<< 's_inner_inlane_right' active >>>>>>>
2025-10-29 22:55:07,440 : INFO : EventManager : Event: ======'s_inner_inlane_right_active'====== Args={}
2025-10-29 22:55:07,440 : INFO : EventManager : Event: ======'sw_playfield_active'====== Args={}
2025-10-29 22:55:07,440 : INFO : EventManager : Event: ======'sw_playfield_active'====== Args={}
2025-10-29 22:55:07,440 : INFO : EventManager : Event: ======'machine_var_audits_switches_s_inner_inlane_right'====== Args={'value': 12, 'prev_value': 11, 'change': 1}
2025-10-29 22:55:07,442 : INFO : EventManager : Event: ======'check_goose_complete'====== Args={'priority': 0}
2025-10-29 22:55:07,442 : INFO : EventManager : Event: ======'player_goose_letter_o_right'====== Args={'value': 1, 'prev_value': 0, 'change': 1, 'player_num': 1, 'source': 'goose_letters'}
2025-10-29 22:55:07,564 : INFO : SwitchController : <<<<<<< 's_inner_inlane_right' inactive >>>>>>>
2025-10-29 22:55:08,120 : INFO : SwitchController : <<<<<<< 's_outer_inlane_right' active >>>>>>>
2025-10-29 22:55:08,120 : INFO : EventManager : Event: ======'s_outer_inlane_right_active'====== Args={}
2025-10-29 22:55:08,120 : INFO : EventManager : Event: ======'sw_playfield_active'====== Args={}
2025-10-29 22:55:08,121 : INFO : EventManager : Event: ======'sw_playfield_active'====== Args={}
2025-10-29 22:55:08,121 : INFO : EventManager : Event: ======'machine_var_audits_switches_s_outer_inlane_right'====== Args={'value': 14, 'prev_value': 13, 'change': 1}
2025-10-29 22:55:08,122 : INFO : EventManager : Event: ======'check_goose_complete'====== Args={'priority': 0}
2025-10-29 22:55:08,122 : INFO : EventManager : Event: ======'player_goose_letter_s'====== Args={'value': 1, 'prev_value': 0, 'change': 1, 'player_num': 1, 'source': 'goose_letters'}
2025-10-29 22:55:08,228 : INFO : SwitchController : <<<<<<< 's_outer_inlane_right' inactive >>>>>>>
2025-10-29 22:55:08,799 : INFO : SwitchController : <<<<<<< 's_outlane_right' active >>>>>>>
2025-10-29 22:55:08,799 : INFO : EventManager : Event: ======'s_outlane_right_active'====== Args={}
2025-10-29 22:55:08,800 : INFO : EventManager : Event: ======'sw_playfield_active'====== Args={}
2025-10-29 22:55:08,800 : INFO : EventManager : Event: ======'sw_playfield_active'====== Args={}
2025-10-29 22:55:08,800 : INFO : EventManager : Event: ======'machine_var_audits_switches_s_outlane_right'====== Args={'value': 12, 'prev_value': 11, 'change': 1}
2025-10-29 22:55:08,802 : INFO : EventManager : Event: ======'check_goose_complete'====== Args={'priority': 0}
2025-10-29 22:55:08,802 : INFO : EventManager : Event: ======'player_goose_letter_e'====== Args={'value': 1, 'prev_value': 0, 'change': 1, 'player_num': 1, 'source': 'goose_letters'}
2025-10-29 22:55:08,802 : INFO : EventManager : Event: ======'goose_complete'====== Args={'priority': 100}
2025-10-29 22:55:08,803 : INFO : EventManager : Event: ======'player_goose_letter_g'====== Args={'value': 0, 'prev_value': 1, 'change': -1, 'player_num': 1, 'source': 'goose_letters'}
2025-10-29 22:55:08,803 : INFO : EventManager : Event: ======'player_goose_letter_o_left'====== Args={'value': 0, 'prev_value': 1, 'change': -1, 'player_num': 1, 'source': 'goose_letters'}
2025-10-29 22:55:08,803 : INFO : EventManager : Event: ======'player_goose_letter_e'====== Args={'value': 0, 'prev_value': 1, 'change': -1, 'player_num': 1, 'source': 'goose_letters'}
2025-10-29 22:55:08,803 : INFO : EventManager : Event: ======'player_goose_letter_o_right'====== Args={'value': 0, 'prev_value': 1, 'change': -1, 'player_num': 1, 'source': 'goose_letters'}
2025-10-29 22:55:08,803 : INFO : EventManager : Event: ======'player_goose_letter_s'====== Args={'value': 0, 'prev_value': 1, 'change': -1, 'player_num': 1, 'source': 'goose_letters'}
2025-10-29 22:55:08,804 : INFO : EventManager : Event: ======'player_goose_completions'====== Args={'value': 2, 'prev_value': 1, 'change': 1, 'player_num': 1, 'source': 'goose_letters'}
2025-10-29 22:55:08,804 : INFO : EventManager : Event: ======'player_eject_mode_qualified'====== Args={'value': 1, 'prev_value': 0, 'change': 1, 'player_num': 1, 'source': 'goose_letters'}
2025-10-29 22:55:08,909 : INFO : SwitchController : <<<<<<< 's_outlane_right' inactive >>>>>>>
2025-10-29 22:55:12,212 : INFO : Machine : Shutting down...
2025-10-29 22:55:12,213 : INFO : EventManager : Event: ======'shutdown'====== Args={}
2025-10-29 22:55:12,214 : INFO : EventManager : Event: ======'mode_game_will_stop'====== Args={}
2025-10-29 22:55:12,214 : INFO : EventManager : Event: ======'mode_game_stopping'====== Args={}
2025-10-29 22:55:12,215 : INFO : EventManager : Event: ======'mode_pilot_mission_qualifier_will_stop'====== Args={}
2025-10-29 22:55:12,215 : INFO : EventManager : Event: ======'mode_pilot_mission_qualifier_stopping'====== Args={}
2025-10-29 22:55:12,215 : INFO : EventManager : Event: ======'mode_bumpers_will_stop'====== Args={}
2025-10-29 22:55:12,215 : INFO : EventManager : Event: ======'mode_bumpers_stopping'====== Args={}
2025-10-29 22:55:12,215 : INFO : EventManager : Event: ======'mode_base_will_stop'====== Args={}
2025-10-29 22:55:12,216 : INFO : EventManager : Event: ======'mode_base_stopping'====== Args={}
2025-10-29 22:55:12,216 : INFO : EventManager : Event: ======'mode_mach_scoring_will_stop'====== Args={}
2025-10-29 22:55:12,216 : INFO : EventManager : Event: ======'mode_mach_scoring_stopping'====== Args={}
2025-10-29 22:55:12,216 : INFO : EventManager : Event: ======'mode_goose_letters_will_stop'====== Args={}
2025-10-29 22:55:12,216 : INFO : EventManager : Event: ======'mode_goose_letters_stopping'====== Args={}
2025-10-29 22:55:12,216 : INFO : EventManager : Event: ======'stop_mode_bumpers'====== Args={'priority': 0}
2025-10-29 22:55:12,216 : INFO : Mode.goose_letters : Stopped.
2025-10-29 22:55:12,216 : INFO : EventManager : Event: ======'modes_active_modes_changed'====== Args={}
2025-10-29 22:55:12,216 : INFO : EventManager : Event: ======'mode_goose_letters_stopped'====== Args={}
2025-10-29 22:55:12,216 : INFO : EventManager : Event: ======'clear'====== Args={'key': 'goose_letters'}
2025-10-29 22:55:12,216 : INFO : Mode.mach_scoring : Stopped.
2025-10-29 22:55:12,218 : INFO : EventManager : Event: ======'modes_active_modes_changed'====== Args={}
2025-10-29 22:55:12,218 : INFO : EventManager : Event: ======'mode_mach_scoring_stopped'====== Args={}
2025-10-29 22:55:12,218 : INFO : EventManager : Event: ======'clear'====== Args={'key': 'mach_scoring'}
2025-10-29 22:55:12,218 : INFO : Timer.mach_qualify_timer : Stopping Timer
2025-10-29 22:55:12,218 : INFO : EventManager : Event: ======'timer_mach_qualify_timer_stopped'====== Args={'ticks': 10, 'ticks_remaining': 0}
2025-10-29 22:55:12,219 : INFO : Timer.mach_timer : Stopping Timer
2025-10-29 22:55:12,219 : INFO : EventManager : Event: ======'timer_mach_timer_stopped'====== Args={'ticks': 20, 'ticks_remaining': 0}
2025-10-29 22:55:12,219 : INFO : Mode.base : Stopped.
2025-10-29 22:55:12,219 : INFO : EventManager : Event: ======'modes_active_modes_changed'====== Args={}
2025-10-29 22:55:12,219 : INFO : EventManager : Event: ======'mode_base_stopped'====== Args={}
2025-10-29 22:55:12,219 : INFO : EventManager : Event: ======'clear'====== Args={'key': 'base'}
2025-10-29 22:55:12,219 : INFO : Mode.bumpers : Stopped.
2025-10-29 22:55:12,219 : INFO : EventManager : Event: ======'modes_active_modes_changed'====== Args={}
2025-10-29 22:55:12,219 : INFO : EventManager : Event: ======'mode_bumpers_stopped'====== Args={}
2025-10-29 22:55:12,219 : INFO : EventManager : Event: ======'clear'====== Args={'key': 'bumpers'}
2025-10-29 22:55:12,220 : INFO : Mode.pilot_mission_qualifier : Stopped.
2025-10-29 22:55:12,220 : INFO : EventManager : Event: ======'modes_active_modes_changed'====== Args={}
2025-10-29 22:55:12,224 : INFO : EventManager : Event: ======'mode_pilot_mission_qualifier_stopped'====== Args={}
2025-10-29 22:55:12,224 : INFO : EventManager : Event: ======'clear'====== Args={'key': 'pilot_mission_qualifier'}
2025-10-29 22:55:12,224 : INFO : Mode.game : Stopped.
2025-10-29 22:55:12,225 : INFO : EventManager : Event: ======'modes_active_modes_changed'====== Args={}
2025-10-29 22:55:12,225 : INFO : EventManager : Event: ======'mode_game_stopped'====== Args={}
2025-10-29 22:55:12,225 : INFO : EventManager : Event: ======'clear'====== Args={'key': 'game'}
2025-10-29 22:55:12,228 : INFO : root : MPF run loop ended.
