2025-08-22 12:49:46,536 : INFO : root : Loading config.
2025-08-22 12:49:46,550 : INFO : YamlMultifileConfigLoader : Machine config file #1: config.yaml
2025-08-22 12:49:46,551 : INFO : ConfigProcessor : Loading config from cache: C:\Users\White\AppData\Local\Temp\cfa6ecba65704a931c9dd214c44986c8.mpf_cache
2025-08-22 12:49:46,683 : WARNING : ConfigProcessor : Config file in cache changed: C:\Users\White\Documents\Top_Gun_Pinball\modes\attract\config\attract.yaml
2025-08-22 12:49:46,683 : INFO : ConfigProcessor : Loading config from file C:\Users\White\mpf\Lib\site-packages\mpf\modes\attract\config\attract.yaml.
2025-08-22 12:49:46,685 : INFO : ConfigProcessor : Loading config: C:\Users\White\mpf\Lib\site-packages\mpf\modes\attract\config\attract.yaml
2025-08-22 12:49:46,685 : INFO : ConfigProcessor : Loading config from file C:\Users\White\Documents\Top_Gun_Pinball\modes\attract\config\attract.yaml.
2025-08-22 12:49:46,686 : INFO : ConfigProcessor : Loading config: C:\Users\White\Documents\Top_Gun_Pinball\modes\attract\config\attract.yaml
2025-08-22 12:49:46,687 : INFO : ConfigProcessor : Config file cache created: C:\Users\White\AppData\Local\Temp\f98ffc0ff5962effface7d86bc406d5c.mpf_cache
2025-08-22 12:49:46,688 : INFO : ConfigProcessor : Loading config from cache: C:\Users\White\AppData\Local\Temp\91cc4d1c993c58dc354e34974b9cfeac.mpf_cache
2025-08-22 12:49:46,698 : INFO : ConfigProcessor : Loading config from cache: C:\Users\White\AppData\Local\Temp\f98ffc0ff5962effface7d86bc406d5c.mpf_cache
2025-08-22 12:49:46,708 : INFO : ConfigProcessor : Loading config from cache: C:\Users\White\AppData\Local\Temp\76792f1d686f89709887dba7bd69667a.mpf_cache
2025-08-22 12:49:46,718 : INFO : Machine : Mission Pinball Framework Core Engine v0.80.0.dev9
2025-08-22 12:49:46,718 : INFO : Machine : Command line arguments: {'no_load_cache': False, 'create_config_cache': True, 'bcp': True, 'configfile': ['config.yaml'], 'force_assets_load': False, 'platform_integration_test': False, 'jsonlogging': False, 'logfile': 'logs\\2025-08-22-12-49-46-mpf-TopGunPinball.log', 'pause': False, 'production': False, 'text_ui': False, 'loglevel': 15, 'consoleloglevel': 20, 'force_platform': 'virtual', 'syslog_address': None, 'full_logfile_path': 'C:\\Users\\White\\Documents\\Top_Gun_Pinball\\logs\\2025-08-22-12-49-46-mpf-TopGunPinball.log'}
2025-08-22 12:49:46,718 : INFO : Machine : MPF path: C:\Users\White\mpf\Lib\site-packages\mpf
2025-08-22 12:49:46,718 : INFO : Machine : Machine path: C:\Users\White\Documents\Top_Gun_Pinball
2025-08-22 12:49:46,718 : INFO : Machine : Platform: win32
2025-08-22 12:49:46,718 : INFO : Machine : Python executable location: C:\Users\White\mpf\Scripts\python.exe
2025-08-22 12:49:46,718 : INFO : Machine : Python version: 3.12.7 (64-bit)
2025-08-22 12:49:46,720 : INFO : Machine : Initializing MPF...
2025-08-22 12:49:46,825 : INFO : EventManager : Event: ======'machine_var_credits_string'====== Args={'value': 'FREE PLAY', 'prev_value': None, 'change': True}
2025-08-22 12:49:46,853 : INFO : EventManager : Event: ======'machine_var_master_volume'====== Args={'value': 0.5, 'prev_value': None, 'change': True}
2025-08-22 12:49:46,853 : INFO : EventManager : Event: ======'machine_var_mpf_version'====== Args={'value': 'Mission Pinball Framework v0.80.0.dev9', 'prev_value': None, 'change': True}
2025-08-22 12:49:46,853 : INFO : EventManager : Event: ======'machine_var_mpf_extended_version'====== Args={'value': 'Mission Pinball Framework v0.80.0.dev9, Config version:6, Show version: 6, BCP version:1.1', 'prev_value': None, 'change': True}
2025-08-22 12:49:46,854 : INFO : EventManager : Event: ======'machine_var_python_version'====== Args={'value': '3.12.7', 'prev_value': None, 'change': True}
2025-08-22 12:49:47,030 : INFO : EventManager : Event: ======'machine_var_platform'====== Args={'value': 'Windows-11-10.0.26100-SP0', 'prev_value': None, 'change': True}
2025-08-22 12:49:47,032 : INFO : EventManager : Event: ======'machine_var_platform_system'====== Args={'value': 'Windows', 'prev_value': None, 'change': True}
2025-08-22 12:49:47,032 : INFO : EventManager : Event: ======'machine_var_platform_release'====== Args={'value': '11', 'prev_value': None, 'change': True}
2025-08-22 12:49:47,032 : INFO : EventManager : Event: ======'machine_var_platform_version'====== Args={'value': '10.0.26100', 'prev_value': None, 'change': True}
2025-08-22 12:49:47,032 : INFO : EventManager : Event: ======'machine_var_platform_machine'====== Args={'value': 'AMD64', 'prev_value': None, 'change': True}
2025-08-22 12:49:47,032 : INFO : EventManager : Event: ======'machine_var_log_file_path'====== Args={'value': 'C:\\Users\\White\\Documents\\Top_Gun_Pinball\\logs\\2025-08-22-12-49-46-mpf-TopGunPinball.log', 'prev_value': None, 'change': True}
2025-08-22 12:49:47,032 : INFO : EventManager : Event: ======'init_phase_1'====== Args={}
2025-08-22 12:49:47,049 : INFO : EventManager : Event: ======'init_phase_2'====== Args={}
2025-08-22 12:49:47,050 : INFO : EventManager : Event: ======'bcp_connection_attempt'====== Args={'name': 'local_display', 'host': 'localhost', 'port': 5050}
2025-08-22 12:49:47,052 : INFO : BCPClientSocket : Connecting BCP to 'local_display' at localhost:5050...
2025-08-22 12:49:47,085 : INFO : BCPClientSocket : Connected BCP to 'local_display' localhost:5050
2025-08-22 12:49:47,086 : INFO : EventManager : Event: ======'bcp_clients_connected'====== Args={}
2025-08-22 12:49:47,097 : INFO : EventManager : Event: ======'init_phase_3'====== Args={}
2025-08-22 12:49:47,098 : INFO : EventManager : Event: ======'init_phase_4'====== Args={}
2025-08-22 12:49:47,099 : INFO : EventManager : Event: ======'machine_var_audits_events_game_started'====== Args={'value': 0, 'prev_value': None, 'change': True}
2025-08-22 12:49:47,099 : INFO : EventManager : Event: ======'machine_var_audits_events_game_ended'====== Args={'value': 0, 'prev_value': None, 'change': True}
2025-08-22 12:49:47,099 : INFO : EventManager : Event: ======'machine_var_audits_player_score'====== Args={'value': {'top': [], 'average': 0, 'total': 0}, 'prev_value': None, 'change': True}
2025-08-22 12:49:47,099 : INFO : EventManager : Event: ======'init_phase_5'====== Args={}
2025-08-22 12:49:47,099 : INFO : EventManager : Event: ======'init_done'====== Args={}
2025-08-22 12:49:47,099 : INFO : EventManager : Event: ======'machine_reset_phase_1'====== Args={}
2025-08-22 12:49:47,106 : INFO : EventManager : Event: ======'machine_reset_phase_2'====== Args={}
2025-08-22 12:49:47,107 : INFO : EventManager : Event: ======'machine_reset_phase_3'====== Args={}
2025-08-22 12:49:47,107 : INFO : EventManager : Event: ======'reset_complete'====== Args={}
2025-08-22 12:49:47,107 : INFO : EventManager : Event: ======'mode_attract_will_start'====== Args={}
2025-08-22 12:49:47,108 : INFO : EventManager : Event: ======'mode_attract_starting'====== Args={}
2025-08-22 12:49:47,108 : INFO : Mode.attract : Started. Priority: 10
2025-08-22 12:49:47,108 : INFO : EventManager : Event: ======'modes_active_modes_changed'====== Args={}
2025-08-22 12:49:47,108 : INFO : EventManager : Event: ======'mode_attract_started'====== Args={}
2025-08-22 12:49:47,108 : INFO : EventManager : Event: ======'collecting_balls_complete'====== Args={}
2025-08-22 12:49:47,109 : INFO : Machine : Starting the main run loop with active modes: [<Mode.attract>]
2025-08-22 12:49:47,122 : INFO : EventManager : Event: ======'slide_attract_created'====== Args={'_from_bcp': True}
2025-08-22 12:49:47,122 : INFO : EventManager : Event: ======'slide__removed'====== Args={'_from_bcp': True}
2025-08-22 12:49:47,123 : INFO : EventManager : Event: ======'slide_attract_active'====== Args={'original_context': 'attract', 'original_calling_context': 'mode_attract_started', 'priority': 10.0, 'cmd': 'slides_play', '_from_bcp': True}
2025-08-22 12:50:17,485 : INFO : Machine : Shutting down...
2025-08-22 12:50:17,485 : INFO : EventManager : Event: ======'shutdown'====== Args={}
2025-08-22 12:50:17,486 : INFO : root : MPF run loop ended.
