2025-12-26 13:47:52,208 : INFO : root : Loading config.
2025-12-26 13:47:52,212 : INFO : YamlMultifileConfigLoader : Machine config file #1: config.yaml
2025-12-26 13:47:52,212 : INFO : ConfigProcessor : Loading config from cache: C:\Users\White\AppData\Local\Temp\4d2409115979d2066280cf8a522910f3.mpf_cache
2025-12-26 13:47:52,227 : WARNING : ConfigProcessor : Config file in cache changed: C:\Users\White\documents\Top_Gun_Pinball\config\config_coils.yaml
2025-12-26 13:47:52,227 : INFO : ConfigProcessor : Loading config from file C:\Users\White\mpf\Lib\site-packages\mpf\mpfconfig.yaml.
2025-12-26 13:47:52,239 : INFO : ConfigProcessor : Loading config: C:\Users\White\mpf\Lib\site-packages\mpf\mpfconfig.yaml
2025-12-26 13:47:52,239 : INFO : ConfigProcessor : Loading config from file C:\Users\White\documents\Top_Gun_Pinball\config\config.yaml.
2025-12-26 13:47:52,241 : INFO : ConfigProcessor : Loading config: C:\Users\White\documents\Top_Gun_Pinball\config\config.yaml
2025-12-26 13:47:52,242 : INFO : ConfigProcessor : Loading config: C:\Users\White\documents\Top_Gun_Pinball\config\config_autofire_coils.yaml
2025-12-26 13:47:52,244 : INFO : ConfigProcessor : Loading config: C:\Users\White\documents\Top_Gun_Pinball\config\config_ball_devices.yaml
2025-12-26 13:47:52,265 : INFO : ConfigProcessor : Loading config: C:\Users\White\documents\Top_Gun_Pinball\config\config_coils.yaml
2025-12-26 13:47:52,267 : INFO : ConfigProcessor : Loading config: C:\Users\White\documents\Top_Gun_Pinball\config\config_flippers.yaml
2025-12-26 13:47:52,271 : INFO : ConfigProcessor : Loading config: C:\Users\White\documents\Top_Gun_Pinball\config\config_hardware_fast.yaml
2025-12-26 13:47:52,285 : INFO : ConfigProcessor : Loading config: C:\Users\White\documents\Top_Gun_Pinball\config\config_lights.yaml
2025-12-26 13:47:52,294 : INFO : ConfigProcessor : Loading config: C:\Users\White\documents\Top_Gun_Pinball\config\config_switches.yaml
2025-12-26 13:47:52,296 : INFO : ConfigProcessor : Loading config: C:\Users\White\documents\Top_Gun_Pinball\config\variable_player.yaml
2025-12-26 13:47:52,298 : INFO : ConfigProcessor : Loading config: C:\Users\White\documents\Top_Gun_Pinball\config\config_videos.yaml
2025-12-26 13:47:52,303 : INFO : ConfigProcessor : Config file cache created: C:\Users\White\AppData\Local\Temp\4d2409115979d2066280cf8a522910f3.mpf_cache
2025-12-26 13:47:52,405 : INFO : ConfigProcessor : Loading config from cache: C:\Users\White\AppData\Local\Temp\e29f700f4dd412c341ced84fe54a834e.mpf_cache
2025-12-26 13:47:52,405 : INFO : ConfigProcessor : Loading config from cache: C:\Users\White\AppData\Local\Temp\91cc4d1c993c58dc354e34974b9cfeac.mpf_cache
2025-12-26 13:47:52,406 : INFO : ConfigProcessor : Loading config from cache: C:\Users\White\AppData\Local\Temp\153a6f35d2fbc89e8611fc222f5041e6.mpf_cache
2025-12-26 13:47:52,407 : INFO : ConfigProcessor : Loading config from cache: C:\Users\White\AppData\Local\Temp\e29f700f4dd412c341ced84fe54a834e.mpf_cache
2025-12-26 13:47:52,407 : INFO : ConfigProcessor : Loading config from cache: C:\Users\White\AppData\Local\Temp\3424101e418333c494b4f7abb38a6bbc.mpf_cache
2025-12-26 13:47:52,408 : INFO : ConfigProcessor : Loading config from cache: C:\Users\White\AppData\Local\Temp\2baac919e756d495657c096c87a61da2.mpf_cache
2025-12-26 13:47:52,409 : INFO : ConfigProcessor : Loading config from cache: C:\Users\White\AppData\Local\Temp\515c33aaf7882d3e576ea3c42b7bfe2a.mpf_cache
2025-12-26 13:47:52,410 : INFO : ConfigProcessor : Loading config from cache: C:\Users\White\AppData\Local\Temp\928267ba5ce09cfb7bef110abe29482e.mpf_cache
2025-12-26 13:47:52,411 : INFO : ConfigProcessor : Loading config from cache: C:\Users\White\AppData\Local\Temp\143f2aa6ea6c447c37835b1fcf1e2392.mpf_cache
2025-12-26 13:47:52,411 : INFO : ConfigProcessor : Loading config from cache: C:\Users\White\AppData\Local\Temp\32a647433343f2a8dbd97369798bc91c.mpf_cache
2025-12-26 13:47:52,412 : INFO : ConfigProcessor : Loading config from cache: C:\Users\White\AppData\Local\Temp\fcd858616785c392a2718eef83d6bdec.mpf_cache
2025-12-26 13:47:52,413 : INFO : ConfigProcessor : Loading config from cache: C:\Users\White\AppData\Local\Temp\bc528c0552a0292e8ecb958c9df9be52.mpf_cache
2025-12-26 13:47:52,414 : INFO : ConfigProcessor : Loading config from cache: C:\Users\White\AppData\Local\Temp\079d5d4f78adbdc9511df3472695879d.mpf_cache
2025-12-26 13:47:52,414 : INFO : ConfigProcessor : Loading config from cache: C:\Users\White\AppData\Local\Temp\3d7624af3136b167d055570c605d2391.mpf_cache
2025-12-26 13:47:52,416 : INFO : ConfigProcessor : Loading config from cache: C:\Users\White\AppData\Local\Temp\cbf9c95ed33e797787d40a3c26fb1f29.mpf_cache
2025-12-26 13:47:52,417 : INFO : ConfigProcessor : Loading config from cache: C:\Users\White\AppData\Local\Temp\0f477732e86fa3539be0c16808cbc3a4.mpf_cache
2025-12-26 13:47:52,419 : INFO : ConfigProcessor : Loading config from cache: C:\Users\White\AppData\Local\Temp\5252be9889d0ea92e9251ccb139bb96e.mpf_cache
2025-12-26 13:47:52,422 : INFO : ConfigProcessor : Loading config from cache: C:\Users\White\AppData\Local\Temp\bbd12103fd66360c81da95fa3b5d5cac.mpf_cache
2025-12-26 13:47:52,425 : INFO : ConfigProcessor : Loading config from cache: C:\Users\White\AppData\Local\Temp\aecbb0084a39aaddc8e1af6d86d05e57.mpf_cache
2025-12-26 13:47:52,427 : INFO : ConfigProcessor : Loading config from cache: C:\Users\White\AppData\Local\Temp\a64c515fc9f6d1ba4d043d8acedc61d8.mpf_cache
2025-12-26 13:47:52,428 : INFO : ConfigProcessor : Loading config from cache: C:\Users\White\AppData\Local\Temp\157e473ad106aaf7621d4ff67f908349.mpf_cache
2025-12-26 13:47:52,431 : INFO : ConfigProcessor : Loading config from cache: C:\Users\White\AppData\Local\Temp\b42daedb456e388e83b54e0791e694a7.mpf_cache
2025-12-26 13:47:52,433 : INFO : ConfigProcessor : Loading config from cache: C:\Users\White\AppData\Local\Temp\faf1d2b55b8b754be547ffd9950d5977.mpf_cache
2025-12-26 13:47:52,434 : INFO : ConfigProcessor : Loading config from cache: C:\Users\White\AppData\Local\Temp\881befc175503515b6a677d4b92fd8f6.mpf_cache
2025-12-26 13:47:52,438 : INFO : ConfigProcessor : Loading config from cache: C:\Users\White\AppData\Local\Temp\e02fdb456b236b981c3cd16c62d08cdd.mpf_cache
2025-12-26 13:47:52,440 : INFO : ConfigProcessor : Loading config from cache: C:\Users\White\AppData\Local\Temp\60f49b772835308c8a63a813f3984bd2.mpf_cache
2025-12-26 13:47:52,441 : INFO : ConfigProcessor : Loading config from cache: C:\Users\White\AppData\Local\Temp\b44eabe64ef7d1af51d3871ffce6e8a0.mpf_cache
2025-12-26 13:47:52,442 : INFO : ConfigProcessor : Loading config from cache: C:\Users\White\AppData\Local\Temp\c53f4b0025ffe033d8b4913dcf5d894f.mpf_cache
2025-12-26 13:47:52,443 : INFO : ConfigProcessor : Loading config from cache: C:\Users\White\AppData\Local\Temp\859a13897bab67859dc37e71c8deb7f3.mpf_cache
2025-12-26 13:47:52,444 : INFO : ConfigProcessor : Loading config from cache: C:\Users\White\AppData\Local\Temp\1df928f99f2fd0a162eaba4dfecade40.mpf_cache
2025-12-26 13:47:52,446 : INFO : ConfigProcessor : Loading config from cache: C:\Users\White\AppData\Local\Temp\79c411a388f93dc9361da8ba68c71f8b.mpf_cache
2025-12-26 13:47:52,447 : INFO : ConfigProcessor : Loading config from cache: C:\Users\White\AppData\Local\Temp\a2e6743439269288443fc316af74c4e3.mpf_cache
2025-12-26 13:47:52,448 : INFO : ConfigProcessor : Loading config from cache: C:\Users\White\AppData\Local\Temp\806e2c11867b05313045539710e5cf3e.mpf_cache
2025-12-26 13:47:52,449 : INFO : ConfigProcessor : Loading config from cache: C:\Users\White\AppData\Local\Temp\d4cc51f9996852dab0efd4baeb323b9c.mpf_cache
2025-12-26 13:47:52,449 : INFO : Machine : Mission Pinball Framework Core Engine v0.80.0.dev9
2025-12-26 13:47:52,449 : INFO : Machine : Command line arguments: {'no_load_cache': False, 'create_config_cache': True, 'bcp': True, 'configfile': ['config.yaml'], 'force_assets_load': False, 'platform_integration_test': False, 'jsonlogging': False, 'logfile': 'logs\\2025-12-26-13-47-52-mpf-TopGunPinball.log', 'pause': False, 'production': False, 'text_ui': False, 'loglevel': 15, 'consoleloglevel': 20, 'force_platform': None, 'syslog_address': None, 'full_logfile_path': 'C:\\Users\\White\\documents\\Top_Gun_Pinball\\logs\\2025-12-26-13-47-52-mpf-TopGunPinball.log'}
2025-12-26 13:47:52,450 : INFO : Machine : MPF path: C:\Users\White\mpf\Lib\site-packages\mpf
2025-12-26 13:47:52,450 : INFO : Machine : Machine path: C:\Users\White\documents\Top_Gun_Pinball
2025-12-26 13:47:52,450 : INFO : Machine : Platform: win32
2025-12-26 13:47:52,450 : INFO : Machine : Python executable location: C:\Users\White\mpf\Scripts\python.exe
2025-12-26 13:47:52,450 : INFO : Machine : Python version: 3.12.7 (64-bit)
2025-12-26 13:47:52,452 : INFO : Machine : Initializing MPF...
2025-12-26 13:47:52,559 : INFO : FAST : Auto-detecting ports for the following connections: ['net', 'exp', 'aud']
2025-12-26 13:47:53,079 : INFO : FAST : Detected NET on port COM3
2025-12-26 13:47:53,079 : INFO : FAST : Detected AUD on port COM7
2025-12-26 13:47:53,095 : INFO : FAST : Detected EXP on port COM4
2025-12-26 13:47:53,206 : INFO : FAST [NET] : Trying to connect to COM3 at 921600bps
2025-12-26 13:47:53,283 : INFO : FAST [NET] : Connected to COM3 at 921600bps
2025-12-26 13:47:53,297 : INFO : FAST [NET] : Connected to FP-CPU-2000 with firmware v02.26
2025-12-26 13:47:53,329 : INFO : FAST [NET] : Registered I/O Board 0: Model: FP-I/O-0024, Firmware: 01.10, Switches: 24, Drivers: 8
2025-12-26 13:47:53,344 : INFO : FAST [NET] : Registered I/O Board 1: Model: FP-I/O-3208, Firmware: 01.10, Switches: 32, Drivers: 8
2025-12-26 13:47:53,359 : INFO : FAST [NET] : Registered I/O Board 2: Model: FP-I/O-3208, Firmware: 01.10, Switches: 32, Drivers: 8
2025-12-26 13:47:53,375 : INFO : FAST [NET] : Registered I/O Board 3: Model: FP-I/O-0804, Firmware: 01.10, Switches: 8, Drivers: 4
2025-12-26 13:47:53,390 : INFO : FAST [NET] : Registered I/O Board 4: Model: FP-I/O-0804, Firmware: 01.10, Switches: 8, Drivers: 4
2025-12-26 13:47:53,393 : INFO : FAST [EXP] : Trying to connect to COM4 at 921600bps
2025-12-26 13:47:53,470 : INFO : FAST [EXP] : Connected to COM4 at 921600bps
2025-12-26 13:47:53,484 : INFO : FAST [EXP] : Verifying hardware for EXP "neuron" (FP-EXP-2000, @48) with ID string "EXP FP-EXP-2000  0.38", board address 48
2025-12-26 13:47:53,500 : INFO : FAST [EXP] : Verifying hardware for EXP "neuron" (FP-EXP-2000, @48) with ID string "LED FP-BRK-0001  0.8", board address 480
2025-12-26 13:47:53,531 : INFO : FAST [EXP] : Verifying hardware for EXP "light_expansion_board" (FP-EXP-0071, @B4) with ID string "EXP FP-EXP-0071  0.38", board address B4
2025-12-26 13:47:53,547 : INFO : FAST [EXP] : Verifying hardware for EXP "light_expansion_board" (FP-EXP-0071, @B4) with ID string "BRK FP-EXP-0071  0.38", board address B40
2025-12-26 13:47:53,564 : INFO : FAST [AUD] : Trying to connect to COM7 at 230400bps
2025-12-26 13:47:53,697 : INFO : FAST [AUD] : Connected to COM7 at 230400bps
2025-12-26 13:47:53,698 : WARNING : FAST [AUD] : Received XX response:F
2025-12-26 13:47:53,698 : WARNING : FAST [AUD] : Received XX response:F
2025-12-26 13:47:53,698 : WARNING : FAST [AUD] : Received XX response:F
2025-12-26 13:47:53,698 : WARNING : FAST [AUD] : Received XX response:F
2025-12-26 13:47:53,699 : INFO : FAST [AUD] : Connected to FP-AUD-0099 with firmware v0.10
2025-12-26 13:47:53,699 : INFO : EventManager : Event: ======'machine_var_credits_string'====== Args={'value': 'FREE PLAY', 'prev_value': None, 'change': True}
2025-12-26 13:47:53,729 : INFO : EventManager : Event: ======'machine_var_fast_audio_headphones_volume'====== Args={'value': 20, 'prev_value': None, 'change': True}
2025-12-26 13:47:53,730 : INFO : EventManager : Event: ======'machine_var_fast_audio_main_volume'====== Args={'value': 20, 'prev_value': None, 'change': True}
2025-12-26 13:47:53,730 : INFO : EventManager : Event: ======'machine_var_master_volume'====== Args={'value': 0.5, 'prev_value': None, 'change': True}
2025-12-26 13:47:53,730 : INFO : EventManager : Event: ======'machine_var_player1_score'====== Args={'value': 314100, 'prev_value': None, 'change': True}
2025-12-26 13:47:53,730 : INFO : EventManager : Event: ======'machine_var_mpf_version'====== Args={'value': 'Mission Pinball Framework v0.80.0.dev9', 'prev_value': None, 'change': True}
2025-12-26 13:47:53,730 : INFO : EventManager : Event: ======'machine_var_mpf_extended_version'====== Args={'value': 'Mission Pinball Framework v0.80.0.dev9, Config version:6, Show version: 6, BCP version:1.1', 'prev_value': None, 'change': True}
2025-12-26 13:47:53,730 : INFO : EventManager : Event: ======'machine_var_python_version'====== Args={'value': '3.12.7', 'prev_value': None, 'change': True}
2025-12-26 13:47:53,883 : INFO : EventManager : Event: ======'machine_var_platform'====== Args={'value': 'Windows-11-10.0.26100-SP0', 'prev_value': None, 'change': True}
2025-12-26 13:47:53,883 : INFO : EventManager : Event: ======'machine_var_platform_system'====== Args={'value': 'Windows', 'prev_value': None, 'change': True}
2025-12-26 13:47:53,883 : INFO : EventManager : Event: ======'machine_var_platform_release'====== Args={'value': '11', 'prev_value': None, 'change': True}
2025-12-26 13:47:53,883 : INFO : EventManager : Event: ======'machine_var_platform_version'====== Args={'value': '10.0.26100', 'prev_value': None, 'change': True}
2025-12-26 13:47:53,883 : INFO : EventManager : Event: ======'machine_var_platform_machine'====== Args={'value': 'AMD64', 'prev_value': None, 'change': True}
2025-12-26 13:47:53,883 : INFO : EventManager : Event: ======'machine_var_log_file_path'====== Args={'value': 'C:\\Users\\White\\documents\\Top_Gun_Pinball\\logs\\2025-12-26-13-47-52-mpf-TopGunPinball.log', 'prev_value': None, 'change': True}
2025-12-26 13:47:53,883 : INFO : EventManager : Event: ======'init_phase_1'====== Args={}
2025-12-26 13:47:56,455 : INFO : SwitchController : <<<<<<< 's_coin_door' active >>>>>>>
2025-12-26 13:47:56,455 : INFO : SwitchController : <<<<<<< 's_trough_1' active >>>>>>>
2025-12-26 13:47:56,455 : INFO : SwitchController : <<<<<<< 's_trough_2' active >>>>>>>
2025-12-26 13:47:56,455 : INFO : SwitchController : <<<<<<< 's_trough_3' active >>>>>>>
2025-12-26 13:47:56,455 : INFO : SwitchController : <<<<<<< 's_trough_4' active >>>>>>>
2025-12-26 13:47:56,455 : INFO : SwitchController : <<<<<<< 's_shooter_lane' active >>>>>>>
2025-12-26 13:47:56,489 : INFO : EventManager : Event: ======'init_phase_2'====== Args={}
2025-12-26 13:47:56,489 : INFO : SwitchController : Found active switch: (0, [FAST Platform Interface]) <switch.s_coin_door>
2025-12-26 13:47:56,491 : INFO : SwitchController : Found active switch: (24, [FAST Platform Interface]) <switch.s_trough_1>
2025-12-26 13:47:56,491 : INFO : SwitchController : Found active switch: (25, [FAST Platform Interface]) <switch.s_trough_2>
2025-12-26 13:47:56,491 : INFO : SwitchController : Found active switch: (26, [FAST Platform Interface]) <switch.s_trough_3>
2025-12-26 13:47:56,491 : INFO : SwitchController : Found active switch: (27, [FAST Platform Interface]) <switch.s_trough_4>
2025-12-26 13:47:56,491 : INFO : SwitchController : Found active switch: (31, [FAST Platform Interface]) <switch.s_shooter_lane>
2025-12-26 13:47:56,574 : INFO : EventManager : Event: ======'bcp_connection_attempt'====== Args={'name': 'local_display', 'host': 'localhost', 'port': 5050}
2025-12-26 13:47:56,577 : INFO : BCPClientSocket : Connecting BCP to 'local_display' at localhost:5050...
2025-12-26 13:47:56,588 : INFO : BCPClientSocket : Connected BCP to 'local_display' localhost:5050
2025-12-26 13:47:56,588 : INFO : EventManager : Event: ======'bcp_clients_connected'====== Args={}
2025-12-26 13:47:56,768 : INFO : ball_device.bd_plunger : BCH: Initial count: 1
2025-12-26 13:47:56,770 : INFO : ball_device.bd_plunger : State: idle
2025-12-26 13:47:56,771 : INFO : ball_device.bd_trough : BCH: Initial count: 4
2025-12-26 13:47:56,771 : INFO : ball_device.bd_trough : State: idle
2025-12-26 13:47:56,772 : INFO : ball_device.bd_lock_elevator : BCH: Initial count: 0
2025-12-26 13:47:56,773 : INFO : ball_device.bd_lock_elevator : State: idle
2025-12-26 13:47:56,773 : INFO : ball_device.bd_mode_scoop : BCH: Initial count: 0
2025-12-26 13:47:56,774 : INFO : ball_device.bd_mode_scoop : State: idle
2025-12-26 13:47:56,801 : INFO : EventManager : Event: ======'init_phase_3'====== Args={}
2025-12-26 13:47:58,084 : INFO : EventManager : Event: ======'init_phase_4'====== Args={}
2025-12-26 13:47:58,084 : INFO : SwitchController : <<<<<<< 's_shooter_lane' inactive >>>>>>>
2025-12-26 13:47:58,084 : INFO : EventManager : Event: ======'s_shooter_lane_inactive'====== Args={}
2025-12-26 13:47:58,086 : INFO : EventManager : Event: ======'video_launch_start'====== Args={'priority': 0}
2025-12-26 13:47:58,089 : INFO : EventManager : Event: ======'machine_var_audits_events_game_ended'====== Args={'value': 4, 'prev_value': None, 'change': True}
2025-12-26 13:47:58,089 : INFO : EventManager : Event: ======'machine_var_audits_events_game_started'====== Args={'value': 699, 'prev_value': None, 'change': True}
2025-12-26 13:47:58,089 : INFO : EventManager : Event: ======'machine_var_audits_missing_switches_s_a_iceman_target'====== Args={'value': 3, 'prev_value': None, 'change': True}
2025-12-26 13:47:58,089 : INFO : EventManager : Event: ======'machine_var_audits_missing_switches_s_bumper_center'====== Args={'value': 3, 'prev_value': None, 'change': True}
2025-12-26 13:47:58,089 : INFO : EventManager : Event: ======'machine_var_audits_missing_switches_s_bumper_left'====== Args={'value': 3, 'prev_value': None, 'change': True}
2025-12-26 13:47:58,089 : INFO : EventManager : Event: ======'machine_var_audits_missing_switches_s_bumper_right'====== Args={'value': 3, 'prev_value': None, 'change': True}
2025-12-26 13:47:58,089 : INFO : EventManager : Event: ======'machine_var_audits_missing_switches_s_c_iceman_target'====== Args={'value': 1, 'prev_value': None, 'change': True}
2025-12-26 13:47:58,089 : INFO : EventManager : Event: ======'machine_var_audits_missing_switches_s_coin_door'====== Args={'value': 3, 'prev_value': None, 'change': True}
2025-12-26 13:47:58,089 : INFO : EventManager : Event: ======'machine_var_audits_missing_switches_s_coin_door_credit_left'====== Args={'value': 493, 'prev_value': None, 'change': True}
2025-12-26 13:47:58,089 : INFO : EventManager : Event: ======'machine_var_audits_missing_switches_s_coin_door_credit_right'====== Args={'value': 493, 'prev_value': None, 'change': True}
2025-12-26 13:47:58,089 : INFO : EventManager : Event: ======'machine_var_audits_missing_switches_s_coin_door_service_1'====== Args={'value': 11, 'prev_value': None, 'change': True}
2025-12-26 13:47:58,089 : INFO : EventManager : Event: ======'machine_var_audits_missing_switches_s_coin_door_service_2'====== Args={'value': 11, 'prev_value': None, 'change': True}
2025-12-26 13:47:58,090 : INFO : EventManager : Event: ======'machine_var_audits_missing_switches_s_coin_door_service_3'====== Args={'value': 11, 'prev_value': None, 'change': True}
2025-12-26 13:47:58,090 : INFO : EventManager : Event: ======'machine_var_audits_missing_switches_s_coin_door_service_4'====== Args={'value': 11, 'prev_value': None, 'change': True}
2025-12-26 13:47:58,090 : INFO : EventManager : Event: ======'machine_var_audits_missing_switches_s_e_iceman_target'====== Args={'value': 1, 'prev_value': None, 'change': True}
2025-12-26 13:47:58,090 : INFO : EventManager : Event: ======'machine_var_audits_missing_switches_s_flight_gear_target'====== Args={'value': 11, 'prev_value': None, 'change': True}
2025-12-26 13:47:58,090 : INFO : EventManager : Event: ======'machine_var_audits_missing_switches_s_i_iceman_target'====== Args={'value': 1, 'prev_value': None, 'change': True}
2025-12-26 13:47:58,091 : INFO : EventManager : Event: ======'machine_var_audits_missing_switches_s_inlane_left'====== Args={'value': 3, 'prev_value': None, 'change': True}
2025-12-26 13:47:58,091 : INFO : EventManager : Event: ======'machine_var_audits_missing_switches_s_k_lock_target'====== Args={'value': 3, 'prev_value': None, 'change': True}
2025-12-26 13:47:58,091 : INFO : EventManager : Event: ======'machine_var_audits_missing_switches_s_l_lock_target'====== Args={'value': 3, 'prev_value': None, 'change': True}
2025-12-26 13:47:58,091 : INFO : EventManager : Event: ======'machine_var_audits_missing_switches_s_lane_left'====== Args={'value': 27, 'prev_value': None, 'change': True}
2025-12-26 13:47:58,091 : INFO : EventManager : Event: ======'machine_var_audits_missing_switches_s_lane_right'====== Args={'value': 1, 'prev_value': None, 'change': True}
2025-12-26 13:47:58,091 : INFO : EventManager : Event: ======'machine_var_audits_missing_switches_s_lock_goose'====== Args={'value': 648, 'prev_value': None, 'change': True}
2025-12-26 13:47:58,091 : INFO : EventManager : Event: ======'machine_var_audits_missing_switches_s_lock_mav'====== Args={'value': 648, 'prev_value': None, 'change': True}
2025-12-26 13:47:58,091 : INFO : EventManager : Event: ======'machine_var_audits_missing_switches_s_lock_plunger'====== Args={'value': 482, 'prev_value': None, 'change': True}
2025-12-26 13:47:58,091 : INFO : EventManager : Event: ======'machine_var_audits_missing_switches_s_m_iceman_target'====== Args={'value': 1, 'prev_value': None, 'change': True}
2025-12-26 13:47:58,091 : INFO : EventManager : Event: ======'machine_var_audits_missing_switches_s_mig_lane_left'====== Args={'value': 3, 'prev_value': None, 'change': True}
2025-12-26 13:47:58,091 : INFO : EventManager : Event: ======'machine_var_audits_missing_switches_s_mig_lane_right'====== Args={'value': 5, 'prev_value': None, 'change': True}
2025-12-26 13:47:58,091 : INFO : EventManager : Event: ======'machine_var_audits_missing_switches_s_mode_start'====== Args={'value': 5, 'prev_value': None, 'change': True}
2025-12-26 13:47:58,092 : INFO : EventManager : Event: ======'machine_var_audits_missing_switches_s_n_iceman_target'====== Args={'value': 3, 'prev_value': None, 'change': True}
2025-12-26 13:47:58,092 : INFO : EventManager : Event: ======'machine_var_audits_missing_switches_s_o_lock_target'====== Args={'value': 3, 'prev_value': None, 'change': True}
2025-12-26 13:47:58,092 : INFO : EventManager : Event: ======'machine_var_audits_missing_switches_s_orbit_lower'====== Args={'value': 38, 'prev_value': None, 'change': True}
2025-12-26 13:47:58,092 : INFO : EventManager : Event: ======'machine_var_audits_missing_switches_s_orbit_upper'====== Args={'value': 1, 'prev_value': None, 'change': True}
2025-12-26 13:47:58,092 : INFO : EventManager : Event: ======'machine_var_audits_missing_switches_s_outer_inlane_right'====== Args={'value': 3, 'prev_value': None, 'change': True}
2025-12-26 13:47:58,092 : INFO : EventManager : Event: ======'machine_var_audits_missing_switches_s_outlane_left'====== Args={'value': 3, 'prev_value': None, 'change': True}
2025-12-26 13:47:58,092 : INFO : EventManager : Event: ======'machine_var_audits_missing_switches_s_plunger_lane'====== Args={'value': 10, 'prev_value': None, 'change': True}
2025-12-26 13:47:58,092 : INFO : EventManager : Event: ======'machine_var_audits_missing_switches_s_ramp_inner_exit'====== Args={'value': 6, 'prev_value': None, 'change': True}
2025-12-26 13:47:58,092 : INFO : EventManager : Event: ======'machine_var_audits_missing_switches_s_ramp_left_exit'====== Args={'value': 6, 'prev_value': None, 'change': True}
2025-12-26 13:47:58,092 : INFO : EventManager : Event: ======'machine_var_audits_missing_switches_s_ramp_right_exit'====== Args={'value': 11, 'prev_value': None, 'change': True}
2025-12-26 13:47:58,092 : INFO : EventManager : Event: ======'machine_var_audits_missing_switches_s_ramp_tower_exit'====== Args={'value': 6, 'prev_value': None, 'change': True}
2025-12-26 13:47:58,092 : INFO : EventManager : Event: ======'machine_var_audits_missing_switches_s_slingshot_left'====== Args={'value': 3, 'prev_value': None, 'change': True}
2025-12-26 13:47:58,092 : INFO : EventManager : Event: ======'machine_var_audits_missing_switches_s_slingshot_right'====== Args={'value': 3, 'prev_value': None, 'change': True}
2025-12-26 13:47:58,092 : INFO : EventManager : Event: ======'machine_var_audits_missing_switches_s_start'====== Args={'value': 21, 'prev_value': None, 'change': True}
2025-12-26 13:47:58,093 : INFO : EventManager : Event: ======'machine_var_audits_missing_switches_s_tilt'====== Args={'value': 586, 'prev_value': None, 'change': True}
2025-12-26 13:47:58,093 : INFO : EventManager : Event: ======'machine_var_audits_player_score'====== Args={'value': {'average': 597469, 'top': [2229000, 314100, 310250, 73000, 61000], 'total': 5}, 'prev_value': None, 'change': True}
2025-12-26 13:47:58,093 : INFO : EventManager : Event: ======'machine_var_audits_shots_bumper_center'====== Args={'value': 659, 'prev_value': None, 'change': True}
2025-12-26 13:47:58,093 : INFO : EventManager : Event: ======'machine_var_audits_shots_bumper_left'====== Args={'value': 661, 'prev_value': None, 'change': True}
2025-12-26 13:47:58,093 : INFO : EventManager : Event: ======'machine_var_audits_shots_bumper_right'====== Args={'value': 429, 'prev_value': None, 'change': True}
2025-12-26 13:47:58,093 : INFO : EventManager : Event: ======'machine_var_audits_shots_mach_ramp'====== Args={'value': 817, 'prev_value': None, 'change': True}
2025-12-26 13:47:58,093 : INFO : EventManager : Event: ======'machine_var_audits_shots_mig_lane_left'====== Args={'value': 192, 'prev_value': None, 'change': True}
2025-12-26 13:47:58,093 : INFO : EventManager : Event: ======'machine_var_audits_shots_mig_lane_right'====== Args={'value': 30, 'prev_value': None, 'change': True}
2025-12-26 13:47:58,093 : INFO : EventManager : Event: ======'machine_var_audits_shots_orbit_upper'====== Args={'value': 22, 'prev_value': None, 'change': True}
2025-12-26 13:47:58,093 : INFO : EventManager : Event: ======'machine_var_audits_shots_ramp_inner'====== Args={'value': 58, 'prev_value': None, 'change': True}
2025-12-26 13:47:58,093 : INFO : EventManager : Event: ======'machine_var_audits_shots_spinner'====== Args={'value': 47, 'prev_value': None, 'change': True}
2025-12-26 13:47:58,093 : INFO : EventManager : Event: ======'machine_var_audits_switches_s_a_iceman_target'====== Args={'value': 210, 'prev_value': None, 'change': True}
2025-12-26 13:47:58,093 : INFO : EventManager : Event: ======'machine_var_audits_switches_s_barrier_target'====== Args={'value': 58, 'prev_value': None, 'change': True}
2025-12-26 13:47:58,093 : INFO : EventManager : Event: ======'machine_var_audits_switches_s_bumper_center'====== Args={'value': 679, 'prev_value': None, 'change': True}
2025-12-26 13:47:58,093 : INFO : EventManager : Event: ======'machine_var_audits_switches_s_bumper_left'====== Args={'value': 692, 'prev_value': None, 'change': True}
2025-12-26 13:47:58,093 : INFO : EventManager : Event: ======'machine_var_audits_switches_s_bumper_right'====== Args={'value': 435, 'prev_value': None, 'change': True}
2025-12-26 13:47:58,093 : INFO : EventManager : Event: ======'machine_var_audits_switches_s_c_iceman_target'====== Args={'value': 165, 'prev_value': None, 'change': True}
2025-12-26 13:47:58,093 : INFO : EventManager : Event: ======'machine_var_audits_switches_s_c_lock_target'====== Args={'value': 19, 'prev_value': None, 'change': True}
2025-12-26 13:47:58,094 : INFO : EventManager : Event: ======'machine_var_audits_switches_s_coin_door'====== Args={'value': 3, 'prev_value': None, 'change': True}
2025-12-26 13:47:58,094 : INFO : EventManager : Event: ======'machine_var_audits_switches_s_coin_door_credit_left'====== Args={'value': 0, 'prev_value': None, 'change': True}
2025-12-26 13:47:58,094 : INFO : EventManager : Event: ======'machine_var_audits_switches_s_coin_door_credit_right'====== Args={'value': 0, 'prev_value': None, 'change': True}
2025-12-26 13:47:58,094 : INFO : EventManager : Event: ======'machine_var_audits_switches_s_coin_door_service_1'====== Args={'value': 1, 'prev_value': None, 'change': True}
2025-12-26 13:47:58,094 : INFO : EventManager : Event: ======'machine_var_audits_switches_s_coin_door_service_2'====== Args={'value': 1, 'prev_value': None, 'change': True}
2025-12-26 13:47:58,094 : INFO : EventManager : Event: ======'machine_var_audits_switches_s_coin_door_service_3'====== Args={'value': 1, 'prev_value': None, 'change': True}
2025-12-26 13:47:58,094 : INFO : EventManager : Event: ======'machine_var_audits_switches_s_coin_door_service_4'====== Args={'value': 1, 'prev_value': None, 'change': True}
2025-12-26 13:47:58,094 : INFO : EventManager : Event: ======'machine_var_audits_switches_s_e_iceman_target'====== Args={'value': 184, 'prev_value': None, 'change': True}
2025-12-26 13:47:58,094 : INFO : EventManager : Event: ======'machine_var_audits_switches_s_flight_gear_target'====== Args={'value': 336, 'prev_value': None, 'change': True}
2025-12-26 13:47:58,094 : INFO : EventManager : Event: ======'machine_var_audits_switches_s_flipper_left'====== Args={'value': 394, 'prev_value': None, 'change': True}
2025-12-26 13:47:58,094 : INFO : EventManager : Event: ======'machine_var_audits_switches_s_flipper_left_eos'====== Args={'value': 38, 'prev_value': None, 'change': True}
2025-12-26 13:47:58,094 : INFO : EventManager : Event: ======'machine_var_audits_switches_s_flipper_left_upper'====== Args={'value': 40, 'prev_value': None, 'change': True}
2025-12-26 13:47:58,094 : INFO : EventManager : Event: ======'machine_var_audits_switches_s_flipper_left_upper_eos'====== Args={'value': 38, 'prev_value': None, 'change': True}
2025-12-26 13:47:58,094 : INFO : EventManager : Event: ======'machine_var_audits_switches_s_flipper_right'====== Args={'value': 375, 'prev_value': None, 'change': True}
2025-12-26 13:47:58,094 : INFO : EventManager : Event: ======'machine_var_audits_switches_s_flipper_right_eos'====== Args={'value': 30, 'prev_value': None, 'change': True}
2025-12-26 13:47:58,094 : INFO : EventManager : Event: ======'machine_var_audits_switches_s_i_iceman_target'====== Args={'value': 140, 'prev_value': None, 'change': True}
2025-12-26 13:47:58,094 : INFO : EventManager : Event: ======'machine_var_audits_switches_s_inlane_left'====== Args={'value': 307, 'prev_value': None, 'change': True}
2025-12-26 13:47:58,094 : INFO : EventManager : Event: ======'machine_var_audits_switches_s_inner_inlane_right'====== Args={'value': 279, 'prev_value': None, 'change': True}
2025-12-26 13:47:58,094 : INFO : EventManager : Event: ======'machine_var_audits_switches_s_jam'====== Args={'value': 11, 'prev_value': None, 'change': True}
2025-12-26 13:47:58,095 : INFO : EventManager : Event: ======'machine_var_audits_switches_s_k_lock_target'====== Args={'value': 11, 'prev_value': None, 'change': True}
2025-12-26 13:47:58,095 : INFO : EventManager : Event: ======'machine_var_audits_switches_s_l_lock_target'====== Args={'value': 26, 'prev_value': None, 'change': True}
2025-12-26 13:47:58,095 : INFO : EventManager : Event: ======'machine_var_audits_switches_s_lane_left'====== Args={'value': 649, 'prev_value': None, 'change': True}
2025-12-26 13:47:58,095 : INFO : EventManager : Event: ======'machine_var_audits_switches_s_lane_right'====== Args={'value': 396, 'prev_value': None, 'change': True}
2025-12-26 13:47:58,095 : INFO : EventManager : Event: ======'machine_var_audits_switches_s_lock_goose'====== Args={'value': 0, 'prev_value': None, 'change': True}
2025-12-26 13:47:58,095 : INFO : EventManager : Event: ======'machine_var_audits_switches_s_lock_mav'====== Args={'value': 0, 'prev_value': None, 'change': True}
2025-12-26 13:47:58,095 : INFO : EventManager : Event: ======'machine_var_audits_switches_s_lock_plunger'====== Args={'value': 3, 'prev_value': None, 'change': True}
2025-12-26 13:47:58,095 : INFO : EventManager : Event: ======'machine_var_audits_switches_s_m_iceman_target'====== Args={'value': 200, 'prev_value': None, 'change': True}
2025-12-26 13:47:58,095 : INFO : EventManager : Event: ======'machine_var_audits_switches_s_mig_lane_left'====== Args={'value': 585, 'prev_value': None, 'change': True}
2025-12-26 13:47:58,095 : INFO : EventManager : Event: ======'machine_var_audits_switches_s_mig_lane_right'====== Args={'value': 251, 'prev_value': None, 'change': True}
2025-12-26 13:47:58,095 : INFO : EventManager : Event: ======'machine_var_audits_switches_s_mode_start'====== Args={'value': 277, 'prev_value': None, 'change': True}
2025-12-26 13:47:58,095 : INFO : EventManager : Event: ======'machine_var_audits_switches_s_n_iceman_target'====== Args={'value': 345, 'prev_value': None, 'change': True}
2025-12-26 13:47:58,095 : INFO : EventManager : Event: ======'machine_var_audits_switches_s_o_lock_target'====== Args={'value': 30, 'prev_value': None, 'change': True}
2025-12-26 13:47:58,095 : INFO : EventManager : Event: ======'machine_var_audits_switches_s_orbit_left'====== Args={'value': 641, 'prev_value': None, 'change': True}
2025-12-26 13:47:58,095 : INFO : EventManager : Event: ======'machine_var_audits_switches_s_orbit_lower'====== Args={'value': 32, 'prev_value': None, 'change': True}
2025-12-26 13:47:58,095 : INFO : EventManager : Event: ======'machine_var_audits_switches_s_orbit_right'====== Args={'value': 113, 'prev_value': None, 'change': True}
2025-12-26 13:47:58,095 : INFO : EventManager : Event: ======'machine_var_audits_switches_s_orbit_upper'====== Args={'value': 138, 'prev_value': None, 'change': True}
2025-12-26 13:47:58,095 : INFO : EventManager : Event: ======'machine_var_audits_switches_s_outer_inlane_right'====== Args={'value': 265, 'prev_value': None, 'change': True}
2025-12-26 13:47:58,095 : INFO : EventManager : Event: ======'machine_var_audits_switches_s_outlane_left'====== Args={'value': 247, 'prev_value': None, 'change': True}
2025-12-26 13:47:58,095 : INFO : EventManager : Event: ======'machine_var_audits_switches_s_outlane_right'====== Args={'value': 268, 'prev_value': None, 'change': True}
2025-12-26 13:47:58,095 : INFO : EventManager : Event: ======'machine_var_audits_switches_s_plunger_lane'====== Args={'value': 46, 'prev_value': None, 'change': True}
2025-12-26 13:47:58,095 : INFO : EventManager : Event: ======'machine_var_audits_switches_s_ramp_inner_exit'====== Args={'value': 863, 'prev_value': None, 'change': True}
2025-12-26 13:47:58,095 : INFO : EventManager : Event: ======'machine_var_audits_switches_s_ramp_left_exit'====== Args={'value': 780, 'prev_value': None, 'change': True}
2025-12-26 13:47:58,095 : INFO : EventManager : Event: ======'machine_var_audits_switches_s_ramp_right_exit'====== Args={'value': 159, 'prev_value': None, 'change': True}
2025-12-26 13:47:58,096 : INFO : EventManager : Event: ======'machine_var_audits_switches_s_ramp_tower_exit'====== Args={'value': 185, 'prev_value': None, 'change': True}
2025-12-26 13:47:58,096 : INFO : EventManager : Event: ======'machine_var_audits_switches_s_shooter_lane'====== Args={'value': 725, 'prev_value': None, 'change': True}
2025-12-26 13:47:58,096 : INFO : EventManager : Event: ======'machine_var_audits_switches_s_slingshot_left'====== Args={'value': 19, 'prev_value': None, 'change': True}
2025-12-26 13:47:58,096 : INFO : EventManager : Event: ======'machine_var_audits_switches_s_slingshot_right'====== Args={'value': 17, 'prev_value': None, 'change': True}
2025-12-26 13:47:58,096 : INFO : EventManager : Event: ======'machine_var_audits_switches_s_spinner'====== Args={'value': 1944, 'prev_value': None, 'change': True}
2025-12-26 13:47:58,096 : INFO : EventManager : Event: ======'machine_var_audits_switches_s_start'====== Args={'value': 175, 'prev_value': None, 'change': True}
2025-12-26 13:47:58,096 : INFO : EventManager : Event: ======'machine_var_audits_switches_s_tilt'====== Args={'value': 0, 'prev_value': None, 'change': True}
2025-12-26 13:47:58,096 : INFO : EventManager : Event: ======'machine_var_audits_switches_s_trough_1'====== Args={'value': 12, 'prev_value': None, 'change': True}
2025-12-26 13:47:58,096 : INFO : EventManager : Event: ======'machine_var_audits_switches_s_trough_2'====== Args={'value': 6, 'prev_value': None, 'change': True}
2025-12-26 13:47:58,096 : INFO : EventManager : Event: ======'machine_var_audits_switches_s_trough_3'====== Args={'value': 6, 'prev_value': None, 'change': True}
2025-12-26 13:47:58,096 : INFO : EventManager : Event: ======'machine_var_audits_switches_s_trough_4'====== Args={'value': 7, 'prev_value': None, 'change': True}
2025-12-26 13:47:58,096 : INFO : EventManager : Event: ======'machine_var_audits_switches_s_trough_5'====== Args={'value': 9, 'prev_value': None, 'change': True}
2025-12-26 13:47:58,096 : INFO : EventManager : Event: ======'machine_var_audits_switches_s_trough_6'====== Args={'value': 315, 'prev_value': None, 'change': True}
2025-12-26 13:47:58,097 : INFO : EventManager : Event: ======'init_phase_5'====== Args={}
2025-12-26 13:47:58,098 : INFO : EventManager : Event: ======'init_done'====== Args={}
2025-12-26 13:47:58,098 : INFO : EventManager : Event: ======'machine_reset_phase_1'====== Args={}
2025-12-26 13:47:58,111 : INFO : EventManager : Event: ======'machine_reset_phase_2'====== Args={}
2025-12-26 13:47:58,112 : INFO : EventManager : Event: ======'machine_reset_phase_3'====== Args={}
2025-12-26 13:47:58,114 : INFO : EventManager : Event: ======'reset_complete'====== Args={}
2025-12-26 13:47:58,114 : INFO : EventManager : Event: ======'mode_attract_will_start'====== Args={}
2025-12-26 13:47:58,114 : INFO : Timer.attract_carousel_timer : Starting Timer.
2025-12-26 13:47:58,114 : INFO : EventManager : Event: ======'timer_attract_carousel_timer_started'====== Args={'ticks': 0, 'ticks_remaining': 1}
2025-12-26 13:47:58,114 : INFO : EventManager : Event: ======'timer_attract_carousel_timer_tick'====== Args={'ticks': 0, 'ticks_remaining': 1}
2025-12-26 13:47:58,115 : INFO : EventManager : Event: ======'mode_attract_starting'====== Args={}
2025-12-26 13:47:58,115 : INFO : Mode.attract : Started. Priority: 10
2025-12-26 13:47:58,115 : INFO : EventManager : Event: ======'modes_active_modes_changed'====== Args={}
2025-12-26 13:47:58,115 : INFO : EventManager : Event: ======'mode_attract_started'====== Args={}
2025-12-26 13:47:58,115 : INFO : EventManager : Event: ======'attract_cycle_step1'====== Args={'priority': 0}
2025-12-26 13:47:58,116 : INFO : EventManager : Event: ======'collecting_balls'====== Args={}
2025-12-26 13:47:58,116 : INFO : ball_device.bd_plunger : Adding 1 ball(s) to the eject_queue with target <playfield.playfield>.
2025-12-26 13:47:58,116 : INFO : EventManager : Event: ======'balldevice_balls_available'====== Args={}
2025-12-26 13:47:58,116 : INFO : EventManager : Event: ======'item_highlighted'====== Args={'carousel': 'attract', 'direction': None, 'item': 'title'}
2025-12-26 13:47:58,116 : INFO : EventManager : Event: ======'timer_attract_carousel_timer_tick'====== Args={'ticks': 0, 'ticks_remaining': 1}
2025-12-26 13:47:58,118 : INFO : Machine : Starting the main run loop with active modes: [<Mode.attract>]
2025-12-26 13:47:58,191 : INFO : EventManager : Event: ======'slide_attract_created'====== Args={'_from_bcp': True}
2025-12-26 13:47:58,191 : INFO : EventManager : Event: ======'slide__removed'====== Args={'_from_bcp': True}
2025-12-26 13:47:58,192 : INFO : EventManager : Event: ======'slide_attract_active'====== Args={'original_context': 'attract', 'original_calling_context': 'mode_attract_started', 'priority': 10.0, 'cmd': 'slides_play', '_from_bcp': True}
2025-12-26 13:47:58,529 : INFO : BcpServer : New client connected.
2025-12-26 13:47:58,595 : INFO : ball_device.bd_plunger : State: waiting_for_target_ready
2025-12-26 13:47:58,595 : INFO : EventManager : Event: ======'balldevice_bd_plunger_ball_eject_attempt'====== Args={'balls': 1, 'target': <playfield.playfield>, 'source': <ball_device.bd_plunger>, 'mechanical_eject': False, 'num_attempts': 0}
2025-12-26 13:47:58,597 : INFO : BallController : Initial balls found: 4
2025-12-26 13:47:58,599 : INFO : ball_device.bd_plunger : State: ejecting
2025-12-26 13:47:58,599 : INFO : ball_device.bd_plunger : Ejecting ball to <playfield.playfield>
2025-12-26 13:47:58,599 : INFO : EventManager : Event: ======'balldevice_bd_plunger_ejecting_ball'====== Args={'balls': 1, 'target': <playfield.playfield>, 'source': <ball_device.bd_plunger>, 'mechanical_eject': False, 'num_attempts': 0}
2025-12-26 13:47:58,601 : INFO : EventManager : Event: ======'video_idle_start'====== Args={'priority': 0}
2025-12-26 13:47:58,601 : WARNING : ball_device.bd_plunger : No switch is active. Cannot wait on empty list.
2025-12-26 13:47:58,601 : INFO : ball_device.bd_plunger : Wait for ball to leave device
2025-12-26 13:47:58,602 : INFO : ball_device.bd_plunger : State: ball_left
2025-12-26 13:47:58,602 : INFO : ball_device.bd_plunger : Ball left
2025-12-26 13:47:58,603 : INFO : ball_device.bd_plunger : Wait for confirm with timeout 3.0
2025-12-26 13:48:01,110 : INFO : SwitchController : <<<<<<< 's_lane_right' active >>>>>>>
2025-12-26 13:48:01,111 : INFO : EventManager : Event: ======'sw_playfield_active'====== Args={}
2025-12-26 13:48:01,113 : INFO : EventManager : Event: ======'playfield_active'====== Args={'source': None}
2025-12-26 13:48:01,156 : INFO : SwitchController : <<<<<<< 's_lane_right' inactive >>>>>>>
2025-12-26 13:48:01,608 : INFO : ball_device.bd_plunger : State: failed_confirm
2025-12-26 13:48:01,608 : INFO : ball_device.bd_plunger : Got timeout (3.0s) before confirm from <playfield.playfield>
2025-12-26 13:48:01,699 : INFO : ball_device.bd_plunger : Confirming eject because target is playfield and ball did not return.
2025-12-26 13:48:01,699 : INFO : ball_device.bd_plunger : Eject successful
2025-12-26 13:48:01,699 : INFO : EventManager : Event: ======'balldevice_bd_plunger_ball_eject_success'====== Args={'balls': 1, 'target': <playfield.playfield>}
2025-12-26 13:48:01,700 : INFO : EventManager : Event: ======'balldevice_playfield_ball_enter'====== Args={'new_balls': 1, 'unclaimed_balls': 1, 'device': <playfield.playfield>}
2025-12-26 13:48:01,701 : INFO : EventManager : Event: ======'playfield_ball_count_change'====== Args={'balls': 1, 'change': 1}
2025-12-26 13:48:01,701 : INFO : EventManager : Event: ======'balldevice_bd_plunger_ball_count_changed'====== Args={'balls': 0}
2025-12-26 13:48:01,701 : INFO : ball_device.bd_plunger : State: idle
2025-12-26 13:48:05,102 : INFO : Timer.attract_carousel_timer : Timer Complete
2025-12-26 13:48:05,102 : INFO : Timer.attract_carousel_timer : Stopping Timer
2025-12-26 13:48:05,102 : INFO : EventManager : Event: ======'timer_attract_carousel_timer_stopped'====== Args={'ticks': 1, 'ticks_remaining': 1}
2025-12-26 13:48:05,102 : INFO : EventManager : Event: ======'timer_attract_carousel_timer_complete'====== Args={'ticks': 1, 'ticks_remaining': 1}
2025-12-26 13:48:05,106 : INFO : EventManager : Event: ======'item_highlighted'====== Args={'carousel': 'attract', 'direction': 'forwards', 'item': 'presented_by'}
2025-12-26 13:48:05,107 : INFO : Timer.attract_carousel_timer : Starting Timer.
2025-12-26 13:48:05,107 : INFO : EventManager : Event: ======'timer_attract_carousel_timer_started'====== Args={'ticks': 0, 'ticks_remaining': 1}
2025-12-26 13:48:05,107 : INFO : EventManager : Event: ======'timer_attract_carousel_timer_tick'====== Args={'ticks': 0, 'ticks_remaining': 1}
2025-12-26 13:48:10,306 : INFO : EventManager : Event: ======'attract_cycle_step2'====== Args={}
2025-12-26 13:48:12,107 : INFO : Timer.attract_carousel_timer : Timer Complete
2025-12-26 13:48:12,107 : INFO : Timer.attract_carousel_timer : Stopping Timer
2025-12-26 13:48:12,108 : INFO : EventManager : Event: ======'timer_attract_carousel_timer_stopped'====== Args={'ticks': 1, 'ticks_remaining': 1}
2025-12-26 13:48:12,108 : INFO : EventManager : Event: ======'timer_attract_carousel_timer_complete'====== Args={'ticks': 1, 'ticks_remaining': 1}
2025-12-26 13:48:12,108 : INFO : EventManager : Event: ======'item_highlighted'====== Args={'carousel': 'attract', 'direction': 'forwards', 'item': 'hotrod_pinball_logo'}
2025-12-26 13:48:12,109 : INFO : Timer.attract_carousel_timer : Starting Timer.
2025-12-26 13:48:12,109 : INFO : EventManager : Event: ======'timer_attract_carousel_timer_started'====== Args={'ticks': 0, 'ticks_remaining': 1}
2025-12-26 13:48:12,109 : INFO : EventManager : Event: ======'timer_attract_carousel_timer_tick'====== Args={'ticks': 0, 'ticks_remaining': 1}
2025-12-26 13:48:16,688 : INFO : BallSearch.playfield : Starting ball search
2025-12-26 13:48:16,688 : INFO : EventManager : Event: ======'ball_search_started'====== Args={}
2025-12-26 13:48:16,689 : INFO : EventManager : Event: ======'ball_search_phase_1'====== Args={'iteration': 1}
2025-12-26 13:48:16,689 : INFO : coil.c_bumper_left : Pulsing Driver for 20ms (0.75 pulse_power)
2025-12-26 13:48:16,936 : INFO : coil.c_bumper_right : Pulsing Driver for 20ms (0.75 pulse_power)
2025-12-26 13:48:17,187 : INFO : coil.c_bumper_center : Pulsing Driver for 20ms (0.75 pulse_power)
2025-12-26 13:48:17,435 : INFO : coil.c_sling_left : Pulsing Driver for 10ms (0.75 pulse_power)
2025-12-26 13:48:17,685 : INFO : coil.c_sling_right : Pulsing Driver for 10ms (0.75 pulse_power)
2025-12-26 13:48:17,935 : INFO : coil.c_lock_upkicker : Pulsing Driver for 15ms (0.75 pulse_power)
2025-12-26 13:48:18,186 : INFO : coil.c_mode_outkicker : Pulsing Driver for 20ms (0.75 pulse_power)
2025-12-26 13:48:18,437 : INFO : EventManager : Event: ======'ball_search_phase_1'====== Args={'iteration': 2}
2025-12-26 13:48:18,437 : INFO : coil.c_bumper_left : Pulsing Driver for 20ms (0.75 pulse_power)
2025-12-26 13:48:19,095 : INFO : Timer.attract_carousel_timer : Timer Complete
2025-12-26 13:48:19,096 : INFO : Timer.attract_carousel_timer : Stopping Timer
2025-12-26 13:48:19,096 : INFO : EventManager : Event: ======'timer_attract_carousel_timer_stopped'====== Args={'ticks': 1, 'ticks_remaining': 1}
2025-12-26 13:48:19,096 : INFO : EventManager : Event: ======'timer_attract_carousel_timer_complete'====== Args={'ticks': 1, 'ticks_remaining': 1}
2025-12-26 13:48:19,097 : INFO : EventManager : Event: ======'item_highlighted'====== Args={'carousel': 'attract', 'direction': 'forwards', 'item': 'mpf_logo'}
2025-12-26 13:48:19,098 : INFO : Timer.attract_carousel_timer : Starting Timer.
2025-12-26 13:48:19,098 : INFO : EventManager : Event: ======'timer_attract_carousel_timer_started'====== Args={'ticks': 0, 'ticks_remaining': 1}
2025-12-26 13:48:19,098 : INFO : EventManager : Event: ======'timer_attract_carousel_timer_tick'====== Args={'ticks': 0, 'ticks_remaining': 1}
2025-12-26 13:48:21,844 : INFO : Machine : Shutting down...
2025-12-26 13:48:21,844 : INFO : EventManager : Event: ======'shutdown'====== Args={}
