2025-10-03 17:48:30,262 : INFO : root : Loading config.
2025-10-03 17:48:30,326 : INFO : ConfigProcessor : Config spec file cache created: C:\Users\White\AppData\Local\Temp\config_spec.mpf_cache
2025-10-03 17:48:30,326 : INFO : YamlMultifileConfigLoader : Machine config file #1: config.yaml
2025-10-03 17:48:30,327 : INFO : ConfigProcessor : Loading config from file C:\Users\White\mpf\Lib\site-packages\mpf\mpfconfig.yaml.
2025-10-03 17:48:30,351 : INFO : ConfigProcessor : Loading config: C:\Users\White\mpf\Lib\site-packages\mpf\mpfconfig.yaml
2025-10-03 17:48:30,351 : INFO : ConfigProcessor : Loading config from file C:\Users\White\Documents\Top_Gun_Pinball\config\config.yaml.
2025-10-03 17:48:30,365 : INFO : ConfigProcessor : Loading config: C:\Users\White\Documents\Top_Gun_Pinball\config\config.yaml
2025-10-03 17:48:30,376 : INFO : ConfigProcessor : Loading config: C:\Users\White\Documents\Top_Gun_Pinball\config\config_autofire_coils.yaml
2025-10-03 17:48:30,386 : INFO : ConfigProcessor : Loading config: C:\Users\White\Documents\Top_Gun_Pinball\config\config_ball_devices.yaml
2025-10-03 17:48:30,404 : INFO : ConfigProcessor : Loading config: C:\Users\White\Documents\Top_Gun_Pinball\config\config_coils.yaml
2025-10-03 17:48:30,415 : INFO : ConfigProcessor : Loading config: C:\Users\White\Documents\Top_Gun_Pinball\config\config_flippers.yaml
2025-10-03 17:48:30,429 : INFO : ConfigProcessor : Loading config: C:\Users\White\Documents\Top_Gun_Pinball\config\config_hardware_fast.yaml
2025-10-03 17:48:30,449 : INFO : ConfigProcessor : Loading config: C:\Users\White\Documents\Top_Gun_Pinball\config\config_lights.yaml
2025-10-03 17:48:30,467 : INFO : ConfigProcessor : Loading config: C:\Users\White\Documents\Top_Gun_Pinball\config\config_switches.yaml
2025-10-03 17:48:30,480 : INFO : ConfigProcessor : Loading config: C:\Users\White\Documents\Top_Gun_Pinball\config\variable_player.yaml
2025-10-03 17:48:30,494 : INFO : ConfigProcessor : Loading config: C:\Users\White\Documents\Top_Gun_Pinball\config\config_videos.yaml
2025-10-03 17:48:30,497 : INFO : ConfigProcessor : Config file cache created: C:\Users\White\AppData\Local\Temp\cfa6ecba65704a931c9dd214c44986c8.mpf_cache
2025-10-03 17:48:30,612 : INFO : ConfigProcessor : Loading config from file C:\Users\White\mpf\Lib\site-packages\mpf\modes\attract\config\attract.yaml.
2025-10-03 17:48:30,625 : INFO : ConfigProcessor : Loading config: C:\Users\White\mpf\Lib\site-packages\mpf\modes\attract\config\attract.yaml
2025-10-03 17:48:30,625 : INFO : ConfigProcessor : Loading config from file C:\Users\White\Documents\Top_Gun_Pinball\modes\attract\config\attract.yaml.
2025-10-03 17:48:30,639 : INFO : ConfigProcessor : Loading config: C:\Users\White\Documents\Top_Gun_Pinball\modes\attract\config\attract.yaml
2025-10-03 17:48:30,640 : INFO : ConfigProcessor : Config file cache created: C:\Users\White\AppData\Local\Temp\f98ffc0ff5962effface7d86bc406d5c.mpf_cache
2025-10-03 17:48:30,641 : INFO : ConfigProcessor : Loading config from file C:\Users\White\mpf\Lib\site-packages\mpf\modes\game\config\game.yaml.
2025-10-03 17:48:30,651 : INFO : ConfigProcessor : Loading config: C:\Users\White\mpf\Lib\site-packages\mpf\modes\game\config\game.yaml
2025-10-03 17:48:30,652 : INFO : ConfigProcessor : Config file cache created: C:\Users\White\AppData\Local\Temp\91cc4d1c993c58dc354e34974b9cfeac.mpf_cache
2025-10-03 17:48:30,653 : INFO : ConfigProcessor : Loading config from cache: C:\Users\White\AppData\Local\Temp\f98ffc0ff5962effface7d86bc406d5c.mpf_cache
2025-10-03 17:48:30,664 : INFO : ConfigProcessor : Loading config from file C:\Users\White\Documents\Top_Gun_Pinball\modes\base\config\base.yaml.
2025-10-03 17:48:30,676 : INFO : ConfigProcessor : Loading config: C:\Users\White\Documents\Top_Gun_Pinball\modes\base\config\base.yaml
2025-10-03 17:48:30,677 : INFO : ConfigProcessor : Config file cache created: C:\Users\White\AppData\Local\Temp\76792f1d686f89709887dba7bd69667a.mpf_cache
2025-10-03 17:48:30,678 : INFO : ConfigProcessor : Loading config from file C:\Users\White\Documents\Top_Gun_Pinball\modes\bumpers\config\bumpers.yaml.
2025-10-03 17:48:30,689 : INFO : ConfigProcessor : Loading config: C:\Users\White\Documents\Top_Gun_Pinball\modes\bumpers\config\bumpers.yaml
2025-10-03 17:48:30,689 : INFO : ConfigProcessor : Config file cache created: C:\Users\White\AppData\Local\Temp\142bbae4707335cc8e3efaa4364c4893.mpf_cache
2025-10-03 17:48:30,690 : INFO : ConfigProcessor : Loading config from file C:\Users\White\Documents\Top_Gun_Pinball\modes\skillshot\config\skillshot.yaml.
2025-10-03 17:48:30,709 : INFO : ConfigProcessor : Loading config: C:\Users\White\Documents\Top_Gun_Pinball\modes\skillshot\config\skillshot.yaml
2025-10-03 17:48:30,710 : INFO : ConfigProcessor : Config file cache created: C:\Users\White\AppData\Local\Temp\0f5f0ac41d1a2672d0d32cef2b12699e.mpf_cache
2025-10-03 17:48:30,712 : INFO : ConfigProcessor : Loading config from file C:\Users\White\Documents\Top_Gun_Pinball\shows\.\attract_chase_all_inserts.yaml.
2025-10-03 17:48:30,728 : INFO : ConfigProcessor : Loading config: C:\Users\White\Documents\Top_Gun_Pinball\shows\.\attract_chase_all_inserts.yaml
2025-10-03 17:48:30,729 : INFO : ConfigProcessor : Config file cache created: C:\Users\White\AppData\Local\Temp\82e20c7c6490dd2e5fed726a3aa8d652.mpf_cache
2025-10-03 17:48:30,730 : INFO : ConfigProcessor : Loading config from file C:\Users\White\Documents\Top_Gun_Pinball\shows\.\attract_color_blast.yaml.
2025-10-03 17:48:30,869 : INFO : ConfigProcessor : Loading config: C:\Users\White\Documents\Top_Gun_Pinball\shows\.\attract_color_blast.yaml
2025-10-03 17:48:30,873 : INFO : ConfigProcessor : Config file cache created: C:\Users\White\AppData\Local\Temp\359114d5ba2a6ad6c93d1559776bbb30.mpf_cache
2025-10-03 17:48:30,873 : INFO : ConfigProcessor : Loading config from file C:\Users\White\Documents\Top_Gun_Pinball\shows\.\attract_color_wheel.yaml.
2025-10-03 17:48:30,911 : INFO : ConfigProcessor : Loading config: C:\Users\White\Documents\Top_Gun_Pinball\shows\.\attract_color_wheel.yaml
2025-10-03 17:48:30,912 : INFO : ConfigProcessor : Config file cache created: C:\Users\White\AppData\Local\Temp\d421369d6df802e4e6f8aa58f446b1a6.mpf_cache
2025-10-03 17:48:30,914 : INFO : ConfigProcessor : Loading config from file C:\Users\White\Documents\Top_Gun_Pinball\shows\.\attract_color_wheel_quarter.yaml.
2025-10-03 17:48:30,982 : INFO : ConfigProcessor : Loading config: C:\Users\White\Documents\Top_Gun_Pinball\shows\.\attract_color_wheel_quarter.yaml
2025-10-03 17:48:30,984 : INFO : ConfigProcessor : Config file cache created: C:\Users\White\AppData\Local\Temp\310aa541ce6545037d37da470e7bd790.mpf_cache
2025-10-03 17:48:30,985 : INFO : ConfigProcessor : Loading config from file C:\Users\White\Documents\Top_Gun_Pinball\shows\.\attract_corners_sweep.yaml.
2025-10-03 17:48:31,108 : INFO : ConfigProcessor : Loading config: C:\Users\White\Documents\Top_Gun_Pinball\shows\.\attract_corners_sweep.yaml
2025-10-03 17:48:31,111 : INFO : ConfigProcessor : Config file cache created: C:\Users\White\AppData\Local\Temp\2151caa0419aeb1e56d3d8934477383e.mpf_cache
2025-10-03 17:48:31,111 : INFO : ConfigProcessor : Loading config from file C:\Users\White\Documents\Top_Gun_Pinball\shows\.\attract_inserts_mega.yaml.
2025-10-03 17:48:31,144 : INFO : ConfigProcessor : Loading config: C:\Users\White\Documents\Top_Gun_Pinball\shows\.\attract_inserts_mega.yaml
2025-10-03 17:48:31,146 : INFO : ConfigProcessor : Config file cache created: C:\Users\White\AppData\Local\Temp\17003635873251b4f6841bf4ab3bdcdd.mpf_cache
2025-10-03 17:48:31,147 : INFO : ConfigProcessor : Loading config from file C:\Users\White\Documents\Top_Gun_Pinball\shows\.\attract_insert_fade_in_out.yaml.
2025-10-03 17:48:31,180 : INFO : ConfigProcessor : Loading config: C:\Users\White\Documents\Top_Gun_Pinball\shows\.\attract_insert_fade_in_out.yaml
2025-10-03 17:48:31,182 : INFO : ConfigProcessor : Config file cache created: C:\Users\White\AppData\Local\Temp\f70c640a816343cb9040222d7a9269d3.mpf_cache
2025-10-03 17:48:31,182 : INFO : ConfigProcessor : Loading config from file C:\Users\White\Documents\Top_Gun_Pinball\shows\.\attract_smooth_motion.yaml.
2025-10-03 17:48:31,290 : INFO : ConfigProcessor : Loading config: C:\Users\White\Documents\Top_Gun_Pinball\shows\.\attract_smooth_motion.yaml
2025-10-03 17:48:31,294 : INFO : ConfigProcessor : Config file cache created: C:\Users\White\AppData\Local\Temp\30922048be1d0c17ea15fc75f7fbfe10.mpf_cache
2025-10-03 17:48:31,294 : INFO : ConfigProcessor : Loading config from file C:\Users\White\Documents\Top_Gun_Pinball\shows\.\rainbow_breathe.yaml.
2025-10-03 17:48:31,307 : INFO : ConfigProcessor : Loading config: C:\Users\White\Documents\Top_Gun_Pinball\shows\.\rainbow_breathe.yaml
2025-10-03 17:48:31,308 : INFO : ConfigProcessor : Config file cache created: C:\Users\White\AppData\Local\Temp\58d7809d3d969de03aaf131fc45863f8.mpf_cache
2025-10-03 17:48:31,309 : INFO : ConfigProcessor : Loading config from file C:\Users\White\Documents\Top_Gun_Pinball\modes\skillshot\shows\.\skillshot_cyan_flash.yaml.
2025-10-03 17:48:31,319 : INFO : ConfigProcessor : Loading config: C:\Users\White\Documents\Top_Gun_Pinball\modes\skillshot\shows\.\skillshot_cyan_flash.yaml
2025-10-03 17:48:31,319 : INFO : ConfigProcessor : Config file cache created: C:\Users\White\AppData\Local\Temp\d380fa2863f93e197660f0281ffd272b.mpf_cache
2025-10-03 17:48:31,320 : INFO : Machine : Mission Pinball Framework Core Engine v0.80.0.dev9
2025-10-03 17:48:31,320 : INFO : Machine : Command line arguments: {'no_load_cache': False, 'create_config_cache': True, 'bcp': True, 'configfile': ['config.yaml'], 'force_assets_load': False, 'platform_integration_test': False, 'jsonlogging': False, 'logfile': 'logs\\2025-10-03-17-48-30-mpf-TopGunPinball.log', 'pause': False, 'production': False, 'text_ui': False, 'loglevel': 15, 'consoleloglevel': 20, 'force_platform': 'virtual', 'syslog_address': None, 'full_logfile_path': 'C:\\Users\\White\\Documents\\Top_Gun_Pinball\\logs\\2025-10-03-17-48-30-mpf-TopGunPinball.log'}
2025-10-03 17:48:31,320 : INFO : Machine : MPF path: C:\Users\White\mpf\Lib\site-packages\mpf
2025-10-03 17:48:31,320 : INFO : Machine : Machine path: C:\Users\White\Documents\Top_Gun_Pinball
2025-10-03 17:48:31,320 : INFO : Machine : Platform: win32
2025-10-03 17:48:31,320 : INFO : Machine : Python executable location: C:\Users\White\mpf\Scripts\python.exe
2025-10-03 17:48:31,320 : INFO : Machine : Python version: 3.12.7 (64-bit)
2025-10-03 17:48:31,323 : INFO : Machine : Initializing MPF...
2025-10-03 17:48:31,452 : INFO : EventManager : Event: ======'machine_var_credits_string'====== Args={'value': 'FREE PLAY', 'prev_value': None, 'change': True}
2025-10-03 17:48:31,489 : INFO : EventManager : Event: ======'machine_var_master_volume'====== Args={'value': 0.5, 'prev_value': None, 'change': True}
2025-10-03 17:48:31,489 : INFO : EventManager : Event: ======'machine_var_player1_score'====== Args={'value': 61000, 'prev_value': None, 'change': True}
2025-10-03 17:48:31,489 : INFO : EventManager : Event: ======'machine_var_player2_score'====== Args={'value': 73000, 'prev_value': None, 'change': True}
2025-10-03 17:48:31,489 : INFO : EventManager : Event: ======'machine_var_mpf_version'====== Args={'value': 'Mission Pinball Framework v0.80.0.dev9', 'prev_value': None, 'change': True}
2025-10-03 17:48:31,489 : INFO : EventManager : Event: ======'machine_var_mpf_extended_version'====== Args={'value': 'Mission Pinball Framework v0.80.0.dev9, Config version:6, Show version: 6, BCP version:1.1', 'prev_value': None, 'change': True}
2025-10-03 17:48:31,490 : INFO : EventManager : Event: ======'machine_var_python_version'====== Args={'value': '3.12.7', 'prev_value': None, 'change': True}
2025-10-03 17:48:31,589 : INFO : EventManager : Event: ======'machine_var_platform'====== Args={'value': 'Windows-11-10.0.26100-SP0', 'prev_value': None, 'change': True}
2025-10-03 17:48:31,589 : INFO : EventManager : Event: ======'machine_var_platform_system'====== Args={'value': 'Windows', 'prev_value': None, 'change': True}
2025-10-03 17:48:31,589 : INFO : EventManager : Event: ======'machine_var_platform_release'====== Args={'value': '11', 'prev_value': None, 'change': True}
2025-10-03 17:48:31,589 : INFO : EventManager : Event: ======'machine_var_platform_version'====== Args={'value': '10.0.26100', 'prev_value': None, 'change': True}
2025-10-03 17:48:31,589 : INFO : EventManager : Event: ======'machine_var_platform_machine'====== Args={'value': 'AMD64', 'prev_value': None, 'change': True}
2025-10-03 17:48:31,590 : INFO : EventManager : Event: ======'machine_var_log_file_path'====== Args={'value': 'C:\\Users\\White\\Documents\\Top_Gun_Pinball\\logs\\2025-10-03-17-48-30-mpf-TopGunPinball.log', 'prev_value': None, 'change': True}
2025-10-03 17:48:31,590 : INFO : EventManager : Event: ======'init_phase_1'====== Args={}
2025-10-03 17:48:31,636 : INFO : EventManager : Event: ======'init_phase_2'====== Args={}
2025-10-03 17:48:31,636 : INFO : SwitchController : Found active switch: ('playfield_board_lower-3208-0', <Platform.Virtual>) <switch.s_trough_1>
2025-10-03 17:48:31,636 : INFO : SwitchController : Found active switch: ('playfield_board_lower-3208-1', <Platform.Virtual>) <switch.s_trough_2>
2025-10-03 17:48:31,636 : INFO : SwitchController : Found active switch: ('playfield_board_lower-3208-2', <Platform.Virtual>) <switch.s_trough_3>
2025-10-03 17:48:31,636 : INFO : SwitchController : Found active switch: ('playfield_board_lower-3208-3', <Platform.Virtual>) <switch.s_trough_4>
2025-10-03 17:48:31,637 : INFO : SwitchController : Found active switch: ('playfield_board_lower-3208-4', <Platform.Virtual>) <switch.s_trough_5>
2025-10-03 17:48:31,637 : INFO : SwitchController : Found active switch: ('playfield_board_lower-3208-5', <Platform.Virtual>) <switch.s_trough_6>
2025-10-03 17:48:31,642 : INFO : EventManager : Event: ======'bcp_connection_attempt'====== Args={'name': 'local_display', 'host': 'localhost', 'port': 5050}
2025-10-03 17:48:31,644 : INFO : BCPClientSocket : Connecting BCP to 'local_display' at localhost:5050...
2025-10-03 17:48:37,834 : INFO : Machine : Starting the main run loop with active modes: []
2025-10-03 17:48:37,834 : WARNING : Machine : Attract mode is not active, game will not be playable. Please check your attract mode configuration.
2025-10-03 17:48:37,835 : INFO : Machine : Shutting down...
2025-10-03 17:48:37,835 : INFO : EventManager : Event: ======'shutdown'====== Args={}
2025-10-03 17:48:38,840 : INFO : root : MPF run loop ended.
