2025-10-24 15:29:16,110 : INFO : root : Loading config.
2025-10-24 15:29:16,114 : INFO : YamlMultifileConfigLoader : Machine config file #1: config.yaml
2025-10-24 15:29:16,114 : INFO : ConfigProcessor : Loading config from cache: C:\Users\White\AppData\Local\Temp\cfa6ecba65704a931c9dd214c44986c8.mpf_cache
2025-10-24 15:29:16,223 : INFO : ConfigProcessor : Loading config from cache: C:\Users\White\AppData\Local\Temp\f98ffc0ff5962effface7d86bc406d5c.mpf_cache
2025-10-24 15:29:16,224 : INFO : ConfigProcessor : Loading config from cache: C:\Users\White\AppData\Local\Temp\91cc4d1c993c58dc354e34974b9cfeac.mpf_cache
2025-10-24 15:29:16,225 : INFO : ConfigProcessor : Loading config from cache: C:\Users\White\AppData\Local\Temp\f98ffc0ff5962effface7d86bc406d5c.mpf_cache
2025-10-24 15:29:16,225 : INFO : ConfigProcessor : Loading config from cache: C:\Users\White\AppData\Local\Temp\76792f1d686f89709887dba7bd69667a.mpf_cache
2025-10-24 15:29:16,226 : INFO : ConfigProcessor : Loading config from cache: C:\Users\White\AppData\Local\Temp\142bbae4707335cc8e3efaa4364c4893.mpf_cache
2025-10-24 15:29:16,226 : INFO : ConfigProcessor : Loading config from cache: C:\Users\White\AppData\Local\Temp\0f5f0ac41d1a2672d0d32cef2b12699e.mpf_cache
2025-10-24 15:29:16,227 : WARNING : ConfigProcessor : Config file in cache changed: C:\Users\White\Documents\Top_Gun_Pinball\modes\pilot_mission_qualifier\config\pilot_mission_qualifier.yaml
2025-10-24 15:29:16,227 : INFO : ConfigProcessor : Loading config from file C:\Users\White\Documents\Top_Gun_Pinball\modes\pilot_mission_qualifier\config\pilot_mission_qualifier.yaml.
2025-10-24 15:29:16,254 : INFO : ConfigProcessor : Loading config: C:\Users\White\Documents\Top_Gun_Pinball\modes\pilot_mission_qualifier\config\pilot_mission_qualifier.yaml
2025-10-24 15:29:16,256 : INFO : ConfigProcessor : Config file cache created: C:\Users\White\AppData\Local\Temp\3a419899266be7cd41a083be5a3a8ebb.mpf_cache
2025-10-24 15:29:16,257 : INFO : ConfigProcessor : Loading config from cache: C:\Users\White\AppData\Local\Temp\82e20c7c6490dd2e5fed726a3aa8d652.mpf_cache
2025-10-24 15:29:16,258 : INFO : ConfigProcessor : Loading config from cache: C:\Users\White\AppData\Local\Temp\359114d5ba2a6ad6c93d1559776bbb30.mpf_cache
2025-10-24 15:29:16,261 : INFO : ConfigProcessor : Loading config from cache: C:\Users\White\AppData\Local\Temp\d421369d6df802e4e6f8aa58f446b1a6.mpf_cache
2025-10-24 15:29:16,262 : INFO : ConfigProcessor : Loading config from cache: C:\Users\White\AppData\Local\Temp\310aa541ce6545037d37da470e7bd790.mpf_cache
2025-10-24 15:29:16,264 : INFO : ConfigProcessor : Loading config from cache: C:\Users\White\AppData\Local\Temp\2151caa0419aeb1e56d3d8934477383e.mpf_cache
2025-10-24 15:29:16,266 : INFO : ConfigProcessor : Loading config from cache: C:\Users\White\AppData\Local\Temp\17003635873251b4f6841bf4ab3bdcdd.mpf_cache
2025-10-24 15:29:16,266 : INFO : ConfigProcessor : Loading config from cache: C:\Users\White\AppData\Local\Temp\f70c640a816343cb9040222d7a9269d3.mpf_cache
2025-10-24 15:29:16,268 : INFO : ConfigProcessor : Loading config from cache: C:\Users\White\AppData\Local\Temp\30922048be1d0c17ea15fc75f7fbfe10.mpf_cache
2025-10-24 15:29:16,271 : INFO : ConfigProcessor : Loading config from cache: C:\Users\White\AppData\Local\Temp\58d7809d3d969de03aaf131fc45863f8.mpf_cache
2025-10-24 15:29:16,272 : INFO : ConfigProcessor : Loading config from cache: C:\Users\White\AppData\Local\Temp\d380fa2863f93e197660f0281ffd272b.mpf_cache
2025-10-24 15:29:16,273 : INFO : Machine : Mission Pinball Framework Core Engine v0.80.0.dev9
2025-10-24 15:29:16,273 : INFO : Machine : Command line arguments: {'no_load_cache': False, 'create_config_cache': True, 'bcp': True, 'configfile': ['config.yaml'], 'force_assets_load': False, 'platform_integration_test': False, 'jsonlogging': False, 'logfile': 'logs\\2025-10-24-15-29-16-mpf-TopGunPinball.log', 'pause': False, 'production': False, 'text_ui': False, 'loglevel': 15, 'consoleloglevel': 20, 'force_platform': 'virtual', 'syslog_address': None, 'full_logfile_path': 'C:\\Users\\White\\Documents\\Top_Gun_Pinball\\logs\\2025-10-24-15-29-16-mpf-TopGunPinball.log'}
2025-10-24 15:29:16,273 : INFO : Machine : MPF path: C:\Users\White\mpf\Lib\site-packages\mpf
2025-10-24 15:29:16,273 : INFO : Machine : Machine path: C:\Users\White\Documents\Top_Gun_Pinball
2025-10-24 15:29:16,273 : INFO : Machine : Platform: win32
2025-10-24 15:29:16,273 : INFO : Machine : Python executable location: C:\Users\White\mpf\Scripts\python.exe
2025-10-24 15:29:16,273 : INFO : Machine : Python version: 3.12.7 (64-bit)
2025-10-24 15:29:16,275 : INFO : Machine : Initializing MPF...
2025-10-24 15:29:16,367 : INFO : EventManager : Event: ======'machine_var_credits_string'====== Args={'value': 'FREE PLAY', 'prev_value': None, 'change': True}
2025-10-24 15:29:16,394 : INFO : EventManager : Event: ======'machine_var_master_volume'====== Args={'value': 0.5, 'prev_value': None, 'change': True}
2025-10-24 15:29:16,394 : INFO : EventManager : Event: ======'machine_var_player1_score'====== Args={'value': 2229000, 'prev_value': None, 'change': True}
2025-10-24 15:29:16,394 : INFO : EventManager : Event: ======'machine_var_mpf_version'====== Args={'value': 'Mission Pinball Framework v0.80.0.dev9', 'prev_value': None, 'change': True}
2025-10-24 15:29:16,394 : INFO : EventManager : Event: ======'machine_var_mpf_extended_version'====== Args={'value': 'Mission Pinball Framework v0.80.0.dev9, Config version:6, Show version: 6, BCP version:1.1', 'prev_value': None, 'change': True}
2025-10-24 15:29:16,394 : INFO : EventManager : Event: ======'machine_var_python_version'====== Args={'value': '3.12.7', 'prev_value': None, 'change': True}
2025-10-24 15:29:16,537 : INFO : EventManager : Event: ======'machine_var_platform'====== Args={'value': 'Windows-11-10.0.26100-SP0', 'prev_value': None, 'change': True}
2025-10-24 15:29:16,537 : INFO : EventManager : Event: ======'machine_var_platform_system'====== Args={'value': 'Windows', 'prev_value': None, 'change': True}
2025-10-24 15:29:16,537 : INFO : EventManager : Event: ======'machine_var_platform_release'====== Args={'value': '11', 'prev_value': None, 'change': True}
2025-10-24 15:29:16,537 : INFO : EventManager : Event: ======'machine_var_platform_version'====== Args={'value': '10.0.26100', 'prev_value': None, 'change': True}
2025-10-24 15:29:16,537 : INFO : EventManager : Event: ======'machine_var_platform_machine'====== Args={'value': 'AMD64', 'prev_value': None, 'change': True}
2025-10-24 15:29:16,537 : INFO : EventManager : Event: ======'machine_var_log_file_path'====== Args={'value': 'C:\\Users\\White\\Documents\\Top_Gun_Pinball\\logs\\2025-10-24-15-29-16-mpf-TopGunPinball.log', 'prev_value': None, 'change': True}
2025-10-24 15:29:16,537 : INFO : EventManager : Event: ======'init_phase_1'====== Args={}
2025-10-24 15:29:16,584 : INFO : EventManager : Event: ======'init_phase_2'====== Args={}
2025-10-24 15:29:16,585 : INFO : SwitchController : Found active switch: ('playfield_board_lower-3208-0', <Platform.Virtual>) <switch.s_trough_1>
2025-10-24 15:29:16,585 : INFO : SwitchController : Found active switch: ('playfield_board_lower-3208-1', <Platform.Virtual>) <switch.s_trough_2>
2025-10-24 15:29:16,585 : INFO : SwitchController : Found active switch: ('playfield_board_lower-3208-2', <Platform.Virtual>) <switch.s_trough_3>
2025-10-24 15:29:16,585 : INFO : SwitchController : Found active switch: ('playfield_board_lower-3208-3', <Platform.Virtual>) <switch.s_trough_4>
2025-10-24 15:29:16,585 : INFO : SwitchController : Found active switch: ('playfield_board_lower-3208-4', <Platform.Virtual>) <switch.s_trough_5>
2025-10-24 15:29:16,585 : INFO : SwitchController : Found active switch: ('playfield_board_lower-3208-5', <Platform.Virtual>) <switch.s_trough_6>
2025-10-24 15:29:16,593 : INFO : EventManager : Event: ======'bcp_connection_attempt'====== Args={'name': 'local_display', 'host': 'localhost', 'port': 5050}
2025-10-24 15:29:16,596 : INFO : BCPClientSocket : Connecting BCP to 'local_display' at localhost:5050...
2025-10-24 15:29:16,606 : INFO : BCPClientSocket : Connected BCP to 'local_display' localhost:5050
2025-10-24 15:29:16,608 : INFO : EventManager : Event: ======'bcp_clients_connected'====== Args={}
2025-10-24 15:29:16,608 : INFO : ball_device.bd_plunger : BCH: Initial count: 0
2025-10-24 15:29:16,608 : INFO : ball_device.bd_plunger : State: idle
2025-10-24 15:29:16,609 : INFO : ball_device.bd_trough : BCH: Initial count: 6
2025-10-24 15:29:16,610 : INFO : ball_device.bd_trough : State: idle
2025-10-24 15:29:16,610 : INFO : ball_device.bd_lock_elevator : BCH: Initial count: 0
2025-10-24 15:29:16,610 : INFO : ball_device.bd_lock_elevator : State: idle
2025-10-24 15:29:16,610 : INFO : ball_device.bd_mode_scoop : BCH: Initial count: 0
2025-10-24 15:29:16,610 : INFO : ball_device.bd_mode_scoop : State: idle
2025-10-24 15:29:16,635 : INFO : EventManager : Event: ======'init_phase_3'====== Args={}
2025-10-24 15:29:17,211 : INFO : EventManager : Event: ======'init_phase_4'====== Args={}
2025-10-24 15:29:17,212 : INFO : BallController : Initial balls found: 6
2025-10-24 15:29:17,213 : INFO : EventManager : Event: ======'machine_var_audits_events_game_ended'====== Args={'value': 2, 'prev_value': None, 'change': True}
2025-10-24 15:29:17,213 : INFO : EventManager : Event: ======'machine_var_audits_events_game_started'====== Args={'value': 209, 'prev_value': None, 'change': True}
2025-10-24 15:29:17,213 : INFO : EventManager : Event: ======'machine_var_audits_missing_switches_s_a_iceman_target'====== Args={'value': 75, 'prev_value': None, 'change': True}
2025-10-24 15:29:17,213 : INFO : EventManager : Event: ======'machine_var_audits_missing_switches_s_barrier_target'====== Args={'value': 93, 'prev_value': None, 'change': True}
2025-10-24 15:29:17,213 : INFO : EventManager : Event: ======'machine_var_audits_missing_switches_s_bumper_center'====== Args={'value': 2, 'prev_value': None, 'change': True}
2025-10-24 15:29:17,214 : INFO : EventManager : Event: ======'machine_var_audits_missing_switches_s_bumper_left'====== Args={'value': 1, 'prev_value': None, 'change': True}
2025-10-24 15:29:17,214 : INFO : EventManager : Event: ======'machine_var_audits_missing_switches_s_bumper_right'====== Args={'value': 2, 'prev_value': None, 'change': True}
2025-10-24 15:29:17,214 : INFO : EventManager : Event: ======'machine_var_audits_missing_switches_s_c_iceman_target'====== Args={'value': 43, 'prev_value': None, 'change': True}
2025-10-24 15:29:17,214 : INFO : EventManager : Event: ======'machine_var_audits_missing_switches_s_c_lock_target'====== Args={'value': 93, 'prev_value': None, 'change': True}
2025-10-24 15:29:17,214 : INFO : EventManager : Event: ======'machine_var_audits_missing_switches_s_coin_door'====== Args={'value': 96, 'prev_value': None, 'change': True}
2025-10-24 15:29:17,214 : INFO : EventManager : Event: ======'machine_var_audits_missing_switches_s_coin_door_credit_left'====== Args={'value': 3, 'prev_value': None, 'change': True}
2025-10-24 15:29:17,214 : INFO : EventManager : Event: ======'machine_var_audits_missing_switches_s_coin_door_credit_right'====== Args={'value': 3, 'prev_value': None, 'change': True}
2025-10-24 15:29:17,214 : INFO : EventManager : Event: ======'machine_var_audits_missing_switches_s_coin_door_service_1'====== Args={'value': 96, 'prev_value': None, 'change': True}
2025-10-24 15:29:17,214 : INFO : EventManager : Event: ======'machine_var_audits_missing_switches_s_coin_door_service_2'====== Args={'value': 96, 'prev_value': None, 'change': True}
2025-10-24 15:29:17,214 : INFO : EventManager : Event: ======'machine_var_audits_missing_switches_s_coin_door_service_3'====== Args={'value': 96, 'prev_value': None, 'change': True}
2025-10-24 15:29:17,214 : INFO : EventManager : Event: ======'machine_var_audits_missing_switches_s_coin_door_service_4'====== Args={'value': 96, 'prev_value': None, 'change': True}
2025-10-24 15:29:17,214 : INFO : EventManager : Event: ======'machine_var_audits_missing_switches_s_e_iceman_target'====== Args={'value': 43, 'prev_value': None, 'change': True}
2025-10-24 15:29:17,214 : INFO : EventManager : Event: ======'machine_var_audits_missing_switches_s_flight_gear_target'====== Args={'value': 93, 'prev_value': None, 'change': True}
2025-10-24 15:29:17,215 : INFO : EventManager : Event: ======'machine_var_audits_missing_switches_s_flipper_left'====== Args={'value': 154, 'prev_value': None, 'change': True}
2025-10-24 15:29:17,215 : INFO : EventManager : Event: ======'machine_var_audits_missing_switches_s_flipper_left_eos'====== Args={'value': 156, 'prev_value': None, 'change': True}
2025-10-24 15:29:17,215 : INFO : EventManager : Event: ======'machine_var_audits_missing_switches_s_flipper_left_upper'====== Args={'value': 158, 'prev_value': None, 'change': True}
2025-10-24 15:29:17,215 : INFO : EventManager : Event: ======'machine_var_audits_missing_switches_s_flipper_left_upper_eos'====== Args={'value': 156, 'prev_value': None, 'change': True}
2025-10-24 15:29:17,215 : INFO : EventManager : Event: ======'machine_var_audits_missing_switches_s_flipper_right'====== Args={'value': 92, 'prev_value': None, 'change': True}
2025-10-24 15:29:17,215 : INFO : EventManager : Event: ======'machine_var_audits_missing_switches_s_flipper_right_eos'====== Args={'value': 156, 'prev_value': None, 'change': True}
2025-10-24 15:29:17,215 : INFO : EventManager : Event: ======'machine_var_audits_missing_switches_s_i_iceman_target'====== Args={'value': 43, 'prev_value': None, 'change': True}
2025-10-24 15:29:17,215 : INFO : EventManager : Event: ======'machine_var_audits_missing_switches_s_inlane_left'====== Args={'value': 89, 'prev_value': None, 'change': True}
2025-10-24 15:29:17,215 : INFO : EventManager : Event: ======'machine_var_audits_missing_switches_s_inner_inlane_right'====== Args={'value': 93, 'prev_value': None, 'change': True}
2025-10-24 15:29:17,215 : INFO : EventManager : Event: ======'machine_var_audits_missing_switches_s_jam'====== Args={'value': 95, 'prev_value': None, 'change': True}
2025-10-24 15:29:17,215 : INFO : EventManager : Event: ======'machine_var_audits_missing_switches_s_k_lock_target'====== Args={'value': 93, 'prev_value': None, 'change': True}
2025-10-24 15:29:17,215 : INFO : EventManager : Event: ======'machine_var_audits_missing_switches_s_l_lock_target'====== Args={'value': 93, 'prev_value': None, 'change': True}
2025-10-24 15:29:17,215 : INFO : EventManager : Event: ======'machine_var_audits_missing_switches_s_lane_left'====== Args={'value': 208, 'prev_value': None, 'change': True}
2025-10-24 15:29:17,215 : INFO : EventManager : Event: ======'machine_var_audits_missing_switches_s_lane_right'====== Args={'value': 2, 'prev_value': None, 'change': True}
2025-10-24 15:29:17,215 : INFO : EventManager : Event: ======'machine_var_audits_missing_switches_s_lock_goose'====== Args={'value': 158, 'prev_value': None, 'change': True}
2025-10-24 15:29:17,216 : INFO : EventManager : Event: ======'machine_var_audits_missing_switches_s_lock_mav'====== Args={'value': 158, 'prev_value': None, 'change': True}
2025-10-24 15:29:17,216 : INFO : EventManager : Event: ======'machine_var_audits_missing_switches_s_lock_plunger'====== Args={'value': 43, 'prev_value': None, 'change': True}
2025-10-24 15:29:17,216 : INFO : EventManager : Event: ======'machine_var_audits_missing_switches_s_m_iceman_target'====== Args={'value': 83, 'prev_value': None, 'change': True}
2025-10-24 15:29:17,216 : INFO : EventManager : Event: ======'machine_var_audits_missing_switches_s_mig_lane_right'====== Args={'value': 2, 'prev_value': None, 'change': True}
2025-10-24 15:29:17,216 : INFO : EventManager : Event: ======'machine_var_audits_missing_switches_s_mode_start'====== Args={'value': 158, 'prev_value': None, 'change': True}
2025-10-24 15:29:17,216 : INFO : EventManager : Event: ======'machine_var_audits_missing_switches_s_n_iceman_target'====== Args={'value': 52, 'prev_value': None, 'change': True}
2025-10-24 15:29:17,216 : INFO : EventManager : Event: ======'machine_var_audits_missing_switches_s_o_lock_target'====== Args={'value': 93, 'prev_value': None, 'change': True}
2025-10-24 15:29:17,216 : INFO : EventManager : Event: ======'machine_var_audits_missing_switches_s_orbit_lower'====== Args={'value': 31, 'prev_value': None, 'change': True}
2025-10-24 15:29:17,216 : INFO : EventManager : Event: ======'machine_var_audits_missing_switches_s_orbit_right'====== Args={'value': 43, 'prev_value': None, 'change': True}
2025-10-24 15:29:17,216 : INFO : EventManager : Event: ======'machine_var_audits_missing_switches_s_orbit_upper'====== Args={'value': 2, 'prev_value': None, 'change': True}
2025-10-24 15:29:17,216 : INFO : EventManager : Event: ======'machine_var_audits_missing_switches_s_outer_inlane_right'====== Args={'value': 91, 'prev_value': None, 'change': True}
2025-10-24 15:29:17,216 : INFO : EventManager : Event: ======'machine_var_audits_missing_switches_s_outlane_left'====== Args={'value': 158, 'prev_value': None, 'change': True}
2025-10-24 15:29:17,216 : INFO : EventManager : Event: ======'machine_var_audits_missing_switches_s_outlane_right'====== Args={'value': 95, 'prev_value': None, 'change': True}
2025-10-24 15:29:17,216 : INFO : EventManager : Event: ======'machine_var_audits_missing_switches_s_plunger_lane'====== Args={'value': 10, 'prev_value': None, 'change': True}
2025-10-24 15:29:17,217 : INFO : EventManager : Event: ======'machine_var_audits_missing_switches_s_ramp_inner_exit'====== Args={'value': 3, 'prev_value': None, 'change': True}
2025-10-24 15:29:17,217 : INFO : EventManager : Event: ======'machine_var_audits_missing_switches_s_ramp_left_exit'====== Args={'value': 158, 'prev_value': None, 'change': True}
2025-10-24 15:29:17,217 : INFO : EventManager : Event: ======'machine_var_audits_missing_switches_s_ramp_right_exit'====== Args={'value': 158, 'prev_value': None, 'change': True}
2025-10-24 15:29:17,217 : INFO : EventManager : Event: ======'machine_var_audits_missing_switches_s_ramp_tower_exit'====== Args={'value': 158, 'prev_value': None, 'change': True}
2025-10-24 15:29:17,217 : INFO : EventManager : Event: ======'machine_var_audits_missing_switches_s_slingshot_left'====== Args={'value': 93, 'prev_value': None, 'change': True}
2025-10-24 15:29:17,217 : INFO : EventManager : Event: ======'machine_var_audits_missing_switches_s_slingshot_right'====== Args={'value': 93, 'prev_value': None, 'change': True}
2025-10-24 15:29:17,217 : INFO : EventManager : Event: ======'machine_var_audits_missing_switches_s_spinner'====== Args={'value': 1, 'prev_value': None, 'change': True}
2025-10-24 15:29:17,217 : INFO : EventManager : Event: ======'machine_var_audits_missing_switches_s_start'====== Args={'value': 2, 'prev_value': None, 'change': True}
2025-10-24 15:29:17,217 : INFO : EventManager : Event: ======'machine_var_audits_missing_switches_s_tilt'====== Args={'value': 96, 'prev_value': None, 'change': True}
2025-10-24 15:29:17,217 : INFO : EventManager : Event: ======'machine_var_audits_missing_switches_s_trough_1'====== Args={'value': 134, 'prev_value': None, 'change': True}
2025-10-24 15:29:17,217 : INFO : EventManager : Event: ======'machine_var_audits_missing_switches_s_trough_2'====== Args={'value': 134, 'prev_value': None, 'change': True}
2025-10-24 15:29:17,217 : INFO : EventManager : Event: ======'machine_var_audits_missing_switches_s_trough_3'====== Args={'value': 134, 'prev_value': None, 'change': True}
2025-10-24 15:29:17,217 : INFO : EventManager : Event: ======'machine_var_audits_missing_switches_s_trough_4'====== Args={'value': 209, 'prev_value': None, 'change': True}
2025-10-24 15:29:17,217 : INFO : EventManager : Event: ======'machine_var_audits_missing_switches_s_trough_5'====== Args={'value': 209, 'prev_value': None, 'change': True}
2025-10-24 15:29:17,217 : INFO : EventManager : Event: ======'machine_var_audits_missing_switches_s_trough_6'====== Args={'value': 2, 'prev_value': None, 'change': True}
2025-10-24 15:29:17,218 : INFO : EventManager : Event: ======'machine_var_audits_player_score'====== Args={'value': {'average': 787666, 'top': [2229000, 73000, 61000], 'total': 3}, 'prev_value': None, 'change': True}
2025-10-24 15:29:17,218 : INFO : EventManager : Event: ======'machine_var_audits_shots_bumper_center'====== Args={'value': 498, 'prev_value': None, 'change': True}
2025-10-24 15:29:17,218 : INFO : EventManager : Event: ======'machine_var_audits_shots_bumper_left'====== Args={'value': 515, 'prev_value': None, 'change': True}
2025-10-24 15:29:17,218 : INFO : EventManager : Event: ======'machine_var_audits_shots_bumper_right'====== Args={'value': 369, 'prev_value': None, 'change': True}
2025-10-24 15:29:17,218 : INFO : EventManager : Event: ======'machine_var_audits_shots_mig_lane_left'====== Args={'value': 59, 'prev_value': None, 'change': True}
2025-10-24 15:29:17,218 : INFO : EventManager : Event: ======'machine_var_audits_shots_mig_lane_right'====== Args={'value': 8, 'prev_value': None, 'change': True}
2025-10-24 15:29:17,218 : INFO : EventManager : Event: ======'machine_var_audits_shots_orbit_upper'====== Args={'value': 13, 'prev_value': None, 'change': True}
2025-10-24 15:29:17,218 : INFO : EventManager : Event: ======'machine_var_audits_shots_ramp_inner'====== Args={'value': 35, 'prev_value': None, 'change': True}
2025-10-24 15:29:17,218 : INFO : EventManager : Event: ======'machine_var_audits_shots_spinner'====== Args={'value': 4, 'prev_value': None, 'change': True}
2025-10-24 15:29:17,218 : INFO : EventManager : Event: ======'machine_var_audits_switches_s_a_iceman_target'====== Args={'value': 25, 'prev_value': None, 'change': True}
2025-10-24 15:29:17,218 : INFO : EventManager : Event: ======'machine_var_audits_switches_s_barrier_target'====== Args={'value': 6, 'prev_value': None, 'change': True}
2025-10-24 15:29:17,218 : INFO : EventManager : Event: ======'machine_var_audits_switches_s_bumper_center'====== Args={'value': 518, 'prev_value': None, 'change': True}
2025-10-24 15:29:17,218 : INFO : EventManager : Event: ======'machine_var_audits_switches_s_bumper_left'====== Args={'value': 546, 'prev_value': None, 'change': True}
2025-10-24 15:29:17,218 : INFO : EventManager : Event: ======'machine_var_audits_switches_s_bumper_right'====== Args={'value': 375, 'prev_value': None, 'change': True}
2025-10-24 15:29:17,218 : INFO : EventManager : Event: ======'machine_var_audits_switches_s_c_iceman_target'====== Args={'value': 41, 'prev_value': None, 'change': True}
2025-10-24 15:29:17,218 : INFO : EventManager : Event: ======'machine_var_audits_switches_s_c_lock_target'====== Args={'value': 4, 'prev_value': None, 'change': True}
2025-10-24 15:29:17,218 : INFO : EventManager : Event: ======'machine_var_audits_switches_s_coin_door'====== Args={'value': 0, 'prev_value': None, 'change': True}
2025-10-24 15:29:17,218 : INFO : EventManager : Event: ======'machine_var_audits_switches_s_coin_door_credit_left'====== Args={'value': 0, 'prev_value': None, 'change': True}
2025-10-24 15:29:17,218 : INFO : EventManager : Event: ======'machine_var_audits_switches_s_coin_door_credit_right'====== Args={'value': 0, 'prev_value': None, 'change': True}
2025-10-24 15:29:17,218 : INFO : EventManager : Event: ======'machine_var_audits_switches_s_coin_door_service_1'====== Args={'value': 0, 'prev_value': None, 'change': True}
2025-10-24 15:29:17,218 : INFO : EventManager : Event: ======'machine_var_audits_switches_s_coin_door_service_2'====== Args={'value': 0, 'prev_value': None, 'change': True}
2025-10-24 15:29:17,218 : INFO : EventManager : Event: ======'machine_var_audits_switches_s_coin_door_service_3'====== Args={'value': 0, 'prev_value': None, 'change': True}
2025-10-24 15:29:17,218 : INFO : EventManager : Event: ======'machine_var_audits_switches_s_coin_door_service_4'====== Args={'value': 0, 'prev_value': None, 'change': True}
2025-10-24 15:29:17,218 : INFO : EventManager : Event: ======'machine_var_audits_switches_s_e_iceman_target'====== Args={'value': 45, 'prev_value': None, 'change': True}
2025-10-24 15:29:17,218 : INFO : EventManager : Event: ======'machine_var_audits_switches_s_flight_gear_target'====== Args={'value': 6, 'prev_value': None, 'change': True}
2025-10-24 15:29:17,218 : INFO : EventManager : Event: ======'machine_var_audits_switches_s_flipper_left'====== Args={'value': 9, 'prev_value': None, 'change': True}
2025-10-24 15:29:17,218 : INFO : EventManager : Event: ======'machine_var_audits_switches_s_flipper_left_eos'====== Args={'value': 0, 'prev_value': None, 'change': True}
2025-10-24 15:29:17,218 : INFO : EventManager : Event: ======'machine_var_audits_switches_s_flipper_left_upper'====== Args={'value': 0, 'prev_value': None, 'change': True}
2025-10-24 15:29:17,220 : INFO : EventManager : Event: ======'machine_var_audits_switches_s_flipper_left_upper_eos'====== Args={'value': 0, 'prev_value': None, 'change': True}
2025-10-24 15:29:17,220 : INFO : EventManager : Event: ======'machine_var_audits_switches_s_flipper_right'====== Args={'value': 17, 'prev_value': None, 'change': True}
2025-10-24 15:29:17,220 : INFO : EventManager : Event: ======'machine_var_audits_switches_s_flipper_right_eos'====== Args={'value': 0, 'prev_value': None, 'change': True}
2025-10-24 15:29:17,220 : INFO : EventManager : Event: ======'machine_var_audits_switches_s_i_iceman_target'====== Args={'value': 8, 'prev_value': None, 'change': True}
2025-10-24 15:29:17,220 : INFO : EventManager : Event: ======'machine_var_audits_switches_s_inlane_left'====== Args={'value': 53, 'prev_value': None, 'change': True}
2025-10-24 15:29:17,220 : INFO : EventManager : Event: ======'machine_var_audits_switches_s_inner_inlane_right'====== Args={'value': 3, 'prev_value': None, 'change': True}
2025-10-24 15:29:17,220 : INFO : EventManager : Event: ======'machine_var_audits_switches_s_jam'====== Args={'value': 1, 'prev_value': None, 'change': True}
2025-10-24 15:29:17,220 : INFO : EventManager : Event: ======'machine_var_audits_switches_s_k_lock_target'====== Args={'value': 5, 'prev_value': None, 'change': True}
2025-10-24 15:29:17,220 : INFO : EventManager : Event: ======'machine_var_audits_switches_s_l_lock_target'====== Args={'value': 5, 'prev_value': None, 'change': True}
2025-10-24 15:29:17,220 : INFO : EventManager : Event: ======'machine_var_audits_switches_s_lane_left'====== Args={'value': 1, 'prev_value': None, 'change': True}
2025-10-24 15:29:17,220 : INFO : EventManager : Event: ======'machine_var_audits_switches_s_lane_right'====== Args={'value': 86, 'prev_value': None, 'change': True}
2025-10-24 15:29:17,220 : INFO : EventManager : Event: ======'machine_var_audits_switches_s_lock_goose'====== Args={'value': 0, 'prev_value': None, 'change': True}
2025-10-24 15:29:17,220 : INFO : EventManager : Event: ======'machine_var_audits_switches_s_lock_mav'====== Args={'value': 0, 'prev_value': None, 'change': True}
2025-10-24 15:29:17,220 : INFO : EventManager : Event: ======'machine_var_audits_switches_s_lock_plunger'====== Args={'value': 1, 'prev_value': None, 'change': True}
2025-10-24 15:29:17,220 : INFO : EventManager : Event: ======'machine_var_audits_switches_s_m_iceman_target'====== Args={'value': 25, 'prev_value': None, 'change': True}
2025-10-24 15:29:17,220 : INFO : EventManager : Event: ======'machine_var_audits_switches_s_mig_lane_left'====== Args={'value': 87, 'prev_value': None, 'change': True}
2025-10-24 15:29:17,220 : INFO : EventManager : Event: ======'machine_var_audits_switches_s_mig_lane_right'====== Args={'value': 11, 'prev_value': None, 'change': True}
2025-10-24 15:29:17,221 : INFO : EventManager : Event: ======'machine_var_audits_switches_s_mode_start'====== Args={'value': 0, 'prev_value': None, 'change': True}
2025-10-24 15:29:17,221 : INFO : EventManager : Event: ======'machine_var_audits_switches_s_n_iceman_target'====== Args={'value': 34, 'prev_value': None, 'change': True}
2025-10-24 15:29:17,221 : INFO : EventManager : Event: ======'machine_var_audits_switches_s_o_lock_target'====== Args={'value': 5, 'prev_value': None, 'change': True}
2025-10-24 15:29:17,221 : INFO : EventManager : Event: ======'machine_var_audits_switches_s_orbit_left'====== Args={'value': 16, 'prev_value': None, 'change': True}
2025-10-24 15:29:17,221 : INFO : EventManager : Event: ======'machine_var_audits_switches_s_orbit_lower'====== Args={'value': 1, 'prev_value': None, 'change': True}
2025-10-24 15:29:17,221 : INFO : EventManager : Event: ======'machine_var_audits_switches_s_orbit_right'====== Args={'value': 14, 'prev_value': None, 'change': True}
2025-10-24 15:29:17,221 : INFO : EventManager : Event: ======'machine_var_audits_switches_s_orbit_upper'====== Args={'value': 14, 'prev_value': None, 'change': True}
2025-10-24 15:29:17,221 : INFO : EventManager : Event: ======'machine_var_audits_switches_s_outer_inlane_right'====== Args={'value': 5, 'prev_value': None, 'change': True}
2025-10-24 15:29:17,221 : INFO : EventManager : Event: ======'machine_var_audits_switches_s_outlane_left'====== Args={'value': 0, 'prev_value': None, 'change': True}
2025-10-24 15:29:17,221 : INFO : EventManager : Event: ======'machine_var_audits_switches_s_outlane_right'====== Args={'value': 4, 'prev_value': None, 'change': True}
2025-10-24 15:29:17,221 : INFO : EventManager : Event: ======'machine_var_audits_switches_s_plunger_lane'====== Args={'value': 46, 'prev_value': None, 'change': True}
2025-10-24 15:29:17,221 : INFO : EventManager : Event: ======'machine_var_audits_switches_s_ramp_inner_exit'====== Args={'value': 37, 'prev_value': None, 'change': True}
2025-10-24 15:29:17,221 : INFO : EventManager : Event: ======'machine_var_audits_switches_s_ramp_left_exit'====== Args={'value': 0, 'prev_value': None, 'change': True}
2025-10-24 15:29:17,221 : INFO : EventManager : Event: ======'machine_var_audits_switches_s_ramp_right_exit'====== Args={'value': 0, 'prev_value': None, 'change': True}
2025-10-24 15:29:17,221 : INFO : EventManager : Event: ======'machine_var_audits_switches_s_ramp_tower_exit'====== Args={'value': 0, 'prev_value': None, 'change': True}
2025-10-24 15:29:17,221 : INFO : EventManager : Event: ======'machine_var_audits_switches_s_shooter_lane'====== Args={'value': 143, 'prev_value': None, 'change': True}
2025-10-24 15:29:17,221 : INFO : EventManager : Event: ======'machine_var_audits_switches_s_slingshot_left'====== Args={'value': 8, 'prev_value': None, 'change': True}
2025-10-24 15:29:17,221 : INFO : EventManager : Event: ======'machine_var_audits_switches_s_slingshot_right'====== Args={'value': 7, 'prev_value': None, 'change': True}
2025-10-24 15:29:17,221 : INFO : EventManager : Event: ======'machine_var_audits_switches_s_spinner'====== Args={'value': 7, 'prev_value': None, 'change': True}
2025-10-24 15:29:17,221 : INFO : EventManager : Event: ======'machine_var_audits_switches_s_start'====== Args={'value': 152, 'prev_value': None, 'change': True}
2025-10-24 15:29:17,221 : INFO : EventManager : Event: ======'machine_var_audits_switches_s_tilt'====== Args={'value': 0, 'prev_value': None, 'change': True}
2025-10-24 15:29:17,221 : INFO : EventManager : Event: ======'machine_var_audits_switches_s_trough_1'====== Args={'value': 2, 'prev_value': None, 'change': True}
2025-10-24 15:29:17,221 : INFO : EventManager : Event: ======'machine_var_audits_switches_s_trough_2'====== Args={'value': 1, 'prev_value': None, 'change': True}
2025-10-24 15:29:17,221 : INFO : EventManager : Event: ======'machine_var_audits_switches_s_trough_3'====== Args={'value': 1, 'prev_value': None, 'change': True}
2025-10-24 15:29:17,222 : INFO : EventManager : Event: ======'machine_var_audits_switches_s_trough_4'====== Args={'value': 0, 'prev_value': None, 'change': True}
2025-10-24 15:29:17,222 : INFO : EventManager : Event: ======'machine_var_audits_switches_s_trough_5'====== Args={'value': 0, 'prev_value': None, 'change': True}
2025-10-24 15:29:17,222 : INFO : EventManager : Event: ======'machine_var_audits_switches_s_trough_6'====== Args={'value': 120, 'prev_value': None, 'change': True}
2025-10-24 15:29:17,222 : INFO : EventManager : Event: ======'init_phase_5'====== Args={}
2025-10-24 15:29:17,222 : INFO : EventManager : Event: ======'init_done'====== Args={}
2025-10-24 15:29:17,222 : INFO : EventManager : Event: ======'machine_reset_phase_1'====== Args={}
2025-10-24 15:29:17,230 : INFO : EventManager : Event: ======'machine_reset_phase_2'====== Args={}
2025-10-24 15:29:17,230 : INFO : EventManager : Event: ======'machine_reset_phase_3'====== Args={}
2025-10-24 15:29:17,230 : INFO : EventManager : Event: ======'reset_complete'====== Args={}
2025-10-24 15:29:17,230 : INFO : EventManager : Event: ======'mode_attract_will_start'====== Args={}
2025-10-24 15:29:17,230 : INFO : Timer.attract_carousel_timer : Starting Timer.
2025-10-24 15:29:17,230 : INFO : EventManager : Event: ======'timer_attract_carousel_timer_started'====== Args={'ticks': 0, 'ticks_remaining': 1}
2025-10-24 15:29:17,230 : INFO : EventManager : Event: ======'timer_attract_carousel_timer_tick'====== Args={'ticks': 0, 'ticks_remaining': 1}
2025-10-24 15:29:17,232 : INFO : EventManager : Event: ======'mode_attract_starting'====== Args={}
2025-10-24 15:29:17,232 : INFO : Mode.attract : Started. Priority: 10
2025-10-24 15:29:17,232 : INFO : EventManager : Event: ======'modes_active_modes_changed'====== Args={}
2025-10-24 15:29:17,232 : INFO : EventManager : Event: ======'mode_attract_started'====== Args={}
2025-10-24 15:29:17,232 : INFO : EventManager : Event: ======'attract_cycle_step1'====== Args={'priority': 0}
2025-10-24 15:29:17,232 : INFO : EventManager : Event: ======'collecting_balls_complete'====== Args={}
2025-10-24 15:29:17,233 : INFO : EventManager : Event: ======'item_highlighted'====== Args={'carousel': 'attract', 'direction': None, 'item': 'title'}
2025-10-24 15:29:17,233 : INFO : EventManager : Event: ======'timer_attract_carousel_timer_tick'====== Args={'ticks': 0, 'ticks_remaining': 1}
2025-10-24 15:29:17,233 : INFO : Machine : Starting the main run loop with active modes: [<Mode.attract>]
2025-10-24 15:29:17,312 : INFO : EventManager : Event: ======'slide_attract_created'====== Args={'_from_bcp': True}
2025-10-24 15:29:17,313 : INFO : EventManager : Event: ======'slide__removed'====== Args={'_from_bcp': True}
2025-10-24 15:29:17,313 : INFO : EventManager : Event: ======'slide_attract_active'====== Args={'original_context': 'attract', 'original_calling_context': 'mode_attract_started', 'priority': 10.0, 'cmd': 'slides_play', '_from_bcp': True}
2025-10-24 15:29:17,853 : INFO : BcpServer : New client connected.
2025-10-24 15:29:24,227 : INFO : Timer.attract_carousel_timer : Timer Complete
2025-10-24 15:29:24,227 : INFO : Timer.attract_carousel_timer : Stopping Timer
2025-10-24 15:29:24,227 : INFO : EventManager : Event: ======'timer_attract_carousel_timer_stopped'====== Args={'ticks': 1, 'ticks_remaining': 1}
2025-10-24 15:29:24,227 : INFO : EventManager : Event: ======'timer_attract_carousel_timer_complete'====== Args={'ticks': 1, 'ticks_remaining': 1}
2025-10-24 15:29:24,230 : INFO : EventManager : Event: ======'item_highlighted'====== Args={'carousel': 'attract', 'direction': 'forwards', 'item': 'presented_by'}
2025-10-24 15:29:24,230 : INFO : Timer.attract_carousel_timer : Starting Timer.
2025-10-24 15:29:24,230 : INFO : EventManager : Event: ======'timer_attract_carousel_timer_started'====== Args={'ticks': 0, 'ticks_remaining': 1}
2025-10-24 15:29:24,230 : INFO : EventManager : Event: ======'timer_attract_carousel_timer_tick'====== Args={'ticks': 0, 'ticks_remaining': 1}
2025-10-24 15:29:29,407 : INFO : EventManager : Event: ======'attract_cycle_step2'====== Args={}
2025-10-24 15:29:31,229 : INFO : Timer.attract_carousel_timer : Timer Complete
2025-10-24 15:29:31,229 : INFO : Timer.attract_carousel_timer : Stopping Timer
2025-10-24 15:29:31,229 : INFO : EventManager : Event: ======'timer_attract_carousel_timer_stopped'====== Args={'ticks': 1, 'ticks_remaining': 1}
2025-10-24 15:29:31,229 : INFO : EventManager : Event: ======'timer_attract_carousel_timer_complete'====== Args={'ticks': 1, 'ticks_remaining': 1}
2025-10-24 15:29:31,231 : INFO : EventManager : Event: ======'item_highlighted'====== Args={'carousel': 'attract', 'direction': 'forwards', 'item': 'hotrod_pinball_logo'}
2025-10-24 15:29:31,232 : INFO : Timer.attract_carousel_timer : Starting Timer.
2025-10-24 15:29:31,232 : INFO : EventManager : Event: ======'timer_attract_carousel_timer_started'====== Args={'ticks': 0, 'ticks_remaining': 1}
2025-10-24 15:29:31,233 : INFO : EventManager : Event: ======'timer_attract_carousel_timer_tick'====== Args={'ticks': 0, 'ticks_remaining': 1}
2025-10-24 15:29:38,221 : INFO : Timer.attract_carousel_timer : Timer Complete
2025-10-24 15:29:38,221 : INFO : Timer.attract_carousel_timer : Stopping Timer
2025-10-24 15:29:38,221 : INFO : EventManager : Event: ======'timer_attract_carousel_timer_stopped'====== Args={'ticks': 1, 'ticks_remaining': 1}
2025-10-24 15:29:38,221 : INFO : EventManager : Event: ======'timer_attract_carousel_timer_complete'====== Args={'ticks': 1, 'ticks_remaining': 1}
2025-10-24 15:29:38,223 : INFO : EventManager : Event: ======'item_highlighted'====== Args={'carousel': 'attract', 'direction': 'forwards', 'item': 'mpf_logo'}
2025-10-24 15:29:38,224 : INFO : Timer.attract_carousel_timer : Starting Timer.
2025-10-24 15:29:38,224 : INFO : EventManager : Event: ======'timer_attract_carousel_timer_started'====== Args={'ticks': 0, 'ticks_remaining': 1}
2025-10-24 15:29:38,224 : INFO : EventManager : Event: ======'timer_attract_carousel_timer_tick'====== Args={'ticks': 0, 'ticks_remaining': 1}
2025-10-24 15:29:40,637 : INFO : SwitchController : <<<<<<< 's_start' active >>>>>>>
2025-10-24 15:29:40,768 : INFO : SwitchController : <<<<<<< 's_start' inactive >>>>>>>
2025-10-24 15:29:40,768 : INFO : EventManager : Event: ======'request_to_start_game'====== Args={}
2025-10-24 15:29:40,772 : INFO : EventManager : Event: ======'game_start'====== Args={'buttons': [], 'hold_time': 0.14099999994505197}
2025-10-24 15:29:40,772 : INFO : EventManager : Event: ======'mode_game_will_start'====== Args={'buttons': [], 'hold_time': 0.14099999994505197}
2025-10-24 15:29:40,772 : INFO : EventManager : Event: ======'mode_game_starting'====== Args={'buttons': [], 'hold_time': 0.14099999994505197}
2025-10-24 15:29:40,772 : INFO : EventManager : Event: ======'mode_attract_will_stop'====== Args={}
2025-10-24 15:29:40,773 : INFO : EventManager : Event: ======'mode_attract_stopping'====== Args={}
2025-10-24 15:29:40,773 : INFO : Mode.game : Started. Priority: 20
2025-10-24 15:29:40,773 : INFO : EventManager : Event: ======'modes_active_modes_changed'====== Args={}
2025-10-24 15:29:40,773 : INFO : EventManager : Event: ======'mode_game_started'====== Args={'buttons': [], 'hold_time': 0.14099999994505197}
2025-10-24 15:29:40,774 : INFO : Mode.attract : Stopped.
2025-10-24 15:29:40,774 : INFO : EventManager : Event: ======'modes_active_modes_changed'====== Args={}
2025-10-24 15:29:40,774 : INFO : EventManager : Event: ======'mode_attract_stopped'====== Args={}
2025-10-24 15:29:40,774 : INFO : EventManager : Event: ======'clear'====== Args={'key': 'attract'}
2025-10-24 15:29:40,775 : INFO : Timer.attract_carousel_timer : Stopping Timer
2025-10-24 15:29:40,775 : INFO : EventManager : Event: ======'timer_attract_carousel_timer_stopped'====== Args={'ticks': 0, 'ticks_remaining': 1}
2025-10-24 15:29:40,775 : INFO : EventManager : Event: ======'game_will_start'====== Args={}
2025-10-24 15:29:40,776 : INFO : EventManager : Event: ======'game_starting'====== Args={'game': <Mode.game>}
2025-10-24 15:29:40,776 : INFO : EventManager : Unordered handler for class <Auditor> on event game_ended with priority 1. Handlers: [RegisteredHandler(callback=<bound method Auditor.disable of <Auditor>>, priority=1, kwargs={}, key=UUID('cb81eb31-1b7f-4e21-be16-8d002767bdc8'), condition=None, blocking_facility=None), RegisteredHandler(callback=<bound method Auditor._save_audits of <Auditor>>, priority=1, kwargs={}, key=UUID('acc4eb9d-b5d7-43da-a94b-875eddfd9191'), condition=None, blocking_facility=None)]. The order of those handlers is not defined and they will be executed in random order. This might lead to race conditions and potential bugs.
2025-10-24 15:29:40,776 : INFO : EventManager : Event: ======'player_add_request'====== Args={}
2025-10-24 15:29:40,777 : INFO : EventManager : Event: ======'player_will_add'====== Args={'number': 1}
2025-10-24 15:29:40,777 : INFO : EventManager : Event: ======'player_adding'====== Args={'player': <Player 1>, 'number': 1}
2025-10-24 15:29:40,777 : INFO : EventManager : Event: ======'player_added'====== Args={'player': <Player 1>, 'num': 1}
2025-10-24 15:29:40,777 : INFO : Mode.game : Player added successfully. Total players: 1
2025-10-24 15:29:40,777 : INFO : EventManager : Event: ======'player_index'====== Args={'value': 0, 'prev_value': 0, 'change': 0, 'player_num': 1}
2025-10-24 15:29:40,778 : INFO : EventManager : Event: ======'player_number'====== Args={'value': 1, 'prev_value': 1, 'change': 0, 'player_num': 1}
2025-10-24 15:29:40,778 : INFO : EventManager : Event: ======'player_score'====== Args={'value': 0, 'prev_value': 0, 'change': 0, 'player_num': 1}
2025-10-24 15:29:40,778 : INFO : EventManager : Event: ======'game_started'====== Args={}
2025-10-24 15:29:40,779 : INFO : EventManager : Event: ======'player_turn_will_start'====== Args={'player': <Player 1>, 'number': 1}
2025-10-24 15:29:40,779 : INFO : EventManager : Event: ======'player_turn_starting'====== Args={'player': <Player 1>, 'number': 1}
2025-10-24 15:29:40,780 : INFO : EventManager : Event: ======'player_ball'====== Args={'value': 1, 'prev_value': 0, 'change': 1, 'player_num': 1}
2025-10-24 15:29:40,787 : INFO : EventManager : Event: ======'player_turn_started'====== Args={'player': <Player 1>, 'number': 1}
2025-10-24 15:29:40,787 : INFO : EventManager : Event: ======'ui_player_1_up'====== Args={'priority': 0}
2025-10-24 15:29:40,788 : INFO : EventManager : Event: ======'ball_will_start'====== Args={'player': 1, 'ball': 1, 'balls_remaining': 2, 'is_extra_ball': False}
2025-10-24 15:29:40,792 : INFO : EventManager : Event: ======'ball_starting'====== Args={'player': 1, 'ball': 1, 'balls_remaining': 2, 'is_extra_ball': False}
2025-10-24 15:29:40,792 : INFO : EventManager : Event: ======'mode_base_will_start'====== Args={'queue': <QueuedEvent>, 'player': 1, 'ball': 1, 'balls_remaining': 2, 'is_extra_ball': False}
2025-10-24 15:29:40,793 : INFO : EventManager : Event: ======'mode_base_starting'====== Args={'queue': <QueuedEvent>, 'player': 1, 'ball': 1, 'balls_remaining': 2, 'is_extra_ball': False}
2025-10-24 15:29:40,794 : INFO : Mode.base : Started. Priority: 100
2025-10-24 15:29:40,794 : INFO : EventManager : Event: ======'modes_active_modes_changed'====== Args={}
2025-10-24 15:29:40,794 : INFO : EventManager : Event: ======'mode_base_started'====== Args={'queue': <QueuedEvent>, 'player': 1, 'ball': 1, 'balls_remaining': 2, 'is_extra_ball': False}
2025-10-24 15:29:40,794 : INFO : EventManager : Event: ======'mode_pilot_mission_qualifier_will_start'====== Args={'queue': <QueuedEvent>, 'player': 1, 'ball': 1, 'balls_remaining': 2, 'is_extra_ball': False}
2025-10-24 15:29:40,799 : ERROR : asyncio : Exception in callback EventManager.process_event_queue()
handle: <Handle EventManager.process_event_queue()>
Traceback (most recent call last):
  File "C:\Users\White\mpf\Lib\site-packages\mpf\core\events.py", line 755, in _run_handlers
    result = handler.callback(**merged_kwargs)
             ^^^^^^^^^^^^^^^^^^^^^^^^^^^^^^^^^
  File "C:\Users\White\mpf\Lib\site-packages\mpf\core\mode.py", line 218, in start
    result = item.method(config=self.config.get(item.config_section, self.config),
             ^^^^^^^^^^^^^^^^^^^^^^^^^^^^^^^^^^^^^^^^^^^^^^^^^^^^^^^^^^^^^^^^^^^^^
  File "C:\Users\White\mpf\Lib\site-packages\mpf\core\config_player.py", line 221, in mode_start
    event_keys = self.register_player_events(config, mode, priority)
                 ^^^^^^^^^^^^^^^^^^^^^^^^^^^^^^^^^^^^^^^^^^^^^^^^^^^
  File "C:\Users\White\mpf\Lib\site-packages\mpf\core\config_player.py", line 292, in register_player_events
    raise ConfigFileError("Section not valid outside of game modes. {} {}:{} Mode: {}".format(
mpf.exceptions.config_file_error.ConfigFileError: Config File Error in variable_player: Section not valid outside of game modes. ConfigPlayer.variable_player/variables mode_pilot_mission_modes_started:{'topgun_shots_collected': {'action': 'set', 'int': <NativeTemplate 0>, 'priority': 0, 'float': None, 'string': None, 'block': False, 'player': None, 'condition': None}, 'modes_completed_count': {'action': 'set', 'int': <NativeTemplate 0>, 'priority': 0, 'float': None, 'string': None, 'block': False, 'player': None, 'condition': None}, 'qualified_mode_active': {'action': 'set', 'int': <NativeTemplate 0>, 'priority': 0, 'float': None, 'string': None, 'block': False, 'player': None, 'condition': None}, 'topgun_letter_t': {'action': 'set', 'int': <NativeTemplate 0>, 'priority': 0, 'float': None, 'string': None, 'block': False, 'player': None, 'condition': None}, 'topgun_letter_o': {'action': 'set', 'int': <NativeTemplate 0>, 'priority': 0, 'float': None, 'string': None, 'block': False, 'player': None, 'condition': None}, 'topgun_letter_p': {'action': 'set', 'int': <NativeTemplate 0>, 'priority': 0, 'float': None, 'string': None, 'block': False, 'player': None, 'condition': None}, 'topgun_letter_g': {'action': 'set', 'int': <NativeTemplate 0>, 'priority': 0, 'float': None, 'string': None, 'block': False, 'player': None, 'condition': None}, 'topgun_letter_u': {'action': 'set', 'int': <NativeTemplate 0>, 'priority': 0, 'float': None, 'string': None, 'block': False, 'player': None, 'condition': None}, 'topgun_letter_n': {'action': 'set', 'int': <NativeTemplate 0>, 'priority': 0, 'float': None, 'string': None, 'block': False, 'player': None, 'condition': None}, 'mode_rescue_cougar_complete': {'action': 'set', 'int': <NativeTemplate 0>, 'priority': 0, 'float': None, 'string': None, 'block': False, 'player': None, 'condition': None}, 'mode_balls_of_fire_complete': {'action': 'set', 'int': <NativeTemplate 0>, 'priority': 0, 'float': None, 'string': None, 'block': False, 'player': None, 'condition': None}, 'mode_cool_under_pressure_complete': {'action': 'set', 'int': <NativeTemplate 0>, 'priority': 0, 'float': None, 'string': None, 'block': False, 'player': None, 'condition': None}, 'mode_battle_jester_complete': {'action': 'set', 'int': <NativeTemplate 0>, 'priority': 0, 'float': None, 'string': None, 'block': False, 'player': None, 'condition': None}, 'mode_no_points_for_second_place_complete': {'action': 'set', 'int': <NativeTemplate 0>, 'priority': 0, 'float': None, 'string': None, 'block': False, 'player': None, 'condition': None}, 'mode_edge_of_space_complete': {'action': 'set', 'int': <NativeTemplate 0>, 'priority': 0, 'float': None, 'string': None, 'block': False, 'player': None, 'condition': None}, 'mode_below_the_hard_deck_complete': {'action': 'set', 'int': <NativeTemplate 0>, 'priority': 0, 'float': None, 'string': None, 'block': False, 'player': None, 'condition': None}, 'mode_canyon_run_complete': {'action': 'set', 'int': <NativeTemplate 0>, 'priority': 0, 'float': None, 'string': None, 'block': False, 'player': None, 'condition': None}, 'mode_rise_of_phoenix_complete': {'action': 'set', 'int': <NativeTemplate 0>, 'priority': 0, 'float': None, 'string': None, 'block': False, 'player': None, 'condition': None}, 'mode_no_margin_for_error_complete': {'action': 'set', 'int': <NativeTemplate 0>, 'priority': 0, 'float': None, 'string': None, 'block': False, 'player': None, 'condition': None}} Mode: <Mode.pilot_mission_qualifier> Error Code: CFE-variable_player-1 (https://missionpinball.org/logs)

The above exception was the direct cause of the following exception:

Traceback (most recent call last):
  File "C:\Users\White\AppData\Local\Programs\Python\Python312\Lib\asyncio\events.py", line 88, in _run
    self._context.run(self._callback, *self._args)
  File "C:\Users\White\mpf\Lib\site-packages\mpf\core\events.py", line 846, in process_event_queue
    self._process_event(event=event[0],
  File "C:\Users\White\mpf\Lib\site-packages\mpf\core\events.py", line 808, in _process_event
    result = self._run_handlers(event, ev_type, kwargs)
             ^^^^^^^^^^^^^^^^^^^^^^^^^^^^^^^^^^^^^^^^^^
  File "C:\Users\White\mpf\Lib\site-packages\mpf\core\events.py", line 757, in _run_handlers
    raise EventHandlerException(
mpf.core.events.EventHandlerException: Exception while processing RegisteredHandler(callback=<bound method Mode.start of <Mode.pilot_mission_qualifier>>, priority=200, kwargs={}, key=UUID('50568250-b62e-4c13-addd-bffcbd767e9e'), condition=None, blocking_facility=None) for event mode_base_started. Config File Error in variable_player: Section not valid outside of game modes. ConfigPlayer.variable_player/variables mode_pilot_mission_modes_started:{'topgun_shots_collected': {'action': 'set', 'int': <NativeTemplate 0>, 'priority': 0, 'float': None, 'string': None, 'block': False, 'player': None, 'condition': None}, 'modes_completed_count': {'action': 'set', 'int': <NativeTemplate 0>, 'priority': 0, 'float': None, 'string': None, 'block': False, 'player': None, 'condition': None}, 'qualified_mode_active': {'action': 'set', 'int': <NativeTemplate 0>, 'priority': 0, 'float': None, 'string': None, 'block': False, 'player': None, 'condition': None}, 'topgun_letter_t': {'action': 'set', 'int': <NativeTemplate 0>, 'priority': 0, 'float': None, 'string': None, 'block': False, 'player': None, 'condition': None}, 'topgun_letter_o': {'action': 'set', 'int': <NativeTemplate 0>, 'priority': 0, 'float': None, 'string': None, 'block': False, 'player': None, 'condition': None}, 'topgun_letter_p': {'action': 'set', 'int': <NativeTemplate 0>, 'priority': 0, 'float': None, 'string': None, 'block': False, 'player': None, 'condition': None}, 'topgun_letter_g': {'action': 'set', 'int': <NativeTemplate 0>, 'priority': 0, 'float': None, 'string': None, 'block': False, 'player': None, 'condition': None}, 'topgun_letter_u': {'action': 'set', 'int': <NativeTemplate 0>, 'priority': 0, 'float': None, 'string': None, 'block': False, 'player': None, 'condition': None}, 'topgun_letter_n': {'action': 'set', 'int': <NativeTemplate 0>, 'priority': 0, 'float': None, 'string': None, 'block': False, 'player': None, 'condition': None}, 'mode_rescue_cougar_complete': {'action': 'set', 'int': <NativeTemplate 0>, 'priority': 0, 'float': None, 'string': None, 'block': False, 'player': None, 'condition': None}, 'mode_balls_of_fire_complete': {'action': 'set', 'int': <NativeTemplate 0>, 'priority': 0, 'float': None, 'string': None, 'block': False, 'player': None, 'condition': None}, 'mode_cool_under_pressure_complete': {'action': 'set', 'int': <NativeTemplate 0>, 'priority': 0, 'float': None, 'string': None, 'block': False, 'player': None, 'condition': None}, 'mode_battle_jester_complete': {'action': 'set', 'int': <NativeTemplate 0>, 'priority': 0, 'float': None, 'string': None, 'block': False, 'player': None, 'condition': None}, 'mode_no_points_for_second_place_complete': {'action': 'set', 'int': <NativeTemplate 0>, 'priority': 0, 'float': None, 'string': None, 'block': False, 'player': None, 'condition': None}, 'mode_edge_of_space_complete': {'action': 'set', 'int': <NativeTemplate 0>, 'priority': 0, 'float': None, 'string': None, 'block': False, 'player': None, 'condition': None}, 'mode_below_the_hard_deck_complete': {'action': 'set', 'int': <NativeTemplate 0>, 'priority': 0, 'float': None, 'string': None, 'block': False, 'player': None, 'condition': None}, 'mode_canyon_run_complete': {'action': 'set', 'int': <NativeTemplate 0>, 'priority': 0, 'float': None, 'string': None, 'block': False, 'player': None, 'condition': None}, 'mode_rise_of_phoenix_complete': {'action': 'set', 'int': <NativeTemplate 0>, 'priority': 0, 'float': None, 'string': None, 'block': False, 'player': None, 'condition': None}, 'mode_no_margin_for_error_complete': {'action': 'set', 'int': <NativeTemplate 0>, 'priority': 0, 'float': None, 'string': None, 'block': False, 'player': None, 'condition': None}} Mode: <Mode.pilot_mission_qualifier> Error Code: CFE-variable_player-1 (https://missionpinball.org/logs)
2025-10-24 15:29:40,825 : INFO : EventManager : Event: ======'balls_in_play'====== Args={'balls': 1}
2025-10-24 15:29:40,825 : INFO : EventManager : Event: ======'ball_started'====== Args={'player': 1, 'ball': 1, 'balls_remaining': 2, 'is_extra_ball': False}
2025-10-24 15:29:40,827 : INFO : EventManager : Event: ======'single_player_ball_started'====== Args={}
2025-10-24 15:29:40,827 : INFO : Machine : Shutting down...
2025-10-24 15:29:40,827 : INFO : EventManager : Event: ======'shutdown'====== Args={}
2025-10-24 15:29:40,828 : INFO : EventManager : Event: ======'mode_game_will_stop'====== Args={}
2025-10-24 15:29:40,829 : INFO : EventManager : Event: ======'mode_game_stopping'====== Args={}
2025-10-24 15:29:40,829 : INFO : EventManager : Event: ======'mode_base_will_stop'====== Args={}
2025-10-24 15:29:40,830 : INFO : EventManager : Event: ======'mode_base_stopping'====== Args={}
2025-10-24 15:29:40,830 : INFO : EventManager : Event: ======'stop_mode_bumpers'====== Args={'priority': 0}
2025-10-24 15:29:40,830 : INFO : Mode.base : Stopped.
2025-10-24 15:29:40,830 : INFO : EventManager : Event: ======'modes_active_modes_changed'====== Args={}
2025-10-24 15:29:40,830 : INFO : EventManager : Event: ======'mode_base_stopped'====== Args={}
2025-10-24 15:29:40,830 : INFO : EventManager : Event: ======'clear'====== Args={'key': 'base'}
2025-10-24 15:29:40,831 : INFO : Mode.game : Stopped.
2025-10-24 15:29:40,831 : INFO : EventManager : Event: ======'modes_active_modes_changed'====== Args={}
2025-10-24 15:29:40,831 : INFO : EventManager : Event: ======'mode_game_stopped'====== Args={}
2025-10-24 15:29:40,831 : INFO : EventManager : Event: ======'clear'====== Args={'key': 'game'}
2025-10-24 15:29:40,835 : ERROR : Machine : Runtime Exception
Traceback (most recent call last):
  File "C:\Users\White\mpf\Lib\site-packages\mpf\core\events.py", line 755, in _run_handlers
    result = handler.callback(**merged_kwargs)
             ^^^^^^^^^^^^^^^^^^^^^^^^^^^^^^^^^
  File "C:\Users\White\mpf\Lib\site-packages\mpf\core\mode.py", line 218, in start
    result = item.method(config=self.config.get(item.config_section, self.config),
             ^^^^^^^^^^^^^^^^^^^^^^^^^^^^^^^^^^^^^^^^^^^^^^^^^^^^^^^^^^^^^^^^^^^^^
  File "C:\Users\White\mpf\Lib\site-packages\mpf\core\config_player.py", line 221, in mode_start
    event_keys = self.register_player_events(config, mode, priority)
                 ^^^^^^^^^^^^^^^^^^^^^^^^^^^^^^^^^^^^^^^^^^^^^^^^^^^
  File "C:\Users\White\mpf\Lib\site-packages\mpf\core\config_player.py", line 292, in register_player_events
    raise ConfigFileError("Section not valid outside of game modes. {} {}:{} Mode: {}".format(
mpf.exceptions.config_file_error.ConfigFileError: Config File Error in variable_player: Section not valid outside of game modes. ConfigPlayer.variable_player/variables mode_pilot_mission_modes_started:{'topgun_shots_collected': {'action': 'set', 'int': <NativeTemplate 0>, 'priority': 0, 'float': None, 'string': None, 'block': False, 'player': None, 'condition': None}, 'modes_completed_count': {'action': 'set', 'int': <NativeTemplate 0>, 'priority': 0, 'float': None, 'string': None, 'block': False, 'player': None, 'condition': None}, 'qualified_mode_active': {'action': 'set', 'int': <NativeTemplate 0>, 'priority': 0, 'float': None, 'string': None, 'block': False, 'player': None, 'condition': None}, 'topgun_letter_t': {'action': 'set', 'int': <NativeTemplate 0>, 'priority': 0, 'float': None, 'string': None, 'block': False, 'player': None, 'condition': None}, 'topgun_letter_o': {'action': 'set', 'int': <NativeTemplate 0>, 'priority': 0, 'float': None, 'string': None, 'block': False, 'player': None, 'condition': None}, 'topgun_letter_p': {'action': 'set', 'int': <NativeTemplate 0>, 'priority': 0, 'float': None, 'string': None, 'block': False, 'player': None, 'condition': None}, 'topgun_letter_g': {'action': 'set', 'int': <NativeTemplate 0>, 'priority': 0, 'float': None, 'string': None, 'block': False, 'player': None, 'condition': None}, 'topgun_letter_u': {'action': 'set', 'int': <NativeTemplate 0>, 'priority': 0, 'float': None, 'string': None, 'block': False, 'player': None, 'condition': None}, 'topgun_letter_n': {'action': 'set', 'int': <NativeTemplate 0>, 'priority': 0, 'float': None, 'string': None, 'block': False, 'player': None, 'condition': None}, 'mode_rescue_cougar_complete': {'action': 'set', 'int': <NativeTemplate 0>, 'priority': 0, 'float': None, 'string': None, 'block': False, 'player': None, 'condition': None}, 'mode_balls_of_fire_complete': {'action': 'set', 'int': <NativeTemplate 0>, 'priority': 0, 'float': None, 'string': None, 'block': False, 'player': None, 'condition': None}, 'mode_cool_under_pressure_complete': {'action': 'set', 'int': <NativeTemplate 0>, 'priority': 0, 'float': None, 'string': None, 'block': False, 'player': None, 'condition': None}, 'mode_battle_jester_complete': {'action': 'set', 'int': <NativeTemplate 0>, 'priority': 0, 'float': None, 'string': None, 'block': False, 'player': None, 'condition': None}, 'mode_no_points_for_second_place_complete': {'action': 'set', 'int': <NativeTemplate 0>, 'priority': 0, 'float': None, 'string': None, 'block': False, 'player': None, 'condition': None}, 'mode_edge_of_space_complete': {'action': 'set', 'int': <NativeTemplate 0>, 'priority': 0, 'float': None, 'string': None, 'block': False, 'player': None, 'condition': None}, 'mode_below_the_hard_deck_complete': {'action': 'set', 'int': <NativeTemplate 0>, 'priority': 0, 'float': None, 'string': None, 'block': False, 'player': None, 'condition': None}, 'mode_canyon_run_complete': {'action': 'set', 'int': <NativeTemplate 0>, 'priority': 0, 'float': None, 'string': None, 'block': False, 'player': None, 'condition': None}, 'mode_rise_of_phoenix_complete': {'action': 'set', 'int': <NativeTemplate 0>, 'priority': 0, 'float': None, 'string': None, 'block': False, 'player': None, 'condition': None}, 'mode_no_margin_for_error_complete': {'action': 'set', 'int': <NativeTemplate 0>, 'priority': 0, 'float': None, 'string': None, 'block': False, 'player': None, 'condition': None}} Mode: <Mode.pilot_mission_qualifier> Error Code: CFE-variable_player-1 (https://missionpinball.org/logs)

The above exception was the direct cause of the following exception:

Traceback (most recent call last):
  File "C:\Users\White\mpf\Lib\site-packages\mpf\core\machine.py", line 808, in _run_loop
    raise self._exception['exception']
  File "C:\Users\White\AppData\Local\Programs\Python\Python312\Lib\asyncio\events.py", line 88, in _run
    self._context.run(self._callback, *self._args)
  File "C:\Users\White\mpf\Lib\site-packages\mpf\core\events.py", line 846, in process_event_queue
    self._process_event(event=event[0],
  File "C:\Users\White\mpf\Lib\site-packages\mpf\core\events.py", line 808, in _process_event
    result = self._run_handlers(event, ev_type, kwargs)
             ^^^^^^^^^^^^^^^^^^^^^^^^^^^^^^^^^^^^^^^^^^
  File "C:\Users\White\mpf\Lib\site-packages\mpf\core\events.py", line 757, in _run_handlers
    raise EventHandlerException(
mpf.core.events.EventHandlerException: Exception while processing RegisteredHandler(callback=<bound method Mode.start of <Mode.pilot_mission_qualifier>>, priority=200, kwargs={}, key=UUID('50568250-b62e-4c13-addd-bffcbd767e9e'), condition=None, blocking_facility=None) for event mode_base_started. Config File Error in variable_player: Section not valid outside of game modes. ConfigPlayer.variable_player/variables mode_pilot_mission_modes_started:{'topgun_shots_collected': {'action': 'set', 'int': <NativeTemplate 0>, 'priority': 0, 'float': None, 'string': None, 'block': False, 'player': None, 'condition': None}, 'modes_completed_count': {'action': 'set', 'int': <NativeTemplate 0>, 'priority': 0, 'float': None, 'string': None, 'block': False, 'player': None, 'condition': None}, 'qualified_mode_active': {'action': 'set', 'int': <NativeTemplate 0>, 'priority': 0, 'float': None, 'string': None, 'block': False, 'player': None, 'condition': None}, 'topgun_letter_t': {'action': 'set', 'int': <NativeTemplate 0>, 'priority': 0, 'float': None, 'string': None, 'block': False, 'player': None, 'condition': None}, 'topgun_letter_o': {'action': 'set', 'int': <NativeTemplate 0>, 'priority': 0, 'float': None, 'string': None, 'block': False, 'player': None, 'condition': None}, 'topgun_letter_p': {'action': 'set', 'int': <NativeTemplate 0>, 'priority': 0, 'float': None, 'string': None, 'block': False, 'player': None, 'condition': None}, 'topgun_letter_g': {'action': 'set', 'int': <NativeTemplate 0>, 'priority': 0, 'float': None, 'string': None, 'block': False, 'player': None, 'condition': None}, 'topgun_letter_u': {'action': 'set', 'int': <NativeTemplate 0>, 'priority': 0, 'float': None, 'string': None, 'block': False, 'player': None, 'condition': None}, 'topgun_letter_n': {'action': 'set', 'int': <NativeTemplate 0>, 'priority': 0, 'float': None, 'string': None, 'block': False, 'player': None, 'condition': None}, 'mode_rescue_cougar_complete': {'action': 'set', 'int': <NativeTemplate 0>, 'priority': 0, 'float': None, 'string': None, 'block': False, 'player': None, 'condition': None}, 'mode_balls_of_fire_complete': {'action': 'set', 'int': <NativeTemplate 0>, 'priority': 0, 'float': None, 'string': None, 'block': False, 'player': None, 'condition': None}, 'mode_cool_under_pressure_complete': {'action': 'set', 'int': <NativeTemplate 0>, 'priority': 0, 'float': None, 'string': None, 'block': False, 'player': None, 'condition': None}, 'mode_battle_jester_complete': {'action': 'set', 'int': <NativeTemplate 0>, 'priority': 0, 'float': None, 'string': None, 'block': False, 'player': None, 'condition': None}, 'mode_no_points_for_second_place_complete': {'action': 'set', 'int': <NativeTemplate 0>, 'priority': 0, 'float': None, 'string': None, 'block': False, 'player': None, 'condition': None}, 'mode_edge_of_space_complete': {'action': 'set', 'int': <NativeTemplate 0>, 'priority': 0, 'float': None, 'string': None, 'block': False, 'player': None, 'condition': None}, 'mode_below_the_hard_deck_complete': {'action': 'set', 'int': <NativeTemplate 0>, 'priority': 0, 'float': None, 'string': None, 'block': False, 'player': None, 'condition': None}, 'mode_canyon_run_complete': {'action': 'set', 'int': <NativeTemplate 0>, 'priority': 0, 'float': None, 'string': None, 'block': False, 'player': None, 'condition': None}, 'mode_rise_of_phoenix_complete': {'action': 'set', 'int': <NativeTemplate 0>, 'priority': 0, 'float': None, 'string': None, 'block': False, 'player': None, 'condition': None}, 'mode_no_margin_for_error_complete': {'action': 'set', 'int': <NativeTemplate 0>, 'priority': 0, 'float': None, 'string': None, 'block': False, 'player': None, 'condition': None}} Mode: <Mode.pilot_mission_qualifier> Error Code: CFE-variable_player-1 (https://missionpinball.org/logs)
2025-10-24 15:29:40,837 : INFO : root : MPF run loop ended.
