2025-08-22 15:18:28,733 : INFO : root : Loading config.
2025-08-22 15:18:28,737 : INFO : YamlMultifileConfigLoader : Machine config file #1: config.yaml
2025-08-22 15:18:28,737 : INFO : ConfigProcessor : Loading config from cache: C:\Users\White\AppData\Local\Temp\cfa6ecba65704a931c9dd214c44986c8.mpf_cache
2025-08-22 15:18:28,844 : WARNING : ConfigProcessor : Config file in cache changed: C:\Users\White\Documents\Top_Gun_Pinball\modes\attract\config\attract.yaml
2025-08-22 15:18:28,844 : INFO : ConfigProcessor : Loading config from file C:\Users\White\mpf\Lib\site-packages\mpf\modes\attract\config\attract.yaml.
2025-08-22 15:18:28,846 : INFO : ConfigProcessor : Loading config: C:\Users\White\mpf\Lib\site-packages\mpf\modes\attract\config\attract.yaml
2025-08-22 15:18:28,846 : INFO : ConfigProcessor : Loading config from file C:\Users\White\Documents\Top_Gun_Pinball\modes\attract\config\attract.yaml.
2025-08-22 15:18:28,857 : INFO : ConfigProcessor : Loading config: C:\Users\White\Documents\Top_Gun_Pinball\modes\attract\config\attract.yaml
2025-08-22 15:18:28,857 : INFO : ConfigProcessor : Config file cache created: C:\Users\White\AppData\Local\Temp\f98ffc0ff5962effface7d86bc406d5c.mpf_cache
2025-08-22 15:18:28,858 : INFO : ConfigProcessor : Loading config from cache: C:\Users\White\AppData\Local\Temp\91cc4d1c993c58dc354e34974b9cfeac.mpf_cache
2025-08-22 15:18:28,859 : INFO : ConfigProcessor : Loading config from cache: C:\Users\White\AppData\Local\Temp\f98ffc0ff5962effface7d86bc406d5c.mpf_cache
2025-08-22 15:18:28,869 : INFO : ConfigProcessor : Loading config from cache: C:\Users\White\AppData\Local\Temp\76792f1d686f89709887dba7bd69667a.mpf_cache
2025-08-22 15:18:28,870 : INFO : Machine : Mission Pinball Framework Core Engine v0.80.0.dev9
2025-08-22 15:18:28,870 : INFO : Machine : Command line arguments: {'no_load_cache': False, 'create_config_cache': True, 'bcp': True, 'configfile': ['config.yaml'], 'force_assets_load': False, 'platform_integration_test': False, 'jsonlogging': False, 'logfile': 'logs\\2025-08-22-15-18-28-mpf-TopGunPinball.log', 'pause': False, 'production': False, 'text_ui': False, 'loglevel': 15, 'consoleloglevel': 20, 'force_platform': 'virtual', 'syslog_address': None, 'full_logfile_path': 'C:\\Users\\White\\Documents\\Top_Gun_Pinball\\logs\\2025-08-22-15-18-28-mpf-TopGunPinball.log'}
2025-08-22 15:18:28,870 : INFO : Machine : MPF path: C:\Users\White\mpf\Lib\site-packages\mpf
2025-08-22 15:18:28,870 : INFO : Machine : Machine path: C:\Users\White\Documents\Top_Gun_Pinball
2025-08-22 15:18:28,870 : INFO : Machine : Platform: win32
2025-08-22 15:18:28,870 : INFO : Machine : Python executable location: C:\Users\White\mpf\Scripts\python.exe
2025-08-22 15:18:28,870 : INFO : Machine : Python version: 3.12.7 (64-bit)
2025-08-22 15:18:28,873 : INFO : Machine : Initializing MPF...
2025-08-22 15:18:28,968 : INFO : EventManager : Event: ======'machine_var_credits_string'====== Args={'value': 'FREE PLAY', 'prev_value': None, 'change': True}
2025-08-22 15:18:28,993 : INFO : EventManager : Event: ======'machine_var_master_volume'====== Args={'value': 0.5, 'prev_value': None, 'change': True}
2025-08-22 15:18:28,993 : INFO : EventManager : Event: ======'machine_var_mpf_version'====== Args={'value': 'Mission Pinball Framework v0.80.0.dev9', 'prev_value': None, 'change': True}
2025-08-22 15:18:28,993 : INFO : EventManager : Event: ======'machine_var_mpf_extended_version'====== Args={'value': 'Mission Pinball Framework v0.80.0.dev9, Config version:6, Show version: 6, BCP version:1.1', 'prev_value': None, 'change': True}
2025-08-22 15:18:28,993 : INFO : EventManager : Event: ======'machine_var_python_version'====== Args={'value': '3.12.7', 'prev_value': None, 'change': True}
2025-08-22 15:18:29,157 : INFO : EventManager : Event: ======'machine_var_platform'====== Args={'value': 'Windows-11-10.0.26100-SP0', 'prev_value': None, 'change': True}
2025-08-22 15:18:29,157 : INFO : EventManager : Event: ======'machine_var_platform_system'====== Args={'value': 'Windows', 'prev_value': None, 'change': True}
2025-08-22 15:18:29,157 : INFO : EventManager : Event: ======'machine_var_platform_release'====== Args={'value': '11', 'prev_value': None, 'change': True}
2025-08-22 15:18:29,157 : INFO : EventManager : Event: ======'machine_var_platform_version'====== Args={'value': '10.0.26100', 'prev_value': None, 'change': True}
2025-08-22 15:18:29,157 : INFO : EventManager : Event: ======'machine_var_platform_machine'====== Args={'value': 'AMD64', 'prev_value': None, 'change': True}
2025-08-22 15:18:29,157 : INFO : EventManager : Event: ======'machine_var_log_file_path'====== Args={'value': 'C:\\Users\\White\\Documents\\Top_Gun_Pinball\\logs\\2025-08-22-15-18-28-mpf-TopGunPinball.log', 'prev_value': None, 'change': True}
2025-08-22 15:18:29,157 : INFO : EventManager : Event: ======'init_phase_1'====== Args={}
2025-08-22 15:18:29,177 : INFO : EventManager : Event: ======'init_phase_2'====== Args={}
2025-08-22 15:18:29,178 : INFO : EventManager : Event: ======'bcp_connection_attempt'====== Args={'name': 'local_display', 'host': 'localhost', 'port': 5050}
2025-08-22 15:18:29,180 : INFO : BCPClientSocket : Connecting BCP to 'local_display' at localhost:5050...
2025-08-22 15:18:29,190 : INFO : BCPClientSocket : Connected BCP to 'local_display' localhost:5050
2025-08-22 15:18:29,191 : INFO : EventManager : Event: ======'bcp_clients_connected'====== Args={}
2025-08-22 15:18:29,191 : INFO : ball_device.bd_plunger : BCH: Initial count: 0
2025-08-22 15:18:29,192 : INFO : ball_device.bd_plunger : State: idle
2025-08-22 15:18:29,192 : INFO : ball_device.bd_trough : BCH: Initial count: 0
2025-08-22 15:18:29,192 : INFO : ball_device.bd_trough : State: idle
2025-08-22 15:18:29,201 : INFO : EventManager : Event: ======'init_phase_3'====== Args={}
2025-08-22 15:18:29,203 : INFO : EventManager : Event: ======'init_phase_4'====== Args={}
2025-08-22 15:18:29,203 : INFO : BallController : Initial balls found: 0
2025-08-22 15:18:29,203 : INFO : EventManager : Event: ======'machine_var_audits_switches_s_trough_2'====== Args={'value': 0, 'prev_value': None, 'change': True}
2025-08-22 15:18:29,203 : INFO : EventManager : Event: ======'machine_var_audits_switches_s_trough_5'====== Args={'value': 0, 'prev_value': None, 'change': True}
2025-08-22 15:18:29,203 : INFO : EventManager : Event: ======'machine_var_audits_switches_s_trough_1'====== Args={'value': 0, 'prev_value': None, 'change': True}
2025-08-22 15:18:29,205 : INFO : EventManager : Event: ======'machine_var_audits_switches_s_flipper_right'====== Args={'value': 0, 'prev_value': None, 'change': True}
2025-08-22 15:18:29,205 : INFO : EventManager : Event: ======'machine_var_audits_switches_s_trough_4'====== Args={'value': 0, 'prev_value': None, 'change': True}
2025-08-22 15:18:29,205 : INFO : EventManager : Event: ======'machine_var_audits_switches_s_trough_6'====== Args={'value': 0, 'prev_value': None, 'change': True}
2025-08-22 15:18:29,205 : INFO : EventManager : Event: ======'machine_var_audits_switches_s_trough_3'====== Args={'value': 0, 'prev_value': None, 'change': True}
2025-08-22 15:18:29,205 : INFO : EventManager : Event: ======'machine_var_audits_switches_s_flipper_left'====== Args={'value': 0, 'prev_value': None, 'change': True}
2025-08-22 15:18:29,205 : INFO : EventManager : Event: ======'machine_var_audits_switches_s_jam'====== Args={'value': 0, 'prev_value': None, 'change': True}
2025-08-22 15:18:29,205 : INFO : EventManager : Event: ======'machine_var_audits_switches_s_plunger_lane'====== Args={'value': 0, 'prev_value': None, 'change': True}
2025-08-22 15:18:29,205 : INFO : EventManager : Event: ======'machine_var_audits_events_game_started'====== Args={'value': 0, 'prev_value': None, 'change': True}
2025-08-22 15:18:29,205 : INFO : EventManager : Event: ======'machine_var_audits_events_game_ended'====== Args={'value': 0, 'prev_value': None, 'change': True}
2025-08-22 15:18:29,205 : INFO : EventManager : Event: ======'machine_var_audits_player_score'====== Args={'value': {'top': [], 'average': 0, 'total': 0}, 'prev_value': None, 'change': True}
2025-08-22 15:18:29,205 : INFO : EventManager : Event: ======'init_phase_5'====== Args={}
2025-08-22 15:18:29,206 : INFO : EventManager : Event: ======'init_done'====== Args={}
2025-08-22 15:18:29,206 : INFO : EventManager : Event: ======'machine_reset_phase_1'====== Args={}
2025-08-22 15:18:29,212 : INFO : EventManager : Event: ======'machine_reset_phase_2'====== Args={}
2025-08-22 15:18:29,212 : INFO : EventManager : Event: ======'machine_reset_phase_3'====== Args={}
2025-08-22 15:18:29,212 : INFO : EventManager : Event: ======'reset_complete'====== Args={}
2025-08-22 15:18:29,212 : INFO : EventManager : Event: ======'mode_attract_will_start'====== Args={}
2025-08-22 15:18:29,213 : INFO : EventManager : Event: ======'mode_attract_starting'====== Args={}
2025-08-22 15:18:29,213 : INFO : Mode.attract : Started. Priority: 10
2025-08-22 15:18:29,213 : INFO : EventManager : Event: ======'modes_active_modes_changed'====== Args={}
2025-08-22 15:18:29,213 : INFO : EventManager : Event: ======'mode_attract_started'====== Args={}
2025-08-22 15:18:29,213 : INFO : EventManager : Event: ======'collecting_balls_complete'====== Args={}
2025-08-22 15:18:29,213 : INFO : EventManager : Event: ======'item_highlighted'====== Args={'carousel': 'attract', 'direction': None, 'item': 'title'}
2025-08-22 15:18:29,215 : INFO : Machine : Starting the main run loop with active modes: [<Mode.attract>]
2025-08-22 15:18:29,241 : INFO : EventManager : Event: ======'slide_attract_created'====== Args={'_from_bcp': True}
2025-08-22 15:18:29,243 : INFO : EventManager : Event: ======'slide__removed'====== Args={'_from_bcp': True}
2025-08-22 15:18:29,243 : INFO : EventManager : Event: ======'slide_attract_active'====== Args={'original_context': 'attract', 'original_calling_context': 'mode_attract_started', 'priority': 10.0, 'cmd': 'slides_play', '_from_bcp': True}
2025-08-22 15:18:33,914 : INFO : SwitchController : <<<<<<< 's_flipper_right' active >>>>>>>
2025-08-22 15:18:33,915 : INFO : EventManager : Event: ======'s_flipper_right_active'====== Args={}
2025-08-22 15:18:33,915 : INFO : EventManager : Event: ======'item_highlighted'====== Args={'carousel': 'attract', 'direction': 'forwards', 'item': 'credits'}
2025-08-22 15:18:34,047 : INFO : SwitchController : <<<<<<< 's_flipper_right' inactive >>>>>>>
2025-08-22 15:18:34,798 : INFO : SwitchController : <<<<<<< 's_flipper_right' active >>>>>>>
2025-08-22 15:18:34,798 : INFO : EventManager : Event: ======'s_flipper_right_active'====== Args={}
2025-08-22 15:18:34,798 : INFO : EventManager : Event: ======'item_highlighted'====== Args={'carousel': 'attract', 'direction': 'forwards', 'item': 'mpf_logo'}
2025-08-22 15:18:34,914 : INFO : SwitchController : <<<<<<< 's_flipper_right' inactive >>>>>>>
2025-08-22 15:18:35,849 : INFO : SwitchController : <<<<<<< 's_flipper_right' active >>>>>>>
2025-08-22 15:18:35,849 : INFO : EventManager : Event: ======'s_flipper_right_active'====== Args={}
2025-08-22 15:18:35,849 : INFO : EventManager : Event: ======'item_highlighted'====== Args={'carousel': 'attract', 'direction': 'forwards', 'item': 'hotrod_pinball_logo'}
2025-08-22 15:18:35,982 : INFO : SwitchController : <<<<<<< 's_flipper_right' inactive >>>>>>>
2025-08-22 15:18:37,467 : INFO : SwitchController : <<<<<<< 's_flipper_right' active >>>>>>>
2025-08-22 15:18:37,468 : INFO : EventManager : Event: ======'s_flipper_right_active'====== Args={}
2025-08-22 15:18:37,468 : INFO : EventManager : Event: ======'item_highlighted'====== Args={'carousel': 'attract', 'direction': 'forwards', 'item': 'title'}
2025-08-22 15:18:37,634 : INFO : SwitchController : <<<<<<< 's_flipper_right' inactive >>>>>>>
2025-08-22 15:18:39,953 : INFO : SwitchController : <<<<<<< 's_flipper_right' active >>>>>>>
2025-08-22 15:18:39,954 : INFO : EventManager : Event: ======'s_flipper_right_active'====== Args={}
2025-08-22 15:18:39,954 : INFO : EventManager : Event: ======'item_highlighted'====== Args={'carousel': 'attract', 'direction': 'forwards', 'item': 'credits'}
2025-08-22 15:18:40,103 : INFO : SwitchController : <<<<<<< 's_flipper_right' inactive >>>>>>>
2025-08-22 15:18:40,987 : INFO : SwitchController : <<<<<<< 's_flipper_right' active >>>>>>>
2025-08-22 15:18:40,987 : INFO : EventManager : Event: ======'s_flipper_right_active'====== Args={}
2025-08-22 15:18:40,987 : INFO : EventManager : Event: ======'item_highlighted'====== Args={'carousel': 'attract', 'direction': 'forwards', 'item': 'mpf_logo'}
2025-08-22 15:18:41,204 : INFO : SwitchController : <<<<<<< 's_flipper_right' inactive >>>>>>>
2025-08-22 15:18:42,139 : INFO : SwitchController : <<<<<<< 's_flipper_right' active >>>>>>>
2025-08-22 15:18:42,139 : INFO : EventManager : Event: ======'s_flipper_right_active'====== Args={}
2025-08-22 15:18:42,139 : INFO : EventManager : Event: ======'item_highlighted'====== Args={'carousel': 'attract', 'direction': 'forwards', 'item': 'hotrod_pinball_logo'}
2025-08-22 15:18:42,289 : INFO : SwitchController : <<<<<<< 's_flipper_right' inactive >>>>>>>
2025-08-22 15:18:47,243 : INFO : SwitchController : <<<<<<< 's_flipper_right' active >>>>>>>
2025-08-22 15:18:47,243 : INFO : EventManager : Event: ======'s_flipper_right_active'====== Args={}
2025-08-22 15:18:47,243 : INFO : EventManager : Event: ======'item_highlighted'====== Args={'carousel': 'attract', 'direction': 'forwards', 'item': 'title'}
2025-08-22 15:18:47,394 : INFO : SwitchController : <<<<<<< 's_flipper_right' inactive >>>>>>>
2025-08-22 15:18:52,395 : INFO : Machine : Shutting down...
2025-08-22 15:18:52,395 : INFO : EventManager : Event: ======'shutdown'====== Args={}
2025-08-22 15:18:52,397 : INFO : root : MPF run loop ended.
