2025-10-26 13:05:21,970 : INFO : root : Loading config.
2025-10-26 13:05:21,973 : INFO : YamlMultifileConfigLoader : Machine config file #1: config.yaml
2025-10-26 13:05:21,974 : INFO : ConfigProcessor : Loading config from cache: C:\Users\White\AppData\Local\Temp\cfa6ecba65704a931c9dd214c44986c8.mpf_cache
2025-10-26 13:05:22,088 : INFO : ConfigProcessor : Loading config from cache: C:\Users\White\AppData\Local\Temp\f98ffc0ff5962effface7d86bc406d5c.mpf_cache
2025-10-26 13:05:22,089 : INFO : ConfigProcessor : Loading config from cache: C:\Users\White\AppData\Local\Temp\91cc4d1c993c58dc354e34974b9cfeac.mpf_cache
2025-10-26 13:05:22,090 : INFO : ConfigProcessor : Loading config from cache: C:\Users\White\AppData\Local\Temp\f98ffc0ff5962effface7d86bc406d5c.mpf_cache
2025-10-26 13:05:22,090 : INFO : ConfigProcessor : Loading config from cache: C:\Users\White\AppData\Local\Temp\76792f1d686f89709887dba7bd69667a.mpf_cache
2025-10-26 13:05:22,091 : INFO : ConfigProcessor : Loading config from cache: C:\Users\White\AppData\Local\Temp\142bbae4707335cc8e3efaa4364c4893.mpf_cache
2025-10-26 13:05:22,091 : INFO : ConfigProcessor : Loading config from cache: C:\Users\White\AppData\Local\Temp\0f5f0ac41d1a2672d0d32cef2b12699e.mpf_cache
2025-10-26 13:05:22,092 : INFO : ConfigProcessor : Loading config from cache: C:\Users\White\AppData\Local\Temp\3a419899266be7cd41a083be5a3a8ebb.mpf_cache
2025-10-26 13:05:22,104 : INFO : ConfigProcessor : Loading config from cache: C:\Users\White\AppData\Local\Temp\82e20c7c6490dd2e5fed726a3aa8d652.mpf_cache
2025-10-26 13:05:22,105 : INFO : ConfigProcessor : Loading config from cache: C:\Users\White\AppData\Local\Temp\359114d5ba2a6ad6c93d1559776bbb30.mpf_cache
2025-10-26 13:05:22,108 : INFO : ConfigProcessor : Loading config from cache: C:\Users\White\AppData\Local\Temp\d421369d6df802e4e6f8aa58f446b1a6.mpf_cache
2025-10-26 13:05:22,109 : INFO : ConfigProcessor : Loading config from cache: C:\Users\White\AppData\Local\Temp\310aa541ce6545037d37da470e7bd790.mpf_cache
2025-10-26 13:05:22,110 : INFO : ConfigProcessor : Loading config from cache: C:\Users\White\AppData\Local\Temp\2151caa0419aeb1e56d3d8934477383e.mpf_cache
2025-10-26 13:05:22,112 : INFO : ConfigProcessor : Loading config from cache: C:\Users\White\AppData\Local\Temp\17003635873251b4f6841bf4ab3bdcdd.mpf_cache
2025-10-26 13:05:22,113 : INFO : ConfigProcessor : Loading config from cache: C:\Users\White\AppData\Local\Temp\f70c640a816343cb9040222d7a9269d3.mpf_cache
2025-10-26 13:05:22,114 : INFO : ConfigProcessor : Loading config from cache: C:\Users\White\AppData\Local\Temp\30922048be1d0c17ea15fc75f7fbfe10.mpf_cache
2025-10-26 13:05:22,116 : INFO : ConfigProcessor : Loading config from cache: C:\Users\White\AppData\Local\Temp\58d7809d3d969de03aaf131fc45863f8.mpf_cache
2025-10-26 13:05:22,117 : INFO : ConfigProcessor : Loading config from cache: C:\Users\White\AppData\Local\Temp\d380fa2863f93e197660f0281ffd272b.mpf_cache
2025-10-26 13:05:22,118 : INFO : ConfigProcessor : Loading config from cache: C:\Users\White\AppData\Local\Temp\88e41ae7dcea899a043a2f63da55a8b7.mpf_cache
2025-10-26 13:05:22,119 : INFO : Machine : Mission Pinball Framework Core Engine v0.80.0.dev9
2025-10-26 13:05:22,119 : INFO : Machine : Command line arguments: {'no_load_cache': False, 'create_config_cache': True, 'bcp': True, 'configfile': ['config.yaml'], 'force_assets_load': False, 'platform_integration_test': False, 'jsonlogging': False, 'logfile': 'logs\\2025-10-26-13-05-21-mpf-TopGunPinball.log', 'pause': False, 'production': False, 'text_ui': False, 'loglevel': 15, 'consoleloglevel': 20, 'force_platform': 'virtual', 'syslog_address': None, 'full_logfile_path': 'C:\\Users\\White\\Documents\\Top_Gun_Pinball\\logs\\2025-10-26-13-05-21-mpf-TopGunPinball.log'}
2025-10-26 13:05:22,119 : INFO : Machine : MPF path: C:\Users\White\mpf\Lib\site-packages\mpf
2025-10-26 13:05:22,119 : INFO : Machine : Machine path: C:\Users\White\Documents\Top_Gun_Pinball
2025-10-26 13:05:22,119 : INFO : Machine : Platform: win32
2025-10-26 13:05:22,119 : INFO : Machine : Python executable location: C:\Users\White\mpf\Scripts\python.exe
2025-10-26 13:05:22,119 : INFO : Machine : Python version: 3.12.7 (64-bit)
2025-10-26 13:05:22,121 : INFO : Machine : Initializing MPF...
2025-10-26 13:05:22,215 : INFO : EventManager : Event: ======'machine_var_credits_string'====== Args={'value': 'FREE PLAY', 'prev_value': None, 'change': True}
2025-10-26 13:05:22,245 : INFO : EventManager : Event: ======'machine_var_master_volume'====== Args={'value': 0.5, 'prev_value': None, 'change': True}
2025-10-26 13:05:22,245 : INFO : EventManager : Event: ======'machine_var_player1_score'====== Args={'value': 2229000, 'prev_value': None, 'change': True}
2025-10-26 13:05:22,245 : INFO : EventManager : Event: ======'machine_var_mpf_version'====== Args={'value': 'Mission Pinball Framework v0.80.0.dev9', 'prev_value': None, 'change': True}
2025-10-26 13:05:22,245 : INFO : EventManager : Event: ======'machine_var_mpf_extended_version'====== Args={'value': 'Mission Pinball Framework v0.80.0.dev9, Config version:6, Show version: 6, BCP version:1.1', 'prev_value': None, 'change': True}
2025-10-26 13:05:22,245 : INFO : EventManager : Event: ======'machine_var_python_version'====== Args={'value': '3.12.7', 'prev_value': None, 'change': True}
2025-10-26 13:05:22,393 : INFO : EventManager : Event: ======'machine_var_platform'====== Args={'value': 'Windows-11-10.0.26100-SP0', 'prev_value': None, 'change': True}
2025-10-26 13:05:22,395 : INFO : EventManager : Event: ======'machine_var_platform_system'====== Args={'value': 'Windows', 'prev_value': None, 'change': True}
2025-10-26 13:05:22,395 : INFO : EventManager : Event: ======'machine_var_platform_release'====== Args={'value': '11', 'prev_value': None, 'change': True}
2025-10-26 13:05:22,395 : INFO : EventManager : Event: ======'machine_var_platform_version'====== Args={'value': '10.0.26100', 'prev_value': None, 'change': True}
2025-10-26 13:05:22,395 : INFO : EventManager : Event: ======'machine_var_platform_machine'====== Args={'value': 'AMD64', 'prev_value': None, 'change': True}
2025-10-26 13:05:22,395 : INFO : EventManager : Event: ======'machine_var_log_file_path'====== Args={'value': 'C:\\Users\\White\\Documents\\Top_Gun_Pinball\\logs\\2025-10-26-13-05-21-mpf-TopGunPinball.log', 'prev_value': None, 'change': True}
2025-10-26 13:05:22,395 : INFO : EventManager : Event: ======'init_phase_1'====== Args={}
2025-10-26 13:05:22,439 : INFO : EventManager : Event: ======'init_phase_2'====== Args={}
2025-10-26 13:05:22,440 : INFO : SwitchController : Found active switch: ('playfield_board_lower-3208-0', <Platform.Virtual>) <switch.s_trough_1>
2025-10-26 13:05:22,440 : INFO : SwitchController : Found active switch: ('playfield_board_lower-3208-1', <Platform.Virtual>) <switch.s_trough_2>
2025-10-26 13:05:22,440 : INFO : SwitchController : Found active switch: ('playfield_board_lower-3208-2', <Platform.Virtual>) <switch.s_trough_3>
2025-10-26 13:05:22,440 : INFO : SwitchController : Found active switch: ('playfield_board_lower-3208-3', <Platform.Virtual>) <switch.s_trough_4>
2025-10-26 13:05:22,440 : INFO : SwitchController : Found active switch: ('playfield_board_lower-3208-4', <Platform.Virtual>) <switch.s_trough_5>
2025-10-26 13:05:22,440 : INFO : SwitchController : Found active switch: ('playfield_board_lower-3208-5', <Platform.Virtual>) <switch.s_trough_6>
2025-10-26 13:05:22,460 : INFO : EventManager : Event: ======'bcp_connection_attempt'====== Args={'name': 'local_display', 'host': 'localhost', 'port': 5050}
2025-10-26 13:05:22,461 : INFO : BCPClientSocket : Connecting BCP to 'local_display' at localhost:5050...
2025-10-26 13:05:22,474 : INFO : BCPClientSocket : Connected BCP to 'local_display' localhost:5050
2025-10-26 13:05:22,474 : INFO : EventManager : Event: ======'bcp_clients_connected'====== Args={}
2025-10-26 13:05:22,474 : INFO : ball_device.bd_plunger : BCH: Initial count: 0
2025-10-26 13:05:22,475 : INFO : ball_device.bd_plunger : State: idle
2025-10-26 13:05:22,475 : INFO : ball_device.bd_trough : BCH: Initial count: 6
2025-10-26 13:05:22,475 : INFO : ball_device.bd_trough : State: idle
2025-10-26 13:05:22,475 : INFO : ball_device.bd_lock_elevator : BCH: Initial count: 0
2025-10-26 13:05:22,475 : INFO : ball_device.bd_lock_elevator : State: idle
2025-10-26 13:05:22,475 : INFO : ball_device.bd_mode_scoop : BCH: Initial count: 0
2025-10-26 13:05:22,475 : INFO : ball_device.bd_mode_scoop : State: idle
2025-10-26 13:05:22,502 : INFO : EventManager : Event: ======'init_phase_3'====== Args={}
2025-10-26 13:05:23,023 : INFO : EventManager : Event: ======'init_phase_4'====== Args={}
2025-10-26 13:05:23,023 : INFO : BallController : Initial balls found: 6
2025-10-26 13:05:23,025 : INFO : EventManager : Event: ======'machine_var_audits_events_game_ended'====== Args={'value': 2, 'prev_value': None, 'change': True}
2025-10-26 13:05:23,025 : INFO : EventManager : Event: ======'machine_var_audits_events_game_started'====== Args={'value': 248, 'prev_value': None, 'change': True}
2025-10-26 13:05:23,025 : INFO : EventManager : Event: ======'machine_var_audits_missing_switches_s_a_iceman_target'====== Args={'value': 18, 'prev_value': None, 'change': True}
2025-10-26 13:05:23,025 : INFO : EventManager : Event: ======'machine_var_audits_missing_switches_s_barrier_target'====== Args={'value': 23, 'prev_value': None, 'change': True}
2025-10-26 13:05:23,025 : INFO : EventManager : Event: ======'machine_var_audits_missing_switches_s_bumper_center'====== Args={'value': 2, 'prev_value': None, 'change': True}
2025-10-26 13:05:23,025 : INFO : EventManager : Event: ======'machine_var_audits_missing_switches_s_bumper_left'====== Args={'value': 20, 'prev_value': None, 'change': True}
2025-10-26 13:05:23,025 : INFO : EventManager : Event: ======'machine_var_audits_missing_switches_s_bumper_right'====== Args={'value': 41, 'prev_value': None, 'change': True}
2025-10-26 13:05:23,025 : INFO : EventManager : Event: ======'machine_var_audits_missing_switches_s_c_iceman_target'====== Args={'value': 82, 'prev_value': None, 'change': True}
2025-10-26 13:05:23,025 : INFO : EventManager : Event: ======'machine_var_audits_missing_switches_s_c_lock_target'====== Args={'value': 8, 'prev_value': None, 'change': True}
2025-10-26 13:05:23,025 : INFO : EventManager : Event: ======'machine_var_audits_missing_switches_s_coin_door'====== Args={'value': 135, 'prev_value': None, 'change': True}
2025-10-26 13:05:23,025 : INFO : EventManager : Event: ======'machine_var_audits_missing_switches_s_coin_door_credit_left'====== Args={'value': 42, 'prev_value': None, 'change': True}
2025-10-26 13:05:23,025 : INFO : EventManager : Event: ======'machine_var_audits_missing_switches_s_coin_door_credit_right'====== Args={'value': 42, 'prev_value': None, 'change': True}
2025-10-26 13:05:23,025 : INFO : EventManager : Event: ======'machine_var_audits_missing_switches_s_coin_door_service_1'====== Args={'value': 135, 'prev_value': None, 'change': True}
2025-10-26 13:05:23,026 : INFO : EventManager : Event: ======'machine_var_audits_missing_switches_s_coin_door_service_2'====== Args={'value': 135, 'prev_value': None, 'change': True}
2025-10-26 13:05:23,026 : INFO : EventManager : Event: ======'machine_var_audits_missing_switches_s_coin_door_service_3'====== Args={'value': 135, 'prev_value': None, 'change': True}
2025-10-26 13:05:23,026 : INFO : EventManager : Event: ======'machine_var_audits_missing_switches_s_coin_door_service_4'====== Args={'value': 135, 'prev_value': None, 'change': True}
2025-10-26 13:05:23,026 : INFO : EventManager : Event: ======'machine_var_audits_missing_switches_s_flight_gear_target'====== Args={'value': 1, 'prev_value': None, 'change': True}
2025-10-26 13:05:23,026 : INFO : EventManager : Event: ======'machine_var_audits_missing_switches_s_flipper_left'====== Args={'value': 193, 'prev_value': None, 'change': True}
2025-10-26 13:05:23,026 : INFO : EventManager : Event: ======'machine_var_audits_missing_switches_s_flipper_left_eos'====== Args={'value': 195, 'prev_value': None, 'change': True}
2025-10-26 13:05:23,026 : INFO : EventManager : Event: ======'machine_var_audits_missing_switches_s_flipper_left_upper'====== Args={'value': 197, 'prev_value': None, 'change': True}
2025-10-26 13:05:23,026 : INFO : EventManager : Event: ======'machine_var_audits_missing_switches_s_flipper_left_upper_eos'====== Args={'value': 195, 'prev_value': None, 'change': True}
2025-10-26 13:05:23,026 : INFO : EventManager : Event: ======'machine_var_audits_missing_switches_s_flipper_right'====== Args={'value': 131, 'prev_value': None, 'change': True}
2025-10-26 13:05:23,026 : INFO : EventManager : Event: ======'machine_var_audits_missing_switches_s_flipper_right_eos'====== Args={'value': 195, 'prev_value': None, 'change': True}
2025-10-26 13:05:23,026 : INFO : EventManager : Event: ======'machine_var_audits_missing_switches_s_i_iceman_target'====== Args={'value': 19, 'prev_value': None, 'change': True}
2025-10-26 13:05:23,026 : INFO : EventManager : Event: ======'machine_var_audits_missing_switches_s_inlane_left'====== Args={'value': 128, 'prev_value': None, 'change': True}
2025-10-26 13:05:23,026 : INFO : EventManager : Event: ======'machine_var_audits_missing_switches_s_inner_inlane_right'====== Args={'value': 8, 'prev_value': None, 'change': True}
2025-10-26 13:05:23,026 : INFO : EventManager : Event: ======'machine_var_audits_missing_switches_s_jam'====== Args={'value': 134, 'prev_value': None, 'change': True}
2025-10-26 13:05:23,026 : INFO : EventManager : Event: ======'machine_var_audits_missing_switches_s_k_lock_target'====== Args={'value': 132, 'prev_value': None, 'change': True}
2025-10-26 13:05:23,026 : INFO : EventManager : Event: ======'machine_var_audits_missing_switches_s_l_lock_target'====== Args={'value': 132, 'prev_value': None, 'change': True}
2025-10-26 13:05:23,026 : INFO : EventManager : Event: ======'machine_var_audits_missing_switches_s_lock_goose'====== Args={'value': 197, 'prev_value': None, 'change': True}
2025-10-26 13:05:23,027 : INFO : EventManager : Event: ======'machine_var_audits_missing_switches_s_lock_mav'====== Args={'value': 197, 'prev_value': None, 'change': True}
2025-10-26 13:05:23,027 : INFO : EventManager : Event: ======'machine_var_audits_missing_switches_s_lock_plunger'====== Args={'value': 31, 'prev_value': None, 'change': True}
2025-10-26 13:05:23,027 : INFO : EventManager : Event: ======'machine_var_audits_missing_switches_s_m_iceman_target'====== Args={'value': 1, 'prev_value': None, 'change': True}
2025-10-26 13:05:23,027 : INFO : EventManager : Event: ======'machine_var_audits_missing_switches_s_mig_lane_left'====== Args={'value': 1, 'prev_value': None, 'change': True}
2025-10-26 13:05:23,027 : INFO : EventManager : Event: ======'machine_var_audits_missing_switches_s_mig_lane_right'====== Args={'value': 32, 'prev_value': None, 'change': True}
2025-10-26 13:05:23,027 : INFO : EventManager : Event: ======'machine_var_audits_missing_switches_s_mode_start'====== Args={'value': 197, 'prev_value': None, 'change': True}
2025-10-26 13:05:23,027 : INFO : EventManager : Event: ======'machine_var_audits_missing_switches_s_n_iceman_target'====== Args={'value': 2, 'prev_value': None, 'change': True}
2025-10-26 13:05:23,027 : INFO : EventManager : Event: ======'machine_var_audits_missing_switches_s_o_lock_target'====== Args={'value': 132, 'prev_value': None, 'change': True}
2025-10-26 13:05:23,027 : INFO : EventManager : Event: ======'machine_var_audits_missing_switches_s_orbit_left'====== Args={'value': 7, 'prev_value': None, 'change': True}
2025-10-26 13:05:23,027 : INFO : EventManager : Event: ======'machine_var_audits_missing_switches_s_orbit_lower'====== Args={'value': 32, 'prev_value': None, 'change': True}
2025-10-26 13:05:23,027 : INFO : EventManager : Event: ======'machine_var_audits_missing_switches_s_orbit_right'====== Args={'value': 32, 'prev_value': None, 'change': True}
2025-10-26 13:05:23,027 : INFO : EventManager : Event: ======'machine_var_audits_missing_switches_s_orbit_upper'====== Args={'value': 8, 'prev_value': None, 'change': True}
2025-10-26 13:05:23,027 : INFO : EventManager : Event: ======'machine_var_audits_missing_switches_s_outer_inlane_right'====== Args={'value': 8, 'prev_value': None, 'change': True}
2025-10-26 13:05:23,027 : INFO : EventManager : Event: ======'machine_var_audits_missing_switches_s_outlane_left'====== Args={'value': 197, 'prev_value': None, 'change': True}
2025-10-26 13:05:23,028 : INFO : EventManager : Event: ======'machine_var_audits_missing_switches_s_outlane_right'====== Args={'value': 134, 'prev_value': None, 'change': True}
2025-10-26 13:05:23,028 : INFO : EventManager : Event: ======'machine_var_audits_missing_switches_s_plunger_lane'====== Args={'value': 10, 'prev_value': None, 'change': True}
2025-10-26 13:05:23,028 : INFO : EventManager : Event: ======'machine_var_audits_missing_switches_s_ramp_inner_exit'====== Args={'value': 7, 'prev_value': None, 'change': True}
2025-10-26 13:05:23,028 : INFO : EventManager : Event: ======'machine_var_audits_missing_switches_s_ramp_left_exit'====== Args={'value': 197, 'prev_value': None, 'change': True}
2025-10-26 13:05:23,028 : INFO : EventManager : Event: ======'machine_var_audits_missing_switches_s_ramp_right_exit'====== Args={'value': 3, 'prev_value': None, 'change': True}
2025-10-26 13:05:23,028 : INFO : EventManager : Event: ======'machine_var_audits_missing_switches_s_ramp_tower_exit'====== Args={'value': 23, 'prev_value': None, 'change': True}
2025-10-26 13:05:23,028 : INFO : EventManager : Event: ======'machine_var_audits_missing_switches_s_slingshot_left'====== Args={'value': 132, 'prev_value': None, 'change': True}
2025-10-26 13:05:23,028 : INFO : EventManager : Event: ======'machine_var_audits_missing_switches_s_slingshot_right'====== Args={'value': 132, 'prev_value': None, 'change': True}
2025-10-26 13:05:23,028 : INFO : EventManager : Event: ======'machine_var_audits_missing_switches_s_spinner'====== Args={'value': 2, 'prev_value': None, 'change': True}
2025-10-26 13:05:23,028 : INFO : EventManager : Event: ======'machine_var_audits_missing_switches_s_start'====== Args={'value': 1, 'prev_value': None, 'change': True}
2025-10-26 13:05:23,028 : INFO : EventManager : Event: ======'machine_var_audits_missing_switches_s_tilt'====== Args={'value': 135, 'prev_value': None, 'change': True}
2025-10-26 13:05:23,028 : INFO : EventManager : Event: ======'machine_var_audits_missing_switches_s_trough_1'====== Args={'value': 173, 'prev_value': None, 'change': True}
2025-10-26 13:05:23,028 : INFO : EventManager : Event: ======'machine_var_audits_missing_switches_s_trough_2'====== Args={'value': 173, 'prev_value': None, 'change': True}
2025-10-26 13:05:23,029 : INFO : EventManager : Event: ======'machine_var_audits_missing_switches_s_trough_3'====== Args={'value': 173, 'prev_value': None, 'change': True}
2025-10-26 13:05:23,029 : INFO : EventManager : Event: ======'machine_var_audits_missing_switches_s_trough_4'====== Args={'value': 248, 'prev_value': None, 'change': True}
2025-10-26 13:05:23,029 : INFO : EventManager : Event: ======'machine_var_audits_missing_switches_s_trough_5'====== Args={'value': 248, 'prev_value': None, 'change': True}
2025-10-26 13:05:23,029 : INFO : EventManager : Event: ======'machine_var_audits_missing_switches_s_trough_6'====== Args={'value': 1, 'prev_value': None, 'change': True}
2025-10-26 13:05:23,029 : INFO : EventManager : Event: ======'machine_var_audits_player_score'====== Args={'value': {'average': 787666, 'top': [2229000, 73000, 61000], 'total': 3}, 'prev_value': None, 'change': True}
2025-10-26 13:05:23,029 : INFO : EventManager : Event: ======'machine_var_audits_shots_bumper_center'====== Args={'value': 501, 'prev_value': None, 'change': True}
2025-10-26 13:05:23,029 : INFO : EventManager : Event: ======'machine_var_audits_shots_bumper_left'====== Args={'value': 523, 'prev_value': None, 'change': True}
2025-10-26 13:05:23,029 : INFO : EventManager : Event: ======'machine_var_audits_shots_bumper_right'====== Args={'value': 369, 'prev_value': None, 'change': True}
2025-10-26 13:05:23,029 : INFO : EventManager : Event: ======'machine_var_audits_shots_mig_lane_left'====== Args={'value': 88, 'prev_value': None, 'change': True}
2025-10-26 13:05:23,029 : INFO : EventManager : Event: ======'machine_var_audits_shots_mig_lane_right'====== Args={'value': 13, 'prev_value': None, 'change': True}
2025-10-26 13:05:23,029 : INFO : EventManager : Event: ======'machine_var_audits_shots_orbit_upper'====== Args={'value': 13, 'prev_value': None, 'change': True}
2025-10-26 13:05:23,029 : INFO : EventManager : Event: ======'machine_var_audits_shots_ramp_inner'====== Args={'value': 37, 'prev_value': None, 'change': True}
2025-10-26 13:05:23,029 : INFO : EventManager : Event: ======'machine_var_audits_shots_spinner'====== Args={'value': 5, 'prev_value': None, 'change': True}
2025-10-26 13:05:23,029 : INFO : EventManager : Event: ======'machine_var_audits_switches_s_a_iceman_target'====== Args={'value': 27, 'prev_value': None, 'change': True}
2025-10-26 13:05:23,030 : INFO : EventManager : Event: ======'machine_var_audits_switches_s_barrier_target'====== Args={'value': 7, 'prev_value': None, 'change': True}
2025-10-26 13:05:23,030 : INFO : EventManager : Event: ======'machine_var_audits_switches_s_bumper_center'====== Args={'value': 521, 'prev_value': None, 'change': True}
2025-10-26 13:05:23,030 : INFO : EventManager : Event: ======'machine_var_audits_switches_s_bumper_left'====== Args={'value': 554, 'prev_value': None, 'change': True}
2025-10-26 13:05:23,030 : INFO : EventManager : Event: ======'machine_var_audits_switches_s_bumper_right'====== Args={'value': 375, 'prev_value': None, 'change': True}
2025-10-26 13:05:23,030 : INFO : EventManager : Event: ======'machine_var_audits_switches_s_c_iceman_target'====== Args={'value': 41, 'prev_value': None, 'change': True}
2025-10-26 13:05:23,030 : INFO : EventManager : Event: ======'machine_var_audits_switches_s_c_lock_target'====== Args={'value': 5, 'prev_value': None, 'change': True}
2025-10-26 13:05:23,030 : INFO : EventManager : Event: ======'machine_var_audits_switches_s_coin_door'====== Args={'value': 0, 'prev_value': None, 'change': True}
2025-10-26 13:05:23,030 : INFO : EventManager : Event: ======'machine_var_audits_switches_s_coin_door_credit_left'====== Args={'value': 0, 'prev_value': None, 'change': True}
2025-10-26 13:05:23,030 : INFO : EventManager : Event: ======'machine_var_audits_switches_s_coin_door_credit_right'====== Args={'value': 0, 'prev_value': None, 'change': True}
2025-10-26 13:05:23,030 : INFO : EventManager : Event: ======'machine_var_audits_switches_s_coin_door_service_1'====== Args={'value': 0, 'prev_value': None, 'change': True}
2025-10-26 13:05:23,030 : INFO : EventManager : Event: ======'machine_var_audits_switches_s_coin_door_service_2'====== Args={'value': 0, 'prev_value': None, 'change': True}
2025-10-26 13:05:23,030 : INFO : EventManager : Event: ======'machine_var_audits_switches_s_coin_door_service_3'====== Args={'value': 0, 'prev_value': None, 'change': True}
2025-10-26 13:05:23,030 : INFO : EventManager : Event: ======'machine_var_audits_switches_s_coin_door_service_4'====== Args={'value': 0, 'prev_value': None, 'change': True}
2025-10-26 13:05:23,030 : INFO : EventManager : Event: ======'machine_var_audits_switches_s_e_iceman_target'====== Args={'value': 56, 'prev_value': None, 'change': True}
2025-10-26 13:05:23,030 : INFO : EventManager : Event: ======'machine_var_audits_switches_s_flight_gear_target'====== Args={'value': 47, 'prev_value': None, 'change': True}
2025-10-26 13:05:23,030 : INFO : EventManager : Event: ======'machine_var_audits_switches_s_flipper_left'====== Args={'value': 9, 'prev_value': None, 'change': True}
2025-10-26 13:05:23,030 : INFO : EventManager : Event: ======'machine_var_audits_switches_s_flipper_left_eos'====== Args={'value': 0, 'prev_value': None, 'change': True}
2025-10-26 13:05:23,031 : INFO : EventManager : Event: ======'machine_var_audits_switches_s_flipper_left_upper'====== Args={'value': 0, 'prev_value': None, 'change': True}
2025-10-26 13:05:23,031 : INFO : EventManager : Event: ======'machine_var_audits_switches_s_flipper_left_upper_eos'====== Args={'value': 0, 'prev_value': None, 'change': True}
2025-10-26 13:05:23,031 : INFO : EventManager : Event: ======'machine_var_audits_switches_s_flipper_right'====== Args={'value': 17, 'prev_value': None, 'change': True}
2025-10-26 13:05:23,031 : INFO : EventManager : Event: ======'machine_var_audits_switches_s_flipper_right_eos'====== Args={'value': 0, 'prev_value': None, 'change': True}
2025-10-26 13:05:23,031 : INFO : EventManager : Event: ======'machine_var_audits_switches_s_i_iceman_target'====== Args={'value': 9, 'prev_value': None, 'change': True}
2025-10-26 13:05:23,031 : INFO : EventManager : Event: ======'machine_var_audits_switches_s_inlane_left'====== Args={'value': 53, 'prev_value': None, 'change': True}
2025-10-26 13:05:23,031 : INFO : EventManager : Event: ======'machine_var_audits_switches_s_inner_inlane_right'====== Args={'value': 4, 'prev_value': None, 'change': True}
2025-10-26 13:05:23,031 : INFO : EventManager : Event: ======'machine_var_audits_switches_s_jam'====== Args={'value': 1, 'prev_value': None, 'change': True}
2025-10-26 13:05:23,031 : INFO : EventManager : Event: ======'machine_var_audits_switches_s_k_lock_target'====== Args={'value': 5, 'prev_value': None, 'change': True}
2025-10-26 13:05:23,031 : INFO : EventManager : Event: ======'machine_var_audits_switches_s_l_lock_target'====== Args={'value': 5, 'prev_value': None, 'change': True}
2025-10-26 13:05:23,031 : INFO : EventManager : Event: ======'machine_var_audits_switches_s_lane_left'====== Args={'value': 212, 'prev_value': None, 'change': True}
2025-10-26 13:05:23,031 : INFO : EventManager : Event: ======'machine_var_audits_switches_s_lane_right'====== Args={'value': 137, 'prev_value': None, 'change': True}
2025-10-26 13:05:23,031 : INFO : EventManager : Event: ======'machine_var_audits_switches_s_lock_goose'====== Args={'value': 0, 'prev_value': None, 'change': True}
2025-10-26 13:05:23,031 : INFO : EventManager : Event: ======'machine_var_audits_switches_s_lock_mav'====== Args={'value': 0, 'prev_value': None, 'change': True}
2025-10-26 13:05:23,031 : INFO : EventManager : Event: ======'machine_var_audits_switches_s_lock_plunger'====== Args={'value': 3, 'prev_value': None, 'change': True}
2025-10-26 13:05:23,031 : INFO : EventManager : Event: ======'machine_var_audits_switches_s_m_iceman_target'====== Args={'value': 28, 'prev_value': None, 'change': True}
2025-10-26 13:05:23,031 : INFO : EventManager : Event: ======'machine_var_audits_switches_s_mig_lane_left'====== Args={'value': 119, 'prev_value': None, 'change': True}
2025-10-26 13:05:23,031 : INFO : EventManager : Event: ======'machine_var_audits_switches_s_mig_lane_right'====== Args={'value': 16, 'prev_value': None, 'change': True}
2025-10-26 13:05:23,031 : INFO : EventManager : Event: ======'machine_var_audits_switches_s_mode_start'====== Args={'value': 0, 'prev_value': None, 'change': True}
2025-10-26 13:05:23,031 : INFO : EventManager : Event: ======'machine_var_audits_switches_s_n_iceman_target'====== Args={'value': 36, 'prev_value': None, 'change': True}
2025-10-26 13:05:23,031 : INFO : EventManager : Event: ======'machine_var_audits_switches_s_o_lock_target'====== Args={'value': 5, 'prev_value': None, 'change': True}
2025-10-26 13:05:23,032 : INFO : EventManager : Event: ======'machine_var_audits_switches_s_orbit_left'====== Args={'value': 57, 'prev_value': None, 'change': True}
2025-10-26 13:05:23,032 : INFO : EventManager : Event: ======'machine_var_audits_switches_s_orbit_lower'====== Args={'value': 2, 'prev_value': None, 'change': True}
2025-10-26 13:05:23,032 : INFO : EventManager : Event: ======'machine_var_audits_switches_s_orbit_right'====== Args={'value': 15, 'prev_value': None, 'change': True}
2025-10-26 13:05:23,032 : INFO : EventManager : Event: ======'machine_var_audits_switches_s_orbit_upper'====== Args={'value': 16, 'prev_value': None, 'change': True}
2025-10-26 13:05:23,032 : INFO : EventManager : Event: ======'machine_var_audits_switches_s_outer_inlane_right'====== Args={'value': 6, 'prev_value': None, 'change': True}
2025-10-26 13:05:23,032 : INFO : EventManager : Event: ======'machine_var_audits_switches_s_outlane_left'====== Args={'value': 0, 'prev_value': None, 'change': True}
2025-10-26 13:05:23,032 : INFO : EventManager : Event: ======'machine_var_audits_switches_s_outlane_right'====== Args={'value': 4, 'prev_value': None, 'change': True}
2025-10-26 13:05:23,032 : INFO : EventManager : Event: ======'machine_var_audits_switches_s_plunger_lane'====== Args={'value': 46, 'prev_value': None, 'change': True}
2025-10-26 13:05:23,032 : INFO : EventManager : Event: ======'machine_var_audits_switches_s_ramp_inner_exit'====== Args={'value': 40, 'prev_value': None, 'change': True}
2025-10-26 13:05:23,032 : INFO : EventManager : Event: ======'machine_var_audits_switches_s_ramp_left_exit'====== Args={'value': 0, 'prev_value': None, 'change': True}
2025-10-26 13:05:23,032 : INFO : EventManager : Event: ======'machine_var_audits_switches_s_ramp_right_exit'====== Args={'value': 6, 'prev_value': None, 'change': True}
2025-10-26 13:05:23,032 : INFO : EventManager : Event: ======'machine_var_audits_switches_s_ramp_tower_exit'====== Args={'value': 5, 'prev_value': None, 'change': True}
2025-10-26 13:05:23,032 : INFO : EventManager : Event: ======'machine_var_audits_switches_s_shooter_lane'====== Args={'value': 203, 'prev_value': None, 'change': True}
2025-10-26 13:05:23,032 : INFO : EventManager : Event: ======'machine_var_audits_switches_s_slingshot_left'====== Args={'value': 8, 'prev_value': None, 'change': True}
2025-10-26 13:05:23,032 : INFO : EventManager : Event: ======'machine_var_audits_switches_s_slingshot_right'====== Args={'value': 7, 'prev_value': None, 'change': True}
2025-10-26 13:05:23,032 : INFO : EventManager : Event: ======'machine_var_audits_switches_s_spinner'====== Args={'value': 102, 'prev_value': None, 'change': True}
2025-10-26 13:05:23,032 : INFO : EventManager : Event: ======'machine_var_audits_switches_s_start'====== Args={'value': 161, 'prev_value': None, 'change': True}
2025-10-26 13:05:23,032 : INFO : EventManager : Event: ======'machine_var_audits_switches_s_tilt'====== Args={'value': 0, 'prev_value': None, 'change': True}
2025-10-26 13:05:23,032 : INFO : EventManager : Event: ======'machine_var_audits_switches_s_trough_1'====== Args={'value': 2, 'prev_value': None, 'change': True}
2025-10-26 13:05:23,032 : INFO : EventManager : Event: ======'machine_var_audits_switches_s_trough_2'====== Args={'value': 1, 'prev_value': None, 'change': True}
2025-10-26 13:05:23,032 : INFO : EventManager : Event: ======'machine_var_audits_switches_s_trough_3'====== Args={'value': 1, 'prev_value': None, 'change': True}
2025-10-26 13:05:23,032 : INFO : EventManager : Event: ======'machine_var_audits_switches_s_trough_4'====== Args={'value': 0, 'prev_value': None, 'change': True}
2025-10-26 13:05:23,032 : INFO : EventManager : Event: ======'machine_var_audits_switches_s_trough_5'====== Args={'value': 0, 'prev_value': None, 'change': True}
2025-10-26 13:05:23,032 : INFO : EventManager : Event: ======'machine_var_audits_switches_s_trough_6'====== Args={'value': 153, 'prev_value': None, 'change': True}
2025-10-26 13:05:23,033 : INFO : EventManager : Event: ======'init_phase_5'====== Args={}
2025-10-26 13:05:23,033 : INFO : EventManager : Event: ======'init_done'====== Args={}
2025-10-26 13:05:23,033 : INFO : EventManager : Event: ======'machine_reset_phase_1'====== Args={}
2025-10-26 13:05:23,045 : INFO : EventManager : Event: ======'machine_reset_phase_2'====== Args={}
2025-10-26 13:05:23,045 : INFO : EventManager : Event: ======'machine_reset_phase_3'====== Args={}
2025-10-26 13:05:23,045 : INFO : EventManager : Event: ======'reset_complete'====== Args={}
2025-10-26 13:05:23,045 : INFO : EventManager : Event: ======'mode_attract_will_start'====== Args={}
2025-10-26 13:05:23,046 : INFO : Timer.attract_carousel_timer : Starting Timer.
2025-10-26 13:05:23,046 : INFO : EventManager : Event: ======'timer_attract_carousel_timer_started'====== Args={'ticks': 0, 'ticks_remaining': 1}
2025-10-26 13:05:23,046 : INFO : EventManager : Event: ======'timer_attract_carousel_timer_tick'====== Args={'ticks': 0, 'ticks_remaining': 1}
2025-10-26 13:05:23,047 : INFO : EventManager : Event: ======'mode_attract_starting'====== Args={}
2025-10-26 13:05:23,047 : INFO : Mode.attract : Started. Priority: 10
2025-10-26 13:05:23,047 : INFO : EventManager : Event: ======'modes_active_modes_changed'====== Args={}
2025-10-26 13:05:23,047 : INFO : EventManager : Event: ======'mode_attract_started'====== Args={}
2025-10-26 13:05:23,047 : INFO : EventManager : Event: ======'attract_cycle_step1'====== Args={'priority': 0}
2025-10-26 13:05:23,048 : INFO : EventManager : Event: ======'collecting_balls_complete'====== Args={}
2025-10-26 13:05:23,048 : INFO : EventManager : Event: ======'item_highlighted'====== Args={'carousel': 'attract', 'direction': None, 'item': 'title'}
2025-10-26 13:05:23,048 : INFO : EventManager : Event: ======'timer_attract_carousel_timer_tick'====== Args={'ticks': 0, 'ticks_remaining': 1}
2025-10-26 13:05:23,049 : INFO : Machine : Starting the main run loop with active modes: [<Mode.attract>]
2025-10-26 13:05:23,136 : INFO : EventManager : Event: ======'slide_attract_created'====== Args={'_from_bcp': True}
2025-10-26 13:05:23,136 : INFO : EventManager : Event: ======'slide__removed'====== Args={'_from_bcp': True}
2025-10-26 13:05:23,137 : INFO : EventManager : Event: ======'slide_attract_active'====== Args={'original_context': 'attract', 'original_calling_context': 'mode_attract_started', 'priority': 10.0, 'cmd': 'slides_play', '_from_bcp': True}
2025-10-26 13:05:23,793 : INFO : BcpServer : New client connected.
2025-10-26 13:05:27,668 : INFO : SwitchController : <<<<<<< 's_start' active >>>>>>>
2025-10-26 13:05:27,795 : INFO : SwitchController : <<<<<<< 's_start' inactive >>>>>>>
2025-10-26 13:05:27,795 : INFO : EventManager : Event: ======'request_to_start_game'====== Args={}
2025-10-26 13:05:27,795 : INFO : EventManager : Event: ======'game_start'====== Args={'buttons': [], 'hold_time': 0.125}
2025-10-26 13:05:27,795 : INFO : EventManager : Event: ======'mode_game_will_start'====== Args={'buttons': [], 'hold_time': 0.125}
2025-10-26 13:05:27,796 : INFO : EventManager : Event: ======'mode_game_starting'====== Args={'buttons': [], 'hold_time': 0.125}
2025-10-26 13:05:27,796 : INFO : EventManager : Event: ======'mode_attract_will_stop'====== Args={}
2025-10-26 13:05:27,797 : INFO : EventManager : Event: ======'mode_attract_stopping'====== Args={}
2025-10-26 13:05:27,797 : INFO : Mode.game : Started. Priority: 20
2025-10-26 13:05:27,797 : INFO : EventManager : Event: ======'modes_active_modes_changed'====== Args={}
2025-10-26 13:05:27,797 : INFO : EventManager : Event: ======'mode_game_started'====== Args={'buttons': [], 'hold_time': 0.125}
2025-10-26 13:05:27,798 : INFO : Mode.attract : Stopped.
2025-10-26 13:05:27,798 : INFO : EventManager : Event: ======'modes_active_modes_changed'====== Args={}
2025-10-26 13:05:27,798 : INFO : EventManager : Event: ======'mode_attract_stopped'====== Args={}
2025-10-26 13:05:27,799 : INFO : EventManager : Event: ======'clear'====== Args={'key': 'attract'}
2025-10-26 13:05:27,799 : INFO : Timer.attract_carousel_timer : Stopping Timer
2025-10-26 13:05:27,799 : INFO : EventManager : Event: ======'timer_attract_carousel_timer_stopped'====== Args={'ticks': 0, 'ticks_remaining': 1}
2025-10-26 13:05:27,799 : INFO : EventManager : Event: ======'game_will_start'====== Args={}
2025-10-26 13:05:27,801 : INFO : EventManager : Event: ======'game_starting'====== Args={'game': <Mode.game>}
2025-10-26 13:05:27,802 : INFO : EventManager : Unordered handler for class <Auditor> on event game_ended with priority 1. Handlers: [RegisteredHandler(callback=<bound method Auditor.disable of <Auditor>>, priority=1, kwargs={}, key=UUID('035ce39a-2c0e-45c2-8430-339c84f54a7b'), condition=None, blocking_facility=None), RegisteredHandler(callback=<bound method Auditor._save_audits of <Auditor>>, priority=1, kwargs={}, key=UUID('1cdfa2cd-37a8-489e-a79a-c1292c3000b8'), condition=None, blocking_facility=None)]. The order of those handlers is not defined and they will be executed in random order. This might lead to race conditions and potential bugs.
2025-10-26 13:05:27,802 : INFO : EventManager : Event: ======'player_add_request'====== Args={}
2025-10-26 13:05:27,803 : INFO : EventManager : Event: ======'player_will_add'====== Args={'number': 1}
2025-10-26 13:05:27,803 : INFO : EventManager : Event: ======'player_adding'====== Args={'player': <Player 1>, 'number': 1}
2025-10-26 13:05:27,803 : INFO : EventManager : Event: ======'player_added'====== Args={'player': <Player 1>, 'num': 1}
2025-10-26 13:05:27,803 : INFO : Mode.game : Player added successfully. Total players: 1
2025-10-26 13:05:27,804 : INFO : EventManager : Event: ======'player_index'====== Args={'value': 0, 'prev_value': 0, 'change': 0, 'player_num': 1}
2025-10-26 13:05:27,804 : INFO : EventManager : Event: ======'player_number'====== Args={'value': 1, 'prev_value': 1, 'change': 0, 'player_num': 1}
2025-10-26 13:05:27,804 : INFO : EventManager : Event: ======'player_score'====== Args={'value': 0, 'prev_value': 0, 'change': 0, 'player_num': 1}
2025-10-26 13:05:27,804 : INFO : EventManager : Event: ======'game_started'====== Args={}
2025-10-26 13:05:27,805 : INFO : EventManager : Event: ======'player_turn_will_start'====== Args={'player': <Player 1>, 'number': 1}
2025-10-26 13:05:27,806 : INFO : EventManager : Event: ======'player_turn_starting'====== Args={'player': <Player 1>, 'number': 1}
2025-10-26 13:05:27,806 : INFO : EventManager : Event: ======'player_ball'====== Args={'value': 1, 'prev_value': 0, 'change': 1, 'player_num': 1}
2025-10-26 13:05:27,813 : INFO : EventManager : Event: ======'player_turn_started'====== Args={'player': <Player 1>, 'number': 1}
2025-10-26 13:05:27,814 : INFO : EventManager : Event: ======'ui_player_1_up'====== Args={'priority': 0}
2025-10-26 13:05:27,814 : INFO : EventManager : Event: ======'ball_will_start'====== Args={'player': 1, 'ball': 1, 'balls_remaining': 2, 'is_extra_ball': False}
2025-10-26 13:05:27,816 : INFO : EventManager : Event: ======'ball_starting'====== Args={'player': 1, 'ball': 1, 'balls_remaining': 2, 'is_extra_ball': False}
2025-10-26 13:05:27,816 : INFO : EventManager : Event: ======'mode_base_will_start'====== Args={'queue': <QueuedEvent>, 'player': 1, 'ball': 1, 'balls_remaining': 2, 'is_extra_ball': False}
2025-10-26 13:05:27,817 : INFO : EventManager : Event: ======'mode_base_starting'====== Args={'queue': <QueuedEvent>, 'player': 1, 'ball': 1, 'balls_remaining': 2, 'is_extra_ball': False}
2025-10-26 13:05:27,819 : INFO : Mode.base : Started. Priority: 100
2025-10-26 13:05:27,819 : INFO : EventManager : Event: ======'modes_active_modes_changed'====== Args={}
2025-10-26 13:05:27,819 : INFO : EventManager : Event: ======'mode_base_started'====== Args={'queue': <QueuedEvent>, 'player': 1, 'ball': 1, 'balls_remaining': 2, 'is_extra_ball': False}
2025-10-26 13:05:27,819 : INFO : EventManager : Event: ======'mode_pilot_mission_qualifier_will_start'====== Args={'queue': <QueuedEvent>, 'player': 1, 'ball': 1, 'balls_remaining': 2, 'is_extra_ball': False}
2025-10-26 13:05:27,855 : INFO : EventManager : Event: ======'mode_pilot_mission_qualifier_starting'====== Args={'queue': <QueuedEvent>, 'player': 1, 'ball': 1, 'balls_remaining': 2, 'is_extra_ball': False}
2025-10-26 13:05:27,856 : INFO : EventManager : Event: ======'start_mode_bumpers'====== Args={'priority': 0}
2025-10-26 13:05:27,856 : INFO : EventManager : Event: ======'mode_bumpers_will_start'====== Args={'priority': 0}
2025-10-26 13:05:27,856 : INFO : EventManager : Event: ======'player_shot_bumper_left_enabled'====== Args={'value': True, 'prev_value': 0, 'change': 1, 'player_num': 1}
2025-10-26 13:05:27,856 : INFO : EventManager : Event: ======'player_shot_bumper_center_enabled'====== Args={'value': True, 'prev_value': 0, 'change': 1, 'player_num': 1}
2025-10-26 13:05:27,857 : INFO : EventManager : Event: ======'player_shot_bumper_right_enabled'====== Args={'value': True, 'prev_value': 0, 'change': 1, 'player_num': 1}
2025-10-26 13:05:27,857 : INFO : EventManager : Event: ======'bumpers_complete'====== Args={'state': 'unlit'}
2025-10-26 13:05:27,857 : INFO : EventManager : Event: ======'bumpers_unlit_complete'====== Args={}
2025-10-26 13:05:27,858 : INFO : EventManager : Event: ======'mode_bumpers_starting'====== Args={'priority': 0}
2025-10-26 13:05:27,858 : INFO : Mode.bumpers : Started. Priority: 200
2025-10-26 13:05:27,858 : INFO : EventManager : Event: ======'modes_active_modes_changed'====== Args={}
2025-10-26 13:05:27,858 : INFO : EventManager : Event: ======'mode_bumpers_started'====== Args={'priority': 0}
2025-10-26 13:05:27,858 : INFO : Mode.pilot_mission_qualifier : Started. Priority: 200
2025-10-26 13:05:27,859 : INFO : EventManager : Event: ======'modes_active_modes_changed'====== Args={}
2025-10-26 13:05:27,859 : INFO : EventManager : Event: ======'mode_pilot_mission_qualifier_started'====== Args={'queue': <QueuedEvent>, 'player': 1, 'ball': 1, 'balls_remaining': 2, 'is_extra_ball': False}
2025-10-26 13:05:27,860 : INFO : EventManager : Event: ======'balls_in_play'====== Args={'balls': 1}
2025-10-26 13:05:27,860 : INFO : EventManager : Event: ======'ball_started'====== Args={'player': 1, 'ball': 1, 'balls_remaining': 2, 'is_extra_ball': False}
2025-10-26 13:05:27,861 : INFO : EventManager : Event: ======'single_player_ball_started'====== Args={}
2025-10-26 13:05:27,862 : INFO : EventManager : Event: ======'ball_start_target'====== Args={'target': 'playfield'}
2025-10-26 13:05:27,862 : INFO : ball_device.bd_plunger : Setting up player-controlled eject. Balls: 1, Target: <playfield.playfield>, player_controlled_eject_event: None
2025-10-26 13:05:27,862 : INFO : EventManager : Event: ======'balldevice_balls_available'====== Args={}
2025-10-26 13:05:27,863 : INFO : ball_device.bd_trough : State: waiting_for_target_ready
2025-10-26 13:05:27,863 : INFO : EventManager : Event: ======'balldevice_bd_trough_ball_eject_attempt'====== Args={'balls': 1, 'target': <ball_device.bd_plunger>, 'source': <ball_device.bd_trough>, 'mechanical_eject': True, 'num_attempts': 0}
2025-10-26 13:05:27,864 : INFO : ball_device.bd_plunger : State: waiting_for_ball
2025-10-26 13:05:27,864 : INFO : ball_device.bd_trough : State: ejecting
2025-10-26 13:05:27,864 : INFO : ball_device.bd_trough : Ejecting ball to <ball_device.bd_plunger>
2025-10-26 13:05:27,864 : INFO : EventManager : Event: ======'balldevice_bd_trough_ejecting_ball'====== Args={'balls': 1, 'target': <ball_device.bd_plunger>, 'source': <ball_device.bd_trough>, 'mechanical_eject': True, 'num_attempts': 0}
2025-10-26 13:05:27,864 : INFO : ball_device.bd_trough : Wait for ball to leave device
2025-10-26 13:05:27,866 : INFO : coil.c_trough_eject : Pulsing Driver for 10ms (0.75 pulse_power)
2025-10-26 13:05:27,942 : INFO : EventManager : Event: ======'slide_base_slide_created'====== Args={'_from_bcp': True}
2025-10-26 13:05:27,943 : INFO : EventManager : Event: ======'slide_attract_inactive'====== Args={'is_removing': True, '_from_bcp': True}
2025-10-26 13:05:27,943 : INFO : EventManager : Event: ======'slide_base_slide_active'====== Args={'original_context': 'base', 'original_calling_context': 'mode_base_started', 'priority': 100.0, 'queue': '<QueuedEvent>', 'player': 1.0, 'ball': 1.0, 'balls_remaining': 2.0, 'is_extra_ball': False, 'cmd': 'slides_play', '_from_bcp': True}
2025-10-26 13:05:27,946 : INFO : EventManager : Event: ======'slide_attract_removed'====== Args={'_from_bcp': True}
2025-10-26 13:05:27,959 : INFO : EventManager : Event: ======'slide_topgun_0_created'====== Args={'_from_bcp': True}
2025-10-26 13:05:27,960 : INFO : EventManager : Event: ======'slide_base_slide_inactive'====== Args={'is_removing': False, '_from_bcp': True}
2025-10-26 13:05:27,960 : INFO : EventManager : Event: ======'slide_topgun_0_active'====== Args={'original_context': 'pilot_mission_qualifier', 'original_calling_context': 'mode_pilot_mission_qualifier_started{current_player.topgun_shots_collected==0 and current_player.qualified_mode_number==0}', 'priority': 200.0, 'queue': '<QueuedEvent>', 'player': 1.0, 'ball': 1.0, 'balls_remaining': 2.0, 'is_extra_ball': False, 'cmd': 'slides_play', '_from_bcp': True}
2025-10-26 13:05:30,883 : INFO : EventManager : Event: ======'balldevice_bd_trough_ball_eject_failed'====== Args={'target': <ball_device.bd_plunger>, 'balls': 1, 'retry': True, 'num_attempts': 1}
2025-10-26 13:05:30,884 : INFO : ball_device.bd_trough : State: waiting_for_target_ready
2025-10-26 13:05:30,884 : INFO : EventManager : Event: ======'balldevice_bd_trough_ball_eject_attempt'====== Args={'balls': 1, 'target': <ball_device.bd_plunger>, 'source': <ball_device.bd_trough>, 'mechanical_eject': True, 'num_attempts': 1}
2025-10-26 13:05:30,885 : INFO : ball_device.bd_trough : State: ejecting
2025-10-26 13:05:30,885 : INFO : ball_device.bd_trough : Ejecting ball to <ball_device.bd_plunger>
2025-10-26 13:05:30,885 : INFO : EventManager : Event: ======'balldevice_bd_trough_ejecting_ball'====== Args={'balls': 1, 'target': <ball_device.bd_plunger>, 'source': <ball_device.bd_trough>, 'mechanical_eject': True, 'num_attempts': 1}
2025-10-26 13:05:30,886 : INFO : ball_device.bd_trough : Wait for ball to leave device
2025-10-26 13:05:30,886 : INFO : coil.c_trough_eject : Pulsing Driver for 10ms (0.75 pulse_power)
2025-10-26 13:05:33,884 : INFO : EventManager : Event: ======'balldevice_bd_trough_ball_eject_failed'====== Args={'target': <ball_device.bd_plunger>, 'balls': 1, 'retry': True, 'num_attempts': 2}
2025-10-26 13:05:33,885 : INFO : ball_device.bd_trough : State: waiting_for_target_ready
2025-10-26 13:05:33,885 : INFO : EventManager : Event: ======'balldevice_bd_trough_ball_eject_attempt'====== Args={'balls': 1, 'target': <ball_device.bd_plunger>, 'source': <ball_device.bd_trough>, 'mechanical_eject': True, 'num_attempts': 2}
2025-10-26 13:05:33,886 : INFO : ball_device.bd_trough : State: ejecting
2025-10-26 13:05:33,886 : INFO : ball_device.bd_trough : Ejecting ball to <ball_device.bd_plunger>
2025-10-26 13:05:33,886 : INFO : EventManager : Event: ======'balldevice_bd_trough_ejecting_ball'====== Args={'balls': 1, 'target': <ball_device.bd_plunger>, 'source': <ball_device.bd_trough>, 'mechanical_eject': True, 'num_attempts': 2}
2025-10-26 13:05:33,887 : INFO : ball_device.bd_trough : Wait for ball to leave device
2025-10-26 13:05:33,887 : INFO : coil.c_trough_eject : Pulsing Driver for 10ms (0.75 pulse_power)
2025-10-26 13:05:36,229 : INFO : SwitchController : <<<<<<< 's_trough_6' inactive >>>>>>>
2025-10-26 13:05:36,231 : INFO : ball_device.bd_trough : State: ball_left
2025-10-26 13:05:36,232 : INFO : ball_device.bd_trough : Ball left
2025-10-26 13:05:36,232 : INFO : ball_device.bd_trough : Wait for confirm with timeout 3.0
2025-10-26 13:05:37,085 : INFO : SwitchController : <<<<<<< 's_shooter_lane' active >>>>>>>
2025-10-26 13:05:37,085 : INFO : EventManager : Event: ======'s_shooter_lane_active'====== Args={}
2025-10-26 13:05:37,085 : INFO : EventManager : Event: ======'machine_var_audits_switches_s_shooter_lane'====== Args={'value': 204, 'prev_value': 203, 'change': 1}
2025-10-26 13:05:37,086 : INFO : EventManager : Event: ======'mode_skillshot_will_start'====== Args={}
2025-10-26 13:05:37,086 : INFO : EventManager : Event: ======'player_shot_mig_lane_left_enabled'====== Args={'value': True, 'prev_value': 0, 'change': 1, 'player_num': 1}
2025-10-26 13:05:37,087 : INFO : EventManager : Event: ======'player_shot_mig_lane_right_enabled'====== Args={'value': True, 'prev_value': 0, 'change': 1, 'player_num': 1}
2025-10-26 13:05:37,087 : INFO : EventManager : Event: ======'player_shot_spinner_enabled'====== Args={'value': True, 'prev_value': 0, 'change': 1, 'player_num': 1}
2025-10-26 13:05:37,087 : INFO : EventManager : Event: ======'player_shot_orbit_upper_enabled'====== Args={'value': True, 'prev_value': 0, 'change': 1, 'player_num': 1}
2025-10-26 13:05:37,088 : INFO : EventManager : Event: ======'player_shot_ramp_inner_enabled'====== Args={'value': True, 'prev_value': 0, 'change': 1, 'player_num': 1}
2025-10-26 13:05:37,088 : INFO : EventManager : Event: ======'skillshot_group_complete'====== Args={'state': 'off'}
2025-10-26 13:05:37,088 : INFO : EventManager : Event: ======'skillshot_group_off_complete'====== Args={}
2025-10-26 13:05:37,089 : INFO : EventManager : Event: ======'player_skillshot_skillshot_tick'====== Args={'value': 9, 'prev_value': 0, 'change': 9, 'player_num': 1}
2025-10-26 13:05:37,089 : INFO : EventManager : Event: ======'player_skillshot_skillshot_sound_loop_tick'====== Args={'value': 0, 'prev_value': 0, 'change': 0, 'player_num': 1}
2025-10-26 13:05:37,093 : INFO : EventManager : Event: ======'mode_skillshot_starting'====== Args={}
2025-10-26 13:05:37,093 : INFO : Mode.skillshot : Started. Priority: 100
2025-10-26 13:05:37,094 : INFO : EventManager : Event: ======'modes_active_modes_changed'====== Args={}
2025-10-26 13:05:37,094 : INFO : EventManager : Event: ======'mode_skillshot_started'====== Args={}
2025-10-26 13:05:37,094 : INFO : EventManager : Event: ======'player_pilot_qualifier_paused'====== Args={'value': 1, 'prev_value': 0, 'change': 1, 'player_num': 1, 'source': 'pilot_mission_qualifier'}
2025-10-26 13:05:37,094 : INFO : EventManager : Event: ======'player_shot_mig_lane_left'====== Args={'value': 1, 'prev_value': 0, 'change': 1, 'player_num': 1}
2025-10-26 13:05:37,094 : INFO : EventManager : Event: ======'player_shot_mig_lane_right'====== Args={'value': 1, 'prev_value': 0, 'change': 1, 'player_num': 1}
2025-10-26 13:05:37,094 : INFO : EventManager : Event: ======'player_shot_spinner'====== Args={'value': 1, 'prev_value': 0, 'change': 1, 'player_num': 1}
2025-10-26 13:05:37,096 : INFO : EventManager : Event: ======'player_shot_orbit_upper'====== Args={'value': 1, 'prev_value': 0, 'change': 1, 'player_num': 1}
2025-10-26 13:05:37,096 : INFO : EventManager : Event: ======'player_shot_ramp_inner'====== Args={'value': 1, 'prev_value': 0, 'change': 1, 'player_num': 1}
2025-10-26 13:05:37,096 : INFO : Timer.skillshot_sound_loop : Starting Timer.
2025-10-26 13:05:37,096 : INFO : EventManager : Event: ======'timer_skillshot_sound_loop_started'====== Args={'ticks': 0, 'ticks_remaining': 999}
2025-10-26 13:05:37,097 : INFO : EventManager : Event: ======'timer_skillshot_sound_loop_tick'====== Args={'ticks': 0, 'ticks_remaining': 999}
2025-10-26 13:05:37,097 : INFO : EventManager : Event: ======'skillshot_group_complete'====== Args={'state': 'lit'}
2025-10-26 13:05:37,097 : INFO : EventManager : Event: ======'skillshot_group_lit_complete'====== Args={}
2025-10-26 13:05:37,138 : INFO : EventManager : Event: ======'slide_skillshot_ball_in_shooter_lane_created'====== Args={'_from_bcp': True}
2025-10-26 13:05:37,396 : INFO : ball_device.bd_plunger : Received ball from <ball_device.bd_trough>
2025-10-26 13:05:37,397 : INFO : EventManager : Event: ======'balldevice_bd_plunger_ball_enter'====== Args={'new_balls': 1, 'unclaimed_balls': 0, 'new_available_balls': 0, 'device': <ball_device.bd_plunger>}
2025-10-26 13:05:37,397 : INFO : EventManager : Event: ======'balldevice_bd_plunger_ball_entered'====== Args={'new_balls': 0, 'device': <ball_device.bd_plunger>}
2025-10-26 13:05:37,398 : INFO : EventManager : Event: ======'balldevice_bd_plunger_ball_count_changed'====== Args={'balls': 1}
2025-10-26 13:05:37,398 : INFO : ball_device.bd_trough : Got eject confirm
2025-10-26 13:05:37,398 : INFO : ball_device.bd_trough : Eject successful
2025-10-26 13:05:37,398 : INFO : EventManager : Event: ======'balldevice_bd_trough_ball_eject_success'====== Args={'balls': 1, 'target': <ball_device.bd_plunger>}
2025-10-26 13:05:37,399 : INFO : EventManager : Event: ======'balldevice_bd_trough_ball_count_changed'====== Args={'balls': 5}
2025-10-26 13:05:37,400 : INFO : ball_device.bd_trough : State: idle
2025-10-26 13:05:37,400 : INFO : ball_device.bd_plunger : State: waiting_for_target_ready
2025-10-26 13:05:37,400 : INFO : EventManager : Event: ======'balldevice_bd_plunger_ball_eject_attempt'====== Args={'balls': 1, 'target': <playfield.playfield>, 'source': <ball_device.bd_plunger>, 'mechanical_eject': True, 'num_attempts': 0}
2025-10-26 13:05:37,401 : INFO : ball_device.bd_plunger : State: ejecting
2025-10-26 13:05:37,401 : INFO : ball_device.bd_plunger : Ejecting ball to <playfield.playfield>
2025-10-26 13:05:37,401 : INFO : EventManager : Event: ======'balldevice_bd_plunger_ejecting_ball'====== Args={'balls': 1, 'target': <playfield.playfield>, 'source': <ball_device.bd_plunger>, 'mechanical_eject': True, 'num_attempts': 0}
2025-10-26 13:05:37,402 : INFO : EventManager : Event: ======'video_idle_start'====== Args={'priority': 0}
2025-10-26 13:05:37,403 : INFO : ball_device.bd_plunger : Wait for ball to leave device
2025-10-26 13:05:37,772 : INFO : SwitchController : <<<<<<< 's_shooter_lane' inactive >>>>>>>
2025-10-26 13:05:37,772 : INFO : EventManager : Event: ======'s_shooter_lane_inactive'====== Args={}
2025-10-26 13:05:37,774 : INFO : Timer.skillshot : Starting Timer.
2025-10-26 13:05:37,774 : INFO : EventManager : Event: ======'timer_skillshot_started'====== Args={'ticks': 9, 'ticks_remaining': 9}
2025-10-26 13:05:37,774 : INFO : EventManager : Event: ======'timer_skillshot_tick'====== Args={'ticks': 9, 'ticks_remaining': 9}
2025-10-26 13:05:37,774 : INFO : Timer.skillshot_sound_loop : Stopping Timer
2025-10-26 13:05:37,774 : INFO : EventManager : Event: ======'timer_skillshot_sound_loop_stopped'====== Args={'ticks': 0, 'ticks_remaining': 999}
2025-10-26 13:05:37,774 : INFO : EventManager : Event: ======'video_launch_start'====== Args={'priority': 0}
2025-10-26 13:05:37,776 : INFO : ball_device.bd_plunger : State: ball_left
2025-10-26 13:05:37,776 : INFO : ball_device.bd_plunger : Ball left
2025-10-26 13:05:37,777 : INFO : ball_device.bd_plunger : Wait for confirm with timeout 3.0
2025-10-26 13:05:37,800 : INFO : EventManager : Event: ======'slide_skillshot_ball_in_shooter_lane_removed'====== Args={'_from_bcp': True}
2025-10-26 13:05:37,822 : INFO : EventManager : Event: ======'slide_skillshot_ball_launched_created'====== Args={'_from_bcp': True}
2025-10-26 13:05:38,736 : INFO : SwitchController : <<<<<<< 's_lane_right' active >>>>>>>
2025-10-26 13:05:38,736 : INFO : EventManager : Event: ======'sw_playfield_active'====== Args={}
2025-10-26 13:05:38,736 : INFO : EventManager : Event: ======'machine_var_audits_switches_s_lane_right'====== Args={'value': 138, 'prev_value': 137, 'change': 1}
2025-10-26 13:05:38,738 : INFO : EventManager : Event: ======'playfield_active'====== Args={'source': None}
2025-10-26 13:05:38,776 : INFO : EventManager : Event: ======'player_skillshot_skillshot_tick'====== Args={'value': 8, 'prev_value': 9, 'change': -1, 'player_num': 1}
2025-10-26 13:05:38,776 : INFO : EventManager : Event: ======'timer_skillshot_tick'====== Args={'ticks': 8, 'ticks_remaining': 8}
2025-10-26 13:05:38,813 : INFO : SwitchController : <<<<<<< 's_lane_right' inactive >>>>>>>
2025-10-26 13:05:39,307 : INFO : SwitchController : <<<<<<< 's_m_iceman_target' active >>>>>>>
2025-10-26 13:05:39,307 : INFO : EventManager : Event: ======'s_m_iceman_target_active'====== Args={}
2025-10-26 13:05:39,307 : INFO : EventManager : Event: ======'sw_playfield_active'====== Args={}
2025-10-26 13:05:39,307 : INFO : EventManager : Event: ======'sw_playfield_active'====== Args={}
2025-10-26 13:05:39,307 : INFO : EventManager : Event: ======'machine_var_audits_switches_s_m_iceman_target'====== Args={'value': 29, 'prev_value': 28, 'change': 1}
2025-10-26 13:05:39,309 : INFO : EventManager : Event: ======'mode_skillshot_will_stop'====== Args={}
2025-10-26 13:05:39,309 : INFO : EventManager : Event: ======'mode_skillshot_stopping'====== Args={}
2025-10-26 13:05:39,309 : INFO : Timer.skillshot : Stopping Timer
2025-10-26 13:05:39,309 : INFO : EventManager : Event: ======'timer_skillshot_stopped'====== Args={'ticks': 8, 'ticks_remaining': 8}
2025-10-26 13:05:39,309 : INFO : Timer.skillshot_sound_loop : Stopping Timer
2025-10-26 13:05:39,309 : INFO : EventManager : Event: ======'timer_skillshot_sound_loop_stopped'====== Args={'ticks': 0, 'ticks_remaining': 999}
2025-10-26 13:05:39,310 : INFO : EventManager : Event: ======'playfield_active'====== Args={'source': None}
2025-10-26 13:05:39,310 : INFO : EventManager : Event: ======'playfield_active'====== Args={'source': None}
2025-10-26 13:05:39,310 : INFO : Mode.skillshot : Stopped.
2025-10-26 13:05:39,310 : INFO : EventManager : Event: ======'modes_active_modes_changed'====== Args={}
2025-10-26 13:05:39,311 : INFO : EventManager : Event: ======'mode_skillshot_stopped'====== Args={}
2025-10-26 13:05:39,311 : INFO : EventManager : Event: ======'clear'====== Args={'key': 'skillshot'}
2025-10-26 13:05:39,312 : INFO : EventManager : Event: ======'player_pilot_qualifier_paused'====== Args={'value': 0, 'prev_value': 1, 'change': -1, 'player_num': 1, 'source': 'pilot_mission_qualifier'}
2025-10-26 13:05:39,312 : INFO : Timer.skillshot : Stopping Timer
2025-10-26 13:05:39,312 : INFO : EventManager : Event: ======'timer_skillshot_stopped'====== Args={'ticks': 8, 'ticks_remaining': 8}
2025-10-26 13:05:39,313 : INFO : Timer.skillshot_sound_loop : Stopping Timer
2025-10-26 13:05:39,313 : INFO : EventManager : Event: ======'timer_skillshot_sound_loop_stopped'====== Args={'ticks': 0, 'ticks_remaining': 999}
2025-10-26 13:05:39,320 : INFO : EventManager : Event: ======'slide_skillshot_ball_launched_removed'====== Args={'_from_bcp': True}
2025-10-26 13:05:39,431 : INFO : SwitchController : <<<<<<< 's_m_iceman_target' inactive >>>>>>>
2025-10-26 13:05:40,782 : INFO : ball_device.bd_plunger : State: failed_confirm
2025-10-26 13:05:40,782 : INFO : ball_device.bd_plunger : Got timeout (3.0s) before confirm from <playfield.playfield>
2025-10-26 13:05:40,875 : INFO : ball_device.bd_plunger : Confirming eject because target is playfield and ball did not return.
2025-10-26 13:05:40,875 : INFO : ball_device.bd_plunger : Eject successful
2025-10-26 13:05:40,875 : INFO : EventManager : Event: ======'balldevice_bd_plunger_ball_eject_success'====== Args={'balls': 1, 'target': <playfield.playfield>}
2025-10-26 13:05:40,876 : INFO : EventManager : Event: ======'balldevice_playfield_ball_enter'====== Args={'new_balls': 1, 'unclaimed_balls': 1, 'device': <playfield.playfield>}
2025-10-26 13:05:40,876 : INFO : EventManager : Event: ======'playfield_ball_count_change'====== Args={'balls': 1, 'change': 1}
2025-10-26 13:05:40,877 : INFO : EventManager : Event: ======'balldevice_bd_plunger_ball_count_changed'====== Args={'balls': 0}
2025-10-26 13:05:40,877 : INFO : ball_device.bd_plunger : State: idle
2025-10-26 13:05:41,358 : INFO : SwitchController : <<<<<<< 's_lane_left' active >>>>>>>
2025-10-26 13:05:41,358 : INFO : EventManager : Event: ======'s_lane_left_active'====== Args={}
2025-10-26 13:05:41,358 : INFO : EventManager : Event: ======'sw_playfield_active'====== Args={}
2025-10-26 13:05:41,358 : INFO : EventManager : Event: ======'sw_playfield_active'====== Args={}
2025-10-26 13:05:41,358 : INFO : EventManager : Event: ======'machine_var_audits_switches_s_lane_left'====== Args={'value': 213, 'prev_value': 212, 'change': 1}
2025-10-26 13:05:41,359 : INFO : EventManager : Event: ======'player_topgun_shots_collected'====== Args={'value': 1, 'prev_value': 0, 'change': 1, 'player_num': 1, 'source': 'pilot_mission_qualifier'}
2025-10-26 13:05:41,361 : INFO : EventManager : Event: ======'player_topgun_letter_t'====== Args={'value': 1, 'prev_value': 0, 'change': 1, 'player_num': 1, 'source': 'pilot_mission_qualifier'}
2025-10-26 13:05:41,361 : INFO : EventManager : Event: ======'topgun_letter_t_lit'====== Args={'priority': 0}
2025-10-26 13:05:41,370 : INFO : EventManager : Event: ======'slide_topgun_0_inactive'====== Args={'is_removing': True, '_from_bcp': True}
2025-10-26 13:05:41,371 : INFO : EventManager : Event: ======'slide_base_slide_active'====== Args={'_from_bcp': True}
2025-10-26 13:05:41,372 : INFO : EventManager : Event: ======'slide_topgun_0_removed'====== Args={'_from_bcp': True}
2025-10-26 13:05:41,382 : INFO : EventManager : Event: ======'slide_topgun_1_created'====== Args={'_from_bcp': True}
2025-10-26 13:05:41,384 : INFO : EventManager : Event: ======'slide_base_slide_inactive'====== Args={'is_removing': False, '_from_bcp': True}
2025-10-26 13:05:41,384 : INFO : EventManager : Event: ======'slide_topgun_1_active'====== Args={'original_context': 'pilot_mission_qualifier', 'original_calling_context': 'topgun_letter_t_lit', 'priority': 200.0, 'cmd': 'slides_play', '_from_bcp': True}
2025-10-26 13:05:41,482 : INFO : SwitchController : <<<<<<< 's_lane_left' inactive >>>>>>>
2025-10-26 13:05:42,516 : INFO : SwitchController : <<<<<<< 's_lane_left' active >>>>>>>
2025-10-26 13:05:42,516 : INFO : EventManager : Event: ======'s_lane_left_active'====== Args={}
2025-10-26 13:05:42,516 : INFO : EventManager : Event: ======'sw_playfield_active'====== Args={}
2025-10-26 13:05:42,516 : INFO : EventManager : Event: ======'sw_playfield_active'====== Args={}
2025-10-26 13:05:42,516 : INFO : EventManager : Event: ======'machine_var_audits_switches_s_lane_left'====== Args={'value': 214, 'prev_value': 213, 'change': 1}
2025-10-26 13:05:42,518 : INFO : EventManager : Event: ======'player_topgun_shots_collected'====== Args={'value': 2, 'prev_value': 1, 'change': 1, 'player_num': 1, 'source': 'pilot_mission_qualifier'}
2025-10-26 13:05:42,519 : INFO : EventManager : Event: ======'player_topgun_letter_o'====== Args={'value': 1, 'prev_value': 0, 'change': 1, 'player_num': 1, 'source': 'pilot_mission_qualifier'}
2025-10-26 13:05:42,520 : INFO : EventManager : Event: ======'topgun_letter_o_lit'====== Args={'priority': 0}
2025-10-26 13:05:42,537 : INFO : EventManager : Event: ======'slide_topgun_1_inactive'====== Args={'is_removing': True, '_from_bcp': True}
2025-10-26 13:05:42,538 : INFO : EventManager : Event: ======'slide_base_slide_active'====== Args={'_from_bcp': True}
2025-10-26 13:05:42,539 : INFO : EventManager : Event: ======'slide_topgun_1_removed'====== Args={'_from_bcp': True}
2025-10-26 13:05:42,551 : INFO : EventManager : Event: ======'slide_topgun_2_created'====== Args={'_from_bcp': True}
2025-10-26 13:05:42,551 : INFO : EventManager : Event: ======'slide_base_slide_inactive'====== Args={'is_removing': False, '_from_bcp': True}
2025-10-26 13:05:42,553 : INFO : EventManager : Event: ======'slide_topgun_2_active'====== Args={'original_context': 'pilot_mission_qualifier', 'original_calling_context': 'topgun_letter_o_lit', 'priority': 200.0, 'cmd': 'slides_play', '_from_bcp': True}
2025-10-26 13:05:42,641 : INFO : SwitchController : <<<<<<< 's_lane_left' inactive >>>>>>>
2025-10-26 13:05:43,431 : INFO : SwitchController : <<<<<<< 's_lane_left' active >>>>>>>
2025-10-26 13:05:43,431 : INFO : EventManager : Event: ======'s_lane_left_active'====== Args={}
2025-10-26 13:05:43,432 : INFO : EventManager : Event: ======'sw_playfield_active'====== Args={}
2025-10-26 13:05:43,432 : INFO : EventManager : Event: ======'sw_playfield_active'====== Args={}
2025-10-26 13:05:43,432 : INFO : EventManager : Event: ======'machine_var_audits_switches_s_lane_left'====== Args={'value': 215, 'prev_value': 214, 'change': 1}
2025-10-26 13:05:43,432 : INFO : EventManager : Event: ======'player_topgun_shots_collected'====== Args={'value': 3, 'prev_value': 2, 'change': 1, 'player_num': 1, 'source': 'pilot_mission_qualifier'}
2025-10-26 13:05:43,435 : INFO : EventManager : Event: ======'player_topgun_letter_p'====== Args={'value': 1, 'prev_value': 0, 'change': 1, 'player_num': 1, 'source': 'pilot_mission_qualifier'}
2025-10-26 13:05:43,435 : INFO : EventManager : Event: ======'topgun_letter_p_lit'====== Args={'priority': 0}
2025-10-26 13:05:43,455 : INFO : EventManager : Event: ======'slide_topgun_2_inactive'====== Args={'is_removing': True, '_from_bcp': True}
2025-10-26 13:05:43,456 : INFO : EventManager : Event: ======'slide_base_slide_active'====== Args={'_from_bcp': True}
2025-10-26 13:05:43,457 : INFO : EventManager : Event: ======'slide_topgun_2_removed'====== Args={'_from_bcp': True}
2025-10-26 13:05:43,468 : INFO : EventManager : Event: ======'slide_topgun_3_created'====== Args={'_from_bcp': True}
2025-10-26 13:05:43,469 : INFO : EventManager : Event: ======'slide_base_slide_inactive'====== Args={'is_removing': False, '_from_bcp': True}
2025-10-26 13:05:43,469 : INFO : EventManager : Event: ======'slide_topgun_3_active'====== Args={'original_context': 'pilot_mission_qualifier', 'original_calling_context': 'topgun_letter_p_lit', 'priority': 200.0, 'cmd': 'slides_play', '_from_bcp': True}
2025-10-26 13:05:43,556 : INFO : SwitchController : <<<<<<< 's_lane_left' inactive >>>>>>>
2025-10-26 13:05:44,473 : INFO : SwitchController : <<<<<<< 's_lane_left' active >>>>>>>
2025-10-26 13:05:44,473 : INFO : EventManager : Event: ======'s_lane_left_active'====== Args={}
2025-10-26 13:05:44,473 : INFO : EventManager : Event: ======'sw_playfield_active'====== Args={}
2025-10-26 13:05:44,474 : INFO : EventManager : Event: ======'sw_playfield_active'====== Args={}
2025-10-26 13:05:44,474 : INFO : EventManager : Event: ======'machine_var_audits_switches_s_lane_left'====== Args={'value': 216, 'prev_value': 215, 'change': 1}
2025-10-26 13:05:44,475 : INFO : EventManager : Event: ======'player_topgun_shots_collected'====== Args={'value': 4, 'prev_value': 3, 'change': 1, 'player_num': 1, 'source': 'pilot_mission_qualifier'}
2025-10-26 13:05:44,476 : INFO : EventManager : Event: ======'player_topgun_letter_g'====== Args={'value': 1, 'prev_value': 0, 'change': 1, 'player_num': 1, 'source': 'pilot_mission_qualifier'}
2025-10-26 13:05:44,477 : INFO : EventManager : Event: ======'topgun_letter_g_lit'====== Args={'priority': 0}
2025-10-26 13:05:44,489 : INFO : EventManager : Event: ======'slide_topgun_3_inactive'====== Args={'is_removing': True, '_from_bcp': True}
2025-10-26 13:05:44,490 : INFO : EventManager : Event: ======'slide_base_slide_active'====== Args={'_from_bcp': True}
2025-10-26 13:05:44,491 : INFO : EventManager : Event: ======'slide_topgun_3_removed'====== Args={'_from_bcp': True}
2025-10-26 13:05:44,501 : INFO : EventManager : Event: ======'slide_topgun_4_created'====== Args={'_from_bcp': True}
2025-10-26 13:05:44,502 : INFO : EventManager : Event: ======'slide_base_slide_inactive'====== Args={'is_removing': False, '_from_bcp': True}
2025-10-26 13:05:44,502 : INFO : EventManager : Event: ======'slide_topgun_4_active'====== Args={'original_context': 'pilot_mission_qualifier', 'original_calling_context': 'topgun_letter_g_lit', 'priority': 200.0, 'cmd': 'slides_play', '_from_bcp': True}
2025-10-26 13:05:44,575 : INFO : SwitchController : <<<<<<< 's_lane_left' inactive >>>>>>>
2025-10-26 13:05:45,647 : INFO : SwitchController : <<<<<<< 's_lane_left' active >>>>>>>
2025-10-26 13:05:45,648 : INFO : EventManager : Event: ======'s_lane_left_active'====== Args={}
2025-10-26 13:05:45,648 : INFO : EventManager : Event: ======'sw_playfield_active'====== Args={}
2025-10-26 13:05:45,648 : INFO : EventManager : Event: ======'sw_playfield_active'====== Args={}
2025-10-26 13:05:45,648 : INFO : EventManager : Event: ======'machine_var_audits_switches_s_lane_left'====== Args={'value': 217, 'prev_value': 216, 'change': 1}
2025-10-26 13:05:45,649 : INFO : EventManager : Event: ======'player_topgun_shots_collected'====== Args={'value': 5, 'prev_value': 4, 'change': 1, 'player_num': 1, 'source': 'pilot_mission_qualifier'}
2025-10-26 13:05:45,651 : INFO : EventManager : Event: ======'player_topgun_letter_u'====== Args={'value': 1, 'prev_value': 0, 'change': 1, 'player_num': 1, 'source': 'pilot_mission_qualifier'}
2025-10-26 13:05:45,651 : INFO : EventManager : Event: ======'topgun_letter_u_lit'====== Args={'priority': 0}
2025-10-26 13:05:45,662 : INFO : EventManager : Event: ======'slide_topgun_4_inactive'====== Args={'is_removing': True, '_from_bcp': True}
2025-10-26 13:05:45,662 : INFO : EventManager : Event: ======'slide_base_slide_active'====== Args={'_from_bcp': True}
2025-10-26 13:05:45,663 : INFO : EventManager : Event: ======'slide_topgun_4_removed'====== Args={'_from_bcp': True}
2025-10-26 13:05:45,669 : INFO : EventManager : Event: ======'slide_topgun_5_created'====== Args={'_from_bcp': True}
2025-10-26 13:05:45,670 : INFO : EventManager : Event: ======'slide_base_slide_inactive'====== Args={'is_removing': False, '_from_bcp': True}
2025-10-26 13:05:45,670 : INFO : EventManager : Event: ======'slide_topgun_5_active'====== Args={'original_context': 'pilot_mission_qualifier', 'original_calling_context': 'topgun_letter_u_lit', 'priority': 200.0, 'cmd': 'slides_play', '_from_bcp': True}
2025-10-26 13:05:45,803 : INFO : SwitchController : <<<<<<< 's_lane_left' inactive >>>>>>>
2025-10-26 13:05:47,010 : INFO : SwitchController : <<<<<<< 's_lane_left' active >>>>>>>
2025-10-26 13:05:47,010 : INFO : EventManager : Event: ======'s_lane_left_active'====== Args={}
2025-10-26 13:05:47,011 : INFO : EventManager : Event: ======'sw_playfield_active'====== Args={}
2025-10-26 13:05:47,011 : INFO : EventManager : Event: ======'sw_playfield_active'====== Args={}
2025-10-26 13:05:47,011 : INFO : EventManager : Event: ======'machine_var_audits_switches_s_lane_left'====== Args={'value': 218, 'prev_value': 217, 'change': 1}
2025-10-26 13:05:47,012 : INFO : EventManager : Event: ======'player_topgun_shots_collected'====== Args={'value': 6, 'prev_value': 5, 'change': 1, 'player_num': 1, 'source': 'pilot_mission_qualifier'}
2025-10-26 13:05:47,014 : INFO : EventManager : Event: ======'qualify_rescue_cougar'====== Args={'priority': 0}
2025-10-26 13:05:47,014 : INFO : EventManager : Event: ======'topgun_qualified'====== Args={'priority': 0}
2025-10-26 13:05:47,014 : INFO : EventManager : Event: ======'player_topgun_letter_n'====== Args={'value': 1, 'prev_value': 0, 'change': 1, 'player_num': 1, 'source': 'pilot_mission_qualifier'}
2025-10-26 13:05:47,015 : INFO : EventManager : Event: ======'player_qualified_mode_number'====== Args={'value': 1, 'prev_value': 0, 'change': 1, 'player_num': 1, 'source': 'pilot_mission_qualifier'}
2025-10-26 13:05:47,015 : INFO : EventManager : Event: ======'player_topgun_shots_collected'====== Args={'value': 0, 'prev_value': 6, 'change': -6, 'player_num': 1, 'source': 'pilot_mission_qualifier'}
2025-10-26 13:05:47,015 : INFO : EventManager : Event: ======'player_topgun_letter_t'====== Args={'value': 0, 'prev_value': 1, 'change': -1, 'player_num': 1, 'source': 'pilot_mission_qualifier'}
2025-10-26 13:05:47,016 : INFO : EventManager : Event: ======'player_topgun_letter_o'====== Args={'value': 0, 'prev_value': 1, 'change': -1, 'player_num': 1, 'source': 'pilot_mission_qualifier'}
2025-10-26 13:05:47,016 : INFO : EventManager : Event: ======'player_topgun_letter_p'====== Args={'value': 0, 'prev_value': 1, 'change': -1, 'player_num': 1, 'source': 'pilot_mission_qualifier'}
2025-10-26 13:05:47,016 : INFO : EventManager : Event: ======'player_topgun_letter_g'====== Args={'value': 0, 'prev_value': 1, 'change': -1, 'player_num': 1, 'source': 'pilot_mission_qualifier'}
2025-10-26 13:05:47,017 : INFO : EventManager : Event: ======'player_topgun_letter_u'====== Args={'value': 0, 'prev_value': 1, 'change': -1, 'player_num': 1, 'source': 'pilot_mission_qualifier'}
2025-10-26 13:05:47,017 : INFO : EventManager : Event: ======'player_topgun_letter_n'====== Args={'value': 0, 'prev_value': 1, 'change': -1, 'player_num': 1, 'source': 'pilot_mission_qualifier'}
2025-10-26 13:05:47,017 : INFO : EventManager : Event: ======'topgun_letters_reset'====== Args={'priority': 0}
2025-10-26 13:05:47,018 : INFO : EventManager : Event: ======'topgun_letter_n_lit'====== Args={'priority': 0}
2025-10-26 13:05:47,026 : INFO : EventManager : Event: ======'slide_topgun_5_inactive'====== Args={'is_removing': True, '_from_bcp': True}
2025-10-26 13:05:47,027 : INFO : EventManager : Event: ======'slide_base_slide_active'====== Args={'_from_bcp': True}
2025-10-26 13:05:47,027 : INFO : EventManager : Event: ======'slide_topgun_5_removed'====== Args={'_from_bcp': True}
2025-10-26 13:05:47,037 : INFO : EventManager : Event: ======'slide_topgun_6_created'====== Args={'_from_bcp': True}
2025-10-26 13:05:47,038 : INFO : EventManager : Event: ======'slide_base_slide_inactive'====== Args={'is_removing': False, '_from_bcp': True}
2025-10-26 13:05:47,039 : INFO : EventManager : Event: ======'slide_topgun_6_active'====== Args={'original_context': 'pilot_mission_qualifier', 'original_calling_context': 'topgun_letter_n_lit', 'priority': 200.0, 'cmd': 'slides_play', '_from_bcp': True}
2025-10-26 13:05:47,134 : INFO : SwitchController : <<<<<<< 's_lane_left' inactive >>>>>>>
2025-10-26 13:06:02,013 : INFO : BallSearch.playfield : Starting ball search
2025-10-26 13:06:02,013 : INFO : EventManager : Event: ======'ball_search_started'====== Args={}
2025-10-26 13:06:02,013 : INFO : EventManager : Event: ======'ball_search_phase_1'====== Args={'iteration': 1}
2025-10-26 13:06:02,014 : INFO : coil.c_bumper_left : Pulsing Driver for 15ms (0.75 pulse_power)
2025-10-26 13:06:02,263 : INFO : coil.c_bumper_right : Pulsing Driver for 15ms (0.75 pulse_power)
2025-10-26 13:06:02,512 : INFO : coil.c_bumper_center : Pulsing Driver for 15ms (0.75 pulse_power)
2025-10-26 13:06:02,610 : INFO : Machine : Shutting down...
2025-10-26 13:06:02,610 : INFO : EventManager : Event: ======'shutdown'====== Args={}
2025-10-26 13:06:02,612 : INFO : EventManager : Event: ======'mode_game_will_stop'====== Args={}
2025-10-26 13:06:02,612 : INFO : EventManager : Event: ======'mode_game_stopping'====== Args={}
2025-10-26 13:06:02,613 : INFO : EventManager : Event: ======'mode_base_will_stop'====== Args={}
2025-10-26 13:06:02,613 : INFO : EventManager : Event: ======'mode_base_stopping'====== Args={}
2025-10-26 13:06:02,613 : INFO : EventManager : Event: ======'mode_pilot_mission_qualifier_will_stop'====== Args={}
2025-10-26 13:06:02,613 : INFO : EventManager : Event: ======'mode_pilot_mission_qualifier_stopping'====== Args={}
2025-10-26 13:06:02,614 : INFO : EventManager : Event: ======'mode_bumpers_will_stop'====== Args={}
2025-10-26 13:06:02,614 : INFO : EventManager : Event: ======'mode_bumpers_stopping'====== Args={}
2025-10-26 13:06:02,614 : INFO : EventManager : Event: ======'stop_mode_bumpers'====== Args={'priority': 0}
2025-10-26 13:06:02,614 : INFO : Mode.bumpers : Stopped.
2025-10-26 13:06:02,614 : INFO : EventManager : Event: ======'modes_active_modes_changed'====== Args={}
2025-10-26 13:06:02,614 : INFO : EventManager : Event: ======'mode_bumpers_stopped'====== Args={}
2025-10-26 13:06:02,614 : INFO : EventManager : Event: ======'clear'====== Args={'key': 'bumpers'}
2025-10-26 13:06:02,615 : INFO : Mode.pilot_mission_qualifier : Stopped.
2025-10-26 13:06:02,615 : INFO : EventManager : Event: ======'modes_active_modes_changed'====== Args={}
2025-10-26 13:06:02,618 : INFO : EventManager : Event: ======'mode_pilot_mission_qualifier_stopped'====== Args={}
2025-10-26 13:06:02,618 : INFO : EventManager : Event: ======'clear'====== Args={'key': 'pilot_mission_qualifier'}
2025-10-26 13:06:02,618 : INFO : Mode.base : Stopped.
2025-10-26 13:06:02,618 : INFO : EventManager : Event: ======'modes_active_modes_changed'====== Args={}
2025-10-26 13:06:02,618 : INFO : EventManager : Event: ======'mode_base_stopped'====== Args={}
2025-10-26 13:06:02,618 : INFO : EventManager : Event: ======'clear'====== Args={'key': 'base'}
2025-10-26 13:06:02,619 : INFO : Mode.game : Stopped.
2025-10-26 13:06:02,619 : INFO : EventManager : Event: ======'modes_active_modes_changed'====== Args={}
2025-10-26 13:06:02,619 : INFO : EventManager : Event: ======'mode_game_stopped'====== Args={}
2025-10-26 13:06:02,619 : INFO : EventManager : Event: ======'clear'====== Args={'key': 'game'}
2025-10-26 13:06:02,625 : INFO : root : MPF run loop ended.
