2025-10-24 23:39:50,776 : INFO : root : Loading config.
2025-10-24 23:39:50,779 : INFO : YamlMultifileConfigLoader : Machine config file #1: config.yaml
2025-10-24 23:39:50,780 : INFO : ConfigProcessor : Loading config from cache: C:\Users\White\AppData\Local\Temp\cfa6ecba65704a931c9dd214c44986c8.mpf_cache
2025-10-24 23:39:50,890 : INFO : ConfigProcessor : Loading config from cache: C:\Users\White\AppData\Local\Temp\f98ffc0ff5962effface7d86bc406d5c.mpf_cache
2025-10-24 23:39:50,891 : INFO : ConfigProcessor : Loading config from cache: C:\Users\White\AppData\Local\Temp\91cc4d1c993c58dc354e34974b9cfeac.mpf_cache
2025-10-24 23:39:50,891 : INFO : ConfigProcessor : Loading config from cache: C:\Users\White\AppData\Local\Temp\f98ffc0ff5962effface7d86bc406d5c.mpf_cache
2025-10-24 23:39:50,892 : INFO : ConfigProcessor : Loading config from cache: C:\Users\White\AppData\Local\Temp\76792f1d686f89709887dba7bd69667a.mpf_cache
2025-10-24 23:39:50,893 : INFO : ConfigProcessor : Loading config from cache: C:\Users\White\AppData\Local\Temp\142bbae4707335cc8e3efaa4364c4893.mpf_cache
2025-10-24 23:39:50,894 : INFO : ConfigProcessor : Loading config from cache: C:\Users\White\AppData\Local\Temp\0f5f0ac41d1a2672d0d32cef2b12699e.mpf_cache
2025-10-24 23:39:50,895 : INFO : ConfigProcessor : Loading config from cache: C:\Users\White\AppData\Local\Temp\3a419899266be7cd41a083be5a3a8ebb.mpf_cache
2025-10-24 23:39:50,896 : INFO : ConfigProcessor : Loading config from cache: C:\Users\White\AppData\Local\Temp\82e20c7c6490dd2e5fed726a3aa8d652.mpf_cache
2025-10-24 23:39:50,897 : INFO : ConfigProcessor : Loading config from cache: C:\Users\White\AppData\Local\Temp\359114d5ba2a6ad6c93d1559776bbb30.mpf_cache
2025-10-24 23:39:50,899 : INFO : ConfigProcessor : Loading config from cache: C:\Users\White\AppData\Local\Temp\d421369d6df802e4e6f8aa58f446b1a6.mpf_cache
2025-10-24 23:39:50,900 : INFO : ConfigProcessor : Loading config from cache: C:\Users\White\AppData\Local\Temp\310aa541ce6545037d37da470e7bd790.mpf_cache
2025-10-24 23:39:50,902 : INFO : ConfigProcessor : Loading config from cache: C:\Users\White\AppData\Local\Temp\2151caa0419aeb1e56d3d8934477383e.mpf_cache
2025-10-24 23:39:50,904 : INFO : ConfigProcessor : Loading config from cache: C:\Users\White\AppData\Local\Temp\17003635873251b4f6841bf4ab3bdcdd.mpf_cache
2025-10-24 23:39:50,904 : INFO : ConfigProcessor : Loading config from cache: C:\Users\White\AppData\Local\Temp\f70c640a816343cb9040222d7a9269d3.mpf_cache
2025-10-24 23:39:50,906 : INFO : ConfigProcessor : Loading config from cache: C:\Users\White\AppData\Local\Temp\30922048be1d0c17ea15fc75f7fbfe10.mpf_cache
2025-10-24 23:39:50,908 : INFO : ConfigProcessor : Loading config from cache: C:\Users\White\AppData\Local\Temp\58d7809d3d969de03aaf131fc45863f8.mpf_cache
2025-10-24 23:39:50,909 : INFO : ConfigProcessor : Loading config from cache: C:\Users\White\AppData\Local\Temp\d380fa2863f93e197660f0281ffd272b.mpf_cache
2025-10-24 23:39:50,910 : INFO : ConfigProcessor : Loading config from cache: C:\Users\White\AppData\Local\Temp\88e41ae7dcea899a043a2f63da55a8b7.mpf_cache
2025-10-24 23:39:50,910 : INFO : Machine : Mission Pinball Framework Core Engine v0.80.0.dev9
2025-10-24 23:39:50,910 : INFO : Machine : Command line arguments: {'no_load_cache': False, 'create_config_cache': True, 'bcp': True, 'configfile': ['config.yaml'], 'force_assets_load': False, 'platform_integration_test': False, 'jsonlogging': False, 'logfile': 'logs\\2025-10-24-23-39-50-mpf-TopGunPinball.log', 'pause': False, 'production': False, 'text_ui': False, 'loglevel': 15, 'consoleloglevel': 20, 'force_platform': 'virtual', 'syslog_address': None, 'full_logfile_path': 'C:\\Users\\White\\Documents\\Top_Gun_Pinball\\logs\\2025-10-24-23-39-50-mpf-TopGunPinball.log'}
2025-10-24 23:39:50,910 : INFO : Machine : MPF path: C:\Users\White\mpf\Lib\site-packages\mpf
2025-10-24 23:39:50,910 : INFO : Machine : Machine path: C:\Users\White\Documents\Top_Gun_Pinball
2025-10-24 23:39:50,910 : INFO : Machine : Platform: win32
2025-10-24 23:39:50,910 : INFO : Machine : Python executable location: C:\Users\White\mpf\Scripts\python.exe
2025-10-24 23:39:50,910 : INFO : Machine : Python version: 3.12.7 (64-bit)
2025-10-24 23:39:50,914 : INFO : Machine : Initializing MPF...
2025-10-24 23:39:51,006 : INFO : EventManager : Event: ======'machine_var_credits_string'====== Args={'value': 'FREE PLAY', 'prev_value': None, 'change': True}
2025-10-24 23:39:51,036 : INFO : EventManager : Event: ======'machine_var_master_volume'====== Args={'value': 0.5, 'prev_value': None, 'change': True}
2025-10-24 23:39:51,036 : INFO : EventManager : Event: ======'machine_var_player1_score'====== Args={'value': 2229000, 'prev_value': None, 'change': True}
2025-10-24 23:39:51,036 : INFO : EventManager : Event: ======'machine_var_mpf_version'====== Args={'value': 'Mission Pinball Framework v0.80.0.dev9', 'prev_value': None, 'change': True}
2025-10-24 23:39:51,036 : INFO : EventManager : Event: ======'machine_var_mpf_extended_version'====== Args={'value': 'Mission Pinball Framework v0.80.0.dev9, Config version:6, Show version: 6, BCP version:1.1', 'prev_value': None, 'change': True}
2025-10-24 23:39:51,036 : INFO : EventManager : Event: ======'machine_var_python_version'====== Args={'value': '3.12.7', 'prev_value': None, 'change': True}
2025-10-24 23:39:51,131 : INFO : EventManager : Event: ======'machine_var_platform'====== Args={'value': 'Windows-11-10.0.26100-SP0', 'prev_value': None, 'change': True}
2025-10-24 23:39:51,131 : INFO : EventManager : Event: ======'machine_var_platform_system'====== Args={'value': 'Windows', 'prev_value': None, 'change': True}
2025-10-24 23:39:51,132 : INFO : EventManager : Event: ======'machine_var_platform_release'====== Args={'value': '11', 'prev_value': None, 'change': True}
2025-10-24 23:39:51,132 : INFO : EventManager : Event: ======'machine_var_platform_version'====== Args={'value': '10.0.26100', 'prev_value': None, 'change': True}
2025-10-24 23:39:51,132 : INFO : EventManager : Event: ======'machine_var_platform_machine'====== Args={'value': 'AMD64', 'prev_value': None, 'change': True}
2025-10-24 23:39:51,132 : INFO : EventManager : Event: ======'machine_var_log_file_path'====== Args={'value': 'C:\\Users\\White\\Documents\\Top_Gun_Pinball\\logs\\2025-10-24-23-39-50-mpf-TopGunPinball.log', 'prev_value': None, 'change': True}
2025-10-24 23:39:51,132 : INFO : EventManager : Event: ======'init_phase_1'====== Args={}
2025-10-24 23:39:51,179 : INFO : EventManager : Event: ======'init_phase_2'====== Args={}
2025-10-24 23:39:51,180 : INFO : SwitchController : Found active switch: ('playfield_board_lower-3208-0', <Platform.Virtual>) <switch.s_trough_1>
2025-10-24 23:39:51,180 : INFO : SwitchController : Found active switch: ('playfield_board_lower-3208-1', <Platform.Virtual>) <switch.s_trough_2>
2025-10-24 23:39:51,180 : INFO : SwitchController : Found active switch: ('playfield_board_lower-3208-2', <Platform.Virtual>) <switch.s_trough_3>
2025-10-24 23:39:51,180 : INFO : SwitchController : Found active switch: ('playfield_board_lower-3208-3', <Platform.Virtual>) <switch.s_trough_4>
2025-10-24 23:39:51,180 : INFO : SwitchController : Found active switch: ('playfield_board_lower-3208-4', <Platform.Virtual>) <switch.s_trough_5>
2025-10-24 23:39:51,180 : INFO : SwitchController : Found active switch: ('playfield_board_lower-3208-5', <Platform.Virtual>) <switch.s_trough_6>
2025-10-24 23:39:51,195 : INFO : EventManager : Event: ======'bcp_connection_attempt'====== Args={'name': 'local_display', 'host': 'localhost', 'port': 5050}
2025-10-24 23:39:51,198 : INFO : BCPClientSocket : Connecting BCP to 'local_display' at localhost:5050...
2025-10-24 23:39:51,208 : INFO : BCPClientSocket : Connected BCP to 'local_display' localhost:5050
2025-10-24 23:39:51,208 : INFO : EventManager : Event: ======'bcp_clients_connected'====== Args={}
2025-10-24 23:39:51,209 : INFO : ball_device.bd_plunger : BCH: Initial count: 0
2025-10-24 23:39:51,209 : INFO : ball_device.bd_plunger : State: idle
2025-10-24 23:39:51,211 : INFO : ball_device.bd_trough : BCH: Initial count: 6
2025-10-24 23:39:51,211 : INFO : ball_device.bd_trough : State: idle
2025-10-24 23:39:51,211 : INFO : ball_device.bd_lock_elevator : BCH: Initial count: 0
2025-10-24 23:39:51,211 : INFO : ball_device.bd_lock_elevator : State: idle
2025-10-24 23:39:51,212 : INFO : ball_device.bd_mode_scoop : BCH: Initial count: 0
2025-10-24 23:39:51,212 : INFO : ball_device.bd_mode_scoop : State: idle
2025-10-24 23:39:51,239 : INFO : EventManager : Event: ======'init_phase_3'====== Args={}
2025-10-24 23:39:51,766 : INFO : EventManager : Event: ======'init_phase_4'====== Args={}
2025-10-24 23:39:51,766 : INFO : BallController : Initial balls found: 6
2025-10-24 23:39:51,768 : INFO : EventManager : Event: ======'machine_var_audits_events_game_ended'====== Args={'value': 2, 'prev_value': None, 'change': True}
2025-10-24 23:39:51,768 : INFO : EventManager : Event: ======'machine_var_audits_events_game_started'====== Args={'value': 233, 'prev_value': None, 'change': True}
2025-10-24 23:39:51,768 : INFO : EventManager : Event: ======'machine_var_audits_missing_switches_s_a_iceman_target'====== Args={'value': 3, 'prev_value': None, 'change': True}
2025-10-24 23:39:51,768 : INFO : EventManager : Event: ======'machine_var_audits_missing_switches_s_barrier_target'====== Args={'value': 8, 'prev_value': None, 'change': True}
2025-10-24 23:39:51,768 : INFO : EventManager : Event: ======'machine_var_audits_missing_switches_s_bumper_center'====== Args={'value': 26, 'prev_value': None, 'change': True}
2025-10-24 23:39:51,768 : INFO : EventManager : Event: ======'machine_var_audits_missing_switches_s_bumper_left'====== Args={'value': 5, 'prev_value': None, 'change': True}
2025-10-24 23:39:51,768 : INFO : EventManager : Event: ======'machine_var_audits_missing_switches_s_bumper_right'====== Args={'value': 26, 'prev_value': None, 'change': True}
2025-10-24 23:39:51,769 : INFO : EventManager : Event: ======'machine_var_audits_missing_switches_s_c_iceman_target'====== Args={'value': 67, 'prev_value': None, 'change': True}
2025-10-24 23:39:51,769 : INFO : EventManager : Event: ======'machine_var_audits_missing_switches_s_c_lock_target'====== Args={'value': 117, 'prev_value': None, 'change': True}
2025-10-24 23:39:51,769 : INFO : EventManager : Event: ======'machine_var_audits_missing_switches_s_coin_door'====== Args={'value': 120, 'prev_value': None, 'change': True}
2025-10-24 23:39:51,769 : INFO : EventManager : Event: ======'machine_var_audits_missing_switches_s_coin_door_credit_left'====== Args={'value': 27, 'prev_value': None, 'change': True}
2025-10-24 23:39:51,769 : INFO : EventManager : Event: ======'machine_var_audits_missing_switches_s_coin_door_credit_right'====== Args={'value': 27, 'prev_value': None, 'change': True}
2025-10-24 23:39:51,769 : INFO : EventManager : Event: ======'machine_var_audits_missing_switches_s_coin_door_service_1'====== Args={'value': 120, 'prev_value': None, 'change': True}
2025-10-24 23:39:51,769 : INFO : EventManager : Event: ======'machine_var_audits_missing_switches_s_coin_door_service_2'====== Args={'value': 120, 'prev_value': None, 'change': True}
2025-10-24 23:39:51,769 : INFO : EventManager : Event: ======'machine_var_audits_missing_switches_s_coin_door_service_3'====== Args={'value': 120, 'prev_value': None, 'change': True}
2025-10-24 23:39:51,769 : INFO : EventManager : Event: ======'machine_var_audits_missing_switches_s_coin_door_service_4'====== Args={'value': 120, 'prev_value': None, 'change': True}
2025-10-24 23:39:51,769 : INFO : EventManager : Event: ======'machine_var_audits_missing_switches_s_e_iceman_target'====== Args={'value': 4, 'prev_value': None, 'change': True}
2025-10-24 23:39:51,769 : INFO : EventManager : Event: ======'machine_var_audits_missing_switches_s_flight_gear_target'====== Args={'value': 4, 'prev_value': None, 'change': True}
2025-10-24 23:39:51,769 : INFO : EventManager : Event: ======'machine_var_audits_missing_switches_s_flipper_left'====== Args={'value': 178, 'prev_value': None, 'change': True}
2025-10-24 23:39:51,769 : INFO : EventManager : Event: ======'machine_var_audits_missing_switches_s_flipper_left_eos'====== Args={'value': 180, 'prev_value': None, 'change': True}
2025-10-24 23:39:51,770 : INFO : EventManager : Event: ======'machine_var_audits_missing_switches_s_flipper_left_upper'====== Args={'value': 182, 'prev_value': None, 'change': True}
2025-10-24 23:39:51,770 : INFO : EventManager : Event: ======'machine_var_audits_missing_switches_s_flipper_left_upper_eos'====== Args={'value': 180, 'prev_value': None, 'change': True}
2025-10-24 23:39:51,770 : INFO : EventManager : Event: ======'machine_var_audits_missing_switches_s_flipper_right'====== Args={'value': 116, 'prev_value': None, 'change': True}
2025-10-24 23:39:51,770 : INFO : EventManager : Event: ======'machine_var_audits_missing_switches_s_flipper_right_eos'====== Args={'value': 180, 'prev_value': None, 'change': True}
2025-10-24 23:39:51,770 : INFO : EventManager : Event: ======'machine_var_audits_missing_switches_s_i_iceman_target'====== Args={'value': 4, 'prev_value': None, 'change': True}
2025-10-24 23:39:51,770 : INFO : EventManager : Event: ======'machine_var_audits_missing_switches_s_inlane_left'====== Args={'value': 113, 'prev_value': None, 'change': True}
2025-10-24 23:39:51,770 : INFO : EventManager : Event: ======'machine_var_audits_missing_switches_s_inner_inlane_right'====== Args={'value': 117, 'prev_value': None, 'change': True}
2025-10-24 23:39:51,770 : INFO : EventManager : Event: ======'machine_var_audits_missing_switches_s_jam'====== Args={'value': 119, 'prev_value': None, 'change': True}
2025-10-24 23:39:51,770 : INFO : EventManager : Event: ======'machine_var_audits_missing_switches_s_k_lock_target'====== Args={'value': 117, 'prev_value': None, 'change': True}
2025-10-24 23:39:51,770 : INFO : EventManager : Event: ======'machine_var_audits_missing_switches_s_l_lock_target'====== Args={'value': 117, 'prev_value': None, 'change': True}
2025-10-24 23:39:51,770 : INFO : EventManager : Event: ======'machine_var_audits_missing_switches_s_lane_left'====== Args={'value': 1, 'prev_value': None, 'change': True}
2025-10-24 23:39:51,770 : INFO : EventManager : Event: ======'machine_var_audits_missing_switches_s_lane_right'====== Args={'value': 1, 'prev_value': None, 'change': True}
2025-10-24 23:39:51,770 : INFO : EventManager : Event: ======'machine_var_audits_missing_switches_s_lock_goose'====== Args={'value': 182, 'prev_value': None, 'change': True}
2025-10-24 23:39:51,770 : INFO : EventManager : Event: ======'machine_var_audits_missing_switches_s_lock_mav'====== Args={'value': 182, 'prev_value': None, 'change': True}
2025-10-24 23:39:51,770 : INFO : EventManager : Event: ======'machine_var_audits_missing_switches_s_lock_plunger'====== Args={'value': 16, 'prev_value': None, 'change': True}
2025-10-24 23:39:51,770 : INFO : EventManager : Event: ======'machine_var_audits_missing_switches_s_m_iceman_target'====== Args={'value': 107, 'prev_value': None, 'change': True}
2025-10-24 23:39:51,770 : INFO : EventManager : Event: ======'machine_var_audits_missing_switches_s_mig_lane_left'====== Args={'value': 1, 'prev_value': None, 'change': True}
2025-10-24 23:39:51,770 : INFO : EventManager : Event: ======'machine_var_audits_missing_switches_s_mig_lane_right'====== Args={'value': 17, 'prev_value': None, 'change': True}
2025-10-24 23:39:51,770 : INFO : EventManager : Event: ======'machine_var_audits_missing_switches_s_mode_start'====== Args={'value': 182, 'prev_value': None, 'change': True}
2025-10-24 23:39:51,770 : INFO : EventManager : Event: ======'machine_var_audits_missing_switches_s_n_iceman_target'====== Args={'value': 4, 'prev_value': None, 'change': True}
2025-10-24 23:39:51,770 : INFO : EventManager : Event: ======'machine_var_audits_missing_switches_s_o_lock_target'====== Args={'value': 117, 'prev_value': None, 'change': True}
2025-10-24 23:39:51,770 : INFO : EventManager : Event: ======'machine_var_audits_missing_switches_s_orbit_left'====== Args={'value': 5, 'prev_value': None, 'change': True}
2025-10-24 23:39:51,770 : INFO : EventManager : Event: ======'machine_var_audits_missing_switches_s_orbit_lower'====== Args={'value': 17, 'prev_value': None, 'change': True}
2025-10-24 23:39:51,770 : INFO : EventManager : Event: ======'machine_var_audits_missing_switches_s_orbit_right'====== Args={'value': 17, 'prev_value': None, 'change': True}
2025-10-24 23:39:51,770 : INFO : EventManager : Event: ======'machine_var_audits_missing_switches_s_orbit_upper'====== Args={'value': 8, 'prev_value': None, 'change': True}
2025-10-24 23:39:51,770 : INFO : EventManager : Event: ======'machine_var_audits_missing_switches_s_outer_inlane_right'====== Args={'value': 115, 'prev_value': None, 'change': True}
2025-10-24 23:39:51,770 : INFO : EventManager : Event: ======'machine_var_audits_missing_switches_s_outlane_left'====== Args={'value': 182, 'prev_value': None, 'change': True}
2025-10-24 23:39:51,772 : INFO : EventManager : Event: ======'machine_var_audits_missing_switches_s_outlane_right'====== Args={'value': 119, 'prev_value': None, 'change': True}
2025-10-24 23:39:51,772 : INFO : EventManager : Event: ======'machine_var_audits_missing_switches_s_plunger_lane'====== Args={'value': 10, 'prev_value': None, 'change': True}
2025-10-24 23:39:51,772 : INFO : EventManager : Event: ======'machine_var_audits_missing_switches_s_ramp_inner_exit'====== Args={'value': 7, 'prev_value': None, 'change': True}
2025-10-24 23:39:51,772 : INFO : EventManager : Event: ======'machine_var_audits_missing_switches_s_ramp_left_exit'====== Args={'value': 182, 'prev_value': None, 'change': True}
2025-10-24 23:39:51,772 : INFO : EventManager : Event: ======'machine_var_audits_missing_switches_s_ramp_right_exit'====== Args={'value': 182, 'prev_value': None, 'change': True}
2025-10-24 23:39:51,772 : INFO : EventManager : Event: ======'machine_var_audits_missing_switches_s_ramp_tower_exit'====== Args={'value': 8, 'prev_value': None, 'change': True}
2025-10-24 23:39:51,772 : INFO : EventManager : Event: ======'machine_var_audits_missing_switches_s_slingshot_left'====== Args={'value': 117, 'prev_value': None, 'change': True}
2025-10-24 23:39:51,772 : INFO : EventManager : Event: ======'machine_var_audits_missing_switches_s_slingshot_right'====== Args={'value': 117, 'prev_value': None, 'change': True}
2025-10-24 23:39:51,772 : INFO : EventManager : Event: ======'machine_var_audits_missing_switches_s_spinner'====== Args={'value': 4, 'prev_value': None, 'change': True}
2025-10-24 23:39:51,772 : INFO : EventManager : Event: ======'machine_var_audits_missing_switches_s_start'====== Args={'value': 4, 'prev_value': None, 'change': True}
2025-10-24 23:39:51,772 : INFO : EventManager : Event: ======'machine_var_audits_missing_switches_s_tilt'====== Args={'value': 120, 'prev_value': None, 'change': True}
2025-10-24 23:39:51,772 : INFO : EventManager : Event: ======'machine_var_audits_missing_switches_s_trough_1'====== Args={'value': 158, 'prev_value': None, 'change': True}
2025-10-24 23:39:51,772 : INFO : EventManager : Event: ======'machine_var_audits_missing_switches_s_trough_2'====== Args={'value': 158, 'prev_value': None, 'change': True}
2025-10-24 23:39:51,772 : INFO : EventManager : Event: ======'machine_var_audits_missing_switches_s_trough_3'====== Args={'value': 158, 'prev_value': None, 'change': True}
2025-10-24 23:39:51,772 : INFO : EventManager : Event: ======'machine_var_audits_missing_switches_s_trough_4'====== Args={'value': 233, 'prev_value': None, 'change': True}
2025-10-24 23:39:51,772 : INFO : EventManager : Event: ======'machine_var_audits_missing_switches_s_trough_5'====== Args={'value': 233, 'prev_value': None, 'change': True}
2025-10-24 23:39:51,772 : INFO : EventManager : Event: ======'machine_var_audits_missing_switches_s_trough_6'====== Args={'value': 4, 'prev_value': None, 'change': True}
2025-10-24 23:39:51,772 : INFO : EventManager : Event: ======'machine_var_audits_player_score'====== Args={'value': {'average': 787666, 'top': [2229000, 73000, 61000], 'total': 3}, 'prev_value': None, 'change': True}
2025-10-24 23:39:51,772 : INFO : EventManager : Event: ======'machine_var_audits_shots_bumper_center'====== Args={'value': 498, 'prev_value': None, 'change': True}
2025-10-24 23:39:51,772 : INFO : EventManager : Event: ======'machine_var_audits_shots_bumper_left'====== Args={'value': 523, 'prev_value': None, 'change': True}
2025-10-24 23:39:51,772 : INFO : EventManager : Event: ======'machine_var_audits_shots_bumper_right'====== Args={'value': 369, 'prev_value': None, 'change': True}
2025-10-24 23:39:51,772 : INFO : EventManager : Event: ======'machine_var_audits_shots_mig_lane_left'====== Args={'value': 81, 'prev_value': None, 'change': True}
2025-10-24 23:39:51,772 : INFO : EventManager : Event: ======'machine_var_audits_shots_mig_lane_right'====== Args={'value': 13, 'prev_value': None, 'change': True}
2025-10-24 23:39:51,773 : INFO : EventManager : Event: ======'machine_var_audits_shots_orbit_upper'====== Args={'value': 13, 'prev_value': None, 'change': True}
2025-10-24 23:39:51,773 : INFO : EventManager : Event: ======'machine_var_audits_shots_ramp_inner'====== Args={'value': 36, 'prev_value': None, 'change': True}
2025-10-24 23:39:51,773 : INFO : EventManager : Event: ======'machine_var_audits_shots_spinner'====== Args={'value': 5, 'prev_value': None, 'change': True}
2025-10-24 23:39:51,773 : INFO : EventManager : Event: ======'machine_var_audits_switches_s_a_iceman_target'====== Args={'value': 27, 'prev_value': None, 'change': True}
2025-10-24 23:39:51,773 : INFO : EventManager : Event: ======'machine_var_audits_switches_s_barrier_target'====== Args={'value': 7, 'prev_value': None, 'change': True}
2025-10-24 23:39:51,773 : INFO : EventManager : Event: ======'machine_var_audits_switches_s_bumper_center'====== Args={'value': 518, 'prev_value': None, 'change': True}
2025-10-24 23:39:51,773 : INFO : EventManager : Event: ======'machine_var_audits_switches_s_bumper_left'====== Args={'value': 554, 'prev_value': None, 'change': True}
2025-10-24 23:39:51,773 : INFO : EventManager : Event: ======'machine_var_audits_switches_s_bumper_right'====== Args={'value': 375, 'prev_value': None, 'change': True}
2025-10-24 23:39:51,773 : INFO : EventManager : Event: ======'machine_var_audits_switches_s_c_iceman_target'====== Args={'value': 41, 'prev_value': None, 'change': True}
2025-10-24 23:39:51,773 : INFO : EventManager : Event: ======'machine_var_audits_switches_s_c_lock_target'====== Args={'value': 4, 'prev_value': None, 'change': True}
2025-10-24 23:39:51,773 : INFO : EventManager : Event: ======'machine_var_audits_switches_s_coin_door'====== Args={'value': 0, 'prev_value': None, 'change': True}
2025-10-24 23:39:51,773 : INFO : EventManager : Event: ======'machine_var_audits_switches_s_coin_door_credit_left'====== Args={'value': 0, 'prev_value': None, 'change': True}
2025-10-24 23:39:51,773 : INFO : EventManager : Event: ======'machine_var_audits_switches_s_coin_door_credit_right'====== Args={'value': 0, 'prev_value': None, 'change': True}
2025-10-24 23:39:51,773 : INFO : EventManager : Event: ======'machine_var_audits_switches_s_coin_door_service_1'====== Args={'value': 0, 'prev_value': None, 'change': True}
2025-10-24 23:39:51,773 : INFO : EventManager : Event: ======'machine_var_audits_switches_s_coin_door_service_2'====== Args={'value': 0, 'prev_value': None, 'change': True}
2025-10-24 23:39:51,773 : INFO : EventManager : Event: ======'machine_var_audits_switches_s_coin_door_service_3'====== Args={'value': 0, 'prev_value': None, 'change': True}
2025-10-24 23:39:51,773 : INFO : EventManager : Event: ======'machine_var_audits_switches_s_coin_door_service_4'====== Args={'value': 0, 'prev_value': None, 'change': True}
2025-10-24 23:39:51,773 : INFO : EventManager : Event: ======'machine_var_audits_switches_s_e_iceman_target'====== Args={'value': 46, 'prev_value': None, 'change': True}
2025-10-24 23:39:51,773 : INFO : EventManager : Event: ======'machine_var_audits_switches_s_flight_gear_target'====== Args={'value': 18, 'prev_value': None, 'change': True}
2025-10-24 23:39:51,773 : INFO : EventManager : Event: ======'machine_var_audits_switches_s_flipper_left'====== Args={'value': 9, 'prev_value': None, 'change': True}
2025-10-24 23:39:51,774 : INFO : EventManager : Event: ======'machine_var_audits_switches_s_flipper_left_eos'====== Args={'value': 0, 'prev_value': None, 'change': True}
2025-10-24 23:39:51,774 : INFO : EventManager : Event: ======'machine_var_audits_switches_s_flipper_left_upper'====== Args={'value': 0, 'prev_value': None, 'change': True}
2025-10-24 23:39:51,774 : INFO : EventManager : Event: ======'machine_var_audits_switches_s_flipper_left_upper_eos'====== Args={'value': 0, 'prev_value': None, 'change': True}
2025-10-24 23:39:51,774 : INFO : EventManager : Event: ======'machine_var_audits_switches_s_flipper_right'====== Args={'value': 17, 'prev_value': None, 'change': True}
2025-10-24 23:39:51,774 : INFO : EventManager : Event: ======'machine_var_audits_switches_s_flipper_right_eos'====== Args={'value': 0, 'prev_value': None, 'change': True}
2025-10-24 23:39:51,774 : INFO : EventManager : Event: ======'machine_var_audits_switches_s_i_iceman_target'====== Args={'value': 9, 'prev_value': None, 'change': True}
2025-10-24 23:39:51,774 : INFO : EventManager : Event: ======'machine_var_audits_switches_s_inlane_left'====== Args={'value': 53, 'prev_value': None, 'change': True}
2025-10-24 23:39:51,774 : INFO : EventManager : Event: ======'machine_var_audits_switches_s_inner_inlane_right'====== Args={'value': 3, 'prev_value': None, 'change': True}
2025-10-24 23:39:51,774 : INFO : EventManager : Event: ======'machine_var_audits_switches_s_jam'====== Args={'value': 1, 'prev_value': None, 'change': True}
2025-10-24 23:39:51,774 : INFO : EventManager : Event: ======'machine_var_audits_switches_s_k_lock_target'====== Args={'value': 5, 'prev_value': None, 'change': True}
2025-10-24 23:39:51,774 : INFO : EventManager : Event: ======'machine_var_audits_switches_s_l_lock_target'====== Args={'value': 5, 'prev_value': None, 'change': True}
2025-10-24 23:39:51,774 : INFO : EventManager : Event: ======'machine_var_audits_switches_s_lane_left'====== Args={'value': 135, 'prev_value': None, 'change': True}
2025-10-24 23:39:51,774 : INFO : EventManager : Event: ======'machine_var_audits_switches_s_lane_right'====== Args={'value': 119, 'prev_value': None, 'change': True}
2025-10-24 23:39:51,774 : INFO : EventManager : Event: ======'machine_var_audits_switches_s_lock_goose'====== Args={'value': 0, 'prev_value': None, 'change': True}
2025-10-24 23:39:51,774 : INFO : EventManager : Event: ======'machine_var_audits_switches_s_lock_mav'====== Args={'value': 0, 'prev_value': None, 'change': True}
2025-10-24 23:39:51,774 : INFO : EventManager : Event: ======'machine_var_audits_switches_s_lock_plunger'====== Args={'value': 3, 'prev_value': None, 'change': True}
2025-10-24 23:39:51,774 : INFO : EventManager : Event: ======'machine_var_audits_switches_s_m_iceman_target'====== Args={'value': 25, 'prev_value': None, 'change': True}
2025-10-24 23:39:51,774 : INFO : EventManager : Event: ======'machine_var_audits_switches_s_mig_lane_left'====== Args={'value': 112, 'prev_value': None, 'change': True}
2025-10-24 23:39:51,774 : INFO : EventManager : Event: ======'machine_var_audits_switches_s_mig_lane_right'====== Args={'value': 16, 'prev_value': None, 'change': True}
2025-10-24 23:39:51,774 : INFO : EventManager : Event: ======'machine_var_audits_switches_s_mode_start'====== Args={'value': 0, 'prev_value': None, 'change': True}
2025-10-24 23:39:51,774 : INFO : EventManager : Event: ======'machine_var_audits_switches_s_n_iceman_target'====== Args={'value': 35, 'prev_value': None, 'change': True}
2025-10-24 23:39:51,774 : INFO : EventManager : Event: ======'machine_var_audits_switches_s_o_lock_target'====== Args={'value': 5, 'prev_value': None, 'change': True}
2025-10-24 23:39:51,774 : INFO : EventManager : Event: ======'machine_var_audits_switches_s_orbit_left'====== Args={'value': 56, 'prev_value': None, 'change': True}
2025-10-24 23:39:51,775 : INFO : EventManager : Event: ======'machine_var_audits_switches_s_orbit_lower'====== Args={'value': 2, 'prev_value': None, 'change': True}
2025-10-24 23:39:51,775 : INFO : EventManager : Event: ======'machine_var_audits_switches_s_orbit_right'====== Args={'value': 15, 'prev_value': None, 'change': True}
2025-10-24 23:39:51,775 : INFO : EventManager : Event: ======'machine_var_audits_switches_s_orbit_upper'====== Args={'value': 15, 'prev_value': None, 'change': True}
2025-10-24 23:39:51,775 : INFO : EventManager : Event: ======'machine_var_audits_switches_s_outer_inlane_right'====== Args={'value': 5, 'prev_value': None, 'change': True}
2025-10-24 23:39:51,775 : INFO : EventManager : Event: ======'machine_var_audits_switches_s_outlane_left'====== Args={'value': 0, 'prev_value': None, 'change': True}
2025-10-24 23:39:51,775 : INFO : EventManager : Event: ======'machine_var_audits_switches_s_outlane_right'====== Args={'value': 4, 'prev_value': None, 'change': True}
2025-10-24 23:39:51,775 : INFO : EventManager : Event: ======'machine_var_audits_switches_s_plunger_lane'====== Args={'value': 46, 'prev_value': None, 'change': True}
2025-10-24 23:39:51,775 : INFO : EventManager : Event: ======'machine_var_audits_switches_s_ramp_inner_exit'====== Args={'value': 38, 'prev_value': None, 'change': True}
2025-10-24 23:39:51,775 : INFO : EventManager : Event: ======'machine_var_audits_switches_s_ramp_left_exit'====== Args={'value': 0, 'prev_value': None, 'change': True}
2025-10-24 23:39:51,775 : INFO : EventManager : Event: ======'machine_var_audits_switches_s_ramp_right_exit'====== Args={'value': 0, 'prev_value': None, 'change': True}
2025-10-24 23:39:51,775 : INFO : EventManager : Event: ======'machine_var_audits_switches_s_ramp_tower_exit'====== Args={'value': 5, 'prev_value': None, 'change': True}
2025-10-24 23:39:51,775 : INFO : EventManager : Event: ======'machine_var_audits_switches_s_shooter_lane'====== Args={'value': 182, 'prev_value': None, 'change': True}
2025-10-24 23:39:51,775 : INFO : EventManager : Event: ======'machine_var_audits_switches_s_slingshot_left'====== Args={'value': 8, 'prev_value': None, 'change': True}
2025-10-24 23:39:51,775 : INFO : EventManager : Event: ======'machine_var_audits_switches_s_slingshot_right'====== Args={'value': 7, 'prev_value': None, 'change': True}
2025-10-24 23:39:51,775 : INFO : EventManager : Event: ======'machine_var_audits_switches_s_spinner'====== Args={'value': 53, 'prev_value': None, 'change': True}
2025-10-24 23:39:51,775 : INFO : EventManager : Event: ======'machine_var_audits_switches_s_start'====== Args={'value': 156, 'prev_value': None, 'change': True}
2025-10-24 23:39:51,775 : INFO : EventManager : Event: ======'machine_var_audits_switches_s_tilt'====== Args={'value': 0, 'prev_value': None, 'change': True}
2025-10-24 23:39:51,775 : INFO : EventManager : Event: ======'machine_var_audits_switches_s_trough_1'====== Args={'value': 2, 'prev_value': None, 'change': True}
2025-10-24 23:39:51,775 : INFO : EventManager : Event: ======'machine_var_audits_switches_s_trough_2'====== Args={'value': 1, 'prev_value': None, 'change': True}
2025-10-24 23:39:51,775 : INFO : EventManager : Event: ======'machine_var_audits_switches_s_trough_3'====== Args={'value': 1, 'prev_value': None, 'change': True}
2025-10-24 23:39:51,775 : INFO : EventManager : Event: ======'machine_var_audits_switches_s_trough_4'====== Args={'value': 0, 'prev_value': None, 'change': True}
2025-10-24 23:39:51,775 : INFO : EventManager : Event: ======'machine_var_audits_switches_s_trough_5'====== Args={'value': 0, 'prev_value': None, 'change': True}
2025-10-24 23:39:51,775 : INFO : EventManager : Event: ======'machine_var_audits_switches_s_trough_6'====== Args={'value': 143, 'prev_value': None, 'change': True}
2025-10-24 23:39:51,776 : INFO : EventManager : Event: ======'init_phase_5'====== Args={}
2025-10-24 23:39:51,776 : INFO : EventManager : Event: ======'init_done'====== Args={}
2025-10-24 23:39:51,776 : INFO : EventManager : Event: ======'machine_reset_phase_1'====== Args={}
2025-10-24 23:39:51,788 : INFO : EventManager : Event: ======'machine_reset_phase_2'====== Args={}
2025-10-24 23:39:51,788 : INFO : EventManager : Event: ======'machine_reset_phase_3'====== Args={}
2025-10-24 23:39:51,788 : INFO : EventManager : Event: ======'reset_complete'====== Args={}
2025-10-24 23:39:51,788 : INFO : EventManager : Event: ======'mode_attract_will_start'====== Args={}
2025-10-24 23:39:51,788 : INFO : Timer.attract_carousel_timer : Starting Timer.
2025-10-24 23:39:51,788 : INFO : EventManager : Event: ======'timer_attract_carousel_timer_started'====== Args={'ticks': 0, 'ticks_remaining': 1}
2025-10-24 23:39:51,788 : INFO : EventManager : Event: ======'timer_attract_carousel_timer_tick'====== Args={'ticks': 0, 'ticks_remaining': 1}
2025-10-24 23:39:51,789 : INFO : EventManager : Event: ======'mode_attract_starting'====== Args={}
2025-10-24 23:39:51,789 : INFO : Mode.attract : Started. Priority: 10
2025-10-24 23:39:51,789 : INFO : EventManager : Event: ======'modes_active_modes_changed'====== Args={}
2025-10-24 23:39:51,789 : INFO : EventManager : Event: ======'mode_attract_started'====== Args={}
2025-10-24 23:39:51,790 : INFO : EventManager : Event: ======'attract_cycle_step1'====== Args={'priority': 0}
2025-10-24 23:39:51,790 : INFO : EventManager : Event: ======'collecting_balls_complete'====== Args={}
2025-10-24 23:39:51,790 : INFO : EventManager : Event: ======'item_highlighted'====== Args={'carousel': 'attract', 'direction': None, 'item': 'title'}
2025-10-24 23:39:51,790 : INFO : EventManager : Event: ======'timer_attract_carousel_timer_tick'====== Args={'ticks': 0, 'ticks_remaining': 1}
2025-10-24 23:39:51,790 : INFO : Machine : Starting the main run loop with active modes: [<Mode.attract>]
2025-10-24 23:39:51,864 : INFO : EventManager : Event: ======'slide_attract_created'====== Args={'_from_bcp': True}
2025-10-24 23:39:51,866 : INFO : EventManager : Event: ======'slide__removed'====== Args={'_from_bcp': True}
2025-10-24 23:39:51,866 : INFO : EventManager : Event: ======'slide_attract_active'====== Args={'original_context': 'attract', 'original_calling_context': 'mode_attract_started', 'priority': 10.0, 'cmd': 'slides_play', '_from_bcp': True}
2025-10-24 23:39:52,669 : INFO : BcpServer : New client connected.
2025-10-24 23:39:56,398 : INFO : SwitchController : <<<<<<< 's_start' active >>>>>>>
2025-10-24 23:39:56,531 : INFO : SwitchController : <<<<<<< 's_start' inactive >>>>>>>
2025-10-24 23:39:56,531 : INFO : EventManager : Event: ======'request_to_start_game'====== Args={}
2025-10-24 23:39:56,532 : INFO : EventManager : Event: ======'game_start'====== Args={'buttons': [], 'hold_time': 0.125}
2025-10-24 23:39:56,532 : INFO : EventManager : Event: ======'mode_game_will_start'====== Args={'buttons': [], 'hold_time': 0.125}
2025-10-24 23:39:56,533 : INFO : EventManager : Event: ======'mode_game_starting'====== Args={'buttons': [], 'hold_time': 0.125}
2025-10-24 23:39:56,533 : INFO : EventManager : Event: ======'mode_attract_will_stop'====== Args={}
2025-10-24 23:39:56,533 : INFO : EventManager : Event: ======'mode_attract_stopping'====== Args={}
2025-10-24 23:39:56,533 : INFO : Mode.game : Started. Priority: 20
2025-10-24 23:39:56,534 : INFO : EventManager : Event: ======'modes_active_modes_changed'====== Args={}
2025-10-24 23:39:56,534 : INFO : EventManager : Event: ======'mode_game_started'====== Args={'buttons': [], 'hold_time': 0.125}
2025-10-24 23:39:56,535 : INFO : Mode.attract : Stopped.
2025-10-24 23:39:56,535 : INFO : EventManager : Event: ======'modes_active_modes_changed'====== Args={}
2025-10-24 23:39:56,535 : INFO : EventManager : Event: ======'mode_attract_stopped'====== Args={}
2025-10-24 23:39:56,536 : INFO : EventManager : Event: ======'clear'====== Args={'key': 'attract'}
2025-10-24 23:39:56,536 : INFO : Timer.attract_carousel_timer : Stopping Timer
2025-10-24 23:39:56,536 : INFO : EventManager : Event: ======'timer_attract_carousel_timer_stopped'====== Args={'ticks': 0, 'ticks_remaining': 1}
2025-10-24 23:39:56,537 : INFO : EventManager : Event: ======'game_will_start'====== Args={}
2025-10-24 23:39:56,538 : INFO : EventManager : Event: ======'game_starting'====== Args={'game': <Mode.game>}
2025-10-24 23:39:56,539 : INFO : EventManager : Unordered handler for class <Auditor> on event game_ended with priority 1. Handlers: [RegisteredHandler(callback=<bound method Auditor.disable of <Auditor>>, priority=1, kwargs={}, key=UUID('483e858f-050a-4e4f-a1f9-2a9116c11278'), condition=None, blocking_facility=None), RegisteredHandler(callback=<bound method Auditor._save_audits of <Auditor>>, priority=1, kwargs={}, key=UUID('75d62f6a-612a-4bf6-bb2e-11beff471ffe'), condition=None, blocking_facility=None)]. The order of those handlers is not defined and they will be executed in random order. This might lead to race conditions and potential bugs.
2025-10-24 23:39:56,539 : INFO : EventManager : Event: ======'player_add_request'====== Args={}
2025-10-24 23:39:56,539 : INFO : EventManager : Event: ======'player_will_add'====== Args={'number': 1}
2025-10-24 23:39:56,539 : INFO : EventManager : Event: ======'player_adding'====== Args={'player': <Player 1>, 'number': 1}
2025-10-24 23:39:56,540 : INFO : EventManager : Event: ======'player_added'====== Args={'player': <Player 1>, 'num': 1}
2025-10-24 23:39:56,540 : INFO : Mode.game : Player added successfully. Total players: 1
2025-10-24 23:39:56,540 : INFO : EventManager : Event: ======'player_index'====== Args={'value': 0, 'prev_value': 0, 'change': 0, 'player_num': 1}
2025-10-24 23:39:56,540 : INFO : EventManager : Event: ======'player_number'====== Args={'value': 1, 'prev_value': 1, 'change': 0, 'player_num': 1}
2025-10-24 23:39:56,540 : INFO : EventManager : Event: ======'player_score'====== Args={'value': 0, 'prev_value': 0, 'change': 0, 'player_num': 1}
2025-10-24 23:39:56,540 : INFO : EventManager : Event: ======'game_started'====== Args={}
2025-10-24 23:39:56,542 : INFO : EventManager : Event: ======'player_turn_will_start'====== Args={'player': <Player 1>, 'number': 1}
2025-10-24 23:39:56,543 : INFO : EventManager : Event: ======'player_turn_starting'====== Args={'player': <Player 1>, 'number': 1}
2025-10-24 23:39:56,543 : INFO : EventManager : Event: ======'player_ball'====== Args={'value': 1, 'prev_value': 0, 'change': 1, 'player_num': 1}
2025-10-24 23:39:56,548 : INFO : EventManager : Event: ======'player_turn_started'====== Args={'player': <Player 1>, 'number': 1}
2025-10-24 23:39:56,549 : INFO : EventManager : Event: ======'ui_player_1_up'====== Args={'priority': 0}
2025-10-24 23:39:56,550 : INFO : EventManager : Event: ======'ball_will_start'====== Args={'player': 1, 'ball': 1, 'balls_remaining': 2, 'is_extra_ball': False}
2025-10-24 23:39:56,550 : INFO : EventManager : Event: ======'ball_starting'====== Args={'player': 1, 'ball': 1, 'balls_remaining': 2, 'is_extra_ball': False}
2025-10-24 23:39:56,552 : INFO : EventManager : Event: ======'mode_base_will_start'====== Args={'queue': <QueuedEvent>, 'player': 1, 'ball': 1, 'balls_remaining': 2, 'is_extra_ball': False}
2025-10-24 23:39:56,554 : INFO : EventManager : Event: ======'mode_base_starting'====== Args={'queue': <QueuedEvent>, 'player': 1, 'ball': 1, 'balls_remaining': 2, 'is_extra_ball': False}
2025-10-24 23:39:56,555 : INFO : Mode.base : Started. Priority: 100
2025-10-24 23:39:56,555 : INFO : EventManager : Event: ======'modes_active_modes_changed'====== Args={}
2025-10-24 23:39:56,555 : INFO : EventManager : Event: ======'mode_base_started'====== Args={'queue': <QueuedEvent>, 'player': 1, 'ball': 1, 'balls_remaining': 2, 'is_extra_ball': False}
2025-10-24 23:39:56,555 : INFO : EventManager : Event: ======'mode_pilot_mission_qualifier_will_start'====== Args={'queue': <QueuedEvent>, 'player': 1, 'ball': 1, 'balls_remaining': 2, 'is_extra_ball': False}
2025-10-24 23:39:56,568 : INFO : EventManager : Event: ======'mode_pilot_mission_qualifier_starting'====== Args={'queue': <QueuedEvent>, 'player': 1, 'ball': 1, 'balls_remaining': 2, 'is_extra_ball': False}
2025-10-24 23:39:56,568 : INFO : EventManager : Event: ======'start_mode_bumpers'====== Args={'priority': 0}
2025-10-24 23:39:56,568 : INFO : EventManager : Event: ======'mode_bumpers_will_start'====== Args={'priority': 0}
2025-10-24 23:39:56,568 : INFO : EventManager : Event: ======'player_shot_bumper_left_enabled'====== Args={'value': True, 'prev_value': 0, 'change': 1, 'player_num': 1}
2025-10-24 23:39:56,569 : INFO : EventManager : Event: ======'player_shot_bumper_center_enabled'====== Args={'value': True, 'prev_value': 0, 'change': 1, 'player_num': 1}
2025-10-24 23:39:56,569 : INFO : EventManager : Event: ======'player_shot_bumper_right_enabled'====== Args={'value': True, 'prev_value': 0, 'change': 1, 'player_num': 1}
2025-10-24 23:39:56,569 : INFO : EventManager : Event: ======'bumpers_complete'====== Args={'state': 'unlit'}
2025-10-24 23:39:56,569 : INFO : EventManager : Event: ======'bumpers_unlit_complete'====== Args={}
2025-10-24 23:39:56,570 : INFO : EventManager : Event: ======'mode_bumpers_starting'====== Args={'priority': 0}
2025-10-24 23:39:56,570 : INFO : Mode.bumpers : Started. Priority: 200
2025-10-24 23:39:56,570 : INFO : EventManager : Event: ======'modes_active_modes_changed'====== Args={}
2025-10-24 23:39:56,570 : INFO : EventManager : Event: ======'mode_bumpers_started'====== Args={'priority': 0}
2025-10-24 23:39:56,571 : INFO : Mode.pilot_mission_qualifier : Started. Priority: 200
2025-10-24 23:39:56,571 : INFO : EventManager : Event: ======'modes_active_modes_changed'====== Args={}
2025-10-24 23:39:56,571 : INFO : EventManager : Event: ======'mode_pilot_mission_qualifier_started'====== Args={'queue': <QueuedEvent>, 'player': 1, 'ball': 1, 'balls_remaining': 2, 'is_extra_ball': False}
2025-10-24 23:39:56,572 : INFO : EventManager : Event: ======'balls_in_play'====== Args={'balls': 1}
2025-10-24 23:39:56,572 : INFO : EventManager : Event: ======'ball_started'====== Args={'player': 1, 'ball': 1, 'balls_remaining': 2, 'is_extra_ball': False}
2025-10-24 23:39:56,573 : INFO : EventManager : Event: ======'single_player_ball_started'====== Args={}
2025-10-24 23:39:56,574 : INFO : EventManager : Event: ======'ball_start_target'====== Args={'target': 'playfield'}
2025-10-24 23:39:56,574 : INFO : ball_device.bd_plunger : Setting up player-controlled eject. Balls: 1, Target: <playfield.playfield>, player_controlled_eject_event: None
2025-10-24 23:39:56,574 : INFO : EventManager : Event: ======'balldevice_balls_available'====== Args={}
2025-10-24 23:39:56,576 : INFO : ball_device.bd_trough : State: waiting_for_target_ready
2025-10-24 23:39:56,576 : INFO : EventManager : Event: ======'balldevice_bd_trough_ball_eject_attempt'====== Args={'balls': 1, 'target': <ball_device.bd_plunger>, 'source': <ball_device.bd_trough>, 'mechanical_eject': True, 'num_attempts': 0}
2025-10-24 23:39:56,577 : INFO : ball_device.bd_plunger : State: waiting_for_ball
2025-10-24 23:39:56,577 : INFO : ball_device.bd_trough : State: ejecting
2025-10-24 23:39:56,577 : INFO : ball_device.bd_trough : Ejecting ball to <ball_device.bd_plunger>
2025-10-24 23:39:56,578 : INFO : EventManager : Event: ======'balldevice_bd_trough_ejecting_ball'====== Args={'balls': 1, 'target': <ball_device.bd_plunger>, 'source': <ball_device.bd_trough>, 'mechanical_eject': True, 'num_attempts': 0}
2025-10-24 23:39:56,578 : INFO : ball_device.bd_trough : Wait for ball to leave device
2025-10-24 23:39:56,578 : INFO : coil.c_trough_eject : Pulsing Driver for 10ms (0.75 pulse_power)
2025-10-24 23:39:56,652 : INFO : EventManager : Event: ======'slide_base_slide_created'====== Args={'_from_bcp': True}
2025-10-24 23:39:56,653 : INFO : EventManager : Event: ======'slide_attract_inactive'====== Args={'is_removing': True, '_from_bcp': True}
2025-10-24 23:39:56,654 : INFO : EventManager : Event: ======'slide_base_slide_active'====== Args={'original_context': 'base', 'original_calling_context': 'mode_base_started', 'priority': 100.0, 'queue': '<QueuedEvent>', 'player': 1.0, 'ball': 1.0, 'balls_remaining': 2.0, 'is_extra_ball': False, 'cmd': 'slides_play', '_from_bcp': True}
2025-10-24 23:39:56,657 : INFO : EventManager : Event: ======'slide_attract_removed'====== Args={'_from_bcp': True}
2025-10-24 23:39:59,575 : INFO : EventManager : Event: ======'balldevice_bd_trough_ball_eject_failed'====== Args={'target': <ball_device.bd_plunger>, 'balls': 1, 'retry': True, 'num_attempts': 1}
2025-10-24 23:39:59,576 : INFO : ball_device.bd_trough : State: waiting_for_target_ready
2025-10-24 23:39:59,577 : INFO : EventManager : Event: ======'balldevice_bd_trough_ball_eject_attempt'====== Args={'balls': 1, 'target': <ball_device.bd_plunger>, 'source': <ball_device.bd_trough>, 'mechanical_eject': True, 'num_attempts': 1}
2025-10-24 23:39:59,577 : INFO : ball_device.bd_trough : State: ejecting
2025-10-24 23:39:59,578 : INFO : ball_device.bd_trough : Ejecting ball to <ball_device.bd_plunger>
2025-10-24 23:39:59,578 : INFO : EventManager : Event: ======'balldevice_bd_trough_ejecting_ball'====== Args={'balls': 1, 'target': <ball_device.bd_plunger>, 'source': <ball_device.bd_trough>, 'mechanical_eject': True, 'num_attempts': 1}
2025-10-24 23:39:59,579 : INFO : ball_device.bd_trough : Wait for ball to leave device
2025-10-24 23:39:59,579 : INFO : coil.c_trough_eject : Pulsing Driver for 10ms (0.75 pulse_power)
2025-10-24 23:40:02,589 : INFO : EventManager : Event: ======'balldevice_bd_trough_ball_eject_failed'====== Args={'target': <ball_device.bd_plunger>, 'balls': 1, 'retry': True, 'num_attempts': 2}
2025-10-24 23:40:02,590 : INFO : ball_device.bd_trough : State: waiting_for_target_ready
2025-10-24 23:40:02,591 : INFO : EventManager : Event: ======'balldevice_bd_trough_ball_eject_attempt'====== Args={'balls': 1, 'target': <ball_device.bd_plunger>, 'source': <ball_device.bd_trough>, 'mechanical_eject': True, 'num_attempts': 2}
2025-10-24 23:40:02,592 : INFO : ball_device.bd_trough : State: ejecting
2025-10-24 23:40:02,593 : INFO : ball_device.bd_trough : Ejecting ball to <ball_device.bd_plunger>
2025-10-24 23:40:02,593 : INFO : EventManager : Event: ======'balldevice_bd_trough_ejecting_ball'====== Args={'balls': 1, 'target': <ball_device.bd_plunger>, 'source': <ball_device.bd_trough>, 'mechanical_eject': True, 'num_attempts': 2}
2025-10-24 23:40:02,593 : INFO : ball_device.bd_trough : Wait for ball to leave device
2025-10-24 23:40:02,594 : INFO : coil.c_trough_eject : Pulsing Driver for 10ms (0.75 pulse_power)
2025-10-24 23:40:05,575 : INFO : EventManager : Event: ======'balldevice_bd_trough_ball_eject_failed'====== Args={'target': <ball_device.bd_plunger>, 'balls': 1, 'retry': True, 'num_attempts': 3}
2025-10-24 23:40:05,576 : INFO : ball_device.bd_trough : State: waiting_for_target_ready
2025-10-24 23:40:05,576 : INFO : EventManager : Event: ======'balldevice_bd_trough_ball_eject_attempt'====== Args={'balls': 1, 'target': <ball_device.bd_plunger>, 'source': <ball_device.bd_trough>, 'mechanical_eject': True, 'num_attempts': 3}
2025-10-24 23:40:05,577 : INFO : ball_device.bd_trough : State: ejecting
2025-10-24 23:40:05,577 : INFO : ball_device.bd_trough : Ejecting ball to <ball_device.bd_plunger>
2025-10-24 23:40:05,577 : INFO : EventManager : Event: ======'balldevice_bd_trough_ejecting_ball'====== Args={'balls': 1, 'target': <ball_device.bd_plunger>, 'source': <ball_device.bd_trough>, 'mechanical_eject': True, 'num_attempts': 3}
2025-10-24 23:40:05,578 : INFO : ball_device.bd_trough : Wait for ball to leave device
2025-10-24 23:40:05,578 : INFO : coil.c_trough_eject : Pulsing Driver for 10ms (0.75 pulse_power)
2025-10-24 23:40:08,565 : INFO : EventManager : Event: ======'balldevice_bd_trough_ball_eject_failed'====== Args={'target': <ball_device.bd_plunger>, 'balls': 1, 'retry': True, 'num_attempts': 4}
2025-10-24 23:40:08,567 : INFO : ball_device.bd_trough : State: waiting_for_target_ready
2025-10-24 23:40:08,567 : INFO : EventManager : Event: ======'balldevice_bd_trough_ball_eject_attempt'====== Args={'balls': 1, 'target': <ball_device.bd_plunger>, 'source': <ball_device.bd_trough>, 'mechanical_eject': True, 'num_attempts': 4}
2025-10-24 23:40:08,568 : INFO : ball_device.bd_trough : State: ejecting
2025-10-24 23:40:08,569 : INFO : ball_device.bd_trough : Ejecting ball to <ball_device.bd_plunger>
2025-10-24 23:40:08,569 : INFO : EventManager : Event: ======'balldevice_bd_trough_ejecting_ball'====== Args={'balls': 1, 'target': <ball_device.bd_plunger>, 'source': <ball_device.bd_trough>, 'mechanical_eject': True, 'num_attempts': 4}
2025-10-24 23:40:08,570 : INFO : ball_device.bd_trough : Wait for ball to leave device
2025-10-24 23:40:08,570 : INFO : coil.c_trough_eject : Pulsing Driver for 10ms (0.75 pulse_power)
2025-10-24 23:40:11,568 : INFO : EventManager : Event: ======'balldevice_bd_trough_ball_eject_failed'====== Args={'target': <ball_device.bd_plunger>, 'balls': 1, 'retry': True, 'num_attempts': 5}
2025-10-24 23:40:11,570 : INFO : ball_device.bd_trough : State: waiting_for_target_ready
2025-10-24 23:40:11,571 : INFO : EventManager : Event: ======'balldevice_bd_trough_ball_eject_attempt'====== Args={'balls': 1, 'target': <ball_device.bd_plunger>, 'source': <ball_device.bd_trough>, 'mechanical_eject': True, 'num_attempts': 5}
2025-10-24 23:40:11,572 : INFO : ball_device.bd_trough : State: ejecting
2025-10-24 23:40:11,572 : INFO : ball_device.bd_trough : Ejecting ball to <ball_device.bd_plunger>
2025-10-24 23:40:11,572 : INFO : EventManager : Event: ======'balldevice_bd_trough_ejecting_ball'====== Args={'balls': 1, 'target': <ball_device.bd_plunger>, 'source': <ball_device.bd_trough>, 'mechanical_eject': True, 'num_attempts': 5}
2025-10-24 23:40:11,572 : INFO : ball_device.bd_trough : Wait for ball to leave device
2025-10-24 23:40:11,573 : INFO : coil.c_trough_eject : Pulsing Driver for 10ms (0.75 pulse_power)
2025-10-24 23:40:14,584 : INFO : EventManager : Event: ======'balldevice_bd_trough_ball_eject_failed'====== Args={'target': <ball_device.bd_plunger>, 'balls': 1, 'retry': True, 'num_attempts': 6}
2025-10-24 23:40:14,585 : INFO : ball_device.bd_trough : State: waiting_for_target_ready
2025-10-24 23:40:14,585 : INFO : EventManager : Event: ======'balldevice_bd_trough_ball_eject_attempt'====== Args={'balls': 1, 'target': <ball_device.bd_plunger>, 'source': <ball_device.bd_trough>, 'mechanical_eject': True, 'num_attempts': 6}
2025-10-24 23:40:14,586 : INFO : ball_device.bd_trough : State: ejecting
2025-10-24 23:40:14,586 : INFO : ball_device.bd_trough : Ejecting ball to <ball_device.bd_plunger>
2025-10-24 23:40:14,586 : INFO : EventManager : Event: ======'balldevice_bd_trough_ejecting_ball'====== Args={'balls': 1, 'target': <ball_device.bd_plunger>, 'source': <ball_device.bd_trough>, 'mechanical_eject': True, 'num_attempts': 6}
2025-10-24 23:40:14,587 : INFO : ball_device.bd_trough : Wait for ball to leave device
2025-10-24 23:40:14,587 : INFO : coil.c_trough_eject : Pulsing Driver for 10ms (0.75 pulse_power)
2025-10-24 23:40:17,589 : INFO : EventManager : Event: ======'balldevice_bd_trough_ball_eject_failed'====== Args={'target': <ball_device.bd_plunger>, 'balls': 1, 'retry': True, 'num_attempts': 7}
2025-10-24 23:40:17,590 : INFO : ball_device.bd_trough : State: waiting_for_target_ready
2025-10-24 23:40:17,590 : INFO : EventManager : Event: ======'balldevice_bd_trough_ball_eject_attempt'====== Args={'balls': 1, 'target': <ball_device.bd_plunger>, 'source': <ball_device.bd_trough>, 'mechanical_eject': True, 'num_attempts': 7}
2025-10-24 23:40:17,590 : INFO : ball_device.bd_trough : State: ejecting
2025-10-24 23:40:17,592 : INFO : ball_device.bd_trough : Ejecting ball to <ball_device.bd_plunger>
2025-10-24 23:40:17,592 : INFO : EventManager : Event: ======'balldevice_bd_trough_ejecting_ball'====== Args={'balls': 1, 'target': <ball_device.bd_plunger>, 'source': <ball_device.bd_trough>, 'mechanical_eject': True, 'num_attempts': 7}
2025-10-24 23:40:17,593 : INFO : ball_device.bd_trough : Wait for ball to leave device
2025-10-24 23:40:17,593 : INFO : coil.c_trough_eject : Pulsing Driver for 10ms (0.75 pulse_power)
2025-10-24 23:40:20,593 : INFO : EventManager : Event: ======'balldevice_bd_trough_ball_eject_failed'====== Args={'target': <ball_device.bd_plunger>, 'balls': 1, 'retry': True, 'num_attempts': 8}
2025-10-24 23:40:20,594 : INFO : ball_device.bd_trough : State: waiting_for_target_ready
2025-10-24 23:40:20,595 : INFO : EventManager : Event: ======'balldevice_bd_trough_ball_eject_attempt'====== Args={'balls': 1, 'target': <ball_device.bd_plunger>, 'source': <ball_device.bd_trough>, 'mechanical_eject': True, 'num_attempts': 8}
2025-10-24 23:40:20,595 : INFO : ball_device.bd_trough : State: ejecting
2025-10-24 23:40:20,596 : INFO : ball_device.bd_trough : Ejecting ball to <ball_device.bd_plunger>
2025-10-24 23:40:20,596 : INFO : EventManager : Event: ======'balldevice_bd_trough_ejecting_ball'====== Args={'balls': 1, 'target': <ball_device.bd_plunger>, 'source': <ball_device.bd_trough>, 'mechanical_eject': True, 'num_attempts': 8}
2025-10-24 23:40:20,597 : INFO : ball_device.bd_trough : Wait for ball to leave device
2025-10-24 23:40:20,597 : INFO : coil.c_trough_eject : Pulsing Driver for 10ms (0.75 pulse_power)
2025-10-24 23:40:23,605 : INFO : EventManager : Event: ======'balldevice_bd_trough_ball_eject_failed'====== Args={'target': <ball_device.bd_plunger>, 'balls': 1, 'retry': True, 'num_attempts': 9}
2025-10-24 23:40:23,606 : INFO : ball_device.bd_trough : State: waiting_for_target_ready
2025-10-24 23:40:23,607 : INFO : EventManager : Event: ======'balldevice_bd_trough_ball_eject_attempt'====== Args={'balls': 1, 'target': <ball_device.bd_plunger>, 'source': <ball_device.bd_trough>, 'mechanical_eject': True, 'num_attempts': 9}
2025-10-24 23:40:23,607 : INFO : ball_device.bd_trough : State: ejecting
2025-10-24 23:40:23,608 : INFO : ball_device.bd_trough : Ejecting ball to <ball_device.bd_plunger>
2025-10-24 23:40:23,608 : INFO : EventManager : Event: ======'balldevice_bd_trough_ejecting_ball'====== Args={'balls': 1, 'target': <ball_device.bd_plunger>, 'source': <ball_device.bd_trough>, 'mechanical_eject': True, 'num_attempts': 9}
2025-10-24 23:40:23,609 : INFO : ball_device.bd_trough : Wait for ball to leave device
2025-10-24 23:40:23,609 : INFO : coil.c_trough_eject : Pulsing Driver for 10ms (0.75 pulse_power)
2025-10-24 23:40:26,602 : INFO : EventManager : Event: ======'balldevice_bd_trough_ball_eject_failed'====== Args={'target': <ball_device.bd_plunger>, 'balls': 1, 'retry': True, 'num_attempts': 10}
2025-10-24 23:40:26,603 : INFO : ball_device.bd_trough : State: waiting_for_target_ready
2025-10-24 23:40:26,603 : INFO : EventManager : Event: ======'balldevice_bd_trough_ball_eject_attempt'====== Args={'balls': 1, 'target': <ball_device.bd_plunger>, 'source': <ball_device.bd_trough>, 'mechanical_eject': True, 'num_attempts': 10}
2025-10-24 23:40:26,603 : INFO : ball_device.bd_trough : State: ejecting
2025-10-24 23:40:26,603 : INFO : ball_device.bd_trough : Ejecting ball to <ball_device.bd_plunger>
2025-10-24 23:40:26,605 : INFO : EventManager : Event: ======'balldevice_bd_trough_ejecting_ball'====== Args={'balls': 1, 'target': <ball_device.bd_plunger>, 'source': <ball_device.bd_trough>, 'mechanical_eject': True, 'num_attempts': 10}
2025-10-24 23:40:26,605 : INFO : ball_device.bd_trough : Wait for ball to leave device
2025-10-24 23:40:26,605 : INFO : coil.c_trough_eject : Pulsing Driver for 10ms (0.75 pulse_power)
2025-10-24 23:40:29,602 : INFO : EventManager : Event: ======'balldevice_bd_trough_ball_eject_failed'====== Args={'target': <ball_device.bd_plunger>, 'balls': 1, 'retry': True, 'num_attempts': 11}
2025-10-24 23:40:29,602 : INFO : ball_device.bd_trough : State: waiting_for_target_ready
2025-10-24 23:40:29,603 : INFO : EventManager : Event: ======'balldevice_bd_trough_ball_eject_attempt'====== Args={'balls': 1, 'target': <ball_device.bd_plunger>, 'source': <ball_device.bd_trough>, 'mechanical_eject': True, 'num_attempts': 11}
2025-10-24 23:40:29,604 : INFO : ball_device.bd_trough : State: ejecting
2025-10-24 23:40:29,604 : INFO : ball_device.bd_trough : Ejecting ball to <ball_device.bd_plunger>
2025-10-24 23:40:29,604 : INFO : EventManager : Event: ======'balldevice_bd_trough_ejecting_ball'====== Args={'balls': 1, 'target': <ball_device.bd_plunger>, 'source': <ball_device.bd_trough>, 'mechanical_eject': True, 'num_attempts': 11}
2025-10-24 23:40:29,605 : INFO : ball_device.bd_trough : Wait for ball to leave device
2025-10-24 23:40:29,605 : INFO : coil.c_trough_eject : Pulsing Driver for 10ms (0.75 pulse_power)
2025-10-24 23:40:32,599 : INFO : EventManager : Event: ======'balldevice_bd_trough_ball_eject_failed'====== Args={'target': <ball_device.bd_plunger>, 'balls': 1, 'retry': True, 'num_attempts': 12}
2025-10-24 23:40:32,600 : INFO : ball_device.bd_trough : State: waiting_for_target_ready
2025-10-24 23:40:32,600 : INFO : EventManager : Event: ======'balldevice_bd_trough_ball_eject_attempt'====== Args={'balls': 1, 'target': <ball_device.bd_plunger>, 'source': <ball_device.bd_trough>, 'mechanical_eject': True, 'num_attempts': 12}
2025-10-24 23:40:32,601 : INFO : ball_device.bd_trough : State: ejecting
2025-10-24 23:40:32,601 : INFO : ball_device.bd_trough : Ejecting ball to <ball_device.bd_plunger>
2025-10-24 23:40:32,603 : INFO : EventManager : Event: ======'balldevice_bd_trough_ejecting_ball'====== Args={'balls': 1, 'target': <ball_device.bd_plunger>, 'source': <ball_device.bd_trough>, 'mechanical_eject': True, 'num_attempts': 12}
2025-10-24 23:40:32,603 : INFO : ball_device.bd_trough : Wait for ball to leave device
2025-10-24 23:40:32,604 : INFO : coil.c_trough_eject : Pulsing Driver for 10ms (0.75 pulse_power)
2025-10-24 23:40:35,620 : INFO : EventManager : Event: ======'balldevice_bd_trough_ball_eject_failed'====== Args={'target': <ball_device.bd_plunger>, 'balls': 1, 'retry': True, 'num_attempts': 13}
2025-10-24 23:40:35,620 : INFO : ball_device.bd_trough : State: waiting_for_target_ready
2025-10-24 23:40:35,622 : INFO : EventManager : Event: ======'balldevice_bd_trough_ball_eject_attempt'====== Args={'balls': 1, 'target': <ball_device.bd_plunger>, 'source': <ball_device.bd_trough>, 'mechanical_eject': True, 'num_attempts': 13}
2025-10-24 23:40:35,622 : INFO : ball_device.bd_trough : State: ejecting
2025-10-24 23:40:35,623 : INFO : ball_device.bd_trough : Ejecting ball to <ball_device.bd_plunger>
2025-10-24 23:40:35,623 : INFO : EventManager : Event: ======'balldevice_bd_trough_ejecting_ball'====== Args={'balls': 1, 'target': <ball_device.bd_plunger>, 'source': <ball_device.bd_trough>, 'mechanical_eject': True, 'num_attempts': 13}
2025-10-24 23:40:35,624 : INFO : ball_device.bd_trough : Wait for ball to leave device
2025-10-24 23:40:35,624 : INFO : coil.c_trough_eject : Pulsing Driver for 10ms (0.75 pulse_power)
2025-10-24 23:40:38,619 : INFO : EventManager : Event: ======'balldevice_bd_trough_ball_eject_failed'====== Args={'target': <ball_device.bd_plunger>, 'balls': 1, 'retry': True, 'num_attempts': 14}
2025-10-24 23:40:38,621 : INFO : ball_device.bd_trough : State: waiting_for_target_ready
2025-10-24 23:40:38,622 : INFO : EventManager : Event: ======'balldevice_bd_trough_ball_eject_attempt'====== Args={'balls': 1, 'target': <ball_device.bd_plunger>, 'source': <ball_device.bd_trough>, 'mechanical_eject': True, 'num_attempts': 14}
2025-10-24 23:40:38,622 : INFO : ball_device.bd_trough : State: ejecting
2025-10-24 23:40:38,623 : INFO : ball_device.bd_trough : Ejecting ball to <ball_device.bd_plunger>
2025-10-24 23:40:38,623 : INFO : EventManager : Event: ======'balldevice_bd_trough_ejecting_ball'====== Args={'balls': 1, 'target': <ball_device.bd_plunger>, 'source': <ball_device.bd_trough>, 'mechanical_eject': True, 'num_attempts': 14}
2025-10-24 23:40:38,624 : INFO : ball_device.bd_trough : Wait for ball to leave device
2025-10-24 23:40:38,625 : INFO : coil.c_trough_eject : Pulsing Driver for 10ms (0.75 pulse_power)
2025-10-24 23:40:41,618 : INFO : EventManager : Event: ======'balldevice_bd_trough_ball_eject_failed'====== Args={'target': <ball_device.bd_plunger>, 'balls': 1, 'retry': True, 'num_attempts': 15}
2025-10-24 23:40:41,619 : INFO : ball_device.bd_trough : State: waiting_for_target_ready
2025-10-24 23:40:41,620 : INFO : EventManager : Event: ======'balldevice_bd_trough_ball_eject_attempt'====== Args={'balls': 1, 'target': <ball_device.bd_plunger>, 'source': <ball_device.bd_trough>, 'mechanical_eject': True, 'num_attempts': 15}
2025-10-24 23:40:41,621 : INFO : ball_device.bd_trough : State: ejecting
2025-10-24 23:40:41,622 : INFO : ball_device.bd_trough : Ejecting ball to <ball_device.bd_plunger>
2025-10-24 23:40:41,622 : INFO : EventManager : Event: ======'balldevice_bd_trough_ejecting_ball'====== Args={'balls': 1, 'target': <ball_device.bd_plunger>, 'source': <ball_device.bd_trough>, 'mechanical_eject': True, 'num_attempts': 15}
2025-10-24 23:40:41,623 : INFO : ball_device.bd_trough : Wait for ball to leave device
2025-10-24 23:40:41,624 : INFO : coil.c_trough_eject : Pulsing Driver for 10ms (0.75 pulse_power)
2025-10-24 23:40:44,615 : INFO : EventManager : Event: ======'balldevice_bd_trough_ball_eject_failed'====== Args={'target': <ball_device.bd_plunger>, 'balls': 1, 'retry': True, 'num_attempts': 16}
2025-10-24 23:40:44,616 : INFO : ball_device.bd_trough : State: waiting_for_target_ready
2025-10-24 23:40:44,616 : INFO : EventManager : Event: ======'balldevice_bd_trough_ball_eject_attempt'====== Args={'balls': 1, 'target': <ball_device.bd_plunger>, 'source': <ball_device.bd_trough>, 'mechanical_eject': True, 'num_attempts': 16}
2025-10-24 23:40:44,617 : INFO : ball_device.bd_trough : State: ejecting
2025-10-24 23:40:44,618 : INFO : ball_device.bd_trough : Ejecting ball to <ball_device.bd_plunger>
2025-10-24 23:40:44,618 : INFO : EventManager : Event: ======'balldevice_bd_trough_ejecting_ball'====== Args={'balls': 1, 'target': <ball_device.bd_plunger>, 'source': <ball_device.bd_trough>, 'mechanical_eject': True, 'num_attempts': 16}
2025-10-24 23:40:44,620 : INFO : ball_device.bd_trough : Wait for ball to leave device
2025-10-24 23:40:44,620 : INFO : coil.c_trough_eject : Pulsing Driver for 10ms (0.75 pulse_power)
2025-10-24 23:40:47,634 : INFO : EventManager : Event: ======'balldevice_bd_trough_ball_eject_failed'====== Args={'target': <ball_device.bd_plunger>, 'balls': 1, 'retry': True, 'num_attempts': 17}
2025-10-24 23:40:47,635 : INFO : ball_device.bd_trough : State: waiting_for_target_ready
2025-10-24 23:40:47,635 : INFO : EventManager : Event: ======'balldevice_bd_trough_ball_eject_attempt'====== Args={'balls': 1, 'target': <ball_device.bd_plunger>, 'source': <ball_device.bd_trough>, 'mechanical_eject': True, 'num_attempts': 17}
2025-10-24 23:40:47,636 : INFO : ball_device.bd_trough : State: ejecting
2025-10-24 23:40:47,636 : INFO : ball_device.bd_trough : Ejecting ball to <ball_device.bd_plunger>
2025-10-24 23:40:47,636 : INFO : EventManager : Event: ======'balldevice_bd_trough_ejecting_ball'====== Args={'balls': 1, 'target': <ball_device.bd_plunger>, 'source': <ball_device.bd_trough>, 'mechanical_eject': True, 'num_attempts': 17}
2025-10-24 23:40:47,637 : INFO : ball_device.bd_trough : Wait for ball to leave device
2025-10-24 23:40:47,638 : INFO : coil.c_trough_eject : Pulsing Driver for 10ms (0.75 pulse_power)
2025-10-24 23:40:50,624 : INFO : EventManager : Event: ======'balldevice_bd_trough_ball_eject_failed'====== Args={'target': <ball_device.bd_plunger>, 'balls': 1, 'retry': True, 'num_attempts': 18}
2025-10-24 23:40:50,625 : INFO : ball_device.bd_trough : State: waiting_for_target_ready
2025-10-24 23:40:50,625 : INFO : EventManager : Event: ======'balldevice_bd_trough_ball_eject_attempt'====== Args={'balls': 1, 'target': <ball_device.bd_plunger>, 'source': <ball_device.bd_trough>, 'mechanical_eject': True, 'num_attempts': 18}
2025-10-24 23:40:50,626 : INFO : ball_device.bd_trough : State: ejecting
2025-10-24 23:40:50,626 : INFO : ball_device.bd_trough : Ejecting ball to <ball_device.bd_plunger>
2025-10-24 23:40:50,627 : INFO : EventManager : Event: ======'balldevice_bd_trough_ejecting_ball'====== Args={'balls': 1, 'target': <ball_device.bd_plunger>, 'source': <ball_device.bd_trough>, 'mechanical_eject': True, 'num_attempts': 18}
2025-10-24 23:40:50,627 : INFO : ball_device.bd_trough : Wait for ball to leave device
2025-10-24 23:40:50,628 : INFO : coil.c_trough_eject : Pulsing Driver for 10ms (0.75 pulse_power)
2025-10-24 23:40:53,630 : INFO : EventManager : Event: ======'balldevice_bd_trough_ball_eject_failed'====== Args={'target': <ball_device.bd_plunger>, 'balls': 1, 'retry': True, 'num_attempts': 19}
2025-10-24 23:40:53,632 : INFO : ball_device.bd_trough : State: waiting_for_target_ready
2025-10-24 23:40:53,633 : INFO : EventManager : Event: ======'balldevice_bd_trough_ball_eject_attempt'====== Args={'balls': 1, 'target': <ball_device.bd_plunger>, 'source': <ball_device.bd_trough>, 'mechanical_eject': True, 'num_attempts': 19}
2025-10-24 23:40:53,634 : INFO : ball_device.bd_trough : State: ejecting
2025-10-24 23:40:53,634 : INFO : ball_device.bd_trough : Ejecting ball to <ball_device.bd_plunger>
2025-10-24 23:40:53,635 : INFO : EventManager : Event: ======'balldevice_bd_trough_ejecting_ball'====== Args={'balls': 1, 'target': <ball_device.bd_plunger>, 'source': <ball_device.bd_trough>, 'mechanical_eject': True, 'num_attempts': 19}
2025-10-24 23:40:53,636 : INFO : ball_device.bd_trough : Wait for ball to leave device
2025-10-24 23:40:53,636 : INFO : coil.c_trough_eject : Pulsing Driver for 10ms (0.75 pulse_power)
2025-10-24 23:40:56,626 : INFO : EventManager : Event: ======'balldevice_bd_trough_ball_eject_failed'====== Args={'target': <ball_device.bd_plunger>, 'balls': 1, 'retry': True, 'num_attempts': 20}
2025-10-24 23:40:56,627 : INFO : ball_device.bd_trough : State: waiting_for_target_ready
2025-10-24 23:40:56,627 : INFO : EventManager : Event: ======'balldevice_bd_trough_ball_eject_attempt'====== Args={'balls': 1, 'target': <ball_device.bd_plunger>, 'source': <ball_device.bd_trough>, 'mechanical_eject': True, 'num_attempts': 20}
2025-10-24 23:40:56,628 : INFO : ball_device.bd_trough : State: ejecting
2025-10-24 23:40:56,629 : INFO : ball_device.bd_trough : Ejecting ball to <ball_device.bd_plunger>
2025-10-24 23:40:56,629 : INFO : EventManager : Event: ======'balldevice_bd_trough_ejecting_ball'====== Args={'balls': 1, 'target': <ball_device.bd_plunger>, 'source': <ball_device.bd_trough>, 'mechanical_eject': True, 'num_attempts': 20}
2025-10-24 23:40:56,630 : INFO : ball_device.bd_trough : Wait for ball to leave device
2025-10-24 23:40:56,630 : INFO : coil.c_trough_eject : Pulsing Driver for 10ms (0.75 pulse_power)
2025-10-24 23:40:59,632 : INFO : EventManager : Event: ======'balldevice_bd_trough_ball_eject_failed'====== Args={'target': <ball_device.bd_plunger>, 'balls': 1, 'retry': True, 'num_attempts': 21}
2025-10-24 23:40:59,633 : INFO : ball_device.bd_trough : State: waiting_for_target_ready
2025-10-24 23:40:59,633 : INFO : EventManager : Event: ======'balldevice_bd_trough_ball_eject_attempt'====== Args={'balls': 1, 'target': <ball_device.bd_plunger>, 'source': <ball_device.bd_trough>, 'mechanical_eject': True, 'num_attempts': 21}
2025-10-24 23:40:59,633 : INFO : ball_device.bd_trough : State: ejecting
2025-10-24 23:40:59,634 : INFO : ball_device.bd_trough : Ejecting ball to <ball_device.bd_plunger>
2025-10-24 23:40:59,634 : INFO : EventManager : Event: ======'balldevice_bd_trough_ejecting_ball'====== Args={'balls': 1, 'target': <ball_device.bd_plunger>, 'source': <ball_device.bd_trough>, 'mechanical_eject': True, 'num_attempts': 21}
2025-10-24 23:40:59,634 : INFO : ball_device.bd_trough : Wait for ball to leave device
2025-10-24 23:40:59,635 : INFO : coil.c_trough_eject : Pulsing Driver for 10ms (0.75 pulse_power)
2025-10-24 23:41:02,614 : INFO : EventManager : Event: ======'balldevice_bd_trough_ball_eject_failed'====== Args={'target': <ball_device.bd_plunger>, 'balls': 1, 'retry': True, 'num_attempts': 22}
2025-10-24 23:41:02,615 : INFO : ball_device.bd_trough : State: waiting_for_target_ready
2025-10-24 23:41:02,616 : INFO : EventManager : Event: ======'balldevice_bd_trough_ball_eject_attempt'====== Args={'balls': 1, 'target': <ball_device.bd_plunger>, 'source': <ball_device.bd_trough>, 'mechanical_eject': True, 'num_attempts': 22}
2025-10-24 23:41:02,616 : INFO : ball_device.bd_trough : State: ejecting
2025-10-24 23:41:02,617 : INFO : ball_device.bd_trough : Ejecting ball to <ball_device.bd_plunger>
2025-10-24 23:41:02,617 : INFO : EventManager : Event: ======'balldevice_bd_trough_ejecting_ball'====== Args={'balls': 1, 'target': <ball_device.bd_plunger>, 'source': <ball_device.bd_trough>, 'mechanical_eject': True, 'num_attempts': 22}
2025-10-24 23:41:02,618 : INFO : ball_device.bd_trough : Wait for ball to leave device
2025-10-24 23:41:02,618 : INFO : coil.c_trough_eject : Pulsing Driver for 10ms (0.75 pulse_power)
2025-10-24 23:41:05,623 : INFO : EventManager : Event: ======'balldevice_bd_trough_ball_eject_failed'====== Args={'target': <ball_device.bd_plunger>, 'balls': 1, 'retry': True, 'num_attempts': 23}
2025-10-24 23:41:05,624 : INFO : ball_device.bd_trough : State: waiting_for_target_ready
2025-10-24 23:41:05,625 : INFO : EventManager : Event: ======'balldevice_bd_trough_ball_eject_attempt'====== Args={'balls': 1, 'target': <ball_device.bd_plunger>, 'source': <ball_device.bd_trough>, 'mechanical_eject': True, 'num_attempts': 23}
2025-10-24 23:41:05,625 : INFO : ball_device.bd_trough : State: ejecting
2025-10-24 23:41:05,626 : INFO : ball_device.bd_trough : Ejecting ball to <ball_device.bd_plunger>
2025-10-24 23:41:05,626 : INFO : EventManager : Event: ======'balldevice_bd_trough_ejecting_ball'====== Args={'balls': 1, 'target': <ball_device.bd_plunger>, 'source': <ball_device.bd_trough>, 'mechanical_eject': True, 'num_attempts': 23}
2025-10-24 23:41:05,626 : INFO : ball_device.bd_trough : Wait for ball to leave device
2025-10-24 23:41:05,627 : INFO : coil.c_trough_eject : Pulsing Driver for 10ms (0.75 pulse_power)
2025-10-24 23:41:08,617 : INFO : EventManager : Event: ======'balldevice_bd_trough_ball_eject_failed'====== Args={'target': <ball_device.bd_plunger>, 'balls': 1, 'retry': True, 'num_attempts': 24}
2025-10-24 23:41:08,619 : INFO : ball_device.bd_trough : State: waiting_for_target_ready
2025-10-24 23:41:08,619 : INFO : EventManager : Event: ======'balldevice_bd_trough_ball_eject_attempt'====== Args={'balls': 1, 'target': <ball_device.bd_plunger>, 'source': <ball_device.bd_trough>, 'mechanical_eject': True, 'num_attempts': 24}
2025-10-24 23:41:08,619 : INFO : ball_device.bd_trough : State: ejecting
2025-10-24 23:41:08,620 : INFO : ball_device.bd_trough : Ejecting ball to <ball_device.bd_plunger>
2025-10-24 23:41:08,620 : INFO : EventManager : Event: ======'balldevice_bd_trough_ejecting_ball'====== Args={'balls': 1, 'target': <ball_device.bd_plunger>, 'source': <ball_device.bd_trough>, 'mechanical_eject': True, 'num_attempts': 24}
2025-10-24 23:41:08,620 : INFO : ball_device.bd_trough : Wait for ball to leave device
2025-10-24 23:41:08,620 : INFO : coil.c_trough_eject : Pulsing Driver for 10ms (0.75 pulse_power)
2025-10-24 23:41:11,632 : INFO : EventManager : Event: ======'balldevice_bd_trough_ball_eject_failed'====== Args={'target': <ball_device.bd_plunger>, 'balls': 1, 'retry': True, 'num_attempts': 25}
2025-10-24 23:41:11,633 : INFO : ball_device.bd_trough : State: waiting_for_target_ready
2025-10-24 23:41:11,633 : INFO : EventManager : Event: ======'balldevice_bd_trough_ball_eject_attempt'====== Args={'balls': 1, 'target': <ball_device.bd_plunger>, 'source': <ball_device.bd_trough>, 'mechanical_eject': True, 'num_attempts': 25}
2025-10-24 23:41:11,634 : INFO : ball_device.bd_trough : State: ejecting
2025-10-24 23:41:11,634 : INFO : ball_device.bd_trough : Ejecting ball to <ball_device.bd_plunger>
2025-10-24 23:41:11,634 : INFO : EventManager : Event: ======'balldevice_bd_trough_ejecting_ball'====== Args={'balls': 1, 'target': <ball_device.bd_plunger>, 'source': <ball_device.bd_trough>, 'mechanical_eject': True, 'num_attempts': 25}
2025-10-24 23:41:11,635 : INFO : ball_device.bd_trough : Wait for ball to leave device
2025-10-24 23:41:11,635 : INFO : coil.c_trough_eject : Pulsing Driver for 10ms (0.75 pulse_power)
2025-10-24 23:41:14,624 : INFO : EventManager : Event: ======'balldevice_bd_trough_ball_eject_failed'====== Args={'target': <ball_device.bd_plunger>, 'balls': 1, 'retry': True, 'num_attempts': 26}
2025-10-24 23:41:14,625 : INFO : ball_device.bd_trough : State: waiting_for_target_ready
2025-10-24 23:41:14,626 : INFO : EventManager : Event: ======'balldevice_bd_trough_ball_eject_attempt'====== Args={'balls': 1, 'target': <ball_device.bd_plunger>, 'source': <ball_device.bd_trough>, 'mechanical_eject': True, 'num_attempts': 26}
2025-10-24 23:41:14,627 : INFO : ball_device.bd_trough : State: ejecting
2025-10-24 23:41:14,627 : INFO : ball_device.bd_trough : Ejecting ball to <ball_device.bd_plunger>
2025-10-24 23:41:14,627 : INFO : EventManager : Event: ======'balldevice_bd_trough_ejecting_ball'====== Args={'balls': 1, 'target': <ball_device.bd_plunger>, 'source': <ball_device.bd_trough>, 'mechanical_eject': True, 'num_attempts': 26}
2025-10-24 23:41:14,628 : INFO : ball_device.bd_trough : Wait for ball to leave device
2025-10-24 23:41:14,628 : INFO : coil.c_trough_eject : Pulsing Driver for 10ms (0.75 pulse_power)
2025-10-24 23:41:17,632 : INFO : EventManager : Event: ======'balldevice_bd_trough_ball_eject_failed'====== Args={'target': <ball_device.bd_plunger>, 'balls': 1, 'retry': True, 'num_attempts': 27}
2025-10-24 23:41:17,632 : INFO : ball_device.bd_trough : State: waiting_for_target_ready
2025-10-24 23:41:17,632 : INFO : EventManager : Event: ======'balldevice_bd_trough_ball_eject_attempt'====== Args={'balls': 1, 'target': <ball_device.bd_plunger>, 'source': <ball_device.bd_trough>, 'mechanical_eject': True, 'num_attempts': 27}
2025-10-24 23:41:17,633 : INFO : ball_device.bd_trough : State: ejecting
2025-10-24 23:41:17,633 : INFO : ball_device.bd_trough : Ejecting ball to <ball_device.bd_plunger>
2025-10-24 23:41:17,633 : INFO : EventManager : Event: ======'balldevice_bd_trough_ejecting_ball'====== Args={'balls': 1, 'target': <ball_device.bd_plunger>, 'source': <ball_device.bd_trough>, 'mechanical_eject': True, 'num_attempts': 27}
2025-10-24 23:41:17,634 : INFO : ball_device.bd_trough : Wait for ball to leave device
2025-10-24 23:41:17,634 : INFO : coil.c_trough_eject : Pulsing Driver for 10ms (0.75 pulse_power)
2025-10-24 23:41:20,626 : INFO : EventManager : Event: ======'balldevice_bd_trough_ball_eject_failed'====== Args={'target': <ball_device.bd_plunger>, 'balls': 1, 'retry': True, 'num_attempts': 28}
2025-10-24 23:41:20,627 : INFO : ball_device.bd_trough : State: waiting_for_target_ready
2025-10-24 23:41:20,627 : INFO : EventManager : Event: ======'balldevice_bd_trough_ball_eject_attempt'====== Args={'balls': 1, 'target': <ball_device.bd_plunger>, 'source': <ball_device.bd_trough>, 'mechanical_eject': True, 'num_attempts': 28}
2025-10-24 23:41:20,628 : INFO : ball_device.bd_trough : State: ejecting
2025-10-24 23:41:20,628 : INFO : ball_device.bd_trough : Ejecting ball to <ball_device.bd_plunger>
2025-10-24 23:41:20,629 : INFO : EventManager : Event: ======'balldevice_bd_trough_ejecting_ball'====== Args={'balls': 1, 'target': <ball_device.bd_plunger>, 'source': <ball_device.bd_trough>, 'mechanical_eject': True, 'num_attempts': 28}
2025-10-24 23:41:20,630 : INFO : ball_device.bd_trough : Wait for ball to leave device
2025-10-24 23:41:20,630 : INFO : coil.c_trough_eject : Pulsing Driver for 10ms (0.75 pulse_power)
2025-10-24 23:41:23,626 : INFO : EventManager : Event: ======'balldevice_bd_trough_ball_eject_failed'====== Args={'target': <ball_device.bd_plunger>, 'balls': 1, 'retry': True, 'num_attempts': 29}
2025-10-24 23:41:23,627 : INFO : ball_device.bd_trough : State: waiting_for_target_ready
2025-10-24 23:41:23,627 : INFO : EventManager : Event: ======'balldevice_bd_trough_ball_eject_attempt'====== Args={'balls': 1, 'target': <ball_device.bd_plunger>, 'source': <ball_device.bd_trough>, 'mechanical_eject': True, 'num_attempts': 29}
2025-10-24 23:41:23,628 : INFO : ball_device.bd_trough : State: ejecting
2025-10-24 23:41:23,629 : INFO : ball_device.bd_trough : Ejecting ball to <ball_device.bd_plunger>
2025-10-24 23:41:23,629 : INFO : EventManager : Event: ======'balldevice_bd_trough_ejecting_ball'====== Args={'balls': 1, 'target': <ball_device.bd_plunger>, 'source': <ball_device.bd_trough>, 'mechanical_eject': True, 'num_attempts': 29}
2025-10-24 23:41:23,630 : INFO : ball_device.bd_trough : Wait for ball to leave device
2025-10-24 23:41:23,630 : INFO : coil.c_trough_eject : Pulsing Driver for 10ms (0.75 pulse_power)
2025-10-24 23:41:26,633 : INFO : EventManager : Event: ======'balldevice_bd_trough_ball_eject_failed'====== Args={'target': <ball_device.bd_plunger>, 'balls': 1, 'retry': True, 'num_attempts': 30}
2025-10-24 23:41:26,634 : INFO : ball_device.bd_trough : State: waiting_for_target_ready
2025-10-24 23:41:26,634 : INFO : EventManager : Event: ======'balldevice_bd_trough_ball_eject_attempt'====== Args={'balls': 1, 'target': <ball_device.bd_plunger>, 'source': <ball_device.bd_trough>, 'mechanical_eject': True, 'num_attempts': 30}
2025-10-24 23:41:26,635 : INFO : ball_device.bd_trough : State: ejecting
2025-10-24 23:41:26,635 : INFO : ball_device.bd_trough : Ejecting ball to <ball_device.bd_plunger>
2025-10-24 23:41:26,636 : INFO : EventManager : Event: ======'balldevice_bd_trough_ejecting_ball'====== Args={'balls': 1, 'target': <ball_device.bd_plunger>, 'source': <ball_device.bd_trough>, 'mechanical_eject': True, 'num_attempts': 30}
2025-10-24 23:41:26,636 : INFO : ball_device.bd_trough : Wait for ball to leave device
2025-10-24 23:41:26,637 : INFO : coil.c_trough_eject : Pulsing Driver for 10ms (0.75 pulse_power)
2025-10-24 23:41:29,641 : INFO : EventManager : Event: ======'balldevice_bd_trough_ball_eject_failed'====== Args={'target': <ball_device.bd_plunger>, 'balls': 1, 'retry': True, 'num_attempts': 31}
2025-10-24 23:41:29,642 : INFO : ball_device.bd_trough : State: waiting_for_target_ready
2025-10-24 23:41:29,642 : INFO : EventManager : Event: ======'balldevice_bd_trough_ball_eject_attempt'====== Args={'balls': 1, 'target': <ball_device.bd_plunger>, 'source': <ball_device.bd_trough>, 'mechanical_eject': True, 'num_attempts': 31}
2025-10-24 23:41:29,643 : INFO : ball_device.bd_trough : State: ejecting
2025-10-24 23:41:29,643 : INFO : ball_device.bd_trough : Ejecting ball to <ball_device.bd_plunger>
2025-10-24 23:41:29,644 : INFO : EventManager : Event: ======'balldevice_bd_trough_ejecting_ball'====== Args={'balls': 1, 'target': <ball_device.bd_plunger>, 'source': <ball_device.bd_trough>, 'mechanical_eject': True, 'num_attempts': 31}
2025-10-24 23:41:29,645 : INFO : ball_device.bd_trough : Wait for ball to leave device
2025-10-24 23:41:29,645 : INFO : coil.c_trough_eject : Pulsing Driver for 10ms (0.75 pulse_power)
2025-10-24 23:41:32,671 : INFO : EventManager : Event: ======'balldevice_bd_trough_ball_eject_failed'====== Args={'target': <ball_device.bd_plunger>, 'balls': 1, 'retry': True, 'num_attempts': 32}
2025-10-24 23:41:32,672 : INFO : ball_device.bd_trough : State: waiting_for_target_ready
2025-10-24 23:41:32,672 : INFO : EventManager : Event: ======'balldevice_bd_trough_ball_eject_attempt'====== Args={'balls': 1, 'target': <ball_device.bd_plunger>, 'source': <ball_device.bd_trough>, 'mechanical_eject': True, 'num_attempts': 32}
2025-10-24 23:41:32,673 : INFO : ball_device.bd_trough : State: ejecting
2025-10-24 23:41:32,673 : INFO : ball_device.bd_trough : Ejecting ball to <ball_device.bd_plunger>
2025-10-24 23:41:32,673 : INFO : EventManager : Event: ======'balldevice_bd_trough_ejecting_ball'====== Args={'balls': 1, 'target': <ball_device.bd_plunger>, 'source': <ball_device.bd_trough>, 'mechanical_eject': True, 'num_attempts': 32}
2025-10-24 23:41:32,675 : INFO : ball_device.bd_trough : Wait for ball to leave device
2025-10-24 23:41:32,675 : INFO : coil.c_trough_eject : Pulsing Driver for 10ms (0.75 pulse_power)
2025-10-24 23:41:35,676 : INFO : EventManager : Event: ======'balldevice_bd_trough_ball_eject_failed'====== Args={'target': <ball_device.bd_plunger>, 'balls': 1, 'retry': True, 'num_attempts': 33}
2025-10-24 23:41:35,677 : INFO : ball_device.bd_trough : State: waiting_for_target_ready
2025-10-24 23:41:35,677 : INFO : EventManager : Event: ======'balldevice_bd_trough_ball_eject_attempt'====== Args={'balls': 1, 'target': <ball_device.bd_plunger>, 'source': <ball_device.bd_trough>, 'mechanical_eject': True, 'num_attempts': 33}
2025-10-24 23:41:35,678 : INFO : ball_device.bd_trough : State: ejecting
2025-10-24 23:41:35,678 : INFO : ball_device.bd_trough : Ejecting ball to <ball_device.bd_plunger>
2025-10-24 23:41:35,678 : INFO : EventManager : Event: ======'balldevice_bd_trough_ejecting_ball'====== Args={'balls': 1, 'target': <ball_device.bd_plunger>, 'source': <ball_device.bd_trough>, 'mechanical_eject': True, 'num_attempts': 33}
2025-10-24 23:41:35,679 : INFO : ball_device.bd_trough : Wait for ball to leave device
2025-10-24 23:41:35,680 : INFO : coil.c_trough_eject : Pulsing Driver for 10ms (0.75 pulse_power)
2025-10-24 23:41:38,678 : INFO : EventManager : Event: ======'balldevice_bd_trough_ball_eject_failed'====== Args={'target': <ball_device.bd_plunger>, 'balls': 1, 'retry': True, 'num_attempts': 34}
2025-10-24 23:41:38,679 : INFO : ball_device.bd_trough : State: waiting_for_target_ready
2025-10-24 23:41:38,680 : INFO : EventManager : Event: ======'balldevice_bd_trough_ball_eject_attempt'====== Args={'balls': 1, 'target': <ball_device.bd_plunger>, 'source': <ball_device.bd_trough>, 'mechanical_eject': True, 'num_attempts': 34}
2025-10-24 23:41:38,680 : INFO : ball_device.bd_trough : State: ejecting
2025-10-24 23:41:38,680 : INFO : ball_device.bd_trough : Ejecting ball to <ball_device.bd_plunger>
2025-10-24 23:41:38,680 : INFO : EventManager : Event: ======'balldevice_bd_trough_ejecting_ball'====== Args={'balls': 1, 'target': <ball_device.bd_plunger>, 'source': <ball_device.bd_trough>, 'mechanical_eject': True, 'num_attempts': 34}
2025-10-24 23:41:38,682 : INFO : ball_device.bd_trough : Wait for ball to leave device
2025-10-24 23:41:38,682 : INFO : coil.c_trough_eject : Pulsing Driver for 10ms (0.75 pulse_power)
2025-10-24 23:41:41,678 : INFO : EventManager : Event: ======'balldevice_bd_trough_ball_eject_failed'====== Args={'target': <ball_device.bd_plunger>, 'balls': 1, 'retry': True, 'num_attempts': 35}
2025-10-24 23:41:41,679 : INFO : ball_device.bd_trough : State: waiting_for_target_ready
2025-10-24 23:41:41,679 : INFO : EventManager : Event: ======'balldevice_bd_trough_ball_eject_attempt'====== Args={'balls': 1, 'target': <ball_device.bd_plunger>, 'source': <ball_device.bd_trough>, 'mechanical_eject': True, 'num_attempts': 35}
2025-10-24 23:41:41,680 : INFO : ball_device.bd_trough : State: ejecting
2025-10-24 23:41:41,680 : INFO : ball_device.bd_trough : Ejecting ball to <ball_device.bd_plunger>
2025-10-24 23:41:41,680 : INFO : EventManager : Event: ======'balldevice_bd_trough_ejecting_ball'====== Args={'balls': 1, 'target': <ball_device.bd_plunger>, 'source': <ball_device.bd_trough>, 'mechanical_eject': True, 'num_attempts': 35}
2025-10-24 23:41:41,680 : INFO : ball_device.bd_trough : Wait for ball to leave device
2025-10-24 23:41:41,682 : INFO : coil.c_trough_eject : Pulsing Driver for 10ms (0.75 pulse_power)
2025-10-24 23:41:44,680 : INFO : EventManager : Event: ======'balldevice_bd_trough_ball_eject_failed'====== Args={'target': <ball_device.bd_plunger>, 'balls': 1, 'retry': True, 'num_attempts': 36}
2025-10-24 23:41:44,681 : INFO : ball_device.bd_trough : State: waiting_for_target_ready
2025-10-24 23:41:44,682 : INFO : EventManager : Event: ======'balldevice_bd_trough_ball_eject_attempt'====== Args={'balls': 1, 'target': <ball_device.bd_plunger>, 'source': <ball_device.bd_trough>, 'mechanical_eject': True, 'num_attempts': 36}
2025-10-24 23:41:44,682 : INFO : ball_device.bd_trough : State: ejecting
2025-10-24 23:41:44,682 : INFO : ball_device.bd_trough : Ejecting ball to <ball_device.bd_plunger>
2025-10-24 23:41:44,682 : INFO : EventManager : Event: ======'balldevice_bd_trough_ejecting_ball'====== Args={'balls': 1, 'target': <ball_device.bd_plunger>, 'source': <ball_device.bd_trough>, 'mechanical_eject': True, 'num_attempts': 36}
2025-10-24 23:41:44,683 : INFO : ball_device.bd_trough : Wait for ball to leave device
2025-10-24 23:41:44,684 : INFO : coil.c_trough_eject : Pulsing Driver for 10ms (0.75 pulse_power)
2025-10-24 23:41:47,688 : INFO : EventManager : Event: ======'balldevice_bd_trough_ball_eject_failed'====== Args={'target': <ball_device.bd_plunger>, 'balls': 1, 'retry': True, 'num_attempts': 37}
2025-10-24 23:41:47,689 : INFO : ball_device.bd_trough : State: waiting_for_target_ready
2025-10-24 23:41:47,689 : INFO : EventManager : Event: ======'balldevice_bd_trough_ball_eject_attempt'====== Args={'balls': 1, 'target': <ball_device.bd_plunger>, 'source': <ball_device.bd_trough>, 'mechanical_eject': True, 'num_attempts': 37}
2025-10-24 23:41:47,690 : INFO : ball_device.bd_trough : State: ejecting
2025-10-24 23:41:47,690 : INFO : ball_device.bd_trough : Ejecting ball to <ball_device.bd_plunger>
2025-10-24 23:41:47,690 : INFO : EventManager : Event: ======'balldevice_bd_trough_ejecting_ball'====== Args={'balls': 1, 'target': <ball_device.bd_plunger>, 'source': <ball_device.bd_trough>, 'mechanical_eject': True, 'num_attempts': 37}
2025-10-24 23:41:47,692 : INFO : ball_device.bd_trough : Wait for ball to leave device
2025-10-24 23:41:47,692 : INFO : coil.c_trough_eject : Pulsing Driver for 10ms (0.75 pulse_power)
2025-10-24 23:41:50,699 : INFO : EventManager : Event: ======'balldevice_bd_trough_ball_eject_failed'====== Args={'target': <ball_device.bd_plunger>, 'balls': 1, 'retry': True, 'num_attempts': 38}
2025-10-24 23:41:50,700 : INFO : ball_device.bd_trough : State: waiting_for_target_ready
2025-10-24 23:41:50,700 : INFO : EventManager : Event: ======'balldevice_bd_trough_ball_eject_attempt'====== Args={'balls': 1, 'target': <ball_device.bd_plunger>, 'source': <ball_device.bd_trough>, 'mechanical_eject': True, 'num_attempts': 38}
2025-10-24 23:41:50,701 : INFO : ball_device.bd_trough : State: ejecting
2025-10-24 23:41:50,701 : INFO : ball_device.bd_trough : Ejecting ball to <ball_device.bd_plunger>
2025-10-24 23:41:50,701 : INFO : EventManager : Event: ======'balldevice_bd_trough_ejecting_ball'====== Args={'balls': 1, 'target': <ball_device.bd_plunger>, 'source': <ball_device.bd_trough>, 'mechanical_eject': True, 'num_attempts': 38}
2025-10-24 23:41:50,702 : INFO : ball_device.bd_trough : Wait for ball to leave device
2025-10-24 23:41:50,702 : INFO : coil.c_trough_eject : Pulsing Driver for 10ms (0.75 pulse_power)
2025-10-24 23:41:53,703 : INFO : EventManager : Event: ======'balldevice_bd_trough_ball_eject_failed'====== Args={'target': <ball_device.bd_plunger>, 'balls': 1, 'retry': True, 'num_attempts': 39}
2025-10-24 23:41:53,704 : INFO : ball_device.bd_trough : State: waiting_for_target_ready
2025-10-24 23:41:53,704 : INFO : EventManager : Event: ======'balldevice_bd_trough_ball_eject_attempt'====== Args={'balls': 1, 'target': <ball_device.bd_plunger>, 'source': <ball_device.bd_trough>, 'mechanical_eject': True, 'num_attempts': 39}
2025-10-24 23:41:53,704 : INFO : ball_device.bd_trough : State: ejecting
2025-10-24 23:41:53,706 : INFO : ball_device.bd_trough : Ejecting ball to <ball_device.bd_plunger>
2025-10-24 23:41:53,706 : INFO : EventManager : Event: ======'balldevice_bd_trough_ejecting_ball'====== Args={'balls': 1, 'target': <ball_device.bd_plunger>, 'source': <ball_device.bd_trough>, 'mechanical_eject': True, 'num_attempts': 39}
2025-10-24 23:41:53,706 : INFO : ball_device.bd_trough : Wait for ball to leave device
2025-10-24 23:41:53,707 : INFO : coil.c_trough_eject : Pulsing Driver for 10ms (0.75 pulse_power)
2025-10-24 23:41:56,722 : INFO : EventManager : Event: ======'balldevice_bd_trough_ball_eject_failed'====== Args={'target': <ball_device.bd_plunger>, 'balls': 1, 'retry': True, 'num_attempts': 40}
2025-10-24 23:41:56,722 : INFO : ball_device.bd_trough : State: waiting_for_target_ready
2025-10-24 23:41:56,723 : INFO : EventManager : Event: ======'balldevice_bd_trough_ball_eject_attempt'====== Args={'balls': 1, 'target': <ball_device.bd_plunger>, 'source': <ball_device.bd_trough>, 'mechanical_eject': True, 'num_attempts': 40}
2025-10-24 23:41:56,723 : INFO : ball_device.bd_trough : State: ejecting
2025-10-24 23:41:56,723 : INFO : ball_device.bd_trough : Ejecting ball to <ball_device.bd_plunger>
2025-10-24 23:41:56,723 : INFO : EventManager : Event: ======'balldevice_bd_trough_ejecting_ball'====== Args={'balls': 1, 'target': <ball_device.bd_plunger>, 'source': <ball_device.bd_trough>, 'mechanical_eject': True, 'num_attempts': 40}
2025-10-24 23:41:56,725 : INFO : ball_device.bd_trough : Wait for ball to leave device
2025-10-24 23:41:56,726 : INFO : coil.c_trough_eject : Pulsing Driver for 10ms (0.75 pulse_power)
2025-10-24 23:41:59,724 : INFO : EventManager : Event: ======'balldevice_bd_trough_ball_eject_failed'====== Args={'target': <ball_device.bd_plunger>, 'balls': 1, 'retry': True, 'num_attempts': 41}
2025-10-24 23:41:59,725 : INFO : ball_device.bd_trough : State: waiting_for_target_ready
2025-10-24 23:41:59,725 : INFO : EventManager : Event: ======'balldevice_bd_trough_ball_eject_attempt'====== Args={'balls': 1, 'target': <ball_device.bd_plunger>, 'source': <ball_device.bd_trough>, 'mechanical_eject': True, 'num_attempts': 41}
2025-10-24 23:41:59,726 : INFO : ball_device.bd_trough : State: ejecting
2025-10-24 23:41:59,726 : INFO : ball_device.bd_trough : Ejecting ball to <ball_device.bd_plunger>
2025-10-24 23:41:59,726 : INFO : EventManager : Event: ======'balldevice_bd_trough_ejecting_ball'====== Args={'balls': 1, 'target': <ball_device.bd_plunger>, 'source': <ball_device.bd_trough>, 'mechanical_eject': True, 'num_attempts': 41}
2025-10-24 23:41:59,727 : INFO : ball_device.bd_trough : Wait for ball to leave device
2025-10-24 23:41:59,727 : INFO : coil.c_trough_eject : Pulsing Driver for 10ms (0.75 pulse_power)
2025-10-24 23:42:02,723 : INFO : EventManager : Event: ======'balldevice_bd_trough_ball_eject_failed'====== Args={'target': <ball_device.bd_plunger>, 'balls': 1, 'retry': True, 'num_attempts': 42}
2025-10-24 23:42:02,724 : INFO : ball_device.bd_trough : State: waiting_for_target_ready
2025-10-24 23:42:02,725 : INFO : EventManager : Event: ======'balldevice_bd_trough_ball_eject_attempt'====== Args={'balls': 1, 'target': <ball_device.bd_plunger>, 'source': <ball_device.bd_trough>, 'mechanical_eject': True, 'num_attempts': 42}
2025-10-24 23:42:02,725 : INFO : ball_device.bd_trough : State: ejecting
2025-10-24 23:42:02,725 : INFO : ball_device.bd_trough : Ejecting ball to <ball_device.bd_plunger>
2025-10-24 23:42:02,725 : INFO : EventManager : Event: ======'balldevice_bd_trough_ejecting_ball'====== Args={'balls': 1, 'target': <ball_device.bd_plunger>, 'source': <ball_device.bd_trough>, 'mechanical_eject': True, 'num_attempts': 42}
2025-10-24 23:42:02,726 : INFO : ball_device.bd_trough : Wait for ball to leave device
2025-10-24 23:42:02,726 : INFO : coil.c_trough_eject : Pulsing Driver for 10ms (0.75 pulse_power)
2025-10-24 23:42:05,751 : INFO : EventManager : Event: ======'balldevice_bd_trough_ball_eject_failed'====== Args={'target': <ball_device.bd_plunger>, 'balls': 1, 'retry': True, 'num_attempts': 43}
2025-10-24 23:42:05,751 : INFO : ball_device.bd_trough : State: waiting_for_target_ready
2025-10-24 23:42:05,753 : INFO : EventManager : Event: ======'balldevice_bd_trough_ball_eject_attempt'====== Args={'balls': 1, 'target': <ball_device.bd_plunger>, 'source': <ball_device.bd_trough>, 'mechanical_eject': True, 'num_attempts': 43}
2025-10-24 23:42:05,753 : INFO : ball_device.bd_trough : State: ejecting
2025-10-24 23:42:05,754 : INFO : ball_device.bd_trough : Ejecting ball to <ball_device.bd_plunger>
2025-10-24 23:42:05,754 : INFO : EventManager : Event: ======'balldevice_bd_trough_ejecting_ball'====== Args={'balls': 1, 'target': <ball_device.bd_plunger>, 'source': <ball_device.bd_trough>, 'mechanical_eject': True, 'num_attempts': 43}
2025-10-24 23:42:05,755 : INFO : ball_device.bd_trough : Wait for ball to leave device
2025-10-24 23:42:05,755 : INFO : coil.c_trough_eject : Pulsing Driver for 10ms (0.75 pulse_power)
2025-10-24 23:42:08,750 : INFO : EventManager : Event: ======'balldevice_bd_trough_ball_eject_failed'====== Args={'target': <ball_device.bd_plunger>, 'balls': 1, 'retry': True, 'num_attempts': 44}
2025-10-24 23:42:08,751 : INFO : ball_device.bd_trough : State: waiting_for_target_ready
2025-10-24 23:42:08,751 : INFO : EventManager : Event: ======'balldevice_bd_trough_ball_eject_attempt'====== Args={'balls': 1, 'target': <ball_device.bd_plunger>, 'source': <ball_device.bd_trough>, 'mechanical_eject': True, 'num_attempts': 44}
2025-10-24 23:42:08,752 : INFO : ball_device.bd_trough : State: ejecting
2025-10-24 23:42:08,752 : INFO : ball_device.bd_trough : Ejecting ball to <ball_device.bd_plunger>
2025-10-24 23:42:08,752 : INFO : EventManager : Event: ======'balldevice_bd_trough_ejecting_ball'====== Args={'balls': 1, 'target': <ball_device.bd_plunger>, 'source': <ball_device.bd_trough>, 'mechanical_eject': True, 'num_attempts': 44}
2025-10-24 23:42:08,753 : INFO : ball_device.bd_trough : Wait for ball to leave device
2025-10-24 23:42:08,753 : INFO : coil.c_trough_eject : Pulsing Driver for 10ms (0.75 pulse_power)
2025-10-24 23:42:09,946 : INFO : Machine : Shutting down...
2025-10-24 23:42:09,946 : INFO : EventManager : Event: ======'shutdown'====== Args={}
2025-10-24 23:42:09,948 : INFO : EventManager : Event: ======'mode_game_will_stop'====== Args={}
2025-10-24 23:42:09,948 : INFO : EventManager : Event: ======'mode_game_stopping'====== Args={}
2025-10-24 23:42:09,949 : INFO : EventManager : Event: ======'mode_base_will_stop'====== Args={}
2025-10-24 23:42:09,949 : INFO : EventManager : Event: ======'mode_base_stopping'====== Args={}
2025-10-24 23:42:09,949 : INFO : EventManager : Event: ======'mode_pilot_mission_qualifier_will_stop'====== Args={}
2025-10-24 23:42:09,949 : INFO : EventManager : Event: ======'mode_pilot_mission_qualifier_stopping'====== Args={}
2025-10-24 23:42:09,949 : INFO : EventManager : Event: ======'mode_bumpers_will_stop'====== Args={}
2025-10-24 23:42:09,950 : INFO : EventManager : Event: ======'mode_bumpers_stopping'====== Args={}
2025-10-24 23:42:09,950 : INFO : EventManager : Event: ======'stop_mode_bumpers'====== Args={'priority': 0}
2025-10-24 23:42:09,950 : INFO : Mode.bumpers : Stopped.
2025-10-24 23:42:09,950 : INFO : EventManager : Event: ======'modes_active_modes_changed'====== Args={}
2025-10-24 23:42:09,950 : INFO : EventManager : Event: ======'mode_bumpers_stopped'====== Args={}
2025-10-24 23:42:09,950 : INFO : EventManager : Event: ======'clear'====== Args={'key': 'bumpers'}
2025-10-24 23:42:09,951 : INFO : Mode.pilot_mission_qualifier : Stopped.
2025-10-24 23:42:09,951 : INFO : EventManager : Event: ======'modes_active_modes_changed'====== Args={}
2025-10-24 23:42:09,953 : INFO : EventManager : Event: ======'mode_pilot_mission_qualifier_stopped'====== Args={}
2025-10-24 23:42:09,953 : INFO : EventManager : Event: ======'clear'====== Args={'key': 'pilot_mission_qualifier'}
2025-10-24 23:42:09,953 : INFO : Mode.base : Stopped.
2025-10-24 23:42:09,953 : INFO : EventManager : Event: ======'modes_active_modes_changed'====== Args={}
2025-10-24 23:42:09,953 : INFO : EventManager : Event: ======'mode_base_stopped'====== Args={}
2025-10-24 23:42:09,953 : INFO : EventManager : Event: ======'clear'====== Args={'key': 'base'}
2025-10-24 23:42:09,953 : INFO : Mode.game : Stopped.
2025-10-24 23:42:09,953 : INFO : EventManager : Event: ======'modes_active_modes_changed'====== Args={}
2025-10-24 23:42:09,954 : INFO : EventManager : Event: ======'mode_game_stopped'====== Args={}
2025-10-24 23:42:09,954 : INFO : EventManager : Event: ======'clear'====== Args={'key': 'game'}
2025-10-24 23:42:09,958 : INFO : root : MPF run loop ended.
