2025-09-24 16:28:08,099 : INFO : root : Loading config.
2025-09-24 16:28:08,103 : INFO : YamlMultifileConfigLoader : Machine config file #1: config.yaml
2025-09-24 16:28:08,104 : INFO : ConfigProcessor : Loading config from cache: C:\Users\White\AppData\Local\Temp\cfa6ecba65704a931c9dd214c44986c8.mpf_cache
2025-09-24 16:28:08,212 : INFO : ConfigProcessor : Loading config from cache: C:\Users\White\AppData\Local\Temp\f98ffc0ff5962effface7d86bc406d5c.mpf_cache
2025-09-24 16:28:08,213 : INFO : ConfigProcessor : Loading config from cache: C:\Users\White\AppData\Local\Temp\91cc4d1c993c58dc354e34974b9cfeac.mpf_cache
2025-09-24 16:28:08,214 : INFO : ConfigProcessor : Loading config from cache: C:\Users\White\AppData\Local\Temp\f98ffc0ff5962effface7d86bc406d5c.mpf_cache
2025-09-24 16:28:08,214 : INFO : ConfigProcessor : Loading config from cache: C:\Users\White\AppData\Local\Temp\76792f1d686f89709887dba7bd69667a.mpf_cache
2025-09-24 16:28:08,215 : INFO : ConfigProcessor : Loading config from cache: C:\Users\White\AppData\Local\Temp\142bbae4707335cc8e3efaa4364c4893.mpf_cache
2025-09-24 16:28:08,215 : WARNING : ConfigProcessor : Config file in cache changed: C:\Users\White\Documents\Top_Gun_Pinball\modes\skillshot\config\skillshot.yaml
2025-09-24 16:28:08,215 : INFO : ConfigProcessor : Loading config from file C:\Users\White\Documents\Top_Gun_Pinball\modes\skillshot\config\skillshot.yaml.
2025-09-24 16:28:08,222 : INFO : ConfigProcessor : Loading config: C:\Users\White\Documents\Top_Gun_Pinball\modes\skillshot\config\skillshot.yaml
2025-09-24 16:28:08,222 : INFO : ConfigProcessor : Config file cache created: C:\Users\White\AppData\Local\Temp\0f5f0ac41d1a2672d0d32cef2b12699e.mpf_cache
2025-09-24 16:28:08,223 : INFO : ConfigProcessor : Loading config from cache: C:\Users\White\AppData\Local\Temp\82e20c7c6490dd2e5fed726a3aa8d652.mpf_cache
2025-09-24 16:28:08,224 : INFO : ConfigProcessor : Loading config from cache: C:\Users\White\AppData\Local\Temp\359114d5ba2a6ad6c93d1559776bbb30.mpf_cache
2025-09-24 16:28:08,226 : INFO : ConfigProcessor : Loading config from cache: C:\Users\White\AppData\Local\Temp\d421369d6df802e4e6f8aa58f446b1a6.mpf_cache
2025-09-24 16:28:08,227 : INFO : ConfigProcessor : Loading config from cache: C:\Users\White\AppData\Local\Temp\310aa541ce6545037d37da470e7bd790.mpf_cache
2025-09-24 16:28:08,229 : INFO : ConfigProcessor : Loading config from cache: C:\Users\White\AppData\Local\Temp\2151caa0419aeb1e56d3d8934477383e.mpf_cache
2025-09-24 16:28:08,231 : INFO : ConfigProcessor : Loading config from cache: C:\Users\White\AppData\Local\Temp\17003635873251b4f6841bf4ab3bdcdd.mpf_cache
2025-09-24 16:28:08,232 : INFO : ConfigProcessor : Loading config from cache: C:\Users\White\AppData\Local\Temp\f70c640a816343cb9040222d7a9269d3.mpf_cache
2025-09-24 16:28:08,233 : INFO : ConfigProcessor : Loading config from cache: C:\Users\White\AppData\Local\Temp\30922048be1d0c17ea15fc75f7fbfe10.mpf_cache
2025-09-24 16:28:08,236 : INFO : ConfigProcessor : Loading config from cache: C:\Users\White\AppData\Local\Temp\58d7809d3d969de03aaf131fc45863f8.mpf_cache
2025-09-24 16:28:08,236 : INFO : Machine : Mission Pinball Framework Core Engine v0.80.0.dev9
2025-09-24 16:28:08,236 : INFO : Machine : Command line arguments: {'no_load_cache': False, 'create_config_cache': True, 'bcp': True, 'configfile': ['config.yaml'], 'force_assets_load': False, 'platform_integration_test': False, 'jsonlogging': False, 'logfile': 'logs\\2025-09-24-16-28-08-mpf-TopGunPinball.log', 'pause': False, 'production': False, 'text_ui': False, 'loglevel': 15, 'consoleloglevel': 20, 'force_platform': 'virtual', 'syslog_address': None, 'full_logfile_path': 'C:\\Users\\White\\Documents\\Top_Gun_Pinball\\logs\\2025-09-24-16-28-08-mpf-TopGunPinball.log'}
2025-09-24 16:28:08,236 : INFO : Machine : MPF path: C:\Users\White\mpf\Lib\site-packages\mpf
2025-09-24 16:28:08,237 : INFO : Machine : Machine path: C:\Users\White\Documents\Top_Gun_Pinball
2025-09-24 16:28:08,237 : INFO : Machine : Platform: win32
2025-09-24 16:28:08,237 : INFO : Machine : Python executable location: C:\Users\White\mpf\Scripts\python.exe
2025-09-24 16:28:08,237 : INFO : Machine : Python version: 3.12.7 (64-bit)
2025-09-24 16:28:08,239 : INFO : Machine : Initializing MPF...
2025-09-24 16:28:08,331 : INFO : EventManager : Event: ======'machine_var_credits_string'====== Args={'value': 'FREE PLAY', 'prev_value': None, 'change': True}
2025-09-24 16:28:08,357 : INFO : EventManager : Event: ======'machine_var_master_volume'====== Args={'value': 0.5, 'prev_value': None, 'change': True}
2025-09-24 16:28:08,357 : INFO : EventManager : Event: ======'machine_var_player1_score'====== Args={'value': 61000, 'prev_value': None, 'change': True}
2025-09-24 16:28:08,357 : INFO : EventManager : Event: ======'machine_var_player2_score'====== Args={'value': 73000, 'prev_value': None, 'change': True}
2025-09-24 16:28:08,357 : INFO : EventManager : Event: ======'machine_var_mpf_version'====== Args={'value': 'Mission Pinball Framework v0.80.0.dev9', 'prev_value': None, 'change': True}
2025-09-24 16:28:08,357 : INFO : EventManager : Event: ======'machine_var_mpf_extended_version'====== Args={'value': 'Mission Pinball Framework v0.80.0.dev9, Config version:6, Show version: 6, BCP version:1.1', 'prev_value': None, 'change': True}
2025-09-24 16:28:08,357 : INFO : EventManager : Event: ======'machine_var_python_version'====== Args={'value': '3.12.7', 'prev_value': None, 'change': True}
2025-09-24 16:28:08,502 : INFO : EventManager : Event: ======'machine_var_platform'====== Args={'value': 'Windows-11-10.0.26100-SP0', 'prev_value': None, 'change': True}
2025-09-24 16:28:08,502 : INFO : EventManager : Event: ======'machine_var_platform_system'====== Args={'value': 'Windows', 'prev_value': None, 'change': True}
2025-09-24 16:28:08,503 : INFO : EventManager : Event: ======'machine_var_platform_release'====== Args={'value': '11', 'prev_value': None, 'change': True}
2025-09-24 16:28:08,503 : INFO : EventManager : Event: ======'machine_var_platform_version'====== Args={'value': '10.0.26100', 'prev_value': None, 'change': True}
2025-09-24 16:28:08,503 : INFO : EventManager : Event: ======'machine_var_platform_machine'====== Args={'value': 'AMD64', 'prev_value': None, 'change': True}
2025-09-24 16:28:08,503 : INFO : EventManager : Event: ======'machine_var_log_file_path'====== Args={'value': 'C:\\Users\\White\\Documents\\Top_Gun_Pinball\\logs\\2025-09-24-16-28-08-mpf-TopGunPinball.log', 'prev_value': None, 'change': True}
2025-09-24 16:28:08,503 : INFO : EventManager : Event: ======'init_phase_1'====== Args={}
2025-09-24 16:28:08,549 : INFO : EventManager : Event: ======'init_phase_2'====== Args={}
2025-09-24 16:28:08,549 : INFO : SwitchController : Found active switch: ('playfield_board_lower-3208-0', <Platform.Virtual>) <switch.s_trough_1>
2025-09-24 16:28:08,549 : INFO : SwitchController : Found active switch: ('playfield_board_lower-3208-1', <Platform.Virtual>) <switch.s_trough_2>
2025-09-24 16:28:08,549 : INFO : SwitchController : Found active switch: ('playfield_board_lower-3208-2', <Platform.Virtual>) <switch.s_trough_3>
2025-09-24 16:28:08,549 : INFO : SwitchController : Found active switch: ('playfield_board_lower-3208-3', <Platform.Virtual>) <switch.s_trough_4>
2025-09-24 16:28:08,550 : INFO : SwitchController : Found active switch: ('playfield_board_lower-3208-4', <Platform.Virtual>) <switch.s_trough_5>
2025-09-24 16:28:08,550 : INFO : SwitchController : Found active switch: ('playfield_board_lower-3208-5', <Platform.Virtual>) <switch.s_trough_6>
2025-09-24 16:28:08,553 : INFO : EventManager : Event: ======'bcp_connection_attempt'====== Args={'name': 'local_display', 'host': 'localhost', 'port': 5050}
2025-09-24 16:28:08,555 : INFO : BCPClientSocket : Connecting BCP to 'local_display' at localhost:5050...
2025-09-24 16:28:08,567 : INFO : BCPClientSocket : Connected BCP to 'local_display' localhost:5050
2025-09-24 16:28:08,568 : INFO : EventManager : Event: ======'bcp_clients_connected'====== Args={}
2025-09-24 16:28:08,568 : INFO : ball_device.bd_plunger : BCH: Initial count: 0
2025-09-24 16:28:08,568 : INFO : ball_device.bd_plunger : State: idle
2025-09-24 16:28:08,569 : INFO : ball_device.bd_trough : BCH: Initial count: 6
2025-09-24 16:28:08,569 : INFO : ball_device.bd_trough : State: idle
2025-09-24 16:28:08,569 : INFO : ball_device.bd_lock_elevator : BCH: Initial count: 0
2025-09-24 16:28:08,569 : INFO : ball_device.bd_lock_elevator : State: idle
2025-09-24 16:28:08,570 : INFO : ball_device.bd_mode_scoop : BCH: Initial count: 0
2025-09-24 16:28:08,570 : INFO : ball_device.bd_mode_scoop : State: idle
2025-09-24 16:28:08,600 : INFO : EventManager : Event: ======'init_phase_3'====== Args={}
2025-09-24 16:28:09,149 : INFO : EventManager : Event: ======'init_phase_4'====== Args={}
2025-09-24 16:28:09,150 : INFO : BallController : Initial balls found: 6
2025-09-24 16:28:09,151 : INFO : EventManager : Event: ======'machine_var_audits_events_game_ended'====== Args={'value': 1, 'prev_value': None, 'change': True}
2025-09-24 16:28:09,151 : INFO : EventManager : Event: ======'machine_var_audits_events_game_started'====== Args={'value': 144, 'prev_value': None, 'change': True}
2025-09-24 16:28:09,151 : INFO : EventManager : Event: ======'machine_var_audits_missing_switches_s_a_iceman_target'====== Args={'value': 10, 'prev_value': None, 'change': True}
2025-09-24 16:28:09,151 : INFO : EventManager : Event: ======'machine_var_audits_missing_switches_s_barrier_target'====== Args={'value': 28, 'prev_value': None, 'change': True}
2025-09-24 16:28:09,152 : INFO : EventManager : Event: ======'machine_var_audits_missing_switches_s_bumper_center'====== Args={'value': 5, 'prev_value': None, 'change': True}
2025-09-24 16:28:09,152 : INFO : EventManager : Event: ======'machine_var_audits_missing_switches_s_bumper_left'====== Args={'value': 5, 'prev_value': None, 'change': True}
2025-09-24 16:28:09,152 : INFO : EventManager : Event: ======'machine_var_audits_missing_switches_s_bumper_right'====== Args={'value': 5, 'prev_value': None, 'change': True}
2025-09-24 16:28:09,152 : INFO : EventManager : Event: ======'machine_var_audits_missing_switches_s_c_iceman_target'====== Args={'value': 22, 'prev_value': None, 'change': True}
2025-09-24 16:28:09,152 : INFO : EventManager : Event: ======'machine_var_audits_missing_switches_s_c_lock_target'====== Args={'value': 28, 'prev_value': None, 'change': True}
2025-09-24 16:28:09,152 : INFO : EventManager : Event: ======'machine_var_audits_missing_switches_s_coin_door'====== Args={'value': 31, 'prev_value': None, 'change': True}
2025-09-24 16:28:09,152 : INFO : EventManager : Event: ======'machine_var_audits_missing_switches_s_coin_door_service_1'====== Args={'value': 31, 'prev_value': None, 'change': True}
2025-09-24 16:28:09,152 : INFO : EventManager : Event: ======'machine_var_audits_missing_switches_s_coin_door_service_2'====== Args={'value': 31, 'prev_value': None, 'change': True}
2025-09-24 16:28:09,152 : INFO : EventManager : Event: ======'machine_var_audits_missing_switches_s_coin_door_service_3'====== Args={'value': 31, 'prev_value': None, 'change': True}
2025-09-24 16:28:09,152 : INFO : EventManager : Event: ======'machine_var_audits_missing_switches_s_coin_door_service_4'====== Args={'value': 31, 'prev_value': None, 'change': True}
2025-09-24 16:28:09,152 : INFO : EventManager : Event: ======'machine_var_audits_missing_switches_s_e_iceman_target'====== Args={'value': 23, 'prev_value': None, 'change': True}
2025-09-24 16:28:09,152 : INFO : EventManager : Event: ======'machine_var_audits_missing_switches_s_flight_gear_target'====== Args={'value': 28, 'prev_value': None, 'change': True}
2025-09-24 16:28:09,152 : INFO : EventManager : Event: ======'machine_var_audits_missing_switches_s_flipper_left'====== Args={'value': 89, 'prev_value': None, 'change': True}
2025-09-24 16:28:09,153 : INFO : EventManager : Event: ======'machine_var_audits_missing_switches_s_flipper_left_eos'====== Args={'value': 91, 'prev_value': None, 'change': True}
2025-09-24 16:28:09,153 : INFO : EventManager : Event: ======'machine_var_audits_missing_switches_s_flipper_left_upper'====== Args={'value': 93, 'prev_value': None, 'change': True}
2025-09-24 16:28:09,153 : INFO : EventManager : Event: ======'machine_var_audits_missing_switches_s_flipper_left_upper_eos'====== Args={'value': 91, 'prev_value': None, 'change': True}
2025-09-24 16:28:09,153 : INFO : EventManager : Event: ======'machine_var_audits_missing_switches_s_flipper_right'====== Args={'value': 27, 'prev_value': None, 'change': True}
2025-09-24 16:28:09,153 : INFO : EventManager : Event: ======'machine_var_audits_missing_switches_s_flipper_right_eos'====== Args={'value': 91, 'prev_value': None, 'change': True}
2025-09-24 16:28:09,153 : INFO : EventManager : Event: ======'machine_var_audits_missing_switches_s_i_iceman_target'====== Args={'value': 28, 'prev_value': None, 'change': True}
2025-09-24 16:28:09,153 : INFO : EventManager : Event: ======'machine_var_audits_missing_switches_s_inlane_left'====== Args={'value': 24, 'prev_value': None, 'change': True}
2025-09-24 16:28:09,153 : INFO : EventManager : Event: ======'machine_var_audits_missing_switches_s_inner_inlane_right'====== Args={'value': 28, 'prev_value': None, 'change': True}
2025-09-24 16:28:09,153 : INFO : EventManager : Event: ======'machine_var_audits_missing_switches_s_jam'====== Args={'value': 30, 'prev_value': None, 'change': True}
2025-09-24 16:28:09,153 : INFO : EventManager : Event: ======'machine_var_audits_missing_switches_s_k_lock_target'====== Args={'value': 28, 'prev_value': None, 'change': True}
2025-09-24 16:28:09,153 : INFO : EventManager : Event: ======'machine_var_audits_missing_switches_s_l_lock_target'====== Args={'value': 28, 'prev_value': None, 'change': True}
2025-09-24 16:28:09,153 : INFO : EventManager : Event: ======'machine_var_audits_missing_switches_s_lane_left'====== Args={'value': 143, 'prev_value': None, 'change': True}
2025-09-24 16:28:09,153 : INFO : EventManager : Event: ======'machine_var_audits_missing_switches_s_lock_goose'====== Args={'value': 93, 'prev_value': None, 'change': True}
2025-09-24 16:28:09,153 : INFO : EventManager : Event: ======'machine_var_audits_missing_switches_s_lock_mav'====== Args={'value': 93, 'prev_value': None, 'change': True}
2025-09-24 16:28:09,154 : INFO : EventManager : Event: ======'machine_var_audits_missing_switches_s_lock_plunger'====== Args={'value': 93, 'prev_value': None, 'change': True}
2025-09-24 16:28:09,154 : INFO : EventManager : Event: ======'machine_var_audits_missing_switches_s_m_iceman_target'====== Args={'value': 18, 'prev_value': None, 'change': True}
2025-09-24 16:28:09,154 : INFO : EventManager : Event: ======'machine_var_audits_missing_switches_s_mig_lane_right'====== Args={'value': 5, 'prev_value': None, 'change': True}
2025-09-24 16:28:09,154 : INFO : EventManager : Event: ======'machine_var_audits_missing_switches_s_mode_start'====== Args={'value': 93, 'prev_value': None, 'change': True}
2025-09-24 16:28:09,154 : INFO : EventManager : Event: ======'machine_var_audits_missing_switches_s_n_iceman_target'====== Args={'value': 10, 'prev_value': None, 'change': True}
2025-09-24 16:28:09,154 : INFO : EventManager : Event: ======'machine_var_audits_missing_switches_s_o_lock_target'====== Args={'value': 28, 'prev_value': None, 'change': True}
2025-09-24 16:28:09,154 : INFO : EventManager : Event: ======'machine_var_audits_missing_switches_s_orbit_left'====== Args={'value': 5, 'prev_value': None, 'change': True}
2025-09-24 16:28:09,154 : INFO : EventManager : Event: ======'machine_var_audits_missing_switches_s_orbit_lower'====== Args={'value': 93, 'prev_value': None, 'change': True}
2025-09-24 16:28:09,154 : INFO : EventManager : Event: ======'machine_var_audits_missing_switches_s_orbit_right'====== Args={'value': 1, 'prev_value': None, 'change': True}
2025-09-24 16:28:09,154 : INFO : EventManager : Event: ======'machine_var_audits_missing_switches_s_orbit_upper'====== Args={'value': 5, 'prev_value': None, 'change': True}
2025-09-24 16:28:09,154 : INFO : EventManager : Event: ======'machine_var_audits_missing_switches_s_outer_inlane_right'====== Args={'value': 26, 'prev_value': None, 'change': True}
2025-09-24 16:28:09,154 : INFO : EventManager : Event: ======'machine_var_audits_missing_switches_s_outlane_left'====== Args={'value': 93, 'prev_value': None, 'change': True}
2025-09-24 16:28:09,154 : INFO : EventManager : Event: ======'machine_var_audits_missing_switches_s_outlane_right'====== Args={'value': 30, 'prev_value': None, 'change': True}
2025-09-24 16:28:09,154 : INFO : EventManager : Event: ======'machine_var_audits_missing_switches_s_plunger_lane'====== Args={'value': 10, 'prev_value': None, 'change': True}
2025-09-24 16:28:09,154 : INFO : EventManager : Event: ======'machine_var_audits_missing_switches_s_ramp_inner_exit'====== Args={'value': 93, 'prev_value': None, 'change': True}
2025-09-24 16:28:09,155 : INFO : EventManager : Event: ======'machine_var_audits_missing_switches_s_ramp_left_exit'====== Args={'value': 93, 'prev_value': None, 'change': True}
2025-09-24 16:28:09,155 : INFO : EventManager : Event: ======'machine_var_audits_missing_switches_s_ramp_right_exit'====== Args={'value': 93, 'prev_value': None, 'change': True}
2025-09-24 16:28:09,155 : INFO : EventManager : Event: ======'machine_var_audits_missing_switches_s_ramp_tower_exit'====== Args={'value': 93, 'prev_value': None, 'change': True}
2025-09-24 16:28:09,155 : INFO : EventManager : Event: ======'machine_var_audits_missing_switches_s_slingshot_left'====== Args={'value': 28, 'prev_value': None, 'change': True}
2025-09-24 16:28:09,155 : INFO : EventManager : Event: ======'machine_var_audits_missing_switches_s_slingshot_right'====== Args={'value': 28, 'prev_value': None, 'change': True}
2025-09-24 16:28:09,155 : INFO : EventManager : Event: ======'machine_var_audits_missing_switches_s_spinner'====== Args={'value': 93, 'prev_value': None, 'change': True}
2025-09-24 16:28:09,155 : INFO : EventManager : Event: ======'machine_var_audits_missing_switches_s_start'====== Args={'value': 7, 'prev_value': None, 'change': True}
2025-09-24 16:28:09,155 : INFO : EventManager : Event: ======'machine_var_audits_missing_switches_s_tilt'====== Args={'value': 31, 'prev_value': None, 'change': True}
2025-09-24 16:28:09,155 : INFO : EventManager : Event: ======'machine_var_audits_missing_switches_s_trough_1'====== Args={'value': 69, 'prev_value': None, 'change': True}
2025-09-24 16:28:09,155 : INFO : EventManager : Event: ======'machine_var_audits_missing_switches_s_trough_2'====== Args={'value': 69, 'prev_value': None, 'change': True}
2025-09-24 16:28:09,155 : INFO : EventManager : Event: ======'machine_var_audits_missing_switches_s_trough_3'====== Args={'value': 69, 'prev_value': None, 'change': True}
2025-09-24 16:28:09,155 : INFO : EventManager : Event: ======'machine_var_audits_missing_switches_s_trough_4'====== Args={'value': 144, 'prev_value': None, 'change': True}
2025-09-24 16:28:09,155 : INFO : EventManager : Event: ======'machine_var_audits_missing_switches_s_trough_5'====== Args={'value': 144, 'prev_value': None, 'change': True}
2025-09-24 16:28:09,155 : INFO : EventManager : Event: ======'machine_var_audits_missing_switches_s_trough_6'====== Args={'value': 5, 'prev_value': None, 'change': True}
2025-09-24 16:28:09,155 : INFO : EventManager : Event: ======'machine_var_audits_player_score'====== Args={'value': {'average': 67000, 'top': [73000, 61000], 'total': 2}, 'prev_value': None, 'change': True}
2025-09-24 16:28:09,155 : INFO : EventManager : Event: ======'machine_var_audits_shots_bumper_center'====== Args={'value': 482, 'prev_value': None, 'change': True}
2025-09-24 16:28:09,155 : INFO : EventManager : Event: ======'machine_var_audits_shots_bumper_left'====== Args={'value': 484, 'prev_value': None, 'change': True}
2025-09-24 16:28:09,155 : INFO : EventManager : Event: ======'machine_var_audits_shots_bumper_right'====== Args={'value': 354, 'prev_value': None, 'change': True}
2025-09-24 16:28:09,155 : INFO : EventManager : Event: ======'machine_var_audits_shots_mig_lane_left'====== Args={'value': 9, 'prev_value': None, 'change': True}
2025-09-24 16:28:09,155 : INFO : EventManager : Event: ======'machine_var_audits_shots_mig_lane_right'====== Args={'value': 1, 'prev_value': None, 'change': True}
2025-09-24 16:28:09,155 : INFO : EventManager : Event: ======'machine_var_audits_shots_orbit_upper'====== Args={'value': 3, 'prev_value': None, 'change': True}
2025-09-24 16:28:09,155 : INFO : EventManager : Event: ======'machine_var_audits_switches_s_a_iceman_target'====== Args={'value': 25, 'prev_value': None, 'change': True}
2025-09-24 16:28:09,155 : INFO : EventManager : Event: ======'machine_var_audits_switches_s_barrier_target'====== Args={'value': 6, 'prev_value': None, 'change': True}
2025-09-24 16:28:09,157 : INFO : EventManager : Event: ======'machine_var_audits_switches_s_bumper_center'====== Args={'value': 501, 'prev_value': None, 'change': True}
2025-09-24 16:28:09,157 : INFO : EventManager : Event: ======'machine_var_audits_switches_s_bumper_left'====== Args={'value': 514, 'prev_value': None, 'change': True}
2025-09-24 16:28:09,157 : INFO : EventManager : Event: ======'machine_var_audits_switches_s_bumper_right'====== Args={'value': 360, 'prev_value': None, 'change': True}
2025-09-24 16:28:09,157 : INFO : EventManager : Event: ======'machine_var_audits_switches_s_c_iceman_target'====== Args={'value': 37, 'prev_value': None, 'change': True}
2025-09-24 16:28:09,157 : INFO : EventManager : Event: ======'machine_var_audits_switches_s_c_lock_target'====== Args={'value': 4, 'prev_value': None, 'change': True}
2025-09-24 16:28:09,157 : INFO : EventManager : Event: ======'machine_var_audits_switches_s_coin_door'====== Args={'value': 0, 'prev_value': None, 'change': True}
2025-09-24 16:28:09,157 : INFO : EventManager : Event: ======'machine_var_audits_switches_s_coin_door_service_1'====== Args={'value': 0, 'prev_value': None, 'change': True}
2025-09-24 16:28:09,157 : INFO : EventManager : Event: ======'machine_var_audits_switches_s_coin_door_service_2'====== Args={'value': 0, 'prev_value': None, 'change': True}
2025-09-24 16:28:09,157 : INFO : EventManager : Event: ======'machine_var_audits_switches_s_coin_door_service_3'====== Args={'value': 0, 'prev_value': None, 'change': True}
2025-09-24 16:28:09,157 : INFO : EventManager : Event: ======'machine_var_audits_switches_s_coin_door_service_4'====== Args={'value': 0, 'prev_value': None, 'change': True}
2025-09-24 16:28:09,157 : INFO : EventManager : Event: ======'machine_var_audits_switches_s_e_iceman_target'====== Args={'value': 40, 'prev_value': None, 'change': True}
2025-09-24 16:28:09,157 : INFO : EventManager : Event: ======'machine_var_audits_switches_s_flight_gear_target'====== Args={'value': 6, 'prev_value': None, 'change': True}
2025-09-24 16:28:09,157 : INFO : EventManager : Event: ======'machine_var_audits_switches_s_flipper_left'====== Args={'value': 9, 'prev_value': None, 'change': True}
2025-09-24 16:28:09,157 : INFO : EventManager : Event: ======'machine_var_audits_switches_s_flipper_left_eos'====== Args={'value': 0, 'prev_value': None, 'change': True}
2025-09-24 16:28:09,157 : INFO : EventManager : Event: ======'machine_var_audits_switches_s_flipper_left_upper'====== Args={'value': 0, 'prev_value': None, 'change': True}
2025-09-24 16:28:09,158 : INFO : EventManager : Event: ======'machine_var_audits_switches_s_flipper_left_upper_eos'====== Args={'value': 0, 'prev_value': None, 'change': True}
2025-09-24 16:28:09,158 : INFO : EventManager : Event: ======'machine_var_audits_switches_s_flipper_right'====== Args={'value': 17, 'prev_value': None, 'change': True}
2025-09-24 16:28:09,158 : INFO : EventManager : Event: ======'machine_var_audits_switches_s_flipper_right_eos'====== Args={'value': 0, 'prev_value': None, 'change': True}
2025-09-24 16:28:09,158 : INFO : EventManager : Event: ======'machine_var_audits_switches_s_i_iceman_target'====== Args={'value': 2, 'prev_value': None, 'change': True}
2025-09-24 16:28:09,158 : INFO : EventManager : Event: ======'machine_var_audits_switches_s_inlane_left'====== Args={'value': 53, 'prev_value': None, 'change': True}
2025-09-24 16:28:09,158 : INFO : EventManager : Event: ======'machine_var_audits_switches_s_inner_inlane_right'====== Args={'value': 3, 'prev_value': None, 'change': True}
2025-09-24 16:28:09,158 : INFO : EventManager : Event: ======'machine_var_audits_switches_s_jam'====== Args={'value': 1, 'prev_value': None, 'change': True}
2025-09-24 16:28:09,158 : INFO : EventManager : Event: ======'machine_var_audits_switches_s_k_lock_target'====== Args={'value': 5, 'prev_value': None, 'change': True}
2025-09-24 16:28:09,158 : INFO : EventManager : Event: ======'machine_var_audits_switches_s_l_lock_target'====== Args={'value': 5, 'prev_value': None, 'change': True}
2025-09-24 16:28:09,158 : INFO : EventManager : Event: ======'machine_var_audits_switches_s_lane_left'====== Args={'value': 1, 'prev_value': None, 'change': True}
2025-09-24 16:28:09,158 : INFO : EventManager : Event: ======'machine_var_audits_switches_s_lane_right'====== Args={'value': 8, 'prev_value': None, 'change': True}
2025-09-24 16:28:09,158 : INFO : EventManager : Event: ======'machine_var_audits_switches_s_lock_goose'====== Args={'value': 0, 'prev_value': None, 'change': True}
2025-09-24 16:28:09,158 : INFO : EventManager : Event: ======'machine_var_audits_switches_s_lock_mav'====== Args={'value': 0, 'prev_value': None, 'change': True}
2025-09-24 16:28:09,158 : INFO : EventManager : Event: ======'machine_var_audits_switches_s_lock_plunger'====== Args={'value': 0, 'prev_value': None, 'change': True}
2025-09-24 16:28:09,158 : INFO : EventManager : Event: ======'machine_var_audits_switches_s_m_iceman_target'====== Args={'value': 25, 'prev_value': None, 'change': True}
2025-09-24 16:28:09,158 : INFO : EventManager : Event: ======'machine_var_audits_switches_s_mig_lane_left'====== Args={'value': 21, 'prev_value': None, 'change': True}
2025-09-24 16:28:09,158 : INFO : EventManager : Event: ======'machine_var_audits_switches_s_mig_lane_right'====== Args={'value': 4, 'prev_value': None, 'change': True}
2025-09-24 16:28:09,158 : INFO : EventManager : Event: ======'machine_var_audits_switches_s_mode_start'====== Args={'value': 0, 'prev_value': None, 'change': True}
2025-09-24 16:28:09,158 : INFO : EventManager : Event: ======'machine_var_audits_switches_s_n_iceman_target'====== Args={'value': 33, 'prev_value': None, 'change': True}
2025-09-24 16:28:09,158 : INFO : EventManager : Event: ======'machine_var_audits_switches_s_o_lock_target'====== Args={'value': 5, 'prev_value': None, 'change': True}
2025-09-24 16:28:09,158 : INFO : EventManager : Event: ======'machine_var_audits_switches_s_orbit_left'====== Args={'value': 9, 'prev_value': None, 'change': True}
2025-09-24 16:28:09,158 : INFO : EventManager : Event: ======'machine_var_audits_switches_s_orbit_lower'====== Args={'value': 0, 'prev_value': None, 'change': True}
2025-09-24 16:28:09,158 : INFO : EventManager : Event: ======'machine_var_audits_switches_s_orbit_right'====== Args={'value': 7, 'prev_value': None, 'change': True}
2025-09-24 16:28:09,158 : INFO : EventManager : Event: ======'machine_var_audits_switches_s_orbit_upper'====== Args={'value': 4, 'prev_value': None, 'change': True}
2025-09-24 16:28:09,159 : INFO : EventManager : Event: ======'machine_var_audits_switches_s_outer_inlane_right'====== Args={'value': 5, 'prev_value': None, 'change': True}
2025-09-24 16:28:09,159 : INFO : EventManager : Event: ======'machine_var_audits_switches_s_outlane_left'====== Args={'value': 0, 'prev_value': None, 'change': True}
2025-09-24 16:28:09,159 : INFO : EventManager : Event: ======'machine_var_audits_switches_s_outlane_right'====== Args={'value': 4, 'prev_value': None, 'change': True}
2025-09-24 16:28:09,159 : INFO : EventManager : Event: ======'machine_var_audits_switches_s_plunger_lane'====== Args={'value': 46, 'prev_value': None, 'change': True}
2025-09-24 16:28:09,159 : INFO : EventManager : Event: ======'machine_var_audits_switches_s_ramp_inner_exit'====== Args={'value': 0, 'prev_value': None, 'change': True}
2025-09-24 16:28:09,159 : INFO : EventManager : Event: ======'machine_var_audits_switches_s_ramp_left_exit'====== Args={'value': 0, 'prev_value': None, 'change': True}
2025-09-24 16:28:09,159 : INFO : EventManager : Event: ======'machine_var_audits_switches_s_ramp_right_exit'====== Args={'value': 0, 'prev_value': None, 'change': True}
2025-09-24 16:28:09,159 : INFO : EventManager : Event: ======'machine_var_audits_switches_s_ramp_tower_exit'====== Args={'value': 0, 'prev_value': None, 'change': True}
2025-09-24 16:28:09,159 : INFO : EventManager : Event: ======'machine_var_audits_switches_s_shooter_lane'====== Args={'value': 32, 'prev_value': None, 'change': True}
2025-09-24 16:28:09,159 : INFO : EventManager : Event: ======'machine_var_audits_switches_s_slingshot_left'====== Args={'value': 8, 'prev_value': None, 'change': True}
2025-09-24 16:28:09,159 : INFO : EventManager : Event: ======'machine_var_audits_switches_s_slingshot_right'====== Args={'value': 7, 'prev_value': None, 'change': True}
2025-09-24 16:28:09,159 : INFO : EventManager : Event: ======'machine_var_audits_switches_s_spinner'====== Args={'value': 0, 'prev_value': None, 'change': True}
2025-09-24 16:28:09,159 : INFO : EventManager : Event: ======'machine_var_audits_switches_s_start'====== Args={'value': 138, 'prev_value': None, 'change': True}
2025-09-24 16:28:09,159 : INFO : EventManager : Event: ======'machine_var_audits_switches_s_tilt'====== Args={'value': 0, 'prev_value': None, 'change': True}
2025-09-24 16:28:09,159 : INFO : EventManager : Event: ======'machine_var_audits_switches_s_trough_1'====== Args={'value': 2, 'prev_value': None, 'change': True}
2025-09-24 16:28:09,159 : INFO : EventManager : Event: ======'machine_var_audits_switches_s_trough_2'====== Args={'value': 1, 'prev_value': None, 'change': True}
2025-09-24 16:28:09,159 : INFO : EventManager : Event: ======'machine_var_audits_switches_s_trough_3'====== Args={'value': 1, 'prev_value': None, 'change': True}
2025-09-24 16:28:09,159 : INFO : EventManager : Event: ======'machine_var_audits_switches_s_trough_4'====== Args={'value': 0, 'prev_value': None, 'change': True}
2025-09-24 16:28:09,159 : INFO : EventManager : Event: ======'machine_var_audits_switches_s_trough_5'====== Args={'value': 0, 'prev_value': None, 'change': True}
2025-09-24 16:28:09,159 : INFO : EventManager : Event: ======'machine_var_audits_switches_s_trough_6'====== Args={'value': 72, 'prev_value': None, 'change': True}
2025-09-24 16:28:09,160 : INFO : EventManager : Event: ======'init_phase_5'====== Args={}
2025-09-24 16:28:09,160 : INFO : EventManager : Event: ======'init_done'====== Args={}
2025-09-24 16:28:09,160 : INFO : EventManager : Event: ======'machine_reset_phase_1'====== Args={}
2025-09-24 16:28:09,172 : INFO : EventManager : Event: ======'machine_reset_phase_2'====== Args={}
2025-09-24 16:28:09,173 : INFO : EventManager : Event: ======'machine_reset_phase_3'====== Args={}
2025-09-24 16:28:09,173 : INFO : EventManager : Event: ======'reset_complete'====== Args={}
2025-09-24 16:28:09,173 : INFO : EventManager : Event: ======'mode_attract_will_start'====== Args={}
2025-09-24 16:28:09,173 : INFO : Timer.attract_carousel_timer : Starting Timer.
2025-09-24 16:28:09,173 : INFO : EventManager : Event: ======'timer_attract_carousel_timer_started'====== Args={'ticks': 0, 'ticks_remaining': 1}
2025-09-24 16:28:09,173 : INFO : EventManager : Event: ======'timer_attract_carousel_timer_tick'====== Args={'ticks': 0, 'ticks_remaining': 1}
2025-09-24 16:28:09,175 : INFO : EventManager : Event: ======'mode_attract_starting'====== Args={}
2025-09-24 16:28:09,175 : INFO : Mode.attract : Started. Priority: 10
2025-09-24 16:28:09,175 : INFO : EventManager : Event: ======'modes_active_modes_changed'====== Args={}
2025-09-24 16:28:09,175 : INFO : EventManager : Event: ======'mode_attract_started'====== Args={}
2025-09-24 16:28:09,175 : INFO : EventManager : Event: ======'attract_cycle_step1'====== Args={'priority': 0}
2025-09-24 16:28:09,175 : INFO : EventManager : Event: ======'collecting_balls_complete'====== Args={}
2025-09-24 16:28:09,176 : INFO : EventManager : Event: ======'item_highlighted'====== Args={'carousel': 'attract', 'direction': None, 'item': 'title'}
2025-09-24 16:28:09,176 : INFO : EventManager : Event: ======'timer_attract_carousel_timer_tick'====== Args={'ticks': 0, 'ticks_remaining': 1}
2025-09-24 16:28:09,177 : INFO : Machine : Starting the main run loop with active modes: [<Mode.attract>]
2025-09-24 16:28:09,263 : INFO : EventManager : Event: ======'slide_attract_created'====== Args={'_from_bcp': True}
2025-09-24 16:28:09,263 : INFO : EventManager : Event: ======'slide__removed'====== Args={'_from_bcp': True}
2025-09-24 16:28:09,264 : INFO : EventManager : Event: ======'slide_attract_active'====== Args={'original_context': 'attract', 'original_calling_context': 'mode_attract_started', 'priority': 10.0, 'cmd': 'slides_play', '_from_bcp': True}
2025-09-24 16:28:10,097 : INFO : BcpServer : New client connected.
2025-09-24 16:28:16,176 : INFO : Timer.attract_carousel_timer : Timer Complete
2025-09-24 16:28:16,176 : INFO : Timer.attract_carousel_timer : Stopping Timer
2025-09-24 16:28:16,176 : INFO : EventManager : Event: ======'timer_attract_carousel_timer_stopped'====== Args={'ticks': 1, 'ticks_remaining': 1}
2025-09-24 16:28:16,176 : INFO : EventManager : Event: ======'timer_attract_carousel_timer_complete'====== Args={'ticks': 1, 'ticks_remaining': 1}
2025-09-24 16:28:16,179 : INFO : EventManager : Event: ======'item_highlighted'====== Args={'carousel': 'attract', 'direction': 'forwards', 'item': 'presented_by'}
2025-09-24 16:28:16,179 : INFO : Timer.attract_carousel_timer : Starting Timer.
2025-09-24 16:28:16,179 : INFO : EventManager : Event: ======'timer_attract_carousel_timer_started'====== Args={'ticks': 0, 'ticks_remaining': 1}
2025-09-24 16:28:16,179 : INFO : EventManager : Event: ======'timer_attract_carousel_timer_tick'====== Args={'ticks': 0, 'ticks_remaining': 1}
2025-09-24 16:28:20,634 : INFO : SwitchController : <<<<<<< 's_start' active >>>>>>>
2025-09-24 16:28:20,732 : INFO : SwitchController : <<<<<<< 's_start' inactive >>>>>>>
2025-09-24 16:28:20,732 : INFO : EventManager : Event: ======'request_to_start_game'====== Args={}
2025-09-24 16:28:20,734 : INFO : EventManager : Event: ======'game_start'====== Args={'buttons': [], 'hold_time': 0.09399999999732245}
2025-09-24 16:28:20,734 : INFO : EventManager : Event: ======'mode_game_will_start'====== Args={'buttons': [], 'hold_time': 0.09399999999732245}
2025-09-24 16:28:20,735 : INFO : EventManager : Event: ======'mode_game_starting'====== Args={'buttons': [], 'hold_time': 0.09399999999732245}
2025-09-24 16:28:20,735 : INFO : EventManager : Event: ======'mode_attract_will_stop'====== Args={}
2025-09-24 16:28:20,735 : INFO : EventManager : Event: ======'mode_attract_stopping'====== Args={}
2025-09-24 16:28:20,737 : INFO : Mode.game : Started. Priority: 20
2025-09-24 16:28:20,737 : INFO : EventManager : Event: ======'modes_active_modes_changed'====== Args={}
2025-09-24 16:28:20,737 : INFO : EventManager : Event: ======'mode_game_started'====== Args={'buttons': [], 'hold_time': 0.09399999999732245}
2025-09-24 16:28:20,738 : INFO : Mode.attract : Stopped.
2025-09-24 16:28:20,738 : INFO : EventManager : Event: ======'modes_active_modes_changed'====== Args={}
2025-09-24 16:28:20,739 : INFO : EventManager : Event: ======'mode_attract_stopped'====== Args={}
2025-09-24 16:28:20,739 : INFO : EventManager : Event: ======'clear'====== Args={'key': 'attract'}
2025-09-24 16:28:20,739 : INFO : Timer.attract_carousel_timer : Stopping Timer
2025-09-24 16:28:20,739 : INFO : EventManager : Event: ======'timer_attract_carousel_timer_stopped'====== Args={'ticks': 0, 'ticks_remaining': 1}
2025-09-24 16:28:20,740 : INFO : EventManager : Event: ======'game_will_start'====== Args={}
2025-09-24 16:28:20,742 : INFO : EventManager : Event: ======'game_starting'====== Args={'game': <Mode.game>}
2025-09-24 16:28:20,743 : INFO : EventManager : Unordered handler for class <Auditor> on event game_ended with priority 1. Handlers: [RegisteredHandler(callback=<bound method Auditor.disable of <Auditor>>, priority=1, kwargs={}, key=UUID('9adc2b3d-5661-4b08-8515-7535ad9f524d'), condition=None, blocking_facility=None), RegisteredHandler(callback=<bound method Auditor._save_audits of <Auditor>>, priority=1, kwargs={}, key=UUID('8baa87a5-a28e-4102-a66f-db28cec9c2a3'), condition=None, blocking_facility=None)]. The order of those handlers is not defined and they will be executed in random order. This might lead to race conditions and potential bugs.
2025-09-24 16:28:20,743 : INFO : EventManager : Event: ======'player_add_request'====== Args={}
2025-09-24 16:28:20,744 : INFO : EventManager : Event: ======'player_will_add'====== Args={'number': 1}
2025-09-24 16:28:20,744 : INFO : EventManager : Event: ======'player_adding'====== Args={'player': <Player 1>, 'number': 1}
2025-09-24 16:28:20,744 : INFO : EventManager : Event: ======'player_added'====== Args={'player': <Player 1>, 'num': 1}
2025-09-24 16:28:20,745 : INFO : Mode.game : Player added successfully. Total players: 1
2025-09-24 16:28:20,745 : INFO : EventManager : Event: ======'player_index'====== Args={'value': 0, 'prev_value': 0, 'change': 0, 'player_num': 1}
2025-09-24 16:28:20,745 : INFO : EventManager : Event: ======'player_number'====== Args={'value': 1, 'prev_value': 1, 'change': 0, 'player_num': 1}
2025-09-24 16:28:20,745 : INFO : EventManager : Event: ======'player_score'====== Args={'value': 0, 'prev_value': 0, 'change': 0, 'player_num': 1}
2025-09-24 16:28:20,745 : INFO : EventManager : Event: ======'game_started'====== Args={}
2025-09-24 16:28:20,747 : INFO : EventManager : Event: ======'player_turn_will_start'====== Args={'player': <Player 1>, 'number': 1}
2025-09-24 16:28:20,748 : INFO : EventManager : Event: ======'player_turn_starting'====== Args={'player': <Player 1>, 'number': 1}
2025-09-24 16:28:20,748 : INFO : EventManager : Event: ======'player_ball'====== Args={'value': 1, 'prev_value': 0, 'change': 1, 'player_num': 1}
2025-09-24 16:28:20,755 : INFO : EventManager : Event: ======'player_turn_started'====== Args={'player': <Player 1>, 'number': 1}
2025-09-24 16:28:20,756 : INFO : EventManager : Event: ======'ui_player_1_up'====== Args={'priority': 0}
2025-09-24 16:28:20,757 : INFO : EventManager : Event: ======'ball_will_start'====== Args={'player': 1, 'ball': 1, 'balls_remaining': 2, 'is_extra_ball': False}
2025-09-24 16:28:20,758 : INFO : EventManager : Event: ======'ball_starting'====== Args={'player': 1, 'ball': 1, 'balls_remaining': 2, 'is_extra_ball': False}
2025-09-24 16:28:20,759 : INFO : EventManager : Event: ======'mode_base_will_start'====== Args={'queue': <QueuedEvent>, 'player': 1, 'ball': 1, 'balls_remaining': 2, 'is_extra_ball': False}
2025-09-24 16:28:20,760 : INFO : EventManager : Event: ======'mode_base_starting'====== Args={'queue': <QueuedEvent>, 'player': 1, 'ball': 1, 'balls_remaining': 2, 'is_extra_ball': False}
2025-09-24 16:28:20,761 : INFO : Mode.base : Started. Priority: 100
2025-09-24 16:28:20,761 : INFO : EventManager : Event: ======'modes_active_modes_changed'====== Args={}
2025-09-24 16:28:20,761 : INFO : EventManager : Event: ======'mode_base_started'====== Args={'queue': <QueuedEvent>, 'player': 1, 'ball': 1, 'balls_remaining': 2, 'is_extra_ball': False}
2025-09-24 16:28:20,761 : INFO : EventManager : Event: ======'start_mode_bumpers'====== Args={'priority': 0}
2025-09-24 16:28:20,762 : INFO : EventManager : Event: ======'mode_bumpers_will_start'====== Args={'priority': 0}
2025-09-24 16:28:20,762 : INFO : EventManager : Event: ======'player_shot_bumper_left_enabled'====== Args={'value': True, 'prev_value': 0, 'change': 1, 'player_num': 1}
2025-09-24 16:28:20,762 : INFO : EventManager : Event: ======'player_shot_bumper_center_enabled'====== Args={'value': True, 'prev_value': 0, 'change': 1, 'player_num': 1}
2025-09-24 16:28:20,762 : INFO : EventManager : Event: ======'player_shot_bumper_right_enabled'====== Args={'value': True, 'prev_value': 0, 'change': 1, 'player_num': 1}
2025-09-24 16:28:20,763 : INFO : EventManager : Event: ======'bumpers_complete'====== Args={'state': 'unlit'}
2025-09-24 16:28:20,763 : INFO : EventManager : Event: ======'bumpers_unlit_complete'====== Args={}
2025-09-24 16:28:20,763 : INFO : EventManager : Event: ======'mode_bumpers_starting'====== Args={'priority': 0}
2025-09-24 16:28:20,764 : INFO : Mode.bumpers : Started. Priority: 200
2025-09-24 16:28:20,764 : INFO : EventManager : Event: ======'modes_active_modes_changed'====== Args={}
2025-09-24 16:28:20,764 : INFO : EventManager : Event: ======'mode_bumpers_started'====== Args={'priority': 0}
2025-09-24 16:28:20,764 : INFO : EventManager : Event: ======'balls_in_play'====== Args={'balls': 1}
2025-09-24 16:28:20,764 : INFO : EventManager : Event: ======'ball_started'====== Args={'player': 1, 'ball': 1, 'balls_remaining': 2, 'is_extra_ball': False}
2025-09-24 16:28:20,765 : INFO : EventManager : Event: ======'single_player_ball_started'====== Args={}
2025-09-24 16:28:20,765 : INFO : EventManager : Event: ======'ball_start_target'====== Args={'target': 'playfield'}
2025-09-24 16:28:20,765 : INFO : ball_device.bd_plunger : Setting up player-controlled eject. Balls: 1, Target: <playfield.playfield>, player_controlled_eject_event: None
2025-09-24 16:28:20,767 : INFO : EventManager : Event: ======'balldevice_balls_available'====== Args={}
2025-09-24 16:28:20,768 : INFO : ball_device.bd_trough : State: waiting_for_target_ready
2025-09-24 16:28:20,768 : INFO : EventManager : Event: ======'balldevice_bd_trough_ball_eject_attempt'====== Args={'balls': 1, 'target': <ball_device.bd_plunger>, 'source': <ball_device.bd_trough>, 'mechanical_eject': True, 'num_attempts': 0}
2025-09-24 16:28:20,768 : INFO : ball_device.bd_plunger : State: waiting_for_ball
2025-09-24 16:28:20,769 : INFO : ball_device.bd_trough : State: ejecting
2025-09-24 16:28:20,769 : INFO : ball_device.bd_trough : Ejecting ball to <ball_device.bd_plunger>
2025-09-24 16:28:20,769 : INFO : EventManager : Event: ======'balldevice_bd_trough_ejecting_ball'====== Args={'balls': 1, 'target': <ball_device.bd_plunger>, 'source': <ball_device.bd_trough>, 'mechanical_eject': True, 'num_attempts': 0}
2025-09-24 16:28:20,770 : INFO : ball_device.bd_trough : Wait for ball to leave device
2025-09-24 16:28:20,770 : INFO : coil.c_trough_eject : Pulsing Driver for 10ms (0.75 pulse_power)
2025-09-24 16:28:20,848 : INFO : EventManager : Event: ======'slide_base_slide_created'====== Args={'_from_bcp': True}
2025-09-24 16:28:20,849 : INFO : EventManager : Event: ======'slide_attract_inactive'====== Args={'is_removing': True, '_from_bcp': True}
2025-09-24 16:28:20,849 : INFO : EventManager : Event: ======'slide_base_slide_active'====== Args={'original_context': 'base', 'original_calling_context': 'mode_base_started', 'priority': 100.0, 'queue': '<QueuedEvent>', 'player': 1.0, 'ball': 1.0, 'balls_remaining': 2.0, 'is_extra_ball': False, 'cmd': 'slides_play', '_from_bcp': True}
2025-09-24 16:28:20,853 : INFO : EventManager : Event: ======'slide_attract_removed'====== Args={'_from_bcp': True}
2025-09-24 16:28:21,488 : INFO : SwitchController : <<<<<<< 's_trough_6' inactive >>>>>>>
2025-09-24 16:28:21,489 : INFO : ball_device.bd_trough : State: ball_left
2025-09-24 16:28:21,489 : INFO : ball_device.bd_trough : Ball left
2025-09-24 16:28:21,489 : INFO : ball_device.bd_trough : Wait for confirm with timeout 3.0
2025-09-24 16:28:22,223 : INFO : SwitchController : <<<<<<< 's_shooter_lane' active >>>>>>>
2025-09-24 16:28:22,223 : INFO : EventManager : Event: ======'s_shooter_lane_active'====== Args={}
2025-09-24 16:28:22,223 : INFO : EventManager : Event: ======'machine_var_audits_switches_s_shooter_lane'====== Args={'value': 33, 'prev_value': 32, 'change': 1}
2025-09-24 16:28:22,224 : INFO : EventManager : Event: ======'mode_skillshot_will_start'====== Args={}
2025-09-24 16:28:22,225 : INFO : EventManager : Event: ======'player_shot_mig_lane_left_enabled'====== Args={'value': True, 'prev_value': 0, 'change': 1, 'player_num': 1}
2025-09-24 16:28:22,226 : INFO : EventManager : Event: ======'player_shot_mig_lane_right_enabled'====== Args={'value': True, 'prev_value': 0, 'change': 1, 'player_num': 1}
2025-09-24 16:28:22,226 : INFO : EventManager : Event: ======'player_shot_spinner_enabled'====== Args={'value': True, 'prev_value': 0, 'change': 1, 'player_num': 1}
2025-09-24 16:28:22,227 : INFO : EventManager : Event: ======'player_shot_orbit_upper_enabled'====== Args={'value': True, 'prev_value': 0, 'change': 1, 'player_num': 1}
2025-09-24 16:28:22,227 : INFO : EventManager : Event: ======'player_shot_ramp_inner_enabled'====== Args={'value': True, 'prev_value': 0, 'change': 1, 'player_num': 1}
2025-09-24 16:28:22,227 : INFO : EventManager : Event: ======'skillshot_group_complete'====== Args={'state': 'off'}
2025-09-24 16:28:22,227 : INFO : EventManager : Event: ======'skillshot_group_off_complete'====== Args={}
2025-09-24 16:28:22,228 : INFO : EventManager : Event: ======'player_skillshot_skillshot_tick'====== Args={'value': 10, 'prev_value': 0, 'change': 10, 'player_num': 1}
2025-09-24 16:28:22,230 : INFO : EventManager : Event: ======'mode_skillshot_starting'====== Args={}
2025-09-24 16:28:22,230 : INFO : Mode.skillshot : Started. Priority: 100
2025-09-24 16:28:22,230 : INFO : EventManager : Event: ======'modes_active_modes_changed'====== Args={}
2025-09-24 16:28:22,230 : INFO : EventManager : Event: ======'mode_skillshot_started'====== Args={}
2025-09-24 16:28:22,230 : INFO : EventManager : Event: ======'player_shot_mig_lane_left'====== Args={'value': 1, 'prev_value': 0, 'change': 1, 'player_num': 1}
2025-09-24 16:28:22,231 : INFO : EventManager : Event: ======'player_shot_mig_lane_right'====== Args={'value': 1, 'prev_value': 0, 'change': 1, 'player_num': 1}
2025-09-24 16:28:22,231 : INFO : EventManager : Event: ======'player_shot_spinner'====== Args={'value': 1, 'prev_value': 0, 'change': 1, 'player_num': 1}
2025-09-24 16:28:22,231 : INFO : EventManager : Event: ======'player_shot_orbit_upper'====== Args={'value': 1, 'prev_value': 0, 'change': 1, 'player_num': 1}
2025-09-24 16:28:22,232 : INFO : EventManager : Event: ======'player_shot_ramp_inner'====== Args={'value': 1, 'prev_value': 0, 'change': 1, 'player_num': 1}
2025-09-24 16:28:22,232 : INFO : EventManager : Event: ======'skillshot_group_complete'====== Args={'state': 'lit'}
2025-09-24 16:28:22,232 : INFO : EventManager : Event: ======'skillshot_group_lit_complete'====== Args={}
2025-09-24 16:28:22,537 : INFO : ball_device.bd_plunger : Received ball from <ball_device.bd_trough>
2025-09-24 16:28:22,537 : INFO : EventManager : Event: ======'balldevice_bd_plunger_ball_enter'====== Args={'new_balls': 1, 'unclaimed_balls': 0, 'new_available_balls': 0, 'device': <ball_device.bd_plunger>}
2025-09-24 16:28:22,538 : INFO : EventManager : Event: ======'balldevice_bd_plunger_ball_entered'====== Args={'new_balls': 0, 'device': <ball_device.bd_plunger>}
2025-09-24 16:28:22,538 : INFO : EventManager : Event: ======'balldevice_bd_plunger_ball_count_changed'====== Args={'balls': 1}
2025-09-24 16:28:22,538 : INFO : ball_device.bd_trough : Got eject confirm
2025-09-24 16:28:22,539 : INFO : ball_device.bd_trough : Eject successful
2025-09-24 16:28:22,539 : INFO : EventManager : Event: ======'balldevice_bd_trough_ball_eject_success'====== Args={'balls': 1, 'target': <ball_device.bd_plunger>}
2025-09-24 16:28:22,539 : INFO : EventManager : Event: ======'balldevice_bd_trough_ball_count_changed'====== Args={'balls': 5}
2025-09-24 16:28:22,539 : INFO : ball_device.bd_trough : State: idle
2025-09-24 16:28:22,540 : INFO : ball_device.bd_plunger : State: waiting_for_target_ready
2025-09-24 16:28:22,540 : INFO : EventManager : Event: ======'balldevice_bd_plunger_ball_eject_attempt'====== Args={'balls': 1, 'target': <playfield.playfield>, 'source': <ball_device.bd_plunger>, 'mechanical_eject': True, 'num_attempts': 0}
2025-09-24 16:28:22,541 : INFO : ball_device.bd_plunger : State: ejecting
2025-09-24 16:28:22,541 : INFO : ball_device.bd_plunger : Ejecting ball to <playfield.playfield>
2025-09-24 16:28:22,541 : INFO : EventManager : Event: ======'balldevice_bd_plunger_ejecting_ball'====== Args={'balls': 1, 'target': <playfield.playfield>, 'source': <ball_device.bd_plunger>, 'mechanical_eject': True, 'num_attempts': 0}
2025-09-24 16:28:22,542 : INFO : ball_device.bd_plunger : Wait for ball to leave device
2025-09-24 16:28:27,994 : INFO : SwitchController : <<<<<<< 's_shooter_lane' inactive >>>>>>>
2025-09-24 16:28:27,994 : INFO : EventManager : Event: ======'s_shooter_lane_inactive'====== Args={}
2025-09-24 16:28:27,995 : INFO : Timer.skillshot : Starting Timer.
2025-09-24 16:28:27,995 : INFO : EventManager : Event: ======'timer_skillshot_started'====== Args={'ticks': 10, 'ticks_remaining': 10}
2025-09-24 16:28:27,995 : INFO : EventManager : Event: ======'timer_skillshot_tick'====== Args={'ticks': 10, 'ticks_remaining': 10}
2025-09-24 16:28:27,995 : INFO : ball_device.bd_plunger : State: ball_left
2025-09-24 16:28:27,997 : INFO : ball_device.bd_plunger : Ball left
2025-09-24 16:28:27,997 : INFO : ball_device.bd_plunger : Wait for confirm with timeout 3.0
2025-09-24 16:28:28,993 : INFO : EventManager : Event: ======'player_skillshot_skillshot_tick'====== Args={'value': 9, 'prev_value': 10, 'change': -1, 'player_num': 1}
2025-09-24 16:28:28,994 : INFO : EventManager : Event: ======'timer_skillshot_tick'====== Args={'ticks': 9, 'ticks_remaining': 9}
2025-09-24 16:28:29,128 : INFO : SwitchController : <<<<<<< 's_lane_right' active >>>>>>>
2025-09-24 16:28:29,128 : INFO : EventManager : Event: ======'sw_playfield_active'====== Args={}
2025-09-24 16:28:29,128 : INFO : EventManager : Event: ======'machine_var_audits_switches_s_lane_right'====== Args={'value': 9, 'prev_value': 8, 'change': 1}
2025-09-24 16:28:29,129 : INFO : EventManager : Event: ======'playfield_active'====== Args={'source': None}
2025-09-24 16:28:29,230 : INFO : SwitchController : <<<<<<< 's_lane_right' inactive >>>>>>>
2025-09-24 16:28:29,979 : INFO : EventManager : Event: ======'player_skillshot_skillshot_tick'====== Args={'value': 8, 'prev_value': 9, 'change': -1, 'player_num': 1}
2025-09-24 16:28:29,979 : INFO : EventManager : Event: ======'timer_skillshot_tick'====== Args={'ticks': 8, 'ticks_remaining': 8}
2025-09-24 16:28:30,981 : INFO : EventManager : Event: ======'player_skillshot_skillshot_tick'====== Args={'value': 7, 'prev_value': 8, 'change': -1, 'player_num': 1}
2025-09-24 16:28:30,982 : INFO : EventManager : Event: ======'timer_skillshot_tick'====== Args={'ticks': 7, 'ticks_remaining': 7}
2025-09-24 16:28:30,982 : INFO : ball_device.bd_plunger : State: failed_confirm
2025-09-24 16:28:30,982 : INFO : ball_device.bd_plunger : Got timeout (3.0s) before confirm from <playfield.playfield>
2025-09-24 16:28:31,073 : INFO : ball_device.bd_plunger : Confirming eject because target is playfield and ball did not return.
2025-09-24 16:28:31,073 : INFO : ball_device.bd_plunger : Eject successful
2025-09-24 16:28:31,073 : INFO : EventManager : Event: ======'balldevice_bd_plunger_ball_eject_success'====== Args={'balls': 1, 'target': <playfield.playfield>}
2025-09-24 16:28:31,074 : INFO : EventManager : Event: ======'balldevice_playfield_ball_enter'====== Args={'new_balls': 1, 'unclaimed_balls': 1, 'device': <playfield.playfield>}
2025-09-24 16:28:31,074 : INFO : EventManager : Event: ======'playfield_ball_count_change'====== Args={'balls': 1, 'change': 1}
2025-09-24 16:28:31,075 : INFO : EventManager : Event: ======'balldevice_bd_plunger_ball_count_changed'====== Args={'balls': 0}
2025-09-24 16:28:31,075 : INFO : ball_device.bd_plunger : State: idle
2025-09-24 16:28:31,607 : INFO : SwitchController : <<<<<<< 's_mig_lane_left' active >>>>>>>
2025-09-24 16:28:31,607 : INFO : EventManager : Event: ======'s_mig_lane_left_active'====== Args={}
2025-09-24 16:28:31,608 : INFO : EventManager : Event: ======'sw_playfield_active'====== Args={}
2025-09-24 16:28:31,608 : INFO : EventManager : Event: ======'sw_playfield_active'====== Args={}
2025-09-24 16:28:31,608 : INFO : EventManager : Event: ======'machine_var_audits_switches_s_mig_lane_left'====== Args={'value': 22, 'prev_value': 21, 'change': 1}
2025-09-24 16:28:31,609 : INFO : EventManager : Event: ======'machine_var_audits_shots_mig_lane_left'====== Args={'value': 10, 'prev_value': 9, 'change': 1}
2025-09-24 16:28:31,609 : INFO : EventManager : Event: ======'mig_lane_left_hit'====== Args={'profile': 'skill', 'state': 'lit', 'advancing': False}
2025-09-24 16:28:31,609 : INFO : EventManager : Event: ======'mig_lane_left_skill_hit'====== Args={'profile': 'skill', 'state': 'lit', 'advancing': False}
2025-09-24 16:28:31,610 : INFO : EventManager : Event: ======'mig_lane_left_skill_lit_hit'====== Args={'profile': 'skill', 'state': 'lit', 'advancing': False}
2025-09-24 16:28:31,610 : INFO : EventManager : Event: ======'mig_lane_left_lit_hit'====== Args={'profile': 'skill', 'state': 'lit', 'advancing': False}
2025-09-24 16:28:31,610 : INFO : EventManager : Event: ======'skillshot_group_hit'====== Args={'shot': 'mig_lane_left'}
2025-09-24 16:28:31,610 : INFO : EventManager : Event: ======'skillshot_group_lit_hit'====== Args={'shot': 'mig_lane_left'}
2025-09-24 16:28:31,610 : INFO : EventManager : Event: ======'skillshot_made'====== Args={'priority': 0}
2025-09-24 16:28:31,611 : INFO : EventManager : Event: ======'player_score'====== Args={'value': 25000, 'prev_value': 0, 'change': 25000, 'player_num': 1, 'source': 'skillshot'}
2025-09-24 16:28:31,611 : INFO : EventManager : Event: ======'mode_skillshot_will_stop'====== Args={}
2025-09-24 16:28:31,611 : INFO : EventManager : Event: ======'mode_skillshot_stopping'====== Args={}
2025-09-24 16:28:31,611 : INFO : Timer.skillshot : Stopping Timer
2025-09-24 16:28:31,611 : INFO : EventManager : Event: ======'timer_skillshot_stopped'====== Args={'ticks': 7, 'ticks_remaining': 7}
2025-09-24 16:28:31,611 : INFO : Mode.skillshot : Stopped.
2025-09-24 16:28:31,611 : INFO : EventManager : Event: ======'modes_active_modes_changed'====== Args={}
2025-09-24 16:28:31,612 : INFO : EventManager : Event: ======'mode_skillshot_stopped'====== Args={}
2025-09-24 16:28:31,612 : INFO : EventManager : Event: ======'clear'====== Args={'key': 'skillshot'}
2025-09-24 16:28:31,612 : INFO : Timer.skillshot : Stopping Timer
2025-09-24 16:28:31,612 : INFO : EventManager : Event: ======'timer_skillshot_stopped'====== Args={'ticks': 7, 'ticks_remaining': 7}
2025-09-24 16:28:31,725 : INFO : SwitchController : <<<<<<< 's_mig_lane_left' inactive >>>>>>>
2025-09-24 16:28:36,592 : INFO : Machine : Shutting down...
2025-09-24 16:28:36,592 : INFO : EventManager : Event: ======'shutdown'====== Args={}
2025-09-24 16:28:36,593 : INFO : EventManager : Event: ======'mode_game_will_stop'====== Args={}
2025-09-24 16:28:36,594 : INFO : EventManager : Event: ======'mode_game_stopping'====== Args={}
2025-09-24 16:28:36,595 : INFO : EventManager : Event: ======'mode_bumpers_will_stop'====== Args={}
2025-09-24 16:28:36,595 : INFO : EventManager : Event: ======'mode_bumpers_stopping'====== Args={}
2025-09-24 16:28:36,595 : INFO : EventManager : Event: ======'mode_base_will_stop'====== Args={}
2025-09-24 16:28:36,595 : INFO : EventManager : Event: ======'mode_base_stopping'====== Args={}
2025-09-24 16:28:36,595 : INFO : EventManager : Event: ======'stop_mode_bumpers'====== Args={'priority': 0}
2025-09-24 16:28:36,596 : INFO : Mode.base : Stopped.
2025-09-24 16:28:36,596 : INFO : EventManager : Event: ======'modes_active_modes_changed'====== Args={}
2025-09-24 16:28:36,596 : INFO : EventManager : Event: ======'mode_base_stopped'====== Args={}
2025-09-24 16:28:36,596 : INFO : EventManager : Event: ======'clear'====== Args={'key': 'base'}
2025-09-24 16:28:36,597 : INFO : Mode.bumpers : Stopped.
2025-09-24 16:28:36,597 : INFO : EventManager : Event: ======'modes_active_modes_changed'====== Args={}
2025-09-24 16:28:36,597 : INFO : EventManager : Event: ======'mode_bumpers_stopped'====== Args={}
2025-09-24 16:28:36,597 : INFO : EventManager : Event: ======'clear'====== Args={'key': 'bumpers'}
2025-09-24 16:28:36,598 : INFO : Mode.game : Stopped.
2025-09-24 16:28:36,598 : INFO : EventManager : Event: ======'modes_active_modes_changed'====== Args={}
2025-09-24 16:28:36,598 : INFO : EventManager : Event: ======'mode_game_stopped'====== Args={}
2025-09-24 16:28:36,598 : INFO : EventManager : Event: ======'clear'====== Args={'key': 'game'}
2025-09-24 16:28:36,601 : INFO : root : MPF run loop ended.
