2025-10-27 15:25:28,301 : INFO : root : Loading config.
2025-10-27 15:25:28,305 : INFO : YamlMultifileConfigLoader : Machine config file #1: config.yaml
2025-10-27 15:25:28,305 : INFO : ConfigProcessor : Loading config from cache: C:\Users\White\AppData\Local\Temp\cfa6ecba65704a931c9dd214c44986c8.mpf_cache
2025-10-27 15:25:28,410 : INFO : ConfigProcessor : Loading config from cache: C:\Users\White\AppData\Local\Temp\f98ffc0ff5962effface7d86bc406d5c.mpf_cache
2025-10-27 15:25:28,411 : INFO : ConfigProcessor : Loading config from cache: C:\Users\White\AppData\Local\Temp\91cc4d1c993c58dc354e34974b9cfeac.mpf_cache
2025-10-27 15:25:28,412 : INFO : ConfigProcessor : Loading config from cache: C:\Users\White\AppData\Local\Temp\f98ffc0ff5962effface7d86bc406d5c.mpf_cache
2025-10-27 15:25:28,412 : INFO : ConfigProcessor : Loading config from cache: C:\Users\White\AppData\Local\Temp\76792f1d686f89709887dba7bd69667a.mpf_cache
2025-10-27 15:25:28,413 : INFO : ConfigProcessor : Loading config from cache: C:\Users\White\AppData\Local\Temp\142bbae4707335cc8e3efaa4364c4893.mpf_cache
2025-10-27 15:25:28,413 : INFO : ConfigProcessor : Loading config from cache: C:\Users\White\AppData\Local\Temp\d069db2c83fe896d88972cde9b686138.mpf_cache
2025-10-27 15:25:28,414 : INFO : ConfigProcessor : Loading config from cache: C:\Users\White\AppData\Local\Temp\0f5f0ac41d1a2672d0d32cef2b12699e.mpf_cache
2025-10-27 15:25:28,414 : INFO : ConfigProcessor : Loading config from cache: C:\Users\White\AppData\Local\Temp\3a419899266be7cd41a083be5a3a8ebb.mpf_cache
2025-10-27 15:25:28,416 : INFO : ConfigProcessor : Loading config from cache: C:\Users\White\AppData\Local\Temp\82e20c7c6490dd2e5fed726a3aa8d652.mpf_cache
2025-10-27 15:25:28,417 : INFO : ConfigProcessor : Loading config from cache: C:\Users\White\AppData\Local\Temp\359114d5ba2a6ad6c93d1559776bbb30.mpf_cache
2025-10-27 15:25:28,419 : INFO : ConfigProcessor : Loading config from cache: C:\Users\White\AppData\Local\Temp\d421369d6df802e4e6f8aa58f446b1a6.mpf_cache
2025-10-27 15:25:28,420 : INFO : ConfigProcessor : Loading config from cache: C:\Users\White\AppData\Local\Temp\310aa541ce6545037d37da470e7bd790.mpf_cache
2025-10-27 15:25:28,421 : INFO : ConfigProcessor : Loading config from cache: C:\Users\White\AppData\Local\Temp\2151caa0419aeb1e56d3d8934477383e.mpf_cache
2025-10-27 15:25:28,423 : INFO : ConfigProcessor : Loading config from cache: C:\Users\White\AppData\Local\Temp\17003635873251b4f6841bf4ab3bdcdd.mpf_cache
2025-10-27 15:25:28,424 : INFO : ConfigProcessor : Loading config from cache: C:\Users\White\AppData\Local\Temp\f70c640a816343cb9040222d7a9269d3.mpf_cache
2025-10-27 15:25:28,426 : INFO : ConfigProcessor : Loading config from cache: C:\Users\White\AppData\Local\Temp\30922048be1d0c17ea15fc75f7fbfe10.mpf_cache
2025-10-27 15:25:28,428 : INFO : ConfigProcessor : Loading config from cache: C:\Users\White\AppData\Local\Temp\58d7809d3d969de03aaf131fc45863f8.mpf_cache
2025-10-27 15:25:28,429 : INFO : ConfigProcessor : Loading config from cache: C:\Users\White\AppData\Local\Temp\d380fa2863f93e197660f0281ffd272b.mpf_cache
2025-10-27 15:25:28,430 : INFO : ConfigProcessor : Loading config from cache: C:\Users\White\AppData\Local\Temp\88e41ae7dcea899a043a2f63da55a8b7.mpf_cache
2025-10-27 15:25:28,430 : INFO : Machine : Mission Pinball Framework Core Engine v0.80.0.dev9
2025-10-27 15:25:28,430 : INFO : Machine : Command line arguments: {'no_load_cache': False, 'create_config_cache': True, 'bcp': True, 'configfile': ['config.yaml'], 'force_assets_load': False, 'platform_integration_test': False, 'jsonlogging': False, 'logfile': 'logs\\2025-10-27-15-25-28-mpf-TopGunPinball.log', 'pause': False, 'production': False, 'text_ui': False, 'loglevel': 15, 'consoleloglevel': 20, 'force_platform': 'virtual', 'syslog_address': None, 'full_logfile_path': 'C:\\Users\\White\\Documents\\Top_Gun_Pinball\\logs\\2025-10-27-15-25-28-mpf-TopGunPinball.log'}
2025-10-27 15:25:28,431 : INFO : Machine : MPF path: C:\Users\White\mpf\Lib\site-packages\mpf
2025-10-27 15:25:28,431 : INFO : Machine : Machine path: C:\Users\White\Documents\Top_Gun_Pinball
2025-10-27 15:25:28,431 : INFO : Machine : Platform: win32
2025-10-27 15:25:28,431 : INFO : Machine : Python executable location: C:\Users\White\mpf\Scripts\python.exe
2025-10-27 15:25:28,431 : INFO : Machine : Python version: 3.12.7 (64-bit)
2025-10-27 15:25:28,434 : INFO : Machine : Initializing MPF...
2025-10-27 15:25:28,523 : INFO : EventManager : Event: ======'machine_var_credits_string'====== Args={'value': 'FREE PLAY', 'prev_value': None, 'change': True}
2025-10-27 15:25:28,552 : INFO : EventManager : Event: ======'machine_var_master_volume'====== Args={'value': 0.5, 'prev_value': None, 'change': True}
2025-10-27 15:25:28,552 : INFO : EventManager : Event: ======'machine_var_player1_score'====== Args={'value': 2229000, 'prev_value': None, 'change': True}
2025-10-27 15:25:28,552 : INFO : EventManager : Event: ======'machine_var_mpf_version'====== Args={'value': 'Mission Pinball Framework v0.80.0.dev9', 'prev_value': None, 'change': True}
2025-10-27 15:25:28,553 : INFO : EventManager : Event: ======'machine_var_mpf_extended_version'====== Args={'value': 'Mission Pinball Framework v0.80.0.dev9, Config version:6, Show version: 6, BCP version:1.1', 'prev_value': None, 'change': True}
2025-10-27 15:25:28,553 : INFO : EventManager : Event: ======'machine_var_python_version'====== Args={'value': '3.12.7', 'prev_value': None, 'change': True}
2025-10-27 15:25:28,695 : INFO : EventManager : Event: ======'machine_var_platform'====== Args={'value': 'Windows-11-10.0.26100-SP0', 'prev_value': None, 'change': True}
2025-10-27 15:25:28,695 : INFO : EventManager : Event: ======'machine_var_platform_system'====== Args={'value': 'Windows', 'prev_value': None, 'change': True}
2025-10-27 15:25:28,695 : INFO : EventManager : Event: ======'machine_var_platform_release'====== Args={'value': '11', 'prev_value': None, 'change': True}
2025-10-27 15:25:28,695 : INFO : EventManager : Event: ======'machine_var_platform_version'====== Args={'value': '10.0.26100', 'prev_value': None, 'change': True}
2025-10-27 15:25:28,695 : INFO : EventManager : Event: ======'machine_var_platform_machine'====== Args={'value': 'AMD64', 'prev_value': None, 'change': True}
2025-10-27 15:25:28,695 : INFO : EventManager : Event: ======'machine_var_log_file_path'====== Args={'value': 'C:\\Users\\White\\Documents\\Top_Gun_Pinball\\logs\\2025-10-27-15-25-28-mpf-TopGunPinball.log', 'prev_value': None, 'change': True}
2025-10-27 15:25:28,695 : INFO : EventManager : Event: ======'init_phase_1'====== Args={}
2025-10-27 15:25:28,740 : INFO : EventManager : Event: ======'init_phase_2'====== Args={}
2025-10-27 15:25:28,740 : INFO : SwitchController : Found active switch: ('playfield_board_lower-3208-0', <Platform.Virtual>) <switch.s_trough_1>
2025-10-27 15:25:28,740 : INFO : SwitchController : Found active switch: ('playfield_board_lower-3208-1', <Platform.Virtual>) <switch.s_trough_2>
2025-10-27 15:25:28,740 : INFO : SwitchController : Found active switch: ('playfield_board_lower-3208-2', <Platform.Virtual>) <switch.s_trough_3>
2025-10-27 15:25:28,740 : INFO : SwitchController : Found active switch: ('playfield_board_lower-3208-3', <Platform.Virtual>) <switch.s_trough_4>
2025-10-27 15:25:28,740 : INFO : SwitchController : Found active switch: ('playfield_board_lower-3208-4', <Platform.Virtual>) <switch.s_trough_5>
2025-10-27 15:25:28,740 : INFO : SwitchController : Found active switch: ('playfield_board_lower-3208-5', <Platform.Virtual>) <switch.s_trough_6>
2025-10-27 15:25:28,763 : INFO : EventManager : Event: ======'bcp_connection_attempt'====== Args={'name': 'local_display', 'host': 'localhost', 'port': 5050}
2025-10-27 15:25:28,765 : INFO : BCPClientSocket : Connecting BCP to 'local_display' at localhost:5050...
2025-10-27 15:25:28,776 : INFO : BCPClientSocket : Connected BCP to 'local_display' localhost:5050
2025-10-27 15:25:28,777 : INFO : EventManager : Event: ======'bcp_clients_connected'====== Args={}
2025-10-27 15:25:28,777 : INFO : ball_device.bd_plunger : BCH: Initial count: 0
2025-10-27 15:25:28,777 : INFO : ball_device.bd_plunger : State: idle
2025-10-27 15:25:28,779 : INFO : ball_device.bd_trough : BCH: Initial count: 6
2025-10-27 15:25:28,779 : INFO : ball_device.bd_trough : State: idle
2025-10-27 15:25:28,779 : INFO : ball_device.bd_lock_elevator : BCH: Initial count: 0
2025-10-27 15:25:28,779 : INFO : ball_device.bd_lock_elevator : State: idle
2025-10-27 15:25:28,780 : INFO : ball_device.bd_mode_scoop : BCH: Initial count: 0
2025-10-27 15:25:28,780 : INFO : ball_device.bd_mode_scoop : State: idle
2025-10-27 15:25:28,805 : INFO : EventManager : Event: ======'init_phase_3'====== Args={}
2025-10-27 15:25:29,345 : INFO : EventManager : Event: ======'init_phase_4'====== Args={}
2025-10-27 15:25:29,345 : INFO : BallController : Initial balls found: 6
2025-10-27 15:25:29,346 : INFO : EventManager : Event: ======'machine_var_audits_events_game_ended'====== Args={'value': 2, 'prev_value': None, 'change': True}
2025-10-27 15:25:29,346 : INFO : EventManager : Event: ======'machine_var_audits_events_game_started'====== Args={'value': 278, 'prev_value': None, 'change': True}
2025-10-27 15:25:29,348 : INFO : EventManager : Event: ======'machine_var_audits_missing_switches_s_a_iceman_target'====== Args={'value': 48, 'prev_value': None, 'change': True}
2025-10-27 15:25:29,348 : INFO : EventManager : Event: ======'machine_var_audits_missing_switches_s_barrier_target'====== Args={'value': 26, 'prev_value': None, 'change': True}
2025-10-27 15:25:29,348 : INFO : EventManager : Event: ======'machine_var_audits_missing_switches_s_bumper_center'====== Args={'value': 32, 'prev_value': None, 'change': True}
2025-10-27 15:25:29,348 : INFO : EventManager : Event: ======'machine_var_audits_missing_switches_s_bumper_right'====== Args={'value': 71, 'prev_value': None, 'change': True}
2025-10-27 15:25:29,348 : INFO : EventManager : Event: ======'machine_var_audits_missing_switches_s_c_iceman_target'====== Args={'value': 112, 'prev_value': None, 'change': True}
2025-10-27 15:25:29,348 : INFO : EventManager : Event: ======'machine_var_audits_missing_switches_s_c_lock_target'====== Args={'value': 38, 'prev_value': None, 'change': True}
2025-10-27 15:25:29,348 : INFO : EventManager : Event: ======'machine_var_audits_missing_switches_s_coin_door'====== Args={'value': 165, 'prev_value': None, 'change': True}
2025-10-27 15:25:29,348 : INFO : EventManager : Event: ======'machine_var_audits_missing_switches_s_coin_door_credit_left'====== Args={'value': 72, 'prev_value': None, 'change': True}
2025-10-27 15:25:29,348 : INFO : EventManager : Event: ======'machine_var_audits_missing_switches_s_coin_door_credit_right'====== Args={'value': 72, 'prev_value': None, 'change': True}
2025-10-27 15:25:29,348 : INFO : EventManager : Event: ======'machine_var_audits_missing_switches_s_coin_door_service_1'====== Args={'value': 165, 'prev_value': None, 'change': True}
2025-10-27 15:25:29,348 : INFO : EventManager : Event: ======'machine_var_audits_missing_switches_s_coin_door_service_2'====== Args={'value': 165, 'prev_value': None, 'change': True}
2025-10-27 15:25:29,348 : INFO : EventManager : Event: ======'machine_var_audits_missing_switches_s_coin_door_service_3'====== Args={'value': 165, 'prev_value': None, 'change': True}
2025-10-27 15:25:29,348 : INFO : EventManager : Event: ======'machine_var_audits_missing_switches_s_coin_door_service_4'====== Args={'value': 165, 'prev_value': None, 'change': True}
2025-10-27 15:25:29,348 : INFO : EventManager : Event: ======'machine_var_audits_missing_switches_s_e_iceman_target'====== Args={'value': 7, 'prev_value': None, 'change': True}
2025-10-27 15:25:29,348 : INFO : EventManager : Event: ======'machine_var_audits_missing_switches_s_flight_gear_target'====== Args={'value': 19, 'prev_value': None, 'change': True}
2025-10-27 15:25:29,348 : INFO : EventManager : Event: ======'machine_var_audits_missing_switches_s_flipper_left'====== Args={'value': 223, 'prev_value': None, 'change': True}
2025-10-27 15:25:29,348 : INFO : EventManager : Event: ======'machine_var_audits_missing_switches_s_flipper_left_eos'====== Args={'value': 225, 'prev_value': None, 'change': True}
2025-10-27 15:25:29,348 : INFO : EventManager : Event: ======'machine_var_audits_missing_switches_s_flipper_left_upper'====== Args={'value': 227, 'prev_value': None, 'change': True}
2025-10-27 15:25:29,348 : INFO : EventManager : Event: ======'machine_var_audits_missing_switches_s_flipper_left_upper_eos'====== Args={'value': 225, 'prev_value': None, 'change': True}
2025-10-27 15:25:29,348 : INFO : EventManager : Event: ======'machine_var_audits_missing_switches_s_flipper_right'====== Args={'value': 161, 'prev_value': None, 'change': True}
2025-10-27 15:25:29,348 : INFO : EventManager : Event: ======'machine_var_audits_missing_switches_s_flipper_right_eos'====== Args={'value': 225, 'prev_value': None, 'change': True}
2025-10-27 15:25:29,348 : INFO : EventManager : Event: ======'machine_var_audits_missing_switches_s_i_iceman_target'====== Args={'value': 24, 'prev_value': None, 'change': True}
2025-10-27 15:25:29,348 : INFO : EventManager : Event: ======'machine_var_audits_missing_switches_s_inlane_left'====== Args={'value': 158, 'prev_value': None, 'change': True}
2025-10-27 15:25:29,349 : INFO : EventManager : Event: ======'machine_var_audits_missing_switches_s_inner_inlane_right'====== Args={'value': 38, 'prev_value': None, 'change': True}
2025-10-27 15:25:29,349 : INFO : EventManager : Event: ======'machine_var_audits_missing_switches_s_jam'====== Args={'value': 164, 'prev_value': None, 'change': True}
2025-10-27 15:25:29,349 : INFO : EventManager : Event: ======'machine_var_audits_missing_switches_s_k_lock_target'====== Args={'value': 162, 'prev_value': None, 'change': True}
2025-10-27 15:25:29,349 : INFO : EventManager : Event: ======'machine_var_audits_missing_switches_s_l_lock_target'====== Args={'value': 162, 'prev_value': None, 'change': True}
2025-10-27 15:25:29,349 : INFO : EventManager : Event: ======'machine_var_audits_missing_switches_s_lane_left'====== Args={'value': 7, 'prev_value': None, 'change': True}
2025-10-27 15:25:29,349 : INFO : EventManager : Event: ======'machine_var_audits_missing_switches_s_lock_goose'====== Args={'value': 227, 'prev_value': None, 'change': True}
2025-10-27 15:25:29,349 : INFO : EventManager : Event: ======'machine_var_audits_missing_switches_s_lock_mav'====== Args={'value': 227, 'prev_value': None, 'change': True}
2025-10-27 15:25:29,349 : INFO : EventManager : Event: ======'machine_var_audits_missing_switches_s_lock_plunger'====== Args={'value': 61, 'prev_value': None, 'change': True}
2025-10-27 15:25:29,349 : INFO : EventManager : Event: ======'machine_var_audits_missing_switches_s_m_iceman_target'====== Args={'value': 25, 'prev_value': None, 'change': True}
2025-10-27 15:25:29,349 : INFO : EventManager : Event: ======'machine_var_audits_missing_switches_s_mig_lane_left'====== Args={'value': 4, 'prev_value': None, 'change': True}
2025-10-27 15:25:29,349 : INFO : EventManager : Event: ======'machine_var_audits_missing_switches_s_mig_lane_right'====== Args={'value': 62, 'prev_value': None, 'change': True}
2025-10-27 15:25:29,349 : INFO : EventManager : Event: ======'machine_var_audits_missing_switches_s_mode_start'====== Args={'value': 227, 'prev_value': None, 'change': True}
2025-10-27 15:25:29,349 : INFO : EventManager : Event: ======'machine_var_audits_missing_switches_s_o_lock_target'====== Args={'value': 162, 'prev_value': None, 'change': True}
2025-10-27 15:25:29,349 : INFO : EventManager : Event: ======'machine_var_audits_missing_switches_s_orbit_left'====== Args={'value': 19, 'prev_value': None, 'change': True}
2025-10-27 15:25:29,349 : INFO : EventManager : Event: ======'machine_var_audits_missing_switches_s_orbit_lower'====== Args={'value': 62, 'prev_value': None, 'change': True}
2025-10-27 15:25:29,349 : INFO : EventManager : Event: ======'machine_var_audits_missing_switches_s_orbit_right'====== Args={'value': 62, 'prev_value': None, 'change': True}
2025-10-27 15:25:29,349 : INFO : EventManager : Event: ======'machine_var_audits_missing_switches_s_orbit_upper'====== Args={'value': 19, 'prev_value': None, 'change': True}
2025-10-27 15:25:29,349 : INFO : EventManager : Event: ======'machine_var_audits_missing_switches_s_outer_inlane_right'====== Args={'value': 38, 'prev_value': None, 'change': True}
2025-10-27 15:25:29,349 : INFO : EventManager : Event: ======'machine_var_audits_missing_switches_s_outlane_left'====== Args={'value': 227, 'prev_value': None, 'change': True}
2025-10-27 15:25:29,349 : INFO : EventManager : Event: ======'machine_var_audits_missing_switches_s_outlane_right'====== Args={'value': 164, 'prev_value': None, 'change': True}
2025-10-27 15:25:29,349 : INFO : EventManager : Event: ======'machine_var_audits_missing_switches_s_plunger_lane'====== Args={'value': 10, 'prev_value': None, 'change': True}
2025-10-27 15:25:29,349 : INFO : EventManager : Event: ======'machine_var_audits_missing_switches_s_ramp_left_exit'====== Args={'value': 227, 'prev_value': None, 'change': True}
2025-10-27 15:25:29,349 : INFO : EventManager : Event: ======'machine_var_audits_missing_switches_s_ramp_right_exit'====== Args={'value': 19, 'prev_value': None, 'change': True}
2025-10-27 15:25:29,349 : INFO : EventManager : Event: ======'machine_var_audits_missing_switches_s_ramp_tower_exit'====== Args={'value': 19, 'prev_value': None, 'change': True}
2025-10-27 15:25:29,350 : INFO : EventManager : Event: ======'machine_var_audits_missing_switches_s_slingshot_left'====== Args={'value': 162, 'prev_value': None, 'change': True}
2025-10-27 15:25:29,350 : INFO : EventManager : Event: ======'machine_var_audits_missing_switches_s_slingshot_right'====== Args={'value': 162, 'prev_value': None, 'change': True}
2025-10-27 15:25:29,350 : INFO : EventManager : Event: ======'machine_var_audits_missing_switches_s_spinner'====== Args={'value': 19, 'prev_value': None, 'change': True}
2025-10-27 15:25:29,350 : INFO : EventManager : Event: ======'machine_var_audits_missing_switches_s_start'====== Args={'value': 25, 'prev_value': None, 'change': True}
2025-10-27 15:25:29,350 : INFO : EventManager : Event: ======'machine_var_audits_missing_switches_s_tilt'====== Args={'value': 165, 'prev_value': None, 'change': True}
2025-10-27 15:25:29,350 : INFO : EventManager : Event: ======'machine_var_audits_missing_switches_s_trough_1'====== Args={'value': 203, 'prev_value': None, 'change': True}
2025-10-27 15:25:29,350 : INFO : EventManager : Event: ======'machine_var_audits_missing_switches_s_trough_2'====== Args={'value': 203, 'prev_value': None, 'change': True}
2025-10-27 15:25:29,350 : INFO : EventManager : Event: ======'machine_var_audits_missing_switches_s_trough_3'====== Args={'value': 203, 'prev_value': None, 'change': True}
2025-10-27 15:25:29,350 : INFO : EventManager : Event: ======'machine_var_audits_missing_switches_s_trough_4'====== Args={'value': 278, 'prev_value': None, 'change': True}
2025-10-27 15:25:29,350 : INFO : EventManager : Event: ======'machine_var_audits_missing_switches_s_trough_5'====== Args={'value': 278, 'prev_value': None, 'change': True}
2025-10-27 15:25:29,350 : INFO : EventManager : Event: ======'machine_var_audits_missing_switches_s_trough_6'====== Args={'value': 3, 'prev_value': None, 'change': True}
2025-10-27 15:25:29,350 : INFO : EventManager : Event: ======'machine_var_audits_player_score'====== Args={'value': {'average': 787666, 'top': [2229000, 73000, 61000], 'total': 3}, 'prev_value': None, 'change': True}
2025-10-27 15:25:29,350 : INFO : EventManager : Event: ======'machine_var_audits_shots_bumper_center'====== Args={'value': 501, 'prev_value': None, 'change': True}
2025-10-27 15:25:29,350 : INFO : EventManager : Event: ======'machine_var_audits_shots_bumper_left'====== Args={'value': 587, 'prev_value': None, 'change': True}
2025-10-27 15:25:29,350 : INFO : EventManager : Event: ======'machine_var_audits_shots_bumper_right'====== Args={'value': 369, 'prev_value': None, 'change': True}
2025-10-27 15:25:29,350 : INFO : EventManager : Event: ======'machine_var_audits_shots_mach_ramp'====== Args={'value': 111, 'prev_value': None, 'change': True}
2025-10-27 15:25:29,350 : INFO : EventManager : Event: ======'machine_var_audits_shots_mig_lane_left'====== Args={'value': 92, 'prev_value': None, 'change': True}
2025-10-27 15:25:29,350 : INFO : EventManager : Event: ======'machine_var_audits_shots_mig_lane_right'====== Args={'value': 13, 'prev_value': None, 'change': True}
2025-10-27 15:25:29,350 : INFO : EventManager : Event: ======'machine_var_audits_shots_orbit_upper'====== Args={'value': 13, 'prev_value': None, 'change': True}
2025-10-27 15:25:29,350 : INFO : EventManager : Event: ======'machine_var_audits_shots_ramp_inner'====== Args={'value': 40, 'prev_value': None, 'change': True}
2025-10-27 15:25:29,350 : INFO : EventManager : Event: ======'machine_var_audits_shots_spinner'====== Args={'value': 5, 'prev_value': None, 'change': True}
2025-10-27 15:25:29,350 : INFO : EventManager : Event: ======'machine_var_audits_switches_s_a_iceman_target'====== Args={'value': 27, 'prev_value': None, 'change': True}
2025-10-27 15:25:29,350 : INFO : EventManager : Event: ======'machine_var_audits_switches_s_barrier_target'====== Args={'value': 8, 'prev_value': None, 'change': True}
2025-10-27 15:25:29,350 : INFO : EventManager : Event: ======'machine_var_audits_switches_s_bumper_center'====== Args={'value': 521, 'prev_value': None, 'change': True}
2025-10-27 15:25:29,350 : INFO : EventManager : Event: ======'machine_var_audits_switches_s_bumper_left'====== Args={'value': 618, 'prev_value': None, 'change': True}
2025-10-27 15:25:29,350 : INFO : EventManager : Event: ======'machine_var_audits_switches_s_bumper_right'====== Args={'value': 375, 'prev_value': None, 'change': True}
2025-10-27 15:25:29,350 : INFO : EventManager : Event: ======'machine_var_audits_switches_s_c_iceman_target'====== Args={'value': 41, 'prev_value': None, 'change': True}
2025-10-27 15:25:29,350 : INFO : EventManager : Event: ======'machine_var_audits_switches_s_c_lock_target'====== Args={'value': 5, 'prev_value': None, 'change': True}
2025-10-27 15:25:29,350 : INFO : EventManager : Event: ======'machine_var_audits_switches_s_coin_door'====== Args={'value': 0, 'prev_value': None, 'change': True}
2025-10-27 15:25:29,350 : INFO : EventManager : Event: ======'machine_var_audits_switches_s_coin_door_credit_left'====== Args={'value': 0, 'prev_value': None, 'change': True}
2025-10-27 15:25:29,350 : INFO : EventManager : Event: ======'machine_var_audits_switches_s_coin_door_credit_right'====== Args={'value': 0, 'prev_value': None, 'change': True}
2025-10-27 15:25:29,350 : INFO : EventManager : Event: ======'machine_var_audits_switches_s_coin_door_service_1'====== Args={'value': 0, 'prev_value': None, 'change': True}
2025-10-27 15:25:29,350 : INFO : EventManager : Event: ======'machine_var_audits_switches_s_coin_door_service_2'====== Args={'value': 0, 'prev_value': None, 'change': True}
2025-10-27 15:25:29,351 : INFO : EventManager : Event: ======'machine_var_audits_switches_s_coin_door_service_3'====== Args={'value': 0, 'prev_value': None, 'change': True}
2025-10-27 15:25:29,351 : INFO : EventManager : Event: ======'machine_var_audits_switches_s_coin_door_service_4'====== Args={'value': 0, 'prev_value': None, 'change': True}
2025-10-27 15:25:29,351 : INFO : EventManager : Event: ======'machine_var_audits_switches_s_e_iceman_target'====== Args={'value': 59, 'prev_value': None, 'change': True}
2025-10-27 15:25:29,351 : INFO : EventManager : Event: ======'machine_var_audits_switches_s_flight_gear_target'====== Args={'value': 54, 'prev_value': None, 'change': True}
2025-10-27 15:25:29,351 : INFO : EventManager : Event: ======'machine_var_audits_switches_s_flipper_left'====== Args={'value': 9, 'prev_value': None, 'change': True}
2025-10-27 15:25:29,351 : INFO : EventManager : Event: ======'machine_var_audits_switches_s_flipper_left_eos'====== Args={'value': 0, 'prev_value': None, 'change': True}
2025-10-27 15:25:29,351 : INFO : EventManager : Event: ======'machine_var_audits_switches_s_flipper_left_upper'====== Args={'value': 0, 'prev_value': None, 'change': True}
2025-10-27 15:25:29,351 : INFO : EventManager : Event: ======'machine_var_audits_switches_s_flipper_left_upper_eos'====== Args={'value': 0, 'prev_value': None, 'change': True}
2025-10-27 15:25:29,351 : INFO : EventManager : Event: ======'machine_var_audits_switches_s_flipper_right'====== Args={'value': 17, 'prev_value': None, 'change': True}
2025-10-27 15:25:29,351 : INFO : EventManager : Event: ======'machine_var_audits_switches_s_flipper_right_eos'====== Args={'value': 0, 'prev_value': None, 'change': True}
2025-10-27 15:25:29,351 : INFO : EventManager : Event: ======'machine_var_audits_switches_s_i_iceman_target'====== Args={'value': 10, 'prev_value': None, 'change': True}
2025-10-27 15:25:29,351 : INFO : EventManager : Event: ======'machine_var_audits_switches_s_inlane_left'====== Args={'value': 53, 'prev_value': None, 'change': True}
2025-10-27 15:25:29,351 : INFO : EventManager : Event: ======'machine_var_audits_switches_s_inner_inlane_right'====== Args={'value': 4, 'prev_value': None, 'change': True}
2025-10-27 15:25:29,351 : INFO : EventManager : Event: ======'machine_var_audits_switches_s_jam'====== Args={'value': 1, 'prev_value': None, 'change': True}
2025-10-27 15:25:29,351 : INFO : EventManager : Event: ======'machine_var_audits_switches_s_k_lock_target'====== Args={'value': 5, 'prev_value': None, 'change': True}
2025-10-27 15:25:29,351 : INFO : EventManager : Event: ======'machine_var_audits_switches_s_l_lock_target'====== Args={'value': 5, 'prev_value': None, 'change': True}
2025-10-27 15:25:29,351 : INFO : EventManager : Event: ======'machine_var_audits_switches_s_lane_left'====== Args={'value': 253, 'prev_value': None, 'change': True}
2025-10-27 15:25:29,351 : INFO : EventManager : Event: ======'machine_var_audits_switches_s_lane_right'====== Args={'value': 164, 'prev_value': None, 'change': True}
2025-10-27 15:25:29,351 : INFO : EventManager : Event: ======'machine_var_audits_switches_s_lock_goose'====== Args={'value': 0, 'prev_value': None, 'change': True}
2025-10-27 15:25:29,351 : INFO : EventManager : Event: ======'machine_var_audits_switches_s_lock_mav'====== Args={'value': 0, 'prev_value': None, 'change': True}
2025-10-27 15:25:29,351 : INFO : EventManager : Event: ======'machine_var_audits_switches_s_lock_plunger'====== Args={'value': 3, 'prev_value': None, 'change': True}
2025-10-27 15:25:29,351 : INFO : EventManager : Event: ======'machine_var_audits_switches_s_m_iceman_target'====== Args={'value': 31, 'prev_value': None, 'change': True}
2025-10-27 15:25:29,351 : INFO : EventManager : Event: ======'machine_var_audits_switches_s_mig_lane_left'====== Args={'value': 123, 'prev_value': None, 'change': True}
2025-10-27 15:25:29,351 : INFO : EventManager : Event: ======'machine_var_audits_switches_s_mig_lane_right'====== Args={'value': 16, 'prev_value': None, 'change': True}
2025-10-27 15:25:29,352 : INFO : EventManager : Event: ======'machine_var_audits_switches_s_mode_start'====== Args={'value': 0, 'prev_value': None, 'change': True}
2025-10-27 15:25:29,352 : INFO : EventManager : Event: ======'machine_var_audits_switches_s_n_iceman_target'====== Args={'value': 64, 'prev_value': None, 'change': True}
2025-10-27 15:25:29,352 : INFO : EventManager : Event: ======'machine_var_audits_switches_s_o_lock_target'====== Args={'value': 5, 'prev_value': None, 'change': True}
2025-10-27 15:25:29,352 : INFO : EventManager : Event: ======'machine_var_audits_switches_s_orbit_left'====== Args={'value': 58, 'prev_value': None, 'change': True}
2025-10-27 15:25:29,352 : INFO : EventManager : Event: ======'machine_var_audits_switches_s_orbit_lower'====== Args={'value': 2, 'prev_value': None, 'change': True}
2025-10-27 15:25:29,352 : INFO : EventManager : Event: ======'machine_var_audits_switches_s_orbit_right'====== Args={'value': 15, 'prev_value': None, 'change': True}
2025-10-27 15:25:29,352 : INFO : EventManager : Event: ======'machine_var_audits_switches_s_orbit_upper'====== Args={'value': 17, 'prev_value': None, 'change': True}
2025-10-27 15:25:29,352 : INFO : EventManager : Event: ======'machine_var_audits_switches_s_outer_inlane_right'====== Args={'value': 6, 'prev_value': None, 'change': True}
2025-10-27 15:25:29,352 : INFO : EventManager : Event: ======'machine_var_audits_switches_s_outlane_left'====== Args={'value': 0, 'prev_value': None, 'change': True}
2025-10-27 15:25:29,352 : INFO : EventManager : Event: ======'machine_var_audits_switches_s_outlane_right'====== Args={'value': 4, 'prev_value': None, 'change': True}
2025-10-27 15:25:29,352 : INFO : EventManager : Event: ======'machine_var_audits_switches_s_plunger_lane'====== Args={'value': 46, 'prev_value': None, 'change': True}
2025-10-27 15:25:29,352 : INFO : EventManager : Event: ======'machine_var_audits_switches_s_ramp_inner_exit'====== Args={'value': 155, 'prev_value': None, 'change': True}
2025-10-27 15:25:29,352 : INFO : EventManager : Event: ======'machine_var_audits_switches_s_ramp_left_exit'====== Args={'value': 0, 'prev_value': None, 'change': True}
2025-10-27 15:25:29,352 : INFO : EventManager : Event: ======'machine_var_audits_switches_s_ramp_right_exit'====== Args={'value': 7, 'prev_value': None, 'change': True}
2025-10-27 15:25:29,352 : INFO : EventManager : Event: ======'machine_var_audits_switches_s_ramp_tower_exit'====== Args={'value': 6, 'prev_value': None, 'change': True}
2025-10-27 15:25:29,352 : INFO : EventManager : Event: ======'machine_var_audits_switches_s_shooter_lane'====== Args={'value': 235, 'prev_value': None, 'change': True}
2025-10-27 15:25:29,352 : INFO : EventManager : Event: ======'machine_var_audits_switches_s_slingshot_left'====== Args={'value': 8, 'prev_value': None, 'change': True}
2025-10-27 15:25:29,352 : INFO : EventManager : Event: ======'machine_var_audits_switches_s_slingshot_right'====== Args={'value': 7, 'prev_value': None, 'change': True}
2025-10-27 15:25:29,352 : INFO : EventManager : Event: ======'machine_var_audits_switches_s_spinner'====== Args={'value': 112, 'prev_value': None, 'change': True}
2025-10-27 15:25:29,352 : INFO : EventManager : Event: ======'machine_var_audits_switches_s_start'====== Args={'value': 162, 'prev_value': None, 'change': True}
2025-10-27 15:25:29,352 : INFO : EventManager : Event: ======'machine_var_audits_switches_s_tilt'====== Args={'value': 0, 'prev_value': None, 'change': True}
2025-10-27 15:25:29,352 : INFO : EventManager : Event: ======'machine_var_audits_switches_s_trough_1'====== Args={'value': 2, 'prev_value': None, 'change': True}
2025-10-27 15:25:29,352 : INFO : EventManager : Event: ======'machine_var_audits_switches_s_trough_2'====== Args={'value': 1, 'prev_value': None, 'change': True}
2025-10-27 15:25:29,352 : INFO : EventManager : Event: ======'machine_var_audits_switches_s_trough_3'====== Args={'value': 1, 'prev_value': None, 'change': True}
2025-10-27 15:25:29,353 : INFO : EventManager : Event: ======'machine_var_audits_switches_s_trough_4'====== Args={'value': 0, 'prev_value': None, 'change': True}
2025-10-27 15:25:29,353 : INFO : EventManager : Event: ======'machine_var_audits_switches_s_trough_5'====== Args={'value': 0, 'prev_value': None, 'change': True}
2025-10-27 15:25:29,353 : INFO : EventManager : Event: ======'machine_var_audits_switches_s_trough_6'====== Args={'value': 163, 'prev_value': None, 'change': True}
2025-10-27 15:25:29,353 : INFO : EventManager : Event: ======'init_phase_5'====== Args={}
2025-10-27 15:25:29,353 : INFO : EventManager : Event: ======'init_done'====== Args={}
2025-10-27 15:25:29,353 : INFO : EventManager : Event: ======'machine_reset_phase_1'====== Args={}
2025-10-27 15:25:29,362 : INFO : EventManager : Event: ======'machine_reset_phase_2'====== Args={}
2025-10-27 15:25:29,363 : INFO : EventManager : Event: ======'machine_reset_phase_3'====== Args={}
2025-10-27 15:25:29,363 : INFO : EventManager : Event: ======'reset_complete'====== Args={}
2025-10-27 15:25:29,363 : INFO : EventManager : Event: ======'mode_attract_will_start'====== Args={}
2025-10-27 15:25:29,363 : INFO : Timer.attract_carousel_timer : Starting Timer.
2025-10-27 15:25:29,363 : INFO : EventManager : Event: ======'timer_attract_carousel_timer_started'====== Args={'ticks': 0, 'ticks_remaining': 1}
2025-10-27 15:25:29,363 : INFO : EventManager : Event: ======'timer_attract_carousel_timer_tick'====== Args={'ticks': 0, 'ticks_remaining': 1}
2025-10-27 15:25:29,364 : INFO : EventManager : Event: ======'mode_attract_starting'====== Args={}
2025-10-27 15:25:29,365 : INFO : Mode.attract : Started. Priority: 10
2025-10-27 15:25:29,365 : INFO : EventManager : Event: ======'modes_active_modes_changed'====== Args={}
2025-10-27 15:25:29,365 : INFO : EventManager : Event: ======'mode_attract_started'====== Args={}
2025-10-27 15:25:29,365 : INFO : EventManager : Event: ======'attract_cycle_step1'====== Args={'priority': 0}
2025-10-27 15:25:29,365 : INFO : EventManager : Event: ======'collecting_balls_complete'====== Args={}
2025-10-27 15:25:29,366 : INFO : EventManager : Event: ======'item_highlighted'====== Args={'carousel': 'attract', 'direction': None, 'item': 'title'}
2025-10-27 15:25:29,366 : INFO : EventManager : Event: ======'timer_attract_carousel_timer_tick'====== Args={'ticks': 0, 'ticks_remaining': 1}
2025-10-27 15:25:29,366 : INFO : Machine : Starting the main run loop with active modes: [<Mode.attract>]
2025-10-27 15:25:29,446 : INFO : EventManager : Event: ======'slide_attract_created'====== Args={'_from_bcp': True}
2025-10-27 15:25:29,446 : INFO : EventManager : Event: ======'slide__removed'====== Args={'_from_bcp': True}
2025-10-27 15:25:29,446 : INFO : EventManager : Event: ======'slide_attract_active'====== Args={'original_context': 'attract', 'original_calling_context': 'mode_attract_started', 'priority': 10.0, 'cmd': 'slides_play', '_from_bcp': True}
2025-10-27 15:25:29,568 : INFO : BcpServer : New client connected.
2025-10-27 15:25:34,588 : INFO : SwitchController : <<<<<<< 's_start' active >>>>>>>
2025-10-27 15:25:34,768 : INFO : SwitchController : <<<<<<< 's_start' inactive >>>>>>>
2025-10-27 15:25:34,768 : INFO : EventManager : Event: ======'request_to_start_game'====== Args={}
2025-10-27 15:25:34,768 : INFO : EventManager : Event: ======'game_start'====== Args={'buttons': [], 'hold_time': 0.18799999996554106}
2025-10-27 15:25:34,769 : INFO : EventManager : Event: ======'mode_game_will_start'====== Args={'buttons': [], 'hold_time': 0.18799999996554106}
2025-10-27 15:25:34,769 : INFO : EventManager : Event: ======'mode_game_starting'====== Args={'buttons': [], 'hold_time': 0.18799999996554106}
2025-10-27 15:25:34,769 : INFO : EventManager : Event: ======'mode_attract_will_stop'====== Args={}
2025-10-27 15:25:34,769 : INFO : EventManager : Event: ======'mode_attract_stopping'====== Args={}
2025-10-27 15:25:34,769 : INFO : Mode.game : Started. Priority: 20
2025-10-27 15:25:34,769 : INFO : EventManager : Event: ======'modes_active_modes_changed'====== Args={}
2025-10-27 15:25:34,769 : INFO : EventManager : Event: ======'mode_game_started'====== Args={'buttons': [], 'hold_time': 0.18799999996554106}
2025-10-27 15:25:34,772 : INFO : Mode.attract : Stopped.
2025-10-27 15:25:34,772 : INFO : EventManager : Event: ======'modes_active_modes_changed'====== Args={}
2025-10-27 15:25:34,772 : INFO : EventManager : Event: ======'mode_attract_stopped'====== Args={}
2025-10-27 15:25:34,772 : INFO : EventManager : Event: ======'clear'====== Args={'key': 'attract'}
2025-10-27 15:25:34,772 : INFO : Timer.attract_carousel_timer : Stopping Timer
2025-10-27 15:25:34,773 : INFO : EventManager : Event: ======'timer_attract_carousel_timer_stopped'====== Args={'ticks': 0, 'ticks_remaining': 1}
2025-10-27 15:25:34,773 : INFO : EventManager : Event: ======'game_will_start'====== Args={}
2025-10-27 15:25:34,776 : INFO : EventManager : Event: ======'game_starting'====== Args={'game': <Mode.game>}
2025-10-27 15:25:34,776 : INFO : EventManager : Unordered handler for class <Auditor> on event game_ended with priority 1. Handlers: [RegisteredHandler(callback=<bound method Auditor.disable of <Auditor>>, priority=1, kwargs={}, key=UUID('f3405de5-0c46-4ca3-94c6-0fe46605e543'), condition=None, blocking_facility=None), RegisteredHandler(callback=<bound method Auditor._save_audits of <Auditor>>, priority=1, kwargs={}, key=UUID('b7f6a918-5207-4498-a5f9-483cdd980ea3'), condition=None, blocking_facility=None)]. The order of those handlers is not defined and they will be executed in random order. This might lead to race conditions and potential bugs.
2025-10-27 15:25:34,777 : INFO : EventManager : Event: ======'player_add_request'====== Args={}
2025-10-27 15:25:34,777 : INFO : EventManager : Event: ======'player_will_add'====== Args={'number': 1}
2025-10-27 15:25:34,777 : INFO : EventManager : Event: ======'player_adding'====== Args={'player': <Player 1>, 'number': 1}
2025-10-27 15:25:34,777 : INFO : EventManager : Event: ======'player_added'====== Args={'player': <Player 1>, 'num': 1}
2025-10-27 15:25:34,777 : INFO : Mode.game : Player added successfully. Total players: 1
2025-10-27 15:25:34,778 : INFO : EventManager : Event: ======'player_index'====== Args={'value': 0, 'prev_value': 0, 'change': 0, 'player_num': 1}
2025-10-27 15:25:34,778 : INFO : EventManager : Event: ======'player_number'====== Args={'value': 1, 'prev_value': 1, 'change': 0, 'player_num': 1}
2025-10-27 15:25:34,778 : INFO : EventManager : Event: ======'player_mach_level'====== Args={'value': 1.0, 'prev_value': 1.0, 'change': 0, 'player_num': 1}
2025-10-27 15:25:34,778 : INFO : EventManager : Event: ======'player_mach_step'====== Args={'value': 0, 'prev_value': 0, 'change': 0, 'player_num': 1}
2025-10-27 15:25:34,779 : INFO : EventManager : Event: ======'player_score'====== Args={'value': 0, 'prev_value': 0, 'change': 0, 'player_num': 1}
2025-10-27 15:25:34,779 : INFO : EventManager : Event: ======'game_started'====== Args={}
2025-10-27 15:25:34,781 : INFO : EventManager : Event: ======'player_turn_will_start'====== Args={'player': <Player 1>, 'number': 1}
2025-10-27 15:25:34,781 : INFO : EventManager : Event: ======'player_turn_starting'====== Args={'player': <Player 1>, 'number': 1}
2025-10-27 15:25:34,788 : INFO : EventManager : Event: ======'player_ball'====== Args={'value': 1, 'prev_value': 0, 'change': 1, 'player_num': 1}
2025-10-27 15:25:34,788 : INFO : EventManager : Event: ======'player_turn_started'====== Args={'player': <Player 1>, 'number': 1}
2025-10-27 15:25:34,789 : INFO : EventManager : Event: ======'ui_player_1_up'====== Args={'priority': 0}
2025-10-27 15:25:34,790 : INFO : EventManager : Event: ======'ball_will_start'====== Args={'player': 1, 'ball': 1, 'balls_remaining': 2, 'is_extra_ball': False}
2025-10-27 15:25:34,790 : INFO : EventManager : Event: ======'ball_starting'====== Args={'player': 1, 'ball': 1, 'balls_remaining': 2, 'is_extra_ball': False}
2025-10-27 15:25:34,791 : INFO : EventManager : Event: ======'mode_base_will_start'====== Args={'queue': <QueuedEvent>, 'player': 1, 'ball': 1, 'balls_remaining': 2, 'is_extra_ball': False}
2025-10-27 15:25:34,792 : INFO : EventManager : Event: ======'mode_base_starting'====== Args={'queue': <QueuedEvent>, 'player': 1, 'ball': 1, 'balls_remaining': 2, 'is_extra_ball': False}
2025-10-27 15:25:34,793 : INFO : Mode.base : Started. Priority: 100
2025-10-27 15:25:34,793 : INFO : EventManager : Event: ======'modes_active_modes_changed'====== Args={}
2025-10-27 15:25:34,793 : INFO : EventManager : Event: ======'mode_base_started'====== Args={'queue': <QueuedEvent>, 'player': 1, 'ball': 1, 'balls_remaining': 2, 'is_extra_ball': False}
2025-10-27 15:25:34,794 : INFO : EventManager : Event: ======'mode_mach_scoring_will_start'====== Args={'queue': <QueuedEvent>, 'player': 1, 'ball': 1, 'balls_remaining': 2, 'is_extra_ball': False}
2025-10-27 15:25:34,794 : INFO : EventManager : Event: ======'player_shot_mach_ramp_enabled'====== Args={'value': True, 'prev_value': 0, 'change': 1, 'player_num': 1}
2025-10-27 15:25:34,794 : INFO : EventManager : Event: ======'player_mach_scoring_mach_qualify_timer_tick'====== Args={'value': 10, 'prev_value': 0, 'change': 10, 'player_num': 1}
2025-10-27 15:25:34,795 : INFO : EventManager : Event: ======'player_mach_scoring_mach_timer_tick'====== Args={'value': 20, 'prev_value': 0, 'change': 20, 'player_num': 1}
2025-10-27 15:25:34,799 : INFO : EventManager : Event: ======'mode_mach_scoring_starting'====== Args={'queue': <QueuedEvent>, 'player': 1, 'ball': 1, 'balls_remaining': 2, 'is_extra_ball': False}
2025-10-27 15:25:34,799 : INFO : EventManager : Event: ======'mode_pilot_mission_qualifier_will_start'====== Args={'queue': <QueuedEvent>, 'player': 1, 'ball': 1, 'balls_remaining': 2, 'is_extra_ball': False}
2025-10-27 15:25:34,835 : INFO : EventManager : Event: ======'mode_pilot_mission_qualifier_starting'====== Args={'queue': <QueuedEvent>, 'player': 1, 'ball': 1, 'balls_remaining': 2, 'is_extra_ball': False}
2025-10-27 15:25:34,835 : INFO : EventManager : Event: ======'start_mode_bumpers'====== Args={'priority': 0}
2025-10-27 15:25:34,835 : INFO : EventManager : Event: ======'mode_bumpers_will_start'====== Args={'priority': 0}
2025-10-27 15:25:34,836 : INFO : EventManager : Event: ======'player_shot_bumper_left_enabled'====== Args={'value': True, 'prev_value': 0, 'change': 1, 'player_num': 1}
2025-10-27 15:25:34,836 : INFO : EventManager : Event: ======'player_shot_bumper_center_enabled'====== Args={'value': True, 'prev_value': 0, 'change': 1, 'player_num': 1}
2025-10-27 15:25:34,836 : INFO : EventManager : Event: ======'player_shot_bumper_right_enabled'====== Args={'value': True, 'prev_value': 0, 'change': 1, 'player_num': 1}
2025-10-27 15:25:34,837 : INFO : EventManager : Event: ======'bumpers_complete'====== Args={'state': 'unlit'}
2025-10-27 15:25:34,837 : INFO : EventManager : Event: ======'bumpers_unlit_complete'====== Args={}
2025-10-27 15:25:34,837 : INFO : EventManager : Event: ======'mode_bumpers_starting'====== Args={'priority': 0}
2025-10-27 15:25:34,837 : INFO : Mode.bumpers : Started. Priority: 200
2025-10-27 15:25:34,837 : INFO : EventManager : Event: ======'modes_active_modes_changed'====== Args={}
2025-10-27 15:25:34,838 : INFO : EventManager : Event: ======'mode_bumpers_started'====== Args={'priority': 0}
2025-10-27 15:25:34,838 : INFO : Mode.pilot_mission_qualifier : Started. Priority: 200
2025-10-27 15:25:34,838 : INFO : EventManager : Event: ======'modes_active_modes_changed'====== Args={}
2025-10-27 15:25:34,838 : INFO : EventManager : Event: ======'mode_pilot_mission_qualifier_started'====== Args={'queue': <QueuedEvent>, 'player': 1, 'ball': 1, 'balls_remaining': 2, 'is_extra_ball': False}
2025-10-27 15:25:34,839 : INFO : Mode.mach_scoring : Started. Priority: 500
2025-10-27 15:25:34,839 : INFO : EventManager : Event: ======'modes_active_modes_changed'====== Args={}
2025-10-27 15:25:34,839 : INFO : EventManager : Event: ======'mode_mach_scoring_started'====== Args={'queue': <QueuedEvent>, 'player': 1, 'ball': 1, 'balls_remaining': 2, 'is_extra_ball': False}
2025-10-27 15:25:34,839 : INFO : EventManager : Event: ======'balls_in_play'====== Args={'balls': 1}
2025-10-27 15:25:34,841 : INFO : EventManager : Event: ======'ball_started'====== Args={'player': 1, 'ball': 1, 'balls_remaining': 2, 'is_extra_ball': False}
2025-10-27 15:25:34,842 : INFO : EventManager : Event: ======'single_player_ball_started'====== Args={}
2025-10-27 15:25:34,843 : INFO : EventManager : Event: ======'ball_start_target'====== Args={'target': 'playfield'}
2025-10-27 15:25:34,843 : INFO : ball_device.bd_plunger : Setting up player-controlled eject. Balls: 1, Target: <playfield.playfield>, player_controlled_eject_event: None
2025-10-27 15:25:34,843 : INFO : EventManager : Event: ======'balldevice_balls_available'====== Args={}
2025-10-27 15:25:34,844 : INFO : ball_device.bd_trough : State: waiting_for_target_ready
2025-10-27 15:25:34,845 : INFO : EventManager : Event: ======'balldevice_bd_trough_ball_eject_attempt'====== Args={'balls': 1, 'target': <ball_device.bd_plunger>, 'source': <ball_device.bd_trough>, 'mechanical_eject': True, 'num_attempts': 0}
2025-10-27 15:25:34,845 : INFO : ball_device.bd_plunger : State: waiting_for_ball
2025-10-27 15:25:34,846 : INFO : ball_device.bd_trough : State: ejecting
2025-10-27 15:25:34,846 : INFO : ball_device.bd_trough : Ejecting ball to <ball_device.bd_plunger>
2025-10-27 15:25:34,846 : INFO : EventManager : Event: ======'balldevice_bd_trough_ejecting_ball'====== Args={'balls': 1, 'target': <ball_device.bd_plunger>, 'source': <ball_device.bd_trough>, 'mechanical_eject': True, 'num_attempts': 0}
2025-10-27 15:25:34,847 : INFO : ball_device.bd_trough : Wait for ball to leave device
2025-10-27 15:25:34,847 : INFO : coil.c_trough_eject : Pulsing Driver for 10ms (0.75 pulse_power)
2025-10-27 15:25:34,895 : INFO : EventManager : Event: ======'slide_base_slide_created'====== Args={'_from_bcp': True}
2025-10-27 15:25:34,896 : INFO : EventManager : Event: ======'slide_attract_inactive'====== Args={'is_removing': True, '_from_bcp': True}
2025-10-27 15:25:34,897 : INFO : EventManager : Event: ======'slide_base_slide_active'====== Args={'original_context': 'base', 'original_calling_context': 'mode_base_started', 'priority': 100.0, 'queue': '<QueuedEvent>', 'player': 1.0, 'ball': 1.0, 'balls_remaining': 2.0, 'is_extra_ball': False, 'cmd': 'slides_play', '_from_bcp': True}
2025-10-27 15:25:34,901 : INFO : EventManager : Event: ======'slide_attract_removed'====== Args={'_from_bcp': True}
2025-10-27 15:25:34,915 : INFO : EventManager : Event: ======'slide_topgun_0_created'====== Args={'_from_bcp': True}
2025-10-27 15:25:34,915 : INFO : EventManager : Event: ======'slide_base_slide_inactive'====== Args={'is_removing': False, '_from_bcp': True}
2025-10-27 15:25:34,916 : INFO : EventManager : Event: ======'slide_topgun_0_active'====== Args={'original_context': 'pilot_mission_qualifier', 'original_calling_context': 'mode_pilot_mission_qualifier_started{current_player.topgun_shots_collected==0 and current_player.qualified_mode_number==0}', 'priority': 200.0, 'queue': '<QueuedEvent>', 'player': 1.0, 'ball': 1.0, 'balls_remaining': 2.0, 'is_extra_ball': False, 'cmd': 'slides_play', '_from_bcp': True}
2025-10-27 15:25:34,920 : INFO : EventManager : Event: ======'slide_mach_1_created'====== Args={'_from_bcp': True}
2025-10-27 15:25:34,921 : INFO : EventManager : Event: ======'slide_topgun_0_inactive'====== Args={'is_removing': False, '_from_bcp': True}
2025-10-27 15:25:34,921 : INFO : EventManager : Event: ======'slide_mach_1_active'====== Args={'original_context': 'mach_scoring', 'original_calling_context': 'mode_mach_scoring_started', 'priority': 500.0, 'queue': '<QueuedEvent>', 'player': 1.0, 'ball': 1.0, 'balls_remaining': 2.0, 'is_extra_ball': False, 'cmd': 'slides_play', '_from_bcp': True}
2025-10-27 15:25:35,362 : INFO : SwitchController : <<<<<<< 's_trough_6' inactive >>>>>>>
2025-10-27 15:25:35,363 : INFO : ball_device.bd_trough : State: ball_left
2025-10-27 15:25:35,363 : INFO : ball_device.bd_trough : Ball left
2025-10-27 15:25:35,363 : INFO : ball_device.bd_trough : Wait for confirm with timeout 3.0
2025-10-27 15:25:35,940 : INFO : SwitchController : <<<<<<< 's_shooter_lane' active >>>>>>>
2025-10-27 15:25:35,941 : INFO : EventManager : Event: ======'s_shooter_lane_active'====== Args={}
2025-10-27 15:25:35,941 : INFO : EventManager : Event: ======'machine_var_audits_switches_s_shooter_lane'====== Args={'value': 236, 'prev_value': 235, 'change': 1}
2025-10-27 15:25:35,942 : INFO : EventManager : Event: ======'mode_skillshot_will_start'====== Args={}
2025-10-27 15:25:35,942 : INFO : EventManager : Event: ======'player_shot_mig_lane_left_enabled'====== Args={'value': True, 'prev_value': 0, 'change': 1, 'player_num': 1}
2025-10-27 15:25:35,943 : INFO : EventManager : Event: ======'player_shot_mig_lane_right_enabled'====== Args={'value': True, 'prev_value': 0, 'change': 1, 'player_num': 1}
2025-10-27 15:25:35,943 : INFO : EventManager : Event: ======'player_shot_spinner_enabled'====== Args={'value': True, 'prev_value': 0, 'change': 1, 'player_num': 1}
2025-10-27 15:25:35,943 : INFO : EventManager : Event: ======'player_shot_orbit_upper_enabled'====== Args={'value': True, 'prev_value': 0, 'change': 1, 'player_num': 1}
2025-10-27 15:25:35,945 : INFO : EventManager : Event: ======'player_shot_ramp_inner_enabled'====== Args={'value': True, 'prev_value': 0, 'change': 1, 'player_num': 1}
2025-10-27 15:25:35,945 : INFO : EventManager : Event: ======'skillshot_group_complete'====== Args={'state': 'off'}
2025-10-27 15:25:35,945 : INFO : EventManager : Event: ======'skillshot_group_off_complete'====== Args={}
2025-10-27 15:25:35,946 : INFO : EventManager : Event: ======'player_skillshot_skillshot_tick'====== Args={'value': 9, 'prev_value': 0, 'change': 9, 'player_num': 1}
2025-10-27 15:25:35,947 : INFO : EventManager : Event: ======'player_skillshot_skillshot_sound_loop_tick'====== Args={'value': 0, 'prev_value': 0, 'change': 0, 'player_num': 1}
2025-10-27 15:25:35,951 : INFO : EventManager : Event: ======'mode_skillshot_starting'====== Args={}
2025-10-27 15:25:35,951 : INFO : Mode.skillshot : Started. Priority: 100
2025-10-27 15:25:35,951 : INFO : EventManager : Event: ======'modes_active_modes_changed'====== Args={}
2025-10-27 15:25:35,951 : INFO : EventManager : Event: ======'mode_skillshot_started'====== Args={}
2025-10-27 15:25:35,951 : INFO : EventManager : Event: ======'player_pilot_qualifier_paused'====== Args={'value': 1, 'prev_value': 0, 'change': 1, 'player_num': 1, 'source': 'pilot_mission_qualifier'}
2025-10-27 15:25:35,951 : INFO : EventManager : Event: ======'player_shot_mig_lane_left'====== Args={'value': 1, 'prev_value': 0, 'change': 1, 'player_num': 1}
2025-10-27 15:25:35,952 : INFO : EventManager : Event: ======'player_shot_mig_lane_right'====== Args={'value': 1, 'prev_value': 0, 'change': 1, 'player_num': 1}
2025-10-27 15:25:35,953 : INFO : EventManager : Event: ======'player_shot_spinner'====== Args={'value': 1, 'prev_value': 0, 'change': 1, 'player_num': 1}
2025-10-27 15:25:35,953 : INFO : EventManager : Event: ======'player_shot_orbit_upper'====== Args={'value': 1, 'prev_value': 0, 'change': 1, 'player_num': 1}
2025-10-27 15:25:35,954 : INFO : EventManager : Event: ======'player_shot_ramp_inner'====== Args={'value': 1, 'prev_value': 0, 'change': 1, 'player_num': 1}
2025-10-27 15:25:35,955 : INFO : Timer.skillshot_sound_loop : Starting Timer.
2025-10-27 15:25:35,955 : INFO : EventManager : Event: ======'timer_skillshot_sound_loop_started'====== Args={'ticks': 0, 'ticks_remaining': 999}
2025-10-27 15:25:35,955 : INFO : EventManager : Event: ======'timer_skillshot_sound_loop_tick'====== Args={'ticks': 0, 'ticks_remaining': 999}
2025-10-27 15:25:35,955 : INFO : EventManager : Event: ======'skillshot_group_complete'====== Args={'state': 'lit'}
2025-10-27 15:25:35,957 : INFO : EventManager : Event: ======'skillshot_group_lit_complete'====== Args={}
2025-10-27 15:25:36,004 : INFO : EventManager : Event: ======'slide_skillshot_ball_in_shooter_lane_created'====== Args={'_from_bcp': True}
2025-10-27 15:25:36,249 : INFO : ball_device.bd_plunger : Received ball from <ball_device.bd_trough>
2025-10-27 15:25:36,249 : INFO : EventManager : Event: ======'balldevice_bd_plunger_ball_enter'====== Args={'new_balls': 1, 'unclaimed_balls': 0, 'new_available_balls': 0, 'device': <ball_device.bd_plunger>}
2025-10-27 15:25:36,250 : INFO : EventManager : Event: ======'balldevice_bd_plunger_ball_entered'====== Args={'new_balls': 0, 'device': <ball_device.bd_plunger>}
2025-10-27 15:25:36,251 : INFO : EventManager : Event: ======'balldevice_bd_plunger_ball_count_changed'====== Args={'balls': 1}
2025-10-27 15:25:36,251 : INFO : ball_device.bd_trough : Got eject confirm
2025-10-27 15:25:36,251 : INFO : ball_device.bd_trough : Eject successful
2025-10-27 15:25:36,251 : INFO : EventManager : Event: ======'balldevice_bd_trough_ball_eject_success'====== Args={'balls': 1, 'target': <ball_device.bd_plunger>}
2025-10-27 15:25:36,252 : INFO : EventManager : Event: ======'balldevice_bd_trough_ball_count_changed'====== Args={'balls': 5}
2025-10-27 15:25:36,252 : INFO : ball_device.bd_trough : State: idle
2025-10-27 15:25:36,252 : INFO : ball_device.bd_plunger : State: waiting_for_target_ready
2025-10-27 15:25:36,253 : INFO : EventManager : Event: ======'balldevice_bd_plunger_ball_eject_attempt'====== Args={'balls': 1, 'target': <playfield.playfield>, 'source': <ball_device.bd_plunger>, 'mechanical_eject': True, 'num_attempts': 0}
2025-10-27 15:25:36,253 : INFO : ball_device.bd_plunger : State: ejecting
2025-10-27 15:25:36,255 : INFO : ball_device.bd_plunger : Ejecting ball to <playfield.playfield>
2025-10-27 15:25:36,255 : INFO : EventManager : Event: ======'balldevice_bd_plunger_ejecting_ball'====== Args={'balls': 1, 'target': <playfield.playfield>, 'source': <ball_device.bd_plunger>, 'mechanical_eject': True, 'num_attempts': 0}
2025-10-27 15:25:36,255 : INFO : EventManager : Event: ======'video_idle_start'====== Args={'priority': 0}
2025-10-27 15:25:36,256 : INFO : ball_device.bd_plunger : Wait for ball to leave device
2025-10-27 15:25:36,894 : INFO : SwitchController : <<<<<<< 's_shooter_lane' inactive >>>>>>>
2025-10-27 15:25:36,895 : INFO : EventManager : Event: ======'s_shooter_lane_inactive'====== Args={}
2025-10-27 15:25:36,896 : INFO : Timer.skillshot : Starting Timer.
2025-10-27 15:25:36,896 : INFO : EventManager : Event: ======'timer_skillshot_started'====== Args={'ticks': 9, 'ticks_remaining': 9}
2025-10-27 15:25:36,896 : INFO : EventManager : Event: ======'timer_skillshot_tick'====== Args={'ticks': 9, 'ticks_remaining': 9}
2025-10-27 15:25:36,896 : INFO : Timer.skillshot_sound_loop : Stopping Timer
2025-10-27 15:25:36,897 : INFO : EventManager : Event: ======'timer_skillshot_sound_loop_stopped'====== Args={'ticks': 0, 'ticks_remaining': 999}
2025-10-27 15:25:36,897 : INFO : EventManager : Event: ======'video_launch_start'====== Args={'priority': 0}
2025-10-27 15:25:36,898 : INFO : ball_device.bd_plunger : State: ball_left
2025-10-27 15:25:36,898 : INFO : ball_device.bd_plunger : Ball left
2025-10-27 15:25:36,899 : INFO : ball_device.bd_plunger : Wait for confirm with timeout 3.0
2025-10-27 15:25:36,899 : INFO : EventManager : Event: ======'slide_skillshot_ball_in_shooter_lane_removed'====== Args={'_from_bcp': True}
2025-10-27 15:25:36,925 : INFO : EventManager : Event: ======'slide_skillshot_ball_launched_created'====== Args={'_from_bcp': True}
2025-10-27 15:25:37,575 : INFO : SwitchController : <<<<<<< 's_lane_right' active >>>>>>>
2025-10-27 15:25:37,575 : INFO : EventManager : Event: ======'sw_playfield_active'====== Args={}
2025-10-27 15:25:37,575 : INFO : EventManager : Event: ======'machine_var_audits_switches_s_lane_right'====== Args={'value': 165, 'prev_value': 164, 'change': 1}
2025-10-27 15:25:37,577 : INFO : EventManager : Event: ======'playfield_active'====== Args={'source': None}
2025-10-27 15:25:37,661 : INFO : SwitchController : <<<<<<< 's_lane_right' inactive >>>>>>>
2025-10-27 15:25:37,902 : INFO : EventManager : Event: ======'player_skillshot_skillshot_tick'====== Args={'value': 8, 'prev_value': 9, 'change': -1, 'player_num': 1}
2025-10-27 15:25:37,903 : INFO : EventManager : Event: ======'timer_skillshot_tick'====== Args={'ticks': 8, 'ticks_remaining': 8}
2025-10-27 15:25:38,898 : INFO : EventManager : Event: ======'player_skillshot_skillshot_tick'====== Args={'value': 7, 'prev_value': 8, 'change': -1, 'player_num': 1}
2025-10-27 15:25:38,898 : INFO : EventManager : Event: ======'timer_skillshot_tick'====== Args={'ticks': 7, 'ticks_remaining': 7}
2025-10-27 15:25:39,894 : INFO : EventManager : Event: ======'player_skillshot_skillshot_tick'====== Args={'value': 6, 'prev_value': 7, 'change': -1, 'player_num': 1}
2025-10-27 15:25:39,894 : INFO : EventManager : Event: ======'timer_skillshot_tick'====== Args={'ticks': 6, 'ticks_remaining': 6}
2025-10-27 15:25:39,895 : INFO : ball_device.bd_plunger : State: failed_confirm
2025-10-27 15:25:39,895 : INFO : ball_device.bd_plunger : Got timeout (3.0s) before confirm from <playfield.playfield>
2025-10-27 15:25:39,987 : INFO : ball_device.bd_plunger : Confirming eject because target is playfield and ball did not return.
2025-10-27 15:25:39,987 : INFO : ball_device.bd_plunger : Eject successful
2025-10-27 15:25:39,988 : INFO : EventManager : Event: ======'balldevice_bd_plunger_ball_eject_success'====== Args={'balls': 1, 'target': <playfield.playfield>}
2025-10-27 15:25:39,988 : INFO : EventManager : Event: ======'balldevice_playfield_ball_enter'====== Args={'new_balls': 1, 'unclaimed_balls': 1, 'device': <playfield.playfield>}
2025-10-27 15:25:39,989 : INFO : EventManager : Event: ======'playfield_ball_count_change'====== Args={'balls': 1, 'change': 1}
2025-10-27 15:25:39,989 : INFO : EventManager : Event: ======'balldevice_bd_plunger_ball_count_changed'====== Args={'balls': 0}
2025-10-27 15:25:39,989 : INFO : ball_device.bd_plunger : State: idle
2025-10-27 15:25:40,325 : INFO : EventManager : Event: ======'slide_skillshot_ball_launched_removed'====== Args={'_from_bcp': True}
2025-10-27 15:25:40,325 : INFO : EventManager : Event: ======'start_bg_video'====== Args={'_from_bcp': True}
2025-10-27 15:25:40,326 : INFO : EventManager : Event: ======'new_video'====== Args={'_from_bcp': True}
2025-10-27 15:25:40,911 : INFO : EventManager : Event: ======'player_skillshot_skillshot_tick'====== Args={'value': 5, 'prev_value': 6, 'change': -1, 'player_num': 1}
2025-10-27 15:25:40,911 : INFO : EventManager : Event: ======'timer_skillshot_tick'====== Args={'ticks': 5, 'ticks_remaining': 5}
2025-10-27 15:25:41,898 : INFO : EventManager : Event: ======'player_skillshot_skillshot_tick'====== Args={'value': 4, 'prev_value': 5, 'change': -1, 'player_num': 1}
2025-10-27 15:25:41,898 : INFO : EventManager : Event: ======'timer_skillshot_tick'====== Args={'ticks': 4, 'ticks_remaining': 4}
2025-10-27 15:25:42,911 : INFO : EventManager : Event: ======'player_skillshot_skillshot_tick'====== Args={'value': 3, 'prev_value': 4, 'change': -1, 'player_num': 1}
2025-10-27 15:25:42,912 : INFO : EventManager : Event: ======'timer_skillshot_tick'====== Args={'ticks': 3, 'ticks_remaining': 3}
2025-10-27 15:25:43,658 : INFO : SwitchController : <<<<<<< 's_ramp_inner_exit' active >>>>>>>
2025-10-27 15:25:43,658 : INFO : EventManager : Event: ======'s_ramp_inner_exit_active'====== Args={}
2025-10-27 15:25:43,659 : INFO : EventManager : Event: ======'sw_playfield_active'====== Args={}
2025-10-27 15:25:43,659 : INFO : EventManager : Event: ======'sw_playfield_active'====== Args={}
2025-10-27 15:25:43,659 : INFO : EventManager : Event: ======'machine_var_audits_switches_s_ramp_inner_exit'====== Args={'value': 156, 'prev_value': 155, 'change': 1}
2025-10-27 15:25:43,661 : INFO : EventManager : Event: ======'player_shot_mach_ramp'====== Args={'value': 1, 'prev_value': 0, 'change': 1, 'player_num': 1}
2025-10-27 15:25:43,662 : INFO : EventManager : Event: ======'machine_var_audits_shots_mach_ramp'====== Args={'value': 112, 'prev_value': 111, 'change': 1}
2025-10-27 15:25:43,662 : INFO : EventManager : Event: ======'mach_ramp_hit'====== Args={'profile': 'default', 'state': 'unlit', 'advancing': True}
2025-10-27 15:25:43,662 : INFO : EventManager : Event: ======'mach_ramp_default_hit'====== Args={'profile': 'default', 'state': 'unlit', 'advancing': True}
2025-10-27 15:25:43,663 : INFO : EventManager : Event: ======'mach_ramp_default_unlit_hit'====== Args={'profile': 'default', 'state': 'unlit', 'advancing': True}
2025-10-27 15:25:43,663 : INFO : EventManager : Event: ======'mach_ramp_unlit_hit'====== Args={'profile': 'default', 'state': 'unlit', 'advancing': True}
2025-10-27 15:25:43,663 : INFO : EventManager : Event: ======'machine_var_audits_shots_ramp_inner'====== Args={'value': 41, 'prev_value': 40, 'change': 1}
2025-10-27 15:25:43,663 : INFO : EventManager : Event: ======'ramp_inner_hit'====== Args={'profile': 'skill', 'state': 'lit', 'advancing': False}
2025-10-27 15:25:43,663 : INFO : EventManager : Event: ======'ramp_inner_skill_hit'====== Args={'profile': 'skill', 'state': 'lit', 'advancing': False}
2025-10-27 15:25:43,663 : INFO : EventManager : Event: ======'ramp_inner_skill_lit_hit'====== Args={'profile': 'skill', 'state': 'lit', 'advancing': False}
2025-10-27 15:25:43,664 : INFO : EventManager : Event: ======'ramp_inner_lit_hit'====== Args={'profile': 'skill', 'state': 'lit', 'advancing': False}
2025-10-27 15:25:43,664 : INFO : EventManager : Event: ======'mach_first_hit'====== Args={'priority': 0}
2025-10-27 15:25:43,664 : INFO : EventManager : Event: ======'player_mach_step'====== Args={'value': 1, 'prev_value': 0, 'change': 1, 'player_num': 1, 'source': 'mach_scoring'}
2025-10-27 15:25:43,664 : INFO : Timer.mach_qualify_timer : Starting Timer.
2025-10-27 15:25:43,664 : INFO : EventManager : Event: ======'timer_mach_qualify_timer_started'====== Args={'ticks': 10, 'ticks_remaining': 10}
2025-10-27 15:25:43,664 : INFO : EventManager : Event: ======'timer_mach_qualify_timer_tick'====== Args={'ticks': 10, 'ticks_remaining': 10}
2025-10-27 15:25:43,664 : INFO : EventManager : Event: ======'skillshot_group_hit'====== Args={'shot': 'ramp_inner'}
2025-10-27 15:25:43,665 : INFO : EventManager : Event: ======'skillshot_group_lit_hit'====== Args={'shot': 'ramp_inner'}
2025-10-27 15:25:43,665 : INFO : EventManager : Event: ======'mode_skillshot_will_stop'====== Args={}
2025-10-27 15:25:43,665 : INFO : EventManager : Event: ======'mode_skillshot_stopping'====== Args={}
2025-10-27 15:25:43,665 : INFO : EventManager : Event: ======'show_skillshot_inverted_video'====== Args={'priority': 0}
2025-10-27 15:25:43,665 : INFO : EventManager : Event: ======'player_score'====== Args={'value': 100000, 'prev_value': 0, 'change': 100000, 'player_num': 1, 'source': 'skillshot'}
2025-10-27 15:25:43,665 : INFO : EventManager : Event: ======'player_skillshot_count'====== Args={'value': 1, 'prev_value': 0, 'change': 1, 'player_num': 1, 'source': 'skillshot'}
2025-10-27 15:25:43,665 : INFO : EventManager : Event: ======'player_priority'====== Args={'value': 600, 'prev_value': 0, 'change': 600, 'player_num': 1, 'source': 'skillshot'}
2025-10-27 15:25:43,665 : INFO : Timer.skillshot : Stopping Timer
2025-10-27 15:25:43,666 : INFO : EventManager : Event: ======'timer_skillshot_stopped'====== Args={'ticks': 3, 'ticks_remaining': 3}
2025-10-27 15:25:43,666 : INFO : Timer.skillshot_sound_loop : Stopping Timer
2025-10-27 15:25:43,666 : INFO : EventManager : Event: ======'timer_skillshot_sound_loop_stopped'====== Args={'ticks': 0, 'ticks_remaining': 999}
2025-10-27 15:25:43,666 : INFO : Mode.skillshot : Stopped.
2025-10-27 15:25:43,666 : INFO : EventManager : Event: ======'modes_active_modes_changed'====== Args={}
2025-10-27 15:25:43,666 : INFO : EventManager : Event: ======'mode_skillshot_stopped'====== Args={}
2025-10-27 15:25:43,666 : INFO : EventManager : Event: ======'clear'====== Args={'key': 'skillshot'}
2025-10-27 15:25:43,667 : INFO : EventManager : Event: ======'player_pilot_qualifier_paused'====== Args={'value': 0, 'prev_value': 1, 'change': -1, 'player_num': 1, 'source': 'pilot_mission_qualifier'}
2025-10-27 15:25:43,667 : INFO : Timer.skillshot : Stopping Timer
2025-10-27 15:25:43,667 : INFO : EventManager : Event: ======'timer_skillshot_stopped'====== Args={'ticks': 3, 'ticks_remaining': 3}
2025-10-27 15:25:43,668 : INFO : Timer.skillshot_sound_loop : Stopping Timer
2025-10-27 15:25:43,668 : INFO : EventManager : Event: ======'timer_skillshot_sound_loop_stopped'====== Args={'ticks': 0, 'ticks_remaining': 999}
2025-10-27 15:25:43,715 : INFO : EventManager : Event: ======'slide_skillshot_inverted_created'====== Args={'_from_bcp': True}
2025-10-27 15:25:43,782 : INFO : SwitchController : <<<<<<< 's_ramp_inner_exit' inactive >>>>>>>
2025-10-27 15:25:44,661 : INFO : EventManager : Event: ======'player_mach_scoring_mach_qualify_timer_tick'====== Args={'value': 9, 'prev_value': 10, 'change': -1, 'player_num': 1}
2025-10-27 15:25:44,662 : INFO : EventManager : Event: ======'timer_mach_qualify_timer_tick'====== Args={'ticks': 9, 'ticks_remaining': 9}
2025-10-27 15:25:44,729 : INFO : SwitchController : <<<<<<< 's_ramp_inner_exit' active >>>>>>>
2025-10-27 15:25:44,729 : INFO : EventManager : Event: ======'s_ramp_inner_exit_active'====== Args={}
2025-10-27 15:25:44,729 : INFO : EventManager : Event: ======'sw_playfield_active'====== Args={}
2025-10-27 15:25:44,729 : INFO : EventManager : Event: ======'sw_playfield_active'====== Args={}
2025-10-27 15:25:44,729 : INFO : EventManager : Event: ======'machine_var_audits_switches_s_ramp_inner_exit'====== Args={'value': 157, 'prev_value': 156, 'change': 1}
2025-10-27 15:25:44,730 : INFO : EventManager : Event: ======'machine_var_audits_shots_mach_ramp'====== Args={'value': 113, 'prev_value': 112, 'change': 1}
2025-10-27 15:25:44,730 : INFO : EventManager : Event: ======'mach_ramp_hit'====== Args={'profile': 'default', 'state': 'lit', 'advancing': False}
2025-10-27 15:25:44,731 : INFO : EventManager : Event: ======'mach_ramp_default_hit'====== Args={'profile': 'default', 'state': 'lit', 'advancing': False}
2025-10-27 15:25:44,731 : INFO : EventManager : Event: ======'mach_ramp_default_lit_hit'====== Args={'profile': 'default', 'state': 'lit', 'advancing': False}
2025-10-27 15:25:44,731 : INFO : EventManager : Event: ======'mach_ramp_lit_hit'====== Args={'profile': 'default', 'state': 'lit', 'advancing': False}
2025-10-27 15:25:44,731 : INFO : EventManager : Event: ======'player_topgun_shots_collected'====== Args={'value': 1, 'prev_value': 0, 'change': 1, 'player_num': 1, 'source': 'pilot_mission_qualifier'}
2025-10-27 15:25:44,732 : INFO : EventManager : Event: ======'mach_qualified'====== Args={'priority': 0}
2025-10-27 15:25:44,732 : INFO : EventManager : Event: ======'player_mach_step'====== Args={'value': 2, 'prev_value': 1, 'change': 1, 'player_num': 1, 'source': 'mach_scoring'}
2025-10-27 15:25:44,732 : INFO : EventManager : Event: ======'player_mach_level'====== Args={'value': 1.25, 'prev_value': 1.0, 'change': 0.25, 'player_num': 1, 'source': 'mach_scoring'}
2025-10-27 15:25:44,733 : INFO : Timer.mach_qualify_timer : Stopping Timer
2025-10-27 15:25:44,733 : INFO : EventManager : Event: ======'timer_mach_qualify_timer_stopped'====== Args={'ticks': 9, 'ticks_remaining': 9}
2025-10-27 15:25:44,733 : INFO : Timer.mach_timer : Starting Timer.
2025-10-27 15:25:44,733 : INFO : EventManager : Event: ======'timer_mach_timer_started'====== Args={'ticks': 20, 'ticks_remaining': 20}
2025-10-27 15:25:44,733 : INFO : EventManager : Event: ======'timer_mach_timer_tick'====== Args={'ticks': 20, 'ticks_remaining': 20}
2025-10-27 15:25:44,735 : INFO : EventManager : Event: ======'player_topgun_letter_t'====== Args={'value': 1, 'prev_value': 0, 'change': 1, 'player_num': 1, 'source': 'pilot_mission_qualifier'}
2025-10-27 15:25:44,735 : INFO : EventManager : Event: ======'topgun_letter_t_lit'====== Args={'priority': 0}
2025-10-27 15:25:44,745 : INFO : EventManager : Event: ======'slide_mach_1_inactive'====== Args={'is_removing': True, '_from_bcp': True}
2025-10-27 15:25:44,746 : INFO : EventManager : Event: ======'slide_topgun_0_active'====== Args={'_from_bcp': True}
2025-10-27 15:25:44,747 : INFO : EventManager : Event: ======'slide_mach_1_removed'====== Args={'_from_bcp': True}
2025-10-27 15:25:44,751 : INFO : EventManager : Event: ======'slide_mach_1_25_created'====== Args={'_from_bcp': True}
2025-10-27 15:25:44,752 : INFO : EventManager : Event: ======'slide_topgun_0_inactive'====== Args={'is_removing': False, '_from_bcp': True}
2025-10-27 15:25:44,752 : INFO : EventManager : Event: ======'slide_mach_1_25_active'====== Args={'original_context': 'mach_scoring', 'original_calling_context': 'player_mach_level{value==1.25}', 'priority': 500.0, 'value': 1.25, 'prev_value': 1.0, 'change': 0.25, 'player_num': 1.0, 'source': 'mach_scoring', 'cmd': 'slides_play', '_from_bcp': True}
2025-10-27 15:25:44,757 : INFO : EventManager : Event: ======'slide_timer20_created'====== Args={'_from_bcp': True}
2025-10-27 15:25:44,758 : INFO : EventManager : Event: ======'slide_mach_1_25_inactive'====== Args={'is_removing': False, '_from_bcp': True}
2025-10-27 15:25:44,758 : INFO : EventManager : Event: ======'slide_timer20_active'====== Args={'original_context': 'mach_scoring', 'original_calling_context': 'timer_mach_timer_tick{device.timers.mach_timer.ticks==20}', 'priority': 500.0, 'ticks': 20.0, 'ticks_remaining': 20.0, 'cmd': 'slides_play', '_from_bcp': True}
2025-10-27 15:25:44,759 : INFO : EventManager : Event: ======'slide_topgun_0_removed'====== Args={'_from_bcp': True}
2025-10-27 15:25:44,771 : INFO : EventManager : Event: ======'slide_topgun_1_created'====== Args={'_from_bcp': True}
2025-10-27 15:25:44,833 : INFO : SwitchController : <<<<<<< 's_ramp_inner_exit' inactive >>>>>>>
2025-10-27 15:25:45,439 : INFO : SwitchController : <<<<<<< 's_ramp_inner_exit' active >>>>>>>
2025-10-27 15:25:45,440 : INFO : EventManager : Event: ======'s_ramp_inner_exit_active'====== Args={}
2025-10-27 15:25:45,440 : INFO : EventManager : Event: ======'sw_playfield_active'====== Args={}
2025-10-27 15:25:45,440 : INFO : EventManager : Event: ======'sw_playfield_active'====== Args={}
2025-10-27 15:25:45,440 : INFO : EventManager : Event: ======'machine_var_audits_switches_s_ramp_inner_exit'====== Args={'value': 158, 'prev_value': 157, 'change': 1}
2025-10-27 15:25:45,442 : INFO : EventManager : Event: ======'machine_var_audits_shots_mach_ramp'====== Args={'value': 114, 'prev_value': 113, 'change': 1}
2025-10-27 15:25:45,442 : INFO : EventManager : Event: ======'mach_ramp_hit'====== Args={'profile': 'default', 'state': 'lit', 'advancing': False}
2025-10-27 15:25:45,443 : INFO : EventManager : Event: ======'mach_ramp_default_hit'====== Args={'profile': 'default', 'state': 'lit', 'advancing': False}
2025-10-27 15:25:45,443 : INFO : EventManager : Event: ======'mach_ramp_default_lit_hit'====== Args={'profile': 'default', 'state': 'lit', 'advancing': False}
2025-10-27 15:25:45,443 : INFO : EventManager : Event: ======'mach_ramp_lit_hit'====== Args={'profile': 'default', 'state': 'lit', 'advancing': False}
2025-10-27 15:25:45,443 : INFO : EventManager : Event: ======'player_topgun_shots_collected'====== Args={'value': 2, 'prev_value': 1, 'change': 1, 'player_num': 1, 'source': 'pilot_mission_qualifier'}
2025-10-27 15:25:45,444 : INFO : EventManager : Event: ======'mach_level_up'====== Args={'priority': 0}
2025-10-27 15:25:45,444 : INFO : EventManager : Event: ======'remove_timer_slides'====== Args={'priority': 0}
2025-10-27 15:25:45,445 : INFO : EventManager : Event: ======'player_mach_step'====== Args={'value': 3, 'prev_value': 2, 'change': 1, 'player_num': 1, 'source': 'mach_scoring'}
2025-10-27 15:25:45,445 : INFO : EventManager : Event: ======'player_mach_level'====== Args={'value': 1.5, 'prev_value': 1.25, 'change': 0.25, 'player_num': 1, 'source': 'mach_scoring'}
2025-10-27 15:25:45,446 : INFO : EventManager : Event: ======'timer_mach_timer_tick'====== Args={'ticks': 20, 'ticks_remaining': 20}
2025-10-27 15:25:45,447 : INFO : EventManager : Event: ======'player_topgun_letter_o'====== Args={'value': 1, 'prev_value': 0, 'change': 1, 'player_num': 1, 'source': 'pilot_mission_qualifier'}
2025-10-27 15:25:45,447 : INFO : EventManager : Event: ======'topgun_letter_o_lit'====== Args={'priority': 0}
2025-10-27 15:25:45,458 : INFO : EventManager : Event: ======'slide_timer20_inactive'====== Args={'is_removing': True, '_from_bcp': True}
2025-10-27 15:25:45,459 : INFO : EventManager : Event: ======'slide_mach_1_25_active'====== Args={'_from_bcp': True}
2025-10-27 15:25:45,460 : INFO : EventManager : Event: ======'slide_timer20_removed'====== Args={'_from_bcp': True}
2025-10-27 15:25:45,460 : INFO : EventManager : Event: ======'slide_mach_1_25_inactive'====== Args={'is_removing': True, '_from_bcp': True}
2025-10-27 15:25:45,461 : INFO : EventManager : Event: ======'slide_topgun_1_active'====== Args={'_from_bcp': True}
2025-10-27 15:25:45,461 : INFO : EventManager : Event: ======'slide_mach_1_25_removed'====== Args={'_from_bcp': True}
2025-10-27 15:25:45,465 : INFO : EventManager : Event: ======'slide_mach_1_5_created'====== Args={'_from_bcp': True}
2025-10-27 15:25:45,466 : INFO : EventManager : Event: ======'slide_topgun_1_inactive'====== Args={'is_removing': False, '_from_bcp': True}
2025-10-27 15:25:45,467 : INFO : EventManager : Event: ======'slide_mach_1_5_active'====== Args={'original_context': 'mach_scoring', 'original_calling_context': 'player_mach_level{value==1.50}', 'priority': 500.0, 'value': 1.5, 'prev_value': 1.25, 'change': 0.25, 'player_num': 1.0, 'source': 'mach_scoring', 'cmd': 'slides_play', '_from_bcp': True}
2025-10-27 15:25:45,467 : INFO : EventManager : Event: ======'slide_timer20_created'====== Args={'_from_bcp': True}
2025-10-27 15:25:45,467 : INFO : EventManager : Event: ======'slide_mach_1_5_inactive'====== Args={'is_removing': False, '_from_bcp': True}
2025-10-27 15:25:45,468 : INFO : EventManager : Event: ======'slide_timer20_active'====== Args={'original_context': 'mach_scoring', 'original_calling_context': 'timer_mach_timer_tick{device.timers.mach_timer.ticks==20}', 'priority': 500.0, 'ticks': 20.0, 'ticks_remaining': 20.0, 'cmd': 'slides_play', '_from_bcp': True}
2025-10-27 15:25:45,468 : INFO : EventManager : Event: ======'slide_topgun_1_removed'====== Args={'_from_bcp': True}
2025-10-27 15:25:45,478 : INFO : EventManager : Event: ======'slide_topgun_2_created'====== Args={'_from_bcp': True}
2025-10-27 15:25:45,589 : INFO : SwitchController : <<<<<<< 's_ramp_inner_exit' inactive >>>>>>>
2025-10-27 15:25:46,460 : INFO : EventManager : Event: ======'player_mach_scoring_mach_timer_tick'====== Args={'value': 19, 'prev_value': 20, 'change': -1, 'player_num': 1}
2025-10-27 15:25:46,461 : INFO : EventManager : Event: ======'timer_mach_timer_tick'====== Args={'ticks': 19, 'ticks_remaining': 19}
2025-10-27 15:25:46,485 : INFO : EventManager : Event: ======'slide_timer20_inactive'====== Args={'is_removing': True, '_from_bcp': True}
2025-10-27 15:25:46,486 : INFO : EventManager : Event: ======'slide_mach_1_5_active'====== Args={'_from_bcp': True}
2025-10-27 15:25:46,487 : INFO : EventManager : Event: ======'slide_timer20_removed'====== Args={'_from_bcp': True}
2025-10-27 15:25:46,491 : INFO : EventManager : Event: ======'slide_timer19_created'====== Args={'_from_bcp': True}
2025-10-27 15:25:46,492 : INFO : EventManager : Event: ======'slide_mach_1_5_inactive'====== Args={'is_removing': False, '_from_bcp': True}
2025-10-27 15:25:46,492 : INFO : EventManager : Event: ======'slide_timer19_active'====== Args={'original_context': 'mach_scoring', 'original_calling_context': 'timer_mach_timer_tick{device.timers.mach_timer.ticks==19}', 'priority': 500.0, 'ticks': 19.0, 'ticks_remaining': 19.0, 'cmd': 'slides_play', '_from_bcp': True}
2025-10-27 15:25:47,456 : INFO : EventManager : Event: ======'player_mach_scoring_mach_timer_tick'====== Args={'value': 18, 'prev_value': 19, 'change': -1, 'player_num': 1}
2025-10-27 15:25:47,457 : INFO : EventManager : Event: ======'timer_mach_timer_tick'====== Args={'ticks': 18, 'ticks_remaining': 18}
2025-10-27 15:25:47,460 : INFO : EventManager : Event: ======'slide_timer19_inactive'====== Args={'is_removing': True, '_from_bcp': True}
2025-10-27 15:25:47,461 : INFO : EventManager : Event: ======'slide_mach_1_5_active'====== Args={'_from_bcp': True}
2025-10-27 15:25:47,462 : INFO : EventManager : Event: ======'slide_timer19_removed'====== Args={'_from_bcp': True}
2025-10-27 15:25:47,466 : INFO : EventManager : Event: ======'slide_timer18_created'====== Args={'_from_bcp': True}
2025-10-27 15:25:47,466 : INFO : EventManager : Event: ======'slide_mach_1_5_inactive'====== Args={'is_removing': False, '_from_bcp': True}
2025-10-27 15:25:47,467 : INFO : EventManager : Event: ======'slide_timer18_active'====== Args={'original_context': 'mach_scoring', 'original_calling_context': 'timer_mach_timer_tick{device.timers.mach_timer.ticks==18}', 'priority': 500.0, 'ticks': 18.0, 'ticks_remaining': 18.0, 'cmd': 'slides_play', '_from_bcp': True}
2025-10-27 15:25:48,442 : INFO : EventManager : Event: ======'player_mach_scoring_mach_timer_tick'====== Args={'value': 17, 'prev_value': 18, 'change': -1, 'player_num': 1}
2025-10-27 15:25:48,442 : INFO : EventManager : Event: ======'timer_mach_timer_tick'====== Args={'ticks': 17, 'ticks_remaining': 17}
2025-10-27 15:25:48,453 : INFO : EventManager : Event: ======'slide_timer18_inactive'====== Args={'is_removing': True, '_from_bcp': True}
2025-10-27 15:25:48,454 : INFO : EventManager : Event: ======'slide_mach_1_5_active'====== Args={'_from_bcp': True}
2025-10-27 15:25:48,454 : INFO : EventManager : Event: ======'slide_timer18_removed'====== Args={'_from_bcp': True}
2025-10-27 15:25:48,459 : INFO : EventManager : Event: ======'slide_timer17_created'====== Args={'_from_bcp': True}
2025-10-27 15:25:48,459 : INFO : EventManager : Event: ======'slide_mach_1_5_inactive'====== Args={'is_removing': False, '_from_bcp': True}
2025-10-27 15:25:48,460 : INFO : EventManager : Event: ======'slide_timer17_active'====== Args={'original_context': 'mach_scoring', 'original_calling_context': 'timer_mach_timer_tick{device.timers.mach_timer.ticks==17}', 'priority': 500.0, 'ticks': 17.0, 'ticks_remaining': 17.0, 'cmd': 'slides_play', '_from_bcp': True}
2025-10-27 15:25:48,754 : INFO : Machine : Shutting down...
2025-10-27 15:25:48,754 : INFO : EventManager : Event: ======'shutdown'====== Args={}
2025-10-27 15:25:48,757 : INFO : EventManager : Event: ======'mode_game_will_stop'====== Args={}
2025-10-27 15:25:48,757 : INFO : EventManager : Event: ======'mode_game_stopping'====== Args={}
2025-10-27 15:25:48,758 : INFO : EventManager : Event: ======'mode_mach_scoring_will_stop'====== Args={}
2025-10-27 15:25:48,758 : INFO : EventManager : Event: ======'mode_mach_scoring_stopping'====== Args={}
2025-10-27 15:25:48,758 : INFO : EventManager : Event: ======'mode_base_will_stop'====== Args={}
2025-10-27 15:25:48,758 : INFO : EventManager : Event: ======'mode_base_stopping'====== Args={}
2025-10-27 15:25:48,758 : INFO : EventManager : Event: ======'mode_bumpers_will_stop'====== Args={}
2025-10-27 15:25:48,758 : INFO : EventManager : Event: ======'mode_bumpers_stopping'====== Args={}
2025-10-27 15:25:48,758 : INFO : EventManager : Event: ======'mode_pilot_mission_qualifier_will_stop'====== Args={}
2025-10-27 15:25:48,758 : INFO : EventManager : Event: ======'mode_pilot_mission_qualifier_stopping'====== Args={}
2025-10-27 15:25:48,759 : INFO : EventManager : Event: ======'stop_mode_bumpers'====== Args={'priority': 0}
2025-10-27 15:25:48,759 : INFO : Mode.pilot_mission_qualifier : Stopped.
2025-10-27 15:25:48,759 : INFO : EventManager : Event: ======'modes_active_modes_changed'====== Args={}
2025-10-27 15:25:48,765 : INFO : EventManager : Event: ======'mode_pilot_mission_qualifier_stopped'====== Args={}
2025-10-27 15:25:48,765 : INFO : EventManager : Event: ======'clear'====== Args={'key': 'pilot_mission_qualifier'}
2025-10-27 15:25:48,765 : INFO : Mode.bumpers : Stopped.
2025-10-27 15:25:48,765 : INFO : EventManager : Event: ======'modes_active_modes_changed'====== Args={}
2025-10-27 15:25:48,765 : INFO : EventManager : Event: ======'mode_bumpers_stopped'====== Args={}
2025-10-27 15:25:48,765 : INFO : EventManager : Event: ======'clear'====== Args={'key': 'bumpers'}
2025-10-27 15:25:48,766 : INFO : Mode.base : Stopped.
2025-10-27 15:25:48,766 : INFO : EventManager : Event: ======'modes_active_modes_changed'====== Args={}
2025-10-27 15:25:48,766 : INFO : EventManager : Event: ======'mode_base_stopped'====== Args={}
2025-10-27 15:25:48,766 : INFO : EventManager : Event: ======'clear'====== Args={'key': 'base'}
2025-10-27 15:25:48,766 : INFO : Mode.mach_scoring : Stopped.
2025-10-27 15:25:48,766 : INFO : EventManager : Event: ======'modes_active_modes_changed'====== Args={}
2025-10-27 15:25:48,767 : INFO : EventManager : Event: ======'mode_mach_scoring_stopped'====== Args={}
2025-10-27 15:25:48,767 : INFO : EventManager : Event: ======'clear'====== Args={'key': 'mach_scoring'}
2025-10-27 15:25:48,767 : INFO : Timer.mach_timer : Stopping Timer
2025-10-27 15:25:48,767 : INFO : EventManager : Event: ======'timer_mach_timer_stopped'====== Args={'ticks': 17, 'ticks_remaining': 17}
2025-10-27 15:25:48,767 : INFO : Timer.mach_qualify_timer : Stopping Timer
2025-10-27 15:25:48,767 : INFO : EventManager : Event: ======'timer_mach_qualify_timer_stopped'====== Args={'ticks': 9, 'ticks_remaining': 9}
2025-10-27 15:25:48,768 : INFO : Mode.game : Stopped.
2025-10-27 15:25:48,768 : INFO : EventManager : Event: ======'modes_active_modes_changed'====== Args={}
2025-10-27 15:25:48,768 : INFO : EventManager : Event: ======'mode_game_stopped'====== Args={}
2025-10-27 15:25:48,768 : INFO : EventManager : Event: ======'clear'====== Args={'key': 'game'}
2025-10-27 15:25:48,774 : INFO : root : MPF run loop ended.
