2025-08-24 16:40:57,248 : INFO : root : Loading config.
2025-08-24 16:40:57,253 : INFO : YamlMultifileConfigLoader : Machine config file #1: config.yaml
2025-08-24 16:40:57,253 : INFO : ConfigProcessor : Loading config from cache: C:\Users\White\AppData\Local\Temp\cfa6ecba65704a931c9dd214c44986c8.mpf_cache
2025-08-24 16:40:57,373 : WARNING : ConfigProcessor : Config file in cache changed: C:\Users\White\Documents\Top_Gun_Pinball\modes\attract\config\attract.yaml
2025-08-24 16:40:57,373 : INFO : ConfigProcessor : Loading config from file C:\Users\White\mpf\Lib\site-packages\mpf\modes\attract\config\attract.yaml.
2025-08-24 16:40:57,382 : INFO : ConfigProcessor : Loading config: C:\Users\White\mpf\Lib\site-packages\mpf\modes\attract\config\attract.yaml
2025-08-24 16:40:57,382 : INFO : ConfigProcessor : Loading config from file C:\Users\White\Documents\Top_Gun_Pinball\modes\attract\config\attract.yaml.
2025-08-24 16:40:57,385 : INFO : ConfigProcessor : Loading config: C:\Users\White\Documents\Top_Gun_Pinball\modes\attract\config\attract.yaml
2025-08-24 16:40:57,385 : INFO : ConfigProcessor : Config file cache created: C:\Users\White\AppData\Local\Temp\f98ffc0ff5962effface7d86bc406d5c.mpf_cache
2025-08-24 16:40:57,387 : INFO : ConfigProcessor : Loading config from cache: C:\Users\White\AppData\Local\Temp\91cc4d1c993c58dc354e34974b9cfeac.mpf_cache
2025-08-24 16:40:57,388 : INFO : ConfigProcessor : Loading config from cache: C:\Users\White\AppData\Local\Temp\f98ffc0ff5962effface7d86bc406d5c.mpf_cache
2025-08-24 16:40:57,389 : INFO : ConfigProcessor : Loading config from cache: C:\Users\White\AppData\Local\Temp\76792f1d686f89709887dba7bd69667a.mpf_cache
2025-08-24 16:40:57,390 : INFO : Machine : Mission Pinball Framework Core Engine v0.80.0.dev9
2025-08-24 16:40:57,390 : INFO : Machine : Command line arguments: {'no_load_cache': False, 'create_config_cache': True, 'bcp': True, 'configfile': ['config.yaml'], 'force_assets_load': False, 'platform_integration_test': False, 'jsonlogging': False, 'logfile': 'logs\\2025-08-24-16-40-57-mpf-TopGunPinball.log', 'pause': False, 'production': False, 'text_ui': False, 'loglevel': 15, 'consoleloglevel': 20, 'force_platform': 'virtual', 'syslog_address': None, 'full_logfile_path': 'C:\\Users\\White\\Documents\\Top_Gun_Pinball\\logs\\2025-08-24-16-40-57-mpf-TopGunPinball.log'}
2025-08-24 16:40:57,390 : INFO : Machine : MPF path: C:\Users\White\mpf\Lib\site-packages\mpf
2025-08-24 16:40:57,390 : INFO : Machine : Machine path: C:\Users\White\Documents\Top_Gun_Pinball
2025-08-24 16:40:57,390 : INFO : Machine : Platform: win32
2025-08-24 16:40:57,390 : INFO : Machine : Python executable location: C:\Users\White\mpf\Scripts\python.exe
2025-08-24 16:40:57,390 : INFO : Machine : Python version: 3.12.7 (64-bit)
2025-08-24 16:40:57,393 : INFO : Machine : Initializing MPF...
2025-08-24 16:40:57,501 : INFO : EventManager : Event: ======'machine_var_credits_string'====== Args={'value': 'FREE PLAY', 'prev_value': None, 'change': True}
2025-08-24 16:40:57,529 : INFO : EventManager : Event: ======'machine_var_master_volume'====== Args={'value': 0.5, 'prev_value': None, 'change': True}
2025-08-24 16:40:57,529 : INFO : EventManager : Event: ======'machine_var_mpf_version'====== Args={'value': 'Mission Pinball Framework v0.80.0.dev9', 'prev_value': None, 'change': True}
2025-08-24 16:40:57,529 : INFO : EventManager : Event: ======'machine_var_mpf_extended_version'====== Args={'value': 'Mission Pinball Framework v0.80.0.dev9, Config version:6, Show version: 6, BCP version:1.1', 'prev_value': None, 'change': True}
2025-08-24 16:40:57,530 : INFO : EventManager : Event: ======'machine_var_python_version'====== Args={'value': '3.12.7', 'prev_value': None, 'change': True}
2025-08-24 16:40:57,694 : INFO : EventManager : Event: ======'machine_var_platform'====== Args={'value': 'Windows-11-10.0.26100-SP0', 'prev_value': None, 'change': True}
2025-08-24 16:40:57,694 : INFO : EventManager : Event: ======'machine_var_platform_system'====== Args={'value': 'Windows', 'prev_value': None, 'change': True}
2025-08-24 16:40:57,694 : INFO : EventManager : Event: ======'machine_var_platform_release'====== Args={'value': '11', 'prev_value': None, 'change': True}
2025-08-24 16:40:57,694 : INFO : EventManager : Event: ======'machine_var_platform_version'====== Args={'value': '10.0.26100', 'prev_value': None, 'change': True}
2025-08-24 16:40:57,694 : INFO : EventManager : Event: ======'machine_var_platform_machine'====== Args={'value': 'AMD64', 'prev_value': None, 'change': True}
2025-08-24 16:40:57,694 : INFO : EventManager : Event: ======'machine_var_log_file_path'====== Args={'value': 'C:\\Users\\White\\Documents\\Top_Gun_Pinball\\logs\\2025-08-24-16-40-57-mpf-TopGunPinball.log', 'prev_value': None, 'change': True}
2025-08-24 16:40:57,694 : INFO : EventManager : Event: ======'init_phase_1'====== Args={}
2025-08-24 16:40:57,716 : INFO : EventManager : Event: ======'init_phase_2'====== Args={}
2025-08-24 16:40:57,717 : INFO : EventManager : Event: ======'bcp_connection_attempt'====== Args={'name': 'local_display', 'host': 'localhost', 'port': 5050}
2025-08-24 16:40:57,718 : INFO : BCPClientSocket : Connecting BCP to 'local_display' at localhost:5050...
2025-08-24 16:40:57,729 : INFO : BCPClientSocket : Connected BCP to 'local_display' localhost:5050
2025-08-24 16:40:57,730 : INFO : EventManager : Event: ======'bcp_clients_connected'====== Args={}
2025-08-24 16:40:57,730 : INFO : ball_device.bd_plunger : BCH: Initial count: 0
2025-08-24 16:40:57,730 : INFO : ball_device.bd_plunger : State: idle
2025-08-24 16:40:57,730 : INFO : ball_device.bd_trough : BCH: Initial count: 0
2025-08-24 16:40:57,731 : INFO : ball_device.bd_trough : State: idle
2025-08-24 16:40:57,739 : INFO : EventManager : Event: ======'init_phase_3'====== Args={}
2025-08-24 16:40:57,741 : INFO : EventManager : Event: ======'init_phase_4'====== Args={}
2025-08-24 16:40:57,741 : INFO : BallController : Initial balls found: 0
2025-08-24 16:40:57,742 : INFO : EventManager : Event: ======'machine_var_audits_switches_s_trough_2'====== Args={'value': 0, 'prev_value': None, 'change': True}
2025-08-24 16:40:57,742 : INFO : EventManager : Event: ======'machine_var_audits_switches_s_flipper_left'====== Args={'value': 0, 'prev_value': None, 'change': True}
2025-08-24 16:40:57,742 : INFO : EventManager : Event: ======'machine_var_audits_switches_s_trough_4'====== Args={'value': 0, 'prev_value': None, 'change': True}
2025-08-24 16:40:57,742 : INFO : EventManager : Event: ======'machine_var_audits_switches_s_trough_3'====== Args={'value': 0, 'prev_value': None, 'change': True}
2025-08-24 16:40:57,743 : INFO : EventManager : Event: ======'machine_var_audits_switches_s_jam'====== Args={'value': 0, 'prev_value': None, 'change': True}
2025-08-24 16:40:57,743 : INFO : EventManager : Event: ======'machine_var_audits_switches_s_trough_5'====== Args={'value': 0, 'prev_value': None, 'change': True}
2025-08-24 16:40:57,743 : INFO : EventManager : Event: ======'machine_var_audits_switches_s_trough_1'====== Args={'value': 0, 'prev_value': None, 'change': True}
2025-08-24 16:40:57,743 : INFO : EventManager : Event: ======'machine_var_audits_switches_s_plunger_lane'====== Args={'value': 0, 'prev_value': None, 'change': True}
2025-08-24 16:40:57,743 : INFO : EventManager : Event: ======'machine_var_audits_switches_s_flipper_right'====== Args={'value': 0, 'prev_value': None, 'change': True}
2025-08-24 16:40:57,743 : INFO : EventManager : Event: ======'machine_var_audits_switches_s_trough_6'====== Args={'value': 0, 'prev_value': None, 'change': True}
2025-08-24 16:40:57,743 : INFO : EventManager : Event: ======'machine_var_audits_events_game_started'====== Args={'value': 0, 'prev_value': None, 'change': True}
2025-08-24 16:40:57,743 : INFO : EventManager : Event: ======'machine_var_audits_events_game_ended'====== Args={'value': 0, 'prev_value': None, 'change': True}
2025-08-24 16:40:57,743 : INFO : EventManager : Event: ======'machine_var_audits_player_score'====== Args={'value': {'top': [], 'average': 0, 'total': 0}, 'prev_value': None, 'change': True}
2025-08-24 16:40:57,743 : INFO : EventManager : Event: ======'init_phase_5'====== Args={}
2025-08-24 16:40:57,744 : INFO : EventManager : Event: ======'init_done'====== Args={}
2025-08-24 16:40:57,744 : INFO : EventManager : Event: ======'machine_reset_phase_1'====== Args={}
2025-08-24 16:40:57,746 : INFO : EventManager : Event: ======'machine_reset_phase_2'====== Args={}
2025-08-24 16:40:57,746 : INFO : EventManager : Event: ======'machine_reset_phase_3'====== Args={}
2025-08-24 16:40:57,746 : INFO : EventManager : Event: ======'reset_complete'====== Args={}
2025-08-24 16:40:57,746 : INFO : EventManager : Event: ======'mode_attract_will_start'====== Args={}
2025-08-24 16:40:57,748 : INFO : Timer.attract_carousel_timer : Starting Timer.
2025-08-24 16:40:57,748 : INFO : EventManager : Event: ======'timer_attract_carousel_timer_started'====== Args={'ticks': 0, 'ticks_remaining': 1}
2025-08-24 16:40:57,748 : INFO : EventManager : Event: ======'timer_attract_carousel_timer_tick'====== Args={'ticks': 0, 'ticks_remaining': 1}
2025-08-24 16:40:57,749 : INFO : EventManager : Event: ======'mode_attract_starting'====== Args={}
2025-08-24 16:40:57,749 : INFO : Mode.attract : Started. Priority: 10
2025-08-24 16:40:57,749 : INFO : EventManager : Event: ======'modes_active_modes_changed'====== Args={}
2025-08-24 16:40:57,749 : INFO : EventManager : Event: ======'mode_attract_started'====== Args={}
2025-08-24 16:40:57,749 : INFO : EventManager : Event: ======'collecting_balls_complete'====== Args={}
2025-08-24 16:40:57,750 : INFO : EventManager : Event: ======'item_highlighted'====== Args={'carousel': 'attract', 'direction': None, 'item': 'title'}
2025-08-24 16:40:57,750 : INFO : EventManager : Event: ======'timer_attract_carousel_timer_tick'====== Args={'ticks': 0, 'ticks_remaining': 1}
2025-08-24 16:40:57,751 : INFO : Machine : Starting the main run loop with active modes: [<Mode.attract>]
2025-08-24 16:40:57,841 : INFO : EventManager : Event: ======'slide_attract_created'====== Args={'_from_bcp': True}
2025-08-24 16:40:57,841 : INFO : EventManager : Event: ======'slide__removed'====== Args={'_from_bcp': True}
2025-08-24 16:40:57,842 : INFO : EventManager : Event: ======'slide_attract_active'====== Args={'original_context': 'attract', 'original_calling_context': 'mode_attract_started', 'priority': 10.0, 'cmd': 'slides_play', '_from_bcp': True}
2025-08-24 16:41:02,753 : INFO : Timer.attract_carousel_timer : Timer Complete
2025-08-24 16:41:02,753 : INFO : Timer.attract_carousel_timer : Stopping Timer
2025-08-24 16:41:02,753 : INFO : EventManager : Event: ======'timer_attract_carousel_timer_stopped'====== Args={'ticks': 1, 'ticks_remaining': 1}
2025-08-24 16:41:02,753 : INFO : EventManager : Event: ======'timer_attract_carousel_timer_complete'====== Args={'ticks': 1, 'ticks_remaining': 1}
2025-08-24 16:41:02,753 : INFO : EventManager : Event: ======'item_highlighted'====== Args={'carousel': 'attract', 'direction': 'forwards', 'item': 'presented_by'}
2025-08-24 16:41:02,754 : INFO : Timer.attract_carousel_timer : Starting Timer.
2025-08-24 16:41:02,754 : INFO : EventManager : Event: ======'timer_attract_carousel_timer_started'====== Args={'ticks': 0, 'ticks_remaining': 1}
2025-08-24 16:41:02,754 : INFO : EventManager : Event: ======'timer_attract_carousel_timer_tick'====== Args={'ticks': 0, 'ticks_remaining': 1}
2025-08-24 16:41:07,762 : INFO : Timer.attract_carousel_timer : Timer Complete
2025-08-24 16:41:07,762 : INFO : Timer.attract_carousel_timer : Stopping Timer
2025-08-24 16:41:07,762 : INFO : EventManager : Event: ======'timer_attract_carousel_timer_stopped'====== Args={'ticks': 1, 'ticks_remaining': 1}
2025-08-24 16:41:07,762 : INFO : EventManager : Event: ======'timer_attract_carousel_timer_complete'====== Args={'ticks': 1, 'ticks_remaining': 1}
2025-08-24 16:41:07,762 : INFO : EventManager : Event: ======'item_highlighted'====== Args={'carousel': 'attract', 'direction': 'forwards', 'item': 'hotrod_pinball_logo'}
2025-08-24 16:41:07,762 : INFO : Timer.attract_carousel_timer : Starting Timer.
2025-08-24 16:41:07,763 : INFO : EventManager : Event: ======'timer_attract_carousel_timer_started'====== Args={'ticks': 0, 'ticks_remaining': 1}
2025-08-24 16:41:07,763 : INFO : EventManager : Event: ======'timer_attract_carousel_timer_tick'====== Args={'ticks': 0, 'ticks_remaining': 1}
2025-08-24 16:41:12,776 : INFO : Timer.attract_carousel_timer : Timer Complete
2025-08-24 16:41:12,776 : INFO : Timer.attract_carousel_timer : Stopping Timer
2025-08-24 16:41:12,776 : INFO : EventManager : Event: ======'timer_attract_carousel_timer_stopped'====== Args={'ticks': 1, 'ticks_remaining': 1}
2025-08-24 16:41:12,776 : INFO : EventManager : Event: ======'timer_attract_carousel_timer_complete'====== Args={'ticks': 1, 'ticks_remaining': 1}
2025-08-24 16:41:12,776 : INFO : EventManager : Event: ======'item_highlighted'====== Args={'carousel': 'attract', 'direction': 'forwards', 'item': 'mpf_logo'}
2025-08-24 16:41:12,777 : INFO : Timer.attract_carousel_timer : Starting Timer.
2025-08-24 16:41:12,777 : INFO : EventManager : Event: ======'timer_attract_carousel_timer_started'====== Args={'ticks': 0, 'ticks_remaining': 1}
2025-08-24 16:41:12,777 : INFO : EventManager : Event: ======'timer_attract_carousel_timer_tick'====== Args={'ticks': 0, 'ticks_remaining': 1}
2025-08-24 16:41:17,788 : INFO : Timer.attract_carousel_timer : Timer Complete
2025-08-24 16:41:17,788 : INFO : Timer.attract_carousel_timer : Stopping Timer
2025-08-24 16:41:17,788 : INFO : EventManager : Event: ======'timer_attract_carousel_timer_stopped'====== Args={'ticks': 1, 'ticks_remaining': 1}
2025-08-24 16:41:17,788 : INFO : EventManager : Event: ======'timer_attract_carousel_timer_complete'====== Args={'ticks': 1, 'ticks_remaining': 1}
2025-08-24 16:41:17,788 : INFO : EventManager : Event: ======'item_highlighted'====== Args={'carousel': 'attract', 'direction': 'forwards', 'item': 'credits'}
2025-08-24 16:41:17,788 : INFO : Timer.attract_carousel_timer : Starting Timer.
2025-08-24 16:41:17,788 : INFO : EventManager : Event: ======'timer_attract_carousel_timer_started'====== Args={'ticks': 0, 'ticks_remaining': 1}
2025-08-24 16:41:17,788 : INFO : EventManager : Event: ======'timer_attract_carousel_timer_tick'====== Args={'ticks': 0, 'ticks_remaining': 1}
2025-08-24 16:41:22,791 : INFO : Timer.attract_carousel_timer : Timer Complete
2025-08-24 16:41:22,791 : INFO : Timer.attract_carousel_timer : Stopping Timer
2025-08-24 16:41:22,791 : INFO : EventManager : Event: ======'timer_attract_carousel_timer_stopped'====== Args={'ticks': 1, 'ticks_remaining': 1}
2025-08-24 16:41:22,791 : INFO : EventManager : Event: ======'timer_attract_carousel_timer_complete'====== Args={'ticks': 1, 'ticks_remaining': 1}
2025-08-24 16:41:22,791 : INFO : EventManager : Event: ======'item_highlighted'====== Args={'carousel': 'attract', 'direction': 'forwards', 'item': 'title'}
2025-08-24 16:41:22,792 : INFO : Timer.attract_carousel_timer : Starting Timer.
2025-08-24 16:41:22,792 : INFO : EventManager : Event: ======'timer_attract_carousel_timer_started'====== Args={'ticks': 0, 'ticks_remaining': 1}
2025-08-24 16:41:22,792 : INFO : EventManager : Event: ======'timer_attract_carousel_timer_tick'====== Args={'ticks': 0, 'ticks_remaining': 1}
2025-08-24 16:41:27,803 : INFO : Timer.attract_carousel_timer : Timer Complete
2025-08-24 16:41:27,803 : INFO : Timer.attract_carousel_timer : Stopping Timer
2025-08-24 16:41:27,803 : INFO : EventManager : Event: ======'timer_attract_carousel_timer_stopped'====== Args={'ticks': 1, 'ticks_remaining': 1}
2025-08-24 16:41:27,803 : INFO : EventManager : Event: ======'timer_attract_carousel_timer_complete'====== Args={'ticks': 1, 'ticks_remaining': 1}
2025-08-24 16:41:27,803 : INFO : EventManager : Event: ======'item_highlighted'====== Args={'carousel': 'attract', 'direction': 'forwards', 'item': 'presented_by'}
2025-08-24 16:41:27,804 : INFO : Timer.attract_carousel_timer : Starting Timer.
2025-08-24 16:41:27,804 : INFO : EventManager : Event: ======'timer_attract_carousel_timer_started'====== Args={'ticks': 0, 'ticks_remaining': 1}
2025-08-24 16:41:27,804 : INFO : EventManager : Event: ======'timer_attract_carousel_timer_tick'====== Args={'ticks': 0, 'ticks_remaining': 1}
2025-08-24 16:41:32,817 : INFO : Timer.attract_carousel_timer : Timer Complete
2025-08-24 16:41:32,817 : INFO : Timer.attract_carousel_timer : Stopping Timer
2025-08-24 16:41:32,817 : INFO : EventManager : Event: ======'timer_attract_carousel_timer_stopped'====== Args={'ticks': 1, 'ticks_remaining': 1}
2025-08-24 16:41:32,817 : INFO : EventManager : Event: ======'timer_attract_carousel_timer_complete'====== Args={'ticks': 1, 'ticks_remaining': 1}
2025-08-24 16:41:32,817 : INFO : EventManager : Event: ======'item_highlighted'====== Args={'carousel': 'attract', 'direction': 'forwards', 'item': 'hotrod_pinball_logo'}
2025-08-24 16:41:32,818 : INFO : Timer.attract_carousel_timer : Starting Timer.
2025-08-24 16:41:32,818 : INFO : EventManager : Event: ======'timer_attract_carousel_timer_started'====== Args={'ticks': 0, 'ticks_remaining': 1}
2025-08-24 16:41:32,818 : INFO : EventManager : Event: ======'timer_attract_carousel_timer_tick'====== Args={'ticks': 0, 'ticks_remaining': 1}
2025-08-24 16:41:37,826 : INFO : Timer.attract_carousel_timer : Timer Complete
2025-08-24 16:41:37,826 : INFO : Timer.attract_carousel_timer : Stopping Timer
2025-08-24 16:41:37,826 : INFO : EventManager : Event: ======'timer_attract_carousel_timer_stopped'====== Args={'ticks': 1, 'ticks_remaining': 1}
2025-08-24 16:41:37,826 : INFO : EventManager : Event: ======'timer_attract_carousel_timer_complete'====== Args={'ticks': 1, 'ticks_remaining': 1}
2025-08-24 16:41:37,826 : INFO : EventManager : Event: ======'item_highlighted'====== Args={'carousel': 'attract', 'direction': 'forwards', 'item': 'mpf_logo'}
2025-08-24 16:41:37,826 : INFO : Timer.attract_carousel_timer : Starting Timer.
2025-08-24 16:41:37,826 : INFO : EventManager : Event: ======'timer_attract_carousel_timer_started'====== Args={'ticks': 0, 'ticks_remaining': 1}
2025-08-24 16:41:37,826 : INFO : EventManager : Event: ======'timer_attract_carousel_timer_tick'====== Args={'ticks': 0, 'ticks_remaining': 1}
2025-08-24 16:41:40,940 : INFO : Machine : Shutting down...
2025-08-24 16:41:40,940 : INFO : EventManager : Event: ======'shutdown'====== Args={}
2025-08-24 16:41:40,943 : INFO : root : MPF run loop ended.
