2025-12-26 10:59:34,663 : INFO : root : Loading config.
2025-12-26 10:59:34,667 : INFO : YamlMultifileConfigLoader : Machine config file #1: config.yaml
2025-12-26 10:59:34,667 : INFO : ConfigProcessor : Loading config from cache: C:\Users\White\AppData\Local\Temp\4d2409115979d2066280cf8a522910f3.mpf_cache
2025-12-26 10:59:34,802 : INFO : ConfigProcessor : Loading config from cache: C:\Users\White\AppData\Local\Temp\e29f700f4dd412c341ced84fe54a834e.mpf_cache
2025-12-26 10:59:34,803 : INFO : ConfigProcessor : Loading config from cache: C:\Users\White\AppData\Local\Temp\91cc4d1c993c58dc354e34974b9cfeac.mpf_cache
2025-12-26 10:59:34,804 : INFO : ConfigProcessor : Loading config from cache: C:\Users\White\AppData\Local\Temp\153a6f35d2fbc89e8611fc222f5041e6.mpf_cache
2025-12-26 10:59:34,804 : INFO : ConfigProcessor : Loading config from cache: C:\Users\White\AppData\Local\Temp\e29f700f4dd412c341ced84fe54a834e.mpf_cache
2025-12-26 10:59:34,806 : INFO : ConfigProcessor : Loading config from cache: C:\Users\White\AppData\Local\Temp\3424101e418333c494b4f7abb38a6bbc.mpf_cache
2025-12-26 10:59:34,807 : INFO : ConfigProcessor : Loading config from cache: C:\Users\White\AppData\Local\Temp\2baac919e756d495657c096c87a61da2.mpf_cache
2025-12-26 10:59:34,809 : INFO : ConfigProcessor : Loading config from cache: C:\Users\White\AppData\Local\Temp\515c33aaf7882d3e576ea3c42b7bfe2a.mpf_cache
2025-12-26 10:59:34,809 : INFO : ConfigProcessor : Loading config from cache: C:\Users\White\AppData\Local\Temp\928267ba5ce09cfb7bef110abe29482e.mpf_cache
2025-12-26 10:59:34,810 : INFO : ConfigProcessor : Loading config from cache: C:\Users\White\AppData\Local\Temp\143f2aa6ea6c447c37835b1fcf1e2392.mpf_cache
2025-12-26 10:59:34,811 : INFO : ConfigProcessor : Loading config from cache: C:\Users\White\AppData\Local\Temp\32a647433343f2a8dbd97369798bc91c.mpf_cache
2025-12-26 10:59:34,811 : INFO : ConfigProcessor : Loading config from cache: C:\Users\White\AppData\Local\Temp\fcd858616785c392a2718eef83d6bdec.mpf_cache
2025-12-26 10:59:34,812 : INFO : ConfigProcessor : Loading config from cache: C:\Users\White\AppData\Local\Temp\bc528c0552a0292e8ecb958c9df9be52.mpf_cache
2025-12-26 10:59:34,812 : INFO : ConfigProcessor : Loading config from cache: C:\Users\White\AppData\Local\Temp\079d5d4f78adbdc9511df3472695879d.mpf_cache
2025-12-26 10:59:34,813 : INFO : ConfigProcessor : Loading config from cache: C:\Users\White\AppData\Local\Temp\3d7624af3136b167d055570c605d2391.mpf_cache
2025-12-26 10:59:34,814 : INFO : ConfigProcessor : Loading config from cache: C:\Users\White\AppData\Local\Temp\cbf9c95ed33e797787d40a3c26fb1f29.mpf_cache
2025-12-26 10:59:34,815 : INFO : ConfigProcessor : Loading config from cache: C:\Users\White\AppData\Local\Temp\0f477732e86fa3539be0c16808cbc3a4.mpf_cache
2025-12-26 10:59:34,816 : INFO : ConfigProcessor : Loading config from cache: C:\Users\White\AppData\Local\Temp\5252be9889d0ea92e9251ccb139bb96e.mpf_cache
2025-12-26 10:59:34,819 : INFO : ConfigProcessor : Loading config from cache: C:\Users\White\AppData\Local\Temp\bbd12103fd66360c81da95fa3b5d5cac.mpf_cache
2025-12-26 10:59:34,822 : INFO : ConfigProcessor : Loading config from cache: C:\Users\White\AppData\Local\Temp\aecbb0084a39aaddc8e1af6d86d05e57.mpf_cache
2025-12-26 10:59:34,824 : INFO : ConfigProcessor : Loading config from cache: C:\Users\White\AppData\Local\Temp\a64c515fc9f6d1ba4d043d8acedc61d8.mpf_cache
2025-12-26 10:59:34,825 : INFO : ConfigProcessor : Loading config from cache: C:\Users\White\AppData\Local\Temp\157e473ad106aaf7621d4ff67f908349.mpf_cache
2025-12-26 10:59:34,828 : INFO : ConfigProcessor : Loading config from cache: C:\Users\White\AppData\Local\Temp\b42daedb456e388e83b54e0791e694a7.mpf_cache
2025-12-26 10:59:34,829 : INFO : ConfigProcessor : Loading config from cache: C:\Users\White\AppData\Local\Temp\faf1d2b55b8b754be547ffd9950d5977.mpf_cache
2025-12-26 10:59:34,831 : INFO : ConfigProcessor : Loading config from cache: C:\Users\White\AppData\Local\Temp\881befc175503515b6a677d4b92fd8f6.mpf_cache
2025-12-26 10:59:34,834 : INFO : ConfigProcessor : Loading config from cache: C:\Users\White\AppData\Local\Temp\e02fdb456b236b981c3cd16c62d08cdd.mpf_cache
2025-12-26 10:59:34,836 : INFO : ConfigProcessor : Loading config from cache: C:\Users\White\AppData\Local\Temp\60f49b772835308c8a63a813f3984bd2.mpf_cache
2025-12-26 10:59:34,837 : INFO : ConfigProcessor : Loading config from cache: C:\Users\White\AppData\Local\Temp\b44eabe64ef7d1af51d3871ffce6e8a0.mpf_cache
2025-12-26 10:59:34,840 : INFO : ConfigProcessor : Loading config from cache: C:\Users\White\AppData\Local\Temp\c53f4b0025ffe033d8b4913dcf5d894f.mpf_cache
2025-12-26 10:59:34,841 : INFO : ConfigProcessor : Loading config from cache: C:\Users\White\AppData\Local\Temp\859a13897bab67859dc37e71c8deb7f3.mpf_cache
2025-12-26 10:59:34,842 : INFO : ConfigProcessor : Loading config from cache: C:\Users\White\AppData\Local\Temp\1df928f99f2fd0a162eaba4dfecade40.mpf_cache
2025-12-26 10:59:34,843 : INFO : ConfigProcessor : Loading config from cache: C:\Users\White\AppData\Local\Temp\79c411a388f93dc9361da8ba68c71f8b.mpf_cache
2025-12-26 10:59:34,844 : INFO : ConfigProcessor : Loading config from cache: C:\Users\White\AppData\Local\Temp\a2e6743439269288443fc316af74c4e3.mpf_cache
2025-12-26 10:59:34,846 : INFO : ConfigProcessor : Loading config from cache: C:\Users\White\AppData\Local\Temp\806e2c11867b05313045539710e5cf3e.mpf_cache
2025-12-26 10:59:34,847 : INFO : ConfigProcessor : Loading config from cache: C:\Users\White\AppData\Local\Temp\d4cc51f9996852dab0efd4baeb323b9c.mpf_cache
2025-12-26 10:59:34,847 : INFO : Machine : Mission Pinball Framework Core Engine v0.80.0.dev9
2025-12-26 10:59:34,847 : INFO : Machine : Command line arguments: {'no_load_cache': False, 'create_config_cache': True, 'bcp': True, 'configfile': ['config.yaml'], 'force_assets_load': False, 'platform_integration_test': False, 'jsonlogging': False, 'logfile': 'logs\\2025-12-26-10-59-34-mpf-TopGunPinball.log', 'pause': False, 'production': False, 'text_ui': False, 'loglevel': 15, 'consoleloglevel': 20, 'force_platform': 'virtual', 'syslog_address': None, 'full_logfile_path': 'C:\\Users\\White\\documents\\Top_Gun_Pinball\\logs\\2025-12-26-10-59-34-mpf-TopGunPinball.log'}
2025-12-26 10:59:34,847 : INFO : Machine : MPF path: C:\Users\White\mpf\Lib\site-packages\mpf
2025-12-26 10:59:34,847 : INFO : Machine : Machine path: C:\Users\White\documents\Top_Gun_Pinball
2025-12-26 10:59:34,847 : INFO : Machine : Platform: win32
2025-12-26 10:59:34,847 : INFO : Machine : Python executable location: C:\Users\White\mpf\Scripts\python.exe
2025-12-26 10:59:34,847 : INFO : Machine : Python version: 3.12.7 (64-bit)
2025-12-26 10:59:34,850 : INFO : Machine : Initializing MPF...
2025-12-26 10:59:34,937 : INFO : EventManager : Event: ======'machine_var_credits_string'====== Args={'value': 'FREE PLAY', 'prev_value': None, 'change': True}
2025-12-26 10:59:34,974 : INFO : EventManager : Event: ======'machine_var_fast_audio_headphones_volume'====== Args={'value': 20, 'prev_value': None, 'change': True}
2025-12-26 10:59:34,974 : INFO : EventManager : Event: ======'machine_var_fast_audio_main_volume'====== Args={'value': 20, 'prev_value': None, 'change': True}
2025-12-26 10:59:34,974 : INFO : EventManager : Event: ======'machine_var_master_volume'====== Args={'value': 0.5, 'prev_value': None, 'change': True}
2025-12-26 10:59:34,974 : INFO : EventManager : Event: ======'machine_var_player1_score'====== Args={'value': 314100, 'prev_value': None, 'change': True}
2025-12-26 10:59:34,974 : INFO : EventManager : Event: ======'machine_var_mpf_version'====== Args={'value': 'Mission Pinball Framework v0.80.0.dev9', 'prev_value': None, 'change': True}
2025-12-26 10:59:34,974 : INFO : EventManager : Event: ======'machine_var_mpf_extended_version'====== Args={'value': 'Mission Pinball Framework v0.80.0.dev9, Config version:6, Show version: 6, BCP version:1.1', 'prev_value': None, 'change': True}
2025-12-26 10:59:34,975 : INFO : EventManager : Event: ======'machine_var_python_version'====== Args={'value': '3.12.7', 'prev_value': None, 'change': True}
2025-12-26 10:59:35,050 : INFO : EventManager : Event: ======'machine_var_platform'====== Args={'value': 'Windows-11-10.0.26100-SP0', 'prev_value': None, 'change': True}
2025-12-26 10:59:35,050 : INFO : EventManager : Event: ======'machine_var_platform_system'====== Args={'value': 'Windows', 'prev_value': None, 'change': True}
2025-12-26 10:59:35,050 : INFO : EventManager : Event: ======'machine_var_platform_release'====== Args={'value': '11', 'prev_value': None, 'change': True}
2025-12-26 10:59:35,050 : INFO : EventManager : Event: ======'machine_var_platform_version'====== Args={'value': '10.0.26100', 'prev_value': None, 'change': True}
2025-12-26 10:59:35,051 : INFO : EventManager : Event: ======'machine_var_platform_machine'====== Args={'value': 'AMD64', 'prev_value': None, 'change': True}
2025-12-26 10:59:35,051 : INFO : EventManager : Event: ======'machine_var_log_file_path'====== Args={'value': 'C:\\Users\\White\\documents\\Top_Gun_Pinball\\logs\\2025-12-26-10-59-34-mpf-TopGunPinball.log', 'prev_value': None, 'change': True}
2025-12-26 10:59:35,051 : INFO : EventManager : Event: ======'init_phase_1'====== Args={}
2025-12-26 10:59:35,110 : INFO : EventManager : Event: ======'init_phase_2'====== Args={}
2025-12-26 10:59:35,110 : INFO : SwitchController : Found active switch: ('playfield_board_lower-0', <Platform.Virtual>) <switch.s_trough_1>
2025-12-26 10:59:35,110 : INFO : SwitchController : Found active switch: ('playfield_board_lower-1', <Platform.Virtual>) <switch.s_trough_2>
2025-12-26 10:59:35,110 : INFO : SwitchController : Found active switch: ('playfield_board_lower-2', <Platform.Virtual>) <switch.s_trough_3>
2025-12-26 10:59:35,110 : INFO : SwitchController : Found active switch: ('playfield_board_lower-3', <Platform.Virtual>) <switch.s_trough_4>
2025-12-26 10:59:35,110 : INFO : SwitchController : Found active switch: ('playfield_board_lower-4', <Platform.Virtual>) <switch.s_trough_5>
2025-12-26 10:59:35,110 : INFO : SwitchController : Found active switch: ('playfield_board_lower-5', <Platform.Virtual>) <switch.s_trough_6>
2025-12-26 10:59:35,211 : INFO : EventManager : Event: ======'bcp_connection_attempt'====== Args={'name': 'local_display', 'host': 'localhost', 'port': 5050}
2025-12-26 10:59:35,214 : INFO : BCPClientSocket : Connecting BCP to 'local_display' at localhost:5050...
2025-12-26 10:59:35,223 : INFO : BCPClientSocket : Connected BCP to 'local_display' localhost:5050
2025-12-26 10:59:35,225 : INFO : EventManager : Event: ======'bcp_clients_connected'====== Args={}
2025-12-26 10:59:35,225 : INFO : ball_device.bd_plunger : BCH: Initial count: 0
2025-12-26 10:59:35,225 : INFO : ball_device.bd_plunger : State: idle
2025-12-26 10:59:35,225 : INFO : ball_device.bd_trough : BCH: Initial count: 6
2025-12-26 10:59:35,226 : INFO : ball_device.bd_trough : State: idle
2025-12-26 10:59:35,226 : INFO : ball_device.bd_lock_elevator : BCH: Initial count: 0
2025-12-26 10:59:35,226 : INFO : ball_device.bd_lock_elevator : State: idle
2025-12-26 10:59:35,226 : INFO : ball_device.bd_mode_scoop : BCH: Initial count: 0
2025-12-26 10:59:35,226 : INFO : ball_device.bd_mode_scoop : State: idle
2025-12-26 10:59:35,243 : INFO : EventManager : Event: ======'init_phase_3'====== Args={}
2025-12-26 10:59:36,482 : INFO : EventManager : Event: ======'init_phase_4'====== Args={}
2025-12-26 10:59:36,482 : INFO : BallController : Initial balls found: 6
2025-12-26 10:59:36,483 : INFO : EventManager : Event: ======'machine_var_audits_events_game_ended'====== Args={'value': 4, 'prev_value': None, 'change': True}
2025-12-26 10:59:36,483 : INFO : EventManager : Event: ======'machine_var_audits_events_game_started'====== Args={'value': 694, 'prev_value': None, 'change': True}
2025-12-26 10:59:36,484 : INFO : EventManager : Event: ======'machine_var_audits_missing_switches_s_barrier_target'====== Args={'value': 31, 'prev_value': None, 'change': True}
2025-12-26 10:59:36,484 : INFO : EventManager : Event: ======'machine_var_audits_missing_switches_s_bumper_center'====== Args={'value': 13, 'prev_value': None, 'change': True}
2025-12-26 10:59:36,484 : INFO : EventManager : Event: ======'machine_var_audits_missing_switches_s_bumper_left'====== Args={'value': 166, 'prev_value': None, 'change': True}
2025-12-26 10:59:36,484 : INFO : EventManager : Event: ======'machine_var_audits_missing_switches_s_bumper_right'====== Args={'value': 18, 'prev_value': None, 'change': True}
2025-12-26 10:59:36,484 : INFO : EventManager : Event: ======'machine_var_audits_missing_switches_s_c_lock_target'====== Args={'value': 41, 'prev_value': None, 'change': True}
2025-12-26 10:59:36,484 : INFO : EventManager : Event: ======'machine_var_audits_missing_switches_s_coin_door'====== Args={'value': 6, 'prev_value': None, 'change': True}
2025-12-26 10:59:36,484 : INFO : EventManager : Event: ======'machine_var_audits_missing_switches_s_coin_door_credit_left'====== Args={'value': 488, 'prev_value': None, 'change': True}
2025-12-26 10:59:36,484 : INFO : EventManager : Event: ======'machine_var_audits_missing_switches_s_coin_door_credit_right'====== Args={'value': 488, 'prev_value': None, 'change': True}
2025-12-26 10:59:36,484 : INFO : EventManager : Event: ======'machine_var_audits_missing_switches_s_coin_door_service_1'====== Args={'value': 6, 'prev_value': None, 'change': True}
2025-12-26 10:59:36,484 : INFO : EventManager : Event: ======'machine_var_audits_missing_switches_s_coin_door_service_2'====== Args={'value': 6, 'prev_value': None, 'change': True}
2025-12-26 10:59:36,484 : INFO : EventManager : Event: ======'machine_var_audits_missing_switches_s_coin_door_service_3'====== Args={'value': 6, 'prev_value': None, 'change': True}
2025-12-26 10:59:36,484 : INFO : EventManager : Event: ======'machine_var_audits_missing_switches_s_coin_door_service_4'====== Args={'value': 6, 'prev_value': None, 'change': True}
2025-12-26 10:59:36,484 : INFO : EventManager : Event: ======'machine_var_audits_missing_switches_s_flight_gear_target'====== Args={'value': 6, 'prev_value': None, 'change': True}
2025-12-26 10:59:36,484 : INFO : EventManager : Event: ======'machine_var_audits_missing_switches_s_flipper_left'====== Args={'value': 1, 'prev_value': None, 'change': True}
2025-12-26 10:59:36,484 : INFO : EventManager : Event: ======'machine_var_audits_missing_switches_s_flipper_left_eos'====== Args={'value': 641, 'prev_value': None, 'change': True}
2025-12-26 10:59:36,484 : INFO : EventManager : Event: ======'machine_var_audits_missing_switches_s_flipper_left_upper'====== Args={'value': 643, 'prev_value': None, 'change': True}
2025-12-26 10:59:36,484 : INFO : EventManager : Event: ======'machine_var_audits_missing_switches_s_flipper_left_upper_eos'====== Args={'value': 641, 'prev_value': None, 'change': True}
2025-12-26 10:59:36,484 : INFO : EventManager : Event: ======'machine_var_audits_missing_switches_s_flipper_right_eos'====== Args={'value': 641, 'prev_value': None, 'change': True}
2025-12-26 10:59:36,484 : INFO : EventManager : Event: ======'machine_var_audits_missing_switches_s_jam'====== Args={'value': 580, 'prev_value': None, 'change': True}
2025-12-26 10:59:36,484 : INFO : EventManager : Event: ======'machine_var_audits_missing_switches_s_k_lock_target'====== Args={'value': 100, 'prev_value': None, 'change': True}
2025-12-26 10:59:36,484 : INFO : EventManager : Event: ======'machine_var_audits_missing_switches_s_l_lock_target'====== Args={'value': 41, 'prev_value': None, 'change': True}
2025-12-26 10:59:36,485 : INFO : EventManager : Event: ======'machine_var_audits_missing_switches_s_lane_left'====== Args={'value': 22, 'prev_value': None, 'change': True}
2025-12-26 10:59:36,485 : INFO : EventManager : Event: ======'machine_var_audits_missing_switches_s_lock_goose'====== Args={'value': 643, 'prev_value': None, 'change': True}
2025-12-26 10:59:36,485 : INFO : EventManager : Event: ======'machine_var_audits_missing_switches_s_lock_mav'====== Args={'value': 643, 'prev_value': None, 'change': True}
2025-12-26 10:59:36,485 : INFO : EventManager : Event: ======'machine_var_audits_missing_switches_s_lock_plunger'====== Args={'value': 477, 'prev_value': None, 'change': True}
2025-12-26 10:59:36,485 : INFO : EventManager : Event: ======'machine_var_audits_missing_switches_s_o_lock_target'====== Args={'value': 41, 'prev_value': None, 'change': True}
2025-12-26 10:59:36,485 : INFO : EventManager : Event: ======'machine_var_audits_missing_switches_s_orbit_left'====== Args={'value': 1, 'prev_value': None, 'change': True}
2025-12-26 10:59:36,485 : INFO : EventManager : Event: ======'machine_var_audits_missing_switches_s_orbit_lower'====== Args={'value': 33, 'prev_value': None, 'change': True}
2025-12-26 10:59:36,485 : INFO : EventManager : Event: ======'machine_var_audits_missing_switches_s_orbit_right'====== Args={'value': 33, 'prev_value': None, 'change': True}
2025-12-26 10:59:36,485 : INFO : EventManager : Event: ======'machine_var_audits_missing_switches_s_orbit_upper'====== Args={'value': 1, 'prev_value': None, 'change': True}
2025-12-26 10:59:36,485 : INFO : EventManager : Event: ======'machine_var_audits_missing_switches_s_plunger_lane'====== Args={'value': 10, 'prev_value': None, 'change': True}
2025-12-26 10:59:36,485 : INFO : EventManager : Event: ======'machine_var_audits_missing_switches_s_ramp_inner_exit'====== Args={'value': 1, 'prev_value': None, 'change': True}
2025-12-26 10:59:36,485 : INFO : EventManager : Event: ======'machine_var_audits_missing_switches_s_ramp_left_exit'====== Args={'value': 1, 'prev_value': None, 'change': True}
2025-12-26 10:59:36,485 : INFO : EventManager : Event: ======'machine_var_audits_missing_switches_s_ramp_right_exit'====== Args={'value': 6, 'prev_value': None, 'change': True}
2025-12-26 10:59:36,485 : INFO : EventManager : Event: ======'machine_var_audits_missing_switches_s_ramp_tower_exit'====== Args={'value': 1, 'prev_value': None, 'change': True}
2025-12-26 10:59:36,485 : INFO : EventManager : Event: ======'machine_var_audits_missing_switches_s_slingshot_left'====== Args={'value': 32, 'prev_value': None, 'change': True}
2025-12-26 10:59:36,485 : INFO : EventManager : Event: ======'machine_var_audits_missing_switches_s_slingshot_right'====== Args={'value': 48, 'prev_value': None, 'change': True}
2025-12-26 10:59:36,485 : INFO : EventManager : Event: ======'machine_var_audits_missing_switches_s_start'====== Args={'value': 16, 'prev_value': None, 'change': True}
2025-12-26 10:59:36,485 : INFO : EventManager : Event: ======'machine_var_audits_missing_switches_s_tilt'====== Args={'value': 581, 'prev_value': None, 'change': True}
2025-12-26 10:59:36,485 : INFO : EventManager : Event: ======'machine_var_audits_missing_switches_s_trough_1'====== Args={'value': 619, 'prev_value': None, 'change': True}
2025-12-26 10:59:36,485 : INFO : EventManager : Event: ======'machine_var_audits_missing_switches_s_trough_2'====== Args={'value': 619, 'prev_value': None, 'change': True}
2025-12-26 10:59:36,485 : INFO : EventManager : Event: ======'machine_var_audits_missing_switches_s_trough_3'====== Args={'value': 619, 'prev_value': None, 'change': True}
2025-12-26 10:59:36,485 : INFO : EventManager : Event: ======'machine_var_audits_missing_switches_s_trough_4'====== Args={'value': 694, 'prev_value': None, 'change': True}
2025-12-26 10:59:36,485 : INFO : EventManager : Event: ======'machine_var_audits_missing_switches_s_trough_5'====== Args={'value': 694, 'prev_value': None, 'change': True}
2025-12-26 10:59:36,486 : INFO : EventManager : Event: ======'machine_var_audits_missing_switches_s_trough_6'====== Args={'value': 6, 'prev_value': None, 'change': True}
2025-12-26 10:59:36,486 : INFO : EventManager : Event: ======'machine_var_audits_player_score'====== Args={'value': {'average': 597469, 'top': [2229000, 314100, 310250, 73000, 61000], 'total': 5}, 'prev_value': None, 'change': True}
2025-12-26 10:59:36,486 : INFO : EventManager : Event: ======'machine_var_audits_shots_bumper_center'====== Args={'value': 656, 'prev_value': None, 'change': True}
2025-12-26 10:59:36,486 : INFO : EventManager : Event: ======'machine_var_audits_shots_bumper_left'====== Args={'value': 658, 'prev_value': None, 'change': True}
2025-12-26 10:59:36,486 : INFO : EventManager : Event: ======'machine_var_audits_shots_bumper_right'====== Args={'value': 426, 'prev_value': None, 'change': True}
2025-12-26 10:59:36,486 : INFO : EventManager : Event: ======'machine_var_audits_shots_mach_ramp'====== Args={'value': 817, 'prev_value': None, 'change': True}
2025-12-26 10:59:36,486 : INFO : EventManager : Event: ======'machine_var_audits_shots_mig_lane_left'====== Args={'value': 190, 'prev_value': None, 'change': True}
2025-12-26 10:59:36,486 : INFO : EventManager : Event: ======'machine_var_audits_shots_mig_lane_right'====== Args={'value': 30, 'prev_value': None, 'change': True}
2025-12-26 10:59:36,486 : INFO : EventManager : Event: ======'machine_var_audits_shots_orbit_upper'====== Args={'value': 21, 'prev_value': None, 'change': True}
2025-12-26 10:59:36,486 : INFO : EventManager : Event: ======'machine_var_audits_shots_ramp_inner'====== Args={'value': 58, 'prev_value': None, 'change': True}
2025-12-26 10:59:36,486 : INFO : EventManager : Event: ======'machine_var_audits_shots_spinner'====== Args={'value': 47, 'prev_value': None, 'change': True}
2025-12-26 10:59:36,486 : INFO : EventManager : Event: ======'machine_var_audits_switches_s_a_iceman_target'====== Args={'value': 208, 'prev_value': None, 'change': True}
2025-12-26 10:59:36,486 : INFO : EventManager : Event: ======'machine_var_audits_switches_s_barrier_target'====== Args={'value': 53, 'prev_value': None, 'change': True}
2025-12-26 10:59:36,486 : INFO : EventManager : Event: ======'machine_var_audits_switches_s_bumper_center'====== Args={'value': 676, 'prev_value': None, 'change': True}
2025-12-26 10:59:36,486 : INFO : EventManager : Event: ======'machine_var_audits_switches_s_bumper_left'====== Args={'value': 689, 'prev_value': None, 'change': True}
2025-12-26 10:59:36,486 : INFO : EventManager : Event: ======'machine_var_audits_switches_s_bumper_right'====== Args={'value': 432, 'prev_value': None, 'change': True}
2025-12-26 10:59:36,486 : INFO : EventManager : Event: ======'machine_var_audits_switches_s_c_iceman_target'====== Args={'value': 163, 'prev_value': None, 'change': True}
2025-12-26 10:59:36,486 : INFO : EventManager : Event: ======'machine_var_audits_switches_s_c_lock_target'====== Args={'value': 15, 'prev_value': None, 'change': True}
2025-12-26 10:59:36,486 : INFO : EventManager : Event: ======'machine_var_audits_switches_s_coin_door'====== Args={'value': 2, 'prev_value': None, 'change': True}
2025-12-26 10:59:36,486 : INFO : EventManager : Event: ======'machine_var_audits_switches_s_coin_door_credit_left'====== Args={'value': 0, 'prev_value': None, 'change': True}
2025-12-26 10:59:36,487 : INFO : EventManager : Event: ======'machine_var_audits_switches_s_coin_door_credit_right'====== Args={'value': 0, 'prev_value': None, 'change': True}
2025-12-26 10:59:36,487 : INFO : EventManager : Event: ======'machine_var_audits_switches_s_coin_door_service_1'====== Args={'value': 1, 'prev_value': None, 'change': True}
2025-12-26 10:59:36,487 : INFO : EventManager : Event: ======'machine_var_audits_switches_s_coin_door_service_2'====== Args={'value': 1, 'prev_value': None, 'change': True}
2025-12-26 10:59:36,487 : INFO : EventManager : Event: ======'machine_var_audits_switches_s_coin_door_service_3'====== Args={'value': 1, 'prev_value': None, 'change': True}
2025-12-26 10:59:36,487 : INFO : EventManager : Event: ======'machine_var_audits_switches_s_coin_door_service_4'====== Args={'value': 1, 'prev_value': None, 'change': True}
2025-12-26 10:59:36,487 : INFO : EventManager : Event: ======'machine_var_audits_switches_s_e_iceman_target'====== Args={'value': 182, 'prev_value': None, 'change': True}
2025-12-26 10:59:36,487 : INFO : EventManager : Event: ======'machine_var_audits_switches_s_flight_gear_target'====== Args={'value': 336, 'prev_value': None, 'change': True}
2025-12-26 10:59:36,487 : INFO : EventManager : Event: ======'machine_var_audits_switches_s_flipper_left'====== Args={'value': 348, 'prev_value': None, 'change': True}
2025-12-26 10:59:36,487 : INFO : EventManager : Event: ======'machine_var_audits_switches_s_flipper_left_eos'====== Args={'value': 0, 'prev_value': None, 'change': True}
2025-12-26 10:59:36,487 : INFO : EventManager : Event: ======'machine_var_audits_switches_s_flipper_left_upper'====== Args={'value': 0, 'prev_value': None, 'change': True}
2025-12-26 10:59:36,487 : INFO : EventManager : Event: ======'machine_var_audits_switches_s_flipper_left_upper_eos'====== Args={'value': 0, 'prev_value': None, 'change': True}
2025-12-26 10:59:36,487 : INFO : EventManager : Event: ======'machine_var_audits_switches_s_flipper_right'====== Args={'value': 337, 'prev_value': None, 'change': True}
2025-12-26 10:59:36,487 : INFO : EventManager : Event: ======'machine_var_audits_switches_s_flipper_right_eos'====== Args={'value': 0, 'prev_value': None, 'change': True}
2025-12-26 10:59:36,487 : INFO : EventManager : Event: ======'machine_var_audits_switches_s_i_iceman_target'====== Args={'value': 138, 'prev_value': None, 'change': True}
2025-12-26 10:59:36,487 : INFO : EventManager : Event: ======'machine_var_audits_switches_s_inlane_left'====== Args={'value': 305, 'prev_value': None, 'change': True}
2025-12-26 10:59:36,487 : INFO : EventManager : Event: ======'machine_var_audits_switches_s_inner_inlane_right'====== Args={'value': 276, 'prev_value': None, 'change': True}
2025-12-26 10:59:36,487 : INFO : EventManager : Event: ======'machine_var_audits_switches_s_jam'====== Args={'value': 1, 'prev_value': None, 'change': True}
2025-12-26 10:59:36,487 : INFO : EventManager : Event: ======'machine_var_audits_switches_s_k_lock_target'====== Args={'value': 10, 'prev_value': None, 'change': True}
2025-12-26 10:59:36,487 : INFO : EventManager : Event: ======'machine_var_audits_switches_s_l_lock_target'====== Args={'value': 24, 'prev_value': None, 'change': True}
2025-12-26 10:59:36,487 : INFO : EventManager : Event: ======'machine_var_audits_switches_s_lane_left'====== Args={'value': 649, 'prev_value': None, 'change': True}
2025-12-26 10:59:36,487 : INFO : EventManager : Event: ======'machine_var_audits_switches_s_lane_right'====== Args={'value': 394, 'prev_value': None, 'change': True}
2025-12-26 10:59:36,487 : INFO : EventManager : Event: ======'machine_var_audits_switches_s_lock_goose'====== Args={'value': 0, 'prev_value': None, 'change': True}
2025-12-26 10:59:36,487 : INFO : EventManager : Event: ======'machine_var_audits_switches_s_lock_mav'====== Args={'value': 0, 'prev_value': None, 'change': True}
2025-12-26 10:59:36,488 : INFO : EventManager : Event: ======'machine_var_audits_switches_s_lock_plunger'====== Args={'value': 3, 'prev_value': None, 'change': True}
2025-12-26 10:59:36,488 : INFO : EventManager : Event: ======'machine_var_audits_switches_s_m_iceman_target'====== Args={'value': 198, 'prev_value': None, 'change': True}
2025-12-26 10:59:36,488 : INFO : EventManager : Event: ======'machine_var_audits_switches_s_mig_lane_left'====== Args={'value': 581, 'prev_value': None, 'change': True}
2025-12-26 10:59:36,488 : INFO : EventManager : Event: ======'machine_var_audits_switches_s_mig_lane_right'====== Args={'value': 251, 'prev_value': None, 'change': True}
2025-12-26 10:59:36,488 : INFO : EventManager : Event: ======'machine_var_audits_switches_s_mode_start'====== Args={'value': 277, 'prev_value': None, 'change': True}
2025-12-26 10:59:36,488 : INFO : EventManager : Event: ======'machine_var_audits_switches_s_n_iceman_target'====== Args={'value': 343, 'prev_value': None, 'change': True}
2025-12-26 10:59:36,488 : INFO : EventManager : Event: ======'machine_var_audits_switches_s_o_lock_target'====== Args={'value': 29, 'prev_value': None, 'change': True}
2025-12-26 10:59:36,488 : INFO : EventManager : Event: ======'machine_var_audits_switches_s_orbit_left'====== Args={'value': 636, 'prev_value': None, 'change': True}
2025-12-26 10:59:36,488 : INFO : EventManager : Event: ======'machine_var_audits_switches_s_orbit_lower'====== Args={'value': 32, 'prev_value': None, 'change': True}
2025-12-26 10:59:36,488 : INFO : EventManager : Event: ======'machine_var_audits_switches_s_orbit_right'====== Args={'value': 110, 'prev_value': None, 'change': True}
2025-12-26 10:59:36,488 : INFO : EventManager : Event: ======'machine_var_audits_switches_s_orbit_upper'====== Args={'value': 137, 'prev_value': None, 'change': True}
2025-12-26 10:59:36,488 : INFO : EventManager : Event: ======'machine_var_audits_switches_s_outer_inlane_right'====== Args={'value': 263, 'prev_value': None, 'change': True}
2025-12-26 10:59:36,488 : INFO : EventManager : Event: ======'machine_var_audits_switches_s_outlane_left'====== Args={'value': 245, 'prev_value': None, 'change': True}
2025-12-26 10:59:36,488 : INFO : EventManager : Event: ======'machine_var_audits_switches_s_outlane_right'====== Args={'value': 265, 'prev_value': None, 'change': True}
2025-12-26 10:59:36,488 : INFO : EventManager : Event: ======'machine_var_audits_switches_s_plunger_lane'====== Args={'value': 46, 'prev_value': None, 'change': True}
2025-12-26 10:59:36,488 : INFO : EventManager : Event: ======'machine_var_audits_switches_s_ramp_inner_exit'====== Args={'value': 863, 'prev_value': None, 'change': True}
2025-12-26 10:59:36,488 : INFO : EventManager : Event: ======'machine_var_audits_switches_s_ramp_left_exit'====== Args={'value': 780, 'prev_value': None, 'change': True}
2025-12-26 10:59:36,488 : INFO : EventManager : Event: ======'machine_var_audits_switches_s_ramp_right_exit'====== Args={'value': 159, 'prev_value': None, 'change': True}
2025-12-26 10:59:36,488 : INFO : EventManager : Event: ======'machine_var_audits_switches_s_ramp_tower_exit'====== Args={'value': 185, 'prev_value': None, 'change': True}
2025-12-26 10:59:36,488 : INFO : EventManager : Event: ======'machine_var_audits_switches_s_shooter_lane'====== Args={'value': 720, 'prev_value': None, 'change': True}
2025-12-26 10:59:36,488 : INFO : EventManager : Event: ======'machine_var_audits_switches_s_slingshot_left'====== Args={'value': 12, 'prev_value': None, 'change': True}
2025-12-26 10:59:36,488 : INFO : EventManager : Event: ======'machine_var_audits_switches_s_slingshot_right'====== Args={'value': 13, 'prev_value': None, 'change': True}
2025-12-26 10:59:36,489 : INFO : EventManager : Event: ======'machine_var_audits_switches_s_spinner'====== Args={'value': 1924, 'prev_value': None, 'change': True}
2025-12-26 10:59:36,489 : INFO : EventManager : Event: ======'machine_var_audits_switches_s_start'====== Args={'value': 175, 'prev_value': None, 'change': True}
2025-12-26 10:59:36,489 : INFO : EventManager : Event: ======'machine_var_audits_switches_s_tilt'====== Args={'value': 0, 'prev_value': None, 'change': True}
2025-12-26 10:59:36,489 : INFO : EventManager : Event: ======'machine_var_audits_switches_s_trough_1'====== Args={'value': 2, 'prev_value': None, 'change': True}
2025-12-26 10:59:36,489 : INFO : EventManager : Event: ======'machine_var_audits_switches_s_trough_2'====== Args={'value': 1, 'prev_value': None, 'change': True}
2025-12-26 10:59:36,489 : INFO : EventManager : Event: ======'machine_var_audits_switches_s_trough_3'====== Args={'value': 1, 'prev_value': None, 'change': True}
2025-12-26 10:59:36,489 : INFO : EventManager : Event: ======'machine_var_audits_switches_s_trough_4'====== Args={'value': 0, 'prev_value': None, 'change': True}
2025-12-26 10:59:36,489 : INFO : EventManager : Event: ======'machine_var_audits_switches_s_trough_5'====== Args={'value': 0, 'prev_value': None, 'change': True}
2025-12-26 10:59:36,489 : INFO : EventManager : Event: ======'machine_var_audits_switches_s_trough_6'====== Args={'value': 303, 'prev_value': None, 'change': True}
2025-12-26 10:59:36,489 : INFO : EventManager : Event: ======'init_phase_5'====== Args={}
2025-12-26 10:59:36,489 : INFO : EventManager : Event: ======'init_done'====== Args={}
2025-12-26 10:59:36,489 : INFO : EventManager : Event: ======'machine_reset_phase_1'====== Args={}
2025-12-26 10:59:36,498 : INFO : EventManager : Event: ======'machine_reset_phase_2'====== Args={}
2025-12-26 10:59:36,498 : INFO : EventManager : Event: ======'machine_reset_phase_3'====== Args={}
2025-12-26 10:59:36,498 : INFO : EventManager : Event: ======'reset_complete'====== Args={}
2025-12-26 10:59:36,498 : INFO : EventManager : Event: ======'mode_attract_will_start'====== Args={}
2025-12-26 10:59:36,498 : INFO : Timer.attract_carousel_timer : Starting Timer.
2025-12-26 10:59:36,498 : INFO : EventManager : Event: ======'timer_attract_carousel_timer_started'====== Args={'ticks': 0, 'ticks_remaining': 1}
2025-12-26 10:59:36,498 : INFO : EventManager : Event: ======'timer_attract_carousel_timer_tick'====== Args={'ticks': 0, 'ticks_remaining': 1}
2025-12-26 10:59:36,499 : INFO : EventManager : Event: ======'mode_attract_starting'====== Args={}
2025-12-26 10:59:36,500 : INFO : Mode.attract : Started. Priority: 10
2025-12-26 10:59:36,500 : INFO : EventManager : Event: ======'modes_active_modes_changed'====== Args={}
2025-12-26 10:59:36,500 : INFO : EventManager : Event: ======'mode_attract_started'====== Args={}
2025-12-26 10:59:36,500 : INFO : EventManager : Event: ======'attract_cycle_step1'====== Args={'priority': 0}
2025-12-26 10:59:36,500 : INFO : EventManager : Event: ======'collecting_balls_complete'====== Args={}
2025-12-26 10:59:36,500 : INFO : EventManager : Event: ======'item_highlighted'====== Args={'carousel': 'attract', 'direction': None, 'item': 'title'}
2025-12-26 10:59:36,500 : INFO : EventManager : Event: ======'timer_attract_carousel_timer_tick'====== Args={'ticks': 0, 'ticks_remaining': 1}
2025-12-26 10:59:36,502 : INFO : Machine : Starting the main run loop with active modes: [<Mode.attract>]
2025-12-26 10:59:36,596 : INFO : EventManager : Event: ======'slide_attract_created'====== Args={'_from_bcp': True}
2025-12-26 10:59:36,596 : INFO : EventManager : Event: ======'slide__removed'====== Args={'_from_bcp': True}
2025-12-26 10:59:36,597 : INFO : EventManager : Event: ======'slide_attract_active'====== Args={'original_context': 'attract', 'original_calling_context': 'mode_attract_started', 'priority': 10.0, 'cmd': 'slides_play', '_from_bcp': True}
2025-12-26 10:59:36,867 : INFO : BcpServer : New client connected.
2025-12-26 10:59:43,501 : INFO : Timer.attract_carousel_timer : Timer Complete
2025-12-26 10:59:43,501 : INFO : Timer.attract_carousel_timer : Stopping Timer
2025-12-26 10:59:43,502 : INFO : EventManager : Event: ======'timer_attract_carousel_timer_stopped'====== Args={'ticks': 1, 'ticks_remaining': 1}
2025-12-26 10:59:43,502 : INFO : EventManager : Event: ======'timer_attract_carousel_timer_complete'====== Args={'ticks': 1, 'ticks_remaining': 1}
2025-12-26 10:59:43,506 : INFO : EventManager : Event: ======'item_highlighted'====== Args={'carousel': 'attract', 'direction': 'forwards', 'item': 'presented_by'}
2025-12-26 10:59:43,506 : INFO : Timer.attract_carousel_timer : Starting Timer.
2025-12-26 10:59:43,506 : INFO : EventManager : Event: ======'timer_attract_carousel_timer_started'====== Args={'ticks': 0, 'ticks_remaining': 1}
2025-12-26 10:59:43,507 : INFO : EventManager : Event: ======'timer_attract_carousel_timer_tick'====== Args={'ticks': 0, 'ticks_remaining': 1}
2025-12-26 10:59:48,690 : INFO : EventManager : Event: ======'attract_cycle_step2'====== Args={}
2025-12-26 10:59:50,527 : INFO : Timer.attract_carousel_timer : Timer Complete
2025-12-26 10:59:50,527 : INFO : Timer.attract_carousel_timer : Stopping Timer
2025-12-26 10:59:50,527 : INFO : EventManager : Event: ======'timer_attract_carousel_timer_stopped'====== Args={'ticks': 1, 'ticks_remaining': 1}
2025-12-26 10:59:50,527 : INFO : EventManager : Event: ======'timer_attract_carousel_timer_complete'====== Args={'ticks': 1, 'ticks_remaining': 1}
2025-12-26 10:59:50,528 : INFO : EventManager : Event: ======'item_highlighted'====== Args={'carousel': 'attract', 'direction': 'forwards', 'item': 'hotrod_pinball_logo'}
2025-12-26 10:59:50,528 : INFO : Timer.attract_carousel_timer : Starting Timer.
2025-12-26 10:59:50,528 : INFO : EventManager : Event: ======'timer_attract_carousel_timer_started'====== Args={'ticks': 0, 'ticks_remaining': 1}
2025-12-26 10:59:50,528 : INFO : EventManager : Event: ======'timer_attract_carousel_timer_tick'====== Args={'ticks': 0, 'ticks_remaining': 1}
2025-12-26 10:59:57,525 : INFO : Timer.attract_carousel_timer : Timer Complete
2025-12-26 10:59:57,525 : INFO : Timer.attract_carousel_timer : Stopping Timer
2025-12-26 10:59:57,525 : INFO : EventManager : Event: ======'timer_attract_carousel_timer_stopped'====== Args={'ticks': 1, 'ticks_remaining': 1}
2025-12-26 10:59:57,525 : INFO : EventManager : Event: ======'timer_attract_carousel_timer_complete'====== Args={'ticks': 1, 'ticks_remaining': 1}
2025-12-26 10:59:57,527 : INFO : EventManager : Event: ======'item_highlighted'====== Args={'carousel': 'attract', 'direction': 'forwards', 'item': 'mpf_logo'}
2025-12-26 10:59:57,527 : INFO : Timer.attract_carousel_timer : Starting Timer.
2025-12-26 10:59:57,527 : INFO : EventManager : Event: ======'timer_attract_carousel_timer_started'====== Args={'ticks': 0, 'ticks_remaining': 1}
2025-12-26 10:59:57,527 : INFO : EventManager : Event: ======'timer_attract_carousel_timer_tick'====== Args={'ticks': 0, 'ticks_remaining': 1}
2025-12-26 11:00:03,931 : INFO : EventManager : Event: ======'attract_cycle_step3'====== Args={}
2025-12-26 11:00:04,525 : INFO : Timer.attract_carousel_timer : Timer Complete
2025-12-26 11:00:04,525 : INFO : Timer.attract_carousel_timer : Stopping Timer
2025-12-26 11:00:04,525 : INFO : EventManager : Event: ======'timer_attract_carousel_timer_stopped'====== Args={'ticks': 1, 'ticks_remaining': 1}
2025-12-26 11:00:04,525 : INFO : EventManager : Event: ======'timer_attract_carousel_timer_complete'====== Args={'ticks': 1, 'ticks_remaining': 1}
2025-12-26 11:00:04,527 : INFO : EventManager : Event: ======'item_highlighted'====== Args={'carousel': 'attract', 'direction': 'forwards', 'item': 'credits'}
2025-12-26 11:00:04,527 : INFO : Timer.attract_carousel_timer : Starting Timer.
2025-12-26 11:00:04,528 : INFO : EventManager : Event: ======'timer_attract_carousel_timer_started'====== Args={'ticks': 0, 'ticks_remaining': 1}
2025-12-26 11:00:04,528 : INFO : EventManager : Event: ======'timer_attract_carousel_timer_tick'====== Args={'ticks': 0, 'ticks_remaining': 1}
2025-12-26 11:00:11,520 : INFO : Timer.attract_carousel_timer : Timer Complete
2025-12-26 11:00:11,520 : INFO : Timer.attract_carousel_timer : Stopping Timer
2025-12-26 11:00:11,520 : INFO : EventManager : Event: ======'timer_attract_carousel_timer_stopped'====== Args={'ticks': 1, 'ticks_remaining': 1}
2025-12-26 11:00:11,520 : INFO : EventManager : Event: ======'timer_attract_carousel_timer_complete'====== Args={'ticks': 1, 'ticks_remaining': 1}
2025-12-26 11:00:11,523 : INFO : EventManager : Event: ======'item_highlighted'====== Args={'carousel': 'attract', 'direction': 'forwards', 'item': 'last_scores_1p'}
2025-12-26 11:00:11,524 : INFO : Timer.attract_carousel_timer : Starting Timer.
2025-12-26 11:00:11,524 : INFO : EventManager : Event: ======'timer_attract_carousel_timer_started'====== Args={'ticks': 0, 'ticks_remaining': 1}
2025-12-26 11:00:11,524 : INFO : EventManager : Event: ======'timer_attract_carousel_timer_tick'====== Args={'ticks': 0, 'ticks_remaining': 1}
2025-12-26 11:00:16,117 : INFO : EventManager : Event: ======'attract_cycle_step4'====== Args={}
2025-12-26 11:00:18,520 : INFO : Timer.attract_carousel_timer : Timer Complete
2025-12-26 11:00:18,520 : INFO : Timer.attract_carousel_timer : Stopping Timer
2025-12-26 11:00:18,520 : INFO : EventManager : Event: ======'timer_attract_carousel_timer_stopped'====== Args={'ticks': 1, 'ticks_remaining': 1}
2025-12-26 11:00:18,521 : INFO : EventManager : Event: ======'timer_attract_carousel_timer_complete'====== Args={'ticks': 1, 'ticks_remaining': 1}
2025-12-26 11:00:18,522 : INFO : EventManager : Event: ======'item_highlighted'====== Args={'carousel': 'attract', 'direction': 'forwards', 'item': 'title'}
2025-12-26 11:00:18,523 : INFO : Timer.attract_carousel_timer : Starting Timer.
2025-12-26 11:00:18,523 : INFO : EventManager : Event: ======'timer_attract_carousel_timer_started'====== Args={'ticks': 0, 'ticks_remaining': 1}
2025-12-26 11:00:18,523 : INFO : EventManager : Event: ======'timer_attract_carousel_timer_tick'====== Args={'ticks': 0, 'ticks_remaining': 1}
2025-12-26 11:00:25,524 : INFO : Timer.attract_carousel_timer : Timer Complete
2025-12-26 11:00:25,525 : INFO : Timer.attract_carousel_timer : Stopping Timer
2025-12-26 11:00:25,525 : INFO : EventManager : Event: ======'timer_attract_carousel_timer_stopped'====== Args={'ticks': 1, 'ticks_remaining': 1}
2025-12-26 11:00:25,525 : INFO : EventManager : Event: ======'timer_attract_carousel_timer_complete'====== Args={'ticks': 1, 'ticks_remaining': 1}
2025-12-26 11:00:25,526 : INFO : EventManager : Event: ======'item_highlighted'====== Args={'carousel': 'attract', 'direction': 'forwards', 'item': 'presented_by'}
2025-12-26 11:00:25,527 : INFO : Timer.attract_carousel_timer : Starting Timer.
2025-12-26 11:00:25,527 : INFO : EventManager : Event: ======'timer_attract_carousel_timer_started'====== Args={'ticks': 0, 'ticks_remaining': 1}
2025-12-26 11:00:25,527 : INFO : EventManager : Event: ======'timer_attract_carousel_timer_tick'====== Args={'ticks': 0, 'ticks_remaining': 1}
2025-12-26 11:00:27,744 : INFO : EventManager : Event: ======'attract_cycle_step5'====== Args={}
2025-12-26 11:00:32,524 : INFO : Timer.attract_carousel_timer : Timer Complete
2025-12-26 11:00:32,525 : INFO : Timer.attract_carousel_timer : Stopping Timer
2025-12-26 11:00:32,525 : INFO : EventManager : Event: ======'timer_attract_carousel_timer_stopped'====== Args={'ticks': 1, 'ticks_remaining': 1}
2025-12-26 11:00:32,525 : INFO : EventManager : Event: ======'timer_attract_carousel_timer_complete'====== Args={'ticks': 1, 'ticks_remaining': 1}
2025-12-26 11:00:32,528 : INFO : EventManager : Event: ======'item_highlighted'====== Args={'carousel': 'attract', 'direction': 'forwards', 'item': 'hotrod_pinball_logo'}
2025-12-26 11:00:32,529 : INFO : Timer.attract_carousel_timer : Starting Timer.
2025-12-26 11:00:32,529 : INFO : EventManager : Event: ======'timer_attract_carousel_timer_started'====== Args={'ticks': 0, 'ticks_remaining': 1}
2025-12-26 11:00:32,529 : INFO : EventManager : Event: ======'timer_attract_carousel_timer_tick'====== Args={'ticks': 0, 'ticks_remaining': 1}
2025-12-26 11:00:39,517 : INFO : Timer.attract_carousel_timer : Timer Complete
2025-12-26 11:00:39,517 : INFO : Timer.attract_carousel_timer : Stopping Timer
2025-12-26 11:00:39,518 : INFO : EventManager : Event: ======'timer_attract_carousel_timer_stopped'====== Args={'ticks': 1, 'ticks_remaining': 1}
2025-12-26 11:00:39,518 : INFO : EventManager : Event: ======'timer_attract_carousel_timer_complete'====== Args={'ticks': 1, 'ticks_remaining': 1}
2025-12-26 11:00:39,520 : INFO : EventManager : Event: ======'item_highlighted'====== Args={'carousel': 'attract', 'direction': 'forwards', 'item': 'mpf_logo'}
2025-12-26 11:00:39,522 : INFO : Timer.attract_carousel_timer : Starting Timer.
2025-12-26 11:00:39,522 : INFO : EventManager : Event: ======'timer_attract_carousel_timer_started'====== Args={'ticks': 0, 'ticks_remaining': 1}
2025-12-26 11:00:39,522 : INFO : EventManager : Event: ======'timer_attract_carousel_timer_tick'====== Args={'ticks': 0, 'ticks_remaining': 1}
2025-12-26 11:00:46,516 : INFO : Timer.attract_carousel_timer : Timer Complete
2025-12-26 11:00:46,516 : INFO : Timer.attract_carousel_timer : Stopping Timer
2025-12-26 11:00:46,516 : INFO : EventManager : Event: ======'timer_attract_carousel_timer_stopped'====== Args={'ticks': 1, 'ticks_remaining': 1}
2025-12-26 11:00:46,516 : INFO : EventManager : Event: ======'timer_attract_carousel_timer_complete'====== Args={'ticks': 1, 'ticks_remaining': 1}
2025-12-26 11:00:46,517 : INFO : EventManager : Event: ======'item_highlighted'====== Args={'carousel': 'attract', 'direction': 'forwards', 'item': 'credits'}
2025-12-26 11:00:46,518 : INFO : Timer.attract_carousel_timer : Starting Timer.
2025-12-26 11:00:46,518 : INFO : EventManager : Event: ======'timer_attract_carousel_timer_started'====== Args={'ticks': 0, 'ticks_remaining': 1}
2025-12-26 11:00:46,518 : INFO : EventManager : Event: ======'timer_attract_carousel_timer_tick'====== Args={'ticks': 0, 'ticks_remaining': 1}
2025-12-26 11:00:48,917 : INFO : EventManager : Event: ======'attract_cycle_step6'====== Args={}
2025-12-26 11:00:53,531 : INFO : Timer.attract_carousel_timer : Timer Complete
2025-12-26 11:00:53,531 : INFO : Timer.attract_carousel_timer : Stopping Timer
2025-12-26 11:00:53,531 : INFO : EventManager : Event: ======'timer_attract_carousel_timer_stopped'====== Args={'ticks': 1, 'ticks_remaining': 1}
2025-12-26 11:00:53,531 : INFO : EventManager : Event: ======'timer_attract_carousel_timer_complete'====== Args={'ticks': 1, 'ticks_remaining': 1}
2025-12-26 11:00:53,532 : INFO : EventManager : Event: ======'item_highlighted'====== Args={'carousel': 'attract', 'direction': 'forwards', 'item': 'last_scores_1p'}
2025-12-26 11:00:53,532 : INFO : Timer.attract_carousel_timer : Starting Timer.
2025-12-26 11:00:53,532 : INFO : EventManager : Event: ======'timer_attract_carousel_timer_started'====== Args={'ticks': 0, 'ticks_remaining': 1}
2025-12-26 11:00:53,532 : INFO : EventManager : Event: ======'timer_attract_carousel_timer_tick'====== Args={'ticks': 0, 'ticks_remaining': 1}
2025-12-26 11:00:58,072 : INFO : EventManager : Event: ======'attract_cycle_step1'====== Args={}
2025-12-26 11:01:00,531 : INFO : Timer.attract_carousel_timer : Timer Complete
2025-12-26 11:01:00,531 : INFO : Timer.attract_carousel_timer : Stopping Timer
2025-12-26 11:01:00,531 : INFO : EventManager : Event: ======'timer_attract_carousel_timer_stopped'====== Args={'ticks': 1, 'ticks_remaining': 1}
2025-12-26 11:01:00,531 : INFO : EventManager : Event: ======'timer_attract_carousel_timer_complete'====== Args={'ticks': 1, 'ticks_remaining': 1}
2025-12-26 11:01:00,534 : INFO : EventManager : Event: ======'item_highlighted'====== Args={'carousel': 'attract', 'direction': 'forwards', 'item': 'title'}
2025-12-26 11:01:00,534 : INFO : Timer.attract_carousel_timer : Starting Timer.
2025-12-26 11:01:00,534 : INFO : EventManager : Event: ======'timer_attract_carousel_timer_started'====== Args={'ticks': 0, 'ticks_remaining': 1}
2025-12-26 11:01:00,535 : INFO : EventManager : Event: ======'timer_attract_carousel_timer_tick'====== Args={'ticks': 0, 'ticks_remaining': 1}
2025-12-26 11:01:07,524 : INFO : Timer.attract_carousel_timer : Timer Complete
2025-12-26 11:01:07,525 : INFO : Timer.attract_carousel_timer : Stopping Timer
2025-12-26 11:01:07,525 : INFO : EventManager : Event: ======'timer_attract_carousel_timer_stopped'====== Args={'ticks': 1, 'ticks_remaining': 1}
2025-12-26 11:01:07,525 : INFO : EventManager : Event: ======'timer_attract_carousel_timer_complete'====== Args={'ticks': 1, 'ticks_remaining': 1}
2025-12-26 11:01:07,527 : INFO : EventManager : Event: ======'item_highlighted'====== Args={'carousel': 'attract', 'direction': 'forwards', 'item': 'presented_by'}
2025-12-26 11:01:07,528 : INFO : Timer.attract_carousel_timer : Starting Timer.
2025-12-26 11:01:07,528 : INFO : EventManager : Event: ======'timer_attract_carousel_timer_started'====== Args={'ticks': 0, 'ticks_remaining': 1}
2025-12-26 11:01:07,528 : INFO : EventManager : Event: ======'timer_attract_carousel_timer_tick'====== Args={'ticks': 0, 'ticks_remaining': 1}
2025-12-26 11:01:10,266 : INFO : EventManager : Event: ======'attract_cycle_step2'====== Args={}
2025-12-26 11:01:14,518 : INFO : Timer.attract_carousel_timer : Timer Complete
2025-12-26 11:01:14,518 : INFO : Timer.attract_carousel_timer : Stopping Timer
2025-12-26 11:01:14,518 : INFO : EventManager : Event: ======'timer_attract_carousel_timer_stopped'====== Args={'ticks': 1, 'ticks_remaining': 1}
2025-12-26 11:01:14,518 : INFO : EventManager : Event: ======'timer_attract_carousel_timer_complete'====== Args={'ticks': 1, 'ticks_remaining': 1}
2025-12-26 11:01:14,520 : INFO : EventManager : Event: ======'item_highlighted'====== Args={'carousel': 'attract', 'direction': 'forwards', 'item': 'hotrod_pinball_logo'}
2025-12-26 11:01:14,521 : INFO : Timer.attract_carousel_timer : Starting Timer.
2025-12-26 11:01:14,521 : INFO : EventManager : Event: ======'timer_attract_carousel_timer_started'====== Args={'ticks': 0, 'ticks_remaining': 1}
2025-12-26 11:01:14,521 : INFO : EventManager : Event: ======'timer_attract_carousel_timer_tick'====== Args={'ticks': 0, 'ticks_remaining': 1}
2025-12-26 11:01:21,543 : INFO : Timer.attract_carousel_timer : Timer Complete
2025-12-26 11:01:21,543 : INFO : Timer.attract_carousel_timer : Stopping Timer
2025-12-26 11:01:21,543 : INFO : EventManager : Event: ======'timer_attract_carousel_timer_stopped'====== Args={'ticks': 1, 'ticks_remaining': 1}
2025-12-26 11:01:21,543 : INFO : EventManager : Event: ======'timer_attract_carousel_timer_complete'====== Args={'ticks': 1, 'ticks_remaining': 1}
2025-12-26 11:01:21,544 : INFO : EventManager : Event: ======'item_highlighted'====== Args={'carousel': 'attract', 'direction': 'forwards', 'item': 'mpf_logo'}
2025-12-26 11:01:21,545 : INFO : Timer.attract_carousel_timer : Starting Timer.
2025-12-26 11:01:21,545 : INFO : EventManager : Event: ======'timer_attract_carousel_timer_started'====== Args={'ticks': 0, 'ticks_remaining': 1}
2025-12-26 11:01:21,545 : INFO : EventManager : Event: ======'timer_attract_carousel_timer_tick'====== Args={'ticks': 0, 'ticks_remaining': 1}
2025-12-26 11:01:25,545 : INFO : EventManager : Event: ======'attract_cycle_step3'====== Args={}
2025-12-26 11:01:28,538 : INFO : Timer.attract_carousel_timer : Timer Complete
2025-12-26 11:01:28,538 : INFO : Timer.attract_carousel_timer : Stopping Timer
2025-12-26 11:01:28,538 : INFO : EventManager : Event: ======'timer_attract_carousel_timer_stopped'====== Args={'ticks': 1, 'ticks_remaining': 1}
2025-12-26 11:01:28,539 : INFO : EventManager : Event: ======'timer_attract_carousel_timer_complete'====== Args={'ticks': 1, 'ticks_remaining': 1}
2025-12-26 11:01:28,541 : INFO : EventManager : Event: ======'item_highlighted'====== Args={'carousel': 'attract', 'direction': 'forwards', 'item': 'credits'}
2025-12-26 11:01:28,542 : INFO : Timer.attract_carousel_timer : Starting Timer.
2025-12-26 11:01:28,542 : INFO : EventManager : Event: ======'timer_attract_carousel_timer_started'====== Args={'ticks': 0, 'ticks_remaining': 1}
2025-12-26 11:01:28,542 : INFO : EventManager : Event: ======'timer_attract_carousel_timer_tick'====== Args={'ticks': 0, 'ticks_remaining': 1}
2025-12-26 11:01:35,542 : INFO : Timer.attract_carousel_timer : Timer Complete
2025-12-26 11:01:35,542 : INFO : Timer.attract_carousel_timer : Stopping Timer
2025-12-26 11:01:35,542 : INFO : EventManager : Event: ======'timer_attract_carousel_timer_stopped'====== Args={'ticks': 1, 'ticks_remaining': 1}
2025-12-26 11:01:35,542 : INFO : EventManager : Event: ======'timer_attract_carousel_timer_complete'====== Args={'ticks': 1, 'ticks_remaining': 1}
2025-12-26 11:01:35,544 : INFO : EventManager : Event: ======'item_highlighted'====== Args={'carousel': 'attract', 'direction': 'forwards', 'item': 'last_scores_1p'}
2025-12-26 11:01:35,545 : INFO : Timer.attract_carousel_timer : Starting Timer.
2025-12-26 11:01:35,545 : INFO : EventManager : Event: ======'timer_attract_carousel_timer_started'====== Args={'ticks': 0, 'ticks_remaining': 1}
2025-12-26 11:01:35,545 : INFO : EventManager : Event: ======'timer_attract_carousel_timer_tick'====== Args={'ticks': 0, 'ticks_remaining': 1}
2025-12-26 11:01:37,733 : INFO : EventManager : Event: ======'attract_cycle_step4'====== Args={}
2025-12-26 11:01:42,517 : INFO : Timer.attract_carousel_timer : Timer Complete
2025-12-26 11:01:42,517 : INFO : Timer.attract_carousel_timer : Stopping Timer
2025-12-26 11:01:42,517 : INFO : EventManager : Event: ======'timer_attract_carousel_timer_stopped'====== Args={'ticks': 1, 'ticks_remaining': 1}
2025-12-26 11:01:42,517 : INFO : EventManager : Event: ======'timer_attract_carousel_timer_complete'====== Args={'ticks': 1, 'ticks_remaining': 1}
2025-12-26 11:01:42,517 : INFO : EventManager : Event: ======'item_highlighted'====== Args={'carousel': 'attract', 'direction': 'forwards', 'item': 'title'}
2025-12-26 11:01:42,519 : INFO : Timer.attract_carousel_timer : Starting Timer.
2025-12-26 11:01:42,519 : INFO : EventManager : Event: ======'timer_attract_carousel_timer_started'====== Args={'ticks': 0, 'ticks_remaining': 1}
2025-12-26 11:01:42,519 : INFO : EventManager : Event: ======'timer_attract_carousel_timer_tick'====== Args={'ticks': 0, 'ticks_remaining': 1}
2025-12-26 11:01:49,355 : INFO : EventManager : Event: ======'attract_cycle_step5'====== Args={}
2025-12-26 11:01:49,543 : INFO : Timer.attract_carousel_timer : Timer Complete
2025-12-26 11:01:49,543 : INFO : Timer.attract_carousel_timer : Stopping Timer
2025-12-26 11:01:49,543 : INFO : EventManager : Event: ======'timer_attract_carousel_timer_stopped'====== Args={'ticks': 1, 'ticks_remaining': 1}
2025-12-26 11:01:49,543 : INFO : EventManager : Event: ======'timer_attract_carousel_timer_complete'====== Args={'ticks': 1, 'ticks_remaining': 1}
2025-12-26 11:01:49,545 : INFO : EventManager : Event: ======'item_highlighted'====== Args={'carousel': 'attract', 'direction': 'forwards', 'item': 'presented_by'}
2025-12-26 11:01:49,546 : INFO : Timer.attract_carousel_timer : Starting Timer.
2025-12-26 11:01:49,546 : INFO : EventManager : Event: ======'timer_attract_carousel_timer_started'====== Args={'ticks': 0, 'ticks_remaining': 1}
2025-12-26 11:01:49,546 : INFO : EventManager : Event: ======'timer_attract_carousel_timer_tick'====== Args={'ticks': 0, 'ticks_remaining': 1}
2025-12-26 11:01:56,516 : INFO : Timer.attract_carousel_timer : Timer Complete
2025-12-26 11:01:56,516 : INFO : Timer.attract_carousel_timer : Stopping Timer
2025-12-26 11:01:56,517 : INFO : EventManager : Event: ======'timer_attract_carousel_timer_stopped'====== Args={'ticks': 1, 'ticks_remaining': 1}
2025-12-26 11:01:56,517 : INFO : EventManager : Event: ======'timer_attract_carousel_timer_complete'====== Args={'ticks': 1, 'ticks_remaining': 1}
2025-12-26 11:01:56,518 : INFO : EventManager : Event: ======'item_highlighted'====== Args={'carousel': 'attract', 'direction': 'forwards', 'item': 'hotrod_pinball_logo'}
2025-12-26 11:01:56,519 : INFO : Timer.attract_carousel_timer : Starting Timer.
2025-12-26 11:01:56,519 : INFO : EventManager : Event: ======'timer_attract_carousel_timer_started'====== Args={'ticks': 0, 'ticks_remaining': 1}
2025-12-26 11:01:56,519 : INFO : EventManager : Event: ======'timer_attract_carousel_timer_tick'====== Args={'ticks': 0, 'ticks_remaining': 1}
2025-12-26 11:02:03,523 : INFO : Timer.attract_carousel_timer : Timer Complete
2025-12-26 11:02:03,525 : INFO : Timer.attract_carousel_timer : Stopping Timer
2025-12-26 11:02:03,525 : INFO : EventManager : Event: ======'timer_attract_carousel_timer_stopped'====== Args={'ticks': 1, 'ticks_remaining': 1}
2025-12-26 11:02:03,525 : INFO : EventManager : Event: ======'timer_attract_carousel_timer_complete'====== Args={'ticks': 1, 'ticks_remaining': 1}
2025-12-26 11:02:03,527 : INFO : EventManager : Event: ======'item_highlighted'====== Args={'carousel': 'attract', 'direction': 'forwards', 'item': 'mpf_logo'}
2025-12-26 11:02:03,527 : INFO : Timer.attract_carousel_timer : Starting Timer.
2025-12-26 11:02:03,528 : INFO : EventManager : Event: ======'timer_attract_carousel_timer_started'====== Args={'ticks': 0, 'ticks_remaining': 1}
2025-12-26 11:02:03,528 : INFO : EventManager : Event: ======'timer_attract_carousel_timer_tick'====== Args={'ticks': 0, 'ticks_remaining': 1}
2025-12-26 11:02:10,518 : INFO : Timer.attract_carousel_timer : Timer Complete
2025-12-26 11:02:10,518 : INFO : Timer.attract_carousel_timer : Stopping Timer
2025-12-26 11:02:10,518 : INFO : EventManager : Event: ======'timer_attract_carousel_timer_stopped'====== Args={'ticks': 1, 'ticks_remaining': 1}
2025-12-26 11:02:10,519 : INFO : EventManager : Event: ======'timer_attract_carousel_timer_complete'====== Args={'ticks': 1, 'ticks_remaining': 1}
2025-12-26 11:02:10,519 : INFO : EventManager : Event: ======'attract_cycle_step6'====== Args={}
2025-12-26 11:02:10,520 : INFO : EventManager : Event: ======'item_highlighted'====== Args={'carousel': 'attract', 'direction': 'forwards', 'item': 'credits'}
2025-12-26 11:02:10,520 : INFO : Timer.attract_carousel_timer : Starting Timer.
2025-12-26 11:02:10,520 : INFO : EventManager : Event: ======'timer_attract_carousel_timer_started'====== Args={'ticks': 0, 'ticks_remaining': 1}
2025-12-26 11:02:10,520 : INFO : EventManager : Event: ======'timer_attract_carousel_timer_tick'====== Args={'ticks': 0, 'ticks_remaining': 1}
2025-12-26 11:02:17,540 : INFO : Timer.attract_carousel_timer : Timer Complete
2025-12-26 11:02:17,540 : INFO : Timer.attract_carousel_timer : Stopping Timer
2025-12-26 11:02:17,540 : INFO : EventManager : Event: ======'timer_attract_carousel_timer_stopped'====== Args={'ticks': 1, 'ticks_remaining': 1}
2025-12-26 11:02:17,541 : INFO : EventManager : Event: ======'timer_attract_carousel_timer_complete'====== Args={'ticks': 1, 'ticks_remaining': 1}
2025-12-26 11:02:17,541 : INFO : EventManager : Event: ======'item_highlighted'====== Args={'carousel': 'attract', 'direction': 'forwards', 'item': 'last_scores_1p'}
2025-12-26 11:02:17,542 : INFO : Timer.attract_carousel_timer : Starting Timer.
2025-12-26 11:02:17,542 : INFO : EventManager : Event: ======'timer_attract_carousel_timer_started'====== Args={'ticks': 0, 'ticks_remaining': 1}
2025-12-26 11:02:17,543 : INFO : EventManager : Event: ======'timer_attract_carousel_timer_tick'====== Args={'ticks': 0, 'ticks_remaining': 1}
2025-12-26 11:02:19,662 : INFO : EventManager : Event: ======'attract_cycle_step1'====== Args={}
2025-12-26 11:02:24,540 : INFO : Timer.attract_carousel_timer : Timer Complete
2025-12-26 11:02:24,540 : INFO : Timer.attract_carousel_timer : Stopping Timer
2025-12-26 11:02:24,540 : INFO : EventManager : Event: ======'timer_attract_carousel_timer_stopped'====== Args={'ticks': 1, 'ticks_remaining': 1}
2025-12-26 11:02:24,540 : INFO : EventManager : Event: ======'timer_attract_carousel_timer_complete'====== Args={'ticks': 1, 'ticks_remaining': 1}
2025-12-26 11:02:24,543 : INFO : EventManager : Event: ======'item_highlighted'====== Args={'carousel': 'attract', 'direction': 'forwards', 'item': 'title'}
2025-12-26 11:02:24,543 : INFO : Timer.attract_carousel_timer : Starting Timer.
2025-12-26 11:02:24,544 : INFO : EventManager : Event: ======'timer_attract_carousel_timer_started'====== Args={'ticks': 0, 'ticks_remaining': 1}
2025-12-26 11:02:24,544 : INFO : EventManager : Event: ======'timer_attract_carousel_timer_tick'====== Args={'ticks': 0, 'ticks_remaining': 1}
2025-12-26 11:02:31,539 : INFO : Timer.attract_carousel_timer : Timer Complete
2025-12-26 11:02:31,539 : INFO : Timer.attract_carousel_timer : Stopping Timer
2025-12-26 11:02:31,539 : INFO : EventManager : Event: ======'timer_attract_carousel_timer_stopped'====== Args={'ticks': 1, 'ticks_remaining': 1}
2025-12-26 11:02:31,540 : INFO : EventManager : Event: ======'timer_attract_carousel_timer_complete'====== Args={'ticks': 1, 'ticks_remaining': 1}
2025-12-26 11:02:31,544 : INFO : EventManager : Event: ======'item_highlighted'====== Args={'carousel': 'attract', 'direction': 'forwards', 'item': 'presented_by'}
2025-12-26 11:02:31,545 : INFO : Timer.attract_carousel_timer : Starting Timer.
2025-12-26 11:02:31,545 : INFO : EventManager : Event: ======'timer_attract_carousel_timer_started'====== Args={'ticks': 0, 'ticks_remaining': 1}
2025-12-26 11:02:31,545 : INFO : EventManager : Event: ======'timer_attract_carousel_timer_tick'====== Args={'ticks': 0, 'ticks_remaining': 1}
2025-12-26 11:02:31,857 : INFO : EventManager : Event: ======'attract_cycle_step2'====== Args={}
2025-12-26 11:02:38,523 : INFO : Timer.attract_carousel_timer : Timer Complete
2025-12-26 11:02:38,524 : INFO : Timer.attract_carousel_timer : Stopping Timer
2025-12-26 11:02:38,524 : INFO : EventManager : Event: ======'timer_attract_carousel_timer_stopped'====== Args={'ticks': 1, 'ticks_remaining': 1}
2025-12-26 11:02:38,524 : INFO : EventManager : Event: ======'timer_attract_carousel_timer_complete'====== Args={'ticks': 1, 'ticks_remaining': 1}
2025-12-26 11:02:38,526 : INFO : EventManager : Event: ======'item_highlighted'====== Args={'carousel': 'attract', 'direction': 'forwards', 'item': 'hotrod_pinball_logo'}
2025-12-26 11:02:38,527 : INFO : Timer.attract_carousel_timer : Starting Timer.
2025-12-26 11:02:38,527 : INFO : EventManager : Event: ======'timer_attract_carousel_timer_started'====== Args={'ticks': 0, 'ticks_remaining': 1}
2025-12-26 11:02:38,528 : INFO : EventManager : Event: ======'timer_attract_carousel_timer_tick'====== Args={'ticks': 0, 'ticks_remaining': 1}
2025-12-26 11:02:45,516 : INFO : Timer.attract_carousel_timer : Timer Complete
2025-12-26 11:02:45,516 : INFO : Timer.attract_carousel_timer : Stopping Timer
2025-12-26 11:02:45,517 : INFO : EventManager : Event: ======'timer_attract_carousel_timer_stopped'====== Args={'ticks': 1, 'ticks_remaining': 1}
2025-12-26 11:02:45,517 : INFO : EventManager : Event: ======'timer_attract_carousel_timer_complete'====== Args={'ticks': 1, 'ticks_remaining': 1}
2025-12-26 11:02:45,519 : INFO : EventManager : Event: ======'item_highlighted'====== Args={'carousel': 'attract', 'direction': 'forwards', 'item': 'mpf_logo'}
2025-12-26 11:02:45,519 : INFO : Timer.attract_carousel_timer : Starting Timer.
2025-12-26 11:02:45,519 : INFO : EventManager : Event: ======'timer_attract_carousel_timer_started'====== Args={'ticks': 0, 'ticks_remaining': 1}
2025-12-26 11:02:45,520 : INFO : EventManager : Event: ======'timer_attract_carousel_timer_tick'====== Args={'ticks': 0, 'ticks_remaining': 1}
2025-12-26 11:02:47,107 : INFO : EventManager : Event: ======'attract_cycle_step3'====== Args={}
2025-12-26 11:02:52,544 : INFO : Timer.attract_carousel_timer : Timer Complete
2025-12-26 11:02:52,544 : INFO : Timer.attract_carousel_timer : Stopping Timer
2025-12-26 11:02:52,544 : INFO : EventManager : Event: ======'timer_attract_carousel_timer_stopped'====== Args={'ticks': 1, 'ticks_remaining': 1}
2025-12-26 11:02:52,544 : INFO : EventManager : Event: ======'timer_attract_carousel_timer_complete'====== Args={'ticks': 1, 'ticks_remaining': 1}
2025-12-26 11:02:52,545 : INFO : EventManager : Event: ======'item_highlighted'====== Args={'carousel': 'attract', 'direction': 'forwards', 'item': 'credits'}
2025-12-26 11:02:52,545 : INFO : Timer.attract_carousel_timer : Starting Timer.
2025-12-26 11:02:52,545 : INFO : EventManager : Event: ======'timer_attract_carousel_timer_started'====== Args={'ticks': 0, 'ticks_remaining': 1}
2025-12-26 11:02:52,545 : INFO : EventManager : Event: ======'timer_attract_carousel_timer_tick'====== Args={'ticks': 0, 'ticks_remaining': 1}
2025-12-26 11:02:59,310 : INFO : EventManager : Event: ======'attract_cycle_step4'====== Args={}
2025-12-26 11:02:59,531 : INFO : Timer.attract_carousel_timer : Timer Complete
2025-12-26 11:02:59,531 : INFO : Timer.attract_carousel_timer : Stopping Timer
2025-12-26 11:02:59,531 : INFO : EventManager : Event: ======'timer_attract_carousel_timer_stopped'====== Args={'ticks': 1, 'ticks_remaining': 1}
2025-12-26 11:02:59,531 : INFO : EventManager : Event: ======'timer_attract_carousel_timer_complete'====== Args={'ticks': 1, 'ticks_remaining': 1}
2025-12-26 11:02:59,532 : INFO : EventManager : Event: ======'item_highlighted'====== Args={'carousel': 'attract', 'direction': 'forwards', 'item': 'last_scores_1p'}
2025-12-26 11:02:59,533 : INFO : Timer.attract_carousel_timer : Starting Timer.
2025-12-26 11:02:59,533 : INFO : EventManager : Event: ======'timer_attract_carousel_timer_started'====== Args={'ticks': 0, 'ticks_remaining': 1}
2025-12-26 11:02:59,534 : INFO : EventManager : Event: ======'timer_attract_carousel_timer_tick'====== Args={'ticks': 0, 'ticks_remaining': 1}
2025-12-26 11:03:06,534 : INFO : Timer.attract_carousel_timer : Timer Complete
2025-12-26 11:03:06,534 : INFO : Timer.attract_carousel_timer : Stopping Timer
2025-12-26 11:03:06,534 : INFO : EventManager : Event: ======'timer_attract_carousel_timer_stopped'====== Args={'ticks': 1, 'ticks_remaining': 1}
2025-12-26 11:03:06,534 : INFO : EventManager : Event: ======'timer_attract_carousel_timer_complete'====== Args={'ticks': 1, 'ticks_remaining': 1}
2025-12-26 11:03:06,537 : INFO : EventManager : Event: ======'item_highlighted'====== Args={'carousel': 'attract', 'direction': 'forwards', 'item': 'title'}
2025-12-26 11:03:06,538 : INFO : Timer.attract_carousel_timer : Starting Timer.
2025-12-26 11:03:06,538 : INFO : EventManager : Event: ======'timer_attract_carousel_timer_started'====== Args={'ticks': 0, 'ticks_remaining': 1}
2025-12-26 11:03:06,538 : INFO : EventManager : Event: ======'timer_attract_carousel_timer_tick'====== Args={'ticks': 0, 'ticks_remaining': 1}
2025-12-26 11:03:10,939 : INFO : EventManager : Event: ======'attract_cycle_step5'====== Args={}
2025-12-26 11:03:13,531 : INFO : Timer.attract_carousel_timer : Timer Complete
2025-12-26 11:03:13,531 : INFO : Timer.attract_carousel_timer : Stopping Timer
2025-12-26 11:03:13,531 : INFO : EventManager : Event: ======'timer_attract_carousel_timer_stopped'====== Args={'ticks': 1, 'ticks_remaining': 1}
2025-12-26 11:03:13,532 : INFO : EventManager : Event: ======'timer_attract_carousel_timer_complete'====== Args={'ticks': 1, 'ticks_remaining': 1}
2025-12-26 11:03:13,534 : INFO : EventManager : Event: ======'item_highlighted'====== Args={'carousel': 'attract', 'direction': 'forwards', 'item': 'presented_by'}
2025-12-26 11:03:13,535 : INFO : Timer.attract_carousel_timer : Starting Timer.
2025-12-26 11:03:13,535 : INFO : EventManager : Event: ======'timer_attract_carousel_timer_started'====== Args={'ticks': 0, 'ticks_remaining': 1}
2025-12-26 11:03:13,535 : INFO : EventManager : Event: ======'timer_attract_carousel_timer_tick'====== Args={'ticks': 0, 'ticks_remaining': 1}
2025-12-26 11:03:20,520 : INFO : Timer.attract_carousel_timer : Timer Complete
2025-12-26 11:03:20,521 : INFO : Timer.attract_carousel_timer : Stopping Timer
2025-12-26 11:03:20,521 : INFO : EventManager : Event: ======'timer_attract_carousel_timer_stopped'====== Args={'ticks': 1, 'ticks_remaining': 1}
2025-12-26 11:03:20,521 : INFO : EventManager : Event: ======'timer_attract_carousel_timer_complete'====== Args={'ticks': 1, 'ticks_remaining': 1}
2025-12-26 11:03:20,524 : INFO : EventManager : Event: ======'item_highlighted'====== Args={'carousel': 'attract', 'direction': 'forwards', 'item': 'hotrod_pinball_logo'}
2025-12-26 11:03:20,525 : INFO : Timer.attract_carousel_timer : Starting Timer.
2025-12-26 11:03:20,525 : INFO : EventManager : Event: ======'timer_attract_carousel_timer_started'====== Args={'ticks': 0, 'ticks_remaining': 1}
2025-12-26 11:03:20,525 : INFO : EventManager : Event: ======'timer_attract_carousel_timer_tick'====== Args={'ticks': 0, 'ticks_remaining': 1}
2025-12-26 11:03:27,530 : INFO : Timer.attract_carousel_timer : Timer Complete
2025-12-26 11:03:27,530 : INFO : Timer.attract_carousel_timer : Stopping Timer
2025-12-26 11:03:27,530 : INFO : EventManager : Event: ======'timer_attract_carousel_timer_stopped'====== Args={'ticks': 1, 'ticks_remaining': 1}
2025-12-26 11:03:27,531 : INFO : EventManager : Event: ======'timer_attract_carousel_timer_complete'====== Args={'ticks': 1, 'ticks_remaining': 1}
2025-12-26 11:03:27,532 : INFO : EventManager : Event: ======'item_highlighted'====== Args={'carousel': 'attract', 'direction': 'forwards', 'item': 'mpf_logo'}
2025-12-26 11:03:27,532 : INFO : Timer.attract_carousel_timer : Starting Timer.
2025-12-26 11:03:27,532 : INFO : EventManager : Event: ======'timer_attract_carousel_timer_started'====== Args={'ticks': 0, 'ticks_remaining': 1}
2025-12-26 11:03:27,533 : INFO : EventManager : Event: ======'timer_attract_carousel_timer_tick'====== Args={'ticks': 0, 'ticks_remaining': 1}
2025-12-26 11:03:28,286 : INFO : Machine : Shutting down...
2025-12-26 11:03:28,287 : INFO : EventManager : Event: ======'shutdown'====== Args={}
2025-12-26 11:03:28,315 : INFO : root : MPF run loop ended.
