2025-09-19 13:43:40,466 : INFO : root : Loading config.
2025-09-19 13:43:40,469 : INFO : YamlMultifileConfigLoader : Machine config file #1: config.yaml
2025-09-19 13:43:40,470 : INFO : ConfigProcessor : Loading config from cache: C:\Users\White\AppData\Local\Temp\cfa6ecba65704a931c9dd214c44986c8.mpf_cache
2025-09-19 13:43:40,585 : WARNING : ConfigProcessor : Config file in cache changed: C:\Users\White\Documents\Top_Gun_Pinball\modes\attract\config\attract.yaml
2025-09-19 13:43:40,585 : INFO : ConfigProcessor : Loading config from file C:\Users\White\mpf\Lib\site-packages\mpf\modes\attract\config\attract.yaml.
2025-09-19 13:43:40,587 : INFO : ConfigProcessor : Loading config: C:\Users\White\mpf\Lib\site-packages\mpf\modes\attract\config\attract.yaml
2025-09-19 13:43:40,587 : INFO : ConfigProcessor : Loading config from file C:\Users\White\Documents\Top_Gun_Pinball\modes\attract\config\attract.yaml.
2025-09-19 13:43:40,603 : INFO : ConfigProcessor : Loading config: C:\Users\White\Documents\Top_Gun_Pinball\modes\attract\config\attract.yaml
2025-09-19 13:43:40,604 : INFO : ConfigProcessor : Config file cache created: C:\Users\White\AppData\Local\Temp\f98ffc0ff5962effface7d86bc406d5c.mpf_cache
2025-09-19 13:43:40,605 : INFO : ConfigProcessor : Loading config from cache: C:\Users\White\AppData\Local\Temp\91cc4d1c993c58dc354e34974b9cfeac.mpf_cache
2025-09-19 13:43:40,606 : INFO : ConfigProcessor : Loading config from cache: C:\Users\White\AppData\Local\Temp\f98ffc0ff5962effface7d86bc406d5c.mpf_cache
2025-09-19 13:43:40,618 : INFO : ConfigProcessor : Loading config from cache: C:\Users\White\AppData\Local\Temp\76792f1d686f89709887dba7bd69667a.mpf_cache
2025-09-19 13:43:40,618 : INFO : ConfigProcessor : Loading config from cache: C:\Users\White\AppData\Local\Temp\142bbae4707335cc8e3efaa4364c4893.mpf_cache
2025-09-19 13:43:40,619 : INFO : ConfigProcessor : Loading config from cache: C:\Users\White\AppData\Local\Temp\b4249e7b8f95e82c549b9263ef475a09.mpf_cache
2025-09-19 13:43:40,620 : INFO : ConfigProcessor : Loading config from cache: C:\Users\White\AppData\Local\Temp\359114d5ba2a6ad6c93d1559776bbb30.mpf_cache
2025-09-19 13:43:40,622 : INFO : ConfigProcessor : Loading config from cache: C:\Users\White\AppData\Local\Temp\d421369d6df802e4e6f8aa58f446b1a6.mpf_cache
2025-09-19 13:43:40,622 : INFO : ConfigProcessor : Loading config from cache: C:\Users\White\AppData\Local\Temp\310aa541ce6545037d37da470e7bd790.mpf_cache
2025-09-19 13:43:40,624 : INFO : ConfigProcessor : Loading config from cache: C:\Users\White\AppData\Local\Temp\2151caa0419aeb1e56d3d8934477383e.mpf_cache
2025-09-19 13:43:40,625 : INFO : ConfigProcessor : Loading config from cache: C:\Users\White\AppData\Local\Temp\17003635873251b4f6841bf4ab3bdcdd.mpf_cache
2025-09-19 13:43:40,628 : INFO : ConfigProcessor : Loading config from cache: C:\Users\White\AppData\Local\Temp\30922048be1d0c17ea15fc75f7fbfe10.mpf_cache
2025-09-19 13:43:40,630 : INFO : ConfigProcessor : Loading config from cache: C:\Users\White\AppData\Local\Temp\58d7809d3d969de03aaf131fc45863f8.mpf_cache
2025-09-19 13:43:40,631 : INFO : Machine : Mission Pinball Framework Core Engine v0.80.0.dev9
2025-09-19 13:43:40,631 : INFO : Machine : Command line arguments: {'no_load_cache': False, 'create_config_cache': True, 'bcp': True, 'configfile': ['config.yaml'], 'force_assets_load': False, 'platform_integration_test': False, 'jsonlogging': False, 'logfile': 'logs\\2025-09-19-13-43-40-mpf-TopGunPinball.log', 'pause': False, 'production': False, 'text_ui': False, 'loglevel': 15, 'consoleloglevel': 20, 'force_platform': 'virtual', 'syslog_address': None, 'full_logfile_path': 'C:\\Users\\White\\Documents\\Top_Gun_Pinball\\logs\\2025-09-19-13-43-40-mpf-TopGunPinball.log'}
2025-09-19 13:43:40,631 : INFO : Machine : MPF path: C:\Users\White\mpf\Lib\site-packages\mpf
2025-09-19 13:43:40,631 : INFO : Machine : Machine path: C:\Users\White\Documents\Top_Gun_Pinball
2025-09-19 13:43:40,631 : INFO : Machine : Platform: win32
2025-09-19 13:43:40,631 : INFO : Machine : Python executable location: C:\Users\White\mpf\Scripts\python.exe
2025-09-19 13:43:40,631 : INFO : Machine : Python version: 3.12.7 (64-bit)
2025-09-19 13:43:40,633 : INFO : Machine : Initializing MPF...
2025-09-19 13:43:40,733 : INFO : EventManager : Event: ======'machine_var_credits_string'====== Args={'value': 'FREE PLAY', 'prev_value': None, 'change': True}
2025-09-19 13:43:40,764 : INFO : EventManager : Event: ======'machine_var_master_volume'====== Args={'value': 0.5, 'prev_value': None, 'change': True}
2025-09-19 13:43:40,764 : INFO : EventManager : Event: ======'machine_var_player1_score'====== Args={'value': 61000, 'prev_value': None, 'change': True}
2025-09-19 13:43:40,764 : INFO : EventManager : Event: ======'machine_var_player2_score'====== Args={'value': 73000, 'prev_value': None, 'change': True}
2025-09-19 13:43:40,765 : INFO : EventManager : Event: ======'machine_var_mpf_version'====== Args={'value': 'Mission Pinball Framework v0.80.0.dev9', 'prev_value': None, 'change': True}
2025-09-19 13:43:40,765 : INFO : EventManager : Event: ======'machine_var_mpf_extended_version'====== Args={'value': 'Mission Pinball Framework v0.80.0.dev9, Config version:6, Show version: 6, BCP version:1.1', 'prev_value': None, 'change': True}
2025-09-19 13:43:40,765 : INFO : EventManager : Event: ======'machine_var_python_version'====== Args={'value': '3.12.7', 'prev_value': None, 'change': True}
2025-09-19 13:43:40,923 : INFO : EventManager : Event: ======'machine_var_platform'====== Args={'value': 'Windows-11-10.0.26100-SP0', 'prev_value': None, 'change': True}
2025-09-19 13:43:40,924 : INFO : EventManager : Event: ======'machine_var_platform_system'====== Args={'value': 'Windows', 'prev_value': None, 'change': True}
2025-09-19 13:43:40,924 : INFO : EventManager : Event: ======'machine_var_platform_release'====== Args={'value': '11', 'prev_value': None, 'change': True}
2025-09-19 13:43:40,924 : INFO : EventManager : Event: ======'machine_var_platform_version'====== Args={'value': '10.0.26100', 'prev_value': None, 'change': True}
2025-09-19 13:43:40,924 : INFO : EventManager : Event: ======'machine_var_platform_machine'====== Args={'value': 'AMD64', 'prev_value': None, 'change': True}
2025-09-19 13:43:40,924 : INFO : EventManager : Event: ======'machine_var_log_file_path'====== Args={'value': 'C:\\Users\\White\\Documents\\Top_Gun_Pinball\\logs\\2025-09-19-13-43-40-mpf-TopGunPinball.log', 'prev_value': None, 'change': True}
2025-09-19 13:43:40,924 : INFO : EventManager : Event: ======'init_phase_1'====== Args={}
2025-09-19 13:43:40,971 : INFO : EventManager : Event: ======'init_phase_2'====== Args={}
2025-09-19 13:43:40,971 : INFO : SwitchController : Found active switch: ('playfield_board_lower-3208-0', <Platform.Virtual>) <switch.s_trough_1>
2025-09-19 13:43:40,971 : INFO : SwitchController : Found active switch: ('playfield_board_lower-3208-1', <Platform.Virtual>) <switch.s_trough_2>
2025-09-19 13:43:40,971 : INFO : SwitchController : Found active switch: ('playfield_board_lower-3208-2', <Platform.Virtual>) <switch.s_trough_3>
2025-09-19 13:43:40,971 : INFO : SwitchController : Found active switch: ('playfield_board_lower-3208-3', <Platform.Virtual>) <switch.s_trough_4>
2025-09-19 13:43:40,971 : INFO : SwitchController : Found active switch: ('playfield_board_lower-3208-4', <Platform.Virtual>) <switch.s_trough_5>
2025-09-19 13:43:40,971 : INFO : SwitchController : Found active switch: ('playfield_board_lower-3208-5', <Platform.Virtual>) <switch.s_trough_6>
2025-09-19 13:43:40,974 : INFO : EventManager : Event: ======'bcp_connection_attempt'====== Args={'name': 'local_display', 'host': 'localhost', 'port': 5050}
2025-09-19 13:43:40,978 : INFO : BCPClientSocket : Connecting BCP to 'local_display' at localhost:5050...
2025-09-19 13:43:40,988 : INFO : BCPClientSocket : Connected BCP to 'local_display' localhost:5050
2025-09-19 13:43:40,990 : INFO : EventManager : Event: ======'bcp_clients_connected'====== Args={}
2025-09-19 13:43:40,990 : INFO : ball_device.bd_plunger : BCH: Initial count: 0
2025-09-19 13:43:40,990 : INFO : ball_device.bd_plunger : State: idle
2025-09-19 13:43:40,991 : INFO : ball_device.bd_trough : BCH: Initial count: 6
2025-09-19 13:43:40,991 : INFO : ball_device.bd_trough : State: idle
2025-09-19 13:43:40,991 : INFO : ball_device.bd_lock_elevator : BCH: Initial count: 0
2025-09-19 13:43:40,991 : INFO : ball_device.bd_lock_elevator : State: idle
2025-09-19 13:43:40,991 : INFO : ball_device.bd_mode_scoop : BCH: Initial count: 0
2025-09-19 13:43:40,991 : INFO : ball_device.bd_mode_scoop : State: idle
2025-09-19 13:43:41,005 : INFO : EventManager : Event: ======'init_phase_3'====== Args={}
2025-09-19 13:43:41,493 : INFO : EventManager : Event: ======'init_phase_4'====== Args={}
2025-09-19 13:43:41,493 : INFO : BallController : Initial balls found: 6
2025-09-19 13:43:41,495 : INFO : EventManager : Event: ======'machine_var_audits_events_game_ended'====== Args={'value': 1, 'prev_value': None, 'change': True}
2025-09-19 13:43:41,495 : INFO : EventManager : Event: ======'machine_var_audits_events_game_started'====== Args={'value': 123, 'prev_value': None, 'change': True}
2025-09-19 13:43:41,495 : INFO : EventManager : Event: ======'machine_var_audits_missing_switches_s_a_iceman_target'====== Args={'value': 9, 'prev_value': None, 'change': True}
2025-09-19 13:43:41,495 : INFO : EventManager : Event: ======'machine_var_audits_missing_switches_s_barrier_target'====== Args={'value': 7, 'prev_value': None, 'change': True}
2025-09-19 13:43:41,495 : INFO : EventManager : Event: ======'machine_var_audits_missing_switches_s_bumper_center'====== Args={'value': 6, 'prev_value': None, 'change': True}
2025-09-19 13:43:41,495 : INFO : EventManager : Event: ======'machine_var_audits_missing_switches_s_bumper_left'====== Args={'value': 6, 'prev_value': None, 'change': True}
2025-09-19 13:43:41,495 : INFO : EventManager : Event: ======'machine_var_audits_missing_switches_s_bumper_right'====== Args={'value': 7, 'prev_value': None, 'change': True}
2025-09-19 13:43:41,495 : INFO : EventManager : Event: ======'machine_var_audits_missing_switches_s_c_iceman_target'====== Args={'value': 1, 'prev_value': None, 'change': True}
2025-09-19 13:43:41,495 : INFO : EventManager : Event: ======'machine_var_audits_missing_switches_s_c_lock_target'====== Args={'value': 7, 'prev_value': None, 'change': True}
2025-09-19 13:43:41,495 : INFO : EventManager : Event: ======'machine_var_audits_missing_switches_s_coin_door'====== Args={'value': 10, 'prev_value': None, 'change': True}
2025-09-19 13:43:41,495 : INFO : EventManager : Event: ======'machine_var_audits_missing_switches_s_coin_door_service_1'====== Args={'value': 10, 'prev_value': None, 'change': True}
2025-09-19 13:43:41,495 : INFO : EventManager : Event: ======'machine_var_audits_missing_switches_s_coin_door_service_2'====== Args={'value': 10, 'prev_value': None, 'change': True}
2025-09-19 13:43:41,495 : INFO : EventManager : Event: ======'machine_var_audits_missing_switches_s_coin_door_service_3'====== Args={'value': 10, 'prev_value': None, 'change': True}
2025-09-19 13:43:41,495 : INFO : EventManager : Event: ======'machine_var_audits_missing_switches_s_coin_door_service_4'====== Args={'value': 10, 'prev_value': None, 'change': True}
2025-09-19 13:43:41,496 : INFO : EventManager : Event: ======'machine_var_audits_missing_switches_s_e_iceman_target'====== Args={'value': 2, 'prev_value': None, 'change': True}
2025-09-19 13:43:41,496 : INFO : EventManager : Event: ======'machine_var_audits_missing_switches_s_flight_gear_target'====== Args={'value': 7, 'prev_value': None, 'change': True}
2025-09-19 13:43:41,496 : INFO : EventManager : Event: ======'machine_var_audits_missing_switches_s_flipper_left'====== Args={'value': 68, 'prev_value': None, 'change': True}
2025-09-19 13:43:41,496 : INFO : EventManager : Event: ======'machine_var_audits_missing_switches_s_flipper_left_eos'====== Args={'value': 70, 'prev_value': None, 'change': True}
2025-09-19 13:43:41,496 : INFO : EventManager : Event: ======'machine_var_audits_missing_switches_s_flipper_left_upper'====== Args={'value': 72, 'prev_value': None, 'change': True}
2025-09-19 13:43:41,496 : INFO : EventManager : Event: ======'machine_var_audits_missing_switches_s_flipper_left_upper_eos'====== Args={'value': 70, 'prev_value': None, 'change': True}
2025-09-19 13:43:41,496 : INFO : EventManager : Event: ======'machine_var_audits_missing_switches_s_flipper_right'====== Args={'value': 6, 'prev_value': None, 'change': True}
2025-09-19 13:43:41,496 : INFO : EventManager : Event: ======'machine_var_audits_missing_switches_s_flipper_right_eos'====== Args={'value': 70, 'prev_value': None, 'change': True}
2025-09-19 13:43:41,496 : INFO : EventManager : Event: ======'machine_var_audits_missing_switches_s_i_iceman_target'====== Args={'value': 7, 'prev_value': None, 'change': True}
2025-09-19 13:43:41,496 : INFO : EventManager : Event: ======'machine_var_audits_missing_switches_s_inlane_left'====== Args={'value': 3, 'prev_value': None, 'change': True}
2025-09-19 13:43:41,496 : INFO : EventManager : Event: ======'machine_var_audits_missing_switches_s_inner_inlane_right'====== Args={'value': 7, 'prev_value': None, 'change': True}
2025-09-19 13:43:41,496 : INFO : EventManager : Event: ======'machine_var_audits_missing_switches_s_jam'====== Args={'value': 9, 'prev_value': None, 'change': True}
2025-09-19 13:43:41,496 : INFO : EventManager : Event: ======'machine_var_audits_missing_switches_s_k_lock_target'====== Args={'value': 7, 'prev_value': None, 'change': True}
2025-09-19 13:43:41,496 : INFO : EventManager : Event: ======'machine_var_audits_missing_switches_s_l_lock_target'====== Args={'value': 7, 'prev_value': None, 'change': True}
2025-09-19 13:43:41,496 : INFO : EventManager : Event: ======'machine_var_audits_missing_switches_s_lane_left'====== Args={'value': 122, 'prev_value': None, 'change': True}
2025-09-19 13:43:41,496 : INFO : EventManager : Event: ======'machine_var_audits_missing_switches_s_lane_right'====== Args={'value': 72, 'prev_value': None, 'change': True}
2025-09-19 13:43:41,496 : INFO : EventManager : Event: ======'machine_var_audits_missing_switches_s_lock_goose'====== Args={'value': 72, 'prev_value': None, 'change': True}
2025-09-19 13:43:41,496 : INFO : EventManager : Event: ======'machine_var_audits_missing_switches_s_lock_mav'====== Args={'value': 72, 'prev_value': None, 'change': True}
2025-09-19 13:43:41,497 : INFO : EventManager : Event: ======'machine_var_audits_missing_switches_s_lock_plunger'====== Args={'value': 72, 'prev_value': None, 'change': True}
2025-09-19 13:43:41,497 : INFO : EventManager : Event: ======'machine_var_audits_missing_switches_s_m_iceman_target'====== Args={'value': 9, 'prev_value': None, 'change': True}
2025-09-19 13:43:41,497 : INFO : EventManager : Event: ======'machine_var_audits_missing_switches_s_mig_lane_left'====== Args={'value': 72, 'prev_value': None, 'change': True}
2025-09-19 13:43:41,497 : INFO : EventManager : Event: ======'machine_var_audits_missing_switches_s_mig_lane_right'====== Args={'value': 72, 'prev_value': None, 'change': True}
2025-09-19 13:43:41,497 : INFO : EventManager : Event: ======'machine_var_audits_missing_switches_s_mode_start'====== Args={'value': 72, 'prev_value': None, 'change': True}
2025-09-19 13:43:41,497 : INFO : EventManager : Event: ======'machine_var_audits_missing_switches_s_n_iceman_target'====== Args={'value': 9, 'prev_value': None, 'change': True}
2025-09-19 13:43:41,497 : INFO : EventManager : Event: ======'machine_var_audits_missing_switches_s_o_lock_target'====== Args={'value': 7, 'prev_value': None, 'change': True}
2025-09-19 13:43:41,497 : INFO : EventManager : Event: ======'machine_var_audits_missing_switches_s_orbit_left'====== Args={'value': 7, 'prev_value': None, 'change': True}
2025-09-19 13:43:41,497 : INFO : EventManager : Event: ======'machine_var_audits_missing_switches_s_orbit_lower'====== Args={'value': 72, 'prev_value': None, 'change': True}
2025-09-19 13:43:41,497 : INFO : EventManager : Event: ======'machine_var_audits_missing_switches_s_orbit_right'====== Args={'value': 72, 'prev_value': None, 'change': True}
2025-09-19 13:43:41,497 : INFO : EventManager : Event: ======'machine_var_audits_missing_switches_s_orbit_upper'====== Args={'value': 72, 'prev_value': None, 'change': True}
2025-09-19 13:43:41,497 : INFO : EventManager : Event: ======'machine_var_audits_missing_switches_s_outer_inlane_right'====== Args={'value': 5, 'prev_value': None, 'change': True}
2025-09-19 13:43:41,497 : INFO : EventManager : Event: ======'machine_var_audits_missing_switches_s_outlane_left'====== Args={'value': 72, 'prev_value': None, 'change': True}
2025-09-19 13:43:41,497 : INFO : EventManager : Event: ======'machine_var_audits_missing_switches_s_outlane_right'====== Args={'value': 9, 'prev_value': None, 'change': True}
2025-09-19 13:43:41,497 : INFO : EventManager : Event: ======'machine_var_audits_missing_switches_s_plunger_lane'====== Args={'value': 9, 'prev_value': None, 'change': True}
2025-09-19 13:43:41,497 : INFO : EventManager : Event: ======'machine_var_audits_missing_switches_s_ramp_inner_exit'====== Args={'value': 72, 'prev_value': None, 'change': True}
2025-09-19 13:43:41,497 : INFO : EventManager : Event: ======'machine_var_audits_missing_switches_s_ramp_left_exit'====== Args={'value': 72, 'prev_value': None, 'change': True}
2025-09-19 13:43:41,497 : INFO : EventManager : Event: ======'machine_var_audits_missing_switches_s_ramp_right_exit'====== Args={'value': 72, 'prev_value': None, 'change': True}
2025-09-19 13:43:41,497 : INFO : EventManager : Event: ======'machine_var_audits_missing_switches_s_ramp_tower_exit'====== Args={'value': 72, 'prev_value': None, 'change': True}
2025-09-19 13:43:41,497 : INFO : EventManager : Event: ======'machine_var_audits_missing_switches_s_slingshot_left'====== Args={'value': 7, 'prev_value': None, 'change': True}
2025-09-19 13:43:41,497 : INFO : EventManager : Event: ======'machine_var_audits_missing_switches_s_slingshot_right'====== Args={'value': 7, 'prev_value': None, 'change': True}
2025-09-19 13:43:41,497 : INFO : EventManager : Event: ======'machine_var_audits_missing_switches_s_spinner'====== Args={'value': 72, 'prev_value': None, 'change': True}
2025-09-19 13:43:41,497 : INFO : EventManager : Event: ======'machine_var_audits_missing_switches_s_start'====== Args={'value': 12, 'prev_value': None, 'change': True}
2025-09-19 13:43:41,497 : INFO : EventManager : Event: ======'machine_var_audits_missing_switches_s_tilt'====== Args={'value': 10, 'prev_value': None, 'change': True}
2025-09-19 13:43:41,498 : INFO : EventManager : Event: ======'machine_var_audits_missing_switches_s_trough_1'====== Args={'value': 48, 'prev_value': None, 'change': True}
2025-09-19 13:43:41,498 : INFO : EventManager : Event: ======'machine_var_audits_missing_switches_s_trough_2'====== Args={'value': 48, 'prev_value': None, 'change': True}
2025-09-19 13:43:41,498 : INFO : EventManager : Event: ======'machine_var_audits_missing_switches_s_trough_3'====== Args={'value': 48, 'prev_value': None, 'change': True}
2025-09-19 13:43:41,498 : INFO : EventManager : Event: ======'machine_var_audits_missing_switches_s_trough_4'====== Args={'value': 123, 'prev_value': None, 'change': True}
2025-09-19 13:43:41,498 : INFO : EventManager : Event: ======'machine_var_audits_missing_switches_s_trough_5'====== Args={'value': 123, 'prev_value': None, 'change': True}
2025-09-19 13:43:41,498 : INFO : EventManager : Event: ======'machine_var_audits_missing_switches_s_trough_6'====== Args={'value': 9, 'prev_value': None, 'change': True}
2025-09-19 13:43:41,498 : INFO : EventManager : Event: ======'machine_var_audits_player_score'====== Args={'value': {'average': 67000, 'top': [73000, 61000], 'total': 2}, 'prev_value': None, 'change': True}
2025-09-19 13:43:41,498 : INFO : EventManager : Event: ======'machine_var_audits_shots_bumper_center'====== Args={'value': 456, 'prev_value': None, 'change': True}
2025-09-19 13:43:41,498 : INFO : EventManager : Event: ======'machine_var_audits_shots_bumper_left'====== Args={'value': 462, 'prev_value': None, 'change': True}
2025-09-19 13:43:41,498 : INFO : EventManager : Event: ======'machine_var_audits_shots_bumper_right'====== Args={'value': 339, 'prev_value': None, 'change': True}
2025-09-19 13:43:41,498 : INFO : EventManager : Event: ======'machine_var_audits_switches_s_a_iceman_target'====== Args={'value': 24, 'prev_value': None, 'change': True}
2025-09-19 13:43:41,498 : INFO : EventManager : Event: ======'machine_var_audits_switches_s_barrier_target'====== Args={'value': 6, 'prev_value': None, 'change': True}
2025-09-19 13:43:41,498 : INFO : EventManager : Event: ======'machine_var_audits_switches_s_bumper_center'====== Args={'value': 469, 'prev_value': None, 'change': True}
2025-09-19 13:43:41,498 : INFO : EventManager : Event: ======'machine_var_audits_switches_s_bumper_left'====== Args={'value': 477, 'prev_value': None, 'change': True}
2025-09-19 13:43:41,498 : INFO : EventManager : Event: ======'machine_var_audits_switches_s_bumper_right'====== Args={'value': 343, 'prev_value': None, 'change': True}
2025-09-19 13:43:41,498 : INFO : EventManager : Event: ======'machine_var_audits_switches_s_c_iceman_target'====== Args={'value': 37, 'prev_value': None, 'change': True}
2025-09-19 13:43:41,498 : INFO : EventManager : Event: ======'machine_var_audits_switches_s_c_lock_target'====== Args={'value': 4, 'prev_value': None, 'change': True}
2025-09-19 13:43:41,498 : INFO : EventManager : Event: ======'machine_var_audits_switches_s_coin_door'====== Args={'value': 0, 'prev_value': None, 'change': True}
2025-09-19 13:43:41,498 : INFO : EventManager : Event: ======'machine_var_audits_switches_s_coin_door_service_1'====== Args={'value': 0, 'prev_value': None, 'change': True}
2025-09-19 13:43:41,498 : INFO : EventManager : Event: ======'machine_var_audits_switches_s_coin_door_service_2'====== Args={'value': 0, 'prev_value': None, 'change': True}
2025-09-19 13:43:41,498 : INFO : EventManager : Event: ======'machine_var_audits_switches_s_coin_door_service_3'====== Args={'value': 0, 'prev_value': None, 'change': True}
2025-09-19 13:43:41,498 : INFO : EventManager : Event: ======'machine_var_audits_switches_s_coin_door_service_4'====== Args={'value': 0, 'prev_value': None, 'change': True}
2025-09-19 13:43:41,499 : INFO : EventManager : Event: ======'machine_var_audits_switches_s_e_iceman_target'====== Args={'value': 40, 'prev_value': None, 'change': True}
2025-09-19 13:43:41,499 : INFO : EventManager : Event: ======'machine_var_audits_switches_s_flight_gear_target'====== Args={'value': 6, 'prev_value': None, 'change': True}
2025-09-19 13:43:41,499 : INFO : EventManager : Event: ======'machine_var_audits_switches_s_flipper_left'====== Args={'value': 9, 'prev_value': None, 'change': True}
2025-09-19 13:43:41,499 : INFO : EventManager : Event: ======'machine_var_audits_switches_s_flipper_left_eos'====== Args={'value': 0, 'prev_value': None, 'change': True}
2025-09-19 13:43:41,499 : INFO : EventManager : Event: ======'machine_var_audits_switches_s_flipper_left_upper'====== Args={'value': 0, 'prev_value': None, 'change': True}
2025-09-19 13:43:41,499 : INFO : EventManager : Event: ======'machine_var_audits_switches_s_flipper_left_upper_eos'====== Args={'value': 0, 'prev_value': None, 'change': True}
2025-09-19 13:43:41,499 : INFO : EventManager : Event: ======'machine_var_audits_switches_s_flipper_right'====== Args={'value': 17, 'prev_value': None, 'change': True}
2025-09-19 13:43:41,499 : INFO : EventManager : Event: ======'machine_var_audits_switches_s_flipper_right_eos'====== Args={'value': 0, 'prev_value': None, 'change': True}
2025-09-19 13:43:41,499 : INFO : EventManager : Event: ======'machine_var_audits_switches_s_i_iceman_target'====== Args={'value': 2, 'prev_value': None, 'change': True}
2025-09-19 13:43:41,499 : INFO : EventManager : Event: ======'machine_var_audits_switches_s_inlane_left'====== Args={'value': 53, 'prev_value': None, 'change': True}
2025-09-19 13:43:41,499 : INFO : EventManager : Event: ======'machine_var_audits_switches_s_inner_inlane_right'====== Args={'value': 3, 'prev_value': None, 'change': True}
2025-09-19 13:43:41,499 : INFO : EventManager : Event: ======'machine_var_audits_switches_s_jam'====== Args={'value': 1, 'prev_value': None, 'change': True}
2025-09-19 13:43:41,499 : INFO : EventManager : Event: ======'machine_var_audits_switches_s_k_lock_target'====== Args={'value': 5, 'prev_value': None, 'change': True}
2025-09-19 13:43:41,499 : INFO : EventManager : Event: ======'machine_var_audits_switches_s_l_lock_target'====== Args={'value': 5, 'prev_value': None, 'change': True}
2025-09-19 13:43:41,499 : INFO : EventManager : Event: ======'machine_var_audits_switches_s_lane_left'====== Args={'value': 1, 'prev_value': None, 'change': True}
2025-09-19 13:43:41,499 : INFO : EventManager : Event: ======'machine_var_audits_switches_s_lane_right'====== Args={'value': 0, 'prev_value': None, 'change': True}
2025-09-19 13:43:41,499 : INFO : EventManager : Event: ======'machine_var_audits_switches_s_lock_goose'====== Args={'value': 0, 'prev_value': None, 'change': True}
2025-09-19 13:43:41,499 : INFO : EventManager : Event: ======'machine_var_audits_switches_s_lock_mav'====== Args={'value': 0, 'prev_value': None, 'change': True}
2025-09-19 13:43:41,499 : INFO : EventManager : Event: ======'machine_var_audits_switches_s_lock_plunger'====== Args={'value': 0, 'prev_value': None, 'change': True}
2025-09-19 13:43:41,499 : INFO : EventManager : Event: ======'machine_var_audits_switches_s_m_iceman_target'====== Args={'value': 24, 'prev_value': None, 'change': True}
2025-09-19 13:43:41,499 : INFO : EventManager : Event: ======'machine_var_audits_switches_s_mig_lane_left'====== Args={'value': 0, 'prev_value': None, 'change': True}
2025-09-19 13:43:41,499 : INFO : EventManager : Event: ======'machine_var_audits_switches_s_mig_lane_right'====== Args={'value': 0, 'prev_value': None, 'change': True}
2025-09-19 13:43:41,500 : INFO : EventManager : Event: ======'machine_var_audits_switches_s_mode_start'====== Args={'value': 0, 'prev_value': None, 'change': True}
2025-09-19 13:43:41,500 : INFO : EventManager : Event: ======'machine_var_audits_switches_s_n_iceman_target'====== Args={'value': 32, 'prev_value': None, 'change': True}
2025-09-19 13:43:41,500 : INFO : EventManager : Event: ======'machine_var_audits_switches_s_o_lock_target'====== Args={'value': 5, 'prev_value': None, 'change': True}
2025-09-19 13:43:41,500 : INFO : EventManager : Event: ======'machine_var_audits_switches_s_orbit_left'====== Args={'value': 7, 'prev_value': None, 'change': True}
2025-09-19 13:43:41,500 : INFO : EventManager : Event: ======'machine_var_audits_switches_s_orbit_lower'====== Args={'value': 0, 'prev_value': None, 'change': True}
2025-09-19 13:43:41,500 : INFO : EventManager : Event: ======'machine_var_audits_switches_s_orbit_right'====== Args={'value': 0, 'prev_value': None, 'change': True}
2025-09-19 13:43:41,500 : INFO : EventManager : Event: ======'machine_var_audits_switches_s_orbit_upper'====== Args={'value': 0, 'prev_value': None, 'change': True}
2025-09-19 13:43:41,500 : INFO : EventManager : Event: ======'machine_var_audits_switches_s_outer_inlane_right'====== Args={'value': 5, 'prev_value': None, 'change': True}
2025-09-19 13:43:41,500 : INFO : EventManager : Event: ======'machine_var_audits_switches_s_outlane_left'====== Args={'value': 0, 'prev_value': None, 'change': True}
2025-09-19 13:43:41,500 : INFO : EventManager : Event: ======'machine_var_audits_switches_s_outlane_right'====== Args={'value': 4, 'prev_value': None, 'change': True}
2025-09-19 13:43:41,500 : INFO : EventManager : Event: ======'machine_var_audits_switches_s_plunger_lane'====== Args={'value': 46, 'prev_value': None, 'change': True}
2025-09-19 13:43:41,500 : INFO : EventManager : Event: ======'machine_var_audits_switches_s_ramp_inner_exit'====== Args={'value': 0, 'prev_value': None, 'change': True}
2025-09-19 13:43:41,500 : INFO : EventManager : Event: ======'machine_var_audits_switches_s_ramp_left_exit'====== Args={'value': 0, 'prev_value': None, 'change': True}
2025-09-19 13:43:41,500 : INFO : EventManager : Event: ======'machine_var_audits_switches_s_ramp_right_exit'====== Args={'value': 0, 'prev_value': None, 'change': True}
2025-09-19 13:43:41,500 : INFO : EventManager : Event: ======'machine_var_audits_switches_s_ramp_tower_exit'====== Args={'value': 0, 'prev_value': None, 'change': True}
2025-09-19 13:43:41,500 : INFO : EventManager : Event: ======'machine_var_audits_switches_s_slingshot_left'====== Args={'value': 8, 'prev_value': None, 'change': True}
2025-09-19 13:43:41,500 : INFO : EventManager : Event: ======'machine_var_audits_switches_s_slingshot_right'====== Args={'value': 7, 'prev_value': None, 'change': True}
2025-09-19 13:43:41,500 : INFO : EventManager : Event: ======'machine_var_audits_switches_s_spinner'====== Args={'value': 0, 'prev_value': None, 'change': True}
2025-09-19 13:43:41,500 : INFO : EventManager : Event: ======'machine_var_audits_switches_s_start'====== Args={'value': 134, 'prev_value': None, 'change': True}
2025-09-19 13:43:41,500 : INFO : EventManager : Event: ======'machine_var_audits_switches_s_tilt'====== Args={'value': 0, 'prev_value': None, 'change': True}
2025-09-19 13:43:41,501 : INFO : EventManager : Event: ======'machine_var_audits_switches_s_trough_1'====== Args={'value': 2, 'prev_value': None, 'change': True}
2025-09-19 13:43:41,501 : INFO : EventManager : Event: ======'machine_var_audits_switches_s_trough_2'====== Args={'value': 1, 'prev_value': None, 'change': True}
2025-09-19 13:43:41,501 : INFO : EventManager : Event: ======'machine_var_audits_switches_s_trough_3'====== Args={'value': 1, 'prev_value': None, 'change': True}
2025-09-19 13:43:41,501 : INFO : EventManager : Event: ======'machine_var_audits_switches_s_trough_4'====== Args={'value': 0, 'prev_value': None, 'change': True}
2025-09-19 13:43:41,501 : INFO : EventManager : Event: ======'machine_var_audits_switches_s_trough_5'====== Args={'value': 0, 'prev_value': None, 'change': True}
2025-09-19 13:43:41,501 : INFO : EventManager : Event: ======'machine_var_audits_switches_s_trough_6'====== Args={'value': 61, 'prev_value': None, 'change': True}
2025-09-19 13:43:41,501 : INFO : EventManager : Event: ======'init_phase_5'====== Args={}
2025-09-19 13:43:41,501 : INFO : EventManager : Event: ======'init_done'====== Args={}
2025-09-19 13:43:41,502 : INFO : EventManager : Event: ======'machine_reset_phase_1'====== Args={}
2025-09-19 13:43:41,509 : INFO : EventManager : Event: ======'machine_reset_phase_2'====== Args={}
2025-09-19 13:43:41,509 : INFO : EventManager : Event: ======'machine_reset_phase_3'====== Args={}
2025-09-19 13:43:41,509 : INFO : EventManager : Event: ======'reset_complete'====== Args={}
2025-09-19 13:43:41,509 : INFO : EventManager : Event: ======'mode_service_will_start'====== Args={}
2025-09-19 13:43:41,510 : INFO : EventManager : Event: ======'mode_service_starting'====== Args={}
2025-09-19 13:43:41,510 : INFO : EventManager : Event: ======'mode_attract_will_start'====== Args={}
2025-09-19 13:43:41,510 : INFO : Timer.attract_carousel_timer : Starting Timer.
2025-09-19 13:43:41,510 : INFO : EventManager : Event: ======'timer_attract_carousel_timer_started'====== Args={'ticks': 0, 'ticks_remaining': 1}
2025-09-19 13:43:41,510 : INFO : EventManager : Event: ======'timer_attract_carousel_timer_tick'====== Args={'ticks': 0, 'ticks_remaining': 1}
2025-09-19 13:43:41,511 : INFO : EventManager : Event: ======'mode_attract_starting'====== Args={}
2025-09-19 13:43:41,511 : INFO : Mode.attract : Started. Priority: 10
2025-09-19 13:43:41,511 : INFO : EventManager : Event: ======'modes_active_modes_changed'====== Args={}
2025-09-19 13:43:41,511 : INFO : EventManager : Event: ======'mode_attract_started'====== Args={}
2025-09-19 13:43:41,511 : INFO : EventManager : Event: ======'attract_cycle_step1'====== Args={'priority': 0}
2025-09-19 13:43:41,511 : INFO : EventManager : Event: ======'collecting_balls_complete'====== Args={}
2025-09-19 13:43:41,512 : INFO : EventManager : Event: ======'item_highlighted'====== Args={'carousel': 'attract', 'direction': None, 'item': 'title'}
2025-09-19 13:43:41,512 : INFO : EventManager : Event: ======'timer_attract_carousel_timer_tick'====== Args={'ticks': 0, 'ticks_remaining': 1}
2025-09-19 13:43:41,512 : INFO : Mode.service : Started. Priority: 100000
2025-09-19 13:43:41,512 : INFO : EventManager : Event: ======'modes_active_modes_changed'====== Args={}
2025-09-19 13:43:41,512 : INFO : EventManager : Event: ======'mode_service_started'====== Args={}
2025-09-19 13:43:41,514 : INFO : Machine : Starting the main run loop with active modes: [<Mode.service>, <Mode.attract>]
2025-09-19 13:43:41,602 : INFO : EventManager : Event: ======'slide_attract_created'====== Args={'_from_bcp': True}
2025-09-19 13:43:41,602 : INFO : EventManager : Event: ======'slide__removed'====== Args={'_from_bcp': True}
2025-09-19 13:43:41,603 : INFO : EventManager : Event: ======'slide_attract_active'====== Args={'original_context': 'attract', 'original_calling_context': 'mode_attract_started', 'priority': 10.0, 'cmd': 'slides_play', '_from_bcp': True}
2025-09-19 13:43:41,825 : INFO : BcpServer : New client connected.
2025-09-19 13:43:48,523 : INFO : Timer.attract_carousel_timer : Timer Complete
2025-09-19 13:43:48,523 : INFO : Timer.attract_carousel_timer : Stopping Timer
2025-09-19 13:43:48,523 : INFO : EventManager : Event: ======'timer_attract_carousel_timer_stopped'====== Args={'ticks': 1, 'ticks_remaining': 1}
2025-09-19 13:43:48,523 : INFO : EventManager : Event: ======'timer_attract_carousel_timer_complete'====== Args={'ticks': 1, 'ticks_remaining': 1}
2025-09-19 13:43:48,524 : INFO : EventManager : Event: ======'item_highlighted'====== Args={'carousel': 'attract', 'direction': 'forwards', 'item': 'presented_by'}
2025-09-19 13:43:48,524 : INFO : Timer.attract_carousel_timer : Starting Timer.
2025-09-19 13:43:48,524 : INFO : EventManager : Event: ======'timer_attract_carousel_timer_started'====== Args={'ticks': 0, 'ticks_remaining': 1}
2025-09-19 13:43:48,524 : INFO : EventManager : Event: ======'timer_attract_carousel_timer_tick'====== Args={'ticks': 0, 'ticks_remaining': 1}
2025-09-19 13:43:55,519 : INFO : Timer.attract_carousel_timer : Timer Complete
2025-09-19 13:43:55,519 : INFO : Timer.attract_carousel_timer : Stopping Timer
2025-09-19 13:43:55,519 : INFO : EventManager : Event: ======'timer_attract_carousel_timer_stopped'====== Args={'ticks': 1, 'ticks_remaining': 1}
2025-09-19 13:43:55,519 : INFO : EventManager : Event: ======'timer_attract_carousel_timer_complete'====== Args={'ticks': 1, 'ticks_remaining': 1}
2025-09-19 13:43:55,521 : INFO : EventManager : Event: ======'item_highlighted'====== Args={'carousel': 'attract', 'direction': 'forwards', 'item': 'hotrod_pinball_logo'}
2025-09-19 13:43:55,521 : INFO : Timer.attract_carousel_timer : Starting Timer.
2025-09-19 13:43:55,521 : INFO : EventManager : Event: ======'timer_attract_carousel_timer_started'====== Args={'ticks': 0, 'ticks_remaining': 1}
2025-09-19 13:43:55,522 : INFO : EventManager : Event: ======'timer_attract_carousel_timer_tick'====== Args={'ticks': 0, 'ticks_remaining': 1}
2025-09-19 13:44:02,520 : INFO : Timer.attract_carousel_timer : Timer Complete
2025-09-19 13:44:02,520 : INFO : Timer.attract_carousel_timer : Stopping Timer
2025-09-19 13:44:02,520 : INFO : EventManager : Event: ======'timer_attract_carousel_timer_stopped'====== Args={'ticks': 1, 'ticks_remaining': 1}
2025-09-19 13:44:02,520 : INFO : EventManager : Event: ======'timer_attract_carousel_timer_complete'====== Args={'ticks': 1, 'ticks_remaining': 1}
2025-09-19 13:44:02,522 : INFO : EventManager : Event: ======'item_highlighted'====== Args={'carousel': 'attract', 'direction': 'forwards', 'item': 'mpf_logo'}
2025-09-19 13:44:02,522 : INFO : Timer.attract_carousel_timer : Starting Timer.
2025-09-19 13:44:02,523 : INFO : EventManager : Event: ======'timer_attract_carousel_timer_started'====== Args={'ticks': 0, 'ticks_remaining': 1}
2025-09-19 13:44:02,523 : INFO : EventManager : Event: ======'timer_attract_carousel_timer_tick'====== Args={'ticks': 0, 'ticks_remaining': 1}
2025-09-19 13:44:09,539 : INFO : Timer.attract_carousel_timer : Timer Complete
2025-09-19 13:44:09,539 : INFO : Timer.attract_carousel_timer : Stopping Timer
2025-09-19 13:44:09,539 : INFO : EventManager : Event: ======'timer_attract_carousel_timer_stopped'====== Args={'ticks': 1, 'ticks_remaining': 1}
2025-09-19 13:44:09,540 : INFO : EventManager : Event: ======'timer_attract_carousel_timer_complete'====== Args={'ticks': 1, 'ticks_remaining': 1}
2025-09-19 13:44:09,541 : INFO : EventManager : Event: ======'item_highlighted'====== Args={'carousel': 'attract', 'direction': 'forwards', 'item': 'credits'}
2025-09-19 13:44:09,542 : INFO : Timer.attract_carousel_timer : Starting Timer.
2025-09-19 13:44:09,542 : INFO : EventManager : Event: ======'timer_attract_carousel_timer_started'====== Args={'ticks': 0, 'ticks_remaining': 1}
2025-09-19 13:44:09,542 : INFO : EventManager : Event: ======'timer_attract_carousel_timer_tick'====== Args={'ticks': 0, 'ticks_remaining': 1}
2025-09-19 13:44:14,036 : INFO : EventManager : Event: ======'attract_cycle_step2'====== Args={}
2025-09-19 13:44:16,530 : INFO : Timer.attract_carousel_timer : Timer Complete
2025-09-19 13:44:16,530 : INFO : Timer.attract_carousel_timer : Stopping Timer
2025-09-19 13:44:16,530 : INFO : EventManager : Event: ======'timer_attract_carousel_timer_stopped'====== Args={'ticks': 1, 'ticks_remaining': 1}
2025-09-19 13:44:16,530 : INFO : EventManager : Event: ======'timer_attract_carousel_timer_complete'====== Args={'ticks': 1, 'ticks_remaining': 1}
2025-09-19 13:44:16,531 : INFO : EventManager : Event: ======'item_highlighted'====== Args={'carousel': 'attract', 'direction': 'forwards', 'item': 'last_scores_2p'}
2025-09-19 13:44:16,532 : INFO : Timer.attract_carousel_timer : Starting Timer.
2025-09-19 13:44:16,532 : INFO : EventManager : Event: ======'timer_attract_carousel_timer_started'====== Args={'ticks': 0, 'ticks_remaining': 1}
2025-09-19 13:44:16,532 : INFO : EventManager : Event: ======'timer_attract_carousel_timer_tick'====== Args={'ticks': 0, 'ticks_remaining': 1}
2025-09-19 13:44:23,527 : INFO : Timer.attract_carousel_timer : Timer Complete
2025-09-19 13:44:23,527 : INFO : Timer.attract_carousel_timer : Stopping Timer
2025-09-19 13:44:23,527 : INFO : EventManager : Event: ======'timer_attract_carousel_timer_stopped'====== Args={'ticks': 1, 'ticks_remaining': 1}
2025-09-19 13:44:23,527 : INFO : EventManager : Event: ======'timer_attract_carousel_timer_complete'====== Args={'ticks': 1, 'ticks_remaining': 1}
2025-09-19 13:44:23,529 : INFO : EventManager : Event: ======'item_highlighted'====== Args={'carousel': 'attract', 'direction': 'forwards', 'item': 'title'}
2025-09-19 13:44:23,530 : INFO : Timer.attract_carousel_timer : Starting Timer.
2025-09-19 13:44:23,530 : INFO : EventManager : Event: ======'timer_attract_carousel_timer_started'====== Args={'ticks': 0, 'ticks_remaining': 1}
2025-09-19 13:44:23,530 : INFO : EventManager : Event: ======'timer_attract_carousel_timer_tick'====== Args={'ticks': 0, 'ticks_remaining': 1}
2025-09-19 13:44:30,537 : INFO : Timer.attract_carousel_timer : Timer Complete
2025-09-19 13:44:30,537 : INFO : Timer.attract_carousel_timer : Stopping Timer
2025-09-19 13:44:30,537 : INFO : EventManager : Event: ======'timer_attract_carousel_timer_stopped'====== Args={'ticks': 1, 'ticks_remaining': 1}
2025-09-19 13:44:30,538 : INFO : EventManager : Event: ======'timer_attract_carousel_timer_complete'====== Args={'ticks': 1, 'ticks_remaining': 1}
2025-09-19 13:44:30,539 : INFO : EventManager : Event: ======'item_highlighted'====== Args={'carousel': 'attract', 'direction': 'forwards', 'item': 'presented_by'}
2025-09-19 13:44:30,540 : INFO : Timer.attract_carousel_timer : Starting Timer.
2025-09-19 13:44:30,540 : INFO : EventManager : Event: ======'timer_attract_carousel_timer_started'====== Args={'ticks': 0, 'ticks_remaining': 1}
2025-09-19 13:44:30,540 : INFO : EventManager : Event: ======'timer_attract_carousel_timer_tick'====== Args={'ticks': 0, 'ticks_remaining': 1}
2025-09-19 13:44:37,516 : INFO : Timer.attract_carousel_timer : Timer Complete
2025-09-19 13:44:37,516 : INFO : Timer.attract_carousel_timer : Stopping Timer
2025-09-19 13:44:37,516 : INFO : EventManager : Event: ======'timer_attract_carousel_timer_stopped'====== Args={'ticks': 1, 'ticks_remaining': 1}
2025-09-19 13:44:37,516 : INFO : EventManager : Event: ======'timer_attract_carousel_timer_complete'====== Args={'ticks': 1, 'ticks_remaining': 1}
2025-09-19 13:44:37,518 : INFO : EventManager : Event: ======'item_highlighted'====== Args={'carousel': 'attract', 'direction': 'forwards', 'item': 'hotrod_pinball_logo'}
2025-09-19 13:44:37,519 : INFO : Timer.attract_carousel_timer : Starting Timer.
2025-09-19 13:44:37,519 : INFO : EventManager : Event: ======'timer_attract_carousel_timer_started'====== Args={'ticks': 0, 'ticks_remaining': 1}
2025-09-19 13:44:37,520 : INFO : EventManager : Event: ======'timer_attract_carousel_timer_tick'====== Args={'ticks': 0, 'ticks_remaining': 1}
2025-09-19 13:44:44,518 : INFO : Timer.attract_carousel_timer : Timer Complete
2025-09-19 13:44:44,518 : INFO : Timer.attract_carousel_timer : Stopping Timer
2025-09-19 13:44:44,519 : INFO : EventManager : Event: ======'timer_attract_carousel_timer_stopped'====== Args={'ticks': 1, 'ticks_remaining': 1}
2025-09-19 13:44:44,519 : INFO : EventManager : Event: ======'timer_attract_carousel_timer_complete'====== Args={'ticks': 1, 'ticks_remaining': 1}
2025-09-19 13:44:44,520 : INFO : EventManager : Event: ======'item_highlighted'====== Args={'carousel': 'attract', 'direction': 'forwards', 'item': 'mpf_logo'}
2025-09-19 13:44:44,521 : INFO : Timer.attract_carousel_timer : Starting Timer.
2025-09-19 13:44:44,521 : INFO : EventManager : Event: ======'timer_attract_carousel_timer_started'====== Args={'ticks': 0, 'ticks_remaining': 1}
2025-09-19 13:44:44,521 : INFO : EventManager : Event: ======'timer_attract_carousel_timer_tick'====== Args={'ticks': 0, 'ticks_remaining': 1}
2025-09-19 13:44:51,535 : INFO : Timer.attract_carousel_timer : Timer Complete
2025-09-19 13:44:51,535 : INFO : Timer.attract_carousel_timer : Stopping Timer
2025-09-19 13:44:51,535 : INFO : EventManager : Event: ======'timer_attract_carousel_timer_stopped'====== Args={'ticks': 1, 'ticks_remaining': 1}
2025-09-19 13:44:51,536 : INFO : EventManager : Event: ======'timer_attract_carousel_timer_complete'====== Args={'ticks': 1, 'ticks_remaining': 1}
2025-09-19 13:44:51,536 : INFO : EventManager : Event: ======'item_highlighted'====== Args={'carousel': 'attract', 'direction': 'forwards', 'item': 'credits'}
2025-09-19 13:44:51,536 : INFO : Timer.attract_carousel_timer : Starting Timer.
2025-09-19 13:44:51,537 : INFO : EventManager : Event: ======'timer_attract_carousel_timer_started'====== Args={'ticks': 0, 'ticks_remaining': 1}
2025-09-19 13:44:51,537 : INFO : EventManager : Event: ======'timer_attract_carousel_timer_tick'====== Args={'ticks': 0, 'ticks_remaining': 1}
2025-09-19 13:44:58,529 : INFO : Timer.attract_carousel_timer : Timer Complete
2025-09-19 13:44:58,529 : INFO : Timer.attract_carousel_timer : Stopping Timer
2025-09-19 13:44:58,529 : INFO : EventManager : Event: ======'timer_attract_carousel_timer_stopped'====== Args={'ticks': 1, 'ticks_remaining': 1}
2025-09-19 13:44:58,529 : INFO : EventManager : Event: ======'timer_attract_carousel_timer_complete'====== Args={'ticks': 1, 'ticks_remaining': 1}
2025-09-19 13:44:58,531 : INFO : EventManager : Event: ======'item_highlighted'====== Args={'carousel': 'attract', 'direction': 'forwards', 'item': 'last_scores_2p'}
2025-09-19 13:44:58,531 : INFO : Timer.attract_carousel_timer : Starting Timer.
2025-09-19 13:44:58,532 : INFO : EventManager : Event: ======'timer_attract_carousel_timer_started'====== Args={'ticks': 0, 'ticks_remaining': 1}
2025-09-19 13:44:58,532 : INFO : EventManager : Event: ======'timer_attract_carousel_timer_tick'====== Args={'ticks': 0, 'ticks_remaining': 1}
2025-09-19 13:45:05,534 : INFO : Timer.attract_carousel_timer : Timer Complete
2025-09-19 13:45:05,534 : INFO : Timer.attract_carousel_timer : Stopping Timer
2025-09-19 13:45:05,534 : INFO : EventManager : Event: ======'timer_attract_carousel_timer_stopped'====== Args={'ticks': 1, 'ticks_remaining': 1}
2025-09-19 13:45:05,535 : INFO : EventManager : Event: ======'timer_attract_carousel_timer_complete'====== Args={'ticks': 1, 'ticks_remaining': 1}
2025-09-19 13:45:05,535 : INFO : EventManager : Event: ======'item_highlighted'====== Args={'carousel': 'attract', 'direction': 'forwards', 'item': 'title'}
2025-09-19 13:45:05,536 : INFO : Timer.attract_carousel_timer : Starting Timer.
2025-09-19 13:45:05,536 : INFO : EventManager : Event: ======'timer_attract_carousel_timer_started'====== Args={'ticks': 0, 'ticks_remaining': 1}
2025-09-19 13:45:05,536 : INFO : EventManager : Event: ======'timer_attract_carousel_timer_tick'====== Args={'ticks': 0, 'ticks_remaining': 1}
2025-09-19 13:45:12,530 : INFO : Timer.attract_carousel_timer : Timer Complete
2025-09-19 13:45:12,530 : INFO : Timer.attract_carousel_timer : Stopping Timer
2025-09-19 13:45:12,530 : INFO : EventManager : Event: ======'timer_attract_carousel_timer_stopped'====== Args={'ticks': 1, 'ticks_remaining': 1}
2025-09-19 13:45:12,531 : INFO : EventManager : Event: ======'timer_attract_carousel_timer_complete'====== Args={'ticks': 1, 'ticks_remaining': 1}
2025-09-19 13:45:12,534 : INFO : EventManager : Event: ======'item_highlighted'====== Args={'carousel': 'attract', 'direction': 'forwards', 'item': 'presented_by'}
2025-09-19 13:45:12,534 : INFO : Timer.attract_carousel_timer : Starting Timer.
2025-09-19 13:45:12,535 : INFO : EventManager : Event: ======'timer_attract_carousel_timer_started'====== Args={'ticks': 0, 'ticks_remaining': 1}
2025-09-19 13:45:12,535 : INFO : EventManager : Event: ======'timer_attract_carousel_timer_tick'====== Args={'ticks': 0, 'ticks_remaining': 1}
2025-09-19 13:45:14,866 : INFO : EventManager : Event: ======'attract_cycle_step3'====== Args={}
2025-09-19 13:45:19,537 : INFO : Timer.attract_carousel_timer : Timer Complete
2025-09-19 13:45:19,537 : INFO : Timer.attract_carousel_timer : Stopping Timer
2025-09-19 13:45:19,537 : INFO : EventManager : Event: ======'timer_attract_carousel_timer_stopped'====== Args={'ticks': 1, 'ticks_remaining': 1}
2025-09-19 13:45:19,537 : INFO : EventManager : Event: ======'timer_attract_carousel_timer_complete'====== Args={'ticks': 1, 'ticks_remaining': 1}
2025-09-19 13:45:19,538 : INFO : EventManager : Event: ======'item_highlighted'====== Args={'carousel': 'attract', 'direction': 'forwards', 'item': 'hotrod_pinball_logo'}
2025-09-19 13:45:19,539 : INFO : Timer.attract_carousel_timer : Starting Timer.
2025-09-19 13:45:19,539 : INFO : EventManager : Event: ======'timer_attract_carousel_timer_started'====== Args={'ticks': 0, 'ticks_remaining': 1}
2025-09-19 13:45:19,539 : INFO : EventManager : Event: ======'timer_attract_carousel_timer_tick'====== Args={'ticks': 0, 'ticks_remaining': 1}
2025-09-19 13:45:22,992 : INFO : EventManager : Event: ======'attract_cycle_step1'====== Args={}
2025-09-19 13:45:24,532 : INFO : Machine : Shutting down...
2025-09-19 13:45:24,532 : INFO : EventManager : Event: ======'shutdown'====== Args={}
2025-09-19 13:45:24,533 : INFO : EventManager : Event: ======'mode_service_will_stop'====== Args={}
2025-09-19 13:45:24,533 : INFO : EventManager : Event: ======'mode_service_stopping'====== Args={}
2025-09-19 13:45:24,534 : INFO : Mode.service : Stopped.
2025-09-19 13:45:24,534 : INFO : EventManager : Event: ======'modes_active_modes_changed'====== Args={}
2025-09-19 13:45:24,534 : INFO : EventManager : Event: ======'mode_service_stopped'====== Args={}
2025-09-19 13:45:24,535 : INFO : EventManager : Event: ======'clear'====== Args={'key': 'service'}
2025-09-19 13:45:24,539 : INFO : root : MPF run loop ended.
