2025-10-31 15:27:40,168 : INFO : root : Loading config.
2025-10-31 15:27:40,171 : INFO : YamlMultifileConfigLoader : Machine config file #1: config.yaml
2025-10-31 15:27:40,173 : INFO : ConfigProcessor : Loading config from cache: C:\Users\White\AppData\Local\Temp\cfa6ecba65704a931c9dd214c44986c8.mpf_cache
2025-10-31 15:27:40,283 : INFO : ConfigProcessor : Loading config from cache: C:\Users\White\AppData\Local\Temp\f98ffc0ff5962effface7d86bc406d5c.mpf_cache
2025-10-31 15:27:40,284 : INFO : ConfigProcessor : Loading config from cache: C:\Users\White\AppData\Local\Temp\91cc4d1c993c58dc354e34974b9cfeac.mpf_cache
2025-10-31 15:27:40,285 : INFO : ConfigProcessor : Loading config from cache: C:\Users\White\AppData\Local\Temp\f98ffc0ff5962effface7d86bc406d5c.mpf_cache
2025-10-31 15:27:40,285 : INFO : ConfigProcessor : Loading config from cache: C:\Users\White\AppData\Local\Temp\76792f1d686f89709887dba7bd69667a.mpf_cache
2025-10-31 15:27:40,286 : INFO : ConfigProcessor : Loading config from cache: C:\Users\White\AppData\Local\Temp\142bbae4707335cc8e3efaa4364c4893.mpf_cache
2025-10-31 15:27:40,287 : INFO : ConfigProcessor : Loading config from cache: C:\Users\White\AppData\Local\Temp\d586631024bd380382ddba1caafd4910.mpf_cache
2025-10-31 15:27:40,287 : INFO : ConfigProcessor : Loading config from cache: C:\Users\White\AppData\Local\Temp\202647b69b904517343fecdf4579c275.mpf_cache
2025-10-31 15:27:40,288 : INFO : ConfigProcessor : Loading config from cache: C:\Users\White\AppData\Local\Temp\d069db2c83fe896d88972cde9b686138.mpf_cache
2025-10-31 15:27:40,289 : INFO : ConfigProcessor : Loading config from cache: C:\Users\White\AppData\Local\Temp\58ab893dda10a3d2ba8fe97b81891df0.mpf_cache
2025-10-31 15:27:40,289 : WARNING : ConfigProcessor : Config file in cache changed: C:\Users\White\Documents\Top_Gun_Pinball\modes\skillshot\config\skillshot.yaml
2025-10-31 15:27:40,289 : INFO : ConfigProcessor : Loading config from file C:\Users\White\Documents\Top_Gun_Pinball\modes\skillshot\config\skillshot.yaml.
2025-10-31 15:27:40,314 : INFO : ConfigProcessor : Loading config: C:\Users\White\Documents\Top_Gun_Pinball\modes\skillshot\config\skillshot.yaml
2025-10-31 15:27:40,315 : INFO : ConfigProcessor : Config file cache created: C:\Users\White\AppData\Local\Temp\0f5f0ac41d1a2672d0d32cef2b12699e.mpf_cache
2025-10-31 15:27:40,316 : INFO : ConfigProcessor : Loading config from cache: C:\Users\White\AppData\Local\Temp\3a419899266be7cd41a083be5a3a8ebb.mpf_cache
2025-10-31 15:27:40,318 : INFO : ConfigProcessor : Loading config from cache: C:\Users\White\AppData\Local\Temp\82e20c7c6490dd2e5fed726a3aa8d652.mpf_cache
2025-10-31 15:27:40,321 : INFO : ConfigProcessor : Loading config from cache: C:\Users\White\AppData\Local\Temp\359114d5ba2a6ad6c93d1559776bbb30.mpf_cache
2025-10-31 15:27:40,324 : INFO : ConfigProcessor : Loading config from cache: C:\Users\White\AppData\Local\Temp\f8c9a3739ec88c539117633fa55f5d20.mpf_cache
2025-10-31 15:27:40,327 : INFO : ConfigProcessor : Loading config from cache: C:\Users\White\AppData\Local\Temp\d421369d6df802e4e6f8aa58f446b1a6.mpf_cache
2025-10-31 15:27:40,328 : INFO : ConfigProcessor : Loading config from cache: C:\Users\White\AppData\Local\Temp\2151caa0419aeb1e56d3d8934477383e.mpf_cache
2025-10-31 15:27:40,332 : INFO : ConfigProcessor : Loading config from cache: C:\Users\White\AppData\Local\Temp\17003635873251b4f6841bf4ab3bdcdd.mpf_cache
2025-10-31 15:27:40,332 : INFO : ConfigProcessor : Loading config from cache: C:\Users\White\AppData\Local\Temp\c8ceed3d7c617b2f1fa85b3487b918c6.mpf_cache
2025-10-31 15:27:40,334 : INFO : ConfigProcessor : Loading config from cache: C:\Users\White\AppData\Local\Temp\f70c640a816343cb9040222d7a9269d3.mpf_cache
2025-10-31 15:27:40,337 : INFO : ConfigProcessor : Loading config from cache: C:\Users\White\AppData\Local\Temp\30922048be1d0c17ea15fc75f7fbfe10.mpf_cache
2025-10-31 15:27:40,339 : INFO : ConfigProcessor : Loading config from cache: C:\Users\White\AppData\Local\Temp\2e44e1a8157cd8d5be0e623de5bcf3cd.mpf_cache
2025-10-31 15:27:40,340 : INFO : ConfigProcessor : Loading config from cache: C:\Users\White\AppData\Local\Temp\58d7809d3d969de03aaf131fc45863f8.mpf_cache
2025-10-31 15:27:40,341 : INFO : ConfigProcessor : Loading config from cache: C:\Users\White\AppData\Local\Temp\a2ff6e5c252adf2ba75ad894f77f7ce6.mpf_cache
2025-10-31 15:27:40,342 : INFO : ConfigProcessor : Loading config from cache: C:\Users\White\AppData\Local\Temp\2ebcf623e49efab13a66f36a8282b4e9.mpf_cache
2025-10-31 15:27:40,342 : INFO : ConfigProcessor : Loading config from cache: C:\Users\White\AppData\Local\Temp\d380fa2863f93e197660f0281ffd272b.mpf_cache
2025-10-31 15:27:40,344 : INFO : ConfigProcessor : Loading config from cache: C:\Users\White\AppData\Local\Temp\88e41ae7dcea899a043a2f63da55a8b7.mpf_cache
2025-10-31 15:27:40,345 : INFO : Machine : Mission Pinball Framework Core Engine v0.80.0.dev9
2025-10-31 15:27:40,345 : INFO : Machine : Command line arguments: {'no_load_cache': False, 'create_config_cache': True, 'bcp': True, 'configfile': ['config.yaml'], 'force_assets_load': False, 'platform_integration_test': False, 'jsonlogging': False, 'logfile': 'logs\\2025-10-31-15-27-40-mpf-TopGunPinball.log', 'pause': False, 'production': False, 'text_ui': False, 'loglevel': 15, 'consoleloglevel': 20, 'force_platform': 'virtual', 'syslog_address': None, 'full_logfile_path': 'C:\\Users\\White\\Documents\\Top_Gun_Pinball\\logs\\2025-10-31-15-27-40-mpf-TopGunPinball.log'}
2025-10-31 15:27:40,345 : INFO : Machine : MPF path: C:\Users\White\mpf\Lib\site-packages\mpf
2025-10-31 15:27:40,345 : INFO : Machine : Machine path: C:\Users\White\Documents\Top_Gun_Pinball
2025-10-31 15:27:40,345 : INFO : Machine : Platform: win32
2025-10-31 15:27:40,345 : INFO : Machine : Python executable location: C:\Users\White\mpf\Scripts\python.exe
2025-10-31 15:27:40,345 : INFO : Machine : Python version: 3.12.7 (64-bit)
2025-10-31 15:27:40,347 : INFO : Machine : Initializing MPF...
2025-10-31 15:27:40,438 : INFO : EventManager : Event: ======'machine_var_credits_string'====== Args={'value': 'FREE PLAY', 'prev_value': None, 'change': True}
2025-10-31 15:27:40,464 : INFO : EventManager : Event: ======'machine_var_master_volume'====== Args={'value': 0.5, 'prev_value': None, 'change': True}
2025-10-31 15:27:40,464 : INFO : EventManager : Event: ======'machine_var_player1_score'====== Args={'value': 2229000, 'prev_value': None, 'change': True}
2025-10-31 15:27:40,464 : INFO : EventManager : Event: ======'machine_var_mpf_version'====== Args={'value': 'Mission Pinball Framework v0.80.0.dev9', 'prev_value': None, 'change': True}
2025-10-31 15:27:40,464 : INFO : EventManager : Event: ======'machine_var_mpf_extended_version'====== Args={'value': 'Mission Pinball Framework v0.80.0.dev9, Config version:6, Show version: 6, BCP version:1.1', 'prev_value': None, 'change': True}
2025-10-31 15:27:40,465 : INFO : EventManager : Event: ======'machine_var_python_version'====== Args={'value': '3.12.7', 'prev_value': None, 'change': True}
2025-10-31 15:27:40,613 : INFO : EventManager : Event: ======'machine_var_platform'====== Args={'value': 'Windows-11-10.0.26100-SP0', 'prev_value': None, 'change': True}
2025-10-31 15:27:40,613 : INFO : EventManager : Event: ======'machine_var_platform_system'====== Args={'value': 'Windows', 'prev_value': None, 'change': True}
2025-10-31 15:27:40,613 : INFO : EventManager : Event: ======'machine_var_platform_release'====== Args={'value': '11', 'prev_value': None, 'change': True}
2025-10-31 15:27:40,613 : INFO : EventManager : Event: ======'machine_var_platform_version'====== Args={'value': '10.0.26100', 'prev_value': None, 'change': True}
2025-10-31 15:27:40,613 : INFO : EventManager : Event: ======'machine_var_platform_machine'====== Args={'value': 'AMD64', 'prev_value': None, 'change': True}
2025-10-31 15:27:40,613 : INFO : EventManager : Event: ======'machine_var_log_file_path'====== Args={'value': 'C:\\Users\\White\\Documents\\Top_Gun_Pinball\\logs\\2025-10-31-15-27-40-mpf-TopGunPinball.log', 'prev_value': None, 'change': True}
2025-10-31 15:27:40,614 : INFO : EventManager : Event: ======'init_phase_1'====== Args={}
2025-10-31 15:27:40,660 : INFO : EventManager : Event: ======'init_phase_2'====== Args={}
2025-10-31 15:27:40,661 : INFO : SwitchController : Found active switch: ('playfield_board_lower-3208-0', <Platform.Virtual>) <switch.s_trough_1>
2025-10-31 15:27:40,661 : INFO : SwitchController : Found active switch: ('playfield_board_lower-3208-1', <Platform.Virtual>) <switch.s_trough_2>
2025-10-31 15:27:40,661 : INFO : SwitchController : Found active switch: ('playfield_board_lower-3208-2', <Platform.Virtual>) <switch.s_trough_3>
2025-10-31 15:27:40,661 : INFO : SwitchController : Found active switch: ('playfield_board_lower-3208-3', <Platform.Virtual>) <switch.s_trough_4>
2025-10-31 15:27:40,661 : INFO : SwitchController : Found active switch: ('playfield_board_lower-3208-4', <Platform.Virtual>) <switch.s_trough_5>
2025-10-31 15:27:40,661 : INFO : SwitchController : Found active switch: ('playfield_board_lower-3208-5', <Platform.Virtual>) <switch.s_trough_6>
2025-10-31 15:27:40,697 : INFO : EventManager : Event: ======'bcp_connection_attempt'====== Args={'name': 'local_display', 'host': 'localhost', 'port': 5050}
2025-10-31 15:27:40,699 : INFO : BCPClientSocket : Connecting BCP to 'local_display' at localhost:5050...
2025-10-31 15:27:40,710 : INFO : BCPClientSocket : Connected BCP to 'local_display' localhost:5050
2025-10-31 15:27:40,710 : INFO : EventManager : Event: ======'bcp_clients_connected'====== Args={}
2025-10-31 15:27:40,711 : INFO : ball_device.bd_plunger : BCH: Initial count: 0
2025-10-31 15:27:40,711 : INFO : ball_device.bd_plunger : State: idle
2025-10-31 15:27:40,732 : INFO : ball_device.bd_trough : BCH: Initial count: 6
2025-10-31 15:27:40,733 : INFO : ball_device.bd_trough : State: idle
2025-10-31 15:27:40,733 : INFO : ball_device.bd_lock_elevator : BCH: Initial count: 0
2025-10-31 15:27:40,733 : INFO : ball_device.bd_lock_elevator : State: idle
2025-10-31 15:27:40,733 : INFO : ball_device.bd_mode_scoop : BCH: Initial count: 0
2025-10-31 15:27:40,733 : INFO : ball_device.bd_mode_scoop : State: idle
2025-10-31 15:27:40,760 : INFO : EventManager : Event: ======'init_phase_3'====== Args={}
2025-10-31 15:27:41,938 : INFO : EventManager : Event: ======'init_phase_4'====== Args={}
2025-10-31 15:27:41,938 : INFO : BallController : Initial balls found: 6
2025-10-31 15:27:41,940 : INFO : EventManager : Event: ======'machine_var_audits_events_game_ended'====== Args={'value': 2, 'prev_value': None, 'change': True}
2025-10-31 15:27:41,940 : INFO : EventManager : Event: ======'machine_var_audits_events_game_started'====== Args={'value': 343, 'prev_value': None, 'change': True}
2025-10-31 15:27:41,940 : INFO : EventManager : Event: ======'machine_var_audits_missing_switches_s_a_iceman_target'====== Args={'value': 6, 'prev_value': None, 'change': True}
2025-10-31 15:27:41,940 : INFO : EventManager : Event: ======'machine_var_audits_missing_switches_s_barrier_target'====== Args={'value': 7, 'prev_value': None, 'change': True}
2025-10-31 15:27:41,940 : INFO : EventManager : Event: ======'machine_var_audits_missing_switches_s_bumper_center'====== Args={'value': 9, 'prev_value': None, 'change': True}
2025-10-31 15:27:41,940 : INFO : EventManager : Event: ======'machine_var_audits_missing_switches_s_bumper_left'====== Args={'value': 17, 'prev_value': None, 'change': True}
2025-10-31 15:27:41,940 : INFO : EventManager : Event: ======'machine_var_audits_missing_switches_s_bumper_right'====== Args={'value': 12, 'prev_value': None, 'change': True}
2025-10-31 15:27:41,940 : INFO : EventManager : Event: ======'machine_var_audits_missing_switches_s_c_iceman_target'====== Args={'value': 7, 'prev_value': None, 'change': True}
2025-10-31 15:27:41,940 : INFO : EventManager : Event: ======'machine_var_audits_missing_switches_s_c_lock_target'====== Args={'value': 103, 'prev_value': None, 'change': True}
2025-10-31 15:27:41,940 : INFO : EventManager : Event: ======'machine_var_audits_missing_switches_s_coin_door'====== Args={'value': 230, 'prev_value': None, 'change': True}
2025-10-31 15:27:41,940 : INFO : EventManager : Event: ======'machine_var_audits_missing_switches_s_coin_door_credit_left'====== Args={'value': 137, 'prev_value': None, 'change': True}
2025-10-31 15:27:41,940 : INFO : EventManager : Event: ======'machine_var_audits_missing_switches_s_coin_door_credit_right'====== Args={'value': 137, 'prev_value': None, 'change': True}
2025-10-31 15:27:41,940 : INFO : EventManager : Event: ======'machine_var_audits_missing_switches_s_coin_door_service_1'====== Args={'value': 230, 'prev_value': None, 'change': True}
2025-10-31 15:27:41,940 : INFO : EventManager : Event: ======'machine_var_audits_missing_switches_s_coin_door_service_2'====== Args={'value': 230, 'prev_value': None, 'change': True}
2025-10-31 15:27:41,940 : INFO : EventManager : Event: ======'machine_var_audits_missing_switches_s_coin_door_service_3'====== Args={'value': 230, 'prev_value': None, 'change': True}
2025-10-31 15:27:41,940 : INFO : EventManager : Event: ======'machine_var_audits_missing_switches_s_coin_door_service_4'====== Args={'value': 230, 'prev_value': None, 'change': True}
2025-10-31 15:27:41,940 : INFO : EventManager : Event: ======'machine_var_audits_missing_switches_s_e_iceman_target'====== Args={'value': 7, 'prev_value': None, 'change': True}
2025-10-31 15:27:41,940 : INFO : EventManager : Event: ======'machine_var_audits_missing_switches_s_flight_gear_target'====== Args={'value': 14, 'prev_value': None, 'change': True}
2025-10-31 15:27:41,941 : INFO : EventManager : Event: ======'machine_var_audits_missing_switches_s_flipper_left'====== Args={'value': 7, 'prev_value': None, 'change': True}
2025-10-31 15:27:41,941 : INFO : EventManager : Event: ======'machine_var_audits_missing_switches_s_flipper_left_eos'====== Args={'value': 290, 'prev_value': None, 'change': True}
2025-10-31 15:27:41,941 : INFO : EventManager : Event: ======'machine_var_audits_missing_switches_s_flipper_left_upper'====== Args={'value': 292, 'prev_value': None, 'change': True}
2025-10-31 15:27:41,941 : INFO : EventManager : Event: ======'machine_var_audits_missing_switches_s_flipper_left_upper_eos'====== Args={'value': 290, 'prev_value': None, 'change': True}
2025-10-31 15:27:41,941 : INFO : EventManager : Event: ======'machine_var_audits_missing_switches_s_flipper_right'====== Args={'value': 2, 'prev_value': None, 'change': True}
2025-10-31 15:27:41,941 : INFO : EventManager : Event: ======'machine_var_audits_missing_switches_s_flipper_right_eos'====== Args={'value': 290, 'prev_value': None, 'change': True}
2025-10-31 15:27:41,941 : INFO : EventManager : Event: ======'machine_var_audits_missing_switches_s_i_iceman_target'====== Args={'value': 6, 'prev_value': None, 'change': True}
2025-10-31 15:27:41,941 : INFO : EventManager : Event: ======'machine_var_audits_missing_switches_s_inlane_left'====== Args={'value': 6, 'prev_value': None, 'change': True}
2025-10-31 15:27:41,941 : INFO : EventManager : Event: ======'machine_var_audits_missing_switches_s_inner_inlane_right'====== Args={'value': 7, 'prev_value': None, 'change': True}
2025-10-31 15:27:41,941 : INFO : EventManager : Event: ======'machine_var_audits_missing_switches_s_jam'====== Args={'value': 229, 'prev_value': None, 'change': True}
2025-10-31 15:27:41,941 : INFO : EventManager : Event: ======'machine_var_audits_missing_switches_s_k_lock_target'====== Args={'value': 227, 'prev_value': None, 'change': True}
2025-10-31 15:27:41,941 : INFO : EventManager : Event: ======'machine_var_audits_missing_switches_s_l_lock_target'====== Args={'value': 227, 'prev_value': None, 'change': True}
2025-10-31 15:27:41,941 : INFO : EventManager : Event: ======'machine_var_audits_missing_switches_s_lane_left'====== Args={'value': 38, 'prev_value': None, 'change': True}
2025-10-31 15:27:41,941 : INFO : EventManager : Event: ======'machine_var_audits_missing_switches_s_lock_goose'====== Args={'value': 292, 'prev_value': None, 'change': True}
2025-10-31 15:27:41,941 : INFO : EventManager : Event: ======'machine_var_audits_missing_switches_s_lock_mav'====== Args={'value': 292, 'prev_value': None, 'change': True}
2025-10-31 15:27:41,941 : INFO : EventManager : Event: ======'machine_var_audits_missing_switches_s_lock_plunger'====== Args={'value': 126, 'prev_value': None, 'change': True}
2025-10-31 15:27:41,941 : INFO : EventManager : Event: ======'machine_var_audits_missing_switches_s_m_iceman_target'====== Args={'value': 6, 'prev_value': None, 'change': True}
2025-10-31 15:27:41,941 : INFO : EventManager : Event: ======'machine_var_audits_missing_switches_s_mig_lane_left'====== Args={'value': 1, 'prev_value': None, 'change': True}
2025-10-31 15:27:41,941 : INFO : EventManager : Event: ======'machine_var_audits_missing_switches_s_mig_lane_right'====== Args={'value': 1, 'prev_value': None, 'change': True}
2025-10-31 15:27:41,941 : INFO : EventManager : Event: ======'machine_var_audits_missing_switches_s_mode_start'====== Args={'value': 292, 'prev_value': None, 'change': True}
2025-10-31 15:27:41,941 : INFO : EventManager : Event: ======'machine_var_audits_missing_switches_s_n_iceman_target'====== Args={'value': 1, 'prev_value': None, 'change': True}
2025-10-31 15:27:41,941 : INFO : EventManager : Event: ======'machine_var_audits_missing_switches_s_o_lock_target'====== Args={'value': 227, 'prev_value': None, 'change': True}
2025-10-31 15:27:41,941 : INFO : EventManager : Event: ======'machine_var_audits_missing_switches_s_orbit_left'====== Args={'value': 38, 'prev_value': None, 'change': True}
2025-10-31 15:27:41,941 : INFO : EventManager : Event: ======'machine_var_audits_missing_switches_s_orbit_lower'====== Args={'value': 127, 'prev_value': None, 'change': True}
2025-10-31 15:27:41,941 : INFO : EventManager : Event: ======'machine_var_audits_missing_switches_s_orbit_right'====== Args={'value': 127, 'prev_value': None, 'change': True}
2025-10-31 15:27:41,941 : INFO : EventManager : Event: ======'machine_var_audits_missing_switches_s_outer_inlane_right'====== Args={'value': 7, 'prev_value': None, 'change': True}
2025-10-31 15:27:41,941 : INFO : EventManager : Event: ======'machine_var_audits_missing_switches_s_outlane_left'====== Args={'value': 6, 'prev_value': None, 'change': True}
2025-10-31 15:27:41,941 : INFO : EventManager : Event: ======'machine_var_audits_missing_switches_s_outlane_right'====== Args={'value': 14, 'prev_value': None, 'change': True}
2025-10-31 15:27:41,941 : INFO : EventManager : Event: ======'machine_var_audits_missing_switches_s_plunger_lane'====== Args={'value': 10, 'prev_value': None, 'change': True}
2025-10-31 15:27:41,941 : INFO : EventManager : Event: ======'machine_var_audits_missing_switches_s_ramp_left_exit'====== Args={'value': 292, 'prev_value': None, 'change': True}
2025-10-31 15:27:41,941 : INFO : EventManager : Event: ======'machine_var_audits_missing_switches_s_ramp_right_exit'====== Args={'value': 84, 'prev_value': None, 'change': True}
2025-10-31 15:27:41,941 : INFO : EventManager : Event: ======'machine_var_audits_missing_switches_s_ramp_tower_exit'====== Args={'value': 84, 'prev_value': None, 'change': True}
2025-10-31 15:27:41,942 : INFO : EventManager : Event: ======'machine_var_audits_missing_switches_s_slingshot_left'====== Args={'value': 227, 'prev_value': None, 'change': True}
2025-10-31 15:27:41,942 : INFO : EventManager : Event: ======'machine_var_audits_missing_switches_s_slingshot_right'====== Args={'value': 227, 'prev_value': None, 'change': True}
2025-10-31 15:27:41,942 : INFO : EventManager : Event: ======'machine_var_audits_missing_switches_s_tilt'====== Args={'value': 230, 'prev_value': None, 'change': True}
2025-10-31 15:27:41,942 : INFO : EventManager : Event: ======'machine_var_audits_missing_switches_s_trough_1'====== Args={'value': 268, 'prev_value': None, 'change': True}
2025-10-31 15:27:41,942 : INFO : EventManager : Event: ======'machine_var_audits_missing_switches_s_trough_2'====== Args={'value': 268, 'prev_value': None, 'change': True}
2025-10-31 15:27:41,942 : INFO : EventManager : Event: ======'machine_var_audits_missing_switches_s_trough_3'====== Args={'value': 268, 'prev_value': None, 'change': True}
2025-10-31 15:27:41,942 : INFO : EventManager : Event: ======'machine_var_audits_missing_switches_s_trough_4'====== Args={'value': 343, 'prev_value': None, 'change': True}
2025-10-31 15:27:41,942 : INFO : EventManager : Event: ======'machine_var_audits_missing_switches_s_trough_5'====== Args={'value': 343, 'prev_value': None, 'change': True}
2025-10-31 15:27:41,942 : INFO : EventManager : Event: ======'machine_var_audits_player_score'====== Args={'value': {'average': 787666, 'top': [2229000, 73000, 61000], 'total': 3}, 'prev_value': None, 'change': True}
2025-10-31 15:27:41,942 : INFO : EventManager : Event: ======'machine_var_audits_shots_bumper_center'====== Args={'value': 528, 'prev_value': None, 'change': True}
2025-10-31 15:27:41,942 : INFO : EventManager : Event: ======'machine_var_audits_shots_bumper_left'====== Args={'value': 624, 'prev_value': None, 'change': True}
2025-10-31 15:27:41,942 : INFO : EventManager : Event: ======'machine_var_audits_shots_bumper_right'====== Args={'value': 399, 'prev_value': None, 'change': True}
2025-10-31 15:27:41,942 : INFO : EventManager : Event: ======'machine_var_audits_shots_mach_ramp'====== Args={'value': 370, 'prev_value': None, 'change': True}
2025-10-31 15:27:41,942 : INFO : EventManager : Event: ======'machine_var_audits_shots_mig_lane_left'====== Args={'value': 102, 'prev_value': None, 'change': True}
2025-10-31 15:27:41,942 : INFO : EventManager : Event: ======'machine_var_audits_shots_mig_lane_right'====== Args={'value': 16, 'prev_value': None, 'change': True}
2025-10-31 15:27:41,942 : INFO : EventManager : Event: ======'machine_var_audits_shots_orbit_upper'====== Args={'value': 14, 'prev_value': None, 'change': True}
2025-10-31 15:27:41,942 : INFO : EventManager : Event: ======'machine_var_audits_shots_ramp_inner'====== Args={'value': 43, 'prev_value': None, 'change': True}
2025-10-31 15:27:41,942 : INFO : EventManager : Event: ======'machine_var_audits_shots_spinner'====== Args={'value': 6, 'prev_value': None, 'change': True}
2025-10-31 15:27:41,942 : INFO : EventManager : Event: ======'machine_var_audits_switches_s_a_iceman_target'====== Args={'value': 44, 'prev_value': None, 'change': True}
2025-10-31 15:27:41,942 : INFO : EventManager : Event: ======'machine_var_audits_switches_s_barrier_target'====== Args={'value': 9, 'prev_value': None, 'change': True}
2025-10-31 15:27:41,942 : INFO : EventManager : Event: ======'machine_var_audits_switches_s_bumper_center'====== Args={'value': 548, 'prev_value': None, 'change': True}
2025-10-31 15:27:41,942 : INFO : EventManager : Event: ======'machine_var_audits_switches_s_bumper_left'====== Args={'value': 655, 'prev_value': None, 'change': True}
2025-10-31 15:27:41,944 : INFO : EventManager : Event: ======'machine_var_audits_switches_s_bumper_right'====== Args={'value': 405, 'prev_value': None, 'change': True}
2025-10-31 15:27:41,944 : INFO : EventManager : Event: ======'machine_var_audits_switches_s_c_iceman_target'====== Args={'value': 54, 'prev_value': None, 'change': True}
2025-10-31 15:27:41,944 : INFO : EventManager : Event: ======'machine_var_audits_switches_s_c_lock_target'====== Args={'value': 5, 'prev_value': None, 'change': True}
2025-10-31 15:27:41,944 : INFO : EventManager : Event: ======'machine_var_audits_switches_s_coin_door'====== Args={'value': 0, 'prev_value': None, 'change': True}
2025-10-31 15:27:41,944 : INFO : EventManager : Event: ======'machine_var_audits_switches_s_coin_door_credit_left'====== Args={'value': 0, 'prev_value': None, 'change': True}
2025-10-31 15:27:41,944 : INFO : EventManager : Event: ======'machine_var_audits_switches_s_coin_door_credit_right'====== Args={'value': 0, 'prev_value': None, 'change': True}
2025-10-31 15:27:41,944 : INFO : EventManager : Event: ======'machine_var_audits_switches_s_coin_door_service_1'====== Args={'value': 0, 'prev_value': None, 'change': True}
2025-10-31 15:27:41,944 : INFO : EventManager : Event: ======'machine_var_audits_switches_s_coin_door_service_2'====== Args={'value': 0, 'prev_value': None, 'change': True}
2025-10-31 15:27:41,944 : INFO : EventManager : Event: ======'machine_var_audits_switches_s_coin_door_service_3'====== Args={'value': 0, 'prev_value': None, 'change': True}
2025-10-31 15:27:41,944 : INFO : EventManager : Event: ======'machine_var_audits_switches_s_coin_door_service_4'====== Args={'value': 0, 'prev_value': None, 'change': True}
2025-10-31 15:27:41,944 : INFO : EventManager : Event: ======'machine_var_audits_switches_s_e_iceman_target'====== Args={'value': 72, 'prev_value': None, 'change': True}
2025-10-31 15:27:41,944 : INFO : EventManager : Event: ======'machine_var_audits_switches_s_flight_gear_target'====== Args={'value': 59, 'prev_value': None, 'change': True}
2025-10-31 15:27:41,944 : INFO : EventManager : Event: ======'machine_var_audits_switches_s_flipper_left'====== Args={'value': 66, 'prev_value': None, 'change': True}
2025-10-31 15:27:41,944 : INFO : EventManager : Event: ======'machine_var_audits_switches_s_flipper_left_eos'====== Args={'value': 0, 'prev_value': None, 'change': True}
2025-10-31 15:27:41,944 : INFO : EventManager : Event: ======'machine_var_audits_switches_s_flipper_left_upper'====== Args={'value': 0, 'prev_value': None, 'change': True}
2025-10-31 15:27:41,944 : INFO : EventManager : Event: ======'machine_var_audits_switches_s_flipper_left_upper_eos'====== Args={'value': 0, 'prev_value': None, 'change': True}
2025-10-31 15:27:41,944 : INFO : EventManager : Event: ======'machine_var_audits_switches_s_flipper_right'====== Args={'value': 91, 'prev_value': None, 'change': True}
2025-10-31 15:27:41,944 : INFO : EventManager : Event: ======'machine_var_audits_switches_s_flipper_right_eos'====== Args={'value': 0, 'prev_value': None, 'change': True}
2025-10-31 15:27:41,944 : INFO : EventManager : Event: ======'machine_var_audits_switches_s_i_iceman_target'====== Args={'value': 24, 'prev_value': None, 'change': True}
2025-10-31 15:27:41,944 : INFO : EventManager : Event: ======'machine_var_audits_switches_s_inlane_left'====== Args={'value': 89, 'prev_value': None, 'change': True}
2025-10-31 15:27:41,944 : INFO : EventManager : Event: ======'machine_var_audits_switches_s_inner_inlane_right'====== Args={'value': 49, 'prev_value': None, 'change': True}
2025-10-31 15:27:41,944 : INFO : EventManager : Event: ======'machine_var_audits_switches_s_jam'====== Args={'value': 1, 'prev_value': None, 'change': True}
2025-10-31 15:27:41,945 : INFO : EventManager : Event: ======'machine_var_audits_switches_s_k_lock_target'====== Args={'value': 5, 'prev_value': None, 'change': True}
2025-10-31 15:27:41,945 : INFO : EventManager : Event: ======'machine_var_audits_switches_s_l_lock_target'====== Args={'value': 5, 'prev_value': None, 'change': True}
2025-10-31 15:27:41,945 : INFO : EventManager : Event: ======'machine_var_audits_switches_s_lane_left'====== Args={'value': 255, 'prev_value': None, 'change': True}
2025-10-31 15:27:41,945 : INFO : EventManager : Event: ======'machine_var_audits_switches_s_lane_right'====== Args={'value': 213, 'prev_value': None, 'change': True}
2025-10-31 15:27:41,945 : INFO : EventManager : Event: ======'machine_var_audits_switches_s_lock_goose'====== Args={'value': 0, 'prev_value': None, 'change': True}
2025-10-31 15:27:41,945 : INFO : EventManager : Event: ======'machine_var_audits_switches_s_lock_mav'====== Args={'value': 0, 'prev_value': None, 'change': True}
2025-10-31 15:27:41,945 : INFO : EventManager : Event: ======'machine_var_audits_switches_s_lock_plunger'====== Args={'value': 3, 'prev_value': None, 'change': True}
2025-10-31 15:27:41,945 : INFO : EventManager : Event: ======'machine_var_audits_switches_s_m_iceman_target'====== Args={'value': 48, 'prev_value': None, 'change': True}
2025-10-31 15:27:41,945 : INFO : EventManager : Event: ======'machine_var_audits_switches_s_mig_lane_left'====== Args={'value': 164, 'prev_value': None, 'change': True}
2025-10-31 15:27:41,945 : INFO : EventManager : Event: ======'machine_var_audits_switches_s_mig_lane_right'====== Args={'value': 41, 'prev_value': None, 'change': True}
2025-10-31 15:27:41,945 : INFO : EventManager : Event: ======'machine_var_audits_switches_s_mode_start'====== Args={'value': 0, 'prev_value': None, 'change': True}
2025-10-31 15:27:41,945 : INFO : EventManager : Event: ======'machine_var_audits_switches_s_n_iceman_target'====== Args={'value': 117, 'prev_value': None, 'change': True}
2025-10-31 15:27:41,945 : INFO : EventManager : Event: ======'machine_var_audits_switches_s_o_lock_target'====== Args={'value': 5, 'prev_value': None, 'change': True}
2025-10-31 15:27:41,945 : INFO : EventManager : Event: ======'machine_var_audits_switches_s_orbit_left'====== Args={'value': 59, 'prev_value': None, 'change': True}
2025-10-31 15:27:41,945 : INFO : EventManager : Event: ======'machine_var_audits_switches_s_orbit_lower'====== Args={'value': 2, 'prev_value': None, 'change': True}
2025-10-31 15:27:41,945 : INFO : EventManager : Event: ======'machine_var_audits_switches_s_orbit_right'====== Args={'value': 15, 'prev_value': None, 'change': True}
2025-10-31 15:27:41,945 : INFO : EventManager : Event: ======'machine_var_audits_switches_s_orbit_upper'====== Args={'value': 18, 'prev_value': None, 'change': True}
2025-10-31 15:27:41,945 : INFO : EventManager : Event: ======'machine_var_audits_switches_s_outer_inlane_right'====== Args={'value': 34, 'prev_value': None, 'change': True}
2025-10-31 15:27:41,945 : INFO : EventManager : Event: ======'machine_var_audits_switches_s_outlane_left'====== Args={'value': 35, 'prev_value': None, 'change': True}
2025-10-31 15:27:41,945 : INFO : EventManager : Event: ======'machine_var_audits_switches_s_outlane_right'====== Args={'value': 38, 'prev_value': None, 'change': True}
2025-10-31 15:27:41,945 : INFO : EventManager : Event: ======'machine_var_audits_switches_s_plunger_lane'====== Args={'value': 46, 'prev_value': None, 'change': True}
2025-10-31 15:27:41,945 : INFO : EventManager : Event: ======'machine_var_audits_switches_s_ramp_inner_exit'====== Args={'value': 416, 'prev_value': None, 'change': True}
2025-10-31 15:27:41,946 : INFO : EventManager : Event: ======'machine_var_audits_switches_s_ramp_left_exit'====== Args={'value': 0, 'prev_value': None, 'change': True}
2025-10-31 15:27:41,946 : INFO : EventManager : Event: ======'machine_var_audits_switches_s_ramp_right_exit'====== Args={'value': 7, 'prev_value': None, 'change': True}
2025-10-31 15:27:41,946 : INFO : EventManager : Event: ======'machine_var_audits_switches_s_ramp_tower_exit'====== Args={'value': 6, 'prev_value': None, 'change': True}
2025-10-31 15:27:41,946 : INFO : EventManager : Event: ======'machine_var_audits_switches_s_shooter_lane'====== Args={'value': 306, 'prev_value': None, 'change': True}
2025-10-31 15:27:41,946 : INFO : EventManager : Event: ======'machine_var_audits_switches_s_slingshot_left'====== Args={'value': 8, 'prev_value': None, 'change': True}
2025-10-31 15:27:41,946 : INFO : EventManager : Event: ======'machine_var_audits_switches_s_slingshot_right'====== Args={'value': 7, 'prev_value': None, 'change': True}
2025-10-31 15:27:41,946 : INFO : EventManager : Event: ======'machine_var_audits_switches_s_spinner'====== Args={'value': 120, 'prev_value': None, 'change': True}
2025-10-31 15:27:41,946 : INFO : EventManager : Event: ======'machine_var_audits_switches_s_start'====== Args={'value': 167, 'prev_value': None, 'change': True}
2025-10-31 15:27:41,946 : INFO : EventManager : Event: ======'machine_var_audits_switches_s_tilt'====== Args={'value': 0, 'prev_value': None, 'change': True}
2025-10-31 15:27:41,946 : INFO : EventManager : Event: ======'machine_var_audits_switches_s_trough_1'====== Args={'value': 2, 'prev_value': None, 'change': True}
2025-10-31 15:27:41,946 : INFO : EventManager : Event: ======'machine_var_audits_switches_s_trough_2'====== Args={'value': 1, 'prev_value': None, 'change': True}
2025-10-31 15:27:41,946 : INFO : EventManager : Event: ======'machine_var_audits_switches_s_trough_3'====== Args={'value': 1, 'prev_value': None, 'change': True}
2025-10-31 15:27:41,946 : INFO : EventManager : Event: ======'machine_var_audits_switches_s_trough_4'====== Args={'value': 0, 'prev_value': None, 'change': True}
2025-10-31 15:27:41,946 : INFO : EventManager : Event: ======'machine_var_audits_switches_s_trough_5'====== Args={'value': 0, 'prev_value': None, 'change': True}
2025-10-31 15:27:41,946 : INFO : EventManager : Event: ======'machine_var_audits_switches_s_trough_6'====== Args={'value': 176, 'prev_value': None, 'change': True}
2025-10-31 15:27:41,946 : INFO : EventManager : Event: ======'init_phase_5'====== Args={}
2025-10-31 15:27:41,947 : INFO : EventManager : Event: ======'init_done'====== Args={}
2025-10-31 15:27:41,947 : INFO : EventManager : Event: ======'machine_reset_phase_1'====== Args={}
2025-10-31 15:27:41,959 : INFO : EventManager : Event: ======'machine_reset_phase_2'====== Args={}
2025-10-31 15:27:41,959 : INFO : EventManager : Event: ======'machine_reset_phase_3'====== Args={}
2025-10-31 15:27:41,959 : INFO : EventManager : Event: ======'reset_complete'====== Args={}
2025-10-31 15:27:41,959 : INFO : EventManager : Event: ======'mode_attract_will_start'====== Args={}
2025-10-31 15:27:41,960 : INFO : Timer.attract_carousel_timer : Starting Timer.
2025-10-31 15:27:41,960 : INFO : EventManager : Event: ======'timer_attract_carousel_timer_started'====== Args={'ticks': 0, 'ticks_remaining': 1}
2025-10-31 15:27:41,960 : INFO : EventManager : Event: ======'timer_attract_carousel_timer_tick'====== Args={'ticks': 0, 'ticks_remaining': 1}
2025-10-31 15:27:41,961 : INFO : EventManager : Event: ======'mode_attract_starting'====== Args={}
2025-10-31 15:27:41,961 : INFO : Mode.attract : Started. Priority: 10
2025-10-31 15:27:41,961 : INFO : EventManager : Event: ======'modes_active_modes_changed'====== Args={}
2025-10-31 15:27:41,961 : INFO : EventManager : Event: ======'mode_attract_started'====== Args={}
2025-10-31 15:27:41,961 : INFO : EventManager : Event: ======'attract_cycle_step1'====== Args={'priority': 0}
2025-10-31 15:27:41,962 : INFO : EventManager : Event: ======'collecting_balls_complete'====== Args={}
2025-10-31 15:27:41,962 : INFO : EventManager : Event: ======'item_highlighted'====== Args={'carousel': 'attract', 'direction': None, 'item': 'title'}
2025-10-31 15:27:41,962 : INFO : EventManager : Event: ======'timer_attract_carousel_timer_tick'====== Args={'ticks': 0, 'ticks_remaining': 1}
2025-10-31 15:27:41,963 : INFO : Machine : Starting the main run loop with active modes: [<Mode.attract>]
2025-10-31 15:27:42,039 : INFO : EventManager : Event: ======'slide_attract_created'====== Args={'_from_bcp': True}
2025-10-31 15:27:42,039 : INFO : EventManager : Event: ======'slide__removed'====== Args={'_from_bcp': True}
2025-10-31 15:27:42,040 : INFO : EventManager : Event: ======'slide_attract_active'====== Args={'original_context': 'attract', 'original_calling_context': 'mode_attract_started', 'priority': 10.0, 'cmd': 'slides_play', '_from_bcp': True}
2025-10-31 15:27:42,156 : INFO : BcpServer : New client connected.
2025-10-31 15:27:44,091 : INFO : SwitchController : <<<<<<< 's_start' active >>>>>>>
2025-10-31 15:27:44,216 : INFO : SwitchController : <<<<<<< 's_start' inactive >>>>>>>
2025-10-31 15:27:44,216 : INFO : EventManager : Event: ======'request_to_start_game'====== Args={}
2025-10-31 15:27:44,218 : INFO : EventManager : Event: ======'game_start'====== Args={'buttons': [], 'hold_time': 0.125}
2025-10-31 15:27:44,218 : INFO : EventManager : Event: ======'mode_game_will_start'====== Args={'buttons': [], 'hold_time': 0.125}
2025-10-31 15:27:44,219 : INFO : EventManager : Event: ======'mode_game_starting'====== Args={'buttons': [], 'hold_time': 0.125}
2025-10-31 15:27:44,220 : INFO : EventManager : Event: ======'mode_attract_will_stop'====== Args={}
2025-10-31 15:27:44,220 : INFO : EventManager : Event: ======'mode_attract_stopping'====== Args={}
2025-10-31 15:27:44,220 : INFO : Mode.game : Started. Priority: 20
2025-10-31 15:27:44,220 : INFO : EventManager : Event: ======'modes_active_modes_changed'====== Args={}
2025-10-31 15:27:44,221 : INFO : EventManager : Event: ======'mode_game_started'====== Args={'buttons': [], 'hold_time': 0.125}
2025-10-31 15:27:44,222 : INFO : Mode.attract : Stopped.
2025-10-31 15:27:44,222 : INFO : EventManager : Event: ======'modes_active_modes_changed'====== Args={}
2025-10-31 15:27:44,222 : INFO : EventManager : Event: ======'mode_attract_stopped'====== Args={}
2025-10-31 15:27:44,222 : INFO : EventManager : Event: ======'clear'====== Args={'key': 'attract'}
2025-10-31 15:27:44,222 : INFO : Timer.attract_carousel_timer : Stopping Timer
2025-10-31 15:27:44,223 : INFO : EventManager : Event: ======'timer_attract_carousel_timer_stopped'====== Args={'ticks': 0, 'ticks_remaining': 1}
2025-10-31 15:27:44,223 : INFO : EventManager : Event: ======'game_will_start'====== Args={}
2025-10-31 15:27:44,223 : INFO : EventManager : Event: ======'game_starting'====== Args={'game': <Mode.game>}
2025-10-31 15:27:44,224 : INFO : EventManager : Unordered handler for class <Auditor> on event game_ended with priority 1. Handlers: [RegisteredHandler(callback=<bound method Auditor.disable of <Auditor>>, priority=1, kwargs={}, key=UUID('79728c66-76a9-48fb-be4b-c809f8d72f15'), condition=None, blocking_facility=None), RegisteredHandler(callback=<bound method Auditor._save_audits of <Auditor>>, priority=1, kwargs={}, key=UUID('7220b53b-b34c-4b01-ba4b-43f3d743e242'), condition=None, blocking_facility=None)]. The order of those handlers is not defined and they will be executed in random order. This might lead to race conditions and potential bugs.
2025-10-31 15:27:44,224 : INFO : EventManager : Event: ======'player_add_request'====== Args={}
2025-10-31 15:27:44,225 : INFO : EventManager : Event: ======'player_will_add'====== Args={'number': 1}
2025-10-31 15:27:44,225 : INFO : EventManager : Event: ======'player_adding'====== Args={'player': <Player 1>, 'number': 1}
2025-10-31 15:27:44,225 : INFO : EventManager : Event: ======'player_added'====== Args={'player': <Player 1>, 'num': 1}
2025-10-31 15:27:44,225 : INFO : Mode.game : Player added successfully. Total players: 1
2025-10-31 15:27:44,225 : INFO : EventManager : Event: ======'player_index'====== Args={'value': 0, 'prev_value': 0, 'change': 0, 'player_num': 1}
2025-10-31 15:27:44,226 : INFO : EventManager : Event: ======'player_number'====== Args={'value': 1, 'prev_value': 1, 'change': 0, 'player_num': 1}
2025-10-31 15:27:44,226 : INFO : EventManager : Event: ======'player_mach_level'====== Args={'value': 1.0, 'prev_value': 1.0, 'change': 0, 'player_num': 1}
2025-10-31 15:27:44,226 : INFO : EventManager : Event: ======'player_mach_step'====== Args={'value': 0, 'prev_value': 0, 'change': 0, 'player_num': 1}
2025-10-31 15:27:44,226 : INFO : EventManager : Event: ======'player_score'====== Args={'value': 0, 'prev_value': 0, 'change': 0, 'player_num': 1}
2025-10-31 15:27:44,226 : INFO : EventManager : Event: ======'game_started'====== Args={}
2025-10-31 15:27:44,227 : INFO : EventManager : Event: ======'player_turn_will_start'====== Args={'player': <Player 1>, 'number': 1}
2025-10-31 15:27:44,228 : INFO : EventManager : Event: ======'player_turn_starting'====== Args={'player': <Player 1>, 'number': 1}
2025-10-31 15:27:44,237 : INFO : EventManager : Event: ======'player_ball'====== Args={'value': 1, 'prev_value': 0, 'change': 1, 'player_num': 1}
2025-10-31 15:27:44,238 : INFO : EventManager : Event: ======'player_turn_started'====== Args={'player': <Player 1>, 'number': 1}
2025-10-31 15:27:44,239 : INFO : EventManager : Event: ======'ui_player_1_up'====== Args={'priority': 0}
2025-10-31 15:27:44,240 : INFO : EventManager : Event: ======'ball_will_start'====== Args={'player': 1, 'ball': 1, 'balls_remaining': 2, 'is_extra_ball': False}
2025-10-31 15:27:44,240 : INFO : EventManager : Event: ======'ball_starting'====== Args={'player': 1, 'ball': 1, 'balls_remaining': 2, 'is_extra_ball': False}
2025-10-31 15:27:44,241 : INFO : EventManager : Event: ======'mode_base_will_start'====== Args={'queue': <QueuedEvent>, 'player': 1, 'ball': 1, 'balls_remaining': 2, 'is_extra_ball': False}
2025-10-31 15:27:44,243 : INFO : EventManager : Event: ======'mode_base_starting'====== Args={'queue': <QueuedEvent>, 'player': 1, 'ball': 1, 'balls_remaining': 2, 'is_extra_ball': False}
2025-10-31 15:27:44,244 : INFO : Mode.base : Started. Priority: 100
2025-10-31 15:27:44,244 : INFO : EventManager : Event: ======'modes_active_modes_changed'====== Args={}
2025-10-31 15:27:44,244 : INFO : EventManager : Event: ======'mode_base_started'====== Args={'queue': <QueuedEvent>, 'player': 1, 'ball': 1, 'balls_remaining': 2, 'is_extra_ball': False}
2025-10-31 15:27:44,244 : INFO : EventManager : Event: ======'mode_mach_scoring_will_start'====== Args={'queue': <QueuedEvent>, 'player': 1, 'ball': 1, 'balls_remaining': 2, 'is_extra_ball': False}
2025-10-31 15:27:44,244 : INFO : EventManager : Event: ======'player_shot_mach_ramp_enabled'====== Args={'value': True, 'prev_value': 0, 'change': 1, 'player_num': 1}
2025-10-31 15:27:44,245 : INFO : EventManager : Event: ======'player_mach_scoring_mach_qualify_timer_tick'====== Args={'value': 10, 'prev_value': 0, 'change': 10, 'player_num': 1}
2025-10-31 15:27:44,245 : INFO : EventManager : Event: ======'player_mach_scoring_mach_timer_tick'====== Args={'value': 20, 'prev_value': 0, 'change': 20, 'player_num': 1}
2025-10-31 15:27:44,250 : INFO : EventManager : Event: ======'mode_mach_scoring_starting'====== Args={'queue': <QueuedEvent>, 'player': 1, 'ball': 1, 'balls_remaining': 2, 'is_extra_ball': False}
2025-10-31 15:27:44,250 : INFO : EventManager : Event: ======'mode_goose_letters_will_start'====== Args={'queue': <QueuedEvent>, 'player': 1, 'ball': 1, 'balls_remaining': 2, 'is_extra_ball': False}
2025-10-31 15:27:44,250 : INFO : EventManager : Event: ======'player_goose_letters_goose_reset_tick'====== Args={'value': 0, 'prev_value': 0, 'change': 0, 'player_num': 1}
2025-10-31 15:27:44,253 : INFO : EventManager : Event: ======'mode_goose_letters_starting'====== Args={'queue': <QueuedEvent>, 'player': 1, 'ball': 1, 'balls_remaining': 2, 'is_extra_ball': False}
2025-10-31 15:27:44,253 : INFO : EventManager : Event: ======'mode_mig_letters_will_start'====== Args={'queue': <QueuedEvent>, 'player': 1, 'ball': 1, 'balls_remaining': 2, 'is_extra_ball': False}
2025-10-31 15:27:44,253 : INFO : EventManager : Event: ======'player_mig_letters_mig_reset_tick'====== Args={'value': 0, 'prev_value': 0, 'change': 0, 'player_num': 1}
2025-10-31 15:27:44,255 : INFO : EventManager : Event: ======'mode_mig_letters_starting'====== Args={'queue': <QueuedEvent>, 'player': 1, 'ball': 1, 'balls_remaining': 2, 'is_extra_ball': False}
2025-10-31 15:27:44,255 : INFO : EventManager : Event: ======'mode_iceman_letters_will_start'====== Args={'queue': <QueuedEvent>, 'player': 1, 'ball': 1, 'balls_remaining': 2, 'is_extra_ball': False}
2025-10-31 15:27:44,256 : INFO : EventManager : Event: ======'player_iceman_letters_iceman_reset_tick'====== Args={'value': 0, 'prev_value': 0, 'change': 0, 'player_num': 1}
2025-10-31 15:27:44,263 : INFO : EventManager : Unordered handler for class ConfigPlayer.variable_player/variables on event player_added with priority 200. Handlers: [RegisteredHandler(callback=<bound method ConfigPlayer.config_play_callback of ConfigPlayer.variable_player/variables>, priority=200, kwargs={'calling_context': 'player_added', 'mode': <Mode.mig_letters>, 'settings': {'mig_letter_m': {'action': 'set', 'int': <NativeTemplate 0>, 'priority': 0, 'float': None, 'string': None, 'block': False, 'player': None, 'condition': None}, 'mig_letter_i': {'action': 'set', 'int': <NativeTemplate 0>, 'priority': 0, 'float': None, 'string': None, 'block': False, 'player': None, 'condition': None}, 'mig_letter_g': {'action': 'set', 'int': <NativeTemplate 0>, 'priority': 0, 'float': None, 'string': None, 'block': False, 'player': None, 'condition': None}, 'bonus_multiplier': {'action': 'set', 'int': <NativeTemplate 1>, 'priority': 0, 'float': None, 'string': None, 'block': False, 'player': None, 'condition': None}, 'mig_completing': {'action': 'set', 'int': <NativeTemplate 0>, 'priority': 0, 'float': None, 'string': None, 'block': False, 'player': None, 'condition': None}}}, key=UUID('e93b930e-cf55-41f5-9a44-c8fbf6afc322'), condition=None, blocking_facility=None), RegisteredHandler(callback=<bound method ConfigPlayer.config_play_callback of ConfigPlayer.variable_player/variables>, priority=200, kwargs={'calling_context': 'player_added', 'mode': <Mode.iceman_letters>, 'settings': {'iceman_letter_i': {'action': 'set', 'int': <NativeTemplate 0>, 'priority': 0, 'float': None, 'string': None, 'block': False, 'player': None, 'condition': None}, 'iceman_letter_c': {'action': 'set', 'int': <NativeTemplate 0>, 'priority': 0, 'float': None, 'string': None, 'block': False, 'player': None, 'condition': None}, 'iceman_letter_e': {'action': 'set', 'int': <NativeTemplate 0>, 'priority': 0, 'float': None, 'string': None, 'block': False, 'player': None, 'condition': None}, 'iceman_letter_m': {'action': 'set', 'int': <NativeTemplate 0>, 'priority': 0, 'float': None, 'string': None, 'block': False, 'player': None, 'condition': None}, 'iceman_letter_a': {'action': 'set', 'int': <NativeTemplate 0>, 'priority': 0, 'float': None, 'string': None, 'block': False, 'player': None, 'condition': None}, 'iceman_letter_n': {'action': 'set', 'int': <NativeTemplate 0>, 'priority': 0, 'float': None, 'string': None, 'block': False, 'player': None, 'condition': None}, 'iceman_completing': {'action': 'set', 'int': <NativeTemplate 0>, 'priority': 0, 'float': None, 'string': None, 'block': False, 'player': None, 'condition': None}, 'training_mission_qualified': {'action': 'set', 'int': <NativeTemplate 0>, 'priority': 0, 'float': None, 'string': None, 'block': False, 'player': None, 'condition': None}, 'training_inverted_complete': {'action': 'set', 'int': <NativeTemplate 0>, 'priority': 0, 'float': None, 'string': None, 'block': False, 'player': None, 'condition': None}, 'training_missles_complete': {'action': 'set', 'int': <NativeTemplate 0>, 'priority': 0, 'float': None, 'string': None, 'block': False, 'player': None, 'condition': None}, 'training_afterburner_complete': {'action': 'set', 'int': <NativeTemplate 0>, 'priority': 0, 'float': None, 'string': None, 'block': False, 'player': None, 'condition': None}, 'training_wingman_complete': {'action': 'set', 'int': <NativeTemplate 0>, 'priority': 0, 'float': None, 'string': None, 'block': False, 'player': None, 'condition': None}, 'training_dogfight_complete': {'action': 'set', 'int': <NativeTemplate 0>, 'priority': 0, 'float': None, 'string': None, 'block': False, 'player': None, 'condition': None}}}, key=UUID('58e63efc-9310-41fd-849a-4bbdbf1b58c2'), condition=None, blocking_facility=None)]. The order of those handlers is not defined and they will be executed in random order. This might lead to race conditions and potential bugs.
2025-10-31 15:27:44,264 : INFO : EventManager : Event: ======'mode_iceman_letters_starting'====== Args={'queue': <QueuedEvent>, 'player': 1, 'ball': 1, 'balls_remaining': 2, 'is_extra_ball': False}
2025-10-31 15:27:44,265 : INFO : EventManager : Event: ======'mode_pilot_mission_qualifier_will_start'====== Args={'queue': <QueuedEvent>, 'player': 1, 'ball': 1, 'balls_remaining': 2, 'is_extra_ball': False}
2025-10-31 15:27:44,295 : INFO : EventManager : Unordered handler for class ConfigPlayer.variable_player/variables on event player_added with priority 200. Handlers: [RegisteredHandler(callback=<bound method ConfigPlayer.config_play_callback of ConfigPlayer.variable_player/variables>, priority=200, kwargs={'calling_context': 'player_added', 'mode': <Mode.mig_letters>, 'settings': {'mig_letter_m': {'action': 'set', 'int': <NativeTemplate 0>, 'priority': 0, 'float': None, 'string': None, 'block': False, 'player': None, 'condition': None}, 'mig_letter_i': {'action': 'set', 'int': <NativeTemplate 0>, 'priority': 0, 'float': None, 'string': None, 'block': False, 'player': None, 'condition': None}, 'mig_letter_g': {'action': 'set', 'int': <NativeTemplate 0>, 'priority': 0, 'float': None, 'string': None, 'block': False, 'player': None, 'condition': None}, 'bonus_multiplier': {'action': 'set', 'int': <NativeTemplate 1>, 'priority': 0, 'float': None, 'string': None, 'block': False, 'player': None, 'condition': None}, 'mig_completing': {'action': 'set', 'int': <NativeTemplate 0>, 'priority': 0, 'float': None, 'string': None, 'block': False, 'player': None, 'condition': None}}}, key=UUID('e93b930e-cf55-41f5-9a44-c8fbf6afc322'), condition=None, blocking_facility=None), RegisteredHandler(callback=<bound method ConfigPlayer.config_play_callback of ConfigPlayer.variable_player/variables>, priority=200, kwargs={'calling_context': 'player_added', 'mode': <Mode.iceman_letters>, 'settings': {'iceman_letter_i': {'action': 'set', 'int': <NativeTemplate 0>, 'priority': 0, 'float': None, 'string': None, 'block': False, 'player': None, 'condition': None}, 'iceman_letter_c': {'action': 'set', 'int': <NativeTemplate 0>, 'priority': 0, 'float': None, 'string': None, 'block': False, 'player': None, 'condition': None}, 'iceman_letter_e': {'action': 'set', 'int': <NativeTemplate 0>, 'priority': 0, 'float': None, 'string': None, 'block': False, 'player': None, 'condition': None}, 'iceman_letter_m': {'action': 'set', 'int': <NativeTemplate 0>, 'priority': 0, 'float': None, 'string': None, 'block': False, 'player': None, 'condition': None}, 'iceman_letter_a': {'action': 'set', 'int': <NativeTemplate 0>, 'priority': 0, 'float': None, 'string': None, 'block': False, 'player': None, 'condition': None}, 'iceman_letter_n': {'action': 'set', 'int': <NativeTemplate 0>, 'priority': 0, 'float': None, 'string': None, 'block': False, 'player': None, 'condition': None}, 'iceman_completing': {'action': 'set', 'int': <NativeTemplate 0>, 'priority': 0, 'float': None, 'string': None, 'block': False, 'player': None, 'condition': None}, 'training_mission_qualified': {'action': 'set', 'int': <NativeTemplate 0>, 'priority': 0, 'float': None, 'string': None, 'block': False, 'player': None, 'condition': None}, 'training_inverted_complete': {'action': 'set', 'int': <NativeTemplate 0>, 'priority': 0, 'float': None, 'string': None, 'block': False, 'player': None, 'condition': None}, 'training_missles_complete': {'action': 'set', 'int': <NativeTemplate 0>, 'priority': 0, 'float': None, 'string': None, 'block': False, 'player': None, 'condition': None}, 'training_afterburner_complete': {'action': 'set', 'int': <NativeTemplate 0>, 'priority': 0, 'float': None, 'string': None, 'block': False, 'player': None, 'condition': None}, 'training_wingman_complete': {'action': 'set', 'int': <NativeTemplate 0>, 'priority': 0, 'float': None, 'string': None, 'block': False, 'player': None, 'condition': None}, 'training_dogfight_complete': {'action': 'set', 'int': <NativeTemplate 0>, 'priority': 0, 'float': None, 'string': None, 'block': False, 'player': None, 'condition': None}}}, key=UUID('58e63efc-9310-41fd-849a-4bbdbf1b58c2'), condition=None, blocking_facility=None), RegisteredHandler(callback=<bound method ConfigPlayer.config_play_callback of ConfigPlayer.variable_player/variables>, priority=200, kwargs={'calling_context': 'player_added', 'mode': <Mode.pilot_mission_qualifier>, 'settings': {'topgun_shots_collected': {'action': 'set', 'int': <NativeTemplate 0>, 'priority': 0, 'float': None, 'string': None, 'block': False, 'player': None, 'condition': None}, 'modes_completed_count': {'action': 'set', 'int': <NativeTemplate 0>, 'priority': 0, 'float': None, 'string': None, 'block': False, 'player': None, 'condition': None}, 'qualified_mode_number': {'action': 'set', 'int': <NativeTemplate 0>, 'priority': 0, 'float': None, 'string': None, 'block': False, 'player': None, 'condition': None}, 'pilot_qualifier_paused': {'action': 'set', 'int': <NativeTemplate 0>, 'priority': 0, 'float': None, 'string': None, 'block': False, 'player': None, 'condition': None}, 'topgun_letter_t': {'action': 'set', 'int': <NativeTemplate 0>, 'priority': 0, 'float': None, 'string': None, 'block': False, 'player': None, 'condition': None}, 'topgun_letter_o': {'action': 'set', 'int': <NativeTemplate 0>, 'priority': 0, 'float': None, 'string': None, 'block': False, 'player': None, 'condition': None}, 'topgun_letter_p': {'action': 'set', 'int': <NativeTemplate 0>, 'priority': 0, 'float': None, 'string': None, 'block': False, 'player': None, 'condition': None}, 'topgun_letter_g': {'action': 'set', 'int': <NativeTemplate 0>, 'priority': 0, 'float': None, 'string': None, 'block': False, 'player': None, 'condition': None}, 'topgun_letter_u': {'action': 'set', 'int': <NativeTemplate 0>, 'priority': 0, 'float': None, 'string': None, 'block': False, 'player': None, 'condition': None}, 'topgun_letter_n': {'action': 'set', 'int': <NativeTemplate 0>, 'priority': 0, 'float': None, 'string': None, 'block': False, 'player': None, 'condition': None}, 'mode_rescue_cougar_complete': {'action': 'set', 'int': <NativeTemplate 0>, 'priority': 0, 'float': None, 'string': None, 'block': False, 'player': None, 'condition': None}, 'mode_balls_of_fire_complete': {'action': 'set', 'int': <NativeTemplate 0>, 'priority': 0, 'float': None, 'string': None, 'block': False, 'player': None, 'condition': None}, 'mode_cool_under_pressure_complete': {'action': 'set', 'int': <NativeTemplate 0>, 'priority': 0, 'float': None, 'string': None, 'block': False, 'player': None, 'condition': None}, 'mode_battle_jester_complete': {'action': 'set', 'int': <NativeTemplate 0>, 'priority': 0, 'float': None, 'string': None, 'block': False, 'player': None, 'condition': None}, 'mode_no_points_for_second_place_complete': {'action': 'set', 'int': <NativeTemplate 0>, 'priority': 0, 'float': None, 'string': None, 'block': False, 'player': None, 'condition': None}, 'mode_edge_of_space_complete': {'action': 'set', 'int': <NativeTemplate 0>, 'priority': 0, 'float': None, 'string': None, 'block': False, 'player': None, 'condition': None}, 'mode_below_the_hard_deck_complete': {'action': 'set', 'int': <NativeTemplate 0>, 'priority': 0, 'float': None, 'string': None, 'block': False, 'player': None, 'condition': None}, 'mode_canyon_run_complete': {'action': 'set', 'int': <NativeTemplate 0>, 'priority': 0, 'float': None, 'string': None, 'block': False, 'player': None, 'condition': None}, 'mode_rise_of_phoenix_complete': {'action': 'set', 'int': <NativeTemplate 0>, 'priority': 0, 'float': None, 'string': None, 'block': False, 'player': None, 'condition': None}, 'mode_no_margin_for_error_complete': {'action': 'set', 'int': <NativeTemplate 0>, 'priority': 0, 'float': None, 'string': None, 'block': False, 'player': None, 'condition': None}}}, key=UUID('f13a232c-c224-4673-aec3-a5472eb1e7aa'), condition=None, blocking_facility=None)]. The order of those handlers is not defined and they will be executed in random order. This might lead to race conditions and potential bugs.
2025-10-31 15:27:44,295 : INFO : EventManager : Unordered handler for class ConfigPlayer.variable_player/variables on event player_added with priority 200. Handlers: [RegisteredHandler(callback=<bound method ConfigPlayer.config_play_callback of ConfigPlayer.variable_player/variables>, priority=200, kwargs={'calling_context': 'player_added', 'mode': <Mode.mig_letters>, 'settings': {'mig_letter_m': {'action': 'set', 'int': <NativeTemplate 0>, 'priority': 0, 'float': None, 'string': None, 'block': False, 'player': None, 'condition': None}, 'mig_letter_i': {'action': 'set', 'int': <NativeTemplate 0>, 'priority': 0, 'float': None, 'string': None, 'block': False, 'player': None, 'condition': None}, 'mig_letter_g': {'action': 'set', 'int': <NativeTemplate 0>, 'priority': 0, 'float': None, 'string': None, 'block': False, 'player': None, 'condition': None}, 'bonus_multiplier': {'action': 'set', 'int': <NativeTemplate 1>, 'priority': 0, 'float': None, 'string': None, 'block': False, 'player': None, 'condition': None}, 'mig_completing': {'action': 'set', 'int': <NativeTemplate 0>, 'priority': 0, 'float': None, 'string': None, 'block': False, 'player': None, 'condition': None}}}, key=UUID('e93b930e-cf55-41f5-9a44-c8fbf6afc322'), condition=None, blocking_facility=None), RegisteredHandler(callback=<bound method ConfigPlayer.config_play_callback of ConfigPlayer.variable_player/variables>, priority=200, kwargs={'calling_context': 'player_added', 'mode': <Mode.iceman_letters>, 'settings': {'iceman_letter_i': {'action': 'set', 'int': <NativeTemplate 0>, 'priority': 0, 'float': None, 'string': None, 'block': False, 'player': None, 'condition': None}, 'iceman_letter_c': {'action': 'set', 'int': <NativeTemplate 0>, 'priority': 0, 'float': None, 'string': None, 'block': False, 'player': None, 'condition': None}, 'iceman_letter_e': {'action': 'set', 'int': <NativeTemplate 0>, 'priority': 0, 'float': None, 'string': None, 'block': False, 'player': None, 'condition': None}, 'iceman_letter_m': {'action': 'set', 'int': <NativeTemplate 0>, 'priority': 0, 'float': None, 'string': None, 'block': False, 'player': None, 'condition': None}, 'iceman_letter_a': {'action': 'set', 'int': <NativeTemplate 0>, 'priority': 0, 'float': None, 'string': None, 'block': False, 'player': None, 'condition': None}, 'iceman_letter_n': {'action': 'set', 'int': <NativeTemplate 0>, 'priority': 0, 'float': None, 'string': None, 'block': False, 'player': None, 'condition': None}, 'iceman_completing': {'action': 'set', 'int': <NativeTemplate 0>, 'priority': 0, 'float': None, 'string': None, 'block': False, 'player': None, 'condition': None}, 'training_mission_qualified': {'action': 'set', 'int': <NativeTemplate 0>, 'priority': 0, 'float': None, 'string': None, 'block': False, 'player': None, 'condition': None}, 'training_inverted_complete': {'action': 'set', 'int': <NativeTemplate 0>, 'priority': 0, 'float': None, 'string': None, 'block': False, 'player': None, 'condition': None}, 'training_missles_complete': {'action': 'set', 'int': <NativeTemplate 0>, 'priority': 0, 'float': None, 'string': None, 'block': False, 'player': None, 'condition': None}, 'training_afterburner_complete': {'action': 'set', 'int': <NativeTemplate 0>, 'priority': 0, 'float': None, 'string': None, 'block': False, 'player': None, 'condition': None}, 'training_wingman_complete': {'action': 'set', 'int': <NativeTemplate 0>, 'priority': 0, 'float': None, 'string': None, 'block': False, 'player': None, 'condition': None}, 'training_dogfight_complete': {'action': 'set', 'int': <NativeTemplate 0>, 'priority': 0, 'float': None, 'string': None, 'block': False, 'player': None, 'condition': None}}}, key=UUID('58e63efc-9310-41fd-849a-4bbdbf1b58c2'), condition=None, blocking_facility=None), RegisteredHandler(callback=<bound method ConfigPlayer.config_play_callback of ConfigPlayer.variable_player/variables>, priority=200, kwargs={'calling_context': 'player_added', 'mode': <Mode.pilot_mission_qualifier>, 'settings': {'topgun_shots_collected': {'action': 'set', 'int': <NativeTemplate 0>, 'priority': 0, 'float': None, 'string': None, 'block': False, 'player': None, 'condition': None}, 'modes_completed_count': {'action': 'set', 'int': <NativeTemplate 0>, 'priority': 0, 'float': None, 'string': None, 'block': False, 'player': None, 'condition': None}, 'qualified_mode_number': {'action': 'set', 'int': <NativeTemplate 0>, 'priority': 0, 'float': None, 'string': None, 'block': False, 'player': None, 'condition': None}, 'pilot_qualifier_paused': {'action': 'set', 'int': <NativeTemplate 0>, 'priority': 0, 'float': None, 'string': None, 'block': False, 'player': None, 'condition': None}, 'topgun_letter_t': {'action': 'set', 'int': <NativeTemplate 0>, 'priority': 0, 'float': None, 'string': None, 'block': False, 'player': None, 'condition': None}, 'topgun_letter_o': {'action': 'set', 'int': <NativeTemplate 0>, 'priority': 0, 'float': None, 'string': None, 'block': False, 'player': None, 'condition': None}, 'topgun_letter_p': {'action': 'set', 'int': <NativeTemplate 0>, 'priority': 0, 'float': None, 'string': None, 'block': False, 'player': None, 'condition': None}, 'topgun_letter_g': {'action': 'set', 'int': <NativeTemplate 0>, 'priority': 0, 'float': None, 'string': None, 'block': False, 'player': None, 'condition': None}, 'topgun_letter_u': {'action': 'set', 'int': <NativeTemplate 0>, 'priority': 0, 'float': None, 'string': None, 'block': False, 'player': None, 'condition': None}, 'topgun_letter_n': {'action': 'set', 'int': <NativeTemplate 0>, 'priority': 0, 'float': None, 'string': None, 'block': False, 'player': None, 'condition': None}, 'mode_rescue_cougar_complete': {'action': 'set', 'int': <NativeTemplate 0>, 'priority': 0, 'float': None, 'string': None, 'block': False, 'player': None, 'condition': None}, 'mode_balls_of_fire_complete': {'action': 'set', 'int': <NativeTemplate 0>, 'priority': 0, 'float': None, 'string': None, 'block': False, 'player': None, 'condition': None}, 'mode_cool_under_pressure_complete': {'action': 'set', 'int': <NativeTemplate 0>, 'priority': 0, 'float': None, 'string': None, 'block': False, 'player': None, 'condition': None}, 'mode_battle_jester_complete': {'action': 'set', 'int': <NativeTemplate 0>, 'priority': 0, 'float': None, 'string': None, 'block': False, 'player': None, 'condition': None}, 'mode_no_points_for_second_place_complete': {'action': 'set', 'int': <NativeTemplate 0>, 'priority': 0, 'float': None, 'string': None, 'block': False, 'player': None, 'condition': None}, 'mode_edge_of_space_complete': {'action': 'set', 'int': <NativeTemplate 0>, 'priority': 0, 'float': None, 'string': None, 'block': False, 'player': None, 'condition': None}, 'mode_below_the_hard_deck_complete': {'action': 'set', 'int': <NativeTemplate 0>, 'priority': 0, 'float': None, 'string': None, 'block': False, 'player': None, 'condition': None}, 'mode_canyon_run_complete': {'action': 'set', 'int': <NativeTemplate 0>, 'priority': 0, 'float': None, 'string': None, 'block': False, 'player': None, 'condition': None}, 'mode_rise_of_phoenix_complete': {'action': 'set', 'int': <NativeTemplate 0>, 'priority': 0, 'float': None, 'string': None, 'block': False, 'player': None, 'condition': None}, 'mode_no_margin_for_error_complete': {'action': 'set', 'int': <NativeTemplate 0>, 'priority': 0, 'float': None, 'string': None, 'block': False, 'player': None, 'condition': None}}}, key=UUID('f13a232c-c224-4673-aec3-a5472eb1e7aa'), condition=None, blocking_facility=None)]. The order of those handlers is not defined and they will be executed in random order. This might lead to race conditions and potential bugs.
2025-10-31 15:27:44,298 : INFO : EventManager : Event: ======'mode_pilot_mission_qualifier_starting'====== Args={'queue': <QueuedEvent>, 'player': 1, 'ball': 1, 'balls_remaining': 2, 'is_extra_ball': False}
2025-10-31 15:27:44,299 : INFO : EventManager : Event: ======'start_mode_bumpers'====== Args={'priority': 0}
2025-10-31 15:27:44,299 : INFO : EventManager : Event: ======'mode_bumpers_will_start'====== Args={'priority': 0}
2025-10-31 15:27:44,299 : INFO : EventManager : Event: ======'player_shot_bumper_left_enabled'====== Args={'value': True, 'prev_value': 0, 'change': 1, 'player_num': 1}
2025-10-31 15:27:44,299 : INFO : EventManager : Event: ======'player_shot_bumper_center_enabled'====== Args={'value': True, 'prev_value': 0, 'change': 1, 'player_num': 1}
2025-10-31 15:27:44,300 : INFO : EventManager : Event: ======'player_shot_bumper_right_enabled'====== Args={'value': True, 'prev_value': 0, 'change': 1, 'player_num': 1}
2025-10-31 15:27:44,300 : INFO : EventManager : Event: ======'bumpers_complete'====== Args={'state': 'unlit'}
2025-10-31 15:27:44,300 : INFO : EventManager : Event: ======'bumpers_unlit_complete'====== Args={}
2025-10-31 15:27:44,301 : INFO : EventManager : Event: ======'mode_bumpers_starting'====== Args={'priority': 0}
2025-10-31 15:27:44,301 : INFO : Mode.bumpers : Started. Priority: 200
2025-10-31 15:27:44,301 : INFO : EventManager : Event: ======'modes_active_modes_changed'====== Args={}
2025-10-31 15:27:44,301 : INFO : EventManager : Event: ======'mode_bumpers_started'====== Args={'priority': 0}
2025-10-31 15:27:44,301 : INFO : Mode.pilot_mission_qualifier : Started. Priority: 200
2025-10-31 15:27:44,301 : INFO : EventManager : Event: ======'modes_active_modes_changed'====== Args={}
2025-10-31 15:27:44,301 : INFO : EventManager : Event: ======'mode_pilot_mission_qualifier_started'====== Args={'queue': <QueuedEvent>, 'player': 1, 'ball': 1, 'balls_remaining': 2, 'is_extra_ball': False}
2025-10-31 15:27:44,302 : INFO : Mode.iceman_letters : Started. Priority: 200
2025-10-31 15:27:44,302 : INFO : EventManager : Event: ======'modes_active_modes_changed'====== Args={}
2025-10-31 15:27:44,302 : INFO : EventManager : Event: ======'mode_iceman_letters_started'====== Args={'queue': <QueuedEvent>, 'player': 1, 'ball': 1, 'balls_remaining': 2, 'is_extra_ball': False}
2025-10-31 15:27:44,304 : INFO : EventManager : Event: ======'restore_training_mission_light'====== Args={'priority': 0}
2025-10-31 15:27:44,305 : INFO : Mode.mig_letters : Started. Priority: 200
2025-10-31 15:27:44,305 : INFO : EventManager : Event: ======'modes_active_modes_changed'====== Args={}
2025-10-31 15:27:44,305 : INFO : EventManager : Event: ======'mode_mig_letters_started'====== Args={'queue': <QueuedEvent>, 'player': 1, 'ball': 1, 'balls_remaining': 2, 'is_extra_ball': False}
2025-10-31 15:27:44,305 : INFO : Mode.goose_letters : Started. Priority: 210
2025-10-31 15:27:44,305 : INFO : EventManager : Event: ======'modes_active_modes_changed'====== Args={}
2025-10-31 15:27:44,305 : INFO : EventManager : Event: ======'mode_goose_letters_started'====== Args={'queue': <QueuedEvent>, 'player': 1, 'ball': 1, 'balls_remaining': 2, 'is_extra_ball': False}
2025-10-31 15:27:44,305 : INFO : Mode.mach_scoring : Started. Priority: 500
2025-10-31 15:27:44,305 : INFO : EventManager : Event: ======'modes_active_modes_changed'====== Args={}
2025-10-31 15:27:44,306 : INFO : EventManager : Event: ======'mode_mach_scoring_started'====== Args={'queue': <QueuedEvent>, 'player': 1, 'ball': 1, 'balls_remaining': 2, 'is_extra_ball': False}
2025-10-31 15:27:44,307 : INFO : EventManager : Event: ======'balls_in_play'====== Args={'balls': 1}
2025-10-31 15:27:44,307 : INFO : EventManager : Event: ======'ball_started'====== Args={'player': 1, 'ball': 1, 'balls_remaining': 2, 'is_extra_ball': False}
2025-10-31 15:27:44,308 : INFO : EventManager : Event: ======'single_player_ball_started'====== Args={}
2025-10-31 15:27:44,309 : INFO : EventManager : Event: ======'ball_start_target'====== Args={'target': 'playfield'}
2025-10-31 15:27:44,309 : INFO : ball_device.bd_plunger : Setting up player-controlled eject. Balls: 1, Target: <playfield.playfield>, player_controlled_eject_event: None
2025-10-31 15:27:44,309 : INFO : EventManager : Event: ======'balldevice_balls_available'====== Args={}
2025-10-31 15:27:44,310 : INFO : ball_device.bd_trough : State: waiting_for_target_ready
2025-10-31 15:27:44,310 : INFO : EventManager : Event: ======'balldevice_bd_trough_ball_eject_attempt'====== Args={'balls': 1, 'target': <ball_device.bd_plunger>, 'source': <ball_device.bd_trough>, 'mechanical_eject': True, 'num_attempts': 0}
2025-10-31 15:27:44,310 : INFO : ball_device.bd_plunger : State: waiting_for_ball
2025-10-31 15:27:44,311 : INFO : ball_device.bd_trough : State: ejecting
2025-10-31 15:27:44,311 : INFO : ball_device.bd_trough : Ejecting ball to <ball_device.bd_plunger>
2025-10-31 15:27:44,311 : INFO : EventManager : Event: ======'balldevice_bd_trough_ejecting_ball'====== Args={'balls': 1, 'target': <ball_device.bd_plunger>, 'source': <ball_device.bd_trough>, 'mechanical_eject': True, 'num_attempts': 0}
2025-10-31 15:27:44,311 : INFO : ball_device.bd_trough : Wait for ball to leave device
2025-10-31 15:27:44,313 : INFO : coil.c_trough_eject : Pulsing Driver for 10ms (0.75 pulse_power)
2025-10-31 15:27:44,358 : INFO : EventManager : Event: ======'slide_base_slide_created'====== Args={'_from_bcp': True}
2025-10-31 15:27:44,359 : INFO : EventManager : Event: ======'slide_attract_inactive'====== Args={'is_removing': True, '_from_bcp': True}
2025-10-31 15:27:44,359 : INFO : EventManager : Event: ======'slide_base_slide_active'====== Args={'original_context': 'base', 'original_calling_context': 'mode_base_started', 'priority': 100.0, 'queue': '<QueuedEvent>', 'player': 1.0, 'ball': 1.0, 'balls_remaining': 2.0, 'is_extra_ball': False, 'cmd': 'slides_play', '_from_bcp': True}
2025-10-31 15:27:44,364 : INFO : EventManager : Event: ======'slide_attract_removed'====== Args={'_from_bcp': True}
2025-10-31 15:27:44,377 : INFO : EventManager : Event: ======'slide_topgun_0_created'====== Args={'_from_bcp': True}
2025-10-31 15:27:44,377 : INFO : EventManager : Event: ======'slide_base_slide_inactive'====== Args={'is_removing': False, '_from_bcp': True}
2025-10-31 15:27:44,378 : INFO : EventManager : Event: ======'slide_topgun_0_active'====== Args={'original_context': 'pilot_mission_qualifier', 'original_calling_context': 'mode_pilot_mission_qualifier_started{current_player.topgun_shots_collected==0 and current_player.qualified_mode_number==0}', 'priority': 200.0, 'queue': '<QueuedEvent>', 'player': 1.0, 'ball': 1.0, 'balls_remaining': 2.0, 'is_extra_ball': False, 'cmd': 'slides_play', '_from_bcp': True}
2025-10-31 15:27:44,383 : INFO : EventManager : Event: ======'slide_mach_1_created'====== Args={'_from_bcp': True}
2025-10-31 15:27:44,384 : INFO : EventManager : Event: ======'slide_topgun_0_inactive'====== Args={'is_removing': False, '_from_bcp': True}
2025-10-31 15:27:44,385 : INFO : EventManager : Event: ======'slide_mach_1_active'====== Args={'original_context': 'mach_scoring', 'original_calling_context': 'mode_mach_scoring_started', 'priority': 500.0, 'queue': '<QueuedEvent>', 'player': 1.0, 'ball': 1.0, 'balls_remaining': 2.0, 'is_extra_ball': False, 'cmd': 'slides_play', '_from_bcp': True}
2025-10-31 15:27:45,021 : INFO : SwitchController : <<<<<<< 's_trough_6' inactive >>>>>>>
2025-10-31 15:27:45,022 : INFO : ball_device.bd_trough : State: ball_left
2025-10-31 15:27:45,022 : INFO : ball_device.bd_trough : Ball left
2025-10-31 15:27:45,022 : INFO : ball_device.bd_trough : Wait for confirm with timeout 3.0
2025-10-31 15:27:45,638 : INFO : SwitchController : <<<<<<< 's_shooter_lane' active >>>>>>>
2025-10-31 15:27:45,638 : INFO : EventManager : Event: ======'s_shooter_lane_active'====== Args={}
2025-10-31 15:27:45,639 : INFO : EventManager : Event: ======'machine_var_audits_switches_s_shooter_lane'====== Args={'value': 307, 'prev_value': 306, 'change': 1}
2025-10-31 15:27:45,640 : INFO : EventManager : Event: ======'mode_skillshot_will_start'====== Args={}
2025-10-31 15:27:45,640 : INFO : EventManager : Event: ======'player_shot_mig_lane_left_enabled'====== Args={'value': True, 'prev_value': 0, 'change': 1, 'player_num': 1}
2025-10-31 15:27:45,641 : INFO : EventManager : Event: ======'player_shot_mig_lane_right_enabled'====== Args={'value': True, 'prev_value': 0, 'change': 1, 'player_num': 1}
2025-10-31 15:27:45,642 : INFO : EventManager : Event: ======'player_shot_spinner_enabled'====== Args={'value': True, 'prev_value': 0, 'change': 1, 'player_num': 1}
2025-10-31 15:27:45,642 : INFO : EventManager : Event: ======'player_shot_orbit_upper_enabled'====== Args={'value': True, 'prev_value': 0, 'change': 1, 'player_num': 1}
2025-10-31 15:27:45,643 : INFO : EventManager : Event: ======'player_shot_ramp_inner_enabled'====== Args={'value': True, 'prev_value': 0, 'change': 1, 'player_num': 1}
2025-10-31 15:27:45,643 : INFO : EventManager : Event: ======'skillshot_group_complete'====== Args={'state': 'off'}
2025-10-31 15:27:45,643 : INFO : EventManager : Event: ======'skillshot_group_off_complete'====== Args={}
2025-10-31 15:27:45,644 : INFO : EventManager : Event: ======'player_skillshot_skillshot_tick'====== Args={'value': 9, 'prev_value': 0, 'change': 9, 'player_num': 1}
2025-10-31 15:27:45,645 : INFO : EventManager : Event: ======'player_skillshot_skillshot_sound_loop_tick'====== Args={'value': 0, 'prev_value': 0, 'change': 0, 'player_num': 1}
2025-10-31 15:27:45,650 : INFO : EventManager : Event: ======'mode_skillshot_starting'====== Args={}
2025-10-31 15:27:45,650 : INFO : Mode.skillshot : Started. Priority: 300
2025-10-31 15:27:45,650 : INFO : EventManager : Event: ======'modes_active_modes_changed'====== Args={}
2025-10-31 15:27:45,650 : INFO : EventManager : Event: ======'mode_skillshot_started'====== Args={}
2025-10-31 15:27:45,650 : INFO : EventManager : Event: ======'player_shot_mig_lane_left'====== Args={'value': 1, 'prev_value': 0, 'change': 1, 'player_num': 1}
2025-10-31 15:27:45,651 : INFO : EventManager : Event: ======'player_shot_mig_lane_right'====== Args={'value': 1, 'prev_value': 0, 'change': 1, 'player_num': 1}
2025-10-31 15:27:45,651 : INFO : EventManager : Event: ======'player_shot_spinner'====== Args={'value': 1, 'prev_value': 0, 'change': 1, 'player_num': 1}
2025-10-31 15:27:45,651 : INFO : EventManager : Event: ======'player_shot_orbit_upper'====== Args={'value': 1, 'prev_value': 0, 'change': 1, 'player_num': 1}
2025-10-31 15:27:45,651 : INFO : EventManager : Event: ======'player_shot_ramp_inner'====== Args={'value': 1, 'prev_value': 0, 'change': 1, 'player_num': 1}
2025-10-31 15:27:45,651 : INFO : EventManager : Event: ======'player_pilot_qualifier_paused'====== Args={'value': 1, 'prev_value': 0, 'change': 1, 'player_num': 1, 'source': 'pilot_mission_qualifier'}
2025-10-31 15:27:45,653 : INFO : Timer.skillshot_sound_loop : Starting Timer.
2025-10-31 15:27:45,653 : INFO : EventManager : Event: ======'timer_skillshot_sound_loop_started'====== Args={'ticks': 0, 'ticks_remaining': 999}
2025-10-31 15:27:45,653 : INFO : EventManager : Event: ======'timer_skillshot_sound_loop_tick'====== Args={'ticks': 0, 'ticks_remaining': 999}
2025-10-31 15:27:45,653 : INFO : EventManager : Event: ======'skillshot_group_complete'====== Args={'state': 'lit'}
2025-10-31 15:27:45,653 : INFO : EventManager : Event: ======'skillshot_group_lit_complete'====== Args={}
2025-10-31 15:27:45,696 : INFO : EventManager : Event: ======'slide_skillshot_ball_in_shooter_lane_created'====== Args={'_from_bcp': True}
2025-10-31 15:27:45,960 : INFO : ball_device.bd_plunger : Received ball from <ball_device.bd_trough>
2025-10-31 15:27:45,960 : INFO : EventManager : Event: ======'balldevice_bd_plunger_ball_enter'====== Args={'new_balls': 1, 'unclaimed_balls': 0, 'new_available_balls': 0, 'device': <ball_device.bd_plunger>}
2025-10-31 15:27:45,961 : INFO : EventManager : Event: ======'balldevice_bd_plunger_ball_entered'====== Args={'new_balls': 0, 'device': <ball_device.bd_plunger>}
2025-10-31 15:27:45,961 : INFO : EventManager : Event: ======'balldevice_bd_plunger_ball_count_changed'====== Args={'balls': 1}
2025-10-31 15:27:45,962 : INFO : ball_device.bd_trough : Got eject confirm
2025-10-31 15:27:45,962 : INFO : ball_device.bd_trough : Eject successful
2025-10-31 15:27:45,962 : INFO : EventManager : Event: ======'balldevice_bd_trough_ball_eject_success'====== Args={'balls': 1, 'target': <ball_device.bd_plunger>}
2025-10-31 15:27:45,962 : INFO : EventManager : Event: ======'balldevice_bd_trough_ball_count_changed'====== Args={'balls': 5}
2025-10-31 15:27:45,962 : INFO : ball_device.bd_trough : State: idle
2025-10-31 15:27:45,963 : INFO : ball_device.bd_plunger : State: waiting_for_target_ready
2025-10-31 15:27:45,963 : INFO : EventManager : Event: ======'balldevice_bd_plunger_ball_eject_attempt'====== Args={'balls': 1, 'target': <playfield.playfield>, 'source': <ball_device.bd_plunger>, 'mechanical_eject': True, 'num_attempts': 0}
2025-10-31 15:27:45,963 : INFO : ball_device.bd_plunger : State: ejecting
2025-10-31 15:27:45,963 : INFO : ball_device.bd_plunger : Ejecting ball to <playfield.playfield>
2025-10-31 15:27:45,964 : INFO : EventManager : Event: ======'balldevice_bd_plunger_ejecting_ball'====== Args={'balls': 1, 'target': <playfield.playfield>, 'source': <ball_device.bd_plunger>, 'mechanical_eject': True, 'num_attempts': 0}
2025-10-31 15:27:45,964 : INFO : EventManager : Event: ======'video_idle_start'====== Args={'priority': 0}
2025-10-31 15:27:45,966 : INFO : ball_device.bd_plunger : Wait for ball to leave device
2025-10-31 15:27:46,186 : INFO : SwitchController : <<<<<<< 's_shooter_lane' inactive >>>>>>>
2025-10-31 15:27:46,186 : INFO : EventManager : Event: ======'s_shooter_lane_inactive'====== Args={}
2025-10-31 15:27:46,187 : INFO : Timer.skillshot : Starting Timer.
2025-10-31 15:27:46,187 : INFO : EventManager : Event: ======'timer_skillshot_started'====== Args={'ticks': 9, 'ticks_remaining': 9}
2025-10-31 15:27:46,189 : INFO : EventManager : Event: ======'timer_skillshot_tick'====== Args={'ticks': 9, 'ticks_remaining': 9}
2025-10-31 15:27:46,189 : INFO : Timer.skillshot_sound_loop : Stopping Timer
2025-10-31 15:27:46,189 : INFO : EventManager : Event: ======'timer_skillshot_sound_loop_stopped'====== Args={'ticks': 0, 'ticks_remaining': 999}
2025-10-31 15:27:46,189 : INFO : EventManager : Event: ======'video_launch_start'====== Args={'priority': 0}
2025-10-31 15:27:46,190 : INFO : ball_device.bd_plunger : State: ball_left
2025-10-31 15:27:46,190 : INFO : ball_device.bd_plunger : Ball left
2025-10-31 15:27:46,190 : INFO : ball_device.bd_plunger : Wait for confirm with timeout 3.0
2025-10-31 15:27:46,205 : INFO : EventManager : Event: ======'slide_skillshot_ball_in_shooter_lane_removed'====== Args={'_from_bcp': True}
2025-10-31 15:27:46,228 : INFO : EventManager : Event: ======'slide_skillshot_ball_launched_created'====== Args={'_from_bcp': True}
2025-10-31 15:27:47,196 : INFO : EventManager : Event: ======'player_skillshot_skillshot_tick'====== Args={'value': 8, 'prev_value': 9, 'change': -1, 'player_num': 1}
2025-10-31 15:27:47,196 : INFO : EventManager : Event: ======'timer_skillshot_tick'====== Args={'ticks': 8, 'ticks_remaining': 8}
2025-10-31 15:27:47,976 : INFO : SwitchController : <<<<<<< 's_spinner' active >>>>>>>
2025-10-31 15:27:47,977 : INFO : EventManager : Event: ======'playfield_active'====== Args={'source': 'spinner'}
2025-10-31 15:27:47,977 : INFO : EventManager : Event: ======'s_spinner_active'====== Args={}
2025-10-31 15:27:47,977 : INFO : EventManager : Event: ======'sw_playfield_active'====== Args={}
2025-10-31 15:27:47,977 : INFO : EventManager : Event: ======'sw_playfield_active'====== Args={}
2025-10-31 15:27:47,977 : INFO : EventManager : Event: ======'machine_var_audits_switches_s_spinner'====== Args={'value': 121, 'prev_value': 120, 'change': 1}
2025-10-31 15:27:47,979 : INFO : EventManager : Event: ======'machine_var_audits_shots_spinner'====== Args={'value': 7, 'prev_value': 6, 'change': 1}
2025-10-31 15:27:47,979 : INFO : EventManager : Event: ======'spinner_hit'====== Args={'profile': 'skill', 'state': 'lit', 'advancing': False}
2025-10-31 15:27:47,979 : INFO : EventManager : Event: ======'spinner_skill_hit'====== Args={'profile': 'skill', 'state': 'lit', 'advancing': False}
2025-10-31 15:27:47,979 : INFO : EventManager : Event: ======'spinner_skill_lit_hit'====== Args={'profile': 'skill', 'state': 'lit', 'advancing': False}
2025-10-31 15:27:47,980 : INFO : EventManager : Event: ======'spinner_lit_hit'====== Args={'profile': 'skill', 'state': 'lit', 'advancing': False}
2025-10-31 15:27:47,980 : INFO : EventManager : Event: ======'skillshot_group_hit'====== Args={'shot': 'spinner'}
2025-10-31 15:27:47,980 : INFO : EventManager : Event: ======'skillshot_group_lit_hit'====== Args={'shot': 'spinner'}
2025-10-31 15:27:47,980 : INFO : EventManager : Event: ======'mode_skillshot_will_stop'====== Args={}
2025-10-31 15:27:47,980 : INFO : EventManager : Event: ======'mode_skillshot_stopping'====== Args={}
2025-10-31 15:27:47,980 : INFO : EventManager : Event: ======'show_skillshot_miramar_video'====== Args={'priority': 0}
2025-10-31 15:27:47,981 : INFO : EventManager : Event: ======'player_score'====== Args={'value': 50000, 'prev_value': 0, 'change': 50000, 'player_num': 1, 'source': 'skillshot'}
2025-10-31 15:27:47,981 : INFO : EventManager : Event: ======'player_skillshot_count'====== Args={'value': 1, 'prev_value': 0, 'change': 1, 'player_num': 1, 'source': 'skillshot'}
2025-10-31 15:27:47,981 : INFO : EventManager : Event: ======'player_priority'====== Args={'value': 600, 'prev_value': 0, 'change': 600, 'player_num': 1, 'source': 'skillshot'}
2025-10-31 15:27:47,981 : INFO : Timer.skillshot : Stopping Timer
2025-10-31 15:27:47,981 : INFO : EventManager : Event: ======'timer_skillshot_stopped'====== Args={'ticks': 8, 'ticks_remaining': 8}
2025-10-31 15:27:47,982 : INFO : Timer.skillshot_sound_loop : Stopping Timer
2025-10-31 15:27:47,982 : INFO : EventManager : Event: ======'timer_skillshot_sound_loop_stopped'====== Args={'ticks': 0, 'ticks_remaining': 999}
2025-10-31 15:27:47,982 : INFO : EventManager : Event: ======'playfield_active'====== Args={'source': None}
2025-10-31 15:27:47,983 : INFO : EventManager : Event: ======'playfield_active'====== Args={'source': None}
2025-10-31 15:27:47,983 : INFO : Mode.skillshot : Stopped.
2025-10-31 15:27:47,983 : INFO : EventManager : Event: ======'modes_active_modes_changed'====== Args={}
2025-10-31 15:27:47,983 : INFO : EventManager : Event: ======'mode_skillshot_stopped'====== Args={}
2025-10-31 15:27:47,984 : INFO : EventManager : Event: ======'clear'====== Args={'key': 'skillshot'}
2025-10-31 15:27:47,984 : INFO : EventManager : Event: ======'player_pilot_qualifier_paused'====== Args={'value': 0, 'prev_value': 1, 'change': -1, 'player_num': 1, 'source': 'pilot_mission_qualifier'}
2025-10-31 15:27:47,984 : INFO : Timer.skillshot : Stopping Timer
2025-10-31 15:27:47,984 : INFO : EventManager : Event: ======'timer_skillshot_stopped'====== Args={'ticks': 8, 'ticks_remaining': 8}
2025-10-31 15:27:47,985 : INFO : Timer.skillshot_sound_loop : Stopping Timer
2025-10-31 15:27:47,985 : INFO : EventManager : Event: ======'timer_skillshot_sound_loop_stopped'====== Args={'ticks': 0, 'ticks_remaining': 999}
2025-10-31 15:27:48,010 : INFO : EventManager : Event: ======'slide_skillshot_ball_launched_removed'====== Args={'_from_bcp': True}
2025-10-31 15:27:48,124 : INFO : SwitchController : <<<<<<< 's_spinner' inactive >>>>>>>
2025-10-31 15:27:49,174 : INFO : ball_device.bd_plunger : State: failed_confirm
2025-10-31 15:27:49,174 : INFO : ball_device.bd_plunger : Got timeout (3.0s) before confirm from <playfield.playfield>
2025-10-31 15:27:49,269 : INFO : ball_device.bd_plunger : Confirming eject because target is playfield and ball did not return.
2025-10-31 15:27:49,269 : INFO : ball_device.bd_plunger : Eject successful
2025-10-31 15:27:49,269 : INFO : EventManager : Event: ======'balldevice_bd_plunger_ball_eject_success'====== Args={'balls': 1, 'target': <playfield.playfield>}
2025-10-31 15:27:49,269 : INFO : EventManager : Event: ======'balldevice_playfield_ball_enter'====== Args={'new_balls': 1, 'unclaimed_balls': 1, 'device': <playfield.playfield>}
2025-10-31 15:27:49,269 : INFO : EventManager : Event: ======'playfield_ball_count_change'====== Args={'balls': 1, 'change': 1}
2025-10-31 15:27:49,271 : INFO : EventManager : Event: ======'balldevice_bd_plunger_ball_count_changed'====== Args={'balls': 0}
2025-10-31 15:27:49,271 : INFO : ball_device.bd_plunger : State: idle
2025-10-31 15:28:01,869 : INFO : Machine : Shutting down...
2025-10-31 15:28:01,869 : INFO : EventManager : Event: ======'shutdown'====== Args={}
2025-10-31 15:28:01,871 : INFO : EventManager : Event: ======'mode_game_will_stop'====== Args={}
2025-10-31 15:28:01,871 : INFO : EventManager : Event: ======'mode_game_stopping'====== Args={}
2025-10-31 15:28:01,873 : INFO : EventManager : Event: ======'mode_mig_letters_will_stop'====== Args={}
2025-10-31 15:28:01,873 : INFO : EventManager : Event: ======'mode_mig_letters_stopping'====== Args={}
2025-10-31 15:28:01,873 : INFO : EventManager : Event: ======'mode_goose_letters_will_stop'====== Args={}
2025-10-31 15:28:01,873 : INFO : EventManager : Event: ======'mode_goose_letters_stopping'====== Args={}
2025-10-31 15:28:01,873 : INFO : EventManager : Event: ======'mode_iceman_letters_will_stop'====== Args={}
2025-10-31 15:28:01,873 : INFO : EventManager : Event: ======'mode_iceman_letters_stopping'====== Args={}
2025-10-31 15:28:01,873 : INFO : EventManager : Event: ======'mode_bumpers_will_stop'====== Args={}
2025-10-31 15:28:01,873 : INFO : EventManager : Event: ======'mode_bumpers_stopping'====== Args={}
2025-10-31 15:28:01,873 : INFO : EventManager : Event: ======'mode_pilot_mission_qualifier_will_stop'====== Args={}
2025-10-31 15:28:01,873 : INFO : EventManager : Event: ======'mode_pilot_mission_qualifier_stopping'====== Args={}
2025-10-31 15:28:01,873 : INFO : EventManager : Event: ======'mode_base_will_stop'====== Args={}
2025-10-31 15:28:01,873 : INFO : EventManager : Event: ======'mode_base_stopping'====== Args={}
2025-10-31 15:28:01,873 : INFO : EventManager : Event: ======'mode_mach_scoring_will_stop'====== Args={}
2025-10-31 15:28:01,874 : INFO : EventManager : Event: ======'mode_mach_scoring_stopping'====== Args={}
2025-10-31 15:28:01,874 : INFO : EventManager : Event: ======'stop_mode_bumpers'====== Args={'priority': 0}
2025-10-31 15:28:01,874 : INFO : Mode.mach_scoring : Stopped.
2025-10-31 15:28:01,874 : INFO : EventManager : Event: ======'modes_active_modes_changed'====== Args={}
2025-10-31 15:28:01,875 : INFO : EventManager : Event: ======'mode_mach_scoring_stopped'====== Args={}
2025-10-31 15:28:01,875 : INFO : EventManager : Event: ======'clear'====== Args={'key': 'mach_scoring'}
2025-10-31 15:28:01,875 : INFO : Timer.mach_qualify_timer : Stopping Timer
2025-10-31 15:28:01,875 : INFO : EventManager : Event: ======'timer_mach_qualify_timer_stopped'====== Args={'ticks': 10, 'ticks_remaining': 0}
2025-10-31 15:28:01,875 : INFO : Timer.mach_timer : Stopping Timer
2025-10-31 15:28:01,875 : INFO : EventManager : Event: ======'timer_mach_timer_stopped'====== Args={'ticks': 20, 'ticks_remaining': 0}
2025-10-31 15:28:01,875 : INFO : Mode.base : Stopped.
2025-10-31 15:28:01,875 : INFO : EventManager : Event: ======'modes_active_modes_changed'====== Args={}
2025-10-31 15:28:01,876 : INFO : EventManager : Event: ======'mode_base_stopped'====== Args={}
2025-10-31 15:28:01,876 : INFO : EventManager : Event: ======'clear'====== Args={'key': 'base'}
2025-10-31 15:28:01,876 : INFO : Mode.pilot_mission_qualifier : Stopped.
2025-10-31 15:28:01,876 : INFO : EventManager : Event: ======'modes_active_modes_changed'====== Args={}
2025-10-31 15:28:01,880 : INFO : EventManager : Event: ======'mode_pilot_mission_qualifier_stopped'====== Args={}
2025-10-31 15:28:01,880 : INFO : EventManager : Event: ======'clear'====== Args={'key': 'pilot_mission_qualifier'}
2025-10-31 15:28:01,880 : INFO : Mode.bumpers : Stopped.
2025-10-31 15:28:01,880 : INFO : EventManager : Event: ======'modes_active_modes_changed'====== Args={}
2025-10-31 15:28:01,880 : INFO : EventManager : Event: ======'mode_bumpers_stopped'====== Args={}
2025-10-31 15:28:01,880 : INFO : EventManager : Event: ======'clear'====== Args={'key': 'bumpers'}
2025-10-31 15:28:01,880 : INFO : Mode.iceman_letters : Stopped.
2025-10-31 15:28:01,880 : INFO : EventManager : Event: ======'modes_active_modes_changed'====== Args={}
2025-10-31 15:28:01,881 : INFO : EventManager : Event: ======'mode_iceman_letters_stopped'====== Args={}
2025-10-31 15:28:01,881 : INFO : EventManager : Event: ======'clear'====== Args={'key': 'iceman_letters'}
2025-10-31 15:28:01,881 : INFO : Timer.iceman_reset : Stopping Timer
2025-10-31 15:28:01,881 : INFO : EventManager : Event: ======'timer_iceman_reset_stopped'====== Args={'ticks': 0, 'ticks_remaining': 0}
2025-10-31 15:28:01,881 : INFO : Mode.goose_letters : Stopped.
2025-10-31 15:28:01,881 : INFO : EventManager : Event: ======'modes_active_modes_changed'====== Args={}
2025-10-31 15:28:01,881 : INFO : EventManager : Event: ======'mode_goose_letters_stopped'====== Args={}
2025-10-31 15:28:01,881 : INFO : EventManager : Event: ======'clear'====== Args={'key': 'goose_letters'}
2025-10-31 15:28:01,881 : INFO : Timer.goose_reset : Stopping Timer
2025-10-31 15:28:01,881 : INFO : EventManager : Event: ======'timer_goose_reset_stopped'====== Args={'ticks': 0, 'ticks_remaining': 0}
2025-10-31 15:28:01,881 : INFO : Mode.mig_letters : Stopped.
2025-10-31 15:28:01,881 : INFO : EventManager : Event: ======'modes_active_modes_changed'====== Args={}
2025-10-31 15:28:01,881 : INFO : EventManager : Event: ======'mode_mig_letters_stopped'====== Args={}
2025-10-31 15:28:01,881 : INFO : EventManager : Event: ======'clear'====== Args={'key': 'mig_letters'}
2025-10-31 15:28:01,881 : INFO : Timer.mig_reset : Stopping Timer
2025-10-31 15:28:01,881 : INFO : EventManager : Event: ======'timer_mig_reset_stopped'====== Args={'ticks': 0, 'ticks_remaining': 0}
2025-10-31 15:28:01,882 : INFO : Mode.game : Stopped.
2025-10-31 15:28:01,882 : INFO : EventManager : Event: ======'modes_active_modes_changed'====== Args={}
2025-10-31 15:28:01,882 : INFO : EventManager : Event: ======'mode_game_stopped'====== Args={}
2025-10-31 15:28:01,882 : INFO : EventManager : Event: ======'clear'====== Args={'key': 'game'}
2025-10-31 15:28:01,888 : INFO : root : MPF run loop ended.
