2025-10-24 16:37:23,591 : INFO : root : Loading config.
2025-10-24 16:37:23,595 : INFO : YamlMultifileConfigLoader : Machine config file #1: config.yaml
2025-10-24 16:37:23,595 : INFO : ConfigProcessor : Loading config from cache: C:\Users\White\AppData\Local\Temp\cfa6ecba65704a931c9dd214c44986c8.mpf_cache
2025-10-24 16:37:23,703 : INFO : ConfigProcessor : Loading config from cache: C:\Users\White\AppData\Local\Temp\f98ffc0ff5962effface7d86bc406d5c.mpf_cache
2025-10-24 16:37:23,704 : INFO : ConfigProcessor : Loading config from cache: C:\Users\White\AppData\Local\Temp\91cc4d1c993c58dc354e34974b9cfeac.mpf_cache
2025-10-24 16:37:23,704 : INFO : ConfigProcessor : Loading config from cache: C:\Users\White\AppData\Local\Temp\f98ffc0ff5962effface7d86bc406d5c.mpf_cache
2025-10-24 16:37:23,705 : INFO : ConfigProcessor : Loading config from cache: C:\Users\White\AppData\Local\Temp\76792f1d686f89709887dba7bd69667a.mpf_cache
2025-10-24 16:37:23,706 : INFO : ConfigProcessor : Loading config from cache: C:\Users\White\AppData\Local\Temp\142bbae4707335cc8e3efaa4364c4893.mpf_cache
2025-10-24 16:37:23,706 : INFO : ConfigProcessor : Loading config from cache: C:\Users\White\AppData\Local\Temp\0f5f0ac41d1a2672d0d32cef2b12699e.mpf_cache
2025-10-24 16:37:23,707 : INFO : ConfigProcessor : Loading config from cache: C:\Users\White\AppData\Local\Temp\3a419899266be7cd41a083be5a3a8ebb.mpf_cache
2025-10-24 16:37:23,718 : INFO : ConfigProcessor : Loading config from cache: C:\Users\White\AppData\Local\Temp\82e20c7c6490dd2e5fed726a3aa8d652.mpf_cache
2025-10-24 16:37:23,718 : INFO : ConfigProcessor : Loading config from cache: C:\Users\White\AppData\Local\Temp\359114d5ba2a6ad6c93d1559776bbb30.mpf_cache
2025-10-24 16:37:23,722 : INFO : ConfigProcessor : Loading config from cache: C:\Users\White\AppData\Local\Temp\d421369d6df802e4e6f8aa58f446b1a6.mpf_cache
2025-10-24 16:37:23,723 : INFO : ConfigProcessor : Loading config from cache: C:\Users\White\AppData\Local\Temp\310aa541ce6545037d37da470e7bd790.mpf_cache
2025-10-24 16:37:23,724 : INFO : ConfigProcessor : Loading config from cache: C:\Users\White\AppData\Local\Temp\2151caa0419aeb1e56d3d8934477383e.mpf_cache
2025-10-24 16:37:23,727 : INFO : ConfigProcessor : Loading config from cache: C:\Users\White\AppData\Local\Temp\17003635873251b4f6841bf4ab3bdcdd.mpf_cache
2025-10-24 16:37:23,727 : INFO : ConfigProcessor : Loading config from cache: C:\Users\White\AppData\Local\Temp\f70c640a816343cb9040222d7a9269d3.mpf_cache
2025-10-24 16:37:23,729 : INFO : ConfigProcessor : Loading config from cache: C:\Users\White\AppData\Local\Temp\30922048be1d0c17ea15fc75f7fbfe10.mpf_cache
2025-10-24 16:37:23,730 : INFO : ConfigProcessor : Loading config from cache: C:\Users\White\AppData\Local\Temp\58d7809d3d969de03aaf131fc45863f8.mpf_cache
2025-10-24 16:37:23,731 : INFO : ConfigProcessor : Loading config from cache: C:\Users\White\AppData\Local\Temp\d380fa2863f93e197660f0281ffd272b.mpf_cache
2025-10-24 16:37:23,732 : INFO : Machine : Mission Pinball Framework Core Engine v0.80.0.dev9
2025-10-24 16:37:23,732 : INFO : Machine : Command line arguments: {'no_load_cache': False, 'create_config_cache': True, 'bcp': True, 'configfile': ['config.yaml'], 'force_assets_load': False, 'platform_integration_test': False, 'jsonlogging': False, 'logfile': 'logs\\2025-10-24-16-37-23-mpf-TopGunPinball.log', 'pause': False, 'production': False, 'text_ui': False, 'loglevel': 15, 'consoleloglevel': 20, 'force_platform': 'virtual', 'syslog_address': None, 'full_logfile_path': 'C:\\Users\\White\\Documents\\Top_Gun_Pinball\\logs\\2025-10-24-16-37-23-mpf-TopGunPinball.log'}
2025-10-24 16:37:23,732 : INFO : Machine : MPF path: C:\Users\White\mpf\Lib\site-packages\mpf
2025-10-24 16:37:23,732 : INFO : Machine : Machine path: C:\Users\White\Documents\Top_Gun_Pinball
2025-10-24 16:37:23,732 : INFO : Machine : Platform: win32
2025-10-24 16:37:23,732 : INFO : Machine : Python executable location: C:\Users\White\mpf\Scripts\python.exe
2025-10-24 16:37:23,732 : INFO : Machine : Python version: 3.12.7 (64-bit)
2025-10-24 16:37:23,735 : INFO : Machine : Initializing MPF...
2025-10-24 16:37:23,829 : INFO : EventManager : Event: ======'machine_var_credits_string'====== Args={'value': 'FREE PLAY', 'prev_value': None, 'change': True}
2025-10-24 16:37:23,859 : INFO : EventManager : Event: ======'machine_var_master_volume'====== Args={'value': 0.5, 'prev_value': None, 'change': True}
2025-10-24 16:37:23,859 : INFO : EventManager : Event: ======'machine_var_player1_score'====== Args={'value': 2229000, 'prev_value': None, 'change': True}
2025-10-24 16:37:23,859 : INFO : EventManager : Event: ======'machine_var_mpf_version'====== Args={'value': 'Mission Pinball Framework v0.80.0.dev9', 'prev_value': None, 'change': True}
2025-10-24 16:37:23,860 : INFO : EventManager : Event: ======'machine_var_mpf_extended_version'====== Args={'value': 'Mission Pinball Framework v0.80.0.dev9, Config version:6, Show version: 6, BCP version:1.1', 'prev_value': None, 'change': True}
2025-10-24 16:37:23,860 : INFO : EventManager : Event: ======'machine_var_python_version'====== Args={'value': '3.12.7', 'prev_value': None, 'change': True}
2025-10-24 16:37:24,007 : INFO : EventManager : Event: ======'machine_var_platform'====== Args={'value': 'Windows-11-10.0.26100-SP0', 'prev_value': None, 'change': True}
2025-10-24 16:37:24,007 : INFO : EventManager : Event: ======'machine_var_platform_system'====== Args={'value': 'Windows', 'prev_value': None, 'change': True}
2025-10-24 16:37:24,007 : INFO : EventManager : Event: ======'machine_var_platform_release'====== Args={'value': '11', 'prev_value': None, 'change': True}
2025-10-24 16:37:24,007 : INFO : EventManager : Event: ======'machine_var_platform_version'====== Args={'value': '10.0.26100', 'prev_value': None, 'change': True}
2025-10-24 16:37:24,007 : INFO : EventManager : Event: ======'machine_var_platform_machine'====== Args={'value': 'AMD64', 'prev_value': None, 'change': True}
2025-10-24 16:37:24,007 : INFO : EventManager : Event: ======'machine_var_log_file_path'====== Args={'value': 'C:\\Users\\White\\Documents\\Top_Gun_Pinball\\logs\\2025-10-24-16-37-23-mpf-TopGunPinball.log', 'prev_value': None, 'change': True}
2025-10-24 16:37:24,007 : INFO : EventManager : Event: ======'init_phase_1'====== Args={}
2025-10-24 16:37:24,052 : INFO : EventManager : Event: ======'init_phase_2'====== Args={}
2025-10-24 16:37:24,052 : INFO : SwitchController : Found active switch: ('playfield_board_lower-3208-0', <Platform.Virtual>) <switch.s_trough_1>
2025-10-24 16:37:24,052 : INFO : SwitchController : Found active switch: ('playfield_board_lower-3208-1', <Platform.Virtual>) <switch.s_trough_2>
2025-10-24 16:37:24,052 : INFO : SwitchController : Found active switch: ('playfield_board_lower-3208-2', <Platform.Virtual>) <switch.s_trough_3>
2025-10-24 16:37:24,052 : INFO : SwitchController : Found active switch: ('playfield_board_lower-3208-3', <Platform.Virtual>) <switch.s_trough_4>
2025-10-24 16:37:24,052 : INFO : SwitchController : Found active switch: ('playfield_board_lower-3208-4', <Platform.Virtual>) <switch.s_trough_5>
2025-10-24 16:37:24,052 : INFO : SwitchController : Found active switch: ('playfield_board_lower-3208-5', <Platform.Virtual>) <switch.s_trough_6>
2025-10-24 16:37:24,061 : INFO : EventManager : Event: ======'bcp_connection_attempt'====== Args={'name': 'local_display', 'host': 'localhost', 'port': 5050}
2025-10-24 16:37:24,062 : INFO : BCPClientSocket : Connecting BCP to 'local_display' at localhost:5050...
2025-10-24 16:37:24,075 : INFO : BCPClientSocket : Connected BCP to 'local_display' localhost:5050
2025-10-24 16:37:24,076 : INFO : EventManager : Event: ======'bcp_clients_connected'====== Args={}
2025-10-24 16:37:24,076 : INFO : ball_device.bd_plunger : BCH: Initial count: 0
2025-10-24 16:37:24,076 : INFO : ball_device.bd_plunger : State: idle
2025-10-24 16:37:24,077 : INFO : ball_device.bd_trough : BCH: Initial count: 6
2025-10-24 16:37:24,077 : INFO : ball_device.bd_trough : State: idle
2025-10-24 16:37:24,077 : INFO : ball_device.bd_lock_elevator : BCH: Initial count: 0
2025-10-24 16:37:24,077 : INFO : ball_device.bd_lock_elevator : State: idle
2025-10-24 16:37:24,078 : INFO : ball_device.bd_mode_scoop : BCH: Initial count: 0
2025-10-24 16:37:24,078 : INFO : ball_device.bd_mode_scoop : State: idle
2025-10-24 16:37:24,105 : INFO : EventManager : Event: ======'init_phase_3'====== Args={}
2025-10-24 16:37:24,652 : INFO : EventManager : Event: ======'init_phase_4'====== Args={}
2025-10-24 16:37:24,652 : INFO : BallController : Initial balls found: 6
2025-10-24 16:37:24,654 : INFO : EventManager : Event: ======'machine_var_audits_events_game_ended'====== Args={'value': 2, 'prev_value': None, 'change': True}
2025-10-24 16:37:24,654 : INFO : EventManager : Event: ======'machine_var_audits_events_game_started'====== Args={'value': 214, 'prev_value': None, 'change': True}
2025-10-24 16:37:24,654 : INFO : EventManager : Event: ======'machine_var_audits_missing_switches_s_a_iceman_target'====== Args={'value': 80, 'prev_value': None, 'change': True}
2025-10-24 16:37:24,654 : INFO : EventManager : Event: ======'machine_var_audits_missing_switches_s_barrier_target'====== Args={'value': 98, 'prev_value': None, 'change': True}
2025-10-24 16:37:24,654 : INFO : EventManager : Event: ======'machine_var_audits_missing_switches_s_bumper_center'====== Args={'value': 7, 'prev_value': None, 'change': True}
2025-10-24 16:37:24,654 : INFO : EventManager : Event: ======'machine_var_audits_missing_switches_s_bumper_left'====== Args={'value': 6, 'prev_value': None, 'change': True}
2025-10-24 16:37:24,655 : INFO : EventManager : Event: ======'machine_var_audits_missing_switches_s_bumper_right'====== Args={'value': 7, 'prev_value': None, 'change': True}
2025-10-24 16:37:24,655 : INFO : EventManager : Event: ======'machine_var_audits_missing_switches_s_c_iceman_target'====== Args={'value': 48, 'prev_value': None, 'change': True}
2025-10-24 16:37:24,655 : INFO : EventManager : Event: ======'machine_var_audits_missing_switches_s_c_lock_target'====== Args={'value': 98, 'prev_value': None, 'change': True}
2025-10-24 16:37:24,655 : INFO : EventManager : Event: ======'machine_var_audits_missing_switches_s_coin_door'====== Args={'value': 101, 'prev_value': None, 'change': True}
2025-10-24 16:37:24,655 : INFO : EventManager : Event: ======'machine_var_audits_missing_switches_s_coin_door_credit_left'====== Args={'value': 8, 'prev_value': None, 'change': True}
2025-10-24 16:37:24,655 : INFO : EventManager : Event: ======'machine_var_audits_missing_switches_s_coin_door_credit_right'====== Args={'value': 8, 'prev_value': None, 'change': True}
2025-10-24 16:37:24,655 : INFO : EventManager : Event: ======'machine_var_audits_missing_switches_s_coin_door_service_1'====== Args={'value': 101, 'prev_value': None, 'change': True}
2025-10-24 16:37:24,655 : INFO : EventManager : Event: ======'machine_var_audits_missing_switches_s_coin_door_service_2'====== Args={'value': 101, 'prev_value': None, 'change': True}
2025-10-24 16:37:24,655 : INFO : EventManager : Event: ======'machine_var_audits_missing_switches_s_coin_door_service_3'====== Args={'value': 101, 'prev_value': None, 'change': True}
2025-10-24 16:37:24,655 : INFO : EventManager : Event: ======'machine_var_audits_missing_switches_s_coin_door_service_4'====== Args={'value': 101, 'prev_value': None, 'change': True}
2025-10-24 16:37:24,655 : INFO : EventManager : Event: ======'machine_var_audits_missing_switches_s_e_iceman_target'====== Args={'value': 48, 'prev_value': None, 'change': True}
2025-10-24 16:37:24,655 : INFO : EventManager : Event: ======'machine_var_audits_missing_switches_s_flight_gear_target'====== Args={'value': 1, 'prev_value': None, 'change': True}
2025-10-24 16:37:24,655 : INFO : EventManager : Event: ======'machine_var_audits_missing_switches_s_flipper_left'====== Args={'value': 159, 'prev_value': None, 'change': True}
2025-10-24 16:37:24,655 : INFO : EventManager : Event: ======'machine_var_audits_missing_switches_s_flipper_left_eos'====== Args={'value': 161, 'prev_value': None, 'change': True}
2025-10-24 16:37:24,656 : INFO : EventManager : Event: ======'machine_var_audits_missing_switches_s_flipper_left_upper'====== Args={'value': 163, 'prev_value': None, 'change': True}
2025-10-24 16:37:24,656 : INFO : EventManager : Event: ======'machine_var_audits_missing_switches_s_flipper_left_upper_eos'====== Args={'value': 161, 'prev_value': None, 'change': True}
2025-10-24 16:37:24,656 : INFO : EventManager : Event: ======'machine_var_audits_missing_switches_s_flipper_right'====== Args={'value': 97, 'prev_value': None, 'change': True}
2025-10-24 16:37:24,656 : INFO : EventManager : Event: ======'machine_var_audits_missing_switches_s_flipper_right_eos'====== Args={'value': 161, 'prev_value': None, 'change': True}
2025-10-24 16:37:24,656 : INFO : EventManager : Event: ======'machine_var_audits_missing_switches_s_i_iceman_target'====== Args={'value': 48, 'prev_value': None, 'change': True}
2025-10-24 16:37:24,656 : INFO : EventManager : Event: ======'machine_var_audits_missing_switches_s_inlane_left'====== Args={'value': 94, 'prev_value': None, 'change': True}
2025-10-24 16:37:24,656 : INFO : EventManager : Event: ======'machine_var_audits_missing_switches_s_inner_inlane_right'====== Args={'value': 98, 'prev_value': None, 'change': True}
2025-10-24 16:37:24,656 : INFO : EventManager : Event: ======'machine_var_audits_missing_switches_s_jam'====== Args={'value': 100, 'prev_value': None, 'change': True}
2025-10-24 16:37:24,656 : INFO : EventManager : Event: ======'machine_var_audits_missing_switches_s_k_lock_target'====== Args={'value': 98, 'prev_value': None, 'change': True}
2025-10-24 16:37:24,656 : INFO : EventManager : Event: ======'machine_var_audits_missing_switches_s_l_lock_target'====== Args={'value': 98, 'prev_value': None, 'change': True}
2025-10-24 16:37:24,656 : INFO : EventManager : Event: ======'machine_var_audits_missing_switches_s_lock_goose'====== Args={'value': 163, 'prev_value': None, 'change': True}
2025-10-24 16:37:24,656 : INFO : EventManager : Event: ======'machine_var_audits_missing_switches_s_lock_mav'====== Args={'value': 163, 'prev_value': None, 'change': True}
2025-10-24 16:37:24,656 : INFO : EventManager : Event: ======'machine_var_audits_missing_switches_s_m_iceman_target'====== Args={'value': 88, 'prev_value': None, 'change': True}
2025-10-24 16:37:24,656 : INFO : EventManager : Event: ======'machine_var_audits_missing_switches_s_mode_start'====== Args={'value': 163, 'prev_value': None, 'change': True}
2025-10-24 16:37:24,656 : INFO : EventManager : Event: ======'machine_var_audits_missing_switches_s_n_iceman_target'====== Args={'value': 57, 'prev_value': None, 'change': True}
2025-10-24 16:37:24,656 : INFO : EventManager : Event: ======'machine_var_audits_missing_switches_s_o_lock_target'====== Args={'value': 98, 'prev_value': None, 'change': True}
2025-10-24 16:37:24,656 : INFO : EventManager : Event: ======'machine_var_audits_missing_switches_s_orbit_lower'====== Args={'value': 36, 'prev_value': None, 'change': True}
2025-10-24 16:37:24,656 : INFO : EventManager : Event: ======'machine_var_audits_missing_switches_s_orbit_right'====== Args={'value': 48, 'prev_value': None, 'change': True}
2025-10-24 16:37:24,656 : INFO : EventManager : Event: ======'machine_var_audits_missing_switches_s_orbit_upper'====== Args={'value': 7, 'prev_value': None, 'change': True}
2025-10-24 16:37:24,656 : INFO : EventManager : Event: ======'machine_var_audits_missing_switches_s_outer_inlane_right'====== Args={'value': 96, 'prev_value': None, 'change': True}
2025-10-24 16:37:24,656 : INFO : EventManager : Event: ======'machine_var_audits_missing_switches_s_outlane_left'====== Args={'value': 163, 'prev_value': None, 'change': True}
2025-10-24 16:37:24,658 : INFO : EventManager : Event: ======'machine_var_audits_missing_switches_s_outlane_right'====== Args={'value': 100, 'prev_value': None, 'change': True}
2025-10-24 16:37:24,658 : INFO : EventManager : Event: ======'machine_var_audits_missing_switches_s_plunger_lane'====== Args={'value': 10, 'prev_value': None, 'change': True}
2025-10-24 16:37:24,658 : INFO : EventManager : Event: ======'machine_var_audits_missing_switches_s_ramp_inner_exit'====== Args={'value': 8, 'prev_value': None, 'change': True}
2025-10-24 16:37:24,658 : INFO : EventManager : Event: ======'machine_var_audits_missing_switches_s_ramp_left_exit'====== Args={'value': 163, 'prev_value': None, 'change': True}
2025-10-24 16:37:24,658 : INFO : EventManager : Event: ======'machine_var_audits_missing_switches_s_ramp_right_exit'====== Args={'value': 163, 'prev_value': None, 'change': True}
2025-10-24 16:37:24,658 : INFO : EventManager : Event: ======'machine_var_audits_missing_switches_s_slingshot_left'====== Args={'value': 98, 'prev_value': None, 'change': True}
2025-10-24 16:37:24,658 : INFO : EventManager : Event: ======'machine_var_audits_missing_switches_s_slingshot_right'====== Args={'value': 98, 'prev_value': None, 'change': True}
2025-10-24 16:37:24,658 : INFO : EventManager : Event: ======'machine_var_audits_missing_switches_s_start'====== Args={'value': 7, 'prev_value': None, 'change': True}
2025-10-24 16:37:24,658 : INFO : EventManager : Event: ======'machine_var_audits_missing_switches_s_tilt'====== Args={'value': 101, 'prev_value': None, 'change': True}
2025-10-24 16:37:24,658 : INFO : EventManager : Event: ======'machine_var_audits_missing_switches_s_trough_1'====== Args={'value': 139, 'prev_value': None, 'change': True}
2025-10-24 16:37:24,658 : INFO : EventManager : Event: ======'machine_var_audits_missing_switches_s_trough_2'====== Args={'value': 139, 'prev_value': None, 'change': True}
2025-10-24 16:37:24,658 : INFO : EventManager : Event: ======'machine_var_audits_missing_switches_s_trough_3'====== Args={'value': 139, 'prev_value': None, 'change': True}
2025-10-24 16:37:24,658 : INFO : EventManager : Event: ======'machine_var_audits_missing_switches_s_trough_4'====== Args={'value': 214, 'prev_value': None, 'change': True}
2025-10-24 16:37:24,658 : INFO : EventManager : Event: ======'machine_var_audits_missing_switches_s_trough_5'====== Args={'value': 214, 'prev_value': None, 'change': True}
2025-10-24 16:37:24,658 : INFO : EventManager : Event: ======'machine_var_audits_player_score'====== Args={'value': {'average': 787666, 'top': [2229000, 73000, 61000], 'total': 3}, 'prev_value': None, 'change': True}
2025-10-24 16:37:24,659 : INFO : EventManager : Event: ======'machine_var_audits_shots_bumper_center'====== Args={'value': 498, 'prev_value': None, 'change': True}
2025-10-24 16:37:24,659 : INFO : EventManager : Event: ======'machine_var_audits_shots_bumper_left'====== Args={'value': 515, 'prev_value': None, 'change': True}
2025-10-24 16:37:24,659 : INFO : EventManager : Event: ======'machine_var_audits_shots_bumper_right'====== Args={'value': 369, 'prev_value': None, 'change': True}
2025-10-24 16:37:24,659 : INFO : EventManager : Event: ======'machine_var_audits_shots_mig_lane_left'====== Args={'value': 63, 'prev_value': None, 'change': True}
2025-10-24 16:37:24,659 : INFO : EventManager : Event: ======'machine_var_audits_shots_mig_lane_right'====== Args={'value': 9, 'prev_value': None, 'change': True}
2025-10-24 16:37:24,659 : INFO : EventManager : Event: ======'machine_var_audits_shots_orbit_upper'====== Args={'value': 13, 'prev_value': None, 'change': True}
2025-10-24 16:37:24,659 : INFO : EventManager : Event: ======'machine_var_audits_shots_ramp_inner'====== Args={'value': 35, 'prev_value': None, 'change': True}
2025-10-24 16:37:24,659 : INFO : EventManager : Event: ======'machine_var_audits_shots_spinner'====== Args={'value': 4, 'prev_value': None, 'change': True}
2025-10-24 16:37:24,659 : INFO : EventManager : Event: ======'machine_var_audits_switches_s_a_iceman_target'====== Args={'value': 25, 'prev_value': None, 'change': True}
2025-10-24 16:37:24,659 : INFO : EventManager : Event: ======'machine_var_audits_switches_s_barrier_target'====== Args={'value': 6, 'prev_value': None, 'change': True}
2025-10-24 16:37:24,659 : INFO : EventManager : Event: ======'machine_var_audits_switches_s_bumper_center'====== Args={'value': 518, 'prev_value': None, 'change': True}
2025-10-24 16:37:24,659 : INFO : EventManager : Event: ======'machine_var_audits_switches_s_bumper_left'====== Args={'value': 546, 'prev_value': None, 'change': True}
2025-10-24 16:37:24,659 : INFO : EventManager : Event: ======'machine_var_audits_switches_s_bumper_right'====== Args={'value': 375, 'prev_value': None, 'change': True}
2025-10-24 16:37:24,659 : INFO : EventManager : Event: ======'machine_var_audits_switches_s_c_iceman_target'====== Args={'value': 41, 'prev_value': None, 'change': True}
2025-10-24 16:37:24,659 : INFO : EventManager : Event: ======'machine_var_audits_switches_s_c_lock_target'====== Args={'value': 4, 'prev_value': None, 'change': True}
2025-10-24 16:37:24,659 : INFO : EventManager : Event: ======'machine_var_audits_switches_s_coin_door'====== Args={'value': 0, 'prev_value': None, 'change': True}
2025-10-24 16:37:24,660 : INFO : EventManager : Event: ======'machine_var_audits_switches_s_coin_door_credit_left'====== Args={'value': 0, 'prev_value': None, 'change': True}
2025-10-24 16:37:24,660 : INFO : EventManager : Event: ======'machine_var_audits_switches_s_coin_door_credit_right'====== Args={'value': 0, 'prev_value': None, 'change': True}
2025-10-24 16:37:24,660 : INFO : EventManager : Event: ======'machine_var_audits_switches_s_coin_door_service_1'====== Args={'value': 0, 'prev_value': None, 'change': True}
2025-10-24 16:37:24,660 : INFO : EventManager : Event: ======'machine_var_audits_switches_s_coin_door_service_2'====== Args={'value': 0, 'prev_value': None, 'change': True}
2025-10-24 16:37:24,660 : INFO : EventManager : Event: ======'machine_var_audits_switches_s_coin_door_service_3'====== Args={'value': 0, 'prev_value': None, 'change': True}
2025-10-24 16:37:24,660 : INFO : EventManager : Event: ======'machine_var_audits_switches_s_coin_door_service_4'====== Args={'value': 0, 'prev_value': None, 'change': True}
2025-10-24 16:37:24,660 : INFO : EventManager : Event: ======'machine_var_audits_switches_s_e_iceman_target'====== Args={'value': 45, 'prev_value': None, 'change': True}
2025-10-24 16:37:24,660 : INFO : EventManager : Event: ======'machine_var_audits_switches_s_flight_gear_target'====== Args={'value': 7, 'prev_value': None, 'change': True}
2025-10-24 16:37:24,660 : INFO : EventManager : Event: ======'machine_var_audits_switches_s_flipper_left'====== Args={'value': 9, 'prev_value': None, 'change': True}
2025-10-24 16:37:24,660 : INFO : EventManager : Event: ======'machine_var_audits_switches_s_flipper_left_eos'====== Args={'value': 0, 'prev_value': None, 'change': True}
2025-10-24 16:37:24,660 : INFO : EventManager : Event: ======'machine_var_audits_switches_s_flipper_left_upper'====== Args={'value': 0, 'prev_value': None, 'change': True}
2025-10-24 16:37:24,660 : INFO : EventManager : Event: ======'machine_var_audits_switches_s_flipper_left_upper_eos'====== Args={'value': 0, 'prev_value': None, 'change': True}
2025-10-24 16:37:24,660 : INFO : EventManager : Event: ======'machine_var_audits_switches_s_flipper_right'====== Args={'value': 17, 'prev_value': None, 'change': True}
2025-10-24 16:37:24,660 : INFO : EventManager : Event: ======'machine_var_audits_switches_s_flipper_right_eos'====== Args={'value': 0, 'prev_value': None, 'change': True}
2025-10-24 16:37:24,660 : INFO : EventManager : Event: ======'machine_var_audits_switches_s_i_iceman_target'====== Args={'value': 8, 'prev_value': None, 'change': True}
2025-10-24 16:37:24,660 : INFO : EventManager : Event: ======'machine_var_audits_switches_s_inlane_left'====== Args={'value': 53, 'prev_value': None, 'change': True}
2025-10-24 16:37:24,660 : INFO : EventManager : Event: ======'machine_var_audits_switches_s_inner_inlane_right'====== Args={'value': 3, 'prev_value': None, 'change': True}
2025-10-24 16:37:24,660 : INFO : EventManager : Event: ======'machine_var_audits_switches_s_jam'====== Args={'value': 1, 'prev_value': None, 'change': True}
2025-10-24 16:37:24,660 : INFO : EventManager : Event: ======'machine_var_audits_switches_s_k_lock_target'====== Args={'value': 5, 'prev_value': None, 'change': True}
2025-10-24 16:37:24,660 : INFO : EventManager : Event: ======'machine_var_audits_switches_s_l_lock_target'====== Args={'value': 5, 'prev_value': None, 'change': True}
2025-10-24 16:37:24,660 : INFO : EventManager : Event: ======'machine_var_audits_switches_s_lane_left'====== Args={'value': 17, 'prev_value': None, 'change': True}
2025-10-24 16:37:24,660 : INFO : EventManager : Event: ======'machine_var_audits_switches_s_lane_right'====== Args={'value': 91, 'prev_value': None, 'change': True}
2025-10-24 16:37:24,660 : INFO : EventManager : Event: ======'machine_var_audits_switches_s_lock_goose'====== Args={'value': 0, 'prev_value': None, 'change': True}
2025-10-24 16:37:24,660 : INFO : EventManager : Event: ======'machine_var_audits_switches_s_lock_mav'====== Args={'value': 0, 'prev_value': None, 'change': True}
2025-10-24 16:37:24,660 : INFO : EventManager : Event: ======'machine_var_audits_switches_s_lock_plunger'====== Args={'value': 2, 'prev_value': None, 'change': True}
2025-10-24 16:37:24,660 : INFO : EventManager : Event: ======'machine_var_audits_switches_s_m_iceman_target'====== Args={'value': 25, 'prev_value': None, 'change': True}
2025-10-24 16:37:24,660 : INFO : EventManager : Event: ======'machine_var_audits_switches_s_mig_lane_left'====== Args={'value': 93, 'prev_value': None, 'change': True}
2025-10-24 16:37:24,660 : INFO : EventManager : Event: ======'machine_var_audits_switches_s_mig_lane_right'====== Args={'value': 12, 'prev_value': None, 'change': True}
2025-10-24 16:37:24,660 : INFO : EventManager : Event: ======'machine_var_audits_switches_s_mode_start'====== Args={'value': 0, 'prev_value': None, 'change': True}
2025-10-24 16:37:24,660 : INFO : EventManager : Event: ======'machine_var_audits_switches_s_n_iceman_target'====== Args={'value': 34, 'prev_value': None, 'change': True}
2025-10-24 16:37:24,660 : INFO : EventManager : Event: ======'machine_var_audits_switches_s_o_lock_target'====== Args={'value': 5, 'prev_value': None, 'change': True}
2025-10-24 16:37:24,661 : INFO : EventManager : Event: ======'machine_var_audits_switches_s_orbit_left'====== Args={'value': 29, 'prev_value': None, 'change': True}
2025-10-24 16:37:24,661 : INFO : EventManager : Event: ======'machine_var_audits_switches_s_orbit_lower'====== Args={'value': 1, 'prev_value': None, 'change': True}
2025-10-24 16:37:24,661 : INFO : EventManager : Event: ======'machine_var_audits_switches_s_orbit_right'====== Args={'value': 14, 'prev_value': None, 'change': True}
2025-10-24 16:37:24,661 : INFO : EventManager : Event: ======'machine_var_audits_switches_s_orbit_upper'====== Args={'value': 14, 'prev_value': None, 'change': True}
2025-10-24 16:37:24,661 : INFO : EventManager : Event: ======'machine_var_audits_switches_s_outer_inlane_right'====== Args={'value': 5, 'prev_value': None, 'change': True}
2025-10-24 16:37:24,661 : INFO : EventManager : Event: ======'machine_var_audits_switches_s_outlane_left'====== Args={'value': 0, 'prev_value': None, 'change': True}
2025-10-24 16:37:24,661 : INFO : EventManager : Event: ======'machine_var_audits_switches_s_outlane_right'====== Args={'value': 4, 'prev_value': None, 'change': True}
2025-10-24 16:37:24,661 : INFO : EventManager : Event: ======'machine_var_audits_switches_s_plunger_lane'====== Args={'value': 46, 'prev_value': None, 'change': True}
2025-10-24 16:37:24,661 : INFO : EventManager : Event: ======'machine_var_audits_switches_s_ramp_inner_exit'====== Args={'value': 37, 'prev_value': None, 'change': True}
2025-10-24 16:37:24,661 : INFO : EventManager : Event: ======'machine_var_audits_switches_s_ramp_left_exit'====== Args={'value': 0, 'prev_value': None, 'change': True}
2025-10-24 16:37:24,661 : INFO : EventManager : Event: ======'machine_var_audits_switches_s_ramp_right_exit'====== Args={'value': 0, 'prev_value': None, 'change': True}
2025-10-24 16:37:24,661 : INFO : EventManager : Event: ======'machine_var_audits_switches_s_ramp_tower_exit'====== Args={'value': 3, 'prev_value': None, 'change': True}
2025-10-24 16:37:24,661 : INFO : EventManager : Event: ======'machine_var_audits_switches_s_shooter_lane'====== Args={'value': 148, 'prev_value': None, 'change': True}
2025-10-24 16:37:24,661 : INFO : EventManager : Event: ======'machine_var_audits_switches_s_slingshot_left'====== Args={'value': 8, 'prev_value': None, 'change': True}
2025-10-24 16:37:24,661 : INFO : EventManager : Event: ======'machine_var_audits_switches_s_slingshot_right'====== Args={'value': 7, 'prev_value': None, 'change': True}
2025-10-24 16:37:24,661 : INFO : EventManager : Event: ======'machine_var_audits_switches_s_spinner'====== Args={'value': 14, 'prev_value': None, 'change': True}
2025-10-24 16:37:24,661 : INFO : EventManager : Event: ======'machine_var_audits_switches_s_start'====== Args={'value': 152, 'prev_value': None, 'change': True}
2025-10-24 16:37:24,661 : INFO : EventManager : Event: ======'machine_var_audits_switches_s_tilt'====== Args={'value': 0, 'prev_value': None, 'change': True}
2025-10-24 16:37:24,661 : INFO : EventManager : Event: ======'machine_var_audits_switches_s_trough_1'====== Args={'value': 2, 'prev_value': None, 'change': True}
2025-10-24 16:37:24,661 : INFO : EventManager : Event: ======'machine_var_audits_switches_s_trough_2'====== Args={'value': 1, 'prev_value': None, 'change': True}
2025-10-24 16:37:24,661 : INFO : EventManager : Event: ======'machine_var_audits_switches_s_trough_3'====== Args={'value': 1, 'prev_value': None, 'change': True}
2025-10-24 16:37:24,661 : INFO : EventManager : Event: ======'machine_var_audits_switches_s_trough_4'====== Args={'value': 0, 'prev_value': None, 'change': True}
2025-10-24 16:37:24,661 : INFO : EventManager : Event: ======'machine_var_audits_switches_s_trough_5'====== Args={'value': 0, 'prev_value': None, 'change': True}
2025-10-24 16:37:24,662 : INFO : EventManager : Event: ======'machine_var_audits_switches_s_trough_6'====== Args={'value': 122, 'prev_value': None, 'change': True}
2025-10-24 16:37:24,662 : INFO : EventManager : Event: ======'init_phase_5'====== Args={}
2025-10-24 16:37:24,662 : INFO : EventManager : Event: ======'init_done'====== Args={}
2025-10-24 16:37:24,662 : INFO : EventManager : Event: ======'machine_reset_phase_1'====== Args={}
2025-10-24 16:37:24,673 : INFO : EventManager : Event: ======'machine_reset_phase_2'====== Args={}
2025-10-24 16:37:24,673 : INFO : EventManager : Event: ======'machine_reset_phase_3'====== Args={}
2025-10-24 16:37:24,673 : INFO : EventManager : Event: ======'reset_complete'====== Args={}
2025-10-24 16:37:24,673 : INFO : EventManager : Event: ======'mode_attract_will_start'====== Args={}
2025-10-24 16:37:24,673 : INFO : Timer.attract_carousel_timer : Starting Timer.
2025-10-24 16:37:24,673 : INFO : EventManager : Event: ======'timer_attract_carousel_timer_started'====== Args={'ticks': 0, 'ticks_remaining': 1}
2025-10-24 16:37:24,673 : INFO : EventManager : Event: ======'timer_attract_carousel_timer_tick'====== Args={'ticks': 0, 'ticks_remaining': 1}
2025-10-24 16:37:24,675 : INFO : EventManager : Event: ======'mode_attract_starting'====== Args={}
2025-10-24 16:37:24,675 : INFO : Mode.attract : Started. Priority: 10
2025-10-24 16:37:24,675 : INFO : EventManager : Event: ======'modes_active_modes_changed'====== Args={}
2025-10-24 16:37:24,675 : INFO : EventManager : Event: ======'mode_attract_started'====== Args={}
2025-10-24 16:37:24,675 : INFO : EventManager : Event: ======'attract_cycle_step1'====== Args={'priority': 0}
2025-10-24 16:37:24,676 : INFO : EventManager : Event: ======'collecting_balls_complete'====== Args={}
2025-10-24 16:37:24,676 : INFO : EventManager : Event: ======'item_highlighted'====== Args={'carousel': 'attract', 'direction': None, 'item': 'title'}
2025-10-24 16:37:24,676 : INFO : EventManager : Event: ======'timer_attract_carousel_timer_tick'====== Args={'ticks': 0, 'ticks_remaining': 1}
2025-10-24 16:37:24,677 : INFO : Machine : Starting the main run loop with active modes: [<Mode.attract>]
2025-10-24 16:37:24,753 : INFO : EventManager : Event: ======'slide_attract_created'====== Args={'_from_bcp': True}
2025-10-24 16:37:24,753 : INFO : EventManager : Event: ======'slide__removed'====== Args={'_from_bcp': True}
2025-10-24 16:37:24,754 : INFO : EventManager : Event: ======'slide_attract_active'====== Args={'original_context': 'attract', 'original_calling_context': 'mode_attract_started', 'priority': 10.0, 'cmd': 'slides_play', '_from_bcp': True}
2025-10-24 16:37:24,895 : INFO : BcpServer : New client connected.
2025-10-24 16:37:30,450 : INFO : SwitchController : <<<<<<< 's_start' active >>>>>>>
2025-10-24 16:37:30,545 : INFO : SwitchController : <<<<<<< 's_start' inactive >>>>>>>
2025-10-24 16:37:30,545 : INFO : EventManager : Event: ======'request_to_start_game'====== Args={}
2025-10-24 16:37:30,546 : INFO : EventManager : Event: ======'game_start'====== Args={'buttons': [], 'hold_time': 0.09299999999348074}
2025-10-24 16:37:30,546 : INFO : EventManager : Event: ======'mode_game_will_start'====== Args={'buttons': [], 'hold_time': 0.09299999999348074}
2025-10-24 16:37:30,546 : INFO : EventManager : Event: ======'mode_game_starting'====== Args={'buttons': [], 'hold_time': 0.09299999999348074}
2025-10-24 16:37:30,547 : INFO : EventManager : Event: ======'mode_attract_will_stop'====== Args={}
2025-10-24 16:37:30,547 : INFO : EventManager : Event: ======'mode_attract_stopping'====== Args={}
2025-10-24 16:37:30,547 : INFO : Mode.game : Started. Priority: 20
2025-10-24 16:37:30,547 : INFO : EventManager : Event: ======'modes_active_modes_changed'====== Args={}
2025-10-24 16:37:30,548 : INFO : EventManager : Event: ======'mode_game_started'====== Args={'buttons': [], 'hold_time': 0.09299999999348074}
2025-10-24 16:37:30,548 : INFO : Mode.attract : Stopped.
2025-10-24 16:37:30,548 : INFO : EventManager : Event: ======'modes_active_modes_changed'====== Args={}
2025-10-24 16:37:30,549 : INFO : EventManager : Event: ======'mode_attract_stopped'====== Args={}
2025-10-24 16:37:30,549 : INFO : EventManager : Event: ======'clear'====== Args={'key': 'attract'}
2025-10-24 16:37:30,549 : INFO : Timer.attract_carousel_timer : Stopping Timer
2025-10-24 16:37:30,549 : INFO : EventManager : Event: ======'timer_attract_carousel_timer_stopped'====== Args={'ticks': 0, 'ticks_remaining': 1}
2025-10-24 16:37:30,550 : INFO : EventManager : Event: ======'game_will_start'====== Args={}
2025-10-24 16:37:30,550 : INFO : EventManager : Event: ======'game_starting'====== Args={'game': <Mode.game>}
2025-10-24 16:37:30,554 : INFO : EventManager : Unordered handler for class <Auditor> on event game_ended with priority 1. Handlers: [RegisteredHandler(callback=<bound method Auditor.disable of <Auditor>>, priority=1, kwargs={}, key=UUID('95822a3d-370e-4db2-a2e6-e79915701e53'), condition=None, blocking_facility=None), RegisteredHandler(callback=<bound method Auditor._save_audits of <Auditor>>, priority=1, kwargs={}, key=UUID('6aadaec8-f2c5-4c4b-b4e9-c6f72c607ba1'), condition=None, blocking_facility=None)]. The order of those handlers is not defined and they will be executed in random order. This might lead to race conditions and potential bugs.
2025-10-24 16:37:30,554 : INFO : EventManager : Event: ======'player_add_request'====== Args={}
2025-10-24 16:37:30,554 : INFO : EventManager : Event: ======'player_will_add'====== Args={'number': 1}
2025-10-24 16:37:30,555 : INFO : EventManager : Event: ======'player_adding'====== Args={'player': <Player 1>, 'number': 1}
2025-10-24 16:37:30,555 : INFO : EventManager : Event: ======'player_added'====== Args={'player': <Player 1>, 'num': 1}
2025-10-24 16:37:30,555 : INFO : Mode.game : Player added successfully. Total players: 1
2025-10-24 16:37:30,555 : INFO : EventManager : Event: ======'player_index'====== Args={'value': 0, 'prev_value': 0, 'change': 0, 'player_num': 1}
2025-10-24 16:37:30,555 : INFO : EventManager : Event: ======'player_number'====== Args={'value': 1, 'prev_value': 1, 'change': 0, 'player_num': 1}
2025-10-24 16:37:30,555 : INFO : EventManager : Event: ======'player_score'====== Args={'value': 0, 'prev_value': 0, 'change': 0, 'player_num': 1}
2025-10-24 16:37:30,556 : INFO : EventManager : Event: ======'game_started'====== Args={}
2025-10-24 16:37:30,556 : INFO : EventManager : Event: ======'player_turn_will_start'====== Args={'player': <Player 1>, 'number': 1}
2025-10-24 16:37:30,557 : INFO : EventManager : Event: ======'player_turn_starting'====== Args={'player': <Player 1>, 'number': 1}
2025-10-24 16:37:30,558 : INFO : EventManager : Event: ======'player_ball'====== Args={'value': 1, 'prev_value': 0, 'change': 1, 'player_num': 1}
2025-10-24 16:37:30,564 : INFO : EventManager : Event: ======'player_turn_started'====== Args={'player': <Player 1>, 'number': 1}
2025-10-24 16:37:30,565 : INFO : EventManager : Event: ======'ui_player_1_up'====== Args={'priority': 0}
2025-10-24 16:37:30,565 : INFO : EventManager : Event: ======'ball_will_start'====== Args={'player': 1, 'ball': 1, 'balls_remaining': 2, 'is_extra_ball': False}
2025-10-24 16:37:30,566 : INFO : EventManager : Event: ======'ball_starting'====== Args={'player': 1, 'ball': 1, 'balls_remaining': 2, 'is_extra_ball': False}
2025-10-24 16:37:30,567 : INFO : EventManager : Event: ======'mode_base_will_start'====== Args={'queue': <QueuedEvent>, 'player': 1, 'ball': 1, 'balls_remaining': 2, 'is_extra_ball': False}
2025-10-24 16:37:30,568 : INFO : EventManager : Event: ======'mode_base_starting'====== Args={'queue': <QueuedEvent>, 'player': 1, 'ball': 1, 'balls_remaining': 2, 'is_extra_ball': False}
2025-10-24 16:37:30,570 : INFO : Mode.base : Started. Priority: 100
2025-10-24 16:37:30,570 : INFO : EventManager : Event: ======'modes_active_modes_changed'====== Args={}
2025-10-24 16:37:30,570 : INFO : EventManager : Event: ======'mode_base_started'====== Args={'queue': <QueuedEvent>, 'player': 1, 'ball': 1, 'balls_remaining': 2, 'is_extra_ball': False}
2025-10-24 16:37:30,570 : INFO : EventManager : Event: ======'start_mode_bumpers'====== Args={'priority': 0}
2025-10-24 16:37:30,571 : INFO : EventManager : Event: ======'mode_bumpers_will_start'====== Args={'priority': 0}
2025-10-24 16:37:30,571 : INFO : EventManager : Event: ======'player_shot_bumper_left_enabled'====== Args={'value': True, 'prev_value': 0, 'change': 1, 'player_num': 1}
2025-10-24 16:37:30,571 : INFO : EventManager : Event: ======'player_shot_bumper_center_enabled'====== Args={'value': True, 'prev_value': 0, 'change': 1, 'player_num': 1}
2025-10-24 16:37:30,571 : INFO : EventManager : Event: ======'player_shot_bumper_right_enabled'====== Args={'value': True, 'prev_value': 0, 'change': 1, 'player_num': 1}
2025-10-24 16:37:30,572 : INFO : EventManager : Event: ======'bumpers_complete'====== Args={'state': 'unlit'}
2025-10-24 16:37:30,572 : INFO : EventManager : Event: ======'bumpers_unlit_complete'====== Args={}
2025-10-24 16:37:30,572 : INFO : EventManager : Event: ======'mode_bumpers_starting'====== Args={'priority': 0}
2025-10-24 16:37:30,572 : INFO : Mode.bumpers : Started. Priority: 200
2025-10-24 16:37:30,572 : INFO : EventManager : Event: ======'modes_active_modes_changed'====== Args={}
2025-10-24 16:37:30,573 : INFO : EventManager : Event: ======'mode_bumpers_started'====== Args={'priority': 0}
2025-10-24 16:37:30,573 : INFO : EventManager : Event: ======'balls_in_play'====== Args={'balls': 1}
2025-10-24 16:37:30,573 : INFO : EventManager : Event: ======'ball_started'====== Args={'player': 1, 'ball': 1, 'balls_remaining': 2, 'is_extra_ball': False}
2025-10-24 16:37:30,575 : INFO : EventManager : Event: ======'single_player_ball_started'====== Args={}
2025-10-24 16:37:30,575 : INFO : EventManager : Event: ======'ball_start_target'====== Args={'target': 'playfield'}
2025-10-24 16:37:30,575 : INFO : ball_device.bd_plunger : Setting up player-controlled eject. Balls: 1, Target: <playfield.playfield>, player_controlled_eject_event: None
2025-10-24 16:37:30,576 : INFO : EventManager : Event: ======'balldevice_balls_available'====== Args={}
2025-10-24 16:37:30,578 : INFO : ball_device.bd_trough : State: waiting_for_target_ready
2025-10-24 16:37:30,578 : INFO : EventManager : Event: ======'balldevice_bd_trough_ball_eject_attempt'====== Args={'balls': 1, 'target': <ball_device.bd_plunger>, 'source': <ball_device.bd_trough>, 'mechanical_eject': True, 'num_attempts': 0}
2025-10-24 16:37:30,578 : INFO : ball_device.bd_plunger : State: waiting_for_ball
2025-10-24 16:37:30,579 : INFO : ball_device.bd_trough : State: ejecting
2025-10-24 16:37:30,579 : INFO : ball_device.bd_trough : Ejecting ball to <ball_device.bd_plunger>
2025-10-24 16:37:30,580 : INFO : EventManager : Event: ======'balldevice_bd_trough_ejecting_ball'====== Args={'balls': 1, 'target': <ball_device.bd_plunger>, 'source': <ball_device.bd_trough>, 'mechanical_eject': True, 'num_attempts': 0}
2025-10-24 16:37:30,580 : INFO : ball_device.bd_trough : Wait for ball to leave device
2025-10-24 16:37:30,580 : INFO : coil.c_trough_eject : Pulsing Driver for 10ms (0.75 pulse_power)
2025-10-24 16:37:30,652 : INFO : EventManager : Event: ======'slide_base_slide_created'====== Args={'_from_bcp': True}
2025-10-24 16:37:30,653 : INFO : EventManager : Event: ======'slide_attract_inactive'====== Args={'is_removing': True, '_from_bcp': True}
2025-10-24 16:37:30,654 : INFO : EventManager : Event: ======'slide_base_slide_active'====== Args={'original_context': 'base', 'original_calling_context': 'mode_base_started', 'priority': 100.0, 'queue': '<QueuedEvent>', 'player': 1.0, 'ball': 1.0, 'balls_remaining': 2.0, 'is_extra_ball': False, 'cmd': 'slides_play', '_from_bcp': True}
2025-10-24 16:37:30,657 : INFO : EventManager : Event: ======'slide_attract_removed'====== Args={'_from_bcp': True}
2025-10-24 16:37:31,717 : INFO : SwitchController : <<<<<<< 's_trough_6' inactive >>>>>>>
2025-10-24 16:37:31,718 : INFO : ball_device.bd_trough : State: ball_left
2025-10-24 16:37:31,718 : INFO : ball_device.bd_trough : Ball left
2025-10-24 16:37:31,718 : INFO : ball_device.bd_trough : Wait for confirm with timeout 3.0
2025-10-24 16:37:32,483 : INFO : SwitchController : <<<<<<< 's_shooter_lane' active >>>>>>>
2025-10-24 16:37:32,483 : INFO : EventManager : Event: ======'s_shooter_lane_active'====== Args={}
2025-10-24 16:37:32,483 : INFO : EventManager : Event: ======'machine_var_audits_switches_s_shooter_lane'====== Args={'value': 149, 'prev_value': 148, 'change': 1}
2025-10-24 16:37:32,484 : INFO : EventManager : Event: ======'mode_skillshot_will_start'====== Args={}
2025-10-24 16:37:32,485 : INFO : EventManager : Event: ======'player_shot_mig_lane_left_enabled'====== Args={'value': True, 'prev_value': 0, 'change': 1, 'player_num': 1}
2025-10-24 16:37:32,486 : INFO : EventManager : Event: ======'player_shot_mig_lane_right_enabled'====== Args={'value': True, 'prev_value': 0, 'change': 1, 'player_num': 1}
2025-10-24 16:37:32,486 : INFO : EventManager : Event: ======'player_shot_spinner_enabled'====== Args={'value': True, 'prev_value': 0, 'change': 1, 'player_num': 1}
2025-10-24 16:37:32,486 : INFO : EventManager : Event: ======'player_shot_orbit_upper_enabled'====== Args={'value': True, 'prev_value': 0, 'change': 1, 'player_num': 1}
2025-10-24 16:37:32,487 : INFO : EventManager : Event: ======'player_shot_ramp_inner_enabled'====== Args={'value': True, 'prev_value': 0, 'change': 1, 'player_num': 1}
2025-10-24 16:37:32,487 : INFO : EventManager : Event: ======'skillshot_group_complete'====== Args={'state': 'off'}
2025-10-24 16:37:32,487 : INFO : EventManager : Event: ======'skillshot_group_off_complete'====== Args={}
2025-10-24 16:37:32,488 : INFO : EventManager : Event: ======'player_skillshot_skillshot_tick'====== Args={'value': 9, 'prev_value': 0, 'change': 9, 'player_num': 1}
2025-10-24 16:37:32,488 : INFO : EventManager : Event: ======'player_skillshot_skillshot_sound_loop_tick'====== Args={'value': 0, 'prev_value': 0, 'change': 0, 'player_num': 1}
2025-10-24 16:37:32,493 : INFO : EventManager : Event: ======'mode_skillshot_starting'====== Args={}
2025-10-24 16:37:32,493 : INFO : Mode.skillshot : Started. Priority: 100
2025-10-24 16:37:32,493 : INFO : EventManager : Event: ======'modes_active_modes_changed'====== Args={}
2025-10-24 16:37:32,493 : INFO : EventManager : Event: ======'mode_skillshot_started'====== Args={}
2025-10-24 16:37:32,493 : INFO : EventManager : Event: ======'player_shot_mig_lane_left'====== Args={'value': 1, 'prev_value': 0, 'change': 1, 'player_num': 1}
2025-10-24 16:37:32,494 : INFO : EventManager : Event: ======'player_shot_mig_lane_right'====== Args={'value': 1, 'prev_value': 0, 'change': 1, 'player_num': 1}
2025-10-24 16:37:32,494 : INFO : EventManager : Event: ======'player_shot_spinner'====== Args={'value': 1, 'prev_value': 0, 'change': 1, 'player_num': 1}
2025-10-24 16:37:32,494 : INFO : EventManager : Event: ======'player_shot_orbit_upper'====== Args={'value': 1, 'prev_value': 0, 'change': 1, 'player_num': 1}
2025-10-24 16:37:32,495 : INFO : EventManager : Event: ======'player_shot_ramp_inner'====== Args={'value': 1, 'prev_value': 0, 'change': 1, 'player_num': 1}
2025-10-24 16:37:32,495 : INFO : Timer.skillshot_sound_loop : Starting Timer.
2025-10-24 16:37:32,495 : INFO : EventManager : Event: ======'timer_skillshot_sound_loop_started'====== Args={'ticks': 0, 'ticks_remaining': 999}
2025-10-24 16:37:32,495 : INFO : EventManager : Event: ======'timer_skillshot_sound_loop_tick'====== Args={'ticks': 0, 'ticks_remaining': 999}
2025-10-24 16:37:32,496 : INFO : EventManager : Event: ======'skillshot_group_complete'====== Args={'state': 'lit'}
2025-10-24 16:37:32,496 : INFO : EventManager : Event: ======'skillshot_group_lit_complete'====== Args={}
2025-10-24 16:37:32,533 : INFO : EventManager : Event: ======'slide_skillshot_ball_in_shooter_lane_created'====== Args={'_from_bcp': True}
2025-10-24 16:37:32,533 : INFO : EventManager : Event: ======'slide_base_slide_inactive'====== Args={'is_removing': False, '_from_bcp': True}
2025-10-24 16:37:32,535 : INFO : EventManager : Event: ======'slide_skillshot_ball_in_shooter_lane_active'====== Args={'original_context': 'skillshot', 'original_calling_context': 'timer_skillshot_sound_loop_tick', 'priority': 100.0, 'ticks': 0.0, 'ticks_remaining': 999.0, 'cmd': 'slides_play', '_from_bcp': True}
2025-10-24 16:37:32,797 : INFO : ball_device.bd_plunger : Received ball from <ball_device.bd_trough>
2025-10-24 16:37:32,797 : INFO : EventManager : Event: ======'balldevice_bd_plunger_ball_enter'====== Args={'new_balls': 1, 'unclaimed_balls': 0, 'new_available_balls': 0, 'device': <ball_device.bd_plunger>}
2025-10-24 16:37:32,798 : INFO : EventManager : Event: ======'balldevice_bd_plunger_ball_entered'====== Args={'new_balls': 0, 'device': <ball_device.bd_plunger>}
2025-10-24 16:37:32,798 : INFO : EventManager : Event: ======'balldevice_bd_plunger_ball_count_changed'====== Args={'balls': 1}
2025-10-24 16:37:32,798 : INFO : ball_device.bd_trough : Got eject confirm
2025-10-24 16:37:32,800 : INFO : ball_device.bd_trough : Eject successful
2025-10-24 16:37:32,800 : INFO : EventManager : Event: ======'balldevice_bd_trough_ball_eject_success'====== Args={'balls': 1, 'target': <ball_device.bd_plunger>}
2025-10-24 16:37:32,800 : INFO : EventManager : Event: ======'balldevice_bd_trough_ball_count_changed'====== Args={'balls': 5}
2025-10-24 16:37:32,800 : INFO : ball_device.bd_trough : State: idle
2025-10-24 16:37:32,801 : INFO : ball_device.bd_plunger : State: waiting_for_target_ready
2025-10-24 16:37:32,801 : INFO : EventManager : Event: ======'balldevice_bd_plunger_ball_eject_attempt'====== Args={'balls': 1, 'target': <playfield.playfield>, 'source': <ball_device.bd_plunger>, 'mechanical_eject': True, 'num_attempts': 0}
2025-10-24 16:37:32,802 : INFO : ball_device.bd_plunger : State: ejecting
2025-10-24 16:37:32,802 : INFO : ball_device.bd_plunger : Ejecting ball to <playfield.playfield>
2025-10-24 16:37:32,802 : INFO : EventManager : Event: ======'balldevice_bd_plunger_ejecting_ball'====== Args={'balls': 1, 'target': <playfield.playfield>, 'source': <ball_device.bd_plunger>, 'mechanical_eject': True, 'num_attempts': 0}
2025-10-24 16:37:32,803 : INFO : EventManager : Event: ======'video_idle_start'====== Args={'priority': 0}
2025-10-24 16:37:32,803 : INFO : ball_device.bd_plunger : Wait for ball to leave device
2025-10-24 16:37:32,992 : INFO : SwitchController : <<<<<<< 's_shooter_lane' inactive >>>>>>>
2025-10-24 16:37:32,992 : INFO : EventManager : Event: ======'s_shooter_lane_inactive'====== Args={}
2025-10-24 16:37:32,994 : INFO : Timer.skillshot : Starting Timer.
2025-10-24 16:37:32,994 : INFO : EventManager : Event: ======'timer_skillshot_started'====== Args={'ticks': 9, 'ticks_remaining': 9}
2025-10-24 16:37:32,994 : INFO : EventManager : Event: ======'timer_skillshot_tick'====== Args={'ticks': 9, 'ticks_remaining': 9}
2025-10-24 16:37:32,994 : INFO : Timer.skillshot_sound_loop : Stopping Timer
2025-10-24 16:37:32,994 : INFO : EventManager : Event: ======'timer_skillshot_sound_loop_stopped'====== Args={'ticks': 0, 'ticks_remaining': 999}
2025-10-24 16:37:32,994 : INFO : EventManager : Event: ======'video_launch_start'====== Args={'priority': 0}
2025-10-24 16:37:32,995 : INFO : ball_device.bd_plunger : State: ball_left
2025-10-24 16:37:32,997 : INFO : ball_device.bd_plunger : Ball left
2025-10-24 16:37:32,997 : INFO : ball_device.bd_plunger : Wait for confirm with timeout 3.0
2025-10-24 16:37:33,010 : INFO : EventManager : Event: ======'slide_skillshot_ball_in_shooter_lane_inactive'====== Args={'is_removing': True, '_from_bcp': True}
2025-10-24 16:37:33,010 : INFO : EventManager : Event: ======'slide_base_slide_active'====== Args={'_from_bcp': True}
2025-10-24 16:37:33,017 : INFO : EventManager : Event: ======'slide_skillshot_ball_in_shooter_lane_removed'====== Args={'_from_bcp': True}
2025-10-24 16:37:33,033 : INFO : EventManager : Event: ======'slide_skillshot_ball_launched_created'====== Args={'_from_bcp': True}
2025-10-24 16:37:33,033 : INFO : EventManager : Event: ======'slide_base_slide_inactive'====== Args={'is_removing': False, '_from_bcp': True}
2025-10-24 16:37:33,033 : INFO : EventManager : Event: ======'slide_skillshot_ball_launched_active'====== Args={'original_context': 'skillshot', 'original_calling_context': 's_shooter_lane_inactive{mode.skillshot.active}', 'priority': 100.0, 'cmd': 'slides_play', '_from_bcp': True}
2025-10-24 16:37:33,997 : INFO : EventManager : Event: ======'player_skillshot_skillshot_tick'====== Args={'value': 8, 'prev_value': 9, 'change': -1, 'player_num': 1}
2025-10-24 16:37:33,998 : INFO : EventManager : Event: ======'timer_skillshot_tick'====== Args={'ticks': 8, 'ticks_remaining': 8}
2025-10-24 16:37:34,000 : INFO : SwitchController : <<<<<<< 's_lane_right' active >>>>>>>
2025-10-24 16:37:34,000 : INFO : EventManager : Event: ======'sw_playfield_active'====== Args={}
2025-10-24 16:37:34,000 : INFO : EventManager : Event: ======'machine_var_audits_switches_s_lane_right'====== Args={'value': 92, 'prev_value': 91, 'change': 1}
2025-10-24 16:37:34,001 : INFO : EventManager : Event: ======'playfield_active'====== Args={'source': None}
2025-10-24 16:37:34,079 : INFO : SwitchController : <<<<<<< 's_lane_right' inactive >>>>>>>
2025-10-24 16:37:35,013 : INFO : EventManager : Event: ======'player_skillshot_skillshot_tick'====== Args={'value': 7, 'prev_value': 8, 'change': -1, 'player_num': 1}
2025-10-24 16:37:35,014 : INFO : EventManager : Event: ======'timer_skillshot_tick'====== Args={'ticks': 7, 'ticks_remaining': 7}
2025-10-24 16:37:35,509 : INFO : SwitchController : <<<<<<< 's_mig_lane_right' active >>>>>>>
2025-10-24 16:37:35,509 : INFO : EventManager : Event: ======'playfield_active'====== Args={'source': 'mig_lane_right'}
2025-10-24 16:37:35,509 : INFO : EventManager : Event: ======'s_mig_lane_right_active'====== Args={}
2025-10-24 16:37:35,509 : INFO : EventManager : Event: ======'sw_playfield_active'====== Args={}
2025-10-24 16:37:35,509 : INFO : EventManager : Event: ======'sw_playfield_active'====== Args={}
2025-10-24 16:37:35,510 : INFO : EventManager : Event: ======'machine_var_audits_switches_s_mig_lane_right'====== Args={'value': 13, 'prev_value': 12, 'change': 1}
2025-10-24 16:37:35,511 : INFO : EventManager : Event: ======'machine_var_audits_shots_mig_lane_right'====== Args={'value': 10, 'prev_value': 9, 'change': 1}
2025-10-24 16:37:35,511 : INFO : EventManager : Event: ======'mig_lane_right_hit'====== Args={'profile': 'skill', 'state': 'lit', 'advancing': False}
2025-10-24 16:37:35,511 : INFO : EventManager : Event: ======'mig_lane_right_skill_hit'====== Args={'profile': 'skill', 'state': 'lit', 'advancing': False}
2025-10-24 16:37:35,513 : INFO : EventManager : Event: ======'mig_lane_right_skill_lit_hit'====== Args={'profile': 'skill', 'state': 'lit', 'advancing': False}
2025-10-24 16:37:35,513 : INFO : EventManager : Event: ======'mig_lane_right_lit_hit'====== Args={'profile': 'skill', 'state': 'lit', 'advancing': False}
2025-10-24 16:37:35,513 : INFO : EventManager : Event: ======'skillshot_group_hit'====== Args={'shot': 'mig_lane_right'}
2025-10-24 16:37:35,513 : INFO : EventManager : Event: ======'skillshot_group_lit_hit'====== Args={'shot': 'mig_lane_right'}
2025-10-24 16:37:35,513 : INFO : EventManager : Event: ======'mode_skillshot_will_stop'====== Args={}
2025-10-24 16:37:35,514 : INFO : EventManager : Event: ======'mode_skillshot_stopping'====== Args={}
2025-10-24 16:37:35,514 : INFO : EventManager : Event: ======'show_skillshot_mig_video'====== Args={'priority': 0}
2025-10-24 16:37:35,514 : INFO : EventManager : Event: ======'player_score'====== Args={'value': 25000, 'prev_value': 0, 'change': 25000, 'player_num': 1, 'source': 'skillshot'}
2025-10-24 16:37:35,514 : INFO : EventManager : Event: ======'player_skillshot_count'====== Args={'value': 1, 'prev_value': 0, 'change': 1, 'player_num': 1, 'source': 'skillshot'}
2025-10-24 16:37:35,514 : INFO : EventManager : Event: ======'player_priority'====== Args={'value': 600, 'prev_value': 0, 'change': 600, 'player_num': 1, 'source': 'skillshot'}
2025-10-24 16:37:35,515 : INFO : Timer.skillshot : Stopping Timer
2025-10-24 16:37:35,515 : INFO : EventManager : Event: ======'timer_skillshot_stopped'====== Args={'ticks': 7, 'ticks_remaining': 7}
2025-10-24 16:37:35,515 : INFO : Timer.skillshot_sound_loop : Stopping Timer
2025-10-24 16:37:35,515 : INFO : EventManager : Event: ======'timer_skillshot_sound_loop_stopped'====== Args={'ticks': 0, 'ticks_remaining': 999}
2025-10-24 16:37:35,515 : INFO : EventManager : Event: ======'playfield_active'====== Args={'source': None}
2025-10-24 16:37:35,515 : INFO : EventManager : Event: ======'playfield_active'====== Args={'source': None}
2025-10-24 16:37:35,515 : INFO : Mode.skillshot : Stopped.
2025-10-24 16:37:35,516 : INFO : EventManager : Event: ======'modes_active_modes_changed'====== Args={}
2025-10-24 16:37:35,516 : INFO : EventManager : Event: ======'mode_skillshot_stopped'====== Args={}
2025-10-24 16:37:35,516 : INFO : EventManager : Event: ======'clear'====== Args={'key': 'skillshot'}
2025-10-24 16:37:35,516 : INFO : EventManager : Event: ======'mode_pilot_mission_qualifier_will_start'====== Args={}
2025-10-24 16:37:35,521 : INFO : EventManager : Event: ======'mode_pilot_mission_qualifier_starting'====== Args={}
2025-10-24 16:37:35,521 : INFO : Mode.pilot_mission_qualifier : Started. Priority: 200
2025-10-24 16:37:35,521 : INFO : EventManager : Event: ======'modes_active_modes_changed'====== Args={}
2025-10-24 16:37:35,521 : INFO : EventManager : Event: ======'mode_pilot_mission_qualifier_started'====== Args={}
2025-10-24 16:37:35,522 : INFO : Timer.skillshot_sound_loop : Stopping Timer
2025-10-24 16:37:35,522 : INFO : EventManager : Event: ======'timer_skillshot_sound_loop_stopped'====== Args={'ticks': 0, 'ticks_remaining': 999}
2025-10-24 16:37:35,523 : INFO : Timer.skillshot : Stopping Timer
2025-10-24 16:37:35,523 : INFO : EventManager : Event: ======'timer_skillshot_stopped'====== Args={'ticks': 7, 'ticks_remaining': 7}
2025-10-24 16:37:35,553 : INFO : EventManager : Event: ======'slide_skillshot_mig_hit_created'====== Args={'_from_bcp': True}
2025-10-24 16:37:35,554 : INFO : EventManager : Event: ======'slide_skillshot_ball_launched_inactive'====== Args={'is_removing': False, '_from_bcp': True}
2025-10-24 16:37:35,554 : INFO : EventManager : Event: ======'slide_skillshot_mig_hit_active'====== Args={'original_context': 'base', 'original_calling_context': 'show_skillshot_mig_video', 'priority': 100.0, 'cmd': 'slides_play', '_from_bcp': True}
2025-10-24 16:37:35,555 : INFO : EventManager : Event: ======'slide_skillshot_ball_launched_removed'====== Args={'_from_bcp': True}
2025-10-24 16:37:35,625 : INFO : SwitchController : <<<<<<< 's_mig_lane_right' inactive >>>>>>>
2025-10-24 16:37:36,000 : INFO : ball_device.bd_plunger : State: failed_confirm
2025-10-24 16:37:36,001 : INFO : ball_device.bd_plunger : Got timeout (3.0s) before confirm from <playfield.playfield>
2025-10-24 16:37:36,094 : INFO : ball_device.bd_plunger : Confirming eject because target is playfield and ball did not return.
2025-10-24 16:37:36,094 : INFO : ball_device.bd_plunger : Eject successful
2025-10-24 16:37:36,094 : INFO : EventManager : Event: ======'balldevice_bd_plunger_ball_eject_success'====== Args={'balls': 1, 'target': <playfield.playfield>}
2025-10-24 16:37:36,094 : INFO : EventManager : Event: ======'balldevice_playfield_ball_enter'====== Args={'new_balls': 1, 'unclaimed_balls': 1, 'device': <playfield.playfield>}
2025-10-24 16:37:36,095 : INFO : EventManager : Event: ======'playfield_ball_count_change'====== Args={'balls': 1, 'change': 1}
2025-10-24 16:37:36,095 : INFO : EventManager : Event: ======'balldevice_bd_plunger_ball_count_changed'====== Args={'balls': 0}
2025-10-24 16:37:36,095 : INFO : ball_device.bd_plunger : State: idle
2025-10-24 16:37:37,103 : INFO : SwitchController : <<<<<<< 's_lane_left' active >>>>>>>
2025-10-24 16:37:37,104 : INFO : EventManager : Event: ======'s_lane_left_active'====== Args={}
2025-10-24 16:37:37,104 : INFO : EventManager : Event: ======'sw_playfield_active'====== Args={}
2025-10-24 16:37:37,104 : INFO : EventManager : Event: ======'sw_playfield_active'====== Args={}
2025-10-24 16:37:37,104 : INFO : EventManager : Event: ======'machine_var_audits_switches_s_lane_left'====== Args={'value': 18, 'prev_value': 17, 'change': 1}
2025-10-24 16:37:37,106 : INFO : EventManager : Event: ======'player_topgun_shots_collected'====== Args={'value': 1, 'prev_value': 0, 'change': 1, 'player_num': 1, 'source': 'pilot_mission_qualifier'}
2025-10-24 16:37:37,107 : INFO : EventManager : Event: ======'player_topgun_letter_t'====== Args={'value': 1, 'prev_value': 0, 'change': 1, 'player_num': 1, 'source': 'pilot_mission_qualifier'}
2025-10-24 16:37:37,166 : INFO : SwitchController : <<<<<<< 's_lane_left' inactive >>>>>>>
2025-10-24 16:37:37,776 : INFO : SwitchController : <<<<<<< 's_lane_left' active >>>>>>>
2025-10-24 16:37:37,776 : INFO : EventManager : Event: ======'s_lane_left_active'====== Args={}
2025-10-24 16:37:37,776 : INFO : EventManager : Event: ======'sw_playfield_active'====== Args={}
2025-10-24 16:37:37,777 : INFO : EventManager : Event: ======'sw_playfield_active'====== Args={}
2025-10-24 16:37:37,777 : INFO : EventManager : Event: ======'machine_var_audits_switches_s_lane_left'====== Args={'value': 19, 'prev_value': 18, 'change': 1}
2025-10-24 16:37:37,778 : INFO : EventManager : Event: ======'player_topgun_shots_collected'====== Args={'value': 2, 'prev_value': 1, 'change': 1, 'player_num': 1, 'source': 'pilot_mission_qualifier'}
2025-10-24 16:37:37,780 : INFO : EventManager : Event: ======'player_topgun_letter_o'====== Args={'value': 1, 'prev_value': 0, 'change': 1, 'player_num': 1, 'source': 'pilot_mission_qualifier'}
2025-10-24 16:37:37,908 : INFO : SwitchController : <<<<<<< 's_lane_left' inactive >>>>>>>
2025-10-24 16:37:38,488 : INFO : SwitchController : <<<<<<< 's_lane_left' active >>>>>>>
2025-10-24 16:37:38,488 : INFO : EventManager : Event: ======'s_lane_left_active'====== Args={}
2025-10-24 16:37:38,488 : INFO : EventManager : Event: ======'sw_playfield_active'====== Args={}
2025-10-24 16:37:38,488 : INFO : EventManager : Event: ======'sw_playfield_active'====== Args={}
2025-10-24 16:37:38,488 : INFO : EventManager : Event: ======'machine_var_audits_switches_s_lane_left'====== Args={'value': 20, 'prev_value': 19, 'change': 1}
2025-10-24 16:37:38,489 : INFO : EventManager : Event: ======'player_topgun_shots_collected'====== Args={'value': 3, 'prev_value': 2, 'change': 1, 'player_num': 1, 'source': 'pilot_mission_qualifier'}
2025-10-24 16:37:38,490 : INFO : EventManager : Event: ======'player_topgun_letter_p'====== Args={'value': 1, 'prev_value': 0, 'change': 1, 'player_num': 1, 'source': 'pilot_mission_qualifier'}
2025-10-24 16:37:38,613 : INFO : SwitchController : <<<<<<< 's_lane_left' inactive >>>>>>>
2025-10-24 16:37:38,791 : INFO : EventManager : Event: ======'slide_skillshot_mig_hit_inactive'====== Args={'is_removing': True, '_from_bcp': True}
2025-10-24 16:37:38,792 : INFO : EventManager : Event: ======'slide_base_slide_active'====== Args={'_from_bcp': True}
2025-10-24 16:37:38,793 : INFO : EventManager : Event: ======'slide_skillshot_mig_hit_removed'====== Args={'_from_bcp': True}
2025-10-24 16:37:38,793 : INFO : EventManager : Event: ======'start_bg_video'====== Args={'_from_bcp': True}
2025-10-24 16:37:38,793 : INFO : EventManager : Event: ======'new_video'====== Args={'_from_bcp': True}
2025-10-24 16:37:39,129 : INFO : SwitchController : <<<<<<< 's_lane_left' active >>>>>>>
2025-10-24 16:37:39,130 : INFO : EventManager : Event: ======'s_lane_left_active'====== Args={}
2025-10-24 16:37:39,130 : INFO : EventManager : Event: ======'sw_playfield_active'====== Args={}
2025-10-24 16:37:39,130 : INFO : EventManager : Event: ======'sw_playfield_active'====== Args={}
2025-10-24 16:37:39,130 : INFO : EventManager : Event: ======'machine_var_audits_switches_s_lane_left'====== Args={'value': 21, 'prev_value': 20, 'change': 1}
2025-10-24 16:37:39,130 : INFO : EventManager : Event: ======'player_topgun_shots_collected'====== Args={'value': 4, 'prev_value': 3, 'change': 1, 'player_num': 1, 'source': 'pilot_mission_qualifier'}
2025-10-24 16:37:39,131 : INFO : EventManager : Event: ======'player_topgun_letter_g'====== Args={'value': 1, 'prev_value': 0, 'change': 1, 'player_num': 1, 'source': 'pilot_mission_qualifier'}
2025-10-24 16:37:39,278 : INFO : SwitchController : <<<<<<< 's_lane_left' inactive >>>>>>>
2025-10-24 16:37:39,731 : INFO : SwitchController : <<<<<<< 's_lane_left' active >>>>>>>
2025-10-24 16:37:39,731 : INFO : EventManager : Event: ======'s_lane_left_active'====== Args={}
2025-10-24 16:37:39,731 : INFO : EventManager : Event: ======'sw_playfield_active'====== Args={}
2025-10-24 16:37:39,732 : INFO : EventManager : Event: ======'sw_playfield_active'====== Args={}
2025-10-24 16:37:39,732 : INFO : EventManager : Event: ======'machine_var_audits_switches_s_lane_left'====== Args={'value': 22, 'prev_value': 21, 'change': 1}
2025-10-24 16:37:39,732 : INFO : EventManager : Event: ======'player_topgun_shots_collected'====== Args={'value': 5, 'prev_value': 4, 'change': 1, 'player_num': 1, 'source': 'pilot_mission_qualifier'}
2025-10-24 16:37:39,733 : INFO : EventManager : Event: ======'player_topgun_letter_u'====== Args={'value': 1, 'prev_value': 0, 'change': 1, 'player_num': 1, 'source': 'pilot_mission_qualifier'}
2025-10-24 16:37:39,880 : INFO : SwitchController : <<<<<<< 's_lane_left' inactive >>>>>>>
2025-10-24 16:37:40,443 : INFO : SwitchController : <<<<<<< 's_lane_left' active >>>>>>>
2025-10-24 16:37:40,443 : INFO : EventManager : Event: ======'s_lane_left_active'====== Args={}
2025-10-24 16:37:40,443 : INFO : EventManager : Event: ======'sw_playfield_active'====== Args={}
2025-10-24 16:37:40,443 : INFO : EventManager : Event: ======'sw_playfield_active'====== Args={}
2025-10-24 16:37:40,444 : INFO : EventManager : Event: ======'machine_var_audits_switches_s_lane_left'====== Args={'value': 23, 'prev_value': 22, 'change': 1}
2025-10-24 16:37:40,444 : INFO : EventManager : Event: ======'player_topgun_shots_collected'====== Args={'value': 6, 'prev_value': 5, 'change': 1, 'player_num': 1, 'source': 'pilot_mission_qualifier'}
2025-10-24 16:37:40,445 : INFO : EventManager : Event: ======'topgun_qualified'====== Args={'priority': 0}
2025-10-24 16:37:40,445 : INFO : EventManager : Event: ======'player_topgun_letter_n'====== Args={'value': 1, 'prev_value': 0, 'change': 1, 'player_num': 1, 'source': 'pilot_mission_qualifier'}
2025-10-24 16:37:40,446 : INFO : EventManager : Event: ======'drop_barrier'====== Args={'priority': 0}
2025-10-24 16:37:40,446 : INFO : EventManager : Event: ======'light_pilot_mission'====== Args={'priority': 0}
2025-10-24 16:37:40,446 : INFO : EventManager : Event: ======'check_which_mode_to_qualify'====== Args={'priority': 0}
2025-10-24 16:37:40,446 : INFO : EventManager : Event: ======'player_qualified_mode_active'====== Args={'value': 1, 'prev_value': 0, 'change': 1, 'player_num': 1, 'source': 'pilot_mission_qualifier'}
2025-10-24 16:37:40,447 : INFO : EventManager : Event: ======'player_topgun_shots_collected'====== Args={'value': 0, 'prev_value': 6, 'change': -6, 'player_num': 1, 'source': 'pilot_mission_qualifier'}
2025-10-24 16:37:40,447 : INFO : EventManager : Event: ======'player_topgun_letter_t'====== Args={'value': 0, 'prev_value': 1, 'change': -1, 'player_num': 1, 'source': 'pilot_mission_qualifier'}
2025-10-24 16:37:40,447 : INFO : EventManager : Event: ======'player_topgun_letter_o'====== Args={'value': 0, 'prev_value': 1, 'change': -1, 'player_num': 1, 'source': 'pilot_mission_qualifier'}
2025-10-24 16:37:40,447 : INFO : EventManager : Event: ======'player_topgun_letter_p'====== Args={'value': 0, 'prev_value': 1, 'change': -1, 'player_num': 1, 'source': 'pilot_mission_qualifier'}
2025-10-24 16:37:40,448 : INFO : EventManager : Event: ======'player_topgun_letter_g'====== Args={'value': 0, 'prev_value': 1, 'change': -1, 'player_num': 1, 'source': 'pilot_mission_qualifier'}
2025-10-24 16:37:40,448 : INFO : EventManager : Event: ======'player_topgun_letter_u'====== Args={'value': 0, 'prev_value': 1, 'change': -1, 'player_num': 1, 'source': 'pilot_mission_qualifier'}
2025-10-24 16:37:40,448 : INFO : EventManager : Event: ======'player_topgun_letter_n'====== Args={'value': 0, 'prev_value': 1, 'change': -1, 'player_num': 1, 'source': 'pilot_mission_qualifier'}
2025-10-24 16:37:40,448 : INFO : coil.c_mode_barrier : Pulsing Driver for 50ms (0.75 pulse_power)
2025-10-24 16:37:40,448 : INFO : EventManager : Event: ======'check_mode_1'====== Args={'priority': 0}
2025-10-24 16:37:40,448 : INFO : EventManager : Event: ======'check_mode_2'====== Args={'priority': 0}
2025-10-24 16:37:40,448 : INFO : EventManager : Event: ======'check_mode_3'====== Args={'priority': 0}
2025-10-24 16:37:40,448 : INFO : EventManager : Event: ======'check_mode_4'====== Args={'priority': 0}
2025-10-24 16:37:40,448 : INFO : EventManager : Event: ======'check_mode_5'====== Args={'priority': 0}
2025-10-24 16:37:40,449 : INFO : EventManager : Event: ======'check_mode_6'====== Args={'priority': 0}
2025-10-24 16:37:40,449 : INFO : EventManager : Event: ======'check_mode_7'====== Args={'priority': 0}
2025-10-24 16:37:40,449 : INFO : EventManager : Event: ======'check_mode_8'====== Args={'priority': 0}
2025-10-24 16:37:40,449 : INFO : EventManager : Event: ======'check_mode_9'====== Args={'priority': 0}
2025-10-24 16:37:40,449 : INFO : EventManager : Event: ======'check_mode_10'====== Args={'priority': 0}
2025-10-24 16:37:40,449 : INFO : EventManager : Event: ======'qualify_rescue_cougar'====== Args={'priority': 0}
2025-10-24 16:37:40,606 : INFO : SwitchController : <<<<<<< 's_lane_left' inactive >>>>>>>
2025-10-24 16:37:43,883 : INFO : SwitchController : <<<<<<< 's_trough_6' active >>>>>>>
2025-10-24 16:37:43,883 : INFO : EventManager : Event: ======'machine_var_audits_switches_s_trough_6'====== Args={'value': 123, 'prev_value': 122, 'change': 1}
2025-10-24 16:37:44,205 : INFO : EventManager : Event: ======'balldevice_bd_trough_ball_count_changed'====== Args={'balls': 6}
2025-10-24 16:37:44,205 : INFO : ball_device.bd_trough : Received unexpected ball
2025-10-24 16:37:44,206 : INFO : EventManager : Event: ======'balldevice_captured_from_playfield'====== Args={'balls': 1}
2025-10-24 16:37:44,206 : INFO : EventManager : Event: ======'sw_playfield_active'====== Args={'balls': 1}
2025-10-24 16:37:44,206 : INFO : EventManager : Event: ======'playfield_ball_count_change'====== Args={'balls': 0, 'change': -1}
2025-10-24 16:37:44,207 : INFO : EventManager : Event: ======'balldevice_bd_trough_ball_enter'====== Args={'new_balls': 1, 'unclaimed_balls': 1, 'new_available_balls': 1, 'device': <ball_device.bd_trough>}
2025-10-24 16:37:44,208 : INFO : EventManager : Event: ======'ball_drain'====== Args={'device': <ball_device.bd_trough>, 'balls': 1}
2025-10-24 16:37:44,208 : INFO : EventManager : Event: ======'ball_will_end'====== Args={}
2025-10-24 16:37:44,208 : INFO : EventManager : Event: ======'balldevice_balls_available'====== Args={}
2025-10-24 16:37:44,209 : INFO : EventManager : Event: ======'balldevice_bd_trough_ball_entered'====== Args={'new_balls': 1, 'device': <ball_device.bd_trough>}
2025-10-24 16:37:44,209 : INFO : EventManager : Event: ======'mode_base_will_stop'====== Args={}
2025-10-24 16:37:44,209 : INFO : EventManager : Event: ======'mode_base_stopping'====== Args={}
2025-10-24 16:37:44,210 : INFO : EventManager : Event: ======'stop_mode_bumpers'====== Args={'priority': 0}
2025-10-24 16:37:44,210 : INFO : EventManager : Event: ======'mode_bumpers_will_stop'====== Args={}
2025-10-24 16:37:44,210 : INFO : EventManager : Event: ======'mode_bumpers_stopping'====== Args={}
2025-10-24 16:37:44,210 : INFO : Mode.base : Stopped.
2025-10-24 16:37:44,210 : INFO : EventManager : Event: ======'modes_active_modes_changed'====== Args={}
2025-10-24 16:37:44,210 : INFO : EventManager : Event: ======'mode_base_stopped'====== Args={}
2025-10-24 16:37:44,210 : INFO : EventManager : Event: ======'clear'====== Args={'key': 'base'}
2025-10-24 16:37:44,210 : INFO : EventManager : Event: ======'mode_pilot_mission_qualifier_will_stop'====== Args={}
2025-10-24 16:37:44,210 : INFO : EventManager : Event: ======'mode_pilot_mission_qualifier_stopping'====== Args={}
2025-10-24 16:37:44,211 : INFO : Mode.pilot_mission_qualifier : Stopped.
2025-10-24 16:37:44,211 : INFO : EventManager : Event: ======'modes_active_modes_changed'====== Args={}
2025-10-24 16:37:44,211 : INFO : EventManager : Event: ======'mode_pilot_mission_qualifier_stopped'====== Args={}
2025-10-24 16:37:44,211 : INFO : EventManager : Event: ======'clear'====== Args={'key': 'pilot_mission_qualifier'}
2025-10-24 16:37:44,211 : INFO : Mode.bumpers : Stopped.
2025-10-24 16:37:44,211 : INFO : EventManager : Event: ======'modes_active_modes_changed'====== Args={}
2025-10-24 16:37:44,211 : INFO : EventManager : Event: ======'mode_bumpers_stopped'====== Args={}
2025-10-24 16:37:44,211 : INFO : EventManager : Event: ======'clear'====== Args={'key': 'bumpers'}
2025-10-24 16:37:44,212 : INFO : EventManager : Event: ======'ball_ending'====== Args={}
2025-10-24 16:37:44,213 : INFO : EventManager : Event: ======'ball_ended'====== Args={}
2025-10-24 16:37:44,214 : INFO : EventManager : Event: ======'player_turn_will_end'====== Args={'player': <Player 1>, 'number': 1}
2025-10-24 16:37:44,214 : INFO : EventManager : Event: ======'player_turn_ending'====== Args={'player': <Player 1>, 'number': 1}
2025-10-24 16:37:44,214 : INFO : EventManager : Event: ======'player_turn_ended'====== Args={'player': <Player 1>, 'number': 1}
2025-10-24 16:37:44,214 : INFO : EventManager : Event: ======'player_turn_will_start'====== Args={'player': <Player 1>, 'number': 1}
2025-10-24 16:37:44,216 : INFO : EventManager : Event: ======'player_turn_starting'====== Args={'player': <Player 1>, 'number': 1}
2025-10-24 16:37:44,216 : INFO : EventManager : Event: ======'player_ball'====== Args={'value': 2, 'prev_value': 1, 'change': 1, 'player_num': 1}
2025-10-24 16:37:44,217 : INFO : EventManager : Event: ======'player_turn_started'====== Args={'player': <Player 1>, 'number': 1}
2025-10-24 16:37:44,217 : INFO : EventManager : Event: ======'ui_player_1_up'====== Args={'priority': 0}
2025-10-24 16:37:44,218 : INFO : EventManager : Event: ======'ball_will_start'====== Args={'player': 1, 'ball': 2, 'balls_remaining': 1, 'is_extra_ball': False}
2025-10-24 16:37:44,218 : INFO : EventManager : Event: ======'ball_starting'====== Args={'player': 1, 'ball': 2, 'balls_remaining': 1, 'is_extra_ball': False}
2025-10-24 16:37:44,218 : INFO : EventManager : Event: ======'mode_base_will_start'====== Args={'queue': <QueuedEvent>, 'player': 1, 'ball': 2, 'balls_remaining': 1, 'is_extra_ball': False}
2025-10-24 16:37:44,219 : INFO : EventManager : Event: ======'mode_base_starting'====== Args={'queue': <QueuedEvent>, 'player': 1, 'ball': 2, 'balls_remaining': 1, 'is_extra_ball': False}
2025-10-24 16:37:44,220 : INFO : Mode.base : Started. Priority: 100
2025-10-24 16:37:44,220 : INFO : EventManager : Event: ======'modes_active_modes_changed'====== Args={}
2025-10-24 16:37:44,220 : INFO : EventManager : Event: ======'mode_base_started'====== Args={'queue': <QueuedEvent>, 'player': 1, 'ball': 2, 'balls_remaining': 1, 'is_extra_ball': False}
2025-10-24 16:37:44,221 : INFO : EventManager : Event: ======'start_mode_bumpers'====== Args={'priority': 0}
2025-10-24 16:37:44,221 : INFO : EventManager : Event: ======'mode_bumpers_will_start'====== Args={'priority': 0}
2025-10-24 16:37:44,223 : INFO : EventManager : Event: ======'mode_bumpers_starting'====== Args={'priority': 0}
2025-10-24 16:37:44,223 : INFO : Mode.bumpers : Started. Priority: 200
2025-10-24 16:37:44,223 : INFO : EventManager : Event: ======'modes_active_modes_changed'====== Args={}
2025-10-24 16:37:44,223 : INFO : EventManager : Event: ======'mode_bumpers_started'====== Args={'priority': 0}
2025-10-24 16:37:44,224 : INFO : EventManager : Event: ======'balls_in_play'====== Args={'balls': 1}
2025-10-24 16:37:44,224 : INFO : EventManager : Event: ======'ball_started'====== Args={'player': 1, 'ball': 2, 'balls_remaining': 1, 'is_extra_ball': False}
2025-10-24 16:37:44,226 : INFO : EventManager : Event: ======'single_player_ball_started'====== Args={}
2025-10-24 16:37:44,227 : INFO : EventManager : Event: ======'ball_start_target'====== Args={'target': 'playfield'}
2025-10-24 16:37:44,227 : INFO : ball_device.bd_plunger : Setting up player-controlled eject. Balls: 1, Target: <playfield.playfield>, player_controlled_eject_event: None
2025-10-24 16:37:44,227 : INFO : EventManager : Event: ======'balldevice_balls_available'====== Args={}
2025-10-24 16:37:44,228 : INFO : ball_device.bd_trough : State: waiting_for_target_ready
2025-10-24 16:37:44,228 : INFO : EventManager : Event: ======'balldevice_bd_trough_ball_eject_attempt'====== Args={'balls': 1, 'target': <ball_device.bd_plunger>, 'source': <ball_device.bd_trough>, 'mechanical_eject': True, 'num_attempts': 0}
2025-10-24 16:37:44,229 : INFO : ball_device.bd_plunger : State: waiting_for_ball
2025-10-24 16:37:44,229 : INFO : ball_device.bd_trough : State: ejecting
2025-10-24 16:37:44,229 : INFO : ball_device.bd_trough : Ejecting ball to <ball_device.bd_plunger>
2025-10-24 16:37:44,229 : INFO : EventManager : Event: ======'balldevice_bd_trough_ejecting_ball'====== Args={'balls': 1, 'target': <ball_device.bd_plunger>, 'source': <ball_device.bd_trough>, 'mechanical_eject': True, 'num_attempts': 0}
2025-10-24 16:37:44,230 : INFO : ball_device.bd_trough : Wait for ball to leave device
2025-10-24 16:37:44,230 : INFO : coil.c_trough_eject : Pulsing Driver for 10ms (0.75 pulse_power)
2025-10-24 16:37:44,242 : INFO : EventManager : Event: ======'slide_base_slide_created'====== Args={'_from_bcp': True}
2025-10-24 16:37:44,243 : INFO : EventManager : Event: ======'slide_base_slide_inactive'====== Args={'is_removing': True, '_from_bcp': True}
2025-10-24 16:37:44,244 : INFO : EventManager : Event: ======'slide_base_slide_active'====== Args={'original_context': 'base', 'original_calling_context': 'mode_base_started', 'priority': 100.0, 'queue': '<QueuedEvent>', 'player': 1.0, 'ball': 2.0, 'balls_remaining': 1.0, 'is_extra_ball': False, 'cmd': 'slides_play', '_from_bcp': True}
2025-10-24 16:37:44,244 : INFO : EventManager : Event: ======'slide_base_slide_removed'====== Args={'_from_bcp': True}
2025-10-24 16:37:45,666 : INFO : SwitchController : <<<<<<< 's_trough_6' inactive >>>>>>>
2025-10-24 16:37:45,666 : INFO : ball_device.bd_trough : State: ball_left
2025-10-24 16:37:45,667 : INFO : ball_device.bd_trough : Ball left
2025-10-24 16:37:45,667 : INFO : ball_device.bd_trough : Wait for confirm with timeout 3.0
2025-10-24 16:37:46,410 : INFO : SwitchController : <<<<<<< 's_shooter_lane' active >>>>>>>
2025-10-24 16:37:46,410 : INFO : EventManager : Event: ======'s_shooter_lane_active'====== Args={}
2025-10-24 16:37:46,410 : INFO : EventManager : Event: ======'machine_var_audits_switches_s_shooter_lane'====== Args={'value': 150, 'prev_value': 149, 'change': 1}
2025-10-24 16:37:46,411 : INFO : EventManager : Event: ======'mode_skillshot_will_start'====== Args={}
2025-10-24 16:37:46,412 : INFO : EventManager : Event: ======'player_skillshot_skillshot_tick'====== Args={'value': 9, 'prev_value': 7, 'change': 2, 'player_num': 1}
2025-10-24 16:37:46,417 : INFO : EventManager : Event: ======'mode_skillshot_starting'====== Args={}
2025-10-24 16:37:46,418 : INFO : Mode.skillshot : Started. Priority: 100
2025-10-24 16:37:46,418 : INFO : EventManager : Event: ======'modes_active_modes_changed'====== Args={}
2025-10-24 16:37:46,418 : INFO : EventManager : Event: ======'mode_skillshot_started'====== Args={}
2025-10-24 16:37:46,418 : INFO : Timer.skillshot_sound_loop : Starting Timer.
2025-10-24 16:37:46,418 : INFO : EventManager : Event: ======'timer_skillshot_sound_loop_started'====== Args={'ticks': 0, 'ticks_remaining': 999}
2025-10-24 16:37:46,418 : INFO : EventManager : Event: ======'timer_skillshot_sound_loop_tick'====== Args={'ticks': 0, 'ticks_remaining': 999}
2025-10-24 16:37:46,446 : INFO : EventManager : Event: ======'slide_skillshot_ball_in_shooter_lane_created'====== Args={'_from_bcp': True}
2025-10-24 16:37:46,446 : INFO : EventManager : Event: ======'slide_base_slide_inactive'====== Args={'is_removing': False, '_from_bcp': True}
2025-10-24 16:37:46,448 : INFO : EventManager : Event: ======'slide_skillshot_ball_in_shooter_lane_active'====== Args={'original_context': 'skillshot', 'original_calling_context': 'timer_skillshot_sound_loop_tick', 'priority': 100.0, 'ticks': 0.0, 'ticks_remaining': 999.0, 'cmd': 'slides_play', '_from_bcp': True}
2025-10-24 16:37:46,728 : INFO : ball_device.bd_plunger : Received ball from <ball_device.bd_trough>
2025-10-24 16:37:46,728 : INFO : EventManager : Event: ======'balldevice_bd_plunger_ball_enter'====== Args={'new_balls': 1, 'unclaimed_balls': 0, 'new_available_balls': 0, 'device': <ball_device.bd_plunger>}
2025-10-24 16:37:46,729 : INFO : EventManager : Event: ======'balldevice_bd_plunger_ball_entered'====== Args={'new_balls': 0, 'device': <ball_device.bd_plunger>}
2025-10-24 16:37:46,729 : INFO : EventManager : Event: ======'balldevice_bd_plunger_ball_count_changed'====== Args={'balls': 1}
2025-10-24 16:37:46,729 : INFO : ball_device.bd_trough : Got eject confirm
2025-10-24 16:37:46,729 : INFO : ball_device.bd_trough : Eject successful
2025-10-24 16:37:46,729 : INFO : EventManager : Event: ======'balldevice_bd_trough_ball_eject_success'====== Args={'balls': 1, 'target': <ball_device.bd_plunger>}
2025-10-24 16:37:46,730 : INFO : EventManager : Event: ======'balldevice_bd_trough_ball_count_changed'====== Args={'balls': 5}
2025-10-24 16:37:46,730 : INFO : ball_device.bd_trough : State: idle
2025-10-24 16:37:46,731 : INFO : ball_device.bd_plunger : State: waiting_for_target_ready
2025-10-24 16:37:46,731 : INFO : EventManager : Event: ======'balldevice_bd_plunger_ball_eject_attempt'====== Args={'balls': 1, 'target': <playfield.playfield>, 'source': <ball_device.bd_plunger>, 'mechanical_eject': True, 'num_attempts': 0}
2025-10-24 16:37:46,731 : INFO : ball_device.bd_plunger : State: ejecting
2025-10-24 16:37:46,732 : INFO : ball_device.bd_plunger : Ejecting ball to <playfield.playfield>
2025-10-24 16:37:46,732 : INFO : EventManager : Event: ======'balldevice_bd_plunger_ejecting_ball'====== Args={'balls': 1, 'target': <playfield.playfield>, 'source': <ball_device.bd_plunger>, 'mechanical_eject': True, 'num_attempts': 0}
2025-10-24 16:37:46,732 : INFO : EventManager : Event: ======'video_idle_start'====== Args={'priority': 0}
2025-10-24 16:37:46,732 : INFO : ball_device.bd_plunger : Wait for ball to leave device
2025-10-24 16:37:47,222 : INFO : SwitchController : <<<<<<< 's_shooter_lane' inactive >>>>>>>
2025-10-24 16:37:47,222 : INFO : EventManager : Event: ======'s_shooter_lane_inactive'====== Args={}
2025-10-24 16:37:47,224 : INFO : Timer.skillshot : Starting Timer.
2025-10-24 16:37:47,224 : INFO : EventManager : Event: ======'timer_skillshot_started'====== Args={'ticks': 9, 'ticks_remaining': 9}
2025-10-24 16:37:47,224 : INFO : EventManager : Event: ======'timer_skillshot_tick'====== Args={'ticks': 9, 'ticks_remaining': 9}
2025-10-24 16:37:47,224 : INFO : Timer.skillshot_sound_loop : Stopping Timer
2025-10-24 16:37:47,224 : INFO : EventManager : Event: ======'timer_skillshot_sound_loop_stopped'====== Args={'ticks': 0, 'ticks_remaining': 999}
2025-10-24 16:37:47,225 : INFO : EventManager : Event: ======'video_launch_start'====== Args={'priority': 0}
2025-10-24 16:37:47,225 : INFO : ball_device.bd_plunger : State: ball_left
2025-10-24 16:37:47,226 : INFO : ball_device.bd_plunger : Ball left
2025-10-24 16:37:47,226 : INFO : ball_device.bd_plunger : Wait for confirm with timeout 3.0
2025-10-24 16:37:47,230 : INFO : EventManager : Event: ======'slide_skillshot_ball_in_shooter_lane_inactive'====== Args={'is_removing': True, '_from_bcp': True}
2025-10-24 16:37:47,231 : INFO : EventManager : Event: ======'slide_base_slide_active'====== Args={'_from_bcp': True}
2025-10-24 16:37:47,236 : INFO : EventManager : Event: ======'slide_skillshot_ball_in_shooter_lane_removed'====== Args={'_from_bcp': True}
2025-10-24 16:37:47,250 : INFO : EventManager : Event: ======'slide_skillshot_ball_launched_created'====== Args={'_from_bcp': True}
2025-10-24 16:37:47,250 : INFO : EventManager : Event: ======'slide_base_slide_inactive'====== Args={'is_removing': False, '_from_bcp': True}
2025-10-24 16:37:47,251 : INFO : EventManager : Event: ======'slide_skillshot_ball_launched_active'====== Args={'original_context': 'skillshot', 'original_calling_context': 's_shooter_lane_inactive{mode.skillshot.active}', 'priority': 100.0, 'cmd': 'slides_play', '_from_bcp': True}
2025-10-24 16:37:48,244 : INFO : EventManager : Event: ======'player_skillshot_skillshot_tick'====== Args={'value': 8, 'prev_value': 9, 'change': -1, 'player_num': 1}
2025-10-24 16:37:48,245 : INFO : EventManager : Event: ======'timer_skillshot_tick'====== Args={'ticks': 8, 'ticks_remaining': 8}
2025-10-24 16:37:48,326 : INFO : SwitchController : <<<<<<< 's_lane_right' active >>>>>>>
2025-10-24 16:37:48,326 : INFO : EventManager : Event: ======'sw_playfield_active'====== Args={}
2025-10-24 16:37:48,326 : INFO : EventManager : Event: ======'machine_var_audits_switches_s_lane_right'====== Args={'value': 93, 'prev_value': 92, 'change': 1}
2025-10-24 16:37:48,328 : INFO : EventManager : Event: ======'playfield_active'====== Args={'source': None}
2025-10-24 16:37:48,386 : INFO : SwitchController : <<<<<<< 's_lane_right' inactive >>>>>>>
2025-10-24 16:37:49,231 : INFO : EventManager : Event: ======'player_skillshot_skillshot_tick'====== Args={'value': 7, 'prev_value': 8, 'change': -1, 'player_num': 1}
2025-10-24 16:37:49,231 : INFO : EventManager : Event: ======'timer_skillshot_tick'====== Args={'ticks': 7, 'ticks_remaining': 7}
2025-10-24 16:37:49,958 : INFO : SwitchController : <<<<<<< 's_mig_lane_right' active >>>>>>>
2025-10-24 16:37:49,958 : INFO : EventManager : Event: ======'playfield_active'====== Args={'source': 'mig_lane_right'}
2025-10-24 16:37:49,958 : INFO : EventManager : Event: ======'s_mig_lane_right_active'====== Args={}
2025-10-24 16:37:49,959 : INFO : EventManager : Event: ======'sw_playfield_active'====== Args={}
2025-10-24 16:37:49,959 : INFO : EventManager : Event: ======'sw_playfield_active'====== Args={}
2025-10-24 16:37:49,959 : INFO : EventManager : Event: ======'machine_var_audits_switches_s_mig_lane_right'====== Args={'value': 14, 'prev_value': 13, 'change': 1}
2025-10-24 16:37:49,960 : INFO : EventManager : Event: ======'machine_var_audits_shots_mig_lane_right'====== Args={'value': 11, 'prev_value': 10, 'change': 1}
2025-10-24 16:37:49,960 : INFO : EventManager : Event: ======'mig_lane_right_hit'====== Args={'profile': 'skill', 'state': 'lit', 'advancing': False}
2025-10-24 16:37:49,962 : INFO : EventManager : Event: ======'mig_lane_right_skill_hit'====== Args={'profile': 'skill', 'state': 'lit', 'advancing': False}
2025-10-24 16:37:49,962 : INFO : EventManager : Event: ======'mig_lane_right_skill_lit_hit'====== Args={'profile': 'skill', 'state': 'lit', 'advancing': False}
2025-10-24 16:37:49,962 : INFO : EventManager : Event: ======'mig_lane_right_lit_hit'====== Args={'profile': 'skill', 'state': 'lit', 'advancing': False}
2025-10-24 16:37:49,962 : INFO : EventManager : Event: ======'skillshot_group_hit'====== Args={'shot': 'mig_lane_right'}
2025-10-24 16:37:49,963 : INFO : EventManager : Event: ======'skillshot_group_lit_hit'====== Args={'shot': 'mig_lane_right'}
2025-10-24 16:37:49,963 : INFO : EventManager : Event: ======'mode_skillshot_will_stop'====== Args={}
2025-10-24 16:37:49,963 : INFO : EventManager : Event: ======'mode_skillshot_stopping'====== Args={}
2025-10-24 16:37:49,963 : INFO : EventManager : Event: ======'show_skillshot_mig_video'====== Args={'priority': 0}
2025-10-24 16:37:49,963 : INFO : EventManager : Event: ======'player_score'====== Args={'value': 75000, 'prev_value': 25000, 'change': 50000, 'player_num': 1, 'source': 'skillshot'}
2025-10-24 16:37:49,964 : INFO : EventManager : Event: ======'player_skillshot_count'====== Args={'value': 2, 'prev_value': 1, 'change': 1, 'player_num': 1, 'source': 'skillshot'}
2025-10-24 16:37:49,964 : INFO : EventManager : Event: ======'player_priority'====== Args={'value': 1300, 'prev_value': 600, 'change': 700, 'player_num': 1, 'source': 'skillshot'}
2025-10-24 16:37:49,964 : INFO : Timer.skillshot : Stopping Timer
2025-10-24 16:37:49,964 : INFO : EventManager : Event: ======'timer_skillshot_stopped'====== Args={'ticks': 7, 'ticks_remaining': 7}
2025-10-24 16:37:49,964 : INFO : Timer.skillshot_sound_loop : Stopping Timer
2025-10-24 16:37:49,964 : INFO : EventManager : Event: ======'timer_skillshot_sound_loop_stopped'====== Args={'ticks': 0, 'ticks_remaining': 999}
2025-10-24 16:37:49,965 : INFO : EventManager : Event: ======'playfield_active'====== Args={'source': None}
2025-10-24 16:37:49,965 : INFO : EventManager : Event: ======'playfield_active'====== Args={'source': None}
2025-10-24 16:37:49,965 : INFO : Mode.skillshot : Stopped.
2025-10-24 16:37:49,965 : INFO : EventManager : Event: ======'modes_active_modes_changed'====== Args={}
2025-10-24 16:37:49,966 : INFO : EventManager : Event: ======'mode_skillshot_stopped'====== Args={}
2025-10-24 16:37:49,966 : INFO : EventManager : Event: ======'clear'====== Args={'key': 'skillshot'}
2025-10-24 16:37:49,966 : INFO : EventManager : Event: ======'mode_pilot_mission_qualifier_will_start'====== Args={}
2025-10-24 16:37:49,970 : INFO : EventManager : Event: ======'mode_pilot_mission_qualifier_starting'====== Args={}
2025-10-24 16:37:49,970 : INFO : Mode.pilot_mission_qualifier : Started. Priority: 200
2025-10-24 16:37:49,971 : INFO : EventManager : Event: ======'modes_active_modes_changed'====== Args={}
2025-10-24 16:37:49,971 : INFO : EventManager : Event: ======'mode_pilot_mission_qualifier_started'====== Args={}
2025-10-24 16:37:49,971 : INFO : Timer.skillshot_sound_loop : Stopping Timer
2025-10-24 16:37:49,971 : INFO : EventManager : Event: ======'timer_skillshot_sound_loop_stopped'====== Args={'ticks': 0, 'ticks_remaining': 999}
2025-10-24 16:37:49,972 : INFO : Timer.skillshot : Stopping Timer
2025-10-24 16:37:49,972 : INFO : EventManager : Event: ======'timer_skillshot_stopped'====== Args={'ticks': 7, 'ticks_remaining': 7}
2025-10-24 16:37:50,003 : INFO : EventManager : Event: ======'slide_skillshot_mig_hit_created'====== Args={'_from_bcp': True}
2025-10-24 16:37:50,004 : INFO : EventManager : Event: ======'slide_skillshot_ball_launched_inactive'====== Args={'is_removing': False, '_from_bcp': True}
2025-10-24 16:37:50,004 : INFO : EventManager : Event: ======'slide_skillshot_mig_hit_active'====== Args={'original_context': 'base', 'original_calling_context': 'show_skillshot_mig_video', 'priority': 100.0, 'cmd': 'slides_play', '_from_bcp': True}
2025-10-24 16:37:50,004 : INFO : EventManager : Event: ======'slide_skillshot_ball_launched_removed'====== Args={'_from_bcp': True}
2025-10-24 16:37:50,055 : INFO : SwitchController : <<<<<<< 's_mig_lane_right' inactive >>>>>>>
2025-10-24 16:37:50,246 : INFO : ball_device.bd_plunger : State: failed_confirm
2025-10-24 16:37:50,246 : INFO : ball_device.bd_plunger : Got timeout (3.0s) before confirm from <playfield.playfield>
2025-10-24 16:37:50,339 : INFO : ball_device.bd_plunger : Confirming eject because target is playfield and ball did not return.
2025-10-24 16:37:50,339 : INFO : ball_device.bd_plunger : Eject successful
2025-10-24 16:37:50,339 : INFO : EventManager : Event: ======'balldevice_bd_plunger_ball_eject_success'====== Args={'balls': 1, 'target': <playfield.playfield>}
2025-10-24 16:37:50,340 : INFO : EventManager : Event: ======'balldevice_playfield_ball_enter'====== Args={'new_balls': 1, 'unclaimed_balls': 1, 'device': <playfield.playfield>}
2025-10-24 16:37:50,340 : INFO : EventManager : Event: ======'playfield_ball_count_change'====== Args={'balls': 1, 'change': 1}
2025-10-24 16:37:50,340 : INFO : EventManager : Event: ======'balldevice_bd_plunger_ball_count_changed'====== Args={'balls': 0}
2025-10-24 16:37:50,341 : INFO : ball_device.bd_plunger : State: idle
2025-10-24 16:37:51,420 : INFO : SwitchController : <<<<<<< 's_lane_left' active >>>>>>>
2025-10-24 16:37:51,420 : INFO : EventManager : Event: ======'s_lane_left_active'====== Args={}
2025-10-24 16:37:51,420 : INFO : EventManager : Event: ======'sw_playfield_active'====== Args={}
2025-10-24 16:37:51,420 : INFO : EventManager : Event: ======'sw_playfield_active'====== Args={}
2025-10-24 16:37:51,420 : INFO : EventManager : Event: ======'machine_var_audits_switches_s_lane_left'====== Args={'value': 24, 'prev_value': 23, 'change': 1}
2025-10-24 16:37:51,522 : INFO : SwitchController : <<<<<<< 's_lane_left' inactive >>>>>>>
2025-10-24 16:37:51,638 : INFO : SwitchController : <<<<<<< 's_lane_left' active >>>>>>>
2025-10-24 16:37:51,638 : INFO : EventManager : Event: ======'s_lane_left_active'====== Args={}
2025-10-24 16:37:51,639 : INFO : EventManager : Event: ======'sw_playfield_active'====== Args={}
2025-10-24 16:37:51,639 : INFO : EventManager : Event: ======'sw_playfield_active'====== Args={}
2025-10-24 16:37:51,639 : INFO : EventManager : Event: ======'machine_var_audits_switches_s_lane_left'====== Args={'value': 25, 'prev_value': 24, 'change': 1}
2025-10-24 16:37:51,757 : INFO : SwitchController : <<<<<<< 's_lane_left' inactive >>>>>>>
2025-10-24 16:37:53,241 : INFO : EventManager : Event: ======'slide_skillshot_mig_hit_inactive'====== Args={'is_removing': True, '_from_bcp': True}
2025-10-24 16:37:53,242 : INFO : EventManager : Event: ======'slide_base_slide_active'====== Args={'_from_bcp': True}
2025-10-24 16:37:53,243 : INFO : EventManager : Event: ======'slide_skillshot_mig_hit_removed'====== Args={'_from_bcp': True}
2025-10-24 16:37:53,243 : INFO : EventManager : Event: ======'start_bg_video'====== Args={'_from_bcp': True}
2025-10-24 16:37:53,243 : INFO : EventManager : Event: ======'new_video'====== Args={'_from_bcp': True}
2025-10-24 16:37:55,971 : INFO : Machine : Shutting down...
2025-10-24 16:37:55,971 : INFO : EventManager : Event: ======'shutdown'====== Args={}
2025-10-24 16:37:55,973 : INFO : EventManager : Event: ======'mode_game_will_stop'====== Args={}
2025-10-24 16:37:55,973 : INFO : EventManager : Event: ======'mode_game_stopping'====== Args={}
2025-10-24 16:37:55,974 : INFO : EventManager : Event: ======'mode_base_will_stop'====== Args={}
2025-10-24 16:37:55,974 : INFO : EventManager : Event: ======'mode_base_stopping'====== Args={}
2025-10-24 16:37:55,974 : INFO : EventManager : Event: ======'mode_bumpers_will_stop'====== Args={}
2025-10-24 16:37:55,974 : INFO : EventManager : Event: ======'mode_bumpers_stopping'====== Args={}
2025-10-24 16:37:55,974 : INFO : EventManager : Event: ======'mode_pilot_mission_qualifier_will_stop'====== Args={}
2025-10-24 16:37:55,974 : INFO : EventManager : Event: ======'mode_pilot_mission_qualifier_stopping'====== Args={}
2025-10-24 16:37:55,974 : INFO : EventManager : Event: ======'stop_mode_bumpers'====== Args={'priority': 0}
2025-10-24 16:37:55,975 : INFO : Mode.pilot_mission_qualifier : Stopped.
2025-10-24 16:37:55,975 : INFO : EventManager : Event: ======'modes_active_modes_changed'====== Args={}
2025-10-24 16:37:55,975 : INFO : EventManager : Event: ======'mode_pilot_mission_qualifier_stopped'====== Args={}
2025-10-24 16:37:55,975 : INFO : EventManager : Event: ======'clear'====== Args={'key': 'pilot_mission_qualifier'}
2025-10-24 16:37:55,975 : INFO : Mode.bumpers : Stopped.
2025-10-24 16:37:55,975 : INFO : EventManager : Event: ======'modes_active_modes_changed'====== Args={}
2025-10-24 16:37:55,975 : INFO : EventManager : Event: ======'mode_bumpers_stopped'====== Args={}
2025-10-24 16:37:55,975 : INFO : EventManager : Event: ======'clear'====== Args={'key': 'bumpers'}
2025-10-24 16:37:55,976 : INFO : Mode.base : Stopped.
2025-10-24 16:37:55,976 : INFO : EventManager : Event: ======'modes_active_modes_changed'====== Args={}
2025-10-24 16:37:55,976 : INFO : EventManager : Event: ======'mode_base_stopped'====== Args={}
2025-10-24 16:37:55,976 : INFO : EventManager : Event: ======'clear'====== Args={'key': 'base'}
2025-10-24 16:37:55,976 : INFO : Mode.game : Stopped.
2025-10-24 16:37:55,976 : INFO : EventManager : Event: ======'modes_active_modes_changed'====== Args={}
2025-10-24 16:37:55,976 : INFO : EventManager : Event: ======'mode_game_stopped'====== Args={}
2025-10-24 16:37:55,976 : INFO : EventManager : Event: ======'clear'====== Args={'key': 'game'}
2025-10-24 16:37:55,980 : INFO : root : MPF run loop ended.
