2025-11-04 15:13:28,420 : INFO : root : Loading config.
2025-11-04 15:13:28,426 : INFO : YamlMultifileConfigLoader : Machine config file #1: config.yaml
2025-11-04 15:13:28,426 : INFO : ConfigProcessor : Loading config from cache: C:\Users\White\AppData\Local\Temp\cfa6ecba65704a931c9dd214c44986c8.mpf_cache
2025-11-04 15:13:28,428 : WARNING : ConfigProcessor : Config file in cache changed: C:\Users\White\Documents\Top_Gun_Pinball\config\variable_player.yaml
2025-11-04 15:13:28,429 : INFO : ConfigProcessor : Loading config from file C:\Users\White\mpf\Lib\site-packages\mpf\mpfconfig.yaml.
2025-11-04 15:13:28,456 : INFO : ConfigProcessor : Loading config: C:\Users\White\mpf\Lib\site-packages\mpf\mpfconfig.yaml
2025-11-04 15:13:28,456 : INFO : ConfigProcessor : Loading config from file C:\Users\White\Documents\Top_Gun_Pinball\config\config.yaml.
2025-11-04 15:13:28,471 : INFO : ConfigProcessor : Loading config: C:\Users\White\Documents\Top_Gun_Pinball\config\config.yaml
2025-11-04 15:13:28,484 : INFO : ConfigProcessor : Loading config: C:\Users\White\Documents\Top_Gun_Pinball\config\config_autofire_coils.yaml
2025-11-04 15:13:28,494 : INFO : ConfigProcessor : Loading config: C:\Users\White\Documents\Top_Gun_Pinball\config\config_ball_devices.yaml
2025-11-04 15:13:28,514 : INFO : ConfigProcessor : Loading config: C:\Users\White\Documents\Top_Gun_Pinball\config\config_coils.yaml
2025-11-04 15:13:28,525 : INFO : ConfigProcessor : Loading config: C:\Users\White\Documents\Top_Gun_Pinball\config\config_flippers.yaml
2025-11-04 15:13:28,539 : INFO : ConfigProcessor : Loading config: C:\Users\White\Documents\Top_Gun_Pinball\config\config_hardware_fast.yaml
2025-11-04 15:13:28,562 : INFO : ConfigProcessor : Loading config: C:\Users\White\Documents\Top_Gun_Pinball\config\config_lights.yaml
2025-11-04 15:13:28,584 : INFO : ConfigProcessor : Loading config: C:\Users\White\Documents\Top_Gun_Pinball\config\config_switches.yaml
2025-11-04 15:13:28,599 : INFO : ConfigProcessor : Loading config: C:\Users\White\Documents\Top_Gun_Pinball\config\variable_player.yaml
2025-11-04 15:13:28,611 : INFO : ConfigProcessor : Loading config: C:\Users\White\Documents\Top_Gun_Pinball\config\config_videos.yaml
2025-11-04 15:13:28,615 : INFO : ConfigProcessor : Config file cache created: C:\Users\White\AppData\Local\Temp\cfa6ecba65704a931c9dd214c44986c8.mpf_cache
2025-11-04 15:13:28,729 : INFO : ConfigProcessor : Loading config from cache: C:\Users\White\AppData\Local\Temp\f98ffc0ff5962effface7d86bc406d5c.mpf_cache
2025-11-04 15:13:28,730 : INFO : ConfigProcessor : Loading config from cache: C:\Users\White\AppData\Local\Temp\91cc4d1c993c58dc354e34974b9cfeac.mpf_cache
2025-11-04 15:13:28,731 : INFO : ConfigProcessor : Loading config from cache: C:\Users\White\AppData\Local\Temp\06cda66dcbfac63db843289c7a70df06.mpf_cache
2025-11-04 15:13:28,742 : INFO : ConfigProcessor : Loading config from cache: C:\Users\White\AppData\Local\Temp\f98ffc0ff5962effface7d86bc406d5c.mpf_cache
2025-11-04 15:13:28,744 : INFO : ConfigProcessor : Loading config from cache: C:\Users\White\AppData\Local\Temp\76792f1d686f89709887dba7bd69667a.mpf_cache
2025-11-04 15:13:28,745 : WARNING : ConfigProcessor : Config file in cache changed: C:\Users\White\Documents\Top_Gun_Pinball\modes\bumpers\config\bumpers.yaml
2025-11-04 15:13:28,745 : INFO : ConfigProcessor : Loading config from file C:\Users\White\Documents\Top_Gun_Pinball\modes\bumpers\config\bumpers.yaml.
2025-11-04 15:13:28,756 : INFO : ConfigProcessor : Loading config: C:\Users\White\Documents\Top_Gun_Pinball\modes\bumpers\config\bumpers.yaml
2025-11-04 15:13:28,757 : INFO : ConfigProcessor : Config file cache created: C:\Users\White\AppData\Local\Temp\142bbae4707335cc8e3efaa4364c4893.mpf_cache
2025-11-04 15:13:28,757 : INFO : ConfigProcessor : Loading config from cache: C:\Users\White\AppData\Local\Temp\d586631024bd380382ddba1caafd4910.mpf_cache
2025-11-04 15:13:28,758 : INFO : ConfigProcessor : Loading config from cache: C:\Users\White\AppData\Local\Temp\202647b69b904517343fecdf4579c275.mpf_cache
2025-11-04 15:13:28,760 : INFO : ConfigProcessor : Loading config from cache: C:\Users\White\AppData\Local\Temp\d069db2c83fe896d88972cde9b686138.mpf_cache
2025-11-04 15:13:28,761 : INFO : ConfigProcessor : Loading config from cache: C:\Users\White\AppData\Local\Temp\58ab893dda10a3d2ba8fe97b81891df0.mpf_cache
2025-11-04 15:13:28,762 : INFO : ConfigProcessor : Loading config from cache: C:\Users\White\AppData\Local\Temp\0f5f0ac41d1a2672d0d32cef2b12699e.mpf_cache
2025-11-04 15:13:28,763 : INFO : ConfigProcessor : Loading config from cache: C:\Users\White\AppData\Local\Temp\3a419899266be7cd41a083be5a3a8ebb.mpf_cache
2025-11-04 15:13:28,764 : INFO : ConfigProcessor : Loading config from cache: C:\Users\White\AppData\Local\Temp\82e20c7c6490dd2e5fed726a3aa8d652.mpf_cache
2025-11-04 15:13:28,767 : INFO : ConfigProcessor : Loading config from cache: C:\Users\White\AppData\Local\Temp\359114d5ba2a6ad6c93d1559776bbb30.mpf_cache
2025-11-04 15:13:28,769 : INFO : ConfigProcessor : Loading config from cache: C:\Users\White\AppData\Local\Temp\f8c9a3739ec88c539117633fa55f5d20.mpf_cache
2025-11-04 15:13:28,771 : INFO : ConfigProcessor : Loading config from cache: C:\Users\White\AppData\Local\Temp\d421369d6df802e4e6f8aa58f446b1a6.mpf_cache
2025-11-04 15:13:28,772 : INFO : ConfigProcessor : Loading config from cache: C:\Users\White\AppData\Local\Temp\2151caa0419aeb1e56d3d8934477383e.mpf_cache
2025-11-04 15:13:28,776 : INFO : ConfigProcessor : Loading config from cache: C:\Users\White\AppData\Local\Temp\17003635873251b4f6841bf4ab3bdcdd.mpf_cache
2025-11-04 15:13:28,777 : INFO : ConfigProcessor : Loading config from cache: C:\Users\White\AppData\Local\Temp\c8ceed3d7c617b2f1fa85b3487b918c6.mpf_cache
2025-11-04 15:13:28,779 : INFO : ConfigProcessor : Loading config from cache: C:\Users\White\AppData\Local\Temp\f70c640a816343cb9040222d7a9269d3.mpf_cache
2025-11-04 15:13:28,782 : INFO : ConfigProcessor : Loading config from cache: C:\Users\White\AppData\Local\Temp\30922048be1d0c17ea15fc75f7fbfe10.mpf_cache
2025-11-04 15:13:28,785 : INFO : ConfigProcessor : Loading config from cache: C:\Users\White\AppData\Local\Temp\2e44e1a8157cd8d5be0e623de5bcf3cd.mpf_cache
2025-11-04 15:13:28,786 : INFO : ConfigProcessor : Loading config from cache: C:\Users\White\AppData\Local\Temp\58d7809d3d969de03aaf131fc45863f8.mpf_cache
2025-11-04 15:13:28,789 : INFO : ConfigProcessor : Loading config from cache: C:\Users\White\AppData\Local\Temp\a2ff6e5c252adf2ba75ad894f77f7ce6.mpf_cache
2025-11-04 15:13:28,789 : INFO : ConfigProcessor : Loading config from cache: C:\Users\White\AppData\Local\Temp\2ebcf623e49efab13a66f36a8282b4e9.mpf_cache
2025-11-04 15:13:28,791 : INFO : ConfigProcessor : Loading config from cache: C:\Users\White\AppData\Local\Temp\d380fa2863f93e197660f0281ffd272b.mpf_cache
2025-11-04 15:13:28,792 : INFO : ConfigProcessor : Loading config from cache: C:\Users\White\AppData\Local\Temp\88e41ae7dcea899a043a2f63da55a8b7.mpf_cache
2025-11-04 15:13:28,792 : INFO : Machine : Mission Pinball Framework Core Engine v0.80.0.dev9
2025-11-04 15:13:28,792 : INFO : Machine : Command line arguments: {'no_load_cache': False, 'create_config_cache': True, 'bcp': True, 'configfile': ['config.yaml'], 'force_assets_load': False, 'platform_integration_test': False, 'jsonlogging': False, 'logfile': 'logs\\2025-11-04-15-13-28-mpf-TopGunPinball.log', 'pause': False, 'production': False, 'text_ui': False, 'loglevel': 15, 'consoleloglevel': 20, 'force_platform': 'virtual', 'syslog_address': None, 'full_logfile_path': 'C:\\Users\\White\\Documents\\Top_Gun_Pinball\\logs\\2025-11-04-15-13-28-mpf-TopGunPinball.log'}
2025-11-04 15:13:28,792 : INFO : Machine : MPF path: C:\Users\White\mpf\Lib\site-packages\mpf
2025-11-04 15:13:28,792 : INFO : Machine : Machine path: C:\Users\White\Documents\Top_Gun_Pinball
2025-11-04 15:13:28,792 : INFO : Machine : Platform: win32
2025-11-04 15:13:28,792 : INFO : Machine : Python executable location: C:\Users\White\mpf\Scripts\python.exe
2025-11-04 15:13:28,792 : INFO : Machine : Python version: 3.12.7 (64-bit)
2025-11-04 15:13:28,795 : INFO : Machine : Initializing MPF...
2025-11-04 15:13:28,891 : INFO : EventManager : Event: ======'machine_var_credits_string'====== Args={'value': 'FREE PLAY', 'prev_value': None, 'change': True}
2025-11-04 15:13:28,919 : INFO : EventManager : Event: ======'machine_var_master_volume'====== Args={'value': 0.5, 'prev_value': None, 'change': True}
2025-11-04 15:13:28,919 : INFO : EventManager : Event: ======'machine_var_player1_score'====== Args={'value': 2229000, 'prev_value': None, 'change': True}
2025-11-04 15:13:28,919 : INFO : EventManager : Event: ======'machine_var_mpf_version'====== Args={'value': 'Mission Pinball Framework v0.80.0.dev9', 'prev_value': None, 'change': True}
2025-11-04 15:13:28,919 : INFO : EventManager : Event: ======'machine_var_mpf_extended_version'====== Args={'value': 'Mission Pinball Framework v0.80.0.dev9, Config version:6, Show version: 6, BCP version:1.1', 'prev_value': None, 'change': True}
2025-11-04 15:13:28,920 : INFO : EventManager : Event: ======'machine_var_python_version'====== Args={'value': '3.12.7', 'prev_value': None, 'change': True}
2025-11-04 15:13:29,073 : INFO : EventManager : Event: ======'machine_var_platform'====== Args={'value': 'Windows-11-10.0.26100-SP0', 'prev_value': None, 'change': True}
2025-11-04 15:13:29,073 : INFO : EventManager : Event: ======'machine_var_platform_system'====== Args={'value': 'Windows', 'prev_value': None, 'change': True}
2025-11-04 15:13:29,073 : INFO : EventManager : Event: ======'machine_var_platform_release'====== Args={'value': '11', 'prev_value': None, 'change': True}
2025-11-04 15:13:29,073 : INFO : EventManager : Event: ======'machine_var_platform_version'====== Args={'value': '10.0.26100', 'prev_value': None, 'change': True}
2025-11-04 15:13:29,073 : INFO : EventManager : Event: ======'machine_var_platform_machine'====== Args={'value': 'AMD64', 'prev_value': None, 'change': True}
2025-11-04 15:13:29,073 : INFO : EventManager : Event: ======'machine_var_log_file_path'====== Args={'value': 'C:\\Users\\White\\Documents\\Top_Gun_Pinball\\logs\\2025-11-04-15-13-28-mpf-TopGunPinball.log', 'prev_value': None, 'change': True}
2025-11-04 15:13:29,073 : INFO : EventManager : Event: ======'init_phase_1'====== Args={}
2025-11-04 15:13:29,139 : ERROR : asyncio : Exception in callback EventManager._queue_task_done(<Task finishe... Mode: None")>)
handle: <Handle EventManager._queue_task_done(<Task finishe... Mode: None")>)>
Traceback (most recent call last):
  File "C:\Users\White\AppData\Local\Programs\Python\Python312\Lib\asyncio\events.py", line 88, in _run
    self._context.run(self._callback, *self._args)
  File "C:\Users\White\mpf\Lib\site-packages\mpf\core\events.py", line 795, in _queue_task_done
    future.result()
  File "C:\Users\White\mpf\Lib\site-packages\mpf\core\events.py", line 708, in _run_handlers_sequential
    handler.callback(queue=queue, **merged_kwargs)
  File "C:\Users\White\mpf\Lib\site-packages\mpf\core\config_player.py", line 93, in _initialize_system_wide
    self._global_keys = self.register_player_events(self.machine.config[self.config_file_section])
                        ^^^^^^^^^^^^^^^^^^^^^^^^^^^^^^^^^^^^^^^^^^^^^^^^^^^^^^^^^^^^^^^^^^^^^^^^^^
  File "C:\Users\White\mpf\Lib\site-packages\mpf\core\config_player.py", line 292, in register_player_events
    raise ConfigFileError("Section not valid outside of game modes. {} {}:{} Mode: {}".format(
mpf.exceptions.config_file_error.ConfigFileError: Config File Error in variable_player: Section not valid outside of game modes. ConfigPlayer.variable_player/variables player_added:{'total_scoring_multiplier': {'action': 'set', 'float': <NativeTemplate 1.0>, 'priority': 0, 'int': None, 'string': None, 'block': False, 'player': None, 'condition': None}} Mode: None Error Code: CFE-variable_player-1 (https://missionpinball.org/logs)
2025-11-04 15:13:29,189 : INFO : Machine : Starting the main run loop with active modes: []
2025-11-04 15:13:29,189 : WARNING : Machine : Attract mode is not active, game will not be playable. Please check your attract mode configuration.
2025-11-04 15:13:29,190 : INFO : Machine : Shutting down...
2025-11-04 15:13:29,190 : INFO : EventManager : Event: ======'shutdown'====== Args={}
2025-11-04 15:13:30,191 : ERROR : Machine : Runtime Exception
Traceback (most recent call last):
  File "C:\Users\White\mpf\Lib\site-packages\mpf\core\machine.py", line 808, in _run_loop
    raise self._exception['exception']
  File "C:\Users\White\AppData\Local\Programs\Python\Python312\Lib\asyncio\events.py", line 88, in _run
    self._context.run(self._callback, *self._args)
  File "C:\Users\White\mpf\Lib\site-packages\mpf\core\events.py", line 795, in _queue_task_done
    future.result()
  File "C:\Users\White\mpf\Lib\site-packages\mpf\core\events.py", line 708, in _run_handlers_sequential
    handler.callback(queue=queue, **merged_kwargs)
  File "C:\Users\White\mpf\Lib\site-packages\mpf\core\config_player.py", line 93, in _initialize_system_wide
    self._global_keys = self.register_player_events(self.machine.config[self.config_file_section])
                        ^^^^^^^^^^^^^^^^^^^^^^^^^^^^^^^^^^^^^^^^^^^^^^^^^^^^^^^^^^^^^^^^^^^^^^^^^^
  File "C:\Users\White\mpf\Lib\site-packages\mpf\core\config_player.py", line 292, in register_player_events
    raise ConfigFileError("Section not valid outside of game modes. {} {}:{} Mode: {}".format(
mpf.exceptions.config_file_error.ConfigFileError: Config File Error in variable_player: Section not valid outside of game modes. ConfigPlayer.variable_player/variables player_added:{'total_scoring_multiplier': {'action': 'set', 'float': <NativeTemplate 1.0>, 'priority': 0, 'int': None, 'string': None, 'block': False, 'player': None, 'condition': None}} Mode: None Error Code: CFE-variable_player-1 (https://missionpinball.org/logs)
2025-11-04 15:13:30,212 : INFO : root : MPF run loop ended.
