2025-09-17 21:28:15,445 : INFO : root : Loading config.
2025-09-17 21:28:15,450 : INFO : YamlMultifileConfigLoader : Machine config file #1: config.yaml
2025-09-17 21:28:15,450 : INFO : ConfigProcessor : Loading config from cache: C:\Users\White\AppData\Local\Temp\cfa6ecba65704a931c9dd214c44986c8.mpf_cache
2025-09-17 21:28:15,554 : INFO : ConfigProcessor : Loading config from cache: C:\Users\White\AppData\Local\Temp\f98ffc0ff5962effface7d86bc406d5c.mpf_cache
2025-09-17 21:28:15,554 : INFO : ConfigProcessor : Loading config from cache: C:\Users\White\AppData\Local\Temp\91cc4d1c993c58dc354e34974b9cfeac.mpf_cache
2025-09-17 21:28:15,555 : INFO : ConfigProcessor : Loading config from cache: C:\Users\White\AppData\Local\Temp\f98ffc0ff5962effface7d86bc406d5c.mpf_cache
2025-09-17 21:28:15,556 : INFO : ConfigProcessor : Loading config from cache: C:\Users\White\AppData\Local\Temp\76792f1d686f89709887dba7bd69667a.mpf_cache
2025-09-17 21:28:15,556 : INFO : ConfigProcessor : Loading config from cache: C:\Users\White\AppData\Local\Temp\142bbae4707335cc8e3efaa4364c4893.mpf_cache
2025-09-17 21:28:15,557 : INFO : ConfigProcessor : Loading config from cache: C:\Users\White\AppData\Local\Temp\b4249e7b8f95e82c549b9263ef475a09.mpf_cache
2025-09-17 21:28:15,557 : INFO : Machine : Mission Pinball Framework Core Engine v0.80.0.dev9
2025-09-17 21:28:15,557 : INFO : Machine : Command line arguments: {'no_load_cache': False, 'create_config_cache': True, 'bcp': True, 'configfile': ['config.yaml'], 'force_assets_load': False, 'platform_integration_test': False, 'jsonlogging': False, 'logfile': 'logs\\2025-09-17-21-28-15-mpf-TopGunPinball.log', 'pause': False, 'production': False, 'text_ui': False, 'loglevel': 15, 'consoleloglevel': 20, 'force_platform': 'virtual', 'syslog_address': None, 'full_logfile_path': 'C:\\Users\\White\\Documents\\Top_Gun_Pinball\\logs\\2025-09-17-21-28-15-mpf-TopGunPinball.log'}
2025-09-17 21:28:15,557 : INFO : Machine : MPF path: C:\Users\White\mpf\Lib\site-packages\mpf
2025-09-17 21:28:15,557 : INFO : Machine : Machine path: C:\Users\White\Documents\Top_Gun_Pinball
2025-09-17 21:28:15,557 : INFO : Machine : Platform: win32
2025-09-17 21:28:15,557 : INFO : Machine : Python executable location: C:\Users\White\mpf\Scripts\python.exe
2025-09-17 21:28:15,557 : INFO : Machine : Python version: 3.12.7 (64-bit)
2025-09-17 21:28:15,560 : INFO : Machine : Initializing MPF...
2025-09-17 21:28:15,650 : INFO : EventManager : Event: ======'machine_var_credits_string'====== Args={'value': 'FREE PLAY', 'prev_value': None, 'change': True}
2025-09-17 21:28:15,679 : INFO : EventManager : Event: ======'machine_var_master_volume'====== Args={'value': 0.5, 'prev_value': None, 'change': True}
2025-09-17 21:28:15,679 : INFO : EventManager : Event: ======'machine_var_player1_score'====== Args={'value': 61000, 'prev_value': None, 'change': True}
2025-09-17 21:28:15,679 : INFO : EventManager : Event: ======'machine_var_player2_score'====== Args={'value': 73000, 'prev_value': None, 'change': True}
2025-09-17 21:28:15,679 : INFO : EventManager : Event: ======'machine_var_mpf_version'====== Args={'value': 'Mission Pinball Framework v0.80.0.dev9', 'prev_value': None, 'change': True}
2025-09-17 21:28:15,679 : INFO : EventManager : Event: ======'machine_var_mpf_extended_version'====== Args={'value': 'Mission Pinball Framework v0.80.0.dev9, Config version:6, Show version: 6, BCP version:1.1', 'prev_value': None, 'change': True}
2025-09-17 21:28:15,679 : INFO : EventManager : Event: ======'machine_var_python_version'====== Args={'value': '3.12.7', 'prev_value': None, 'change': True}
2025-09-17 21:28:15,779 : INFO : EventManager : Event: ======'machine_var_platform'====== Args={'value': 'Windows-11-10.0.26100-SP0', 'prev_value': None, 'change': True}
2025-09-17 21:28:15,779 : INFO : EventManager : Event: ======'machine_var_platform_system'====== Args={'value': 'Windows', 'prev_value': None, 'change': True}
2025-09-17 21:28:15,779 : INFO : EventManager : Event: ======'machine_var_platform_release'====== Args={'value': '11', 'prev_value': None, 'change': True}
2025-09-17 21:28:15,779 : INFO : EventManager : Event: ======'machine_var_platform_version'====== Args={'value': '10.0.26100', 'prev_value': None, 'change': True}
2025-09-17 21:28:15,779 : INFO : EventManager : Event: ======'machine_var_platform_machine'====== Args={'value': 'AMD64', 'prev_value': None, 'change': True}
2025-09-17 21:28:15,779 : INFO : EventManager : Event: ======'machine_var_log_file_path'====== Args={'value': 'C:\\Users\\White\\Documents\\Top_Gun_Pinball\\logs\\2025-09-17-21-28-15-mpf-TopGunPinball.log', 'prev_value': None, 'change': True}
2025-09-17 21:28:15,779 : INFO : EventManager : Event: ======'init_phase_1'====== Args={}
2025-09-17 21:28:15,825 : INFO : EventManager : Event: ======'init_phase_2'====== Args={}
2025-09-17 21:28:15,826 : INFO : SwitchController : Found active switch: ('playfield_board_lower-3208-0', <Platform.Virtual>) <switch.s_trough_1>
2025-09-17 21:28:15,826 : INFO : SwitchController : Found active switch: ('playfield_board_lower-3208-1', <Platform.Virtual>) <switch.s_trough_2>
2025-09-17 21:28:15,826 : INFO : SwitchController : Found active switch: ('playfield_board_lower-3208-2', <Platform.Virtual>) <switch.s_trough_3>
2025-09-17 21:28:15,826 : INFO : SwitchController : Found active switch: ('playfield_board_lower-3208-3', <Platform.Virtual>) <switch.s_trough_4>
2025-09-17 21:28:15,826 : INFO : SwitchController : Found active switch: ('playfield_board_lower-3208-4', <Platform.Virtual>) <switch.s_trough_5>
2025-09-17 21:28:15,826 : INFO : SwitchController : Found active switch: ('playfield_board_lower-3208-5', <Platform.Virtual>) <switch.s_trough_6>
2025-09-17 21:28:15,828 : INFO : EventManager : Event: ======'bcp_connection_attempt'====== Args={'name': 'local_display', 'host': 'localhost', 'port': 5050}
2025-09-17 21:28:15,829 : INFO : BCPClientSocket : Connecting BCP to 'local_display' at localhost:5050...
2025-09-17 21:28:15,841 : INFO : BCPClientSocket : Connected BCP to 'local_display' localhost:5050
2025-09-17 21:28:15,841 : INFO : EventManager : Event: ======'bcp_clients_connected'====== Args={}
2025-09-17 21:28:15,842 : INFO : ball_device.bd_plunger : BCH: Initial count: 0
2025-09-17 21:28:15,842 : INFO : ball_device.bd_plunger : State: idle
2025-09-17 21:28:15,842 : INFO : ball_device.bd_trough : BCH: Initial count: 6
2025-09-17 21:28:15,844 : INFO : ball_device.bd_trough : State: idle
2025-09-17 21:28:15,844 : INFO : ball_device.bd_lock_elevator : BCH: Initial count: 0
2025-09-17 21:28:15,844 : INFO : ball_device.bd_lock_elevator : State: idle
2025-09-17 21:28:15,844 : INFO : ball_device.bd_mode_scoop : BCH: Initial count: 0
2025-09-17 21:28:15,844 : INFO : ball_device.bd_mode_scoop : State: idle
2025-09-17 21:28:15,857 : INFO : EventManager : Event: ======'init_phase_3'====== Args={}
2025-09-17 21:28:15,859 : INFO : EventManager : Event: ======'init_phase_4'====== Args={}
2025-09-17 21:28:15,859 : INFO : BallController : Initial balls found: 6
2025-09-17 21:28:15,861 : INFO : EventManager : Event: ======'machine_var_audits_events_game_ended'====== Args={'value': 1, 'prev_value': None, 'change': True}
2025-09-17 21:28:15,861 : INFO : EventManager : Event: ======'machine_var_audits_events_game_started'====== Args={'value': 121, 'prev_value': None, 'change': True}
2025-09-17 21:28:15,861 : INFO : EventManager : Event: ======'machine_var_audits_missing_switches_s_a_iceman_target'====== Args={'value': 7, 'prev_value': None, 'change': True}
2025-09-17 21:28:15,861 : INFO : EventManager : Event: ======'machine_var_audits_missing_switches_s_barrier_target'====== Args={'value': 5, 'prev_value': None, 'change': True}
2025-09-17 21:28:15,862 : INFO : EventManager : Event: ======'machine_var_audits_missing_switches_s_bumper_center'====== Args={'value': 4, 'prev_value': None, 'change': True}
2025-09-17 21:28:15,862 : INFO : EventManager : Event: ======'machine_var_audits_missing_switches_s_bumper_left'====== Args={'value': 4, 'prev_value': None, 'change': True}
2025-09-17 21:28:15,862 : INFO : EventManager : Event: ======'machine_var_audits_missing_switches_s_bumper_right'====== Args={'value': 5, 'prev_value': None, 'change': True}
2025-09-17 21:28:15,862 : INFO : EventManager : Event: ======'machine_var_audits_missing_switches_s_c_lock_target'====== Args={'value': 5, 'prev_value': None, 'change': True}
2025-09-17 21:28:15,862 : INFO : EventManager : Event: ======'machine_var_audits_missing_switches_s_coin_door'====== Args={'value': 8, 'prev_value': None, 'change': True}
2025-09-17 21:28:15,862 : INFO : EventManager : Event: ======'machine_var_audits_missing_switches_s_coin_door_service_1'====== Args={'value': 8, 'prev_value': None, 'change': True}
2025-09-17 21:28:15,862 : INFO : EventManager : Event: ======'machine_var_audits_missing_switches_s_coin_door_service_2'====== Args={'value': 8, 'prev_value': None, 'change': True}
2025-09-17 21:28:15,862 : INFO : EventManager : Event: ======'machine_var_audits_missing_switches_s_coin_door_service_3'====== Args={'value': 8, 'prev_value': None, 'change': True}
2025-09-17 21:28:15,862 : INFO : EventManager : Event: ======'machine_var_audits_missing_switches_s_coin_door_service_4'====== Args={'value': 8, 'prev_value': None, 'change': True}
2025-09-17 21:28:15,862 : INFO : EventManager : Event: ======'machine_var_audits_missing_switches_s_flight_gear_target'====== Args={'value': 5, 'prev_value': None, 'change': True}
2025-09-17 21:28:15,862 : INFO : EventManager : Event: ======'machine_var_audits_missing_switches_s_flipper_left'====== Args={'value': 66, 'prev_value': None, 'change': True}
2025-09-17 21:28:15,862 : INFO : EventManager : Event: ======'machine_var_audits_missing_switches_s_flipper_left_eos'====== Args={'value': 68, 'prev_value': None, 'change': True}
2025-09-17 21:28:15,862 : INFO : EventManager : Event: ======'machine_var_audits_missing_switches_s_flipper_left_upper'====== Args={'value': 70, 'prev_value': None, 'change': True}
2025-09-17 21:28:15,862 : INFO : EventManager : Event: ======'machine_var_audits_missing_switches_s_flipper_left_upper_eos'====== Args={'value': 68, 'prev_value': None, 'change': True}
2025-09-17 21:28:15,862 : INFO : EventManager : Event: ======'machine_var_audits_missing_switches_s_flipper_right'====== Args={'value': 4, 'prev_value': None, 'change': True}
2025-09-17 21:28:15,862 : INFO : EventManager : Event: ======'machine_var_audits_missing_switches_s_flipper_right_eos'====== Args={'value': 68, 'prev_value': None, 'change': True}
2025-09-17 21:28:15,862 : INFO : EventManager : Event: ======'machine_var_audits_missing_switches_s_i_iceman_target'====== Args={'value': 5, 'prev_value': None, 'change': True}
2025-09-17 21:28:15,862 : INFO : EventManager : Event: ======'machine_var_audits_missing_switches_s_inlane_left'====== Args={'value': 1, 'prev_value': None, 'change': True}
2025-09-17 21:28:15,862 : INFO : EventManager : Event: ======'machine_var_audits_missing_switches_s_inner_inlane_right'====== Args={'value': 5, 'prev_value': None, 'change': True}
2025-09-17 21:28:15,862 : INFO : EventManager : Event: ======'machine_var_audits_missing_switches_s_jam'====== Args={'value': 7, 'prev_value': None, 'change': True}
2025-09-17 21:28:15,862 : INFO : EventManager : Event: ======'machine_var_audits_missing_switches_s_k_lock_target'====== Args={'value': 5, 'prev_value': None, 'change': True}
2025-09-17 21:28:15,862 : INFO : EventManager : Event: ======'machine_var_audits_missing_switches_s_l_lock_target'====== Args={'value': 5, 'prev_value': None, 'change': True}
2025-09-17 21:28:15,864 : INFO : EventManager : Event: ======'machine_var_audits_missing_switches_s_lane_left'====== Args={'value': 120, 'prev_value': None, 'change': True}
2025-09-17 21:28:15,864 : INFO : EventManager : Event: ======'machine_var_audits_missing_switches_s_lane_right'====== Args={'value': 70, 'prev_value': None, 'change': True}
2025-09-17 21:28:15,864 : INFO : EventManager : Event: ======'machine_var_audits_missing_switches_s_lock_goose'====== Args={'value': 70, 'prev_value': None, 'change': True}
2025-09-17 21:28:15,864 : INFO : EventManager : Event: ======'machine_var_audits_missing_switches_s_lock_mav'====== Args={'value': 70, 'prev_value': None, 'change': True}
2025-09-17 21:28:15,864 : INFO : EventManager : Event: ======'machine_var_audits_missing_switches_s_lock_plunger'====== Args={'value': 70, 'prev_value': None, 'change': True}
2025-09-17 21:28:15,864 : INFO : EventManager : Event: ======'machine_var_audits_missing_switches_s_m_iceman_target'====== Args={'value': 7, 'prev_value': None, 'change': True}
2025-09-17 21:28:15,864 : INFO : EventManager : Event: ======'machine_var_audits_missing_switches_s_mig_lane_left'====== Args={'value': 70, 'prev_value': None, 'change': True}
2025-09-17 21:28:15,864 : INFO : EventManager : Event: ======'machine_var_audits_missing_switches_s_mig_lane_right'====== Args={'value': 70, 'prev_value': None, 'change': True}
2025-09-17 21:28:15,864 : INFO : EventManager : Event: ======'machine_var_audits_missing_switches_s_mode_start'====== Args={'value': 70, 'prev_value': None, 'change': True}
2025-09-17 21:28:15,864 : INFO : EventManager : Event: ======'machine_var_audits_missing_switches_s_n_iceman_target'====== Args={'value': 7, 'prev_value': None, 'change': True}
2025-09-17 21:28:15,864 : INFO : EventManager : Event: ======'machine_var_audits_missing_switches_s_o_lock_target'====== Args={'value': 5, 'prev_value': None, 'change': True}
2025-09-17 21:28:15,864 : INFO : EventManager : Event: ======'machine_var_audits_missing_switches_s_orbit_left'====== Args={'value': 5, 'prev_value': None, 'change': True}
2025-09-17 21:28:15,864 : INFO : EventManager : Event: ======'machine_var_audits_missing_switches_s_orbit_lower'====== Args={'value': 70, 'prev_value': None, 'change': True}
2025-09-17 21:28:15,864 : INFO : EventManager : Event: ======'machine_var_audits_missing_switches_s_orbit_right'====== Args={'value': 70, 'prev_value': None, 'change': True}
2025-09-17 21:28:15,864 : INFO : EventManager : Event: ======'machine_var_audits_missing_switches_s_orbit_upper'====== Args={'value': 70, 'prev_value': None, 'change': True}
2025-09-17 21:28:15,864 : INFO : EventManager : Event: ======'machine_var_audits_missing_switches_s_outer_inlane_right'====== Args={'value': 3, 'prev_value': None, 'change': True}
2025-09-17 21:28:15,864 : INFO : EventManager : Event: ======'machine_var_audits_missing_switches_s_outlane_left'====== Args={'value': 70, 'prev_value': None, 'change': True}
2025-09-17 21:28:15,864 : INFO : EventManager : Event: ======'machine_var_audits_missing_switches_s_outlane_right'====== Args={'value': 7, 'prev_value': None, 'change': True}
2025-09-17 21:28:15,864 : INFO : EventManager : Event: ======'machine_var_audits_missing_switches_s_plunger_lane'====== Args={'value': 7, 'prev_value': None, 'change': True}
2025-09-17 21:28:15,864 : INFO : EventManager : Event: ======'machine_var_audits_missing_switches_s_ramp_inner_exit'====== Args={'value': 70, 'prev_value': None, 'change': True}
2025-09-17 21:28:15,864 : INFO : EventManager : Event: ======'machine_var_audits_missing_switches_s_ramp_left_exit'====== Args={'value': 70, 'prev_value': None, 'change': True}
2025-09-17 21:28:15,864 : INFO : EventManager : Event: ======'machine_var_audits_missing_switches_s_ramp_right_exit'====== Args={'value': 70, 'prev_value': None, 'change': True}
2025-09-17 21:28:15,864 : INFO : EventManager : Event: ======'machine_var_audits_missing_switches_s_ramp_tower_exit'====== Args={'value': 70, 'prev_value': None, 'change': True}
2025-09-17 21:28:15,865 : INFO : EventManager : Event: ======'machine_var_audits_missing_switches_s_slingshot_left'====== Args={'value': 5, 'prev_value': None, 'change': True}
2025-09-17 21:28:15,865 : INFO : EventManager : Event: ======'machine_var_audits_missing_switches_s_slingshot_right'====== Args={'value': 5, 'prev_value': None, 'change': True}
2025-09-17 21:28:15,865 : INFO : EventManager : Event: ======'machine_var_audits_missing_switches_s_spinner'====== Args={'value': 70, 'prev_value': None, 'change': True}
2025-09-17 21:28:15,865 : INFO : EventManager : Event: ======'machine_var_audits_missing_switches_s_start'====== Args={'value': 10, 'prev_value': None, 'change': True}
2025-09-17 21:28:15,865 : INFO : EventManager : Event: ======'machine_var_audits_missing_switches_s_tilt'====== Args={'value': 8, 'prev_value': None, 'change': True}
2025-09-17 21:28:15,865 : INFO : EventManager : Event: ======'machine_var_audits_missing_switches_s_trough_1'====== Args={'value': 46, 'prev_value': None, 'change': True}
2025-09-17 21:28:15,865 : INFO : EventManager : Event: ======'machine_var_audits_missing_switches_s_trough_2'====== Args={'value': 46, 'prev_value': None, 'change': True}
2025-09-17 21:28:15,865 : INFO : EventManager : Event: ======'machine_var_audits_missing_switches_s_trough_3'====== Args={'value': 46, 'prev_value': None, 'change': True}
2025-09-17 21:28:15,865 : INFO : EventManager : Event: ======'machine_var_audits_missing_switches_s_trough_4'====== Args={'value': 121, 'prev_value': None, 'change': True}
2025-09-17 21:28:15,865 : INFO : EventManager : Event: ======'machine_var_audits_missing_switches_s_trough_5'====== Args={'value': 121, 'prev_value': None, 'change': True}
2025-09-17 21:28:15,865 : INFO : EventManager : Event: ======'machine_var_audits_missing_switches_s_trough_6'====== Args={'value': 7, 'prev_value': None, 'change': True}
2025-09-17 21:28:15,865 : INFO : EventManager : Event: ======'machine_var_audits_player_score'====== Args={'value': {'average': 67000, 'top': [73000, 61000], 'total': 2}, 'prev_value': None, 'change': True}
2025-09-17 21:28:15,865 : INFO : EventManager : Event: ======'machine_var_audits_shots_bumper_center'====== Args={'value': 456, 'prev_value': None, 'change': True}
2025-09-17 21:28:15,865 : INFO : EventManager : Event: ======'machine_var_audits_shots_bumper_left'====== Args={'value': 462, 'prev_value': None, 'change': True}
2025-09-17 21:28:15,865 : INFO : EventManager : Event: ======'machine_var_audits_shots_bumper_right'====== Args={'value': 339, 'prev_value': None, 'change': True}
2025-09-17 21:28:15,865 : INFO : EventManager : Event: ======'machine_var_audits_switches_s_a_iceman_target'====== Args={'value': 24, 'prev_value': None, 'change': True}
2025-09-17 21:28:15,865 : INFO : EventManager : Event: ======'machine_var_audits_switches_s_barrier_target'====== Args={'value': 6, 'prev_value': None, 'change': True}
2025-09-17 21:28:15,865 : INFO : EventManager : Event: ======'machine_var_audits_switches_s_bumper_center'====== Args={'value': 469, 'prev_value': None, 'change': True}
2025-09-17 21:28:15,865 : INFO : EventManager : Event: ======'machine_var_audits_switches_s_bumper_left'====== Args={'value': 477, 'prev_value': None, 'change': True}
2025-09-17 21:28:15,865 : INFO : EventManager : Event: ======'machine_var_audits_switches_s_bumper_right'====== Args={'value': 343, 'prev_value': None, 'change': True}
2025-09-17 21:28:15,865 : INFO : EventManager : Event: ======'machine_var_audits_switches_s_c_iceman_target'====== Args={'value': 36, 'prev_value': None, 'change': True}
2025-09-17 21:28:15,865 : INFO : EventManager : Event: ======'machine_var_audits_switches_s_c_lock_target'====== Args={'value': 4, 'prev_value': None, 'change': True}
2025-09-17 21:28:15,866 : INFO : EventManager : Event: ======'machine_var_audits_switches_s_coin_door'====== Args={'value': 0, 'prev_value': None, 'change': True}
2025-09-17 21:28:15,866 : INFO : EventManager : Event: ======'machine_var_audits_switches_s_coin_door_service_1'====== Args={'value': 0, 'prev_value': None, 'change': True}
2025-09-17 21:28:15,866 : INFO : EventManager : Event: ======'machine_var_audits_switches_s_coin_door_service_2'====== Args={'value': 0, 'prev_value': None, 'change': True}
2025-09-17 21:28:15,866 : INFO : EventManager : Event: ======'machine_var_audits_switches_s_coin_door_service_3'====== Args={'value': 0, 'prev_value': None, 'change': True}
2025-09-17 21:28:15,866 : INFO : EventManager : Event: ======'machine_var_audits_switches_s_coin_door_service_4'====== Args={'value': 0, 'prev_value': None, 'change': True}
2025-09-17 21:28:15,866 : INFO : EventManager : Event: ======'machine_var_audits_switches_s_e_iceman_target'====== Args={'value': 40, 'prev_value': None, 'change': True}
2025-09-17 21:28:15,866 : INFO : EventManager : Event: ======'machine_var_audits_switches_s_flight_gear_target'====== Args={'value': 6, 'prev_value': None, 'change': True}
2025-09-17 21:28:15,866 : INFO : EventManager : Event: ======'machine_var_audits_switches_s_flipper_left'====== Args={'value': 9, 'prev_value': None, 'change': True}
2025-09-17 21:28:15,866 : INFO : EventManager : Event: ======'machine_var_audits_switches_s_flipper_left_eos'====== Args={'value': 0, 'prev_value': None, 'change': True}
2025-09-17 21:28:15,866 : INFO : EventManager : Event: ======'machine_var_audits_switches_s_flipper_left_upper'====== Args={'value': 0, 'prev_value': None, 'change': True}
2025-09-17 21:28:15,866 : INFO : EventManager : Event: ======'machine_var_audits_switches_s_flipper_left_upper_eos'====== Args={'value': 0, 'prev_value': None, 'change': True}
2025-09-17 21:28:15,866 : INFO : EventManager : Event: ======'machine_var_audits_switches_s_flipper_right'====== Args={'value': 17, 'prev_value': None, 'change': True}
2025-09-17 21:28:15,866 : INFO : EventManager : Event: ======'machine_var_audits_switches_s_flipper_right_eos'====== Args={'value': 0, 'prev_value': None, 'change': True}
2025-09-17 21:28:15,866 : INFO : EventManager : Event: ======'machine_var_audits_switches_s_i_iceman_target'====== Args={'value': 2, 'prev_value': None, 'change': True}
2025-09-17 21:28:15,866 : INFO : EventManager : Event: ======'machine_var_audits_switches_s_inlane_left'====== Args={'value': 53, 'prev_value': None, 'change': True}
2025-09-17 21:28:15,866 : INFO : EventManager : Event: ======'machine_var_audits_switches_s_inner_inlane_right'====== Args={'value': 3, 'prev_value': None, 'change': True}
2025-09-17 21:28:15,866 : INFO : EventManager : Event: ======'machine_var_audits_switches_s_jam'====== Args={'value': 1, 'prev_value': None, 'change': True}
2025-09-17 21:28:15,866 : INFO : EventManager : Event: ======'machine_var_audits_switches_s_k_lock_target'====== Args={'value': 5, 'prev_value': None, 'change': True}
2025-09-17 21:28:15,866 : INFO : EventManager : Event: ======'machine_var_audits_switches_s_l_lock_target'====== Args={'value': 5, 'prev_value': None, 'change': True}
2025-09-17 21:28:15,866 : INFO : EventManager : Event: ======'machine_var_audits_switches_s_lane_left'====== Args={'value': 1, 'prev_value': None, 'change': True}
2025-09-17 21:28:15,866 : INFO : EventManager : Event: ======'machine_var_audits_switches_s_lane_right'====== Args={'value': 0, 'prev_value': None, 'change': True}
2025-09-17 21:28:15,866 : INFO : EventManager : Event: ======'machine_var_audits_switches_s_lock_goose'====== Args={'value': 0, 'prev_value': None, 'change': True}
2025-09-17 21:28:15,866 : INFO : EventManager : Event: ======'machine_var_audits_switches_s_lock_mav'====== Args={'value': 0, 'prev_value': None, 'change': True}
2025-09-17 21:28:15,866 : INFO : EventManager : Event: ======'machine_var_audits_switches_s_lock_plunger'====== Args={'value': 0, 'prev_value': None, 'change': True}
2025-09-17 21:28:15,866 : INFO : EventManager : Event: ======'machine_var_audits_switches_s_m_iceman_target'====== Args={'value': 24, 'prev_value': None, 'change': True}
2025-09-17 21:28:15,867 : INFO : EventManager : Event: ======'machine_var_audits_switches_s_mig_lane_left'====== Args={'value': 0, 'prev_value': None, 'change': True}
2025-09-17 21:28:15,867 : INFO : EventManager : Event: ======'machine_var_audits_switches_s_mig_lane_right'====== Args={'value': 0, 'prev_value': None, 'change': True}
2025-09-17 21:28:15,867 : INFO : EventManager : Event: ======'machine_var_audits_switches_s_mode_start'====== Args={'value': 0, 'prev_value': None, 'change': True}
2025-09-17 21:28:15,867 : INFO : EventManager : Event: ======'machine_var_audits_switches_s_n_iceman_target'====== Args={'value': 32, 'prev_value': None, 'change': True}
2025-09-17 21:28:15,867 : INFO : EventManager : Event: ======'machine_var_audits_switches_s_o_lock_target'====== Args={'value': 5, 'prev_value': None, 'change': True}
2025-09-17 21:28:15,867 : INFO : EventManager : Event: ======'machine_var_audits_switches_s_orbit_left'====== Args={'value': 7, 'prev_value': None, 'change': True}
2025-09-17 21:28:15,867 : INFO : EventManager : Event: ======'machine_var_audits_switches_s_orbit_lower'====== Args={'value': 0, 'prev_value': None, 'change': True}
2025-09-17 21:28:15,867 : INFO : EventManager : Event: ======'machine_var_audits_switches_s_orbit_right'====== Args={'value': 0, 'prev_value': None, 'change': True}
2025-09-17 21:28:15,867 : INFO : EventManager : Event: ======'machine_var_audits_switches_s_orbit_upper'====== Args={'value': 0, 'prev_value': None, 'change': True}
2025-09-17 21:28:15,867 : INFO : EventManager : Event: ======'machine_var_audits_switches_s_outer_inlane_right'====== Args={'value': 5, 'prev_value': None, 'change': True}
2025-09-17 21:28:15,867 : INFO : EventManager : Event: ======'machine_var_audits_switches_s_outlane_left'====== Args={'value': 0, 'prev_value': None, 'change': True}
2025-09-17 21:28:15,867 : INFO : EventManager : Event: ======'machine_var_audits_switches_s_outlane_right'====== Args={'value': 4, 'prev_value': None, 'change': True}
2025-09-17 21:28:15,867 : INFO : EventManager : Event: ======'machine_var_audits_switches_s_plunger_lane'====== Args={'value': 46, 'prev_value': None, 'change': True}
2025-09-17 21:28:15,867 : INFO : EventManager : Event: ======'machine_var_audits_switches_s_ramp_inner_exit'====== Args={'value': 0, 'prev_value': None, 'change': True}
2025-09-17 21:28:15,867 : INFO : EventManager : Event: ======'machine_var_audits_switches_s_ramp_left_exit'====== Args={'value': 0, 'prev_value': None, 'change': True}
2025-09-17 21:28:15,867 : INFO : EventManager : Event: ======'machine_var_audits_switches_s_ramp_right_exit'====== Args={'value': 0, 'prev_value': None, 'change': True}
2025-09-17 21:28:15,867 : INFO : EventManager : Event: ======'machine_var_audits_switches_s_ramp_tower_exit'====== Args={'value': 0, 'prev_value': None, 'change': True}
2025-09-17 21:28:15,867 : INFO : EventManager : Event: ======'machine_var_audits_switches_s_slingshot_left'====== Args={'value': 8, 'prev_value': None, 'change': True}
2025-09-17 21:28:15,867 : INFO : EventManager : Event: ======'machine_var_audits_switches_s_slingshot_right'====== Args={'value': 7, 'prev_value': None, 'change': True}
2025-09-17 21:28:15,867 : INFO : EventManager : Event: ======'machine_var_audits_switches_s_spinner'====== Args={'value': 0, 'prev_value': None, 'change': True}
2025-09-17 21:28:15,867 : INFO : EventManager : Event: ======'machine_var_audits_switches_s_start'====== Args={'value': 134, 'prev_value': None, 'change': True}
2025-09-17 21:28:15,867 : INFO : EventManager : Event: ======'machine_var_audits_switches_s_tilt'====== Args={'value': 0, 'prev_value': None, 'change': True}
2025-09-17 21:28:15,867 : INFO : EventManager : Event: ======'machine_var_audits_switches_s_trough_1'====== Args={'value': 2, 'prev_value': None, 'change': True}
2025-09-17 21:28:15,868 : INFO : EventManager : Event: ======'machine_var_audits_switches_s_trough_2'====== Args={'value': 1, 'prev_value': None, 'change': True}
2025-09-17 21:28:15,868 : INFO : EventManager : Event: ======'machine_var_audits_switches_s_trough_3'====== Args={'value': 1, 'prev_value': None, 'change': True}
2025-09-17 21:28:15,868 : INFO : EventManager : Event: ======'machine_var_audits_switches_s_trough_4'====== Args={'value': 0, 'prev_value': None, 'change': True}
2025-09-17 21:28:15,868 : INFO : EventManager : Event: ======'machine_var_audits_switches_s_trough_5'====== Args={'value': 0, 'prev_value': None, 'change': True}
2025-09-17 21:28:15,868 : INFO : EventManager : Event: ======'machine_var_audits_switches_s_trough_6'====== Args={'value': 61, 'prev_value': None, 'change': True}
2025-09-17 21:28:15,868 : INFO : EventManager : Event: ======'init_phase_5'====== Args={}
2025-09-17 21:28:15,868 : INFO : EventManager : Event: ======'init_done'====== Args={}
2025-09-17 21:28:15,868 : INFO : EventManager : Event: ======'machine_reset_phase_1'====== Args={}
2025-09-17 21:28:15,880 : INFO : EventManager : Event: ======'machine_reset_phase_2'====== Args={}
2025-09-17 21:28:15,880 : INFO : EventManager : Event: ======'machine_reset_phase_3'====== Args={}
2025-09-17 21:28:15,880 : INFO : EventManager : Event: ======'reset_complete'====== Args={}
2025-09-17 21:28:15,880 : INFO : EventManager : Event: ======'mode_service_will_start'====== Args={}
2025-09-17 21:28:15,881 : INFO : EventManager : Event: ======'mode_service_starting'====== Args={}
2025-09-17 21:28:15,881 : INFO : EventManager : Event: ======'mode_attract_will_start'====== Args={}
2025-09-17 21:28:15,882 : INFO : Timer.attract_carousel_timer : Starting Timer.
2025-09-17 21:28:15,882 : INFO : EventManager : Event: ======'timer_attract_carousel_timer_started'====== Args={'ticks': 0, 'ticks_remaining': 1}
2025-09-17 21:28:15,882 : INFO : EventManager : Event: ======'timer_attract_carousel_timer_tick'====== Args={'ticks': 0, 'ticks_remaining': 1}
2025-09-17 21:28:15,882 : INFO : EventManager : Event: ======'mode_attract_starting'====== Args={}
2025-09-17 21:28:15,882 : INFO : Mode.attract : Started. Priority: 10
2025-09-17 21:28:15,882 : INFO : EventManager : Event: ======'modes_active_modes_changed'====== Args={}
2025-09-17 21:28:15,882 : INFO : EventManager : Event: ======'mode_attract_started'====== Args={}
2025-09-17 21:28:15,883 : INFO : EventManager : Event: ======'collecting_balls_complete'====== Args={}
2025-09-17 21:28:15,883 : INFO : EventManager : Event: ======'item_highlighted'====== Args={'carousel': 'attract', 'direction': None, 'item': 'title'}
2025-09-17 21:28:15,883 : INFO : EventManager : Event: ======'timer_attract_carousel_timer_tick'====== Args={'ticks': 0, 'ticks_remaining': 1}
2025-09-17 21:28:15,883 : INFO : Mode.service : Started. Priority: 100000
2025-09-17 21:28:15,883 : INFO : EventManager : Event: ======'modes_active_modes_changed'====== Args={}
2025-09-17 21:28:15,883 : INFO : EventManager : Event: ======'mode_service_started'====== Args={}
2025-09-17 21:28:15,885 : INFO : Machine : Starting the main run loop with active modes: [<Mode.service>, <Mode.attract>]
2025-09-17 21:28:15,957 : INFO : EventManager : Event: ======'slide_attract_created'====== Args={'_from_bcp': True}
2025-09-17 21:28:15,957 : INFO : EventManager : Event: ======'slide__removed'====== Args={'_from_bcp': True}
2025-09-17 21:28:15,959 : INFO : EventManager : Event: ======'slide_attract_active'====== Args={'original_context': 'attract', 'original_calling_context': 'mode_attract_started', 'priority': 10.0, 'cmd': 'slides_play', '_from_bcp': True}
2025-09-17 21:28:18,595 : INFO : SwitchController : <<<<<<< 's_flipper_right' active >>>>>>>
2025-09-17 21:28:18,595 : INFO : EventManager : Event: ======'s_flipper_right_active'====== Args={}
2025-09-17 21:28:18,595 : INFO : EventManager : Event: ======'item_highlighted'====== Args={'carousel': 'attract', 'direction': 'forwards', 'item': 'presented_by'}
2025-09-17 21:28:18,595 : INFO : EventManager : Event: ======'timer_attract_carousel_timer_tick'====== Args={'ticks': 0, 'ticks_remaining': 1}
2025-09-17 21:28:18,728 : INFO : SwitchController : <<<<<<< 's_flipper_right' inactive >>>>>>>
2025-09-17 21:28:18,728 : INFO : EventManager : Event: ======'sw_right_flipper_inactive'====== Args={}
2025-09-17 21:28:18,844 : INFO : SwitchController : <<<<<<< 's_flipper_right' active >>>>>>>
2025-09-17 21:28:18,845 : INFO : EventManager : Event: ======'s_flipper_right_active'====== Args={}
2025-09-17 21:28:18,845 : INFO : EventManager : Event: ======'item_highlighted'====== Args={'carousel': 'attract', 'direction': 'forwards', 'item': 'hotrod_pinball_logo'}
2025-09-17 21:28:18,845 : INFO : EventManager : Event: ======'timer_attract_carousel_timer_tick'====== Args={'ticks': 0, 'ticks_remaining': 1}
2025-09-17 21:28:18,961 : INFO : SwitchController : <<<<<<< 's_flipper_right' inactive >>>>>>>
2025-09-17 21:28:18,961 : INFO : EventManager : Event: ======'sw_right_flipper_inactive'====== Args={}
2025-09-17 21:28:19,045 : INFO : SwitchController : <<<<<<< 's_flipper_right' active >>>>>>>
2025-09-17 21:28:19,045 : INFO : EventManager : Event: ======'s_flipper_right_active'====== Args={}
2025-09-17 21:28:19,045 : INFO : EventManager : Event: ======'item_highlighted'====== Args={'carousel': 'attract', 'direction': 'forwards', 'item': 'mpf_logo'}
2025-09-17 21:28:19,046 : INFO : EventManager : Event: ======'timer_attract_carousel_timer_tick'====== Args={'ticks': 0, 'ticks_remaining': 1}
2025-09-17 21:28:19,144 : INFO : SwitchController : <<<<<<< 's_flipper_right' inactive >>>>>>>
2025-09-17 21:28:19,145 : INFO : EventManager : Event: ======'sw_right_flipper_inactive'====== Args={}
2025-09-17 21:28:19,262 : INFO : SwitchController : <<<<<<< 's_flipper_right' active >>>>>>>
2025-09-17 21:28:19,262 : INFO : EventManager : Event: ======'s_flipper_right_active'====== Args={}
2025-09-17 21:28:19,262 : INFO : EventManager : Event: ======'item_highlighted'====== Args={'carousel': 'attract', 'direction': 'forwards', 'item': 'credits'}
2025-09-17 21:28:19,263 : INFO : EventManager : Event: ======'timer_attract_carousel_timer_tick'====== Args={'ticks': 0, 'ticks_remaining': 1}
2025-09-17 21:28:19,362 : INFO : SwitchController : <<<<<<< 's_flipper_right' inactive >>>>>>>
2025-09-17 21:28:19,362 : INFO : EventManager : Event: ======'sw_right_flipper_inactive'====== Args={}
2025-09-17 21:28:19,462 : INFO : SwitchController : <<<<<<< 's_flipper_right' active >>>>>>>
2025-09-17 21:28:19,462 : INFO : EventManager : Event: ======'s_flipper_right_active'====== Args={}
2025-09-17 21:28:19,462 : INFO : EventManager : Event: ======'item_highlighted'====== Args={'carousel': 'attract', 'direction': 'forwards', 'item': 'last_scores_2p'}
2025-09-17 21:28:19,463 : INFO : EventManager : Event: ======'timer_attract_carousel_timer_tick'====== Args={'ticks': 0, 'ticks_remaining': 1}
2025-09-17 21:28:19,545 : INFO : SwitchController : <<<<<<< 's_flipper_right' inactive >>>>>>>
2025-09-17 21:28:19,545 : INFO : EventManager : Event: ======'sw_right_flipper_inactive'====== Args={}
2025-09-17 21:28:19,645 : INFO : SwitchController : <<<<<<< 's_flipper_right' active >>>>>>>
2025-09-17 21:28:19,645 : INFO : EventManager : Event: ======'s_flipper_right_active'====== Args={}
2025-09-17 21:28:19,645 : INFO : EventManager : Event: ======'item_highlighted'====== Args={'carousel': 'attract', 'direction': 'forwards', 'item': 'title'}
2025-09-17 21:28:19,646 : INFO : EventManager : Event: ======'timer_attract_carousel_timer_tick'====== Args={'ticks': 0, 'ticks_remaining': 1}
2025-09-17 21:28:19,745 : INFO : SwitchController : <<<<<<< 's_flipper_right' inactive >>>>>>>
2025-09-17 21:28:19,745 : INFO : EventManager : Event: ======'sw_right_flipper_inactive'====== Args={}
2025-09-17 21:28:19,812 : INFO : SwitchController : <<<<<<< 's_flipper_right' active >>>>>>>
2025-09-17 21:28:19,812 : INFO : EventManager : Event: ======'s_flipper_right_active'====== Args={}
2025-09-17 21:28:19,812 : INFO : EventManager : Event: ======'item_highlighted'====== Args={'carousel': 'attract', 'direction': 'forwards', 'item': 'presented_by'}
2025-09-17 21:28:19,813 : INFO : EventManager : Event: ======'timer_attract_carousel_timer_tick'====== Args={'ticks': 0, 'ticks_remaining': 1}
2025-09-17 21:28:19,963 : INFO : SwitchController : <<<<<<< 's_flipper_right' inactive >>>>>>>
2025-09-17 21:28:19,963 : INFO : EventManager : Event: ======'sw_right_flipper_inactive'====== Args={}
2025-09-17 21:28:26,818 : INFO : Timer.attract_carousel_timer : Timer Complete
2025-09-17 21:28:26,818 : INFO : Timer.attract_carousel_timer : Stopping Timer
2025-09-17 21:28:26,818 : INFO : EventManager : Event: ======'timer_attract_carousel_timer_stopped'====== Args={'ticks': 1, 'ticks_remaining': 1}
2025-09-17 21:28:26,818 : INFO : EventManager : Event: ======'timer_attract_carousel_timer_complete'====== Args={'ticks': 1, 'ticks_remaining': 1}
2025-09-17 21:28:26,818 : INFO : EventManager : Event: ======'item_highlighted'====== Args={'carousel': 'attract', 'direction': 'forwards', 'item': 'hotrod_pinball_logo'}
2025-09-17 21:28:26,819 : INFO : Timer.attract_carousel_timer : Starting Timer.
2025-09-17 21:28:26,819 : INFO : EventManager : Event: ======'timer_attract_carousel_timer_started'====== Args={'ticks': 0, 'ticks_remaining': 1}
2025-09-17 21:28:26,819 : INFO : EventManager : Event: ======'timer_attract_carousel_timer_tick'====== Args={'ticks': 0, 'ticks_remaining': 1}
2025-09-17 21:28:33,829 : INFO : Timer.attract_carousel_timer : Timer Complete
2025-09-17 21:28:33,829 : INFO : Timer.attract_carousel_timer : Stopping Timer
2025-09-17 21:28:33,829 : INFO : EventManager : Event: ======'timer_attract_carousel_timer_stopped'====== Args={'ticks': 1, 'ticks_remaining': 1}
2025-09-17 21:28:33,829 : INFO : EventManager : Event: ======'timer_attract_carousel_timer_complete'====== Args={'ticks': 1, 'ticks_remaining': 1}
2025-09-17 21:28:33,829 : INFO : EventManager : Event: ======'item_highlighted'====== Args={'carousel': 'attract', 'direction': 'forwards', 'item': 'mpf_logo'}
2025-09-17 21:28:33,830 : INFO : Timer.attract_carousel_timer : Starting Timer.
2025-09-17 21:28:33,830 : INFO : EventManager : Event: ======'timer_attract_carousel_timer_started'====== Args={'ticks': 0, 'ticks_remaining': 1}
2025-09-17 21:28:33,830 : INFO : EventManager : Event: ======'timer_attract_carousel_timer_tick'====== Args={'ticks': 0, 'ticks_remaining': 1}
2025-09-17 21:28:34,777 : INFO : SwitchController : <<<<<<< 's_flipper_right' active >>>>>>>
2025-09-17 21:28:34,777 : INFO : EventManager : Event: ======'s_flipper_right_active'====== Args={}
2025-09-17 21:28:34,777 : INFO : EventManager : Event: ======'item_highlighted'====== Args={'carousel': 'attract', 'direction': 'forwards', 'item': 'credits'}
2025-09-17 21:28:34,777 : INFO : EventManager : Event: ======'timer_attract_carousel_timer_tick'====== Args={'ticks': 0, 'ticks_remaining': 1}
2025-09-17 21:28:34,928 : INFO : SwitchController : <<<<<<< 's_flipper_right' inactive >>>>>>>
2025-09-17 21:28:34,928 : INFO : EventManager : Event: ======'sw_right_flipper_inactive'====== Args={}
2025-09-17 21:28:35,845 : INFO : SwitchController : <<<<<<< 's_flipper_right' active >>>>>>>
2025-09-17 21:28:35,845 : INFO : EventManager : Event: ======'s_flipper_right_active'====== Args={}
2025-09-17 21:28:35,845 : INFO : EventManager : Event: ======'item_highlighted'====== Args={'carousel': 'attract', 'direction': 'forwards', 'item': 'last_scores_2p'}
2025-09-17 21:28:35,846 : INFO : EventManager : Event: ======'timer_attract_carousel_timer_tick'====== Args={'ticks': 0, 'ticks_remaining': 1}
2025-09-17 21:28:38,860 : INFO : EventManager : Event: ======'flipper_cradle'====== Args={}
2025-09-17 21:28:38,860 : INFO : Timer.attract_carousel_timer : Stopping Timer
2025-09-17 21:28:38,860 : INFO : EventManager : Event: ======'timer_attract_carousel_timer_stopped'====== Args={'ticks': 0, 'ticks_remaining': 1}
2025-09-17 21:28:39,415 : INFO : SwitchController : <<<<<<< 's_flipper_right' inactive >>>>>>>
2025-09-17 21:28:39,415 : INFO : EventManager : Event: ======'sw_right_flipper_inactive'====== Args={}
2025-09-17 21:28:39,415 : INFO : EventManager : Event: ======'flipper_cradle_release'====== Args={}
2025-09-17 21:28:39,416 : INFO : Timer.attract_carousel_timer : Starting Timer.
2025-09-17 21:28:39,416 : INFO : EventManager : Event: ======'timer_attract_carousel_timer_started'====== Args={'ticks': 0, 'ticks_remaining': 1}
2025-09-17 21:28:39,416 : INFO : EventManager : Event: ======'timer_attract_carousel_timer_tick'====== Args={'ticks': 0, 'ticks_remaining': 1}
2025-09-17 21:28:40,466 : INFO : SwitchController : <<<<<<< 's_flipper_right' active >>>>>>>
2025-09-17 21:28:40,466 : INFO : EventManager : Event: ======'s_flipper_right_active'====== Args={}
2025-09-17 21:28:40,467 : INFO : EventManager : Event: ======'item_highlighted'====== Args={'carousel': 'attract', 'direction': 'forwards', 'item': 'title'}
2025-09-17 21:28:40,467 : INFO : EventManager : Event: ======'timer_attract_carousel_timer_tick'====== Args={'ticks': 0, 'ticks_remaining': 1}
2025-09-17 21:28:40,600 : INFO : SwitchController : <<<<<<< 's_flipper_right' inactive >>>>>>>
2025-09-17 21:28:40,600 : INFO : EventManager : Event: ======'sw_right_flipper_inactive'====== Args={}
2025-09-17 21:28:46,489 : INFO : SwitchController : <<<<<<< 's_flipper_right' active >>>>>>>
2025-09-17 21:28:46,489 : INFO : EventManager : Event: ======'s_flipper_right_active'====== Args={}
2025-09-17 21:28:46,489 : INFO : EventManager : Event: ======'item_highlighted'====== Args={'carousel': 'attract', 'direction': 'forwards', 'item': 'presented_by'}
2025-09-17 21:28:46,489 : INFO : EventManager : Event: ======'timer_attract_carousel_timer_tick'====== Args={'ticks': 0, 'ticks_remaining': 1}
2025-09-17 21:28:46,606 : INFO : SwitchController : <<<<<<< 's_flipper_right' inactive >>>>>>>
2025-09-17 21:28:46,606 : INFO : EventManager : Event: ======'sw_right_flipper_inactive'====== Args={}
2025-09-17 21:28:47,390 : INFO : SwitchController : <<<<<<< 's_bumper_center' active >>>>>>>
2025-09-17 21:28:47,390 : INFO : EventManager : Event: ======'playfield_active'====== Args={'source': 'bumper_center'}
2025-09-17 21:28:47,390 : INFO : EventManager : Event: ======'unexpected_ball_on_playfield'====== Args={}
2025-09-17 21:28:47,390 : INFO : EventManager : Event: ======'sw_playfield_active'====== Args={}
2025-09-17 21:28:47,390 : INFO : EventManager : Event: ======'playfield_active'====== Args={'source': None}
2025-09-17 21:28:47,390 : INFO : EventManager : Event: ======'unexpected_ball_on_playfield'====== Args={}
2025-09-17 21:28:47,523 : INFO : SwitchController : <<<<<<< 's_bumper_center' inactive >>>>>>>
2025-09-17 21:28:48,091 : INFO : SwitchController : <<<<<<< 's_bumper_center' active >>>>>>>
2025-09-17 21:28:48,091 : INFO : EventManager : Event: ======'playfield_active'====== Args={'source': 'bumper_center'}
2025-09-17 21:28:48,091 : INFO : EventManager : Event: ======'unexpected_ball_on_playfield'====== Args={}
2025-09-17 21:28:48,091 : INFO : EventManager : Event: ======'sw_playfield_active'====== Args={}
2025-09-17 21:28:48,091 : INFO : EventManager : Event: ======'playfield_active'====== Args={'source': None}
2025-09-17 21:28:48,091 : INFO : EventManager : Event: ======'unexpected_ball_on_playfield'====== Args={}
2025-09-17 21:28:48,241 : INFO : SwitchController : <<<<<<< 's_bumper_center' inactive >>>>>>>
2025-09-17 21:28:49,058 : INFO : SwitchController : <<<<<<< 's_flipper_right' active >>>>>>>
2025-09-17 21:28:49,058 : INFO : EventManager : Event: ======'s_flipper_right_active'====== Args={}
2025-09-17 21:28:49,058 : INFO : EventManager : Event: ======'item_highlighted'====== Args={'carousel': 'attract', 'direction': 'forwards', 'item': 'hotrod_pinball_logo'}
2025-09-17 21:28:49,059 : INFO : EventManager : Event: ======'timer_attract_carousel_timer_tick'====== Args={'ticks': 0, 'ticks_remaining': 1}
2025-09-17 21:28:49,175 : INFO : SwitchController : <<<<<<< 's_flipper_right' inactive >>>>>>>
2025-09-17 21:28:49,175 : INFO : EventManager : Event: ======'sw_right_flipper_inactive'====== Args={}
2025-09-17 21:28:49,259 : INFO : SwitchController : <<<<<<< 's_flipper_right' active >>>>>>>
2025-09-17 21:28:49,259 : INFO : EventManager : Event: ======'s_flipper_right_active'====== Args={}
2025-09-17 21:28:49,259 : INFO : EventManager : Event: ======'item_highlighted'====== Args={'carousel': 'attract', 'direction': 'forwards', 'item': 'mpf_logo'}
2025-09-17 21:28:49,260 : INFO : EventManager : Event: ======'timer_attract_carousel_timer_tick'====== Args={'ticks': 0, 'ticks_remaining': 1}
2025-09-17 21:28:49,342 : INFO : SwitchController : <<<<<<< 's_flipper_right' inactive >>>>>>>
2025-09-17 21:28:49,342 : INFO : EventManager : Event: ======'sw_right_flipper_inactive'====== Args={}
2025-09-17 21:28:49,425 : INFO : SwitchController : <<<<<<< 's_flipper_right' active >>>>>>>
2025-09-17 21:28:49,425 : INFO : EventManager : Event: ======'s_flipper_right_active'====== Args={}
2025-09-17 21:28:49,425 : INFO : EventManager : Event: ======'item_highlighted'====== Args={'carousel': 'attract', 'direction': 'forwards', 'item': 'credits'}
2025-09-17 21:28:49,426 : INFO : EventManager : Event: ======'timer_attract_carousel_timer_tick'====== Args={'ticks': 0, 'ticks_remaining': 1}
2025-09-17 21:28:49,525 : INFO : SwitchController : <<<<<<< 's_flipper_right' inactive >>>>>>>
2025-09-17 21:28:49,525 : INFO : EventManager : Event: ======'sw_right_flipper_inactive'====== Args={}
2025-09-17 21:28:49,642 : INFO : SwitchController : <<<<<<< 's_flipper_right' active >>>>>>>
2025-09-17 21:28:49,642 : INFO : EventManager : Event: ======'s_flipper_right_active'====== Args={}
2025-09-17 21:28:49,642 : INFO : EventManager : Event: ======'item_highlighted'====== Args={'carousel': 'attract', 'direction': 'forwards', 'item': 'last_scores_2p'}
2025-09-17 21:28:49,642 : INFO : EventManager : Event: ======'timer_attract_carousel_timer_tick'====== Args={'ticks': 0, 'ticks_remaining': 1}
2025-09-17 21:28:49,759 : INFO : SwitchController : <<<<<<< 's_flipper_right' inactive >>>>>>>
2025-09-17 21:28:49,759 : INFO : EventManager : Event: ======'sw_right_flipper_inactive'====== Args={}
2025-09-17 21:28:51,861 : INFO : SwitchController : <<<<<<< 's_start' active >>>>>>>
2025-09-17 21:28:52,061 : INFO : SwitchController : <<<<<<< 's_start' inactive >>>>>>>
2025-09-17 21:28:52,061 : INFO : EventManager : Event: ======'sw_start_inactive'====== Args={}
2025-09-17 21:28:52,061 : INFO : EventManager : Event: ======'request_to_start_game'====== Args={}
2025-09-17 21:28:52,062 : INFO : EventManager : Event: ======'game_start'====== Args={'buttons': [], 'hold_time': 0.2029999999795109}
2025-09-17 21:28:52,062 : INFO : EventManager : Event: ======'mode_game_will_start'====== Args={'buttons': [], 'hold_time': 0.2029999999795109}
2025-09-17 21:28:52,062 : INFO : EventManager : Event: ======'mode_game_starting'====== Args={'buttons': [], 'hold_time': 0.2029999999795109}
2025-09-17 21:28:52,062 : INFO : EventManager : Event: ======'mode_attract_will_stop'====== Args={}
2025-09-17 21:28:52,063 : INFO : EventManager : Event: ======'mode_attract_stopping'====== Args={}
2025-09-17 21:28:52,063 : INFO : Mode.attract : Stopped.
2025-09-17 21:28:52,063 : INFO : EventManager : Event: ======'modes_active_modes_changed'====== Args={}
2025-09-17 21:28:52,063 : INFO : EventManager : Event: ======'mode_attract_stopped'====== Args={}
2025-09-17 21:28:52,063 : INFO : EventManager : Event: ======'clear'====== Args={'key': 'attract'}
2025-09-17 21:28:52,063 : INFO : Timer.attract_carousel_timer : Stopping Timer
2025-09-17 21:28:52,063 : INFO : EventManager : Event: ======'timer_attract_carousel_timer_stopped'====== Args={'ticks': 0, 'ticks_remaining': 1}
2025-09-17 21:28:52,063 : INFO : Mode.game : Started. Priority: 20
2025-09-17 21:28:52,063 : INFO : EventManager : Event: ======'modes_active_modes_changed'====== Args={}
2025-09-17 21:28:52,063 : INFO : EventManager : Event: ======'mode_game_started'====== Args={'buttons': [], 'hold_time': 0.2029999999795109}
2025-09-17 21:28:52,064 : INFO : EventManager : Event: ======'game_will_start'====== Args={}
2025-09-17 21:28:52,065 : INFO : EventManager : Event: ======'game_starting'====== Args={'game': <Mode.game>}
2025-09-17 21:28:52,065 : INFO : EventManager : Unordered handler for class <Auditor> on event game_ended with priority 1. Handlers: [RegisteredHandler(callback=<bound method Auditor.disable of <Auditor>>, priority=1, kwargs={}, key=UUID('4a4f9759-d307-47f5-b03b-3dcf8aa3de0d'), condition=None, blocking_facility=None), RegisteredHandler(callback=<bound method Auditor._save_audits of <Auditor>>, priority=1, kwargs={}, key=UUID('2aafef6e-7523-42df-aa54-eb66874c1ba1'), condition=None, blocking_facility=None)]. The order of those handlers is not defined and they will be executed in random order. This might lead to race conditions and potential bugs.
2025-09-17 21:28:52,065 : INFO : EventManager : Event: ======'player_add_request'====== Args={}
2025-09-17 21:28:52,066 : INFO : EventManager : Event: ======'player_will_add'====== Args={'number': 1}
2025-09-17 21:28:52,066 : INFO : EventManager : Event: ======'player_adding'====== Args={'player': <Player 1>, 'number': 1}
2025-09-17 21:28:52,066 : INFO : EventManager : Event: ======'player_added'====== Args={'player': <Player 1>, 'num': 1}
2025-09-17 21:28:52,066 : INFO : Mode.game : Player added successfully. Total players: 1
2025-09-17 21:28:52,066 : INFO : EventManager : Event: ======'player_index'====== Args={'value': 0, 'prev_value': 0, 'change': 0, 'player_num': 1}
2025-09-17 21:28:52,066 : INFO : EventManager : Event: ======'player_number'====== Args={'value': 1, 'prev_value': 1, 'change': 0, 'player_num': 1}
2025-09-17 21:28:52,066 : INFO : EventManager : Event: ======'player_score'====== Args={'value': 0, 'prev_value': 0, 'change': 0, 'player_num': 1}
2025-09-17 21:28:52,066 : INFO : EventManager : Event: ======'game_started'====== Args={}
2025-09-17 21:28:52,067 : INFO : EventManager : Event: ======'player_turn_will_start'====== Args={'player': <Player 1>, 'number': 1}
2025-09-17 21:28:52,067 : INFO : EventManager : Event: ======'player_turn_starting'====== Args={'player': <Player 1>, 'number': 1}
2025-09-17 21:28:52,067 : INFO : EventManager : Event: ======'player_ball'====== Args={'value': 1, 'prev_value': 0, 'change': 1, 'player_num': 1}
2025-09-17 21:28:52,067 : INFO : EventManager : Event: ======'player_turn_started'====== Args={'player': <Player 1>, 'number': 1}
2025-09-17 21:28:52,069 : INFO : EventManager : Event: ======'ui_player_1_up'====== Args={'priority': 0}
2025-09-17 21:28:52,069 : INFO : EventManager : Event: ======'ball_will_start'====== Args={'player': 1, 'ball': 1, 'balls_remaining': 2, 'is_extra_ball': False}
2025-09-17 21:28:52,069 : INFO : EventManager : Event: ======'ball_starting'====== Args={'player': 1, 'ball': 1, 'balls_remaining': 2, 'is_extra_ball': False}
2025-09-17 21:28:52,069 : INFO : EventManager : Event: ======'mode_base_will_start'====== Args={'queue': <QueuedEvent>, 'player': 1, 'ball': 1, 'balls_remaining': 2, 'is_extra_ball': False}
2025-09-17 21:28:52,069 : INFO : EventManager : Event: ======'mode_base_starting'====== Args={'queue': <QueuedEvent>, 'player': 1, 'ball': 1, 'balls_remaining': 2, 'is_extra_ball': False}
2025-09-17 21:28:52,070 : INFO : Mode.base : Started. Priority: 100
2025-09-17 21:28:52,070 : INFO : EventManager : Event: ======'modes_active_modes_changed'====== Args={}
2025-09-17 21:28:52,070 : INFO : EventManager : Event: ======'mode_base_started'====== Args={'queue': <QueuedEvent>, 'player': 1, 'ball': 1, 'balls_remaining': 2, 'is_extra_ball': False}
2025-09-17 21:28:52,070 : INFO : EventManager : Event: ======'start_mode_bumpers'====== Args={'priority': 0}
2025-09-17 21:28:52,070 : INFO : EventManager : Event: ======'mode_bumpers_will_start'====== Args={'priority': 0}
2025-09-17 21:28:52,070 : INFO : EventManager : Event: ======'player_shot_bumper_left_enabled'====== Args={'value': True, 'prev_value': 0, 'change': 1, 'player_num': 1}
2025-09-17 21:28:52,071 : INFO : EventManager : Event: ======'player_shot_bumper_center_enabled'====== Args={'value': True, 'prev_value': 0, 'change': 1, 'player_num': 1}
2025-09-17 21:28:52,071 : INFO : EventManager : Event: ======'player_shot_bumper_right_enabled'====== Args={'value': True, 'prev_value': 0, 'change': 1, 'player_num': 1}
2025-09-17 21:28:52,071 : INFO : EventManager : Event: ======'bumpers_complete'====== Args={'state': 'unlit'}
2025-09-17 21:28:52,071 : INFO : EventManager : Event: ======'bumpers_unlit_complete'====== Args={}
2025-09-17 21:28:52,072 : INFO : EventManager : Event: ======'mode_bumpers_starting'====== Args={'priority': 0}
2025-09-17 21:28:52,072 : INFO : Mode.bumpers : Started. Priority: 200
2025-09-17 21:28:52,072 : INFO : EventManager : Event: ======'modes_active_modes_changed'====== Args={}
2025-09-17 21:28:52,072 : INFO : EventManager : Event: ======'mode_bumpers_started'====== Args={'priority': 0}
2025-09-17 21:28:52,072 : INFO : EventManager : Event: ======'balls_in_play'====== Args={'balls': 1}
2025-09-17 21:28:52,072 : INFO : EventManager : Event: ======'ball_started'====== Args={'player': 1, 'ball': 1, 'balls_remaining': 2, 'is_extra_ball': False}
2025-09-17 21:28:52,072 : INFO : EventManager : Event: ======'single_player_ball_started'====== Args={}
2025-09-17 21:28:52,072 : INFO : EventManager : Event: ======'ball_start_target'====== Args={'target': 'playfield'}
2025-09-17 21:28:52,072 : INFO : ball_device.bd_plunger : Setting up player-controlled eject. Balls: 1, Target: <playfield.playfield>, player_controlled_eject_event: None
2025-09-17 21:28:52,073 : INFO : EventManager : Event: ======'balldevice_balls_available'====== Args={}
2025-09-17 21:28:52,073 : INFO : ball_device.bd_trough : State: waiting_for_target_ready
2025-09-17 21:28:52,073 : INFO : EventManager : Event: ======'balldevice_bd_trough_ball_eject_attempt'====== Args={'balls': 1, 'target': <ball_device.bd_plunger>, 'source': <ball_device.bd_trough>, 'mechanical_eject': True, 'num_attempts': 0}
2025-09-17 21:28:52,073 : INFO : ball_device.bd_plunger : State: waiting_for_ball
2025-09-17 21:28:52,073 : INFO : ball_device.bd_trough : State: ejecting
2025-09-17 21:28:52,073 : INFO : ball_device.bd_trough : Ejecting ball to <ball_device.bd_plunger>
2025-09-17 21:28:52,073 : INFO : EventManager : Event: ======'balldevice_bd_trough_ejecting_ball'====== Args={'balls': 1, 'target': <ball_device.bd_plunger>, 'source': <ball_device.bd_trough>, 'mechanical_eject': True, 'num_attempts': 0}
2025-09-17 21:28:52,074 : INFO : ball_device.bd_trough : Wait for ball to leave device
2025-09-17 21:28:52,074 : INFO : coil.c_trough_eject : Pulsing Driver for 10ms (0.75 pulse_power)
2025-09-17 21:28:52,146 : INFO : EventManager : Event: ======'slide_base_slide_created'====== Args={'_from_bcp': True}
2025-09-17 21:28:52,146 : INFO : EventManager : Event: ======'slide_attract_inactive'====== Args={'is_removing': True, '_from_bcp': True}
2025-09-17 21:28:52,146 : INFO : EventManager : Event: ======'slide_base_slide_active'====== Args={'original_context': 'base', 'original_calling_context': 'mode_base_started', 'priority': 100.0, 'queue': '<QueuedEvent>', 'player': 1.0, 'ball': 1.0, 'balls_remaining': 2.0, 'is_extra_ball': False, 'cmd': 'slides_play', '_from_bcp': True}
2025-09-17 21:28:52,151 : INFO : EventManager : Event: ======'slide_attract_removed'====== Args={'_from_bcp': True}
2025-09-17 21:28:55,095 : INFO : EventManager : Event: ======'balldevice_bd_trough_ball_eject_failed'====== Args={'target': <ball_device.bd_plunger>, 'balls': 1, 'retry': True, 'num_attempts': 1}
2025-09-17 21:28:55,095 : INFO : ball_device.bd_trough : State: waiting_for_target_ready
2025-09-17 21:28:55,095 : INFO : EventManager : Event: ======'balldevice_bd_trough_ball_eject_attempt'====== Args={'balls': 1, 'target': <ball_device.bd_plunger>, 'source': <ball_device.bd_trough>, 'mechanical_eject': True, 'num_attempts': 1}
2025-09-17 21:28:55,096 : INFO : ball_device.bd_trough : State: ejecting
2025-09-17 21:28:55,096 : INFO : ball_device.bd_trough : Ejecting ball to <ball_device.bd_plunger>
2025-09-17 21:28:55,096 : INFO : EventManager : Event: ======'balldevice_bd_trough_ejecting_ball'====== Args={'balls': 1, 'target': <ball_device.bd_plunger>, 'source': <ball_device.bd_trough>, 'mechanical_eject': True, 'num_attempts': 1}
2025-09-17 21:28:55,096 : INFO : ball_device.bd_trough : Wait for ball to leave device
2025-09-17 21:28:55,096 : INFO : coil.c_trough_eject : Pulsing Driver for 10ms (0.75 pulse_power)
2025-09-17 21:28:57,750 : INFO : SwitchController : <<<<<<< 's_c_iceman_target' active >>>>>>>
2025-09-17 21:28:57,750 : INFO : EventManager : Event: ======'sw_playfield_active'====== Args={}
2025-09-17 21:28:57,750 : INFO : EventManager : Event: ======'sw_playfield_active'====== Args={}
2025-09-17 21:28:57,750 : INFO : EventManager : Event: ======'machine_var_audits_switches_s_c_iceman_target'====== Args={'value': 37, 'prev_value': 36, 'change': 1}
2025-09-17 21:28:57,750 : INFO : EventManager : Event: ======'playfield_active'====== Args={'source': None}
2025-09-17 21:28:57,750 : INFO : EventManager : Event: ======'unexpected_ball_on_playfield'====== Args={}
2025-09-17 21:28:57,752 : INFO : EventManager : Event: ======'playfield_active'====== Args={'source': None}
2025-09-17 21:28:57,752 : INFO : EventManager : Event: ======'unexpected_ball_on_playfield'====== Args={}
2025-09-17 21:28:57,900 : INFO : SwitchController : <<<<<<< 's_c_iceman_target' inactive >>>>>>>
2025-09-17 21:28:58,110 : INFO : EventManager : Event: ======'balldevice_bd_trough_ball_eject_failed'====== Args={'target': <ball_device.bd_plunger>, 'balls': 1, 'retry': True, 'num_attempts': 2}
2025-09-17 21:28:58,110 : INFO : ball_device.bd_trough : State: waiting_for_target_ready
2025-09-17 21:28:58,110 : INFO : EventManager : Event: ======'balldevice_bd_trough_ball_eject_attempt'====== Args={'balls': 1, 'target': <ball_device.bd_plunger>, 'source': <ball_device.bd_trough>, 'mechanical_eject': True, 'num_attempts': 2}
2025-09-17 21:28:58,110 : INFO : ball_device.bd_trough : State: ejecting
2025-09-17 21:28:58,111 : INFO : ball_device.bd_trough : Ejecting ball to <ball_device.bd_plunger>
2025-09-17 21:28:58,111 : INFO : EventManager : Event: ======'balldevice_bd_trough_ejecting_ball'====== Args={'balls': 1, 'target': <ball_device.bd_plunger>, 'source': <ball_device.bd_trough>, 'mechanical_eject': True, 'num_attempts': 2}
2025-09-17 21:28:58,111 : INFO : ball_device.bd_trough : Wait for ball to leave device
2025-09-17 21:28:58,111 : INFO : coil.c_trough_eject : Pulsing Driver for 10ms (0.75 pulse_power)
2025-09-17 21:29:01,120 : INFO : EventManager : Event: ======'balldevice_bd_trough_ball_eject_failed'====== Args={'target': <ball_device.bd_plunger>, 'balls': 1, 'retry': True, 'num_attempts': 3}
2025-09-17 21:29:01,120 : INFO : ball_device.bd_trough : State: waiting_for_target_ready
2025-09-17 21:29:01,121 : INFO : EventManager : Event: ======'balldevice_bd_trough_ball_eject_attempt'====== Args={'balls': 1, 'target': <ball_device.bd_plunger>, 'source': <ball_device.bd_trough>, 'mechanical_eject': True, 'num_attempts': 3}
2025-09-17 21:29:01,121 : INFO : ball_device.bd_trough : State: ejecting
2025-09-17 21:29:01,121 : INFO : ball_device.bd_trough : Ejecting ball to <ball_device.bd_plunger>
2025-09-17 21:29:01,121 : INFO : EventManager : Event: ======'balldevice_bd_trough_ejecting_ball'====== Args={'balls': 1, 'target': <ball_device.bd_plunger>, 'source': <ball_device.bd_trough>, 'mechanical_eject': True, 'num_attempts': 3}
2025-09-17 21:29:01,122 : INFO : ball_device.bd_trough : Wait for ball to leave device
2025-09-17 21:29:01,122 : INFO : coil.c_trough_eject : Pulsing Driver for 10ms (0.75 pulse_power)
2025-09-17 21:29:02,461 : INFO : Machine : Shutting down...
2025-09-17 21:29:02,461 : INFO : EventManager : Event: ======'shutdown'====== Args={}
2025-09-17 21:29:02,461 : INFO : EventManager : Event: ======'mode_service_will_stop'====== Args={}
2025-09-17 21:29:02,461 : INFO : EventManager : Event: ======'mode_service_stopping'====== Args={}
2025-09-17 21:29:02,462 : INFO : Mode.service : Stopped.
2025-09-17 21:29:02,462 : INFO : EventManager : Event: ======'modes_active_modes_changed'====== Args={}
2025-09-17 21:29:02,462 : INFO : EventManager : Event: ======'mode_service_stopped'====== Args={}
2025-09-17 21:29:02,462 : INFO : EventManager : Event: ======'clear'====== Args={'key': 'service'}
2025-09-17 21:29:02,463 : INFO : EventManager : Event: ======'mode_game_will_stop'====== Args={}
2025-09-17 21:29:02,463 : INFO : EventManager : Event: ======'mode_game_stopping'====== Args={}
2025-09-17 21:29:02,463 : INFO : EventManager : Event: ======'mode_bumpers_will_stop'====== Args={}
2025-09-17 21:29:02,465 : INFO : EventManager : Event: ======'mode_bumpers_stopping'====== Args={}
2025-09-17 21:29:02,465 : INFO : EventManager : Event: ======'mode_base_will_stop'====== Args={}
2025-09-17 21:29:02,465 : INFO : EventManager : Event: ======'mode_base_stopping'====== Args={}
2025-09-17 21:29:02,465 : INFO : EventManager : Event: ======'stop_mode_bumpers'====== Args={'priority': 0}
2025-09-17 21:29:02,465 : INFO : Mode.base : Stopped.
2025-09-17 21:29:02,465 : INFO : EventManager : Event: ======'modes_active_modes_changed'====== Args={}
2025-09-17 21:29:02,465 : INFO : EventManager : Event: ======'mode_base_stopped'====== Args={}
2025-09-17 21:29:02,465 : INFO : EventManager : Event: ======'clear'====== Args={'key': 'base'}
2025-09-17 21:29:02,465 : INFO : Mode.bumpers : Stopped.
2025-09-17 21:29:02,465 : INFO : EventManager : Event: ======'modes_active_modes_changed'====== Args={}
2025-09-17 21:29:02,465 : INFO : EventManager : Event: ======'mode_bumpers_stopped'====== Args={}
2025-09-17 21:29:02,465 : INFO : EventManager : Event: ======'clear'====== Args={'key': 'bumpers'}
2025-09-17 21:29:02,466 : INFO : Mode.game : Stopped.
2025-09-17 21:29:02,466 : INFO : EventManager : Event: ======'modes_active_modes_changed'====== Args={}
2025-09-17 21:29:02,466 : INFO : EventManager : Event: ======'mode_game_stopped'====== Args={}
2025-09-17 21:29:02,466 : INFO : EventManager : Event: ======'clear'====== Args={'key': 'game'}
2025-09-17 21:29:02,469 : INFO : root : MPF run loop ended.
