2025-09-04 17:20:28,957 : INFO : root : Loading config.
2025-09-04 17:20:28,962 : INFO : YamlMultifileConfigLoader : Machine config file #1: config.yaml
2025-09-04 17:20:28,962 : INFO : ConfigProcessor : Loading config from cache: C:\Users\White\AppData\Local\Temp\cfa6ecba65704a931c9dd214c44986c8.mpf_cache
2025-09-04 17:20:29,070 : INFO : ConfigProcessor : Loading config from cache: C:\Users\White\AppData\Local\Temp\f98ffc0ff5962effface7d86bc406d5c.mpf_cache
2025-09-04 17:20:29,071 : INFO : ConfigProcessor : Loading config from cache: C:\Users\White\AppData\Local\Temp\91cc4d1c993c58dc354e34974b9cfeac.mpf_cache
2025-09-04 17:20:29,071 : INFO : ConfigProcessor : Loading config from cache: C:\Users\White\AppData\Local\Temp\f98ffc0ff5962effface7d86bc406d5c.mpf_cache
2025-09-04 17:20:29,071 : INFO : ConfigProcessor : Loading config from cache: C:\Users\White\AppData\Local\Temp\76792f1d686f89709887dba7bd69667a.mpf_cache
2025-09-04 17:20:29,072 : INFO : ConfigProcessor : Loading config from cache: C:\Users\White\AppData\Local\Temp\142bbae4707335cc8e3efaa4364c4893.mpf_cache
2025-09-04 17:20:29,072 : INFO : Machine : Mission Pinball Framework Core Engine v0.80.0.dev9
2025-09-04 17:20:29,073 : INFO : Machine : Command line arguments: {'no_load_cache': False, 'create_config_cache': True, 'bcp': True, 'configfile': ['config.yaml'], 'force_assets_load': False, 'platform_integration_test': False, 'jsonlogging': False, 'logfile': 'logs\\2025-09-04-17-20-28-mpf-TopGunPinball.log', 'pause': False, 'production': False, 'text_ui': True, 'loglevel': 15, 'consoleloglevel': 20, 'force_platform': 'virtual', 'syslog_address': None, 'full_logfile_path': 'C:\\Users\\White\\Documents\\Top_Gun_Pinball\\logs\\2025-09-04-17-20-28-mpf-TopGunPinball.log'}
2025-09-04 17:20:29,073 : INFO : Machine : MPF path: C:\Users\White\mpf\Lib\site-packages\mpf
2025-09-04 17:20:29,073 : INFO : Machine : Machine path: C:\Users\White\Documents\Top_Gun_Pinball
2025-09-04 17:20:29,073 : INFO : Machine : Platform: win32
2025-09-04 17:20:29,073 : INFO : Machine : Python executable location: C:\Users\White\mpf\Scripts\python.exe
2025-09-04 17:20:29,073 : INFO : Machine : Python version: 3.12.7 (64-bit)
2025-09-04 17:20:29,075 : INFO : Machine : Initializing MPF...
2025-09-04 17:20:29,280 : INFO : EventManager : Event: ======'machine_var_credits_string'====== Args={'value': 'FREE PLAY', 'prev_value': None, 'change': True}
2025-09-04 17:20:29,308 : INFO : EventManager : Event: ======'machine_var_master_volume'====== Args={'value': 0.5, 'prev_value': None, 'change': True}
2025-09-04 17:20:29,308 : INFO : EventManager : Event: ======'machine_var_player1_score'====== Args={'value': 61000, 'prev_value': None, 'change': True}
2025-09-04 17:20:29,308 : INFO : EventManager : Event: ======'machine_var_player2_score'====== Args={'value': 73000, 'prev_value': None, 'change': True}
2025-09-04 17:20:29,308 : INFO : EventManager : Event: ======'machine_var_mpf_version'====== Args={'value': 'Mission Pinball Framework v0.80.0.dev9', 'prev_value': None, 'change': True}
2025-09-04 17:20:29,308 : INFO : EventManager : Event: ======'machine_var_mpf_extended_version'====== Args={'value': 'Mission Pinball Framework v0.80.0.dev9, Config version:6, Show version: 6, BCP version:1.1', 'prev_value': None, 'change': True}
2025-09-04 17:20:29,309 : INFO : EventManager : Event: ======'machine_var_python_version'====== Args={'value': '3.12.7', 'prev_value': None, 'change': True}
2025-09-04 17:20:29,461 : INFO : EventManager : Event: ======'machine_var_platform'====== Args={'value': 'Windows-11-10.0.26100-SP0', 'prev_value': None, 'change': True}
2025-09-04 17:20:29,461 : INFO : EventManager : Event: ======'machine_var_platform_system'====== Args={'value': 'Windows', 'prev_value': None, 'change': True}
2025-09-04 17:20:29,461 : INFO : EventManager : Event: ======'machine_var_platform_release'====== Args={'value': '11', 'prev_value': None, 'change': True}
2025-09-04 17:20:29,461 : INFO : EventManager : Event: ======'machine_var_platform_version'====== Args={'value': '10.0.26100', 'prev_value': None, 'change': True}
2025-09-04 17:20:29,461 : INFO : EventManager : Event: ======'machine_var_platform_machine'====== Args={'value': 'AMD64', 'prev_value': None, 'change': True}
2025-09-04 17:20:29,461 : INFO : EventManager : Event: ======'machine_var_log_file_path'====== Args={'value': 'C:\\Users\\White\\Documents\\Top_Gun_Pinball\\logs\\2025-09-04-17-20-28-mpf-TopGunPinball.log', 'prev_value': None, 'change': True}
2025-09-04 17:20:29,461 : INFO : EventManager : Event: ======'init_phase_1'====== Args={}
2025-09-04 17:20:29,486 : INFO : EventManager : Event: ======'init_phase_2'====== Args={}
2025-09-04 17:20:29,486 : INFO : SwitchController : Found active switch: (1007, <Platform.Virtual>) <switch.s_trough_1>
2025-09-04 17:20:29,486 : INFO : SwitchController : Found active switch: (1008, <Platform.Virtual>) <switch.s_trough_2>
2025-09-04 17:20:29,487 : INFO : SwitchController : Found active switch: (1009, <Platform.Virtual>) <switch.s_trough_3>
2025-09-04 17:20:29,487 : INFO : SwitchController : Found active switch: (1010, <Platform.Virtual>) <switch.s_trough_4>
2025-09-04 17:20:29,487 : INFO : SwitchController : Found active switch: (1011, <Platform.Virtual>) <switch.s_trough_5>
2025-09-04 17:20:29,487 : INFO : SwitchController : Found active switch: (1012, <Platform.Virtual>) <switch.s_trough_6>
2025-09-04 17:20:29,488 : INFO : EventManager : Event: ======'bcp_connection_attempt'====== Args={'name': 'local_display', 'host': 'localhost', 'port': 5050}
2025-09-04 17:20:29,491 : INFO : BCPClientSocket : Connecting BCP to 'local_display' at localhost:5050...
2025-09-04 17:20:29,506 : INFO : BCPClientSocket : Connected BCP to 'local_display' localhost:5050
2025-09-04 17:20:29,506 : INFO : EventManager : Event: ======'bcp_clients_connected'====== Args={}
2025-09-04 17:20:29,627 : INFO : ball_device.bd_plunger : BCH: Initial count: 0
2025-09-04 17:20:29,627 : INFO : ball_device.bd_plunger : State: idle
2025-09-04 17:20:29,627 : INFO : ball_device.bd_trough : BCH: Initial count: 6
2025-09-04 17:20:29,628 : INFO : ball_device.bd_trough : State: idle
2025-09-04 17:20:29,650 : INFO : EventManager : Event: ======'init_phase_3'====== Args={}
2025-09-04 17:20:29,652 : INFO : EventManager : Event: ======'init_phase_4'====== Args={}
2025-09-04 17:20:29,652 : INFO : BallController : Initial balls found: 6
2025-09-04 17:20:29,653 : INFO : EventManager : Event: ======'machine_var_audits_events_game_ended'====== Args={'value': 1, 'prev_value': None, 'change': True}
2025-09-04 17:20:29,653 : INFO : EventManager : Event: ======'machine_var_audits_events_game_started'====== Args={'value': 83, 'prev_value': None, 'change': True}
2025-09-04 17:20:29,653 : INFO : EventManager : Event: ======'machine_var_audits_missing_switches_s_a_iceman_target'====== Args={'value': 32, 'prev_value': None, 'change': True}
2025-09-04 17:20:29,653 : INFO : EventManager : Event: ======'machine_var_audits_missing_switches_s_barrier_target'====== Args={'value': 3, 'prev_value': None, 'change': True}
2025-09-04 17:20:29,653 : INFO : EventManager : Event: ======'machine_var_audits_missing_switches_s_c_iceman_target'====== Args={'value': 32, 'prev_value': None, 'change': True}
2025-09-04 17:20:29,653 : INFO : EventManager : Event: ======'machine_var_audits_missing_switches_s_c_lock_target'====== Args={'value': 32, 'prev_value': None, 'change': True}
2025-09-04 17:20:29,653 : INFO : EventManager : Event: ======'machine_var_audits_missing_switches_s_e_iceman_target'====== Args={'value': 32, 'prev_value': None, 'change': True}
2025-09-04 17:20:29,653 : INFO : EventManager : Event: ======'machine_var_audits_missing_switches_s_flight_gear_target'====== Args={'value': 32, 'prev_value': None, 'change': True}
2025-09-04 17:20:29,653 : INFO : EventManager : Event: ======'machine_var_audits_missing_switches_s_flipper_left'====== Args={'value': 28, 'prev_value': None, 'change': True}
2025-09-04 17:20:29,653 : INFO : EventManager : Event: ======'machine_var_audits_missing_switches_s_flipper_left_eos'====== Args={'value': 30, 'prev_value': None, 'change': True}
2025-09-04 17:20:29,653 : INFO : EventManager : Event: ======'machine_var_audits_missing_switches_s_flipper_left_upper'====== Args={'value': 32, 'prev_value': None, 'change': True}
2025-09-04 17:20:29,653 : INFO : EventManager : Event: ======'machine_var_audits_missing_switches_s_flipper_left_upper_eos'====== Args={'value': 30, 'prev_value': None, 'change': True}
2025-09-04 17:20:29,654 : INFO : EventManager : Event: ======'machine_var_audits_missing_switches_s_flipper_right'====== Args={'value': 28, 'prev_value': None, 'change': True}
2025-09-04 17:20:29,654 : INFO : EventManager : Event: ======'machine_var_audits_missing_switches_s_flipper_right_eos'====== Args={'value': 30, 'prev_value': None, 'change': True}
2025-09-04 17:20:29,654 : INFO : EventManager : Event: ======'machine_var_audits_missing_switches_s_i_iceman_target'====== Args={'value': 32, 'prev_value': None, 'change': True}
2025-09-04 17:20:29,654 : INFO : EventManager : Event: ======'machine_var_audits_missing_switches_s_inlane_left'====== Args={'value': 3, 'prev_value': None, 'change': True}
2025-09-04 17:20:29,654 : INFO : EventManager : Event: ======'machine_var_audits_missing_switches_s_inner_inlane_right'====== Args={'value': 32, 'prev_value': None, 'change': True}
2025-09-04 17:20:29,654 : INFO : EventManager : Event: ======'machine_var_audits_missing_switches_s_jam'====== Args={'value': 83, 'prev_value': None, 'change': True}
2025-09-04 17:20:29,654 : INFO : EventManager : Event: ======'machine_var_audits_missing_switches_s_k_lock_target'====== Args={'value': 32, 'prev_value': None, 'change': True}
2025-09-04 17:20:29,654 : INFO : EventManager : Event: ======'machine_var_audits_missing_switches_s_l_lock_target'====== Args={'value': 32, 'prev_value': None, 'change': True}
2025-09-04 17:20:29,654 : INFO : EventManager : Event: ======'machine_var_audits_missing_switches_s_lane_left'====== Args={'value': 82, 'prev_value': None, 'change': True}
2025-09-04 17:20:29,654 : INFO : EventManager : Event: ======'machine_var_audits_missing_switches_s_lane_right'====== Args={'value': 32, 'prev_value': None, 'change': True}
2025-09-04 17:20:29,654 : INFO : EventManager : Event: ======'machine_var_audits_missing_switches_s_lock_goose'====== Args={'value': 32, 'prev_value': None, 'change': True}
2025-09-04 17:20:29,654 : INFO : EventManager : Event: ======'machine_var_audits_missing_switches_s_lock_mav'====== Args={'value': 32, 'prev_value': None, 'change': True}
2025-09-04 17:20:29,654 : INFO : EventManager : Event: ======'machine_var_audits_missing_switches_s_lock_plunger'====== Args={'value': 32, 'prev_value': None, 'change': True}
2025-09-04 17:20:29,654 : INFO : EventManager : Event: ======'machine_var_audits_missing_switches_s_m_iceman_target'====== Args={'value': 32, 'prev_value': None, 'change': True}
2025-09-04 17:20:29,654 : INFO : EventManager : Event: ======'machine_var_audits_missing_switches_s_mig_lane_left'====== Args={'value': 4, 'prev_value': None, 'change': True}
2025-09-04 17:20:29,655 : INFO : EventManager : Event: ======'machine_var_audits_missing_switches_s_mig_lane_right'====== Args={'value': 32, 'prev_value': None, 'change': True}
2025-09-04 17:20:29,655 : INFO : EventManager : Event: ======'machine_var_audits_missing_switches_s_mode_start'====== Args={'value': 32, 'prev_value': None, 'change': True}
2025-09-04 17:20:29,655 : INFO : EventManager : Event: ======'machine_var_audits_missing_switches_s_n_iceman_target'====== Args={'value': 32, 'prev_value': None, 'change': True}
2025-09-04 17:20:29,655 : INFO : EventManager : Event: ======'machine_var_audits_missing_switches_s_o_lock_target'====== Args={'value': 32, 'prev_value': None, 'change': True}
2025-09-04 17:20:29,655 : INFO : EventManager : Event: ======'machine_var_audits_missing_switches_s_orbit_left'====== Args={'value': 3, 'prev_value': None, 'change': True}
2025-09-04 17:20:29,655 : INFO : EventManager : Event: ======'machine_var_audits_missing_switches_s_orbit_lower'====== Args={'value': 32, 'prev_value': None, 'change': True}
2025-09-04 17:20:29,655 : INFO : EventManager : Event: ======'machine_var_audits_missing_switches_s_orbit_right'====== Args={'value': 32, 'prev_value': None, 'change': True}
2025-09-04 17:20:29,655 : INFO : EventManager : Event: ======'machine_var_audits_missing_switches_s_orbit_upper'====== Args={'value': 32, 'prev_value': None, 'change': True}
2025-09-04 17:20:29,655 : INFO : EventManager : Event: ======'machine_var_audits_missing_switches_s_outer_inlane_right'====== Args={'value': 32, 'prev_value': None, 'change': True}
2025-09-04 17:20:29,655 : INFO : EventManager : Event: ======'machine_var_audits_missing_switches_s_outlane_left'====== Args={'value': 32, 'prev_value': None, 'change': True}
2025-09-04 17:20:29,655 : INFO : EventManager : Event: ======'machine_var_audits_missing_switches_s_outlane_right'====== Args={'value': 32, 'prev_value': None, 'change': True}
2025-09-04 17:20:29,655 : INFO : EventManager : Event: ======'machine_var_audits_missing_switches_s_plunger_lane'====== Args={'value': 4, 'prev_value': None, 'change': True}
2025-09-04 17:20:29,655 : INFO : EventManager : Event: ======'machine_var_audits_missing_switches_s_ramp_inner_exit'====== Args={'value': 32, 'prev_value': None, 'change': True}
2025-09-04 17:20:29,655 : INFO : EventManager : Event: ======'machine_var_audits_missing_switches_s_ramp_left_exit'====== Args={'value': 32, 'prev_value': None, 'change': True}
2025-09-04 17:20:29,655 : INFO : EventManager : Event: ======'machine_var_audits_missing_switches_s_ramp_right_exit'====== Args={'value': 32, 'prev_value': None, 'change': True}
2025-09-04 17:20:29,656 : INFO : EventManager : Event: ======'machine_var_audits_missing_switches_s_ramp_tower_exit'====== Args={'value': 32, 'prev_value': None, 'change': True}
2025-09-04 17:20:29,656 : INFO : EventManager : Event: ======'machine_var_audits_missing_switches_s_slingshot_left'====== Args={'value': 6, 'prev_value': None, 'change': True}
2025-09-04 17:20:29,656 : INFO : EventManager : Event: ======'machine_var_audits_missing_switches_s_slingshot_right'====== Args={'value': 32, 'prev_value': None, 'change': True}
2025-09-04 17:20:29,656 : INFO : EventManager : Event: ======'machine_var_audits_missing_switches_s_spinner'====== Args={'value': 32, 'prev_value': None, 'change': True}
2025-09-04 17:20:29,656 : INFO : EventManager : Event: ======'machine_var_audits_missing_switches_s_trough_1'====== Args={'value': 3, 'prev_value': None, 'change': True}
2025-09-04 17:20:29,656 : INFO : EventManager : Event: ======'machine_var_audits_missing_switches_s_trough_2'====== Args={'value': 3, 'prev_value': None, 'change': True}
2025-09-04 17:20:29,656 : INFO : EventManager : Event: ======'machine_var_audits_missing_switches_s_trough_3'====== Args={'value': 3, 'prev_value': None, 'change': True}
2025-09-04 17:20:29,656 : INFO : EventManager : Event: ======'machine_var_audits_missing_switches_s_trough_4'====== Args={'value': 4, 'prev_value': None, 'change': True}
2025-09-04 17:20:29,656 : INFO : EventManager : Event: ======'machine_var_audits_missing_switches_s_trough_5'====== Args={'value': 4, 'prev_value': None, 'change': True}
2025-09-04 17:20:29,656 : INFO : EventManager : Event: ======'machine_var_audits_player_score'====== Args={'value': {'average': 67000, 'top': [73000, 61000], 'total': 2}, 'prev_value': None, 'change': True}
2025-09-04 17:20:29,656 : INFO : EventManager : Event: ======'machine_var_audits_shots_bumper_center'====== Args={'value': 358, 'prev_value': None, 'change': True}
2025-09-04 17:20:29,656 : INFO : EventManager : Event: ======'machine_var_audits_shots_bumper_left'====== Args={'value': 336, 'prev_value': None, 'change': True}
2025-09-04 17:20:29,657 : INFO : EventManager : Event: ======'machine_var_audits_shots_bumper_right'====== Args={'value': 306, 'prev_value': None, 'change': True}
2025-09-04 17:20:29,657 : INFO : EventManager : Event: ======'machine_var_audits_switches_s_a_iceman_target'====== Args={'value': 0, 'prev_value': None, 'change': True}
2025-09-04 17:20:29,657 : INFO : EventManager : Event: ======'machine_var_audits_switches_s_barrier_target'====== Args={'value': 2, 'prev_value': None, 'change': True}
2025-09-04 17:20:29,657 : INFO : EventManager : Event: ======'machine_var_audits_switches_s_bumper_center'====== Args={'value': 361, 'prev_value': None, 'change': True}
2025-09-04 17:20:29,657 : INFO : EventManager : Event: ======'machine_var_audits_switches_s_bumper_left'====== Args={'value': 351, 'prev_value': None, 'change': True}
2025-09-04 17:20:29,657 : INFO : EventManager : Event: ======'machine_var_audits_switches_s_bumper_right'====== Args={'value': 306, 'prev_value': None, 'change': True}
2025-09-04 17:20:29,657 : INFO : EventManager : Event: ======'machine_var_audits_switches_s_c_iceman_target'====== Args={'value': 0, 'prev_value': None, 'change': True}
2025-09-04 17:20:29,657 : INFO : EventManager : Event: ======'machine_var_audits_switches_s_c_lock_target'====== Args={'value': 0, 'prev_value': None, 'change': True}
2025-09-04 17:20:29,657 : INFO : EventManager : Event: ======'machine_var_audits_switches_s_e_iceman_target'====== Args={'value': 0, 'prev_value': None, 'change': True}
2025-09-04 17:20:29,657 : INFO : EventManager : Event: ======'machine_var_audits_switches_s_flight_gear_target'====== Args={'value': 0, 'prev_value': None, 'change': True}
2025-09-04 17:20:29,657 : INFO : EventManager : Event: ======'machine_var_audits_switches_s_flipper_left'====== Args={'value': 9, 'prev_value': None, 'change': True}
2025-09-04 17:20:29,657 : INFO : EventManager : Event: ======'machine_var_audits_switches_s_flipper_left_eos'====== Args={'value': 0, 'prev_value': None, 'change': True}
2025-09-04 17:20:29,657 : INFO : EventManager : Event: ======'machine_var_audits_switches_s_flipper_left_upper'====== Args={'value': 0, 'prev_value': None, 'change': True}
2025-09-04 17:20:29,657 : INFO : EventManager : Event: ======'machine_var_audits_switches_s_flipper_left_upper_eos'====== Args={'value': 0, 'prev_value': None, 'change': True}
2025-09-04 17:20:29,658 : INFO : EventManager : Event: ======'machine_var_audits_switches_s_flipper_right'====== Args={'value': 9, 'prev_value': None, 'change': True}
2025-09-04 17:20:29,658 : INFO : EventManager : Event: ======'machine_var_audits_switches_s_flipper_right_eos'====== Args={'value': 0, 'prev_value': None, 'change': True}
2025-09-04 17:20:29,658 : INFO : EventManager : Event: ======'machine_var_audits_switches_s_i_iceman_target'====== Args={'value': 0, 'prev_value': None, 'change': True}
2025-09-04 17:20:29,658 : INFO : EventManager : Event: ======'machine_var_audits_switches_s_inlane_left'====== Args={'value': 5, 'prev_value': None, 'change': True}
2025-09-04 17:20:29,658 : INFO : EventManager : Event: ======'machine_var_audits_switches_s_inner_inlane_right'====== Args={'value': 0, 'prev_value': None, 'change': True}
2025-09-04 17:20:29,658 : INFO : EventManager : Event: ======'machine_var_audits_switches_s_jam'====== Args={'value': 0, 'prev_value': None, 'change': True}
2025-09-04 17:20:29,658 : INFO : EventManager : Event: ======'machine_var_audits_switches_s_k_lock_target'====== Args={'value': 0, 'prev_value': None, 'change': True}
2025-09-04 17:20:29,658 : INFO : EventManager : Event: ======'machine_var_audits_switches_s_l_lock_target'====== Args={'value': 0, 'prev_value': None, 'change': True}
2025-09-04 17:20:29,658 : INFO : EventManager : Event: ======'machine_var_audits_switches_s_lane_left'====== Args={'value': 1, 'prev_value': None, 'change': True}
2025-09-04 17:20:29,658 : INFO : EventManager : Event: ======'machine_var_audits_switches_s_lane_right'====== Args={'value': 0, 'prev_value': None, 'change': True}
2025-09-04 17:20:29,658 : INFO : EventManager : Event: ======'machine_var_audits_switches_s_lock_goose'====== Args={'value': 0, 'prev_value': None, 'change': True}
2025-09-04 17:20:29,658 : INFO : EventManager : Event: ======'machine_var_audits_switches_s_lock_mav'====== Args={'value': 0, 'prev_value': None, 'change': True}
2025-09-04 17:20:29,658 : INFO : EventManager : Event: ======'machine_var_audits_switches_s_lock_plunger'====== Args={'value': 0, 'prev_value': None, 'change': True}
2025-09-04 17:20:29,658 : INFO : EventManager : Event: ======'machine_var_audits_switches_s_m_iceman_target'====== Args={'value': 0, 'prev_value': None, 'change': True}
2025-09-04 17:20:29,659 : INFO : EventManager : Event: ======'machine_var_audits_switches_s_mig_lane_left'====== Args={'value': 7, 'prev_value': None, 'change': True}
2025-09-04 17:20:29,659 : INFO : EventManager : Event: ======'machine_var_audits_switches_s_mig_lane_right'====== Args={'value': 0, 'prev_value': None, 'change': True}
2025-09-04 17:20:29,659 : INFO : EventManager : Event: ======'machine_var_audits_switches_s_mode_start'====== Args={'value': 0, 'prev_value': None, 'change': True}
2025-09-04 17:20:29,659 : INFO : EventManager : Event: ======'machine_var_audits_switches_s_n_iceman_target'====== Args={'value': 0, 'prev_value': None, 'change': True}
2025-09-04 17:20:29,659 : INFO : EventManager : Event: ======'machine_var_audits_switches_s_o_lock_target'====== Args={'value': 0, 'prev_value': None, 'change': True}
2025-09-04 17:20:29,659 : INFO : EventManager : Event: ======'machine_var_audits_switches_s_orbit_left'====== Args={'value': 4, 'prev_value': None, 'change': True}
2025-09-04 17:20:29,659 : INFO : EventManager : Event: ======'machine_var_audits_switches_s_orbit_lower'====== Args={'value': 0, 'prev_value': None, 'change': True}
2025-09-04 17:20:29,659 : INFO : EventManager : Event: ======'machine_var_audits_switches_s_orbit_right'====== Args={'value': 0, 'prev_value': None, 'change': True}
2025-09-04 17:20:29,659 : INFO : EventManager : Event: ======'machine_var_audits_switches_s_orbit_upper'====== Args={'value': 0, 'prev_value': None, 'change': True}
2025-09-04 17:20:29,659 : INFO : EventManager : Event: ======'machine_var_audits_switches_s_outer_inlane_right'====== Args={'value': 0, 'prev_value': None, 'change': True}
2025-09-04 17:20:29,659 : INFO : EventManager : Event: ======'machine_var_audits_switches_s_outlane_left'====== Args={'value': 0, 'prev_value': None, 'change': True}
2025-09-04 17:20:29,659 : INFO : EventManager : Event: ======'machine_var_audits_switches_s_outlane_right'====== Args={'value': 0, 'prev_value': None, 'change': True}
2025-09-04 17:20:29,659 : INFO : EventManager : Event: ======'machine_var_audits_switches_s_plunger_lane'====== Args={'value': 19, 'prev_value': None, 'change': True}
2025-09-04 17:20:29,659 : INFO : EventManager : Event: ======'machine_var_audits_switches_s_ramp_inner_exit'====== Args={'value': 0, 'prev_value': None, 'change': True}
2025-09-04 17:20:29,659 : INFO : EventManager : Event: ======'machine_var_audits_switches_s_ramp_left_exit'====== Args={'value': 0, 'prev_value': None, 'change': True}
2025-09-04 17:20:29,659 : INFO : EventManager : Event: ======'machine_var_audits_switches_s_ramp_right_exit'====== Args={'value': 0, 'prev_value': None, 'change': True}
2025-09-04 17:20:29,659 : INFO : EventManager : Event: ======'machine_var_audits_switches_s_ramp_tower_exit'====== Args={'value': 0, 'prev_value': None, 'change': True}
2025-09-04 17:20:29,659 : INFO : EventManager : Event: ======'machine_var_audits_switches_s_slingshot_left'====== Args={'value': 1, 'prev_value': None, 'change': True}
2025-09-04 17:20:29,659 : INFO : EventManager : Event: ======'machine_var_audits_switches_s_slingshot_right'====== Args={'value': 0, 'prev_value': None, 'change': True}
2025-09-04 17:20:29,659 : INFO : EventManager : Event: ======'machine_var_audits_switches_s_spinner'====== Args={'value': 0, 'prev_value': None, 'change': True}
2025-09-04 17:20:29,659 : INFO : EventManager : Event: ======'machine_var_audits_switches_s_start'====== Args={'value': 105, 'prev_value': None, 'change': True}
2025-09-04 17:20:29,660 : INFO : EventManager : Event: ======'machine_var_audits_switches_s_trough_1'====== Args={'value': 11, 'prev_value': None, 'change': True}
2025-09-04 17:20:29,660 : INFO : EventManager : Event: ======'machine_var_audits_switches_s_trough_2'====== Args={'value': 10, 'prev_value': None, 'change': True}
2025-09-04 17:20:29,660 : INFO : EventManager : Event: ======'machine_var_audits_switches_s_trough_3'====== Args={'value': 6, 'prev_value': None, 'change': True}
2025-09-04 17:20:29,660 : INFO : EventManager : Event: ======'machine_var_audits_switches_s_trough_4'====== Args={'value': 1, 'prev_value': None, 'change': True}
2025-09-04 17:20:29,660 : INFO : EventManager : Event: ======'machine_var_audits_switches_s_trough_5'====== Args={'value': 1, 'prev_value': None, 'change': True}
2025-09-04 17:20:29,660 : INFO : EventManager : Event: ======'machine_var_audits_switches_s_trough_6'====== Args={'value': 44, 'prev_value': None, 'change': True}
2025-09-04 17:20:29,660 : INFO : EventManager : Event: ======'init_phase_5'====== Args={}
2025-09-04 17:20:29,700 : INFO : EventManager : Event: ======'init_done'====== Args={}
2025-09-04 17:20:29,700 : INFO : EventManager : Event: ======'machine_reset_phase_1'====== Args={}
2025-09-04 17:20:29,708 : INFO : EventManager : Event: ======'machine_reset_phase_2'====== Args={}
2025-09-04 17:20:29,708 : INFO : EventManager : Event: ======'machine_reset_phase_3'====== Args={}
2025-09-04 17:20:29,708 : INFO : EventManager : Event: ======'reset_complete'====== Args={}
2025-09-04 17:20:29,708 : INFO : EventManager : Event: ======'mode_attract_will_start'====== Args={}
2025-09-04 17:20:29,709 : INFO : Timer.attract_carousel_timer : Starting Timer.
2025-09-04 17:20:29,709 : INFO : EventManager : Event: ======'timer_attract_carousel_timer_started'====== Args={'ticks': 0, 'ticks_remaining': 1}
2025-09-04 17:20:29,709 : INFO : EventManager : Event: ======'timer_attract_carousel_timer_tick'====== Args={'ticks': 0, 'ticks_remaining': 1}
2025-09-04 17:20:29,709 : INFO : EventManager : Event: ======'mode_attract_starting'====== Args={}
2025-09-04 17:20:29,709 : INFO : Mode.attract : Started. Priority: 10
2025-09-04 17:20:29,710 : INFO : EventManager : Event: ======'modes_active_modes_changed'====== Args={}
2025-09-04 17:20:29,710 : INFO : EventManager : Event: ======'mode_attract_started'====== Args={}
2025-09-04 17:20:29,710 : INFO : EventManager : Event: ======'collecting_balls_complete'====== Args={}
2025-09-04 17:20:29,710 : INFO : EventManager : Event: ======'item_highlighted'====== Args={'carousel': 'attract', 'direction': None, 'item': 'title'}
2025-09-04 17:20:29,710 : INFO : EventManager : Event: ======'timer_attract_carousel_timer_tick'====== Args={'ticks': 0, 'ticks_remaining': 1}
2025-09-04 17:20:29,719 : INFO : Machine : Starting the main run loop with active modes: [<Mode.attract>]
2025-09-04 17:20:29,791 : INFO : EventManager : Event: ======'slide_attract_created'====== Args={'_from_bcp': True}
2025-09-04 17:20:29,791 : INFO : EventManager : Event: ======'slide__removed'====== Args={'_from_bcp': True}
2025-09-04 17:20:29,792 : INFO : EventManager : Event: ======'slide_attract_active'====== Args={'original_context': 'attract', 'original_calling_context': 'mode_attract_started', 'priority': 10.0, 'cmd': 'slides_play', '_from_bcp': True}
2025-09-04 17:20:32,095 : INFO : SwitchController : <<<<<<< 's_start' active >>>>>>>
2025-09-04 17:20:32,212 : INFO : SwitchController : <<<<<<< 's_start' inactive >>>>>>>
2025-09-04 17:20:32,212 : INFO : EventManager : Event: ======'request_to_start_game'====== Args={}
2025-09-04 17:20:32,212 : INFO : EventManager : Event: ======'game_start'====== Args={'buttons': [], 'hold_time': 0.10999999998603016}
2025-09-04 17:20:32,213 : INFO : EventManager : Event: ======'mode_game_will_start'====== Args={'buttons': [], 'hold_time': 0.10999999998603016}
2025-09-04 17:20:32,213 : INFO : EventManager : Event: ======'mode_game_starting'====== Args={'buttons': [], 'hold_time': 0.10999999998603016}
2025-09-04 17:20:32,213 : INFO : EventManager : Event: ======'mode_attract_will_stop'====== Args={}
2025-09-04 17:20:32,213 : INFO : EventManager : Event: ======'mode_attract_stopping'====== Args={}
2025-09-04 17:20:32,213 : INFO : Mode.attract : Stopped.
2025-09-04 17:20:32,213 : INFO : EventManager : Event: ======'modes_active_modes_changed'====== Args={}
2025-09-04 17:20:32,214 : INFO : EventManager : Event: ======'mode_attract_stopped'====== Args={}
2025-09-04 17:20:32,214 : INFO : EventManager : Event: ======'clear'====== Args={'key': 'attract'}
2025-09-04 17:20:32,214 : INFO : Timer.attract_carousel_timer : Stopping Timer
2025-09-04 17:20:32,214 : INFO : EventManager : Event: ======'timer_attract_carousel_timer_stopped'====== Args={'ticks': 0, 'ticks_remaining': 1}
2025-09-04 17:20:32,214 : INFO : Mode.game : Started. Priority: 20
2025-09-04 17:20:32,214 : INFO : EventManager : Event: ======'modes_active_modes_changed'====== Args={}
2025-09-04 17:20:32,214 : INFO : EventManager : Event: ======'mode_game_started'====== Args={'buttons': [], 'hold_time': 0.10999999998603016}
2025-09-04 17:20:32,218 : INFO : EventManager : Event: ======'game_will_start'====== Args={}
2025-09-04 17:20:32,218 : INFO : EventManager : Event: ======'game_starting'====== Args={'game': <Mode.game>}
2025-09-04 17:20:32,218 : INFO : EventManager : Unordered handler for class <Auditor> on event game_ended with priority 1. Handlers: [RegisteredHandler(callback=<bound method Auditor.disable of <Auditor>>, priority=1, kwargs={}, key=UUID('231c7952-1135-4690-b632-f47b70161671'), condition=None, blocking_facility=None), RegisteredHandler(callback=<bound method Auditor._save_audits of <Auditor>>, priority=1, kwargs={}, key=UUID('2aa5a633-dab0-4f93-833c-c918661ba274'), condition=None, blocking_facility=None)]. The order of those handlers is not defined and they will be executed in random order. This might lead to race conditions and potential bugs.
2025-09-04 17:20:32,218 : INFO : EventManager : Event: ======'player_add_request'====== Args={}
2025-09-04 17:20:32,218 : INFO : EventManager : Event: ======'player_will_add'====== Args={'number': 1}
2025-09-04 17:20:32,218 : INFO : EventManager : Event: ======'player_adding'====== Args={'player': <Player 1>, 'number': 1}
2025-09-04 17:20:32,218 : INFO : EventManager : Event: ======'player_added'====== Args={'player': <Player 1>, 'num': 1}
2025-09-04 17:20:32,218 : INFO : Mode.game : Player added successfully. Total players: 1
2025-09-04 17:20:32,218 : INFO : EventManager : Event: ======'player_index'====== Args={'value': 0, 'prev_value': 0, 'change': 0, 'player_num': 1}
2025-09-04 17:20:32,219 : INFO : EventManager : Event: ======'player_number'====== Args={'value': 1, 'prev_value': 1, 'change': 0, 'player_num': 1}
2025-09-04 17:20:32,219 : INFO : EventManager : Event: ======'player_score'====== Args={'value': 0, 'prev_value': 0, 'change': 0, 'player_num': 1}
2025-09-04 17:20:32,219 : INFO : EventManager : Event: ======'game_started'====== Args={}
2025-09-04 17:20:32,225 : INFO : EventManager : Event: ======'player_turn_will_start'====== Args={'player': <Player 1>, 'number': 1}
2025-09-04 17:20:32,225 : INFO : EventManager : Event: ======'player_turn_starting'====== Args={'player': <Player 1>, 'number': 1}
2025-09-04 17:20:32,225 : INFO : EventManager : Event: ======'player_ball'====== Args={'value': 1, 'prev_value': 0, 'change': 1, 'player_num': 1}
2025-09-04 17:20:32,225 : INFO : EventManager : Event: ======'player_turn_started'====== Args={'player': <Player 1>, 'number': 1}
2025-09-04 17:20:32,226 : INFO : EventManager : Event: ======'ui_player_1_up'====== Args={'priority': 0}
2025-09-04 17:20:32,226 : INFO : EventManager : Event: ======'ball_will_start'====== Args={'player': 1, 'ball': 1, 'balls_remaining': 2, 'is_extra_ball': False}
2025-09-04 17:20:32,228 : INFO : EventManager : Event: ======'ball_starting'====== Args={'player': 1, 'ball': 1, 'balls_remaining': 2, 'is_extra_ball': False}
2025-09-04 17:20:32,228 : INFO : EventManager : Event: ======'mode_base_will_start'====== Args={'queue': <QueuedEvent>, 'player': 1, 'ball': 1, 'balls_remaining': 2, 'is_extra_ball': False}
2025-09-04 17:20:32,235 : INFO : EventManager : Event: ======'mode_base_starting'====== Args={'queue': <QueuedEvent>, 'player': 1, 'ball': 1, 'balls_remaining': 2, 'is_extra_ball': False}
2025-09-04 17:20:32,235 : INFO : Mode.base : Started. Priority: 100
2025-09-04 17:20:32,235 : INFO : EventManager : Event: ======'modes_active_modes_changed'====== Args={}
2025-09-04 17:20:32,235 : INFO : EventManager : Event: ======'mode_base_started'====== Args={'queue': <QueuedEvent>, 'player': 1, 'ball': 1, 'balls_remaining': 2, 'is_extra_ball': False}
2025-09-04 17:20:32,235 : INFO : EventManager : Event: ======'start_mode_bumpers'====== Args={'priority': 0}
2025-09-04 17:20:32,235 : INFO : EventManager : Event: ======'mode_bumpers_will_start'====== Args={'priority': 0}
2025-09-04 17:20:32,236 : INFO : EventManager : Event: ======'player_shot_bumper_left_enabled'====== Args={'value': True, 'prev_value': 0, 'change': 1, 'player_num': 1}
2025-09-04 17:20:32,236 : INFO : EventManager : Event: ======'player_shot_bumper_center_enabled'====== Args={'value': True, 'prev_value': 0, 'change': 1, 'player_num': 1}
2025-09-04 17:20:32,236 : INFO : EventManager : Event: ======'player_shot_bumper_right_enabled'====== Args={'value': True, 'prev_value': 0, 'change': 1, 'player_num': 1}
2025-09-04 17:20:32,236 : INFO : EventManager : Event: ======'bumpers_complete'====== Args={'state': 'unlit'}
2025-09-04 17:20:32,236 : INFO : EventManager : Event: ======'bumpers_unlit_complete'====== Args={}
2025-09-04 17:20:32,237 : INFO : EventManager : Event: ======'mode_bumpers_starting'====== Args={'priority': 0}
2025-09-04 17:20:32,237 : INFO : Mode.bumpers : Started. Priority: 200
2025-09-04 17:20:32,237 : INFO : EventManager : Event: ======'modes_active_modes_changed'====== Args={}
2025-09-04 17:20:32,237 : INFO : EventManager : Event: ======'mode_bumpers_started'====== Args={'priority': 0}
2025-09-04 17:20:32,237 : INFO : EventManager : Event: ======'balls_in_play'====== Args={'balls': 1}
2025-09-04 17:20:32,237 : INFO : EventManager : Event: ======'ball_started'====== Args={'player': 1, 'ball': 1, 'balls_remaining': 2, 'is_extra_ball': False}
2025-09-04 17:20:32,248 : INFO : EventManager : Event: ======'single_player_ball_started'====== Args={}
2025-09-04 17:20:32,248 : INFO : EventManager : Event: ======'ball_start_target'====== Args={'target': 'playfield'}
2025-09-04 17:20:32,248 : INFO : ball_device.bd_plunger : Setting up player-controlled eject. Balls: 1, Target: <playfield.playfield>, player_controlled_eject_event: None
2025-09-04 17:20:32,249 : INFO : EventManager : Event: ======'balldevice_balls_available'====== Args={}
2025-09-04 17:20:32,249 : INFO : ball_device.bd_trough : State: waiting_for_target_ready
2025-09-04 17:20:32,249 : INFO : EventManager : Event: ======'balldevice_bd_trough_ball_eject_attempt'====== Args={'balls': 1, 'target': <ball_device.bd_plunger>, 'source': <ball_device.bd_trough>, 'mechanical_eject': True, 'num_attempts': 0}
2025-09-04 17:20:32,249 : INFO : ball_device.bd_plunger : State: waiting_for_ball
2025-09-04 17:20:32,249 : INFO : ball_device.bd_trough : State: ejecting
2025-09-04 17:20:32,249 : INFO : ball_device.bd_trough : Ejecting ball to <ball_device.bd_plunger>
2025-09-04 17:20:32,249 : INFO : EventManager : Event: ======'balldevice_bd_trough_ejecting_ball'====== Args={'balls': 1, 'target': <ball_device.bd_plunger>, 'source': <ball_device.bd_trough>, 'mechanical_eject': True, 'num_attempts': 0}
2025-09-04 17:20:32,250 : INFO : ball_device.bd_trough : Wait for ball to leave device
2025-09-04 17:20:32,250 : INFO : coil.c_trough_eject : Pulsing Driver for 10ms (1.0 pulse_power)
2025-09-04 17:20:32,303 : INFO : EventManager : Event: ======'slide_base_slide_created'====== Args={'_from_bcp': True}
2025-09-04 17:20:32,303 : INFO : EventManager : Event: ======'slide_attract_inactive'====== Args={'is_removing': True, '_from_bcp': True}
2025-09-04 17:20:32,303 : INFO : EventManager : Event: ======'slide_base_slide_active'====== Args={'original_context': 'base', 'original_calling_context': 'mode_base_started', 'priority': 100.0, 'queue': '<QueuedEvent>', 'player': 1.0, 'ball': 1.0, 'balls_remaining': 2.0, 'is_extra_ball': False, 'cmd': 'slides_play', '_from_bcp': True}
2025-09-04 17:20:32,308 : INFO : EventManager : Event: ======'slide_attract_removed'====== Args={'_from_bcp': True}
2025-09-04 17:20:34,231 : INFO : SwitchController : <<<<<<< 's_start' active >>>>>>>
2025-09-04 17:20:34,231 : INFO : EventManager : Event: ======'sw_start'====== Args={}
2025-09-04 17:20:34,231 : INFO : EventManager : Event: ======'machine_var_audits_switches_s_start'====== Args={'value': 106, 'prev_value': 105, 'change': 1}
2025-09-04 17:20:34,232 : INFO : EventManager : Event: ======'player_add_request'====== Args={}
2025-09-04 17:20:34,232 : INFO : EventManager : Event: ======'player_will_add'====== Args={'number': 2}
2025-09-04 17:20:34,232 : INFO : EventManager : Event: ======'player_adding'====== Args={'player': <Player 2>, 'number': 2}
2025-09-04 17:20:34,232 : INFO : EventManager : Event: ======'player_added'====== Args={'player': <Player 2>, 'num': 2}
2025-09-04 17:20:34,232 : INFO : Mode.game : Player added successfully. Total players: 2
2025-09-04 17:20:34,232 : INFO : EventManager : Event: ======'multiplayer_game'====== Args={}
2025-09-04 17:20:34,232 : INFO : EventManager : Event: ======'player_index'====== Args={'value': 1, 'prev_value': 1, 'change': 0, 'player_num': 2}
2025-09-04 17:20:34,232 : INFO : EventManager : Event: ======'player_number'====== Args={'value': 2, 'prev_value': 2, 'change': 0, 'player_num': 2}
2025-09-04 17:20:34,232 : INFO : EventManager : Event: ======'player_score'====== Args={'value': 0, 'prev_value': 0, 'change': 0, 'player_num': 2}
2025-09-04 17:20:34,397 : INFO : SwitchController : <<<<<<< 's_start' inactive >>>>>>>
2025-09-04 17:20:35,267 : INFO : EventManager : Event: ======'balldevice_bd_trough_ball_eject_failed'====== Args={'target': <ball_device.bd_plunger>, 'balls': 1, 'retry': True, 'num_attempts': 1}
2025-09-04 17:20:35,267 : INFO : ball_device.bd_trough : State: waiting_for_target_ready
2025-09-04 17:20:35,267 : INFO : EventManager : Event: ======'balldevice_bd_trough_ball_eject_attempt'====== Args={'balls': 1, 'target': <ball_device.bd_plunger>, 'source': <ball_device.bd_trough>, 'mechanical_eject': True, 'num_attempts': 1}
2025-09-04 17:20:35,268 : INFO : ball_device.bd_trough : State: ejecting
2025-09-04 17:20:35,268 : INFO : ball_device.bd_trough : Ejecting ball to <ball_device.bd_plunger>
2025-09-04 17:20:35,268 : INFO : EventManager : Event: ======'balldevice_bd_trough_ejecting_ball'====== Args={'balls': 1, 'target': <ball_device.bd_plunger>, 'source': <ball_device.bd_trough>, 'mechanical_eject': True, 'num_attempts': 1}
2025-09-04 17:20:35,268 : INFO : ball_device.bd_trough : Wait for ball to leave device
2025-09-04 17:20:35,268 : INFO : coil.c_trough_eject : Pulsing Driver for 10ms (1.0 pulse_power)
2025-09-04 17:20:36,783 : WARNING : SwitchController : Received duplicate switch state 1 for switch s_trough_6 from the platform interface. Log Code: Log-SwitchController-1 (https://missionpinball.org/logs)
2025-09-04 17:20:38,281 : INFO : EventManager : Event: ======'balldevice_bd_trough_ball_eject_failed'====== Args={'target': <ball_device.bd_plunger>, 'balls': 1, 'retry': True, 'num_attempts': 2}
2025-09-04 17:20:38,281 : INFO : ball_device.bd_trough : State: waiting_for_target_ready
2025-09-04 17:20:38,281 : INFO : EventManager : Event: ======'balldevice_bd_trough_ball_eject_attempt'====== Args={'balls': 1, 'target': <ball_device.bd_plunger>, 'source': <ball_device.bd_trough>, 'mechanical_eject': True, 'num_attempts': 2}
2025-09-04 17:20:38,281 : INFO : ball_device.bd_trough : State: ejecting
2025-09-04 17:20:38,282 : INFO : ball_device.bd_trough : Ejecting ball to <ball_device.bd_plunger>
2025-09-04 17:20:38,282 : INFO : EventManager : Event: ======'balldevice_bd_trough_ejecting_ball'====== Args={'balls': 1, 'target': <ball_device.bd_plunger>, 'source': <ball_device.bd_trough>, 'mechanical_eject': True, 'num_attempts': 2}
2025-09-04 17:20:38,282 : INFO : ball_device.bd_trough : Wait for ball to leave device
2025-09-04 17:20:38,282 : INFO : coil.c_trough_eject : Pulsing Driver for 10ms (1.0 pulse_power)
2025-09-04 17:20:38,418 : INFO : SwitchController : <<<<<<< 's_trough_6' inactive >>>>>>>
2025-09-04 17:20:38,422 : INFO : ball_device.bd_trough : State: ball_left
2025-09-04 17:20:38,422 : INFO : ball_device.bd_trough : Ball left
2025-09-04 17:20:38,422 : INFO : ball_device.bd_trough : Wait for confirm with timeout 3.0
2025-09-04 17:20:40,821 : INFO : SwitchController : <<<<<<< 's_bumper_left' active >>>>>>>
2025-09-04 17:20:40,821 : INFO : EventManager : Event: ======'playfield_active'====== Args={'source': 'bumper_left'}
2025-09-04 17:20:40,821 : INFO : EventManager : Event: ======'unexpected_ball_on_playfield'====== Args={}
2025-09-04 17:20:40,821 : INFO : EventManager : Event: ======'s_bumper_left_active'====== Args={}
2025-09-04 17:20:40,821 : INFO : EventManager : Event: ======'sw_playfield_active'====== Args={}
2025-09-04 17:20:40,821 : INFO : EventManager : Event: ======'machine_var_audits_switches_s_bumper_left'====== Args={'value': 352, 'prev_value': 351, 'change': 1}
2025-09-04 17:20:40,822 : INFO : EventManager : Event: ======'player_shot_bumper_left'====== Args={'value': 1, 'prev_value': 0, 'change': 1, 'player_num': 1}
2025-09-04 17:20:40,822 : INFO : EventManager : Event: ======'machine_var_audits_shots_bumper_left'====== Args={'value': 337, 'prev_value': 336, 'change': 1}
2025-09-04 17:20:40,822 : INFO : EventManager : Event: ======'bumper_left_hit'====== Args={'profile': 'default', 'state': 'unlit', 'advancing': True}
2025-09-04 17:20:40,822 : INFO : EventManager : Event: ======'bumper_left_default_hit'====== Args={'profile': 'default', 'state': 'unlit', 'advancing': True}
2025-09-04 17:20:40,823 : INFO : EventManager : Event: ======'bumper_left_default_unlit_hit'====== Args={'profile': 'default', 'state': 'unlit', 'advancing': True}
2025-09-04 17:20:40,823 : INFO : EventManager : Event: ======'bumper_left_unlit_hit'====== Args={'profile': 'default', 'state': 'unlit', 'advancing': True}
2025-09-04 17:20:40,823 : INFO : EventManager : Event: ======'bumpers_hit'====== Args={'shot': 'bumper_left'}
2025-09-04 17:20:40,823 : INFO : EventManager : Event: ======'bumpers_unlit_hit'====== Args={'shot': 'bumper_left'}
2025-09-04 17:20:40,823 : INFO : EventManager : Event: ======'player_score'====== Args={'value': 1000, 'prev_value': 0, 'change': 1000, 'player_num': 1, 'source': 'bumpers'}
2025-09-04 17:20:40,824 : INFO : EventManager : Event: ======'playfield_active'====== Args={'source': None}
2025-09-04 17:20:40,824 : INFO : EventManager : Event: ======'unexpected_ball_on_playfield'====== Args={}
2025-09-04 17:20:40,920 : INFO : SwitchController : <<<<<<< 's_bumper_center' active >>>>>>>
2025-09-04 17:20:40,920 : INFO : EventManager : Event: ======'playfield_active'====== Args={'source': 'bumper_center'}
2025-09-04 17:20:40,921 : INFO : EventManager : Event: ======'unexpected_ball_on_playfield'====== Args={}
2025-09-04 17:20:40,921 : INFO : EventManager : Event: ======'s_bumper_center_active'====== Args={}
2025-09-04 17:20:40,921 : INFO : EventManager : Event: ======'sw_playfield_active'====== Args={}
2025-09-04 17:20:40,921 : INFO : EventManager : Event: ======'machine_var_audits_switches_s_bumper_center'====== Args={'value': 362, 'prev_value': 361, 'change': 1}
2025-09-04 17:20:40,922 : INFO : EventManager : Event: ======'player_shot_bumper_center'====== Args={'value': 1, 'prev_value': 0, 'change': 1, 'player_num': 1}
2025-09-04 17:20:40,922 : INFO : EventManager : Event: ======'machine_var_audits_shots_bumper_center'====== Args={'value': 359, 'prev_value': 358, 'change': 1}
2025-09-04 17:20:40,922 : INFO : EventManager : Event: ======'bumper_center_hit'====== Args={'profile': 'default', 'state': 'unlit', 'advancing': True}
2025-09-04 17:20:40,922 : INFO : EventManager : Event: ======'bumper_center_default_hit'====== Args={'profile': 'default', 'state': 'unlit', 'advancing': True}
2025-09-04 17:20:40,922 : INFO : EventManager : Event: ======'bumper_center_default_unlit_hit'====== Args={'profile': 'default', 'state': 'unlit', 'advancing': True}
2025-09-04 17:20:40,922 : INFO : EventManager : Event: ======'bumper_center_unlit_hit'====== Args={'profile': 'default', 'state': 'unlit', 'advancing': True}
2025-09-04 17:20:40,922 : INFO : EventManager : Event: ======'bumpers_hit'====== Args={'shot': 'bumper_center'}
2025-09-04 17:20:40,923 : INFO : EventManager : Event: ======'bumpers_unlit_hit'====== Args={'shot': 'bumper_center'}
2025-09-04 17:20:40,923 : INFO : EventManager : Event: ======'player_score'====== Args={'value': 2000, 'prev_value': 1000, 'change': 1000, 'player_num': 1, 'source': 'bumpers'}
2025-09-04 17:20:40,923 : INFO : EventManager : Event: ======'playfield_active'====== Args={'source': None}
2025-09-04 17:20:40,923 : INFO : EventManager : Event: ======'unexpected_ball_on_playfield'====== Args={}
2025-09-04 17:20:41,021 : INFO : SwitchController : <<<<<<< 's_bumper_left' inactive >>>>>>>
2025-09-04 17:20:41,103 : INFO : SwitchController : <<<<<<< 's_bumper_center' inactive >>>>>>>
2025-09-04 17:20:41,237 : INFO : SwitchController : <<<<<<< 's_bumper_left' active >>>>>>>
2025-09-04 17:20:41,237 : INFO : EventManager : Event: ======'playfield_active'====== Args={'source': 'bumper_left'}
2025-09-04 17:20:41,238 : INFO : EventManager : Event: ======'unexpected_ball_on_playfield'====== Args={}
2025-09-04 17:20:41,238 : INFO : EventManager : Event: ======'s_bumper_left_active'====== Args={}
2025-09-04 17:20:41,238 : INFO : EventManager : Event: ======'sw_playfield_active'====== Args={}
2025-09-04 17:20:41,238 : INFO : EventManager : Event: ======'machine_var_audits_switches_s_bumper_left'====== Args={'value': 353, 'prev_value': 352, 'change': 1}
2025-09-04 17:20:41,238 : INFO : EventManager : Event: ======'machine_var_audits_shots_bumper_left'====== Args={'value': 338, 'prev_value': 337, 'change': 1}
2025-09-04 17:20:41,238 : INFO : EventManager : Event: ======'bumper_left_hit'====== Args={'profile': 'default', 'state': 'lit', 'advancing': False}
2025-09-04 17:20:41,239 : INFO : EventManager : Event: ======'bumper_left_default_hit'====== Args={'profile': 'default', 'state': 'lit', 'advancing': False}
2025-09-04 17:20:41,239 : INFO : EventManager : Event: ======'bumper_left_default_lit_hit'====== Args={'profile': 'default', 'state': 'lit', 'advancing': False}
2025-09-04 17:20:41,239 : INFO : EventManager : Event: ======'bumper_left_lit_hit'====== Args={'profile': 'default', 'state': 'lit', 'advancing': False}
2025-09-04 17:20:41,239 : INFO : EventManager : Event: ======'bumpers_hit'====== Args={'shot': 'bumper_left'}
2025-09-04 17:20:41,239 : INFO : EventManager : Event: ======'bumpers_lit_hit'====== Args={'shot': 'bumper_left'}
2025-09-04 17:20:41,239 : INFO : EventManager : Event: ======'player_score'====== Args={'value': 3000, 'prev_value': 2000, 'change': 1000, 'player_num': 1, 'source': 'bumpers'}
2025-09-04 17:20:41,239 : INFO : EventManager : Event: ======'playfield_active'====== Args={'source': None}
2025-09-04 17:20:41,240 : INFO : EventManager : Event: ======'unexpected_ball_on_playfield'====== Args={}
2025-09-04 17:20:41,320 : INFO : SwitchController : <<<<<<< 's_bumper_center' active >>>>>>>
2025-09-04 17:20:41,320 : INFO : EventManager : Event: ======'playfield_active'====== Args={'source': 'bumper_center'}
2025-09-04 17:20:41,320 : INFO : EventManager : Event: ======'unexpected_ball_on_playfield'====== Args={}
2025-09-04 17:20:41,320 : INFO : EventManager : Event: ======'s_bumper_center_active'====== Args={}
2025-09-04 17:20:41,320 : INFO : EventManager : Event: ======'sw_playfield_active'====== Args={}
2025-09-04 17:20:41,320 : INFO : EventManager : Event: ======'machine_var_audits_switches_s_bumper_center'====== Args={'value': 363, 'prev_value': 362, 'change': 1}
2025-09-04 17:20:41,321 : INFO : EventManager : Event: ======'machine_var_audits_shots_bumper_center'====== Args={'value': 360, 'prev_value': 359, 'change': 1}
2025-09-04 17:20:41,323 : INFO : EventManager : Event: ======'bumper_center_hit'====== Args={'profile': 'default', 'state': 'lit', 'advancing': False}
2025-09-04 17:20:41,323 : INFO : EventManager : Event: ======'bumper_center_default_hit'====== Args={'profile': 'default', 'state': 'lit', 'advancing': False}
2025-09-04 17:20:41,323 : INFO : EventManager : Event: ======'bumper_center_default_lit_hit'====== Args={'profile': 'default', 'state': 'lit', 'advancing': False}
2025-09-04 17:20:41,323 : INFO : EventManager : Event: ======'bumper_center_lit_hit'====== Args={'profile': 'default', 'state': 'lit', 'advancing': False}
2025-09-04 17:20:41,323 : INFO : EventManager : Event: ======'bumpers_hit'====== Args={'shot': 'bumper_center'}
2025-09-04 17:20:41,323 : INFO : EventManager : Event: ======'bumpers_lit_hit'====== Args={'shot': 'bumper_center'}
2025-09-04 17:20:41,323 : INFO : EventManager : Event: ======'player_score'====== Args={'value': 4000, 'prev_value': 3000, 'change': 1000, 'player_num': 1, 'source': 'bumpers'}
2025-09-04 17:20:41,324 : INFO : EventManager : Event: ======'playfield_active'====== Args={'source': None}
2025-09-04 17:20:41,324 : INFO : EventManager : Event: ======'unexpected_ball_on_playfield'====== Args={}
2025-09-04 17:20:41,404 : INFO : SwitchController : <<<<<<< 's_bumper_left' inactive >>>>>>>
2025-09-04 17:20:41,404 : INFO : ball_device.bd_trough : State: failed_confirm
2025-09-04 17:20:41,404 : INFO : ball_device.bd_trough : Got timeout (3.0s) before confirm from <ball_device.bd_plunger>
2025-09-04 17:20:41,408 : INFO : ball_device.bd_plunger : Expecting incoming ball which may skip the device.
2025-09-04 17:20:41,408 : INFO : EventManager : Event: ======'balldevice_bd_plunger_ejecting_ball'====== Args={'balls': 1, 'target': <playfield.playfield>, 'source': <ball_device.bd_plunger>, 'mechanical_eject': False, 'num_attempts': 1}
2025-09-04 17:20:41,487 : INFO : SwitchController : <<<<<<< 's_bumper_center' inactive >>>>>>>
2025-09-04 17:20:41,671 : INFO : SwitchController : <<<<<<< 's_bumper_left' active >>>>>>>
2025-09-04 17:20:41,671 : INFO : EventManager : Event: ======'playfield_active'====== Args={'source': 'bumper_left'}
2025-09-04 17:20:41,671 : INFO : EventManager : Event: ======'s_bumper_left_active'====== Args={}
2025-09-04 17:20:41,671 : INFO : EventManager : Event: ======'sw_playfield_active'====== Args={}
2025-09-04 17:20:41,671 : INFO : EventManager : Event: ======'machine_var_audits_switches_s_bumper_left'====== Args={'value': 354, 'prev_value': 353, 'change': 1}
2025-09-04 17:20:41,672 : INFO : EventManager : Event: ======'machine_var_audits_shots_bumper_left'====== Args={'value': 339, 'prev_value': 338, 'change': 1}
2025-09-04 17:20:41,672 : INFO : EventManager : Event: ======'bumper_left_hit'====== Args={'profile': 'default', 'state': 'lit', 'advancing': False}
2025-09-04 17:20:41,672 : INFO : EventManager : Event: ======'bumper_left_default_hit'====== Args={'profile': 'default', 'state': 'lit', 'advancing': False}
2025-09-04 17:20:41,672 : INFO : EventManager : Event: ======'bumper_left_default_lit_hit'====== Args={'profile': 'default', 'state': 'lit', 'advancing': False}
2025-09-04 17:20:41,672 : INFO : EventManager : Event: ======'bumper_left_lit_hit'====== Args={'profile': 'default', 'state': 'lit', 'advancing': False}
2025-09-04 17:20:41,672 : INFO : EventManager : Event: ======'bumpers_hit'====== Args={'shot': 'bumper_left'}
2025-09-04 17:20:41,672 : INFO : EventManager : Event: ======'bumpers_lit_hit'====== Args={'shot': 'bumper_left'}
2025-09-04 17:20:41,672 : INFO : EventManager : Event: ======'player_score'====== Args={'value': 5000, 'prev_value': 4000, 'change': 1000, 'player_num': 1, 'source': 'bumpers'}
2025-09-04 17:20:41,673 : INFO : EventManager : Event: ======'playfield_active'====== Args={'source': None}
2025-09-04 17:20:41,676 : INFO : ball_device.bd_plunger : Got confirm for skipping ball.
2025-09-04 17:20:41,676 : INFO : ball_device.bd_plunger : Eject successful
2025-09-04 17:20:41,677 : INFO : EventManager : Event: ======'balldevice_bd_plunger_ball_eject_success'====== Args={'balls': 1, 'target': <playfield.playfield>}
2025-09-04 17:20:41,677 : INFO : EventManager : Event: ======'balldevice_playfield_ball_enter'====== Args={'new_balls': 1, 'unclaimed_balls': 1, 'device': <playfield.playfield>}
2025-09-04 17:20:41,677 : INFO : EventManager : Event: ======'playfield_ball_count_change'====== Args={'balls': 1, 'change': 1}
2025-09-04 17:20:41,677 : INFO : ball_device.bd_plunger : State: idle
2025-09-04 17:20:41,677 : INFO : ball_device.bd_trough : Eject successful
2025-09-04 17:20:41,677 : INFO : EventManager : Event: ======'balldevice_bd_trough_ball_eject_success'====== Args={'balls': 1, 'target': <ball_device.bd_plunger>}
2025-09-04 17:20:41,677 : INFO : EventManager : Event: ======'balldevice_bd_trough_ball_count_changed'====== Args={'balls': 5}
2025-09-04 17:20:41,677 : INFO : ball_device.bd_trough : State: idle
2025-09-04 17:20:41,738 : INFO : SwitchController : <<<<<<< 's_bumper_center' active >>>>>>>
2025-09-04 17:20:41,738 : INFO : EventManager : Event: ======'s_bumper_center_active'====== Args={}
2025-09-04 17:20:41,738 : INFO : EventManager : Event: ======'sw_playfield_active'====== Args={}
2025-09-04 17:20:41,738 : INFO : EventManager : Event: ======'machine_var_audits_switches_s_bumper_center'====== Args={'value': 364, 'prev_value': 363, 'change': 1}
2025-09-04 17:20:41,738 : INFO : EventManager : Event: ======'machine_var_audits_shots_bumper_center'====== Args={'value': 361, 'prev_value': 360, 'change': 1}
2025-09-04 17:20:41,738 : INFO : EventManager : Event: ======'bumper_center_hit'====== Args={'profile': 'default', 'state': 'lit', 'advancing': False}
2025-09-04 17:20:41,740 : INFO : EventManager : Event: ======'bumper_center_default_hit'====== Args={'profile': 'default', 'state': 'lit', 'advancing': False}
2025-09-04 17:20:41,740 : INFO : EventManager : Event: ======'bumper_center_default_lit_hit'====== Args={'profile': 'default', 'state': 'lit', 'advancing': False}
2025-09-04 17:20:41,740 : INFO : EventManager : Event: ======'bumper_center_lit_hit'====== Args={'profile': 'default', 'state': 'lit', 'advancing': False}
2025-09-04 17:20:41,740 : INFO : EventManager : Event: ======'bumpers_hit'====== Args={'shot': 'bumper_center'}
2025-09-04 17:20:41,740 : INFO : EventManager : Event: ======'bumpers_lit_hit'====== Args={'shot': 'bumper_center'}
2025-09-04 17:20:41,740 : INFO : EventManager : Event: ======'player_score'====== Args={'value': 6000, 'prev_value': 5000, 'change': 1000, 'player_num': 1, 'source': 'bumpers'}
2025-09-04 17:20:41,838 : INFO : SwitchController : <<<<<<< 's_bumper_left' inactive >>>>>>>
2025-09-04 17:20:41,905 : INFO : SwitchController : <<<<<<< 's_bumper_center' inactive >>>>>>>
2025-09-04 17:20:42,072 : INFO : SwitchController : <<<<<<< 's_bumper_left' active >>>>>>>
2025-09-04 17:20:42,072 : INFO : EventManager : Event: ======'s_bumper_left_active'====== Args={}
2025-09-04 17:20:42,072 : INFO : EventManager : Event: ======'sw_playfield_active'====== Args={}
2025-09-04 17:20:42,072 : INFO : EventManager : Event: ======'machine_var_audits_switches_s_bumper_left'====== Args={'value': 355, 'prev_value': 354, 'change': 1}
2025-09-04 17:20:42,073 : INFO : EventManager : Event: ======'machine_var_audits_shots_bumper_left'====== Args={'value': 340, 'prev_value': 339, 'change': 1}
2025-09-04 17:20:42,073 : INFO : EventManager : Event: ======'bumper_left_hit'====== Args={'profile': 'default', 'state': 'lit', 'advancing': False}
2025-09-04 17:20:42,073 : INFO : EventManager : Event: ======'bumper_left_default_hit'====== Args={'profile': 'default', 'state': 'lit', 'advancing': False}
2025-09-04 17:20:42,073 : INFO : EventManager : Event: ======'bumper_left_default_lit_hit'====== Args={'profile': 'default', 'state': 'lit', 'advancing': False}
2025-09-04 17:20:42,073 : INFO : EventManager : Event: ======'bumper_left_lit_hit'====== Args={'profile': 'default', 'state': 'lit', 'advancing': False}
2025-09-04 17:20:42,073 : INFO : EventManager : Event: ======'bumpers_hit'====== Args={'shot': 'bumper_left'}
2025-09-04 17:20:42,073 : INFO : EventManager : Event: ======'bumpers_lit_hit'====== Args={'shot': 'bumper_left'}
2025-09-04 17:20:42,073 : INFO : EventManager : Event: ======'player_score'====== Args={'value': 7000, 'prev_value': 6000, 'change': 1000, 'player_num': 1, 'source': 'bumpers'}
2025-09-04 17:20:42,138 : INFO : SwitchController : <<<<<<< 's_bumper_center' active >>>>>>>
2025-09-04 17:20:42,139 : INFO : EventManager : Event: ======'s_bumper_center_active'====== Args={}
2025-09-04 17:20:42,139 : INFO : EventManager : Event: ======'sw_playfield_active'====== Args={}
2025-09-04 17:20:42,139 : INFO : EventManager : Event: ======'machine_var_audits_switches_s_bumper_center'====== Args={'value': 365, 'prev_value': 364, 'change': 1}
2025-09-04 17:20:42,145 : INFO : EventManager : Event: ======'machine_var_audits_shots_bumper_center'====== Args={'value': 362, 'prev_value': 361, 'change': 1}
2025-09-04 17:20:42,145 : INFO : EventManager : Event: ======'bumper_center_hit'====== Args={'profile': 'default', 'state': 'lit', 'advancing': False}
2025-09-04 17:20:42,145 : INFO : EventManager : Event: ======'bumper_center_default_hit'====== Args={'profile': 'default', 'state': 'lit', 'advancing': False}
2025-09-04 17:20:42,145 : INFO : EventManager : Event: ======'bumper_center_default_lit_hit'====== Args={'profile': 'default', 'state': 'lit', 'advancing': False}
2025-09-04 17:20:42,145 : INFO : EventManager : Event: ======'bumper_center_lit_hit'====== Args={'profile': 'default', 'state': 'lit', 'advancing': False}
2025-09-04 17:20:42,145 : INFO : EventManager : Event: ======'bumpers_hit'====== Args={'shot': 'bumper_center'}
2025-09-04 17:20:42,145 : INFO : EventManager : Event: ======'bumpers_lit_hit'====== Args={'shot': 'bumper_center'}
2025-09-04 17:20:42,145 : INFO : EventManager : Event: ======'player_score'====== Args={'value': 8000, 'prev_value': 7000, 'change': 1000, 'player_num': 1, 'source': 'bumpers'}
2025-09-04 17:20:42,238 : INFO : SwitchController : <<<<<<< 's_bumper_left' inactive >>>>>>>
2025-09-04 17:20:42,288 : INFO : SwitchController : <<<<<<< 's_bumper_center' inactive >>>>>>>
2025-09-04 17:20:42,472 : INFO : SwitchController : <<<<<<< 's_bumper_left' active >>>>>>>
2025-09-04 17:20:42,472 : INFO : EventManager : Event: ======'s_bumper_left_active'====== Args={}
2025-09-04 17:20:42,472 : INFO : EventManager : Event: ======'sw_playfield_active'====== Args={}
2025-09-04 17:20:42,472 : INFO : EventManager : Event: ======'machine_var_audits_switches_s_bumper_left'====== Args={'value': 356, 'prev_value': 355, 'change': 1}
2025-09-04 17:20:42,473 : INFO : EventManager : Event: ======'machine_var_audits_shots_bumper_left'====== Args={'value': 341, 'prev_value': 340, 'change': 1}
2025-09-04 17:20:42,473 : INFO : EventManager : Event: ======'bumper_left_hit'====== Args={'profile': 'default', 'state': 'lit', 'advancing': False}
2025-09-04 17:20:42,473 : INFO : EventManager : Event: ======'bumper_left_default_hit'====== Args={'profile': 'default', 'state': 'lit', 'advancing': False}
2025-09-04 17:20:42,473 : INFO : EventManager : Event: ======'bumper_left_default_lit_hit'====== Args={'profile': 'default', 'state': 'lit', 'advancing': False}
2025-09-04 17:20:42,473 : INFO : EventManager : Event: ======'bumper_left_lit_hit'====== Args={'profile': 'default', 'state': 'lit', 'advancing': False}
2025-09-04 17:20:42,473 : INFO : EventManager : Event: ======'bumpers_hit'====== Args={'shot': 'bumper_left'}
2025-09-04 17:20:42,473 : INFO : EventManager : Event: ======'bumpers_lit_hit'====== Args={'shot': 'bumper_left'}
2025-09-04 17:20:42,473 : INFO : EventManager : Event: ======'player_score'====== Args={'value': 9000, 'prev_value': 8000, 'change': 1000, 'player_num': 1, 'source': 'bumpers'}
2025-09-04 17:20:42,522 : INFO : SwitchController : <<<<<<< 's_bumper_center' active >>>>>>>
2025-09-04 17:20:42,522 : INFO : EventManager : Event: ======'s_bumper_center_active'====== Args={}
2025-09-04 17:20:42,522 : INFO : EventManager : Event: ======'sw_playfield_active'====== Args={}
2025-09-04 17:20:42,522 : INFO : EventManager : Event: ======'machine_var_audits_switches_s_bumper_center'====== Args={'value': 366, 'prev_value': 365, 'change': 1}
2025-09-04 17:20:42,523 : INFO : EventManager : Event: ======'machine_var_audits_shots_bumper_center'====== Args={'value': 363, 'prev_value': 362, 'change': 1}
2025-09-04 17:20:42,523 : INFO : EventManager : Event: ======'bumper_center_hit'====== Args={'profile': 'default', 'state': 'lit', 'advancing': False}
2025-09-04 17:20:42,523 : INFO : EventManager : Event: ======'bumper_center_default_hit'====== Args={'profile': 'default', 'state': 'lit', 'advancing': False}
2025-09-04 17:20:42,523 : INFO : EventManager : Event: ======'bumper_center_default_lit_hit'====== Args={'profile': 'default', 'state': 'lit', 'advancing': False}
2025-09-04 17:20:42,523 : INFO : EventManager : Event: ======'bumper_center_lit_hit'====== Args={'profile': 'default', 'state': 'lit', 'advancing': False}
2025-09-04 17:20:42,523 : INFO : EventManager : Event: ======'bumpers_hit'====== Args={'shot': 'bumper_center'}
2025-09-04 17:20:42,523 : INFO : EventManager : Event: ======'bumpers_lit_hit'====== Args={'shot': 'bumper_center'}
2025-09-04 17:20:42,523 : INFO : EventManager : Event: ======'player_score'====== Args={'value': 10000, 'prev_value': 9000, 'change': 1000, 'player_num': 1, 'source': 'bumpers'}
2025-09-04 17:20:42,622 : INFO : SwitchController : <<<<<<< 's_bumper_left' inactive >>>>>>>
2025-09-04 17:20:42,672 : INFO : SwitchController : <<<<<<< 's_bumper_center' inactive >>>>>>>
2025-09-04 17:20:42,839 : INFO : SwitchController : <<<<<<< 's_bumper_left' active >>>>>>>
2025-09-04 17:20:42,839 : INFO : EventManager : Event: ======'s_bumper_left_active'====== Args={}
2025-09-04 17:20:42,839 : INFO : EventManager : Event: ======'sw_playfield_active'====== Args={}
2025-09-04 17:20:42,839 : INFO : EventManager : Event: ======'machine_var_audits_switches_s_bumper_left'====== Args={'value': 357, 'prev_value': 356, 'change': 1}
2025-09-04 17:20:42,840 : INFO : EventManager : Event: ======'machine_var_audits_shots_bumper_left'====== Args={'value': 342, 'prev_value': 341, 'change': 1}
2025-09-04 17:20:42,840 : INFO : EventManager : Event: ======'bumper_left_hit'====== Args={'profile': 'default', 'state': 'lit', 'advancing': False}
2025-09-04 17:20:42,840 : INFO : EventManager : Event: ======'bumper_left_default_hit'====== Args={'profile': 'default', 'state': 'lit', 'advancing': False}
2025-09-04 17:20:42,840 : INFO : EventManager : Event: ======'bumper_left_default_lit_hit'====== Args={'profile': 'default', 'state': 'lit', 'advancing': False}
2025-09-04 17:20:42,840 : INFO : EventManager : Event: ======'bumper_left_lit_hit'====== Args={'profile': 'default', 'state': 'lit', 'advancing': False}
2025-09-04 17:20:42,840 : INFO : EventManager : Event: ======'bumpers_hit'====== Args={'shot': 'bumper_left'}
2025-09-04 17:20:42,840 : INFO : EventManager : Event: ======'bumpers_lit_hit'====== Args={'shot': 'bumper_left'}
2025-09-04 17:20:42,840 : INFO : EventManager : Event: ======'player_score'====== Args={'value': 11000, 'prev_value': 10000, 'change': 1000, 'player_num': 1, 'source': 'bumpers'}
2025-09-04 17:20:42,888 : INFO : SwitchController : <<<<<<< 's_bumper_center' active >>>>>>>
2025-09-04 17:20:42,888 : INFO : EventManager : Event: ======'s_bumper_center_active'====== Args={}
2025-09-04 17:20:42,888 : INFO : EventManager : Event: ======'sw_playfield_active'====== Args={}
2025-09-04 17:20:42,888 : INFO : EventManager : Event: ======'machine_var_audits_switches_s_bumper_center'====== Args={'value': 367, 'prev_value': 366, 'change': 1}
2025-09-04 17:20:42,890 : INFO : EventManager : Event: ======'machine_var_audits_shots_bumper_center'====== Args={'value': 364, 'prev_value': 363, 'change': 1}
2025-09-04 17:20:42,890 : INFO : EventManager : Event: ======'bumper_center_hit'====== Args={'profile': 'default', 'state': 'lit', 'advancing': False}
2025-09-04 17:20:42,890 : INFO : EventManager : Event: ======'bumper_center_default_hit'====== Args={'profile': 'default', 'state': 'lit', 'advancing': False}
2025-09-04 17:20:42,890 : INFO : EventManager : Event: ======'bumper_center_default_lit_hit'====== Args={'profile': 'default', 'state': 'lit', 'advancing': False}
2025-09-04 17:20:42,890 : INFO : EventManager : Event: ======'bumper_center_lit_hit'====== Args={'profile': 'default', 'state': 'lit', 'advancing': False}
2025-09-04 17:20:42,890 : INFO : EventManager : Event: ======'bumpers_hit'====== Args={'shot': 'bumper_center'}
2025-09-04 17:20:42,890 : INFO : EventManager : Event: ======'bumpers_lit_hit'====== Args={'shot': 'bumper_center'}
2025-09-04 17:20:42,890 : INFO : EventManager : Event: ======'player_score'====== Args={'value': 12000, 'prev_value': 11000, 'change': 1000, 'player_num': 1, 'source': 'bumpers'}
2025-09-04 17:20:42,989 : INFO : SwitchController : <<<<<<< 's_bumper_left' inactive >>>>>>>
2025-09-04 17:20:43,022 : INFO : SwitchController : <<<<<<< 's_bumper_center' inactive >>>>>>>
2025-09-04 17:20:44,624 : INFO : SwitchController : <<<<<<< 's_trough_6' active >>>>>>>
2025-09-04 17:20:44,624 : INFO : EventManager : Event: ======'machine_var_audits_switches_s_trough_6'====== Args={'value': 45, 'prev_value': 44, 'change': 1}
2025-09-04 17:20:45,145 : INFO : EventManager : Event: ======'balldevice_bd_trough_ball_count_changed'====== Args={'balls': 6}
2025-09-04 17:20:45,145 : INFO : ball_device.bd_trough : Received unexpected ball
2025-09-04 17:20:45,145 : INFO : EventManager : Event: ======'balldevice_captured_from_playfield'====== Args={'balls': 1}
2025-09-04 17:20:45,145 : INFO : EventManager : Event: ======'sw_playfield_active'====== Args={'balls': 1}
2025-09-04 17:20:45,146 : INFO : EventManager : Event: ======'playfield_ball_count_change'====== Args={'balls': 0, 'change': -1}
2025-09-04 17:20:45,146 : INFO : EventManager : Event: ======'balldevice_bd_trough_ball_enter'====== Args={'new_balls': 1, 'unclaimed_balls': 1, 'new_available_balls': 1, 'device': <ball_device.bd_trough>}
2025-09-04 17:20:45,146 : INFO : EventManager : Event: ======'ball_drain'====== Args={'device': <ball_device.bd_trough>, 'balls': 1}
2025-09-04 17:20:45,146 : INFO : EventManager : Event: ======'ball_will_end'====== Args={}
2025-09-04 17:20:45,146 : INFO : EventManager : Event: ======'balldevice_balls_available'====== Args={}
2025-09-04 17:20:45,146 : INFO : EventManager : Event: ======'balldevice_bd_trough_ball_entered'====== Args={'new_balls': 1, 'device': <ball_device.bd_trough>}
2025-09-04 17:20:45,146 : INFO : EventManager : Event: ======'mode_base_will_stop'====== Args={}
2025-09-04 17:20:45,146 : INFO : EventManager : Event: ======'mode_base_stopping'====== Args={}
2025-09-04 17:20:45,147 : INFO : EventManager : Event: ======'stop_mode_bumpers'====== Args={'priority': 0}
2025-09-04 17:20:45,147 : INFO : EventManager : Event: ======'mode_bumpers_will_stop'====== Args={}
2025-09-04 17:20:45,147 : INFO : EventManager : Event: ======'mode_bumpers_stopping'====== Args={}
2025-09-04 17:20:45,147 : INFO : Mode.base : Stopped.
2025-09-04 17:20:45,147 : INFO : EventManager : Event: ======'modes_active_modes_changed'====== Args={}
2025-09-04 17:20:45,147 : INFO : EventManager : Event: ======'mode_base_stopped'====== Args={}
2025-09-04 17:20:45,147 : INFO : EventManager : Event: ======'clear'====== Args={'key': 'base'}
2025-09-04 17:20:45,148 : INFO : Mode.bumpers : Stopped.
2025-09-04 17:20:45,148 : INFO : EventManager : Event: ======'modes_active_modes_changed'====== Args={}
2025-09-04 17:20:45,148 : INFO : EventManager : Event: ======'mode_bumpers_stopped'====== Args={}
2025-09-04 17:20:45,148 : INFO : EventManager : Event: ======'clear'====== Args={'key': 'bumpers'}
2025-09-04 17:20:45,148 : INFO : EventManager : Event: ======'ball_ending'====== Args={}
2025-09-04 17:20:45,161 : INFO : EventManager : Event: ======'ball_ended'====== Args={}
2025-09-04 17:20:45,162 : INFO : EventManager : Event: ======'player_turn_will_end'====== Args={'player': <Player 1>, 'number': 1}
2025-09-04 17:20:45,165 : INFO : EventManager : Event: ======'player_turn_ending'====== Args={'player': <Player 1>, 'number': 1}
2025-09-04 17:20:45,165 : INFO : EventManager : Event: ======'player_turn_ended'====== Args={'player': <Player 1>, 'number': 1}
2025-09-04 17:20:45,165 : INFO : EventManager : Event: ======'player_turn_will_start'====== Args={'player': <Player 2>, 'number': 2}
2025-09-04 17:20:45,165 : INFO : EventManager : Event: ======'player_turn_starting'====== Args={'player': <Player 2>, 'number': 2}
2025-09-04 17:20:45,165 : INFO : EventManager : Event: ======'player_ball'====== Args={'value': 1, 'prev_value': 0, 'change': 1, 'player_num': 2}
2025-09-04 17:20:45,165 : INFO : EventManager : Event: ======'player_turn_started'====== Args={'player': <Player 2>, 'number': 2}
2025-09-04 17:20:45,166 : INFO : EventManager : Event: ======'ui_player_2_up'====== Args={'priority': 0}
2025-09-04 17:20:45,166 : INFO : EventManager : Event: ======'ball_will_start'====== Args={'player': 2, 'ball': 1, 'balls_remaining': 2, 'is_extra_ball': False}
2025-09-04 17:20:45,173 : INFO : EventManager : Event: ======'ball_starting'====== Args={'player': 2, 'ball': 1, 'balls_remaining': 2, 'is_extra_ball': False}
2025-09-04 17:20:45,174 : INFO : EventManager : Event: ======'mode_base_will_start'====== Args={'queue': <QueuedEvent>, 'player': 2, 'ball': 1, 'balls_remaining': 2, 'is_extra_ball': False}
2025-09-04 17:20:45,174 : INFO : EventManager : Event: ======'mode_base_starting'====== Args={'queue': <QueuedEvent>, 'player': 2, 'ball': 1, 'balls_remaining': 2, 'is_extra_ball': False}
2025-09-04 17:20:45,174 : INFO : Mode.base : Started. Priority: 100
2025-09-04 17:20:45,174 : INFO : EventManager : Event: ======'modes_active_modes_changed'====== Args={}
2025-09-04 17:20:45,174 : INFO : EventManager : Event: ======'mode_base_started'====== Args={'queue': <QueuedEvent>, 'player': 2, 'ball': 1, 'balls_remaining': 2, 'is_extra_ball': False}
2025-09-04 17:20:45,175 : INFO : EventManager : Event: ======'start_mode_bumpers'====== Args={'priority': 0}
2025-09-04 17:20:45,175 : INFO : EventManager : Event: ======'mode_bumpers_will_start'====== Args={'priority': 0}
2025-09-04 17:20:45,175 : INFO : EventManager : Event: ======'player_shot_bumper_left_enabled'====== Args={'value': True, 'prev_value': 0, 'change': 1, 'player_num': 2}
2025-09-04 17:20:45,175 : INFO : EventManager : Event: ======'player_shot_bumper_center_enabled'====== Args={'value': True, 'prev_value': 0, 'change': 1, 'player_num': 2}
2025-09-04 17:20:45,175 : INFO : EventManager : Event: ======'player_shot_bumper_right_enabled'====== Args={'value': True, 'prev_value': 0, 'change': 1, 'player_num': 2}
2025-09-04 17:20:45,176 : INFO : EventManager : Event: ======'bumpers_complete'====== Args={'state': 'unlit'}
2025-09-04 17:20:45,176 : INFO : EventManager : Event: ======'bumpers_unlit_complete'====== Args={}
2025-09-04 17:20:45,176 : INFO : EventManager : Event: ======'mode_bumpers_starting'====== Args={'priority': 0}
2025-09-04 17:20:45,177 : INFO : Mode.bumpers : Started. Priority: 200
2025-09-04 17:20:45,177 : INFO : EventManager : Event: ======'modes_active_modes_changed'====== Args={}
2025-09-04 17:20:45,177 : INFO : EventManager : Event: ======'mode_bumpers_started'====== Args={'priority': 0}
2025-09-04 17:20:45,177 : INFO : EventManager : Event: ======'balls_in_play'====== Args={'balls': 1}
2025-09-04 17:20:45,177 : INFO : EventManager : Event: ======'ball_started'====== Args={'player': 2, 'ball': 1, 'balls_remaining': 2, 'is_extra_ball': False}
2025-09-04 17:20:45,191 : INFO : EventManager : Event: ======'multi_player_ball_started'====== Args={}
2025-09-04 17:20:45,191 : INFO : EventManager : Event: ======'player_2_ball_started'====== Args={}
2025-09-04 17:20:45,191 : INFO : EventManager : Event: ======'ball_start_target'====== Args={'target': 'playfield'}
2025-09-04 17:20:45,191 : INFO : ball_device.bd_plunger : Setting up player-controlled eject. Balls: 1, Target: <playfield.playfield>, player_controlled_eject_event: None
2025-09-04 17:20:45,191 : INFO : EventManager : Event: ======'balldevice_balls_available'====== Args={}
2025-09-04 17:20:45,192 : INFO : ball_device.bd_trough : State: waiting_for_target_ready
2025-09-04 17:20:45,192 : INFO : EventManager : Event: ======'balldevice_bd_trough_ball_eject_attempt'====== Args={'balls': 1, 'target': <ball_device.bd_plunger>, 'source': <ball_device.bd_trough>, 'mechanical_eject': True, 'num_attempts': 0}
2025-09-04 17:20:45,192 : INFO : ball_device.bd_plunger : State: waiting_for_ball
2025-09-04 17:20:45,192 : INFO : ball_device.bd_trough : State: ejecting
2025-09-04 17:20:45,192 : INFO : ball_device.bd_trough : Ejecting ball to <ball_device.bd_plunger>
2025-09-04 17:20:45,192 : INFO : EventManager : Event: ======'balldevice_bd_trough_ejecting_ball'====== Args={'balls': 1, 'target': <ball_device.bd_plunger>, 'source': <ball_device.bd_trough>, 'mechanical_eject': True, 'num_attempts': 0}
2025-09-04 17:20:45,192 : INFO : ball_device.bd_trough : Wait for ball to leave device
2025-09-04 17:20:45,193 : INFO : coil.c_trough_eject : Pulsing Driver for 10ms (1.0 pulse_power)
2025-09-04 17:20:45,196 : INFO : EventManager : Event: ======'slide_base_slide_created'====== Args={'_from_bcp': True}
2025-09-04 17:20:45,196 : INFO : EventManager : Event: ======'slide_base_slide_inactive'====== Args={'is_removing': True, '_from_bcp': True}
2025-09-04 17:20:45,197 : INFO : EventManager : Event: ======'slide_base_slide_active'====== Args={'original_context': 'base', 'original_calling_context': 'mode_base_started', 'priority': 100.0, 'queue': '<QueuedEvent>', 'player': 2.0, 'ball': 1.0, 'balls_remaining': 2.0, 'is_extra_ball': False, 'cmd': 'slides_play', '_from_bcp': True}
2025-09-04 17:20:45,197 : INFO : EventManager : Event: ======'slide_base_slide_removed'====== Args={'_from_bcp': True}
2025-09-04 17:20:46,309 : INFO : SwitchController : <<<<<<< 's_trough_6' inactive >>>>>>>
2025-09-04 17:20:46,313 : INFO : ball_device.bd_trough : State: ball_left
2025-09-04 17:20:46,313 : INFO : ball_device.bd_trough : Ball left
2025-09-04 17:20:46,313 : INFO : ball_device.bd_trough : Wait for confirm with timeout 3.0
2025-09-04 17:20:49,325 : INFO : ball_device.bd_trough : State: failed_confirm
2025-09-04 17:20:49,325 : INFO : ball_device.bd_trough : Got timeout (3.0s) before confirm from <ball_device.bd_plunger>
2025-09-04 17:20:49,325 : INFO : ball_device.bd_plunger : Expecting incoming ball which may skip the device.
2025-09-04 17:20:49,325 : INFO : EventManager : Event: ======'balldevice_bd_plunger_ejecting_ball'====== Args={'balls': 1, 'target': <playfield.playfield>, 'source': <ball_device.bd_plunger>, 'mechanical_eject': False, 'num_attempts': 1}
2025-09-04 17:20:51,297 : INFO : SwitchController : <<<<<<< 's_bumper_left' active >>>>>>>
2025-09-04 17:20:51,297 : INFO : EventManager : Event: ======'playfield_active'====== Args={'source': 'bumper_left'}
2025-09-04 17:20:51,297 : INFO : EventManager : Event: ======'s_bumper_left_active'====== Args={}
2025-09-04 17:20:51,297 : INFO : EventManager : Event: ======'sw_playfield_active'====== Args={}
2025-09-04 17:20:51,297 : INFO : EventManager : Event: ======'machine_var_audits_switches_s_bumper_left'====== Args={'value': 358, 'prev_value': 357, 'change': 1}
2025-09-04 17:20:51,298 : INFO : EventManager : Event: ======'player_shot_bumper_left'====== Args={'value': 1, 'prev_value': 0, 'change': 1, 'player_num': 2}
2025-09-04 17:20:51,298 : INFO : EventManager : Event: ======'machine_var_audits_shots_bumper_left'====== Args={'value': 343, 'prev_value': 342, 'change': 1}
2025-09-04 17:20:51,298 : INFO : EventManager : Event: ======'bumper_left_hit'====== Args={'profile': 'default', 'state': 'unlit', 'advancing': True}
2025-09-04 17:20:51,298 : INFO : EventManager : Event: ======'bumper_left_default_hit'====== Args={'profile': 'default', 'state': 'unlit', 'advancing': True}
2025-09-04 17:20:51,298 : INFO : EventManager : Event: ======'bumper_left_default_unlit_hit'====== Args={'profile': 'default', 'state': 'unlit', 'advancing': True}
2025-09-04 17:20:51,298 : INFO : EventManager : Event: ======'bumper_left_unlit_hit'====== Args={'profile': 'default', 'state': 'unlit', 'advancing': True}
2025-09-04 17:20:51,300 : INFO : EventManager : Event: ======'bumpers_hit'====== Args={'shot': 'bumper_left'}
2025-09-04 17:20:51,300 : INFO : EventManager : Event: ======'bumpers_unlit_hit'====== Args={'shot': 'bumper_left'}
2025-09-04 17:20:51,300 : INFO : EventManager : Event: ======'player_score'====== Args={'value': 1000, 'prev_value': 0, 'change': 1000, 'player_num': 2, 'source': 'bumpers'}
2025-09-04 17:20:51,300 : INFO : EventManager : Event: ======'playfield_active'====== Args={'source': None}
2025-09-04 17:20:51,305 : INFO : ball_device.bd_plunger : Got confirm for skipping ball.
2025-09-04 17:20:51,305 : INFO : ball_device.bd_plunger : Eject successful
2025-09-04 17:20:51,305 : INFO : EventManager : Event: ======'balldevice_bd_plunger_ball_eject_success'====== Args={'balls': 1, 'target': <playfield.playfield>}
2025-09-04 17:20:51,306 : INFO : EventManager : Event: ======'balldevice_playfield_ball_enter'====== Args={'new_balls': 1, 'unclaimed_balls': 1, 'device': <playfield.playfield>}
2025-09-04 17:20:51,306 : INFO : EventManager : Event: ======'playfield_ball_count_change'====== Args={'balls': 1, 'change': 1}
2025-09-04 17:20:51,306 : INFO : ball_device.bd_plunger : State: idle
2025-09-04 17:20:51,306 : INFO : ball_device.bd_trough : Eject successful
2025-09-04 17:20:51,306 : INFO : EventManager : Event: ======'balldevice_bd_trough_ball_eject_success'====== Args={'balls': 1, 'target': <ball_device.bd_plunger>}
2025-09-04 17:20:51,306 : INFO : EventManager : Event: ======'balldevice_bd_trough_ball_count_changed'====== Args={'balls': 5}
2025-09-04 17:20:51,306 : INFO : ball_device.bd_trough : State: idle
2025-09-04 17:20:51,381 : INFO : SwitchController : <<<<<<< 's_bumper_center' active >>>>>>>
2025-09-04 17:20:51,381 : INFO : EventManager : Event: ======'s_bumper_center_active'====== Args={}
2025-09-04 17:20:51,381 : INFO : EventManager : Event: ======'sw_playfield_active'====== Args={}
2025-09-04 17:20:51,381 : INFO : EventManager : Event: ======'machine_var_audits_switches_s_bumper_center'====== Args={'value': 368, 'prev_value': 367, 'change': 1}
2025-09-04 17:20:51,382 : INFO : EventManager : Event: ======'player_shot_bumper_center'====== Args={'value': 1, 'prev_value': 0, 'change': 1, 'player_num': 2}
2025-09-04 17:20:51,382 : INFO : EventManager : Event: ======'machine_var_audits_shots_bumper_center'====== Args={'value': 365, 'prev_value': 364, 'change': 1}
2025-09-04 17:20:51,382 : INFO : EventManager : Event: ======'bumper_center_hit'====== Args={'profile': 'default', 'state': 'unlit', 'advancing': True}
2025-09-04 17:20:51,382 : INFO : EventManager : Event: ======'bumper_center_default_hit'====== Args={'profile': 'default', 'state': 'unlit', 'advancing': True}
2025-09-04 17:20:51,382 : INFO : EventManager : Event: ======'bumper_center_default_unlit_hit'====== Args={'profile': 'default', 'state': 'unlit', 'advancing': True}
2025-09-04 17:20:51,383 : INFO : EventManager : Event: ======'bumper_center_unlit_hit'====== Args={'profile': 'default', 'state': 'unlit', 'advancing': True}
2025-09-04 17:20:51,383 : INFO : EventManager : Event: ======'bumpers_hit'====== Args={'shot': 'bumper_center'}
2025-09-04 17:20:51,383 : INFO : EventManager : Event: ======'bumpers_unlit_hit'====== Args={'shot': 'bumper_center'}
2025-09-04 17:20:51,383 : INFO : EventManager : Event: ======'player_score'====== Args={'value': 2000, 'prev_value': 1000, 'change': 1000, 'player_num': 2, 'source': 'bumpers'}
2025-09-04 17:20:51,464 : INFO : SwitchController : <<<<<<< 's_bumper_left' inactive >>>>>>>
2025-09-04 17:20:51,547 : INFO : SwitchController : <<<<<<< 's_bumper_center' inactive >>>>>>>
2025-09-04 17:20:52,181 : INFO : SwitchController : <<<<<<< 's_bumper_left' active >>>>>>>
2025-09-04 17:20:52,182 : INFO : EventManager : Event: ======'s_bumper_left_active'====== Args={}
2025-09-04 17:20:52,182 : INFO : EventManager : Event: ======'sw_playfield_active'====== Args={}
2025-09-04 17:20:52,182 : INFO : EventManager : Event: ======'machine_var_audits_switches_s_bumper_left'====== Args={'value': 359, 'prev_value': 358, 'change': 1}
2025-09-04 17:20:52,182 : INFO : EventManager : Event: ======'machine_var_audits_shots_bumper_left'====== Args={'value': 344, 'prev_value': 343, 'change': 1}
2025-09-04 17:20:52,182 : INFO : EventManager : Event: ======'bumper_left_hit'====== Args={'profile': 'default', 'state': 'lit', 'advancing': False}
2025-09-04 17:20:52,182 : INFO : EventManager : Event: ======'bumper_left_default_hit'====== Args={'profile': 'default', 'state': 'lit', 'advancing': False}
2025-09-04 17:20:52,183 : INFO : EventManager : Event: ======'bumper_left_default_lit_hit'====== Args={'profile': 'default', 'state': 'lit', 'advancing': False}
2025-09-04 17:20:52,183 : INFO : EventManager : Event: ======'bumper_left_lit_hit'====== Args={'profile': 'default', 'state': 'lit', 'advancing': False}
2025-09-04 17:20:52,183 : INFO : EventManager : Event: ======'bumpers_hit'====== Args={'shot': 'bumper_left'}
2025-09-04 17:20:52,183 : INFO : EventManager : Event: ======'bumpers_lit_hit'====== Args={'shot': 'bumper_left'}
2025-09-04 17:20:52,183 : INFO : EventManager : Event: ======'player_score'====== Args={'value': 3000, 'prev_value': 2000, 'change': 1000, 'player_num': 2, 'source': 'bumpers'}
2025-09-04 17:20:52,232 : INFO : SwitchController : <<<<<<< 's_bumper_center' active >>>>>>>
2025-09-04 17:20:52,232 : INFO : EventManager : Event: ======'s_bumper_center_active'====== Args={}
2025-09-04 17:20:52,232 : INFO : EventManager : Event: ======'sw_playfield_active'====== Args={}
2025-09-04 17:20:52,232 : INFO : EventManager : Event: ======'machine_var_audits_switches_s_bumper_center'====== Args={'value': 369, 'prev_value': 368, 'change': 1}
2025-09-04 17:20:52,233 : INFO : EventManager : Event: ======'machine_var_audits_shots_bumper_center'====== Args={'value': 366, 'prev_value': 365, 'change': 1}
2025-09-04 17:20:52,233 : INFO : EventManager : Event: ======'bumper_center_hit'====== Args={'profile': 'default', 'state': 'lit', 'advancing': False}
2025-09-04 17:20:52,233 : INFO : EventManager : Event: ======'bumper_center_default_hit'====== Args={'profile': 'default', 'state': 'lit', 'advancing': False}
2025-09-04 17:20:52,233 : INFO : EventManager : Event: ======'bumper_center_default_lit_hit'====== Args={'profile': 'default', 'state': 'lit', 'advancing': False}
2025-09-04 17:20:52,233 : INFO : EventManager : Event: ======'bumper_center_lit_hit'====== Args={'profile': 'default', 'state': 'lit', 'advancing': False}
2025-09-04 17:20:52,233 : INFO : EventManager : Event: ======'bumpers_hit'====== Args={'shot': 'bumper_center'}
2025-09-04 17:20:52,233 : INFO : EventManager : Event: ======'bumpers_lit_hit'====== Args={'shot': 'bumper_center'}
2025-09-04 17:20:52,233 : INFO : EventManager : Event: ======'player_score'====== Args={'value': 4000, 'prev_value': 3000, 'change': 1000, 'player_num': 2, 'source': 'bumpers'}
2025-09-04 17:20:52,318 : INFO : SwitchController : <<<<<<< 's_bumper_left' inactive >>>>>>>
2025-09-04 17:20:52,335 : INFO : SwitchController : <<<<<<< 's_bumper_center' inactive >>>>>>>
2025-09-04 17:21:01,832 : INFO : Machine : Shutting down...
2025-09-04 17:21:01,833 : INFO : EventManager : Event: ======'shutdown'====== Args={}
2025-09-04 17:21:01,834 : INFO : EventManager : Event: ======'mode_game_will_stop'====== Args={}
2025-09-04 17:21:01,834 : INFO : EventManager : Event: ======'mode_game_stopping'====== Args={}
2025-09-04 17:21:01,834 : INFO : EventManager : Event: ======'mode_bumpers_will_stop'====== Args={}
2025-09-04 17:21:01,834 : INFO : EventManager : Event: ======'mode_bumpers_stopping'====== Args={}
2025-09-04 17:21:01,834 : INFO : EventManager : Event: ======'mode_base_will_stop'====== Args={}
2025-09-04 17:21:01,835 : INFO : EventManager : Event: ======'mode_base_stopping'====== Args={}
2025-09-04 17:21:01,835 : INFO : EventManager : Event: ======'stop_mode_bumpers'====== Args={'priority': 0}
2025-09-04 17:21:01,835 : INFO : Mode.base : Stopped.
2025-09-04 17:21:01,835 : INFO : EventManager : Event: ======'modes_active_modes_changed'====== Args={}
2025-09-04 17:21:01,835 : INFO : EventManager : Event: ======'mode_base_stopped'====== Args={}
2025-09-04 17:21:01,835 : INFO : EventManager : Event: ======'clear'====== Args={'key': 'base'}
2025-09-04 17:21:01,835 : INFO : Mode.bumpers : Stopped.
2025-09-04 17:21:01,835 : INFO : EventManager : Event: ======'modes_active_modes_changed'====== Args={}
2025-09-04 17:21:01,835 : INFO : EventManager : Event: ======'mode_bumpers_stopped'====== Args={}
2025-09-04 17:21:01,835 : INFO : EventManager : Event: ======'clear'====== Args={'key': 'bumpers'}
2025-09-04 17:21:01,836 : INFO : Mode.game : Stopped.
2025-09-04 17:21:01,836 : INFO : EventManager : Event: ======'modes_active_modes_changed'====== Args={}
2025-09-04 17:21:01,836 : INFO : EventManager : Event: ======'mode_game_stopped'====== Args={}
2025-09-04 17:21:01,836 : INFO : EventManager : Event: ======'clear'====== Args={'key': 'game'}
2025-09-04 17:21:01,838 : INFO : root : MPF run loop ended.
