2025-08-24 14:08:12,520 : INFO : root : Loading config.
2025-08-24 14:08:12,524 : INFO : YamlMultifileConfigLoader : Machine config file #1: config.yaml
2025-08-24 14:08:12,525 : INFO : ConfigProcessor : Loading config from cache: C:\Users\White\AppData\Local\Temp\cfa6ecba65704a931c9dd214c44986c8.mpf_cache
2025-08-24 14:08:12,635 : INFO : ConfigProcessor : Loading config from cache: C:\Users\White\AppData\Local\Temp\f98ffc0ff5962effface7d86bc406d5c.mpf_cache
2025-08-24 14:08:12,636 : INFO : ConfigProcessor : Loading config from cache: C:\Users\White\AppData\Local\Temp\91cc4d1c993c58dc354e34974b9cfeac.mpf_cache
2025-08-24 14:08:12,636 : INFO : ConfigProcessor : Loading config from cache: C:\Users\White\AppData\Local\Temp\f98ffc0ff5962effface7d86bc406d5c.mpf_cache
2025-08-24 14:08:12,637 : INFO : ConfigProcessor : Loading config from cache: C:\Users\White\AppData\Local\Temp\76792f1d686f89709887dba7bd69667a.mpf_cache
2025-08-24 14:08:12,637 : INFO : Machine : Mission Pinball Framework Core Engine v0.80.0.dev9
2025-08-24 14:08:12,639 : INFO : Machine : Command line arguments: {'no_load_cache': False, 'create_config_cache': True, 'bcp': True, 'configfile': ['config.yaml'], 'force_assets_load': False, 'platform_integration_test': False, 'jsonlogging': False, 'logfile': 'logs\\2025-08-24-14-08-12-mpf-TopGunPinball.log', 'pause': False, 'production': False, 'text_ui': False, 'loglevel': 15, 'consoleloglevel': 20, 'force_platform': 'virtual', 'syslog_address': None, 'full_logfile_path': 'C:\\Users\\White\\Documents\\Top_Gun_Pinball\\logs\\2025-08-24-14-08-12-mpf-TopGunPinball.log'}
2025-08-24 14:08:12,639 : INFO : Machine : MPF path: C:\Users\White\mpf\Lib\site-packages\mpf
2025-08-24 14:08:12,639 : INFO : Machine : Machine path: C:\Users\White\Documents\Top_Gun_Pinball
2025-08-24 14:08:12,639 : INFO : Machine : Platform: win32
2025-08-24 14:08:12,639 : INFO : Machine : Python executable location: C:\Users\White\mpf\Scripts\python.exe
2025-08-24 14:08:12,639 : INFO : Machine : Python version: 3.12.7 (64-bit)
2025-08-24 14:08:12,640 : INFO : Machine : Initializing MPF...
2025-08-24 14:08:12,736 : INFO : EventManager : Event: ======'machine_var_credits_string'====== Args={'value': 'FREE PLAY', 'prev_value': None, 'change': True}
2025-08-24 14:08:12,763 : INFO : EventManager : Event: ======'machine_var_master_volume'====== Args={'value': 0.5, 'prev_value': None, 'change': True}
2025-08-24 14:08:12,763 : INFO : EventManager : Event: ======'machine_var_mpf_version'====== Args={'value': 'Mission Pinball Framework v0.80.0.dev9', 'prev_value': None, 'change': True}
2025-08-24 14:08:12,763 : INFO : EventManager : Event: ======'machine_var_mpf_extended_version'====== Args={'value': 'Mission Pinball Framework v0.80.0.dev9, Config version:6, Show version: 6, BCP version:1.1', 'prev_value': None, 'change': True}
2025-08-24 14:08:12,763 : INFO : EventManager : Event: ======'machine_var_python_version'====== Args={'value': '3.12.7', 'prev_value': None, 'change': True}
2025-08-24 14:08:12,928 : INFO : EventManager : Event: ======'machine_var_platform'====== Args={'value': 'Windows-11-10.0.26100-SP0', 'prev_value': None, 'change': True}
2025-08-24 14:08:12,928 : INFO : EventManager : Event: ======'machine_var_platform_system'====== Args={'value': 'Windows', 'prev_value': None, 'change': True}
2025-08-24 14:08:12,928 : INFO : EventManager : Event: ======'machine_var_platform_release'====== Args={'value': '11', 'prev_value': None, 'change': True}
2025-08-24 14:08:12,928 : INFO : EventManager : Event: ======'machine_var_platform_version'====== Args={'value': '10.0.26100', 'prev_value': None, 'change': True}
2025-08-24 14:08:12,928 : INFO : EventManager : Event: ======'machine_var_platform_machine'====== Args={'value': 'AMD64', 'prev_value': None, 'change': True}
2025-08-24 14:08:12,928 : INFO : EventManager : Event: ======'machine_var_log_file_path'====== Args={'value': 'C:\\Users\\White\\Documents\\Top_Gun_Pinball\\logs\\2025-08-24-14-08-12-mpf-TopGunPinball.log', 'prev_value': None, 'change': True}
2025-08-24 14:08:12,928 : INFO : EventManager : Event: ======'init_phase_1'====== Args={}
2025-08-24 14:08:12,948 : INFO : EventManager : Event: ======'init_phase_2'====== Args={}
2025-08-24 14:08:12,949 : INFO : EventManager : Event: ======'bcp_connection_attempt'====== Args={'name': 'local_display', 'host': 'localhost', 'port': 5050}
2025-08-24 14:08:12,951 : INFO : BCPClientSocket : Connecting BCP to 'local_display' at localhost:5050...
2025-08-24 14:08:12,963 : INFO : BCPClientSocket : Connected BCP to 'local_display' localhost:5050
2025-08-24 14:08:12,963 : INFO : EventManager : Event: ======'bcp_clients_connected'====== Args={}
2025-08-24 14:08:12,963 : INFO : ball_device.bd_plunger : BCH: Initial count: 0
2025-08-24 14:08:12,964 : INFO : ball_device.bd_plunger : State: idle
2025-08-24 14:08:12,964 : INFO : ball_device.bd_trough : BCH: Initial count: 0
2025-08-24 14:08:12,964 : INFO : ball_device.bd_trough : State: idle
2025-08-24 14:08:12,973 : INFO : EventManager : Event: ======'init_phase_3'====== Args={}
2025-08-24 14:08:12,975 : INFO : EventManager : Event: ======'init_phase_4'====== Args={}
2025-08-24 14:08:12,976 : INFO : BallController : Initial balls found: 0
2025-08-24 14:08:12,976 : INFO : EventManager : Event: ======'machine_var_audits_switches_s_trough_3'====== Args={'value': 0, 'prev_value': None, 'change': True}
2025-08-24 14:08:12,977 : INFO : EventManager : Event: ======'machine_var_audits_switches_s_trough_5'====== Args={'value': 0, 'prev_value': None, 'change': True}
2025-08-24 14:08:12,977 : INFO : EventManager : Event: ======'machine_var_audits_switches_s_trough_2'====== Args={'value': 0, 'prev_value': None, 'change': True}
2025-08-24 14:08:12,977 : INFO : EventManager : Event: ======'machine_var_audits_switches_s_jam'====== Args={'value': 0, 'prev_value': None, 'change': True}
2025-08-24 14:08:12,977 : INFO : EventManager : Event: ======'machine_var_audits_switches_s_plunger_lane'====== Args={'value': 0, 'prev_value': None, 'change': True}
2025-08-24 14:08:12,977 : INFO : EventManager : Event: ======'machine_var_audits_switches_s_flipper_left'====== Args={'value': 0, 'prev_value': None, 'change': True}
2025-08-24 14:08:12,977 : INFO : EventManager : Event: ======'machine_var_audits_switches_s_flipper_right'====== Args={'value': 0, 'prev_value': None, 'change': True}
2025-08-24 14:08:12,977 : INFO : EventManager : Event: ======'machine_var_audits_switches_s_trough_6'====== Args={'value': 0, 'prev_value': None, 'change': True}
2025-08-24 14:08:12,977 : INFO : EventManager : Event: ======'machine_var_audits_switches_s_trough_4'====== Args={'value': 0, 'prev_value': None, 'change': True}
2025-08-24 14:08:12,977 : INFO : EventManager : Event: ======'machine_var_audits_switches_s_trough_1'====== Args={'value': 0, 'prev_value': None, 'change': True}
2025-08-24 14:08:12,977 : INFO : EventManager : Event: ======'machine_var_audits_events_game_started'====== Args={'value': 0, 'prev_value': None, 'change': True}
2025-08-24 14:08:12,977 : INFO : EventManager : Event: ======'machine_var_audits_events_game_ended'====== Args={'value': 0, 'prev_value': None, 'change': True}
2025-08-24 14:08:12,977 : INFO : EventManager : Event: ======'machine_var_audits_player_score'====== Args={'value': {'top': [], 'average': 0, 'total': 0}, 'prev_value': None, 'change': True}
2025-08-24 14:08:12,978 : INFO : EventManager : Event: ======'init_phase_5'====== Args={}
2025-08-24 14:08:12,978 : INFO : EventManager : Event: ======'init_done'====== Args={}
2025-08-24 14:08:12,978 : INFO : EventManager : Event: ======'machine_reset_phase_1'====== Args={}
2025-08-24 14:08:12,982 : INFO : EventManager : Event: ======'machine_reset_phase_2'====== Args={}
2025-08-24 14:08:12,982 : INFO : EventManager : Event: ======'machine_reset_phase_3'====== Args={}
2025-08-24 14:08:12,982 : INFO : EventManager : Event: ======'reset_complete'====== Args={}
2025-08-24 14:08:12,982 : INFO : EventManager : Event: ======'mode_attract_will_start'====== Args={}
2025-08-24 14:08:12,982 : INFO : Timer.attract_carousel_timer : Starting Timer.
2025-08-24 14:08:12,983 : INFO : EventManager : Event: ======'timer_attract_carousel_timer_started'====== Args={'ticks': 0, 'ticks_remaining': 1}
2025-08-24 14:08:12,983 : INFO : EventManager : Event: ======'timer_attract_carousel_timer_tick'====== Args={'ticks': 0, 'ticks_remaining': 1}
2025-08-24 14:08:12,983 : INFO : EventManager : Event: ======'mode_attract_starting'====== Args={}
2025-08-24 14:08:12,983 : INFO : Mode.attract : Started. Priority: 10
2025-08-24 14:08:12,983 : INFO : EventManager : Event: ======'modes_active_modes_changed'====== Args={}
2025-08-24 14:08:12,983 : INFO : EventManager : Event: ======'mode_attract_started'====== Args={}
2025-08-24 14:08:12,984 : INFO : EventManager : Event: ======'collecting_balls_complete'====== Args={}
2025-08-24 14:08:12,984 : INFO : EventManager : Event: ======'item_highlighted'====== Args={'carousel': 'attract', 'direction': None, 'item': 'title'}
2025-08-24 14:08:12,984 : INFO : EventManager : Event: ======'timer_attract_carousel_timer_tick'====== Args={'ticks': 0, 'ticks_remaining': 1}
2025-08-24 14:08:12,985 : INFO : Machine : Starting the main run loop with active modes: [<Mode.attract>]
2025-08-24 14:08:13,031 : INFO : EventManager : Event: ======'slide_attract_created'====== Args={'_from_bcp': True}
2025-08-24 14:08:13,031 : INFO : EventManager : Event: ======'slide__removed'====== Args={'_from_bcp': True}
2025-08-24 14:08:13,033 : INFO : EventManager : Event: ======'slide_attract_active'====== Args={'original_context': 'attract', 'original_calling_context': 'mode_attract_started', 'priority': 10.0, 'cmd': 'slides_play', '_from_bcp': True}
2025-08-24 14:08:17,986 : INFO : Timer.attract_carousel_timer : Timer Complete
2025-08-24 14:08:17,986 : INFO : Timer.attract_carousel_timer : Stopping Timer
2025-08-24 14:08:17,986 : INFO : EventManager : Event: ======'timer_attract_carousel_timer_stopped'====== Args={'ticks': 1, 'ticks_remaining': 1}
2025-08-24 14:08:17,986 : INFO : EventManager : Event: ======'timer_attract_carousel_timer_complete'====== Args={'ticks': 1, 'ticks_remaining': 1}
2025-08-24 14:08:17,986 : INFO : EventManager : Event: ======'item_highlighted'====== Args={'carousel': 'attract', 'direction': 'forwards', 'item': 'hotrod_pinball_logo'}
2025-08-24 14:08:17,987 : INFO : Timer.attract_carousel_timer : Starting Timer.
2025-08-24 14:08:17,987 : INFO : EventManager : Event: ======'timer_attract_carousel_timer_started'====== Args={'ticks': 0, 'ticks_remaining': 1}
2025-08-24 14:08:17,987 : INFO : EventManager : Event: ======'timer_attract_carousel_timer_tick'====== Args={'ticks': 0, 'ticks_remaining': 1}
2025-08-24 14:08:22,994 : INFO : Timer.attract_carousel_timer : Timer Complete
2025-08-24 14:08:22,994 : INFO : Timer.attract_carousel_timer : Stopping Timer
2025-08-24 14:08:22,994 : INFO : EventManager : Event: ======'timer_attract_carousel_timer_stopped'====== Args={'ticks': 1, 'ticks_remaining': 1}
2025-08-24 14:08:22,994 : INFO : EventManager : Event: ======'timer_attract_carousel_timer_complete'====== Args={'ticks': 1, 'ticks_remaining': 1}
2025-08-24 14:08:22,994 : INFO : EventManager : Event: ======'item_highlighted'====== Args={'carousel': 'attract', 'direction': 'forwards', 'item': 'mpf_logo'}
2025-08-24 14:08:22,995 : INFO : Timer.attract_carousel_timer : Starting Timer.
2025-08-24 14:08:22,995 : INFO : EventManager : Event: ======'timer_attract_carousel_timer_started'====== Args={'ticks': 0, 'ticks_remaining': 1}
2025-08-24 14:08:22,995 : INFO : EventManager : Event: ======'timer_attract_carousel_timer_tick'====== Args={'ticks': 0, 'ticks_remaining': 1}
2025-08-24 14:08:27,274 : INFO : Machine : Shutting down...
2025-08-24 14:08:27,275 : INFO : EventManager : Event: ======'shutdown'====== Args={}
2025-08-24 14:08:27,277 : INFO : root : MPF run loop ended.
