2026-01-28 15:47:30,831 : INFO : root : Loading config.
2026-01-28 15:47:30,835 : INFO : YamlMultifileConfigLoader : Machine config file #1: config.yaml
2026-01-28 15:47:30,836 : WARNING : ConfigProcessor : Config file in cache changed: C:\Users\White\documents\Top_Gun_Pinball\config\config.yaml
2026-01-28 15:47:30,836 : INFO : ConfigProcessor : Loading config from file C:\Users\White\mpf\Lib\site-packages\mpf\mpfconfig.yaml.
2026-01-28 15:47:30,861 : INFO : ConfigProcessor : Loading config: C:\Users\White\mpf\Lib\site-packages\mpf\mpfconfig.yaml
2026-01-28 15:47:30,861 : INFO : ConfigProcessor : Loading config from file C:\Users\White\documents\Top_Gun_Pinball\config\config.yaml.
2026-01-28 15:47:30,880 : INFO : ConfigProcessor : Loading config: C:\Users\White\documents\Top_Gun_Pinball\config\config.yaml
2026-01-28 15:47:30,891 : INFO : ConfigProcessor : Loading config: C:\Users\White\documents\Top_Gun_Pinball\config\config_autofire_coils.yaml
2026-01-28 15:47:30,905 : INFO : ConfigProcessor : Loading config: C:\Users\White\documents\Top_Gun_Pinball\config\config_ball_devices.yaml
2026-01-28 15:47:30,919 : INFO : ConfigProcessor : Loading config: C:\Users\White\documents\Top_Gun_Pinball\config\config_ball_saves.yaml
2026-01-28 15:47:30,939 : INFO : ConfigProcessor : Loading config: C:\Users\White\documents\Top_Gun_Pinball\config\config_coils.yaml
2026-01-28 15:47:30,951 : INFO : ConfigProcessor : Loading config: C:\Users\White\documents\Top_Gun_Pinball\config\config_flippers.yaml
2026-01-28 15:47:30,966 : INFO : ConfigProcessor : Loading config: C:\Users\White\documents\Top_Gun_Pinball\config\config_hardware_fast.yaml
2026-01-28 15:47:30,989 : INFO : ConfigProcessor : Loading config: C:\Users\White\documents\Top_Gun_Pinball\config\config_lights.yaml
2026-01-28 15:47:31,009 : INFO : ConfigProcessor : Loading config: C:\Users\White\documents\Top_Gun_Pinball\config\config_switches.yaml
2026-01-28 15:47:31,024 : INFO : ConfigProcessor : Loading config: C:\Users\White\documents\Top_Gun_Pinball\config\config_servos.yaml
2026-01-28 15:47:31,039 : INFO : ConfigProcessor : Loading config: C:\Users\White\documents\Top_Gun_Pinball\config\variable_player.yaml
2026-01-28 15:47:31,052 : INFO : ConfigProcessor : Loading config: C:\Users\White\documents\Top_Gun_Pinball\config\config_videos.yaml
2026-01-28 15:47:31,056 : INFO : ConfigProcessor : Config file cache created: C:\Users\White\AppData\Local\Temp\4d2409115979d2066280cf8a522910f3.mpf_cache
2026-01-28 15:47:31,163 : INFO : ConfigProcessor : Loading config from cache: C:\Users\White\AppData\Local\Temp\e29f700f4dd412c341ced84fe54a834e.mpf_cache
2026-01-28 15:47:31,164 : INFO : ConfigProcessor : Loading config from cache: C:\Users\White\AppData\Local\Temp\91cc4d1c993c58dc354e34974b9cfeac.mpf_cache
2026-01-28 15:47:31,164 : INFO : ConfigProcessor : Loading config from cache: C:\Users\White\AppData\Local\Temp\153a6f35d2fbc89e8611fc222f5041e6.mpf_cache
2026-01-28 15:47:31,166 : INFO : ConfigProcessor : Loading config from cache: C:\Users\White\AppData\Local\Temp\e29f700f4dd412c341ced84fe54a834e.mpf_cache
2026-01-28 15:47:31,167 : INFO : ConfigProcessor : Loading config from cache: C:\Users\White\AppData\Local\Temp\b0feace6a9c6b6c25c02c30a577d1194.mpf_cache
2026-01-28 15:47:31,167 : INFO : ConfigProcessor : Loading config from cache: C:\Users\White\AppData\Local\Temp\3424101e418333c494b4f7abb38a6bbc.mpf_cache
2026-01-28 15:47:31,168 : INFO : ConfigProcessor : Loading config from cache: C:\Users\White\AppData\Local\Temp\2baac919e756d495657c096c87a61da2.mpf_cache
2026-01-28 15:47:31,169 : INFO : ConfigProcessor : Loading config from cache: C:\Users\White\AppData\Local\Temp\515c33aaf7882d3e576ea3c42b7bfe2a.mpf_cache
2026-01-28 15:47:31,170 : INFO : ConfigProcessor : Loading config from cache: C:\Users\White\AppData\Local\Temp\928267ba5ce09cfb7bef110abe29482e.mpf_cache
2026-01-28 15:47:31,171 : INFO : ConfigProcessor : Loading config from cache: C:\Users\White\AppData\Local\Temp\b2096f7ffb8bb2d604dd11c84ba2f3a4.mpf_cache
2026-01-28 15:47:31,171 : INFO : ConfigProcessor : Loading config from cache: C:\Users\White\AppData\Local\Temp\143f2aa6ea6c447c37835b1fcf1e2392.mpf_cache
2026-01-28 15:47:31,173 : INFO : ConfigProcessor : Loading config from cache: C:\Users\White\AppData\Local\Temp\32a647433343f2a8dbd97369798bc91c.mpf_cache
2026-01-28 15:47:31,173 : INFO : ConfigProcessor : Loading config from cache: C:\Users\White\AppData\Local\Temp\fcd858616785c392a2718eef83d6bdec.mpf_cache
2026-01-28 15:47:31,174 : INFO : ConfigProcessor : Loading config from cache: C:\Users\White\AppData\Local\Temp\bc528c0552a0292e8ecb958c9df9be52.mpf_cache
2026-01-28 15:47:31,175 : INFO : ConfigProcessor : Loading config from cache: C:\Users\White\AppData\Local\Temp\079d5d4f78adbdc9511df3472695879d.mpf_cache
2026-01-28 15:47:31,177 : INFO : ConfigProcessor : Loading config from cache: C:\Users\White\AppData\Local\Temp\3d7624af3136b167d055570c605d2391.mpf_cache
2026-01-28 15:47:31,177 : INFO : ConfigProcessor : Loading config from cache: C:\Users\White\AppData\Local\Temp\cbf9c95ed33e797787d40a3c26fb1f29.mpf_cache
2026-01-28 15:47:31,178 : INFO : ConfigProcessor : Loading config from cache: C:\Users\White\AppData\Local\Temp\f667062b799e579e56923b75f6b4a8d1.mpf_cache
2026-01-28 15:47:31,179 : INFO : ConfigProcessor : Loading config from cache: C:\Users\White\AppData\Local\Temp\0f477732e86fa3539be0c16808cbc3a4.mpf_cache
2026-01-28 15:47:31,181 : INFO : ConfigProcessor : Loading config from cache: C:\Users\White\AppData\Local\Temp\5252be9889d0ea92e9251ccb139bb96e.mpf_cache
2026-01-28 15:47:31,184 : INFO : ConfigProcessor : Loading config from cache: C:\Users\White\AppData\Local\Temp\bbd12103fd66360c81da95fa3b5d5cac.mpf_cache
2026-01-28 15:47:31,186 : INFO : ConfigProcessor : Loading config from cache: C:\Users\White\AppData\Local\Temp\aecbb0084a39aaddc8e1af6d86d05e57.mpf_cache
2026-01-28 15:47:31,188 : INFO : ConfigProcessor : Loading config from cache: C:\Users\White\AppData\Local\Temp\a64c515fc9f6d1ba4d043d8acedc61d8.mpf_cache
2026-01-28 15:47:31,189 : INFO : ConfigProcessor : Loading config from cache: C:\Users\White\AppData\Local\Temp\157e473ad106aaf7621d4ff67f908349.mpf_cache
2026-01-28 15:47:31,192 : INFO : ConfigProcessor : Loading config from cache: C:\Users\White\AppData\Local\Temp\b42daedb456e388e83b54e0791e694a7.mpf_cache
2026-01-28 15:47:31,193 : INFO : ConfigProcessor : Loading config from cache: C:\Users\White\AppData\Local\Temp\faf1d2b55b8b754be547ffd9950d5977.mpf_cache
2026-01-28 15:47:31,194 : INFO : ConfigProcessor : Loading config from cache: C:\Users\White\AppData\Local\Temp\881befc175503515b6a677d4b92fd8f6.mpf_cache
2026-01-28 15:47:31,197 : INFO : ConfigProcessor : Loading config from cache: C:\Users\White\AppData\Local\Temp\e02fdb456b236b981c3cd16c62d08cdd.mpf_cache
2026-01-28 15:47:31,200 : INFO : ConfigProcessor : Loading config from cache: C:\Users\White\AppData\Local\Temp\60f49b772835308c8a63a813f3984bd2.mpf_cache
2026-01-28 15:47:31,202 : INFO : ConfigProcessor : Loading config from cache: C:\Users\White\AppData\Local\Temp\b44eabe64ef7d1af51d3871ffce6e8a0.mpf_cache
2026-01-28 15:47:31,203 : INFO : ConfigProcessor : Loading config from cache: C:\Users\White\AppData\Local\Temp\c53f4b0025ffe033d8b4913dcf5d894f.mpf_cache
2026-01-28 15:47:31,204 : INFO : ConfigProcessor : Loading config from cache: C:\Users\White\AppData\Local\Temp\859a13897bab67859dc37e71c8deb7f3.mpf_cache
2026-01-28 15:47:31,205 : INFO : ConfigProcessor : Loading config from cache: C:\Users\White\AppData\Local\Temp\1df928f99f2fd0a162eaba4dfecade40.mpf_cache
2026-01-28 15:47:31,205 : INFO : ConfigProcessor : Loading config from cache: C:\Users\White\AppData\Local\Temp\79c411a388f93dc9361da8ba68c71f8b.mpf_cache
2026-01-28 15:47:31,206 : INFO : ConfigProcessor : Loading config from cache: C:\Users\White\AppData\Local\Temp\a2e6743439269288443fc316af74c4e3.mpf_cache
2026-01-28 15:47:31,209 : INFO : ConfigProcessor : Loading config from cache: C:\Users\White\AppData\Local\Temp\806e2c11867b05313045539710e5cf3e.mpf_cache
2026-01-28 15:47:31,210 : INFO : ConfigProcessor : Loading config from cache: C:\Users\White\AppData\Local\Temp\d4cc51f9996852dab0efd4baeb323b9c.mpf_cache
2026-01-28 15:47:31,210 : INFO : Machine : Mission Pinball Framework Core Engine v0.80.0.dev11
2026-01-28 15:47:31,210 : INFO : Machine : Command line arguments: {'no_load_cache': False, 'create_config_cache': True, 'bcp': True, 'configfile': ['config.yaml'], 'force_assets_load': False, 'platform_integration_test': False, 'jsonlogging': False, 'logfile': 'logs\\2026-01-28-15-47-30-mpf-TopGunPinball.log', 'pause': False, 'production': False, 'text_ui': False, 'loglevel': 15, 'consoleloglevel': 20, 'force_platform': None, 'syslog_address': None, 'full_logfile_path': 'C:\\Users\\White\\documents\\Top_Gun_Pinball\\logs\\2026-01-28-15-47-30-mpf-TopGunPinball.log'}
2026-01-28 15:47:31,210 : INFO : Machine : MPF path: C:\Users\White\mpf\Lib\site-packages\mpf
2026-01-28 15:47:31,210 : INFO : Machine : Machine path: C:\Users\White\documents\Top_Gun_Pinball
2026-01-28 15:47:31,210 : INFO : Machine : Platform: win32
2026-01-28 15:47:31,211 : INFO : Machine : Python executable location: C:\Users\White\mpf\Scripts\python.exe
2026-01-28 15:47:31,211 : INFO : Machine : Python version: 3.12.7 (64-bit)
2026-01-28 15:47:31,213 : INFO : Machine : Initializing MPF...
2026-01-28 15:47:31,325 : INFO : FAST : Auto-detecting ports for the following connections: ['net', 'exp', 'aud']
2026-01-28 15:47:31,848 : INFO : FAST : Detected AUD on port COM7
2026-01-28 15:47:31,848 : INFO : FAST : Detected NET on port COM3
2026-01-28 15:47:31,855 : INFO : FAST : Detected EXP on port COM4
2026-01-28 15:47:31,971 : INFO : FAST [NET] : Trying to connect to COM3 at 921600bps
2026-01-28 15:47:32,049 : INFO : FAST [NET] : Connected to COM3 at 921600bps
2026-01-28 15:47:32,065 : INFO : FAST [NET] : Connected to FP-CPU-2000 with firmware v02.26
2026-01-28 15:47:32,097 : INFO : FAST [NET] : Registered I/O Board 0: Model: FP-I/O-0024, Firmware: 01.10, Switches: 24, Drivers: 8
2026-01-28 15:47:32,112 : INFO : FAST [NET] : Registered I/O Board 1: Model: FP-I/O-3208, Firmware: 01.10, Switches: 32, Drivers: 8
2026-01-28 15:47:32,128 : INFO : FAST [NET] : Registered I/O Board 2: Model: FP-I/O-3208, Firmware: 01.10, Switches: 32, Drivers: 8
2026-01-28 15:47:32,143 : INFO : FAST [NET] : Registered I/O Board 3: Model: FP-I/O-0804, Firmware: 01.10, Switches: 8, Drivers: 4
2026-01-28 15:47:32,159 : INFO : FAST [NET] : Registered I/O Board 4: Model: FP-I/O-0804, Firmware: 01.10, Switches: 8, Drivers: 4
2026-01-28 15:47:32,161 : INFO : FAST [EXP] : Trying to connect to COM4 at 921600bps
2026-01-28 15:47:32,239 : INFO : FAST [EXP] : Connected to COM4 at 921600bps
2026-01-28 15:47:32,252 : INFO : FAST [EXP] : Verifying hardware for EXP "neuron" (FP-EXP-2000, @48) with ID string "EXP FP-EXP-2000  0.38", board address 48
2026-01-28 15:47:32,269 : INFO : FAST [EXP] : Verifying hardware for EXP "neuron" (FP-EXP-2000, @48) with ID string "LED FP-BRK-0001  0.8", board address 480
2026-01-28 15:47:32,300 : INFO : FAST [EXP] : Verifying hardware for EXP "light_expansion_board" (FP-EXP-0071, @B4) with ID string "EXP FP-EXP-0071  0.38", board address B4
2026-01-28 15:47:32,315 : INFO : FAST [EXP] : Verifying hardware for EXP "light_expansion_board" (FP-EXP-0071, @B4) with ID string "BRK FP-EXP-0071  0.38", board address B40
2026-01-28 15:47:32,332 : INFO : FAST [AUD] : Trying to connect to COM7 at 230400bps
2026-01-28 15:47:32,447 : INFO : FAST [AUD] : Connected to COM7 at 230400bps
2026-01-28 15:47:32,448 : WARNING : FAST [AUD] : Received XX response:F
2026-01-28 15:47:32,449 : WARNING : FAST [AUD] : Received XX response:F
2026-01-28 15:47:32,449 : WARNING : FAST [AUD] : Received XX response:F
2026-01-28 15:47:32,449 : WARNING : FAST [AUD] : Received XX response:F
2026-01-28 15:47:32,449 : INFO : FAST [AUD] : Connected to FP-AUD-0099 with firmware v0.10
2026-01-28 15:47:32,450 : INFO : EventManager : Event: ======'machine_var_credits_string'====== Args={'value': 'FREE PLAY', 'prev_value': None, 'change': True}
2026-01-28 15:47:32,496 : INFO : EventManager : Event: ======'machine_var_audit_balls_played'====== Args={'value': 0, 'prev_value': None, 'change': True}
2026-01-28 15:47:32,496 : INFO : EventManager : Event: ======'machine_var_audit_games_played'====== Args={'value': 0, 'prev_value': None, 'change': True}
2026-01-28 15:47:32,496 : INFO : EventManager : Event: ======'machine_var_audit_high_score'====== Args={'value': 0, 'prev_value': None, 'change': True}
2026-01-28 15:47:32,496 : INFO : EventManager : Event: ======'machine_var_audit_total_game_time'====== Args={'value': 0, 'prev_value': None, 'change': True}
2026-01-28 15:47:32,496 : INFO : EventManager : Event: ======'machine_var_audit_total_plays'====== Args={'value': 0, 'prev_value': None, 'change': True}
2026-01-28 15:47:32,496 : INFO : EventManager : Event: ======'machine_var_fast_audio_headphones_volume'====== Args={'value': 50, 'prev_value': None, 'change': True}
2026-01-28 15:47:32,496 : INFO : EventManager : Event: ======'machine_var_fast_audio_main_volume'====== Args={'value': 30, 'prev_value': None, 'change': True}
2026-01-28 15:47:32,496 : INFO : EventManager : Event: ======'machine_var_master_volume'====== Args={'value': 0.5, 'prev_value': None, 'change': True}
2026-01-28 15:47:32,497 : INFO : EventManager : Event: ======'machine_var_player1_score'====== Args={'value': 488100, 'prev_value': None, 'change': True}
2026-01-28 15:47:32,497 : INFO : EventManager : Event: ======'machine_var_service_menu_level'====== Args={'value': 0, 'prev_value': None, 'change': True}
2026-01-28 15:47:32,497 : INFO : EventManager : Event: ======'machine_var_service_main_index'====== Args={'value': 0, 'prev_value': None, 'change': True}
2026-01-28 15:47:32,497 : INFO : EventManager : Event: ======'machine_var_service_switch_index'====== Args={'value': 0, 'prev_value': None, 'change': True}
2026-01-28 15:47:32,497 : INFO : EventManager : Event: ======'machine_var_service_coil_index'====== Args={'value': 0, 'prev_value': None, 'change': True}
2026-01-28 15:47:32,497 : INFO : EventManager : Event: ======'machine_var_service_light_index'====== Args={'value': 0, 'prev_value': None, 'change': True}
2026-01-28 15:47:32,497 : INFO : EventManager : Event: ======'machine_var_service_light_color_index'====== Args={'value': 0, 'prev_value': None, 'change': True}
2026-01-28 15:47:32,497 : INFO : EventManager : Event: ======'machine_var_service_adjustment_index'====== Args={'value': 0, 'prev_value': None, 'change': True}
2026-01-28 15:47:32,497 : INFO : EventManager : Event: ======'machine_var_service_audit_index'====== Args={'value': 0, 'prev_value': None, 'change': True}
2026-01-28 15:47:32,497 : INFO : EventManager : Event: ======'machine_var_service_feature_index'====== Args={'value': 0, 'prev_value': None, 'change': True}
2026-01-28 15:47:32,497 : INFO : EventManager : Event: ======'machine_var_service_main_text'====== Args={'value': 'SWITCH TEST', 'prev_value': None, 'change': True}
2026-01-28 15:47:32,497 : INFO : EventManager : Event: ======'machine_var_service_switch_name'====== Args={'value': 'Start Button', 'prev_value': None, 'change': True}
2026-01-28 15:47:32,497 : INFO : EventManager : Event: ======'machine_var_service_switch_num'====== Args={'value': 'Switch 1/63', 'prev_value': None, 'change': True}
2026-01-28 15:47:32,498 : INFO : EventManager : Event: ======'machine_var_service_switch_state'====== Args={'value': 'OPEN', 'prev_value': None, 'change': True}
2026-01-28 15:47:32,498 : INFO : EventManager : Event: ======'machine_var_service_coil_name'====== Args={'value': 'Left Flipper', 'prev_value': None, 'change': True}
2026-01-28 15:47:32,498 : INFO : EventManager : Event: ======'machine_var_service_coil_num'====== Args={'value': 'Coil 1/22', 'prev_value': None, 'change': True}
2026-01-28 15:47:32,498 : INFO : EventManager : Event: ======'machine_var_service_light_name'====== Args={'value': 'Eject Insert', 'prev_value': None, 'change': True}
2026-01-28 15:47:32,498 : INFO : EventManager : Event: ======'machine_var_service_light_num'====== Args={'value': 'Light 1/91', 'prev_value': None, 'change': True}
2026-01-28 15:47:32,498 : INFO : EventManager : Event: ======'machine_var_service_servo_index'====== Args={'value': 0, 'prev_value': None, 'change': True}
2026-01-28 15:47:32,498 : INFO : EventManager : Event: ======'machine_var_service_servo_name'====== Args={'value': 'Right Ramp', 'prev_value': None, 'change': True}
2026-01-28 15:47:32,498 : INFO : EventManager : Event: ======'machine_var_service_servo_num'====== Args={'value': 'Servo 1/6', 'prev_value': None, 'change': True}
2026-01-28 15:47:32,498 : INFO : EventManager : Event: ======'machine_var_service_servo_position'====== Args={'value': 'Pos: 0.05', 'prev_value': None, 'change': True}
2026-01-28 15:47:32,498 : INFO : EventManager : Event: ======'machine_var_service_adjustment_name'====== Args={'value': 'Balls Per Game', 'prev_value': None, 'change': True}
2026-01-28 15:47:32,498 : INFO : EventManager : Event: ======'machine_var_service_adjustment_num'====== Args={'value': 'Setting 1/15', 'prev_value': None, 'change': True}
2026-01-28 15:47:32,498 : INFO : EventManager : Event: ======'machine_var_service_audit_name'====== Args={'value': 'Games Played', 'prev_value': None, 'change': True}
2026-01-28 15:47:32,498 : INFO : EventManager : Event: ======'machine_var_service_audit_num'====== Args={'value': 'Audit 1/10', 'prev_value': None, 'change': True}
2026-01-28 15:47:32,498 : INFO : EventManager : Event: ======'machine_var_service_feature_name'====== Args={'value': 'Pilot Mode Timer', 'prev_value': None, 'change': True}
2026-01-28 15:47:32,499 : INFO : EventManager : Event: ======'machine_var_service_feature_num'====== Args={'value': 'Feature 1/10', 'prev_value': None, 'change': True}
2026-01-28 15:47:32,499 : INFO : EventManager : Event: ======'machine_var_mpf_version'====== Args={'value': 'Mission Pinball Framework v0.80.0.dev11', 'prev_value': None, 'change': True}
2026-01-28 15:47:32,499 : INFO : EventManager : Event: ======'machine_var_mpf_extended_version'====== Args={'value': 'Mission Pinball Framework v0.80.0.dev11, Config version:6, Show version: 6, BCP version:1.1', 'prev_value': None, 'change': True}
2026-01-28 15:47:32,499 : INFO : EventManager : Event: ======'machine_var_python_version'====== Args={'value': '3.12.7', 'prev_value': None, 'change': True}
2026-01-28 15:47:32,645 : INFO : EventManager : Event: ======'machine_var_platform'====== Args={'value': 'Windows-11-10.0.26100-SP0', 'prev_value': None, 'change': True}
2026-01-28 15:47:32,645 : INFO : EventManager : Event: ======'machine_var_platform_system'====== Args={'value': 'Windows', 'prev_value': None, 'change': True}
2026-01-28 15:47:32,646 : INFO : EventManager : Event: ======'machine_var_platform_release'====== Args={'value': '11', 'prev_value': None, 'change': True}
2026-01-28 15:47:32,646 : INFO : EventManager : Event: ======'machine_var_platform_version'====== Args={'value': '10.0.26100', 'prev_value': None, 'change': True}
2026-01-28 15:47:32,646 : INFO : EventManager : Event: ======'machine_var_platform_machine'====== Args={'value': 'AMD64', 'prev_value': None, 'change': True}
2026-01-28 15:47:32,646 : INFO : EventManager : Event: ======'machine_var_log_file_path'====== Args={'value': 'C:\\Users\\White\\documents\\Top_Gun_Pinball\\logs\\2026-01-28-15-47-30-mpf-TopGunPinball.log', 'prev_value': None, 'change': True}
2026-01-28 15:47:32,646 : INFO : EventManager : Event: ======'init_phase_1'====== Args={}
2026-01-28 15:47:35,114 : INFO : SwitchController : <<<<<<< 's_48v_disable' active >>>>>>>
2026-01-28 15:47:35,114 : INFO : SwitchController : <<<<<<< 's_trough_1' active >>>>>>>
2026-01-28 15:47:35,114 : INFO : SwitchController : <<<<<<< 's_trough_2' active >>>>>>>
2026-01-28 15:47:35,114 : INFO : SwitchController : <<<<<<< 's_trough_5' active >>>>>>>
2026-01-28 15:47:35,114 : INFO : SwitchController : <<<<<<< 's_trough_6' active >>>>>>>
2026-01-28 15:47:35,114 : INFO : SwitchController : <<<<<<< 's_jam' active >>>>>>>
2026-01-28 15:47:35,114 : INFO : SwitchController : <<<<<<< 's_ramp_inner_exit' active >>>>>>>
2026-01-28 15:47:35,149 : INFO : EventManager : Event: ======'init_phase_2'====== Args={}
2026-01-28 15:47:35,150 : INFO : SwitchController : Found active switch: (0, [FAST Platform Interface]) <switch.s_48v_disable>
2026-01-28 15:47:35,150 : INFO : SwitchController : Found active switch: (24, [FAST Platform Interface]) <switch.s_trough_1>
2026-01-28 15:47:35,150 : INFO : SwitchController : Found active switch: (25, [FAST Platform Interface]) <switch.s_trough_2>
2026-01-28 15:47:35,150 : INFO : SwitchController : Found active switch: (28, [FAST Platform Interface]) <switch.s_trough_5>
2026-01-28 15:47:35,150 : INFO : SwitchController : Found active switch: (29, [FAST Platform Interface]) <switch.s_trough_6>
2026-01-28 15:47:35,150 : INFO : SwitchController : Found active switch: (30, [FAST Platform Interface]) <switch.s_jam>
2026-01-28 15:47:35,150 : INFO : SwitchController : Found active switch: (78, [FAST Platform Interface]) <switch.s_ramp_inner_exit>
2026-01-28 15:47:35,234 : INFO : EventManager : Event: ======'bcp_connection_attempt'====== Args={'name': 'local_display', 'host': 'localhost', 'port': 5050}
2026-01-28 15:47:35,235 : INFO : BCPClientSocket : Connecting BCP to 'local_display' at localhost:5050...
2026-01-28 15:47:35,245 : INFO : BCPClientSocket : Connected BCP to 'local_display' localhost:5050
2026-01-28 15:47:35,246 : INFO : EventManager : Event: ======'bcp_clients_connected'====== Args={}
2026-01-28 15:47:35,248 : INFO : ball_device.bd_plunger : BCH: Initial count: 0
2026-01-28 15:47:35,248 : INFO : ball_device.bd_plunger : State: idle
2026-01-28 15:47:35,425 : INFO : ball_device.bd_trough : BCH: Initial count: 5
2026-01-28 15:47:35,426 : INFO : ball_device.bd_trough : State: idle
2026-01-28 15:47:35,426 : INFO : ball_device.bd_lock_elevator : BCH: Initial count: 0
2026-01-28 15:47:35,427 : INFO : ball_device.bd_lock_elevator : State: idle
2026-01-28 15:47:35,427 : INFO : ball_device.bd_mode_scoop : BCH: Initial count: 0
2026-01-28 15:47:35,428 : INFO : ball_device.bd_mode_scoop : State: idle
2026-01-28 15:47:35,442 : INFO : EventManager : Event: ======'init_phase_3'====== Args={}
2026-01-28 15:47:36,778 : INFO : EventManager : Event: ======'init_phase_4'====== Args={}
2026-01-28 15:47:36,779 : INFO : BallController : Initial balls found: 5
2026-01-28 15:47:36,781 : INFO : EventManager : Event: ======'machine_var_audits_events_game_ended'====== Args={'value': 20, 'prev_value': None, 'change': True}
2026-01-28 15:47:36,781 : INFO : EventManager : Event: ======'machine_var_audits_events_game_started'====== Args={'value': 827, 'prev_value': None, 'change': True}
2026-01-28 15:47:36,781 : INFO : EventManager : Event: ======'machine_var_audits_missing_switches_s_48v_disable'====== Args={'value': 6, 'prev_value': None, 'change': True}
2026-01-28 15:47:36,781 : INFO : EventManager : Event: ======'machine_var_audits_missing_switches_s_a_iceman_target'====== Args={'value': 2, 'prev_value': None, 'change': True}
2026-01-28 15:47:36,781 : INFO : EventManager : Event: ======'machine_var_audits_missing_switches_s_barrier_target'====== Args={'value': 3, 'prev_value': None, 'change': True}
2026-01-28 15:47:36,781 : INFO : EventManager : Event: ======'machine_var_audits_missing_switches_s_bumper_center'====== Args={'value': 2, 'prev_value': None, 'change': True}
2026-01-28 15:47:36,781 : INFO : EventManager : Event: ======'machine_var_audits_missing_switches_s_bumper_left'====== Args={'value': 8, 'prev_value': None, 'change': True}
2026-01-28 15:47:36,782 : INFO : EventManager : Event: ======'machine_var_audits_missing_switches_s_bumper_right'====== Args={'value': 2, 'prev_value': None, 'change': True}
2026-01-28 15:47:36,782 : INFO : EventManager : Event: ======'machine_var_audits_missing_switches_s_c_iceman_target'====== Args={'value': 3, 'prev_value': None, 'change': True}
2026-01-28 15:47:36,782 : INFO : EventManager : Event: ======'machine_var_audits_missing_switches_s_c_lock_target'====== Args={'value': 2, 'prev_value': None, 'change': True}
2026-01-28 15:47:36,782 : INFO : EventManager : Event: ======'machine_var_audits_missing_switches_s_coin_door'====== Args={'value': 1, 'prev_value': None, 'change': True}
2026-01-28 15:47:36,782 : INFO : EventManager : Event: ======'machine_var_audits_missing_switches_s_coin_door_credit_left'====== Args={'value': 621, 'prev_value': None, 'change': True}
2026-01-28 15:47:36,782 : INFO : EventManager : Event: ======'machine_var_audits_missing_switches_s_coin_door_credit_right'====== Args={'value': 13, 'prev_value': None, 'change': True}
2026-01-28 15:47:36,782 : INFO : EventManager : Event: ======'machine_var_audits_missing_switches_s_coin_door_service_1'====== Args={'value': 5, 'prev_value': None, 'change': True}
2026-01-28 15:47:36,782 : INFO : EventManager : Event: ======'machine_var_audits_missing_switches_s_coin_door_service_2'====== Args={'value': 5, 'prev_value': None, 'change': True}
2026-01-28 15:47:36,782 : INFO : EventManager : Event: ======'machine_var_audits_missing_switches_s_coin_door_service_3'====== Args={'value': 5, 'prev_value': None, 'change': True}
2026-01-28 15:47:36,782 : INFO : EventManager : Event: ======'machine_var_audits_missing_switches_s_coin_door_service_4'====== Args={'value': 5, 'prev_value': None, 'change': True}
2026-01-28 15:47:36,782 : INFO : EventManager : Event: ======'machine_var_audits_missing_switches_s_e_iceman_target'====== Args={'value': 2, 'prev_value': None, 'change': True}
2026-01-28 15:47:36,782 : INFO : EventManager : Event: ======'machine_var_audits_missing_switches_s_i_iceman_target'====== Args={'value': 2, 'prev_value': None, 'change': True}
2026-01-28 15:47:36,782 : INFO : EventManager : Event: ======'machine_var_audits_missing_switches_s_inlane_left'====== Args={'value': 4, 'prev_value': None, 'change': True}
2026-01-28 15:47:36,782 : INFO : EventManager : Event: ======'machine_var_audits_missing_switches_s_inner_inlane_right'====== Args={'value': 2, 'prev_value': None, 'change': True}
2026-01-28 15:47:36,782 : INFO : EventManager : Event: ======'machine_var_audits_missing_switches_s_k_lock_target'====== Args={'value': 2, 'prev_value': None, 'change': True}
2026-01-28 15:47:36,782 : INFO : EventManager : Event: ======'machine_var_audits_missing_switches_s_l_lock_target'====== Args={'value': 2, 'prev_value': None, 'change': True}
2026-01-28 15:47:36,782 : INFO : EventManager : Event: ======'machine_var_audits_missing_switches_s_lock_goose'====== Args={'value': 776, 'prev_value': None, 'change': True}
2026-01-28 15:47:36,782 : INFO : EventManager : Event: ======'machine_var_audits_missing_switches_s_lock_mav'====== Args={'value': 776, 'prev_value': None, 'change': True}
2026-01-28 15:47:36,782 : INFO : EventManager : Event: ======'machine_var_audits_missing_switches_s_lock_plunger'====== Args={'value': 610, 'prev_value': None, 'change': True}
2026-01-28 15:47:36,783 : INFO : EventManager : Event: ======'machine_var_audits_missing_switches_s_m_iceman_target'====== Args={'value': 2, 'prev_value': None, 'change': True}
2026-01-28 15:47:36,783 : INFO : EventManager : Event: ======'machine_var_audits_missing_switches_s_mig_lane_left'====== Args={'value': 2, 'prev_value': None, 'change': True}
2026-01-28 15:47:36,783 : INFO : EventManager : Event: ======'machine_var_audits_missing_switches_s_mig_lane_right'====== Args={'value': 2, 'prev_value': None, 'change': True}
2026-01-28 15:47:36,783 : INFO : EventManager : Event: ======'machine_var_audits_missing_switches_s_n_iceman_target'====== Args={'value': 2, 'prev_value': None, 'change': True}
2026-01-28 15:47:36,783 : INFO : EventManager : Event: ======'machine_var_audits_missing_switches_s_o_lock_target'====== Args={'value': 2, 'prev_value': None, 'change': True}
2026-01-28 15:47:36,783 : INFO : EventManager : Event: ======'machine_var_audits_missing_switches_s_orbit_lower'====== Args={'value': 30, 'prev_value': None, 'change': True}
2026-01-28 15:47:36,783 : INFO : EventManager : Event: ======'machine_var_audits_missing_switches_s_orbit_upper'====== Args={'value': 2, 'prev_value': None, 'change': True}
2026-01-28 15:47:36,783 : INFO : EventManager : Event: ======'machine_var_audits_missing_switches_s_outer_inlane_right'====== Args={'value': 2, 'prev_value': None, 'change': True}
2026-01-28 15:47:36,783 : INFO : EventManager : Event: ======'machine_var_audits_missing_switches_s_outlane_left'====== Args={'value': 2, 'prev_value': None, 'change': True}
2026-01-28 15:47:36,783 : INFO : EventManager : Event: ======'machine_var_audits_missing_switches_s_outlane_right'====== Args={'value': 2, 'prev_value': None, 'change': True}
2026-01-28 15:47:36,783 : INFO : EventManager : Event: ======'machine_var_audits_missing_switches_s_plunger_lane'====== Args={'value': 10, 'prev_value': None, 'change': True}
2026-01-28 15:47:36,783 : INFO : EventManager : Event: ======'machine_var_audits_missing_switches_s_ramp_inner_exit'====== Args={'value': 2, 'prev_value': None, 'change': True}
2026-01-28 15:47:36,783 : INFO : EventManager : Event: ======'machine_var_audits_missing_switches_s_ramp_right_exit'====== Args={'value': 1, 'prev_value': None, 'change': True}
2026-01-28 15:47:36,783 : INFO : EventManager : Event: ======'machine_var_audits_missing_switches_s_ramp_tower_exit'====== Args={'value': 2, 'prev_value': None, 'change': True}
2026-01-28 15:47:36,783 : INFO : EventManager : Event: ======'machine_var_audits_missing_switches_s_shooter_lane'====== Args={'value': 2, 'prev_value': None, 'change': True}
2026-01-28 15:47:36,783 : INFO : EventManager : Event: ======'machine_var_audits_missing_switches_s_slingshot_left'====== Args={'value': 2, 'prev_value': None, 'change': True}
2026-01-28 15:47:36,783 : INFO : EventManager : Event: ======'machine_var_audits_missing_switches_s_slingshot_right'====== Args={'value': 2, 'prev_value': None, 'change': True}
2026-01-28 15:47:36,783 : INFO : EventManager : Event: ======'machine_var_audits_missing_switches_s_start'====== Args={'value': 10, 'prev_value': None, 'change': True}
2026-01-28 15:47:36,783 : INFO : EventManager : Event: ======'machine_var_audits_missing_switches_s_tilt'====== Args={'value': 5, 'prev_value': None, 'change': True}
2026-01-28 15:47:36,783 : INFO : EventManager : Event: ======'machine_var_audits_player_score'====== Args={'value': {'average': 1424583, 'top': [8367250, 2977800, 2783350, 2231750, 2229000, 2197050, 1722550, 1349850, 1271150, 926600], 'total': 21}, 'prev_value': None, 'change': True}
2026-01-28 15:47:36,783 : INFO : EventManager : Event: ======'machine_var_audits_shots_bumper_center'====== Args={'value': 976, 'prev_value': None, 'change': True}
2026-01-28 15:47:36,784 : INFO : EventManager : Event: ======'machine_var_audits_shots_bumper_left'====== Args={'value': 827, 'prev_value': None, 'change': True}
2026-01-28 15:47:36,784 : INFO : EventManager : Event: ======'machine_var_audits_shots_bumper_right'====== Args={'value': 700, 'prev_value': None, 'change': True}
2026-01-28 15:47:36,784 : INFO : EventManager : Event: ======'machine_var_audits_shots_mach_ramp'====== Args={'value': 864, 'prev_value': None, 'change': True}
2026-01-28 15:47:36,784 : INFO : EventManager : Event: ======'machine_var_audits_shots_mig_lane_left'====== Args={'value': 213, 'prev_value': None, 'change': True}
2026-01-28 15:47:36,784 : INFO : EventManager : Event: ======'machine_var_audits_shots_mig_lane_right'====== Args={'value': 49, 'prev_value': None, 'change': True}
2026-01-28 15:47:36,784 : INFO : EventManager : Event: ======'machine_var_audits_shots_orbit_upper'====== Args={'value': 38, 'prev_value': None, 'change': True}
2026-01-28 15:47:36,784 : INFO : EventManager : Event: ======'machine_var_audits_shots_ramp_inner'====== Args={'value': 61, 'prev_value': None, 'change': True}
2026-01-28 15:47:36,784 : INFO : EventManager : Event: ======'machine_var_audits_shots_spinner'====== Args={'value': 66, 'prev_value': None, 'change': True}
2026-01-28 15:47:36,784 : INFO : EventManager : Event: ======'machine_var_audits_switches_s_48v_disable'====== Args={'value': 0, 'prev_value': None, 'change': True}
2026-01-28 15:47:36,784 : INFO : EventManager : Event: ======'machine_var_audits_switches_s_a_iceman_target'====== Args={'value': 268, 'prev_value': None, 'change': True}
2026-01-28 15:47:36,784 : INFO : EventManager : Event: ======'machine_var_audits_switches_s_barrier_target'====== Args={'value': 132, 'prev_value': None, 'change': True}
2026-01-28 15:47:36,784 : INFO : EventManager : Event: ======'machine_var_audits_switches_s_bumper_center'====== Args={'value': 996, 'prev_value': None, 'change': True}
2026-01-28 15:47:36,784 : INFO : EventManager : Event: ======'machine_var_audits_switches_s_bumper_left'====== Args={'value': 858, 'prev_value': None, 'change': True}
2026-01-28 15:47:36,784 : INFO : EventManager : Event: ======'machine_var_audits_switches_s_bumper_right'====== Args={'value': 706, 'prev_value': None, 'change': True}
2026-01-28 15:47:36,784 : INFO : EventManager : Event: ======'machine_var_audits_switches_s_c_iceman_target'====== Args={'value': 235, 'prev_value': None, 'change': True}
2026-01-28 15:47:36,784 : INFO : EventManager : Event: ======'machine_var_audits_switches_s_c_lock_target'====== Args={'value': 98, 'prev_value': None, 'change': True}
2026-01-28 15:47:36,784 : INFO : EventManager : Event: ======'machine_var_audits_switches_s_coin_door'====== Args={'value': 5, 'prev_value': None, 'change': True}
2026-01-28 15:47:36,784 : INFO : EventManager : Event: ======'machine_var_audits_switches_s_coin_door_credit_left'====== Args={'value': 0, 'prev_value': None, 'change': True}
2026-01-28 15:47:36,784 : INFO : EventManager : Event: ======'machine_var_audits_switches_s_coin_door_credit_right'====== Args={'value': 1, 'prev_value': None, 'change': True}
2026-01-28 15:47:36,784 : INFO : EventManager : Event: ======'machine_var_audits_switches_s_coin_door_service_1'====== Args={'value': 6, 'prev_value': None, 'change': True}
2026-01-28 15:47:36,784 : INFO : EventManager : Event: ======'machine_var_audits_switches_s_coin_door_service_2'====== Args={'value': 16, 'prev_value': None, 'change': True}
2026-01-28 15:47:36,784 : INFO : EventManager : Event: ======'machine_var_audits_switches_s_coin_door_service_3'====== Args={'value': 19, 'prev_value': None, 'change': True}
2026-01-28 15:47:36,784 : INFO : EventManager : Event: ======'machine_var_audits_switches_s_coin_door_service_4'====== Args={'value': 5, 'prev_value': None, 'change': True}
2026-01-28 15:47:36,784 : INFO : EventManager : Event: ======'machine_var_audits_switches_s_e_iceman_target'====== Args={'value': 242, 'prev_value': None, 'change': True}
2026-01-28 15:47:36,784 : INFO : EventManager : Event: ======'machine_var_audits_switches_s_flight_gear_target'====== Args={'value': 761, 'prev_value': None, 'change': True}
2026-01-28 15:47:36,784 : INFO : EventManager : Event: ======'machine_var_audits_switches_s_flipper_left'====== Args={'value': 3149, 'prev_value': None, 'change': True}
2026-01-28 15:47:36,784 : INFO : EventManager : Event: ======'machine_var_audits_switches_s_flipper_left_eos'====== Args={'value': 2701, 'prev_value': None, 'change': True}
2026-01-28 15:47:36,784 : INFO : EventManager : Event: ======'machine_var_audits_switches_s_flipper_left_upper'====== Args={'value': 2780, 'prev_value': None, 'change': True}
2026-01-28 15:47:36,784 : INFO : EventManager : Event: ======'machine_var_audits_switches_s_flipper_left_upper_eos'====== Args={'value': 2699, 'prev_value': None, 'change': True}
2026-01-28 15:47:36,784 : INFO : EventManager : Event: ======'machine_var_audits_switches_s_flipper_right'====== Args={'value': 2593, 'prev_value': None, 'change': True}
2026-01-28 15:47:36,784 : INFO : EventManager : Event: ======'machine_var_audits_switches_s_flipper_right_eos'====== Args={'value': 2164, 'prev_value': None, 'change': True}
2026-01-28 15:47:36,784 : INFO : EventManager : Event: ======'machine_var_audits_switches_s_i_iceman_target'====== Args={'value': 223, 'prev_value': None, 'change': True}
2026-01-28 15:47:36,784 : INFO : EventManager : Event: ======'machine_var_audits_switches_s_inlane_left'====== Args={'value': 570, 'prev_value': None, 'change': True}
2026-01-28 15:47:36,785 : INFO : EventManager : Event: ======'machine_var_audits_switches_s_inner_inlane_right'====== Args={'value': 544, 'prev_value': None, 'change': True}
2026-01-28 15:47:36,785 : INFO : EventManager : Event: ======'machine_var_audits_switches_s_jam'====== Args={'value': 276, 'prev_value': None, 'change': True}
2026-01-28 15:47:36,785 : INFO : EventManager : Event: ======'machine_var_audits_switches_s_k_lock_target'====== Args={'value': 132, 'prev_value': None, 'change': True}
2026-01-28 15:47:36,785 : INFO : EventManager : Event: ======'machine_var_audits_switches_s_l_lock_target'====== Args={'value': 161, 'prev_value': None, 'change': True}
2026-01-28 15:47:36,785 : INFO : EventManager : Event: ======'machine_var_audits_switches_s_lane_left'====== Args={'value': 955, 'prev_value': None, 'change': True}
2026-01-28 15:47:36,785 : INFO : EventManager : Event: ======'machine_var_audits_switches_s_lane_right'====== Args={'value': 698, 'prev_value': None, 'change': True}
2026-01-28 15:47:36,785 : INFO : EventManager : Event: ======'machine_var_audits_switches_s_lock_goose'====== Args={'value': 0, 'prev_value': None, 'change': True}
2026-01-28 15:47:36,785 : INFO : EventManager : Event: ======'machine_var_audits_switches_s_lock_mav'====== Args={'value': 0, 'prev_value': None, 'change': True}
2026-01-28 15:47:36,785 : INFO : EventManager : Event: ======'machine_var_audits_switches_s_lock_plunger'====== Args={'value': 3, 'prev_value': None, 'change': True}
2026-01-28 15:47:36,785 : INFO : EventManager : Event: ======'machine_var_audits_switches_s_m_iceman_target'====== Args={'value': 249, 'prev_value': None, 'change': True}
2026-01-28 15:47:36,785 : INFO : EventManager : Event: ======'machine_var_audits_switches_s_mig_lane_left'====== Args={'value': 696, 'prev_value': None, 'change': True}
2026-01-28 15:47:36,785 : INFO : EventManager : Event: ======'machine_var_audits_switches_s_mig_lane_right'====== Args={'value': 340, 'prev_value': None, 'change': True}
2026-01-28 15:47:36,785 : INFO : EventManager : Event: ======'machine_var_audits_switches_s_mode_start'====== Args={'value': 449, 'prev_value': None, 'change': True}
2026-01-28 15:47:36,785 : INFO : EventManager : Event: ======'machine_var_audits_switches_s_n_iceman_target'====== Args={'value': 412, 'prev_value': None, 'change': True}
2026-01-28 15:47:36,785 : INFO : EventManager : Event: ======'machine_var_audits_switches_s_o_lock_target'====== Args={'value': 209, 'prev_value': None, 'change': True}
2026-01-28 15:47:36,785 : INFO : EventManager : Event: ======'machine_var_audits_switches_s_orbit_left'====== Args={'value': 1454, 'prev_value': None, 'change': True}
2026-01-28 15:47:36,785 : INFO : EventManager : Event: ======'machine_var_audits_switches_s_orbit_lower'====== Args={'value': 47, 'prev_value': None, 'change': True}
2026-01-28 15:47:36,785 : INFO : EventManager : Event: ======'machine_var_audits_switches_s_orbit_right'====== Args={'value': 719, 'prev_value': None, 'change': True}
2026-01-28 15:47:36,785 : INFO : EventManager : Event: ======'machine_var_audits_switches_s_orbit_upper'====== Args={'value': 284, 'prev_value': None, 'change': True}
2026-01-28 15:47:36,785 : INFO : EventManager : Event: ======'machine_var_audits_switches_s_outer_inlane_right'====== Args={'value': 581, 'prev_value': None, 'change': True}
2026-01-28 15:47:36,785 : INFO : EventManager : Event: ======'machine_var_audits_switches_s_outlane_left'====== Args={'value': 445, 'prev_value': None, 'change': True}
2026-01-28 15:47:36,785 : INFO : EventManager : Event: ======'machine_var_audits_switches_s_outlane_right'====== Args={'value': 460, 'prev_value': None, 'change': True}
2026-01-28 15:47:36,786 : INFO : EventManager : Event: ======'machine_var_audits_switches_s_plunger_lane'====== Args={'value': 46, 'prev_value': None, 'change': True}
2026-01-28 15:47:36,786 : INFO : EventManager : Event: ======'machine_var_audits_switches_s_ramp_inner_exit'====== Args={'value': 910, 'prev_value': None, 'change': True}
2026-01-28 15:47:36,786 : INFO : EventManager : Event: ======'machine_var_audits_switches_s_ramp_left_exit'====== Args={'value': 1018, 'prev_value': None, 'change': True}
2026-01-28 15:47:36,786 : INFO : EventManager : Event: ======'machine_var_audits_switches_s_ramp_right_exit'====== Args={'value': 230, 'prev_value': None, 'change': True}
2026-01-28 15:47:36,786 : INFO : EventManager : Event: ======'machine_var_audits_switches_s_ramp_tower_exit'====== Args={'value': 260, 'prev_value': None, 'change': True}
2026-01-28 15:47:36,786 : INFO : EventManager : Event: ======'machine_var_audits_switches_s_shooter_lane'====== Args={'value': 980, 'prev_value': None, 'change': True}
2026-01-28 15:47:36,786 : INFO : EventManager : Event: ======'machine_var_audits_switches_s_slingshot_left'====== Args={'value': 428, 'prev_value': None, 'change': True}
2026-01-28 15:47:36,786 : INFO : EventManager : Event: ======'machine_var_audits_switches_s_slingshot_right'====== Args={'value': 284, 'prev_value': None, 'change': True}
2026-01-28 15:47:36,786 : INFO : EventManager : Event: ======'machine_var_audits_switches_s_spinner'====== Args={'value': 5512, 'prev_value': None, 'change': True}
2026-01-28 15:47:36,786 : INFO : EventManager : Event: ======'machine_var_audits_switches_s_start'====== Args={'value': 189, 'prev_value': None, 'change': True}
2026-01-28 15:47:36,786 : INFO : EventManager : Event: ======'machine_var_audits_switches_s_tilt'====== Args={'value': 233, 'prev_value': None, 'change': True}
2026-01-28 15:47:36,786 : INFO : EventManager : Event: ======'machine_var_audits_switches_s_trough_1'====== Args={'value': 277, 'prev_value': None, 'change': True}
2026-01-28 15:47:36,786 : INFO : EventManager : Event: ======'machine_var_audits_switches_s_trough_2'====== Args={'value': 269, 'prev_value': None, 'change': True}
2026-01-28 15:47:36,786 : INFO : EventManager : Event: ======'machine_var_audits_switches_s_trough_3'====== Args={'value': 268, 'prev_value': None, 'change': True}
2026-01-28 15:47:36,786 : INFO : EventManager : Event: ======'machine_var_audits_switches_s_trough_4'====== Args={'value': 272, 'prev_value': None, 'change': True}
2026-01-28 15:47:36,786 : INFO : EventManager : Event: ======'machine_var_audits_switches_s_trough_5'====== Args={'value': 283, 'prev_value': None, 'change': True}
2026-01-28 15:47:36,786 : INFO : EventManager : Event: ======'machine_var_audits_switches_s_trough_6'====== Args={'value': 569, 'prev_value': None, 'change': True}
2026-01-28 15:47:36,787 : INFO : EventManager : Event: ======'init_phase_5'====== Args={}
2026-01-28 15:47:36,789 : INFO : ball_device.bd_trough : BCH: Count is unstable. Trying to reorder balls.
2026-01-28 15:47:36,789 : WARNING : ball_device.bd_trough : Cannot reorder device because eject_coil_reorder_pulse is not configured
2026-01-28 15:47:36,789 : INFO : ball_device.bd_trough : BCH: Repulse done. Waiting for balls to settle.
2026-01-28 15:47:36,789 : INFO : ball_device.bd_trough : BCH: Reordered count: 5
2026-01-28 15:47:36,791 : INFO : EventManager : Event: ======'init_done'====== Args={}
2026-01-28 15:47:36,791 : INFO : coil.c_coin_door_led : Enabling Driver with power 1.0 (pulse_ms 10ms and pulse_power 1.0)
2026-01-28 15:47:36,791 : INFO : EventManager : Event: ======'machine_reset_phase_1'====== Args={}
2026-01-28 15:47:36,798 : INFO : EventManager : Event: ======'machine_reset_phase_2'====== Args={}
2026-01-28 15:47:36,800 : INFO : EventManager : Event: ======'machine_reset_phase_3'====== Args={}
2026-01-28 15:47:36,800 : INFO : EventManager : Event: ======'mode_attract_will_start'====== Args={'queue': <QueuedEvent>}
2026-01-28 15:47:36,801 : INFO : Timer.attract_carousel_timer : Starting Timer.
2026-01-28 15:47:36,801 : INFO : EventManager : Event: ======'timer_attract_carousel_timer_started'====== Args={'ticks': 0, 'ticks_remaining': 1}
2026-01-28 15:47:36,801 : INFO : EventManager : Event: ======'timer_attract_carousel_timer_tick'====== Args={'ticks': 0, 'ticks_remaining': 1}
2026-01-28 15:47:36,802 : INFO : EventManager : Event: ======'mode_attract_starting'====== Args={'queue': <QueuedEvent>}
2026-01-28 15:47:36,802 : INFO : Mode.attract : Started. Priority: 10
2026-01-28 15:47:36,802 : INFO : EventManager : Event: ======'modes_active_modes_changed'====== Args={}
2026-01-28 15:47:36,802 : INFO : EventManager : Event: ======'mode_attract_started'====== Args={'queue': <QueuedEvent>}
2026-01-28 15:47:36,804 : INFO : EventManager : Event: ======'attract_cycle_step1'====== Args={'priority': 0}
2026-01-28 15:47:36,804 : INFO : EventManager : Event: ======'right_ramp_down'====== Args={'priority': 0}
2026-01-28 15:47:36,804 : INFO : EventManager : Event: ======'top_ramp_down'====== Args={'priority': 0}
2026-01-28 15:47:36,804 : INFO : EventManager : Event: ======'lock_released'====== Args={'priority': 0}
2026-01-28 15:47:36,804 : INFO : coil.c_start_button_led : Enabling Driver with power 1.0 (pulse_ms 10ms and pulse_power 1.0)
2026-01-28 15:47:36,805 : INFO : EventManager : Event: ======'collecting_balls_complete'====== Args={}
2026-01-28 15:47:36,805 : INFO : BallSearch.playfield : Starting ball search
2026-01-28 15:47:36,805 : INFO : EventManager : Event: ======'ball_search_started'====== Args={}
2026-01-28 15:47:36,806 : INFO : EventManager : Event: ======'ball_search_phase_1'====== Args={'iteration': 1}
2026-01-28 15:47:36,806 : INFO : coil.c_bumper_left : Pulsing Driver for 40ms (0.75 pulse_power)
2026-01-28 15:47:36,806 : INFO : EventManager : Event: ======'carousel_item_highlighted'====== Args={'carousel': 'attract', 'direction': None, 'item': 'title'}
2026-01-28 15:47:36,806 : INFO : EventManager : Event: ======'timer_attract_carousel_timer_tick'====== Args={'ticks': 0, 'ticks_remaining': 1}
2026-01-28 15:47:36,807 : INFO : EventManager : Event: ======'reset_complete'====== Args={}
2026-01-28 15:47:36,810 : INFO : Machine : Starting the main run loop with active modes: [<Mode.attract>]
2026-01-28 15:47:36,890 : INFO : EventManager : Event: ======'slide_attract_created'====== Args={'_from_bcp': True}
2026-01-28 15:47:36,890 : INFO : EventManager : Event: ======'slide__removed'====== Args={'_from_bcp': True}
2026-01-28 15:47:36,892 : INFO : EventManager : Event: ======'slide_attract_active'====== Args={'original_context': 'attract', 'original_calling_context': 'mode_attract_started', 'priority': 10.0, 'queue': '<QueuedEvent>', 'cmd': 'slides_play', '_from_bcp': True}
2026-01-28 15:47:37,037 : INFO : coil.c_bumper_right : Pulsing Driver for 40ms (0.75 pulse_power)
2026-01-28 15:47:37,286 : INFO : coil.c_bumper_center : Pulsing Driver for 40ms (0.75 pulse_power)
2026-01-28 15:47:37,536 : INFO : coil.c_sling_left : Pulsing Driver for 40ms (0.875 pulse_power)
2026-01-28 15:47:37,787 : INFO : coil.c_sling_right : Pulsing Driver for 40ms (0.875 pulse_power)
2026-01-28 15:47:37,788 : INFO : coil.c_start_button_led : Disabling Driver
2026-01-28 15:47:38,035 : INFO : coil.c_plunger : Pulsing Driver for 25ms (0.75 pulse_power)
2026-01-28 15:47:38,284 : INFO : coil.c_lock_upkicker : Pulsing Driver for 15ms (0.75 pulse_power)
2026-01-28 15:47:38,534 : INFO : coil.c_mode_outkicker : Pulsing Driver for 35ms (0.75 pulse_power)
2026-01-28 15:47:38,782 : INFO : EventManager : Event: ======'ball_search_phase_1'====== Args={'iteration': 2}
2026-01-28 15:47:38,782 : INFO : coil.c_bumper_left : Pulsing Driver for 40ms (0.75 pulse_power)
2026-01-28 15:47:38,783 : INFO : coil.c_start_button_led : Enabling Driver with power 1.0 (pulse_ms 10ms and pulse_power 1.0)
2026-01-28 15:47:39,794 : INFO : coil.c_start_button_led : Disabling Driver
2026-01-28 15:47:40,793 : INFO : coil.c_start_button_led : Enabling Driver with power 1.0 (pulse_ms 10ms and pulse_power 1.0)
2026-01-28 15:47:41,790 : INFO : coil.c_start_button_led : Disabling Driver
2026-01-28 15:47:42,789 : INFO : coil.c_start_button_led : Enabling Driver with power 1.0 (pulse_ms 10ms and pulse_power 1.0)
2026-01-28 15:47:43,791 : INFO : coil.c_start_button_led : Disabling Driver
2026-01-28 15:47:43,791 : INFO : Timer.attract_carousel_timer : Timer Complete
2026-01-28 15:47:43,791 : INFO : Timer.attract_carousel_timer : Stopping Timer
2026-01-28 15:47:43,791 : INFO : EventManager : Event: ======'timer_attract_carousel_timer_stopped'====== Args={'ticks': 1, 'ticks_remaining': 1}
2026-01-28 15:47:43,792 : INFO : EventManager : Event: ======'timer_attract_carousel_timer_complete'====== Args={'ticks': 1, 'ticks_remaining': 1}
2026-01-28 15:47:43,792 : INFO : EventManager : Event: ======'carousel_item_highlighted'====== Args={'carousel': 'attract', 'direction': 'forwards', 'item': 'presented_by'}
2026-01-28 15:47:43,792 : INFO : Timer.attract_carousel_timer : Starting Timer.
2026-01-28 15:47:43,792 : INFO : EventManager : Event: ======'timer_attract_carousel_timer_started'====== Args={'ticks': 0, 'ticks_remaining': 1}
2026-01-28 15:47:43,792 : INFO : EventManager : Event: ======'timer_attract_carousel_timer_tick'====== Args={'ticks': 0, 'ticks_remaining': 1}
2026-01-28 15:47:44,793 : INFO : coil.c_start_button_led : Enabling Driver with power 1.0 (pulse_ms 10ms and pulse_power 1.0)
2026-01-28 15:47:45,788 : INFO : coil.c_start_button_led : Disabling Driver
2026-01-28 15:47:46,783 : INFO : coil.c_start_button_led : Enabling Driver with power 1.0 (pulse_ms 10ms and pulse_power 1.0)
2026-01-28 15:47:47,784 : INFO : coil.c_start_button_led : Disabling Driver
2026-01-28 15:47:48,785 : INFO : coil.c_bumper_right : Pulsing Driver for 40ms (0.75 pulse_power)
2026-01-28 15:47:48,787 : INFO : coil.c_start_button_led : Enabling Driver with power 1.0 (pulse_ms 10ms and pulse_power 1.0)
2026-01-28 15:47:48,988 : INFO : EventManager : Event: ======'attract_cycle_step2'====== Args={}
2026-01-28 15:47:49,035 : INFO : coil.c_bumper_center : Pulsing Driver for 40ms (0.75 pulse_power)
2026-01-28 15:47:49,284 : INFO : coil.c_sling_left : Pulsing Driver for 40ms (0.875 pulse_power)
2026-01-28 15:47:49,535 : INFO : coil.c_sling_right : Pulsing Driver for 40ms (0.875 pulse_power)
2026-01-28 15:47:49,786 : INFO : coil.c_plunger : Pulsing Driver for 25ms (0.75 pulse_power)
2026-01-28 15:47:49,786 : INFO : coil.c_start_button_led : Disabling Driver
2026-01-28 15:47:50,034 : INFO : coil.c_lock_upkicker : Pulsing Driver for 15ms (0.75 pulse_power)
2026-01-28 15:47:50,283 : INFO : coil.c_mode_outkicker : Pulsing Driver for 35ms (0.75 pulse_power)
2026-01-28 15:47:50,548 : INFO : EventManager : Event: ======'ball_search_phase_1'====== Args={'iteration': 3}
2026-01-28 15:47:50,548 : INFO : coil.c_bumper_left : Pulsing Driver for 40ms (0.75 pulse_power)
2026-01-28 15:47:50,796 : INFO : Timer.attract_carousel_timer : Timer Complete
2026-01-28 15:47:50,796 : INFO : Timer.attract_carousel_timer : Stopping Timer
2026-01-28 15:47:50,796 : INFO : EventManager : Event: ======'timer_attract_carousel_timer_stopped'====== Args={'ticks': 1, 'ticks_remaining': 1}
2026-01-28 15:47:50,796 : INFO : EventManager : Event: ======'timer_attract_carousel_timer_complete'====== Args={'ticks': 1, 'ticks_remaining': 1}
2026-01-28 15:47:50,796 : INFO : coil.c_start_button_led : Enabling Driver with power 1.0 (pulse_ms 10ms and pulse_power 1.0)
2026-01-28 15:47:50,797 : INFO : EventManager : Event: ======'carousel_item_highlighted'====== Args={'carousel': 'attract', 'direction': 'forwards', 'item': 'hotrod_pinball_logo'}
2026-01-28 15:47:50,797 : INFO : Timer.attract_carousel_timer : Starting Timer.
2026-01-28 15:47:50,797 : INFO : EventManager : Event: ======'timer_attract_carousel_timer_started'====== Args={'ticks': 0, 'ticks_remaining': 1}
2026-01-28 15:47:50,797 : INFO : EventManager : Event: ======'timer_attract_carousel_timer_tick'====== Args={'ticks': 0, 'ticks_remaining': 1}
2026-01-28 15:47:51,406 : INFO : SwitchController : <<<<<<< 's_trough_4' active >>>>>>>
2026-01-28 15:47:51,716 : INFO : EventManager : Event: ======'balldevice_bd_trough_ball_count_changed'====== Args={'balls': 6}
2026-01-28 15:47:51,716 : INFO : ball_device.bd_trough : Received unexpected ball
2026-01-28 15:47:51,716 : INFO : EventManager : Event: ======'balldevice_captured_from_playfield'====== Args={'balls': 1}
2026-01-28 15:47:51,717 : INFO : EventManager : Event: ======'sw_playfield_active'====== Args={'balls': 1}
2026-01-28 15:47:51,717 : INFO : EventManager : Event: ======'playfield_active'====== Args={'source': None}
2026-01-28 15:47:51,717 : INFO : EventManager : Event: ======'unexpected_ball_on_playfield'====== Args={}
2026-01-28 15:47:51,717 : INFO : BallSearch.playfield : Stopping ball search
2026-01-28 15:47:51,717 : INFO : EventManager : Event: ======'ball_search_stopped'====== Args={}
2026-01-28 15:47:51,717 : INFO : EventManager : Event: ======'playfield_ball_count_change'====== Args={'balls': -1, 'change': -1}
2026-01-28 15:47:51,718 : INFO : EventManager : Event: ======'balldevice_playfield_ball_enter'====== Args={'new_balls': 1, 'unclaimed_balls': 1, 'device': <playfield.playfield>}
2026-01-28 15:47:51,718 : INFO : EventManager : Event: ======'playfield_ball_count_change'====== Args={'balls': 0, 'change': 1}
2026-01-28 15:47:51,718 : INFO : BallController : Found a new ball which was captured from playfield. Known balls: 6
2026-01-28 15:47:51,718 : INFO : EventManager : Event: ======'found_new_ball'====== Args={}
2026-01-28 15:47:51,718 : INFO : EventManager : Event: ======'balldevice_bd_trough_ball_enter'====== Args={'new_balls': 1, 'unclaimed_balls': 1, 'new_available_balls': 1, 'device': <ball_device.bd_trough>}
2026-01-28 15:47:51,719 : INFO : EventManager : Event: ======'ball_drain'====== Args={'device': <ball_device.bd_trough>, 'balls': 1}
2026-01-28 15:47:51,719 : INFO : EventManager : Event: ======'balldevice_balls_available'====== Args={}
2026-01-28 15:47:51,719 : INFO : EventManager : Event: ======'balldevice_bd_trough_ball_entered'====== Args={'new_balls': 1, 'device': <ball_device.bd_trough>}
2026-01-28 15:47:51,793 : INFO : coil.c_start_button_led : Disabling Driver
2026-01-28 15:47:52,798 : INFO : coil.c_start_button_led : Enabling Driver with power 1.0 (pulse_ms 10ms and pulse_power 1.0)
2026-01-28 15:47:53,787 : INFO : coil.c_start_button_led : Disabling Driver
2026-01-28 15:47:54,787 : INFO : coil.c_start_button_led : Enabling Driver with power 1.0 (pulse_ms 10ms and pulse_power 1.0)
2026-01-28 15:47:55,792 : INFO : coil.c_start_button_led : Disabling Driver
2026-01-28 15:47:56,797 : INFO : coil.c_start_button_led : Enabling Driver with power 1.0 (pulse_ms 10ms and pulse_power 1.0)
2026-01-28 15:47:57,048 : INFO : SwitchController : <<<<<<< 's_trough_3' active >>>>>>>
2026-01-28 15:47:57,361 : INFO : EventManager : Event: ======'balldevice_bd_trough_ball_count_changed'====== Args={'balls': 7}
2026-01-28 15:47:57,361 : INFO : ball_device.bd_trough : Received unexpected ball
2026-01-28 15:47:57,361 : INFO : EventManager : Event: ======'balldevice_captured_from_playfield'====== Args={'balls': 1}
2026-01-28 15:47:57,362 : INFO : EventManager : Event: ======'sw_playfield_active'====== Args={'balls': 1}
2026-01-28 15:47:57,362 : INFO : EventManager : Event: ======'playfield_active'====== Args={'source': None}
2026-01-28 15:47:57,362 : INFO : EventManager : Event: ======'unexpected_ball_on_playfield'====== Args={}
2026-01-28 15:47:57,362 : INFO : EventManager : Event: ======'playfield_ball_count_change'====== Args={'balls': -1, 'change': -1}
2026-01-28 15:47:57,363 : INFO : EventManager : Event: ======'balldevice_playfield_ball_enter'====== Args={'new_balls': 1, 'unclaimed_balls': 1, 'device': <playfield.playfield>}
2026-01-28 15:47:57,363 : INFO : EventManager : Event: ======'playfield_ball_count_change'====== Args={'balls': 0, 'change': 1}
2026-01-28 15:47:57,364 : INFO : BallController : Found a new ball which was captured from playfield. Known balls: 7
2026-01-28 15:47:57,364 : INFO : EventManager : Event: ======'found_new_ball'====== Args={}
2026-01-28 15:47:57,364 : INFO : EventManager : Event: ======'balldevice_bd_trough_ball_enter'====== Args={'new_balls': 1, 'unclaimed_balls': 1, 'new_available_balls': 1, 'device': <ball_device.bd_trough>}
2026-01-28 15:47:57,364 : INFO : EventManager : Event: ======'ball_drain'====== Args={'device': <ball_device.bd_trough>, 'balls': 1}
2026-01-28 15:47:57,365 : INFO : EventManager : Event: ======'balldevice_balls_available'====== Args={}
2026-01-28 15:47:57,365 : INFO : EventManager : Event: ======'balldevice_bd_trough_ball_entered'====== Args={'new_balls': 1, 'device': <ball_device.bd_trough>}
2026-01-28 15:47:57,640 : INFO : SwitchController : <<<<<<< 's_tilt' active >>>>>>>
2026-01-28 15:47:57,640 : INFO : SwitchController : <<<<<<< 's_tilt' inactive >>>>>>>
2026-01-28 15:47:57,748 : INFO : SwitchController : <<<<<<< 's_tilt' active >>>>>>>
2026-01-28 15:47:57,764 : INFO : SwitchController : <<<<<<< 's_tilt' inactive >>>>>>>
2026-01-28 15:47:57,780 : INFO : SwitchController : <<<<<<< 's_tilt' active >>>>>>>
2026-01-28 15:47:57,781 : INFO : SwitchController : <<<<<<< 's_tilt' inactive >>>>>>>
2026-01-28 15:47:57,795 : INFO : Timer.attract_carousel_timer : Timer Complete
2026-01-28 15:47:57,795 : INFO : Timer.attract_carousel_timer : Stopping Timer
2026-01-28 15:47:57,795 : INFO : EventManager : Event: ======'timer_attract_carousel_timer_stopped'====== Args={'ticks': 1, 'ticks_remaining': 1}
2026-01-28 15:47:57,795 : INFO : EventManager : Event: ======'timer_attract_carousel_timer_complete'====== Args={'ticks': 1, 'ticks_remaining': 1}
2026-01-28 15:47:57,796 : INFO : coil.c_start_button_led : Disabling Driver
2026-01-28 15:47:57,796 : INFO : EventManager : Event: ======'carousel_item_highlighted'====== Args={'carousel': 'attract', 'direction': 'forwards', 'item': 'mpf_logo'}
2026-01-28 15:47:57,796 : INFO : Timer.attract_carousel_timer : Starting Timer.
2026-01-28 15:47:57,797 : INFO : EventManager : Event: ======'timer_attract_carousel_timer_started'====== Args={'ticks': 0, 'ticks_remaining': 1}
2026-01-28 15:47:57,797 : INFO : EventManager : Event: ======'timer_attract_carousel_timer_tick'====== Args={'ticks': 0, 'ticks_remaining': 1}
2026-01-28 15:47:57,826 : INFO : SwitchController : <<<<<<< 's_tilt' active >>>>>>>
2026-01-28 15:47:57,826 : INFO : SwitchController : <<<<<<< 's_tilt' inactive >>>>>>>
2026-01-28 15:47:57,857 : INFO : SwitchController : <<<<<<< 's_tilt' active >>>>>>>
2026-01-28 15:47:57,857 : INFO : SwitchController : <<<<<<< 's_tilt' inactive >>>>>>>
2026-01-28 15:47:57,920 : INFO : SwitchController : <<<<<<< 's_tilt' active >>>>>>>
2026-01-28 15:47:57,920 : INFO : SwitchController : <<<<<<< 's_tilt' inactive >>>>>>>
2026-01-28 15:47:58,792 : INFO : coil.c_start_button_led : Enabling Driver with power 1.0 (pulse_ms 10ms and pulse_power 1.0)
2026-01-28 15:47:58,917 : INFO : SwitchController : <<<<<<< 's_jam' inactive >>>>>>>
2026-01-28 15:47:59,789 : INFO : coil.c_start_button_led : Disabling Driver
2026-01-28 15:48:00,038 : INFO : SwitchController : <<<<<<< 's_tilt' active >>>>>>>
2026-01-28 15:48:00,038 : INFO : SwitchController : <<<<<<< 's_tilt' inactive >>>>>>>
2026-01-28 15:48:00,788 : INFO : coil.c_start_button_led : Enabling Driver with power 1.0 (pulse_ms 10ms and pulse_power 1.0)
2026-01-28 15:48:01,787 : INFO : coil.c_start_button_led : Disabling Driver
2026-01-28 15:48:02,800 : INFO : coil.c_start_button_led : Enabling Driver with power 1.0 (pulse_ms 10ms and pulse_power 1.0)
2026-01-28 15:48:03,799 : INFO : coil.c_start_button_led : Disabling Driver
2026-01-28 15:48:04,250 : INFO : EventManager : Event: ======'attract_cycle_step3'====== Args={}
2026-01-28 15:48:04,423 : INFO : EventManager : Event: ======'balldevice_bd_trough_ball_count_changed'====== Args={'balls': 6}
2026-01-28 15:48:04,423 : WARNING : ball_device.bd_trough : Ball disappeared while idle. This should not normally happen.
2026-01-28 15:48:04,423 : INFO : EventManager : Event: ======'balldevice_playfield_ball_enter'====== Args={'new_balls': 1, 'unclaimed_balls': 1, 'device': <playfield.playfield>}
2026-01-28 15:48:04,423 : INFO : EventManager : Event: ======'playfield_ball_count_change'====== Args={'balls': 1, 'change': 1}
2026-01-28 15:48:04,424 : INFO : ball_device.bd_trough : 1 ball(s) missing from device. Mechanical eject? False
2026-01-28 15:48:04,424 : INFO : EventManager : Event: ======'balldevice_bd_trough_ball_missing'====== Args={'balls': 1}
2026-01-28 15:48:04,424 : INFO : EventManager : Event: ======'balldevice_ball_missing'====== Args={'balls': 1, 'name': 'bd_trough'}
2026-01-28 15:48:04,796 : INFO : Timer.attract_carousel_timer : Timer Complete
2026-01-28 15:48:04,796 : INFO : Timer.attract_carousel_timer : Stopping Timer
2026-01-28 15:48:04,796 : INFO : EventManager : Event: ======'timer_attract_carousel_timer_stopped'====== Args={'ticks': 1, 'ticks_remaining': 1}
2026-01-28 15:48:04,796 : INFO : EventManager : Event: ======'timer_attract_carousel_timer_complete'====== Args={'ticks': 1, 'ticks_remaining': 1}
2026-01-28 15:48:04,796 : INFO : coil.c_start_button_led : Enabling Driver with power 1.0 (pulse_ms 10ms and pulse_power 1.0)
2026-01-28 15:48:04,796 : INFO : EventManager : Event: ======'carousel_item_highlighted'====== Args={'carousel': 'attract', 'direction': 'forwards', 'item': 'credits'}
2026-01-28 15:48:04,796 : INFO : Timer.attract_carousel_timer : Starting Timer.
2026-01-28 15:48:04,797 : INFO : EventManager : Event: ======'timer_attract_carousel_timer_started'====== Args={'ticks': 0, 'ticks_remaining': 1}
2026-01-28 15:48:04,797 : INFO : EventManager : Event: ======'timer_attract_carousel_timer_tick'====== Args={'ticks': 0, 'ticks_remaining': 1}
2026-01-28 15:48:05,793 : INFO : coil.c_start_button_led : Disabling Driver
2026-01-28 15:48:06,788 : INFO : coil.c_start_button_led : Enabling Driver with power 1.0 (pulse_ms 10ms and pulse_power 1.0)
2026-01-28 15:48:07,787 : INFO : coil.c_start_button_led : Disabling Driver
2026-01-28 15:48:08,798 : INFO : coil.c_start_button_led : Enabling Driver with power 1.0 (pulse_ms 10ms and pulse_power 1.0)
2026-01-28 15:48:09,801 : INFO : coil.c_start_button_led : Disabling Driver
2026-01-28 15:48:10,800 : INFO : coil.c_start_button_led : Enabling Driver with power 1.0 (pulse_ms 10ms and pulse_power 1.0)
2026-01-28 15:48:11,788 : INFO : Timer.attract_carousel_timer : Timer Complete
2026-01-28 15:48:11,788 : INFO : Timer.attract_carousel_timer : Stopping Timer
2026-01-28 15:48:11,788 : INFO : EventManager : Event: ======'timer_attract_carousel_timer_stopped'====== Args={'ticks': 1, 'ticks_remaining': 1}
2026-01-28 15:48:11,788 : INFO : EventManager : Event: ======'timer_attract_carousel_timer_complete'====== Args={'ticks': 1, 'ticks_remaining': 1}
2026-01-28 15:48:11,789 : INFO : coil.c_start_button_led : Disabling Driver
2026-01-28 15:48:11,789 : INFO : EventManager : Event: ======'carousel_item_highlighted'====== Args={'carousel': 'attract', 'direction': 'forwards', 'item': 'last_scores_1p'}
2026-01-28 15:48:11,789 : INFO : Timer.attract_carousel_timer : Starting Timer.
2026-01-28 15:48:11,789 : INFO : EventManager : Event: ======'timer_attract_carousel_timer_started'====== Args={'ticks': 0, 'ticks_remaining': 1}
2026-01-28 15:48:11,789 : INFO : EventManager : Event: ======'timer_attract_carousel_timer_tick'====== Args={'ticks': 0, 'ticks_remaining': 1}
2026-01-28 15:48:12,788 : INFO : coil.c_start_button_led : Enabling Driver with power 1.0 (pulse_ms 10ms and pulse_power 1.0)
2026-01-28 15:48:13,795 : INFO : coil.c_start_button_led : Disabling Driver
2026-01-28 15:48:14,790 : INFO : coil.c_start_button_led : Enabling Driver with power 1.0 (pulse_ms 10ms and pulse_power 1.0)
2026-01-28 15:48:15,792 : INFO : coil.c_start_button_led : Disabling Driver
2026-01-28 15:48:16,432 : INFO : EventManager : Event: ======'attract_cycle_step4'====== Args={}
2026-01-28 15:48:16,791 : INFO : coil.c_start_button_led : Enabling Driver with power 1.0 (pulse_ms 10ms and pulse_power 1.0)
2026-01-28 15:48:17,790 : INFO : coil.c_start_button_led : Disabling Driver
2026-01-28 15:48:18,800 : INFO : Timer.attract_carousel_timer : Timer Complete
2026-01-28 15:48:18,800 : INFO : Timer.attract_carousel_timer : Stopping Timer
2026-01-28 15:48:18,800 : INFO : EventManager : Event: ======'timer_attract_carousel_timer_stopped'====== Args={'ticks': 1, 'ticks_remaining': 1}
2026-01-28 15:48:18,800 : INFO : EventManager : Event: ======'timer_attract_carousel_timer_complete'====== Args={'ticks': 1, 'ticks_remaining': 1}
2026-01-28 15:48:18,800 : INFO : coil.c_start_button_led : Enabling Driver with power 1.0 (pulse_ms 10ms and pulse_power 1.0)
2026-01-28 15:48:18,800 : INFO : EventManager : Event: ======'carousel_item_highlighted'====== Args={'carousel': 'attract', 'direction': 'forwards', 'item': 'title'}
2026-01-28 15:48:18,801 : INFO : Timer.attract_carousel_timer : Starting Timer.
2026-01-28 15:48:18,801 : INFO : EventManager : Event: ======'timer_attract_carousel_timer_started'====== Args={'ticks': 0, 'ticks_remaining': 1}
2026-01-28 15:48:18,801 : INFO : EventManager : Event: ======'timer_attract_carousel_timer_tick'====== Args={'ticks': 0, 'ticks_remaining': 1}
2026-01-28 15:48:19,422 : INFO : BallSearch.playfield : Starting ball search
2026-01-28 15:48:19,422 : INFO : EventManager : Event: ======'ball_search_started'====== Args={}
2026-01-28 15:48:19,422 : INFO : EventManager : Event: ======'ball_search_phase_1'====== Args={'iteration': 1}
2026-01-28 15:48:19,422 : INFO : coil.c_bumper_left : Pulsing Driver for 40ms (0.75 pulse_power)
2026-01-28 15:48:19,670 : INFO : coil.c_bumper_right : Pulsing Driver for 40ms (0.75 pulse_power)
2026-01-28 15:48:19,795 : INFO : coil.c_start_button_led : Disabling Driver
2026-01-28 15:48:19,918 : INFO : coil.c_bumper_center : Pulsing Driver for 40ms (0.75 pulse_power)
2026-01-28 15:48:20,169 : INFO : coil.c_sling_left : Pulsing Driver for 40ms (0.875 pulse_power)
2026-01-28 15:48:20,419 : INFO : coil.c_sling_right : Pulsing Driver for 40ms (0.875 pulse_power)
2026-01-28 15:48:20,669 : INFO : coil.c_plunger : Pulsing Driver for 25ms (0.75 pulse_power)
2026-01-28 15:48:20,794 : INFO : coil.c_start_button_led : Enabling Driver with power 1.0 (pulse_ms 10ms and pulse_power 1.0)
2026-01-28 15:48:20,919 : INFO : coil.c_lock_upkicker : Pulsing Driver for 15ms (0.75 pulse_power)
2026-01-28 15:48:21,170 : INFO : coil.c_mode_outkicker : Pulsing Driver for 35ms (0.75 pulse_power)
2026-01-28 15:48:21,420 : INFO : EventManager : Event: ======'ball_search_phase_1'====== Args={'iteration': 2}
2026-01-28 15:48:21,420 : INFO : coil.c_bumper_left : Pulsing Driver for 40ms (0.75 pulse_power)
2026-01-28 15:48:21,795 : INFO : coil.c_start_button_led : Disabling Driver
2026-01-28 15:48:22,792 : INFO : coil.c_start_button_led : Enabling Driver with power 1.0 (pulse_ms 10ms and pulse_power 1.0)
2026-01-28 15:48:23,795 : INFO : coil.c_start_button_led : Disabling Driver
2026-01-28 15:48:24,638 : INFO : SwitchController : <<<<<<< 's_trough_1' inactive >>>>>>>
2026-01-28 15:48:24,638 : INFO : SwitchController : <<<<<<< 's_jam' active >>>>>>>
2026-01-28 15:48:24,669 : INFO : SwitchController : <<<<<<< 's_jam' inactive >>>>>>>
2026-01-28 15:48:24,795 : INFO : coil.c_start_button_led : Enabling Driver with power 1.0 (pulse_ms 10ms and pulse_power 1.0)
2026-01-28 15:48:24,903 : INFO : SwitchController : <<<<<<< 's_trough_5' inactive >>>>>>>
2026-01-28 15:48:24,903 : INFO : SwitchController : <<<<<<< 's_trough_2' inactive >>>>>>>
2026-01-28 15:48:24,903 : INFO : SwitchController : <<<<<<< 's_trough_3' inactive >>>>>>>
2026-01-28 15:48:24,904 : INFO : SwitchController : <<<<<<< 's_trough_4' inactive >>>>>>>
2026-01-28 15:48:24,933 : INFO : SwitchController : <<<<<<< 's_trough_1' active >>>>>>>
2026-01-28 15:48:24,933 : INFO : SwitchController : <<<<<<< 's_trough_4' active >>>>>>>
2026-01-28 15:48:24,933 : INFO : SwitchController : <<<<<<< 's_trough_2' active >>>>>>>
2026-01-28 15:48:24,933 : INFO : SwitchController : <<<<<<< 's_trough_3' active >>>>>>>
2026-01-28 15:48:24,949 : INFO : SwitchController : <<<<<<< 's_trough_6' inactive >>>>>>>
2026-01-28 15:48:24,980 : INFO : SwitchController : <<<<<<< 's_trough_5' active >>>>>>>
2026-01-28 15:48:25,792 : INFO : Timer.attract_carousel_timer : Timer Complete
2026-01-28 15:48:25,792 : INFO : Timer.attract_carousel_timer : Stopping Timer
2026-01-28 15:48:25,792 : INFO : EventManager : Event: ======'timer_attract_carousel_timer_stopped'====== Args={'ticks': 1, 'ticks_remaining': 1}
2026-01-28 15:48:25,792 : INFO : EventManager : Event: ======'timer_attract_carousel_timer_complete'====== Args={'ticks': 1, 'ticks_remaining': 1}
2026-01-28 15:48:25,793 : INFO : coil.c_start_button_led : Disabling Driver
2026-01-28 15:48:25,793 : INFO : EventManager : Event: ======'carousel_item_highlighted'====== Args={'carousel': 'attract', 'direction': 'forwards', 'item': 'presented_by'}
2026-01-28 15:48:25,793 : INFO : Timer.attract_carousel_timer : Starting Timer.
2026-01-28 15:48:25,793 : INFO : EventManager : Event: ======'timer_attract_carousel_timer_started'====== Args={'ticks': 0, 'ticks_remaining': 1}
2026-01-28 15:48:25,793 : INFO : EventManager : Event: ======'timer_attract_carousel_timer_tick'====== Args={'ticks': 0, 'ticks_remaining': 1}
2026-01-28 15:48:25,808 : INFO : SwitchController : <<<<<<< 's_lane_right' active >>>>>>>
2026-01-28 15:48:25,808 : INFO : EventManager : Event: ======'sw_playfield_active'====== Args={}
2026-01-28 15:48:25,809 : INFO : BallSearch.playfield : Stopping ball search
2026-01-28 15:48:25,809 : INFO : EventManager : Event: ======'ball_search_stopped'====== Args={}
2026-01-28 15:48:25,854 : INFO : SwitchController : <<<<<<< 's_lane_right' inactive >>>>>>>
2026-01-28 15:48:26,366 : INFO : SwitchController : <<<<<<< 's_orbit_right' active >>>>>>>
2026-01-28 15:48:26,367 : INFO : EventManager : Event: ======'sw_playfield_active'====== Args={}
2026-01-28 15:48:26,414 : INFO : SwitchController : <<<<<<< 's_orbit_right' inactive >>>>>>>
2026-01-28 15:48:26,771 : INFO : SwitchController : <<<<<<< 's_orbit_left' active >>>>>>>
2026-01-28 15:48:26,771 : INFO : EventManager : Event: ======'sw_playfield_active'====== Args={}
2026-01-28 15:48:26,802 : INFO : coil.c_start_button_led : Enabling Driver with power 1.0 (pulse_ms 10ms and pulse_power 1.0)
2026-01-28 15:48:26,832 : INFO : SwitchController : <<<<<<< 's_orbit_left' inactive >>>>>>>
2026-01-28 15:48:27,802 : INFO : coil.c_start_button_led : Disabling Driver
2026-01-28 15:48:28,174 : INFO : EventManager : Event: ======'attract_cycle_step5'====== Args={}
2026-01-28 15:48:28,799 : INFO : coil.c_start_button_led : Enabling Driver with power 1.0 (pulse_ms 10ms and pulse_power 1.0)
2026-01-28 15:48:29,802 : INFO : coil.c_start_button_led : Disabling Driver
2026-01-28 15:48:30,444 : INFO : EventManager : Event: ======'balldevice_bd_trough_ball_count_changed'====== Args={'balls': 5}
2026-01-28 15:48:30,444 : WARNING : ball_device.bd_trough : Ball disappeared while idle. This should not normally happen.
2026-01-28 15:48:30,444 : INFO : EventManager : Event: ======'balldevice_playfield_ball_enter'====== Args={'new_balls': 1, 'unclaimed_balls': 1, 'device': <playfield.playfield>}
2026-01-28 15:48:30,444 : INFO : EventManager : Event: ======'playfield_ball_count_change'====== Args={'balls': 2, 'change': 1}
2026-01-28 15:48:30,445 : INFO : ball_device.bd_trough : 1 ball(s) missing from device. Mechanical eject? False
2026-01-28 15:48:30,445 : INFO : EventManager : Event: ======'balldevice_bd_trough_ball_missing'====== Args={'balls': 1}
2026-01-28 15:48:30,446 : INFO : EventManager : Event: ======'balldevice_ball_missing'====== Args={'balls': 1, 'name': 'bd_trough'}
2026-01-28 15:48:30,788 : INFO : coil.c_start_button_led : Enabling Driver with power 1.0 (pulse_ms 10ms and pulse_power 1.0)
2026-01-28 15:48:31,802 : INFO : coil.c_start_button_led : Disabling Driver
2026-01-28 15:48:32,789 : INFO : Timer.attract_carousel_timer : Timer Complete
2026-01-28 15:48:32,789 : INFO : Timer.attract_carousel_timer : Stopping Timer
2026-01-28 15:48:32,789 : INFO : EventManager : Event: ======'timer_attract_carousel_timer_stopped'====== Args={'ticks': 1, 'ticks_remaining': 1}
2026-01-28 15:48:32,789 : INFO : EventManager : Event: ======'timer_attract_carousel_timer_complete'====== Args={'ticks': 1, 'ticks_remaining': 1}
2026-01-28 15:48:32,789 : INFO : coil.c_start_button_led : Enabling Driver with power 1.0 (pulse_ms 10ms and pulse_power 1.0)
2026-01-28 15:48:32,789 : INFO : EventManager : Event: ======'carousel_item_highlighted'====== Args={'carousel': 'attract', 'direction': 'forwards', 'item': 'hotrod_pinball_logo'}
2026-01-28 15:48:32,791 : INFO : Timer.attract_carousel_timer : Starting Timer.
2026-01-28 15:48:32,791 : INFO : EventManager : Event: ======'timer_attract_carousel_timer_started'====== Args={'ticks': 0, 'ticks_remaining': 1}
2026-01-28 15:48:32,791 : INFO : EventManager : Event: ======'timer_attract_carousel_timer_tick'====== Args={'ticks': 0, 'ticks_remaining': 1}
2026-01-28 15:48:33,792 : INFO : coil.c_start_button_led : Disabling Driver
2026-01-28 15:48:34,121 : INFO : SwitchController : <<<<<<< 's_trough_6' active >>>>>>>
2026-01-28 15:48:34,435 : INFO : EventManager : Event: ======'balldevice_bd_trough_ball_count_changed'====== Args={'balls': 6}
2026-01-28 15:48:34,435 : INFO : ball_device.bd_trough : Received unexpected ball
2026-01-28 15:48:34,435 : INFO : EventManager : Event: ======'balldevice_captured_from_playfield'====== Args={'balls': 1}
2026-01-28 15:48:34,435 : INFO : EventManager : Event: ======'sw_playfield_active'====== Args={'balls': 1}
2026-01-28 15:48:34,435 : INFO : EventManager : Event: ======'playfield_ball_count_change'====== Args={'balls': 1, 'change': -1}
2026-01-28 15:48:34,436 : INFO : EventManager : Event: ======'balldevice_bd_trough_ball_enter'====== Args={'new_balls': 1, 'unclaimed_balls': 1, 'new_available_balls': 1, 'device': <ball_device.bd_trough>}
2026-01-28 15:48:34,437 : INFO : EventManager : Event: ======'ball_drain'====== Args={'device': <ball_device.bd_trough>, 'balls': 1}
2026-01-28 15:48:34,437 : INFO : EventManager : Event: ======'balldevice_balls_available'====== Args={}
2026-01-28 15:48:34,437 : INFO : EventManager : Event: ======'balldevice_bd_trough_ball_entered'====== Args={'new_balls': 1, 'device': <ball_device.bd_trough>}
2026-01-28 15:48:34,791 : INFO : coil.c_start_button_led : Enabling Driver with power 1.0 (pulse_ms 10ms and pulse_power 1.0)
2026-01-28 15:48:35,793 : INFO : coil.c_start_button_led : Disabling Driver
2026-01-28 15:48:36,796 : INFO : coil.c_start_button_led : Enabling Driver with power 1.0 (pulse_ms 10ms and pulse_power 1.0)
2026-01-28 15:48:37,797 : INFO : coil.c_start_button_led : Disabling Driver
2026-01-28 15:48:38,796 : INFO : coil.c_start_button_led : Enabling Driver with power 1.0 (pulse_ms 10ms and pulse_power 1.0)
2026-01-28 15:48:39,798 : INFO : Timer.attract_carousel_timer : Timer Complete
2026-01-28 15:48:39,798 : INFO : Timer.attract_carousel_timer : Stopping Timer
2026-01-28 15:48:39,798 : INFO : EventManager : Event: ======'timer_attract_carousel_timer_stopped'====== Args={'ticks': 1, 'ticks_remaining': 1}
2026-01-28 15:48:39,798 : INFO : EventManager : Event: ======'timer_attract_carousel_timer_complete'====== Args={'ticks': 1, 'ticks_remaining': 1}
2026-01-28 15:48:39,798 : INFO : coil.c_start_button_led : Disabling Driver
2026-01-28 15:48:39,799 : INFO : EventManager : Event: ======'carousel_item_highlighted'====== Args={'carousel': 'attract', 'direction': 'forwards', 'item': 'mpf_logo'}
2026-01-28 15:48:39,799 : INFO : Timer.attract_carousel_timer : Starting Timer.
2026-01-28 15:48:39,799 : INFO : EventManager : Event: ======'timer_attract_carousel_timer_started'====== Args={'ticks': 0, 'ticks_remaining': 1}
2026-01-28 15:48:39,799 : INFO : EventManager : Event: ======'timer_attract_carousel_timer_tick'====== Args={'ticks': 0, 'ticks_remaining': 1}
2026-01-28 15:48:40,794 : INFO : coil.c_start_button_led : Enabling Driver with power 1.0 (pulse_ms 10ms and pulse_power 1.0)
2026-01-28 15:48:41,798 : INFO : coil.c_start_button_led : Disabling Driver
2026-01-28 15:48:42,800 : INFO : coil.c_start_button_led : Enabling Driver with power 1.0 (pulse_ms 10ms and pulse_power 1.0)
2026-01-28 15:48:43,801 : INFO : coil.c_start_button_led : Disabling Driver
2026-01-28 15:48:44,801 : INFO : coil.c_start_button_led : Enabling Driver with power 1.0 (pulse_ms 10ms and pulse_power 1.0)
2026-01-28 15:48:45,795 : INFO : coil.c_start_button_led : Disabling Driver
2026-01-28 15:48:46,798 : INFO : Timer.attract_carousel_timer : Timer Complete
2026-01-28 15:48:46,798 : INFO : Timer.attract_carousel_timer : Stopping Timer
2026-01-28 15:48:46,798 : INFO : EventManager : Event: ======'timer_attract_carousel_timer_stopped'====== Args={'ticks': 1, 'ticks_remaining': 1}
2026-01-28 15:48:46,798 : INFO : EventManager : Event: ======'timer_attract_carousel_timer_complete'====== Args={'ticks': 1, 'ticks_remaining': 1}
2026-01-28 15:48:46,798 : INFO : coil.c_start_button_led : Enabling Driver with power 1.0 (pulse_ms 10ms and pulse_power 1.0)
2026-01-28 15:48:46,799 : INFO : EventManager : Event: ======'carousel_item_highlighted'====== Args={'carousel': 'attract', 'direction': 'forwards', 'item': 'credits'}
2026-01-28 15:48:46,799 : INFO : Timer.attract_carousel_timer : Starting Timer.
2026-01-28 15:48:46,799 : INFO : EventManager : Event: ======'timer_attract_carousel_timer_started'====== Args={'ticks': 0, 'ticks_remaining': 1}
2026-01-28 15:48:46,799 : INFO : EventManager : Event: ======'timer_attract_carousel_timer_tick'====== Args={'ticks': 0, 'ticks_remaining': 1}
2026-01-28 15:48:47,795 : INFO : coil.c_start_button_led : Disabling Driver
2026-01-28 15:48:48,801 : INFO : coil.c_start_button_led : Enabling Driver with power 1.0 (pulse_ms 10ms and pulse_power 1.0)
2026-01-28 15:48:49,349 : INFO : EventManager : Event: ======'attract_cycle_step6'====== Args={}
2026-01-28 15:48:49,427 : INFO : BallSearch.playfield : Starting ball search
2026-01-28 15:48:49,427 : INFO : EventManager : Event: ======'ball_search_started'====== Args={}
2026-01-28 15:48:49,427 : INFO : EventManager : Event: ======'ball_search_phase_1'====== Args={'iteration': 1}
2026-01-28 15:48:49,427 : INFO : coil.c_bumper_left : Pulsing Driver for 40ms (0.75 pulse_power)
2026-01-28 15:48:49,679 : INFO : coil.c_bumper_right : Pulsing Driver for 40ms (0.75 pulse_power)
2026-01-28 15:48:49,804 : INFO : coil.c_start_button_led : Disabling Driver
2026-01-28 15:48:49,928 : INFO : coil.c_bumper_center : Pulsing Driver for 40ms (0.75 pulse_power)
2026-01-28 15:48:50,179 : INFO : coil.c_sling_left : Pulsing Driver for 40ms (0.875 pulse_power)
2026-01-28 15:48:50,429 : INFO : coil.c_sling_right : Pulsing Driver for 40ms (0.875 pulse_power)
2026-01-28 15:48:50,679 : INFO : coil.c_plunger : Pulsing Driver for 25ms (0.75 pulse_power)
2026-01-28 15:48:50,693 : INFO : Machine : Shutting down...
2026-01-28 15:48:50,693 : INFO : EventManager : Event: ======'shutdown'====== Args={}
2026-01-28 15:48:50,791 : INFO : coil.c_start_button_led : Enabling Driver with power 1.0 (pulse_ms 10ms and pulse_power 1.0)
2026-01-28 15:48:50,794 : INFO : root : MPF run loop ended.
