2026-02-04 15:07:12,448 : INFO : root : Loading config.
2026-02-04 15:07:12,453 : INFO : YamlMultifileConfigLoader : Machine config file #1: config.yaml
2026-02-04 15:07:12,453 : INFO : ConfigProcessor : Loading config from cache: C:\Users\White\AppData\Local\Temp\a3b797834bb40dd7446067b901ab7015.mpf_cache
2026-02-04 15:07:12,572 : INFO : ConfigProcessor : Loading config from cache: C:\Users\White\AppData\Local\Temp\dad5790559879ba7ee54f647b10ee8f2.mpf_cache
2026-02-04 15:07:12,572 : INFO : ConfigProcessor : Loading config from cache: C:\Users\White\AppData\Local\Temp\91cc4d1c993c58dc354e34974b9cfeac.mpf_cache
2026-02-04 15:07:12,573 : INFO : ConfigProcessor : Loading config from cache: C:\Users\White\AppData\Local\Temp\d7e822d0c324dcf1f8f9639def199d61.mpf_cache
2026-02-04 15:07:12,574 : INFO : ConfigProcessor : Loading config from cache: C:\Users\White\AppData\Local\Temp\dad5790559879ba7ee54f647b10ee8f2.mpf_cache
2026-02-04 15:07:12,575 : INFO : ConfigProcessor : Loading config from cache: C:\Users\White\AppData\Local\Temp\2e07b0a6e32db31c9ca698e42f9cde3d.mpf_cache
2026-02-04 15:07:12,576 : WARNING : ConfigProcessor : Config file in cache changed: C:\Users\White\documents\top_Gun_Pinball\modes\base\config\base.yaml
2026-02-04 15:07:12,576 : INFO : ConfigProcessor : Loading config from file C:\Users\White\documents\top_Gun_Pinball\modes\base\config\base.yaml.
2026-02-04 15:07:12,596 : INFO : ConfigProcessor : Loading config: C:\Users\White\documents\top_Gun_Pinball\modes\base\config\base.yaml
2026-02-04 15:07:12,599 : INFO : ConfigProcessor : Config file cache created: C:\Users\White\AppData\Local\Temp\c692f4c80de2b8bca0785ef850b2cf50.mpf_cache
2026-02-04 15:07:12,599 : INFO : ConfigProcessor : Loading config from cache: C:\Users\White\AppData\Local\Temp\ae9f589463af8d4110cfe127b35c9ca5.mpf_cache
2026-02-04 15:07:12,600 : INFO : ConfigProcessor : Loading config from cache: C:\Users\White\AppData\Local\Temp\cd2055be308965dc8a7f742db62ee1e0.mpf_cache
2026-02-04 15:07:12,601 : INFO : ConfigProcessor : Loading config from cache: C:\Users\White\AppData\Local\Temp\51caa854c87125c8069d38d68cce38fd.mpf_cache
2026-02-04 15:07:12,602 : INFO : ConfigProcessor : Loading config from cache: C:\Users\White\AppData\Local\Temp\0f5b59ed9244ad07cd0a4467dd9a4fb6.mpf_cache
2026-02-04 15:07:12,602 : INFO : ConfigProcessor : Loading config from cache: C:\Users\White\AppData\Local\Temp\7c9c76ccc98c561c5e854f72577941fd.mpf_cache
2026-02-04 15:07:12,603 : INFO : ConfigProcessor : Loading config from cache: C:\Users\White\AppData\Local\Temp\229ea679df7c1db7d0078939f2587b5e.mpf_cache
2026-02-04 15:07:12,604 : INFO : ConfigProcessor : Loading config from cache: C:\Users\White\AppData\Local\Temp\084d8d366d37715487032fd969804fdb.mpf_cache
2026-02-04 15:07:12,605 : INFO : ConfigProcessor : Loading config from cache: C:\Users\White\AppData\Local\Temp\293583de99db2ac61cdc9f2b1168ec99.mpf_cache
2026-02-04 15:07:12,606 : INFO : ConfigProcessor : Loading config from cache: C:\Users\White\AppData\Local\Temp\591465083a565b7a763666127943eb34.mpf_cache
2026-02-04 15:07:12,608 : WARNING : ConfigProcessor : Config file in cache changed: C:\Users\White\documents\top_Gun_Pinball\modes\pilot_training_mission_inverted\config\pilot_training_mission_inverted.yaml
2026-02-04 15:07:12,609 : INFO : ConfigProcessor : Loading config from file C:\Users\White\documents\top_Gun_Pinball\modes\pilot_training_mission_inverted\config\pilot_training_mission_inverted.yaml.
