2026-02-22 20:21:57,850 : INFO : root : Loading config.
2026-02-22 20:21:57,853 : INFO : YamlMultifileConfigLoader : Machine config file #1: config.yaml
2026-02-22 20:21:57,855 : INFO : ConfigProcessor : Loading config from cache: C:\Users\White\AppData\Local\Temp\39c4b34018bdb564eab7cf26b7f669ee.mpf_cache
2026-02-22 20:21:57,965 : INFO : ConfigProcessor : Loading config from cache: C:\Users\White\AppData\Local\Temp\dcfa5ee5b10d64a3b94fd534c1aa451d.mpf_cache
2026-02-22 20:21:57,966 : INFO : ConfigProcessor : Loading config from cache: C:\Users\White\AppData\Local\Temp\91cc4d1c993c58dc354e34974b9cfeac.mpf_cache
2026-02-22 20:21:57,966 : INFO : ConfigProcessor : Loading config from cache: C:\Users\White\AppData\Local\Temp\35b01af7767e50eba76da865e2d7f95a.mpf_cache
2026-02-22 20:21:57,967 : INFO : ConfigProcessor : Loading config from cache: C:\Users\White\AppData\Local\Temp\954a0964095d05f049666b24b311e3e0.mpf_cache
2026-02-22 20:21:57,967 : INFO : ConfigProcessor : Loading config from cache: C:\Users\White\AppData\Local\Temp\dcfa5ee5b10d64a3b94fd534c1aa451d.mpf_cache
2026-02-22 20:21:57,968 : INFO : ConfigProcessor : Loading config from cache: C:\Users\White\AppData\Local\Temp\a9244cf73bd1b995c8229a78fecf001a.mpf_cache
2026-02-22 20:21:57,968 : INFO : ConfigProcessor : Loading config from cache: C:\Users\White\AppData\Local\Temp\981e6839caefcab32cd6f1225f0b1dcf.mpf_cache
2026-02-22 20:21:57,970 : INFO : ConfigProcessor : Loading config from cache: C:\Users\White\AppData\Local\Temp\78ac3c6ac2705ccef0aca6223f38636a.mpf_cache
2026-02-22 20:21:57,971 : INFO : ConfigProcessor : Loading config from cache: C:\Users\White\AppData\Local\Temp\a859aaec01fc9eda8e384946277a1be9.mpf_cache
2026-02-22 20:21:57,972 : INFO : ConfigProcessor : Loading config from cache: C:\Users\White\AppData\Local\Temp\3a2f2089f214eeb3c016e23cf6937b46.mpf_cache
2026-02-22 20:21:57,972 : INFO : ConfigProcessor : Loading config from cache: C:\Users\White\AppData\Local\Temp\d70718505753edc7bfae94d93c7e0d17.mpf_cache
2026-02-22 20:21:57,974 : INFO : ConfigProcessor : Loading config from cache: C:\Users\White\AppData\Local\Temp\824f161cac9e4c9f1443132020691281.mpf_cache
2026-02-22 20:21:57,975 : INFO : ConfigProcessor : Loading config from cache: C:\Users\White\AppData\Local\Temp\ba6e93360aa60032a4b7b34f9cffdce0.mpf_cache
2026-02-22 20:21:57,976 : INFO : ConfigProcessor : Loading config from cache: C:\Users\White\AppData\Local\Temp\a18f6718f5a170b21c37bd725ebae781.mpf_cache
2026-02-22 20:21:57,977 : INFO : ConfigProcessor : Loading config from cache: C:\Users\White\AppData\Local\Temp\8709151c8d2d3863b5fceda4c115c736.mpf_cache
2026-02-22 20:21:57,977 : INFO : ConfigProcessor : Loading config from cache: C:\Users\White\AppData\Local\Temp\769cd60133e5c0b9a985e6e3690a3631.mpf_cache
2026-02-22 20:21:57,978 : INFO : ConfigProcessor : Loading config from cache: C:\Users\White\AppData\Local\Temp\88387b71764ec8c6867c539ea54a2040.mpf_cache
2026-02-22 20:21:57,980 : INFO : ConfigProcessor : Loading config from cache: C:\Users\White\AppData\Local\Temp\2b752b47ed38224cd6b4953549e961ec.mpf_cache
2026-02-22 20:21:57,981 : INFO : ConfigProcessor : Loading config from cache: C:\Users\White\AppData\Local\Temp\bc5a83a7db04a21de896bef4617be537.mpf_cache
2026-02-22 20:21:57,983 : INFO : ConfigProcessor : Loading config from cache: C:\Users\White\AppData\Local\Temp\f74d72009f4dabec10fde825e0863a15.mpf_cache
2026-02-22 20:21:57,983 : INFO : ConfigProcessor : Loading config from cache: C:\Users\White\AppData\Local\Temp\9ea7462f1dcba752602eb310d0ad4a44.mpf_cache
2026-02-22 20:21:57,984 : INFO : ConfigProcessor : Loading config from cache: C:\Users\White\AppData\Local\Temp\96651e0be7a1992a8a7abf26a9350bb6.mpf_cache
2026-02-22 20:21:57,987 : INFO : ConfigProcessor : Loading config from cache: C:\Users\White\AppData\Local\Temp\cbfc37a30bf6aa1a7a2aa4e455a94298.mpf_cache
2026-02-22 20:21:57,988 : INFO : ConfigProcessor : Loading config from cache: C:\Users\White\AppData\Local\Temp\fccb93411cf20b3ccac68b1dad0cbb88.mpf_cache
2026-02-22 20:21:57,989 : INFO : ConfigProcessor : Loading config from cache: C:\Users\White\AppData\Local\Temp\e16268268679c5881d2554ba916948dd.mpf_cache
2026-02-22 20:21:57,991 : INFO : ConfigProcessor : Loading config from cache: C:\Users\White\AppData\Local\Temp\81f3f7be5108efd0b69d2cf71a558028.mpf_cache
2026-02-22 20:21:57,992 : INFO : ConfigProcessor : Loading config from cache: C:\Users\White\AppData\Local\Temp\a97027ed54ab7f7f55eb3caa54f968f3.mpf_cache
2026-02-22 20:21:57,993 : INFO : ConfigProcessor : Loading config from cache: C:\Users\White\AppData\Local\Temp\fd6f0b40037ebf84651c592cbc8bc03a.mpf_cache
2026-02-22 20:21:57,994 : INFO : ConfigProcessor : Loading config from cache: C:\Users\White\AppData\Local\Temp\e1cebbcae09bac7286b592746f768daa.mpf_cache
2026-02-22 20:21:57,994 : INFO : ConfigProcessor : Loading config from cache: C:\Users\White\AppData\Local\Temp\55d5943d63961b44af3f854c02c721ad.mpf_cache
2026-02-22 20:21:57,995 : INFO : ConfigProcessor : Loading config from cache: C:\Users\White\AppData\Local\Temp\8f22b463b668cef8fc8e91f8271e08dd.mpf_cache
2026-02-22 20:21:57,998 : INFO : ConfigProcessor : Loading config from cache: C:\Users\White\AppData\Local\Temp\9ac10604873d355c34af0d8445abb8db.mpf_cache
2026-02-22 20:21:58,001 : INFO : ConfigProcessor : Loading config from cache: C:\Users\White\AppData\Local\Temp\77e3efdaa7991fde2ded950a578d622d.mpf_cache
2026-02-22 20:21:58,004 : INFO : ConfigProcessor : Loading config from cache: C:\Users\White\AppData\Local\Temp\19da4e94fc5ce3c5f810a9c7463c1354.mpf_cache
2026-02-22 20:21:58,005 : INFO : ConfigProcessor : Loading config from cache: C:\Users\White\AppData\Local\Temp\4443efc54f3a5f57a313f4078fbddd50.mpf_cache
2026-02-22 20:21:58,008 : INFO : ConfigProcessor : Loading config from cache: C:\Users\White\AppData\Local\Temp\88f72734ea72fc22245e5b82d5a75cb6.mpf_cache
2026-02-22 20:21:58,008 : INFO : ConfigProcessor : Loading config from cache: C:\Users\White\AppData\Local\Temp\2b3f78690e4e473b8e5df94cdc0ab039.mpf_cache
2026-02-22 20:21:58,010 : INFO : ConfigProcessor : Loading config from cache: C:\Users\White\AppData\Local\Temp\fa987fd2c3266ab64543e0b64578d739.mpf_cache
2026-02-22 20:21:58,013 : INFO : ConfigProcessor : Loading config from cache: C:\Users\White\AppData\Local\Temp\f26c5a15de77ef0685e209821eddbe7d.mpf_cache
2026-02-22 20:21:58,015 : INFO : ConfigProcessor : Loading config from cache: C:\Users\White\AppData\Local\Temp\c2c1510818de090aac140fad4cc773a2.mpf_cache
2026-02-22 20:21:58,016 : INFO : ConfigProcessor : Loading config from cache: C:\Users\White\AppData\Local\Temp\98d3d7eb23a2f141af3b9c324af06e38.mpf_cache
2026-02-22 20:21:58,021 : INFO : ConfigProcessor : Loading config from cache: C:\Users\White\AppData\Local\Temp\9a3b340b295c94e005fb29d2d35803d1.mpf_cache
2026-02-22 20:21:58,028 : INFO : ConfigProcessor : Loading config from cache: C:\Users\White\AppData\Local\Temp\6a788fdfb83194d81af99a12c59a319a.mpf_cache
2026-02-22 20:21:58,030 : INFO : ConfigProcessor : Loading config from cache: C:\Users\White\AppData\Local\Temp\2fe82acdc56ea652ff3066fd375b17fa.mpf_cache
2026-02-22 20:21:58,031 : INFO : ConfigProcessor : Loading config from cache: C:\Users\White\AppData\Local\Temp\d567fbe46807f36791c9019d207c2440.mpf_cache
2026-02-22 20:21:58,033 : INFO : ConfigProcessor : Loading config from cache: C:\Users\White\AppData\Local\Temp\4e3068d09bb0285319ebd926b91ae940.mpf_cache
2026-02-22 20:21:58,034 : INFO : ConfigProcessor : Loading config from cache: C:\Users\White\AppData\Local\Temp\669bfab06c6aa3a1674b0f4b50ae7a3c.mpf_cache
2026-02-22 20:21:58,035 : INFO : ConfigProcessor : Loading config from cache: C:\Users\White\AppData\Local\Temp\a6fe037899bc77554e846472e6476319.mpf_cache
2026-02-22 20:21:58,037 : INFO : ConfigProcessor : Loading config from cache: C:\Users\White\AppData\Local\Temp\cd20ab9d6bcfc3d94797e381db389ad9.mpf_cache
2026-02-22 20:21:58,038 : INFO : ConfigProcessor : Loading config from cache: C:\Users\White\AppData\Local\Temp\d763b47a22b017336bfbe57a6af89149.mpf_cache
2026-02-22 20:21:58,039 : INFO : ConfigProcessor : Loading config from cache: C:\Users\White\AppData\Local\Temp\386baade319655b6aedfa45ddbf562f0.mpf_cache
2026-02-22 20:21:58,040 : INFO : ConfigProcessor : Loading config from cache: C:\Users\White\AppData\Local\Temp\0ba5adb65e1d75578edd80699100c28e.mpf_cache
2026-02-22 20:21:58,041 : INFO : ConfigProcessor : Loading config from cache: C:\Users\White\AppData\Local\Temp\b5471f08be9278463d25e3c2f06df8dd.mpf_cache
2026-02-22 20:21:58,043 : INFO : ConfigProcessor : Loading config from cache: C:\Users\White\AppData\Local\Temp\0420af4d870b9d4dca0c113858eeb892.mpf_cache
2026-02-22 20:21:58,044 : INFO : ConfigProcessor : Loading config from cache: C:\Users\White\AppData\Local\Temp\29db96f2862a8d571fce5d97e7bfa998.mpf_cache
2026-02-22 20:21:58,044 : INFO : ConfigProcessor : Loading config from cache: C:\Users\White\AppData\Local\Temp\c4e65309e05241fe1ada1112ae55c9ef.mpf_cache
2026-02-22 20:21:58,046 : INFO : Machine : Mission Pinball Framework Core Engine v0.80.0.dev11
2026-02-22 20:21:58,046 : INFO : Machine : Command line arguments: {'no_load_cache': False, 'create_config_cache': True, 'bcp': True, 'configfile': ['config.yaml'], 'force_assets_load': False, 'platform_integration_test': False, 'jsonlogging': False, 'logfile': 'logs\\2026-02-22-20-21-57-mpf-TopGunPinball.log', 'pause': False, 'production': False, 'text_ui': False, 'loglevel': 15, 'consoleloglevel': 20, 'force_platform': None, 'syslog_address': None, 'full_logfile_path': 'C:\\Users\\White\\documents\\top_gun_pinball\\logs\\2026-02-22-20-21-57-mpf-TopGunPinball.log'}
2026-02-22 20:21:58,046 : INFO : Machine : MPF path: C:\Users\White\mpf\Lib\site-packages\mpf
2026-02-22 20:21:58,046 : INFO : Machine : Machine path: C:\Users\White\documents\top_gun_pinball
2026-02-22 20:21:58,046 : INFO : Machine : Platform: win32
2026-02-22 20:21:58,046 : INFO : Machine : Python executable location: C:\Users\White\mpf\Scripts\python.exe
2026-02-22 20:21:58,046 : INFO : Machine : Python version: 3.12.7 (64-bit)
2026-02-22 20:21:58,048 : INFO : Machine : Initializing MPF...
2026-02-22 20:21:58,160 : INFO : FAST : Auto-detecting ports for the following connections: ['net', 'exp', 'aud']
2026-02-22 20:21:58,760 : INFO : FAST : Detected AUD on port COM7
2026-02-22 20:21:58,760 : INFO : FAST : Detected NET on port COM3
2026-02-22 20:21:58,806 : INFO : FAST : Detected EXP on port COM4
2026-02-22 20:21:58,916 : INFO : FAST [NET] : Trying to connect to COM3 at 921600bps
2026-02-22 20:21:58,993 : INFO : FAST [NET] : Connected to COM3 at 921600bps
2026-02-22 20:21:59,008 : INFO : FAST [NET] : Connected to FP-CPU-2000 with firmware v02.26
2026-02-22 20:21:59,040 : INFO : FAST [NET] : Registered I/O Board 0: Model: FP-I/O-0024, Firmware: 01.10, Switches: 24, Drivers: 8
2026-02-22 20:21:59,055 : INFO : FAST [NET] : Registered I/O Board 1: Model: FP-I/O-3208, Firmware: 01.10, Switches: 32, Drivers: 8
2026-02-22 20:21:59,071 : INFO : FAST [NET] : Registered I/O Board 2: Model: FP-I/O-3208, Firmware: 01.10, Switches: 32, Drivers: 8
2026-02-22 20:21:59,087 : INFO : FAST [NET] : Registered I/O Board 3: Model: FP-I/O-0804, Firmware: 01.10, Switches: 8, Drivers: 4
2026-02-22 20:21:59,102 : INFO : FAST [NET] : Registered I/O Board 4: Model: FP-I/O-0804, Firmware: 01.10, Switches: 8, Drivers: 4
2026-02-22 20:21:59,106 : INFO : FAST [EXP] : Trying to connect to COM4 at 921600bps
2026-02-22 20:21:59,183 : INFO : FAST [EXP] : Connected to COM4 at 921600bps
2026-02-22 20:21:59,196 : INFO : FAST [EXP] : Verifying hardware for EXP "neuron" (FP-EXP-2000, @48) with ID string "EXP FP-EXP-2000  0.38", board address 48
2026-02-22 20:21:59,212 : INFO : FAST [EXP] : Verifying hardware for EXP "neuron" (FP-EXP-2000, @48) with ID string "LED FP-BRK-0001  0.8", board address 480
2026-02-22 20:21:59,243 : INFO : FAST [EXP] : Verifying hardware for EXP "light_expansion_board" (FP-EXP-0071, @B4) with ID string "EXP FP-EXP-0071  0.38", board address B4
2026-02-22 20:21:59,258 : INFO : FAST [EXP] : Verifying hardware for EXP "light_expansion_board" (FP-EXP-0071, @B4) with ID string "BRK FP-EXP-0071  0.38", board address B40
2026-02-22 20:21:59,275 : INFO : FAST [AUD] : Trying to connect to COM7 at 230400bps
2026-02-22 20:21:59,424 : INFO : FAST [AUD] : Connected to COM7 at 230400bps
2026-02-22 20:21:59,431 : WARNING : FAST [AUD] : Received XX response:F
2026-02-22 20:21:59,431 : WARNING : FAST [AUD] : Received XX response:F
2026-02-22 20:21:59,431 : WARNING : FAST [AUD] : Received XX response:F
2026-02-22 20:21:59,431 : WARNING : FAST [AUD] : Received XX response:F
2026-02-22 20:21:59,431 : INFO : FAST [AUD] : Connected to FP-AUD-0099 with firmware v0.10
2026-02-22 20:21:59,432 : INFO : EventManager : Event: ======'machine_var_credits_string'====== Args={'value': 'FREE PLAY', 'prev_value': None, 'change': True}
2026-02-22 20:21:59,464 : INFO : EventManager : Event: ======'machine_var_audit_balls_played'====== Args={'value': 0, 'prev_value': None, 'change': True}
2026-02-22 20:21:59,464 : INFO : EventManager : Event: ======'machine_var_audit_games_played'====== Args={'value': 0, 'prev_value': None, 'change': True}
2026-02-22 20:21:59,464 : INFO : EventManager : Event: ======'machine_var_audit_high_score'====== Args={'value': 0, 'prev_value': None, 'change': True}
2026-02-22 20:21:59,464 : INFO : EventManager : Event: ======'machine_var_audit_total_game_time'====== Args={'value': 0, 'prev_value': None, 'change': True}
2026-02-22 20:21:59,464 : INFO : EventManager : Event: ======'machine_var_audit_total_plays'====== Args={'value': 0, 'prev_value': None, 'change': True}
2026-02-22 20:21:59,464 : INFO : EventManager : Event: ======'machine_var_fast_audio_headphones_volume'====== Args={'value': 50, 'prev_value': None, 'change': True}
2026-02-22 20:21:59,464 : INFO : EventManager : Event: ======'machine_var_fast_audio_main_volume'====== Args={'value': 29, 'prev_value': None, 'change': True}
2026-02-22 20:21:59,464 : INFO : EventManager : Event: ======'machine_var_master_volume'====== Args={'value': 0.5, 'prev_value': None, 'change': True}
2026-02-22 20:21:59,464 : INFO : EventManager : Event: ======'machine_var_player1_score'====== Args={'value': 4824844, 'prev_value': None, 'change': True}
2026-02-22 20:21:59,464 : INFO : EventManager : Event: ======'machine_var_service_menu_level'====== Args={'value': 0, 'prev_value': None, 'change': True}
2026-02-22 20:21:59,464 : INFO : EventManager : Event: ======'machine_var_service_main_index'====== Args={'value': 0, 'prev_value': None, 'change': True}
2026-02-22 20:21:59,465 : INFO : EventManager : Event: ======'machine_var_service_switch_index'====== Args={'value': 0, 'prev_value': None, 'change': True}
2026-02-22 20:21:59,465 : INFO : EventManager : Event: ======'machine_var_service_coil_index'====== Args={'value': 0, 'prev_value': None, 'change': True}
2026-02-22 20:21:59,465 : INFO : EventManager : Event: ======'machine_var_service_light_index'====== Args={'value': 0, 'prev_value': None, 'change': True}
2026-02-22 20:21:59,465 : INFO : EventManager : Event: ======'machine_var_service_light_color_index'====== Args={'value': 0, 'prev_value': None, 'change': True}
2026-02-22 20:21:59,465 : INFO : EventManager : Event: ======'machine_var_service_adjustment_index'====== Args={'value': 0, 'prev_value': None, 'change': True}
2026-02-22 20:21:59,465 : INFO : EventManager : Event: ======'machine_var_service_audit_index'====== Args={'value': 0, 'prev_value': None, 'change': True}
2026-02-22 20:21:59,465 : INFO : EventManager : Event: ======'machine_var_service_feature_index'====== Args={'value': 0, 'prev_value': None, 'change': True}
2026-02-22 20:21:59,465 : INFO : EventManager : Event: ======'machine_var_service_main_text'====== Args={'value': 'SWITCH TEST', 'prev_value': None, 'change': True}
2026-02-22 20:21:59,465 : INFO : EventManager : Event: ======'machine_var_service_switch_name'====== Args={'value': 'Start Button', 'prev_value': None, 'change': True}
2026-02-22 20:21:59,465 : INFO : EventManager : Event: ======'machine_var_service_switch_num'====== Args={'value': 'Switch 1/63', 'prev_value': None, 'change': True}
2026-02-22 20:21:59,465 : INFO : EventManager : Event: ======'machine_var_service_switch_state'====== Args={'value': 'OPEN', 'prev_value': None, 'change': True}
2026-02-22 20:21:59,465 : INFO : EventManager : Event: ======'machine_var_service_coil_name'====== Args={'value': 'Left Flipper', 'prev_value': None, 'change': True}
2026-02-22 20:21:59,465 : INFO : EventManager : Event: ======'machine_var_service_coil_num'====== Args={'value': 'Coil 1/22', 'prev_value': None, 'change': True}
2026-02-22 20:21:59,465 : INFO : EventManager : Event: ======'machine_var_service_light_name'====== Args={'value': 'Eject Insert', 'prev_value': None, 'change': True}
2026-02-22 20:21:59,467 : INFO : EventManager : Event: ======'machine_var_service_light_num'====== Args={'value': 'Light 1/91', 'prev_value': None, 'change': True}
2026-02-22 20:21:59,467 : INFO : EventManager : Event: ======'machine_var_service_servo_index'====== Args={'value': 0, 'prev_value': None, 'change': True}
2026-02-22 20:21:59,467 : INFO : EventManager : Event: ======'machine_var_service_servo_name'====== Args={'value': 'Right Ramp', 'prev_value': None, 'change': True}
2026-02-22 20:21:59,467 : INFO : EventManager : Event: ======'machine_var_service_servo_num'====== Args={'value': 'Servo 1/6', 'prev_value': None, 'change': True}
2026-02-22 20:21:59,467 : INFO : EventManager : Event: ======'machine_var_service_servo_position'====== Args={'value': 'Pos: 0.05', 'prev_value': None, 'change': True}
2026-02-22 20:21:59,467 : INFO : EventManager : Event: ======'machine_var_service_adjustment_name'====== Args={'value': 'Balls Per Game', 'prev_value': None, 'change': True}
2026-02-22 20:21:59,467 : INFO : EventManager : Event: ======'machine_var_service_adjustment_num'====== Args={'value': 'Setting 1/15', 'prev_value': None, 'change': True}
2026-02-22 20:21:59,467 : INFO : EventManager : Event: ======'machine_var_service_audit_name'====== Args={'value': 'Games Played', 'prev_value': None, 'change': True}
2026-02-22 20:21:59,467 : INFO : EventManager : Event: ======'machine_var_service_audit_num'====== Args={'value': 'Audit 1/10', 'prev_value': None, 'change': True}
2026-02-22 20:21:59,467 : INFO : EventManager : Event: ======'machine_var_service_feature_name'====== Args={'value': 'Pilot Mode Timer', 'prev_value': None, 'change': True}
2026-02-22 20:21:59,467 : INFO : EventManager : Event: ======'machine_var_service_feature_num'====== Args={'value': 'Feature 1/10', 'prev_value': None, 'change': True}
2026-02-22 20:21:59,467 : INFO : EventManager : Event: ======'machine_var_mpf_version'====== Args={'value': 'Mission Pinball Framework v0.80.0.dev11', 'prev_value': None, 'change': True}
2026-02-22 20:21:59,467 : INFO : EventManager : Event: ======'machine_var_mpf_extended_version'====== Args={'value': 'Mission Pinball Framework v0.80.0.dev11, Config version:6, Show version: 6, BCP version:1.1', 'prev_value': None, 'change': True}
2026-02-22 20:21:59,468 : INFO : EventManager : Event: ======'machine_var_python_version'====== Args={'value': '3.12.7', 'prev_value': None, 'change': True}
2026-02-22 20:21:59,621 : INFO : EventManager : Event: ======'machine_var_platform'====== Args={'value': 'Windows-11-10.0.26100-SP0', 'prev_value': None, 'change': True}
2026-02-22 20:21:59,621 : INFO : EventManager : Event: ======'machine_var_platform_system'====== Args={'value': 'Windows', 'prev_value': None, 'change': True}
2026-02-22 20:21:59,621 : INFO : EventManager : Event: ======'machine_var_platform_release'====== Args={'value': '11', 'prev_value': None, 'change': True}
2026-02-22 20:21:59,621 : INFO : EventManager : Event: ======'machine_var_platform_version'====== Args={'value': '10.0.26100', 'prev_value': None, 'change': True}
2026-02-22 20:21:59,621 : INFO : EventManager : Event: ======'machine_var_platform_machine'====== Args={'value': 'AMD64', 'prev_value': None, 'change': True}
2026-02-22 20:21:59,621 : INFO : EventManager : Event: ======'machine_var_log_file_path'====== Args={'value': 'C:\\Users\\White\\documents\\top_gun_pinball\\logs\\2026-02-22-20-21-57-mpf-TopGunPinball.log', 'prev_value': None, 'change': True}
2026-02-22 20:21:59,621 : INFO : EventManager : Event: ======'init_phase_1'====== Args={}
2026-02-22 20:22:04,156 : INFO : SwitchController : <<<<<<< 's_48v_disable' active >>>>>>>
2026-02-22 20:22:04,156 : INFO : SwitchController : <<<<<<< 's_trough_1' active >>>>>>>
2026-02-22 20:22:04,156 : INFO : SwitchController : <<<<<<< 's_trough_2' active >>>>>>>
2026-02-22 20:22:04,156 : INFO : SwitchController : <<<<<<< 's_trough_3' active >>>>>>>
2026-02-22 20:22:04,156 : INFO : SwitchController : <<<<<<< 's_trough_4' active >>>>>>>
2026-02-22 20:22:04,156 : INFO : SwitchController : <<<<<<< 's_trough_5' active >>>>>>>
2026-02-22 20:22:04,157 : INFO : SwitchController : <<<<<<< 's_trough_6' active >>>>>>>
2026-02-22 20:22:04,157 : INFO : SwitchController : <<<<<<< 's_ramp_inner_exit' active >>>>>>>
2026-02-22 20:22:04,191 : INFO : EventManager : Event: ======'init_phase_2'====== Args={}
2026-02-22 20:22:04,192 : INFO : SwitchController : Found active switch: (0, [FAST Platform Interface]) <switch.s_48v_disable>
2026-02-22 20:22:04,192 : INFO : SwitchController : Found active switch: (24, [FAST Platform Interface]) <switch.s_trough_1>
2026-02-22 20:22:04,192 : INFO : SwitchController : Found active switch: (25, [FAST Platform Interface]) <switch.s_trough_2>
2026-02-22 20:22:04,192 : INFO : SwitchController : Found active switch: (26, [FAST Platform Interface]) <switch.s_trough_3>
2026-02-22 20:22:04,192 : INFO : SwitchController : Found active switch: (27, [FAST Platform Interface]) <switch.s_trough_4>
2026-02-22 20:22:04,193 : INFO : SwitchController : Found active switch: (28, [FAST Platform Interface]) <switch.s_trough_5>
2026-02-22 20:22:04,193 : INFO : SwitchController : Found active switch: (29, [FAST Platform Interface]) <switch.s_trough_6>
2026-02-22 20:22:04,193 : INFO : SwitchController : Found active switch: (78, [FAST Platform Interface]) <switch.s_ramp_inner_exit>
2026-02-22 20:22:04,411 : INFO : EventManager : Event: ======'bcp_connection_attempt'====== Args={'name': 'local_display', 'host': 'localhost', 'port': 5050}
2026-02-22 20:22:04,413 : INFO : BCPClientSocket : Connecting BCP to 'local_display' at localhost:5050...
2026-02-22 20:22:04,425 : INFO : BCPClientSocket : Connected BCP to 'local_display' localhost:5050
2026-02-22 20:22:04,426 : INFO : EventManager : Event: ======'bcp_clients_connected'====== Args={}
2026-02-22 20:22:04,427 : INFO : ball_device.bd_plunger : BCH: Initial count: 0
2026-02-22 20:22:04,427 : INFO : ball_device.bd_plunger : State: idle
2026-02-22 20:22:04,470 : INFO : ball_device.bd_trough : BCH: Initial count: 6
2026-02-22 20:22:04,471 : INFO : ball_device.bd_trough : State: idle
2026-02-22 20:22:04,473 : INFO : ball_device.bd_lock_elevator : BCH: Initial count: 0
2026-02-22 20:22:04,474 : INFO : ball_device.bd_lock_elevator : State: idle
2026-02-22 20:22:04,474 : INFO : ball_device.bd_lock_goose : BCH: Initial count: 0
2026-02-22 20:22:04,475 : INFO : ball_device.bd_lock_goose : State: idle
2026-02-22 20:22:04,476 : INFO : ball_device.bd_lock_mav : BCH: Initial count: 0
2026-02-22 20:22:04,476 : INFO : ball_device.bd_lock_mav : State: idle
2026-02-22 20:22:04,477 : INFO : ball_device.bd_mode_scoop : BCH: Initial count: 0
2026-02-22 20:22:04,478 : INFO : ball_device.bd_mode_scoop : State: idle
2026-02-22 20:22:04,491 : INFO : EventManager : Event: ======'init_phase_3'====== Args={}
2026-02-22 20:22:07,175 : INFO : EventManager : Event: ======'init_phase_4'====== Args={}
2026-02-22 20:22:07,176 : INFO : BallController : Initial balls found: 6
2026-02-22 20:22:07,178 : INFO : EventManager : Event: ======'machine_var_audits_events_game_ended'====== Args={'value': 53, 'prev_value': None, 'change': True}
2026-02-22 20:22:07,178 : INFO : EventManager : Event: ======'machine_var_audits_events_game_started'====== Args={'value': 1031, 'prev_value': None, 'change': True}
2026-02-22 20:22:07,178 : INFO : EventManager : Event: ======'machine_var_audits_missing_switches_s_48v_disable'====== Args={'value': 210, 'prev_value': None, 'change': True}
2026-02-22 20:22:07,178 : INFO : EventManager : Event: ======'machine_var_audits_missing_switches_s_barrier_target'====== Args={'value': 7, 'prev_value': None, 'change': True}
2026-02-22 20:22:07,178 : INFO : EventManager : Event: ======'machine_var_audits_missing_switches_s_coin_door'====== Args={'value': 21, 'prev_value': None, 'change': True}
2026-02-22 20:22:07,178 : INFO : EventManager : Event: ======'machine_var_audits_missing_switches_s_coin_door_credit_left'====== Args={'value': 825, 'prev_value': None, 'change': True}
2026-02-22 20:22:07,178 : INFO : EventManager : Event: ======'machine_var_audits_missing_switches_s_coin_door_credit_right'====== Args={'value': 217, 'prev_value': None, 'change': True}
2026-02-22 20:22:07,180 : INFO : EventManager : Event: ======'machine_var_audits_missing_switches_s_coin_door_service_1'====== Args={'value': 60, 'prev_value': None, 'change': True}
2026-02-22 20:22:07,180 : INFO : EventManager : Event: ======'machine_var_audits_missing_switches_s_coin_door_service_2'====== Args={'value': 60, 'prev_value': None, 'change': True}
2026-02-22 20:22:07,180 : INFO : EventManager : Event: ======'machine_var_audits_missing_switches_s_coin_door_service_3'====== Args={'value': 21, 'prev_value': None, 'change': True}
2026-02-22 20:22:07,180 : INFO : EventManager : Event: ======'machine_var_audits_missing_switches_s_coin_door_service_4'====== Args={'value': 60, 'prev_value': None, 'change': True}
2026-02-22 20:22:07,180 : INFO : EventManager : Event: ======'machine_var_audits_missing_switches_s_flight_gear_target'====== Args={'value': 1, 'prev_value': None, 'change': True}
2026-02-22 20:22:07,180 : INFO : EventManager : Event: ======'machine_var_audits_missing_switches_s_inlane_left'====== Args={'value': 1, 'prev_value': None, 'change': True}
2026-02-22 20:22:07,180 : INFO : EventManager : Event: ======'machine_var_audits_missing_switches_s_inner_inlane_right'====== Args={'value': 6, 'prev_value': None, 'change': True}
2026-02-22 20:22:07,180 : INFO : EventManager : Event: ======'machine_var_audits_missing_switches_s_l_lock_target'====== Args={'value': 4, 'prev_value': None, 'change': True}
2026-02-22 20:22:07,180 : INFO : EventManager : Event: ======'machine_var_audits_missing_switches_s_lane_right'====== Args={'value': 1, 'prev_value': None, 'change': True}
2026-02-22 20:22:07,180 : INFO : EventManager : Event: ======'machine_var_audits_missing_switches_s_lock_goose'====== Args={'value': 15, 'prev_value': None, 'change': True}
2026-02-22 20:22:07,180 : INFO : EventManager : Event: ======'machine_var_audits_missing_switches_s_lock_mav'====== Args={'value': 15, 'prev_value': None, 'change': True}
2026-02-22 20:22:07,180 : INFO : EventManager : Event: ======'machine_var_audits_missing_switches_s_lock_plunger'====== Args={'value': 15, 'prev_value': None, 'change': True}
2026-02-22 20:22:07,180 : INFO : EventManager : Event: ======'machine_var_audits_missing_switches_s_mig_lane_right'====== Args={'value': 2, 'prev_value': None, 'change': True}
2026-02-22 20:22:07,180 : INFO : EventManager : Event: ======'machine_var_audits_missing_switches_s_mode_start'====== Args={'value': 15, 'prev_value': None, 'change': True}
2026-02-22 20:22:07,181 : INFO : EventManager : Event: ======'machine_var_audits_missing_switches_s_o_lock_target'====== Args={'value': 1, 'prev_value': None, 'change': True}
2026-02-22 20:22:07,181 : INFO : EventManager : Event: ======'machine_var_audits_missing_switches_s_orbit_lower'====== Args={'value': 2, 'prev_value': None, 'change': True}
2026-02-22 20:22:07,181 : INFO : EventManager : Event: ======'machine_var_audits_missing_switches_s_outer_inlane_right'====== Args={'value': 2, 'prev_value': None, 'change': True}
2026-02-22 20:22:07,181 : INFO : EventManager : Event: ======'machine_var_audits_missing_switches_s_plunger_lane'====== Args={'value': 10, 'prev_value': None, 'change': True}
2026-02-22 20:22:07,181 : INFO : EventManager : Event: ======'machine_var_audits_missing_switches_s_ramp_left_exit'====== Args={'value': 8, 'prev_value': None, 'change': True}
2026-02-22 20:22:07,181 : INFO : EventManager : Event: ======'machine_var_audits_missing_switches_s_ramp_right_exit'====== Args={'value': 2, 'prev_value': None, 'change': True}
2026-02-22 20:22:07,181 : INFO : EventManager : Event: ======'machine_var_audits_missing_switches_s_ramp_tower_exit'====== Args={'value': 3, 'prev_value': None, 'change': True}
2026-02-22 20:22:07,181 : INFO : EventManager : Event: ======'machine_var_audits_missing_switches_s_tilt'====== Args={'value': 19, 'prev_value': None, 'change': True}
2026-02-22 20:22:07,181 : INFO : EventManager : Event: ======'machine_var_audits_player_score'====== Args={'value': {'average': 1346824, 'top': [8367250, 6912950, 4824844, 4790750, 2977800, 2783350, 2289500, 2231750, 2229000, 2197050], 'total': 56}, 'prev_value': None, 'change': True}
2026-02-22 20:22:07,181 : INFO : EventManager : Event: ======'machine_var_audits_shots_bumper_center'====== Args={'value': 1670, 'prev_value': None, 'change': True}
2026-02-22 20:22:07,181 : INFO : EventManager : Event: ======'machine_var_audits_shots_bumper_left'====== Args={'value': 1144, 'prev_value': None, 'change': True}
2026-02-22 20:22:07,181 : INFO : EventManager : Event: ======'machine_var_audits_shots_bumper_right'====== Args={'value': 1138, 'prev_value': None, 'change': True}
2026-02-22 20:22:07,181 : INFO : EventManager : Event: ======'machine_var_audits_shots_mach_ramp'====== Args={'value': 1087, 'prev_value': None, 'change': True}
2026-02-22 20:22:07,181 : INFO : EventManager : Event: ======'machine_var_audits_shots_mig_lane_left'====== Args={'value': 261, 'prev_value': None, 'change': True}
2026-02-22 20:22:07,181 : INFO : EventManager : Event: ======'machine_var_audits_shots_mig_lane_right'====== Args={'value': 95, 'prev_value': None, 'change': True}
2026-02-22 20:22:07,181 : INFO : EventManager : Event: ======'machine_var_audits_shots_orbit_upper'====== Args={'value': 81, 'prev_value': None, 'change': True}
2026-02-22 20:22:07,181 : INFO : EventManager : Event: ======'machine_var_audits_shots_ramp_inner'====== Args={'value': 90, 'prev_value': None, 'change': True}
2026-02-22 20:22:07,181 : INFO : EventManager : Event: ======'machine_var_audits_shots_spinner'====== Args={'value': 77, 'prev_value': None, 'change': True}
2026-02-22 20:22:07,181 : INFO : EventManager : Event: ======'machine_var_audits_switches_s_48v_disable'====== Args={'value': 0, 'prev_value': None, 'change': True}
2026-02-22 20:22:07,181 : INFO : EventManager : Event: ======'machine_var_audits_switches_s_a_iceman_target'====== Args={'value': 634, 'prev_value': None, 'change': True}
2026-02-22 20:22:07,181 : INFO : EventManager : Event: ======'machine_var_audits_switches_s_barrier_target'====== Args={'value': 312, 'prev_value': None, 'change': True}
2026-02-22 20:22:07,182 : INFO : EventManager : Event: ======'machine_var_audits_switches_s_bumper_center'====== Args={'value': 1690, 'prev_value': None, 'change': True}
2026-02-22 20:22:07,182 : INFO : EventManager : Event: ======'machine_var_audits_switches_s_bumper_left'====== Args={'value': 1175, 'prev_value': None, 'change': True}
2026-02-22 20:22:07,182 : INFO : EventManager : Event: ======'machine_var_audits_switches_s_bumper_right'====== Args={'value': 1144, 'prev_value': None, 'change': True}
2026-02-22 20:22:07,182 : INFO : EventManager : Event: ======'machine_var_audits_switches_s_c_iceman_target'====== Args={'value': 586, 'prev_value': None, 'change': True}
2026-02-22 20:22:07,182 : INFO : EventManager : Event: ======'machine_var_audits_switches_s_c_lock_target'====== Args={'value': 282, 'prev_value': None, 'change': True}
2026-02-22 20:22:07,182 : INFO : EventManager : Event: ======'machine_var_audits_switches_s_coin_door'====== Args={'value': 13, 'prev_value': None, 'change': True}
2026-02-22 20:22:07,182 : INFO : EventManager : Event: ======'machine_var_audits_switches_s_coin_door_credit_left'====== Args={'value': 0, 'prev_value': None, 'change': True}
2026-02-22 20:22:07,182 : INFO : EventManager : Event: ======'machine_var_audits_switches_s_coin_door_credit_right'====== Args={'value': 1, 'prev_value': None, 'change': True}
2026-02-22 20:22:07,182 : INFO : EventManager : Event: ======'machine_var_audits_switches_s_coin_door_service_1'====== Args={'value': 10, 'prev_value': None, 'change': True}
2026-02-22 20:22:07,182 : INFO : EventManager : Event: ======'machine_var_audits_switches_s_coin_door_service_2'====== Args={'value': 31, 'prev_value': None, 'change': True}
2026-02-22 20:22:07,182 : INFO : EventManager : Event: ======'machine_var_audits_switches_s_coin_door_service_3'====== Args={'value': 46, 'prev_value': None, 'change': True}
2026-02-22 20:22:07,182 : INFO : EventManager : Event: ======'machine_var_audits_switches_s_coin_door_service_4'====== Args={'value': 31, 'prev_value': None, 'change': True}
2026-02-22 20:22:07,182 : INFO : EventManager : Event: ======'machine_var_audits_switches_s_e_iceman_target'====== Args={'value': 530, 'prev_value': None, 'change': True}
2026-02-22 20:22:07,182 : INFO : EventManager : Event: ======'machine_var_audits_switches_s_flight_gear_target'====== Args={'value': 1126, 'prev_value': None, 'change': True}
2026-02-22 20:22:07,182 : INFO : EventManager : Event: ======'machine_var_audits_switches_s_flipper_left'====== Args={'value': 6439, 'prev_value': None, 'change': True}
2026-02-22 20:22:07,182 : INFO : EventManager : Event: ======'machine_var_audits_switches_s_flipper_left_eos'====== Args={'value': 5775, 'prev_value': None, 'change': True}
2026-02-22 20:22:07,183 : INFO : EventManager : Event: ======'machine_var_audits_switches_s_flipper_left_upper'====== Args={'value': 6029, 'prev_value': None, 'change': True}
2026-02-22 20:22:07,183 : INFO : EventManager : Event: ======'machine_var_audits_switches_s_flipper_left_upper_eos'====== Args={'value': 5812, 'prev_value': None, 'change': True}
2026-02-22 20:22:07,183 : INFO : EventManager : Event: ======'machine_var_audits_switches_s_flipper_right'====== Args={'value': 5001, 'prev_value': None, 'change': True}
2026-02-22 20:22:07,183 : INFO : EventManager : Event: ======'machine_var_audits_switches_s_flipper_right_eos'====== Args={'value': 4361, 'prev_value': None, 'change': True}
2026-02-22 20:22:07,183 : INFO : EventManager : Event: ======'machine_var_audits_switches_s_i_iceman_target'====== Args={'value': 899, 'prev_value': None, 'change': True}
2026-02-22 20:22:07,183 : INFO : EventManager : Event: ======'machine_var_audits_switches_s_inlane_left'====== Args={'value': 1359, 'prev_value': None, 'change': True}
2026-02-22 20:22:07,183 : INFO : EventManager : Event: ======'machine_var_audits_switches_s_inner_inlane_right'====== Args={'value': 927, 'prev_value': None, 'change': True}
2026-02-22 20:22:07,183 : INFO : EventManager : Event: ======'machine_var_audits_switches_s_jam'====== Args={'value': 935, 'prev_value': None, 'change': True}
2026-02-22 20:22:07,183 : INFO : EventManager : Event: ======'machine_var_audits_switches_s_k_lock_target'====== Args={'value': 414, 'prev_value': None, 'change': True}
2026-02-22 20:22:07,183 : INFO : EventManager : Event: ======'machine_var_audits_switches_s_l_lock_target'====== Args={'value': 385, 'prev_value': None, 'change': True}
2026-02-22 20:22:07,183 : INFO : EventManager : Event: ======'machine_var_audits_switches_s_lane_left'====== Args={'value': 1379, 'prev_value': None, 'change': True}
2026-02-22 20:22:07,183 : INFO : EventManager : Event: ======'machine_var_audits_switches_s_lane_right'====== Args={'value': 1107, 'prev_value': None, 'change': True}
2026-02-22 20:22:07,183 : INFO : EventManager : Event: ======'machine_var_audits_switches_s_lock_goose'====== Args={'value': 138, 'prev_value': None, 'change': True}
2026-02-22 20:22:07,183 : INFO : EventManager : Event: ======'machine_var_audits_switches_s_lock_mav'====== Args={'value': 225, 'prev_value': None, 'change': True}
2026-02-22 20:22:07,183 : INFO : EventManager : Event: ======'machine_var_audits_switches_s_lock_plunger'====== Args={'value': 122, 'prev_value': None, 'change': True}
2026-02-22 20:22:07,183 : INFO : EventManager : Event: ======'machine_var_audits_switches_s_m_iceman_target'====== Args={'value': 521, 'prev_value': None, 'change': True}
2026-02-22 20:22:07,183 : INFO : EventManager : Event: ======'machine_var_audits_switches_s_mig_lane_left'====== Args={'value': 857, 'prev_value': None, 'change': True}
2026-02-22 20:22:07,183 : INFO : EventManager : Event: ======'machine_var_audits_switches_s_mig_lane_right'====== Args={'value': 492, 'prev_value': None, 'change': True}
2026-02-22 20:22:07,184 : INFO : EventManager : Event: ======'machine_var_audits_switches_s_mode_start'====== Args={'value': 607, 'prev_value': None, 'change': True}
2026-02-22 20:22:07,184 : INFO : EventManager : Event: ======'machine_var_audits_switches_s_n_iceman_target'====== Args={'value': 697, 'prev_value': None, 'change': True}
2026-02-22 20:22:07,184 : INFO : EventManager : Event: ======'machine_var_audits_switches_s_o_lock_target'====== Args={'value': 530, 'prev_value': None, 'change': True}
2026-02-22 20:22:07,184 : INFO : EventManager : Event: ======'machine_var_audits_switches_s_orbit_left'====== Args={'value': 2684, 'prev_value': None, 'change': True}
2026-02-22 20:22:07,184 : INFO : EventManager : Event: ======'machine_var_audits_switches_s_orbit_lower'====== Args={'value': 121, 'prev_value': None, 'change': True}
2026-02-22 20:22:07,184 : INFO : EventManager : Event: ======'machine_var_audits_switches_s_orbit_right'====== Args={'value': 1736, 'prev_value': None, 'change': True}
2026-02-22 20:22:07,184 : INFO : EventManager : Event: ======'machine_var_audits_switches_s_orbit_upper'====== Args={'value': 553, 'prev_value': None, 'change': True}
2026-02-22 20:22:07,184 : INFO : EventManager : Event: ======'machine_var_audits_switches_s_outer_inlane_right'====== Args={'value': 1182, 'prev_value': None, 'change': True}
2026-02-22 20:22:07,184 : INFO : EventManager : Event: ======'machine_var_audits_switches_s_outlane_left'====== Args={'value': 718, 'prev_value': None, 'change': True}
2026-02-22 20:22:07,184 : INFO : EventManager : Event: ======'machine_var_audits_switches_s_outlane_right'====== Args={'value': 702, 'prev_value': None, 'change': True}
2026-02-22 20:22:07,184 : INFO : EventManager : Event: ======'machine_var_audits_switches_s_plunger_lane'====== Args={'value': 46, 'prev_value': None, 'change': True}
2026-02-22 20:22:07,184 : INFO : EventManager : Event: ======'machine_var_audits_switches_s_ramp_inner_exit'====== Args={'value': 1133, 'prev_value': None, 'change': True}
2026-02-22 20:22:07,184 : INFO : EventManager : Event: ======'machine_var_audits_switches_s_ramp_left_exit'====== Args={'value': 1326, 'prev_value': None, 'change': True}
2026-02-22 20:22:07,184 : INFO : EventManager : Event: ======'machine_var_audits_switches_s_ramp_right_exit'====== Args={'value': 348, 'prev_value': None, 'change': True}
2026-02-22 20:22:07,184 : INFO : EventManager : Event: ======'machine_var_audits_switches_s_ramp_tower_exit'====== Args={'value': 512, 'prev_value': None, 'change': True}
2026-02-22 20:22:07,184 : INFO : EventManager : Event: ======'machine_var_audits_switches_s_shooter_lane'====== Args={'value': 1625, 'prev_value': None, 'change': True}
2026-02-22 20:22:07,184 : INFO : EventManager : Event: ======'machine_var_audits_switches_s_slingshot_left'====== Args={'value': 1056, 'prev_value': None, 'change': True}
2026-02-22 20:22:07,184 : INFO : EventManager : Event: ======'machine_var_audits_switches_s_slingshot_right'====== Args={'value': 631, 'prev_value': None, 'change': True}
2026-02-22 20:22:07,184 : INFO : EventManager : Event: ======'machine_var_audits_switches_s_spinner'====== Args={'value': 14712, 'prev_value': None, 'change': True}
2026-02-22 20:22:07,184 : INFO : EventManager : Event: ======'machine_var_audits_switches_s_start'====== Args={'value': 217, 'prev_value': None, 'change': True}
2026-02-22 20:22:07,184 : INFO : EventManager : Event: ======'machine_var_audits_switches_s_tilt'====== Args={'value': 288, 'prev_value': None, 'change': True}
2026-02-22 20:22:07,184 : INFO : EventManager : Event: ======'machine_var_audits_switches_s_trough_1'====== Args={'value': 936, 'prev_value': None, 'change': True}
2026-02-22 20:22:07,184 : INFO : EventManager : Event: ======'machine_var_audits_switches_s_trough_2'====== Args={'value': 922, 'prev_value': None, 'change': True}
2026-02-22 20:22:07,185 : INFO : EventManager : Event: ======'machine_var_audits_switches_s_trough_3'====== Args={'value': 920, 'prev_value': None, 'change': True}
2026-02-22 20:22:07,185 : INFO : EventManager : Event: ======'machine_var_audits_switches_s_trough_4'====== Args={'value': 920, 'prev_value': None, 'change': True}
2026-02-22 20:22:07,185 : INFO : EventManager : Event: ======'machine_var_audits_switches_s_trough_5'====== Args={'value': 922, 'prev_value': None, 'change': True}
2026-02-22 20:22:07,185 : INFO : EventManager : Event: ======'machine_var_audits_switches_s_trough_6'====== Args={'value': 1151, 'prev_value': None, 'change': True}
2026-02-22 20:22:07,186 : INFO : EventManager : Event: ======'init_phase_5'====== Args={}
2026-02-22 20:22:07,187 : INFO : EventManager : Event: ======'init_done'====== Args={}
2026-02-22 20:22:07,187 : INFO : coil.c_coin_door_led : Enabling Driver with power 1.0 (pulse_ms 10ms and pulse_power 1.0)
2026-02-22 20:22:07,188 : INFO : EventManager : Event: ======'machine_reset_phase_1'====== Args={}
2026-02-22 20:22:07,203 : INFO : EventManager : Event: ======'machine_reset_phase_2'====== Args={}
2026-02-22 20:22:07,204 : INFO : EventManager : Event: ======'machine_reset_phase_3'====== Args={}
2026-02-22 20:22:07,204 : INFO : EventManager : Event: ======'mode_attract_will_start'====== Args={'queue': <QueuedEvent>}
2026-02-22 20:22:07,205 : INFO : Timer.attract_carousel_timer : Starting Timer.
2026-02-22 20:22:07,205 : INFO : EventManager : Event: ======'timer_attract_carousel_timer_started'====== Args={'ticks': 0, 'ticks_remaining': 1}
2026-02-22 20:22:07,205 : INFO : EventManager : Event: ======'timer_attract_carousel_timer_tick'====== Args={'ticks': 0, 'ticks_remaining': 1}
2026-02-22 20:22:07,206 : INFO : EventManager : Event: ======'mode_attract_starting'====== Args={'queue': <QueuedEvent>}
2026-02-22 20:22:07,207 : INFO : Mode.attract : Started. Priority: 10
2026-02-22 20:22:07,207 : INFO : EventManager : Event: ======'modes_active_modes_changed'====== Args={}
2026-02-22 20:22:07,207 : INFO : EventManager : Event: ======'mode_attract_started'====== Args={'queue': <QueuedEvent>}
2026-02-22 20:22:07,208 : INFO : EventManager : Event: ======'attract_cycle_step1'====== Args={'priority': 0}
2026-02-22 20:22:07,208 : INFO : EventManager : Event: ======'right_ramp_down'====== Args={'priority': 0}
2026-02-22 20:22:07,208 : INFO : EventManager : Event: ======'top_ramp_down'====== Args={'priority': 0}
2026-02-22 20:22:07,208 : INFO : EventManager : Event: ======'lock_released'====== Args={'priority': 0}
2026-02-22 20:22:07,208 : INFO : coil.c_start_button_led : Enabling Driver with power 1.0 (pulse_ms 10ms and pulse_power 1.0)
2026-02-22 20:22:07,210 : INFO : EventManager : Event: ======'collecting_balls_complete'====== Args={}
2026-02-22 20:22:07,210 : INFO : EventManager : Event: ======'carousel_item_highlighted'====== Args={'carousel': 'attract', 'direction': None, 'item': 'title'}
2026-02-22 20:22:07,210 : INFO : EventManager : Event: ======'timer_attract_carousel_timer_tick'====== Args={'ticks': 0, 'ticks_remaining': 1}
2026-02-22 20:22:07,210 : INFO : EventManager : Event: ======'reset_complete'====== Args={}
2026-02-22 20:22:07,213 : INFO : Machine : Starting the main run loop with active modes: [<Mode.attract>]
2026-02-22 20:22:07,294 : INFO : EventManager : Event: ======'slide_attract_created'====== Args={'_from_bcp': True}
2026-02-22 20:22:07,294 : INFO : EventManager : Event: ======'slide__removed'====== Args={'_from_bcp': True}
2026-02-22 20:22:07,296 : INFO : EventManager : Event: ======'slide_attract_active'====== Args={'original_context': 'attract', 'original_calling_context': 'mode_attract_started', 'priority': 10.0, 'queue': '<QueuedEvent>', 'cmd': 'slides_play', '_from_bcp': True}
2026-02-22 20:22:08,194 : INFO : coil.c_start_button_led : Disabling Driver
2026-02-22 20:22:09,196 : INFO : coil.c_start_button_led : Enabling Driver with power 1.0 (pulse_ms 10ms and pulse_power 1.0)
2026-02-22 20:22:10,193 : INFO : coil.c_start_button_led : Disabling Driver
2026-02-22 20:22:11,204 : INFO : coil.c_start_button_led : Enabling Driver with power 1.0 (pulse_ms 10ms and pulse_power 1.0)
2026-02-22 20:22:12,203 : INFO : coil.c_start_button_led : Disabling Driver
2026-02-22 20:22:13,205 : INFO : coil.c_start_button_led : Enabling Driver with power 1.0 (pulse_ms 10ms and pulse_power 1.0)
2026-02-22 20:22:14,200 : INFO : coil.c_start_button_led : Disabling Driver
2026-02-22 20:22:14,200 : INFO : Timer.attract_carousel_timer : Timer Complete
2026-02-22 20:22:14,200 : INFO : Timer.attract_carousel_timer : Stopping Timer
2026-02-22 20:22:14,200 : INFO : EventManager : Event: ======'timer_attract_carousel_timer_stopped'====== Args={'ticks': 1, 'ticks_remaining': 1}
2026-02-22 20:22:14,201 : INFO : EventManager : Event: ======'timer_attract_carousel_timer_complete'====== Args={'ticks': 1, 'ticks_remaining': 1}
2026-02-22 20:22:14,201 : INFO : EventManager : Event: ======'carousel_item_highlighted'====== Args={'carousel': 'attract', 'direction': 'forwards', 'item': 'presented_by'}
2026-02-22 20:22:14,202 : INFO : Timer.attract_carousel_timer : Starting Timer.
2026-02-22 20:22:14,202 : INFO : EventManager : Event: ======'timer_attract_carousel_timer_started'====== Args={'ticks': 0, 'ticks_remaining': 1}
2026-02-22 20:22:14,202 : INFO : EventManager : Event: ======'timer_attract_carousel_timer_tick'====== Args={'ticks': 0, 'ticks_remaining': 1}
2026-02-22 20:22:15,199 : INFO : coil.c_start_button_led : Enabling Driver with power 1.0 (pulse_ms 10ms and pulse_power 1.0)
2026-02-22 20:22:16,200 : INFO : coil.c_start_button_led : Disabling Driver
2026-02-22 20:22:17,197 : INFO : coil.c_start_button_led : Enabling Driver with power 1.0 (pulse_ms 10ms and pulse_power 1.0)
2026-02-22 20:22:18,193 : INFO : coil.c_start_button_led : Disabling Driver
2026-02-22 20:22:19,196 : INFO : coil.c_start_button_led : Enabling Driver with power 1.0 (pulse_ms 10ms and pulse_power 1.0)
2026-02-22 20:22:19,398 : INFO : EventManager : Event: ======'attract_cycle_step2'====== Args={}
2026-02-22 20:22:20,196 : INFO : coil.c_start_button_led : Disabling Driver
2026-02-22 20:22:21,193 : INFO : Timer.attract_carousel_timer : Timer Complete
2026-02-22 20:22:21,193 : INFO : Timer.attract_carousel_timer : Stopping Timer
2026-02-22 20:22:21,193 : INFO : EventManager : Event: ======'timer_attract_carousel_timer_stopped'====== Args={'ticks': 1, 'ticks_remaining': 1}
2026-02-22 20:22:21,193 : INFO : EventManager : Event: ======'timer_attract_carousel_timer_complete'====== Args={'ticks': 1, 'ticks_remaining': 1}
2026-02-22 20:22:21,194 : INFO : coil.c_start_button_led : Enabling Driver with power 1.0 (pulse_ms 10ms and pulse_power 1.0)
2026-02-22 20:22:21,194 : INFO : EventManager : Event: ======'carousel_item_highlighted'====== Args={'carousel': 'attract', 'direction': 'forwards', 'item': 'hotrod_pinball_logo'}
2026-02-22 20:22:21,194 : INFO : Timer.attract_carousel_timer : Starting Timer.
2026-02-22 20:22:21,195 : INFO : EventManager : Event: ======'timer_attract_carousel_timer_started'====== Args={'ticks': 0, 'ticks_remaining': 1}
2026-02-22 20:22:21,195 : INFO : EventManager : Event: ======'timer_attract_carousel_timer_tick'====== Args={'ticks': 0, 'ticks_remaining': 1}
2026-02-22 20:22:22,192 : INFO : coil.c_start_button_led : Disabling Driver
2026-02-22 20:22:23,203 : INFO : coil.c_start_button_led : Enabling Driver with power 1.0 (pulse_ms 10ms and pulse_power 1.0)
2026-02-22 20:22:24,202 : INFO : coil.c_start_button_led : Disabling Driver
2026-02-22 20:22:25,202 : INFO : coil.c_start_button_led : Enabling Driver with power 1.0 (pulse_ms 10ms and pulse_power 1.0)
2026-02-22 20:22:26,192 : INFO : coil.c_start_button_led : Disabling Driver
2026-02-22 20:22:27,195 : INFO : coil.c_start_button_led : Enabling Driver with power 1.0 (pulse_ms 10ms and pulse_power 1.0)
2026-02-22 20:22:28,197 : INFO : Timer.attract_carousel_timer : Timer Complete
2026-02-22 20:22:28,197 : INFO : Timer.attract_carousel_timer : Stopping Timer
2026-02-22 20:22:28,197 : INFO : EventManager : Event: ======'timer_attract_carousel_timer_stopped'====== Args={'ticks': 1, 'ticks_remaining': 1}
2026-02-22 20:22:28,197 : INFO : EventManager : Event: ======'timer_attract_carousel_timer_complete'====== Args={'ticks': 1, 'ticks_remaining': 1}
2026-02-22 20:22:28,197 : INFO : coil.c_start_button_led : Disabling Driver
2026-02-22 20:22:28,198 : INFO : EventManager : Event: ======'carousel_item_highlighted'====== Args={'carousel': 'attract', 'direction': 'forwards', 'item': 'mpf_logo'}
2026-02-22 20:22:28,198 : INFO : Timer.attract_carousel_timer : Starting Timer.
2026-02-22 20:22:28,198 : INFO : EventManager : Event: ======'timer_attract_carousel_timer_started'====== Args={'ticks': 0, 'ticks_remaining': 1}
2026-02-22 20:22:28,198 : INFO : EventManager : Event: ======'timer_attract_carousel_timer_tick'====== Args={'ticks': 0, 'ticks_remaining': 1}
2026-02-22 20:22:29,200 : INFO : coil.c_start_button_led : Enabling Driver with power 1.0 (pulse_ms 10ms and pulse_power 1.0)
2026-02-22 20:22:30,201 : INFO : coil.c_start_button_led : Disabling Driver
2026-02-22 20:22:31,200 : INFO : coil.c_start_button_led : Enabling Driver with power 1.0 (pulse_ms 10ms and pulse_power 1.0)
2026-02-22 20:22:32,200 : INFO : coil.c_start_button_led : Disabling Driver
2026-02-22 20:22:33,197 : INFO : coil.c_start_button_led : Enabling Driver with power 1.0 (pulse_ms 10ms and pulse_power 1.0)
2026-02-22 20:22:34,196 : INFO : coil.c_start_button_led : Disabling Driver
2026-02-22 20:22:34,646 : INFO : EventManager : Event: ======'attract_cycle_step3'====== Args={}
2026-02-22 20:22:35,193 : INFO : Timer.attract_carousel_timer : Timer Complete
2026-02-22 20:22:35,193 : INFO : Timer.attract_carousel_timer : Stopping Timer
2026-02-22 20:22:35,193 : INFO : EventManager : Event: ======'timer_attract_carousel_timer_stopped'====== Args={'ticks': 1, 'ticks_remaining': 1}
2026-02-22 20:22:35,193 : INFO : EventManager : Event: ======'timer_attract_carousel_timer_complete'====== Args={'ticks': 1, 'ticks_remaining': 1}
2026-02-22 20:22:35,194 : INFO : coil.c_start_button_led : Enabling Driver with power 1.0 (pulse_ms 10ms and pulse_power 1.0)
2026-02-22 20:22:35,194 : INFO : EventManager : Event: ======'carousel_item_highlighted'====== Args={'carousel': 'attract', 'direction': 'forwards', 'item': 'credits'}
2026-02-22 20:22:35,195 : INFO : Timer.attract_carousel_timer : Starting Timer.
2026-02-22 20:22:35,195 : INFO : EventManager : Event: ======'timer_attract_carousel_timer_started'====== Args={'ticks': 0, 'ticks_remaining': 1}
2026-02-22 20:22:35,195 : INFO : EventManager : Event: ======'timer_attract_carousel_timer_tick'====== Args={'ticks': 0, 'ticks_remaining': 1}
2026-02-22 20:22:36,194 : INFO : coil.c_start_button_led : Disabling Driver
2026-02-22 20:22:37,205 : INFO : coil.c_start_button_led : Enabling Driver with power 1.0 (pulse_ms 10ms and pulse_power 1.0)
2026-02-22 20:22:38,201 : INFO : coil.c_start_button_led : Disabling Driver
2026-02-22 20:22:39,200 : INFO : coil.c_start_button_led : Enabling Driver with power 1.0 (pulse_ms 10ms and pulse_power 1.0)
2026-02-22 20:22:40,202 : INFO : coil.c_start_button_led : Disabling Driver
2026-02-22 20:22:41,200 : INFO : coil.c_start_button_led : Enabling Driver with power 1.0 (pulse_ms 10ms and pulse_power 1.0)
2026-02-22 20:22:41,701 : INFO : Machine : Shutting down...
2026-02-22 20:22:41,701 : INFO : EventManager : Event: ======'shutdown'====== Args={}
2026-02-22 20:22:41,798 : INFO : root : MPF run loop ended.
