2026-01-24 19:02:37,521 : INFO : root : Loading config.
2026-01-24 19:02:37,575 : INFO : ConfigProcessor : Config spec file cache created: C:\Users\White\AppData\Local\Temp\config_spec.mpf_cache
2026-01-24 19:02:37,576 : INFO : YamlMultifileConfigLoader : Machine config file #1: config.yaml
2026-01-24 19:02:37,576 : INFO : ConfigProcessor : Loading config from file C:\Users\White\mpf\Lib\site-packages\mpf\mpfconfig.yaml.
2026-01-24 19:02:37,586 : INFO : ConfigProcessor : Loading config: C:\Users\White\mpf\Lib\site-packages\mpf\mpfconfig.yaml
2026-01-24 19:02:37,587 : INFO : ConfigProcessor : Loading config from file C:\Users\White\documents\Top_Gun_Pinball\config\config.yaml.
2026-01-24 19:02:37,594 : INFO : ConfigProcessor : Loading config: C:\Users\White\documents\Top_Gun_Pinball\config\config.yaml
2026-01-24 19:02:37,595 : INFO : ConfigProcessor : Loading config: C:\Users\White\documents\Top_Gun_Pinball\config\config_autofire_coils.yaml
2026-01-24 19:02:37,597 : INFO : ConfigProcessor : Loading config: C:\Users\White\documents\Top_Gun_Pinball\config\config_ball_devices.yaml
2026-01-24 19:02:37,599 : INFO : ConfigProcessor : Loading config: C:\Users\White\documents\Top_Gun_Pinball\config\config_ball_saves.yaml
2026-01-24 19:02:37,608 : INFO : ConfigProcessor : Loading config: C:\Users\White\documents\Top_Gun_Pinball\config\config_coils.yaml
2026-01-24 19:02:37,611 : INFO : ConfigProcessor : Loading config: C:\Users\White\documents\Top_Gun_Pinball\config\config_flippers.yaml
2026-01-24 19:02:37,615 : INFO : ConfigProcessor : Loading config: C:\Users\White\documents\Top_Gun_Pinball\config\config_hardware_fast.yaml
2026-01-24 19:02:37,626 : INFO : ConfigProcessor : Loading config: C:\Users\White\documents\Top_Gun_Pinball\config\config_lights.yaml
2026-01-24 19:02:37,634 : INFO : ConfigProcessor : Loading config: C:\Users\White\documents\Top_Gun_Pinball\config\config_switches.yaml
2026-01-24 19:02:37,637 : INFO : ConfigProcessor : Loading config: C:\Users\White\documents\Top_Gun_Pinball\config\config_servos.yaml
2026-01-24 19:02:37,642 : INFO : ConfigProcessor : Loading config: C:\Users\White\documents\Top_Gun_Pinball\config\variable_player.yaml
2026-01-24 19:02:37,645 : INFO : ConfigProcessor : Loading config: C:\Users\White\documents\Top_Gun_Pinball\config\config_videos.yaml
2026-01-24 19:02:37,651 : INFO : ConfigProcessor : Config file cache created: C:\Users\White\AppData\Local\Temp\4d2409115979d2066280cf8a522910f3.mpf_cache
2026-01-24 19:02:37,772 : INFO : ConfigProcessor : Loading config from file C:\Users\White\mpf\Lib\site-packages\mpf\modes\attract\config\attract.yaml.
2026-01-24 19:02:37,773 : INFO : ConfigProcessor : Loading config: C:\Users\White\mpf\Lib\site-packages\mpf\modes\attract\config\attract.yaml
2026-01-24 19:02:37,773 : INFO : ConfigProcessor : Loading config from file C:\Users\White\documents\Top_Gun_Pinball\modes\attract\config\attract.yaml.
2026-01-24 19:02:37,776 : INFO : ConfigProcessor : Loading config: C:\Users\White\documents\Top_Gun_Pinball\modes\attract\config\attract.yaml
2026-01-24 19:02:37,777 : INFO : ConfigProcessor : Config file cache created: C:\Users\White\AppData\Local\Temp\e29f700f4dd412c341ced84fe54a834e.mpf_cache
2026-01-24 19:02:37,778 : INFO : ConfigProcessor : Loading config from file C:\Users\White\mpf\Lib\site-packages\mpf\modes\game\config\game.yaml.
2026-01-24 19:02:37,779 : INFO : ConfigProcessor : Loading config: C:\Users\White\mpf\Lib\site-packages\mpf\modes\game\config\game.yaml
2026-01-24 19:02:37,779 : INFO : ConfigProcessor : Config file cache created: C:\Users\White\AppData\Local\Temp\91cc4d1c993c58dc354e34974b9cfeac.mpf_cache
2026-01-24 19:02:37,780 : INFO : ConfigProcessor : Loading config from file C:\Users\White\documents\Top_Gun_Pinball\modes\2x_playfield\config\2x_playfield.yaml.
2026-01-24 19:02:37,788 : INFO : ConfigProcessor : Loading config: C:\Users\White\documents\Top_Gun_Pinball\modes\2x_playfield\config\2x_playfield.yaml
2026-01-24 19:02:37,789 : INFO : ConfigProcessor : Config file cache created: C:\Users\White\AppData\Local\Temp\153a6f35d2fbc89e8611fc222f5041e6.mpf_cache
2026-01-24 19:02:37,790 : INFO : ConfigProcessor : Loading config from cache: C:\Users\White\AppData\Local\Temp\e29f700f4dd412c341ced84fe54a834e.mpf_cache
2026-01-24 19:02:37,792 : INFO : ConfigProcessor : Loading config from file C:\Users\White\documents\Top_Gun_Pinball\modes\ball_save\config\ball_save.yaml.
2026-01-24 19:02:37,798 : INFO : ConfigProcessor : Loading config: C:\Users\White\documents\Top_Gun_Pinball\modes\ball_save\config\ball_save.yaml
2026-01-24 19:02:37,799 : INFO : ConfigProcessor : Config file cache created: C:\Users\White\AppData\Local\Temp\b0feace6a9c6b6c25c02c30a577d1194.mpf_cache
2026-01-24 19:02:37,799 : INFO : ConfigProcessor : Loading config from file C:\Users\White\documents\Top_Gun_Pinball\modes\base\config\base.yaml.
2026-01-24 19:02:37,827 : INFO : ConfigProcessor : Loading config: C:\Users\White\documents\Top_Gun_Pinball\modes\base\config\base.yaml
2026-01-24 19:02:37,829 : INFO : ConfigProcessor : Config file cache created: C:\Users\White\AppData\Local\Temp\3424101e418333c494b4f7abb38a6bbc.mpf_cache
2026-01-24 19:02:37,830 : INFO : ConfigProcessor : Loading config from file C:\Users\White\documents\Top_Gun_Pinball\modes\battle_jester\config\battle_jester.yaml.
2026-01-24 19:02:37,881 : INFO : ConfigProcessor : Loading config: C:\Users\White\documents\Top_Gun_Pinball\modes\battle_jester\config\battle_jester.yaml
2026-01-24 19:02:37,886 : INFO : ConfigProcessor : Config file cache created: C:\Users\White\AppData\Local\Temp\2baac919e756d495657c096c87a61da2.mpf_cache
2026-01-24 19:02:37,887 : INFO : ConfigProcessor : Loading config from file C:\Users\White\mpf\Lib\site-packages\mpf\modes\bonus\config\bonus.yaml.
2026-01-24 19:02:37,888 : INFO : ConfigProcessor : Loading config: C:\Users\White\mpf\Lib\site-packages\mpf\modes\bonus\config\bonus.yaml
2026-01-24 19:02:37,888 : INFO : ConfigProcessor : Loading config from file C:\Users\White\documents\Top_Gun_Pinball\modes\bonus\config\bonus.yaml.
2026-01-24 19:02:37,892 : INFO : ConfigProcessor : Loading config: C:\Users\White\documents\Top_Gun_Pinball\modes\bonus\config\bonus.yaml
2026-01-24 19:02:37,893 : INFO : ConfigProcessor : Config file cache created: C:\Users\White\AppData\Local\Temp\515c33aaf7882d3e576ea3c42b7bfe2a.mpf_cache
2026-01-24 19:02:37,894 : INFO : ConfigProcessor : Loading config from file C:\Users\White\documents\Top_Gun_Pinball\modes\bumpers\config\bumpers.yaml.
2026-01-24 19:02:37,895 : INFO : ConfigProcessor : Loading config: C:\Users\White\documents\Top_Gun_Pinball\modes\bumpers\config\bumpers.yaml
2026-01-24 19:02:37,896 : INFO : ConfigProcessor : Config file cache created: C:\Users\White\AppData\Local\Temp\928267ba5ce09cfb7bef110abe29482e.mpf_cache
2026-01-24 19:02:37,896 : INFO : ConfigProcessor : Loading config from file C:\Users\White\documents\Top_Gun_Pinball\modes\ejection_seat\config\ejection_seat.yaml.
2026-01-24 19:02:37,901 : INFO : ConfigProcessor : Loading config: C:\Users\White\documents\Top_Gun_Pinball\modes\ejection_seat\config\ejection_seat.yaml
2026-01-24 19:02:37,903 : INFO : ConfigProcessor : Config file cache created: C:\Users\White\AppData\Local\Temp\b2096f7ffb8bb2d604dd11c84ba2f3a4.mpf_cache
2026-01-24 19:02:37,903 : INFO : ConfigProcessor : Loading config from file C:\Users\White\documents\Top_Gun_Pinball\modes\goose_letters\config\goose_letters.yaml.
2026-01-24 19:02:37,918 : INFO : ConfigProcessor : Loading config: C:\Users\White\documents\Top_Gun_Pinball\modes\goose_letters\config\goose_letters.yaml
2026-01-24 19:02:37,919 : INFO : ConfigProcessor : Config file cache created: C:\Users\White\AppData\Local\Temp\143f2aa6ea6c447c37835b1fcf1e2392.mpf_cache
2026-01-24 19:02:37,920 : INFO : ConfigProcessor : Loading config from file C:\Users\White\documents\Top_Gun_Pinball\modes\iceman_letters\config\iceman_letters.yaml.
2026-01-24 19:02:37,941 : INFO : ConfigProcessor : Loading config: C:\Users\White\documents\Top_Gun_Pinball\modes\iceman_letters\config\iceman_letters.yaml
2026-01-24 19:02:37,943 : INFO : ConfigProcessor : Config file cache created: C:\Users\White\AppData\Local\Temp\32a647433343f2a8dbd97369798bc91c.mpf_cache
2026-01-24 19:02:37,943 : INFO : ConfigProcessor : Loading config from file C:\Users\White\documents\Top_Gun_Pinball\modes\mach_scoring\config\mach_scoring.yaml.
2026-01-24 19:02:37,956 : INFO : ConfigProcessor : Loading config: C:\Users\White\documents\Top_Gun_Pinball\modes\mach_scoring\config\mach_scoring.yaml
2026-01-24 19:02:37,956 : ERROR : ConfigProcessor : Config section 'sounds' is removed in MPF 0.80 and will be ignored.
2026-01-24 19:02:37,957 : INFO : ConfigProcessor : Config file cache created: C:\Users\White\AppData\Local\Temp\fcd858616785c392a2718eef83d6bdec.mpf_cache
2026-01-24 19:02:37,958 : INFO : ConfigProcessor : Loading config from file C:\Users\White\documents\Top_Gun_Pinball\modes\mig_letters\config\mig_letters.yaml.
2026-01-24 19:02:37,962 : INFO : ConfigProcessor : Loading config: C:\Users\White\documents\Top_Gun_Pinball\modes\mig_letters\config\mig_letters.yaml
2026-01-24 19:02:37,963 : INFO : ConfigProcessor : Config file cache created: C:\Users\White\AppData\Local\Temp\bc528c0552a0292e8ecb958c9df9be52.mpf_cache
2026-01-24 19:02:37,964 : INFO : ConfigProcessor : Loading config from file C:\Users\White\documents\Top_Gun_Pinball\modes\rescue_cougar\config\rescue_cougar.yaml.
2026-01-24 19:02:37,988 : INFO : ConfigProcessor : Loading config: C:\Users\White\documents\Top_Gun_Pinball\modes\rescue_cougar\config\rescue_cougar.yaml
2026-01-24 19:02:37,990 : INFO : ConfigProcessor : Config file cache created: C:\Users\White\AppData\Local\Temp\079d5d4f78adbdc9511df3472695879d.mpf_cache
2026-01-24 19:02:37,991 : INFO : ConfigProcessor : Loading config from file C:\Users\White\documents\Top_Gun_Pinball\modes\rise_of_phoenix\config\rise_of_phoenix.yaml.
2026-01-24 19:02:38,011 : INFO : ConfigProcessor : Loading config: C:\Users\White\documents\Top_Gun_Pinball\modes\rise_of_phoenix\config\rise_of_phoenix.yaml
2026-01-24 19:02:38,014 : INFO : ConfigProcessor : Config file cache created: C:\Users\White\AppData\Local\Temp\3d7624af3136b167d055570c605d2391.mpf_cache
2026-01-24 19:02:38,015 : INFO : ConfigProcessor : Loading config from file C:\Users\White\documents\Top_Gun_Pinball\modes\top_gun_service\config\top_gun_service.yaml.
2026-01-24 19:02:38,071 : INFO : ConfigProcessor : Loading config: C:\Users\White\documents\Top_Gun_Pinball\modes\top_gun_service\config\top_gun_service.yaml
2026-01-24 19:02:38,075 : INFO : ConfigProcessor : Config file cache created: C:\Users\White\AppData\Local\Temp\0c1d82e4af016e29f8e2c2fa53690faa.mpf_cache
2026-01-24 19:02:38,076 : INFO : ConfigProcessor : Loading config from file C:\Users\White\documents\Top_Gun_Pinball\modes\skillshot\config\skillshot.yaml.
2026-01-24 19:02:38,086 : INFO : ConfigProcessor : Loading config: C:\Users\White\documents\Top_Gun_Pinball\modes\skillshot\config\skillshot.yaml
2026-01-24 19:02:38,087 : INFO : ConfigProcessor : Config file cache created: C:\Users\White\AppData\Local\Temp\cbf9c95ed33e797787d40a3c26fb1f29.mpf_cache
2026-01-24 19:02:38,088 : INFO : ConfigProcessor : Loading config from file C:\Users\White\mpf\Lib\site-packages\mpf\modes\tilt\config\tilt.yaml.
2026-01-24 19:02:38,089 : INFO : ConfigProcessor : Loading config: C:\Users\White\mpf\Lib\site-packages\mpf\modes\tilt\config\tilt.yaml
2026-01-24 19:02:38,089 : INFO : ConfigProcessor : Loading config from file C:\Users\White\documents\Top_Gun_Pinball\modes\tilt\config\tilt.yaml.
2026-01-24 19:02:38,092 : INFO : ConfigProcessor : Loading config: C:\Users\White\documents\Top_Gun_Pinball\modes\tilt\config\tilt.yaml
2026-01-24 19:02:38,093 : INFO : ConfigProcessor : Config file cache created: C:\Users\White\AppData\Local\Temp\f667062b799e579e56923b75f6b4a8d1.mpf_cache
2026-01-24 19:02:38,093 : INFO : ConfigProcessor : Loading config from file C:\Users\White\documents\Top_Gun_Pinball\modes\pilot_mission_qualifier\config\pilot_mission_qualifier.yaml.
2026-01-24 19:02:38,134 : INFO : ConfigProcessor : Loading config: C:\Users\White\documents\Top_Gun_Pinball\modes\pilot_mission_qualifier\config\pilot_mission_qualifier.yaml
2026-01-24 19:02:38,138 : INFO : ConfigProcessor : Config file cache created: C:\Users\White\AppData\Local\Temp\0f477732e86fa3539be0c16808cbc3a4.mpf_cache
2026-01-24 19:02:38,140 : INFO : ConfigProcessor : Loading config from file C:\Users\White\documents\Top_Gun_Pinball\shows\.\attract_chase_all_inserts.yaml.
2026-01-24 19:02:38,303 : INFO : ConfigProcessor : Loading config: C:\Users\White\documents\Top_Gun_Pinball\shows\.\attract_chase_all_inserts.yaml
2026-01-24 19:02:38,307 : INFO : ConfigProcessor : Config file cache created: C:\Users\White\AppData\Local\Temp\5252be9889d0ea92e9251ccb139bb96e.mpf_cache
2026-01-24 19:02:38,309 : INFO : ConfigProcessor : Loading config from file C:\Users\White\documents\Top_Gun_Pinball\shows\.\attract_color_blast.yaml.
2026-01-24 19:02:38,442 : INFO : ConfigProcessor : Loading config: C:\Users\White\documents\Top_Gun_Pinball\shows\.\attract_color_blast.yaml
2026-01-24 19:02:38,445 : INFO : ConfigProcessor : Config file cache created: C:\Users\White\AppData\Local\Temp\bbd12103fd66360c81da95fa3b5d5cac.mpf_cache
2026-01-24 19:02:38,446 : INFO : ConfigProcessor : Loading config from file C:\Users\White\documents\Top_Gun_Pinball\shows\.\attract_color_plus_spin.yaml.
2026-01-24 19:02:38,539 : INFO : ConfigProcessor : Loading config: C:\Users\White\documents\Top_Gun_Pinball\shows\.\attract_color_plus_spin.yaml
2026-01-24 19:02:38,543 : INFO : ConfigProcessor : Config file cache created: C:\Users\White\AppData\Local\Temp\aecbb0084a39aaddc8e1af6d86d05e57.mpf_cache
2026-01-24 19:02:38,544 : INFO : ConfigProcessor : Loading config from file C:\Users\White\documents\Top_Gun_Pinball\shows\.\attract_color_wheel.yaml.
2026-01-24 19:02:38,564 : INFO : ConfigProcessor : Loading config: C:\Users\White\documents\Top_Gun_Pinball\shows\.\attract_color_wheel.yaml
2026-01-24 19:02:38,565 : INFO : ConfigProcessor : Config file cache created: C:\Users\White\AppData\Local\Temp\a64c515fc9f6d1ba4d043d8acedc61d8.mpf_cache
2026-01-24 19:02:38,566 : INFO : ConfigProcessor : Loading config from file C:\Users\White\documents\Top_Gun_Pinball\shows\.\attract_corners_sweep.yaml.
2026-01-24 19:02:38,747 : INFO : ConfigProcessor : Loading config: C:\Users\White\documents\Top_Gun_Pinball\shows\.\attract_corners_sweep.yaml
2026-01-24 19:02:38,752 : INFO : ConfigProcessor : Config file cache created: C:\Users\White\AppData\Local\Temp\157e473ad106aaf7621d4ff67f908349.mpf_cache
2026-01-24 19:02:38,753 : INFO : ConfigProcessor : Loading config from file C:\Users\White\documents\Top_Gun_Pinball\shows\.\attract_inserts_mega.yaml.
2026-01-24 19:02:38,773 : INFO : ConfigProcessor : Loading config: C:\Users\White\documents\Top_Gun_Pinball\shows\.\attract_inserts_mega.yaml
2026-01-24 19:02:38,775 : INFO : ConfigProcessor : Config file cache created: C:\Users\White\AppData\Local\Temp\b42daedb456e388e83b54e0791e694a7.mpf_cache
2026-01-24 19:02:38,775 : INFO : ConfigProcessor : Loading config from file C:\Users\White\documents\Top_Gun_Pinball\shows\.\attract_insert_color_bounce.yaml.
2026-01-24 19:02:38,817 : INFO : ConfigProcessor : Loading config: C:\Users\White\documents\Top_Gun_Pinball\shows\.\attract_insert_color_bounce.yaml
2026-01-24 19:02:38,820 : INFO : ConfigProcessor : Config file cache created: C:\Users\White\AppData\Local\Temp\faf1d2b55b8b754be547ffd9950d5977.mpf_cache
2026-01-24 19:02:38,820 : INFO : ConfigProcessor : Loading config from file C:\Users\White\documents\Top_Gun_Pinball\shows\.\attract_insert_fade_in_out.yaml.
2026-01-24 19:02:39,019 : INFO : ConfigProcessor : Loading config: C:\Users\White\documents\Top_Gun_Pinball\shows\.\attract_insert_fade_in_out.yaml
2026-01-24 19:02:39,026 : INFO : ConfigProcessor : Config file cache created: C:\Users\White\AppData\Local\Temp\881befc175503515b6a677d4b92fd8f6.mpf_cache
2026-01-24 19:02:39,027 : INFO : ConfigProcessor : Loading config from file C:\Users\White\documents\Top_Gun_Pinball\shows\.\attract_smooth_motion.yaml.
2026-01-24 19:02:39,129 : INFO : ConfigProcessor : Loading config: C:\Users\White\documents\Top_Gun_Pinball\shows\.\attract_smooth_motion.yaml
2026-01-24 19:02:39,131 : INFO : ConfigProcessor : Config file cache created: C:\Users\White\AppData\Local\Temp\e02fdb456b236b981c3cd16c62d08cdd.mpf_cache
2026-01-24 19:02:39,132 : INFO : ConfigProcessor : Loading config from file C:\Users\White\documents\Top_Gun_Pinball\shows\.\attract_spiral_in_and_out.yaml.
2026-01-24 19:02:39,185 : INFO : ConfigProcessor : Loading config: C:\Users\White\documents\Top_Gun_Pinball\shows\.\attract_spiral_in_and_out.yaml
2026-01-24 19:02:39,188 : INFO : ConfigProcessor : Config file cache created: C:\Users\White\AppData\Local\Temp\60f49b772835308c8a63a813f3984bd2.mpf_cache
2026-01-24 19:02:39,188 : INFO : ConfigProcessor : Loading config from file C:\Users\White\documents\Top_Gun_Pinball\shows\.\rainbow_breathe.yaml.
2026-01-24 19:02:39,191 : INFO : ConfigProcessor : Loading config: C:\Users\White\documents\Top_Gun_Pinball\shows\.\rainbow_breathe.yaml
2026-01-24 19:02:39,192 : INFO : ConfigProcessor : Config file cache created: C:\Users\White\AppData\Local\Temp\b44eabe64ef7d1af51d3871ffce6e8a0.mpf_cache
2026-01-24 19:02:39,194 : INFO : ConfigProcessor : Loading config from file C:\Users\White\documents\Top_Gun_Pinball\modes\bonus\shows\.\bonus_count_down_light_show.yaml.
2026-01-24 19:02:39,202 : INFO : ConfigProcessor : Loading config: C:\Users\White\documents\Top_Gun_Pinball\modes\bonus\shows\.\bonus_count_down_light_show.yaml
2026-01-24 19:02:39,203 : INFO : ConfigProcessor : Config file cache created: C:\Users\White\AppData\Local\Temp\c53f4b0025ffe033d8b4913dcf5d894f.mpf_cache
2026-01-24 19:02:39,203 : INFO : ConfigProcessor : Loading config from file C:\Users\White\documents\Top_Gun_Pinball\modes\goose_letters\shows\.\goose_collected.yaml.
2026-01-24 19:02:39,206 : INFO : ConfigProcessor : Loading config: C:\Users\White\documents\Top_Gun_Pinball\modes\goose_letters\shows\.\goose_collected.yaml
2026-01-24 19:02:39,207 : INFO : ConfigProcessor : Config file cache created: C:\Users\White\AppData\Local\Temp\859a13897bab67859dc37e71c8deb7f3.mpf_cache
2026-01-24 19:02:39,208 : INFO : ConfigProcessor : Loading config from file C:\Users\White\documents\Top_Gun_Pinball\modes\iceman_letters\shows\.\iceman_collected.yaml.
2026-01-24 19:02:39,214 : INFO : ConfigProcessor : Loading config: C:\Users\White\documents\Top_Gun_Pinball\modes\iceman_letters\shows\.\iceman_collected.yaml
2026-01-24 19:02:39,214 : INFO : ConfigProcessor : Config file cache created: C:\Users\White\AppData\Local\Temp\1df928f99f2fd0a162eaba4dfecade40.mpf_cache
2026-01-24 19:02:39,215 : INFO : ConfigProcessor : Loading config from file C:\Users\White\documents\Top_Gun_Pinball\modes\mach_scoring\shows\.\mach_scoring_ended.yaml.
2026-01-24 19:02:39,233 : INFO : ConfigProcessor : Loading config: C:\Users\White\documents\Top_Gun_Pinball\modes\mach_scoring\shows\.\mach_scoring_ended.yaml
2026-01-24 19:02:39,235 : INFO : ConfigProcessor : Config file cache created: C:\Users\White\AppData\Local\Temp\79c411a388f93dc9361da8ba68c71f8b.mpf_cache
2026-01-24 19:02:39,236 : INFO : ConfigProcessor : Loading config from file C:\Users\White\documents\Top_Gun_Pinball\modes\mach_scoring\shows\.\mach_scoring_increased.yaml.
2026-01-24 19:02:39,243 : INFO : ConfigProcessor : Loading config: C:\Users\White\documents\Top_Gun_Pinball\modes\mach_scoring\shows\.\mach_scoring_increased.yaml
2026-01-24 19:02:39,245 : INFO : ConfigProcessor : Config file cache created: C:\Users\White\AppData\Local\Temp\a2e6743439269288443fc316af74c4e3.mpf_cache
2026-01-24 19:02:39,247 : INFO : ConfigProcessor : Loading config from file C:\Users\White\documents\Top_Gun_Pinball\modes\skillshot\shows\.\skillshot_cyan_flash.yaml.
2026-01-24 19:02:39,248 : INFO : ConfigProcessor : Loading config: C:\Users\White\documents\Top_Gun_Pinball\modes\skillshot\shows\.\skillshot_cyan_flash.yaml
2026-01-24 19:02:39,249 : INFO : ConfigProcessor : Config file cache created: C:\Users\White\AppData\Local\Temp\806e2c11867b05313045539710e5cf3e.mpf_cache
2026-01-24 19:02:39,250 : INFO : ConfigProcessor : Loading config from file C:\Users\White\documents\Top_Gun_Pinball\modes\pilot_mission_qualifier\shows\.\pulse_mode_light.yaml.
2026-01-24 19:02:39,251 : INFO : ConfigProcessor : Loading config: C:\Users\White\documents\Top_Gun_Pinball\modes\pilot_mission_qualifier\shows\.\pulse_mode_light.yaml
2026-01-24 19:02:39,252 : INFO : ConfigProcessor : Config file cache created: C:\Users\White\AppData\Local\Temp\d4cc51f9996852dab0efd4baeb323b9c.mpf_cache
2026-01-24 19:02:39,253 : INFO : Machine : Mission Pinball Framework Core Engine v0.80.0.dev11
2026-01-24 19:02:39,253 : INFO : Machine : Command line arguments: {'no_load_cache': False, 'create_config_cache': True, 'bcp': True, 'configfile': ['config.yaml'], 'force_assets_load': False, 'platform_integration_test': False, 'jsonlogging': False, 'logfile': 'logs\\2026-01-24-19-02-37-mpf-TopGunPinball.log', 'pause': False, 'production': False, 'text_ui': False, 'loglevel': 15, 'consoleloglevel': 20, 'force_platform': None, 'syslog_address': None, 'full_logfile_path': 'C:\\Users\\White\\documents\\Top_Gun_Pinball\\logs\\2026-01-24-19-02-37-mpf-TopGunPinball.log'}
2026-01-24 19:02:39,253 : INFO : Machine : MPF path: C:\Users\White\mpf\Lib\site-packages\mpf
2026-01-24 19:02:39,253 : INFO : Machine : Machine path: C:\Users\White\documents\Top_Gun_Pinball
2026-01-24 19:02:39,253 : INFO : Machine : Platform: win32
2026-01-24 19:02:39,253 : INFO : Machine : Python executable location: C:\Users\White\mpf\Scripts\python.exe
2026-01-24 19:02:39,253 : INFO : Machine : Python version: 3.12.7 (64-bit)
2026-01-24 19:02:39,257 : INFO : Machine : Initializing MPF...
2026-01-24 19:02:39,386 : INFO : FAST : Auto-detecting ports for the following connections: ['net', 'exp', 'aud']
2026-01-24 19:02:39,947 : INFO : FAST : Detected AUD on port COM7
2026-01-24 19:02:39,947 : INFO : FAST : Detected NET on port COM3
2026-01-24 19:02:39,962 : INFO : FAST : Detected EXP on port COM4
2026-01-24 19:02:40,073 : INFO : FAST [NET] : Trying to connect to COM3 at 921600bps
2026-01-24 19:02:40,150 : INFO : FAST [NET] : Connected to COM3 at 921600bps
2026-01-24 19:02:40,166 : INFO : FAST [NET] : Connected to FP-CPU-2000 with firmware v02.26
2026-01-24 19:02:40,197 : INFO : FAST [NET] : Registered I/O Board 0: Model: FP-I/O-0024, Firmware: 01.10, Switches: 24, Drivers: 8
2026-01-24 19:02:40,213 : INFO : FAST [NET] : Registered I/O Board 1: Model: FP-I/O-3208, Firmware: 01.10, Switches: 32, Drivers: 8
2026-01-24 19:02:40,228 : INFO : FAST [NET] : Registered I/O Board 2: Model: FP-I/O-3208, Firmware: 01.10, Switches: 32, Drivers: 8
2026-01-24 19:02:40,245 : INFO : FAST [NET] : Registered I/O Board 3: Model: FP-I/O-0804, Firmware: 01.10, Switches: 8, Drivers: 4
2026-01-24 19:02:40,260 : INFO : FAST [NET] : Registered I/O Board 4: Model: FP-I/O-0804, Firmware: 01.10, Switches: 8, Drivers: 4
2026-01-24 19:02:40,262 : INFO : FAST [EXP] : Trying to connect to COM4 at 921600bps
2026-01-24 19:02:40,341 : INFO : FAST [EXP] : Connected to COM4 at 921600bps
2026-01-24 19:02:40,354 : INFO : FAST [EXP] : Verifying hardware for EXP "neuron" (FP-EXP-2000, @48) with ID string "EXP FP-EXP-2000  0.38", board address 48
2026-01-24 19:02:40,369 : INFO : FAST [EXP] : Verifying hardware for EXP "neuron" (FP-EXP-2000, @48) with ID string "LED FP-BRK-0001  0.8", board address 480
2026-01-24 19:02:40,401 : INFO : FAST [EXP] : Verifying hardware for EXP "light_expansion_board" (FP-EXP-0071, @B4) with ID string "EXP FP-EXP-0071  0.38", board address B4
2026-01-24 19:02:40,416 : INFO : FAST [EXP] : Verifying hardware for EXP "light_expansion_board" (FP-EXP-0071, @B4) with ID string "BRK FP-EXP-0071  0.38", board address B40
2026-01-24 19:02:40,433 : INFO : FAST [AUD] : Trying to connect to COM7 at 230400bps
2026-01-24 19:02:40,563 : INFO : FAST [AUD] : Connected to COM7 at 230400bps
2026-01-24 19:02:40,565 : WARNING : FAST [AUD] : Received XX response:F
2026-01-24 19:02:40,566 : WARNING : FAST [AUD] : Received XX response:F
2026-01-24 19:02:40,566 : WARNING : FAST [AUD] : Received XX response:F
2026-01-24 19:02:40,566 : WARNING : FAST [AUD] : Received XX response:F
2026-01-24 19:02:40,566 : INFO : FAST [AUD] : Connected to FP-AUD-0099 with firmware v0.10
2026-01-24 19:02:40,567 : INFO : EventManager : Event: ======'machine_var_credits_string'====== Args={'value': 'FREE PLAY', 'prev_value': None, 'change': True}
2026-01-24 19:02:40,599 : INFO : EventManager : Event: ======'machine_var_audit_balls_played'====== Args={'value': 0, 'prev_value': None, 'change': True}
2026-01-24 19:02:40,599 : INFO : EventManager : Event: ======'machine_var_audit_games_played'====== Args={'value': 0, 'prev_value': None, 'change': True}
2026-01-24 19:02:40,600 : INFO : EventManager : Event: ======'machine_var_audit_high_score'====== Args={'value': 0, 'prev_value': None, 'change': True}
2026-01-24 19:02:40,600 : INFO : EventManager : Event: ======'machine_var_audit_total_game_time'====== Args={'value': 0, 'prev_value': None, 'change': True}
2026-01-24 19:02:40,600 : INFO : EventManager : Event: ======'machine_var_audit_total_plays'====== Args={'value': 0, 'prev_value': None, 'change': True}
2026-01-24 19:02:40,600 : INFO : EventManager : Event: ======'machine_var_fast_audio_headphones_volume'====== Args={'value': 50, 'prev_value': None, 'change': True}
2026-01-24 19:02:40,600 : INFO : EventManager : Event: ======'machine_var_fast_audio_main_volume'====== Args={'value': 30, 'prev_value': None, 'change': True}
2026-01-24 19:02:40,600 : INFO : EventManager : Event: ======'machine_var_master_volume'====== Args={'value': 0.5, 'prev_value': None, 'change': True}
2026-01-24 19:02:40,600 : INFO : EventManager : Event: ======'machine_var_player1_score'====== Args={'value': 926600, 'prev_value': None, 'change': True}
2026-01-24 19:02:40,600 : INFO : EventManager : Event: ======'machine_var_service_menu_level'====== Args={'value': 0, 'prev_value': None, 'change': True}
2026-01-24 19:02:40,600 : INFO : EventManager : Event: ======'machine_var_service_main_index'====== Args={'value': 0, 'prev_value': None, 'change': True}
2026-01-24 19:02:40,600 : INFO : EventManager : Event: ======'machine_var_service_switch_index'====== Args={'value': 0, 'prev_value': None, 'change': True}
2026-01-24 19:02:40,600 : INFO : EventManager : Event: ======'machine_var_service_coil_index'====== Args={'value': 0, 'prev_value': None, 'change': True}
2026-01-24 19:02:40,600 : INFO : EventManager : Event: ======'machine_var_service_light_index'====== Args={'value': 0, 'prev_value': None, 'change': True}
2026-01-24 19:02:40,600 : INFO : EventManager : Event: ======'machine_var_service_light_color'====== Args={'value': 0, 'prev_value': None, 'change': True}
2026-01-24 19:02:40,600 : INFO : EventManager : Event: ======'machine_var_service_adjustment_index'====== Args={'value': 0, 'prev_value': None, 'change': True}
2026-01-24 19:02:40,600 : INFO : EventManager : Event: ======'machine_var_service_audit_index'====== Args={'value': 0, 'prev_value': None, 'change': True}
2026-01-24 19:02:40,601 : INFO : EventManager : Event: ======'machine_var_service_feature_index'====== Args={'value': 0, 'prev_value': None, 'change': True}
2026-01-24 19:02:40,601 : INFO : EventManager : Event: ======'machine_var_service_main_text'====== Args={'value': 'SWITCH TEST', 'prev_value': None, 'change': True}
2026-01-24 19:02:40,601 : INFO : EventManager : Event: ======'machine_var_service_switch_name'====== Args={'value': 's_start', 'prev_value': None, 'change': True}
2026-01-24 19:02:40,601 : INFO : EventManager : Event: ======'machine_var_service_switch_num'====== Args={'value': 'Switch 1/61', 'prev_value': None, 'change': True}
2026-01-24 19:02:40,601 : INFO : EventManager : Event: ======'machine_var_service_switch_state'====== Args={'value': 'OPEN', 'prev_value': None, 'change': True}
2026-01-24 19:02:40,601 : INFO : EventManager : Event: ======'machine_var_service_coil_name'====== Args={'value': 'c_trough_eject', 'prev_value': None, 'change': True}
2026-01-24 19:02:40,601 : INFO : EventManager : Event: ======'machine_var_service_coil_num'====== Args={'value': 'Coil 1/20', 'prev_value': None, 'change': True}
2026-01-24 19:02:40,601 : INFO : EventManager : Event: ======'machine_var_service_light_name'====== Args={'value': 'l_eject', 'prev_value': None, 'change': True}
2026-01-24 19:02:40,601 : INFO : EventManager : Event: ======'machine_var_service_light_num'====== Args={'value': 'Light 1/80', 'prev_value': None, 'change': True}
2026-01-24 19:02:40,601 : INFO : EventManager : Event: ======'machine_var_service_light_color_text'====== Args={'value': 'RED', 'prev_value': None, 'change': True}
2026-01-24 19:02:40,601 : INFO : EventManager : Event: ======'machine_var_service_adjustment_name'====== Args={'value': 'Balls Per Game', 'prev_value': None, 'change': True}
2026-01-24 19:02:40,601 : INFO : EventManager : Event: ======'machine_var_service_adjustment_num'====== Args={'value': 'Setting 1/15', 'prev_value': None, 'change': True}
2026-01-24 19:02:40,601 : INFO : EventManager : Event: ======'machine_var_service_audit_name'====== Args={'value': 'Games Played', 'prev_value': None, 'change': True}
2026-01-24 19:02:40,601 : INFO : EventManager : Event: ======'machine_var_service_audit_num'====== Args={'value': 'Audit 1/10', 'prev_value': None, 'change': True}
2026-01-24 19:02:40,601 : INFO : EventManager : Event: ======'machine_var_service_feature_name'====== Args={'value': 'Pilot Mode Timer', 'prev_value': None, 'change': True}
2026-01-24 19:02:40,602 : INFO : EventManager : Event: ======'machine_var_service_feature_num'====== Args={'value': 'Feature 1/10', 'prev_value': None, 'change': True}
2026-01-24 19:02:40,602 : INFO : EventManager : Event: ======'machine_var_mpf_version'====== Args={'value': 'Mission Pinball Framework v0.80.0.dev11', 'prev_value': None, 'change': True}
2026-01-24 19:02:40,602 : INFO : EventManager : Event: ======'machine_var_mpf_extended_version'====== Args={'value': 'Mission Pinball Framework v0.80.0.dev11, Config version:6, Show version: 6, BCP version:1.1', 'prev_value': None, 'change': True}
2026-01-24 19:02:40,602 : INFO : EventManager : Event: ======'machine_var_python_version'====== Args={'value': '3.12.7', 'prev_value': None, 'change': True}
2026-01-24 19:02:40,758 : INFO : EventManager : Event: ======'machine_var_platform'====== Args={'value': 'Windows-11-10.0.26100-SP0', 'prev_value': None, 'change': True}
2026-01-24 19:02:40,758 : INFO : EventManager : Event: ======'machine_var_platform_system'====== Args={'value': 'Windows', 'prev_value': None, 'change': True}
2026-01-24 19:02:40,758 : INFO : EventManager : Event: ======'machine_var_platform_release'====== Args={'value': '11', 'prev_value': None, 'change': True}
2026-01-24 19:02:40,758 : INFO : EventManager : Event: ======'machine_var_platform_version'====== Args={'value': '10.0.26100', 'prev_value': None, 'change': True}
2026-01-24 19:02:40,758 : INFO : EventManager : Event: ======'machine_var_platform_machine'====== Args={'value': 'AMD64', 'prev_value': None, 'change': True}
2026-01-24 19:02:40,758 : INFO : EventManager : Event: ======'machine_var_log_file_path'====== Args={'value': 'C:\\Users\\White\\documents\\Top_Gun_Pinball\\logs\\2026-01-24-19-02-37-mpf-TopGunPinball.log', 'prev_value': None, 'change': True}
2026-01-24 19:02:40,758 : INFO : EventManager : Event: ======'init_phase_1'====== Args={}
2026-01-24 19:02:43,246 : INFO : SwitchController : <<<<<<< 's_48v_disable' active >>>>>>>
2026-01-24 19:02:43,246 : INFO : SwitchController : <<<<<<< 's_trough_1' active >>>>>>>
2026-01-24 19:02:43,246 : INFO : SwitchController : <<<<<<< 's_trough_2' active >>>>>>>
2026-01-24 19:02:43,246 : INFO : SwitchController : <<<<<<< 's_trough_3' active >>>>>>>
2026-01-24 19:02:43,246 : INFO : SwitchController : <<<<<<< 's_trough_4' active >>>>>>>
2026-01-24 19:02:43,246 : INFO : SwitchController : <<<<<<< 's_trough_5' active >>>>>>>
2026-01-24 19:02:43,246 : INFO : SwitchController : <<<<<<< 's_trough_6' active >>>>>>>
2026-01-24 19:02:43,247 : INFO : SwitchController : <<<<<<< 's_ramp_right_exit' active >>>>>>>
2026-01-24 19:02:43,247 : INFO : SwitchController : <<<<<<< 's_ramp_inner_exit' active >>>>>>>
2026-01-24 19:02:43,280 : INFO : EventManager : Event: ======'init_phase_2'====== Args={}
2026-01-24 19:02:43,281 : INFO : SwitchController : Found active switch: (0, [FAST Platform Interface]) <switch.s_48v_disable>
2026-01-24 19:02:43,281 : INFO : SwitchController : Found active switch: (24, [FAST Platform Interface]) <switch.s_trough_1>
2026-01-24 19:02:43,281 : INFO : SwitchController : Found active switch: (25, [FAST Platform Interface]) <switch.s_trough_2>
2026-01-24 19:02:43,281 : INFO : SwitchController : Found active switch: (26, [FAST Platform Interface]) <switch.s_trough_3>
2026-01-24 19:02:43,281 : INFO : SwitchController : Found active switch: (27, [FAST Platform Interface]) <switch.s_trough_4>
2026-01-24 19:02:43,281 : INFO : SwitchController : Found active switch: (28, [FAST Platform Interface]) <switch.s_trough_5>
2026-01-24 19:02:43,281 : INFO : SwitchController : Found active switch: (29, [FAST Platform Interface]) <switch.s_trough_6>
2026-01-24 19:02:43,281 : INFO : SwitchController : Found active switch: (77, [FAST Platform Interface]) <switch.s_ramp_right_exit>
2026-01-24 19:02:43,281 : INFO : SwitchController : Found active switch: (78, [FAST Platform Interface]) <switch.s_ramp_inner_exit>
2026-01-24 19:02:43,379 : INFO : EventManager : Event: ======'bcp_connection_attempt'====== Args={'name': 'local_display', 'host': 'localhost', 'port': 5050}
2026-01-24 19:02:43,382 : INFO : BCPClientSocket : Connecting BCP to 'local_display' at localhost:5050...
2026-01-24 19:02:43,395 : INFO : BCPClientSocket : Connected BCP to 'local_display' localhost:5050
2026-01-24 19:02:43,395 : INFO : EventManager : Event: ======'bcp_clients_connected'====== Args={}
2026-01-24 19:02:43,396 : INFO : ball_device.bd_plunger : BCH: Initial count: 0
2026-01-24 19:02:43,397 : INFO : ball_device.bd_plunger : State: idle
2026-01-24 19:02:43,559 : INFO : ball_device.bd_trough : BCH: Initial count: 6
2026-01-24 19:02:43,560 : INFO : ball_device.bd_trough : State: idle
2026-01-24 19:02:43,560 : INFO : ball_device.bd_lock_elevator : BCH: Initial count: 0
2026-01-24 19:02:43,561 : INFO : ball_device.bd_lock_elevator : State: idle
2026-01-24 19:02:43,561 : INFO : ball_device.bd_mode_scoop : BCH: Initial count: 0
2026-01-24 19:02:43,562 : INFO : ball_device.bd_mode_scoop : State: idle
2026-01-24 19:02:43,581 : INFO : EventManager : Event: ======'init_phase_3'====== Args={}
2026-01-24 19:02:44,919 : INFO : EventManager : Event: ======'init_phase_4'====== Args={}
2026-01-24 19:02:44,921 : INFO : BallController : Initial balls found: 6
2026-01-24 19:02:44,922 : INFO : EventManager : Event: ======'machine_var_audits_events_game_ended'====== Args={'value': 19, 'prev_value': None, 'change': True}
2026-01-24 19:02:44,922 : INFO : EventManager : Event: ======'machine_var_audits_events_game_started'====== Args={'value': 822, 'prev_value': None, 'change': True}
2026-01-24 19:02:44,922 : INFO : EventManager : Event: ======'machine_var_audits_missing_switches_s_48v_disable'====== Args={'value': 1, 'prev_value': None, 'change': True}
2026-01-24 19:02:44,923 : INFO : EventManager : Event: ======'machine_var_audits_missing_switches_s_a_iceman_target'====== Args={'value': 1, 'prev_value': None, 'change': True}
2026-01-24 19:02:44,923 : INFO : EventManager : Event: ======'machine_var_audits_missing_switches_s_barrier_target'====== Args={'value': 1, 'prev_value': None, 'change': True}
2026-01-24 19:02:44,923 : INFO : EventManager : Event: ======'machine_var_audits_missing_switches_s_bumper_left'====== Args={'value': 3, 'prev_value': None, 'change': True}
2026-01-24 19:02:44,923 : INFO : EventManager : Event: ======'machine_var_audits_missing_switches_s_c_iceman_target'====== Args={'value': 21, 'prev_value': None, 'change': True}
2026-01-24 19:02:44,923 : INFO : EventManager : Event: ======'machine_var_audits_missing_switches_s_c_lock_target'====== Args={'value': 1, 'prev_value': None, 'change': True}
2026-01-24 19:02:44,923 : INFO : EventManager : Event: ======'machine_var_audits_missing_switches_s_coin_door_credit_left'====== Args={'value': 616, 'prev_value': None, 'change': True}
2026-01-24 19:02:44,923 : INFO : EventManager : Event: ======'machine_var_audits_missing_switches_s_coin_door_credit_right'====== Args={'value': 8, 'prev_value': None, 'change': True}
2026-01-24 19:02:44,923 : INFO : EventManager : Event: ======'machine_var_audits_missing_switches_s_e_iceman_target'====== Args={'value': 1, 'prev_value': None, 'change': True}
2026-01-24 19:02:44,923 : INFO : EventManager : Event: ======'machine_var_audits_missing_switches_s_flight_gear_target'====== Args={'value': 1, 'prev_value': None, 'change': True}
2026-01-24 19:02:44,923 : INFO : EventManager : Event: ======'machine_var_audits_missing_switches_s_i_iceman_target'====== Args={'value': 1, 'prev_value': None, 'change': True}
2026-01-24 19:02:44,923 : INFO : EventManager : Event: ======'machine_var_audits_missing_switches_s_inlane_left'====== Args={'value': 1, 'prev_value': None, 'change': True}
2026-01-24 19:02:44,923 : INFO : EventManager : Event: ======'machine_var_audits_missing_switches_s_k_lock_target'====== Args={'value': 9, 'prev_value': None, 'change': True}
2026-01-24 19:02:44,923 : INFO : EventManager : Event: ======'machine_var_audits_missing_switches_s_l_lock_target'====== Args={'value': 1, 'prev_value': None, 'change': True}
2026-01-24 19:02:44,923 : INFO : EventManager : Event: ======'machine_var_audits_missing_switches_s_lane_left'====== Args={'value': 25, 'prev_value': None, 'change': True}
2026-01-24 19:02:44,923 : INFO : EventManager : Event: ======'machine_var_audits_missing_switches_s_lane_right'====== Args={'value': 1, 'prev_value': None, 'change': True}
2026-01-24 19:02:44,923 : INFO : EventManager : Event: ======'machine_var_audits_missing_switches_s_lock_goose'====== Args={'value': 771, 'prev_value': None, 'change': True}
2026-01-24 19:02:44,923 : INFO : EventManager : Event: ======'machine_var_audits_missing_switches_s_lock_mav'====== Args={'value': 771, 'prev_value': None, 'change': True}
2026-01-24 19:02:44,923 : INFO : EventManager : Event: ======'machine_var_audits_missing_switches_s_lock_plunger'====== Args={'value': 605, 'prev_value': None, 'change': True}
2026-01-24 19:02:44,923 : INFO : EventManager : Event: ======'machine_var_audits_missing_switches_s_m_iceman_target'====== Args={'value': 16, 'prev_value': None, 'change': True}
2026-01-24 19:02:44,924 : INFO : EventManager : Event: ======'machine_var_audits_missing_switches_s_mig_lane_left'====== Args={'value': 3, 'prev_value': None, 'change': True}
2026-01-24 19:02:44,924 : INFO : EventManager : Event: ======'machine_var_audits_missing_switches_s_mode_start'====== Args={'value': 9, 'prev_value': None, 'change': True}
2026-01-24 19:02:44,924 : INFO : EventManager : Event: ======'machine_var_audits_missing_switches_s_n_iceman_target'====== Args={'value': 1, 'prev_value': None, 'change': True}
2026-01-24 19:02:44,924 : INFO : EventManager : Event: ======'machine_var_audits_missing_switches_s_o_lock_target'====== Args={'value': 9, 'prev_value': None, 'change': True}
2026-01-24 19:02:44,924 : INFO : EventManager : Event: ======'machine_var_audits_missing_switches_s_orbit_lower'====== Args={'value': 25, 'prev_value': None, 'change': True}
2026-01-24 19:02:44,924 : INFO : EventManager : Event: ======'machine_var_audits_missing_switches_s_orbit_upper'====== Args={'value': 1, 'prev_value': None, 'change': True}
2026-01-24 19:02:44,924 : INFO : EventManager : Event: ======'machine_var_audits_missing_switches_s_outlane_left'====== Args={'value': 1, 'prev_value': None, 'change': True}
2026-01-24 19:02:44,924 : INFO : EventManager : Event: ======'machine_var_audits_missing_switches_s_outlane_right'====== Args={'value': 5, 'prev_value': None, 'change': True}
2026-01-24 19:02:44,924 : INFO : EventManager : Event: ======'machine_var_audits_missing_switches_s_plunger_lane'====== Args={'value': 10, 'prev_value': None, 'change': True}
2026-01-24 19:02:44,925 : INFO : EventManager : Event: ======'machine_var_audits_missing_switches_s_ramp_inner_exit'====== Args={'value': 14, 'prev_value': None, 'change': True}
2026-01-24 19:02:44,925 : INFO : EventManager : Event: ======'machine_var_audits_missing_switches_s_ramp_left_exit'====== Args={'value': 1, 'prev_value': None, 'change': True}
2026-01-24 19:02:44,925 : INFO : EventManager : Event: ======'machine_var_audits_missing_switches_s_ramp_right_exit'====== Args={'value': 37, 'prev_value': None, 'change': True}
2026-01-24 19:02:44,925 : INFO : EventManager : Event: ======'machine_var_audits_missing_switches_s_ramp_tower_exit'====== Args={'value': 1, 'prev_value': None, 'change': True}
2026-01-24 19:02:44,925 : INFO : EventManager : Event: ======'machine_var_audits_missing_switches_s_slingshot_right'====== Args={'value': 1, 'prev_value': None, 'change': True}
2026-01-24 19:02:44,925 : INFO : EventManager : Event: ======'machine_var_audits_missing_switches_s_spinner'====== Args={'value': 9, 'prev_value': None, 'change': True}
2026-01-24 19:02:44,925 : INFO : EventManager : Event: ======'machine_var_audits_missing_switches_s_start'====== Args={'value': 5, 'prev_value': None, 'change': True}
2026-01-24 19:02:44,925 : INFO : EventManager : Event: ======'machine_var_audits_player_score'====== Args={'value': {'average': 1471408, 'top': [8367250, 2977800, 2783350, 2231750, 2229000, 2197050, 1722550, 1349850, 1271150, 926600], 'total': 20}, 'prev_value': None, 'change': True}
2026-01-24 19:02:44,925 : INFO : EventManager : Event: ======'machine_var_audits_shots_bumper_center'====== Args={'value': 965, 'prev_value': None, 'change': True}
2026-01-24 19:02:44,925 : INFO : EventManager : Event: ======'machine_var_audits_shots_bumper_left'====== Args={'value': 827, 'prev_value': None, 'change': True}
2026-01-24 19:02:44,925 : INFO : EventManager : Event: ======'machine_var_audits_shots_bumper_right'====== Args={'value': 694, 'prev_value': None, 'change': True}
2026-01-24 19:02:44,925 : INFO : EventManager : Event: ======'machine_var_audits_shots_mach_ramp'====== Args={'value': 861, 'prev_value': None, 'change': True}
2026-01-24 19:02:44,925 : INFO : EventManager : Event: ======'machine_var_audits_shots_mig_lane_left'====== Args={'value': 211, 'prev_value': None, 'change': True}
2026-01-24 19:02:44,925 : INFO : EventManager : Event: ======'machine_var_audits_shots_mig_lane_right'====== Args={'value': 48, 'prev_value': None, 'change': True}
2026-01-24 19:02:44,925 : INFO : EventManager : Event: ======'machine_var_audits_shots_orbit_upper'====== Args={'value': 37, 'prev_value': None, 'change': True}
2026-01-24 19:02:44,925 : INFO : EventManager : Event: ======'machine_var_audits_shots_ramp_inner'====== Args={'value': 61, 'prev_value': None, 'change': True}
2026-01-24 19:02:44,925 : INFO : EventManager : Event: ======'machine_var_audits_shots_spinner'====== Args={'value': 66, 'prev_value': None, 'change': True}
2026-01-24 19:02:44,925 : INFO : EventManager : Event: ======'machine_var_audits_switches_s_48v_disable'====== Args={'value': 0, 'prev_value': None, 'change': True}
2026-01-24 19:02:44,925 : INFO : EventManager : Event: ======'machine_var_audits_switches_s_a_iceman_target'====== Args={'value': 265, 'prev_value': None, 'change': True}
2026-01-24 19:02:44,925 : INFO : EventManager : Event: ======'machine_var_audits_switches_s_barrier_target'====== Args={'value': 130, 'prev_value': None, 'change': True}
2026-01-24 19:02:44,926 : INFO : EventManager : Event: ======'machine_var_audits_switches_s_bumper_center'====== Args={'value': 985, 'prev_value': None, 'change': True}
2026-01-24 19:02:44,926 : INFO : EventManager : Event: ======'machine_var_audits_switches_s_bumper_left'====== Args={'value': 858, 'prev_value': None, 'change': True}
2026-01-24 19:02:44,926 : INFO : EventManager : Event: ======'machine_var_audits_switches_s_bumper_right'====== Args={'value': 700, 'prev_value': None, 'change': True}
2026-01-24 19:02:44,926 : INFO : EventManager : Event: ======'machine_var_audits_switches_s_c_iceman_target'====== Args={'value': 233, 'prev_value': None, 'change': True}
2026-01-24 19:02:44,926 : INFO : EventManager : Event: ======'machine_var_audits_switches_s_c_lock_target'====== Args={'value': 95, 'prev_value': None, 'change': True}
2026-01-24 19:02:44,926 : INFO : EventManager : Event: ======'machine_var_audits_switches_s_coin_door'====== Args={'value': 4, 'prev_value': None, 'change': True}
2026-01-24 19:02:44,926 : INFO : EventManager : Event: ======'machine_var_audits_switches_s_coin_door_credit_left'====== Args={'value': 0, 'prev_value': None, 'change': True}
2026-01-24 19:02:44,926 : INFO : EventManager : Event: ======'machine_var_audits_switches_s_coin_door_credit_right'====== Args={'value': 1, 'prev_value': None, 'change': True}
2026-01-24 19:02:44,926 : INFO : EventManager : Event: ======'machine_var_audits_switches_s_coin_door_service_1'====== Args={'value': 6, 'prev_value': None, 'change': True}
2026-01-24 19:02:44,926 : INFO : EventManager : Event: ======'machine_var_audits_switches_s_coin_door_service_2'====== Args={'value': 16, 'prev_value': None, 'change': True}
2026-01-24 19:02:44,926 : INFO : EventManager : Event: ======'machine_var_audits_switches_s_coin_door_service_3'====== Args={'value': 19, 'prev_value': None, 'change': True}
2026-01-24 19:02:44,926 : INFO : EventManager : Event: ======'machine_var_audits_switches_s_coin_door_service_4'====== Args={'value': 5, 'prev_value': None, 'change': True}
2026-01-24 19:02:44,926 : INFO : EventManager : Event: ======'machine_var_audits_switches_s_e_iceman_target'====== Args={'value': 238, 'prev_value': None, 'change': True}
2026-01-24 19:02:44,926 : INFO : EventManager : Event: ======'machine_var_audits_switches_s_flight_gear_target'====== Args={'value': 750, 'prev_value': None, 'change': True}
2026-01-24 19:02:44,926 : INFO : EventManager : Event: ======'machine_var_audits_switches_s_flipper_left'====== Args={'value': 3072, 'prev_value': None, 'change': True}
2026-01-24 19:02:44,926 : INFO : EventManager : Event: ======'machine_var_audits_switches_s_flipper_left_eos'====== Args={'value': 2627, 'prev_value': None, 'change': True}
2026-01-24 19:02:44,926 : INFO : EventManager : Event: ======'machine_var_audits_switches_s_flipper_left_upper'====== Args={'value': 2706, 'prev_value': None, 'change': True}
2026-01-24 19:02:44,926 : INFO : EventManager : Event: ======'machine_var_audits_switches_s_flipper_left_upper_eos'====== Args={'value': 2628, 'prev_value': None, 'change': True}
2026-01-24 19:02:44,926 : INFO : EventManager : Event: ======'machine_var_audits_switches_s_flipper_right'====== Args={'value': 2499, 'prev_value': None, 'change': True}
2026-01-24 19:02:44,926 : INFO : EventManager : Event: ======'machine_var_audits_switches_s_flipper_right_eos'====== Args={'value': 2073, 'prev_value': None, 'change': True}
2026-01-24 19:02:44,926 : INFO : EventManager : Event: ======'machine_var_audits_switches_s_i_iceman_target'====== Args={'value': 216, 'prev_value': None, 'change': True}
2026-01-24 19:02:44,927 : INFO : EventManager : Event: ======'machine_var_audits_switches_s_inlane_left'====== Args={'value': 553, 'prev_value': None, 'change': True}
2026-01-24 19:02:44,927 : INFO : EventManager : Event: ======'machine_var_audits_switches_s_inner_inlane_right'====== Args={'value': 520, 'prev_value': None, 'change': True}
2026-01-24 19:02:44,927 : INFO : EventManager : Event: ======'machine_var_audits_switches_s_jam'====== Args={'value': 258, 'prev_value': None, 'change': True}
2026-01-24 19:02:44,927 : INFO : EventManager : Event: ======'machine_var_audits_switches_s_k_lock_target'====== Args={'value': 119, 'prev_value': None, 'change': True}
2026-01-24 19:02:44,927 : INFO : EventManager : Event: ======'machine_var_audits_switches_s_l_lock_target'====== Args={'value': 155, 'prev_value': None, 'change': True}
2026-01-24 19:02:44,927 : INFO : EventManager : Event: ======'machine_var_audits_switches_s_lane_left'====== Args={'value': 953, 'prev_value': None, 'change': True}
2026-01-24 19:02:44,927 : INFO : EventManager : Event: ======'machine_var_audits_switches_s_lane_right'====== Args={'value': 687, 'prev_value': None, 'change': True}
2026-01-24 19:02:44,927 : INFO : EventManager : Event: ======'machine_var_audits_switches_s_lock_goose'====== Args={'value': 0, 'prev_value': None, 'change': True}
2026-01-24 19:02:44,927 : INFO : EventManager : Event: ======'machine_var_audits_switches_s_lock_mav'====== Args={'value': 0, 'prev_value': None, 'change': True}
2026-01-24 19:02:44,927 : INFO : EventManager : Event: ======'machine_var_audits_switches_s_lock_plunger'====== Args={'value': 3, 'prev_value': None, 'change': True}
2026-01-24 19:02:44,927 : INFO : EventManager : Event: ======'machine_var_audits_switches_s_m_iceman_target'====== Args={'value': 244, 'prev_value': None, 'change': True}
2026-01-24 19:02:44,927 : INFO : EventManager : Event: ======'machine_var_audits_switches_s_mig_lane_left'====== Args={'value': 691, 'prev_value': None, 'change': True}
2026-01-24 19:02:44,927 : INFO : EventManager : Event: ======'machine_var_audits_switches_s_mig_lane_right'====== Args={'value': 334, 'prev_value': None, 'change': True}
2026-01-24 19:02:44,927 : INFO : EventManager : Event: ======'machine_var_audits_switches_s_mode_start'====== Args={'value': 444, 'prev_value': None, 'change': True}
2026-01-24 19:02:44,927 : INFO : EventManager : Event: ======'machine_var_audits_switches_s_n_iceman_target'====== Args={'value': 407, 'prev_value': None, 'change': True}
2026-01-24 19:02:44,927 : INFO : EventManager : Event: ======'machine_var_audits_switches_s_o_lock_target'====== Args={'value': 200, 'prev_value': None, 'change': True}
2026-01-24 19:02:44,927 : INFO : EventManager : Event: ======'machine_var_audits_switches_s_orbit_left'====== Args={'value': 1418, 'prev_value': None, 'change': True}
2026-01-24 19:02:44,927 : INFO : EventManager : Event: ======'machine_var_audits_switches_s_orbit_lower'====== Args={'value': 47, 'prev_value': None, 'change': True}
2026-01-24 19:02:44,927 : INFO : EventManager : Event: ======'machine_var_audits_switches_s_orbit_right'====== Args={'value': 681, 'prev_value': None, 'change': True}
2026-01-24 19:02:44,927 : INFO : EventManager : Event: ======'machine_var_audits_switches_s_orbit_upper'====== Args={'value': 278, 'prev_value': None, 'change': True}
2026-01-24 19:02:44,928 : INFO : EventManager : Event: ======'machine_var_audits_switches_s_outer_inlane_right'====== Args={'value': 555, 'prev_value': None, 'change': True}
2026-01-24 19:02:44,928 : INFO : EventManager : Event: ======'machine_var_audits_switches_s_outlane_left'====== Args={'value': 438, 'prev_value': None, 'change': True}
2026-01-24 19:02:44,928 : INFO : EventManager : Event: ======'machine_var_audits_switches_s_outlane_right'====== Args={'value': 446, 'prev_value': None, 'change': True}
2026-01-24 19:02:44,928 : INFO : EventManager : Event: ======'machine_var_audits_switches_s_plunger_lane'====== Args={'value': 46, 'prev_value': None, 'change': True}
2026-01-24 19:02:44,928 : INFO : EventManager : Event: ======'machine_var_audits_switches_s_ramp_inner_exit'====== Args={'value': 907, 'prev_value': None, 'change': True}
2026-01-24 19:02:44,928 : INFO : EventManager : Event: ======'machine_var_audits_switches_s_ramp_left_exit'====== Args={'value': 1011, 'prev_value': None, 'change': True}
2026-01-24 19:02:44,928 : INFO : EventManager : Event: ======'machine_var_audits_switches_s_ramp_right_exit'====== Args={'value': 221, 'prev_value': None, 'change': True}
2026-01-24 19:02:44,928 : INFO : EventManager : Event: ======'machine_var_audits_switches_s_ramp_tower_exit'====== Args={'value': 254, 'prev_value': None, 'change': True}
2026-01-24 19:02:44,928 : INFO : EventManager : Event: ======'machine_var_audits_switches_s_shooter_lane'====== Args={'value': 965, 'prev_value': None, 'change': True}
2026-01-24 19:02:44,928 : INFO : EventManager : Event: ======'machine_var_audits_switches_s_slingshot_left'====== Args={'value': 414, 'prev_value': None, 'change': True}
2026-01-24 19:02:44,928 : INFO : EventManager : Event: ======'machine_var_audits_switches_s_slingshot_right'====== Args={'value': 273, 'prev_value': None, 'change': True}
2026-01-24 19:02:44,928 : INFO : EventManager : Event: ======'machine_var_audits_switches_s_spinner'====== Args={'value': 5437, 'prev_value': None, 'change': True}
2026-01-24 19:02:44,928 : INFO : EventManager : Event: ======'machine_var_audits_switches_s_start'====== Args={'value': 189, 'prev_value': None, 'change': True}
2026-01-24 19:02:44,928 : INFO : EventManager : Event: ======'machine_var_audits_switches_s_tilt'====== Args={'value': 233, 'prev_value': None, 'change': True}
2026-01-24 19:02:44,928 : INFO : EventManager : Event: ======'machine_var_audits_switches_s_trough_1'====== Args={'value': 259, 'prev_value': None, 'change': True}
2026-01-24 19:02:44,928 : INFO : EventManager : Event: ======'machine_var_audits_switches_s_trough_2'====== Args={'value': 251, 'prev_value': None, 'change': True}
2026-01-24 19:02:44,928 : INFO : EventManager : Event: ======'machine_var_audits_switches_s_trough_3'====== Args={'value': 250, 'prev_value': None, 'change': True}
2026-01-24 19:02:44,928 : INFO : EventManager : Event: ======'machine_var_audits_switches_s_trough_4'====== Args={'value': 254, 'prev_value': None, 'change': True}
2026-01-24 19:02:44,928 : INFO : EventManager : Event: ======'machine_var_audits_switches_s_trough_5'====== Args={'value': 265, 'prev_value': None, 'change': True}
2026-01-24 19:02:44,928 : INFO : EventManager : Event: ======'machine_var_audits_switches_s_trough_6'====== Args={'value': 555, 'prev_value': None, 'change': True}
2026-01-24 19:02:44,929 : INFO : EventManager : Event: ======'init_phase_5'====== Args={}
2026-01-24 19:02:44,930 : INFO : EventManager : Event: ======'init_done'====== Args={}
2026-01-24 19:02:44,930 : INFO : coil.c_coin_door_led : Enabling Driver with power 1.0 (pulse_ms 10ms and pulse_power 1.0)
2026-01-24 19:02:44,931 : INFO : EventManager : Event: ======'machine_reset_phase_1'====== Args={}
2026-01-24 19:02:44,942 : INFO : EventManager : Event: ======'machine_reset_phase_2'====== Args={}
2026-01-24 19:02:44,943 : INFO : EventManager : Event: ======'machine_reset_phase_3'====== Args={}
2026-01-24 19:02:44,943 : INFO : EventManager : Event: ======'mode_attract_will_start'====== Args={'queue': <QueuedEvent>}
2026-01-24 19:02:44,945 : INFO : Timer.attract_carousel_timer : Starting Timer.
2026-01-24 19:02:44,945 : INFO : EventManager : Event: ======'timer_attract_carousel_timer_started'====== Args={'ticks': 0, 'ticks_remaining': 1}
2026-01-24 19:02:44,945 : INFO : EventManager : Event: ======'timer_attract_carousel_timer_tick'====== Args={'ticks': 0, 'ticks_remaining': 1}
2026-01-24 19:02:44,946 : INFO : EventManager : Event: ======'mode_attract_starting'====== Args={'queue': <QueuedEvent>}
2026-01-24 19:02:44,946 : INFO : Mode.attract : Started. Priority: 10
2026-01-24 19:02:44,946 : INFO : EventManager : Event: ======'modes_active_modes_changed'====== Args={}
2026-01-24 19:02:44,946 : INFO : EventManager : Event: ======'mode_attract_started'====== Args={'queue': <QueuedEvent>}
2026-01-24 19:02:44,947 : INFO : EventManager : Event: ======'attract_cycle_step1'====== Args={'priority': 0}
2026-01-24 19:02:44,947 : INFO : coil.c_start_button_led : Enabling Driver with power 1.0 (pulse_ms 10ms and pulse_power 1.0)
2026-01-24 19:02:44,948 : INFO : EventManager : Event: ======'collecting_balls_complete'====== Args={}
2026-01-24 19:02:44,948 : INFO : EventManager : Event: ======'carousel_item_highlighted'====== Args={'carousel': 'attract', 'direction': None, 'item': 'title'}
2026-01-24 19:02:44,949 : INFO : EventManager : Event: ======'timer_attract_carousel_timer_tick'====== Args={'ticks': 0, 'ticks_remaining': 1}
2026-01-24 19:02:44,949 : INFO : EventManager : Event: ======'reset_complete'====== Args={}
2026-01-24 19:02:44,952 : INFO : Machine : Starting the main run loop with active modes: [<Mode.attract>]
2026-01-24 19:02:45,003 : INFO : EventManager : Event: ======'slide_attract_created'====== Args={'_from_bcp': True}
2026-01-24 19:02:45,003 : INFO : EventManager : Event: ======'slide__removed'====== Args={'_from_bcp': True}
2026-01-24 19:02:45,004 : INFO : EventManager : Event: ======'slide_attract_active'====== Args={'original_context': 'attract', 'original_calling_context': 'mode_attract_started', 'priority': 10.0, 'queue': '<QueuedEvent>', 'cmd': 'slides_play', '_from_bcp': True}
2026-01-24 19:02:45,940 : INFO : coil.c_start_button_led : Disabling Driver
2026-01-24 19:02:46,938 : INFO : coil.c_start_button_led : Enabling Driver with power 1.0 (pulse_ms 10ms and pulse_power 1.0)
2026-01-24 19:02:47,954 : INFO : coil.c_start_button_led : Disabling Driver
2026-01-24 19:02:48,939 : INFO : coil.c_start_button_led : Enabling Driver with power 1.0 (pulse_ms 10ms and pulse_power 1.0)
2026-01-24 19:02:49,950 : INFO : coil.c_start_button_led : Disabling Driver
2026-01-24 19:02:50,949 : INFO : coil.c_start_button_led : Enabling Driver with power 1.0 (pulse_ms 10ms and pulse_power 1.0)
2026-01-24 19:02:51,684 : INFO : SwitchController : <<<<<<< 's_coin_door' active >>>>>>>
2026-01-24 19:02:51,949 : INFO : coil.c_start_button_led : Disabling Driver
2026-01-24 19:02:51,949 : INFO : Timer.attract_carousel_timer : Timer Complete
2026-01-24 19:02:51,949 : INFO : Timer.attract_carousel_timer : Stopping Timer
2026-01-24 19:02:51,949 : INFO : EventManager : Event: ======'timer_attract_carousel_timer_stopped'====== Args={'ticks': 1, 'ticks_remaining': 1}
2026-01-24 19:02:51,949 : INFO : EventManager : Event: ======'timer_attract_carousel_timer_complete'====== Args={'ticks': 1, 'ticks_remaining': 1}
2026-01-24 19:02:51,950 : INFO : EventManager : Event: ======'carousel_item_highlighted'====== Args={'carousel': 'attract', 'direction': 'forwards', 'item': 'presented_by'}
2026-01-24 19:02:51,950 : INFO : Timer.attract_carousel_timer : Starting Timer.
2026-01-24 19:02:51,950 : INFO : EventManager : Event: ======'timer_attract_carousel_timer_started'====== Args={'ticks': 0, 'ticks_remaining': 1}
2026-01-24 19:02:51,951 : INFO : EventManager : Event: ======'timer_attract_carousel_timer_tick'====== Args={'ticks': 0, 'ticks_remaining': 1}
2026-01-24 19:02:52,947 : INFO : coil.c_start_button_led : Enabling Driver with power 1.0 (pulse_ms 10ms and pulse_power 1.0)
2026-01-24 19:02:53,945 : INFO : coil.c_start_button_led : Disabling Driver
2026-01-24 19:02:54,902 : INFO : SwitchController : <<<<<<< 's_coin_door_service_4' active >>>>>>>
2026-01-24 19:02:54,902 : INFO : EventManager : Event: ======'s_coin_door_service_4_active'====== Args={}
2026-01-24 19:02:54,902 : INFO : EventManager : Event: ======'service_mode_request'====== Args={'priority': 0}
2026-01-24 19:02:54,904 : INFO : EventManager : Event: ======'mode_top_gun_service_will_start'====== Args={'priority': 0}
2026-01-24 19:02:54,939 : INFO : EventManager : Event: ======'mode_top_gun_service_starting'====== Args={'priority': 0}
2026-01-24 19:02:54,939 : INFO : Mode.top_gun_service : Started. Priority: 900
2026-01-24 19:02:54,939 : INFO : EventManager : Event: ======'modes_active_modes_changed'====== Args={}
2026-01-24 19:02:54,939 : INFO : EventManager : Event: ======'mode_top_gun_service_started'====== Args={'priority': 0}
2026-01-24 19:02:54,940 : INFO : EventManager : Event: ======'service_enter_main_menu'====== Args={'priority': 0}
2026-01-24 19:02:54,940 : INFO : EventManager : Event: ======'service_mode_entered'====== Args={'priority': 0}
2026-01-24 19:02:54,940 : INFO : EventManager : Event: ======'mode_attract_will_stop'====== Args={}
2026-01-24 19:02:54,940 : INFO : EventManager : Event: ======'mode_attract_stopping'====== Args={}
2026-01-24 19:02:54,940 : INFO : EventManager : Event: ======'service_update_main_menu_text'====== Args={'priority': 0}
2026-01-24 19:02:54,940 : INFO : EventManager : Event: ======'service_main_menu_update'====== Args={'priority': 0}
2026-01-24 19:02:54,940 : INFO : EventManager : Event: ======'set_main_menu_switch_test'====== Args={'priority': 0}
2026-01-24 19:02:54,942 : INFO : coil.c_start_button_led : Disabling Driver
2026-01-24 19:02:54,943 : INFO : Mode.attract : Stopped.
2026-01-24 19:02:54,943 : INFO : EventManager : Event: ======'modes_active_modes_changed'====== Args={}
2026-01-24 19:02:54,943 : INFO : EventManager : Event: ======'mode_attract_stopped'====== Args={}
2026-01-24 19:02:54,943 : INFO : EventManager : Event: ======'clear'====== Args={'key': 'attract'}
2026-01-24 19:02:54,945 : INFO : Timer.attract_carousel_timer : Stopping Timer
2026-01-24 19:02:54,945 : INFO : EventManager : Event: ======'timer_attract_carousel_timer_stopped'====== Args={'ticks': 0, 'ticks_remaining': 1}
2026-01-24 19:02:55,059 : INFO : SwitchController : <<<<<<< 's_coin_door_service_4' inactive >>>>>>>
2026-01-24 19:02:55,059 : INFO : EventManager : Event: ======'s_coin_door_service_4_inactive'====== Args={}
2026-01-24 19:02:58,103 : INFO : SwitchController : <<<<<<< 's_coin_door' inactive >>>>>>>
2026-01-24 19:02:58,103 : INFO : EventManager : Event: ======'s_coin_door_inactive'====== Args={}
2026-01-24 19:03:13,934 : INFO : Machine : Shutting down...
2026-01-24 19:03:13,934 : INFO : EventManager : Event: ======'shutdown'====== Args={}
2026-01-24 19:03:14,032 : INFO : root : MPF run loop ended.
