2026-03-04 16:50:24,684 : INFO : root : Loading config.
2026-03-04 16:50:24,688 : INFO : YamlMultifileConfigLoader : Machine config file #1: config.yaml
2026-03-04 16:50:24,689 : INFO : ConfigProcessor : Loading config from cache: C:\Users\White\AppData\Local\Temp\39c4b34018bdb564eab7cf26b7f669ee.mpf_cache
2026-03-04 16:50:24,707 : WARNING : ConfigProcessor : Config file in cache changed: C:\Users\White\documents\top_gun_pinball\config\config_coils.yaml
2026-03-04 16:50:24,707 : INFO : ConfigProcessor : Loading config from file C:\Users\White\mpf\Lib\site-packages\mpf\mpfconfig.yaml.
2026-03-04 16:50:24,720 : INFO : ConfigProcessor : Loading config: C:\Users\White\mpf\Lib\site-packages\mpf\mpfconfig.yaml
2026-03-04 16:50:24,720 : INFO : ConfigProcessor : Loading config from file C:\Users\White\documents\top_gun_pinball\config\config.yaml.
2026-03-04 16:50:24,729 : INFO : ConfigProcessor : Loading config: C:\Users\White\documents\top_gun_pinball\config\config.yaml
2026-03-04 16:50:24,731 : INFO : ConfigProcessor : Loading config: C:\Users\White\documents\top_gun_pinball\config\config_autofire_coils.yaml
2026-03-04 16:50:24,735 : INFO : ConfigProcessor : Loading config: C:\Users\White\documents\top_gun_pinball\config\config_ball_devices.yaml
2026-03-04 16:50:24,737 : INFO : ConfigProcessor : Loading config: C:\Users\White\documents\top_gun_pinball\config\config_ball_saves.yaml
2026-03-04 16:50:24,758 : INFO : ConfigProcessor : Loading config: C:\Users\White\documents\top_gun_pinball\config\config_coils.yaml
2026-03-04 16:50:24,760 : INFO : ConfigProcessor : Loading config: C:\Users\White\documents\top_gun_pinball\config\config_flippers.yaml
2026-03-04 16:50:24,765 : INFO : ConfigProcessor : Loading config: C:\Users\White\documents\top_gun_pinball\config\config_hardware_fast.yaml
2026-03-04 16:50:24,777 : INFO : ConfigProcessor : Loading config: C:\Users\White\documents\top_gun_pinball\config\config_lights.yaml
2026-03-04 16:50:24,780 : INFO : ConfigProcessor : Loading config: C:\Users\White\documents\top_gun_pinball\config\config_no_hold_flippers.yaml
2026-03-04 16:50:24,790 : INFO : ConfigProcessor : Loading config: C:\Users\White\documents\top_gun_pinball\config\config_switches.yaml
2026-03-04 16:50:24,792 : INFO : ConfigProcessor : Loading config: C:\Users\White\documents\top_gun_pinball\config\config_reversed_flippers.yaml
2026-03-04 16:50:24,795 : INFO : ConfigProcessor : Loading config: C:\Users\White\documents\top_gun_pinball\config\config_servos.yaml
2026-03-04 16:50:24,799 : INFO : ConfigProcessor : Loading config: C:\Users\White\documents\top_gun_pinball\config\variable_player.yaml
2026-03-04 16:50:24,803 : INFO : ConfigProcessor : Loading config: C:\Users\White\documents\top_gun_pinball\config\config_videos.yaml
2026-03-04 16:50:24,808 : INFO : ConfigProcessor : Config file cache created: C:\Users\White\AppData\Local\Temp\39c4b34018bdb564eab7cf26b7f669ee.mpf_cache
2026-03-04 16:50:24,942 : INFO : ConfigProcessor : Loading config from cache: C:\Users\White\AppData\Local\Temp\dcfa5ee5b10d64a3b94fd534c1aa451d.mpf_cache
2026-03-04 16:50:24,944 : INFO : ConfigProcessor : Loading config from cache: C:\Users\White\AppData\Local\Temp\91cc4d1c993c58dc354e34974b9cfeac.mpf_cache
2026-03-04 16:50:24,944 : INFO : ConfigProcessor : Loading config from cache: C:\Users\White\AppData\Local\Temp\35b01af7767e50eba76da865e2d7f95a.mpf_cache
2026-03-04 16:50:24,945 : INFO : ConfigProcessor : Loading config from cache: C:\Users\White\AppData\Local\Temp\954a0964095d05f049666b24b311e3e0.mpf_cache
2026-03-04 16:50:24,946 : INFO : ConfigProcessor : Loading config from cache: C:\Users\White\AppData\Local\Temp\dcfa5ee5b10d64a3b94fd534c1aa451d.mpf_cache
2026-03-04 16:50:24,946 : INFO : ConfigProcessor : Loading config from cache: C:\Users\White\AppData\Local\Temp\a9244cf73bd1b995c8229a78fecf001a.mpf_cache
2026-03-04 16:50:24,947 : INFO : ConfigProcessor : Loading config from cache: C:\Users\White\AppData\Local\Temp\981e6839caefcab32cd6f1225f0b1dcf.mpf_cache
2026-03-04 16:50:24,948 : INFO : ConfigProcessor : Loading config from cache: C:\Users\White\AppData\Local\Temp\78ac3c6ac2705ccef0aca6223f38636a.mpf_cache
2026-03-04 16:50:24,951 : INFO : ConfigProcessor : Loading config from cache: C:\Users\White\AppData\Local\Temp\a859aaec01fc9eda8e384946277a1be9.mpf_cache
2026-03-04 16:50:24,952 : INFO : ConfigProcessor : Loading config from cache: C:\Users\White\AppData\Local\Temp\3a2f2089f214eeb3c016e23cf6937b46.mpf_cache
2026-03-04 16:50:24,952 : INFO : ConfigProcessor : Loading config from cache: C:\Users\White\AppData\Local\Temp\d70718505753edc7bfae94d93c7e0d17.mpf_cache
2026-03-04 16:50:24,953 : INFO : ConfigProcessor : Loading config from cache: C:\Users\White\AppData\Local\Temp\824f161cac9e4c9f1443132020691281.mpf_cache
2026-03-04 16:50:24,954 : INFO : ConfigProcessor : Loading config from cache: C:\Users\White\AppData\Local\Temp\ba6e93360aa60032a4b7b34f9cffdce0.mpf_cache
2026-03-04 16:50:24,955 : INFO : ConfigProcessor : Loading config from cache: C:\Users\White\AppData\Local\Temp\a41099aaa8931854bf7aeb1131eb25f5.mpf_cache
2026-03-04 16:50:24,957 : INFO : ConfigProcessor : Loading config from cache: C:\Users\White\AppData\Local\Temp\4db056afb6ae3257643d7cc331e05161.mpf_cache
2026-03-04 16:50:24,958 : INFO : ConfigProcessor : Loading config from cache: C:\Users\White\AppData\Local\Temp\a18f6718f5a170b21c37bd725ebae781.mpf_cache
2026-03-04 16:50:24,960 : INFO : ConfigProcessor : Loading config from cache: C:\Users\White\AppData\Local\Temp\8709151c8d2d3863b5fceda4c115c736.mpf_cache
2026-03-04 16:50:24,961 : INFO : ConfigProcessor : Loading config from cache: C:\Users\White\AppData\Local\Temp\769cd60133e5c0b9a985e6e3690a3631.mpf_cache
2026-03-04 16:50:24,962 : INFO : ConfigProcessor : Loading config from cache: C:\Users\White\AppData\Local\Temp\3d468c7cedf90be47a7d01e42bb936d2.mpf_cache
2026-03-04 16:50:24,962 : INFO : ConfigProcessor : Loading config from cache: C:\Users\White\AppData\Local\Temp\88387b71764ec8c6867c539ea54a2040.mpf_cache
2026-03-04 16:50:24,963 : INFO : ConfigProcessor : Loading config from cache: C:\Users\White\AppData\Local\Temp\2b752b47ed38224cd6b4953549e961ec.mpf_cache
2026-03-04 16:50:24,966 : INFO : ConfigProcessor : Loading config from cache: C:\Users\White\AppData\Local\Temp\bc5a83a7db04a21de896bef4617be537.mpf_cache
2026-03-04 16:50:24,968 : INFO : ConfigProcessor : Loading config from cache: C:\Users\White\AppData\Local\Temp\f74d72009f4dabec10fde825e0863a15.mpf_cache
2026-03-04 16:50:24,970 : INFO : ConfigProcessor : Loading config from cache: C:\Users\White\AppData\Local\Temp\9ea7462f1dcba752602eb310d0ad4a44.mpf_cache
2026-03-04 16:50:24,971 : INFO : ConfigProcessor : Loading config from cache: C:\Users\White\AppData\Local\Temp\96651e0be7a1992a8a7abf26a9350bb6.mpf_cache
2026-03-04 16:50:24,972 : INFO : ConfigProcessor : Loading config from cache: C:\Users\White\AppData\Local\Temp\cbfc37a30bf6aa1a7a2aa4e455a94298.mpf_cache
2026-03-04 16:50:24,974 : WARNING : ConfigProcessor : Config file in cache changed: C:\Users\White\documents\top_gun_pinball\modes\top_gun_multiball_locks\config\top_gun_multiball_locks.yaml
2026-03-04 16:50:24,974 : INFO : ConfigProcessor : Loading config from file C:\Users\White\documents\top_gun_pinball\modes\top_gun_multiball_locks\config\top_gun_multiball_locks.yaml.
2026-03-04 16:50:25,011 : INFO : ConfigProcessor : Loading config: C:\Users\White\documents\top_gun_pinball\modes\top_gun_multiball_locks\config\top_gun_multiball_locks.yaml
2026-03-04 16:50:25,013 : INFO : ConfigProcessor : Config file cache created: C:\Users\White\AppData\Local\Temp\fccb93411cf20b3ccac68b1dad0cbb88.mpf_cache
2026-03-04 16:50:25,014 : INFO : ConfigProcessor : Loading config from cache: C:\Users\White\AppData\Local\Temp\e16268268679c5881d2554ba916948dd.mpf_cache
2026-03-04 16:50:25,017 : INFO : ConfigProcessor : Loading config from cache: C:\Users\White\AppData\Local\Temp\81f3f7be5108efd0b69d2cf71a558028.mpf_cache
2026-03-04 16:50:25,018 : INFO : ConfigProcessor : Loading config from cache: C:\Users\White\AppData\Local\Temp\a97027ed54ab7f7f55eb3caa54f968f3.mpf_cache
2026-03-04 16:50:25,018 : INFO : ConfigProcessor : Loading config from cache: C:\Users\White\AppData\Local\Temp\fd6f0b40037ebf84651c592cbc8bc03a.mpf_cache
2026-03-04 16:50:25,019 : INFO : ConfigProcessor : Loading config from cache: C:\Users\White\AppData\Local\Temp\e1cebbcae09bac7286b592746f768daa.mpf_cache
2026-03-04 16:50:25,019 : INFO : ConfigProcessor : Loading config from cache: C:\Users\White\AppData\Local\Temp\55d5943d63961b44af3f854c02c721ad.mpf_cache
2026-03-04 16:50:25,022 : INFO : ConfigProcessor : Loading config from cache: C:\Users\White\AppData\Local\Temp\8f22b463b668cef8fc8e91f8271e08dd.mpf_cache
2026-03-04 16:50:25,025 : INFO : ConfigProcessor : Loading config from cache: C:\Users\White\AppData\Local\Temp\9ac10604873d355c34af0d8445abb8db.mpf_cache
2026-03-04 16:50:25,027 : INFO : ConfigProcessor : Loading config from cache: C:\Users\White\AppData\Local\Temp\77e3efdaa7991fde2ded950a578d622d.mpf_cache
2026-03-04 16:50:25,030 : INFO : ConfigProcessor : Loading config from cache: C:\Users\White\AppData\Local\Temp\19da4e94fc5ce3c5f810a9c7463c1354.mpf_cache
2026-03-04 16:50:25,034 : INFO : ConfigProcessor : Loading config from cache: C:\Users\White\AppData\Local\Temp\4443efc54f3a5f57a313f4078fbddd50.mpf_cache
2026-03-04 16:50:25,046 : INFO : ConfigProcessor : Loading config from cache: C:\Users\White\AppData\Local\Temp\88f72734ea72fc22245e5b82d5a75cb6.mpf_cache
2026-03-04 16:50:25,047 : INFO : ConfigProcessor : Loading config from cache: C:\Users\White\AppData\Local\Temp\2b3f78690e4e473b8e5df94cdc0ab039.mpf_cache
2026-03-04 16:50:25,049 : INFO : ConfigProcessor : Loading config from cache: C:\Users\White\AppData\Local\Temp\fa987fd2c3266ab64543e0b64578d739.mpf_cache
2026-03-04 16:50:25,065 : INFO : ConfigProcessor : Loading config from cache: C:\Users\White\AppData\Local\Temp\f26c5a15de77ef0685e209821eddbe7d.mpf_cache
2026-03-04 16:50:25,068 : INFO : ConfigProcessor : Loading config from cache: C:\Users\White\AppData\Local\Temp\c2c1510818de090aac140fad4cc773a2.mpf_cache
2026-03-04 16:50:25,074 : INFO : ConfigProcessor : Loading config from cache: C:\Users\White\AppData\Local\Temp\98d3d7eb23a2f141af3b9c324af06e38.mpf_cache
2026-03-04 16:50:25,111 : INFO : ConfigProcessor : Loading config from cache: C:\Users\White\AppData\Local\Temp\9a3b340b295c94e005fb29d2d35803d1.mpf_cache
2026-03-04 16:50:25,139 : INFO : ConfigProcessor : Loading config from cache: C:\Users\White\AppData\Local\Temp\6a788fdfb83194d81af99a12c59a319a.mpf_cache
2026-03-04 16:50:25,144 : INFO : ConfigProcessor : Loading config from cache: C:\Users\White\AppData\Local\Temp\2fe82acdc56ea652ff3066fd375b17fa.mpf_cache
2026-03-04 16:50:25,146 : INFO : ConfigProcessor : Loading config from cache: C:\Users\White\AppData\Local\Temp\d567fbe46807f36791c9019d207c2440.mpf_cache
2026-03-04 16:50:25,148 : INFO : ConfigProcessor : Loading config from cache: C:\Users\White\AppData\Local\Temp\4e3068d09bb0285319ebd926b91ae940.mpf_cache
2026-03-04 16:50:25,148 : INFO : ConfigProcessor : Loading config from cache: C:\Users\White\AppData\Local\Temp\669bfab06c6aa3a1674b0f4b50ae7a3c.mpf_cache
2026-03-04 16:50:25,150 : INFO : ConfigProcessor : Loading config from cache: C:\Users\White\AppData\Local\Temp\a6fe037899bc77554e846472e6476319.mpf_cache
2026-03-04 16:50:25,152 : INFO : ConfigProcessor : Loading config from cache: C:\Users\White\AppData\Local\Temp\cd20ab9d6bcfc3d94797e381db389ad9.mpf_cache
2026-03-04 16:50:25,153 : INFO : ConfigProcessor : Loading config from cache: C:\Users\White\AppData\Local\Temp\d763b47a22b017336bfbe57a6af89149.mpf_cache
2026-03-04 16:50:25,154 : INFO : ConfigProcessor : Loading config from cache: C:\Users\White\AppData\Local\Temp\386baade319655b6aedfa45ddbf562f0.mpf_cache
2026-03-04 16:50:25,155 : INFO : ConfigProcessor : Loading config from cache: C:\Users\White\AppData\Local\Temp\59ab671ab96a4594304638e27b0542c8.mpf_cache
2026-03-04 16:50:25,156 : INFO : ConfigProcessor : Loading config from cache: C:\Users\White\AppData\Local\Temp\0ba5adb65e1d75578edd80699100c28e.mpf_cache
2026-03-04 16:50:25,157 : INFO : ConfigProcessor : Loading config from cache: C:\Users\White\AppData\Local\Temp\b5471f08be9278463d25e3c2f06df8dd.mpf_cache
2026-03-04 16:50:25,158 : INFO : ConfigProcessor : Loading config from cache: C:\Users\White\AppData\Local\Temp\e9dfca965102979619879287aaffd4da.mpf_cache
2026-03-04 16:50:25,159 : INFO : ConfigProcessor : Loading config from cache: C:\Users\White\AppData\Local\Temp\ce1ea71bb3ca3937ce71fdff0b263bdb.mpf_cache
2026-03-04 16:50:25,160 : INFO : ConfigProcessor : Loading config from cache: C:\Users\White\AppData\Local\Temp\29b7b020f0513127005b35e19f0d78e3.mpf_cache
2026-03-04 16:50:25,160 : INFO : ConfigProcessor : Loading config from cache: C:\Users\White\AppData\Local\Temp\a19f4094f571d5e3f4a6bb0d76ddc2bd.mpf_cache
2026-03-04 16:50:25,161 : INFO : ConfigProcessor : Loading config from cache: C:\Users\White\AppData\Local\Temp\2df17da133132edc82ded3ea13a7f2d2.mpf_cache
2026-03-04 16:50:25,163 : INFO : ConfigProcessor : Loading config from cache: C:\Users\White\AppData\Local\Temp\0420af4d870b9d4dca0c113858eeb892.mpf_cache
2026-03-04 16:50:25,164 : INFO : ConfigProcessor : Loading config from cache: C:\Users\White\AppData\Local\Temp\29db96f2862a8d571fce5d97e7bfa998.mpf_cache
2026-03-04 16:50:25,165 : INFO : ConfigProcessor : Loading config from cache: C:\Users\White\AppData\Local\Temp\c4e65309e05241fe1ada1112ae55c9ef.mpf_cache
2026-03-04 16:50:25,165 : INFO : Machine : Mission Pinball Framework Core Engine v0.80.0.dev11
2026-03-04 16:50:25,165 : INFO : Machine : Command line arguments: {'no_load_cache': False, 'create_config_cache': True, 'bcp': True, 'configfile': ['config.yaml'], 'force_assets_load': False, 'platform_integration_test': False, 'jsonlogging': False, 'logfile': 'logs\\2026-03-04-16-50-24-mpf-TopGunPinball.log', 'pause': False, 'production': False, 'text_ui': False, 'loglevel': 15, 'consoleloglevel': 20, 'force_platform': None, 'syslog_address': None, 'full_logfile_path': 'C:\\Users\\White\\documents\\top_gun_pinball\\logs\\2026-03-04-16-50-24-mpf-TopGunPinball.log'}
2026-03-04 16:50:25,166 : INFO : Machine : MPF path: C:\Users\White\mpf\Lib\site-packages\mpf
2026-03-04 16:50:25,166 : INFO : Machine : Machine path: C:\Users\White\documents\top_gun_pinball
2026-03-04 16:50:25,166 : INFO : Machine : Platform: win32
2026-03-04 16:50:25,166 : INFO : Machine : Python executable location: C:\Users\White\mpf\Scripts\python.exe
2026-03-04 16:50:25,166 : INFO : Machine : Python version: 3.12.7 (64-bit)
2026-03-04 16:50:25,169 : INFO : Machine : Initializing MPF...
2026-03-04 16:50:25,336 : INFO : FAST : Auto-detecting ports for the following connections: ['net', 'exp', 'aud']
2026-03-04 16:50:25,922 : INFO : FAST : Detected AUD on port COM7
2026-03-04 16:50:25,922 : INFO : FAST : Detected NET on port COM3
2026-03-04 16:50:25,938 : INFO : FAST : Detected EXP on port COM4
2026-03-04 16:50:26,050 : INFO : FAST [NET] : Trying to connect to COM3 at 921600bps
2026-03-04 16:50:26,128 : INFO : FAST [NET] : Connected to COM3 at 921600bps
2026-03-04 16:50:26,142 : INFO : FAST [NET] : Connected to FP-CPU-2000 with firmware v02.26
2026-03-04 16:50:26,174 : INFO : FAST [NET] : Registered I/O Board 0: Model: FP-I/O-0024, Firmware: 01.10, Switches: 24, Drivers: 8
2026-03-04 16:50:26,190 : INFO : FAST [NET] : Registered I/O Board 1: Model: FP-I/O-3208, Firmware: 01.10, Switches: 32, Drivers: 8
2026-03-04 16:50:26,206 : INFO : FAST [NET] : Registered I/O Board 2: Model: FP-I/O-3208, Firmware: 01.10, Switches: 32, Drivers: 8
2026-03-04 16:50:26,221 : INFO : FAST [NET] : Registered I/O Board 3: Model: FP-I/O-0804, Firmware: 01.10, Switches: 8, Drivers: 4
2026-03-04 16:50:26,237 : INFO : FAST [NET] : Registered I/O Board 4: Model: FP-I/O-0804, Firmware: 01.10, Switches: 8, Drivers: 4
2026-03-04 16:50:26,240 : INFO : FAST [EXP] : Trying to connect to COM4 at 921600bps
2026-03-04 16:50:26,318 : INFO : FAST [EXP] : Connected to COM4 at 921600bps
2026-03-04 16:50:26,330 : INFO : FAST [EXP] : Verifying hardware for EXP "neuron" (FP-EXP-2000, @48) with ID string "EXP FP-EXP-2000  0.38", board address 48
2026-03-04 16:50:26,346 : INFO : FAST [EXP] : Verifying hardware for EXP "neuron" (FP-EXP-2000, @48) with ID string "LED FP-BRK-0001  0.8", board address 480
2026-03-04 16:50:26,377 : INFO : FAST [EXP] : Verifying hardware for EXP "light_expansion_board" (FP-EXP-0071, @B4) with ID string "EXP FP-EXP-0071  0.38", board address B4
2026-03-04 16:50:26,393 : INFO : FAST [EXP] : Verifying hardware for EXP "light_expansion_board" (FP-EXP-0071, @B4) with ID string "BRK FP-EXP-0071  0.38", board address B40
2026-03-04 16:50:26,409 : INFO : FAST [AUD] : Trying to connect to COM7 at 230400bps
2026-03-04 16:50:26,555 : INFO : FAST [AUD] : Connected to COM7 at 230400bps
2026-03-04 16:50:26,556 : WARNING : FAST [AUD] : Received XX response:F
2026-03-04 16:50:26,556 : WARNING : FAST [AUD] : Received XX response:F
2026-03-04 16:50:26,556 : WARNING : FAST [AUD] : Received XX response:F
2026-03-04 16:50:26,556 : WARNING : FAST [AUD] : Received XX response:F
2026-03-04 16:50:26,557 : INFO : FAST [AUD] : Connected to FP-AUD-0099 with firmware v0.10
2026-03-04 16:50:26,558 : INFO : EventManager : Event: ======'machine_var_credits_string'====== Args={'value': 'FREE PLAY', 'prev_value': None, 'change': True}
2026-03-04 16:50:26,594 : INFO : EventManager : Event: ======'machine_var_audit_balls_played'====== Args={'value': 0, 'prev_value': None, 'change': True}
2026-03-04 16:50:26,594 : INFO : EventManager : Event: ======'machine_var_audit_games_played'====== Args={'value': 0, 'prev_value': None, 'change': True}
2026-03-04 16:50:26,594 : INFO : EventManager : Event: ======'machine_var_audit_high_score'====== Args={'value': 0, 'prev_value': None, 'change': True}
2026-03-04 16:50:26,594 : INFO : EventManager : Event: ======'machine_var_audit_total_game_time'====== Args={'value': 0, 'prev_value': None, 'change': True}
2026-03-04 16:50:26,594 : INFO : EventManager : Event: ======'machine_var_audit_total_plays'====== Args={'value': 0, 'prev_value': None, 'change': True}
2026-03-04 16:50:26,594 : INFO : EventManager : Event: ======'machine_var_fast_audio_headphones_volume'====== Args={'value': 50, 'prev_value': None, 'change': True}
2026-03-04 16:50:26,594 : INFO : EventManager : Event: ======'machine_var_fast_audio_main_volume'====== Args={'value': 31, 'prev_value': None, 'change': True}
2026-03-04 16:50:26,594 : INFO : EventManager : Event: ======'machine_var_master_volume'====== Args={'value': 0.5, 'prev_value': None, 'change': True}
2026-03-04 16:50:26,594 : INFO : EventManager : Event: ======'machine_var_player1_score'====== Args={'value': 1428500, 'prev_value': None, 'change': True}
2026-03-04 16:50:26,595 : INFO : EventManager : Event: ======'machine_var_service_menu_level'====== Args={'value': 0, 'prev_value': None, 'change': True}
2026-03-04 16:50:26,595 : INFO : EventManager : Event: ======'machine_var_service_main_index'====== Args={'value': 0, 'prev_value': None, 'change': True}
2026-03-04 16:50:26,595 : INFO : EventManager : Event: ======'machine_var_service_switch_index'====== Args={'value': 0, 'prev_value': None, 'change': True}
2026-03-04 16:50:26,595 : INFO : EventManager : Event: ======'machine_var_service_coil_index'====== Args={'value': 0, 'prev_value': None, 'change': True}
2026-03-04 16:50:26,595 : INFO : EventManager : Event: ======'machine_var_service_light_index'====== Args={'value': 0, 'prev_value': None, 'change': True}
2026-03-04 16:50:26,595 : INFO : EventManager : Event: ======'machine_var_service_light_color_index'====== Args={'value': 0, 'prev_value': None, 'change': True}
2026-03-04 16:50:26,595 : INFO : EventManager : Event: ======'machine_var_service_adjustment_index'====== Args={'value': 0, 'prev_value': None, 'change': True}
2026-03-04 16:50:26,595 : INFO : EventManager : Event: ======'machine_var_service_audit_index'====== Args={'value': 0, 'prev_value': None, 'change': True}
2026-03-04 16:50:26,595 : INFO : EventManager : Event: ======'machine_var_service_feature_index'====== Args={'value': 0, 'prev_value': None, 'change': True}
2026-03-04 16:50:26,595 : INFO : EventManager : Event: ======'machine_var_service_main_text'====== Args={'value': 'SWITCH TEST', 'prev_value': None, 'change': True}
2026-03-04 16:50:26,595 : INFO : EventManager : Event: ======'machine_var_service_switch_name'====== Args={'value': 'Start Button', 'prev_value': None, 'change': True}
2026-03-04 16:50:26,595 : INFO : EventManager : Event: ======'machine_var_service_switch_num'====== Args={'value': 'Switch 1/63', 'prev_value': None, 'change': True}
2026-03-04 16:50:26,595 : INFO : EventManager : Event: ======'machine_var_service_switch_state'====== Args={'value': 'OPEN', 'prev_value': None, 'change': True}
2026-03-04 16:50:26,596 : INFO : EventManager : Event: ======'machine_var_service_coil_name'====== Args={'value': 'Left Flipper', 'prev_value': None, 'change': True}
2026-03-04 16:50:26,596 : INFO : EventManager : Event: ======'machine_var_service_coil_num'====== Args={'value': 'Coil 1/22', 'prev_value': None, 'change': True}
2026-03-04 16:50:26,596 : INFO : EventManager : Event: ======'machine_var_service_light_name'====== Args={'value': 'Eject Insert', 'prev_value': None, 'change': True}
2026-03-04 16:50:26,596 : INFO : EventManager : Event: ======'machine_var_service_light_num'====== Args={'value': 'Light 1/91', 'prev_value': None, 'change': True}
2026-03-04 16:50:26,596 : INFO : EventManager : Event: ======'machine_var_service_servo_index'====== Args={'value': 0, 'prev_value': None, 'change': True}
2026-03-04 16:50:26,596 : INFO : EventManager : Event: ======'machine_var_service_servo_name'====== Args={'value': 'Right Ramp', 'prev_value': None, 'change': True}
2026-03-04 16:50:26,596 : INFO : EventManager : Event: ======'machine_var_service_servo_num'====== Args={'value': 'Servo 1/6', 'prev_value': None, 'change': True}
2026-03-04 16:50:26,596 : INFO : EventManager : Event: ======'machine_var_service_servo_position'====== Args={'value': 'Pos: 0.05', 'prev_value': None, 'change': True}
2026-03-04 16:50:26,596 : INFO : EventManager : Event: ======'machine_var_service_adjustment_name'====== Args={'value': 'Balls Per Game', 'prev_value': None, 'change': True}
2026-03-04 16:50:26,596 : INFO : EventManager : Event: ======'machine_var_service_adjustment_num'====== Args={'value': 'Setting 1/15', 'prev_value': None, 'change': True}
2026-03-04 16:50:26,596 : INFO : EventManager : Event: ======'machine_var_service_audit_name'====== Args={'value': 'Games Played', 'prev_value': None, 'change': True}
2026-03-04 16:50:26,596 : INFO : EventManager : Event: ======'machine_var_service_audit_num'====== Args={'value': 'Audit 1/10', 'prev_value': None, 'change': True}
2026-03-04 16:50:26,596 : INFO : EventManager : Event: ======'machine_var_service_feature_name'====== Args={'value': 'Pilot Mode Timer', 'prev_value': None, 'change': True}
2026-03-04 16:50:26,596 : INFO : EventManager : Event: ======'machine_var_service_feature_num'====== Args={'value': 'Feature 1/10', 'prev_value': None, 'change': True}
2026-03-04 16:50:26,596 : INFO : EventManager : Event: ======'machine_var_mpf_version'====== Args={'value': 'Mission Pinball Framework v0.80.0.dev11', 'prev_value': None, 'change': True}
2026-03-04 16:50:26,597 : INFO : EventManager : Event: ======'machine_var_mpf_extended_version'====== Args={'value': 'Mission Pinball Framework v0.80.0.dev11, Config version:6, Show version: 6, BCP version:1.1', 'prev_value': None, 'change': True}
2026-03-04 16:50:26,597 : INFO : EventManager : Event: ======'machine_var_python_version'====== Args={'value': '3.12.7', 'prev_value': None, 'change': True}
2026-03-04 16:50:26,776 : INFO : EventManager : Event: ======'machine_var_platform'====== Args={'value': 'Windows-11-10.0.26200-SP0', 'prev_value': None, 'change': True}
2026-03-04 16:50:26,776 : INFO : EventManager : Event: ======'machine_var_platform_system'====== Args={'value': 'Windows', 'prev_value': None, 'change': True}
2026-03-04 16:50:26,776 : INFO : EventManager : Event: ======'machine_var_platform_release'====== Args={'value': '11', 'prev_value': None, 'change': True}
2026-03-04 16:50:26,776 : INFO : EventManager : Event: ======'machine_var_platform_version'====== Args={'value': '10.0.26200', 'prev_value': None, 'change': True}
2026-03-04 16:50:26,776 : INFO : EventManager : Event: ======'machine_var_platform_machine'====== Args={'value': 'AMD64', 'prev_value': None, 'change': True}
2026-03-04 16:50:26,776 : INFO : EventManager : Event: ======'machine_var_log_file_path'====== Args={'value': 'C:\\Users\\White\\documents\\top_gun_pinball\\logs\\2026-03-04-16-50-24-mpf-TopGunPinball.log', 'prev_value': None, 'change': True}
2026-03-04 16:50:26,776 : INFO : EventManager : Event: ======'init_phase_1'====== Args={}
2026-03-04 16:50:29,492 : INFO : SwitchController : <<<<<<< 's_48v_disable' active >>>>>>>
2026-03-04 16:50:29,492 : INFO : SwitchController : <<<<<<< 's_trough_1' active >>>>>>>
2026-03-04 16:50:29,492 : INFO : SwitchController : <<<<<<< 's_trough_2' active >>>>>>>
2026-03-04 16:50:29,492 : INFO : SwitchController : <<<<<<< 's_trough_3' active >>>>>>>
2026-03-04 16:50:29,493 : INFO : SwitchController : <<<<<<< 's_trough_4' active >>>>>>>
2026-03-04 16:50:29,493 : INFO : SwitchController : <<<<<<< 's_trough_5' active >>>>>>>
2026-03-04 16:50:29,493 : INFO : SwitchController : <<<<<<< 's_ramp_inner_exit' active >>>>>>>
2026-03-04 16:50:29,527 : INFO : EventManager : Event: ======'init_phase_2'====== Args={}
2026-03-04 16:50:29,528 : INFO : SwitchController : Found active switch: (0, [FAST Platform Interface]) <switch.s_48v_disable>
2026-03-04 16:50:29,528 : INFO : SwitchController : Found active switch: (24, [FAST Platform Interface]) <switch.s_trough_1>
2026-03-04 16:50:29,528 : INFO : SwitchController : Found active switch: (25, [FAST Platform Interface]) <switch.s_trough_2>
2026-03-04 16:50:29,528 : INFO : SwitchController : Found active switch: (26, [FAST Platform Interface]) <switch.s_trough_3>
2026-03-04 16:50:29,528 : INFO : SwitchController : Found active switch: (27, [FAST Platform Interface]) <switch.s_trough_4>
2026-03-04 16:50:29,528 : INFO : SwitchController : Found active switch: (28, [FAST Platform Interface]) <switch.s_trough_5>
2026-03-04 16:50:29,528 : INFO : SwitchController : Found active switch: (78, [FAST Platform Interface]) <switch.s_ramp_inner_exit>
2026-03-04 16:50:29,782 : INFO : EventManager : Event: ======'bcp_connection_attempt'====== Args={'name': 'local_display', 'host': 'localhost', 'port': 5050}
2026-03-04 16:50:29,784 : INFO : BCPClientSocket : Connecting BCP to 'local_display' at localhost:5050...
2026-03-04 16:50:29,796 : INFO : BCPClientSocket : Connected BCP to 'local_display' localhost:5050
2026-03-04 16:50:29,796 : INFO : EventManager : Event: ======'bcp_clients_connected'====== Args={}
2026-03-04 16:50:29,797 : INFO : ball_device.bd_plunger : BCH: Initial count: 0
2026-03-04 16:50:29,798 : INFO : ball_device.bd_plunger : State: idle
2026-03-04 16:50:29,806 : INFO : ball_device.bd_trough : BCH: Initial count: 5
2026-03-04 16:50:29,806 : INFO : ball_device.bd_trough : State: idle
2026-03-04 16:50:29,807 : INFO : ball_device.bd_lock_elevator : BCH: Initial count: 0
2026-03-04 16:50:29,807 : INFO : ball_device.bd_lock_elevator : State: idle
2026-03-04 16:50:29,808 : INFO : ball_device.bd_lock_goose : BCH: Initial count: 0
2026-03-04 16:50:29,808 : INFO : ball_device.bd_lock_goose : State: idle
2026-03-04 16:50:29,810 : INFO : ball_device.bd_lock_mav : BCH: Initial count: 0
2026-03-04 16:50:29,810 : INFO : ball_device.bd_lock_mav : State: idle
2026-03-04 16:50:29,810 : INFO : ball_device.bd_mode_scoop : BCH: Initial count: 0
2026-03-04 16:50:29,813 : INFO : ball_device.bd_mode_scoop : State: idle
2026-03-04 16:50:29,838 : INFO : EventManager : Event: ======'init_phase_3'====== Args={}
2026-03-04 16:50:32,541 : INFO : EventManager : Event: ======'init_phase_4'====== Args={}
2026-03-04 16:50:32,543 : INFO : BallController : Initial balls found: 5
2026-03-04 16:50:32,545 : INFO : EventManager : Event: ======'machine_var_audits_events_game_ended'====== Args={'value': 57, 'prev_value': None, 'change': True}
2026-03-04 16:50:32,545 : INFO : EventManager : Event: ======'machine_var_audits_events_game_started'====== Args={'value': 1099, 'prev_value': None, 'change': True}
2026-03-04 16:50:32,545 : INFO : EventManager : Event: ======'machine_var_audits_missing_switches_s_48v_disable'====== Args={'value': 278, 'prev_value': None, 'change': True}
2026-03-04 16:50:32,545 : INFO : EventManager : Event: ======'machine_var_audits_missing_switches_s_coin_door'====== Args={'value': 28, 'prev_value': None, 'change': True}
2026-03-04 16:50:32,545 : INFO : EventManager : Event: ======'machine_var_audits_missing_switches_s_coin_door_credit_left'====== Args={'value': 893, 'prev_value': None, 'change': True}
2026-03-04 16:50:32,545 : INFO : EventManager : Event: ======'machine_var_audits_missing_switches_s_coin_door_credit_right'====== Args={'value': 285, 'prev_value': None, 'change': True}
2026-03-04 16:50:32,546 : INFO : EventManager : Event: ======'machine_var_audits_missing_switches_s_coin_door_service_1'====== Args={'value': 128, 'prev_value': None, 'change': True}
2026-03-04 16:50:32,546 : INFO : EventManager : Event: ======'machine_var_audits_missing_switches_s_coin_door_service_2'====== Args={'value': 28, 'prev_value': None, 'change': True}
2026-03-04 16:50:32,546 : INFO : EventManager : Event: ======'machine_var_audits_missing_switches_s_coin_door_service_3'====== Args={'value': 28, 'prev_value': None, 'change': True}
2026-03-04 16:50:32,546 : INFO : EventManager : Event: ======'machine_var_audits_missing_switches_s_coin_door_service_4'====== Args={'value': 128, 'prev_value': None, 'change': True}
2026-03-04 16:50:32,546 : INFO : EventManager : Event: ======'machine_var_audits_missing_switches_s_lane_right'====== Args={'value': 52, 'prev_value': None, 'change': True}
2026-03-04 16:50:32,546 : INFO : EventManager : Event: ======'machine_var_audits_missing_switches_s_plunger_lane'====== Args={'value': 10, 'prev_value': None, 'change': True}
2026-03-04 16:50:32,546 : INFO : EventManager : Event: ======'machine_var_audits_missing_switches_s_tilt'====== Args={'value': 6, 'prev_value': None, 'change': True}
2026-03-04 16:50:32,546 : INFO : EventManager : Event: ======'machine_var_audits_player_score'====== Args={'value': {'average': 1970289, 'top': [17836750, 16976600, 8367250, 7799020, 6912950, 4824844, 4790750, 2977800, 2783350, 2289500], 'total': 61}, 'prev_value': None, 'change': True}
2026-03-04 16:50:32,546 : INFO : EventManager : Event: ======'machine_var_audits_shots_bumper_center'====== Args={'value': 2843, 'prev_value': None, 'change': True}
2026-03-04 16:50:32,546 : INFO : EventManager : Event: ======'machine_var_audits_shots_bumper_left'====== Args={'value': 1473, 'prev_value': None, 'change': True}
2026-03-04 16:50:32,546 : INFO : EventManager : Event: ======'machine_var_audits_shots_bumper_right'====== Args={'value': 1670, 'prev_value': None, 'change': True}
2026-03-04 16:50:32,546 : INFO : EventManager : Event: ======'machine_var_audits_shots_mach_ramp'====== Args={'value': 1258, 'prev_value': None, 'change': True}
2026-03-04 16:50:32,546 : INFO : EventManager : Event: ======'machine_var_audits_shots_mig_lane_left'====== Args={'value': 293, 'prev_value': None, 'change': True}
2026-03-04 16:50:32,546 : INFO : EventManager : Event: ======'machine_var_audits_shots_mig_lane_right'====== Args={'value': 131, 'prev_value': None, 'change': True}
2026-03-04 16:50:32,546 : INFO : EventManager : Event: ======'machine_var_audits_shots_orbit_upper'====== Args={'value': 111, 'prev_value': None, 'change': True}
2026-03-04 16:50:32,546 : INFO : EventManager : Event: ======'machine_var_audits_shots_ramp_inner'====== Args={'value': 125, 'prev_value': None, 'change': True}
2026-03-04 16:50:32,546 : INFO : EventManager : Event: ======'machine_var_audits_shots_spinner'====== Args={'value': 91, 'prev_value': None, 'change': True}
2026-03-04 16:50:32,547 : INFO : EventManager : Event: ======'machine_var_audits_switches_s_48v_disable'====== Args={'value': 0, 'prev_value': None, 'change': True}
2026-03-04 16:50:32,547 : INFO : EventManager : Event: ======'machine_var_audits_switches_s_a_iceman_target'====== Args={'value': 804, 'prev_value': None, 'change': True}
2026-03-04 16:50:32,547 : INFO : EventManager : Event: ======'machine_var_audits_switches_s_barrier_target'====== Args={'value': 393, 'prev_value': None, 'change': True}
2026-03-04 16:50:32,547 : INFO : EventManager : Event: ======'machine_var_audits_switches_s_bumper_center'====== Args={'value': 2863, 'prev_value': None, 'change': True}
2026-03-04 16:50:32,547 : INFO : EventManager : Event: ======'machine_var_audits_switches_s_bumper_left'====== Args={'value': 1504, 'prev_value': None, 'change': True}
2026-03-04 16:50:32,547 : INFO : EventManager : Event: ======'machine_var_audits_switches_s_bumper_right'====== Args={'value': 1676, 'prev_value': None, 'change': True}
2026-03-04 16:50:32,547 : INFO : EventManager : Event: ======'machine_var_audits_switches_s_c_iceman_target'====== Args={'value': 725, 'prev_value': None, 'change': True}
2026-03-04 16:50:32,547 : INFO : EventManager : Event: ======'machine_var_audits_switches_s_c_lock_target'====== Args={'value': 426, 'prev_value': None, 'change': True}
2026-03-04 16:50:32,547 : INFO : EventManager : Event: ======'machine_var_audits_switches_s_coin_door'====== Args={'value': 15, 'prev_value': None, 'change': True}
2026-03-04 16:50:32,547 : INFO : EventManager : Event: ======'machine_var_audits_switches_s_coin_door_credit_left'====== Args={'value': 0, 'prev_value': None, 'change': True}
2026-03-04 16:50:32,547 : INFO : EventManager : Event: ======'machine_var_audits_switches_s_coin_door_credit_right'====== Args={'value': 1, 'prev_value': None, 'change': True}
2026-03-04 16:50:32,547 : INFO : EventManager : Event: ======'machine_var_audits_switches_s_coin_door_service_1'====== Args={'value': 10, 'prev_value': None, 'change': True}
2026-03-04 16:50:32,547 : INFO : EventManager : Event: ======'machine_var_audits_switches_s_coin_door_service_2'====== Args={'value': 39, 'prev_value': None, 'change': True}
2026-03-04 16:50:32,547 : INFO : EventManager : Event: ======'machine_var_audits_switches_s_coin_door_service_3'====== Args={'value': 47, 'prev_value': None, 'change': True}
2026-03-04 16:50:32,547 : INFO : EventManager : Event: ======'machine_var_audits_switches_s_coin_door_service_4'====== Args={'value': 31, 'prev_value': None, 'change': True}
2026-03-04 16:50:32,547 : INFO : EventManager : Event: ======'machine_var_audits_switches_s_e_iceman_target'====== Args={'value': 650, 'prev_value': None, 'change': True}
2026-03-04 16:50:32,547 : INFO : EventManager : Event: ======'machine_var_audits_switches_s_flight_gear_target'====== Args={'value': 1255, 'prev_value': None, 'change': True}
2026-03-04 16:50:32,548 : INFO : EventManager : Event: ======'machine_var_audits_switches_s_flipper_left'====== Args={'value': 9069, 'prev_value': None, 'change': True}
2026-03-04 16:50:32,548 : INFO : EventManager : Event: ======'machine_var_audits_switches_s_flipper_left_eos'====== Args={'value': 8294, 'prev_value': None, 'change': True}
2026-03-04 16:50:32,548 : INFO : EventManager : Event: ======'machine_var_audits_switches_s_flipper_left_upper'====== Args={'value': 8646, 'prev_value': None, 'change': True}
2026-03-04 16:50:32,548 : INFO : EventManager : Event: ======'machine_var_audits_switches_s_flipper_left_upper_eos'====== Args={'value': 8353, 'prev_value': None, 'change': True}
2026-03-04 16:50:32,548 : INFO : EventManager : Event: ======'machine_var_audits_switches_s_flipper_right'====== Args={'value': 7399, 'prev_value': None, 'change': True}
2026-03-04 16:50:32,548 : INFO : EventManager : Event: ======'machine_var_audits_switches_s_flipper_right_eos'====== Args={'value': 6631, 'prev_value': None, 'change': True}
2026-03-04 16:50:32,548 : INFO : EventManager : Event: ======'machine_var_audits_switches_s_i_iceman_target'====== Args={'value': 1041, 'prev_value': None, 'change': True}
2026-03-04 16:50:32,548 : INFO : EventManager : Event: ======'machine_var_audits_switches_s_inlane_left'====== Args={'value': 1673, 'prev_value': None, 'change': True}
2026-03-04 16:50:32,548 : INFO : EventManager : Event: ======'machine_var_audits_switches_s_inner_inlane_right'====== Args={'value': 1053, 'prev_value': None, 'change': True}
2026-03-04 16:50:32,548 : INFO : EventManager : Event: ======'machine_var_audits_switches_s_jam'====== Args={'value': 1353, 'prev_value': None, 'change': True}
2026-03-04 16:50:32,548 : INFO : EventManager : Event: ======'machine_var_audits_switches_s_k_lock_target'====== Args={'value': 651, 'prev_value': None, 'change': True}
2026-03-04 16:50:32,548 : INFO : EventManager : Event: ======'machine_var_audits_switches_s_l_lock_target'====== Args={'value': 530, 'prev_value': None, 'change': True}
2026-03-04 16:50:32,548 : INFO : EventManager : Event: ======'machine_var_audits_switches_s_lane_left'====== Args={'value': 1515, 'prev_value': None, 'change': True}
2026-03-04 16:50:32,548 : INFO : EventManager : Event: ======'machine_var_audits_switches_s_lane_right'====== Args={'value': 1197, 'prev_value': None, 'change': True}
2026-03-04 16:50:32,548 : INFO : EventManager : Event: ======'machine_var_audits_switches_s_lock_goose'====== Args={'value': 280, 'prev_value': None, 'change': True}
2026-03-04 16:50:32,548 : INFO : EventManager : Event: ======'machine_var_audits_switches_s_lock_mav'====== Args={'value': 488, 'prev_value': None, 'change': True}
2026-03-04 16:50:32,548 : INFO : EventManager : Event: ======'machine_var_audits_switches_s_lock_plunger'====== Args={'value': 251, 'prev_value': None, 'change': True}
2026-03-04 16:50:32,548 : INFO : EventManager : Event: ======'machine_var_audits_switches_s_m_iceman_target'====== Args={'value': 641, 'prev_value': None, 'change': True}
2026-03-04 16:50:32,548 : INFO : EventManager : Event: ======'machine_var_audits_switches_s_mig_lane_left'====== Args={'value': 1005, 'prev_value': None, 'change': True}
2026-03-04 16:50:32,548 : INFO : EventManager : Event: ======'machine_var_audits_switches_s_mig_lane_right'====== Args={'value': 627, 'prev_value': None, 'change': True}
2026-03-04 16:50:32,548 : INFO : EventManager : Event: ======'machine_var_audits_switches_s_mode_start'====== Args={'value': 675, 'prev_value': None, 'change': True}
2026-03-04 16:50:32,548 : INFO : EventManager : Event: ======'machine_var_audits_switches_s_n_iceman_target'====== Args={'value': 831, 'prev_value': None, 'change': True}
2026-03-04 16:50:32,548 : INFO : EventManager : Event: ======'machine_var_audits_switches_s_o_lock_target'====== Args={'value': 786, 'prev_value': None, 'change': True}
2026-03-04 16:50:32,548 : INFO : EventManager : Event: ======'machine_var_audits_switches_s_orbit_left'====== Args={'value': 3328, 'prev_value': None, 'change': True}
2026-03-04 16:50:32,548 : INFO : EventManager : Event: ======'machine_var_audits_switches_s_orbit_lower'====== Args={'value': 251, 'prev_value': None, 'change': True}
2026-03-04 16:50:32,548 : INFO : EventManager : Event: ======'machine_var_audits_switches_s_orbit_right'====== Args={'value': 2213, 'prev_value': None, 'change': True}
2026-03-04 16:50:32,548 : INFO : EventManager : Event: ======'machine_var_audits_switches_s_orbit_upper'====== Args={'value': 729, 'prev_value': None, 'change': True}
2026-03-04 16:50:32,548 : INFO : EventManager : Event: ======'machine_var_audits_switches_s_outer_inlane_right'====== Args={'value': 1430, 'prev_value': None, 'change': True}
2026-03-04 16:50:32,548 : INFO : EventManager : Event: ======'machine_var_audits_switches_s_outlane_left'====== Args={'value': 796, 'prev_value': None, 'change': True}
2026-03-04 16:50:32,548 : INFO : EventManager : Event: ======'machine_var_audits_switches_s_outlane_right'====== Args={'value': 808, 'prev_value': None, 'change': True}
2026-03-04 16:50:32,548 : INFO : EventManager : Event: ======'machine_var_audits_switches_s_plunger_lane'====== Args={'value': 46, 'prev_value': None, 'change': True}
2026-03-04 16:50:32,548 : INFO : EventManager : Event: ======'machine_var_audits_switches_s_ramp_inner_exit'====== Args={'value': 1304, 'prev_value': None, 'change': True}
2026-03-04 16:50:32,548 : INFO : EventManager : Event: ======'machine_var_audits_switches_s_ramp_left_exit'====== Args={'value': 1443, 'prev_value': None, 'change': True}
2026-03-04 16:50:32,548 : INFO : EventManager : Event: ======'machine_var_audits_switches_s_ramp_right_exit'====== Args={'value': 389, 'prev_value': None, 'change': True}
2026-03-04 16:50:32,549 : INFO : EventManager : Event: ======'machine_var_audits_switches_s_ramp_tower_exit'====== Args={'value': 666, 'prev_value': None, 'change': True}
2026-03-04 16:50:32,549 : INFO : EventManager : Event: ======'machine_var_audits_switches_s_shooter_lane'====== Args={'value': 2056, 'prev_value': None, 'change': True}
2026-03-04 16:50:32,549 : INFO : EventManager : Event: ======'machine_var_audits_switches_s_slingshot_left'====== Args={'value': 1398, 'prev_value': None, 'change': True}
2026-03-04 16:50:32,549 : INFO : EventManager : Event: ======'machine_var_audits_switches_s_slingshot_right'====== Args={'value': 1099, 'prev_value': None, 'change': True}
2026-03-04 16:50:32,549 : INFO : EventManager : Event: ======'machine_var_audits_switches_s_spinner'====== Args={'value': 18035, 'prev_value': None, 'change': True}
2026-03-04 16:50:32,549 : INFO : EventManager : Event: ======'machine_var_audits_switches_s_start'====== Args={'value': 250, 'prev_value': None, 'change': True}
2026-03-04 16:50:32,549 : INFO : EventManager : Event: ======'machine_var_audits_switches_s_tilt'====== Args={'value': 387, 'prev_value': None, 'change': True}
2026-03-04 16:50:32,549 : INFO : EventManager : Event: ======'machine_var_audits_switches_s_trough_1'====== Args={'value': 1356, 'prev_value': None, 'change': True}
2026-03-04 16:50:32,549 : INFO : EventManager : Event: ======'machine_var_audits_switches_s_trough_2'====== Args={'value': 1345, 'prev_value': None, 'change': True}
2026-03-04 16:50:32,549 : INFO : EventManager : Event: ======'machine_var_audits_switches_s_trough_3'====== Args={'value': 1343, 'prev_value': None, 'change': True}
2026-03-04 16:50:32,549 : INFO : EventManager : Event: ======'machine_var_audits_switches_s_trough_4'====== Args={'value': 1341, 'prev_value': None, 'change': True}
2026-03-04 16:50:32,549 : INFO : EventManager : Event: ======'machine_var_audits_switches_s_trough_5'====== Args={'value': 1328, 'prev_value': None, 'change': True}
2026-03-04 16:50:32,549 : INFO : EventManager : Event: ======'machine_var_audits_switches_s_trough_6'====== Args={'value': 1516, 'prev_value': None, 'change': True}
2026-03-04 16:50:32,550 : INFO : EventManager : Event: ======'init_phase_5'====== Args={}
2026-03-04 16:50:32,551 : INFO : EventManager : Event: ======'init_done'====== Args={}
2026-03-04 16:50:32,553 : INFO : coil.c_coin_door_led : Enabling Driver with power 1.0 (pulse_ms 10ms and pulse_power 1.0)
2026-03-04 16:50:32,553 : INFO : EventManager : Event: ======'machine_reset_phase_1'====== Args={}
2026-03-04 16:50:32,566 : INFO : EventManager : Event: ======'machine_reset_phase_2'====== Args={}
2026-03-04 16:50:32,567 : INFO : EventManager : Event: ======'machine_reset_phase_3'====== Args={}
2026-03-04 16:50:32,568 : INFO : EventManager : Event: ======'mode_attract_will_start'====== Args={'queue': <QueuedEvent>}
2026-03-04 16:50:32,568 : INFO : Timer.attract_carousel_timer : Starting Timer.
2026-03-04 16:50:32,568 : INFO : EventManager : Event: ======'timer_attract_carousel_timer_started'====== Args={'ticks': 0, 'ticks_remaining': 1}
2026-03-04 16:50:32,568 : INFO : EventManager : Event: ======'timer_attract_carousel_timer_tick'====== Args={'ticks': 0, 'ticks_remaining': 1}
2026-03-04 16:50:32,570 : INFO : EventManager : Event: ======'mode_attract_starting'====== Args={'queue': <QueuedEvent>}
2026-03-04 16:50:32,571 : INFO : Mode.attract : Started. Priority: 10
2026-03-04 16:50:32,571 : INFO : EventManager : Event: ======'modes_active_modes_changed'====== Args={}
2026-03-04 16:50:32,571 : INFO : EventManager : Event: ======'mode_attract_started'====== Args={'queue': <QueuedEvent>}
2026-03-04 16:50:32,572 : INFO : EventManager : Event: ======'attract_cycle_step1'====== Args={'priority': 0}
2026-03-04 16:50:32,572 : INFO : EventManager : Event: ======'right_ramp_down'====== Args={'priority': 0}
2026-03-04 16:50:32,572 : INFO : EventManager : Event: ======'top_ramp_down'====== Args={'priority': 0}
2026-03-04 16:50:32,572 : INFO : EventManager : Event: ======'lock_released'====== Args={'priority': 0}
2026-03-04 16:50:32,572 : INFO : coil.c_start_button_led : Enabling Driver with power 1.0 (pulse_ms 10ms and pulse_power 1.0)
2026-03-04 16:50:32,574 : INFO : EventManager : Event: ======'collecting_balls_complete'====== Args={}
2026-03-04 16:50:32,574 : INFO : BallSearch.playfield : Starting ball search
2026-03-04 16:50:32,574 : INFO : EventManager : Event: ======'ball_search_started'====== Args={}
2026-03-04 16:50:32,574 : INFO : EventManager : Event: ======'ball_search_phase_1'====== Args={'iteration': 1}
2026-03-04 16:50:32,574 : INFO : coil.c_bumper_left : Pulsing Driver for 40ms (0.75 pulse_power)
2026-03-04 16:50:32,575 : INFO : EventManager : Event: ======'carousel_item_highlighted'====== Args={'carousel': 'attract', 'direction': None, 'item': 'title'}
2026-03-04 16:50:32,575 : INFO : EventManager : Event: ======'timer_attract_carousel_timer_tick'====== Args={'ticks': 0, 'ticks_remaining': 1}
2026-03-04 16:50:32,575 : INFO : EventManager : Event: ======'reset_complete'====== Args={}
2026-03-04 16:50:32,577 : INFO : Machine : Starting the main run loop with active modes: [<Mode.attract>]
2026-03-04 16:50:32,661 : INFO : EventManager : Event: ======'slide_attract_created'====== Args={'_from_bcp': True}
2026-03-04 16:50:32,661 : INFO : EventManager : Event: ======'slide__removed'====== Args={'_from_bcp': True}
2026-03-04 16:50:32,662 : INFO : EventManager : Event: ======'slide_attract_active'====== Args={'original_context': 'attract', 'original_calling_context': 'mode_attract_started', 'priority': 10.0, 'queue': '<QueuedEvent>', 'cmd': 'slides_play', '_from_bcp': True}
2026-03-04 16:50:32,829 : INFO : coil.c_bumper_right : Pulsing Driver for 40ms (0.75 pulse_power)
2026-03-04 16:50:33,066 : INFO : coil.c_bumper_center : Pulsing Driver for 40ms (0.75 pulse_power)
2026-03-04 16:50:33,316 : INFO : coil.c_sling_left : Pulsing Driver for 40ms (0.875 pulse_power)
2026-03-04 16:50:33,567 : INFO : coil.c_sling_right : Pulsing Driver for 40ms (0.875 pulse_power)
2026-03-04 16:50:33,568 : INFO : coil.c_start_button_led : Disabling Driver
2026-03-04 16:50:33,818 : INFO : coil.c_lock_upkicker : Pulsing Driver for 25ms (1.0 pulse_power)
2026-03-04 16:50:34,067 : INFO : coil.c_mode_outkicker : Pulsing Driver for 35ms (0.75 pulse_power)
2026-03-04 16:50:34,315 : INFO : EventManager : Event: ======'ball_search_phase_1'====== Args={'iteration': 2}
2026-03-04 16:50:34,315 : INFO : coil.c_bumper_left : Pulsing Driver for 40ms (0.75 pulse_power)
2026-03-04 16:50:34,567 : INFO : coil.c_start_button_led : Enabling Driver with power 1.0 (pulse_ms 10ms and pulse_power 1.0)
2026-03-04 16:50:35,568 : INFO : coil.c_start_button_led : Disabling Driver
2026-03-04 16:50:36,569 : INFO : coil.c_start_button_led : Enabling Driver with power 1.0 (pulse_ms 10ms and pulse_power 1.0)
2026-03-04 16:50:37,573 : INFO : coil.c_start_button_led : Disabling Driver
2026-03-04 16:50:38,576 : INFO : coil.c_start_button_led : Enabling Driver with power 1.0 (pulse_ms 10ms and pulse_power 1.0)
2026-03-04 16:50:39,577 : INFO : Timer.attract_carousel_timer : Timer Complete
2026-03-04 16:50:39,577 : INFO : Timer.attract_carousel_timer : Stopping Timer
2026-03-04 16:50:39,578 : INFO : EventManager : Event: ======'timer_attract_carousel_timer_stopped'====== Args={'ticks': 1, 'ticks_remaining': 1}
2026-03-04 16:50:39,578 : INFO : EventManager : Event: ======'timer_attract_carousel_timer_complete'====== Args={'ticks': 1, 'ticks_remaining': 1}
2026-03-04 16:50:39,578 : INFO : coil.c_start_button_led : Disabling Driver
2026-03-04 16:50:39,578 : INFO : EventManager : Event: ======'carousel_item_highlighted'====== Args={'carousel': 'attract', 'direction': 'forwards', 'item': 'presented_by'}
2026-03-04 16:50:39,578 : INFO : Timer.attract_carousel_timer : Starting Timer.
2026-03-04 16:50:39,578 : INFO : EventManager : Event: ======'timer_attract_carousel_timer_started'====== Args={'ticks': 0, 'ticks_remaining': 1}
2026-03-04 16:50:39,578 : INFO : EventManager : Event: ======'timer_attract_carousel_timer_tick'====== Args={'ticks': 0, 'ticks_remaining': 1}
2026-03-04 16:50:40,575 : INFO : coil.c_start_button_led : Enabling Driver with power 1.0 (pulse_ms 10ms and pulse_power 1.0)
2026-03-04 16:50:41,579 : INFO : coil.c_start_button_led : Disabling Driver
2026-03-04 16:50:42,578 : INFO : coil.c_start_button_led : Enabling Driver with power 1.0 (pulse_ms 10ms and pulse_power 1.0)
2026-03-04 16:50:43,580 : INFO : coil.c_start_button_led : Disabling Driver
2026-03-04 16:50:43,722 : INFO : Machine : Shutting down...
2026-03-04 16:50:43,722 : INFO : EventManager : Event: ======'shutdown'====== Args={}
2026-03-04 16:50:43,837 : INFO : root : MPF run loop ended.
