2026-02-01 11:53:42,154 : INFO : root : Loading config.
2026-02-01 11:53:42,158 : INFO : YamlMultifileConfigLoader : Machine config file #1: config.yaml
2026-02-01 11:53:42,159 : INFO : ConfigProcessor : Loading config from cache: C:\Users\White\AppData\Local\Temp\111a0db88574c0ab97b2830c60f6e12a.mpf_cache
2026-02-01 11:53:42,174 : WARNING : ConfigProcessor : Config file in cache changed: C:\Users\White\documents\top_gun_Pinball\config\config_servos.yaml
2026-02-01 11:53:42,174 : INFO : ConfigProcessor : Loading config from file C:\Users\White\mpf\Lib\site-packages\mpf\mpfconfig.yaml.
2026-02-01 11:53:42,187 : INFO : ConfigProcessor : Loading config: C:\Users\White\mpf\Lib\site-packages\mpf\mpfconfig.yaml
2026-02-01 11:53:42,188 : INFO : ConfigProcessor : Loading config from file C:\Users\White\documents\top_gun_Pinball\config\config.yaml.
2026-02-01 11:53:42,195 : INFO : ConfigProcessor : Loading config: C:\Users\White\documents\top_gun_Pinball\config\config.yaml
2026-02-01 11:53:42,197 : INFO : ConfigProcessor : Loading config: C:\Users\White\documents\top_gun_Pinball\config\config_autofire_coils.yaml
2026-02-01 11:53:42,200 : INFO : ConfigProcessor : Loading config: C:\Users\White\documents\top_gun_Pinball\config\config_ball_devices.yaml
2026-02-01 11:53:42,202 : INFO : ConfigProcessor : Loading config: C:\Users\White\documents\top_gun_Pinball\config\config_ball_saves.yaml
2026-02-01 11:53:42,211 : INFO : ConfigProcessor : Loading config: C:\Users\White\documents\top_gun_Pinball\config\config_coils.yaml
2026-02-01 11:53:42,213 : INFO : ConfigProcessor : Loading config: C:\Users\White\documents\top_gun_Pinball\config\config_flippers.yaml
2026-02-01 11:53:42,216 : INFO : ConfigProcessor : Loading config: C:\Users\White\documents\top_gun_Pinball\config\config_hardware_fast.yaml
2026-02-01 11:53:42,227 : INFO : ConfigProcessor : Loading config: C:\Users\White\documents\top_gun_Pinball\config\config_lights.yaml
2026-02-01 11:53:42,237 : INFO : ConfigProcessor : Loading config: C:\Users\White\documents\top_gun_Pinball\config\config_switches.yaml
2026-02-01 11:53:42,253 : INFO : ConfigProcessor : Loading config: C:\Users\White\documents\top_gun_Pinball\config\config_servos.yaml
2026-02-01 11:53:42,256 : INFO : ConfigProcessor : Loading config: C:\Users\White\documents\top_gun_Pinball\config\variable_player.yaml
2026-02-01 11:53:42,259 : INFO : ConfigProcessor : Loading config: C:\Users\White\documents\top_gun_Pinball\config\config_videos.yaml
2026-02-01 11:53:42,264 : INFO : ConfigProcessor : Config file cache created: C:\Users\White\AppData\Local\Temp\111a0db88574c0ab97b2830c60f6e12a.mpf_cache
2026-02-01 11:53:42,371 : INFO : ConfigProcessor : Loading config from cache: C:\Users\White\AppData\Local\Temp\1ce5232722cd0e62459a322e185d07bd.mpf_cache
2026-02-01 11:53:42,372 : INFO : ConfigProcessor : Loading config from cache: C:\Users\White\AppData\Local\Temp\91cc4d1c993c58dc354e34974b9cfeac.mpf_cache
2026-02-01 11:53:42,373 : INFO : ConfigProcessor : Loading config from cache: C:\Users\White\AppData\Local\Temp\e1a2c00df159f56a578be6f0966c650b.mpf_cache
2026-02-01 11:53:42,374 : INFO : ConfigProcessor : Loading config from cache: C:\Users\White\AppData\Local\Temp\1ce5232722cd0e62459a322e185d07bd.mpf_cache
2026-02-01 11:53:42,374 : INFO : ConfigProcessor : Loading config from cache: C:\Users\White\AppData\Local\Temp\020d769a0db8cd3b9f2de9c2fbb198c2.mpf_cache
2026-02-01 11:53:42,375 : INFO : ConfigProcessor : Loading config from cache: C:\Users\White\AppData\Local\Temp\e3742ce5d85b1862c4040e4f4d5e9092.mpf_cache
2026-02-01 11:53:42,376 : INFO : ConfigProcessor : Loading config from cache: C:\Users\White\AppData\Local\Temp\591e971342aa3549d9415fd3df134cc4.mpf_cache
2026-02-01 11:53:42,377 : INFO : ConfigProcessor : Loading config from cache: C:\Users\White\AppData\Local\Temp\cb674e530798444d8c6ea32ad3abf083.mpf_cache
2026-02-01 11:53:42,378 : INFO : ConfigProcessor : Loading config from cache: C:\Users\White\AppData\Local\Temp\80e89968d3c4baa7dfa9ec0fc4494cea.mpf_cache
2026-02-01 11:53:42,379 : INFO : ConfigProcessor : Loading config from cache: C:\Users\White\AppData\Local\Temp\ee2c7e2ccc8d8a7b96c98c3ffe03c48d.mpf_cache
2026-02-01 11:53:42,379 : INFO : ConfigProcessor : Loading config from cache: C:\Users\White\AppData\Local\Temp\e998eab049ba8e90ebe15337ec68e97a.mpf_cache
2026-02-01 11:53:42,380 : INFO : ConfigProcessor : Loading config from cache: C:\Users\White\AppData\Local\Temp\72671009dbbd0bdc6e7a3d2d1f889eac.mpf_cache
2026-02-01 11:53:42,380 : INFO : ConfigProcessor : Loading config from cache: C:\Users\White\AppData\Local\Temp\b27740f5afabb61185e2496872bd4c6d.mpf_cache
2026-02-01 11:53:42,381 : INFO : ConfigProcessor : Loading config from cache: C:\Users\White\AppData\Local\Temp\dbeee935835ee08bd7fdbf8a6213eb13.mpf_cache
2026-02-01 11:53:42,382 : INFO : ConfigProcessor : Loading config from cache: C:\Users\White\AppData\Local\Temp\ea0889571b9d1d3db6c5482081194414.mpf_cache
2026-02-01 11:53:42,382 : INFO : ConfigProcessor : Loading config from cache: C:\Users\White\AppData\Local\Temp\5763fec275a072b39f1d521c542453a1.mpf_cache
2026-02-01 11:53:42,385 : INFO : ConfigProcessor : Loading config from cache: C:\Users\White\AppData\Local\Temp\80b4e2bed3d7daabfeb91a214168ecf2.mpf_cache
2026-02-01 11:53:42,386 : WARNING : ConfigProcessor : Config file in cache changed: C:\Users\White\documents\top_gun_Pinball\modes\top_gun_service\config\top_gun_service.yaml
2026-02-01 11:53:42,386 : INFO : ConfigProcessor : Loading config from file C:\Users\White\documents\top_gun_Pinball\modes\top_gun_service\config\top_gun_service.yaml.
2026-02-01 11:53:42,493 : INFO : ConfigProcessor : Loading config: C:\Users\White\documents\top_gun_Pinball\modes\top_gun_service\config\top_gun_service.yaml
2026-02-01 11:53:42,499 : INFO : ConfigProcessor : Config file cache created: C:\Users\White\AppData\Local\Temp\bd5c16a9902e8c83a1485517688545a6.mpf_cache
2026-02-01 11:53:42,501 : INFO : ConfigProcessor : Loading config from cache: C:\Users\White\AppData\Local\Temp\134748f619f3ecfee82728f853400145.mpf_cache
2026-02-01 11:53:42,502 : INFO : ConfigProcessor : Loading config from cache: C:\Users\White\AppData\Local\Temp\e81977b349b8df9c9b3a2004dd6a8560.mpf_cache
2026-02-01 11:53:42,502 : INFO : ConfigProcessor : Loading config from cache: C:\Users\White\AppData\Local\Temp\cf363c4fafc367e49544ff108b12bc28.mpf_cache
2026-02-01 11:53:42,503 : INFO : ConfigProcessor : Loading config from cache: C:\Users\White\AppData\Local\Temp\e7b528d6557304195513e493a4b8fd88.mpf_cache
2026-02-01 11:53:42,506 : INFO : ConfigProcessor : Loading config from cache: C:\Users\White\AppData\Local\Temp\5f9ad8ef797e344d647e9abf309a4f98.mpf_cache
2026-02-01 11:53:42,508 : INFO : ConfigProcessor : Loading config from cache: C:\Users\White\AppData\Local\Temp\834d3dad91728d276271bf66c712a563.mpf_cache
2026-02-01 11:53:42,510 : INFO : ConfigProcessor : Loading config from cache: C:\Users\White\AppData\Local\Temp\13282d850a81330d976a9f74efa41f0b.mpf_cache
2026-02-01 11:53:42,511 : INFO : ConfigProcessor : Loading config from cache: C:\Users\White\AppData\Local\Temp\214620c32963ff41a8a8a5c0d0c56a40.mpf_cache
2026-02-01 11:53:42,514 : INFO : ConfigProcessor : Loading config from cache: C:\Users\White\AppData\Local\Temp\36292a1a4b308a1ab39b7653889d0de5.mpf_cache
2026-02-01 11:53:42,514 : INFO : ConfigProcessor : Loading config from cache: C:\Users\White\AppData\Local\Temp\db8a78e6f1c2b21208fc0fd93faa1702.mpf_cache
2026-02-01 11:53:42,515 : INFO : ConfigProcessor : Loading config from cache: C:\Users\White\AppData\Local\Temp\3e5f4925e74044b61fd430508b53d6f1.mpf_cache
2026-02-01 11:53:42,518 : INFO : ConfigProcessor : Loading config from cache: C:\Users\White\AppData\Local\Temp\7b208df47caf508fdb4fe9c7feb747d7.mpf_cache
2026-02-01 11:53:42,520 : INFO : ConfigProcessor : Loading config from cache: C:\Users\White\AppData\Local\Temp\fcb9388c634fd9a86d170219979f9570.mpf_cache
2026-02-01 11:53:42,521 : INFO : ConfigProcessor : Loading config from cache: C:\Users\White\AppData\Local\Temp\7389dba57817bfb5ac4debfca142a33c.mpf_cache
2026-02-01 11:53:42,528 : INFO : ConfigProcessor : Loading config from cache: C:\Users\White\AppData\Local\Temp\b3fc76eca0165378cf0d20d3a2c72518.mpf_cache
2026-02-01 11:53:42,534 : INFO : ConfigProcessor : Loading config from cache: C:\Users\White\AppData\Local\Temp\af5392e869fe3703346aea5f79ba90be.mpf_cache
2026-02-01 11:53:42,536 : INFO : ConfigProcessor : Loading config from cache: C:\Users\White\AppData\Local\Temp\852ae31e82ca1ab272d332603bcfcbb5.mpf_cache
2026-02-01 11:53:42,539 : INFO : ConfigProcessor : Loading config from cache: C:\Users\White\AppData\Local\Temp\512a333ccebedb5862009e2ce15b3d86.mpf_cache
2026-02-01 11:53:42,540 : INFO : ConfigProcessor : Loading config from cache: C:\Users\White\AppData\Local\Temp\24a90a1908c9d987cada1f13e7c9b8ad.mpf_cache
2026-02-01 11:53:42,541 : INFO : ConfigProcessor : Loading config from cache: C:\Users\White\AppData\Local\Temp\bb7e66de91fd50d461f626a680749246.mpf_cache
2026-02-01 11:53:42,542 : INFO : ConfigProcessor : Loading config from cache: C:\Users\White\AppData\Local\Temp\08d07c1eb64225a783cb882db1ad4018.mpf_cache
2026-02-01 11:53:42,543 : INFO : ConfigProcessor : Loading config from cache: C:\Users\White\AppData\Local\Temp\43ddb9363b462515c40aafb0118fd60d.mpf_cache
2026-02-01 11:53:42,544 : INFO : ConfigProcessor : Loading config from cache: C:\Users\White\AppData\Local\Temp\f2cc0bcf742d34e135121d811dd88139.mpf_cache
2026-02-01 11:53:42,545 : INFO : ConfigProcessor : Loading config from cache: C:\Users\White\AppData\Local\Temp\21e4fb58e94a8ef585658c6b371bc170.mpf_cache
2026-02-01 11:53:42,546 : INFO : ConfigProcessor : Loading config from cache: C:\Users\White\AppData\Local\Temp\a953b69d05f5700a64e6f61543309ea1.mpf_cache
2026-02-01 11:53:42,548 : INFO : ConfigProcessor : Loading config from cache: C:\Users\White\AppData\Local\Temp\e9054ed0cd96933ce0a2f94cd731a0de.mpf_cache
2026-02-01 11:53:42,548 : INFO : ConfigProcessor : Loading config from cache: C:\Users\White\AppData\Local\Temp\ef91466b6ef728693cd71ba9982d106d.mpf_cache
2026-02-01 11:53:42,549 : INFO : Machine : Mission Pinball Framework Core Engine v0.80.0.dev11
2026-02-01 11:53:42,549 : INFO : Machine : Command line arguments: {'no_load_cache': False, 'create_config_cache': True, 'bcp': True, 'configfile': ['config.yaml'], 'force_assets_load': False, 'platform_integration_test': False, 'jsonlogging': False, 'logfile': 'logs\\2026-02-01-11-53-42-mpf-TopGunPinball.log', 'pause': False, 'production': False, 'text_ui': False, 'loglevel': 15, 'consoleloglevel': 20, 'force_platform': None, 'syslog_address': None, 'full_logfile_path': 'C:\\Users\\White\\documents\\top_gun_Pinball\\logs\\2026-02-01-11-53-42-mpf-TopGunPinball.log'}
2026-02-01 11:53:42,549 : INFO : Machine : MPF path: C:\Users\White\mpf\Lib\site-packages\mpf
2026-02-01 11:53:42,549 : INFO : Machine : Machine path: C:\Users\White\documents\top_gun_Pinball
2026-02-01 11:53:42,549 : INFO : Machine : Platform: win32
2026-02-01 11:53:42,549 : INFO : Machine : Python executable location: C:\Users\White\mpf\Scripts\python.exe
2026-02-01 11:53:42,549 : INFO : Machine : Python version: 3.12.7 (64-bit)
2026-02-01 11:53:42,551 : INFO : Machine : Initializing MPF...
2026-02-01 11:53:42,662 : INFO : FAST : Auto-detecting ports for the following connections: ['net', 'exp', 'aud']
2026-02-01 11:53:43,213 : INFO : FAST : Detected AUD on port COM7
2026-02-01 11:53:43,213 : INFO : FAST : Detected NET on port COM3
2026-02-01 11:53:43,228 : INFO : FAST : Detected EXP on port COM4
2026-02-01 11:53:43,337 : INFO : FAST [NET] : Trying to connect to COM3 at 921600bps
2026-02-01 11:53:43,415 : INFO : FAST [NET] : Connected to COM3 at 921600bps
2026-02-01 11:53:43,429 : INFO : FAST [NET] : Connected to FP-CPU-2000 with firmware v02.26
2026-02-01 11:53:43,460 : INFO : FAST [NET] : Registered I/O Board 0: Model: FP-I/O-0024, Firmware: 01.10, Switches: 24, Drivers: 8
2026-02-01 11:53:43,476 : INFO : FAST [NET] : Registered I/O Board 1: Model: FP-I/O-3208, Firmware: 01.10, Switches: 32, Drivers: 8
2026-02-01 11:53:43,492 : INFO : FAST [NET] : Registered I/O Board 2: Model: FP-I/O-3208, Firmware: 01.10, Switches: 32, Drivers: 8
2026-02-01 11:53:43,507 : INFO : FAST [NET] : Registered I/O Board 3: Model: FP-I/O-0804, Firmware: 01.10, Switches: 8, Drivers: 4
2026-02-01 11:53:43,523 : INFO : FAST [NET] : Registered I/O Board 4: Model: FP-I/O-0804, Firmware: 01.10, Switches: 8, Drivers: 4
2026-02-01 11:53:43,526 : INFO : FAST [EXP] : Trying to connect to COM4 at 921600bps
2026-02-01 11:53:43,603 : INFO : FAST [EXP] : Connected to COM4 at 921600bps
2026-02-01 11:53:43,617 : INFO : FAST [EXP] : Verifying hardware for EXP "neuron" (FP-EXP-2000, @48) with ID string "EXP FP-EXP-2000  0.38", board address 48
2026-02-01 11:53:43,633 : INFO : FAST [EXP] : Verifying hardware for EXP "neuron" (FP-EXP-2000, @48) with ID string "LED FP-BRK-0001  0.8", board address 480
2026-02-01 11:53:43,664 : INFO : FAST [EXP] : Verifying hardware for EXP "light_expansion_board" (FP-EXP-0071, @B4) with ID string "EXP FP-EXP-0071  0.38", board address B4
2026-02-01 11:53:43,680 : INFO : FAST [EXP] : Verifying hardware for EXP "light_expansion_board" (FP-EXP-0071, @B4) with ID string "BRK FP-EXP-0071  0.38", board address B40
2026-02-01 11:53:43,696 : INFO : FAST [AUD] : Trying to connect to COM7 at 230400bps
2026-02-01 11:53:43,831 : INFO : FAST [AUD] : Connected to COM7 at 230400bps
2026-02-01 11:53:43,835 : WARNING : FAST [AUD] : Received XX response:F
2026-02-01 11:53:43,835 : WARNING : FAST [AUD] : Received XX response:F
2026-02-01 11:53:43,835 : WARNING : FAST [AUD] : Received XX response:F
2026-02-01 11:53:43,835 : WARNING : FAST [AUD] : Received XX response:F
2026-02-01 11:53:43,835 : INFO : FAST [AUD] : Connected to FP-AUD-0099 with firmware v0.10
2026-02-01 11:53:43,836 : INFO : EventManager : Event: ======'machine_var_credits_string'====== Args={'value': 'FREE PLAY', 'prev_value': None, 'change': True}
2026-02-01 11:53:43,866 : INFO : EventManager : Event: ======'machine_var_audit_balls_played'====== Args={'value': 0, 'prev_value': None, 'change': True}
2026-02-01 11:53:43,866 : INFO : EventManager : Event: ======'machine_var_audit_games_played'====== Args={'value': 0, 'prev_value': None, 'change': True}
2026-02-01 11:53:43,866 : INFO : EventManager : Event: ======'machine_var_audit_high_score'====== Args={'value': 0, 'prev_value': None, 'change': True}
2026-02-01 11:53:43,866 : INFO : EventManager : Event: ======'machine_var_audit_total_game_time'====== Args={'value': 0, 'prev_value': None, 'change': True}
2026-02-01 11:53:43,866 : INFO : EventManager : Event: ======'machine_var_audit_total_plays'====== Args={'value': 0, 'prev_value': None, 'change': True}
2026-02-01 11:53:43,866 : INFO : EventManager : Event: ======'machine_var_fast_audio_headphones_volume'====== Args={'value': 50, 'prev_value': None, 'change': True}
2026-02-01 11:53:43,866 : INFO : EventManager : Event: ======'machine_var_fast_audio_main_volume'====== Args={'value': 30, 'prev_value': None, 'change': True}
2026-02-01 11:53:43,867 : INFO : EventManager : Event: ======'machine_var_master_volume'====== Args={'value': 0.5, 'prev_value': None, 'change': True}
2026-02-01 11:53:43,867 : INFO : EventManager : Event: ======'machine_var_player1_score'====== Args={'value': 1711550, 'prev_value': None, 'change': True}
2026-02-01 11:53:43,867 : INFO : EventManager : Event: ======'machine_var_service_menu_level'====== Args={'value': 0, 'prev_value': None, 'change': True}
2026-02-01 11:53:43,867 : INFO : EventManager : Event: ======'machine_var_service_main_index'====== Args={'value': 0, 'prev_value': None, 'change': True}
2026-02-01 11:53:43,867 : INFO : EventManager : Event: ======'machine_var_service_switch_index'====== Args={'value': 0, 'prev_value': None, 'change': True}
2026-02-01 11:53:43,867 : INFO : EventManager : Event: ======'machine_var_service_coil_index'====== Args={'value': 0, 'prev_value': None, 'change': True}
2026-02-01 11:53:43,867 : INFO : EventManager : Event: ======'machine_var_service_light_index'====== Args={'value': 0, 'prev_value': None, 'change': True}
2026-02-01 11:53:43,867 : INFO : EventManager : Event: ======'machine_var_service_light_color_index'====== Args={'value': 0, 'prev_value': None, 'change': True}
2026-02-01 11:53:43,867 : INFO : EventManager : Event: ======'machine_var_service_adjustment_index'====== Args={'value': 0, 'prev_value': None, 'change': True}
2026-02-01 11:53:43,867 : INFO : EventManager : Event: ======'machine_var_service_audit_index'====== Args={'value': 0, 'prev_value': None, 'change': True}
2026-02-01 11:53:43,867 : INFO : EventManager : Event: ======'machine_var_service_feature_index'====== Args={'value': 0, 'prev_value': None, 'change': True}
2026-02-01 11:53:43,868 : INFO : EventManager : Event: ======'machine_var_service_main_text'====== Args={'value': 'SWITCH TEST', 'prev_value': None, 'change': True}
2026-02-01 11:53:43,868 : INFO : EventManager : Event: ======'machine_var_service_switch_name'====== Args={'value': 'Start Button', 'prev_value': None, 'change': True}
2026-02-01 11:53:43,868 : INFO : EventManager : Event: ======'machine_var_service_switch_num'====== Args={'value': 'Switch 1/63', 'prev_value': None, 'change': True}
2026-02-01 11:53:43,868 : INFO : EventManager : Event: ======'machine_var_service_switch_state'====== Args={'value': 'OPEN', 'prev_value': None, 'change': True}
2026-02-01 11:53:43,868 : INFO : EventManager : Event: ======'machine_var_service_coil_name'====== Args={'value': 'Left Flipper', 'prev_value': None, 'change': True}
2026-02-01 11:53:43,868 : INFO : EventManager : Event: ======'machine_var_service_coil_num'====== Args={'value': 'Coil 1/22', 'prev_value': None, 'change': True}
2026-02-01 11:53:43,868 : INFO : EventManager : Event: ======'machine_var_service_light_name'====== Args={'value': 'Eject Insert', 'prev_value': None, 'change': True}
2026-02-01 11:53:43,868 : INFO : EventManager : Event: ======'machine_var_service_light_num'====== Args={'value': 'Light 1/91', 'prev_value': None, 'change': True}
2026-02-01 11:53:43,868 : INFO : EventManager : Event: ======'machine_var_service_servo_index'====== Args={'value': 0, 'prev_value': None, 'change': True}
2026-02-01 11:53:43,869 : INFO : EventManager : Event: ======'machine_var_service_servo_name'====== Args={'value': 'Right Ramp', 'prev_value': None, 'change': True}
2026-02-01 11:53:43,869 : INFO : EventManager : Event: ======'machine_var_service_servo_num'====== Args={'value': 'Servo 1/6', 'prev_value': None, 'change': True}
2026-02-01 11:53:43,869 : INFO : EventManager : Event: ======'machine_var_service_servo_position'====== Args={'value': 'Pos: 0.05', 'prev_value': None, 'change': True}
2026-02-01 11:53:43,869 : INFO : EventManager : Event: ======'machine_var_service_adjustment_name'====== Args={'value': 'Balls Per Game', 'prev_value': None, 'change': True}
2026-02-01 11:53:43,869 : INFO : EventManager : Event: ======'machine_var_service_adjustment_num'====== Args={'value': 'Setting 1/15', 'prev_value': None, 'change': True}
2026-02-01 11:53:43,869 : INFO : EventManager : Event: ======'machine_var_service_audit_name'====== Args={'value': 'Games Played', 'prev_value': None, 'change': True}
2026-02-01 11:53:43,869 : INFO : EventManager : Event: ======'machine_var_service_audit_num'====== Args={'value': 'Audit 1/10', 'prev_value': None, 'change': True}
2026-02-01 11:53:43,869 : INFO : EventManager : Event: ======'machine_var_service_feature_name'====== Args={'value': 'Pilot Mode Timer', 'prev_value': None, 'change': True}
2026-02-01 11:53:43,869 : INFO : EventManager : Event: ======'machine_var_service_feature_num'====== Args={'value': 'Feature 1/10', 'prev_value': None, 'change': True}
2026-02-01 11:53:43,869 : INFO : EventManager : Event: ======'machine_var_mpf_version'====== Args={'value': 'Mission Pinball Framework v0.80.0.dev11', 'prev_value': None, 'change': True}
2026-02-01 11:53:43,870 : INFO : EventManager : Event: ======'machine_var_mpf_extended_version'====== Args={'value': 'Mission Pinball Framework v0.80.0.dev11, Config version:6, Show version: 6, BCP version:1.1', 'prev_value': None, 'change': True}
2026-02-01 11:53:43,870 : INFO : EventManager : Event: ======'machine_var_python_version'====== Args={'value': '3.12.7', 'prev_value': None, 'change': True}
2026-02-01 11:53:44,024 : INFO : EventManager : Event: ======'machine_var_platform'====== Args={'value': 'Windows-11-10.0.26100-SP0', 'prev_value': None, 'change': True}
2026-02-01 11:53:44,024 : INFO : EventManager : Event: ======'machine_var_platform_system'====== Args={'value': 'Windows', 'prev_value': None, 'change': True}
2026-02-01 11:53:44,024 : INFO : EventManager : Event: ======'machine_var_platform_release'====== Args={'value': '11', 'prev_value': None, 'change': True}
2026-02-01 11:53:44,024 : INFO : EventManager : Event: ======'machine_var_platform_version'====== Args={'value': '10.0.26100', 'prev_value': None, 'change': True}
2026-02-01 11:53:44,024 : INFO : EventManager : Event: ======'machine_var_platform_machine'====== Args={'value': 'AMD64', 'prev_value': None, 'change': True}
2026-02-01 11:53:44,025 : INFO : EventManager : Event: ======'machine_var_log_file_path'====== Args={'value': 'C:\\Users\\White\\documents\\top_gun_Pinball\\logs\\2026-02-01-11-53-42-mpf-TopGunPinball.log', 'prev_value': None, 'change': True}
2026-02-01 11:53:44,025 : INFO : EventManager : Event: ======'init_phase_1'====== Args={}
2026-02-01 11:53:46,509 : INFO : SwitchController : <<<<<<< 's_48v_disable' active >>>>>>>
2026-02-01 11:53:46,509 : INFO : SwitchController : <<<<<<< 's_coin_door' active >>>>>>>
2026-02-01 11:53:46,509 : INFO : SwitchController : <<<<<<< 's_trough_1' active >>>>>>>
2026-02-01 11:53:46,509 : INFO : SwitchController : <<<<<<< 's_trough_2' active >>>>>>>
2026-02-01 11:53:46,509 : INFO : SwitchController : <<<<<<< 's_trough_3' active >>>>>>>
2026-02-01 11:53:46,510 : INFO : SwitchController : <<<<<<< 's_trough_4' active >>>>>>>
2026-02-01 11:53:46,510 : INFO : SwitchController : <<<<<<< 's_trough_5' active >>>>>>>
2026-02-01 11:53:46,510 : INFO : SwitchController : <<<<<<< 's_trough_6' active >>>>>>>
2026-02-01 11:53:46,510 : INFO : SwitchController : <<<<<<< 's_ramp_inner_exit' active >>>>>>>
2026-02-01 11:53:46,543 : INFO : EventManager : Event: ======'init_phase_2'====== Args={}
2026-02-01 11:53:46,543 : INFO : SwitchController : Found active switch: (0, [FAST Platform Interface]) <switch.s_48v_disable>
2026-02-01 11:53:46,543 : INFO : SwitchController : Found active switch: (23, [FAST Platform Interface]) <switch.s_coin_door>
2026-02-01 11:53:46,543 : INFO : SwitchController : Found active switch: (24, [FAST Platform Interface]) <switch.s_trough_1>
2026-02-01 11:53:46,543 : INFO : SwitchController : Found active switch: (25, [FAST Platform Interface]) <switch.s_trough_2>
2026-02-01 11:53:46,543 : INFO : SwitchController : Found active switch: (26, [FAST Platform Interface]) <switch.s_trough_3>
2026-02-01 11:53:46,543 : INFO : SwitchController : Found active switch: (27, [FAST Platform Interface]) <switch.s_trough_4>
2026-02-01 11:53:46,545 : INFO : SwitchController : Found active switch: (28, [FAST Platform Interface]) <switch.s_trough_5>
2026-02-01 11:53:46,545 : INFO : SwitchController : Found active switch: (29, [FAST Platform Interface]) <switch.s_trough_6>
2026-02-01 11:53:46,545 : INFO : SwitchController : Found active switch: (78, [FAST Platform Interface]) <switch.s_ramp_inner_exit>
2026-02-01 11:53:46,669 : INFO : EventManager : Event: ======'bcp_connection_attempt'====== Args={'name': 'local_display', 'host': 'localhost', 'port': 5050}
2026-02-01 11:53:46,671 : INFO : BCPClientSocket : Connecting BCP to 'local_display' at localhost:5050...
2026-02-01 11:53:46,682 : INFO : BCPClientSocket : Connected BCP to 'local_display' localhost:5050
2026-02-01 11:53:46,683 : INFO : EventManager : Event: ======'bcp_clients_connected'====== Args={}
2026-02-01 11:53:46,683 : INFO : ball_device.bd_plunger : BCH: Initial count: 0
2026-02-01 11:53:46,684 : INFO : ball_device.bd_plunger : State: idle
2026-02-01 11:53:46,821 : INFO : ball_device.bd_trough : BCH: Initial count: 6
2026-02-01 11:53:46,822 : INFO : ball_device.bd_trough : State: idle
2026-02-01 11:53:46,823 : INFO : ball_device.bd_lock_elevator : BCH: Initial count: 0
2026-02-01 11:53:46,823 : INFO : ball_device.bd_lock_elevator : State: idle
2026-02-01 11:53:46,824 : INFO : ball_device.bd_mode_scoop : BCH: Initial count: 0
2026-02-01 11:53:46,825 : INFO : ball_device.bd_mode_scoop : State: idle
2026-02-01 11:53:46,838 : INFO : EventManager : Event: ======'init_phase_3'====== Args={}
2026-02-01 11:53:49,475 : INFO : EventManager : Event: ======'init_phase_4'====== Args={}
2026-02-01 11:53:49,476 : INFO : BallController : Initial balls found: 6
2026-02-01 11:53:49,479 : INFO : EventManager : Event: ======'machine_var_audits_events_game_ended'====== Args={'value': 26, 'prev_value': None, 'change': True}
2026-02-01 11:53:49,479 : INFO : EventManager : Event: ======'machine_var_audits_events_game_started'====== Args={'value': 860, 'prev_value': None, 'change': True}
2026-02-01 11:53:49,479 : INFO : EventManager : Event: ======'machine_var_audits_missing_switches_s_48v_disable'====== Args={'value': 39, 'prev_value': None, 'change': True}
2026-02-01 11:53:49,479 : INFO : EventManager : Event: ======'machine_var_audits_missing_switches_s_a_iceman_target'====== Args={'value': 7, 'prev_value': None, 'change': True}
2026-02-01 11:53:49,479 : INFO : EventManager : Event: ======'machine_var_audits_missing_switches_s_barrier_target'====== Args={'value': 5, 'prev_value': None, 'change': True}
2026-02-01 11:53:49,479 : INFO : EventManager : Event: ======'machine_var_audits_missing_switches_s_bumper_center'====== Args={'value': 2, 'prev_value': None, 'change': True}
2026-02-01 11:53:49,479 : INFO : EventManager : Event: ======'machine_var_audits_missing_switches_s_bumper_left'====== Args={'value': 2, 'prev_value': None, 'change': True}
2026-02-01 11:53:49,479 : INFO : EventManager : Event: ======'machine_var_audits_missing_switches_s_bumper_right'====== Args={'value': 2, 'prev_value': None, 'change': True}
2026-02-01 11:53:49,479 : INFO : EventManager : Event: ======'machine_var_audits_missing_switches_s_c_iceman_target'====== Args={'value': 36, 'prev_value': None, 'change': True}
2026-02-01 11:53:49,479 : INFO : EventManager : Event: ======'machine_var_audits_missing_switches_s_c_lock_target'====== Args={'value': 6, 'prev_value': None, 'change': True}
2026-02-01 11:53:49,479 : INFO : EventManager : Event: ======'machine_var_audits_missing_switches_s_coin_door'====== Args={'value': 31, 'prev_value': None, 'change': True}
2026-02-01 11:53:49,479 : INFO : EventManager : Event: ======'machine_var_audits_missing_switches_s_coin_door_credit_left'====== Args={'value': 654, 'prev_value': None, 'change': True}
2026-02-01 11:53:49,479 : INFO : EventManager : Event: ======'machine_var_audits_missing_switches_s_coin_door_credit_right'====== Args={'value': 46, 'prev_value': None, 'change': True}
2026-02-01 11:53:49,479 : INFO : EventManager : Event: ======'machine_var_audits_missing_switches_s_coin_door_service_1'====== Args={'value': 38, 'prev_value': None, 'change': True}
2026-02-01 11:53:49,479 : INFO : EventManager : Event: ======'machine_var_audits_missing_switches_s_e_iceman_target'====== Args={'value': 6, 'prev_value': None, 'change': True}
2026-02-01 11:53:49,479 : INFO : EventManager : Event: ======'machine_var_audits_missing_switches_s_flight_gear_target'====== Args={'value': 4, 'prev_value': None, 'change': True}
2026-02-01 11:53:49,479 : INFO : EventManager : Event: ======'machine_var_audits_missing_switches_s_flipper_left'====== Args={'value': 1, 'prev_value': None, 'change': True}
2026-02-01 11:53:49,479 : INFO : EventManager : Event: ======'machine_var_audits_missing_switches_s_flipper_left_eos'====== Args={'value': 1, 'prev_value': None, 'change': True}
2026-02-01 11:53:49,479 : INFO : EventManager : Event: ======'machine_var_audits_missing_switches_s_flipper_left_upper'====== Args={'value': 1, 'prev_value': None, 'change': True}
2026-02-01 11:53:49,479 : INFO : EventManager : Event: ======'machine_var_audits_missing_switches_s_flipper_left_upper_eos'====== Args={'value': 1, 'prev_value': None, 'change': True}
2026-02-01 11:53:49,479 : INFO : EventManager : Event: ======'machine_var_audits_missing_switches_s_flipper_right'====== Args={'value': 1, 'prev_value': None, 'change': True}
2026-02-01 11:53:49,479 : INFO : EventManager : Event: ======'machine_var_audits_missing_switches_s_flipper_right_eos'====== Args={'value': 1, 'prev_value': None, 'change': True}
2026-02-01 11:53:49,479 : INFO : EventManager : Event: ======'machine_var_audits_missing_switches_s_i_iceman_target'====== Args={'value': 9, 'prev_value': None, 'change': True}
2026-02-01 11:53:49,479 : INFO : EventManager : Event: ======'machine_var_audits_missing_switches_s_inlane_left'====== Args={'value': 1, 'prev_value': None, 'change': True}
2026-02-01 11:53:49,479 : INFO : EventManager : Event: ======'machine_var_audits_missing_switches_s_inner_inlane_right'====== Args={'value': 1, 'prev_value': None, 'change': True}
2026-02-01 11:53:49,479 : INFO : EventManager : Event: ======'machine_var_audits_missing_switches_s_jam'====== Args={'value': 1, 'prev_value': None, 'change': True}
2026-02-01 11:53:49,479 : INFO : EventManager : Event: ======'machine_var_audits_missing_switches_s_k_lock_target'====== Args={'value': 5, 'prev_value': None, 'change': True}
2026-02-01 11:53:49,479 : INFO : EventManager : Event: ======'machine_var_audits_missing_switches_s_l_lock_target'====== Args={'value': 7, 'prev_value': None, 'change': True}
2026-02-01 11:53:49,479 : INFO : EventManager : Event: ======'machine_var_audits_missing_switches_s_lane_left'====== Args={'value': 7, 'prev_value': None, 'change': True}
2026-02-01 11:53:49,479 : INFO : EventManager : Event: ======'machine_var_audits_missing_switches_s_lane_right'====== Args={'value': 5, 'prev_value': None, 'change': True}
2026-02-01 11:53:49,479 : INFO : EventManager : Event: ======'machine_var_audits_missing_switches_s_lock_goose'====== Args={'value': 809, 'prev_value': None, 'change': True}
2026-02-01 11:53:49,480 : INFO : EventManager : Event: ======'machine_var_audits_missing_switches_s_lock_mav'====== Args={'value': 809, 'prev_value': None, 'change': True}
2026-02-01 11:53:49,480 : INFO : EventManager : Event: ======'machine_var_audits_missing_switches_s_lock_plunger'====== Args={'value': 643, 'prev_value': None, 'change': True}
2026-02-01 11:53:49,480 : INFO : EventManager : Event: ======'machine_var_audits_missing_switches_s_m_iceman_target'====== Args={'value': 6, 'prev_value': None, 'change': True}
2026-02-01 11:53:49,480 : INFO : EventManager : Event: ======'machine_var_audits_missing_switches_s_mig_lane_left'====== Args={'value': 2, 'prev_value': None, 'change': True}
2026-02-01 11:53:49,480 : INFO : EventManager : Event: ======'machine_var_audits_missing_switches_s_mig_lane_right'====== Args={'value': 2, 'prev_value': None, 'change': True}
2026-02-01 11:53:49,480 : INFO : EventManager : Event: ======'machine_var_audits_missing_switches_s_mode_start'====== Args={'value': 25, 'prev_value': None, 'change': True}
2026-02-01 11:53:49,480 : INFO : EventManager : Event: ======'machine_var_audits_missing_switches_s_n_iceman_target'====== Args={'value': 22, 'prev_value': None, 'change': True}
2026-02-01 11:53:49,480 : INFO : EventManager : Event: ======'machine_var_audits_missing_switches_s_o_lock_target'====== Args={'value': 2, 'prev_value': None, 'change': True}
2026-02-01 11:53:49,480 : INFO : EventManager : Event: ======'machine_var_audits_missing_switches_s_orbit_left'====== Args={'value': 1, 'prev_value': None, 'change': True}
2026-02-01 11:53:49,480 : INFO : EventManager : Event: ======'machine_var_audits_missing_switches_s_orbit_lower'====== Args={'value': 22, 'prev_value': None, 'change': True}
2026-02-01 11:53:49,480 : INFO : EventManager : Event: ======'machine_var_audits_missing_switches_s_orbit_right'====== Args={'value': 1, 'prev_value': None, 'change': True}
2026-02-01 11:53:49,480 : INFO : EventManager : Event: ======'machine_var_audits_missing_switches_s_orbit_upper'====== Args={'value': 2, 'prev_value': None, 'change': True}
2026-02-01 11:53:49,480 : INFO : EventManager : Event: ======'machine_var_audits_missing_switches_s_outer_inlane_right'====== Args={'value': 1, 'prev_value': None, 'change': True}
2026-02-01 11:53:49,480 : INFO : EventManager : Event: ======'machine_var_audits_missing_switches_s_outlane_left'====== Args={'value': 1, 'prev_value': None, 'change': True}
2026-02-01 11:53:49,480 : INFO : EventManager : Event: ======'machine_var_audits_missing_switches_s_outlane_right'====== Args={'value': 1, 'prev_value': None, 'change': True}
2026-02-01 11:53:49,480 : INFO : EventManager : Event: ======'machine_var_audits_missing_switches_s_plunger_lane'====== Args={'value': 10, 'prev_value': None, 'change': True}
2026-02-01 11:53:49,480 : INFO : EventManager : Event: ======'machine_var_audits_missing_switches_s_ramp_inner_exit'====== Args={'value': 2, 'prev_value': None, 'change': True}
2026-02-01 11:53:49,480 : INFO : EventManager : Event: ======'machine_var_audits_missing_switches_s_ramp_left_exit'====== Args={'value': 1, 'prev_value': None, 'change': True}
2026-02-01 11:53:49,480 : INFO : EventManager : Event: ======'machine_var_audits_missing_switches_s_ramp_right_exit'====== Args={'value': 2, 'prev_value': None, 'change': True}
2026-02-01 11:53:49,480 : INFO : EventManager : Event: ======'machine_var_audits_missing_switches_s_ramp_tower_exit'====== Args={'value': 9, 'prev_value': None, 'change': True}
2026-02-01 11:53:49,480 : INFO : EventManager : Event: ======'machine_var_audits_missing_switches_s_shooter_lane'====== Args={'value': 1, 'prev_value': None, 'change': True}
2026-02-01 11:53:49,480 : INFO : EventManager : Event: ======'machine_var_audits_missing_switches_s_slingshot_left'====== Args={'value': 1, 'prev_value': None, 'change': True}
2026-02-01 11:53:49,480 : INFO : EventManager : Event: ======'machine_var_audits_missing_switches_s_slingshot_right'====== Args={'value': 1, 'prev_value': None, 'change': True}
2026-02-01 11:53:49,480 : INFO : EventManager : Event: ======'machine_var_audits_missing_switches_s_spinner'====== Args={'value': 2, 'prev_value': None, 'change': True}
2026-02-01 11:53:49,481 : INFO : EventManager : Event: ======'machine_var_audits_missing_switches_s_start'====== Args={'value': 2, 'prev_value': None, 'change': True}
2026-02-01 11:53:49,481 : INFO : EventManager : Event: ======'machine_var_audits_missing_switches_s_tilt'====== Args={'value': 38, 'prev_value': None, 'change': True}
2026-02-01 11:53:49,481 : INFO : EventManager : Event: ======'machine_var_audits_missing_switches_s_trough_1'====== Args={'value': 1, 'prev_value': None, 'change': True}
2026-02-01 11:53:49,481 : INFO : EventManager : Event: ======'machine_var_audits_missing_switches_s_trough_2'====== Args={'value': 1, 'prev_value': None, 'change': True}
2026-02-01 11:53:49,481 : INFO : EventManager : Event: ======'machine_var_audits_missing_switches_s_trough_3'====== Args={'value': 1, 'prev_value': None, 'change': True}
2026-02-01 11:53:49,481 : INFO : EventManager : Event: ======'machine_var_audits_missing_switches_s_trough_4'====== Args={'value': 1, 'prev_value': None, 'change': True}
2026-02-01 11:53:49,481 : INFO : EventManager : Event: ======'machine_var_audits_missing_switches_s_trough_5'====== Args={'value': 1, 'prev_value': None, 'change': True}
2026-02-01 11:53:49,481 : INFO : EventManager : Event: ======'machine_var_audits_missing_switches_s_trough_6'====== Args={'value': 1, 'prev_value': None, 'change': True}
2026-02-01 11:53:49,481 : INFO : EventManager : Event: ======'machine_var_audits_player_score'====== Args={'value': {'average': 1360429, 'top': [8367250, 2977800, 2783350, 2289500, 2231750, 2229000, 2197050, 1722550, 1711550, 1349850], 'total': 27}, 'prev_value': None, 'change': True}
2026-02-01 11:53:49,481 : INFO : EventManager : Event: ======'machine_var_audits_shots_bumper_center'====== Args={'value': 988, 'prev_value': None, 'change': True}
2026-02-01 11:53:49,481 : INFO : EventManager : Event: ======'machine_var_audits_shots_bumper_left'====== Args={'value': 837, 'prev_value': None, 'change': True}
2026-02-01 11:53:49,481 : INFO : EventManager : Event: ======'machine_var_audits_shots_bumper_right'====== Args={'value': 713, 'prev_value': None, 'change': True}
2026-02-01 11:53:49,481 : INFO : EventManager : Event: ======'machine_var_audits_shots_mach_ramp'====== Args={'value': 873, 'prev_value': None, 'change': True}
2026-02-01 11:53:49,481 : INFO : EventManager : Event: ======'machine_var_audits_shots_mig_lane_left'====== Args={'value': 217, 'prev_value': None, 'change': True}
2026-02-01 11:53:49,482 : INFO : EventManager : Event: ======'machine_var_audits_shots_mig_lane_right'====== Args={'value': 54, 'prev_value': None, 'change': True}
2026-02-01 11:53:49,482 : INFO : EventManager : Event: ======'machine_var_audits_shots_orbit_upper'====== Args={'value': 45, 'prev_value': None, 'change': True}
2026-02-01 11:53:49,482 : INFO : EventManager : Event: ======'machine_var_audits_shots_ramp_inner'====== Args={'value': 64, 'prev_value': None, 'change': True}
2026-02-01 11:53:49,482 : INFO : EventManager : Event: ======'machine_var_audits_shots_spinner'====== Args={'value': 67, 'prev_value': None, 'change': True}
2026-02-01 11:53:49,482 : INFO : EventManager : Event: ======'machine_var_audits_switches_s_48v_disable'====== Args={'value': 0, 'prev_value': None, 'change': True}
2026-02-01 11:53:49,482 : INFO : EventManager : Event: ======'machine_var_audits_switches_s_a_iceman_target'====== Args={'value': 270, 'prev_value': None, 'change': True}
2026-02-01 11:53:49,482 : INFO : EventManager : Event: ======'machine_var_audits_switches_s_barrier_target'====== Args={'value': 133, 'prev_value': None, 'change': True}
2026-02-01 11:53:49,482 : INFO : EventManager : Event: ======'machine_var_audits_switches_s_bumper_center'====== Args={'value': 1008, 'prev_value': None, 'change': True}
2026-02-01 11:53:49,482 : INFO : EventManager : Event: ======'machine_var_audits_switches_s_bumper_left'====== Args={'value': 868, 'prev_value': None, 'change': True}
2026-02-01 11:53:49,483 : INFO : EventManager : Event: ======'machine_var_audits_switches_s_bumper_right'====== Args={'value': 719, 'prev_value': None, 'change': True}
2026-02-01 11:53:49,483 : INFO : EventManager : Event: ======'machine_var_audits_switches_s_c_iceman_target'====== Args={'value': 235, 'prev_value': None, 'change': True}
2026-02-01 11:53:49,483 : INFO : EventManager : Event: ======'machine_var_audits_switches_s_c_lock_target'====== Args={'value': 109, 'prev_value': None, 'change': True}
2026-02-01 11:53:49,483 : INFO : EventManager : Event: ======'machine_var_audits_switches_s_coin_door'====== Args={'value': 7, 'prev_value': None, 'change': True}
2026-02-01 11:53:49,483 : INFO : EventManager : Event: ======'machine_var_audits_switches_s_coin_door_credit_left'====== Args={'value': 0, 'prev_value': None, 'change': True}
2026-02-01 11:53:49,483 : INFO : EventManager : Event: ======'machine_var_audits_switches_s_coin_door_credit_right'====== Args={'value': 1, 'prev_value': None, 'change': True}
2026-02-01 11:53:49,483 : INFO : EventManager : Event: ======'machine_var_audits_switches_s_coin_door_service_1'====== Args={'value': 6, 'prev_value': None, 'change': True}
2026-02-01 11:53:49,483 : INFO : EventManager : Event: ======'machine_var_audits_switches_s_coin_door_service_2'====== Args={'value': 20, 'prev_value': None, 'change': True}
2026-02-01 11:53:49,483 : INFO : EventManager : Event: ======'machine_var_audits_switches_s_coin_door_service_3'====== Args={'value': 39, 'prev_value': None, 'change': True}
2026-02-01 11:53:49,483 : INFO : EventManager : Event: ======'machine_var_audits_switches_s_coin_door_service_4'====== Args={'value': 27, 'prev_value': None, 'change': True}
2026-02-01 11:53:49,483 : INFO : EventManager : Event: ======'machine_var_audits_switches_s_e_iceman_target'====== Args={'value': 245, 'prev_value': None, 'change': True}
2026-02-01 11:53:49,483 : INFO : EventManager : Event: ======'machine_var_audits_switches_s_flight_gear_target'====== Args={'value': 772, 'prev_value': None, 'change': True}
2026-02-01 11:53:49,483 : INFO : EventManager : Event: ======'machine_var_audits_switches_s_flipper_left'====== Args={'value': 3453, 'prev_value': None, 'change': True}
2026-02-01 11:53:49,483 : INFO : EventManager : Event: ======'machine_var_audits_switches_s_flipper_left_eos'====== Args={'value': 2973, 'prev_value': None, 'change': True}
2026-02-01 11:53:49,483 : INFO : EventManager : Event: ======'machine_var_audits_switches_s_flipper_left_upper'====== Args={'value': 3074, 'prev_value': None, 'change': True}
2026-02-01 11:53:49,483 : INFO : EventManager : Event: ======'machine_var_audits_switches_s_flipper_left_upper_eos'====== Args={'value': 2969, 'prev_value': None, 'change': True}
2026-02-01 11:53:49,483 : INFO : EventManager : Event: ======'machine_var_audits_switches_s_flipper_right'====== Args={'value': 2765, 'prev_value': None, 'change': True}
2026-02-01 11:53:49,483 : INFO : EventManager : Event: ======'machine_var_audits_switches_s_flipper_right_eos'====== Args={'value': 2315, 'prev_value': None, 'change': True}
2026-02-01 11:53:49,483 : INFO : EventManager : Event: ======'machine_var_audits_switches_s_i_iceman_target'====== Args={'value': 226, 'prev_value': None, 'change': True}
2026-02-01 11:53:49,483 : INFO : EventManager : Event: ======'machine_var_audits_switches_s_inlane_left'====== Args={'value': 703, 'prev_value': None, 'change': True}
2026-02-01 11:53:49,483 : INFO : EventManager : Event: ======'machine_var_audits_switches_s_inner_inlane_right'====== Args={'value': 690, 'prev_value': None, 'change': True}
2026-02-01 11:53:49,483 : INFO : EventManager : Event: ======'machine_var_audits_switches_s_jam'====== Args={'value': 365, 'prev_value': None, 'change': True}
2026-02-01 11:53:49,484 : INFO : EventManager : Event: ======'machine_var_audits_switches_s_k_lock_target'====== Args={'value': 147, 'prev_value': None, 'change': True}
2026-02-01 11:53:49,484 : INFO : EventManager : Event: ======'machine_var_audits_switches_s_l_lock_target'====== Args={'value': 169, 'prev_value': None, 'change': True}
2026-02-01 11:53:49,484 : INFO : EventManager : Event: ======'machine_var_audits_switches_s_lane_left'====== Args={'value': 965, 'prev_value': None, 'change': True}
2026-02-01 11:53:49,484 : INFO : EventManager : Event: ======'machine_var_audits_switches_s_lane_right'====== Args={'value': 717, 'prev_value': None, 'change': True}
2026-02-01 11:53:49,484 : INFO : EventManager : Event: ======'machine_var_audits_switches_s_lock_goose'====== Args={'value': 0, 'prev_value': None, 'change': True}
2026-02-01 11:53:49,484 : INFO : EventManager : Event: ======'machine_var_audits_switches_s_lock_mav'====== Args={'value': 0, 'prev_value': None, 'change': True}
2026-02-01 11:53:49,484 : INFO : EventManager : Event: ======'machine_var_audits_switches_s_lock_plunger'====== Args={'value': 3, 'prev_value': None, 'change': True}
2026-02-01 11:53:49,484 : INFO : EventManager : Event: ======'machine_var_audits_switches_s_m_iceman_target'====== Args={'value': 250, 'prev_value': None, 'change': True}
2026-02-01 11:53:49,484 : INFO : EventManager : Event: ======'machine_var_audits_switches_s_mig_lane_left'====== Args={'value': 707, 'prev_value': None, 'change': True}
2026-02-01 11:53:49,484 : INFO : EventManager : Event: ======'machine_var_audits_switches_s_mig_lane_right'====== Args={'value': 348, 'prev_value': None, 'change': True}
2026-02-01 11:53:49,484 : INFO : EventManager : Event: ======'machine_var_audits_switches_s_mode_start'====== Args={'value': 457, 'prev_value': None, 'change': True}
2026-02-01 11:53:49,484 : INFO : EventManager : Event: ======'machine_var_audits_switches_s_n_iceman_target'====== Args={'value': 414, 'prev_value': None, 'change': True}
2026-02-01 11:53:49,484 : INFO : EventManager : Event: ======'machine_var_audits_switches_s_o_lock_target'====== Args={'value': 223, 'prev_value': None, 'change': True}
2026-02-01 11:53:49,484 : INFO : EventManager : Event: ======'machine_var_audits_switches_s_orbit_left'====== Args={'value': 1586, 'prev_value': None, 'change': True}
2026-02-01 11:53:49,484 : INFO : EventManager : Event: ======'machine_var_audits_switches_s_orbit_lower'====== Args={'value': 49, 'prev_value': None, 'change': True}
2026-02-01 11:53:49,484 : INFO : EventManager : Event: ======'machine_var_audits_switches_s_orbit_right'====== Args={'value': 843, 'prev_value': None, 'change': True}
2026-02-01 11:53:49,484 : INFO : EventManager : Event: ======'machine_var_audits_switches_s_orbit_upper'====== Args={'value': 312, 'prev_value': None, 'change': True}
2026-02-01 11:53:49,484 : INFO : EventManager : Event: ======'machine_var_audits_switches_s_outer_inlane_right'====== Args={'value': 734, 'prev_value': None, 'change': True}
2026-02-01 11:53:49,484 : INFO : EventManager : Event: ======'machine_var_audits_switches_s_outlane_left'====== Args={'value': 587, 'prev_value': None, 'change': True}
2026-02-01 11:53:49,484 : INFO : EventManager : Event: ======'machine_var_audits_switches_s_outlane_right'====== Args={'value': 586, 'prev_value': None, 'change': True}
2026-02-01 11:53:49,484 : INFO : EventManager : Event: ======'machine_var_audits_switches_s_plunger_lane'====== Args={'value': 46, 'prev_value': None, 'change': True}
2026-02-01 11:53:49,484 : INFO : EventManager : Event: ======'machine_var_audits_switches_s_ramp_inner_exit'====== Args={'value': 919, 'prev_value': None, 'change': True}
2026-02-01 11:53:49,484 : INFO : EventManager : Event: ======'machine_var_audits_switches_s_ramp_left_exit'====== Args={'value': 1084, 'prev_value': None, 'change': True}
2026-02-01 11:53:49,484 : INFO : EventManager : Event: ======'machine_var_audits_switches_s_ramp_right_exit'====== Args={'value': 245, 'prev_value': None, 'change': True}
2026-02-01 11:53:49,485 : INFO : EventManager : Event: ======'machine_var_audits_switches_s_ramp_tower_exit'====== Args={'value': 270, 'prev_value': None, 'change': True}
2026-02-01 11:53:49,485 : INFO : EventManager : Event: ======'machine_var_audits_switches_s_shooter_lane'====== Args={'value': 1052, 'prev_value': None, 'change': True}
2026-02-01 11:53:49,485 : INFO : EventManager : Event: ======'machine_var_audits_switches_s_slingshot_left'====== Args={'value': 459, 'prev_value': None, 'change': True}
2026-02-01 11:53:49,485 : INFO : EventManager : Event: ======'machine_var_audits_switches_s_slingshot_right'====== Args={'value': 309, 'prev_value': None, 'change': True}
2026-02-01 11:53:49,485 : INFO : EventManager : Event: ======'machine_var_audits_switches_s_spinner'====== Args={'value': 5690, 'prev_value': None, 'change': True}
2026-02-01 11:53:49,485 : INFO : EventManager : Event: ======'machine_var_audits_switches_s_start'====== Args={'value': 191, 'prev_value': None, 'change': True}
2026-02-01 11:53:49,485 : INFO : EventManager : Event: ======'machine_var_audits_switches_s_tilt'====== Args={'value': 233, 'prev_value': None, 'change': True}
2026-02-01 11:53:49,485 : INFO : EventManager : Event: ======'machine_var_audits_switches_s_trough_1'====== Args={'value': 366, 'prev_value': None, 'change': True}
2026-02-01 11:53:49,485 : INFO : EventManager : Event: ======'machine_var_audits_switches_s_trough_2'====== Args={'value': 353, 'prev_value': None, 'change': True}
2026-02-01 11:53:49,485 : INFO : EventManager : Event: ======'machine_var_audits_switches_s_trough_3'====== Args={'value': 352, 'prev_value': None, 'change': True}
2026-02-01 11:53:49,485 : INFO : EventManager : Event: ======'machine_var_audits_switches_s_trough_4'====== Args={'value': 356, 'prev_value': None, 'change': True}
2026-02-01 11:53:49,485 : INFO : EventManager : Event: ======'machine_var_audits_switches_s_trough_5'====== Args={'value': 368, 'prev_value': None, 'change': True}
2026-02-01 11:53:49,485 : INFO : EventManager : Event: ======'machine_var_audits_switches_s_trough_6'====== Args={'value': 649, 'prev_value': None, 'change': True}
2026-02-01 11:53:49,486 : INFO : EventManager : Event: ======'init_phase_5'====== Args={}
2026-02-01 11:53:49,487 : INFO : EventManager : Event: ======'init_done'====== Args={}
2026-02-01 11:53:49,487 : INFO : coil.c_coin_door_led : Enabling Driver with power 1.0 (pulse_ms 10ms and pulse_power 1.0)
2026-02-01 11:53:49,488 : INFO : EventManager : Event: ======'machine_reset_phase_1'====== Args={}
2026-02-01 11:53:49,499 : INFO : EventManager : Event: ======'machine_reset_phase_2'====== Args={}
2026-02-01 11:53:49,500 : INFO : EventManager : Event: ======'machine_reset_phase_3'====== Args={}
2026-02-01 11:53:49,500 : INFO : EventManager : Event: ======'mode_attract_will_start'====== Args={'queue': <QueuedEvent>}
2026-02-01 11:53:49,501 : INFO : Timer.attract_carousel_timer : Starting Timer.
2026-02-01 11:53:49,501 : INFO : EventManager : Event: ======'timer_attract_carousel_timer_started'====== Args={'ticks': 0, 'ticks_remaining': 1}
2026-02-01 11:53:49,501 : INFO : EventManager : Event: ======'timer_attract_carousel_timer_tick'====== Args={'ticks': 0, 'ticks_remaining': 1}
2026-02-01 11:53:49,502 : INFO : EventManager : Event: ======'mode_attract_starting'====== Args={'queue': <QueuedEvent>}
2026-02-01 11:53:49,502 : INFO : Mode.attract : Started. Priority: 10
2026-02-01 11:53:49,502 : INFO : EventManager : Event: ======'modes_active_modes_changed'====== Args={}
2026-02-01 11:53:49,502 : INFO : EventManager : Event: ======'mode_attract_started'====== Args={'queue': <QueuedEvent>}
2026-02-01 11:53:49,503 : INFO : EventManager : Event: ======'attract_cycle_step1'====== Args={'priority': 0}
2026-02-01 11:53:49,503 : INFO : EventManager : Event: ======'right_ramp_down'====== Args={'priority': 0}
2026-02-01 11:53:49,503 : INFO : EventManager : Event: ======'top_ramp_down'====== Args={'priority': 0}
2026-02-01 11:53:49,503 : INFO : EventManager : Event: ======'lock_released'====== Args={'priority': 0}
2026-02-01 11:53:49,503 : INFO : coil.c_start_button_led : Enabling Driver with power 1.0 (pulse_ms 10ms and pulse_power 1.0)
2026-02-01 11:53:49,504 : INFO : EventManager : Event: ======'collecting_balls_complete'====== Args={}
2026-02-01 11:53:49,505 : INFO : EventManager : Event: ======'carousel_item_highlighted'====== Args={'carousel': 'attract', 'direction': None, 'item': 'title'}
2026-02-01 11:53:49,505 : INFO : EventManager : Event: ======'timer_attract_carousel_timer_tick'====== Args={'ticks': 0, 'ticks_remaining': 1}
2026-02-01 11:53:49,505 : INFO : EventManager : Event: ======'reset_complete'====== Args={}
2026-02-01 11:53:49,509 : INFO : Machine : Starting the main run loop with active modes: [<Mode.attract>]
2026-02-01 11:53:49,593 : INFO : EventManager : Event: ======'slide_attract_created'====== Args={'_from_bcp': True}
2026-02-01 11:53:49,593 : INFO : EventManager : Event: ======'slide__removed'====== Args={'_from_bcp': True}
2026-02-01 11:53:49,594 : INFO : EventManager : Event: ======'slide_attract_active'====== Args={'original_context': 'attract', 'original_calling_context': 'mode_attract_started', 'priority': 10.0, 'queue': '<QueuedEvent>', 'cmd': 'slides_play', '_from_bcp': True}
2026-02-01 11:53:50,499 : INFO : coil.c_start_button_led : Disabling Driver
2026-02-01 11:53:51,486 : INFO : coil.c_start_button_led : Enabling Driver with power 1.0 (pulse_ms 10ms and pulse_power 1.0)
2026-02-01 11:53:52,486 : INFO : coil.c_start_button_led : Disabling Driver
2026-02-01 11:53:53,488 : INFO : coil.c_start_button_led : Enabling Driver with power 1.0 (pulse_ms 10ms and pulse_power 1.0)
2026-02-01 11:53:54,439 : INFO : SwitchController : <<<<<<< 's_coin_door_service_4' active >>>>>>>
2026-02-01 11:53:54,440 : INFO : EventManager : Event: ======'s_coin_door_service_4_active'====== Args={}
2026-02-01 11:53:54,441 : INFO : EventManager : Event: ======'service_mode_request'====== Args={'priority': 0}
2026-02-01 11:53:54,441 : INFO : EventManager : Event: ======'mode_top_gun_service_will_start'====== Args={'priority': 0}
2026-02-01 11:53:54,530 : INFO : EventManager : Event: ======'mode_top_gun_service_starting'====== Args={'priority': 0}
2026-02-01 11:53:54,530 : INFO : Mode.top_gun_service : Started. Priority: 900
2026-02-01 11:53:54,530 : INFO : EventManager : Event: ======'modes_active_modes_changed'====== Args={}
2026-02-01 11:53:54,530 : INFO : EventManager : Event: ======'mode_top_gun_service_started'====== Args={'priority': 0}
2026-02-01 11:53:54,530 : INFO : EventManager : Event: ======'service_enter_main_menu'====== Args={'priority': 0}
2026-02-01 11:53:54,530 : INFO : EventManager : Event: ======'service_mode_entered'====== Args={'priority': 0}
2026-02-01 11:53:54,530 : INFO : EventManager : Event: ======'mode_attract_will_stop'====== Args={}
2026-02-01 11:53:54,531 : INFO : EventManager : Event: ======'mode_attract_stopping'====== Args={}
2026-02-01 11:53:54,531 : INFO : EventManager : Event: ======'service_update_main_menu_text'====== Args={'priority': 0}
2026-02-01 11:53:54,531 : INFO : EventManager : Event: ======'service_main_menu_update'====== Args={'priority': 0}
2026-02-01 11:53:54,531 : INFO : EventManager : Event: ======'set_main_menu_switch_test'====== Args={'priority': 0}
2026-02-01 11:53:54,533 : INFO : coil.c_start_button_led : Disabling Driver
2026-02-01 11:53:54,533 : INFO : coil.c_start_button_led : Disabling Driver
2026-02-01 11:53:54,533 : INFO : Mode.attract : Stopped.
2026-02-01 11:53:54,533 : INFO : EventManager : Event: ======'modes_active_modes_changed'====== Args={}
2026-02-01 11:53:54,533 : INFO : EventManager : Event: ======'mode_attract_stopped'====== Args={}
2026-02-01 11:53:54,533 : INFO : EventManager : Event: ======'clear'====== Args={'key': 'attract'}
2026-02-01 11:53:54,534 : INFO : Timer.attract_carousel_timer : Stopping Timer
2026-02-01 11:53:54,534 : INFO : EventManager : Event: ======'timer_attract_carousel_timer_stopped'====== Args={'ticks': 0, 'ticks_remaining': 1}
2026-02-01 11:53:54,566 : INFO : EventManager : Event: ======'slide_service_menu_created'====== Args={'_from_bcp': True}
2026-02-01 11:53:54,567 : INFO : EventManager : Event: ======'slide_attract_inactive'====== Args={'is_removing': False, '_from_bcp': True}
2026-02-01 11:53:54,567 : INFO : EventManager : Event: ======'slide_service_menu_active'====== Args={'original_context': 'top_gun_service', 'original_calling_context': 'service_main_menu_update', 'priority': 900.0, 'cmd': 'slides_play', '_from_bcp': True}
2026-02-01 11:53:54,568 : INFO : EventManager : Event: ======'slide_attract_removed'====== Args={'_from_bcp': True}
2026-02-01 11:53:54,612 : INFO : SwitchController : <<<<<<< 's_coin_door_service_4' inactive >>>>>>>
2026-02-01 11:53:54,612 : INFO : EventManager : Event: ======'s_coin_door_service_4_inactive'====== Args={}
2026-02-01 11:53:55,903 : INFO : SwitchController : <<<<<<< 's_coin_door_service_3' active >>>>>>>
2026-02-01 11:53:55,903 : INFO : EventManager : Event: ======'s_coin_door_service_3_active'====== Args={}
2026-02-01 11:53:55,904 : INFO : EventManager : Event: ======'service_main_menu_prev'====== Args={'priority': 0}
2026-02-01 11:53:55,904 : INFO : EventManager : Event: ======'service_update_main_menu_text'====== Args={'priority': 0}
2026-02-01 11:53:55,904 : INFO : EventManager : Event: ======'machine_var_service_main_index'====== Args={'value': 7, 'prev_value': 0, 'change': 7}
2026-02-01 11:53:55,904 : INFO : EventManager : Event: ======'set_main_menu_exit'====== Args={'priority': 0}
2026-02-01 11:53:55,904 : INFO : EventManager : Event: ======'machine_var_service_main_text'====== Args={'value': 'EXIT', 'prev_value': 'SWITCH TEST', 'change': True}
2026-02-01 11:53:56,046 : INFO : SwitchController : <<<<<<< 's_coin_door_service_3' inactive >>>>>>>
2026-02-01 11:53:56,046 : INFO : EventManager : Event: ======'s_coin_door_service_3_inactive'====== Args={}
2026-02-01 11:53:56,251 : INFO : SwitchController : <<<<<<< 's_coin_door_service_3' active >>>>>>>
2026-02-01 11:53:56,251 : INFO : EventManager : Event: ======'s_coin_door_service_3_active'====== Args={}
2026-02-01 11:53:56,252 : INFO : EventManager : Event: ======'service_main_menu_prev'====== Args={'priority': 0}
2026-02-01 11:53:56,252 : INFO : EventManager : Event: ======'service_update_main_menu_text'====== Args={'priority': 0}
2026-02-01 11:53:56,252 : INFO : EventManager : Event: ======'machine_var_service_main_index'====== Args={'value': 6, 'prev_value': 7, 'change': -1}
2026-02-01 11:53:56,252 : INFO : EventManager : Event: ======'set_main_menu_feature_adj'====== Args={'priority': 0}
2026-02-01 11:53:56,252 : INFO : EventManager : Event: ======'machine_var_service_main_text'====== Args={'value': 'FEATURE ADJUST', 'prev_value': 'EXIT', 'change': True}
2026-02-01 11:53:56,393 : INFO : SwitchController : <<<<<<< 's_coin_door_service_3' inactive >>>>>>>
2026-02-01 11:53:56,393 : INFO : EventManager : Event: ======'s_coin_door_service_3_inactive'====== Args={}
2026-02-01 11:53:57,037 : INFO : SwitchController : <<<<<<< 's_coin_door_service_2' active >>>>>>>
2026-02-01 11:53:57,037 : INFO : EventManager : Event: ======'s_coin_door_service_2_active'====== Args={}
2026-02-01 11:53:57,038 : INFO : EventManager : Event: ======'service_main_menu_next'====== Args={'priority': 0}
2026-02-01 11:53:57,038 : INFO : EventManager : Event: ======'service_update_main_menu_text'====== Args={'priority': 0}
2026-02-01 11:53:57,038 : INFO : EventManager : Event: ======'machine_var_service_main_index'====== Args={'value': 7, 'prev_value': 6, 'change': 1}
2026-02-01 11:53:57,038 : INFO : EventManager : Event: ======'set_main_menu_exit'====== Args={'priority': 0}
2026-02-01 11:53:57,039 : INFO : EventManager : Event: ======'machine_var_service_main_text'====== Args={'value': 'EXIT', 'prev_value': 'FEATURE ADJUST', 'change': True}
2026-02-01 11:53:57,116 : INFO : SwitchController : <<<<<<< 's_coin_door_service_2' inactive >>>>>>>
2026-02-01 11:53:57,116 : INFO : EventManager : Event: ======'s_coin_door_service_2_inactive'====== Args={}
2026-02-01 11:53:57,226 : INFO : SwitchController : <<<<<<< 's_coin_door_service_2' active >>>>>>>
2026-02-01 11:53:57,226 : INFO : EventManager : Event: ======'s_coin_door_service_2_active'====== Args={}
2026-02-01 11:53:57,227 : INFO : EventManager : Event: ======'service_main_menu_next'====== Args={'priority': 0}
2026-02-01 11:53:57,227 : INFO : EventManager : Event: ======'service_update_main_menu_text'====== Args={'priority': 0}
2026-02-01 11:53:57,227 : INFO : EventManager : Event: ======'machine_var_service_main_index'====== Args={'value': 0, 'prev_value': 7, 'change': -7}
2026-02-01 11:53:57,227 : INFO : EventManager : Event: ======'set_main_menu_switch_test'====== Args={'priority': 0}
2026-02-01 11:53:57,227 : INFO : EventManager : Event: ======'machine_var_service_main_text'====== Args={'value': 'SWITCH TEST', 'prev_value': 'EXIT', 'change': True}
2026-02-01 11:53:57,335 : INFO : SwitchController : <<<<<<< 's_coin_door_service_2' inactive >>>>>>>
2026-02-01 11:53:57,335 : INFO : EventManager : Event: ======'s_coin_door_service_2_inactive'====== Args={}
2026-02-01 11:53:57,459 : INFO : SwitchController : <<<<<<< 's_coin_door_service_2' active >>>>>>>
2026-02-01 11:53:57,459 : INFO : EventManager : Event: ======'s_coin_door_service_2_active'====== Args={}
2026-02-01 11:53:57,459 : INFO : EventManager : Event: ======'service_main_menu_next'====== Args={'priority': 0}
2026-02-01 11:53:57,461 : INFO : EventManager : Event: ======'service_update_main_menu_text'====== Args={'priority': 0}
2026-02-01 11:53:57,461 : INFO : EventManager : Event: ======'machine_var_service_main_index'====== Args={'value': 1, 'prev_value': 0, 'change': 1}
2026-02-01 11:53:57,461 : INFO : EventManager : Event: ======'set_main_menu_coil_test'====== Args={'priority': 0}
2026-02-01 11:53:57,461 : INFO : EventManager : Event: ======'machine_var_service_main_text'====== Args={'value': 'COIL TEST', 'prev_value': 'SWITCH TEST', 'change': True}
2026-02-01 11:53:57,554 : INFO : SwitchController : <<<<<<< 's_coin_door_service_2' inactive >>>>>>>
2026-02-01 11:53:57,554 : INFO : EventManager : Event: ======'s_coin_door_service_2_inactive'====== Args={}
2026-02-01 11:53:57,772 : INFO : SwitchController : <<<<<<< 's_coin_door_service_2' active >>>>>>>
2026-02-01 11:53:57,772 : INFO : EventManager : Event: ======'s_coin_door_service_2_active'====== Args={}
2026-02-01 11:53:57,773 : INFO : EventManager : Event: ======'service_main_menu_next'====== Args={'priority': 0}
2026-02-01 11:53:57,773 : INFO : EventManager : Event: ======'service_update_main_menu_text'====== Args={'priority': 0}
2026-02-01 11:53:57,773 : INFO : EventManager : Event: ======'machine_var_service_main_index'====== Args={'value': 2, 'prev_value': 1, 'change': 1}
2026-02-01 11:53:57,774 : INFO : EventManager : Event: ======'set_main_menu_light_test'====== Args={'priority': 0}
2026-02-01 11:53:57,774 : INFO : EventManager : Event: ======'machine_var_service_main_text'====== Args={'value': 'LIGHT TEST', 'prev_value': 'COIL TEST', 'change': True}
2026-02-01 11:53:57,897 : INFO : SwitchController : <<<<<<< 's_coin_door_service_2' inactive >>>>>>>
2026-02-01 11:53:57,897 : INFO : EventManager : Event: ======'s_coin_door_service_2_inactive'====== Args={}
2026-02-01 11:53:58,243 : INFO : SwitchController : <<<<<<< 's_coin_door_service_3' active >>>>>>>
2026-02-01 11:53:58,243 : INFO : EventManager : Event: ======'s_coin_door_service_3_active'====== Args={}
2026-02-01 11:53:58,244 : INFO : EventManager : Event: ======'service_main_menu_prev'====== Args={'priority': 0}
2026-02-01 11:53:58,244 : INFO : EventManager : Event: ======'service_update_main_menu_text'====== Args={'priority': 0}
2026-02-01 11:53:58,244 : INFO : EventManager : Event: ======'machine_var_service_main_index'====== Args={'value': 1, 'prev_value': 2, 'change': -1}
2026-02-01 11:53:58,244 : INFO : EventManager : Event: ======'set_main_menu_coil_test'====== Args={'priority': 0}
2026-02-01 11:53:58,244 : INFO : EventManager : Event: ======'machine_var_service_main_text'====== Args={'value': 'COIL TEST', 'prev_value': 'LIGHT TEST', 'change': True}
2026-02-01 11:53:58,385 : INFO : SwitchController : <<<<<<< 's_coin_door_service_3' inactive >>>>>>>
2026-02-01 11:53:58,385 : INFO : EventManager : Event: ======'s_coin_door_service_3_inactive'====== Args={}
2026-02-01 11:53:58,761 : INFO : SwitchController : <<<<<<< 's_coin_door_service_2' active >>>>>>>
2026-02-01 11:53:58,761 : INFO : EventManager : Event: ======'s_coin_door_service_2_active'====== Args={}
2026-02-01 11:53:58,761 : INFO : EventManager : Event: ======'service_main_menu_next'====== Args={'priority': 0}
2026-02-01 11:53:58,762 : INFO : EventManager : Event: ======'service_update_main_menu_text'====== Args={'priority': 0}
2026-02-01 11:53:58,762 : INFO : EventManager : Event: ======'machine_var_service_main_index'====== Args={'value': 2, 'prev_value': 1, 'change': 1}
2026-02-01 11:53:58,762 : INFO : EventManager : Event: ======'set_main_menu_light_test'====== Args={'priority': 0}
2026-02-01 11:53:58,762 : INFO : EventManager : Event: ======'machine_var_service_main_text'====== Args={'value': 'LIGHT TEST', 'prev_value': 'COIL TEST', 'change': True}
2026-02-01 11:53:58,886 : INFO : SwitchController : <<<<<<< 's_coin_door_service_2' inactive >>>>>>>
2026-02-01 11:53:58,886 : INFO : EventManager : Event: ======'s_coin_door_service_2_inactive'====== Args={}
2026-02-01 11:53:59,198 : INFO : SwitchController : <<<<<<< 's_coin_door_service_2' active >>>>>>>
2026-02-01 11:53:59,198 : INFO : EventManager : Event: ======'s_coin_door_service_2_active'====== Args={}
2026-02-01 11:53:59,199 : INFO : EventManager : Event: ======'service_main_menu_next'====== Args={'priority': 0}
2026-02-01 11:53:59,199 : INFO : EventManager : Event: ======'service_update_main_menu_text'====== Args={'priority': 0}
2026-02-01 11:53:59,199 : INFO : EventManager : Event: ======'machine_var_service_main_index'====== Args={'value': 3, 'prev_value': 2, 'change': 1}
2026-02-01 11:53:59,199 : INFO : EventManager : Event: ======'set_main_menu_servo_adjust'====== Args={'priority': 0}
2026-02-01 11:53:59,199 : INFO : EventManager : Event: ======'machine_var_service_main_text'====== Args={'value': 'SERVO ADJUST', 'prev_value': 'LIGHT TEST', 'change': True}
2026-02-01 11:53:59,341 : INFO : SwitchController : <<<<<<< 's_coin_door_service_2' inactive >>>>>>>
2026-02-01 11:53:59,341 : INFO : EventManager : Event: ======'s_coin_door_service_2_inactive'====== Args={}
2026-02-01 11:54:00,160 : INFO : SwitchController : <<<<<<< 's_coin_door_service_4' active >>>>>>>
2026-02-01 11:54:00,160 : INFO : EventManager : Event: ======'s_coin_door_service_4_active'====== Args={}
2026-02-01 11:54:00,160 : INFO : EventManager : Event: ======'service_main_menu_select'====== Args={'priority': 0}
2026-02-01 11:54:00,161 : INFO : EventManager : Event: ======'service_enter_servo_adjust'====== Args={'priority': 0}
2026-02-01 11:54:00,161 : INFO : EventManager : Event: ======'service_update_servo_text'====== Args={'priority': 0}
2026-02-01 11:54:00,161 : INFO : EventManager : Event: ======'service_servo_adjust_update'====== Args={'priority': 0}
2026-02-01 11:54:00,161 : INFO : EventManager : Event: ======'machine_var_service_menu_level'====== Args={'value': 7, 'prev_value': 0, 'change': 7}
2026-02-01 11:54:00,161 : INFO : EventManager : Event: ======'machine_var_service_servo_edit_mode'====== Args={'value': 0, 'prev_value': None, 'change': True}
2026-02-01 11:54:00,161 : INFO : EventManager : Event: ======'set_servo_0'====== Args={'priority': 0}
2026-02-01 11:54:00,161 : INFO : EventManager : Event: ======'machine_var_service_servo_name'====== Args={'value': 'Right Ramp DOWN', 'prev_value': 'Right Ramp', 'change': True}
2026-02-01 11:54:00,161 : INFO : EventManager : Event: ======'machine_var_service_servo_position'====== Args={'value': 'Pos: 0.06 - START=Test', 'prev_value': 'Pos: 0.05', 'change': True}
2026-02-01 11:54:00,175 : INFO : EventManager : Event: ======'slide_service_servo_adjust_created'====== Args={'_from_bcp': True}
2026-02-01 11:54:00,175 : INFO : EventManager : Event: ======'slide_service_menu_inactive'====== Args={'is_removing': True, '_from_bcp': True}
2026-02-01 11:54:00,175 : INFO : EventManager : Event: ======'slide_service_servo_adjust_active'====== Args={'_from_bcp': True}
2026-02-01 11:54:00,175 : INFO : EventManager : Event: ======'slide_service_menu_removed'====== Args={'_from_bcp': True}
2026-02-01 11:54:00,317 : INFO : SwitchController : <<<<<<< 's_coin_door_service_4' inactive >>>>>>>
2026-02-01 11:54:00,317 : INFO : EventManager : Event: ======'s_coin_door_service_4_inactive'====== Args={}
2026-02-01 11:54:01,989 : INFO : SwitchController : <<<<<<< 's_coin_door_service_2' active >>>>>>>
2026-02-01 11:54:01,989 : INFO : EventManager : Event: ======'s_coin_door_service_2_active'====== Args={}
2026-02-01 11:54:01,990 : INFO : EventManager : Event: ======'service_servo_next'====== Args={'priority': 0}
2026-02-01 11:54:01,990 : INFO : EventManager : Event: ======'service_update_servo_text'====== Args={'priority': 0}
2026-02-01 11:54:01,990 : INFO : EventManager : Event: ======'machine_var_service_servo_index'====== Args={'value': 1, 'prev_value': 0, 'change': 1}
2026-02-01 11:54:01,990 : INFO : EventManager : Event: ======'set_servo_1'====== Args={'priority': 0}
2026-02-01 11:54:01,990 : INFO : EventManager : Event: ======'machine_var_service_servo_name'====== Args={'value': 'Right Ramp UP', 'prev_value': 'Right Ramp DOWN', 'change': True}
2026-02-01 11:54:01,990 : INFO : EventManager : Event: ======'machine_var_service_servo_num'====== Args={'value': 'Servo 2/6', 'prev_value': 'Servo 1/6', 'change': True}
2026-02-01 11:54:01,990 : INFO : EventManager : Event: ======'machine_var_service_servo_position'====== Args={'value': 'Pos: 0.65 - START=Test', 'prev_value': 'Pos: 0.06 - START=Test', 'change': True}
2026-02-01 11:54:02,161 : INFO : SwitchController : <<<<<<< 's_coin_door_service_2' inactive >>>>>>>
2026-02-01 11:54:02,161 : INFO : EventManager : Event: ======'s_coin_door_service_2_inactive'====== Args={}
2026-02-01 11:54:03,829 : INFO : SwitchController : <<<<<<< 's_start' active >>>>>>>
2026-02-01 11:54:03,829 : INFO : EventManager : Event: ======'s_start_active'====== Args={}
2026-02-01 11:54:03,829 : INFO : EventManager : Event: ======'service_servo_test_move'====== Args={'priority': 0}
2026-02-01 11:54:03,830 : INFO : EventManager : Event: ======'right_ramp_up'====== Args={'priority': 0}
2026-02-01 11:54:03,957 : INFO : SwitchController : <<<<<<< 's_start' inactive >>>>>>>
2026-02-01 11:54:03,957 : INFO : EventManager : Event: ======'s_start_inactive'====== Args={}
2026-02-01 11:54:07,095 : INFO : SwitchController : <<<<<<< 's_start' active >>>>>>>
2026-02-01 11:54:07,095 : INFO : EventManager : Event: ======'s_start_active'====== Args={}
2026-02-01 11:54:07,096 : INFO : EventManager : Event: ======'service_servo_test_move'====== Args={'priority': 0}
2026-02-01 11:54:07,096 : INFO : EventManager : Event: ======'right_ramp_up'====== Args={'priority': 0}
2026-02-01 11:54:07,237 : INFO : SwitchController : <<<<<<< 's_start' inactive >>>>>>>
2026-02-01 11:54:07,237 : INFO : EventManager : Event: ======'s_start_inactive'====== Args={}
2026-02-01 11:54:09,174 : INFO : SwitchController : <<<<<<< 's_coin_door_service_3' active >>>>>>>
2026-02-01 11:54:09,174 : INFO : EventManager : Event: ======'s_coin_door_service_3_active'====== Args={}
2026-02-01 11:54:09,175 : INFO : EventManager : Event: ======'service_servo_prev'====== Args={'priority': 0}
2026-02-01 11:54:09,175 : INFO : EventManager : Event: ======'service_update_servo_text'====== Args={'priority': 0}
2026-02-01 11:54:09,177 : INFO : EventManager : Event: ======'machine_var_service_servo_index'====== Args={'value': 0, 'prev_value': 1, 'change': -1}
2026-02-01 11:54:09,177 : INFO : EventManager : Event: ======'set_servo_0'====== Args={'priority': 0}
2026-02-01 11:54:09,177 : INFO : EventManager : Event: ======'machine_var_service_servo_name'====== Args={'value': 'Right Ramp DOWN', 'prev_value': 'Right Ramp UP', 'change': True}
2026-02-01 11:54:09,177 : INFO : EventManager : Event: ======'machine_var_service_servo_num'====== Args={'value': 'Servo 1/6', 'prev_value': 'Servo 2/6', 'change': True}
2026-02-01 11:54:09,177 : INFO : EventManager : Event: ======'machine_var_service_servo_position'====== Args={'value': 'Pos: 0.06 - START=Test', 'prev_value': 'Pos: 0.65 - START=Test', 'change': True}
2026-02-01 11:54:09,316 : INFO : SwitchController : <<<<<<< 's_coin_door_service_3' inactive >>>>>>>
2026-02-01 11:54:09,316 : INFO : EventManager : Event: ======'s_coin_door_service_3_inactive'====== Args={}
2026-02-01 11:54:11,225 : INFO : SwitchController : <<<<<<< 's_start' active >>>>>>>
2026-02-01 11:54:11,225 : INFO : EventManager : Event: ======'s_start_active'====== Args={}
2026-02-01 11:54:11,226 : INFO : EventManager : Event: ======'service_servo_test_move'====== Args={'priority': 0}
2026-02-01 11:54:11,226 : INFO : EventManager : Event: ======'right_ramp_down'====== Args={'priority': 0}
2026-02-01 11:54:11,336 : INFO : SwitchController : <<<<<<< 's_start' inactive >>>>>>>
2026-02-01 11:54:11,336 : INFO : EventManager : Event: ======'s_start_inactive'====== Args={}
2026-02-01 11:54:12,590 : INFO : SwitchController : <<<<<<< 's_coin_door_service_2' active >>>>>>>
2026-02-01 11:54:12,590 : INFO : EventManager : Event: ======'s_coin_door_service_2_active'====== Args={}
2026-02-01 11:54:12,591 : INFO : EventManager : Event: ======'service_servo_next'====== Args={'priority': 0}
2026-02-01 11:54:12,591 : INFO : EventManager : Event: ======'service_update_servo_text'====== Args={'priority': 0}
2026-02-01 11:54:12,592 : INFO : EventManager : Event: ======'machine_var_service_servo_index'====== Args={'value': 1, 'prev_value': 0, 'change': 1}
2026-02-01 11:54:12,592 : INFO : EventManager : Event: ======'set_servo_1'====== Args={'priority': 0}
2026-02-01 11:54:12,592 : INFO : EventManager : Event: ======'machine_var_service_servo_name'====== Args={'value': 'Right Ramp UP', 'prev_value': 'Right Ramp DOWN', 'change': True}
2026-02-01 11:54:12,592 : INFO : EventManager : Event: ======'machine_var_service_servo_num'====== Args={'value': 'Servo 2/6', 'prev_value': 'Servo 1/6', 'change': True}
2026-02-01 11:54:12,592 : INFO : EventManager : Event: ======'machine_var_service_servo_position'====== Args={'value': 'Pos: 0.65 - START=Test', 'prev_value': 'Pos: 0.06 - START=Test', 'change': True}
2026-02-01 11:54:12,763 : INFO : SwitchController : <<<<<<< 's_coin_door_service_2' inactive >>>>>>>
2026-02-01 11:54:12,763 : INFO : EventManager : Event: ======'s_coin_door_service_2_inactive'====== Args={}
2026-02-01 11:54:14,455 : INFO : SwitchController : <<<<<<< 's_coin_door_service_2' active >>>>>>>
2026-02-01 11:54:14,455 : INFO : EventManager : Event: ======'s_coin_door_service_2_active'====== Args={}
2026-02-01 11:54:14,456 : INFO : EventManager : Event: ======'service_servo_next'====== Args={'priority': 0}
2026-02-01 11:54:14,456 : INFO : EventManager : Event: ======'service_update_servo_text'====== Args={'priority': 0}
2026-02-01 11:54:14,456 : INFO : EventManager : Event: ======'machine_var_service_servo_index'====== Args={'value': 2, 'prev_value': 1, 'change': 1}
2026-02-01 11:54:14,457 : INFO : EventManager : Event: ======'set_servo_2'====== Args={'priority': 0}
2026-02-01 11:54:14,457 : INFO : EventManager : Event: ======'machine_var_service_servo_name'====== Args={'value': 'Top Ramp DOWN', 'prev_value': 'Right Ramp UP', 'change': True}
2026-02-01 11:54:14,457 : INFO : EventManager : Event: ======'machine_var_service_servo_num'====== Args={'value': 'Servo 3/6', 'prev_value': 'Servo 2/6', 'change': True}
2026-02-01 11:54:14,457 : INFO : EventManager : Event: ======'machine_var_service_servo_position'====== Args={'value': 'Pos: 0.6 - START=Test', 'prev_value': 'Pos: 0.65 - START=Test', 'change': True}
2026-02-01 11:54:14,659 : INFO : SwitchController : <<<<<<< 's_coin_door_service_2' inactive >>>>>>>
2026-02-01 11:54:14,659 : INFO : EventManager : Event: ======'s_coin_door_service_2_inactive'====== Args={}
2026-02-01 11:54:17,086 : INFO : SwitchController : <<<<<<< 's_coin_door_service_2' active >>>>>>>
2026-02-01 11:54:17,086 : INFO : EventManager : Event: ======'s_coin_door_service_2_active'====== Args={}
2026-02-01 11:54:17,087 : INFO : EventManager : Event: ======'service_servo_next'====== Args={'priority': 0}
2026-02-01 11:54:17,088 : INFO : EventManager : Event: ======'service_update_servo_text'====== Args={'priority': 0}
2026-02-01 11:54:17,088 : INFO : EventManager : Event: ======'machine_var_service_servo_index'====== Args={'value': 3, 'prev_value': 2, 'change': 1}
2026-02-01 11:54:17,088 : INFO : EventManager : Event: ======'set_servo_3'====== Args={'priority': 0}
2026-02-01 11:54:17,088 : INFO : EventManager : Event: ======'machine_var_service_servo_name'====== Args={'value': 'Top Ramp UP', 'prev_value': 'Top Ramp DOWN', 'change': True}
2026-02-01 11:54:17,088 : INFO : EventManager : Event: ======'machine_var_service_servo_num'====== Args={'value': 'Servo 4/6', 'prev_value': 'Servo 3/6', 'change': True}
2026-02-01 11:54:17,088 : INFO : EventManager : Event: ======'machine_var_service_servo_position'====== Args={'value': 'Pos: 0.52 - START=Test', 'prev_value': 'Pos: 0.6 - START=Test', 'change': True}
2026-02-01 11:54:17,210 : INFO : SwitchController : <<<<<<< 's_coin_door_service_2' inactive >>>>>>>
2026-02-01 11:54:17,210 : INFO : EventManager : Event: ======'s_coin_door_service_2_inactive'====== Args={}
2026-02-01 11:54:18,416 : INFO : SwitchController : <<<<<<< 's_start' active >>>>>>>
2026-02-01 11:54:18,416 : INFO : EventManager : Event: ======'s_start_active'====== Args={}
2026-02-01 11:54:18,417 : INFO : EventManager : Event: ======'service_servo_test_move'====== Args={'priority': 0}
2026-02-01 11:54:18,417 : INFO : EventManager : Event: ======'top_ramp_up'====== Args={'priority': 0}
2026-02-01 11:54:18,588 : INFO : SwitchController : <<<<<<< 's_start' inactive >>>>>>>
2026-02-01 11:54:18,588 : INFO : EventManager : Event: ======'s_start_inactive'====== Args={}
2026-02-01 11:54:25,973 : INFO : SwitchController : <<<<<<< 's_coin_door_service_3' active >>>>>>>
2026-02-01 11:54:25,973 : INFO : EventManager : Event: ======'s_coin_door_service_3_active'====== Args={}
2026-02-01 11:54:25,974 : INFO : EventManager : Event: ======'service_servo_prev'====== Args={'priority': 0}
2026-02-01 11:54:25,974 : INFO : EventManager : Event: ======'service_update_servo_text'====== Args={'priority': 0}
2026-02-01 11:54:25,975 : INFO : EventManager : Event: ======'machine_var_service_servo_index'====== Args={'value': 2, 'prev_value': 3, 'change': -1}
2026-02-01 11:54:25,975 : INFO : EventManager : Event: ======'set_servo_2'====== Args={'priority': 0}
2026-02-01 11:54:25,975 : INFO : EventManager : Event: ======'machine_var_service_servo_name'====== Args={'value': 'Top Ramp DOWN', 'prev_value': 'Top Ramp UP', 'change': True}
2026-02-01 11:54:25,975 : INFO : EventManager : Event: ======'machine_var_service_servo_num'====== Args={'value': 'Servo 3/6', 'prev_value': 'Servo 4/6', 'change': True}
2026-02-01 11:54:25,975 : INFO : EventManager : Event: ======'machine_var_service_servo_position'====== Args={'value': 'Pos: 0.6 - START=Test', 'prev_value': 'Pos: 0.52 - START=Test', 'change': True}
2026-02-01 11:54:26,175 : INFO : SwitchController : <<<<<<< 's_coin_door_service_3' inactive >>>>>>>
2026-02-01 11:54:26,175 : INFO : EventManager : Event: ======'s_coin_door_service_3_inactive'====== Args={}
2026-02-01 11:54:27,957 : INFO : SwitchController : <<<<<<< 's_start' active >>>>>>>
2026-02-01 11:54:27,957 : INFO : EventManager : Event: ======'s_start_active'====== Args={}
2026-02-01 11:54:27,957 : INFO : EventManager : Event: ======'service_servo_test_move'====== Args={'priority': 0}
2026-02-01 11:54:27,958 : INFO : EventManager : Event: ======'top_ramp_down'====== Args={'priority': 0}
2026-02-01 11:54:28,081 : INFO : SwitchController : <<<<<<< 's_start' inactive >>>>>>>
2026-02-01 11:54:28,081 : INFO : EventManager : Event: ======'s_start_inactive'====== Args={}
2026-02-01 11:54:28,943 : INFO : SwitchController : <<<<<<< 's_coin_door_service_2' active >>>>>>>
2026-02-01 11:54:28,943 : INFO : EventManager : Event: ======'s_coin_door_service_2_active'====== Args={}
2026-02-01 11:54:28,944 : INFO : EventManager : Event: ======'service_servo_next'====== Args={'priority': 0}
2026-02-01 11:54:28,944 : INFO : EventManager : Event: ======'service_update_servo_text'====== Args={'priority': 0}
2026-02-01 11:54:28,944 : INFO : EventManager : Event: ======'machine_var_service_servo_index'====== Args={'value': 3, 'prev_value': 2, 'change': 1}
2026-02-01 11:54:28,944 : INFO : EventManager : Event: ======'set_servo_3'====== Args={'priority': 0}
2026-02-01 11:54:28,945 : INFO : EventManager : Event: ======'machine_var_service_servo_name'====== Args={'value': 'Top Ramp UP', 'prev_value': 'Top Ramp DOWN', 'change': True}
2026-02-01 11:54:28,945 : INFO : EventManager : Event: ======'machine_var_service_servo_num'====== Args={'value': 'Servo 4/6', 'prev_value': 'Servo 3/6', 'change': True}
2026-02-01 11:54:28,945 : INFO : EventManager : Event: ======'machine_var_service_servo_position'====== Args={'value': 'Pos: 0.52 - START=Test', 'prev_value': 'Pos: 0.6 - START=Test', 'change': True}
2026-02-01 11:54:29,100 : INFO : SwitchController : <<<<<<< 's_coin_door_service_2' inactive >>>>>>>
2026-02-01 11:54:29,100 : INFO : EventManager : Event: ======'s_coin_door_service_2_inactive'====== Args={}
2026-02-01 11:54:29,711 : INFO : SwitchController : <<<<<<< 's_coin_door_service_2' active >>>>>>>
2026-02-01 11:54:29,711 : INFO : EventManager : Event: ======'s_coin_door_service_2_active'====== Args={}
2026-02-01 11:54:29,712 : INFO : EventManager : Event: ======'service_servo_next'====== Args={'priority': 0}
2026-02-01 11:54:29,712 : INFO : EventManager : Event: ======'service_update_servo_text'====== Args={'priority': 0}
2026-02-01 11:54:29,712 : INFO : EventManager : Event: ======'machine_var_service_servo_index'====== Args={'value': 4, 'prev_value': 3, 'change': 1}
2026-02-01 11:54:29,712 : INFO : EventManager : Event: ======'set_servo_4'====== Args={'priority': 0}
2026-02-01 11:54:29,712 : INFO : EventManager : Event: ======'machine_var_service_servo_name'====== Args={'value': 'Lock HELD', 'prev_value': 'Top Ramp UP', 'change': True}
2026-02-01 11:54:29,712 : INFO : EventManager : Event: ======'machine_var_service_servo_num'====== Args={'value': 'Servo 5/6', 'prev_value': 'Servo 4/6', 'change': True}
2026-02-01 11:54:29,713 : INFO : EventManager : Event: ======'machine_var_service_servo_position'====== Args={'value': 'Pos: 0.4 - START=Test', 'prev_value': 'Pos: 0.52 - START=Test', 'change': True}
2026-02-01 11:54:29,884 : INFO : SwitchController : <<<<<<< 's_coin_door_service_2' inactive >>>>>>>
2026-02-01 11:54:29,884 : INFO : EventManager : Event: ======'s_coin_door_service_2_inactive'====== Args={}
2026-02-01 11:54:33,995 : INFO : SwitchController : <<<<<<< 's_start' active >>>>>>>
2026-02-01 11:54:33,995 : INFO : EventManager : Event: ======'s_start_active'====== Args={}
2026-02-01 11:54:33,995 : INFO : EventManager : Event: ======'service_servo_test_move'====== Args={'priority': 0}
2026-02-01 11:54:33,996 : INFO : EventManager : Event: ======'lock_held'====== Args={'priority': 0}
2026-02-01 11:54:34,136 : INFO : SwitchController : <<<<<<< 's_start' inactive >>>>>>>
2026-02-01 11:54:34,136 : INFO : EventManager : Event: ======'s_start_inactive'====== Args={}
2026-02-01 11:54:35,855 : INFO : SwitchController : <<<<<<< 's_coin_door_service_2' active >>>>>>>
2026-02-01 11:54:35,855 : INFO : EventManager : Event: ======'s_coin_door_service_2_active'====== Args={}
2026-02-01 11:54:35,856 : INFO : EventManager : Event: ======'service_servo_next'====== Args={'priority': 0}
2026-02-01 11:54:35,856 : INFO : EventManager : Event: ======'service_update_servo_text'====== Args={'priority': 0}
2026-02-01 11:54:35,856 : INFO : EventManager : Event: ======'machine_var_service_servo_index'====== Args={'value': 5, 'prev_value': 4, 'change': 1}
2026-02-01 11:54:35,857 : INFO : EventManager : Event: ======'set_servo_5'====== Args={'priority': 0}
2026-02-01 11:54:35,857 : INFO : EventManager : Event: ======'machine_var_service_servo_name'====== Args={'value': 'Lock RELEASED', 'prev_value': 'Lock HELD', 'change': True}
2026-02-01 11:54:35,857 : INFO : EventManager : Event: ======'machine_var_service_servo_num'====== Args={'value': 'Servo 6/6', 'prev_value': 'Servo 5/6', 'change': True}
2026-02-01 11:54:35,857 : INFO : EventManager : Event: ======'machine_var_service_servo_position'====== Args={'value': 'Pos: 0.51 - START=Test', 'prev_value': 'Pos: 0.4 - START=Test', 'change': True}
2026-02-01 11:54:36,090 : INFO : SwitchController : <<<<<<< 's_coin_door_service_2' inactive >>>>>>>
2026-02-01 11:54:36,090 : INFO : EventManager : Event: ======'s_coin_door_service_2_inactive'====== Args={}
2026-02-01 11:54:36,843 : INFO : SwitchController : <<<<<<< 's_start' active >>>>>>>
2026-02-01 11:54:36,843 : INFO : EventManager : Event: ======'s_start_active'====== Args={}
2026-02-01 11:54:36,844 : INFO : EventManager : Event: ======'service_servo_test_move'====== Args={'priority': 0}
2026-02-01 11:54:36,844 : INFO : EventManager : Event: ======'lock_released'====== Args={'priority': 0}
2026-02-01 11:54:36,983 : INFO : SwitchController : <<<<<<< 's_start' inactive >>>>>>>
2026-02-01 11:54:36,983 : INFO : EventManager : Event: ======'s_start_inactive'====== Args={}
2026-02-01 11:54:41,657 : INFO : SwitchController : <<<<<<< 's_coin_door_service_1' active >>>>>>>
2026-02-01 11:54:41,657 : INFO : EventManager : Event: ======'s_coin_door_service_1_active'====== Args={}
2026-02-01 11:54:41,658 : INFO : EventManager : Event: ======'service_enter_main_menu'====== Args={'priority': 0}
2026-02-01 11:54:41,658 : INFO : EventManager : Event: ======'service_update_main_menu_text'====== Args={'priority': 0}
2026-02-01 11:54:41,658 : INFO : EventManager : Event: ======'service_main_menu_update'====== Args={'priority': 0}
2026-02-01 11:54:41,659 : INFO : EventManager : Event: ======'machine_var_service_menu_level'====== Args={'value': 0, 'prev_value': 7, 'change': -7}
2026-02-01 11:54:41,659 : INFO : EventManager : Event: ======'set_main_menu_servo_adjust'====== Args={'priority': 0}
2026-02-01 11:54:41,681 : INFO : EventManager : Event: ======'slide_service_menu_created'====== Args={'_from_bcp': True}
2026-02-01 11:54:41,682 : INFO : EventManager : Event: ======'slide_service_servo_adjust_inactive'====== Args={'is_removing': True, '_from_bcp': True}
2026-02-01 11:54:41,682 : INFO : EventManager : Event: ======'slide_service_menu_active'====== Args={'_from_bcp': True}
2026-02-01 11:54:41,682 : INFO : EventManager : Event: ======'slide_service_servo_adjust_removed'====== Args={'_from_bcp': True}
2026-02-01 11:54:41,844 : INFO : SwitchController : <<<<<<< 's_coin_door_service_1' inactive >>>>>>>
2026-02-01 11:54:41,844 : INFO : EventManager : Event: ======'s_coin_door_service_1_inactive'====== Args={}
2026-02-01 11:54:42,459 : INFO : SwitchController : <<<<<<< 's_coin_door_service_1' active >>>>>>>
2026-02-01 11:54:42,459 : INFO : EventManager : Event: ======'s_coin_door_service_1_active'====== Args={}
2026-02-01 11:54:42,460 : INFO : EventManager : Event: ======'service_mode_exit'====== Args={'priority': 0}
2026-02-01 11:54:42,460 : INFO : EventManager : Event: ======'mode_top_gun_service_will_stop'====== Args={}
2026-02-01 11:54:42,460 : INFO : EventManager : Event: ======'mode_top_gun_service_stopping'====== Args={}
2026-02-01 11:54:42,460 : INFO : Mode.top_gun_service : Stopped.
2026-02-01 11:54:42,460 : INFO : EventManager : Event: ======'modes_active_modes_changed'====== Args={}
2026-02-01 11:54:42,469 : INFO : EventManager : Event: ======'mode_top_gun_service_stopped'====== Args={}
2026-02-01 11:54:42,469 : INFO : EventManager : Event: ======'clear'====== Args={'key': 'top_gun_service'}
2026-02-01 11:54:42,469 : INFO : EventManager : Event: ======'mode_attract_will_start'====== Args={}
2026-02-01 11:54:42,469 : INFO : Timer.attract_carousel_timer : Starting Timer.
2026-02-01 11:54:42,469 : INFO : EventManager : Event: ======'timer_attract_carousel_timer_started'====== Args={'ticks': 0, 'ticks_remaining': 1}
2026-02-01 11:54:42,469 : INFO : EventManager : Event: ======'timer_attract_carousel_timer_tick'====== Args={'ticks': 0, 'ticks_remaining': 1}
2026-02-01 11:54:42,470 : INFO : EventManager : Event: ======'mode_attract_starting'====== Args={}
2026-02-01 11:54:42,470 : INFO : Mode.attract : Started. Priority: 10
2026-02-01 11:54:42,470 : INFO : EventManager : Event: ======'modes_active_modes_changed'====== Args={}
2026-02-01 11:54:42,470 : INFO : EventManager : Event: ======'mode_attract_started'====== Args={}
2026-02-01 11:54:42,470 : INFO : EventManager : Event: ======'attract_cycle_step1'====== Args={'priority': 0}
2026-02-01 11:54:42,470 : INFO : EventManager : Event: ======'right_ramp_down'====== Args={'priority': 0}
2026-02-01 11:54:42,470 : INFO : EventManager : Event: ======'top_ramp_down'====== Args={'priority': 0}
2026-02-01 11:54:42,470 : INFO : EventManager : Event: ======'lock_released'====== Args={'priority': 0}
2026-02-01 11:54:42,471 : INFO : coil.c_start_button_led : Enabling Driver with power 1.0 (pulse_ms 10ms and pulse_power 1.0)
2026-02-01 11:54:42,471 : INFO : EventManager : Event: ======'collecting_balls_complete'====== Args={}
2026-02-01 11:54:42,471 : INFO : EventManager : Event: ======'carousel_item_highlighted'====== Args={'carousel': 'attract', 'direction': None, 'item': 'title'}
2026-02-01 11:54:42,471 : INFO : EventManager : Event: ======'timer_attract_carousel_timer_tick'====== Args={'ticks': 0, 'ticks_remaining': 1}
2026-02-01 11:54:42,492 : INFO : EventManager : Event: ======'slide_attract_created'====== Args={'_from_bcp': True}
2026-02-01 11:54:42,492 : INFO : EventManager : Event: ======'slide_service_menu_inactive'====== Args={'is_removing': True, '_from_bcp': True}
2026-02-01 11:54:42,493 : INFO : EventManager : Event: ======'slide_attract_active'====== Args={'original_context': 'attract', 'original_calling_context': 'mode_attract_started', 'priority': 10.0, 'cmd': 'slides_play', '_from_bcp': True}
2026-02-01 11:54:42,493 : INFO : EventManager : Event: ======'slide_service_menu_removed'====== Args={'_from_bcp': True}
2026-02-01 11:54:42,662 : INFO : SwitchController : <<<<<<< 's_coin_door_service_1' inactive >>>>>>>
2026-02-01 11:54:43,455 : INFO : coil.c_start_button_led : Disabling Driver
2026-02-01 11:54:44,452 : INFO : coil.c_start_button_led : Enabling Driver with power 1.0 (pulse_ms 10ms and pulse_power 1.0)
2026-02-01 11:54:45,450 : INFO : coil.c_start_button_led : Disabling Driver
2026-02-01 11:54:46,452 : INFO : coil.c_start_button_led : Enabling Driver with power 1.0 (pulse_ms 10ms and pulse_power 1.0)
2026-02-01 11:54:47,454 : INFO : coil.c_start_button_led : Disabling Driver
2026-02-01 11:54:48,458 : INFO : coil.c_start_button_led : Enabling Driver with power 1.0 (pulse_ms 10ms and pulse_power 1.0)
2026-02-01 11:54:48,616 : INFO : Machine : Shutting down...
2026-02-01 11:54:48,616 : INFO : EventManager : Event: ======'shutdown'====== Args={}
2026-02-01 11:54:48,729 : INFO : root : MPF run loop ended.
