2026-03-03 22:56:54,128 : INFO : root : Loading config.
2026-03-03 22:56:54,132 : INFO : YamlMultifileConfigLoader : Machine config file #1: config.yaml
2026-03-03 22:56:54,133 : INFO : ConfigProcessor : Loading config from cache: C:\Users\White\AppData\Local\Temp\39c4b34018bdb564eab7cf26b7f669ee.mpf_cache
2026-03-03 22:56:54,134 : WARNING : ConfigProcessor : Config file in cache changed: C:\Users\White\documents\top_gun_pinball\config\config_ball_devices.yaml
2026-03-03 22:56:54,134 : INFO : ConfigProcessor : Loading config from file C:\Users\White\mpf\Lib\site-packages\mpf\mpfconfig.yaml.
2026-03-03 22:56:54,149 : INFO : ConfigProcessor : Loading config: C:\Users\White\mpf\Lib\site-packages\mpf\mpfconfig.yaml
2026-03-03 22:56:54,149 : INFO : ConfigProcessor : Loading config from file C:\Users\White\documents\top_gun_pinball\config\config.yaml.
2026-03-03 22:56:54,157 : INFO : ConfigProcessor : Loading config: C:\Users\White\documents\top_gun_pinball\config\config.yaml
2026-03-03 22:56:54,158 : INFO : ConfigProcessor : Loading config: C:\Users\White\documents\top_gun_pinball\config\config_autofire_coils.yaml
2026-03-03 22:56:54,172 : INFO : ConfigProcessor : Loading config: C:\Users\White\documents\top_gun_pinball\config\config_ball_devices.yaml
2026-03-03 22:56:54,173 : INFO : ConfigProcessor : Loading config: C:\Users\White\documents\top_gun_pinball\config\config_ball_saves.yaml
2026-03-03 22:56:54,184 : INFO : ConfigProcessor : Loading config: C:\Users\White\documents\top_gun_pinball\config\config_coils.yaml
2026-03-03 22:56:54,186 : INFO : ConfigProcessor : Loading config: C:\Users\White\documents\top_gun_pinball\config\config_flippers.yaml
2026-03-03 22:56:54,190 : INFO : ConfigProcessor : Loading config: C:\Users\White\documents\top_gun_pinball\config\config_hardware_fast.yaml
2026-03-03 22:56:54,202 : INFO : ConfigProcessor : Loading config: C:\Users\White\documents\top_gun_pinball\config\config_lights.yaml
2026-03-03 22:56:54,204 : INFO : ConfigProcessor : Loading config: C:\Users\White\documents\top_gun_pinball\config\config_no_hold_flippers.yaml
2026-03-03 22:56:54,211 : INFO : ConfigProcessor : Loading config: C:\Users\White\documents\top_gun_pinball\config\config_switches.yaml
2026-03-03 22:56:54,215 : INFO : ConfigProcessor : Loading config: C:\Users\White\documents\top_gun_pinball\config\config_reversed_flippers.yaml
2026-03-03 22:56:54,219 : INFO : ConfigProcessor : Loading config: C:\Users\White\documents\top_gun_pinball\config\config_servos.yaml
2026-03-03 22:56:54,222 : INFO : ConfigProcessor : Loading config: C:\Users\White\documents\top_gun_pinball\config\variable_player.yaml
2026-03-03 22:56:54,225 : INFO : ConfigProcessor : Loading config: C:\Users\White\documents\top_gun_pinball\config\config_videos.yaml
2026-03-03 22:56:54,230 : INFO : ConfigProcessor : Config file cache created: C:\Users\White\AppData\Local\Temp\39c4b34018bdb564eab7cf26b7f669ee.mpf_cache
2026-03-03 22:56:54,344 : INFO : ConfigProcessor : Loading config from cache: C:\Users\White\AppData\Local\Temp\dcfa5ee5b10d64a3b94fd534c1aa451d.mpf_cache
2026-03-03 22:56:54,344 : INFO : ConfigProcessor : Loading config from cache: C:\Users\White\AppData\Local\Temp\91cc4d1c993c58dc354e34974b9cfeac.mpf_cache
2026-03-03 22:56:54,345 : INFO : ConfigProcessor : Loading config from cache: C:\Users\White\AppData\Local\Temp\35b01af7767e50eba76da865e2d7f95a.mpf_cache
2026-03-03 22:56:54,347 : INFO : ConfigProcessor : Loading config from cache: C:\Users\White\AppData\Local\Temp\954a0964095d05f049666b24b311e3e0.mpf_cache
2026-03-03 22:56:54,348 : INFO : ConfigProcessor : Loading config from cache: C:\Users\White\AppData\Local\Temp\dcfa5ee5b10d64a3b94fd534c1aa451d.mpf_cache
2026-03-03 22:56:54,349 : INFO : ConfigProcessor : Loading config from cache: C:\Users\White\AppData\Local\Temp\a9244cf73bd1b995c8229a78fecf001a.mpf_cache
2026-03-03 22:56:54,349 : INFO : ConfigProcessor : Loading config from cache: C:\Users\White\AppData\Local\Temp\981e6839caefcab32cd6f1225f0b1dcf.mpf_cache
2026-03-03 22:56:54,351 : INFO : ConfigProcessor : Loading config from cache: C:\Users\White\AppData\Local\Temp\78ac3c6ac2705ccef0aca6223f38636a.mpf_cache
2026-03-03 22:56:54,352 : INFO : ConfigProcessor : Loading config from cache: C:\Users\White\AppData\Local\Temp\a859aaec01fc9eda8e384946277a1be9.mpf_cache
2026-03-03 22:56:54,353 : INFO : ConfigProcessor : Loading config from cache: C:\Users\White\AppData\Local\Temp\3a2f2089f214eeb3c016e23cf6937b46.mpf_cache
2026-03-03 22:56:54,354 : INFO : ConfigProcessor : Loading config from cache: C:\Users\White\AppData\Local\Temp\d70718505753edc7bfae94d93c7e0d17.mpf_cache
2026-03-03 22:56:54,354 : INFO : ConfigProcessor : Loading config from cache: C:\Users\White\AppData\Local\Temp\824f161cac9e4c9f1443132020691281.mpf_cache
2026-03-03 22:56:54,355 : INFO : ConfigProcessor : Loading config from cache: C:\Users\White\AppData\Local\Temp\ba6e93360aa60032a4b7b34f9cffdce0.mpf_cache
2026-03-03 22:56:54,356 : INFO : ConfigProcessor : Loading config from cache: C:\Users\White\AppData\Local\Temp\a41099aaa8931854bf7aeb1131eb25f5.mpf_cache
2026-03-03 22:56:54,357 : INFO : ConfigProcessor : Loading config from cache: C:\Users\White\AppData\Local\Temp\4db056afb6ae3257643d7cc331e05161.mpf_cache
2026-03-03 22:56:54,358 : INFO : ConfigProcessor : Loading config from cache: C:\Users\White\AppData\Local\Temp\a18f6718f5a170b21c37bd725ebae781.mpf_cache
2026-03-03 22:56:54,361 : INFO : ConfigProcessor : Loading config from cache: C:\Users\White\AppData\Local\Temp\8709151c8d2d3863b5fceda4c115c736.mpf_cache
2026-03-03 22:56:54,362 : INFO : ConfigProcessor : Loading config from cache: C:\Users\White\AppData\Local\Temp\769cd60133e5c0b9a985e6e3690a3631.mpf_cache
2026-03-03 22:56:54,363 : INFO : ConfigProcessor : Loading config from cache: C:\Users\White\AppData\Local\Temp\3d468c7cedf90be47a7d01e42bb936d2.mpf_cache
2026-03-03 22:56:54,363 : INFO : ConfigProcessor : Loading config from cache: C:\Users\White\AppData\Local\Temp\88387b71764ec8c6867c539ea54a2040.mpf_cache
2026-03-03 22:56:54,365 : INFO : ConfigProcessor : Loading config from cache: C:\Users\White\AppData\Local\Temp\2b752b47ed38224cd6b4953549e961ec.mpf_cache
2026-03-03 22:56:54,367 : INFO : ConfigProcessor : Loading config from cache: C:\Users\White\AppData\Local\Temp\bc5a83a7db04a21de896bef4617be537.mpf_cache
2026-03-03 22:56:54,368 : INFO : ConfigProcessor : Loading config from cache: C:\Users\White\AppData\Local\Temp\f74d72009f4dabec10fde825e0863a15.mpf_cache
2026-03-03 22:56:54,370 : INFO : ConfigProcessor : Loading config from cache: C:\Users\White\AppData\Local\Temp\9ea7462f1dcba752602eb310d0ad4a44.mpf_cache
2026-03-03 22:56:54,371 : INFO : ConfigProcessor : Loading config from cache: C:\Users\White\AppData\Local\Temp\96651e0be7a1992a8a7abf26a9350bb6.mpf_cache
2026-03-03 22:56:54,372 : INFO : ConfigProcessor : Loading config from cache: C:\Users\White\AppData\Local\Temp\cbfc37a30bf6aa1a7a2aa4e455a94298.mpf_cache
2026-03-03 22:56:54,373 : INFO : ConfigProcessor : Loading config from cache: C:\Users\White\AppData\Local\Temp\fccb93411cf20b3ccac68b1dad0cbb88.mpf_cache
2026-03-03 22:56:54,374 : INFO : ConfigProcessor : Loading config from cache: C:\Users\White\AppData\Local\Temp\e16268268679c5881d2554ba916948dd.mpf_cache
2026-03-03 22:56:54,376 : INFO : ConfigProcessor : Loading config from cache: C:\Users\White\AppData\Local\Temp\81f3f7be5108efd0b69d2cf71a558028.mpf_cache
2026-03-03 22:56:54,377 : INFO : ConfigProcessor : Loading config from cache: C:\Users\White\AppData\Local\Temp\a97027ed54ab7f7f55eb3caa54f968f3.mpf_cache
2026-03-03 22:56:54,378 : INFO : ConfigProcessor : Loading config from cache: C:\Users\White\AppData\Local\Temp\fd6f0b40037ebf84651c592cbc8bc03a.mpf_cache
2026-03-03 22:56:54,378 : INFO : ConfigProcessor : Loading config from cache: C:\Users\White\AppData\Local\Temp\e1cebbcae09bac7286b592746f768daa.mpf_cache
2026-03-03 22:56:54,380 : INFO : ConfigProcessor : Loading config from cache: C:\Users\White\AppData\Local\Temp\55d5943d63961b44af3f854c02c721ad.mpf_cache
2026-03-03 22:56:54,382 : INFO : ConfigProcessor : Loading config from cache: C:\Users\White\AppData\Local\Temp\8f22b463b668cef8fc8e91f8271e08dd.mpf_cache
2026-03-03 22:56:54,385 : INFO : ConfigProcessor : Loading config from cache: C:\Users\White\AppData\Local\Temp\9ac10604873d355c34af0d8445abb8db.mpf_cache
2026-03-03 22:56:54,387 : INFO : ConfigProcessor : Loading config from cache: C:\Users\White\AppData\Local\Temp\77e3efdaa7991fde2ded950a578d622d.mpf_cache
2026-03-03 22:56:54,388 : INFO : ConfigProcessor : Loading config from cache: C:\Users\White\AppData\Local\Temp\19da4e94fc5ce3c5f810a9c7463c1354.mpf_cache
2026-03-03 22:56:54,389 : INFO : ConfigProcessor : Loading config from cache: C:\Users\White\AppData\Local\Temp\4443efc54f3a5f57a313f4078fbddd50.mpf_cache
2026-03-03 22:56:54,393 : INFO : ConfigProcessor : Loading config from cache: C:\Users\White\AppData\Local\Temp\88f72734ea72fc22245e5b82d5a75cb6.mpf_cache
2026-03-03 22:56:54,394 : INFO : ConfigProcessor : Loading config from cache: C:\Users\White\AppData\Local\Temp\2b3f78690e4e473b8e5df94cdc0ab039.mpf_cache
2026-03-03 22:56:54,396 : INFO : ConfigProcessor : Loading config from cache: C:\Users\White\AppData\Local\Temp\fa987fd2c3266ab64543e0b64578d739.mpf_cache
2026-03-03 22:56:54,398 : INFO : ConfigProcessor : Loading config from cache: C:\Users\White\AppData\Local\Temp\f26c5a15de77ef0685e209821eddbe7d.mpf_cache
2026-03-03 22:56:54,402 : INFO : ConfigProcessor : Loading config from cache: C:\Users\White\AppData\Local\Temp\c2c1510818de090aac140fad4cc773a2.mpf_cache
2026-03-03 22:56:54,403 : INFO : ConfigProcessor : Loading config from cache: C:\Users\White\AppData\Local\Temp\98d3d7eb23a2f141af3b9c324af06e38.mpf_cache
2026-03-03 22:56:54,410 : INFO : ConfigProcessor : Loading config from cache: C:\Users\White\AppData\Local\Temp\9a3b340b295c94e005fb29d2d35803d1.mpf_cache
2026-03-03 22:56:54,416 : INFO : ConfigProcessor : Loading config from cache: C:\Users\White\AppData\Local\Temp\6a788fdfb83194d81af99a12c59a319a.mpf_cache
2026-03-03 22:56:54,420 : INFO : ConfigProcessor : Loading config from cache: C:\Users\White\AppData\Local\Temp\2fe82acdc56ea652ff3066fd375b17fa.mpf_cache
2026-03-03 22:56:54,421 : INFO : ConfigProcessor : Loading config from cache: C:\Users\White\AppData\Local\Temp\d567fbe46807f36791c9019d207c2440.mpf_cache
2026-03-03 22:56:54,422 : INFO : ConfigProcessor : Loading config from cache: C:\Users\White\AppData\Local\Temp\4e3068d09bb0285319ebd926b91ae940.mpf_cache
2026-03-03 22:56:54,423 : INFO : ConfigProcessor : Loading config from cache: C:\Users\White\AppData\Local\Temp\669bfab06c6aa3a1674b0f4b50ae7a3c.mpf_cache
2026-03-03 22:56:54,424 : INFO : ConfigProcessor : Loading config from cache: C:\Users\White\AppData\Local\Temp\a6fe037899bc77554e846472e6476319.mpf_cache
2026-03-03 22:56:54,425 : INFO : ConfigProcessor : Loading config from cache: C:\Users\White\AppData\Local\Temp\cd20ab9d6bcfc3d94797e381db389ad9.mpf_cache
2026-03-03 22:56:54,426 : INFO : ConfigProcessor : Loading config from cache: C:\Users\White\AppData\Local\Temp\d763b47a22b017336bfbe57a6af89149.mpf_cache
2026-03-03 22:56:54,427 : INFO : ConfigProcessor : Loading config from cache: C:\Users\White\AppData\Local\Temp\386baade319655b6aedfa45ddbf562f0.mpf_cache
2026-03-03 22:56:54,430 : INFO : ConfigProcessor : Loading config from cache: C:\Users\White\AppData\Local\Temp\59ab671ab96a4594304638e27b0542c8.mpf_cache
2026-03-03 22:56:54,430 : INFO : ConfigProcessor : Loading config from cache: C:\Users\White\AppData\Local\Temp\0ba5adb65e1d75578edd80699100c28e.mpf_cache
2026-03-03 22:56:54,431 : INFO : ConfigProcessor : Loading config from cache: C:\Users\White\AppData\Local\Temp\b5471f08be9278463d25e3c2f06df8dd.mpf_cache
2026-03-03 22:56:54,432 : INFO : ConfigProcessor : Loading config from cache: C:\Users\White\AppData\Local\Temp\e9dfca965102979619879287aaffd4da.mpf_cache
2026-03-03 22:56:54,433 : INFO : ConfigProcessor : Loading config from cache: C:\Users\White\AppData\Local\Temp\ce1ea71bb3ca3937ce71fdff0b263bdb.mpf_cache
2026-03-03 22:56:54,433 : INFO : ConfigProcessor : Loading config from cache: C:\Users\White\AppData\Local\Temp\29b7b020f0513127005b35e19f0d78e3.mpf_cache
2026-03-03 22:56:54,435 : INFO : ConfigProcessor : Loading config from cache: C:\Users\White\AppData\Local\Temp\a19f4094f571d5e3f4a6bb0d76ddc2bd.mpf_cache
2026-03-03 22:56:54,436 : INFO : ConfigProcessor : Loading config from cache: C:\Users\White\AppData\Local\Temp\2df17da133132edc82ded3ea13a7f2d2.mpf_cache
2026-03-03 22:56:54,437 : INFO : ConfigProcessor : Loading config from cache: C:\Users\White\AppData\Local\Temp\0420af4d870b9d4dca0c113858eeb892.mpf_cache
2026-03-03 22:56:54,438 : INFO : ConfigProcessor : Loading config from cache: C:\Users\White\AppData\Local\Temp\29db96f2862a8d571fce5d97e7bfa998.mpf_cache
2026-03-03 22:56:54,438 : INFO : ConfigProcessor : Loading config from cache: C:\Users\White\AppData\Local\Temp\c4e65309e05241fe1ada1112ae55c9ef.mpf_cache
2026-03-03 22:56:54,439 : INFO : Machine : Mission Pinball Framework Core Engine v0.80.0.dev11
2026-03-03 22:56:54,439 : INFO : Machine : Command line arguments: {'no_load_cache': False, 'create_config_cache': True, 'bcp': True, 'configfile': ['config.yaml'], 'force_assets_load': False, 'platform_integration_test': False, 'jsonlogging': False, 'logfile': 'logs\\2026-03-03-22-56-54-mpf-TopGunPinball.log', 'pause': False, 'production': False, 'text_ui': False, 'loglevel': 15, 'consoleloglevel': 20, 'force_platform': None, 'syslog_address': None, 'full_logfile_path': 'C:\\Users\\White\\documents\\top_gun_pinball\\logs\\2026-03-03-22-56-54-mpf-TopGunPinball.log'}
2026-03-03 22:56:54,439 : INFO : Machine : MPF path: C:\Users\White\mpf\Lib\site-packages\mpf
2026-03-03 22:56:54,439 : INFO : Machine : Machine path: C:\Users\White\documents\top_gun_pinball
2026-03-03 22:56:54,439 : INFO : Machine : Platform: win32
2026-03-03 22:56:54,439 : INFO : Machine : Python executable location: C:\Users\White\mpf\Scripts\python.exe
2026-03-03 22:56:54,439 : INFO : Machine : Python version: 3.12.7 (64-bit)
2026-03-03 22:56:54,442 : INFO : Machine : Initializing MPF...
2026-03-03 22:56:54,588 : INFO : FAST : Auto-detecting ports for the following connections: ['net', 'exp', 'aud']
2026-03-03 22:56:55,211 : INFO : FAST : Detected AUD on port COM7
2026-03-03 22:56:55,211 : INFO : FAST : Detected EXP on port COM4
2026-03-03 22:56:55,211 : INFO : FAST : Detected NET on port COM3
2026-03-03 22:56:55,336 : INFO : FAST [NET] : Trying to connect to COM3 at 921600bps
2026-03-03 22:56:55,413 : INFO : FAST [NET] : Connected to COM3 at 921600bps
2026-03-03 22:56:55,428 : INFO : FAST [NET] : Connected to FP-CPU-2000 with firmware v02.26
2026-03-03 22:56:55,459 : INFO : FAST [NET] : Registered I/O Board 0: Model: FP-I/O-0024, Firmware: 01.10, Switches: 24, Drivers: 8
2026-03-03 22:56:55,476 : INFO : FAST [NET] : Registered I/O Board 1: Model: FP-I/O-3208, Firmware: 01.10, Switches: 32, Drivers: 8
2026-03-03 22:56:55,491 : INFO : FAST [NET] : Registered I/O Board 2: Model: FP-I/O-3208, Firmware: 01.10, Switches: 32, Drivers: 8
2026-03-03 22:56:55,507 : INFO : FAST [NET] : Registered I/O Board 3: Model: FP-I/O-0804, Firmware: 01.10, Switches: 8, Drivers: 4
2026-03-03 22:56:55,523 : INFO : FAST [NET] : Registered I/O Board 4: Model: FP-I/O-0804, Firmware: 01.10, Switches: 8, Drivers: 4
2026-03-03 22:56:55,525 : INFO : FAST [EXP] : Trying to connect to COM4 at 921600bps
2026-03-03 22:56:55,603 : INFO : FAST [EXP] : Connected to COM4 at 921600bps
2026-03-03 22:56:55,616 : INFO : FAST [EXP] : Verifying hardware for EXP "neuron" (FP-EXP-2000, @48) with ID string "EXP FP-EXP-2000  0.38", board address 48
2026-03-03 22:56:55,632 : INFO : FAST [EXP] : Verifying hardware for EXP "neuron" (FP-EXP-2000, @48) with ID string "LED FP-BRK-0001  0.8", board address 480
2026-03-03 22:56:55,663 : INFO : FAST [EXP] : Verifying hardware for EXP "light_expansion_board" (FP-EXP-0071, @B4) with ID string "EXP FP-EXP-0071  0.38", board address B4
2026-03-03 22:56:55,679 : INFO : FAST [EXP] : Verifying hardware for EXP "light_expansion_board" (FP-EXP-0071, @B4) with ID string "BRK FP-EXP-0071  0.38", board address B40
2026-03-03 22:56:55,697 : INFO : FAST [AUD] : Trying to connect to COM7 at 230400bps
2026-03-03 22:56:55,886 : INFO : FAST [AUD] : Connected to COM7 at 230400bps
2026-03-03 22:56:55,888 : WARNING : FAST [AUD] : Received XX response:F
2026-03-03 22:56:55,888 : WARNING : FAST [AUD] : Received XX response:F
2026-03-03 22:56:55,888 : WARNING : FAST [AUD] : Received XX response:F
2026-03-03 22:56:55,888 : WARNING : FAST [AUD] : Received XX response:F
2026-03-03 22:56:55,888 : INFO : FAST [AUD] : Connected to FP-AUD-0099 with firmware v0.10
2026-03-03 22:56:55,890 : INFO : EventManager : Event: ======'machine_var_credits_string'====== Args={'value': 'FREE PLAY', 'prev_value': None, 'change': True}
2026-03-03 22:56:55,921 : INFO : EventManager : Event: ======'machine_var_audit_balls_played'====== Args={'value': 0, 'prev_value': None, 'change': True}
2026-03-03 22:56:55,921 : INFO : EventManager : Event: ======'machine_var_audit_games_played'====== Args={'value': 0, 'prev_value': None, 'change': True}
2026-03-03 22:56:55,921 : INFO : EventManager : Event: ======'machine_var_audit_high_score'====== Args={'value': 0, 'prev_value': None, 'change': True}
2026-03-03 22:56:55,921 : INFO : EventManager : Event: ======'machine_var_audit_total_game_time'====== Args={'value': 0, 'prev_value': None, 'change': True}
2026-03-03 22:56:55,921 : INFO : EventManager : Event: ======'machine_var_audit_total_plays'====== Args={'value': 0, 'prev_value': None, 'change': True}
2026-03-03 22:56:55,921 : INFO : EventManager : Event: ======'machine_var_fast_audio_headphones_volume'====== Args={'value': 50, 'prev_value': None, 'change': True}
2026-03-03 22:56:55,922 : INFO : EventManager : Event: ======'machine_var_fast_audio_main_volume'====== Args={'value': 31, 'prev_value': None, 'change': True}
2026-03-03 22:56:55,922 : INFO : EventManager : Event: ======'machine_var_master_volume'====== Args={'value': 0.5, 'prev_value': None, 'change': True}
2026-03-03 22:56:55,922 : INFO : EventManager : Event: ======'machine_var_player1_score'====== Args={'value': 724700, 'prev_value': None, 'change': True}
2026-03-03 22:56:55,922 : INFO : EventManager : Event: ======'machine_var_service_menu_level'====== Args={'value': 0, 'prev_value': None, 'change': True}
2026-03-03 22:56:55,922 : INFO : EventManager : Event: ======'machine_var_service_main_index'====== Args={'value': 0, 'prev_value': None, 'change': True}
2026-03-03 22:56:55,922 : INFO : EventManager : Event: ======'machine_var_service_switch_index'====== Args={'value': 0, 'prev_value': None, 'change': True}
2026-03-03 22:56:55,922 : INFO : EventManager : Event: ======'machine_var_service_coil_index'====== Args={'value': 0, 'prev_value': None, 'change': True}
2026-03-03 22:56:55,922 : INFO : EventManager : Event: ======'machine_var_service_light_index'====== Args={'value': 0, 'prev_value': None, 'change': True}
2026-03-03 22:56:55,922 : INFO : EventManager : Event: ======'machine_var_service_light_color_index'====== Args={'value': 0, 'prev_value': None, 'change': True}
2026-03-03 22:56:55,922 : INFO : EventManager : Event: ======'machine_var_service_adjustment_index'====== Args={'value': 0, 'prev_value': None, 'change': True}
2026-03-03 22:56:55,922 : INFO : EventManager : Event: ======'machine_var_service_audit_index'====== Args={'value': 0, 'prev_value': None, 'change': True}
2026-03-03 22:56:55,922 : INFO : EventManager : Event: ======'machine_var_service_feature_index'====== Args={'value': 0, 'prev_value': None, 'change': True}
2026-03-03 22:56:55,922 : INFO : EventManager : Event: ======'machine_var_service_main_text'====== Args={'value': 'SWITCH TEST', 'prev_value': None, 'change': True}
2026-03-03 22:56:55,922 : INFO : EventManager : Event: ======'machine_var_service_switch_name'====== Args={'value': 'Start Button', 'prev_value': None, 'change': True}
2026-03-03 22:56:55,923 : INFO : EventManager : Event: ======'machine_var_service_switch_num'====== Args={'value': 'Switch 1/63', 'prev_value': None, 'change': True}
2026-03-03 22:56:55,923 : INFO : EventManager : Event: ======'machine_var_service_switch_state'====== Args={'value': 'OPEN', 'prev_value': None, 'change': True}
2026-03-03 22:56:55,923 : INFO : EventManager : Event: ======'machine_var_service_coil_name'====== Args={'value': 'Left Flipper', 'prev_value': None, 'change': True}
2026-03-03 22:56:55,923 : INFO : EventManager : Event: ======'machine_var_service_coil_num'====== Args={'value': 'Coil 1/22', 'prev_value': None, 'change': True}
2026-03-03 22:56:55,923 : INFO : EventManager : Event: ======'machine_var_service_light_name'====== Args={'value': 'Eject Insert', 'prev_value': None, 'change': True}
2026-03-03 22:56:55,923 : INFO : EventManager : Event: ======'machine_var_service_light_num'====== Args={'value': 'Light 1/91', 'prev_value': None, 'change': True}
2026-03-03 22:56:55,923 : INFO : EventManager : Event: ======'machine_var_service_servo_index'====== Args={'value': 0, 'prev_value': None, 'change': True}
2026-03-03 22:56:55,923 : INFO : EventManager : Event: ======'machine_var_service_servo_name'====== Args={'value': 'Right Ramp', 'prev_value': None, 'change': True}
2026-03-03 22:56:55,923 : INFO : EventManager : Event: ======'machine_var_service_servo_num'====== Args={'value': 'Servo 1/6', 'prev_value': None, 'change': True}
2026-03-03 22:56:55,923 : INFO : EventManager : Event: ======'machine_var_service_servo_position'====== Args={'value': 'Pos: 0.05', 'prev_value': None, 'change': True}
2026-03-03 22:56:55,923 : INFO : EventManager : Event: ======'machine_var_service_adjustment_name'====== Args={'value': 'Balls Per Game', 'prev_value': None, 'change': True}
2026-03-03 22:56:55,923 : INFO : EventManager : Event: ======'machine_var_service_adjustment_num'====== Args={'value': 'Setting 1/15', 'prev_value': None, 'change': True}
2026-03-03 22:56:55,923 : INFO : EventManager : Event: ======'machine_var_service_audit_name'====== Args={'value': 'Games Played', 'prev_value': None, 'change': True}
2026-03-03 22:56:55,923 : INFO : EventManager : Event: ======'machine_var_service_audit_num'====== Args={'value': 'Audit 1/10', 'prev_value': None, 'change': True}
2026-03-03 22:56:55,923 : INFO : EventManager : Event: ======'machine_var_service_feature_name'====== Args={'value': 'Pilot Mode Timer', 'prev_value': None, 'change': True}
2026-03-03 22:56:55,924 : INFO : EventManager : Event: ======'machine_var_service_feature_num'====== Args={'value': 'Feature 1/10', 'prev_value': None, 'change': True}
2026-03-03 22:56:55,924 : INFO : EventManager : Event: ======'machine_var_mpf_version'====== Args={'value': 'Mission Pinball Framework v0.80.0.dev11', 'prev_value': None, 'change': True}
2026-03-03 22:56:55,924 : INFO : EventManager : Event: ======'machine_var_mpf_extended_version'====== Args={'value': 'Mission Pinball Framework v0.80.0.dev11, Config version:6, Show version: 6, BCP version:1.1', 'prev_value': None, 'change': True}
2026-03-03 22:56:55,924 : INFO : EventManager : Event: ======'machine_var_python_version'====== Args={'value': '3.12.7', 'prev_value': None, 'change': True}
2026-03-03 22:56:56,078 : INFO : EventManager : Event: ======'machine_var_platform'====== Args={'value': 'Windows-11-10.0.26200-SP0', 'prev_value': None, 'change': True}
2026-03-03 22:56:56,078 : INFO : EventManager : Event: ======'machine_var_platform_system'====== Args={'value': 'Windows', 'prev_value': None, 'change': True}
2026-03-03 22:56:56,078 : INFO : EventManager : Event: ======'machine_var_platform_release'====== Args={'value': '11', 'prev_value': None, 'change': True}
2026-03-03 22:56:56,078 : INFO : EventManager : Event: ======'machine_var_platform_version'====== Args={'value': '10.0.26200', 'prev_value': None, 'change': True}
2026-03-03 22:56:56,078 : INFO : EventManager : Event: ======'machine_var_platform_machine'====== Args={'value': 'AMD64', 'prev_value': None, 'change': True}
2026-03-03 22:56:56,078 : INFO : EventManager : Event: ======'machine_var_log_file_path'====== Args={'value': 'C:\\Users\\White\\documents\\top_gun_pinball\\logs\\2026-03-03-22-56-54-mpf-TopGunPinball.log', 'prev_value': None, 'change': True}
2026-03-03 22:56:56,079 : INFO : EventManager : Event: ======'init_phase_1'====== Args={}
2026-03-03 22:56:58,733 : INFO : SwitchController : <<<<<<< 's_48v_disable' active >>>>>>>
2026-03-03 22:56:58,733 : INFO : SwitchController : <<<<<<< 's_trough_1' active >>>>>>>
2026-03-03 22:56:58,733 : INFO : SwitchController : <<<<<<< 's_trough_2' active >>>>>>>
2026-03-03 22:56:58,733 : INFO : SwitchController : <<<<<<< 's_trough_3' active >>>>>>>
2026-03-03 22:56:58,734 : INFO : SwitchController : <<<<<<< 's_shooter_lane' active >>>>>>>
2026-03-03 22:56:58,734 : INFO : SwitchController : <<<<<<< 's_ramp_inner_exit' active >>>>>>>
2026-03-03 22:56:58,767 : INFO : EventManager : Event: ======'init_phase_2'====== Args={}
2026-03-03 22:56:58,768 : INFO : SwitchController : Found active switch: (0, [FAST Platform Interface]) <switch.s_48v_disable>
2026-03-03 22:56:58,768 : INFO : SwitchController : Found active switch: (24, [FAST Platform Interface]) <switch.s_trough_1>
2026-03-03 22:56:58,768 : INFO : SwitchController : Found active switch: (25, [FAST Platform Interface]) <switch.s_trough_2>
2026-03-03 22:56:58,768 : INFO : SwitchController : Found active switch: (26, [FAST Platform Interface]) <switch.s_trough_3>
2026-03-03 22:56:58,768 : INFO : SwitchController : Found active switch: (31, [FAST Platform Interface]) <switch.s_shooter_lane>
2026-03-03 22:56:58,768 : INFO : SwitchController : Found active switch: (78, [FAST Platform Interface]) <switch.s_ramp_inner_exit>
2026-03-03 22:56:59,013 : INFO : EventManager : Event: ======'bcp_connection_attempt'====== Args={'name': 'local_display', 'host': 'localhost', 'port': 5050}
2026-03-03 22:56:59,015 : INFO : BCPClientSocket : Connecting BCP to 'local_display' at localhost:5050...
2026-03-03 22:56:59,028 : INFO : BCPClientSocket : Connected BCP to 'local_display' localhost:5050
2026-03-03 22:56:59,028 : INFO : EventManager : Event: ======'bcp_clients_connected'====== Args={}
2026-03-03 22:56:59,057 : INFO : ball_device.bd_plunger : BCH: Initial count: 1
2026-03-03 22:56:59,057 : INFO : ball_device.bd_plunger : State: idle
2026-03-03 22:56:59,058 : INFO : ball_device.bd_trough : BCH: Initial count: 3
2026-03-03 22:56:59,059 : INFO : ball_device.bd_trough : State: idle
2026-03-03 22:56:59,059 : INFO : ball_device.bd_lock_elevator : BCH: Initial count: 0
2026-03-03 22:56:59,060 : INFO : ball_device.bd_lock_elevator : State: idle
2026-03-03 22:56:59,060 : INFO : ball_device.bd_lock_goose : BCH: Initial count: 0
2026-03-03 22:56:59,061 : INFO : ball_device.bd_lock_goose : State: idle
2026-03-03 22:56:59,061 : INFO : ball_device.bd_lock_mav : BCH: Initial count: 0
2026-03-03 22:56:59,063 : INFO : ball_device.bd_lock_mav : State: idle
2026-03-03 22:56:59,064 : INFO : ball_device.bd_mode_scoop : BCH: Initial count: 0
2026-03-03 22:56:59,064 : INFO : ball_device.bd_mode_scoop : State: idle
2026-03-03 22:56:59,090 : INFO : EventManager : Event: ======'init_phase_3'====== Args={}
2026-03-03 22:57:01,816 : INFO : EventManager : Event: ======'init_phase_4'====== Args={}
2026-03-03 22:57:01,817 : INFO : BallController : Initial balls found: 4
2026-03-03 22:57:01,818 : INFO : EventManager : Event: ======'machine_var_audits_events_game_ended'====== Args={'value': 56, 'prev_value': None, 'change': True}
2026-03-03 22:57:01,818 : INFO : EventManager : Event: ======'machine_var_audits_events_game_started'====== Args={'value': 1089, 'prev_value': None, 'change': True}
2026-03-03 22:57:01,818 : INFO : EventManager : Event: ======'machine_var_audits_missing_switches_s_48v_disable'====== Args={'value': 268, 'prev_value': None, 'change': True}
2026-03-03 22:57:01,818 : INFO : EventManager : Event: ======'machine_var_audits_missing_switches_s_a_iceman_target'====== Args={'value': 3, 'prev_value': None, 'change': True}
2026-03-03 22:57:01,819 : INFO : EventManager : Event: ======'machine_var_audits_missing_switches_s_barrier_target'====== Args={'value': 5, 'prev_value': None, 'change': True}
2026-03-03 22:57:01,819 : INFO : EventManager : Event: ======'machine_var_audits_missing_switches_s_bumper_center'====== Args={'value': 4, 'prev_value': None, 'change': True}
2026-03-03 22:57:01,819 : INFO : EventManager : Event: ======'machine_var_audits_missing_switches_s_bumper_left'====== Args={'value': 6, 'prev_value': None, 'change': True}
2026-03-03 22:57:01,819 : INFO : EventManager : Event: ======'machine_var_audits_missing_switches_s_bumper_right'====== Args={'value': 5, 'prev_value': None, 'change': True}
2026-03-03 22:57:01,819 : INFO : EventManager : Event: ======'machine_var_audits_missing_switches_s_c_iceman_target'====== Args={'value': 3, 'prev_value': None, 'change': True}
2026-03-03 22:57:01,819 : INFO : EventManager : Event: ======'machine_var_audits_missing_switches_s_coin_door'====== Args={'value': 18, 'prev_value': None, 'change': True}
2026-03-03 22:57:01,819 : INFO : EventManager : Event: ======'machine_var_audits_missing_switches_s_coin_door_credit_left'====== Args={'value': 883, 'prev_value': None, 'change': True}
2026-03-03 22:57:01,819 : INFO : EventManager : Event: ======'machine_var_audits_missing_switches_s_coin_door_credit_right'====== Args={'value': 275, 'prev_value': None, 'change': True}
2026-03-03 22:57:01,819 : INFO : EventManager : Event: ======'machine_var_audits_missing_switches_s_coin_door_service_1'====== Args={'value': 118, 'prev_value': None, 'change': True}
2026-03-03 22:57:01,819 : INFO : EventManager : Event: ======'machine_var_audits_missing_switches_s_coin_door_service_2'====== Args={'value': 18, 'prev_value': None, 'change': True}
2026-03-03 22:57:01,819 : INFO : EventManager : Event: ======'machine_var_audits_missing_switches_s_coin_door_service_3'====== Args={'value': 18, 'prev_value': None, 'change': True}
2026-03-03 22:57:01,819 : INFO : EventManager : Event: ======'machine_var_audits_missing_switches_s_coin_door_service_4'====== Args={'value': 118, 'prev_value': None, 'change': True}
2026-03-03 22:57:01,819 : INFO : EventManager : Event: ======'machine_var_audits_missing_switches_s_e_iceman_target'====== Args={'value': 1, 'prev_value': None, 'change': True}
2026-03-03 22:57:01,819 : INFO : EventManager : Event: ======'machine_var_audits_missing_switches_s_flight_gear_target'====== Args={'value': 1, 'prev_value': None, 'change': True}
2026-03-03 22:57:01,819 : INFO : EventManager : Event: ======'machine_var_audits_missing_switches_s_flipper_right_eos'====== Args={'value': 1, 'prev_value': None, 'change': True}
2026-03-03 22:57:01,819 : INFO : EventManager : Event: ======'machine_var_audits_missing_switches_s_i_iceman_target'====== Args={'value': 4, 'prev_value': None, 'change': True}
2026-03-03 22:57:01,819 : INFO : EventManager : Event: ======'machine_var_audits_missing_switches_s_inner_inlane_right'====== Args={'value': 3, 'prev_value': None, 'change': True}
2026-03-03 22:57:01,819 : INFO : EventManager : Event: ======'machine_var_audits_missing_switches_s_lane_left'====== Args={'value': 2, 'prev_value': None, 'change': True}
2026-03-03 22:57:01,819 : INFO : EventManager : Event: ======'machine_var_audits_missing_switches_s_lane_right'====== Args={'value': 42, 'prev_value': None, 'change': True}
2026-03-03 22:57:01,819 : INFO : EventManager : Event: ======'machine_var_audits_missing_switches_s_m_iceman_target'====== Args={'value': 3, 'prev_value': None, 'change': True}
2026-03-03 22:57:01,819 : INFO : EventManager : Event: ======'machine_var_audits_missing_switches_s_mig_lane_left'====== Args={'value': 5, 'prev_value': None, 'change': True}
2026-03-03 22:57:01,819 : INFO : EventManager : Event: ======'machine_var_audits_missing_switches_s_mig_lane_right'====== Args={'value': 4, 'prev_value': None, 'change': True}
2026-03-03 22:57:01,820 : INFO : EventManager : Event: ======'machine_var_audits_missing_switches_s_mode_start'====== Args={'value': 3, 'prev_value': None, 'change': True}
2026-03-03 22:57:01,820 : INFO : EventManager : Event: ======'machine_var_audits_missing_switches_s_n_iceman_target'====== Args={'value': 3, 'prev_value': None, 'change': True}
2026-03-03 22:57:01,820 : INFO : EventManager : Event: ======'machine_var_audits_missing_switches_s_orbit_lower'====== Args={'value': 5, 'prev_value': None, 'change': True}
2026-03-03 22:57:01,820 : INFO : EventManager : Event: ======'machine_var_audits_missing_switches_s_orbit_upper'====== Args={'value': 3, 'prev_value': None, 'change': True}
2026-03-03 22:57:01,820 : INFO : EventManager : Event: ======'machine_var_audits_missing_switches_s_outer_inlane_right'====== Args={'value': 2, 'prev_value': None, 'change': True}
2026-03-03 22:57:01,820 : INFO : EventManager : Event: ======'machine_var_audits_missing_switches_s_outlane_left'====== Args={'value': 7, 'prev_value': None, 'change': True}
2026-03-03 22:57:01,820 : INFO : EventManager : Event: ======'machine_var_audits_missing_switches_s_outlane_right'====== Args={'value': 2, 'prev_value': None, 'change': True}
2026-03-03 22:57:01,820 : INFO : EventManager : Event: ======'machine_var_audits_missing_switches_s_plunger_lane'====== Args={'value': 10, 'prev_value': None, 'change': True}
2026-03-03 22:57:01,820 : INFO : EventManager : Event: ======'machine_var_audits_missing_switches_s_ramp_left_exit'====== Args={'value': 3, 'prev_value': None, 'change': True}
2026-03-03 22:57:01,820 : INFO : EventManager : Event: ======'machine_var_audits_missing_switches_s_ramp_right_exit'====== Args={'value': 2, 'prev_value': None, 'change': True}
2026-03-03 22:57:01,820 : INFO : EventManager : Event: ======'machine_var_audits_missing_switches_s_ramp_tower_exit'====== Args={'value': 4, 'prev_value': None, 'change': True}
2026-03-03 22:57:01,820 : INFO : EventManager : Event: ======'machine_var_audits_missing_switches_s_slingshot_left'====== Args={'value': 2, 'prev_value': None, 'change': True}
2026-03-03 22:57:01,820 : INFO : EventManager : Event: ======'machine_var_audits_missing_switches_s_slingshot_right'====== Args={'value': 2, 'prev_value': None, 'change': True}
2026-03-03 22:57:01,820 : INFO : EventManager : Event: ======'machine_var_audits_missing_switches_s_spinner'====== Args={'value': 2, 'prev_value': None, 'change': True}
2026-03-03 22:57:01,820 : INFO : EventManager : Event: ======'machine_var_audits_missing_switches_s_tilt'====== Args={'value': 5, 'prev_value': None, 'change': True}
2026-03-03 22:57:01,820 : INFO : EventManager : Event: ======'machine_var_audits_player_score'====== Args={'value': {'average': 1979319, 'top': [17836750, 16976600, 8367250, 7799020, 6912950, 4824844, 4790750, 2977800, 2783350, 2289500], 'total': 60}, 'prev_value': None, 'change': True}
2026-03-03 22:57:01,820 : INFO : EventManager : Event: ======'machine_var_audits_shots_bumper_center'====== Args={'value': 2786, 'prev_value': None, 'change': True}
2026-03-03 22:57:01,820 : INFO : EventManager : Event: ======'machine_var_audits_shots_bumper_left'====== Args={'value': 1417, 'prev_value': None, 'change': True}
2026-03-03 22:57:01,820 : INFO : EventManager : Event: ======'machine_var_audits_shots_bumper_right'====== Args={'value': 1611, 'prev_value': None, 'change': True}
2026-03-03 22:57:01,820 : INFO : EventManager : Event: ======'machine_var_audits_shots_mach_ramp'====== Args={'value': 1183, 'prev_value': None, 'change': True}
2026-03-03 22:57:01,821 : INFO : EventManager : Event: ======'machine_var_audits_shots_mig_lane_left'====== Args={'value': 292, 'prev_value': None, 'change': True}
2026-03-03 22:57:01,821 : INFO : EventManager : Event: ======'machine_var_audits_shots_mig_lane_right'====== Args={'value': 129, 'prev_value': None, 'change': True}
2026-03-03 22:57:01,821 : INFO : EventManager : Event: ======'machine_var_audits_shots_orbit_upper'====== Args={'value': 98, 'prev_value': None, 'change': True}
2026-03-03 22:57:01,821 : INFO : EventManager : Event: ======'machine_var_audits_shots_ramp_inner'====== Args={'value': 111, 'prev_value': None, 'change': True}
2026-03-03 22:57:01,821 : INFO : EventManager : Event: ======'machine_var_audits_shots_spinner'====== Args={'value': 88, 'prev_value': None, 'change': True}
2026-03-03 22:57:01,821 : INFO : EventManager : Event: ======'machine_var_audits_switches_s_48v_disable'====== Args={'value': 0, 'prev_value': None, 'change': True}
2026-03-03 22:57:01,821 : INFO : EventManager : Event: ======'machine_var_audits_switches_s_a_iceman_target'====== Args={'value': 789, 'prev_value': None, 'change': True}
2026-03-03 22:57:01,821 : INFO : EventManager : Event: ======'machine_var_audits_switches_s_barrier_target'====== Args={'value': 377, 'prev_value': None, 'change': True}
2026-03-03 22:57:01,821 : INFO : EventManager : Event: ======'machine_var_audits_switches_s_bumper_center'====== Args={'value': 2806, 'prev_value': None, 'change': True}
2026-03-03 22:57:01,821 : INFO : EventManager : Event: ======'machine_var_audits_switches_s_bumper_left'====== Args={'value': 1448, 'prev_value': None, 'change': True}
2026-03-03 22:57:01,821 : INFO : EventManager : Event: ======'machine_var_audits_switches_s_bumper_right'====== Args={'value': 1617, 'prev_value': None, 'change': True}
2026-03-03 22:57:01,821 : INFO : EventManager : Event: ======'machine_var_audits_switches_s_c_iceman_target'====== Args={'value': 704, 'prev_value': None, 'change': True}
2026-03-03 22:57:01,821 : INFO : EventManager : Event: ======'machine_var_audits_switches_s_c_lock_target'====== Args={'value': 389, 'prev_value': None, 'change': True}
2026-03-03 22:57:01,821 : INFO : EventManager : Event: ======'machine_var_audits_switches_s_coin_door'====== Args={'value': 15, 'prev_value': None, 'change': True}
2026-03-03 22:57:01,821 : INFO : EventManager : Event: ======'machine_var_audits_switches_s_coin_door_credit_left'====== Args={'value': 0, 'prev_value': None, 'change': True}
2026-03-03 22:57:01,821 : INFO : EventManager : Event: ======'machine_var_audits_switches_s_coin_door_credit_right'====== Args={'value': 1, 'prev_value': None, 'change': True}
2026-03-03 22:57:01,821 : INFO : EventManager : Event: ======'machine_var_audits_switches_s_coin_door_service_1'====== Args={'value': 10, 'prev_value': None, 'change': True}
2026-03-03 22:57:01,821 : INFO : EventManager : Event: ======'machine_var_audits_switches_s_coin_door_service_2'====== Args={'value': 39, 'prev_value': None, 'change': True}
2026-03-03 22:57:01,821 : INFO : EventManager : Event: ======'machine_var_audits_switches_s_coin_door_service_3'====== Args={'value': 47, 'prev_value': None, 'change': True}
2026-03-03 22:57:01,821 : INFO : EventManager : Event: ======'machine_var_audits_switches_s_coin_door_service_4'====== Args={'value': 31, 'prev_value': None, 'change': True}
2026-03-03 22:57:01,821 : INFO : EventManager : Event: ======'machine_var_audits_switches_s_e_iceman_target'====== Args={'value': 638, 'prev_value': None, 'change': True}
2026-03-03 22:57:01,821 : INFO : EventManager : Event: ======'machine_var_audits_switches_s_flight_gear_target'====== Args={'value': 1227, 'prev_value': None, 'change': True}
2026-03-03 22:57:01,821 : INFO : EventManager : Event: ======'machine_var_audits_switches_s_flipper_left'====== Args={'value': 8450, 'prev_value': None, 'change': True}
2026-03-03 22:57:01,822 : INFO : EventManager : Event: ======'machine_var_audits_switches_s_flipper_left_eos'====== Args={'value': 7714, 'prev_value': None, 'change': True}
2026-03-03 22:57:01,822 : INFO : EventManager : Event: ======'machine_var_audits_switches_s_flipper_left_upper'====== Args={'value': 8028, 'prev_value': None, 'change': True}
2026-03-03 22:57:01,822 : INFO : EventManager : Event: ======'machine_var_audits_switches_s_flipper_left_upper_eos'====== Args={'value': 7742, 'prev_value': None, 'change': True}
2026-03-03 22:57:01,822 : INFO : EventManager : Event: ======'machine_var_audits_switches_s_flipper_right'====== Args={'value': 6870, 'prev_value': None, 'change': True}
2026-03-03 22:57:01,822 : INFO : EventManager : Event: ======'machine_var_audits_switches_s_flipper_right_eos'====== Args={'value': 6160, 'prev_value': None, 'change': True}
2026-03-03 22:57:01,822 : INFO : EventManager : Event: ======'machine_var_audits_switches_s_i_iceman_target'====== Args={'value': 1018, 'prev_value': None, 'change': True}
2026-03-03 22:57:01,822 : INFO : EventManager : Event: ======'machine_var_audits_switches_s_inlane_left'====== Args={'value': 1604, 'prev_value': None, 'change': True}
2026-03-03 22:57:01,822 : INFO : EventManager : Event: ======'machine_var_audits_switches_s_inner_inlane_right'====== Args={'value': 1029, 'prev_value': None, 'change': True}
2026-03-03 22:57:01,822 : INFO : EventManager : Event: ======'machine_var_audits_switches_s_jam'====== Args={'value': 1262, 'prev_value': None, 'change': True}
2026-03-03 22:57:01,822 : INFO : EventManager : Event: ======'machine_var_audits_switches_s_k_lock_target'====== Args={'value': 565, 'prev_value': None, 'change': True}
2026-03-03 22:57:01,822 : INFO : EventManager : Event: ======'machine_var_audits_switches_s_l_lock_target'====== Args={'value': 473, 'prev_value': None, 'change': True}
2026-03-03 22:57:01,822 : INFO : EventManager : Event: ======'machine_var_audits_switches_s_lane_left'====== Args={'value': 1495, 'prev_value': None, 'change': True}
2026-03-03 22:57:01,822 : INFO : EventManager : Event: ======'machine_var_audits_switches_s_lane_right'====== Args={'value': 1197, 'prev_value': None, 'change': True}
2026-03-03 22:57:01,822 : INFO : EventManager : Event: ======'machine_var_audits_switches_s_lock_goose'====== Args={'value': 216, 'prev_value': None, 'change': True}
2026-03-03 22:57:01,822 : INFO : EventManager : Event: ======'machine_var_audits_switches_s_lock_mav'====== Args={'value': 371, 'prev_value': None, 'change': True}
2026-03-03 22:57:01,822 : INFO : EventManager : Event: ======'machine_var_audits_switches_s_lock_plunger'====== Args={'value': 197, 'prev_value': None, 'change': True}
2026-03-03 22:57:01,822 : INFO : EventManager : Event: ======'machine_var_audits_switches_s_m_iceman_target'====== Args={'value': 627, 'prev_value': None, 'change': True}
2026-03-03 22:57:01,822 : INFO : EventManager : Event: ======'machine_var_audits_switches_s_mig_lane_left'====== Args={'value': 991, 'prev_value': None, 'change': True}
2026-03-03 22:57:01,822 : INFO : EventManager : Event: ======'machine_var_audits_switches_s_mig_lane_right'====== Args={'value': 617, 'prev_value': None, 'change': True}
2026-03-03 22:57:01,822 : INFO : EventManager : Event: ======'machine_var_audits_switches_s_mode_start'====== Args={'value': 657, 'prev_value': None, 'change': True}
2026-03-03 22:57:01,822 : INFO : EventManager : Event: ======'machine_var_audits_switches_s_n_iceman_target'====== Args={'value': 817, 'prev_value': None, 'change': True}
2026-03-03 22:57:01,822 : INFO : EventManager : Event: ======'machine_var_audits_switches_s_o_lock_target'====== Args={'value': 710, 'prev_value': None, 'change': True}
2026-03-03 22:57:01,822 : INFO : EventManager : Event: ======'machine_var_audits_switches_s_orbit_left'====== Args={'value': 3203, 'prev_value': None, 'change': True}
2026-03-03 22:57:01,823 : INFO : EventManager : Event: ======'machine_var_audits_switches_s_orbit_lower'====== Args={'value': 242, 'prev_value': None, 'change': True}
2026-03-03 22:57:01,823 : INFO : EventManager : Event: ======'machine_var_audits_switches_s_orbit_right'====== Args={'value': 2120, 'prev_value': None, 'change': True}
2026-03-03 22:57:01,823 : INFO : EventManager : Event: ======'machine_var_audits_switches_s_orbit_upper'====== Args={'value': 680, 'prev_value': None, 'change': True}
2026-03-03 22:57:01,823 : INFO : EventManager : Event: ======'machine_var_audits_switches_s_outer_inlane_right'====== Args={'value': 1369, 'prev_value': None, 'change': True}
2026-03-03 22:57:01,823 : INFO : EventManager : Event: ======'machine_var_audits_switches_s_outlane_left'====== Args={'value': 781, 'prev_value': None, 'change': True}
2026-03-03 22:57:01,823 : INFO : EventManager : Event: ======'machine_var_audits_switches_s_outlane_right'====== Args={'value': 791, 'prev_value': None, 'change': True}
2026-03-03 22:57:01,823 : INFO : EventManager : Event: ======'machine_var_audits_switches_s_plunger_lane'====== Args={'value': 46, 'prev_value': None, 'change': True}
2026-03-03 22:57:01,823 : INFO : EventManager : Event: ======'machine_var_audits_switches_s_ramp_inner_exit'====== Args={'value': 1229, 'prev_value': None, 'change': True}
2026-03-03 22:57:01,823 : INFO : EventManager : Event: ======'machine_var_audits_switches_s_ramp_left_exit'====== Args={'value': 1425, 'prev_value': None, 'change': True}
2026-03-03 22:57:01,823 : INFO : EventManager : Event: ======'machine_var_audits_switches_s_ramp_right_exit'====== Args={'value': 380, 'prev_value': None, 'change': True}
2026-03-03 22:57:01,823 : INFO : EventManager : Event: ======'machine_var_audits_switches_s_ramp_tower_exit'====== Args={'value': 640, 'prev_value': None, 'change': True}
2026-03-03 22:57:01,823 : INFO : EventManager : Event: ======'machine_var_audits_switches_s_shooter_lane'====== Args={'value': 1954, 'prev_value': None, 'change': True}
2026-03-03 22:57:01,823 : INFO : EventManager : Event: ======'machine_var_audits_switches_s_slingshot_left'====== Args={'value': 1328, 'prev_value': None, 'change': True}
2026-03-03 22:57:01,823 : INFO : EventManager : Event: ======'machine_var_audits_switches_s_slingshot_right'====== Args={'value': 992, 'prev_value': None, 'change': True}
2026-03-03 22:57:01,823 : INFO : EventManager : Event: ======'machine_var_audits_switches_s_spinner'====== Args={'value': 17555, 'prev_value': None, 'change': True}
2026-03-03 22:57:01,823 : INFO : EventManager : Event: ======'machine_var_audits_switches_s_start'====== Args={'value': 237, 'prev_value': None, 'change': True}
2026-03-03 22:57:01,823 : INFO : EventManager : Event: ======'machine_var_audits_switches_s_tilt'====== Args={'value': 358, 'prev_value': None, 'change': True}
2026-03-03 22:57:01,823 : INFO : EventManager : Event: ======'machine_var_audits_switches_s_trough_1'====== Args={'value': 1265, 'prev_value': None, 'change': True}
2026-03-03 22:57:01,823 : INFO : EventManager : Event: ======'machine_var_audits_switches_s_trough_2'====== Args={'value': 1254, 'prev_value': None, 'change': True}
2026-03-03 22:57:01,823 : INFO : EventManager : Event: ======'machine_var_audits_switches_s_trough_3'====== Args={'value': 1252, 'prev_value': None, 'change': True}
2026-03-03 22:57:01,823 : INFO : EventManager : Event: ======'machine_var_audits_switches_s_trough_4'====== Args={'value': 1250, 'prev_value': None, 'change': True}
2026-03-03 22:57:01,823 : INFO : EventManager : Event: ======'machine_var_audits_switches_s_trough_5'====== Args={'value': 1238, 'prev_value': None, 'change': True}
2026-03-03 22:57:01,823 : INFO : EventManager : Event: ======'machine_var_audits_switches_s_trough_6'====== Args={'value': 1434, 'prev_value': None, 'change': True}
2026-03-03 22:57:01,824 : INFO : EventManager : Event: ======'init_phase_5'====== Args={}
2026-03-03 22:57:01,825 : INFO : EventManager : Event: ======'init_done'====== Args={}
2026-03-03 22:57:01,826 : INFO : coil.c_coin_door_led : Enabling Driver with power 1.0 (pulse_ms 10ms and pulse_power 1.0)
2026-03-03 22:57:01,826 : INFO : EventManager : Event: ======'machine_reset_phase_1'====== Args={}
2026-03-03 22:57:01,838 : INFO : EventManager : Event: ======'machine_reset_phase_2'====== Args={}
2026-03-03 22:57:01,839 : INFO : EventManager : Event: ======'machine_reset_phase_3'====== Args={}
2026-03-03 22:57:01,840 : INFO : EventManager : Event: ======'mode_attract_will_start'====== Args={'queue': <QueuedEvent>}
2026-03-03 22:57:01,840 : INFO : Timer.attract_carousel_timer : Starting Timer.
2026-03-03 22:57:01,840 : INFO : EventManager : Event: ======'timer_attract_carousel_timer_started'====== Args={'ticks': 0, 'ticks_remaining': 1}
2026-03-03 22:57:01,840 : INFO : EventManager : Event: ======'timer_attract_carousel_timer_tick'====== Args={'ticks': 0, 'ticks_remaining': 1}
2026-03-03 22:57:01,842 : INFO : EventManager : Event: ======'mode_attract_starting'====== Args={'queue': <QueuedEvent>}
2026-03-03 22:57:01,842 : INFO : Mode.attract : Started. Priority: 10
2026-03-03 22:57:01,842 : INFO : EventManager : Event: ======'modes_active_modes_changed'====== Args={}
2026-03-03 22:57:01,842 : INFO : EventManager : Event: ======'mode_attract_started'====== Args={'queue': <QueuedEvent>}
2026-03-03 22:57:01,843 : INFO : coil.c_plunger : Pulsing Driver for 25ms (0.875 pulse_power)
2026-03-03 22:57:01,843 : INFO : EventManager : Event: ======'attract_cycle_step1'====== Args={'priority': 0}
2026-03-03 22:57:01,843 : INFO : EventManager : Event: ======'right_ramp_down'====== Args={'priority': 0}
2026-03-03 22:57:01,843 : INFO : EventManager : Event: ======'top_ramp_down'====== Args={'priority': 0}
2026-03-03 22:57:01,843 : INFO : EventManager : Event: ======'lock_released'====== Args={'priority': 0}
2026-03-03 22:57:01,843 : INFO : coil.c_start_button_led : Enabling Driver with power 1.0 (pulse_ms 10ms and pulse_power 1.0)
2026-03-03 22:57:01,844 : INFO : EventManager : Event: ======'collecting_balls'====== Args={}
2026-03-03 22:57:01,844 : INFO : ball_device.bd_plunger : Adding 1 ball(s) to the eject_queue with target <playfield.playfield>.
2026-03-03 22:57:01,845 : INFO : EventManager : Event: ======'balldevice_balls_available'====== Args={}
2026-03-03 22:57:01,845 : INFO : BallSearch.playfield : Starting ball search
2026-03-03 22:57:01,845 : INFO : EventManager : Event: ======'ball_search_started'====== Args={}
2026-03-03 22:57:01,845 : INFO : EventManager : Event: ======'ball_search_phase_1'====== Args={'iteration': 1}
2026-03-03 22:57:01,845 : INFO : coil.c_bumper_left : Pulsing Driver for 40ms (0.75 pulse_power)
2026-03-03 22:57:01,845 : INFO : EventManager : Event: ======'carousel_item_highlighted'====== Args={'carousel': 'attract', 'direction': None, 'item': 'title'}
2026-03-03 22:57:01,845 : INFO : EventManager : Event: ======'timer_attract_carousel_timer_tick'====== Args={'ticks': 0, 'ticks_remaining': 1}
2026-03-03 22:57:01,845 : INFO : EventManager : Event: ======'reset_complete'====== Args={}
2026-03-03 22:57:01,849 : INFO : Machine : Starting the main run loop with active modes: [<Mode.attract>]
2026-03-03 22:57:01,851 : INFO : ball_device.bd_plunger : State: waiting_for_target_ready
2026-03-03 22:57:01,851 : INFO : EventManager : Event: ======'balldevice_bd_plunger_ball_eject_attempt'====== Args={'balls': 1, 'target': <playfield.playfield>, 'source': <ball_device.bd_plunger>, 'mechanical_eject': False, 'num_attempts': 0}
2026-03-03 22:57:01,852 : INFO : ball_device.bd_plunger : State: ejecting
2026-03-03 22:57:01,852 : INFO : ball_device.bd_plunger : Ejecting ball to <playfield.playfield>
2026-03-03 22:57:01,852 : INFO : EventManager : Event: ======'balldevice_bd_plunger_ejecting_ball'====== Args={'balls': 1, 'target': <playfield.playfield>, 'source': <ball_device.bd_plunger>, 'mechanical_eject': False, 'num_attempts': 0}
2026-03-03 22:57:01,853 : INFO : EventManager : Event: ======'video_idle_start'====== Args={'priority': 0}
2026-03-03 22:57:01,854 : INFO : ball_device.bd_plunger : Wait for ball to leave device
2026-03-03 22:57:01,872 : INFO : SwitchController : <<<<<<< 's_shooter_lane' inactive >>>>>>>
2026-03-03 22:57:01,873 : INFO : EventManager : Event: ======'s_shooter_lane_inactive'====== Args={}
2026-03-03 22:57:01,873 : INFO : EventManager : Event: ======'video_launch_start'====== Args={'priority': 0}
2026-03-03 22:57:01,874 : INFO : ball_device.bd_plunger : State: ball_left
2026-03-03 22:57:01,874 : INFO : ball_device.bd_plunger : Ball left
2026-03-03 22:57:01,875 : INFO : ball_device.bd_plunger : Wait for confirm with timeout 3.0
2026-03-03 22:57:01,923 : INFO : EventManager : Event: ======'slide_attract_created'====== Args={'_from_bcp': True}
2026-03-03 22:57:01,923 : INFO : EventManager : Event: ======'slide__removed'====== Args={'_from_bcp': True}
2026-03-03 22:57:01,924 : INFO : EventManager : Event: ======'slide_attract_active'====== Args={'original_context': 'attract', 'original_calling_context': 'mode_attract_started', 'priority': 10.0, 'queue': '<QueuedEvent>', 'cmd': 'slides_play', '_from_bcp': True}
2026-03-03 22:57:02,092 : INFO : coil.c_bumper_right : Pulsing Driver for 40ms (0.75 pulse_power)
2026-03-03 22:57:02,342 : INFO : coil.c_bumper_center : Pulsing Driver for 40ms (0.75 pulse_power)
2026-03-03 22:57:02,591 : INFO : coil.c_sling_left : Pulsing Driver for 40ms (0.875 pulse_power)
2026-03-03 22:57:02,608 : INFO : SwitchController : <<<<<<< 's_orbit_right' active >>>>>>>
2026-03-03 22:57:02,608 : INFO : EventManager : Event: ======'sw_playfield_active'====== Args={}
2026-03-03 22:57:02,609 : INFO : EventManager : Event: ======'playfield_active'====== Args={'source': None}
2026-03-03 22:57:02,609 : INFO : BallSearch.playfield : Stopping ball search
2026-03-03 22:57:02,609 : INFO : EventManager : Event: ======'ball_search_stopped'====== Args={}
2026-03-03 22:57:02,669 : INFO : SwitchController : <<<<<<< 's_orbit_right' inactive >>>>>>>
2026-03-03 22:57:02,857 : INFO : coil.c_start_button_led : Disabling Driver
2026-03-03 22:57:03,170 : INFO : SwitchController : <<<<<<< 's_orbit_left' active >>>>>>>
2026-03-03 22:57:03,170 : INFO : EventManager : Event: ======'sw_playfield_active'====== Args={}
2026-03-03 22:57:03,171 : INFO : EventManager : Event: ======'playfield_active'====== Args={'source': None}
2026-03-03 22:57:03,248 : INFO : SwitchController : <<<<<<< 's_orbit_left' inactive >>>>>>>
2026-03-03 22:57:03,854 : INFO : coil.c_start_button_led : Enabling Driver with power 1.0 (pulse_ms 10ms and pulse_power 1.0)
2026-03-03 22:57:04,848 : INFO : coil.c_start_button_led : Disabling Driver
2026-03-03 22:57:04,880 : INFO : ball_device.bd_plunger : State: failed_confirm
2026-03-03 22:57:04,880 : INFO : ball_device.bd_plunger : Got timeout (3.0s) before confirm from <playfield.playfield>
2026-03-03 22:57:04,973 : INFO : ball_device.bd_plunger : Confirming eject because target is playfield and ball did not return.
2026-03-03 22:57:04,973 : INFO : ball_device.bd_plunger : Eject successful
2026-03-03 22:57:04,973 : INFO : EventManager : Event: ======'balldevice_bd_plunger_ball_eject_success'====== Args={'balls': 1, 'target': <playfield.playfield>}
2026-03-03 22:57:04,974 : INFO : EventManager : Event: ======'balldevice_playfield_ball_enter'====== Args={'new_balls': 1, 'unclaimed_balls': 1, 'device': <playfield.playfield>}
2026-03-03 22:57:04,974 : INFO : EventManager : Event: ======'playfield_ball_count_change'====== Args={'balls': 1, 'change': 1}
2026-03-03 22:57:04,975 : INFO : EventManager : Event: ======'balldevice_bd_plunger_ball_count_changed'====== Args={'balls': 0}
2026-03-03 22:57:04,975 : INFO : ball_device.bd_plunger : State: idle
2026-03-03 22:57:05,845 : INFO : coil.c_start_button_led : Enabling Driver with power 1.0 (pulse_ms 10ms and pulse_power 1.0)
2026-03-03 22:57:06,845 : INFO : coil.c_start_button_led : Disabling Driver
2026-03-03 22:57:07,846 : INFO : coil.c_start_button_led : Enabling Driver with power 1.0 (pulse_ms 10ms and pulse_power 1.0)
2026-03-03 22:57:08,844 : INFO : Timer.attract_carousel_timer : Timer Complete
2026-03-03 22:57:08,844 : INFO : Timer.attract_carousel_timer : Stopping Timer
2026-03-03 22:57:08,844 : INFO : EventManager : Event: ======'timer_attract_carousel_timer_stopped'====== Args={'ticks': 1, 'ticks_remaining': 1}
2026-03-03 22:57:08,844 : INFO : EventManager : Event: ======'timer_attract_carousel_timer_complete'====== Args={'ticks': 1, 'ticks_remaining': 1}
2026-03-03 22:57:08,844 : INFO : coil.c_start_button_led : Disabling Driver
2026-03-03 22:57:08,845 : INFO : EventManager : Event: ======'carousel_item_highlighted'====== Args={'carousel': 'attract', 'direction': 'forwards', 'item': 'presented_by'}
2026-03-03 22:57:08,845 : INFO : Timer.attract_carousel_timer : Starting Timer.
2026-03-03 22:57:08,845 : INFO : EventManager : Event: ======'timer_attract_carousel_timer_started'====== Args={'ticks': 0, 'ticks_remaining': 1}
2026-03-03 22:57:08,846 : INFO : EventManager : Event: ======'timer_attract_carousel_timer_tick'====== Args={'ticks': 0, 'ticks_remaining': 1}
2026-03-03 22:57:09,841 : INFO : coil.c_start_button_led : Enabling Driver with power 1.0 (pulse_ms 10ms and pulse_power 1.0)
2026-03-03 22:57:10,184 : INFO : SwitchController : <<<<<<< 's_start' active >>>>>>>
2026-03-03 22:57:10,371 : INFO : SwitchController : <<<<<<< 's_start' inactive >>>>>>>
2026-03-03 22:57:10,371 : INFO : EventManager : Event: ======'request_to_start_game'====== Args={}
2026-03-03 22:57:10,372 : INFO : EventManager : Event: ======'collecting_balls'====== Args={}
2026-03-03 22:57:10,372 : INFO : BallController : Known balls: 4
2026-03-03 22:57:10,372 : INFO : BallController : bd_plunger contains 0 balls. Tags []
2026-03-03 22:57:10,372 : INFO : BallController : bd_trough contains 3 balls. Tags ['trough', 'home', 'drain']
2026-03-03 22:57:10,372 : INFO : BallController : bd_lock_elevator contains 0 balls. Tags []
2026-03-03 22:57:10,372 : INFO : BallController : bd_lock_goose contains 0 balls. Tags []
2026-03-03 22:57:10,372 : INFO : BallController : bd_lock_mav contains 0 balls. Tags []
2026-03-03 22:57:10,372 : INFO : BallController : bd_mode_scoop contains 0 balls. Tags []
2026-03-03 22:57:10,372 : INFO : BallController : playfield contains 1 balls. Tags ['default']
2026-03-03 22:57:10,372 : WARNING : BallController : BallController denies game start. Balls are not in their home positions.
2026-03-03 22:57:10,854 : INFO : coil.c_start_button_led : Disabling Driver
2026-03-03 22:57:10,994 : INFO : SwitchController : <<<<<<< 's_start' active >>>>>>>
2026-03-03 22:57:11,166 : INFO : SwitchController : <<<<<<< 's_start' inactive >>>>>>>
2026-03-03 22:57:11,166 : INFO : EventManager : Event: ======'request_to_start_game'====== Args={}
2026-03-03 22:57:11,167 : INFO : EventManager : Event: ======'collecting_balls'====== Args={}
2026-03-03 22:57:11,167 : INFO : BallController : Known balls: 4
2026-03-03 22:57:11,167 : INFO : BallController : bd_plunger contains 0 balls. Tags []
2026-03-03 22:57:11,167 : INFO : BallController : bd_trough contains 3 balls. Tags ['trough', 'home', 'drain']
2026-03-03 22:57:11,167 : INFO : BallController : bd_lock_elevator contains 0 balls. Tags []
2026-03-03 22:57:11,167 : INFO : BallController : bd_lock_goose contains 0 balls. Tags []
2026-03-03 22:57:11,168 : INFO : BallController : bd_lock_mav contains 0 balls. Tags []
2026-03-03 22:57:11,168 : INFO : BallController : bd_mode_scoop contains 0 balls. Tags []
2026-03-03 22:57:11,168 : INFO : BallController : playfield contains 1 balls. Tags ['default']
2026-03-03 22:57:11,168 : WARNING : BallController : BallController denies game start. Balls are not in their home positions.
2026-03-03 22:57:11,292 : INFO : SwitchController : <<<<<<< 's_start' active >>>>>>>
2026-03-03 22:57:11,354 : INFO : SwitchController : <<<<<<< 's_start' inactive >>>>>>>
2026-03-03 22:57:11,355 : INFO : EventManager : Event: ======'request_to_start_game'====== Args={}
2026-03-03 22:57:11,355 : INFO : EventManager : Event: ======'collecting_balls'====== Args={}
2026-03-03 22:57:11,355 : INFO : BallController : Known balls: 4
2026-03-03 22:57:11,356 : INFO : BallController : bd_plunger contains 0 balls. Tags []
2026-03-03 22:57:11,356 : INFO : BallController : bd_trough contains 3 balls. Tags ['trough', 'home', 'drain']
2026-03-03 22:57:11,356 : INFO : BallController : bd_lock_elevator contains 0 balls. Tags []
2026-03-03 22:57:11,356 : INFO : BallController : bd_lock_goose contains 0 balls. Tags []
2026-03-03 22:57:11,356 : INFO : BallController : bd_lock_mav contains 0 balls. Tags []
2026-03-03 22:57:11,356 : INFO : BallController : bd_mode_scoop contains 0 balls. Tags []
2026-03-03 22:57:11,356 : INFO : BallController : playfield contains 1 balls. Tags ['default']
2026-03-03 22:57:11,356 : WARNING : BallController : BallController denies game start. Balls are not in their home positions.
2026-03-03 22:57:11,463 : INFO : SwitchController : <<<<<<< 's_start' active >>>>>>>
2026-03-03 22:57:11,541 : INFO : SwitchController : <<<<<<< 's_start' inactive >>>>>>>
2026-03-03 22:57:11,541 : INFO : EventManager : Event: ======'request_to_start_game'====== Args={}
2026-03-03 22:57:11,542 : INFO : EventManager : Event: ======'collecting_balls'====== Args={}
2026-03-03 22:57:11,542 : INFO : BallController : Known balls: 4
2026-03-03 22:57:11,542 : INFO : BallController : bd_plunger contains 0 balls. Tags []
2026-03-03 22:57:11,542 : INFO : BallController : bd_trough contains 3 balls. Tags ['trough', 'home', 'drain']
2026-03-03 22:57:11,542 : INFO : BallController : bd_lock_elevator contains 0 balls. Tags []
2026-03-03 22:57:11,542 : INFO : BallController : bd_lock_goose contains 0 balls. Tags []
2026-03-03 22:57:11,542 : INFO : BallController : bd_lock_mav contains 0 balls. Tags []
2026-03-03 22:57:11,543 : INFO : BallController : bd_mode_scoop contains 0 balls. Tags []
2026-03-03 22:57:11,543 : INFO : BallController : playfield contains 1 balls. Tags ['default']
2026-03-03 22:57:11,543 : WARNING : BallController : BallController denies game start. Balls are not in their home positions.
2026-03-03 22:57:11,619 : INFO : SwitchController : <<<<<<< 's_start' active >>>>>>>
2026-03-03 22:57:11,728 : INFO : SwitchController : <<<<<<< 's_start' inactive >>>>>>>
2026-03-03 22:57:11,728 : INFO : EventManager : Event: ======'request_to_start_game'====== Args={}
2026-03-03 22:57:11,729 : INFO : EventManager : Event: ======'collecting_balls'====== Args={}
2026-03-03 22:57:11,729 : INFO : BallController : Known balls: 4
2026-03-03 22:57:11,729 : INFO : BallController : bd_plunger contains 0 balls. Tags []
2026-03-03 22:57:11,730 : INFO : BallController : bd_trough contains 3 balls. Tags ['trough', 'home', 'drain']
2026-03-03 22:57:11,730 : INFO : BallController : bd_lock_elevator contains 0 balls. Tags []
2026-03-03 22:57:11,730 : INFO : BallController : bd_lock_goose contains 0 balls. Tags []
2026-03-03 22:57:11,730 : INFO : BallController : bd_lock_mav contains 0 balls. Tags []
2026-03-03 22:57:11,730 : INFO : BallController : bd_mode_scoop contains 0 balls. Tags []
2026-03-03 22:57:11,730 : INFO : BallController : playfield contains 1 balls. Tags ['default']
2026-03-03 22:57:11,730 : WARNING : BallController : BallController denies game start. Balls are not in their home positions.
2026-03-03 22:57:11,791 : INFO : SwitchController : <<<<<<< 's_start' active >>>>>>>
2026-03-03 22:57:11,853 : INFO : coil.c_start_button_led : Enabling Driver with power 1.0 (pulse_ms 10ms and pulse_power 1.0)
2026-03-03 22:57:11,883 : INFO : SwitchController : <<<<<<< 's_start' inactive >>>>>>>
2026-03-03 22:57:11,883 : INFO : EventManager : Event: ======'request_to_start_game'====== Args={}
2026-03-03 22:57:11,884 : INFO : EventManager : Event: ======'collecting_balls'====== Args={}
2026-03-03 22:57:11,884 : INFO : BallController : Known balls: 4
2026-03-03 22:57:11,885 : INFO : BallController : bd_plunger contains 0 balls. Tags []
2026-03-03 22:57:11,885 : INFO : BallController : bd_trough contains 3 balls. Tags ['trough', 'home', 'drain']
2026-03-03 22:57:11,885 : INFO : BallController : bd_lock_elevator contains 0 balls. Tags []
2026-03-03 22:57:11,885 : INFO : BallController : bd_lock_goose contains 0 balls. Tags []
2026-03-03 22:57:11,885 : INFO : BallController : bd_lock_mav contains 0 balls. Tags []
2026-03-03 22:57:11,885 : INFO : BallController : bd_mode_scoop contains 0 balls. Tags []
2026-03-03 22:57:11,885 : INFO : BallController : playfield contains 1 balls. Tags ['default']
2026-03-03 22:57:11,885 : WARNING : BallController : BallController denies game start. Balls are not in their home positions.
2026-03-03 22:57:11,961 : INFO : SwitchController : <<<<<<< 's_start' active >>>>>>>
2026-03-03 22:57:12,055 : INFO : SwitchController : <<<<<<< 's_start' inactive >>>>>>>
2026-03-03 22:57:12,055 : INFO : EventManager : Event: ======'request_to_start_game'====== Args={}
2026-03-03 22:57:12,056 : INFO : EventManager : Event: ======'collecting_balls'====== Args={}
2026-03-03 22:57:12,056 : INFO : BallController : Known balls: 4
2026-03-03 22:57:12,056 : INFO : BallController : bd_plunger contains 0 balls. Tags []
2026-03-03 22:57:12,056 : INFO : BallController : bd_trough contains 3 balls. Tags ['trough', 'home', 'drain']
2026-03-03 22:57:12,056 : INFO : BallController : bd_lock_elevator contains 0 balls. Tags []
2026-03-03 22:57:12,056 : INFO : BallController : bd_lock_goose contains 0 balls. Tags []
2026-03-03 22:57:12,056 : INFO : BallController : bd_lock_mav contains 0 balls. Tags []
2026-03-03 22:57:12,056 : INFO : BallController : bd_mode_scoop contains 0 balls. Tags []
2026-03-03 22:57:12,056 : INFO : BallController : playfield contains 1 balls. Tags ['default']
2026-03-03 22:57:12,056 : WARNING : BallController : BallController denies game start. Balls are not in their home positions.
2026-03-03 22:57:12,119 : INFO : SwitchController : <<<<<<< 's_start' active >>>>>>>
2026-03-03 22:57:12,197 : INFO : SwitchController : <<<<<<< 's_start' inactive >>>>>>>
2026-03-03 22:57:12,197 : INFO : EventManager : Event: ======'request_to_start_game'====== Args={}
2026-03-03 22:57:12,197 : INFO : EventManager : Event: ======'collecting_balls'====== Args={}
2026-03-03 22:57:12,198 : INFO : BallController : Known balls: 4
2026-03-03 22:57:12,198 : INFO : BallController : bd_plunger contains 0 balls. Tags []
2026-03-03 22:57:12,198 : INFO : BallController : bd_trough contains 3 balls. Tags ['trough', 'home', 'drain']
2026-03-03 22:57:12,198 : INFO : BallController : bd_lock_elevator contains 0 balls. Tags []
2026-03-03 22:57:12,198 : INFO : BallController : bd_lock_goose contains 0 balls. Tags []
2026-03-03 22:57:12,198 : INFO : BallController : bd_lock_mav contains 0 balls. Tags []
2026-03-03 22:57:12,198 : INFO : BallController : bd_mode_scoop contains 0 balls. Tags []
2026-03-03 22:57:12,198 : INFO : BallController : playfield contains 1 balls. Tags ['default']
2026-03-03 22:57:12,198 : WARNING : BallController : BallController denies game start. Balls are not in their home positions.
2026-03-03 22:57:12,274 : INFO : SwitchController : <<<<<<< 's_start' active >>>>>>>
2026-03-03 22:57:12,772 : INFO : SwitchController : <<<<<<< 's_start' inactive >>>>>>>
2026-03-03 22:57:12,772 : INFO : EventManager : Event: ======'request_to_start_game'====== Args={}
2026-03-03 22:57:12,773 : INFO : EventManager : Event: ======'collecting_balls'====== Args={}
2026-03-03 22:57:12,773 : INFO : BallController : Known balls: 4
2026-03-03 22:57:12,773 : INFO : BallController : bd_plunger contains 0 balls. Tags []
2026-03-03 22:57:12,773 : INFO : BallController : bd_trough contains 3 balls. Tags ['trough', 'home', 'drain']
2026-03-03 22:57:12,773 : INFO : BallController : bd_lock_elevator contains 0 balls. Tags []
2026-03-03 22:57:12,773 : INFO : BallController : bd_lock_goose contains 0 balls. Tags []
2026-03-03 22:57:12,773 : INFO : BallController : bd_lock_mav contains 0 balls. Tags []
2026-03-03 22:57:12,773 : INFO : BallController : bd_mode_scoop contains 0 balls. Tags []
2026-03-03 22:57:12,774 : INFO : BallController : playfield contains 1 balls. Tags ['default']
2026-03-03 22:57:12,774 : WARNING : BallController : BallController denies game start. Balls are not in their home positions.
2026-03-03 22:57:12,848 : INFO : coil.c_start_button_led : Disabling Driver
2026-03-03 22:57:13,845 : INFO : coil.c_start_button_led : Enabling Driver with power 1.0 (pulse_ms 10ms and pulse_power 1.0)
2026-03-03 22:57:14,031 : INFO : EventManager : Event: ======'attract_cycle_step2'====== Args={}
2026-03-03 22:57:14,843 : INFO : coil.c_start_button_led : Disabling Driver
2026-03-03 22:57:15,841 : INFO : Timer.attract_carousel_timer : Timer Complete
2026-03-03 22:57:15,841 : INFO : Timer.attract_carousel_timer : Stopping Timer
2026-03-03 22:57:15,841 : INFO : EventManager : Event: ======'timer_attract_carousel_timer_stopped'====== Args={'ticks': 1, 'ticks_remaining': 1}
2026-03-03 22:57:15,841 : INFO : EventManager : Event: ======'timer_attract_carousel_timer_complete'====== Args={'ticks': 1, 'ticks_remaining': 1}
2026-03-03 22:57:15,841 : INFO : coil.c_start_button_led : Enabling Driver with power 1.0 (pulse_ms 10ms and pulse_power 1.0)
2026-03-03 22:57:15,843 : INFO : EventManager : Event: ======'carousel_item_highlighted'====== Args={'carousel': 'attract', 'direction': 'forwards', 'item': 'hotrod_pinball_logo'}
2026-03-03 22:57:15,843 : INFO : Timer.attract_carousel_timer : Starting Timer.
2026-03-03 22:57:15,843 : INFO : EventManager : Event: ======'timer_attract_carousel_timer_started'====== Args={'ticks': 0, 'ticks_remaining': 1}
2026-03-03 22:57:15,843 : INFO : EventManager : Event: ======'timer_attract_carousel_timer_tick'====== Args={'ticks': 0, 'ticks_remaining': 1}
2026-03-03 22:57:16,852 : INFO : coil.c_start_button_led : Disabling Driver
2026-03-03 22:57:17,835 : INFO : Machine : Shutting down...
2026-03-03 22:57:17,835 : INFO : EventManager : Event: ======'shutdown'====== Args={}
2026-03-03 22:57:17,847 : INFO : coil.c_start_button_led : Enabling Driver with power 1.0 (pulse_ms 10ms and pulse_power 1.0)
2026-03-03 22:57:17,930 : INFO : root : MPF run loop ended.
