2026-02-18 21:41:35,815 : INFO : root : Loading config.
2026-02-18 21:41:35,819 : INFO : YamlMultifileConfigLoader : Machine config file #1: config.yaml
2026-02-18 21:41:35,819 : INFO : ConfigProcessor : Loading config from cache: C:\Users\White\AppData\Local\Temp\39c4b34018bdb564eab7cf26b7f669ee.mpf_cache
2026-02-18 21:41:35,930 : INFO : ConfigProcessor : Loading config from cache: C:\Users\White\AppData\Local\Temp\dcfa5ee5b10d64a3b94fd534c1aa451d.mpf_cache
2026-02-18 21:41:35,931 : INFO : ConfigProcessor : Loading config from cache: C:\Users\White\AppData\Local\Temp\91cc4d1c993c58dc354e34974b9cfeac.mpf_cache
2026-02-18 21:41:35,931 : INFO : ConfigProcessor : Loading config from cache: C:\Users\White\AppData\Local\Temp\35b01af7767e50eba76da865e2d7f95a.mpf_cache
2026-02-18 21:41:35,933 : INFO : ConfigProcessor : Loading config from cache: C:\Users\White\AppData\Local\Temp\954a0964095d05f049666b24b311e3e0.mpf_cache
2026-02-18 21:41:35,934 : INFO : ConfigProcessor : Loading config from cache: C:\Users\White\AppData\Local\Temp\dcfa5ee5b10d64a3b94fd534c1aa451d.mpf_cache
2026-02-18 21:41:35,934 : INFO : ConfigProcessor : Loading config from cache: C:\Users\White\AppData\Local\Temp\a9244cf73bd1b995c8229a78fecf001a.mpf_cache
2026-02-18 21:41:35,935 : WARNING : ConfigProcessor : Config file in cache changed: C:\Users\White\documents\top_gun_pinball\modes\base\config\base.yaml
2026-02-18 21:41:35,935 : INFO : ConfigProcessor : Loading config from file C:\Users\White\documents\top_gun_pinball\modes\base\config\base.yaml.
2026-02-18 21:41:35,968 : INFO : ConfigProcessor : Loading config: C:\Users\White\documents\top_gun_pinball\modes\base\config\base.yaml
2026-02-18 21:41:35,970 : INFO : ConfigProcessor : Config file cache created: C:\Users\White\AppData\Local\Temp\981e6839caefcab32cd6f1225f0b1dcf.mpf_cache
2026-02-18 21:41:35,971 : INFO : ConfigProcessor : Loading config from cache: C:\Users\White\AppData\Local\Temp\78ac3c6ac2705ccef0aca6223f38636a.mpf_cache
2026-02-18 21:41:35,973 : INFO : ConfigProcessor : Loading config from cache: C:\Users\White\AppData\Local\Temp\a859aaec01fc9eda8e384946277a1be9.mpf_cache
2026-02-18 21:41:35,974 : INFO : ConfigProcessor : Loading config from cache: C:\Users\White\AppData\Local\Temp\3a2f2089f214eeb3c016e23cf6937b46.mpf_cache
2026-02-18 21:41:35,974 : INFO : ConfigProcessor : Loading config from cache: C:\Users\White\AppData\Local\Temp\d70718505753edc7bfae94d93c7e0d17.mpf_cache
2026-02-18 21:41:35,976 : INFO : ConfigProcessor : Loading config from cache: C:\Users\White\AppData\Local\Temp\824f161cac9e4c9f1443132020691281.mpf_cache
2026-02-18 21:41:35,976 : INFO : ConfigProcessor : Loading config from cache: C:\Users\White\AppData\Local\Temp\ba6e93360aa60032a4b7b34f9cffdce0.mpf_cache
2026-02-18 21:41:35,977 : INFO : ConfigProcessor : Loading config from cache: C:\Users\White\AppData\Local\Temp\a18f6718f5a170b21c37bd725ebae781.mpf_cache
2026-02-18 21:41:35,978 : INFO : ConfigProcessor : Loading config from cache: C:\Users\White\AppData\Local\Temp\8709151c8d2d3863b5fceda4c115c736.mpf_cache
2026-02-18 21:41:35,979 : INFO : ConfigProcessor : Loading config from cache: C:\Users\White\AppData\Local\Temp\769cd60133e5c0b9a985e6e3690a3631.mpf_cache
2026-02-18 21:41:35,980 : INFO : ConfigProcessor : Loading config from cache: C:\Users\White\AppData\Local\Temp\88387b71764ec8c6867c539ea54a2040.mpf_cache
2026-02-18 21:41:35,981 : INFO : ConfigProcessor : Loading config from cache: C:\Users\White\AppData\Local\Temp\2b752b47ed38224cd6b4953549e961ec.mpf_cache
2026-02-18 21:41:35,983 : INFO : ConfigProcessor : Loading config from cache: C:\Users\White\AppData\Local\Temp\bc5a83a7db04a21de896bef4617be537.mpf_cache
2026-02-18 21:41:35,985 : INFO : ConfigProcessor : Loading config from cache: C:\Users\White\AppData\Local\Temp\9ea7462f1dcba752602eb310d0ad4a44.mpf_cache
2026-02-18 21:41:35,985 : INFO : ConfigProcessor : Loading config from cache: C:\Users\White\AppData\Local\Temp\96651e0be7a1992a8a7abf26a9350bb6.mpf_cache
2026-02-18 21:41:35,986 : WARNING : ConfigProcessor : Config file in cache changed: C:\Users\White\documents\top_gun_pinball\modes\top_gun_multiball\config\top_gun_multiball.yaml
2026-02-18 21:41:35,986 : INFO : ConfigProcessor : Loading config from file C:\Users\White\documents\top_gun_pinball\modes\top_gun_multiball\config\top_gun_multiball.yaml.
2026-02-18 21:41:36,034 : INFO : ConfigProcessor : Loading config: C:\Users\White\documents\top_gun_pinball\modes\top_gun_multiball\config\top_gun_multiball.yaml
2026-02-18 21:41:36,039 : INFO : ConfigProcessor : Config file cache created: C:\Users\White\AppData\Local\Temp\cbfc37a30bf6aa1a7a2aa4e455a94298.mpf_cache
2026-02-18 21:41:36,040 : INFO : ConfigProcessor : Loading config from cache: C:\Users\White\AppData\Local\Temp\fccb93411cf20b3ccac68b1dad0cbb88.mpf_cache
2026-02-18 21:41:36,041 : INFO : ConfigProcessor : Loading config from cache: C:\Users\White\AppData\Local\Temp\e16268268679c5881d2554ba916948dd.mpf_cache
2026-02-18 21:41:36,043 : INFO : ConfigProcessor : Loading config from cache: C:\Users\White\AppData\Local\Temp\81f3f7be5108efd0b69d2cf71a558028.mpf_cache
2026-02-18 21:41:36,044 : INFO : ConfigProcessor : Loading config from cache: C:\Users\White\AppData\Local\Temp\fd6f0b40037ebf84651c592cbc8bc03a.mpf_cache
2026-02-18 21:41:36,045 : INFO : ConfigProcessor : Loading config from cache: C:\Users\White\AppData\Local\Temp\e1cebbcae09bac7286b592746f768daa.mpf_cache
2026-02-18 21:41:36,046 : WARNING : ConfigProcessor : Config file in cache changed: C:\Users\White\documents\top_gun_pinball\modes\pilot_mission_qualifier\config\pilot_mission_qualifier.yaml
2026-02-18 21:41:36,047 : INFO : ConfigProcessor : Loading config from file C:\Users\White\documents\top_gun_pinball\modes\pilot_mission_qualifier\config\pilot_mission_qualifier.yaml.
2026-02-18 21:41:36,119 : INFO : ConfigProcessor : Loading config: C:\Users\White\documents\top_gun_pinball\modes\pilot_mission_qualifier\config\pilot_mission_qualifier.yaml
2026-02-18 21:41:36,122 : INFO : ConfigProcessor : Config file cache created: C:\Users\White\AppData\Local\Temp\55d5943d63961b44af3f854c02c721ad.mpf_cache
2026-02-18 21:41:36,123 : INFO : ConfigProcessor : Loading config from cache: C:\Users\White\AppData\Local\Temp\8f22b463b668cef8fc8e91f8271e08dd.mpf_cache
2026-02-18 21:41:36,126 : INFO : ConfigProcessor : Loading config from cache: C:\Users\White\AppData\Local\Temp\9ac10604873d355c34af0d8445abb8db.mpf_cache
2026-02-18 21:41:36,129 : INFO : ConfigProcessor : Loading config from cache: C:\Users\White\AppData\Local\Temp\77e3efdaa7991fde2ded950a578d622d.mpf_cache
2026-02-18 21:41:36,131 : INFO : ConfigProcessor : Loading config from cache: C:\Users\White\AppData\Local\Temp\19da4e94fc5ce3c5f810a9c7463c1354.mpf_cache
2026-02-18 21:41:36,133 : INFO : ConfigProcessor : Loading config from cache: C:\Users\White\AppData\Local\Temp\4443efc54f3a5f57a313f4078fbddd50.mpf_cache
2026-02-18 21:41:36,134 : INFO : ConfigProcessor : Loading config from cache: C:\Users\White\AppData\Local\Temp\88f72734ea72fc22245e5b82d5a75cb6.mpf_cache
2026-02-18 21:41:36,136 : INFO : ConfigProcessor : Loading config from cache: C:\Users\White\AppData\Local\Temp\2b3f78690e4e473b8e5df94cdc0ab039.mpf_cache
2026-02-18 21:41:36,137 : INFO : ConfigProcessor : Loading config from cache: C:\Users\White\AppData\Local\Temp\fa987fd2c3266ab64543e0b64578d739.mpf_cache
2026-02-18 21:41:36,141 : INFO : ConfigProcessor : Loading config from cache: C:\Users\White\AppData\Local\Temp\f26c5a15de77ef0685e209821eddbe7d.mpf_cache
2026-02-18 21:41:36,143 : INFO : ConfigProcessor : Loading config from cache: C:\Users\White\AppData\Local\Temp\c2c1510818de090aac140fad4cc773a2.mpf_cache
2026-02-18 21:41:36,145 : INFO : ConfigProcessor : Loading config from cache: C:\Users\White\AppData\Local\Temp\98d3d7eb23a2f141af3b9c324af06e38.mpf_cache
2026-02-18 21:41:36,151 : INFO : ConfigProcessor : Loading config from cache: C:\Users\White\AppData\Local\Temp\9a3b340b295c94e005fb29d2d35803d1.mpf_cache
2026-02-18 21:41:36,158 : INFO : ConfigProcessor : Loading config from cache: C:\Users\White\AppData\Local\Temp\6a788fdfb83194d81af99a12c59a319a.mpf_cache
2026-02-18 21:41:36,161 : INFO : ConfigProcessor : Loading config from cache: C:\Users\White\AppData\Local\Temp\2fe82acdc56ea652ff3066fd375b17fa.mpf_cache
2026-02-18 21:41:36,163 : INFO : ConfigProcessor : Loading config from cache: C:\Users\White\AppData\Local\Temp\d567fbe46807f36791c9019d207c2440.mpf_cache
2026-02-18 21:41:36,164 : INFO : ConfigProcessor : Loading config from cache: C:\Users\White\AppData\Local\Temp\4e3068d09bb0285319ebd926b91ae940.mpf_cache
2026-02-18 21:41:36,166 : INFO : ConfigProcessor : Loading config from cache: C:\Users\White\AppData\Local\Temp\669bfab06c6aa3a1674b0f4b50ae7a3c.mpf_cache
2026-02-18 21:41:36,167 : INFO : ConfigProcessor : Loading config from cache: C:\Users\White\AppData\Local\Temp\a6fe037899bc77554e846472e6476319.mpf_cache
2026-02-18 21:41:36,168 : INFO : ConfigProcessor : Loading config from cache: C:\Users\White\AppData\Local\Temp\cd20ab9d6bcfc3d94797e381db389ad9.mpf_cache
2026-02-18 21:41:36,168 : INFO : ConfigProcessor : Loading config from cache: C:\Users\White\AppData\Local\Temp\d763b47a22b017336bfbe57a6af89149.mpf_cache
2026-02-18 21:41:36,169 : INFO : ConfigProcessor : Loading config from cache: C:\Users\White\AppData\Local\Temp\386baade319655b6aedfa45ddbf562f0.mpf_cache
2026-02-18 21:41:36,171 : INFO : ConfigProcessor : Loading config from cache: C:\Users\White\AppData\Local\Temp\0ba5adb65e1d75578edd80699100c28e.mpf_cache
2026-02-18 21:41:36,171 : INFO : ConfigProcessor : Loading config from cache: C:\Users\White\AppData\Local\Temp\b5471f08be9278463d25e3c2f06df8dd.mpf_cache
2026-02-18 21:41:36,173 : INFO : ConfigProcessor : Loading config from cache: C:\Users\White\AppData\Local\Temp\0420af4d870b9d4dca0c113858eeb892.mpf_cache
2026-02-18 21:41:36,174 : INFO : ConfigProcessor : Loading config from cache: C:\Users\White\AppData\Local\Temp\29db96f2862a8d571fce5d97e7bfa998.mpf_cache
2026-02-18 21:41:36,175 : INFO : ConfigProcessor : Loading config from cache: C:\Users\White\AppData\Local\Temp\c4e65309e05241fe1ada1112ae55c9ef.mpf_cache
2026-02-18 21:41:36,175 : INFO : Machine : Mission Pinball Framework Core Engine v0.80.0.dev11
2026-02-18 21:41:36,175 : INFO : Machine : Command line arguments: {'no_load_cache': False, 'create_config_cache': True, 'bcp': True, 'configfile': ['config.yaml'], 'force_assets_load': False, 'platform_integration_test': False, 'jsonlogging': False, 'logfile': 'logs\\2026-02-18-21-41-35-mpf-TopGunPinball.log', 'pause': False, 'production': False, 'text_ui': False, 'loglevel': 15, 'consoleloglevel': 20, 'force_platform': None, 'syslog_address': None, 'full_logfile_path': 'C:\\Users\\White\\documents\\top_gun_pinball\\logs\\2026-02-18-21-41-35-mpf-TopGunPinball.log'}
2026-02-18 21:41:36,176 : INFO : Machine : MPF path: C:\Users\White\mpf\Lib\site-packages\mpf
2026-02-18 21:41:36,176 : INFO : Machine : Machine path: C:\Users\White\documents\top_gun_pinball
2026-02-18 21:41:36,176 : INFO : Machine : Platform: win32
2026-02-18 21:41:36,176 : INFO : Machine : Python executable location: C:\Users\White\mpf\Scripts\python.exe
2026-02-18 21:41:36,176 : INFO : Machine : Python version: 3.12.7 (64-bit)
2026-02-18 21:41:36,178 : INFO : Machine : Initializing MPF...
2026-02-18 21:41:36,294 : INFO : FAST : Auto-detecting ports for the following connections: ['net', 'exp', 'aud']
2026-02-18 21:41:36,832 : INFO : FAST : Detected AUD on port COM7
2026-02-18 21:41:36,832 : INFO : FAST : Detected EXP on port COM4
2026-02-18 21:41:36,832 : INFO : FAST : Detected NET on port COM3
2026-02-18 21:41:36,943 : INFO : FAST [NET] : Trying to connect to COM3 at 921600bps
2026-02-18 21:41:37,021 : INFO : FAST [NET] : Connected to COM3 at 921600bps
2026-02-18 21:41:37,037 : INFO : FAST [NET] : Connected to FP-CPU-2000 with firmware v02.26
2026-02-18 21:41:37,067 : INFO : FAST [NET] : Registered I/O Board 0: Model: FP-I/O-0024, Firmware: 01.10, Switches: 24, Drivers: 8
2026-02-18 21:41:37,083 : INFO : FAST [NET] : Registered I/O Board 1: Model: FP-I/O-3208, Firmware: 01.10, Switches: 32, Drivers: 8
2026-02-18 21:41:37,098 : INFO : FAST [NET] : Registered I/O Board 2: Model: FP-I/O-3208, Firmware: 01.10, Switches: 32, Drivers: 8
2026-02-18 21:41:37,114 : INFO : FAST [NET] : Registered I/O Board 3: Model: FP-I/O-0804, Firmware: 01.10, Switches: 8, Drivers: 4
2026-02-18 21:41:37,130 : INFO : FAST [NET] : Registered I/O Board 4: Model: FP-I/O-0804, Firmware: 01.10, Switches: 8, Drivers: 4
2026-02-18 21:41:37,132 : INFO : FAST [EXP] : Trying to connect to COM4 at 921600bps
2026-02-18 21:41:37,210 : INFO : FAST [EXP] : Connected to COM4 at 921600bps
2026-02-18 21:41:37,224 : INFO : FAST [EXP] : Verifying hardware for EXP "neuron" (FP-EXP-2000, @48) with ID string "EXP FP-EXP-2000  0.38", board address 48
2026-02-18 21:41:37,240 : INFO : FAST [EXP] : Verifying hardware for EXP "neuron" (FP-EXP-2000, @48) with ID string "LED FP-BRK-0001  0.8", board address 480
2026-02-18 21:41:37,271 : INFO : FAST [EXP] : Verifying hardware for EXP "light_expansion_board" (FP-EXP-0071, @B4) with ID string "EXP FP-EXP-0071  0.38", board address B4
2026-02-18 21:41:37,286 : INFO : FAST [EXP] : Verifying hardware for EXP "light_expansion_board" (FP-EXP-0071, @B4) with ID string "BRK FP-EXP-0071  0.38", board address B40
2026-02-18 21:41:37,303 : INFO : FAST [AUD] : Trying to connect to COM7 at 230400bps
2026-02-18 21:41:37,474 : INFO : FAST [AUD] : Connected to COM7 at 230400bps
2026-02-18 21:41:37,490 : WARNING : FAST [AUD] : Received XX response:F
2026-02-18 21:41:37,490 : WARNING : FAST [AUD] : Received XX response:F
2026-02-18 21:41:37,490 : WARNING : FAST [AUD] : Received XX response:F
2026-02-18 21:41:37,490 : WARNING : FAST [AUD] : Received XX response:F
2026-02-18 21:41:37,491 : INFO : FAST [AUD] : Connected to FP-AUD-0099 with firmware v0.10
2026-02-18 21:41:37,493 : INFO : EventManager : Event: ======'machine_var_credits_string'====== Args={'value': 'FREE PLAY', 'prev_value': None, 'change': True}
2026-02-18 21:41:37,523 : INFO : EventManager : Event: ======'machine_var_audit_balls_played'====== Args={'value': 0, 'prev_value': None, 'change': True}
2026-02-18 21:41:37,523 : INFO : EventManager : Event: ======'machine_var_audit_games_played'====== Args={'value': 0, 'prev_value': None, 'change': True}
2026-02-18 21:41:37,523 : INFO : EventManager : Event: ======'machine_var_audit_high_score'====== Args={'value': 0, 'prev_value': None, 'change': True}
2026-02-18 21:41:37,523 : INFO : EventManager : Event: ======'machine_var_audit_total_game_time'====== Args={'value': 0, 'prev_value': None, 'change': True}
2026-02-18 21:41:37,523 : INFO : EventManager : Event: ======'machine_var_audit_total_plays'====== Args={'value': 0, 'prev_value': None, 'change': True}
2026-02-18 21:41:37,524 : INFO : EventManager : Event: ======'machine_var_fast_audio_headphones_volume'====== Args={'value': 50, 'prev_value': None, 'change': True}
2026-02-18 21:41:37,524 : INFO : EventManager : Event: ======'machine_var_fast_audio_main_volume'====== Args={'value': 31, 'prev_value': None, 'change': True}
2026-02-18 21:41:37,524 : INFO : EventManager : Event: ======'machine_var_master_volume'====== Args={'value': 0.5, 'prev_value': None, 'change': True}
2026-02-18 21:41:37,524 : INFO : EventManager : Event: ======'machine_var_player1_score'====== Args={'value': 1518250, 'prev_value': None, 'change': True}
2026-02-18 21:41:37,524 : INFO : EventManager : Event: ======'machine_var_service_menu_level'====== Args={'value': 0, 'prev_value': None, 'change': True}
2026-02-18 21:41:37,524 : INFO : EventManager : Event: ======'machine_var_service_main_index'====== Args={'value': 0, 'prev_value': None, 'change': True}
2026-02-18 21:41:37,524 : INFO : EventManager : Event: ======'machine_var_service_switch_index'====== Args={'value': 0, 'prev_value': None, 'change': True}
2026-02-18 21:41:37,524 : INFO : EventManager : Event: ======'machine_var_service_coil_index'====== Args={'value': 0, 'prev_value': None, 'change': True}
2026-02-18 21:41:37,524 : INFO : EventManager : Event: ======'machine_var_service_light_index'====== Args={'value': 0, 'prev_value': None, 'change': True}
2026-02-18 21:41:37,524 : INFO : EventManager : Event: ======'machine_var_service_light_color_index'====== Args={'value': 0, 'prev_value': None, 'change': True}
2026-02-18 21:41:37,524 : INFO : EventManager : Event: ======'machine_var_service_adjustment_index'====== Args={'value': 0, 'prev_value': None, 'change': True}
2026-02-18 21:41:37,524 : INFO : EventManager : Event: ======'machine_var_service_audit_index'====== Args={'value': 0, 'prev_value': None, 'change': True}
2026-02-18 21:41:37,524 : INFO : EventManager : Event: ======'machine_var_service_feature_index'====== Args={'value': 0, 'prev_value': None, 'change': True}
2026-02-18 21:41:37,524 : INFO : EventManager : Event: ======'machine_var_service_main_text'====== Args={'value': 'SWITCH TEST', 'prev_value': None, 'change': True}
2026-02-18 21:41:37,524 : INFO : EventManager : Event: ======'machine_var_service_switch_name'====== Args={'value': 'Start Button', 'prev_value': None, 'change': True}
2026-02-18 21:41:37,524 : INFO : EventManager : Event: ======'machine_var_service_switch_num'====== Args={'value': 'Switch 1/63', 'prev_value': None, 'change': True}
2026-02-18 21:41:37,524 : INFO : EventManager : Event: ======'machine_var_service_switch_state'====== Args={'value': 'OPEN', 'prev_value': None, 'change': True}
2026-02-18 21:41:37,525 : INFO : EventManager : Event: ======'machine_var_service_coil_name'====== Args={'value': 'Left Flipper', 'prev_value': None, 'change': True}
2026-02-18 21:41:37,525 : INFO : EventManager : Event: ======'machine_var_service_coil_num'====== Args={'value': 'Coil 1/22', 'prev_value': None, 'change': True}
2026-02-18 21:41:37,525 : INFO : EventManager : Event: ======'machine_var_service_light_name'====== Args={'value': 'Eject Insert', 'prev_value': None, 'change': True}
2026-02-18 21:41:37,525 : INFO : EventManager : Event: ======'machine_var_service_light_num'====== Args={'value': 'Light 1/91', 'prev_value': None, 'change': True}
2026-02-18 21:41:37,525 : INFO : EventManager : Event: ======'machine_var_service_servo_index'====== Args={'value': 0, 'prev_value': None, 'change': True}
2026-02-18 21:41:37,525 : INFO : EventManager : Event: ======'machine_var_service_servo_name'====== Args={'value': 'Right Ramp', 'prev_value': None, 'change': True}
2026-02-18 21:41:37,525 : INFO : EventManager : Event: ======'machine_var_service_servo_num'====== Args={'value': 'Servo 1/6', 'prev_value': None, 'change': True}
2026-02-18 21:41:37,525 : INFO : EventManager : Event: ======'machine_var_service_servo_position'====== Args={'value': 'Pos: 0.05', 'prev_value': None, 'change': True}
2026-02-18 21:41:37,525 : INFO : EventManager : Event: ======'machine_var_service_adjustment_name'====== Args={'value': 'Balls Per Game', 'prev_value': None, 'change': True}
2026-02-18 21:41:37,525 : INFO : EventManager : Event: ======'machine_var_service_adjustment_num'====== Args={'value': 'Setting 1/15', 'prev_value': None, 'change': True}
2026-02-18 21:41:37,525 : INFO : EventManager : Event: ======'machine_var_service_audit_name'====== Args={'value': 'Games Played', 'prev_value': None, 'change': True}
2026-02-18 21:41:37,525 : INFO : EventManager : Event: ======'machine_var_service_audit_num'====== Args={'value': 'Audit 1/10', 'prev_value': None, 'change': True}
2026-02-18 21:41:37,525 : INFO : EventManager : Event: ======'machine_var_service_feature_name'====== Args={'value': 'Pilot Mode Timer', 'prev_value': None, 'change': True}
2026-02-18 21:41:37,525 : INFO : EventManager : Event: ======'machine_var_service_feature_num'====== Args={'value': 'Feature 1/10', 'prev_value': None, 'change': True}
2026-02-18 21:41:37,525 : INFO : EventManager : Event: ======'machine_var_mpf_version'====== Args={'value': 'Mission Pinball Framework v0.80.0.dev11', 'prev_value': None, 'change': True}
2026-02-18 21:41:37,526 : INFO : EventManager : Event: ======'machine_var_mpf_extended_version'====== Args={'value': 'Mission Pinball Framework v0.80.0.dev11, Config version:6, Show version: 6, BCP version:1.1', 'prev_value': None, 'change': True}
2026-02-18 21:41:37,526 : INFO : EventManager : Event: ======'machine_var_python_version'====== Args={'value': '3.12.7', 'prev_value': None, 'change': True}
2026-02-18 21:41:37,683 : INFO : EventManager : Event: ======'machine_var_platform'====== Args={'value': 'Windows-11-10.0.26100-SP0', 'prev_value': None, 'change': True}
2026-02-18 21:41:37,683 : INFO : EventManager : Event: ======'machine_var_platform_system'====== Args={'value': 'Windows', 'prev_value': None, 'change': True}
2026-02-18 21:41:37,683 : INFO : EventManager : Event: ======'machine_var_platform_release'====== Args={'value': '11', 'prev_value': None, 'change': True}
2026-02-18 21:41:37,683 : INFO : EventManager : Event: ======'machine_var_platform_version'====== Args={'value': '10.0.26100', 'prev_value': None, 'change': True}
2026-02-18 21:41:37,683 : INFO : EventManager : Event: ======'machine_var_platform_machine'====== Args={'value': 'AMD64', 'prev_value': None, 'change': True}
2026-02-18 21:41:37,683 : INFO : EventManager : Event: ======'machine_var_log_file_path'====== Args={'value': 'C:\\Users\\White\\documents\\top_gun_pinball\\logs\\2026-02-18-21-41-35-mpf-TopGunPinball.log', 'prev_value': None, 'change': True}
2026-02-18 21:41:37,683 : INFO : EventManager : Event: ======'init_phase_1'====== Args={}
2026-02-18 21:41:40,358 : INFO : SwitchController : <<<<<<< 's_48v_disable' active >>>>>>>
2026-02-18 21:41:40,358 : INFO : SwitchController : <<<<<<< 's_trough_1' active >>>>>>>
2026-02-18 21:41:40,358 : INFO : SwitchController : <<<<<<< 's_trough_2' active >>>>>>>
2026-02-18 21:41:40,359 : INFO : SwitchController : <<<<<<< 's_trough_3' active >>>>>>>
2026-02-18 21:41:40,359 : INFO : SwitchController : <<<<<<< 's_trough_4' active >>>>>>>
2026-02-18 21:41:40,359 : INFO : SwitchController : <<<<<<< 's_trough_5' active >>>>>>>
2026-02-18 21:41:40,359 : INFO : SwitchController : <<<<<<< 's_orbit_right' active >>>>>>>
2026-02-18 21:41:40,359 : INFO : SwitchController : <<<<<<< 's_ramp_inner_exit' active >>>>>>>
2026-02-18 21:41:40,408 : INFO : EventManager : Event: ======'init_phase_2'====== Args={}
2026-02-18 21:41:40,409 : INFO : SwitchController : Found active switch: (0, [FAST Platform Interface]) <switch.s_48v_disable>
2026-02-18 21:41:40,409 : INFO : SwitchController : Found active switch: (24, [FAST Platform Interface]) <switch.s_trough_1>
2026-02-18 21:41:40,409 : INFO : SwitchController : Found active switch: (25, [FAST Platform Interface]) <switch.s_trough_2>
2026-02-18 21:41:40,409 : INFO : SwitchController : Found active switch: (26, [FAST Platform Interface]) <switch.s_trough_3>
2026-02-18 21:41:40,409 : INFO : SwitchController : Found active switch: (27, [FAST Platform Interface]) <switch.s_trough_4>
2026-02-18 21:41:40,409 : INFO : SwitchController : Found active switch: (28, [FAST Platform Interface]) <switch.s_trough_5>
2026-02-18 21:41:40,409 : INFO : SwitchController : Found active switch: (83, [FAST Platform Interface]) <switch.s_orbit_right>
2026-02-18 21:41:40,409 : INFO : SwitchController : Found active switch: (78, [FAST Platform Interface]) <switch.s_ramp_inner_exit>
2026-02-18 21:41:40,622 : INFO : EventManager : Event: ======'bcp_connection_attempt'====== Args={'name': 'local_display', 'host': 'localhost', 'port': 5050}
2026-02-18 21:41:40,624 : INFO : BCPClientSocket : Connecting BCP to 'local_display' at localhost:5050...
2026-02-18 21:41:40,636 : INFO : BCPClientSocket : Connected BCP to 'local_display' localhost:5050
2026-02-18 21:41:40,637 : INFO : EventManager : Event: ======'bcp_clients_connected'====== Args={}
2026-02-18 21:41:40,638 : INFO : ball_device.bd_plunger : BCH: Initial count: 0
2026-02-18 21:41:40,638 : INFO : ball_device.bd_plunger : State: idle
2026-02-18 21:41:40,671 : INFO : ball_device.bd_trough : BCH: Initial count: 5
2026-02-18 21:41:40,672 : INFO : ball_device.bd_trough : State: idle
2026-02-18 21:41:40,673 : INFO : ball_device.bd_lock_elevator : BCH: Initial count: 0
2026-02-18 21:41:40,673 : INFO : ball_device.bd_lock_elevator : State: idle
2026-02-18 21:41:40,674 : INFO : ball_device.bd_lock_goose : BCH: Initial count: 0
2026-02-18 21:41:40,674 : INFO : ball_device.bd_lock_goose : State: idle
2026-02-18 21:41:40,675 : INFO : ball_device.bd_lock_mav : BCH: Initial count: 0
2026-02-18 21:41:40,675 : INFO : ball_device.bd_lock_mav : State: idle
2026-02-18 21:41:40,676 : INFO : ball_device.bd_mode_scoop : BCH: Initial count: 0
2026-02-18 21:41:40,676 : INFO : ball_device.bd_mode_scoop : State: idle
2026-02-18 21:41:40,703 : INFO : EventManager : Event: ======'init_phase_3'====== Args={}
2026-02-18 21:41:43,416 : INFO : EventManager : Event: ======'init_phase_4'====== Args={}
2026-02-18 21:41:43,418 : INFO : BallController : Initial balls found: 5
2026-02-18 21:41:43,419 : INFO : EventManager : Event: ======'machine_var_audits_events_game_ended'====== Args={'value': 49, 'prev_value': None, 'change': True}
2026-02-18 21:41:43,419 : INFO : EventManager : Event: ======'machine_var_audits_events_game_started'====== Args={'value': 1001, 'prev_value': None, 'change': True}
2026-02-18 21:41:43,419 : INFO : EventManager : Event: ======'machine_var_audits_missing_switches_s_48v_disable'====== Args={'value': 180, 'prev_value': None, 'change': True}
2026-02-18 21:41:43,420 : INFO : EventManager : Event: ======'machine_var_audits_missing_switches_s_a_iceman_target'====== Args={'value': 2, 'prev_value': None, 'change': True}
2026-02-18 21:41:43,420 : INFO : EventManager : Event: ======'machine_var_audits_missing_switches_s_c_iceman_target'====== Args={'value': 4, 'prev_value': None, 'change': True}
2026-02-18 21:41:43,420 : INFO : EventManager : Event: ======'machine_var_audits_missing_switches_s_coin_door'====== Args={'value': 28, 'prev_value': None, 'change': True}
2026-02-18 21:41:43,420 : INFO : EventManager : Event: ======'machine_var_audits_missing_switches_s_coin_door_credit_left'====== Args={'value': 795, 'prev_value': None, 'change': True}
2026-02-18 21:41:43,420 : INFO : EventManager : Event: ======'machine_var_audits_missing_switches_s_coin_door_credit_right'====== Args={'value': 187, 'prev_value': None, 'change': True}
2026-02-18 21:41:43,420 : INFO : EventManager : Event: ======'machine_var_audits_missing_switches_s_coin_door_service_1'====== Args={'value': 30, 'prev_value': None, 'change': True}
2026-02-18 21:41:43,420 : INFO : EventManager : Event: ======'machine_var_audits_missing_switches_s_coin_door_service_2'====== Args={'value': 30, 'prev_value': None, 'change': True}
2026-02-18 21:41:43,420 : INFO : EventManager : Event: ======'machine_var_audits_missing_switches_s_coin_door_service_3'====== Args={'value': 30, 'prev_value': None, 'change': True}
2026-02-18 21:41:43,420 : INFO : EventManager : Event: ======'machine_var_audits_missing_switches_s_coin_door_service_4'====== Args={'value': 30, 'prev_value': None, 'change': True}
2026-02-18 21:41:43,420 : INFO : EventManager : Event: ======'machine_var_audits_missing_switches_s_e_iceman_target'====== Args={'value': 4, 'prev_value': None, 'change': True}
2026-02-18 21:41:43,420 : INFO : EventManager : Event: ======'machine_var_audits_missing_switches_s_flight_gear_target'====== Args={'value': 2, 'prev_value': None, 'change': True}
2026-02-18 21:41:43,420 : INFO : EventManager : Event: ======'machine_var_audits_missing_switches_s_flipper_right'====== Args={'value': 1, 'prev_value': None, 'change': True}
2026-02-18 21:41:43,420 : INFO : EventManager : Event: ======'machine_var_audits_missing_switches_s_flipper_right_eos'====== Args={'value': 1, 'prev_value': None, 'change': True}
2026-02-18 21:41:43,420 : INFO : EventManager : Event: ======'machine_var_audits_missing_switches_s_i_iceman_target'====== Args={'value': 4, 'prev_value': None, 'change': True}
2026-02-18 21:41:43,420 : INFO : EventManager : Event: ======'machine_var_audits_missing_switches_s_lane_left'====== Args={'value': 8, 'prev_value': None, 'change': True}
2026-02-18 21:41:43,420 : INFO : EventManager : Event: ======'machine_var_audits_missing_switches_s_m_iceman_target'====== Args={'value': 2, 'prev_value': None, 'change': True}
2026-02-18 21:41:43,420 : INFO : EventManager : Event: ======'machine_var_audits_missing_switches_s_n_iceman_target'====== Args={'value': 6, 'prev_value': None, 'change': True}
2026-02-18 21:41:43,420 : INFO : EventManager : Event: ======'machine_var_audits_missing_switches_s_orbit_lower'====== Args={'value': 37, 'prev_value': None, 'change': True}
2026-02-18 21:41:43,420 : INFO : EventManager : Event: ======'machine_var_audits_missing_switches_s_orbit_upper'====== Args={'value': 1, 'prev_value': None, 'change': True}
2026-02-18 21:41:43,420 : INFO : EventManager : Event: ======'machine_var_audits_missing_switches_s_outlane_left'====== Args={'value': 2, 'prev_value': None, 'change': True}
2026-02-18 21:41:43,420 : INFO : EventManager : Event: ======'machine_var_audits_missing_switches_s_plunger_lane'====== Args={'value': 10, 'prev_value': None, 'change': True}
2026-02-18 21:41:43,420 : INFO : EventManager : Event: ======'machine_var_audits_missing_switches_s_ramp_left_exit'====== Args={'value': 3, 'prev_value': None, 'change': True}
2026-02-18 21:41:43,422 : INFO : EventManager : Event: ======'machine_var_audits_missing_switches_s_ramp_tower_exit'====== Args={'value': 1, 'prev_value': None, 'change': True}
2026-02-18 21:41:43,422 : INFO : EventManager : Event: ======'machine_var_audits_missing_switches_s_slingshot_right'====== Args={'value': 2, 'prev_value': None, 'change': True}
2026-02-18 21:41:43,422 : INFO : EventManager : Event: ======'machine_var_audits_missing_switches_s_tilt'====== Args={'value': 87, 'prev_value': None, 'change': True}
2026-02-18 21:41:43,422 : INFO : EventManager : Event: ======'machine_var_audits_player_score'====== Args={'value': {'average': 1303256, 'top': [8367250, 6912950, 4790750, 2977800, 2783350, 2289500, 2231750, 2229000, 2197050, 2158950], 'total': 52}, 'prev_value': None, 'change': True}
2026-02-18 21:41:43,422 : INFO : EventManager : Event: ======'machine_var_audits_shots_bumper_center'====== Args={'value': 1531, 'prev_value': None, 'change': True}
2026-02-18 21:41:43,422 : INFO : EventManager : Event: ======'machine_var_audits_shots_bumper_left'====== Args={'value': 1120, 'prev_value': None, 'change': True}
2026-02-18 21:41:43,422 : INFO : EventManager : Event: ======'machine_var_audits_shots_bumper_right'====== Args={'value': 1115, 'prev_value': None, 'change': True}
2026-02-18 21:41:43,422 : INFO : EventManager : Event: ======'machine_var_audits_shots_mach_ramp'====== Args={'value': 1042, 'prev_value': None, 'change': True}
2026-02-18 21:41:43,422 : INFO : EventManager : Event: ======'machine_var_audits_shots_mig_lane_left'====== Args={'value': 255, 'prev_value': None, 'change': True}
2026-02-18 21:41:43,422 : INFO : EventManager : Event: ======'machine_var_audits_shots_mig_lane_right'====== Args={'value': 92, 'prev_value': None, 'change': True}
2026-02-18 21:41:43,422 : INFO : EventManager : Event: ======'machine_var_audits_shots_orbit_upper'====== Args={'value': 71, 'prev_value': None, 'change': True}
2026-02-18 21:41:43,422 : INFO : EventManager : Event: ======'machine_var_audits_shots_ramp_inner'====== Args={'value': 84, 'prev_value': None, 'change': True}
2026-02-18 21:41:43,422 : INFO : EventManager : Event: ======'machine_var_audits_shots_spinner'====== Args={'value': 76, 'prev_value': None, 'change': True}
2026-02-18 21:41:43,422 : INFO : EventManager : Event: ======'machine_var_audits_switches_s_48v_disable'====== Args={'value': 0, 'prev_value': None, 'change': True}
2026-02-18 21:41:43,422 : INFO : EventManager : Event: ======'machine_var_audits_switches_s_a_iceman_target'====== Args={'value': 548, 'prev_value': None, 'change': True}
2026-02-18 21:41:43,422 : INFO : EventManager : Event: ======'machine_var_audits_switches_s_barrier_target'====== Args={'value': 296, 'prev_value': None, 'change': True}
2026-02-18 21:41:43,422 : INFO : EventManager : Event: ======'machine_var_audits_switches_s_bumper_center'====== Args={'value': 1551, 'prev_value': None, 'change': True}
2026-02-18 21:41:43,422 : INFO : EventManager : Event: ======'machine_var_audits_switches_s_bumper_left'====== Args={'value': 1151, 'prev_value': None, 'change': True}
2026-02-18 21:41:43,422 : INFO : EventManager : Event: ======'machine_var_audits_switches_s_bumper_right'====== Args={'value': 1121, 'prev_value': None, 'change': True}
2026-02-18 21:41:43,422 : INFO : EventManager : Event: ======'machine_var_audits_switches_s_c_iceman_target'====== Args={'value': 508, 'prev_value': None, 'change': True}
2026-02-18 21:41:43,422 : INFO : EventManager : Event: ======'machine_var_audits_switches_s_c_lock_target'====== Args={'value': 254, 'prev_value': None, 'change': True}
2026-02-18 21:41:43,422 : INFO : EventManager : Event: ======'machine_var_audits_switches_s_coin_door'====== Args={'value': 12, 'prev_value': None, 'change': True}
2026-02-18 21:41:43,422 : INFO : EventManager : Event: ======'machine_var_audits_switches_s_coin_door_credit_left'====== Args={'value': 0, 'prev_value': None, 'change': True}
2026-02-18 21:41:43,422 : INFO : EventManager : Event: ======'machine_var_audits_switches_s_coin_door_credit_right'====== Args={'value': 1, 'prev_value': None, 'change': True}
2026-02-18 21:41:43,422 : INFO : EventManager : Event: ======'machine_var_audits_switches_s_coin_door_service_1'====== Args={'value': 10, 'prev_value': None, 'change': True}
2026-02-18 21:41:43,422 : INFO : EventManager : Event: ======'machine_var_audits_switches_s_coin_door_service_2'====== Args={'value': 31, 'prev_value': None, 'change': True}
2026-02-18 21:41:43,422 : INFO : EventManager : Event: ======'machine_var_audits_switches_s_coin_door_service_3'====== Args={'value': 45, 'prev_value': None, 'change': True}
2026-02-18 21:41:43,422 : INFO : EventManager : Event: ======'machine_var_audits_switches_s_coin_door_service_4'====== Args={'value': 31, 'prev_value': None, 'change': True}
2026-02-18 21:41:43,422 : INFO : EventManager : Event: ======'machine_var_audits_switches_s_e_iceman_target'====== Args={'value': 471, 'prev_value': None, 'change': True}
2026-02-18 21:41:43,422 : INFO : EventManager : Event: ======'machine_var_audits_switches_s_flight_gear_target'====== Args={'value': 1075, 'prev_value': None, 'change': True}
2026-02-18 21:41:43,422 : INFO : EventManager : Event: ======'machine_var_audits_switches_s_flipper_left'====== Args={'value': 5839, 'prev_value': None, 'change': True}
2026-02-18 21:41:43,422 : INFO : EventManager : Event: ======'machine_var_audits_switches_s_flipper_left_eos'====== Args={'value': 5196, 'prev_value': None, 'change': True}
2026-02-18 21:41:43,422 : INFO : EventManager : Event: ======'machine_var_audits_switches_s_flipper_left_upper'====== Args={'value': 5434, 'prev_value': None, 'change': True}
2026-02-18 21:41:43,422 : INFO : EventManager : Event: ======'machine_var_audits_switches_s_flipper_left_upper_eos'====== Args={'value': 5233, 'prev_value': None, 'change': True}
2026-02-18 21:41:43,422 : INFO : EventManager : Event: ======'machine_var_audits_switches_s_flipper_right'====== Args={'value': 4540, 'prev_value': None, 'change': True}
2026-02-18 21:41:43,423 : INFO : EventManager : Event: ======'machine_var_audits_switches_s_flipper_right_eos'====== Args={'value': 3932, 'prev_value': None, 'change': True}
2026-02-18 21:41:43,423 : INFO : EventManager : Event: ======'machine_var_audits_switches_s_i_iceman_target'====== Args={'value': 824, 'prev_value': None, 'change': True}
2026-02-18 21:41:43,423 : INFO : EventManager : Event: ======'machine_var_audits_switches_s_inlane_left'====== Args={'value': 1166, 'prev_value': None, 'change': True}
2026-02-18 21:41:43,423 : INFO : EventManager : Event: ======'machine_var_audits_switches_s_inner_inlane_right'====== Args={'value': 883, 'prev_value': None, 'change': True}
2026-02-18 21:41:43,423 : INFO : EventManager : Event: ======'machine_var_audits_switches_s_jam'====== Args={'value': 788, 'prev_value': None, 'change': True}
2026-02-18 21:41:43,423 : INFO : EventManager : Event: ======'machine_var_audits_switches_s_k_lock_target'====== Args={'value': 354, 'prev_value': None, 'change': True}
2026-02-18 21:41:43,423 : INFO : EventManager : Event: ======'machine_var_audits_switches_s_l_lock_target'====== Args={'value': 350, 'prev_value': None, 'change': True}
2026-02-18 21:41:43,423 : INFO : EventManager : Event: ======'machine_var_audits_switches_s_lane_left'====== Args={'value': 1334, 'prev_value': None, 'change': True}
2026-02-18 21:41:43,423 : INFO : EventManager : Event: ======'machine_var_audits_switches_s_lane_right'====== Args={'value': 1011, 'prev_value': None, 'change': True}
2026-02-18 21:41:43,423 : INFO : EventManager : Event: ======'machine_var_audits_switches_s_lock_goose'====== Args={'value': 92, 'prev_value': None, 'change': True}
2026-02-18 21:41:43,423 : INFO : EventManager : Event: ======'machine_var_audits_switches_s_lock_mav'====== Args={'value': 145, 'prev_value': None, 'change': True}
2026-02-18 21:41:43,423 : INFO : EventManager : Event: ======'machine_var_audits_switches_s_lock_plunger'====== Args={'value': 88, 'prev_value': None, 'change': True}
2026-02-18 21:41:43,423 : INFO : EventManager : Event: ======'machine_var_audits_switches_s_m_iceman_target'====== Args={'value': 460, 'prev_value': None, 'change': True}
2026-02-18 21:41:43,423 : INFO : EventManager : Event: ======'machine_var_audits_switches_s_mig_lane_left'====== Args={'value': 835, 'prev_value': None, 'change': True}
2026-02-18 21:41:43,423 : INFO : EventManager : Event: ======'machine_var_audits_switches_s_mig_lane_right'====== Args={'value': 477, 'prev_value': None, 'change': True}
2026-02-18 21:41:43,423 : INFO : EventManager : Event: ======'machine_var_audits_switches_s_mode_start'====== Args={'value': 589, 'prev_value': None, 'change': True}
2026-02-18 21:41:43,423 : INFO : EventManager : Event: ======'machine_var_audits_switches_s_n_iceman_target'====== Args={'value': 636, 'prev_value': None, 'change': True}
2026-02-18 21:41:43,423 : INFO : EventManager : Event: ======'machine_var_audits_switches_s_o_lock_target'====== Args={'value': 490, 'prev_value': None, 'change': True}
2026-02-18 21:41:43,423 : INFO : EventManager : Event: ======'machine_var_audits_switches_s_orbit_left'====== Args={'value': 2461, 'prev_value': None, 'change': True}
2026-02-18 21:41:43,423 : INFO : EventManager : Event: ======'machine_var_audits_switches_s_orbit_lower'====== Args={'value': 93, 'prev_value': None, 'change': True}
2026-02-18 21:41:43,423 : INFO : EventManager : Event: ======'machine_var_audits_switches_s_orbit_right'====== Args={'value': 1539, 'prev_value': None, 'change': True}
2026-02-18 21:41:43,423 : INFO : EventManager : Event: ======'machine_var_audits_switches_s_orbit_upper'====== Args={'value': 516, 'prev_value': None, 'change': True}
2026-02-18 21:41:43,424 : INFO : EventManager : Event: ======'machine_var_audits_switches_s_outer_inlane_right'====== Args={'value': 1086, 'prev_value': None, 'change': True}
2026-02-18 21:41:43,424 : INFO : EventManager : Event: ======'machine_var_audits_switches_s_outlane_left'====== Args={'value': 696, 'prev_value': None, 'change': True}
2026-02-18 21:41:43,424 : INFO : EventManager : Event: ======'machine_var_audits_switches_s_outlane_right'====== Args={'value': 682, 'prev_value': None, 'change': True}
2026-02-18 21:41:43,424 : INFO : EventManager : Event: ======'machine_var_audits_switches_s_plunger_lane'====== Args={'value': 46, 'prev_value': None, 'change': True}
2026-02-18 21:41:43,424 : INFO : EventManager : Event: ======'machine_var_audits_switches_s_ramp_inner_exit'====== Args={'value': 1088, 'prev_value': None, 'change': True}
2026-02-18 21:41:43,424 : INFO : EventManager : Event: ======'machine_var_audits_switches_s_ramp_left_exit'====== Args={'value': 1303, 'prev_value': None, 'change': True}
2026-02-18 21:41:43,424 : INFO : EventManager : Event: ======'machine_var_audits_switches_s_ramp_right_exit'====== Args={'value': 332, 'prev_value': None, 'change': True}
2026-02-18 21:41:43,424 : INFO : EventManager : Event: ======'machine_var_audits_switches_s_ramp_tower_exit'====== Args={'value': 477, 'prev_value': None, 'change': True}
2026-02-18 21:41:43,424 : INFO : EventManager : Event: ======'machine_var_audits_switches_s_shooter_lane'====== Args={'value': 1477, 'prev_value': None, 'change': True}
2026-02-18 21:41:43,424 : INFO : EventManager : Event: ======'machine_var_audits_switches_s_slingshot_left'====== Args={'value': 970, 'prev_value': None, 'change': True}
2026-02-18 21:41:43,424 : INFO : EventManager : Event: ======'machine_var_audits_switches_s_slingshot_right'====== Args={'value': 574, 'prev_value': None, 'change': True}
2026-02-18 21:41:43,425 : INFO : EventManager : Event: ======'machine_var_audits_switches_s_spinner'====== Args={'value': 13854, 'prev_value': None, 'change': True}
2026-02-18 21:41:43,425 : INFO : EventManager : Event: ======'machine_var_audits_switches_s_start'====== Args={'value': 212, 'prev_value': None, 'change': True}
2026-02-18 21:41:43,425 : INFO : EventManager : Event: ======'machine_var_audits_switches_s_tilt'====== Args={'value': 286, 'prev_value': None, 'change': True}
2026-02-18 21:41:43,425 : INFO : EventManager : Event: ======'machine_var_audits_switches_s_trough_1'====== Args={'value': 789, 'prev_value': None, 'change': True}
2026-02-18 21:41:43,425 : INFO : EventManager : Event: ======'machine_var_audits_switches_s_trough_2'====== Args={'value': 775, 'prev_value': None, 'change': True}
2026-02-18 21:41:43,425 : INFO : EventManager : Event: ======'machine_var_audits_switches_s_trough_3'====== Args={'value': 773, 'prev_value': None, 'change': True}
2026-02-18 21:41:43,425 : INFO : EventManager : Event: ======'machine_var_audits_switches_s_trough_4'====== Args={'value': 774, 'prev_value': None, 'change': True}
2026-02-18 21:41:43,425 : INFO : EventManager : Event: ======'machine_var_audits_switches_s_trough_5'====== Args={'value': 780, 'prev_value': None, 'change': True}
2026-02-18 21:41:43,425 : INFO : EventManager : Event: ======'machine_var_audits_switches_s_trough_6'====== Args={'value': 1019, 'prev_value': None, 'change': True}
2026-02-18 21:41:43,425 : INFO : EventManager : Event: ======'init_phase_5'====== Args={}
2026-02-18 21:41:43,426 : INFO : EventManager : Event: ======'init_done'====== Args={}
2026-02-18 21:41:43,427 : INFO : coil.c_coin_door_led : Enabling Driver with power 1.0 (pulse_ms 10ms and pulse_power 1.0)
2026-02-18 21:41:43,428 : INFO : EventManager : Event: ======'machine_reset_phase_1'====== Args={}
2026-02-18 21:41:43,439 : INFO : EventManager : Event: ======'machine_reset_phase_2'====== Args={}
2026-02-18 21:41:43,441 : INFO : EventManager : Event: ======'machine_reset_phase_3'====== Args={}
2026-02-18 21:41:43,442 : INFO : EventManager : Event: ======'mode_attract_will_start'====== Args={'queue': <QueuedEvent>}
2026-02-18 21:41:43,443 : INFO : Timer.attract_carousel_timer : Starting Timer.
2026-02-18 21:41:43,443 : INFO : EventManager : Event: ======'timer_attract_carousel_timer_started'====== Args={'ticks': 0, 'ticks_remaining': 1}
2026-02-18 21:41:43,443 : INFO : EventManager : Event: ======'timer_attract_carousel_timer_tick'====== Args={'ticks': 0, 'ticks_remaining': 1}
2026-02-18 21:41:43,445 : INFO : EventManager : Event: ======'mode_attract_starting'====== Args={'queue': <QueuedEvent>}
2026-02-18 21:41:43,445 : INFO : Mode.attract : Started. Priority: 10
2026-02-18 21:41:43,445 : INFO : EventManager : Event: ======'modes_active_modes_changed'====== Args={}
2026-02-18 21:41:43,445 : INFO : EventManager : Event: ======'mode_attract_started'====== Args={'queue': <QueuedEvent>}
2026-02-18 21:41:43,447 : INFO : EventManager : Event: ======'attract_cycle_step1'====== Args={'priority': 0}
2026-02-18 21:41:43,447 : INFO : EventManager : Event: ======'right_ramp_down'====== Args={'priority': 0}
2026-02-18 21:41:43,447 : INFO : EventManager : Event: ======'top_ramp_down'====== Args={'priority': 0}
2026-02-18 21:41:43,447 : INFO : EventManager : Event: ======'lock_released'====== Args={'priority': 0}
2026-02-18 21:41:43,448 : INFO : coil.c_start_button_led : Enabling Driver with power 1.0 (pulse_ms 10ms and pulse_power 1.0)
2026-02-18 21:41:43,449 : INFO : EventManager : Event: ======'collecting_balls_complete'====== Args={}
2026-02-18 21:41:43,449 : INFO : BallSearch.playfield : Starting ball search
2026-02-18 21:41:43,450 : INFO : EventManager : Event: ======'ball_search_started'====== Args={}
2026-02-18 21:41:43,450 : INFO : EventManager : Event: ======'ball_search_phase_1'====== Args={'iteration': 1}
2026-02-18 21:41:43,450 : INFO : coil.c_bumper_left : Pulsing Driver for 40ms (0.75 pulse_power)
2026-02-18 21:41:43,451 : INFO : EventManager : Event: ======'carousel_item_highlighted'====== Args={'carousel': 'attract', 'direction': None, 'item': 'title'}
2026-02-18 21:41:43,451 : INFO : EventManager : Event: ======'timer_attract_carousel_timer_tick'====== Args={'ticks': 0, 'ticks_remaining': 1}
2026-02-18 21:41:43,452 : INFO : EventManager : Event: ======'reset_complete'====== Args={}
2026-02-18 21:41:43,455 : INFO : Machine : Starting the main run loop with active modes: [<Mode.attract>]
2026-02-18 21:41:43,540 : INFO : EventManager : Event: ======'slide_attract_created'====== Args={'_from_bcp': True}
2026-02-18 21:41:43,541 : INFO : EventManager : Event: ======'slide__removed'====== Args={'_from_bcp': True}
2026-02-18 21:41:43,541 : INFO : EventManager : Event: ======'slide_attract_active'====== Args={'original_context': 'attract', 'original_calling_context': 'mode_attract_started', 'priority': 10.0, 'queue': '<QueuedEvent>', 'cmd': 'slides_play', '_from_bcp': True}
2026-02-18 21:41:43,678 : INFO : coil.c_bumper_right : Pulsing Driver for 40ms (0.75 pulse_power)
2026-02-18 21:41:43,931 : INFO : coil.c_bumper_center : Pulsing Driver for 40ms (0.75 pulse_power)
2026-02-18 21:41:44,182 : INFO : coil.c_sling_left : Pulsing Driver for 40ms (0.875 pulse_power)
2026-02-18 21:41:44,433 : INFO : coil.c_sling_right : Pulsing Driver for 40ms (0.875 pulse_power)
2026-02-18 21:41:44,434 : INFO : coil.c_start_button_led : Disabling Driver
2026-02-18 21:41:44,685 : INFO : coil.c_lock_upkicker : Pulsing Driver for 20ms (0.875 pulse_power)
2026-02-18 21:41:44,933 : INFO : coil.c_mode_outkicker : Pulsing Driver for 35ms (0.75 pulse_power)
2026-02-18 21:41:45,184 : INFO : EventManager : Event: ======'ball_search_phase_1'====== Args={'iteration': 2}
2026-02-18 21:41:45,184 : INFO : coil.c_bumper_left : Pulsing Driver for 40ms (0.75 pulse_power)
2026-02-18 21:41:45,421 : INFO : coil.c_start_button_led : Enabling Driver with power 1.0 (pulse_ms 10ms and pulse_power 1.0)
2026-02-18 21:41:46,424 : INFO : coil.c_start_button_led : Disabling Driver
2026-02-18 21:41:47,428 : INFO : coil.c_start_button_led : Enabling Driver with power 1.0 (pulse_ms 10ms and pulse_power 1.0)
2026-02-18 21:41:48,427 : INFO : coil.c_start_button_led : Disabling Driver
2026-02-18 21:41:49,429 : INFO : coil.c_start_button_led : Enabling Driver with power 1.0 (pulse_ms 10ms and pulse_power 1.0)
2026-02-18 21:41:50,421 : INFO : Timer.attract_carousel_timer : Timer Complete
2026-02-18 21:41:50,421 : INFO : Timer.attract_carousel_timer : Stopping Timer
2026-02-18 21:41:50,421 : INFO : EventManager : Event: ======'timer_attract_carousel_timer_stopped'====== Args={'ticks': 1, 'ticks_remaining': 1}
2026-02-18 21:41:50,421 : INFO : EventManager : Event: ======'timer_attract_carousel_timer_complete'====== Args={'ticks': 1, 'ticks_remaining': 1}
2026-02-18 21:41:50,421 : INFO : coil.c_start_button_led : Disabling Driver
2026-02-18 21:41:50,422 : INFO : EventManager : Event: ======'carousel_item_highlighted'====== Args={'carousel': 'attract', 'direction': 'forwards', 'item': 'presented_by'}
2026-02-18 21:41:50,423 : INFO : Timer.attract_carousel_timer : Starting Timer.
2026-02-18 21:41:50,423 : INFO : EventManager : Event: ======'timer_attract_carousel_timer_started'====== Args={'ticks': 0, 'ticks_remaining': 1}
2026-02-18 21:41:50,423 : INFO : EventManager : Event: ======'timer_attract_carousel_timer_tick'====== Args={'ticks': 0, 'ticks_remaining': 1}
2026-02-18 21:41:51,433 : INFO : coil.c_start_button_led : Enabling Driver with power 1.0 (pulse_ms 10ms and pulse_power 1.0)
2026-02-18 21:41:52,432 : INFO : coil.c_start_button_led : Disabling Driver
2026-02-18 21:41:53,426 : INFO : coil.c_start_button_led : Enabling Driver with power 1.0 (pulse_ms 10ms and pulse_power 1.0)
2026-02-18 21:41:54,423 : INFO : coil.c_start_button_led : Disabling Driver
2026-02-18 21:41:55,172 : INFO : coil.c_bumper_right : Pulsing Driver for 40ms (0.75 pulse_power)
2026-02-18 21:41:55,424 : INFO : coil.c_bumper_center : Pulsing Driver for 40ms (0.75 pulse_power)
2026-02-18 21:41:55,424 : INFO : coil.c_start_button_led : Enabling Driver with power 1.0 (pulse_ms 10ms and pulse_power 1.0)
2026-02-18 21:41:55,628 : INFO : EventManager : Event: ======'attract_cycle_step2'====== Args={}
2026-02-18 21:41:55,673 : INFO : coil.c_sling_left : Pulsing Driver for 40ms (0.875 pulse_power)
2026-02-18 21:41:55,937 : INFO : coil.c_sling_right : Pulsing Driver for 40ms (0.875 pulse_power)
2026-02-18 21:41:56,186 : INFO : coil.c_lock_upkicker : Pulsing Driver for 20ms (0.875 pulse_power)
2026-02-18 21:41:56,436 : INFO : coil.c_mode_outkicker : Pulsing Driver for 35ms (0.75 pulse_power)
2026-02-18 21:41:56,436 : INFO : coil.c_start_button_led : Disabling Driver
2026-02-18 21:41:56,685 : INFO : EventManager : Event: ======'ball_search_phase_1'====== Args={'iteration': 3}
2026-02-18 21:41:56,685 : INFO : coil.c_bumper_left : Pulsing Driver for 40ms (0.75 pulse_power)
2026-02-18 21:41:57,433 : INFO : Timer.attract_carousel_timer : Timer Complete
2026-02-18 21:41:57,433 : INFO : Timer.attract_carousel_timer : Stopping Timer
2026-02-18 21:41:57,433 : INFO : EventManager : Event: ======'timer_attract_carousel_timer_stopped'====== Args={'ticks': 1, 'ticks_remaining': 1}
2026-02-18 21:41:57,433 : INFO : EventManager : Event: ======'timer_attract_carousel_timer_complete'====== Args={'ticks': 1, 'ticks_remaining': 1}
2026-02-18 21:41:57,434 : INFO : coil.c_start_button_led : Enabling Driver with power 1.0 (pulse_ms 10ms and pulse_power 1.0)
2026-02-18 21:41:57,434 : INFO : EventManager : Event: ======'carousel_item_highlighted'====== Args={'carousel': 'attract', 'direction': 'forwards', 'item': 'hotrod_pinball_logo'}
2026-02-18 21:41:57,434 : INFO : Timer.attract_carousel_timer : Starting Timer.
2026-02-18 21:41:57,434 : INFO : EventManager : Event: ======'timer_attract_carousel_timer_started'====== Args={'ticks': 0, 'ticks_remaining': 1}
2026-02-18 21:41:57,434 : INFO : EventManager : Event: ======'timer_attract_carousel_timer_tick'====== Args={'ticks': 0, 'ticks_remaining': 1}
2026-02-18 21:41:58,432 : INFO : coil.c_start_button_led : Disabling Driver
2026-02-18 21:41:59,430 : INFO : coil.c_start_button_led : Enabling Driver with power 1.0 (pulse_ms 10ms and pulse_power 1.0)
2026-02-18 21:42:00,429 : INFO : coil.c_start_button_led : Disabling Driver
2026-02-18 21:42:01,431 : INFO : coil.c_start_button_led : Enabling Driver with power 1.0 (pulse_ms 10ms and pulse_power 1.0)
2026-02-18 21:42:02,433 : INFO : coil.c_start_button_led : Disabling Driver
2026-02-18 21:42:03,237 : INFO : Machine : Shutting down...
2026-02-18 21:42:03,237 : INFO : EventManager : Event: ======'shutdown'====== Args={}
2026-02-18 21:42:03,340 : INFO : root : MPF run loop ended.
