2026-01-24 17:13:13,566 : INFO : root : Loading config.
2026-01-24 17:13:13,571 : INFO : YamlMultifileConfigLoader : Machine config file #1: config.yaml
2026-01-24 17:13:13,572 : WARNING : ConfigProcessor : Config file in cache changed: C:\Users\White\documents\Top_Gun_Pinball\config\config.yaml
2026-01-24 17:13:13,572 : INFO : ConfigProcessor : Loading config from file C:\Users\White\mpf\Lib\site-packages\mpf\mpfconfig.yaml.
2026-01-24 17:13:13,585 : INFO : ConfigProcessor : Loading config: C:\Users\White\mpf\Lib\site-packages\mpf\mpfconfig.yaml
2026-01-24 17:13:13,586 : INFO : ConfigProcessor : Loading config from file C:\Users\White\documents\Top_Gun_Pinball\config\config.yaml.
2026-01-24 17:13:13,611 : INFO : ConfigProcessor : Loading config: C:\Users\White\documents\Top_Gun_Pinball\config\config.yaml
2026-01-24 17:13:13,614 : INFO : ConfigProcessor : Loading config: C:\Users\White\documents\Top_Gun_Pinball\config\config_autofire_coils.yaml
2026-01-24 17:13:13,616 : INFO : ConfigProcessor : Loading config: C:\Users\White\documents\Top_Gun_Pinball\config\config_ball_devices.yaml
2026-01-24 17:13:13,618 : INFO : ConfigProcessor : Loading config: C:\Users\White\documents\Top_Gun_Pinball\config\config_ball_saves.yaml
2026-01-24 17:13:13,631 : INFO : ConfigProcessor : Loading config: C:\Users\White\documents\Top_Gun_Pinball\config\config_coils.yaml
2026-01-24 17:13:13,633 : INFO : ConfigProcessor : Loading config: C:\Users\White\documents\Top_Gun_Pinball\config\config_flippers.yaml
2026-01-24 17:13:13,636 : INFO : ConfigProcessor : Loading config: C:\Users\White\documents\Top_Gun_Pinball\config\config_hardware_fast.yaml
2026-01-24 17:13:13,649 : INFO : ConfigProcessor : Loading config: C:\Users\White\documents\Top_Gun_Pinball\config\config_lights.yaml
2026-01-24 17:13:13,657 : INFO : ConfigProcessor : Loading config: C:\Users\White\documents\Top_Gun_Pinball\config\config_switches.yaml
2026-01-24 17:13:13,660 : INFO : ConfigProcessor : Loading config: C:\Users\White\documents\Top_Gun_Pinball\config\config_servos.yaml
2026-01-24 17:13:13,664 : INFO : ConfigProcessor : Loading config: C:\Users\White\documents\Top_Gun_Pinball\config\variable_player.yaml
2026-01-24 17:13:13,666 : INFO : ConfigProcessor : Loading config: C:\Users\White\documents\Top_Gun_Pinball\config\config_videos.yaml
2026-01-24 17:13:13,673 : INFO : ConfigProcessor : Config file cache created: C:\Users\White\AppData\Local\Temp\4d2409115979d2066280cf8a522910f3.mpf_cache
2026-01-24 17:13:13,809 : WARNING : ConfigProcessor : Config file in cache changed: C:\Users\White\documents\Top_Gun_Pinball\modes\attract\config\attract.yaml
2026-01-24 17:13:13,809 : INFO : ConfigProcessor : Loading config from file C:\Users\White\mpf\Lib\site-packages\mpf\modes\attract\config\attract.yaml.
2026-01-24 17:13:13,810 : INFO : ConfigProcessor : Loading config: C:\Users\White\mpf\Lib\site-packages\mpf\modes\attract\config\attract.yaml
2026-01-24 17:13:13,810 : INFO : ConfigProcessor : Loading config from file C:\Users\White\documents\Top_Gun_Pinball\modes\attract\config\attract.yaml.
2026-01-24 17:13:13,814 : INFO : ConfigProcessor : Loading config: C:\Users\White\documents\Top_Gun_Pinball\modes\attract\config\attract.yaml
2026-01-24 17:13:13,815 : INFO : ConfigProcessor : Config file cache created: C:\Users\White\AppData\Local\Temp\e29f700f4dd412c341ced84fe54a834e.mpf_cache
2026-01-24 17:13:13,816 : INFO : ConfigProcessor : Loading config from cache: C:\Users\White\AppData\Local\Temp\91cc4d1c993c58dc354e34974b9cfeac.mpf_cache
2026-01-24 17:13:13,817 : INFO : ConfigProcessor : Loading config from cache: C:\Users\White\AppData\Local\Temp\153a6f35d2fbc89e8611fc222f5041e6.mpf_cache
2026-01-24 17:13:13,818 : INFO : ConfigProcessor : Loading config from cache: C:\Users\White\AppData\Local\Temp\e29f700f4dd412c341ced84fe54a834e.mpf_cache
2026-01-24 17:13:13,834 : INFO : ConfigProcessor : Loading config from cache: C:\Users\White\AppData\Local\Temp\b0feace6a9c6b6c25c02c30a577d1194.mpf_cache
2026-01-24 17:13:13,835 : INFO : ConfigProcessor : Loading config from cache: C:\Users\White\AppData\Local\Temp\3424101e418333c494b4f7abb38a6bbc.mpf_cache
2026-01-24 17:13:13,836 : INFO : ConfigProcessor : Loading config from cache: C:\Users\White\AppData\Local\Temp\2baac919e756d495657c096c87a61da2.mpf_cache
2026-01-24 17:13:13,840 : INFO : ConfigProcessor : Loading config from cache: C:\Users\White\AppData\Local\Temp\515c33aaf7882d3e576ea3c42b7bfe2a.mpf_cache
2026-01-24 17:13:13,841 : INFO : ConfigProcessor : Loading config from cache: C:\Users\White\AppData\Local\Temp\928267ba5ce09cfb7bef110abe29482e.mpf_cache
2026-01-24 17:13:13,842 : INFO : ConfigProcessor : Loading config from cache: C:\Users\White\AppData\Local\Temp\b2096f7ffb8bb2d604dd11c84ba2f3a4.mpf_cache
2026-01-24 17:13:13,843 : INFO : ConfigProcessor : Loading config from cache: C:\Users\White\AppData\Local\Temp\143f2aa6ea6c447c37835b1fcf1e2392.mpf_cache
2026-01-24 17:13:13,844 : INFO : ConfigProcessor : Loading config from cache: C:\Users\White\AppData\Local\Temp\32a647433343f2a8dbd97369798bc91c.mpf_cache
2026-01-24 17:13:13,845 : INFO : ConfigProcessor : Loading config from cache: C:\Users\White\AppData\Local\Temp\fcd858616785c392a2718eef83d6bdec.mpf_cache
2026-01-24 17:13:13,846 : INFO : ConfigProcessor : Loading config from cache: C:\Users\White\AppData\Local\Temp\bc528c0552a0292e8ecb958c9df9be52.mpf_cache
2026-01-24 17:13:13,847 : INFO : ConfigProcessor : Loading config from cache: C:\Users\White\AppData\Local\Temp\079d5d4f78adbdc9511df3472695879d.mpf_cache
2026-01-24 17:13:13,849 : INFO : ConfigProcessor : Loading config from cache: C:\Users\White\AppData\Local\Temp\3d7624af3136b167d055570c605d2391.mpf_cache
2026-01-24 17:13:13,850 : INFO : ConfigProcessor : Loading config from file C:\Users\White\documents\Top_Gun_Pinball\modes\top_gun_service\config\top_gun_service.yaml.
2026-01-24 17:13:13,865 : INFO : ConfigProcessor : Loading config: C:\Users\White\documents\Top_Gun_Pinball\modes\top_gun_service\config\top_gun_service.yaml
