2026-02-13 15:43:07,222 : INFO : root : Loading config.
2026-02-13 15:43:07,237 : INFO : YamlMultifileConfigLoader : Machine config file #1: config.yaml
2026-02-13 15:43:07,237 : WARNING : ConfigProcessor : Config file in cache changed: C:\Users\White\documents\top_gun_pinball\config\config.yaml
2026-02-13 15:43:07,238 : INFO : ConfigProcessor : Loading config from file C:\Users\White\mpf\Lib\site-packages\mpf\mpfconfig.yaml.
2026-02-13 15:43:07,267 : INFO : ConfigProcessor : Loading config: C:\Users\White\mpf\Lib\site-packages\mpf\mpfconfig.yaml
2026-02-13 15:43:07,268 : INFO : ConfigProcessor : Loading config from file C:\Users\White\documents\top_gun_pinball\config\config.yaml.
2026-02-13 15:43:07,289 : INFO : ConfigProcessor : Loading config: C:\Users\White\documents\top_gun_pinball\config\config.yaml
2026-02-13 15:43:07,301 : INFO : ConfigProcessor : Loading config: C:\Users\White\documents\top_gun_pinball\config\config_autofire_coils.yaml
2026-02-13 15:43:07,316 : INFO : ConfigProcessor : Loading config: C:\Users\White\documents\top_gun_pinball\config\config_ball_devices.yaml
2026-02-13 15:43:07,330 : INFO : ConfigProcessor : Loading config: C:\Users\White\documents\top_gun_pinball\config\config_ball_saves.yaml
2026-02-13 15:43:07,353 : INFO : ConfigProcessor : Loading config: C:\Users\White\documents\top_gun_pinball\config\config_coils.yaml
2026-02-13 15:43:07,367 : INFO : ConfigProcessor : Loading config: C:\Users\White\documents\top_gun_pinball\config\config_flippers.yaml
2026-02-13 15:43:07,386 : INFO : ConfigProcessor : Loading config: C:\Users\White\documents\top_gun_pinball\config\config_hardware_fast.yaml
2026-02-13 15:43:07,409 : INFO : ConfigProcessor : Loading config: C:\Users\White\documents\top_gun_pinball\config\config_lights.yaml
2026-02-13 15:43:07,430 : INFO : ConfigProcessor : Loading config: C:\Users\White\documents\top_gun_pinball\config\config_switches.yaml
2026-02-13 15:43:07,444 : INFO : ConfigProcessor : Loading config: C:\Users\White\documents\top_gun_pinball\config\config_reversed_flippers.yaml
2026-02-13 15:43:07,459 : INFO : ConfigProcessor : Loading config: C:\Users\White\documents\top_gun_pinball\config\config_servos.yaml
2026-02-13 15:43:07,472 : INFO : ConfigProcessor : Loading config: C:\Users\White\documents\top_gun_pinball\config\variable_player.yaml
2026-02-13 15:43:07,485 : INFO : ConfigProcessor : Loading config: C:\Users\White\documents\top_gun_pinball\config\config_videos.yaml
2026-02-13 15:43:07,491 : INFO : ConfigProcessor : Config file cache created: C:\Users\White\AppData\Local\Temp\39c4b34018bdb564eab7cf26b7f669ee.mpf_cache
2026-02-13 15:43:07,641 : INFO : ConfigProcessor : Loading config from cache: C:\Users\White\AppData\Local\Temp\dcfa5ee5b10d64a3b94fd534c1aa451d.mpf_cache
2026-02-13 15:43:07,657 : INFO : ConfigProcessor : Loading config from cache: C:\Users\White\AppData\Local\Temp\91cc4d1c993c58dc354e34974b9cfeac.mpf_cache
2026-02-13 15:43:07,667 : INFO : ConfigProcessor : Loading config from cache: C:\Users\White\AppData\Local\Temp\35b01af7767e50eba76da865e2d7f95a.mpf_cache
2026-02-13 15:43:07,678 : INFO : ConfigProcessor : Loading config from cache: C:\Users\White\AppData\Local\Temp\954a0964095d05f049666b24b311e3e0.mpf_cache
2026-02-13 15:43:07,689 : INFO : ConfigProcessor : Loading config from cache: C:\Users\White\AppData\Local\Temp\dcfa5ee5b10d64a3b94fd534c1aa451d.mpf_cache
2026-02-13 15:43:07,689 : INFO : ConfigProcessor : Loading config from cache: C:\Users\White\AppData\Local\Temp\a9244cf73bd1b995c8229a78fecf001a.mpf_cache
2026-02-13 15:43:07,701 : WARNING : ConfigProcessor : Config file in cache changed: C:\Users\White\documents\top_gun_pinball\modes\base\config\base.yaml
2026-02-13 15:43:07,701 : INFO : ConfigProcessor : Loading config from file C:\Users\White\documents\top_gun_pinball\modes\base\config\base.yaml.
2026-02-13 15:43:07,720 : INFO : ConfigProcessor : Loading config: C:\Users\White\documents\top_gun_pinball\modes\base\config\base.yaml
2026-02-13 15:43:07,722 : INFO : ConfigProcessor : Config file cache created: C:\Users\White\AppData\Local\Temp\981e6839caefcab32cd6f1225f0b1dcf.mpf_cache
2026-02-13 15:43:07,722 : INFO : ConfigProcessor : Loading config from cache: C:\Users\White\AppData\Local\Temp\78ac3c6ac2705ccef0aca6223f38636a.mpf_cache
2026-02-13 15:43:07,735 : INFO : ConfigProcessor : Loading config from cache: C:\Users\White\AppData\Local\Temp\a859aaec01fc9eda8e384946277a1be9.mpf_cache
2026-02-13 15:43:07,747 : INFO : ConfigProcessor : Loading config from cache: C:\Users\White\AppData\Local\Temp\3a2f2089f214eeb3c016e23cf6937b46.mpf_cache
2026-02-13 15:43:07,759 : INFO : ConfigProcessor : Loading config from cache: C:\Users\White\AppData\Local\Temp\d70718505753edc7bfae94d93c7e0d17.mpf_cache
2026-02-13 15:43:07,769 : INFO : ConfigProcessor : Loading config from cache: C:\Users\White\AppData\Local\Temp\824f161cac9e4c9f1443132020691281.mpf_cache
2026-02-13 15:43:07,781 : INFO : ConfigProcessor : Loading config from cache: C:\Users\White\AppData\Local\Temp\ba6e93360aa60032a4b7b34f9cffdce0.mpf_cache
2026-02-13 15:43:07,793 : INFO : ConfigProcessor : Loading config from cache: C:\Users\White\AppData\Local\Temp\a18f6718f5a170b21c37bd725ebae781.mpf_cache
2026-02-13 15:43:07,805 : INFO : ConfigProcessor : Loading config from cache: C:\Users\White\AppData\Local\Temp\8709151c8d2d3863b5fceda4c115c736.mpf_cache
