2026-03-15 10:08:43,043 : INFO : root : Loading config.
2026-03-15 10:08:43,098 : INFO : ConfigProcessor : Config spec file cache created: C:\Users\White\AppData\Local\Temp\config_spec.mpf_cache
2026-03-15 10:08:43,098 : INFO : YamlMultifileConfigLoader : Machine config file #1: config.yaml
2026-03-15 10:08:43,099 : INFO : ConfigProcessor : Loading config from file C:\Users\White\mpf\Lib\site-packages\mpf\mpfconfig.yaml.
2026-03-15 10:08:43,111 : INFO : ConfigProcessor : Loading config: C:\Users\White\mpf\Lib\site-packages\mpf\mpfconfig.yaml
2026-03-15 10:08:43,112 : INFO : ConfigProcessor : Loading config from file C:\Users\White\documents\top_gun_pinball\config\config.yaml.
2026-03-15 10:08:43,127 : INFO : ConfigProcessor : Loading config: C:\Users\White\documents\top_gun_pinball\config\config.yaml
2026-03-15 10:08:43,127 : ERROR : ConfigProcessor : Config section 'sounds' is removed in MPF 0.80 and will be ignored.
2026-03-15 10:08:43,129 : INFO : ConfigProcessor : Loading config: C:\Users\White\documents\top_gun_pinball\config\config_autofire_coils.yaml
2026-03-15 10:08:43,132 : INFO : ConfigProcessor : Loading config: C:\Users\White\documents\top_gun_pinball\config\config_ball_devices.yaml
2026-03-15 10:08:43,136 : INFO : ConfigProcessor : Loading config: C:\Users\White\documents\top_gun_pinball\config\config_ball_saves.yaml
2026-03-15 10:08:43,145 : INFO : ConfigProcessor : Loading config: C:\Users\White\documents\top_gun_pinball\config\config_coils.yaml
2026-03-15 10:08:43,148 : INFO : ConfigProcessor : Loading config: C:\Users\White\documents\top_gun_pinball\config\config_flippers.yaml
2026-03-15 10:08:43,152 : INFO : ConfigProcessor : Loading config: C:\Users\White\documents\top_gun_pinball\config\config_hardware_fast.yaml
2026-03-15 10:08:43,164 : INFO : ConfigProcessor : Loading config: C:\Users\White\documents\top_gun_pinball\config\config_lights.yaml
2026-03-15 10:08:43,167 : INFO : ConfigProcessor : Loading config: C:\Users\White\documents\top_gun_pinball\config\config_no_hold_flippers.yaml
2026-03-15 10:08:43,175 : INFO : ConfigProcessor : Loading config: C:\Users\White\documents\top_gun_pinball\config\config_switches.yaml
2026-03-15 10:08:43,178 : INFO : ConfigProcessor : Loading config: C:\Users\White\documents\top_gun_pinball\config\config_reversed_flippers.yaml
2026-03-15 10:08:43,182 : INFO : ConfigProcessor : Loading config: C:\Users\White\documents\top_gun_pinball\config\config_servos.yaml
2026-03-15 10:08:43,185 : INFO : ConfigProcessor : Loading config: C:\Users\White\documents\top_gun_pinball\config\variable_player.yaml
2026-03-15 10:08:43,188 : INFO : ConfigProcessor : Loading config: C:\Users\White\documents\top_gun_pinball\config\config_videos.yaml
2026-03-15 10:08:43,193 : INFO : ConfigProcessor : Config file cache created: C:\Users\White\AppData\Local\Temp\39c4b34018bdb564eab7cf26b7f669ee.mpf_cache
2026-03-15 10:08:43,305 : INFO : ConfigProcessor : Loading config from file C:\Users\White\mpf\Lib\site-packages\mpf\modes\attract\config\attract.yaml.
2026-03-15 10:08:43,306 : INFO : ConfigProcessor : Loading config: C:\Users\White\mpf\Lib\site-packages\mpf\modes\attract\config\attract.yaml
2026-03-15 10:08:43,306 : INFO : ConfigProcessor : Loading config from file C:\Users\White\documents\top_gun_pinball\modes\attract\config\attract.yaml.
2026-03-15 10:08:43,309 : INFO : ConfigProcessor : Loading config: C:\Users\White\documents\top_gun_pinball\modes\attract\config\attract.yaml
2026-03-15 10:08:43,311 : INFO : ConfigProcessor : Config file cache created: C:\Users\White\AppData\Local\Temp\dcfa5ee5b10d64a3b94fd534c1aa451d.mpf_cache
2026-03-15 10:08:43,312 : INFO : ConfigProcessor : Loading config from file C:\Users\White\mpf\Lib\site-packages\mpf\modes\game\config\game.yaml.
2026-03-15 10:08:43,314 : INFO : ConfigProcessor : Loading config: C:\Users\White\mpf\Lib\site-packages\mpf\modes\game\config\game.yaml
2026-03-15 10:08:43,316 : INFO : ConfigProcessor : Config file cache created: C:\Users\White\AppData\Local\Temp\91cc4d1c993c58dc354e34974b9cfeac.mpf_cache
2026-03-15 10:08:43,316 : INFO : ConfigProcessor : Loading config from file C:\Users\White\documents\top_gun_pinball\modes\default_sounds\config\default_sounds.yaml.
2026-03-15 10:08:43,318 : INFO : ConfigProcessor : Loading config: C:\Users\White\documents\top_gun_pinball\modes\default_sounds\config\default_sounds.yaml
2026-03-15 10:08:43,319 : INFO : ConfigProcessor : Config file cache created: C:\Users\White\AppData\Local\Temp\35b01af7767e50eba76da865e2d7f95a.mpf_cache
2026-03-15 10:08:43,320 : INFO : ConfigProcessor : Loading config from file C:\Users\White\documents\top_gun_pinball\modes\2x_playfield\config\2x_playfield.yaml.
2026-03-15 10:08:43,342 : INFO : ConfigProcessor : Loading config: C:\Users\White\documents\top_gun_pinball\modes\2x_playfield\config\2x_playfield.yaml
2026-03-15 10:08:43,344 : INFO : ConfigProcessor : Config file cache created: C:\Users\White\AppData\Local\Temp\954a0964095d05f049666b24b311e3e0.mpf_cache
2026-03-15 10:08:43,344 : INFO : ConfigProcessor : Loading config from cache: C:\Users\White\AppData\Local\Temp\dcfa5ee5b10d64a3b94fd534c1aa451d.mpf_cache
2026-03-15 10:08:43,348 : INFO : ConfigProcessor : Loading config from file C:\Users\White\documents\top_gun_pinball\modes\ball_save\config\ball_save.yaml.
2026-03-15 10:08:43,357 : INFO : ConfigProcessor : Loading config: C:\Users\White\documents\top_gun_pinball\modes\ball_save\config\ball_save.yaml
2026-03-15 10:08:43,358 : INFO : ConfigProcessor : Config file cache created: C:\Users\White\AppData\Local\Temp\a9244cf73bd1b995c8229a78fecf001a.mpf_cache
2026-03-15 10:08:43,358 : INFO : ConfigProcessor : Loading config from file C:\Users\White\documents\top_gun_pinball\modes\ball_search_servos\config\ball_search_servos.yaml.
2026-03-15 10:08:43,361 : INFO : ConfigProcessor : Loading config: C:\Users\White\documents\top_gun_pinball\modes\ball_search_servos\config\ball_search_servos.yaml
2026-03-15 10:08:43,362 : INFO : ConfigProcessor : Config file cache created: C:\Users\White\AppData\Local\Temp\45fc6500cf8fab1ef48d0c2f81501272.mpf_cache
2026-03-15 10:08:43,363 : INFO : ConfigProcessor : Loading config from file C:\Users\White\documents\top_gun_pinball\modes\base\config\base.yaml.
2026-03-15 10:08:43,389 : INFO : ConfigProcessor : Loading config: C:\Users\White\documents\top_gun_pinball\modes\base\config\base.yaml
2026-03-15 10:08:43,392 : INFO : ConfigProcessor : Config file cache created: C:\Users\White\AppData\Local\Temp\981e6839caefcab32cd6f1225f0b1dcf.mpf_cache
2026-03-15 10:08:43,394 : INFO : ConfigProcessor : Loading config from file C:\Users\White\documents\top_gun_pinball\modes\battle_jester\config\battle_jester.yaml.
2026-03-15 10:08:43,457 : INFO : ConfigProcessor : Loading config: C:\Users\White\documents\top_gun_pinball\modes\battle_jester\config\battle_jester.yaml
2026-03-15 10:08:43,462 : INFO : ConfigProcessor : Config file cache created: C:\Users\White\AppData\Local\Temp\78ac3c6ac2705ccef0aca6223f38636a.mpf_cache
2026-03-15 10:08:43,463 : INFO : ConfigProcessor : Loading config from file C:\Users\White\mpf\Lib\site-packages\mpf\modes\bonus\config\bonus.yaml.
2026-03-15 10:08:43,464 : INFO : ConfigProcessor : Loading config: C:\Users\White\mpf\Lib\site-packages\mpf\modes\bonus\config\bonus.yaml
2026-03-15 10:08:43,464 : INFO : ConfigProcessor : Loading config from file C:\Users\White\documents\top_gun_pinball\modes\bonus\config\bonus.yaml.
2026-03-15 10:08:43,469 : INFO : ConfigProcessor : Loading config: C:\Users\White\documents\top_gun_pinball\modes\bonus\config\bonus.yaml
2026-03-15 10:08:43,470 : INFO : ConfigProcessor : Config file cache created: C:\Users\White\AppData\Local\Temp\a859aaec01fc9eda8e384946277a1be9.mpf_cache
2026-03-15 10:08:43,471 : INFO : ConfigProcessor : Loading config from file C:\Users\White\documents\top_gun_pinball\modes\bumpers\config\bumpers.yaml.
2026-03-15 10:08:43,473 : INFO : ConfigProcessor : Loading config: C:\Users\White\documents\top_gun_pinball\modes\bumpers\config\bumpers.yaml
2026-03-15 10:08:43,475 : INFO : ConfigProcessor : Config file cache created: C:\Users\White\AppData\Local\Temp\3a2f2089f214eeb3c016e23cf6937b46.mpf_cache
2026-03-15 10:08:43,476 : INFO : ConfigProcessor : Loading config from file C:\Users\White\documents\top_gun_pinball\modes\ejection_seat\config\ejection_seat.yaml.
2026-03-15 10:08:43,483 : INFO : ConfigProcessor : Loading config: C:\Users\White\documents\top_gun_pinball\modes\ejection_seat\config\ejection_seat.yaml
2026-03-15 10:08:43,485 : INFO : ConfigProcessor : Config file cache created: C:\Users\White\AppData\Local\Temp\d70718505753edc7bfae94d93c7e0d17.mpf_cache
2026-03-15 10:08:43,485 : INFO : ConfigProcessor : Loading config from file C:\Users\White\documents\top_gun_pinball\modes\end_of_game_attract\config\end_of_game_attract.yaml.
2026-03-15 10:08:43,491 : INFO : ConfigProcessor : Loading config: C:\Users\White\documents\top_gun_pinball\modes\end_of_game_attract\config\end_of_game_attract.yaml
2026-03-15 10:08:43,492 : INFO : ConfigProcessor : Config file cache created: C:\Users\White\AppData\Local\Temp\824f161cac9e4c9f1443132020691281.mpf_cache
2026-03-15 10:08:43,493 : INFO : ConfigProcessor : Loading config from file C:\Users\White\documents\top_gun_pinball\modes\extra_ball\config\extra_ball.yaml.
2026-03-15 10:08:43,497 : INFO : ConfigProcessor : Loading config: C:\Users\White\documents\top_gun_pinball\modes\extra_ball\config\extra_ball.yaml
2026-03-15 10:08:43,498 : INFO : ConfigProcessor : Config file cache created: C:\Users\White\AppData\Local\Temp\cd2c211e15a4dbebeef94e6a26e93112.mpf_cache
2026-03-15 10:08:43,499 : INFO : ConfigProcessor : Loading config from file C:\Users\White\documents\top_gun_pinball\modes\goose_letters\config\goose_letters.yaml.
2026-03-15 10:08:43,531 : INFO : ConfigProcessor : Loading config: C:\Users\White\documents\top_gun_pinball\modes\goose_letters\config\goose_letters.yaml
2026-03-15 10:08:43,534 : INFO : ConfigProcessor : Config file cache created: C:\Users\White\AppData\Local\Temp\ba6e93360aa60032a4b7b34f9cffdce0.mpf_cache
2026-03-15 10:08:43,535 : INFO : ConfigProcessor : Loading config from file C:\Users\White\documents\top_gun_pinball\modes\hard_deck_playing_with_the_boys\config\hard_deck_playing_with_the_boys.yaml.
2026-03-15 10:08:43,599 : INFO : ConfigProcessor : Loading config: C:\Users\White\documents\top_gun_pinball\modes\hard_deck_playing_with_the_boys\config\hard_deck_playing_with_the_boys.yaml
2026-03-15 10:08:43,605 : INFO : ConfigProcessor : Config file cache created: C:\Users\White\AppData\Local\Temp\a41099aaa8931854bf7aeb1131eb25f5.mpf_cache
2026-03-15 10:08:43,606 : INFO : ConfigProcessor : Loading config from file C:\Users\White\documents\top_gun_pinball\modes\hard_deck_qualifiers\config\hard_deck_qualifiers.yaml.
2026-03-15 10:08:43,622 : INFO : ConfigProcessor : Loading config: C:\Users\White\documents\top_gun_pinball\modes\hard_deck_qualifiers\config\hard_deck_qualifiers.yaml
2026-03-15 10:08:43,624 : INFO : ConfigProcessor : Config file cache created: C:\Users\White\AppData\Local\Temp\4db056afb6ae3257643d7cc331e05161.mpf_cache
2026-03-15 10:08:43,625 : INFO : ConfigProcessor : Loading config from file C:\Users\White\documents\top_gun_pinball\modes\iceman_letters\config\iceman_letters.yaml.
2026-03-15 10:08:43,654 : INFO : ConfigProcessor : Loading config: C:\Users\White\documents\top_gun_pinball\modes\iceman_letters\config\iceman_letters.yaml
2026-03-15 10:08:43,658 : INFO : ConfigProcessor : Config file cache created: C:\Users\White\AppData\Local\Temp\a18f6718f5a170b21c37bd725ebae781.mpf_cache
2026-03-15 10:08:43,659 : INFO : ConfigProcessor : Loading config from file C:\Users\White\documents\top_gun_pinball\modes\mach_scoring\config\mach_scoring.yaml.
2026-03-15 10:08:43,677 : INFO : ConfigProcessor : Loading config: C:\Users\White\documents\top_gun_pinball\modes\mach_scoring\config\mach_scoring.yaml
2026-03-15 10:08:43,677 : ERROR : ConfigProcessor : Config section 'sounds' is removed in MPF 0.80 and will be ignored.
2026-03-15 10:08:43,679 : INFO : ConfigProcessor : Config file cache created: C:\Users\White\AppData\Local\Temp\8709151c8d2d3863b5fceda4c115c736.mpf_cache
2026-03-15 10:08:43,680 : INFO : ConfigProcessor : Loading config from file C:\Users\White\documents\top_gun_pinball\modes\mig_letters\config\mig_letters.yaml.
2026-03-15 10:08:43,687 : INFO : ConfigProcessor : Loading config: C:\Users\White\documents\top_gun_pinball\modes\mig_letters\config\mig_letters.yaml
2026-03-15 10:08:43,688 : INFO : ConfigProcessor : Config file cache created: C:\Users\White\AppData\Local\Temp\769cd60133e5c0b9a985e6e3690a3631.mpf_cache
2026-03-15 10:08:43,689 : INFO : ConfigProcessor : Loading config from file C:\Users\White\documents\top_gun_pinball\modes\mystery_award\config\mystery_award.yaml.
2026-03-15 10:08:43,697 : INFO : ConfigProcessor : Loading config: C:\Users\White\documents\top_gun_pinball\modes\mystery_award\config\mystery_award.yaml
2026-03-15 10:08:43,700 : INFO : ConfigProcessor : Config file cache created: C:\Users\White\AppData\Local\Temp\3d468c7cedf90be47a7d01e42bb936d2.mpf_cache
2026-03-15 10:08:43,700 : INFO : ConfigProcessor : Loading config from file C:\Users\White\documents\top_gun_pinball\modes\pilot_training_mission_afterburner\config\pilot_training_mission_afterburner.yaml.
2026-03-15 10:08:43,760 : INFO : ConfigProcessor : Loading config: C:\Users\White\documents\top_gun_pinball\modes\pilot_training_mission_afterburner\config\pilot_training_mission_afterburner.yaml
2026-03-15 10:08:43,764 : INFO : ConfigProcessor : Config file cache created: C:\Users\White\AppData\Local\Temp\88387b71764ec8c6867c539ea54a2040.mpf_cache
2026-03-15 10:08:43,765 : INFO : ConfigProcessor : Loading config from file C:\Users\White\documents\top_gun_pinball\modes\pilot_training_mission_inverted\config\pilot_training_mission_inverted.yaml.
2026-03-15 10:08:43,856 : INFO : ConfigProcessor : Loading config: C:\Users\White\documents\top_gun_pinball\modes\pilot_training_mission_inverted\config\pilot_training_mission_inverted.yaml
2026-03-15 10:08:43,864 : INFO : ConfigProcessor : Config file cache created: C:\Users\White\AppData\Local\Temp\2b752b47ed38224cd6b4953549e961ec.mpf_cache
2026-03-15 10:08:43,866 : INFO : ConfigProcessor : Loading config from file C:\Users\White\documents\top_gun_pinball\modes\pilot_training_mission_missiles\config\pilot_training_mission_missiles.yaml.
2026-03-15 10:08:43,916 : INFO : ConfigProcessor : Loading config: C:\Users\White\documents\top_gun_pinball\modes\pilot_training_mission_missiles\config\pilot_training_mission_missiles.yaml
2026-03-15 10:08:43,920 : INFO : ConfigProcessor : Config file cache created: C:\Users\White\AppData\Local\Temp\bc5a83a7db04a21de896bef4617be537.mpf_cache
2026-03-15 10:08:43,921 : INFO : ConfigProcessor : Loading config from file C:\Users\White\documents\top_gun_pinball\modes\pilot_training_mission_wingman\config\pilot_training_mission_wingman.yaml.
2026-03-15 10:08:43,958 : INFO : ConfigProcessor : Loading config: C:\Users\White\documents\top_gun_pinball\modes\pilot_training_mission_wingman\config\pilot_training_mission_wingman.yaml
2026-03-15 10:08:43,961 : INFO : ConfigProcessor : Config file cache created: C:\Users\White\AppData\Local\Temp\f74d72009f4dabec10fde825e0863a15.mpf_cache
2026-03-15 10:08:43,962 : INFO : ConfigProcessor : Loading config from file C:\Users\White\documents\top_gun_pinball\modes\canyon_run\config\canyon_run.yaml.
2026-03-15 10:08:43,989 : INFO : ConfigProcessor : Loading config: C:\Users\White\documents\top_gun_pinball\modes\canyon_run\config\canyon_run.yaml
2026-03-15 10:08:43,992 : INFO : ConfigProcessor : Config file cache created: C:\Users\White\AppData\Local\Temp\66496f3db5355e441b1bd8ecccd57f05.mpf_cache
2026-03-15 10:08:43,993 : INFO : ConfigProcessor : Loading config from file C:\Users\White\documents\top_gun_pinball\modes\edge_of_space\config\edge_of_space.yaml.
2026-03-15 10:08:44,029 : INFO : ConfigProcessor : Loading config: C:\Users\White\documents\top_gun_pinball\modes\edge_of_space\config\edge_of_space.yaml
2026-03-15 10:08:44,033 : INFO : ConfigProcessor : Config file cache created: C:\Users\White\AppData\Local\Temp\0ae832768984a3aa01ae31edc15ba990.mpf_cache
2026-03-15 10:08:44,033 : INFO : ConfigProcessor : Loading config from file C:\Users\White\documents\top_gun_pinball\modes\rescue_cougar\config\rescue_cougar.yaml.
2026-03-15 10:08:44,070 : INFO : ConfigProcessor : Loading config: C:\Users\White\documents\top_gun_pinball\modes\rescue_cougar\config\rescue_cougar.yaml
2026-03-15 10:08:44,073 : INFO : ConfigProcessor : Config file cache created: C:\Users\White\AppData\Local\Temp\9ea7462f1dcba752602eb310d0ad4a44.mpf_cache
2026-03-15 10:08:44,074 : INFO : ConfigProcessor : Loading config from file C:\Users\White\documents\top_gun_pinball\modes\rise_of_phoenix\config\rise_of_phoenix.yaml.
2026-03-15 10:08:44,117 : INFO : ConfigProcessor : Loading config: C:\Users\White\documents\top_gun_pinball\modes\rise_of_phoenix\config\rise_of_phoenix.yaml
2026-03-15 10:08:44,121 : INFO : ConfigProcessor : Config file cache created: C:\Users\White\AppData\Local\Temp\96651e0be7a1992a8a7abf26a9350bb6.mpf_cache
2026-03-15 10:08:44,122 : INFO : ConfigProcessor : Loading config from file C:\Users\White\documents\top_gun_pinball\modes\top_gun_multiball\config\top_gun_multiball.yaml.
2026-03-15 10:08:44,175 : INFO : ConfigProcessor : Loading config: C:\Users\White\documents\top_gun_pinball\modes\top_gun_multiball\config\top_gun_multiball.yaml
2026-03-15 10:08:44,179 : INFO : ConfigProcessor : Config file cache created: C:\Users\White\AppData\Local\Temp\cbfc37a30bf6aa1a7a2aa4e455a94298.mpf_cache
2026-03-15 10:08:44,179 : INFO : ConfigProcessor : Loading config from file C:\Users\White\documents\top_gun_pinball\modes\top_gun_multiball_locks\config\top_gun_multiball_locks.yaml.
2026-03-15 10:08:44,208 : INFO : ConfigProcessor : Loading config: C:\Users\White\documents\top_gun_pinball\modes\top_gun_multiball_locks\config\top_gun_multiball_locks.yaml
2026-03-15 10:08:44,211 : INFO : ConfigProcessor : Config file cache created: C:\Users\White\AppData\Local\Temp\fccb93411cf20b3ccac68b1dad0cbb88.mpf_cache
2026-03-15 10:08:44,211 : INFO : ConfigProcessor : Loading config from file C:\Users\White\documents\top_gun_pinball\modes\top_gun_service\config\top_gun_service.yaml.
2026-03-15 10:08:44,312 : INFO : ConfigProcessor : Loading config: C:\Users\White\documents\top_gun_pinball\modes\top_gun_service\config\top_gun_service.yaml
2026-03-15 10:08:44,336 : INFO : ConfigProcessor : Loading config: C:\Users\White\documents\top_gun_pinball\modes\top_gun_service\config\service_switch_events.yaml
2026-03-15 10:08:44,354 : INFO : ConfigProcessor : Config file cache created: C:\Users\White\AppData\Local\Temp\e16268268679c5881d2554ba916948dd.mpf_cache
2026-03-15 10:08:44,355 : INFO : ConfigProcessor : Loading config from file C:\Users\White\documents\top_gun_pinball\modes\shot_made_callout_randomizer\config\shot_made_callout_randomizer.yaml.
2026-03-15 10:08:44,357 : INFO : ConfigProcessor : Loading config: C:\Users\White\documents\top_gun_pinball\modes\shot_made_callout_randomizer\config\shot_made_callout_randomizer.yaml
2026-03-15 10:08:44,358 : INFO : ConfigProcessor : Config file cache created: C:\Users\White\AppData\Local\Temp\81f3f7be5108efd0b69d2cf71a558028.mpf_cache
2026-03-15 10:08:44,359 : INFO : ConfigProcessor : Loading config from file C:\Users\White\documents\top_gun_pinball\modes\shot_missed_callout_randomizer\config\shot_missed_callout_randomizer.yaml.
2026-03-15 10:08:44,362 : INFO : ConfigProcessor : Loading config: C:\Users\White\documents\top_gun_pinball\modes\shot_missed_callout_randomizer\config\shot_missed_callout_randomizer.yaml
2026-03-15 10:08:44,363 : INFO : ConfigProcessor : Config file cache created: C:\Users\White\AppData\Local\Temp\a97027ed54ab7f7f55eb3caa54f968f3.mpf_cache
2026-03-15 10:08:44,363 : INFO : ConfigProcessor : Loading config from file C:\Users\White\documents\top_gun_pinball\modes\skillshot\config\skillshot.yaml.
2026-03-15 10:08:44,376 : INFO : ConfigProcessor : Loading config: C:\Users\White\documents\top_gun_pinball\modes\skillshot\config\skillshot.yaml
2026-03-15 10:08:44,378 : INFO : ConfigProcessor : Config file cache created: C:\Users\White\AppData\Local\Temp\fd6f0b40037ebf84651c592cbc8bc03a.mpf_cache
2026-03-15 10:08:44,379 : INFO : ConfigProcessor : Loading config from file C:\Users\White\mpf\Lib\site-packages\mpf\modes\tilt\config\tilt.yaml.
2026-03-15 10:08:44,380 : INFO : ConfigProcessor : Loading config: C:\Users\White\mpf\Lib\site-packages\mpf\modes\tilt\config\tilt.yaml
2026-03-15 10:08:44,381 : INFO : ConfigProcessor : Loading config from file C:\Users\White\documents\top_gun_pinball\modes\tilt\config\tilt.yaml.
2026-03-15 10:08:44,384 : INFO : ConfigProcessor : Loading config: C:\Users\White\documents\top_gun_pinball\modes\tilt\config\tilt.yaml
2026-03-15 10:08:44,384 : INFO : ConfigProcessor : Config file cache created: C:\Users\White\AppData\Local\Temp\e1cebbcae09bac7286b592746f768daa.mpf_cache
2026-03-15 10:08:44,386 : INFO : ConfigProcessor : Loading config from file C:\Users\White\documents\top_gun_pinball\modes\pilot_mission_qualifier\config\pilot_mission_qualifier.yaml.
2026-03-15 10:08:44,444 : INFO : ConfigProcessor : Loading config: C:\Users\White\documents\top_gun_pinball\modes\pilot_mission_qualifier\config\pilot_mission_qualifier.yaml
2026-03-15 10:08:44,449 : INFO : ConfigProcessor : Config file cache created: C:\Users\White\AppData\Local\Temp\55d5943d63961b44af3f854c02c721ad.mpf_cache
2026-03-15 10:08:44,452 : INFO : ConfigProcessor : Loading config from file C:\Users\White\documents\top_gun_pinball\modes\status_mode\config\status_mode.yaml.
2026-03-15 10:08:44,491 : INFO : ConfigProcessor : Loading config: C:\Users\White\documents\top_gun_pinball\modes\status_mode\config\status_mode.yaml
2026-03-15 10:08:44,493 : INFO : ConfigProcessor : Config file cache created: C:\Users\White\AppData\Local\Temp\43f523791758ce46d2ad099d1ecb5a1a.mpf_cache
2026-03-15 10:08:44,494 : INFO : ConfigProcessor : Loading config from file C:\Users\White\mpf\Lib\site-packages\mpf\modes\high_score\config\high_score.yaml.
2026-03-15 10:08:44,496 : INFO : ConfigProcessor : Loading config: C:\Users\White\mpf\Lib\site-packages\mpf\modes\high_score\config\high_score.yaml
2026-03-15 10:08:44,496 : INFO : ConfigProcessor : Loading config from file C:\Users\White\documents\top_gun_pinball\modes\high_score\config\high_score.yaml.
2026-03-15 10:08:44,503 : INFO : ConfigProcessor : Loading config: C:\Users\White\documents\top_gun_pinball\modes\high_score\config\high_score.yaml
2026-03-15 10:08:44,504 : INFO : ConfigProcessor : Config file cache created: C:\Users\White\AppData\Local\Temp\be0cea2a7d47c7cf979c3644b39972ab.mpf_cache
2026-03-15 10:08:44,505 : INFO : ConfigProcessor : Loading config from file C:\Users\White\documents\top_gun_pinball\shows\.\attract_chase_all_inserts.yaml.
2026-03-15 10:08:44,672 : INFO : ConfigProcessor : Loading config: C:\Users\White\documents\top_gun_pinball\shows\.\attract_chase_all_inserts.yaml
2026-03-15 10:08:44,677 : INFO : ConfigProcessor : Config file cache created: C:\Users\White\AppData\Local\Temp\8f22b463b668cef8fc8e91f8271e08dd.mpf_cache
2026-03-15 10:08:44,677 : INFO : ConfigProcessor : Loading config from file C:\Users\White\documents\top_gun_pinball\shows\.\attract_color_blast.yaml.
2026-03-15 10:08:44,826 : INFO : ConfigProcessor : Loading config: C:\Users\White\documents\top_gun_pinball\shows\.\attract_color_blast.yaml
2026-03-15 10:08:44,830 : INFO : ConfigProcessor : Config file cache created: C:\Users\White\AppData\Local\Temp\9ac10604873d355c34af0d8445abb8db.mpf_cache
2026-03-15 10:08:44,830 : INFO : ConfigProcessor : Loading config from file C:\Users\White\documents\top_gun_pinball\shows\.\attract_color_plus_spin.yaml.
2026-03-15 10:08:44,927 : INFO : ConfigProcessor : Loading config: C:\Users\White\documents\top_gun_pinball\shows\.\attract_color_plus_spin.yaml
2026-03-15 10:08:44,929 : INFO : ConfigProcessor : Config file cache created: C:\Users\White\AppData\Local\Temp\77e3efdaa7991fde2ded950a578d622d.mpf_cache
2026-03-15 10:08:44,930 : INFO : ConfigProcessor : Loading config from file C:\Users\White\documents\top_gun_pinball\shows\.\attract_color_wheel.yaml.
2026-03-15 10:08:44,950 : INFO : ConfigProcessor : Loading config: C:\Users\White\documents\top_gun_pinball\shows\.\attract_color_wheel.yaml
2026-03-15 10:08:44,953 : INFO : ConfigProcessor : Config file cache created: C:\Users\White\AppData\Local\Temp\19da4e94fc5ce3c5f810a9c7463c1354.mpf_cache
2026-03-15 10:08:44,953 : INFO : ConfigProcessor : Loading config from file C:\Users\White\documents\top_gun_pinball\shows\.\attract_corners_sweep.yaml.
2026-03-15 10:08:45,128 : INFO : ConfigProcessor : Loading config: C:\Users\White\documents\top_gun_pinball\shows\.\attract_corners_sweep.yaml
2026-03-15 10:08:45,132 : INFO : ConfigProcessor : Config file cache created: C:\Users\White\AppData\Local\Temp\4443efc54f3a5f57a313f4078fbddd50.mpf_cache
2026-03-15 10:08:45,132 : INFO : ConfigProcessor : Loading config from file C:\Users\White\documents\top_gun_pinball\shows\.\attract_inserts_mega.yaml.
2026-03-15 10:08:45,154 : INFO : ConfigProcessor : Loading config: C:\Users\White\documents\top_gun_pinball\shows\.\attract_inserts_mega.yaml
2026-03-15 10:08:45,156 : INFO : ConfigProcessor : Config file cache created: C:\Users\White\AppData\Local\Temp\88f72734ea72fc22245e5b82d5a75cb6.mpf_cache
2026-03-15 10:08:45,156 : INFO : ConfigProcessor : Loading config from file C:\Users\White\documents\top_gun_pinball\shows\.\attract_insert_color_bounce.yaml.
2026-03-15 10:08:45,197 : INFO : ConfigProcessor : Loading config: C:\Users\White\documents\top_gun_pinball\shows\.\attract_insert_color_bounce.yaml
2026-03-15 10:08:45,199 : INFO : ConfigProcessor : Config file cache created: C:\Users\White\AppData\Local\Temp\2b3f78690e4e473b8e5df94cdc0ab039.mpf_cache
2026-03-15 10:08:45,200 : INFO : ConfigProcessor : Loading config from file C:\Users\White\documents\top_gun_pinball\shows\.\attract_insert_fade_in_out.yaml.
2026-03-15 10:08:45,413 : INFO : ConfigProcessor : Loading config: C:\Users\White\documents\top_gun_pinball\shows\.\attract_insert_fade_in_out.yaml
2026-03-15 10:08:45,420 : INFO : ConfigProcessor : Config file cache created: C:\Users\White\AppData\Local\Temp\fa987fd2c3266ab64543e0b64578d739.mpf_cache
2026-03-15 10:08:45,421 : INFO : ConfigProcessor : Loading config from file C:\Users\White\documents\top_gun_pinball\shows\.\attract_smooth_motion.yaml.
2026-03-15 10:08:45,547 : INFO : ConfigProcessor : Loading config: C:\Users\White\documents\top_gun_pinball\shows\.\attract_smooth_motion.yaml
2026-03-15 10:08:45,556 : INFO : ConfigProcessor : Config file cache created: C:\Users\White\AppData\Local\Temp\f26c5a15de77ef0685e209821eddbe7d.mpf_cache
2026-03-15 10:08:45,556 : INFO : ConfigProcessor : Loading config from file C:\Users\White\documents\top_gun_pinball\shows\.\attract_spiral_in_and_out.yaml.
2026-03-15 10:08:45,590 : INFO : ConfigProcessor : Loading config: C:\Users\White\documents\top_gun_pinball\shows\.\attract_spiral_in_and_out.yaml
2026-03-15 10:08:45,591 : INFO : ConfigProcessor : Config file cache created: C:\Users\White\AppData\Local\Temp\c2c1510818de090aac140fad4cc773a2.mpf_cache
2026-03-15 10:08:45,592 : INFO : ConfigProcessor : Loading config from file C:\Users\White\documents\top_gun_pinball\shows\.\end_of_game_1.yaml.
2026-03-15 10:08:45,923 : INFO : ConfigProcessor : Loading config: C:\Users\White\documents\top_gun_pinball\shows\.\end_of_game_1.yaml
2026-03-15 10:08:45,937 : INFO : ConfigProcessor : Config file cache created: C:\Users\White\AppData\Local\Temp\98d3d7eb23a2f141af3b9c324af06e38.mpf_cache
2026-03-15 10:08:45,937 : INFO : ConfigProcessor : Loading config from file C:\Users\White\documents\top_gun_pinball\shows\.\end_of_game_2.yaml.
2026-03-15 10:08:46,374 : INFO : ConfigProcessor : Loading config: C:\Users\White\documents\top_gun_pinball\shows\.\end_of_game_2.yaml
2026-03-15 10:08:46,381 : INFO : ConfigProcessor : Config file cache created: C:\Users\White\AppData\Local\Temp\9a3b340b295c94e005fb29d2d35803d1.mpf_cache
2026-03-15 10:08:46,382 : INFO : ConfigProcessor : Loading config from file C:\Users\White\documents\top_gun_pinball\shows\.\end_of_game_3.yaml.
2026-03-15 10:08:46,572 : INFO : ConfigProcessor : Loading config: C:\Users\White\documents\top_gun_pinball\shows\.\end_of_game_3.yaml
2026-03-15 10:08:46,582 : INFO : ConfigProcessor : Config file cache created: C:\Users\White\AppData\Local\Temp\6a788fdfb83194d81af99a12c59a319a.mpf_cache
2026-03-15 10:08:46,582 : INFO : ConfigProcessor : Loading config from file C:\Users\White\documents\top_gun_pinball\shows\.\end_of_game_4.yaml.
2026-03-15 10:08:46,622 : INFO : ConfigProcessor : Loading config: C:\Users\White\documents\top_gun_pinball\shows\.\end_of_game_4.yaml
2026-03-15 10:08:46,625 : INFO : ConfigProcessor : Config file cache created: C:\Users\White\AppData\Local\Temp\2fe82acdc56ea652ff3066fd375b17fa.mpf_cache
2026-03-15 10:08:46,625 : INFO : ConfigProcessor : Loading config from file C:\Users\White\documents\top_gun_pinball\shows\.\rainbow_breathe.yaml.
2026-03-15 10:08:46,628 : INFO : ConfigProcessor : Loading config: C:\Users\White\documents\top_gun_pinball\shows\.\rainbow_breathe.yaml
2026-03-15 10:08:46,630 : INFO : ConfigProcessor : Config file cache created: C:\Users\White\AppData\Local\Temp\d567fbe46807f36791c9019d207c2440.mpf_cache
2026-03-15 10:08:46,632 : INFO : ConfigProcessor : Loading config from file C:\Users\White\documents\top_gun_pinball\modes\bonus\shows\.\bonus_count_down_light_show.yaml.
2026-03-15 10:08:46,641 : INFO : ConfigProcessor : Loading config: C:\Users\White\documents\top_gun_pinball\modes\bonus\shows\.\bonus_count_down_light_show.yaml
2026-03-15 10:08:46,643 : INFO : ConfigProcessor : Config file cache created: C:\Users\White\AppData\Local\Temp\4e3068d09bb0285319ebd926b91ae940.mpf_cache
2026-03-15 10:08:46,644 : INFO : ConfigProcessor : Loading config from file C:\Users\White\documents\top_gun_pinball\modes\ejection_seat\shows\.\eject_successfull.yaml.
2026-03-15 10:08:46,651 : INFO : ConfigProcessor : Loading config: C:\Users\White\documents\top_gun_pinball\modes\ejection_seat\shows\.\eject_successfull.yaml
2026-03-15 10:08:46,653 : INFO : ConfigProcessor : Config file cache created: C:\Users\White\AppData\Local\Temp\669bfab06c6aa3a1674b0f4b50ae7a3c.mpf_cache
2026-03-15 10:08:46,654 : INFO : ConfigProcessor : Loading config from file C:\Users\White\documents\top_gun_pinball\modes\extra_ball\shows\.\extra_ball_show.yaml.
2026-03-15 10:08:46,659 : INFO : ConfigProcessor : Loading config: C:\Users\White\documents\top_gun_pinball\modes\extra_ball\shows\.\extra_ball_show.yaml
2026-03-15 10:08:46,661 : INFO : ConfigProcessor : Config file cache created: C:\Users\White\AppData\Local\Temp\81e3ac1306f02cfb95eeca67698417dc.mpf_cache
2026-03-15 10:08:46,662 : INFO : ConfigProcessor : Loading config from file C:\Users\White\documents\top_gun_pinball\modes\goose_letters\shows\.\goose_collected.yaml.
2026-03-15 10:08:46,663 : INFO : ConfigProcessor : Loading config: C:\Users\White\documents\top_gun_pinball\modes\goose_letters\shows\.\goose_collected.yaml
2026-03-15 10:08:46,664 : INFO : ConfigProcessor : Config file cache created: C:\Users\White\AppData\Local\Temp\a6fe037899bc77554e846472e6476319.mpf_cache
2026-03-15 10:08:46,665 : INFO : ConfigProcessor : Loading config from file C:\Users\White\documents\top_gun_pinball\modes\iceman_letters\shows\.\iceman_collected.yaml.
2026-03-15 10:08:46,673 : INFO : ConfigProcessor : Loading config: C:\Users\White\documents\top_gun_pinball\modes\iceman_letters\shows\.\iceman_collected.yaml
2026-03-15 10:08:46,674 : INFO : ConfigProcessor : Config file cache created: C:\Users\White\AppData\Local\Temp\cd20ab9d6bcfc3d94797e381db389ad9.mpf_cache
2026-03-15 10:08:46,675 : INFO : ConfigProcessor : Loading config from file C:\Users\White\documents\top_gun_pinball\modes\mach_scoring\shows\.\mach_scoring_ended.yaml.
2026-03-15 10:08:46,695 : INFO : ConfigProcessor : Loading config: C:\Users\White\documents\top_gun_pinball\modes\mach_scoring\shows\.\mach_scoring_ended.yaml
2026-03-15 10:08:46,697 : INFO : ConfigProcessor : Config file cache created: C:\Users\White\AppData\Local\Temp\d763b47a22b017336bfbe57a6af89149.mpf_cache
2026-03-15 10:08:46,697 : INFO : ConfigProcessor : Loading config from file C:\Users\White\documents\top_gun_pinball\modes\mach_scoring\shows\.\mach_scoring_increased.yaml.
2026-03-15 10:08:46,707 : INFO : ConfigProcessor : Loading config: C:\Users\White\documents\top_gun_pinball\modes\mach_scoring\shows\.\mach_scoring_increased.yaml
2026-03-15 10:08:46,708 : INFO : ConfigProcessor : Config file cache created: C:\Users\White\AppData\Local\Temp\386baade319655b6aedfa45ddbf562f0.mpf_cache
2026-03-15 10:08:46,709 : INFO : ConfigProcessor : Loading config from file C:\Users\White\documents\top_gun_pinball\modes\pilot_training_mission_afterburner\shows\.\afterburner_pulse.yaml.
2026-03-15 10:08:46,711 : INFO : ConfigProcessor : Loading config: C:\Users\White\documents\top_gun_pinball\modes\pilot_training_mission_afterburner\shows\.\afterburner_pulse.yaml
2026-03-15 10:08:46,712 : INFO : ConfigProcessor : Config file cache created: C:\Users\White\AppData\Local\Temp\f939ce46d02c41a03afd31c4270c8c55.mpf_cache
2026-03-15 10:08:46,713 : INFO : ConfigProcessor : Loading config from file C:\Users\White\documents\top_gun_pinball\modes\pilot_training_mission_inverted\shows\.\inverted_jackpot_strobe.yaml.
2026-03-15 10:08:46,717 : INFO : ConfigProcessor : Loading config: C:\Users\White\documents\top_gun_pinball\modes\pilot_training_mission_inverted\shows\.\inverted_jackpot_strobe.yaml
2026-03-15 10:08:46,718 : INFO : ConfigProcessor : Config file cache created: C:\Users\White\AppData\Local\Temp\59ab671ab96a4594304638e27b0542c8.mpf_cache
2026-03-15 10:08:46,719 : INFO : ConfigProcessor : Loading config from file C:\Users\White\documents\top_gun_pinball\modes\pilot_training_mission_inverted\shows\.\pilot_training_mission_inverted_jackpot_lit.yaml.
2026-03-15 10:08:46,723 : INFO : ConfigProcessor : Loading config: C:\Users\White\documents\top_gun_pinball\modes\pilot_training_mission_inverted\shows\.\pilot_training_mission_inverted_jackpot_lit.yaml
2026-03-15 10:08:46,724 : INFO : ConfigProcessor : Config file cache created: C:\Users\White\AppData\Local\Temp\0ba5adb65e1d75578edd80699100c28e.mpf_cache
2026-03-15 10:08:46,724 : INFO : ConfigProcessor : Loading config from file C:\Users\White\documents\top_gun_pinball\modes\pilot_training_mission_inverted\shows\.\pilot_training_mission_inverted_super_jackpot_lit.yaml.
2026-03-15 10:08:46,730 : INFO : ConfigProcessor : Loading config: C:\Users\White\documents\top_gun_pinball\modes\pilot_training_mission_inverted\shows\.\pilot_training_mission_inverted_super_jackpot_lit.yaml
2026-03-15 10:08:46,730 : INFO : ConfigProcessor : Config file cache created: C:\Users\White\AppData\Local\Temp\b5471f08be9278463d25e3c2f06df8dd.mpf_cache
2026-03-15 10:08:46,731 : INFO : ConfigProcessor : Loading config from file C:\Users\White\documents\top_gun_pinball\modes\pilot_training_mission_missiles\shows\.\missiles_show_lock_c.yaml.
2026-03-15 10:08:46,740 : INFO : ConfigProcessor : Loading config: C:\Users\White\documents\top_gun_pinball\modes\pilot_training_mission_missiles\shows\.\missiles_show_lock_c.yaml
2026-03-15 10:08:46,740 : INFO : ConfigProcessor : Config file cache created: C:\Users\White\AppData\Local\Temp\e9dfca965102979619879287aaffd4da.mpf_cache
2026-03-15 10:08:46,741 : INFO : ConfigProcessor : Loading config from file C:\Users\White\documents\top_gun_pinball\modes\pilot_training_mission_missiles\shows\.\missiles_show_lock_k.yaml.
2026-03-15 10:08:46,745 : INFO : ConfigProcessor : Loading config: C:\Users\White\documents\top_gun_pinball\modes\pilot_training_mission_missiles\shows\.\missiles_show_lock_k.yaml
2026-03-15 10:08:46,746 : INFO : ConfigProcessor : Config file cache created: C:\Users\White\AppData\Local\Temp\ce1ea71bb3ca3937ce71fdff0b263bdb.mpf_cache
2026-03-15 10:08:46,747 : INFO : ConfigProcessor : Loading config from file C:\Users\White\documents\top_gun_pinball\modes\pilot_training_mission_missiles\shows\.\missiles_show_lock_l.yaml.
2026-03-15 10:08:46,753 : INFO : ConfigProcessor : Loading config: C:\Users\White\documents\top_gun_pinball\modes\pilot_training_mission_missiles\shows\.\missiles_show_lock_l.yaml
2026-03-15 10:08:46,754 : INFO : ConfigProcessor : Config file cache created: C:\Users\White\AppData\Local\Temp\29b7b020f0513127005b35e19f0d78e3.mpf_cache
2026-03-15 10:08:46,755 : INFO : ConfigProcessor : Loading config from file C:\Users\White\documents\top_gun_pinball\modes\pilot_training_mission_missiles\shows\.\missiles_show_lock_o.yaml.
2026-03-15 10:08:46,761 : INFO : ConfigProcessor : Loading config: C:\Users\White\documents\top_gun_pinball\modes\pilot_training_mission_missiles\shows\.\missiles_show_lock_o.yaml
2026-03-15 10:08:46,762 : INFO : ConfigProcessor : Config file cache created: C:\Users\White\AppData\Local\Temp\a19f4094f571d5e3f4a6bb0d76ddc2bd.mpf_cache
2026-03-15 10:08:46,762 : INFO : ConfigProcessor : Loading config from file C:\Users\White\documents\top_gun_pinball\modes\pilot_training_mission_missiles\shows\.\missles_pulse.yaml.
2026-03-15 10:08:46,763 : INFO : ConfigProcessor : Loading config: C:\Users\White\documents\top_gun_pinball\modes\pilot_training_mission_missiles\shows\.\missles_pulse.yaml
2026-03-15 10:08:46,764 : INFO : ConfigProcessor : Config file cache created: C:\Users\White\AppData\Local\Temp\2df17da133132edc82ded3ea13a7f2d2.mpf_cache
2026-03-15 10:08:46,764 : INFO : ConfigProcessor : Loading config from file C:\Users\White\documents\top_gun_pinball\modes\canyon_run\shows\.\canyon_run_cycle_left_show.yaml.
2026-03-15 10:08:46,778 : INFO : ConfigProcessor : Loading config: C:\Users\White\documents\top_gun_pinball\modes\canyon_run\shows\.\canyon_run_cycle_left_show.yaml
2026-03-15 10:08:46,778 : INFO : ConfigProcessor : Config file cache created: C:\Users\White\AppData\Local\Temp\6e45c09d2e2fb19b3ec22c705aafb8a5.mpf_cache
2026-03-15 10:08:46,779 : INFO : ConfigProcessor : Loading config from file C:\Users\White\documents\top_gun_pinball\modes\canyon_run\shows\.\canyon_run_cycle_middle_show.yaml.
2026-03-15 10:08:46,789 : INFO : ConfigProcessor : Loading config: C:\Users\White\documents\top_gun_pinball\modes\canyon_run\shows\.\canyon_run_cycle_middle_show.yaml
2026-03-15 10:08:46,791 : INFO : ConfigProcessor : Config file cache created: C:\Users\White\AppData\Local\Temp\e8d87e5ea50ea035195c03c37d485b96.mpf_cache
2026-03-15 10:08:46,791 : INFO : ConfigProcessor : Loading config from file C:\Users\White\documents\top_gun_pinball\modes\canyon_run\shows\.\canyon_run_cycle_right_show.yaml.
2026-03-15 10:08:46,804 : INFO : ConfigProcessor : Loading config: C:\Users\White\documents\top_gun_pinball\modes\canyon_run\shows\.\canyon_run_cycle_right_show.yaml
2026-03-15 10:08:46,805 : INFO : ConfigProcessor : Config file cache created: C:\Users\White\AppData\Local\Temp\19e4bb8a4a9bf220e72c77e0c232cd72.mpf_cache
2026-03-15 10:08:46,805 : INFO : ConfigProcessor : Loading config from file C:\Users\White\documents\top_gun_pinball\modes\canyon_run\shows\.\canyon_run_cycle_up_show.yaml.
2026-03-15 10:08:46,814 : INFO : ConfigProcessor : Loading config: C:\Users\White\documents\top_gun_pinball\modes\canyon_run\shows\.\canyon_run_cycle_up_show.yaml
2026-03-15 10:08:46,815 : INFO : ConfigProcessor : Config file cache created: C:\Users\White\AppData\Local\Temp\3719082fa9c5864b8378f7ec54f99cf0.mpf_cache
2026-03-15 10:08:46,815 : INFO : ConfigProcessor : Loading config from file C:\Users\White\documents\top_gun_pinball\modes\canyon_run\shows\.\canyon_run_spiral_show.yaml.
2026-03-15 10:08:46,826 : INFO : ConfigProcessor : Loading config: C:\Users\White\documents\top_gun_pinball\modes\canyon_run\shows\.\canyon_run_spiral_show.yaml
2026-03-15 10:08:46,827 : INFO : ConfigProcessor : Config file cache created: C:\Users\White\AppData\Local\Temp\49cfb4bed9324bfe32f6074e3237ab91.mpf_cache
2026-03-15 10:08:46,827 : INFO : ConfigProcessor : Loading config from file C:\Users\White\documents\top_gun_pinball\modes\canyon_run\shows\.\canyon_run_won_gi_strobe.yaml.
2026-03-15 10:08:46,903 : INFO : ConfigProcessor : Loading config: C:\Users\White\documents\top_gun_pinball\modes\canyon_run\shows\.\canyon_run_won_gi_strobe.yaml
2026-03-15 10:08:46,906 : INFO : ConfigProcessor : Config file cache created: C:\Users\White\AppData\Local\Temp\a3c5a80388cfc77cd0b14076a224a42b.mpf_cache
2026-03-15 10:08:46,907 : INFO : ConfigProcessor : Loading config from file C:\Users\White\documents\top_gun_pinball\modes\edge_of_space\shows\.\edge_of_space_center_shot.yaml.
2026-03-15 10:08:46,944 : INFO : ConfigProcessor : Loading config: C:\Users\White\documents\top_gun_pinball\modes\edge_of_space\shows\.\edge_of_space_center_shot.yaml
2026-03-15 10:08:46,946 : INFO : ConfigProcessor : Config file cache created: C:\Users\White\AppData\Local\Temp\a48c8ce24f2758d196071669d149efd3.mpf_cache
2026-03-15 10:08:46,946 : INFO : ConfigProcessor : Loading config from file C:\Users\White\documents\top_gun_pinball\modes\edge_of_space\shows\.\edge_of_space_left_shot.yaml.
2026-03-15 10:08:46,954 : INFO : ConfigProcessor : Loading config: C:\Users\White\documents\top_gun_pinball\modes\edge_of_space\shows\.\edge_of_space_left_shot.yaml
2026-03-15 10:08:46,955 : INFO : ConfigProcessor : Config file cache created: C:\Users\White\AppData\Local\Temp\1ed53c621b8f6af903a3041468102589.mpf_cache
2026-03-15 10:08:46,955 : INFO : ConfigProcessor : Loading config from file C:\Users\White\documents\top_gun_pinball\modes\edge_of_space\shows\.\edge_of_space_right_shot.yaml.
2026-03-15 10:08:46,962 : INFO : ConfigProcessor : Loading config: C:\Users\White\documents\top_gun_pinball\modes\edge_of_space\shows\.\edge_of_space_right_shot.yaml
2026-03-15 10:08:46,963 : INFO : ConfigProcessor : Config file cache created: C:\Users\White\AppData\Local\Temp\41a845a48ffaa7677954152e6e297d40.mpf_cache
2026-03-15 10:08:46,963 : INFO : ConfigProcessor : Loading config from file C:\Users\White\documents\top_gun_pinball\modes\edge_of_space\shows\.\eos_engine_fire.yaml.
2026-03-15 10:08:46,966 : INFO : ConfigProcessor : Loading config: C:\Users\White\documents\top_gun_pinball\modes\edge_of_space\shows\.\eos_engine_fire.yaml
2026-03-15 10:08:46,967 : INFO : ConfigProcessor : Config file cache created: C:\Users\White\AppData\Local\Temp\45a44881320e4c811d0578688ed7af5f.mpf_cache
2026-03-15 10:08:46,967 : INFO : ConfigProcessor : Loading config from file C:\Users\White\documents\top_gun_pinball\modes\edge_of_space\shows\.\eos_game_gi.yaml.
2026-03-15 10:08:46,972 : INFO : ConfigProcessor : Loading config: C:\Users\White\documents\top_gun_pinball\modes\edge_of_space\shows\.\eos_game_gi.yaml
2026-03-15 10:08:46,973 : INFO : ConfigProcessor : Config file cache created: C:\Users\White\AppData\Local\Temp\b17acfedfaf18761d1b243a909fa6e25.mpf_cache
2026-03-15 10:08:46,974 : INFO : ConfigProcessor : Loading config from file C:\Users\White\documents\top_gun_pinball\modes\edge_of_space\shows\.\eos_gi_shot_flash.yaml.
2026-03-15 10:08:46,984 : INFO : ConfigProcessor : Loading config: C:\Users\White\documents\top_gun_pinball\modes\edge_of_space\shows\.\eos_gi_shot_flash.yaml
2026-03-15 10:08:46,985 : INFO : ConfigProcessor : Config file cache created: C:\Users\White\AppData\Local\Temp\0352b9b582e3dca83b90b72973f30cb3.mpf_cache
2026-03-15 10:08:46,987 : INFO : ConfigProcessor : Loading config from file C:\Users\White\documents\top_gun_pinball\modes\edge_of_space\shows\.\eos_intro_gi.yaml.
2026-03-15 10:08:47,021 : INFO : ConfigProcessor : Loading config: C:\Users\White\documents\top_gun_pinball\modes\edge_of_space\shows\.\eos_intro_gi.yaml
2026-03-15 10:08:47,022 : INFO : ConfigProcessor : Config file cache created: C:\Users\White\AppData\Local\Temp\5f9963cc4a0205527c292dff60ac95bf.mpf_cache
2026-03-15 10:08:47,022 : INFO : ConfigProcessor : Loading config from file C:\Users\White\documents\top_gun_pinball\modes\edge_of_space\shows\.\eos_shot_wander.yaml.
2026-03-15 10:08:47,028 : INFO : ConfigProcessor : Loading config: C:\Users\White\documents\top_gun_pinball\modes\edge_of_space\shows\.\eos_shot_wander.yaml
2026-03-15 10:08:47,029 : INFO : ConfigProcessor : Config file cache created: C:\Users\White\AppData\Local\Temp\7d9d3a879fccd9ce7a432e5bad71a77d.mpf_cache
2026-03-15 10:08:47,030 : INFO : ConfigProcessor : Loading config from file C:\Users\White\documents\top_gun_pinball\modes\top_gun_service\shows\.\service_light_cycle.yaml.
2026-03-15 10:08:47,031 : INFO : ConfigProcessor : Loading config: C:\Users\White\documents\top_gun_pinball\modes\top_gun_service\shows\.\service_light_cycle.yaml
2026-03-15 10:08:47,031 : INFO : ConfigProcessor : Config file cache created: C:\Users\White\AppData\Local\Temp\0420af4d870b9d4dca0c113858eeb892.mpf_cache
2026-03-15 10:08:47,032 : INFO : ConfigProcessor : Loading config from file C:\Users\White\documents\top_gun_pinball\modes\skillshot\shows\.\skillshot_cyan_flash.yaml.
2026-03-15 10:08:47,033 : INFO : ConfigProcessor : Loading config: C:\Users\White\documents\top_gun_pinball\modes\skillshot\shows\.\skillshot_cyan_flash.yaml
2026-03-15 10:08:47,036 : INFO : ConfigProcessor : Config file cache created: C:\Users\White\AppData\Local\Temp\29db96f2862a8d571fce5d97e7bfa998.mpf_cache
2026-03-15 10:08:47,037 : INFO : ConfigProcessor : Loading config from file C:\Users\White\documents\top_gun_pinball\modes\pilot_mission_qualifier\shows\.\pulse_mode_light.yaml.
2026-03-15 10:08:47,038 : INFO : ConfigProcessor : Loading config: C:\Users\White\documents\top_gun_pinball\modes\pilot_mission_qualifier\shows\.\pulse_mode_light.yaml
2026-03-15 10:08:47,038 : INFO : ConfigProcessor : Config file cache created: C:\Users\White\AppData\Local\Temp\c4e65309e05241fe1ada1112ae55c9ef.mpf_cache
2026-03-15 10:08:47,039 : INFO : ConfigProcessor : Loading config from file C:\Users\White\documents\top_gun_pinball\modes\high_score\shows\.\high_score_award_lights.yaml.
2026-03-15 10:08:47,042 : INFO : ConfigProcessor : Loading config: C:\Users\White\documents\top_gun_pinball\modes\high_score\shows\.\high_score_award_lights.yaml
2026-03-15 10:08:47,044 : INFO : ConfigProcessor : Config file cache created: C:\Users\White\AppData\Local\Temp\bcabc7c4504a6189bbb8c27e26d16460.mpf_cache
2026-03-15 10:08:47,044 : INFO : ConfigProcessor : Loading config from file C:\Users\White\documents\top_gun_pinball\modes\high_score\shows\.\high_score_entry_lights.yaml.
2026-03-15 10:08:47,054 : INFO : ConfigProcessor : Loading config: C:\Users\White\documents\top_gun_pinball\modes\high_score\shows\.\high_score_entry_lights.yaml
2026-03-15 10:08:47,055 : INFO : ConfigProcessor : Config file cache created: C:\Users\White\AppData\Local\Temp\6855b42a221992257d709a7391c0c3e8.mpf_cache
2026-03-15 10:08:47,055 : INFO : Machine : Mission Pinball Framework Core Engine v0.80.0.dev11
2026-03-15 10:08:47,055 : INFO : Machine : Command line arguments: {'no_load_cache': False, 'create_config_cache': True, 'bcp': True, 'configfile': ['config.yaml'], 'force_assets_load': False, 'platform_integration_test': False, 'jsonlogging': False, 'logfile': 'logs\\2026-03-15-10-08-43-mpf-TopGunPinball.log', 'pause': False, 'production': False, 'text_ui': False, 'loglevel': 15, 'consoleloglevel': 20, 'force_platform': None, 'syslog_address': None, 'full_logfile_path': 'C:\\Users\\White\\documents\\top_gun_pinball\\logs\\2026-03-15-10-08-43-mpf-TopGunPinball.log'}
2026-03-15 10:08:47,055 : INFO : Machine : MPF path: C:\Users\White\mpf\Lib\site-packages\mpf
2026-03-15 10:08:47,055 : INFO : Machine : Machine path: C:\Users\White\documents\top_gun_pinball
2026-03-15 10:08:47,056 : INFO : Machine : Platform: win32
2026-03-15 10:08:47,056 : INFO : Machine : Python executable location: C:\Users\White\mpf\Scripts\python.exe
2026-03-15 10:08:47,056 : INFO : Machine : Python version: 3.12.7 (64-bit)
2026-03-15 10:08:47,058 : INFO : Machine : Initializing MPF...
2026-03-15 10:08:47,195 : INFO : FAST : Auto-detecting ports for the following connections: ['net', 'exp', 'aud']
2026-03-15 10:08:47,776 : INFO : FAST : Detected AUD on port COM7
2026-03-15 10:08:47,776 : INFO : FAST : Detected NET on port COM3
2026-03-15 10:08:47,792 : INFO : FAST : Detected EXP on port COM4
2026-03-15 10:08:47,903 : INFO : FAST [NET] : Trying to connect to COM3 at 921600bps
2026-03-15 10:08:47,982 : INFO : FAST [NET] : Connected to COM3 at 921600bps
2026-03-15 10:08:47,996 : INFO : FAST [NET] : Connected to FP-CPU-2000 with firmware v02.26
2026-03-15 10:08:48,026 : INFO : FAST [NET] : Registered I/O Board 0: Model: FP-I/O-0024, Firmware: 01.10, Switches: 24, Drivers: 8
2026-03-15 10:08:48,043 : INFO : FAST [NET] : Registered I/O Board 1: Model: FP-I/O-3208, Firmware: 01.10, Switches: 32, Drivers: 8
2026-03-15 10:08:48,058 : INFO : FAST [NET] : Registered I/O Board 2: Model: FP-I/O-3208, Firmware: 01.10, Switches: 32, Drivers: 8
2026-03-15 10:08:48,074 : INFO : FAST [NET] : Registered I/O Board 3: Model: FP-I/O-0804, Firmware: 01.10, Switches: 8, Drivers: 4
2026-03-15 10:08:48,090 : INFO : FAST [NET] : Registered I/O Board 4: Model: FP-I/O-0804, Firmware: 01.10, Switches: 8, Drivers: 4
2026-03-15 10:08:48,092 : INFO : FAST [EXP] : Trying to connect to COM4 at 921600bps
2026-03-15 10:08:48,170 : INFO : FAST [EXP] : Connected to COM4 at 921600bps
2026-03-15 10:08:48,183 : INFO : FAST [EXP] : Verifying hardware for EXP "neuron" (FP-EXP-2000, @48) with ID string "EXP FP-EXP-2000  0.38", board address 48
2026-03-15 10:08:48,198 : INFO : FAST [EXP] : Verifying hardware for EXP "neuron" (FP-EXP-2000, @48) with ID string "LED FP-BRK-0001  0.8", board address 480
2026-03-15 10:08:48,229 : INFO : FAST [EXP] : Verifying hardware for EXP "light_expansion_board" (FP-EXP-0071, @B4) with ID string "EXP FP-EXP-0071  0.38", board address B4
2026-03-15 10:08:48,244 : INFO : FAST [EXP] : Verifying hardware for EXP "light_expansion_board" (FP-EXP-0071, @B4) with ID string "BRK FP-EXP-0071  0.38", board address B40
2026-03-15 10:08:48,261 : INFO : FAST [AUD] : Trying to connect to COM7 at 230400bps
2026-03-15 10:08:48,429 : INFO : FAST [AUD] : Connected to COM7 at 230400bps
2026-03-15 10:08:48,430 : WARNING : FAST [AUD] : Received XX response:F
2026-03-15 10:08:48,430 : WARNING : FAST [AUD] : Received XX response:F
2026-03-15 10:08:48,430 : WARNING : FAST [AUD] : Received XX response:F
2026-03-15 10:08:48,430 : WARNING : FAST [AUD] : Received XX response:F
2026-03-15 10:08:48,430 : INFO : FAST [AUD] : Connected to FP-AUD-0099 with firmware v0.10
2026-03-15 10:08:48,431 : INFO : EventManager : Event: ======'machine_var_credits_string'====== Args={'value': 'FREE PLAY', 'prev_value': None, 'change': True}
2026-03-15 10:08:48,462 : INFO : EventManager : Event: ======'machine_var_audit_balls_played'====== Args={'value': 0, 'prev_value': None, 'change': True}
2026-03-15 10:08:48,462 : INFO : EventManager : Event: ======'machine_var_audit_games_played'====== Args={'value': 0, 'prev_value': None, 'change': True}
2026-03-15 10:08:48,462 : INFO : EventManager : Event: ======'machine_var_audit_high_score'====== Args={'value': 0, 'prev_value': None, 'change': True}
2026-03-15 10:08:48,462 : INFO : EventManager : Event: ======'machine_var_audit_total_game_time'====== Args={'value': 0, 'prev_value': None, 'change': True}
2026-03-15 10:08:48,462 : INFO : EventManager : Event: ======'machine_var_audit_total_plays'====== Args={'value': 0, 'prev_value': None, 'change': True}
2026-03-15 10:08:48,462 : INFO : EventManager : Event: ======'machine_var_fast_audio_headphones_volume'====== Args={'value': 50, 'prev_value': None, 'change': True}
2026-03-15 10:08:48,462 : INFO : EventManager : Event: ======'machine_var_fast_audio_main_volume'====== Args={'value': 27, 'prev_value': None, 'change': True}
2026-03-15 10:08:48,462 : INFO : EventManager : Event: ======'machine_var_master_volume'====== Args={'value': 0.5, 'prev_value': None, 'change': True}
2026-03-15 10:08:48,462 : INFO : EventManager : Event: ======'machine_var_player1_score'====== Args={'value': 2434350, 'prev_value': None, 'change': True}
2026-03-15 10:08:48,463 : INFO : EventManager : Event: ======'machine_var_service_menu_level'====== Args={'value': 0, 'prev_value': None, 'change': True}
2026-03-15 10:08:48,463 : INFO : EventManager : Event: ======'machine_var_service_main_index'====== Args={'value': 0, 'prev_value': None, 'change': True}
2026-03-15 10:08:48,463 : INFO : EventManager : Event: ======'machine_var_service_switch_index'====== Args={'value': 0, 'prev_value': None, 'change': True}
2026-03-15 10:08:48,463 : INFO : EventManager : Event: ======'machine_var_service_coil_index'====== Args={'value': 0, 'prev_value': None, 'change': True}
2026-03-15 10:08:48,463 : INFO : EventManager : Event: ======'machine_var_service_light_index'====== Args={'value': 0, 'prev_value': None, 'change': True}
2026-03-15 10:08:48,463 : INFO : EventManager : Event: ======'machine_var_service_light_color_index'====== Args={'value': 0, 'prev_value': None, 'change': True}
2026-03-15 10:08:48,463 : INFO : EventManager : Event: ======'machine_var_service_adjustment_index'====== Args={'value': 0, 'prev_value': None, 'change': True}
2026-03-15 10:08:48,463 : INFO : EventManager : Event: ======'machine_var_service_audit_index'====== Args={'value': 0, 'prev_value': None, 'change': True}
2026-03-15 10:08:48,463 : INFO : EventManager : Event: ======'machine_var_service_feature_index'====== Args={'value': 0, 'prev_value': None, 'change': True}
2026-03-15 10:08:48,463 : INFO : EventManager : Event: ======'machine_var_service_main_text'====== Args={'value': 'SWITCH TEST', 'prev_value': None, 'change': True}
2026-03-15 10:08:48,463 : INFO : EventManager : Event: ======'machine_var_service_switch_name'====== Args={'value': 'Start Button', 'prev_value': None, 'change': True}
2026-03-15 10:08:48,463 : INFO : EventManager : Event: ======'machine_var_service_switch_num'====== Args={'value': 'Switch 1/63', 'prev_value': None, 'change': True}
2026-03-15 10:08:48,463 : INFO : EventManager : Event: ======'machine_var_service_switch_state'====== Args={'value': 'OPEN', 'prev_value': None, 'change': True}
2026-03-15 10:08:48,463 : INFO : EventManager : Event: ======'machine_var_service_coil_name'====== Args={'value': 'Left Flipper', 'prev_value': None, 'change': True}
2026-03-15 10:08:48,464 : INFO : EventManager : Event: ======'machine_var_service_coil_num'====== Args={'value': 'Coil 1/22', 'prev_value': None, 'change': True}
2026-03-15 10:08:48,464 : INFO : EventManager : Event: ======'machine_var_service_light_name'====== Args={'value': 'Eject Insert', 'prev_value': None, 'change': True}
2026-03-15 10:08:48,464 : INFO : EventManager : Event: ======'machine_var_service_light_num'====== Args={'value': 'Light 1/91', 'prev_value': None, 'change': True}
2026-03-15 10:08:48,464 : INFO : EventManager : Event: ======'machine_var_service_servo_index'====== Args={'value': 0, 'prev_value': None, 'change': True}
2026-03-15 10:08:48,464 : INFO : EventManager : Event: ======'machine_var_service_servo_name'====== Args={'value': 'Right Ramp', 'prev_value': None, 'change': True}
2026-03-15 10:08:48,464 : INFO : EventManager : Event: ======'machine_var_service_servo_num'====== Args={'value': 'Servo 1/6', 'prev_value': None, 'change': True}
2026-03-15 10:08:48,464 : INFO : EventManager : Event: ======'machine_var_service_servo_position'====== Args={'value': 'Pos: 0.05', 'prev_value': None, 'change': True}
2026-03-15 10:08:48,464 : INFO : EventManager : Event: ======'machine_var_service_adjustment_name'====== Args={'value': 'Balls Per Game', 'prev_value': None, 'change': True}
2026-03-15 10:08:48,464 : INFO : EventManager : Event: ======'machine_var_service_adjustment_num'====== Args={'value': 'Setting 1/15', 'prev_value': None, 'change': True}
2026-03-15 10:08:48,464 : INFO : EventManager : Event: ======'machine_var_service_audit_name'====== Args={'value': 'Games Played', 'prev_value': None, 'change': True}
2026-03-15 10:08:48,464 : INFO : EventManager : Event: ======'machine_var_service_audit_num'====== Args={'value': 'Audit 1/10', 'prev_value': None, 'change': True}
2026-03-15 10:08:48,464 : INFO : EventManager : Event: ======'machine_var_service_feature_name'====== Args={'value': 'Pilot Mode Timer', 'prev_value': None, 'change': True}
2026-03-15 10:08:48,464 : INFO : EventManager : Event: ======'machine_var_service_feature_num'====== Args={'value': 'Feature 1/10', 'prev_value': None, 'change': True}
2026-03-15 10:08:48,464 : INFO : EventManager : Event: ======'machine_var_ball_search_servo_count'====== Args={'value': 0, 'prev_value': None, 'change': True}
2026-03-15 10:08:48,464 : INFO : EventManager : Event: ======'machine_var_hs_letter_index'====== Args={'value': 0, 'prev_value': None, 'change': True}
2026-03-15 10:08:48,465 : INFO : EventManager : Event: ======'machine_var_hs_select_trigger'====== Args={'value': 0, 'prev_value': None, 'change': True}
2026-03-15 10:08:48,465 : INFO : EventManager : Event: ======'machine_var_hs_award_text'====== Args={'value': '', 'prev_value': None, 'change': True}
2026-03-15 10:08:48,465 : INFO : EventManager : Event: ======'machine_var_hs_player_num'====== Args={'value': 1, 'prev_value': None, 'change': True}
2026-03-15 10:08:48,465 : INFO : EventManager : Event: ======'machine_var_hs_score_value'====== Args={'value': 0, 'prev_value': None, 'change': True}
2026-03-15 10:08:48,465 : INFO : EventManager : Event: ======'machine_var_hs_entry_made'====== Args={'value': 0, 'prev_value': None, 'change': True}
2026-03-15 10:08:48,465 : INFO : EventManager : Event: ======'machine_var_mpf_version'====== Args={'value': 'Mission Pinball Framework v0.80.0.dev11', 'prev_value': None, 'change': True}
2026-03-15 10:08:48,465 : INFO : EventManager : Event: ======'machine_var_mpf_extended_version'====== Args={'value': 'Mission Pinball Framework v0.80.0.dev11, Config version:6, Show version: 6, BCP version:1.1', 'prev_value': None, 'change': True}
2026-03-15 10:08:48,465 : INFO : EventManager : Event: ======'machine_var_python_version'====== Args={'value': '3.12.7', 'prev_value': None, 'change': True}
2026-03-15 10:08:48,623 : INFO : EventManager : Event: ======'machine_var_platform'====== Args={'value': 'Windows-11-10.0.26200-SP0', 'prev_value': None, 'change': True}
2026-03-15 10:08:48,624 : INFO : EventManager : Event: ======'machine_var_platform_system'====== Args={'value': 'Windows', 'prev_value': None, 'change': True}
2026-03-15 10:08:48,624 : INFO : EventManager : Event: ======'machine_var_platform_release'====== Args={'value': '11', 'prev_value': None, 'change': True}
2026-03-15 10:08:48,624 : INFO : EventManager : Event: ======'machine_var_platform_version'====== Args={'value': '10.0.26200', 'prev_value': None, 'change': True}
2026-03-15 10:08:48,624 : INFO : EventManager : Event: ======'machine_var_platform_machine'====== Args={'value': 'AMD64', 'prev_value': None, 'change': True}
2026-03-15 10:08:48,624 : INFO : EventManager : Event: ======'machine_var_log_file_path'====== Args={'value': 'C:\\Users\\White\\documents\\top_gun_pinball\\logs\\2026-03-15-10-08-43-mpf-TopGunPinball.log', 'prev_value': None, 'change': True}
2026-03-15 10:08:48,624 : INFO : EventManager : Event: ======'init_phase_1'====== Args={}
2026-03-15 10:08:51,123 : INFO : SwitchController : <<<<<<< 's_48v_disable' active >>>>>>>
2026-03-15 10:08:51,123 : INFO : SwitchController : <<<<<<< 's_trough_1' active >>>>>>>
2026-03-15 10:08:51,123 : INFO : SwitchController : <<<<<<< 's_trough_2' active >>>>>>>
2026-03-15 10:08:51,123 : INFO : SwitchController : <<<<<<< 's_trough_3' active >>>>>>>
2026-03-15 10:08:51,123 : INFO : SwitchController : <<<<<<< 's_trough_4' active >>>>>>>
2026-03-15 10:08:51,123 : INFO : SwitchController : <<<<<<< 's_trough_5' active >>>>>>>
2026-03-15 10:08:51,123 : INFO : SwitchController : <<<<<<< 's_trough_6' active >>>>>>>
2026-03-15 10:08:51,124 : INFO : SwitchController : <<<<<<< 's_ramp_inner_exit' active >>>>>>>
2026-03-15 10:08:51,157 : INFO : EventManager : Event: ======'init_phase_2'====== Args={}
2026-03-15 10:08:51,158 : INFO : SwitchController : Found active switch: (0, [FAST Platform Interface]) <switch.s_48v_disable>
2026-03-15 10:08:51,158 : INFO : SwitchController : Found active switch: (24, [FAST Platform Interface]) <switch.s_trough_1>
2026-03-15 10:08:51,158 : INFO : SwitchController : Found active switch: (25, [FAST Platform Interface]) <switch.s_trough_2>
2026-03-15 10:08:51,159 : INFO : SwitchController : Found active switch: (26, [FAST Platform Interface]) <switch.s_trough_3>
2026-03-15 10:08:51,159 : INFO : SwitchController : Found active switch: (27, [FAST Platform Interface]) <switch.s_trough_4>
2026-03-15 10:08:51,159 : INFO : SwitchController : Found active switch: (28, [FAST Platform Interface]) <switch.s_trough_5>
2026-03-15 10:08:51,159 : INFO : SwitchController : Found active switch: (29, [FAST Platform Interface]) <switch.s_trough_6>
2026-03-15 10:08:51,159 : INFO : SwitchController : Found active switch: (78, [FAST Platform Interface]) <switch.s_ramp_inner_exit>
2026-03-15 10:08:51,345 : ERROR : ConfigValidator : Your config contains a value for the setting "variable_player:type", but this is not a valid setting name.
2026-03-15 10:08:51,347 : ERROR : asyncio : Exception in callback EventManager._queue_task_done(<Task finishe...tting name.')>)
handle: <Handle EventManager._queue_task_done(<Task finishe...tting name.')>)>
Traceback (most recent call last):
  File "C:\Users\White\AppData\Local\Programs\Python\Python312\Lib\asyncio\events.py", line 88, in _run
    self._context.run(self._callback, *self._args)
  File "C:\Users\White\mpf\Lib\site-packages\mpf\core\events.py", line 795, in _queue_task_done
    future.result()
  File "C:\Users\White\mpf\Lib\site-packages\mpf\core\events.py", line 708, in _run_handlers_sequential
    handler.callback(queue=queue, **merged_kwargs)
  File "C:\Users\White\mpf\Lib\site-packages\mpf\core\mode_controller.py", line 97, in initialize_modes
    item.method(config=mode.config[item.config_section],
  File "C:\Users\White\mpf\Lib\site-packages\mpf\core\config_player.py", line 150, in process_mode_config
    config = self.validate_config(config)
             ^^^^^^^^^^^^^^^^^^^^^^^^^^^^
  File "C:\Users\White\mpf\Lib\site-packages\mpf\core\config_player.py", line 113, in validate_config
    validated_config[event] = self.validate_config_entry(settings, event)
                              ^^^^^^^^^^^^^^^^^^^^^^^^^^^^^^^^^^^^^^^^^^^
  File "C:\Users\White\mpf\Lib\site-packages\mpf\config_players\variable_player.py", line 160, in validate_config_entry
    value_dict = self._parse_config(s, name)
                 ^^^^^^^^^^^^^^^^^^^^^^^^^^^
  File "C:\Users\White\mpf\Lib\site-packages\mpf\core\config_player.py", line 144, in _parse_config
    return self.get_full_config(config)
           ^^^^^^^^^^^^^^^^^^^^^^^^^^^^
  File "C:\Users\White\mpf\Lib\site-packages\mpf\core\config_player.py", line 216, in get_full_config
    return self.machine.config_validator.validate_config(
           ^^^^^^^^^^^^^^^^^^^^^^^^^^^^^^^^^^^^^^^^^^^^^^
  File "C:\Users\White\mpf\Lib\site-packages\mpf\core\config_validator.py", line 164, in validate_config
    return self._validate_config(config_spec, source, base_spec=base_spec, add_missing_keys=add_missing_keys,
           ^^^^^^^^^^^^^^^^^^^^^^^^^^^^^^^^^^^^^^^^^^^^^^^^^^^^^^^^^^^^^^^^^^^^^^^^^^^^^^^^^^^^^^^^^^^^^^^^^^
  File "C:\Users\White\mpf\Lib\site-packages\mpf\core\config_validator.py", line 177, in _validate_config
    self.check_for_invalid_sections(this_spec, source, validation_failure_info)
  File "C:\Users\White\mpf\Lib\site-packages\mpf\core\config_validator.py", line 345, in check_for_invalid_sections
    raise ConfigFileError('Your config contains a value for the '
mpf.exceptions.config_file_error.ConfigFileError: Config File Error in ConfigValidator: Your config contains a value for the setting "variable_player:type", but this is not a valid setting name. Error Code: CFE-ConfigValidator-2 (https://missionpinball.org/logs)
2026-03-15 10:08:51,388 : INFO : Machine : Starting the main run loop with active modes: []
2026-03-15 10:08:51,388 : WARNING : Machine : Attract mode is not active, game will not be playable. Please check your attract mode configuration.
2026-03-15 10:08:51,388 : INFO : Machine : Shutting down...
2026-03-15 10:08:51,388 : INFO : EventManager : Event: ======'shutdown'====== Args={}
2026-03-15 10:08:52,504 : ERROR : Machine : Runtime Exception
Traceback (most recent call last):
  File "C:\Users\White\mpf\Lib\site-packages\mpf\core\machine.py", line 810, in _run_loop
    raise self._exception['exception']
  File "C:\Users\White\AppData\Local\Programs\Python\Python312\Lib\asyncio\events.py", line 88, in _run
    self._context.run(self._callback, *self._args)
  File "C:\Users\White\mpf\Lib\site-packages\mpf\core\events.py", line 795, in _queue_task_done
    future.result()
  File "C:\Users\White\mpf\Lib\site-packages\mpf\core\events.py", line 708, in _run_handlers_sequential
    handler.callback(queue=queue, **merged_kwargs)
  File "C:\Users\White\mpf\Lib\site-packages\mpf\core\mode_controller.py", line 97, in initialize_modes
    item.method(config=mode.config[item.config_section],
  File "C:\Users\White\mpf\Lib\site-packages\mpf\core\config_player.py", line 150, in process_mode_config
    config = self.validate_config(config)
             ^^^^^^^^^^^^^^^^^^^^^^^^^^^^
  File "C:\Users\White\mpf\Lib\site-packages\mpf\core\config_player.py", line 113, in validate_config
    validated_config[event] = self.validate_config_entry(settings, event)
                              ^^^^^^^^^^^^^^^^^^^^^^^^^^^^^^^^^^^^^^^^^^^
  File "C:\Users\White\mpf\Lib\site-packages\mpf\config_players\variable_player.py", line 160, in validate_config_entry
    value_dict = self._parse_config(s, name)
                 ^^^^^^^^^^^^^^^^^^^^^^^^^^^
  File "C:\Users\White\mpf\Lib\site-packages\mpf\core\config_player.py", line 144, in _parse_config
    return self.get_full_config(config)
           ^^^^^^^^^^^^^^^^^^^^^^^^^^^^
  File "C:\Users\White\mpf\Lib\site-packages\mpf\core\config_player.py", line 216, in get_full_config
    return self.machine.config_validator.validate_config(
           ^^^^^^^^^^^^^^^^^^^^^^^^^^^^^^^^^^^^^^^^^^^^^^
  File "C:\Users\White\mpf\Lib\site-packages\mpf\core\config_validator.py", line 164, in validate_config
    return self._validate_config(config_spec, source, base_spec=base_spec, add_missing_keys=add_missing_keys,
           ^^^^^^^^^^^^^^^^^^^^^^^^^^^^^^^^^^^^^^^^^^^^^^^^^^^^^^^^^^^^^^^^^^^^^^^^^^^^^^^^^^^^^^^^^^^^^^^^^^
  File "C:\Users\White\mpf\Lib\site-packages\mpf\core\config_validator.py", line 177, in _validate_config
    self.check_for_invalid_sections(this_spec, source, validation_failure_info)
  File "C:\Users\White\mpf\Lib\site-packages\mpf\core\config_validator.py", line 345, in check_for_invalid_sections
    raise ConfigFileError('Your config contains a value for the '
mpf.exceptions.config_file_error.ConfigFileError: Config File Error in ConfigValidator: Your config contains a value for the setting "variable_player:type", but this is not a valid setting name. Error Code: CFE-ConfigValidator-2 (https://missionpinball.org/logs)
2026-03-15 10:08:52,506 : INFO : root : MPF run loop ended.
