2026-03-09 15:02:21,442 : INFO : root : Loading config.
2026-03-09 15:02:21,464 : INFO : YamlMultifileConfigLoader : Machine config file #1: config.yaml
2026-03-09 15:02:21,465 : WARNING : ConfigProcessor : Config file in cache changed: C:\Users\White\documents\top_gun_pinball\config\config.yaml
2026-03-09 15:02:21,465 : INFO : ConfigProcessor : Loading config from file C:\Users\White\mpf\Lib\site-packages\mpf\mpfconfig.yaml.
2026-03-09 15:02:21,491 : INFO : ConfigProcessor : Loading config: C:\Users\White\mpf\Lib\site-packages\mpf\mpfconfig.yaml
2026-03-09 15:02:21,492 : INFO : ConfigProcessor : Loading config from file C:\Users\White\documents\top_gun_pinball\config\config.yaml.
2026-03-09 15:02:21,504 : INFO : ConfigProcessor : Loading config: C:\Users\White\documents\top_gun_pinball\config\config.yaml
2026-03-09 15:02:21,504 : ERROR : ConfigProcessor : Config section 'sounds' is removed in MPF 0.80 and will be ignored.
2026-03-09 15:02:21,517 : INFO : ConfigProcessor : Loading config: C:\Users\White\documents\top_gun_pinball\config\config_autofire_coils.yaml
2026-03-09 15:02:21,532 : INFO : ConfigProcessor : Loading config: C:\Users\White\documents\top_gun_pinball\config\config_ball_devices.yaml
2026-03-09 15:02:21,545 : INFO : ConfigProcessor : Loading config: C:\Users\White\documents\top_gun_pinball\config\config_ball_saves.yaml
2026-03-09 15:02:21,569 : INFO : ConfigProcessor : Loading config: C:\Users\White\documents\top_gun_pinball\config\config_coils.yaml
2026-03-09 15:02:21,582 : INFO : ConfigProcessor : Loading config: C:\Users\White\documents\top_gun_pinball\config\config_flippers.yaml
2026-03-09 15:02:21,601 : INFO : ConfigProcessor : Loading config: C:\Users\White\documents\top_gun_pinball\config\config_hardware_fast.yaml
2026-03-09 15:02:21,628 : INFO : ConfigProcessor : Loading config: C:\Users\White\documents\top_gun_pinball\config\config_lights.yaml
2026-03-09 15:02:21,644 : INFO : ConfigProcessor : Loading config: C:\Users\White\documents\top_gun_pinball\config\config_no_hold_flippers.yaml
2026-03-09 15:02:21,669 : INFO : ConfigProcessor : Loading config: C:\Users\White\documents\top_gun_pinball\config\config_switches.yaml
2026-03-09 15:02:21,687 : INFO : ConfigProcessor : Loading config: C:\Users\White\documents\top_gun_pinball\config\config_reversed_flippers.yaml
2026-03-09 15:02:21,706 : INFO : ConfigProcessor : Loading config: C:\Users\White\documents\top_gun_pinball\config\config_servos.yaml
2026-03-09 15:02:21,725 : INFO : ConfigProcessor : Loading config: C:\Users\White\documents\top_gun_pinball\config\variable_player.yaml
2026-03-09 15:02:21,742 : INFO : ConfigProcessor : Loading config: C:\Users\White\documents\top_gun_pinball\config\config_videos.yaml
2026-03-09 15:02:21,749 : INFO : ConfigProcessor : Config file cache created: C:\Users\White\AppData\Local\Temp\39c4b34018bdb564eab7cf26b7f669ee.mpf_cache
2026-03-09 15:02:21,897 : INFO : ConfigProcessor : Loading config from cache: C:\Users\White\AppData\Local\Temp\dcfa5ee5b10d64a3b94fd534c1aa451d.mpf_cache
2026-03-09 15:02:21,917 : INFO : ConfigProcessor : Loading config from cache: C:\Users\White\AppData\Local\Temp\91cc4d1c993c58dc354e34974b9cfeac.mpf_cache
2026-03-09 15:02:21,935 : INFO : ConfigProcessor : Loading config from cache: C:\Users\White\AppData\Local\Temp\35b01af7767e50eba76da865e2d7f95a.mpf_cache
2026-03-09 15:02:21,952 : INFO : ConfigProcessor : Loading config from cache: C:\Users\White\AppData\Local\Temp\954a0964095d05f049666b24b311e3e0.mpf_cache
2026-03-09 15:02:21,972 : INFO : ConfigProcessor : Loading config from cache: C:\Users\White\AppData\Local\Temp\dcfa5ee5b10d64a3b94fd534c1aa451d.mpf_cache
2026-03-09 15:02:21,973 : INFO : ConfigProcessor : Loading config from cache: C:\Users\White\AppData\Local\Temp\a9244cf73bd1b995c8229a78fecf001a.mpf_cache
2026-03-09 15:02:21,992 : INFO : ConfigProcessor : Loading config from cache: C:\Users\White\AppData\Local\Temp\45fc6500cf8fab1ef48d0c2f81501272.mpf_cache
2026-03-09 15:02:22,011 : WARNING : ConfigProcessor : Config file in cache changed: C:\Users\White\documents\top_gun_pinball\modes\base\config\base.yaml
2026-03-09 15:02:22,011 : INFO : ConfigProcessor : Loading config from file C:\Users\White\documents\top_gun_pinball\modes\base\config\base.yaml.
2026-03-09 15:02:22,036 : INFO : ConfigProcessor : Loading config: C:\Users\White\documents\top_gun_pinball\modes\base\config\base.yaml
2026-03-09 15:02:22,039 : INFO : ConfigProcessor : Config file cache created: C:\Users\White\AppData\Local\Temp\981e6839caefcab32cd6f1225f0b1dcf.mpf_cache
2026-03-09 15:02:22,039 : INFO : ConfigProcessor : Loading config from cache: C:\Users\White\AppData\Local\Temp\78ac3c6ac2705ccef0aca6223f38636a.mpf_cache
2026-03-09 15:02:22,062 : INFO : ConfigProcessor : Loading config from cache: C:\Users\White\AppData\Local\Temp\a859aaec01fc9eda8e384946277a1be9.mpf_cache
2026-03-09 15:02:22,082 : INFO : ConfigProcessor : Loading config from cache: C:\Users\White\AppData\Local\Temp\3a2f2089f214eeb3c016e23cf6937b46.mpf_cache
2026-03-09 15:02:22,101 : INFO : ConfigProcessor : Loading config from cache: C:\Users\White\AppData\Local\Temp\d70718505753edc7bfae94d93c7e0d17.mpf_cache
2026-03-09 15:02:22,121 : INFO : ConfigProcessor : Loading config from cache: C:\Users\White\AppData\Local\Temp\824f161cac9e4c9f1443132020691281.mpf_cache
2026-03-09 15:02:22,139 : INFO : ConfigProcessor : Loading config from cache: C:\Users\White\AppData\Local\Temp\cd2c211e15a4dbebeef94e6a26e93112.mpf_cache
2026-03-09 15:02:22,160 : INFO : ConfigProcessor : Loading config from cache: C:\Users\White\AppData\Local\Temp\ba6e93360aa60032a4b7b34f9cffdce0.mpf_cache
2026-03-09 15:02:22,184 : INFO : ConfigProcessor : Loading config from cache: C:\Users\White\AppData\Local\Temp\a41099aaa8931854bf7aeb1131eb25f5.mpf_cache
2026-03-09 15:02:22,205 : INFO : ConfigProcessor : Loading config from cache: C:\Users\White\AppData\Local\Temp\4db056afb6ae3257643d7cc331e05161.mpf_cache
2026-03-09 15:02:22,224 : INFO : ConfigProcessor : Loading config from cache: C:\Users\White\AppData\Local\Temp\a18f6718f5a170b21c37bd725ebae781.mpf_cache
2026-03-09 15:02:22,245 : INFO : ConfigProcessor : Loading config from cache: C:\Users\White\AppData\Local\Temp\8709151c8d2d3863b5fceda4c115c736.mpf_cache
2026-03-09 15:02:22,270 : INFO : ConfigProcessor : Loading config from cache: C:\Users\White\AppData\Local\Temp\769cd60133e5c0b9a985e6e3690a3631.mpf_cache
2026-03-09 15:02:22,290 : INFO : ConfigProcessor : Loading config from cache: C:\Users\White\AppData\Local\Temp\3d468c7cedf90be47a7d01e42bb936d2.mpf_cache
2026-03-09 15:02:22,309 : INFO : ConfigProcessor : Loading config from cache: C:\Users\White\AppData\Local\Temp\88387b71764ec8c6867c539ea54a2040.mpf_cache
2026-03-09 15:02:22,329 : INFO : ConfigProcessor : Loading config from cache: C:\Users\White\AppData\Local\Temp\2b752b47ed38224cd6b4953549e961ec.mpf_cache
2026-03-09 15:02:22,351 : INFO : ConfigProcessor : Loading config from cache: C:\Users\White\AppData\Local\Temp\bc5a83a7db04a21de896bef4617be537.mpf_cache
2026-03-09 15:02:22,371 : INFO : ConfigProcessor : Loading config from cache: C:\Users\White\AppData\Local\Temp\f74d72009f4dabec10fde825e0863a15.mpf_cache
2026-03-09 15:02:22,391 : INFO : ConfigProcessor : Loading config from file C:\Users\White\documents\top_gun_pinball\modes\canyon_run\config\canyon_run.yaml.
2026-03-09 15:02:22,436 : INFO : ConfigProcessor : Loading config: C:\Users\White\documents\top_gun_pinball\modes\canyon_run\config\canyon_run.yaml
2026-03-09 15:02:22,439 : INFO : ConfigProcessor : Config file cache created: C:\Users\White\AppData\Local\Temp\66496f3db5355e441b1bd8ecccd57f05.mpf_cache
2026-03-09 15:02:22,441 : INFO : ConfigProcessor : Loading config from cache: C:\Users\White\AppData\Local\Temp\9ea7462f1dcba752602eb310d0ad4a44.mpf_cache
2026-03-09 15:02:22,459 : INFO : ConfigProcessor : Loading config from cache: C:\Users\White\AppData\Local\Temp\96651e0be7a1992a8a7abf26a9350bb6.mpf_cache
2026-03-09 15:02:22,478 : INFO : ConfigProcessor : Loading config from cache: C:\Users\White\AppData\Local\Temp\cbfc37a30bf6aa1a7a2aa4e455a94298.mpf_cache
2026-03-09 15:02:22,497 : INFO : ConfigProcessor : Loading config from cache: C:\Users\White\AppData\Local\Temp\fccb93411cf20b3ccac68b1dad0cbb88.mpf_cache
2026-03-09 15:02:22,517 : INFO : ConfigProcessor : Loading config from cache: C:\Users\White\AppData\Local\Temp\e16268268679c5881d2554ba916948dd.mpf_cache
2026-03-09 15:02:22,539 : INFO : ConfigProcessor : Loading config from cache: C:\Users\White\AppData\Local\Temp\81f3f7be5108efd0b69d2cf71a558028.mpf_cache
2026-03-09 15:02:22,558 : INFO : ConfigProcessor : Loading config from cache: C:\Users\White\AppData\Local\Temp\a97027ed54ab7f7f55eb3caa54f968f3.mpf_cache
2026-03-09 15:02:22,578 : INFO : ConfigProcessor : Loading config from cache: C:\Users\White\AppData\Local\Temp\fd6f0b40037ebf84651c592cbc8bc03a.mpf_cache
2026-03-09 15:02:22,598 : INFO : ConfigProcessor : Loading config from cache: C:\Users\White\AppData\Local\Temp\e1cebbcae09bac7286b592746f768daa.mpf_cache
2026-03-09 15:02:22,620 : WARNING : ConfigProcessor : Config file in cache changed: C:\Users\White\documents\top_gun_pinball\modes\pilot_mission_qualifier\config\pilot_mission_qualifier.yaml
2026-03-09 15:02:22,620 : INFO : ConfigProcessor : Loading config from file C:\Users\White\documents\top_gun_pinball\modes\pilot_mission_qualifier\config\pilot_mission_qualifier.yaml.
2026-03-09 15:02:22,687 : INFO : ConfigProcessor : Loading config: C:\Users\White\documents\top_gun_pinball\modes\pilot_mission_qualifier\config\pilot_mission_qualifier.yaml
2026-03-09 15:02:22,694 : INFO : ConfigProcessor : Config file cache created: C:\Users\White\AppData\Local\Temp\55d5943d63961b44af3f854c02c721ad.mpf_cache
2026-03-09 15:02:22,694 : INFO : ConfigProcessor : Loading config from cache: C:\Users\White\AppData\Local\Temp\43f523791758ce46d2ad099d1ecb5a1a.mpf_cache
2026-03-09 15:02:22,717 : INFO : ConfigProcessor : Loading config from cache: C:\Users\White\AppData\Local\Temp\be0cea2a7d47c7cf979c3644b39972ab.mpf_cache
2026-03-09 15:02:22,738 : INFO : ConfigProcessor : Loading config from cache: C:\Users\White\AppData\Local\Temp\8f22b463b668cef8fc8e91f8271e08dd.mpf_cache
2026-03-09 15:02:22,763 : INFO : ConfigProcessor : Loading config from cache: C:\Users\White\AppData\Local\Temp\9ac10604873d355c34af0d8445abb8db.mpf_cache
2026-03-09 15:02:22,793 : INFO : ConfigProcessor : Loading config from cache: C:\Users\White\AppData\Local\Temp\77e3efdaa7991fde2ded950a578d622d.mpf_cache
2026-03-09 15:02:22,819 : INFO : ConfigProcessor : Loading config from cache: C:\Users\White\AppData\Local\Temp\19da4e94fc5ce3c5f810a9c7463c1354.mpf_cache
2026-03-09 15:02:22,839 : INFO : ConfigProcessor : Loading config from cache: C:\Users\White\AppData\Local\Temp\4443efc54f3a5f57a313f4078fbddd50.mpf_cache
2026-03-09 15:02:22,863 : INFO : ConfigProcessor : Loading config from cache: C:\Users\White\AppData\Local\Temp\88f72734ea72fc22245e5b82d5a75cb6.mpf_cache
2026-03-09 15:02:22,883 : INFO : ConfigProcessor : Loading config from cache: C:\Users\White\AppData\Local\Temp\2b3f78690e4e473b8e5df94cdc0ab039.mpf_cache
2026-03-09 15:02:22,901 : INFO : ConfigProcessor : Loading config from cache: C:\Users\White\AppData\Local\Temp\fa987fd2c3266ab64543e0b64578d739.mpf_cache
2026-03-09 15:02:22,925 : INFO : ConfigProcessor : Loading config from cache: C:\Users\White\AppData\Local\Temp\f26c5a15de77ef0685e209821eddbe7d.mpf_cache
2026-03-09 15:02:22,945 : INFO : ConfigProcessor : Loading config from cache: C:\Users\White\AppData\Local\Temp\c2c1510818de090aac140fad4cc773a2.mpf_cache
2026-03-09 15:02:22,964 : INFO : ConfigProcessor : Loading config from cache: C:\Users\White\AppData\Local\Temp\98d3d7eb23a2f141af3b9c324af06e38.mpf_cache
2026-03-09 15:02:22,988 : INFO : ConfigProcessor : Loading config from cache: C:\Users\White\AppData\Local\Temp\9a3b340b295c94e005fb29d2d35803d1.mpf_cache
2026-03-09 15:02:23,013 : INFO : ConfigProcessor : Loading config from cache: C:\Users\White\AppData\Local\Temp\6a788fdfb83194d81af99a12c59a319a.mpf_cache
2026-03-09 15:02:23,035 : INFO : ConfigProcessor : Loading config from cache: C:\Users\White\AppData\Local\Temp\2fe82acdc56ea652ff3066fd375b17fa.mpf_cache
2026-03-09 15:02:23,054 : INFO : ConfigProcessor : Loading config from cache: C:\Users\White\AppData\Local\Temp\d567fbe46807f36791c9019d207c2440.mpf_cache
2026-03-09 15:02:23,073 : INFO : ConfigProcessor : Loading config from cache: C:\Users\White\AppData\Local\Temp\4e3068d09bb0285319ebd926b91ae940.mpf_cache
2026-03-09 15:02:23,093 : INFO : ConfigProcessor : Loading config from cache: C:\Users\White\AppData\Local\Temp\669bfab06c6aa3a1674b0f4b50ae7a3c.mpf_cache
2026-03-09 15:02:23,112 : INFO : ConfigProcessor : Loading config from cache: C:\Users\White\AppData\Local\Temp\81e3ac1306f02cfb95eeca67698417dc.mpf_cache
2026-03-09 15:02:23,130 : INFO : ConfigProcessor : Loading config from cache: C:\Users\White\AppData\Local\Temp\a6fe037899bc77554e846472e6476319.mpf_cache
2026-03-09 15:02:23,149 : INFO : ConfigProcessor : Loading config from cache: C:\Users\White\AppData\Local\Temp\cd20ab9d6bcfc3d94797e381db389ad9.mpf_cache
2026-03-09 15:02:23,168 : INFO : ConfigProcessor : Loading config from cache: C:\Users\White\AppData\Local\Temp\d763b47a22b017336bfbe57a6af89149.mpf_cache
2026-03-09 15:02:23,186 : INFO : ConfigProcessor : Loading config from cache: C:\Users\White\AppData\Local\Temp\386baade319655b6aedfa45ddbf562f0.mpf_cache
2026-03-09 15:02:23,207 : INFO : ConfigProcessor : Loading config from cache: C:\Users\White\AppData\Local\Temp\59ab671ab96a4594304638e27b0542c8.mpf_cache
2026-03-09 15:02:23,227 : INFO : ConfigProcessor : Loading config from cache: C:\Users\White\AppData\Local\Temp\0ba5adb65e1d75578edd80699100c28e.mpf_cache
2026-03-09 15:02:23,245 : INFO : ConfigProcessor : Loading config from cache: C:\Users\White\AppData\Local\Temp\b5471f08be9278463d25e3c2f06df8dd.mpf_cache
2026-03-09 15:02:23,266 : INFO : ConfigProcessor : Loading config from cache: C:\Users\White\AppData\Local\Temp\e9dfca965102979619879287aaffd4da.mpf_cache
2026-03-09 15:02:23,283 : INFO : ConfigProcessor : Loading config from cache: C:\Users\White\AppData\Local\Temp\ce1ea71bb3ca3937ce71fdff0b263bdb.mpf_cache
2026-03-09 15:02:23,302 : INFO : ConfigProcessor : Loading config from cache: C:\Users\White\AppData\Local\Temp\29b7b020f0513127005b35e19f0d78e3.mpf_cache
2026-03-09 15:02:23,321 : INFO : ConfigProcessor : Loading config from cache: C:\Users\White\AppData\Local\Temp\a19f4094f571d5e3f4a6bb0d76ddc2bd.mpf_cache
2026-03-09 15:02:23,338 : INFO : ConfigProcessor : Loading config from cache: C:\Users\White\AppData\Local\Temp\2df17da133132edc82ded3ea13a7f2d2.mpf_cache
2026-03-09 15:02:23,356 : INFO : ConfigProcessor : Loading config from file C:\Users\White\documents\top_gun_pinball\modes\canyon_run\shows\.\canyon_run_cycle_left_show.yaml.
2026-03-09 15:02:23,369 : INFO : ConfigProcessor : Loading config: C:\Users\White\documents\top_gun_pinball\modes\canyon_run\shows\.\canyon_run_cycle_left_show.yaml
2026-03-09 15:02:23,371 : INFO : ConfigProcessor : Config file cache created: C:\Users\White\AppData\Local\Temp\6e45c09d2e2fb19b3ec22c705aafb8a5.mpf_cache
2026-03-09 15:02:23,372 : INFO : ConfigProcessor : Loading config from file C:\Users\White\documents\top_gun_pinball\modes\canyon_run\shows\.\canyon_run_cycle_middle_show.yaml.
2026-03-09 15:02:23,381 : INFO : ConfigProcessor : Loading config: C:\Users\White\documents\top_gun_pinball\modes\canyon_run\shows\.\canyon_run_cycle_middle_show.yaml
2026-03-09 15:02:23,382 : INFO : ConfigProcessor : Config file cache created: C:\Users\White\AppData\Local\Temp\e8d87e5ea50ea035195c03c37d485b96.mpf_cache
2026-03-09 15:02:23,382 : INFO : ConfigProcessor : Loading config from file C:\Users\White\documents\top_gun_pinball\modes\canyon_run\shows\.\canyon_run_cycle_right_show.yaml.
2026-03-09 15:02:23,394 : INFO : ConfigProcessor : Loading config: C:\Users\White\documents\top_gun_pinball\modes\canyon_run\shows\.\canyon_run_cycle_right_show.yaml
2026-03-09 15:02:23,395 : INFO : ConfigProcessor : Config file cache created: C:\Users\White\AppData\Local\Temp\19e4bb8a4a9bf220e72c77e0c232cd72.mpf_cache
2026-03-09 15:02:23,395 : INFO : ConfigProcessor : Loading config from file C:\Users\White\documents\top_gun_pinball\modes\canyon_run\shows\.\canyon_run_cycle_up_show.yaml.
2026-03-09 15:02:23,404 : INFO : ConfigProcessor : Loading config: C:\Users\White\documents\top_gun_pinball\modes\canyon_run\shows\.\canyon_run_cycle_up_show.yaml
2026-03-09 15:02:23,405 : INFO : ConfigProcessor : Config file cache created: C:\Users\White\AppData\Local\Temp\3719082fa9c5864b8378f7ec54f99cf0.mpf_cache
2026-03-09 15:02:23,405 : INFO : ConfigProcessor : Loading config from file C:\Users\White\documents\top_gun_pinball\modes\canyon_run\shows\.\canyon_run_spiral_show.yaml.
2026-03-09 15:02:23,415 : INFO : ConfigProcessor : Loading config: C:\Users\White\documents\top_gun_pinball\modes\canyon_run\shows\.\canyon_run_spiral_show.yaml
2026-03-09 15:02:23,416 : INFO : ConfigProcessor : Config file cache created: C:\Users\White\AppData\Local\Temp\49cfb4bed9324bfe32f6074e3237ab91.mpf_cache
2026-03-09 15:02:23,417 : INFO : ConfigProcessor : Loading config from cache: C:\Users\White\AppData\Local\Temp\0420af4d870b9d4dca0c113858eeb892.mpf_cache
2026-03-09 15:02:23,435 : INFO : ConfigProcessor : Loading config from cache: C:\Users\White\AppData\Local\Temp\29db96f2862a8d571fce5d97e7bfa998.mpf_cache
2026-03-09 15:02:23,453 : INFO : ConfigProcessor : Loading config from cache: C:\Users\White\AppData\Local\Temp\c4e65309e05241fe1ada1112ae55c9ef.mpf_cache
2026-03-09 15:02:23,470 : INFO : ConfigProcessor : Loading config from cache: C:\Users\White\AppData\Local\Temp\bcabc7c4504a6189bbb8c27e26d16460.mpf_cache
2026-03-09 15:02:23,487 : INFO : ConfigProcessor : Loading config from cache: C:\Users\White\AppData\Local\Temp\6855b42a221992257d709a7391c0c3e8.mpf_cache
2026-03-09 15:02:23,507 : INFO : Machine : Mission Pinball Framework Core Engine v0.80.0.dev11
2026-03-09 15:02:23,507 : INFO : Machine : Command line arguments: {'no_load_cache': False, 'create_config_cache': True, 'bcp': True, 'configfile': ['config.yaml'], 'force_assets_load': False, 'platform_integration_test': False, 'jsonlogging': False, 'logfile': 'logs\\2026-03-09-15-02-21-mpf-TopGunPinball.log', 'pause': False, 'production': False, 'text_ui': False, 'loglevel': 15, 'consoleloglevel': 20, 'force_platform': None, 'syslog_address': None, 'full_logfile_path': 'C:\\Users\\White\\documents\\top_gun_pinball\\logs\\2026-03-09-15-02-21-mpf-TopGunPinball.log'}
2026-03-09 15:02:23,507 : INFO : Machine : MPF path: C:\Users\White\mpf\Lib\site-packages\mpf
2026-03-09 15:02:23,507 : INFO : Machine : Machine path: C:\Users\White\documents\top_gun_pinball
2026-03-09 15:02:23,507 : INFO : Machine : Platform: win32
2026-03-09 15:02:23,507 : INFO : Machine : Python executable location: C:\Users\White\mpf\Scripts\python.exe
2026-03-09 15:02:23,507 : INFO : Machine : Python version: 3.12.7 (64-bit)
2026-03-09 15:02:23,510 : INFO : Machine : Initializing MPF...
2026-03-09 15:02:23,701 : INFO : FAST : Auto-detecting ports for the following connections: ['net', 'exp', 'aud']
2026-03-09 15:02:24,325 : INFO : FAST : Detected AUD on port COM7
2026-03-09 15:02:24,326 : INFO : FAST : Detected NET on port COM3
2026-03-09 15:02:24,369 : INFO : FAST : Detected EXP on port COM4
2026-03-09 15:02:24,480 : INFO : FAST [NET] : Trying to connect to COM3 at 921600bps
2026-03-09 15:02:24,556 : INFO : FAST [NET] : Connected to COM3 at 921600bps
2026-03-09 15:02:24,573 : INFO : FAST [NET] : Connected to FP-CPU-2000 with firmware v02.26
2026-03-09 15:02:24,604 : INFO : FAST [NET] : Registered I/O Board 0: Model: FP-I/O-0024, Firmware: 01.10, Switches: 24, Drivers: 8
2026-03-09 15:02:24,620 : INFO : FAST [NET] : Registered I/O Board 1: Model: FP-I/O-3208, Firmware: 01.10, Switches: 32, Drivers: 8
2026-03-09 15:02:24,635 : INFO : FAST [NET] : Registered I/O Board 2: Model: FP-I/O-3208, Firmware: 01.10, Switches: 32, Drivers: 8
2026-03-09 15:02:24,651 : INFO : FAST [NET] : Registered I/O Board 3: Model: FP-I/O-0804, Firmware: 01.10, Switches: 8, Drivers: 4
2026-03-09 15:02:24,666 : INFO : FAST [NET] : Registered I/O Board 4: Model: FP-I/O-0804, Firmware: 01.10, Switches: 8, Drivers: 4
2026-03-09 15:02:24,669 : INFO : FAST [EXP] : Trying to connect to COM4 at 921600bps
2026-03-09 15:02:24,748 : INFO : FAST [EXP] : Connected to COM4 at 921600bps
2026-03-09 15:02:24,759 : INFO : FAST [EXP] : Verifying hardware for EXP "neuron" (FP-EXP-2000, @48) with ID string "EXP FP-EXP-2000  0.38", board address 48
2026-03-09 15:02:24,775 : INFO : FAST [EXP] : Verifying hardware for EXP "neuron" (FP-EXP-2000, @48) with ID string "LED FP-BRK-0001  0.8", board address 480
2026-03-09 15:02:24,806 : INFO : FAST [EXP] : Verifying hardware for EXP "light_expansion_board" (FP-EXP-0071, @B4) with ID string "EXP FP-EXP-0071  0.38", board address B4
2026-03-09 15:02:24,822 : INFO : FAST [EXP] : Verifying hardware for EXP "light_expansion_board" (FP-EXP-0071, @B4) with ID string "BRK FP-EXP-0071  0.38", board address B40
2026-03-09 15:02:24,839 : INFO : FAST [AUD] : Trying to connect to COM7 at 230400bps
2026-03-09 15:02:24,994 : INFO : FAST [AUD] : Connected to COM7 at 230400bps
2026-03-09 15:02:24,995 : WARNING : FAST [AUD] : Received XX response:F
2026-03-09 15:02:24,995 : WARNING : FAST [AUD] : Received XX response:F
2026-03-09 15:02:24,995 : WARNING : FAST [AUD] : Received XX response:F
2026-03-09 15:02:24,995 : WARNING : FAST [AUD] : Received XX response:F
2026-03-09 15:02:24,995 : INFO : FAST [AUD] : Connected to FP-AUD-0099 with firmware v0.10
2026-03-09 15:02:24,996 : INFO : EventManager : Event: ======'machine_var_credits_string'====== Args={'value': 'FREE PLAY', 'prev_value': None, 'change': True}
2026-03-09 15:02:25,051 : INFO : EventManager : Event: ======'machine_var_audit_balls_played'====== Args={'value': 0, 'prev_value': None, 'change': True}
2026-03-09 15:02:25,053 : INFO : EventManager : Event: ======'machine_var_audit_games_played'====== Args={'value': 0, 'prev_value': None, 'change': True}
2026-03-09 15:02:25,053 : INFO : EventManager : Event: ======'machine_var_audit_high_score'====== Args={'value': 0, 'prev_value': None, 'change': True}
2026-03-09 15:02:25,053 : INFO : EventManager : Event: ======'machine_var_audit_total_game_time'====== Args={'value': 0, 'prev_value': None, 'change': True}
2026-03-09 15:02:25,053 : INFO : EventManager : Event: ======'machine_var_audit_total_plays'====== Args={'value': 0, 'prev_value': None, 'change': True}
2026-03-09 15:02:25,053 : INFO : EventManager : Event: ======'machine_var_fast_audio_headphones_volume'====== Args={'value': 50, 'prev_value': None, 'change': True}
2026-03-09 15:02:25,053 : INFO : EventManager : Event: ======'machine_var_fast_audio_main_volume'====== Args={'value': 31, 'prev_value': None, 'change': True}
2026-03-09 15:02:25,053 : INFO : EventManager : Event: ======'machine_var_master_volume'====== Args={'value': 0.5, 'prev_value': None, 'change': True}
2026-03-09 15:02:25,053 : INFO : EventManager : Event: ======'machine_var_player1_score'====== Args={'value': 2434350, 'prev_value': None, 'change': True}
2026-03-09 15:02:25,053 : INFO : EventManager : Event: ======'machine_var_service_menu_level'====== Args={'value': 0, 'prev_value': None, 'change': True}
2026-03-09 15:02:25,053 : INFO : EventManager : Event: ======'machine_var_service_main_index'====== Args={'value': 0, 'prev_value': None, 'change': True}
2026-03-09 15:02:25,053 : INFO : EventManager : Event: ======'machine_var_service_switch_index'====== Args={'value': 0, 'prev_value': None, 'change': True}
2026-03-09 15:02:25,053 : INFO : EventManager : Event: ======'machine_var_service_coil_index'====== Args={'value': 0, 'prev_value': None, 'change': True}
2026-03-09 15:02:25,053 : INFO : EventManager : Event: ======'machine_var_service_light_index'====== Args={'value': 0, 'prev_value': None, 'change': True}
2026-03-09 15:02:25,053 : INFO : EventManager : Event: ======'machine_var_service_light_color_index'====== Args={'value': 0, 'prev_value': None, 'change': True}
2026-03-09 15:02:25,053 : INFO : EventManager : Event: ======'machine_var_service_adjustment_index'====== Args={'value': 0, 'prev_value': None, 'change': True}
2026-03-09 15:02:25,054 : INFO : EventManager : Event: ======'machine_var_service_audit_index'====== Args={'value': 0, 'prev_value': None, 'change': True}
2026-03-09 15:02:25,054 : INFO : EventManager : Event: ======'machine_var_service_feature_index'====== Args={'value': 0, 'prev_value': None, 'change': True}
2026-03-09 15:02:25,054 : INFO : EventManager : Event: ======'machine_var_service_main_text'====== Args={'value': 'SWITCH TEST', 'prev_value': None, 'change': True}
2026-03-09 15:02:25,054 : INFO : EventManager : Event: ======'machine_var_service_switch_name'====== Args={'value': 'Start Button', 'prev_value': None, 'change': True}
2026-03-09 15:02:25,054 : INFO : EventManager : Event: ======'machine_var_service_switch_num'====== Args={'value': 'Switch 1/63', 'prev_value': None, 'change': True}
2026-03-09 15:02:25,054 : INFO : EventManager : Event: ======'machine_var_service_switch_state'====== Args={'value': 'OPEN', 'prev_value': None, 'change': True}
2026-03-09 15:02:25,054 : INFO : EventManager : Event: ======'machine_var_service_coil_name'====== Args={'value': 'Left Flipper', 'prev_value': None, 'change': True}
2026-03-09 15:02:25,054 : INFO : EventManager : Event: ======'machine_var_service_coil_num'====== Args={'value': 'Coil 1/22', 'prev_value': None, 'change': True}
2026-03-09 15:02:25,054 : INFO : EventManager : Event: ======'machine_var_service_light_name'====== Args={'value': 'Eject Insert', 'prev_value': None, 'change': True}
2026-03-09 15:02:25,054 : INFO : EventManager : Event: ======'machine_var_service_light_num'====== Args={'value': 'Light 1/91', 'prev_value': None, 'change': True}
2026-03-09 15:02:25,054 : INFO : EventManager : Event: ======'machine_var_service_servo_index'====== Args={'value': 0, 'prev_value': None, 'change': True}
2026-03-09 15:02:25,054 : INFO : EventManager : Event: ======'machine_var_service_servo_name'====== Args={'value': 'Right Ramp', 'prev_value': None, 'change': True}
2026-03-09 15:02:25,054 : INFO : EventManager : Event: ======'machine_var_service_servo_num'====== Args={'value': 'Servo 1/6', 'prev_value': None, 'change': True}
2026-03-09 15:02:25,054 : INFO : EventManager : Event: ======'machine_var_service_servo_position'====== Args={'value': 'Pos: 0.05', 'prev_value': None, 'change': True}
2026-03-09 15:02:25,055 : INFO : EventManager : Event: ======'machine_var_service_adjustment_name'====== Args={'value': 'Balls Per Game', 'prev_value': None, 'change': True}
2026-03-09 15:02:25,055 : INFO : EventManager : Event: ======'machine_var_service_adjustment_num'====== Args={'value': 'Setting 1/15', 'prev_value': None, 'change': True}
2026-03-09 15:02:25,055 : INFO : EventManager : Event: ======'machine_var_service_audit_name'====== Args={'value': 'Games Played', 'prev_value': None, 'change': True}
2026-03-09 15:02:25,055 : INFO : EventManager : Event: ======'machine_var_service_audit_num'====== Args={'value': 'Audit 1/10', 'prev_value': None, 'change': True}
2026-03-09 15:02:25,055 : INFO : EventManager : Event: ======'machine_var_service_feature_name'====== Args={'value': 'Pilot Mode Timer', 'prev_value': None, 'change': True}
2026-03-09 15:02:25,055 : INFO : EventManager : Event: ======'machine_var_service_feature_num'====== Args={'value': 'Feature 1/10', 'prev_value': None, 'change': True}
2026-03-09 15:02:25,055 : INFO : EventManager : Event: ======'machine_var_ball_search_servo_count'====== Args={'value': 0, 'prev_value': None, 'change': True}
2026-03-09 15:02:25,055 : INFO : EventManager : Event: ======'machine_var_hs_letter_index'====== Args={'value': 0, 'prev_value': None, 'change': True}
2026-03-09 15:02:25,055 : INFO : EventManager : Event: ======'machine_var_hs_select_trigger'====== Args={'value': 0, 'prev_value': None, 'change': True}
2026-03-09 15:02:25,055 : INFO : EventManager : Event: ======'machine_var_hs_award_text'====== Args={'value': '', 'prev_value': None, 'change': True}
2026-03-09 15:02:25,055 : INFO : EventManager : Event: ======'machine_var_hs_player_num'====== Args={'value': 1, 'prev_value': None, 'change': True}
2026-03-09 15:02:25,055 : INFO : EventManager : Event: ======'machine_var_hs_score_value'====== Args={'value': 0, 'prev_value': None, 'change': True}
2026-03-09 15:02:25,055 : INFO : EventManager : Event: ======'machine_var_hs_entry_made'====== Args={'value': 0, 'prev_value': None, 'change': True}
2026-03-09 15:02:25,055 : INFO : EventManager : Event: ======'machine_var_mpf_version'====== Args={'value': 'Mission Pinball Framework v0.80.0.dev11', 'prev_value': None, 'change': True}
2026-03-09 15:02:25,056 : INFO : EventManager : Event: ======'machine_var_mpf_extended_version'====== Args={'value': 'Mission Pinball Framework v0.80.0.dev11, Config version:6, Show version: 6, BCP version:1.1', 'prev_value': None, 'change': True}
2026-03-09 15:02:25,056 : INFO : EventManager : Event: ======'machine_var_python_version'====== Args={'value': '3.12.7', 'prev_value': None, 'change': True}
2026-03-09 15:02:25,231 : INFO : EventManager : Event: ======'machine_var_platform'====== Args={'value': 'Windows-11-10.0.26200-SP0', 'prev_value': None, 'change': True}
2026-03-09 15:02:25,231 : INFO : EventManager : Event: ======'machine_var_platform_system'====== Args={'value': 'Windows', 'prev_value': None, 'change': True}
2026-03-09 15:02:25,231 : INFO : EventManager : Event: ======'machine_var_platform_release'====== Args={'value': '11', 'prev_value': None, 'change': True}
2026-03-09 15:02:25,231 : INFO : EventManager : Event: ======'machine_var_platform_version'====== Args={'value': '10.0.26200', 'prev_value': None, 'change': True}
2026-03-09 15:02:25,231 : INFO : EventManager : Event: ======'machine_var_platform_machine'====== Args={'value': 'AMD64', 'prev_value': None, 'change': True}
2026-03-09 15:02:25,231 : INFO : EventManager : Event: ======'machine_var_log_file_path'====== Args={'value': 'C:\\Users\\White\\documents\\top_gun_pinball\\logs\\2026-03-09-15-02-21-mpf-TopGunPinball.log', 'prev_value': None, 'change': True}
2026-03-09 15:02:25,231 : INFO : EventManager : Event: ======'init_phase_1'====== Args={}
2026-03-09 15:02:29,743 : INFO : SwitchController : <<<<<<< 's_48v_disable' active >>>>>>>
2026-03-09 15:02:29,743 : INFO : SwitchController : <<<<<<< 's_trough_1' active >>>>>>>
2026-03-09 15:02:29,743 : INFO : SwitchController : <<<<<<< 's_trough_2' active >>>>>>>
2026-03-09 15:02:29,744 : INFO : SwitchController : <<<<<<< 's_trough_3' active >>>>>>>
2026-03-09 15:02:29,744 : INFO : SwitchController : <<<<<<< 's_trough_4' active >>>>>>>
2026-03-09 15:02:29,744 : INFO : SwitchController : <<<<<<< 's_trough_5' active >>>>>>>
2026-03-09 15:02:29,744 : INFO : SwitchController : <<<<<<< 's_shooter_lane' active >>>>>>>
2026-03-09 15:02:29,744 : INFO : SwitchController : <<<<<<< 's_ramp_inner_exit' active >>>>>>>
2026-03-09 15:02:29,794 : INFO : EventManager : Event: ======'init_phase_2'====== Args={}
2026-03-09 15:02:29,795 : INFO : SwitchController : Found active switch: (0, [FAST Platform Interface]) <switch.s_48v_disable>
2026-03-09 15:02:29,795 : INFO : SwitchController : Found active switch: (24, [FAST Platform Interface]) <switch.s_trough_1>
2026-03-09 15:02:29,795 : INFO : SwitchController : Found active switch: (25, [FAST Platform Interface]) <switch.s_trough_2>
2026-03-09 15:02:29,795 : INFO : SwitchController : Found active switch: (26, [FAST Platform Interface]) <switch.s_trough_3>
2026-03-09 15:02:29,795 : INFO : SwitchController : Found active switch: (27, [FAST Platform Interface]) <switch.s_trough_4>
2026-03-09 15:02:29,795 : INFO : SwitchController : Found active switch: (28, [FAST Platform Interface]) <switch.s_trough_5>
2026-03-09 15:02:29,795 : INFO : SwitchController : Found active switch: (31, [FAST Platform Interface]) <switch.s_shooter_lane>
2026-03-09 15:02:29,795 : INFO : SwitchController : Found active switch: (78, [FAST Platform Interface]) <switch.s_ramp_inner_exit>
2026-03-09 15:02:30,131 : INFO : EventManager : Event: ======'machine_var_score1_label'====== Args={'value': "You're the new top gun!", 'prev_value': None, 'change': True}
2026-03-09 15:02:30,131 : INFO : EventManager : Event: ======'machine_var_score1_name'====== Args={'value': 'BEH', 'prev_value': None, 'change': True}
2026-03-09 15:02:30,131 : INFO : EventManager : Event: ======'machine_var_score1_value'====== Args={'value': 2434350, 'prev_value': None, 'change': True}
2026-03-09 15:02:30,131 : INFO : EventManager : Event: ======'machine_var_score2_label'====== Args={'value': 'Almost at the top!', 'prev_value': None, 'change': True}
2026-03-09 15:02:30,131 : INFO : EventManager : Event: ======'machine_var_score2_name'====== Args={'value': 'LFS', 'prev_value': None, 'change': True}
2026-03-09 15:02:30,131 : INFO : EventManager : Event: ======'machine_var_score2_value'====== Args={'value': 1018200, 'prev_value': None, 'change': True}
2026-03-09 15:02:30,131 : INFO : EventManager : Event: ======'machine_var_score3_label'====== Args={'value': 'Never Leave your Wingman!', 'prev_value': None, 'change': True}
2026-03-09 15:02:30,131 : INFO : EventManager : Event: ======'machine_var_score3_name'====== Args={'value': 'LFS', 'prev_value': None, 'change': True}
2026-03-09 15:02:30,131 : INFO : EventManager : Event: ======'machine_var_score3_value'====== Args={'value': 464250, 'prev_value': None, 'change': True}
2026-03-09 15:02:30,131 : INFO : EventManager : Event: ======'machine_var_score4_label'====== Args={'value': 'Are you a good Pilot?', 'prev_value': None, 'change': True}
2026-03-09 15:02:30,131 : INFO : EventManager : Event: ======'machine_var_score4_name'====== Args={'value': 'ZOE', 'prev_value': None, 'change': True}
2026-03-09 15:02:30,131 : INFO : EventManager : Event: ======'machine_var_score4_value'====== Args={'value': 379950, 'prev_value': None, 'change': True}
2026-03-09 15:02:30,133 : INFO : EventManager : Event: ======'machine_var_score5_label'====== Args={'value': "It's the Cargo Plane for you!", 'prev_value': None, 'change': True}
2026-03-09 15:02:30,133 : INFO : EventManager : Event: ======'machine_var_score5_name'====== Args={'value': 'JAX', 'prev_value': None, 'change': True}
2026-03-09 15:02:30,133 : INFO : EventManager : Event: ======'machine_var_score5_value'====== Args={'value': 354600, 'prev_value': None, 'change': True}
2026-03-09 15:02:30,133 : INFO : EventManager : Event: ======'machine_var_score6_label'====== Args={'value': '6th Place', 'prev_value': None, 'change': True}
2026-03-09 15:02:30,133 : INFO : EventManager : Event: ======'machine_var_score6_name'====== Args={'value': 'AAA', 'prev_value': None, 'change': True}
2026-03-09 15:02:30,133 : INFO : EventManager : Event: ======'machine_var_score6_value'====== Args={'value': 350400, 'prev_value': None, 'change': True}
2026-03-09 15:02:30,133 : INFO : EventManager : Event: ======'machine_var_score7_label'====== Args={'value': '7th Place', 'prev_value': None, 'change': True}
2026-03-09 15:02:30,133 : INFO : EventManager : Event: ======'machine_var_score7_name'====== Args={'value': 'LFS', 'prev_value': None, 'change': True}
2026-03-09 15:02:30,133 : INFO : EventManager : Event: ======'machine_var_score7_value'====== Args={'value': 284250, 'prev_value': None, 'change': True}
2026-03-09 15:02:30,133 : INFO : EventManager : Event: ======'machine_var_score8_label'====== Args={'value': '8th Place', 'prev_value': None, 'change': True}
2026-03-09 15:02:30,133 : INFO : EventManager : Event: ======'machine_var_score8_name'====== Args={'value': 'BEH', 'prev_value': None, 'change': True}
2026-03-09 15:02:30,133 : INFO : EventManager : Event: ======'machine_var_score8_value'====== Args={'value': 257700, 'prev_value': None, 'change': True}
2026-03-09 15:02:30,133 : INFO : EventManager : Event: ======'machine_var_score9_label'====== Args={'value': '9th Place', 'prev_value': None, 'change': True}
2026-03-09 15:02:30,133 : INFO : EventManager : Event: ======'machine_var_score9_name'====== Args={'value': 'MAVERICK', 'prev_value': None, 'change': True}
2026-03-09 15:02:30,133 : INFO : EventManager : Event: ======'machine_var_score9_value'====== Args={'value': 15000, 'prev_value': None, 'change': True}
2026-03-09 15:02:30,133 : INFO : EventManager : Event: ======'machine_var_score10_label'====== Args={'value': '10th Place', 'prev_value': None, 'change': True}
2026-03-09 15:02:30,133 : INFO : EventManager : Event: ======'machine_var_score10_name'====== Args={'value': 'ICEMAN', 'prev_value': None, 'change': True}
2026-03-09 15:02:30,133 : INFO : EventManager : Event: ======'machine_var_score10_value'====== Args={'value': 12000, 'prev_value': None, 'change': True}
2026-03-09 15:02:30,133 : INFO : EventManager : Event: ======'machine_var_score11_label'====== Args={'value': '11th Place', 'prev_value': None, 'change': True}
2026-03-09 15:02:30,133 : INFO : EventManager : Event: ======'machine_var_score11_name'====== Args={'value': 'ROOSTER', 'prev_value': None, 'change': True}
2026-03-09 15:02:30,133 : INFO : EventManager : Event: ======'machine_var_score11_value'====== Args={'value': 10000, 'prev_value': None, 'change': True}
2026-03-09 15:02:30,134 : INFO : EventManager : Event: ======'machine_var_score12_label'====== Args={'value': '12th Place', 'prev_value': None, 'change': True}
2026-03-09 15:02:30,134 : INFO : EventManager : Event: ======'machine_var_score12_name'====== Args={'value': 'PENNY', 'prev_value': None, 'change': True}
2026-03-09 15:02:30,134 : INFO : EventManager : Event: ======'machine_var_score12_value'====== Args={'value': 8000, 'prev_value': None, 'change': True}
2026-03-09 15:02:30,134 : INFO : EventManager : Event: ======'machine_var_score13_label'====== Args={'value': '13th Place', 'prev_value': None, 'change': True}
2026-03-09 15:02:30,134 : INFO : EventManager : Event: ======'machine_var_score13_name'====== Args={'value': 'GOOSE', 'prev_value': None, 'change': True}
2026-03-09 15:02:30,134 : INFO : EventManager : Event: ======'machine_var_score13_value'====== Args={'value': 6000, 'prev_value': None, 'change': True}
2026-03-09 15:02:30,134 : INFO : EventManager : Event: ======'machine_var_score14_label'====== Args={'value': '14th Place', 'prev_value': None, 'change': True}
2026-03-09 15:02:30,134 : INFO : EventManager : Event: ======'machine_var_score14_name'====== Args={'value': 'VIPER', 'prev_value': None, 'change': True}
2026-03-09 15:02:30,134 : INFO : EventManager : Event: ======'machine_var_score14_value'====== Args={'value': 5000, 'prev_value': None, 'change': True}
2026-03-09 15:02:30,134 : INFO : EventManager : Event: ======'machine_var_score15_label'====== Args={'value': '15th Place', 'prev_value': None, 'change': True}
2026-03-09 15:02:30,134 : INFO : EventManager : Event: ======'machine_var_score15_name'====== Args={'value': 'MERLIN', 'prev_value': None, 'change': True}
2026-03-09 15:02:30,134 : INFO : EventManager : Event: ======'machine_var_score15_value'====== Args={'value': 4500, 'prev_value': None, 'change': True}
2026-03-09 15:02:30,135 : INFO : EventManager : Event: ======'bcp_connection_attempt'====== Args={'name': 'local_display', 'host': 'localhost', 'port': 5050}
2026-03-09 15:02:30,141 : INFO : BCPClientSocket : Connecting BCP to 'local_display' at localhost:5050...
2026-03-09 15:02:30,155 : INFO : BCPClientSocket : Connected BCP to 'local_display' localhost:5050
2026-03-09 15:02:30,157 : INFO : EventManager : Event: ======'bcp_clients_connected'====== Args={}
2026-03-09 15:02:30,158 : INFO : ball_device.bd_plunger : BCH: Initial count: 1
2026-03-09 15:02:30,159 : INFO : ball_device.bd_plunger : State: idle
2026-03-09 15:02:30,160 : INFO : ball_device.bd_trough : BCH: Initial count: 5
2026-03-09 15:02:30,161 : INFO : ball_device.bd_trough : State: idle
2026-03-09 15:02:30,161 : INFO : ball_device.bd_lock_elevator : BCH: Initial count: 0
2026-03-09 15:02:30,163 : INFO : ball_device.bd_lock_elevator : State: idle
2026-03-09 15:02:30,164 : INFO : ball_device.bd_lock_goose : BCH: Initial count: 0
2026-03-09 15:02:30,164 : INFO : ball_device.bd_lock_goose : State: idle
2026-03-09 15:02:30,165 : INFO : ball_device.bd_lock_mav : BCH: Initial count: 0
2026-03-09 15:02:30,166 : INFO : ball_device.bd_lock_mav : State: idle
2026-03-09 15:02:30,167 : INFO : ball_device.bd_mode_scoop : BCH: Initial count: 0
2026-03-09 15:02:30,167 : INFO : ball_device.bd_mode_scoop : State: idle
2026-03-09 15:02:30,197 : INFO : EventManager : Event: ======'init_phase_3'====== Args={}
2026-03-09 15:02:33,202 : INFO : EventManager : Event: ======'init_phase_4'====== Args={}
2026-03-09 15:02:33,203 : INFO : BallController : Initial balls found: 6
2026-03-09 15:02:33,205 : INFO : EventManager : Event: ======'machine_var_audits_events_game_ended'====== Args={'value': 75, 'prev_value': None, 'change': True}
2026-03-09 15:02:33,205 : INFO : EventManager : Event: ======'machine_var_audits_events_game_started'====== Args={'value': 1163, 'prev_value': None, 'change': True}
2026-03-09 15:02:33,205 : INFO : EventManager : Event: ======'machine_var_audits_missing_switches_s_48v_disable'====== Args={'value': 342, 'prev_value': None, 'change': True}
2026-03-09 15:02:33,205 : INFO : EventManager : Event: ======'machine_var_audits_missing_switches_s_barrier_target'====== Args={'value': 9, 'prev_value': None, 'change': True}
2026-03-09 15:02:33,206 : INFO : EventManager : Event: ======'machine_var_audits_missing_switches_s_c_iceman_target'====== Args={'value': 2, 'prev_value': None, 'change': True}
2026-03-09 15:02:33,206 : INFO : EventManager : Event: ======'machine_var_audits_missing_switches_s_c_lock_target'====== Args={'value': 18, 'prev_value': None, 'change': True}
2026-03-09 15:02:33,206 : INFO : EventManager : Event: ======'machine_var_audits_missing_switches_s_coin_door'====== Args={'value': 92, 'prev_value': None, 'change': True}
2026-03-09 15:02:33,206 : INFO : EventManager : Event: ======'machine_var_audits_missing_switches_s_coin_door_credit_left'====== Args={'value': 957, 'prev_value': None, 'change': True}
2026-03-09 15:02:33,206 : INFO : EventManager : Event: ======'machine_var_audits_missing_switches_s_coin_door_credit_right'====== Args={'value': 349, 'prev_value': None, 'change': True}
2026-03-09 15:02:33,206 : INFO : EventManager : Event: ======'machine_var_audits_missing_switches_s_coin_door_service_1'====== Args={'value': 192, 'prev_value': None, 'change': True}
2026-03-09 15:02:33,206 : INFO : EventManager : Event: ======'machine_var_audits_missing_switches_s_coin_door_service_2'====== Args={'value': 92, 'prev_value': None, 'change': True}
2026-03-09 15:02:33,206 : INFO : EventManager : Event: ======'machine_var_audits_missing_switches_s_coin_door_service_3'====== Args={'value': 92, 'prev_value': None, 'change': True}
2026-03-09 15:02:33,206 : INFO : EventManager : Event: ======'machine_var_audits_missing_switches_s_coin_door_service_4'====== Args={'value': 192, 'prev_value': None, 'change': True}
2026-03-09 15:02:33,206 : INFO : EventManager : Event: ======'machine_var_audits_missing_switches_s_e_iceman_target'====== Args={'value': 2, 'prev_value': None, 'change': True}
2026-03-09 15:02:33,206 : INFO : EventManager : Event: ======'machine_var_audits_missing_switches_s_inlane_left'====== Args={'value': 1, 'prev_value': None, 'change': True}
2026-03-09 15:02:33,206 : INFO : EventManager : Event: ======'machine_var_audits_missing_switches_s_k_lock_target'====== Args={'value': 1, 'prev_value': None, 'change': True}
2026-03-09 15:02:33,206 : INFO : EventManager : Event: ======'machine_var_audits_missing_switches_s_l_lock_target'====== Args={'value': 10, 'prev_value': None, 'change': True}
2026-03-09 15:02:33,206 : INFO : EventManager : Event: ======'machine_var_audits_missing_switches_s_lane_left'====== Args={'value': 10, 'prev_value': None, 'change': True}
2026-03-09 15:02:33,206 : INFO : EventManager : Event: ======'machine_var_audits_missing_switches_s_lane_right'====== Args={'value': 116, 'prev_value': None, 'change': True}
2026-03-09 15:02:33,206 : INFO : EventManager : Event: ======'machine_var_audits_missing_switches_s_lock_goose'====== Args={'value': 28, 'prev_value': None, 'change': True}
2026-03-09 15:02:33,206 : INFO : EventManager : Event: ======'machine_var_audits_missing_switches_s_lock_mav'====== Args={'value': 33, 'prev_value': None, 'change': True}
2026-03-09 15:02:33,206 : INFO : EventManager : Event: ======'machine_var_audits_missing_switches_s_lock_plunger'====== Args={'value': 33, 'prev_value': None, 'change': True}
2026-03-09 15:02:33,207 : INFO : EventManager : Event: ======'machine_var_audits_missing_switches_s_m_iceman_target'====== Args={'value': 4, 'prev_value': None, 'change': True}
2026-03-09 15:02:33,207 : INFO : EventManager : Event: ======'machine_var_audits_missing_switches_s_mode_start'====== Args={'value': 1, 'prev_value': None, 'change': True}
2026-03-09 15:02:33,207 : INFO : EventManager : Event: ======'machine_var_audits_missing_switches_s_n_iceman_target'====== Args={'value': 3, 'prev_value': None, 'change': True}
2026-03-09 15:02:33,207 : INFO : EventManager : Event: ======'machine_var_audits_missing_switches_s_orbit_lower'====== Args={'value': 10, 'prev_value': None, 'change': True}
2026-03-09 15:02:33,207 : INFO : EventManager : Event: ======'machine_var_audits_missing_switches_s_outer_inlane_right'====== Args={'value': 3, 'prev_value': None, 'change': True}
2026-03-09 15:02:33,207 : INFO : EventManager : Event: ======'machine_var_audits_missing_switches_s_outlane_left'====== Args={'value': 3, 'prev_value': None, 'change': True}
2026-03-09 15:02:33,207 : INFO : EventManager : Event: ======'machine_var_audits_missing_switches_s_outlane_right'====== Args={'value': 6, 'prev_value': None, 'change': True}
2026-03-09 15:02:33,207 : INFO : EventManager : Event: ======'machine_var_audits_missing_switches_s_plunger_lane'====== Args={'value': 10, 'prev_value': None, 'change': True}
2026-03-09 15:02:33,207 : INFO : EventManager : Event: ======'machine_var_audits_missing_switches_s_ramp_inner_exit'====== Args={'value': 1, 'prev_value': None, 'change': True}
2026-03-09 15:02:33,207 : INFO : EventManager : Event: ======'machine_var_audits_missing_switches_s_ramp_left_exit'====== Args={'value': 1, 'prev_value': None, 'change': True}
2026-03-09 15:02:33,207 : INFO : EventManager : Event: ======'machine_var_audits_missing_switches_s_ramp_right_exit'====== Args={'value': 10, 'prev_value': None, 'change': True}
2026-03-09 15:02:33,207 : INFO : EventManager : Event: ======'machine_var_audits_missing_switches_s_ramp_tower_exit'====== Args={'value': 20, 'prev_value': None, 'change': True}
2026-03-09 15:02:33,207 : INFO : EventManager : Event: ======'machine_var_audits_missing_switches_s_slingshot_left'====== Args={'value': 1, 'prev_value': None, 'change': True}
2026-03-09 15:02:33,207 : INFO : EventManager : Event: ======'machine_var_audits_missing_switches_s_tilt'====== Args={'value': 20, 'prev_value': None, 'change': True}
2026-03-09 15:02:33,207 : INFO : EventManager : Event: ======'machine_var_audits_player_score'====== Args={'value': {'average': 1741445, 'top': [17836750, 16976600, 8367250, 7799020, 6912950, 4824844, 4790750, 2977800, 2783350, 2647250], 'total': 80}, 'prev_value': None, 'change': True}
2026-03-09 15:02:33,207 : INFO : EventManager : Event: ======'machine_var_audits_shots_bumper_center'====== Args={'value': 2992, 'prev_value': None, 'change': True}
2026-03-09 15:02:33,207 : INFO : EventManager : Event: ======'machine_var_audits_shots_bumper_left'====== Args={'value': 1662, 'prev_value': None, 'change': True}
2026-03-09 15:02:33,207 : INFO : EventManager : Event: ======'machine_var_audits_shots_bumper_right'====== Args={'value': 1838, 'prev_value': None, 'change': True}
2026-03-09 15:02:33,207 : INFO : EventManager : Event: ======'machine_var_audits_shots_mach_ramp'====== Args={'value': 1340, 'prev_value': None, 'change': True}
2026-03-09 15:02:33,208 : INFO : EventManager : Event: ======'machine_var_audits_shots_mig_lane_left'====== Args={'value': 311, 'prev_value': None, 'change': True}
2026-03-09 15:02:33,208 : INFO : EventManager : Event: ======'machine_var_audits_shots_mig_lane_right'====== Args={'value': 149, 'prev_value': None, 'change': True}
2026-03-09 15:02:33,208 : INFO : EventManager : Event: ======'machine_var_audits_shots_orbit_upper'====== Args={'value': 138, 'prev_value': None, 'change': True}
2026-03-09 15:02:33,208 : INFO : EventManager : Event: ======'machine_var_audits_shots_ramp_inner'====== Args={'value': 144, 'prev_value': None, 'change': True}
2026-03-09 15:02:33,208 : INFO : EventManager : Event: ======'machine_var_audits_shots_spinner'====== Args={'value': 98, 'prev_value': None, 'change': True}
2026-03-09 15:02:33,208 : INFO : EventManager : Event: ======'machine_var_audits_switches_s_48v_disable'====== Args={'value': 0, 'prev_value': None, 'change': True}
2026-03-09 15:02:33,208 : INFO : EventManager : Event: ======'machine_var_audits_switches_s_a_iceman_target'====== Args={'value': 844, 'prev_value': None, 'change': True}
2026-03-09 15:02:33,208 : INFO : EventManager : Event: ======'machine_var_audits_switches_s_barrier_target'====== Args={'value': 410, 'prev_value': None, 'change': True}
2026-03-09 15:02:33,208 : INFO : EventManager : Event: ======'machine_var_audits_switches_s_bumper_center'====== Args={'value': 3012, 'prev_value': None, 'change': True}
2026-03-09 15:02:33,208 : INFO : EventManager : Event: ======'machine_var_audits_switches_s_bumper_left'====== Args={'value': 1693, 'prev_value': None, 'change': True}
2026-03-09 15:02:33,208 : INFO : EventManager : Event: ======'machine_var_audits_switches_s_bumper_right'====== Args={'value': 1844, 'prev_value': None, 'change': True}
2026-03-09 15:02:33,208 : INFO : EventManager : Event: ======'machine_var_audits_switches_s_c_iceman_target'====== Args={'value': 759, 'prev_value': None, 'change': True}
2026-03-09 15:02:33,208 : INFO : EventManager : Event: ======'machine_var_audits_switches_s_c_lock_target'====== Args={'value': 460, 'prev_value': None, 'change': True}
2026-03-09 15:02:33,208 : INFO : EventManager : Event: ======'machine_var_audits_switches_s_coin_door'====== Args={'value': 15, 'prev_value': None, 'change': True}
2026-03-09 15:02:33,208 : INFO : EventManager : Event: ======'machine_var_audits_switches_s_coin_door_credit_left'====== Args={'value': 0, 'prev_value': None, 'change': True}
2026-03-09 15:02:33,208 : INFO : EventManager : Event: ======'machine_var_audits_switches_s_coin_door_credit_right'====== Args={'value': 1, 'prev_value': None, 'change': True}
2026-03-09 15:02:33,208 : INFO : EventManager : Event: ======'machine_var_audits_switches_s_coin_door_service_1'====== Args={'value': 10, 'prev_value': None, 'change': True}
2026-03-09 15:02:33,208 : INFO : EventManager : Event: ======'machine_var_audits_switches_s_coin_door_service_2'====== Args={'value': 39, 'prev_value': None, 'change': True}
2026-03-09 15:02:33,208 : INFO : EventManager : Event: ======'machine_var_audits_switches_s_coin_door_service_3'====== Args={'value': 47, 'prev_value': None, 'change': True}
2026-03-09 15:02:33,208 : INFO : EventManager : Event: ======'machine_var_audits_switches_s_coin_door_service_4'====== Args={'value': 31, 'prev_value': None, 'change': True}
2026-03-09 15:02:33,208 : INFO : EventManager : Event: ======'machine_var_audits_switches_s_e_iceman_target'====== Args={'value': 684, 'prev_value': None, 'change': True}
2026-03-09 15:02:33,209 : INFO : EventManager : Event: ======'machine_var_audits_switches_s_flight_gear_target'====== Args={'value': 1304, 'prev_value': None, 'change': True}
2026-03-09 15:02:33,209 : INFO : EventManager : Event: ======'machine_var_audits_switches_s_flipper_left'====== Args={'value': 9963, 'prev_value': None, 'change': True}
2026-03-09 15:02:33,209 : INFO : EventManager : Event: ======'machine_var_audits_switches_s_flipper_left_eos'====== Args={'value': 9020, 'prev_value': None, 'change': True}
2026-03-09 15:02:33,209 : INFO : EventManager : Event: ======'machine_var_audits_switches_s_flipper_left_upper'====== Args={'value': 9533, 'prev_value': None, 'change': True}
2026-03-09 15:02:33,209 : INFO : EventManager : Event: ======'machine_var_audits_switches_s_flipper_left_upper_eos'====== Args={'value': 9220, 'prev_value': None, 'change': True}
2026-03-09 15:02:33,209 : INFO : EventManager : Event: ======'machine_var_audits_switches_s_flipper_right'====== Args={'value': 8433, 'prev_value': None, 'change': True}
2026-03-09 15:02:33,209 : INFO : EventManager : Event: ======'machine_var_audits_switches_s_flipper_right_eos'====== Args={'value': 7439, 'prev_value': None, 'change': True}
2026-03-09 15:02:33,209 : INFO : EventManager : Event: ======'machine_var_audits_switches_s_i_iceman_target'====== Args={'value': 1091, 'prev_value': None, 'change': True}
2026-03-09 15:02:33,209 : INFO : EventManager : Event: ======'machine_var_audits_switches_s_inlane_left'====== Args={'value': 1939, 'prev_value': None, 'change': True}
2026-03-09 15:02:33,209 : INFO : EventManager : Event: ======'machine_var_audits_switches_s_inner_inlane_right'====== Args={'value': 1225, 'prev_value': None, 'change': True}
2026-03-09 15:02:33,209 : INFO : EventManager : Event: ======'machine_var_audits_switches_s_jam'====== Args={'value': 1540, 'prev_value': None, 'change': True}
2026-03-09 15:02:33,209 : INFO : EventManager : Event: ======'machine_var_audits_switches_s_k_lock_target'====== Args={'value': 751, 'prev_value': None, 'change': True}
2026-03-09 15:02:33,209 : INFO : EventManager : Event: ======'machine_var_audits_switches_s_l_lock_target'====== Args={'value': 596, 'prev_value': None, 'change': True}
2026-03-09 15:02:33,209 : INFO : EventManager : Event: ======'machine_var_audits_switches_s_lane_left'====== Args={'value': 1592, 'prev_value': None, 'change': True}
2026-03-09 15:02:33,209 : INFO : EventManager : Event: ======'machine_var_audits_switches_s_lane_right'====== Args={'value': 1197, 'prev_value': None, 'change': True}
2026-03-09 15:02:33,209 : INFO : EventManager : Event: ======'machine_var_audits_switches_s_lock_goose'====== Args={'value': 321, 'prev_value': None, 'change': True}
2026-03-09 15:02:33,209 : INFO : EventManager : Event: ======'machine_var_audits_switches_s_lock_mav'====== Args={'value': 554, 'prev_value': None, 'change': True}
2026-03-09 15:02:33,209 : INFO : EventManager : Event: ======'machine_var_audits_switches_s_lock_plunger'====== Args={'value': 281, 'prev_value': None, 'change': True}
2026-03-09 15:02:33,209 : INFO : EventManager : Event: ======'machine_var_audits_switches_s_m_iceman_target'====== Args={'value': 676, 'prev_value': None, 'change': True}
2026-03-09 15:02:33,209 : INFO : EventManager : Event: ======'machine_var_audits_switches_s_mig_lane_left'====== Args={'value': 1048, 'prev_value': None, 'change': True}
2026-03-09 15:02:33,209 : INFO : EventManager : Event: ======'machine_var_audits_switches_s_mig_lane_right'====== Args={'value': 665, 'prev_value': None, 'change': True}
2026-03-09 15:02:33,209 : INFO : EventManager : Event: ======'machine_var_audits_switches_s_mode_start'====== Args={'value': 766, 'prev_value': None, 'change': True}
2026-03-09 15:02:33,210 : INFO : EventManager : Event: ======'machine_var_audits_switches_s_n_iceman_target'====== Args={'value': 858, 'prev_value': None, 'change': True}
2026-03-09 15:02:33,210 : INFO : EventManager : Event: ======'machine_var_audits_switches_s_o_lock_target'====== Args={'value': 871, 'prev_value': None, 'change': True}
2026-03-09 15:02:33,210 : INFO : EventManager : Event: ======'machine_var_audits_switches_s_orbit_left'====== Args={'value': 3566, 'prev_value': None, 'change': True}
2026-03-09 15:02:33,210 : INFO : EventManager : Event: ======'machine_var_audits_switches_s_orbit_lower'====== Args={'value': 257, 'prev_value': None, 'change': True}
2026-03-09 15:02:33,210 : INFO : EventManager : Event: ======'machine_var_audits_switches_s_orbit_right'====== Args={'value': 2430, 'prev_value': None, 'change': True}
2026-03-09 15:02:33,210 : INFO : EventManager : Event: ======'machine_var_audits_switches_s_orbit_upper'====== Args={'value': 789, 'prev_value': None, 'change': True}
2026-03-09 15:02:33,210 : INFO : EventManager : Event: ======'machine_var_audits_switches_s_outer_inlane_right'====== Args={'value': 1619, 'prev_value': None, 'change': True}
2026-03-09 15:02:33,210 : INFO : EventManager : Event: ======'machine_var_audits_switches_s_outlane_left'====== Args={'value': 897, 'prev_value': None, 'change': True}
2026-03-09 15:02:33,210 : INFO : EventManager : Event: ======'machine_var_audits_switches_s_outlane_right'====== Args={'value': 929, 'prev_value': None, 'change': True}
2026-03-09 15:02:33,210 : INFO : EventManager : Event: ======'machine_var_audits_switches_s_plunger_lane'====== Args={'value': 46, 'prev_value': None, 'change': True}
2026-03-09 15:02:33,210 : INFO : EventManager : Event: ======'machine_var_audits_switches_s_ramp_inner_exit'====== Args={'value': 1386, 'prev_value': None, 'change': True}
2026-03-09 15:02:33,210 : INFO : EventManager : Event: ======'machine_var_audits_switches_s_ramp_left_exit'====== Args={'value': 1476, 'prev_value': None, 'change': True}
2026-03-09 15:02:33,210 : INFO : EventManager : Event: ======'machine_var_audits_switches_s_ramp_right_exit'====== Args={'value': 407, 'prev_value': None, 'change': True}
2026-03-09 15:02:33,210 : INFO : EventManager : Event: ======'machine_var_audits_switches_s_ramp_tower_exit'====== Args={'value': 699, 'prev_value': None, 'change': True}
2026-03-09 15:02:33,210 : INFO : EventManager : Event: ======'machine_var_audits_switches_s_shooter_lane'====== Args={'value': 2256, 'prev_value': None, 'change': True}
2026-03-09 15:02:33,210 : INFO : EventManager : Event: ======'machine_var_audits_switches_s_slingshot_left'====== Args={'value': 1485, 'prev_value': None, 'change': True}
2026-03-09 15:02:33,210 : INFO : EventManager : Event: ======'machine_var_audits_switches_s_slingshot_right'====== Args={'value': 1234, 'prev_value': None, 'change': True}
2026-03-09 15:02:33,210 : INFO : EventManager : Event: ======'machine_var_audits_switches_s_spinner'====== Args={'value': 18865, 'prev_value': None, 'change': True}
2026-03-09 15:02:33,210 : INFO : EventManager : Event: ======'machine_var_audits_switches_s_start'====== Args={'value': 298, 'prev_value': None, 'change': True}
2026-03-09 15:02:33,210 : INFO : EventManager : Event: ======'machine_var_audits_switches_s_tilt'====== Args={'value': 464, 'prev_value': None, 'change': True}
2026-03-09 15:02:33,210 : INFO : EventManager : Event: ======'machine_var_audits_switches_s_trough_1'====== Args={'value': 1545, 'prev_value': None, 'change': True}
2026-03-09 15:02:33,210 : INFO : EventManager : Event: ======'machine_var_audits_switches_s_trough_2'====== Args={'value': 1536, 'prev_value': None, 'change': True}
2026-03-09 15:02:33,210 : INFO : EventManager : Event: ======'machine_var_audits_switches_s_trough_3'====== Args={'value': 1534, 'prev_value': None, 'change': True}
2026-03-09 15:02:33,210 : INFO : EventManager : Event: ======'machine_var_audits_switches_s_trough_4'====== Args={'value': 1533, 'prev_value': None, 'change': True}
2026-03-09 15:02:33,210 : INFO : EventManager : Event: ======'machine_var_audits_switches_s_trough_5'====== Args={'value': 1518, 'prev_value': None, 'change': True}
2026-03-09 15:02:33,210 : INFO : EventManager : Event: ======'machine_var_audits_switches_s_trough_6'====== Args={'value': 1683, 'prev_value': None, 'change': True}
2026-03-09 15:02:33,212 : INFO : EventManager : Event: ======'init_phase_5'====== Args={}
2026-03-09 15:02:33,213 : INFO : EventManager : Event: ======'init_done'====== Args={}
2026-03-09 15:02:33,214 : INFO : coil.c_coin_door_led : Enabling Driver with power 1.0 (pulse_ms 10ms and pulse_power 1.0)
2026-03-09 15:02:33,214 : INFO : EventManager : Event: ======'machine_reset_phase_1'====== Args={}
2026-03-09 15:02:33,234 : INFO : EventManager : Event: ======'machine_reset_phase_2'====== Args={}
2026-03-09 15:02:33,235 : INFO : EventManager : Event: ======'machine_reset_phase_3'====== Args={}
2026-03-09 15:02:33,236 : INFO : EventManager : Event: ======'mode_attract_will_start'====== Args={'queue': <QueuedEvent>}
2026-03-09 15:02:33,236 : INFO : Timer.attract_carousel_timer : Starting Timer.
2026-03-09 15:02:33,236 : INFO : EventManager : Event: ======'timer_attract_carousel_timer_started'====== Args={'ticks': 0, 'ticks_remaining': 1}
2026-03-09 15:02:33,236 : INFO : EventManager : Event: ======'timer_attract_carousel_timer_tick'====== Args={'ticks': 0, 'ticks_remaining': 1}
2026-03-09 15:02:33,238 : INFO : EventManager : Event: ======'mode_attract_starting'====== Args={'queue': <QueuedEvent>}
2026-03-09 15:02:33,238 : INFO : EventManager : Event: ======'mode_ball_search_servos_will_start'====== Args={'queue': <QueuedEvent>}
2026-03-09 15:02:33,239 : INFO : EventManager : Event: ======'mode_ball_search_servos_starting'====== Args={'queue': <QueuedEvent>}
2026-03-09 15:02:33,240 : INFO : Mode.ball_search_servos : Started. Priority: 5
2026-03-09 15:02:33,240 : INFO : EventManager : Event: ======'modes_active_modes_changed'====== Args={}
2026-03-09 15:02:33,240 : INFO : EventManager : Event: ======'mode_ball_search_servos_started'====== Args={'queue': <QueuedEvent>}
2026-03-09 15:02:33,240 : INFO : Mode.attract : Started. Priority: 10
2026-03-09 15:02:33,241 : INFO : EventManager : Event: ======'modes_active_modes_changed'====== Args={}
2026-03-09 15:02:33,241 : INFO : EventManager : Event: ======'mode_attract_started'====== Args={'queue': <QueuedEvent>}
2026-03-09 15:02:33,241 : INFO : coil.c_plunger : Pulsing Driver for 25ms (0.875 pulse_power)
2026-03-09 15:02:33,241 : INFO : EventManager : Event: ======'attract_cycle_step1'====== Args={'priority': 0}
2026-03-09 15:02:33,241 : INFO : EventManager : Event: ======'right_ramp_down'====== Args={'priority': 0}
2026-03-09 15:02:33,241 : INFO : EventManager : Event: ======'top_ramp_down'====== Args={'priority': 0}
2026-03-09 15:02:33,241 : INFO : EventManager : Event: ======'lock_released'====== Args={'priority': 0}
2026-03-09 15:02:33,241 : INFO : coil.c_start_button_led : Enabling Driver with power 1.0 (pulse_ms 10ms and pulse_power 1.0)
2026-03-09 15:02:33,243 : INFO : EventManager : Event: ======'collecting_balls'====== Args={}
2026-03-09 15:02:33,244 : INFO : ball_device.bd_plunger : Adding 1 ball(s) to the eject_queue with target <playfield.playfield>.
2026-03-09 15:02:33,244 : INFO : EventManager : Event: ======'balldevice_balls_available'====== Args={}
2026-03-09 15:02:33,244 : INFO : EventManager : Event: ======'carousel_item_highlighted'====== Args={'carousel': 'attract', 'direction': None, 'item': 'title'}
2026-03-09 15:02:33,244 : INFO : EventManager : Event: ======'timer_attract_carousel_timer_tick'====== Args={'ticks': 0, 'ticks_remaining': 1}
2026-03-09 15:02:33,244 : INFO : EventManager : Event: ======'reset_complete'====== Args={}
2026-03-09 15:02:33,248 : INFO : Machine : Starting the main run loop with active modes: [<Mode.attract>, <Mode.ball_search_servos>]
2026-03-09 15:02:33,249 : INFO : ball_device.bd_plunger : State: waiting_for_target_ready
2026-03-09 15:02:33,249 : INFO : EventManager : Event: ======'balldevice_bd_plunger_ball_eject_attempt'====== Args={'balls': 1, 'target': <playfield.playfield>, 'source': <ball_device.bd_plunger>, 'mechanical_eject': False, 'num_attempts': 0}
2026-03-09 15:02:33,250 : INFO : ball_device.bd_plunger : State: ejecting
2026-03-09 15:02:33,250 : INFO : ball_device.bd_plunger : Ejecting ball to <playfield.playfield>
2026-03-09 15:02:33,250 : INFO : EventManager : Event: ======'balldevice_bd_plunger_ejecting_ball'====== Args={'balls': 1, 'target': <playfield.playfield>, 'source': <ball_device.bd_plunger>, 'mechanical_eject': False, 'num_attempts': 0}
2026-03-09 15:02:33,250 : INFO : EventManager : Event: ======'video_idle_start'====== Args={'priority': 0}
2026-03-09 15:02:33,252 : INFO : ball_device.bd_plunger : Wait for ball to leave device
2026-03-09 15:02:33,281 : INFO : SwitchController : <<<<<<< 's_shooter_lane' inactive >>>>>>>
2026-03-09 15:02:33,281 : INFO : EventManager : Event: ======'s_shooter_lane_inactive'====== Args={}
2026-03-09 15:02:33,282 : INFO : EventManager : Event: ======'video_launch_start'====== Args={'priority': 0}
2026-03-09 15:02:33,282 : INFO : ball_device.bd_plunger : State: ball_left
2026-03-09 15:02:33,283 : INFO : ball_device.bd_plunger : Ball left
2026-03-09 15:02:33,283 : INFO : ball_device.bd_plunger : Wait for confirm with timeout 3.0
2026-03-09 15:02:33,470 : INFO : EventManager : Event: ======'slide_attract_created'====== Args={'_from_bcp': True}
2026-03-09 15:02:33,470 : INFO : EventManager : Event: ======'slide__removed'====== Args={'_from_bcp': True}
2026-03-09 15:02:33,472 : INFO : EventManager : Event: ======'slide_attract_active'====== Args={'original_context': 'attract', 'original_calling_context': 'mode_attract_started', 'priority': 10.0, 'queue': '<QueuedEvent>', 'cmd': 'slides_play', '_from_bcp': True}
2026-03-09 15:02:33,798 : INFO : SwitchController : <<<<<<< 's_orbit_right' active >>>>>>>
2026-03-09 15:02:33,798 : INFO : EventManager : Event: ======'sw_playfield_active'====== Args={}
2026-03-09 15:02:33,798 : INFO : EventManager : Event: ======'playfield_active'====== Args={'source': None}
2026-03-09 15:02:33,830 : INFO : SwitchController : <<<<<<< 's_orbit_right' inactive >>>>>>>
2026-03-09 15:02:34,175 : INFO : SwitchController : <<<<<<< 's_orbit_left' active >>>>>>>
2026-03-09 15:02:34,176 : INFO : EventManager : Event: ======'sw_playfield_active'====== Args={}
2026-03-09 15:02:34,176 : INFO : EventManager : Event: ======'playfield_active'====== Args={'source': None}
2026-03-09 15:02:34,208 : INFO : SwitchController : <<<<<<< 's_orbit_left' inactive >>>>>>>
2026-03-09 15:02:34,222 : INFO : coil.c_start_button_led : Disabling Driver
2026-03-09 15:02:35,225 : INFO : coil.c_start_button_led : Enabling Driver with power 1.0 (pulse_ms 10ms and pulse_power 1.0)
2026-03-09 15:02:36,227 : INFO : coil.c_start_button_led : Disabling Driver
2026-03-09 15:02:36,274 : INFO : ball_device.bd_plunger : State: failed_confirm
2026-03-09 15:02:36,274 : INFO : ball_device.bd_plunger : Got timeout (3.0s) before confirm from <playfield.playfield>
2026-03-09 15:02:36,320 : INFO : SwitchController : <<<<<<< 's_trough_6' active >>>>>>>
2026-03-09 15:02:36,367 : INFO : ball_device.bd_plunger : Confirming eject because target is playfield and ball did not return.
2026-03-09 15:02:36,367 : INFO : ball_device.bd_plunger : Eject successful
2026-03-09 15:02:36,367 : INFO : EventManager : Event: ======'balldevice_bd_plunger_ball_eject_success'====== Args={'balls': 1, 'target': <playfield.playfield>}
2026-03-09 15:02:36,368 : INFO : EventManager : Event: ======'balldevice_playfield_ball_enter'====== Args={'new_balls': 1, 'unclaimed_balls': 1, 'device': <playfield.playfield>}
2026-03-09 15:02:36,368 : INFO : EventManager : Event: ======'playfield_ball_count_change'====== Args={'balls': 1, 'change': 1}
2026-03-09 15:02:36,368 : INFO : EventManager : Event: ======'balldevice_bd_plunger_ball_count_changed'====== Args={'balls': 0}
2026-03-09 15:02:36,370 : INFO : ball_device.bd_plunger : State: idle
2026-03-09 15:02:36,620 : INFO : EventManager : Event: ======'balldevice_bd_trough_ball_count_changed'====== Args={'balls': 6}
2026-03-09 15:02:36,620 : INFO : ball_device.bd_trough : Received unexpected ball
2026-03-09 15:02:36,620 : INFO : EventManager : Event: ======'balldevice_captured_from_playfield'====== Args={'balls': 1}
2026-03-09 15:02:36,620 : INFO : EventManager : Event: ======'sw_playfield_active'====== Args={'balls': 1}
2026-03-09 15:02:36,620 : INFO : EventManager : Event: ======'playfield_ball_count_change'====== Args={'balls': 0, 'change': -1}
2026-03-09 15:02:36,622 : INFO : EventManager : Event: ======'balldevice_bd_trough_ball_enter'====== Args={'new_balls': 1, 'unclaimed_balls': 1, 'new_available_balls': 1, 'device': <ball_device.bd_trough>}
2026-03-09 15:02:36,623 : INFO : EventManager : Event: ======'ball_drain'====== Args={'device': <ball_device.bd_trough>, 'balls': 1}
2026-03-09 15:02:36,623 : INFO : EventManager : Event: ======'collecting_balls_complete'====== Args={}
2026-03-09 15:02:36,623 : INFO : EventManager : Event: ======'balldevice_balls_available'====== Args={}
2026-03-09 15:02:36,623 : INFO : EventManager : Event: ======'balldevice_bd_trough_ball_entered'====== Args={'new_balls': 1, 'device': <ball_device.bd_trough>}
2026-03-09 15:02:37,214 : INFO : coil.c_start_button_led : Enabling Driver with power 1.0 (pulse_ms 10ms and pulse_power 1.0)
2026-03-09 15:02:38,220 : INFO : coil.c_start_button_led : Disabling Driver
2026-03-09 15:02:39,224 : INFO : coil.c_start_button_led : Enabling Driver with power 1.0 (pulse_ms 10ms and pulse_power 1.0)
2026-03-09 15:02:40,214 : INFO : Timer.attract_carousel_timer : Timer Complete
2026-03-09 15:02:40,214 : INFO : Timer.attract_carousel_timer : Stopping Timer
2026-03-09 15:02:40,214 : INFO : EventManager : Event: ======'timer_attract_carousel_timer_stopped'====== Args={'ticks': 1, 'ticks_remaining': 1}
2026-03-09 15:02:40,214 : INFO : EventManager : Event: ======'timer_attract_carousel_timer_complete'====== Args={'ticks': 1, 'ticks_remaining': 1}
2026-03-09 15:02:40,214 : INFO : coil.c_start_button_led : Disabling Driver
2026-03-09 15:02:40,215 : INFO : EventManager : Event: ======'carousel_item_highlighted'====== Args={'carousel': 'attract', 'direction': 'forwards', 'item': 'presented_by'}
2026-03-09 15:02:40,215 : INFO : Timer.attract_carousel_timer : Starting Timer.
2026-03-09 15:02:40,215 : INFO : EventManager : Event: ======'timer_attract_carousel_timer_started'====== Args={'ticks': 0, 'ticks_remaining': 1}
2026-03-09 15:02:40,215 : INFO : EventManager : Event: ======'timer_attract_carousel_timer_tick'====== Args={'ticks': 0, 'ticks_remaining': 1}
2026-03-09 15:02:41,214 : INFO : coil.c_start_button_led : Enabling Driver with power 1.0 (pulse_ms 10ms and pulse_power 1.0)
2026-03-09 15:02:42,215 : INFO : coil.c_start_button_led : Disabling Driver
2026-03-09 15:02:43,214 : INFO : coil.c_start_button_led : Enabling Driver with power 1.0 (pulse_ms 10ms and pulse_power 1.0)
2026-03-09 15:02:44,215 : INFO : coil.c_start_button_led : Disabling Driver
2026-03-09 15:02:45,222 : INFO : coil.c_start_button_led : Enabling Driver with power 1.0 (pulse_ms 10ms and pulse_power 1.0)
2026-03-09 15:02:45,223 : INFO : EventManager : Event: ======'attract_cycle_step2'====== Args={}
2026-03-09 15:02:46,227 : INFO : coil.c_start_button_led : Disabling Driver
2026-03-09 15:02:47,215 : INFO : Timer.attract_carousel_timer : Timer Complete
2026-03-09 15:02:47,215 : INFO : Timer.attract_carousel_timer : Stopping Timer
2026-03-09 15:02:47,215 : INFO : EventManager : Event: ======'timer_attract_carousel_timer_stopped'====== Args={'ticks': 1, 'ticks_remaining': 1}
2026-03-09 15:02:47,215 : INFO : EventManager : Event: ======'timer_attract_carousel_timer_complete'====== Args={'ticks': 1, 'ticks_remaining': 1}
2026-03-09 15:02:47,216 : INFO : coil.c_start_button_led : Enabling Driver with power 1.0 (pulse_ms 10ms and pulse_power 1.0)
2026-03-09 15:02:47,216 : INFO : EventManager : Event: ======'carousel_item_highlighted'====== Args={'carousel': 'attract', 'direction': 'forwards', 'item': 'hotrod_pinball_logo'}
2026-03-09 15:02:47,218 : INFO : Timer.attract_carousel_timer : Starting Timer.
2026-03-09 15:02:47,218 : INFO : EventManager : Event: ======'timer_attract_carousel_timer_started'====== Args={'ticks': 0, 'ticks_remaining': 1}
2026-03-09 15:02:47,218 : INFO : EventManager : Event: ======'timer_attract_carousel_timer_tick'====== Args={'ticks': 0, 'ticks_remaining': 1}
2026-03-09 15:02:48,219 : INFO : coil.c_start_button_led : Disabling Driver
2026-03-09 15:02:49,221 : INFO : coil.c_start_button_led : Enabling Driver with power 1.0 (pulse_ms 10ms and pulse_power 1.0)
2026-03-09 15:02:50,224 : INFO : coil.c_start_button_led : Disabling Driver
2026-03-09 15:02:51,229 : INFO : coil.c_start_button_led : Enabling Driver with power 1.0 (pulse_ms 10ms and pulse_power 1.0)
2026-03-09 15:02:51,548 : INFO : Machine : Shutting down...
2026-03-09 15:02:51,548 : INFO : EventManager : Event: ======'shutdown'====== Args={}
2026-03-09 15:02:51,646 : INFO : root : MPF run loop ended.
