2026-02-16 22:06:30,309 : INFO : root : Loading config.
2026-02-16 22:06:30,324 : INFO : YamlMultifileConfigLoader : Machine config file #1: config.yaml
2026-02-16 22:06:30,325 : INFO : ConfigProcessor : Loading config from cache: C:\Users\White\AppData\Local\Temp\39c4b34018bdb564eab7cf26b7f669ee.mpf_cache
2026-02-16 22:06:30,336 : WARNING : ConfigProcessor : Config file in cache changed: C:\Users\White\documents\top_gun_pinball\config\config_servos.yaml
2026-02-16 22:06:30,337 : INFO : ConfigProcessor : Loading config from file C:\Users\White\mpf\Lib\site-packages\mpf\mpfconfig.yaml.
2026-02-16 22:06:30,363 : INFO : ConfigProcessor : Loading config: C:\Users\White\mpf\Lib\site-packages\mpf\mpfconfig.yaml
2026-02-16 22:06:30,364 : INFO : ConfigProcessor : Loading config from file C:\Users\White\documents\top_gun_pinball\config\config.yaml.
2026-02-16 22:06:30,384 : INFO : ConfigProcessor : Loading config: C:\Users\White\documents\top_gun_pinball\config\config.yaml
2026-02-16 22:06:30,397 : INFO : ConfigProcessor : Loading config: C:\Users\White\documents\top_gun_pinball\config\config_autofire_coils.yaml
2026-02-16 22:06:30,410 : INFO : ConfigProcessor : Loading config: C:\Users\White\documents\top_gun_pinball\config\config_ball_devices.yaml
2026-02-16 22:06:30,421 : INFO : ConfigProcessor : Loading config: C:\Users\White\documents\top_gun_pinball\config\config_ball_saves.yaml
2026-02-16 22:06:30,445 : INFO : ConfigProcessor : Loading config: C:\Users\White\documents\top_gun_pinball\config\config_coils.yaml
2026-02-16 22:06:30,459 : INFO : ConfigProcessor : Loading config: C:\Users\White\documents\top_gun_pinball\config\config_flippers.yaml
2026-02-16 22:06:30,476 : INFO : ConfigProcessor : Loading config: C:\Users\White\documents\top_gun_pinball\config\config_hardware_fast.yaml
2026-02-16 22:06:30,499 : INFO : ConfigProcessor : Loading config: C:\Users\White\documents\top_gun_pinball\config\config_lights.yaml
2026-02-16 22:06:30,514 : INFO : ConfigProcessor : Loading config: C:\Users\White\documents\top_gun_pinball\config\config_no_hold_flippers.yaml
2026-02-16 22:06:30,534 : INFO : ConfigProcessor : Loading config: C:\Users\White\documents\top_gun_pinball\config\config_switches.yaml
2026-02-16 22:06:30,551 : INFO : ConfigProcessor : Loading config: C:\Users\White\documents\top_gun_pinball\config\config_reversed_flippers.yaml
2026-02-16 22:06:30,570 : INFO : ConfigProcessor : Loading config: C:\Users\White\documents\top_gun_pinball\config\config_servos.yaml
2026-02-16 22:06:30,583 : INFO : ConfigProcessor : Loading config: C:\Users\White\documents\top_gun_pinball\config\variable_player.yaml
2026-02-16 22:06:30,597 : INFO : ConfigProcessor : Loading config: C:\Users\White\documents\top_gun_pinball\config\config_videos.yaml
2026-02-16 22:06:30,602 : INFO : ConfigProcessor : Config file cache created: C:\Users\White\AppData\Local\Temp\39c4b34018bdb564eab7cf26b7f669ee.mpf_cache
2026-02-16 22:06:30,725 : INFO : ConfigProcessor : Loading config from cache: C:\Users\White\AppData\Local\Temp\dcfa5ee5b10d64a3b94fd534c1aa451d.mpf_cache
2026-02-16 22:06:30,739 : INFO : ConfigProcessor : Loading config from cache: C:\Users\White\AppData\Local\Temp\91cc4d1c993c58dc354e34974b9cfeac.mpf_cache
2026-02-16 22:06:30,750 : INFO : ConfigProcessor : Loading config from cache: C:\Users\White\AppData\Local\Temp\35b01af7767e50eba76da865e2d7f95a.mpf_cache
2026-02-16 22:06:30,759 : INFO : ConfigProcessor : Loading config from cache: C:\Users\White\AppData\Local\Temp\954a0964095d05f049666b24b311e3e0.mpf_cache
2026-02-16 22:06:30,770 : INFO : ConfigProcessor : Loading config from cache: C:\Users\White\AppData\Local\Temp\dcfa5ee5b10d64a3b94fd534c1aa451d.mpf_cache
2026-02-16 22:06:30,771 : INFO : ConfigProcessor : Loading config from cache: C:\Users\White\AppData\Local\Temp\a9244cf73bd1b995c8229a78fecf001a.mpf_cache
2026-02-16 22:06:30,783 : WARNING : ConfigProcessor : Config file in cache changed: C:\Users\White\documents\top_gun_pinball\modes\base\config\base.yaml
2026-02-16 22:06:30,784 : INFO : ConfigProcessor : Loading config from file C:\Users\White\documents\top_gun_pinball\modes\base\config\base.yaml.
2026-02-16 22:06:30,806 : INFO : ConfigProcessor : Loading config: C:\Users\White\documents\top_gun_pinball\modes\base\config\base.yaml
2026-02-16 22:06:30,808 : INFO : ConfigProcessor : Config file cache created: C:\Users\White\AppData\Local\Temp\981e6839caefcab32cd6f1225f0b1dcf.mpf_cache
2026-02-16 22:06:30,809 : INFO : ConfigProcessor : Loading config from cache: C:\Users\White\AppData\Local\Temp\78ac3c6ac2705ccef0aca6223f38636a.mpf_cache
2026-02-16 22:06:30,822 : INFO : ConfigProcessor : Loading config from cache: C:\Users\White\AppData\Local\Temp\a859aaec01fc9eda8e384946277a1be9.mpf_cache
2026-02-16 22:06:30,835 : INFO : ConfigProcessor : Loading config from cache: C:\Users\White\AppData\Local\Temp\3a2f2089f214eeb3c016e23cf6937b46.mpf_cache
2026-02-16 22:06:30,845 : INFO : ConfigProcessor : Loading config from cache: C:\Users\White\AppData\Local\Temp\d70718505753edc7bfae94d93c7e0d17.mpf_cache
2026-02-16 22:06:30,858 : INFO : ConfigProcessor : Loading config from cache: C:\Users\White\AppData\Local\Temp\824f161cac9e4c9f1443132020691281.mpf_cache
2026-02-16 22:06:30,869 : INFO : ConfigProcessor : Loading config from cache: C:\Users\White\AppData\Local\Temp\ba6e93360aa60032a4b7b34f9cffdce0.mpf_cache
2026-02-16 22:06:30,881 : INFO : ConfigProcessor : Loading config from cache: C:\Users\White\AppData\Local\Temp\a18f6718f5a170b21c37bd725ebae781.mpf_cache
2026-02-16 22:06:30,892 : INFO : ConfigProcessor : Loading config from cache: C:\Users\White\AppData\Local\Temp\8709151c8d2d3863b5fceda4c115c736.mpf_cache
2026-02-16 22:06:30,902 : INFO : ConfigProcessor : Loading config from cache: C:\Users\White\AppData\Local\Temp\769cd60133e5c0b9a985e6e3690a3631.mpf_cache
2026-02-16 22:06:30,917 : INFO : ConfigProcessor : Loading config from cache: C:\Users\White\AppData\Local\Temp\88387b71764ec8c6867c539ea54a2040.mpf_cache
2026-02-16 22:06:30,933 : INFO : ConfigProcessor : Loading config from cache: C:\Users\White\AppData\Local\Temp\2b752b47ed38224cd6b4953549e961ec.mpf_cache
2026-02-16 22:06:30,948 : INFO : ConfigProcessor : Loading config from cache: C:\Users\White\AppData\Local\Temp\bc5a83a7db04a21de896bef4617be537.mpf_cache
2026-02-16 22:06:30,962 : INFO : ConfigProcessor : Loading config from cache: C:\Users\White\AppData\Local\Temp\9ea7462f1dcba752602eb310d0ad4a44.mpf_cache
2026-02-16 22:06:30,975 : INFO : ConfigProcessor : Loading config from cache: C:\Users\White\AppData\Local\Temp\96651e0be7a1992a8a7abf26a9350bb6.mpf_cache
2026-02-16 22:06:30,987 : INFO : ConfigProcessor : Loading config from cache: C:\Users\White\AppData\Local\Temp\cbfc37a30bf6aa1a7a2aa4e455a94298.mpf_cache
2026-02-16 22:06:30,998 : WARNING : ConfigProcessor : Config file in cache changed: C:\Users\White\documents\top_gun_pinball\modes\top_gun_multiball_locks\config\top_gun_multiball_locks.yaml
2026-02-16 22:06:30,998 : INFO : ConfigProcessor : Loading config from file C:\Users\White\documents\top_gun_pinball\modes\top_gun_multiball_locks\config\top_gun_multiball_locks.yaml.
