2026-02-13 11:41:52,045 : INFO : root : Loading config.
2026-02-13 11:41:52,049 : INFO : YamlMultifileConfigLoader : Machine config file #1: config.yaml
2026-02-13 11:41:52,049 : INFO : ConfigProcessor : Loading config from cache: C:\Users\White\AppData\Local\Temp\39c4b34018bdb564eab7cf26b7f669ee.mpf_cache
2026-02-13 11:41:52,063 : WARNING : ConfigProcessor : Config file in cache changed: C:\Users\White\documents\top_gun_pinball\config\config_servos.yaml
2026-02-13 11:41:52,063 : INFO : ConfigProcessor : Loading config from file C:\Users\White\mpf\Lib\site-packages\mpf\mpfconfig.yaml.
2026-02-13 11:41:52,078 : INFO : ConfigProcessor : Loading config: C:\Users\White\mpf\Lib\site-packages\mpf\mpfconfig.yaml
2026-02-13 11:41:52,078 : INFO : ConfigProcessor : Loading config from file C:\Users\White\documents\top_gun_pinball\config\config.yaml.
2026-02-13 11:41:52,084 : INFO : ConfigProcessor : Loading config: C:\Users\White\documents\top_gun_pinball\config\config.yaml
2026-02-13 11:41:52,086 : INFO : ConfigProcessor : Loading config: C:\Users\White\documents\top_gun_pinball\config\config_autofire_coils.yaml
2026-02-13 11:41:52,088 : INFO : ConfigProcessor : Loading config: C:\Users\White\documents\top_gun_pinball\config\config_ball_devices.yaml
2026-02-13 11:41:52,090 : INFO : ConfigProcessor : Loading config: C:\Users\White\documents\top_gun_pinball\config\config_ball_saves.yaml
2026-02-13 11:41:52,100 : INFO : ConfigProcessor : Loading config: C:\Users\White\documents\top_gun_pinball\config\config_coils.yaml
2026-02-13 11:41:52,102 : INFO : ConfigProcessor : Loading config: C:\Users\White\documents\top_gun_pinball\config\config_flippers.yaml
2026-02-13 11:41:52,105 : INFO : ConfigProcessor : Loading config: C:\Users\White\documents\top_gun_pinball\config\config_hardware_fast.yaml
2026-02-13 11:41:52,116 : INFO : ConfigProcessor : Loading config: C:\Users\White\documents\top_gun_pinball\config\config_lights.yaml
2026-02-13 11:41:52,123 : INFO : ConfigProcessor : Loading config: C:\Users\White\documents\top_gun_pinball\config\config_switches.yaml
2026-02-13 11:41:52,126 : INFO : ConfigProcessor : Loading config: C:\Users\White\documents\top_gun_pinball\config\config_reversed_flippers.yaml
2026-02-13 11:41:52,143 : INFO : ConfigProcessor : Loading config: C:\Users\White\documents\top_gun_pinball\config\config_servos.yaml
2026-02-13 11:41:52,146 : INFO : ConfigProcessor : Loading config: C:\Users\White\documents\top_gun_pinball\config\variable_player.yaml
2026-02-13 11:41:52,149 : INFO : ConfigProcessor : Loading config: C:\Users\White\documents\top_gun_pinball\config\config_videos.yaml
2026-02-13 11:41:52,154 : INFO : ConfigProcessor : Config file cache created: C:\Users\White\AppData\Local\Temp\39c4b34018bdb564eab7cf26b7f669ee.mpf_cache
2026-02-13 11:41:52,256 : INFO : ConfigProcessor : Loading config from cache: C:\Users\White\AppData\Local\Temp\dcfa5ee5b10d64a3b94fd534c1aa451d.mpf_cache
2026-02-13 11:41:52,256 : INFO : ConfigProcessor : Loading config from cache: C:\Users\White\AppData\Local\Temp\91cc4d1c993c58dc354e34974b9cfeac.mpf_cache
2026-02-13 11:41:52,258 : INFO : ConfigProcessor : Loading config from cache: C:\Users\White\AppData\Local\Temp\35b01af7767e50eba76da865e2d7f95a.mpf_cache
2026-02-13 11:41:52,259 : INFO : ConfigProcessor : Loading config from cache: C:\Users\White\AppData\Local\Temp\954a0964095d05f049666b24b311e3e0.mpf_cache
2026-02-13 11:41:52,259 : INFO : ConfigProcessor : Loading config from cache: C:\Users\White\AppData\Local\Temp\dcfa5ee5b10d64a3b94fd534c1aa451d.mpf_cache
2026-02-13 11:41:52,260 : INFO : ConfigProcessor : Loading config from cache: C:\Users\White\AppData\Local\Temp\a9244cf73bd1b995c8229a78fecf001a.mpf_cache
2026-02-13 11:41:52,261 : INFO : ConfigProcessor : Loading config from cache: C:\Users\White\AppData\Local\Temp\981e6839caefcab32cd6f1225f0b1dcf.mpf_cache
2026-02-13 11:41:52,262 : INFO : ConfigProcessor : Loading config from cache: C:\Users\White\AppData\Local\Temp\78ac3c6ac2705ccef0aca6223f38636a.mpf_cache
2026-02-13 11:41:52,263 : INFO : ConfigProcessor : Loading config from cache: C:\Users\White\AppData\Local\Temp\a859aaec01fc9eda8e384946277a1be9.mpf_cache
2026-02-13 11:41:52,264 : INFO : ConfigProcessor : Loading config from cache: C:\Users\White\AppData\Local\Temp\3a2f2089f214eeb3c016e23cf6937b46.mpf_cache
2026-02-13 11:41:52,265 : INFO : ConfigProcessor : Loading config from cache: C:\Users\White\AppData\Local\Temp\d70718505753edc7bfae94d93c7e0d17.mpf_cache
2026-02-13 11:41:52,265 : INFO : ConfigProcessor : Loading config from cache: C:\Users\White\AppData\Local\Temp\824f161cac9e4c9f1443132020691281.mpf_cache
2026-02-13 11:41:52,266 : INFO : ConfigProcessor : Loading config from cache: C:\Users\White\AppData\Local\Temp\ba6e93360aa60032a4b7b34f9cffdce0.mpf_cache
2026-02-13 11:41:52,267 : INFO : ConfigProcessor : Loading config from cache: C:\Users\White\AppData\Local\Temp\a18f6718f5a170b21c37bd725ebae781.mpf_cache
2026-02-13 11:41:52,268 : INFO : ConfigProcessor : Loading config from cache: C:\Users\White\AppData\Local\Temp\8709151c8d2d3863b5fceda4c115c736.mpf_cache
2026-02-13 11:41:52,268 : INFO : ConfigProcessor : Loading config from cache: C:\Users\White\AppData\Local\Temp\769cd60133e5c0b9a985e6e3690a3631.mpf_cache
2026-02-13 11:41:52,269 : INFO : ConfigProcessor : Loading config from cache: C:\Users\White\AppData\Local\Temp\2b752b47ed38224cd6b4953549e961ec.mpf_cache
2026-02-13 11:41:52,272 : INFO : ConfigProcessor : Loading config from cache: C:\Users\White\AppData\Local\Temp\bc5a83a7db04a21de896bef4617be537.mpf_cache
2026-02-13 11:41:52,273 : INFO : ConfigProcessor : Loading config from cache: C:\Users\White\AppData\Local\Temp\9ea7462f1dcba752602eb310d0ad4a44.mpf_cache
2026-02-13 11:41:52,274 : INFO : ConfigProcessor : Loading config from cache: C:\Users\White\AppData\Local\Temp\96651e0be7a1992a8a7abf26a9350bb6.mpf_cache
2026-02-13 11:41:52,275 : INFO : ConfigProcessor : Loading config from cache: C:\Users\White\AppData\Local\Temp\e16268268679c5881d2554ba916948dd.mpf_cache
2026-02-13 11:41:52,278 : INFO : ConfigProcessor : Loading config from cache: C:\Users\White\AppData\Local\Temp\81f3f7be5108efd0b69d2cf71a558028.mpf_cache
2026-02-13 11:41:52,278 : INFO : ConfigProcessor : Loading config from cache: C:\Users\White\AppData\Local\Temp\fd6f0b40037ebf84651c592cbc8bc03a.mpf_cache
2026-02-13 11:41:52,279 : INFO : ConfigProcessor : Loading config from cache: C:\Users\White\AppData\Local\Temp\e1cebbcae09bac7286b592746f768daa.mpf_cache
2026-02-13 11:41:52,279 : INFO : ConfigProcessor : Loading config from cache: C:\Users\White\AppData\Local\Temp\55d5943d63961b44af3f854c02c721ad.mpf_cache
2026-02-13 11:41:52,281 : INFO : ConfigProcessor : Loading config from cache: C:\Users\White\AppData\Local\Temp\8f22b463b668cef8fc8e91f8271e08dd.mpf_cache
2026-02-13 11:41:52,283 : INFO : ConfigProcessor : Loading config from cache: C:\Users\White\AppData\Local\Temp\9ac10604873d355c34af0d8445abb8db.mpf_cache
2026-02-13 11:41:52,285 : INFO : ConfigProcessor : Loading config from cache: C:\Users\White\AppData\Local\Temp\77e3efdaa7991fde2ded950a578d622d.mpf_cache
2026-02-13 11:41:52,289 : INFO : ConfigProcessor : Loading config from cache: C:\Users\White\AppData\Local\Temp\19da4e94fc5ce3c5f810a9c7463c1354.mpf_cache
2026-02-13 11:41:52,290 : INFO : ConfigProcessor : Loading config from cache: C:\Users\White\AppData\Local\Temp\4443efc54f3a5f57a313f4078fbddd50.mpf_cache
2026-02-13 11:41:52,293 : INFO : ConfigProcessor : Loading config from cache: C:\Users\White\AppData\Local\Temp\88f72734ea72fc22245e5b82d5a75cb6.mpf_cache
2026-02-13 11:41:52,294 : INFO : ConfigProcessor : Loading config from cache: C:\Users\White\AppData\Local\Temp\2b3f78690e4e473b8e5df94cdc0ab039.mpf_cache
2026-02-13 11:41:52,295 : INFO : ConfigProcessor : Loading config from cache: C:\Users\White\AppData\Local\Temp\fa987fd2c3266ab64543e0b64578d739.mpf_cache
2026-02-13 11:41:52,298 : INFO : ConfigProcessor : Loading config from cache: C:\Users\White\AppData\Local\Temp\f26c5a15de77ef0685e209821eddbe7d.mpf_cache
2026-02-13 11:41:52,301 : INFO : ConfigProcessor : Loading config from cache: C:\Users\White\AppData\Local\Temp\c2c1510818de090aac140fad4cc773a2.mpf_cache
2026-02-13 11:41:52,302 : INFO : ConfigProcessor : Loading config from cache: C:\Users\White\AppData\Local\Temp\98d3d7eb23a2f141af3b9c324af06e38.mpf_cache
2026-02-13 11:41:52,306 : INFO : ConfigProcessor : Loading config from cache: C:\Users\White\AppData\Local\Temp\9a3b340b295c94e005fb29d2d35803d1.mpf_cache
2026-02-13 11:41:52,313 : INFO : ConfigProcessor : Loading config from cache: C:\Users\White\AppData\Local\Temp\6a788fdfb83194d81af99a12c59a319a.mpf_cache
2026-02-13 11:41:52,316 : INFO : ConfigProcessor : Loading config from cache: C:\Users\White\AppData\Local\Temp\2fe82acdc56ea652ff3066fd375b17fa.mpf_cache
2026-02-13 11:41:52,317 : INFO : ConfigProcessor : Loading config from cache: C:\Users\White\AppData\Local\Temp\d567fbe46807f36791c9019d207c2440.mpf_cache
2026-02-13 11:41:52,318 : INFO : ConfigProcessor : Loading config from cache: C:\Users\White\AppData\Local\Temp\4e3068d09bb0285319ebd926b91ae940.mpf_cache
2026-02-13 11:41:52,319 : INFO : ConfigProcessor : Loading config from cache: C:\Users\White\AppData\Local\Temp\669bfab06c6aa3a1674b0f4b50ae7a3c.mpf_cache
2026-02-13 11:41:52,321 : INFO : ConfigProcessor : Loading config from cache: C:\Users\White\AppData\Local\Temp\a6fe037899bc77554e846472e6476319.mpf_cache
2026-02-13 11:41:52,321 : INFO : ConfigProcessor : Loading config from cache: C:\Users\White\AppData\Local\Temp\cd20ab9d6bcfc3d94797e381db389ad9.mpf_cache
2026-02-13 11:41:52,323 : INFO : ConfigProcessor : Loading config from cache: C:\Users\White\AppData\Local\Temp\d763b47a22b017336bfbe57a6af89149.mpf_cache
2026-02-13 11:41:52,324 : INFO : ConfigProcessor : Loading config from cache: C:\Users\White\AppData\Local\Temp\386baade319655b6aedfa45ddbf562f0.mpf_cache
2026-02-13 11:41:52,325 : INFO : ConfigProcessor : Loading config from cache: C:\Users\White\AppData\Local\Temp\0ba5adb65e1d75578edd80699100c28e.mpf_cache
2026-02-13 11:41:52,326 : INFO : ConfigProcessor : Loading config from cache: C:\Users\White\AppData\Local\Temp\b5471f08be9278463d25e3c2f06df8dd.mpf_cache
2026-02-13 11:41:52,327 : INFO : ConfigProcessor : Loading config from cache: C:\Users\White\AppData\Local\Temp\0420af4d870b9d4dca0c113858eeb892.mpf_cache
2026-02-13 11:41:52,328 : INFO : ConfigProcessor : Loading config from cache: C:\Users\White\AppData\Local\Temp\29db96f2862a8d571fce5d97e7bfa998.mpf_cache
2026-02-13 11:41:52,329 : INFO : ConfigProcessor : Loading config from cache: C:\Users\White\AppData\Local\Temp\c4e65309e05241fe1ada1112ae55c9ef.mpf_cache
2026-02-13 11:41:52,330 : INFO : Machine : Mission Pinball Framework Core Engine v0.80.0.dev11
2026-02-13 11:41:52,330 : INFO : Machine : Command line arguments: {'no_load_cache': False, 'create_config_cache': True, 'bcp': True, 'configfile': ['config.yaml'], 'force_assets_load': False, 'platform_integration_test': False, 'jsonlogging': False, 'logfile': 'logs\\2026-02-13-11-41-52-mpf-TopGunPinball.log', 'pause': False, 'production': False, 'text_ui': False, 'loglevel': 15, 'consoleloglevel': 20, 'force_platform': None, 'syslog_address': None, 'full_logfile_path': 'C:\\Users\\White\\documents\\top_gun_pinball\\logs\\2026-02-13-11-41-52-mpf-TopGunPinball.log'}
2026-02-13 11:41:52,330 : INFO : Machine : MPF path: C:\Users\White\mpf\Lib\site-packages\mpf
2026-02-13 11:41:52,330 : INFO : Machine : Machine path: C:\Users\White\documents\top_gun_pinball
2026-02-13 11:41:52,330 : INFO : Machine : Platform: win32
2026-02-13 11:41:52,330 : INFO : Machine : Python executable location: C:\Users\White\mpf\Scripts\python.exe
2026-02-13 11:41:52,330 : INFO : Machine : Python version: 3.12.7 (64-bit)
2026-02-13 11:41:52,332 : INFO : Machine : Initializing MPF...
2026-02-13 11:41:52,462 : INFO : FAST : Auto-detecting ports for the following connections: ['net', 'exp', 'aud']
2026-02-13 11:41:53,100 : INFO : FAST : Detected AUD on port COM7
2026-02-13 11:41:53,100 : INFO : FAST : Detected NET on port COM3
2026-02-13 11:41:53,103 : INFO : FAST : Detected EXP on port COM4
2026-02-13 11:41:53,210 : INFO : FAST [NET] : Trying to connect to COM3 at 921600bps
2026-02-13 11:41:53,287 : INFO : FAST [NET] : Connected to COM3 at 921600bps
2026-02-13 11:41:53,304 : INFO : FAST [NET] : Connected to FP-CPU-2000 with firmware v02.26
2026-02-13 11:41:53,336 : INFO : FAST [NET] : Registered I/O Board 0: Model: FP-I/O-0024, Firmware: 01.10, Switches: 24, Drivers: 8
2026-02-13 11:41:53,352 : INFO : FAST [NET] : Registered I/O Board 1: Model: FP-I/O-3208, Firmware: 01.10, Switches: 32, Drivers: 8
2026-02-13 11:41:53,367 : INFO : FAST [NET] : Registered I/O Board 2: Model: FP-I/O-3208, Firmware: 01.10, Switches: 32, Drivers: 8
2026-02-13 11:41:53,382 : INFO : FAST [NET] : Registered I/O Board 3: Model: FP-I/O-0804, Firmware: 01.10, Switches: 8, Drivers: 4
2026-02-13 11:41:53,398 : INFO : FAST [NET] : Registered I/O Board 4: Model: FP-I/O-0804, Firmware: 01.10, Switches: 8, Drivers: 4
2026-02-13 11:41:53,400 : INFO : FAST [EXP] : Trying to connect to COM4 at 921600bps
2026-02-13 11:41:53,476 : INFO : FAST [EXP] : Connected to COM4 at 921600bps
2026-02-13 11:41:53,493 : INFO : FAST [EXP] : Verifying hardware for EXP "neuron" (FP-EXP-2000, @48) with ID string "EXP FP-EXP-2000  0.38", board address 48
2026-02-13 11:41:53,509 : INFO : FAST [EXP] : Verifying hardware for EXP "neuron" (FP-EXP-2000, @48) with ID string "LED FP-BRK-0001  0.8", board address 480
2026-02-13 11:41:53,540 : INFO : FAST [EXP] : Verifying hardware for EXP "light_expansion_board" (FP-EXP-0071, @B4) with ID string "EXP FP-EXP-0071  0.38", board address B4
2026-02-13 11:41:53,555 : INFO : FAST [EXP] : Verifying hardware for EXP "light_expansion_board" (FP-EXP-0071, @B4) with ID string "BRK FP-EXP-0071  0.38", board address B40
2026-02-13 11:41:53,572 : INFO : FAST [AUD] : Trying to connect to COM7 at 230400bps
2026-02-13 11:41:53,733 : INFO : FAST [AUD] : Connected to COM7 at 230400bps
2026-02-13 11:41:53,734 : WARNING : FAST [AUD] : Received XX response:F
2026-02-13 11:41:53,734 : WARNING : FAST [AUD] : Received XX response:F
2026-02-13 11:41:53,734 : WARNING : FAST [AUD] : Received XX response:F
2026-02-13 11:41:53,734 : WARNING : FAST [AUD] : Received XX response:F
2026-02-13 11:41:53,735 : INFO : FAST [AUD] : Connected to FP-AUD-0099 with firmware v0.10
2026-02-13 11:41:53,735 : INFO : EventManager : Event: ======'machine_var_credits_string'====== Args={'value': 'FREE PLAY', 'prev_value': None, 'change': True}
2026-02-13 11:41:53,764 : INFO : EventManager : Event: ======'machine_var_audit_balls_played'====== Args={'value': 0, 'prev_value': None, 'change': True}
2026-02-13 11:41:53,764 : INFO : EventManager : Event: ======'machine_var_audit_games_played'====== Args={'value': 0, 'prev_value': None, 'change': True}
2026-02-13 11:41:53,764 : INFO : EventManager : Event: ======'machine_var_audit_high_score'====== Args={'value': 0, 'prev_value': None, 'change': True}
2026-02-13 11:41:53,765 : INFO : EventManager : Event: ======'machine_var_audit_total_game_time'====== Args={'value': 0, 'prev_value': None, 'change': True}
2026-02-13 11:41:53,765 : INFO : EventManager : Event: ======'machine_var_audit_total_plays'====== Args={'value': 0, 'prev_value': None, 'change': True}
2026-02-13 11:41:53,765 : INFO : EventManager : Event: ======'machine_var_fast_audio_headphones_volume'====== Args={'value': 50, 'prev_value': None, 'change': True}
2026-02-13 11:41:53,765 : INFO : EventManager : Event: ======'machine_var_fast_audio_main_volume'====== Args={'value': 31, 'prev_value': None, 'change': True}
2026-02-13 11:41:53,765 : INFO : EventManager : Event: ======'machine_var_master_volume'====== Args={'value': 0.5, 'prev_value': None, 'change': True}
2026-02-13 11:41:53,765 : INFO : EventManager : Event: ======'machine_var_player1_score'====== Args={'value': 4790750, 'prev_value': None, 'change': True}
2026-02-13 11:41:53,765 : INFO : EventManager : Event: ======'machine_var_service_menu_level'====== Args={'value': 0, 'prev_value': None, 'change': True}
2026-02-13 11:41:53,765 : INFO : EventManager : Event: ======'machine_var_service_main_index'====== Args={'value': 0, 'prev_value': None, 'change': True}
2026-02-13 11:41:53,765 : INFO : EventManager : Event: ======'machine_var_service_switch_index'====== Args={'value': 0, 'prev_value': None, 'change': True}
2026-02-13 11:41:53,765 : INFO : EventManager : Event: ======'machine_var_service_coil_index'====== Args={'value': 0, 'prev_value': None, 'change': True}
2026-02-13 11:41:53,765 : INFO : EventManager : Event: ======'machine_var_service_light_index'====== Args={'value': 0, 'prev_value': None, 'change': True}
2026-02-13 11:41:53,765 : INFO : EventManager : Event: ======'machine_var_service_light_color_index'====== Args={'value': 0, 'prev_value': None, 'change': True}
2026-02-13 11:41:53,765 : INFO : EventManager : Event: ======'machine_var_service_adjustment_index'====== Args={'value': 0, 'prev_value': None, 'change': True}
2026-02-13 11:41:53,765 : INFO : EventManager : Event: ======'machine_var_service_audit_index'====== Args={'value': 0, 'prev_value': None, 'change': True}
2026-02-13 11:41:53,766 : INFO : EventManager : Event: ======'machine_var_service_feature_index'====== Args={'value': 0, 'prev_value': None, 'change': True}
2026-02-13 11:41:53,766 : INFO : EventManager : Event: ======'machine_var_service_main_text'====== Args={'value': 'SWITCH TEST', 'prev_value': None, 'change': True}
2026-02-13 11:41:53,766 : INFO : EventManager : Event: ======'machine_var_service_switch_name'====== Args={'value': 'Start Button', 'prev_value': None, 'change': True}
2026-02-13 11:41:53,766 : INFO : EventManager : Event: ======'machine_var_service_switch_num'====== Args={'value': 'Switch 1/63', 'prev_value': None, 'change': True}
2026-02-13 11:41:53,766 : INFO : EventManager : Event: ======'machine_var_service_switch_state'====== Args={'value': 'OPEN', 'prev_value': None, 'change': True}
2026-02-13 11:41:53,766 : INFO : EventManager : Event: ======'machine_var_service_coil_name'====== Args={'value': 'Left Flipper', 'prev_value': None, 'change': True}
2026-02-13 11:41:53,766 : INFO : EventManager : Event: ======'machine_var_service_coil_num'====== Args={'value': 'Coil 1/22', 'prev_value': None, 'change': True}
2026-02-13 11:41:53,766 : INFO : EventManager : Event: ======'machine_var_service_light_name'====== Args={'value': 'Eject Insert', 'prev_value': None, 'change': True}
2026-02-13 11:41:53,766 : INFO : EventManager : Event: ======'machine_var_service_light_num'====== Args={'value': 'Light 1/91', 'prev_value': None, 'change': True}
2026-02-13 11:41:53,766 : INFO : EventManager : Event: ======'machine_var_service_servo_index'====== Args={'value': 0, 'prev_value': None, 'change': True}
2026-02-13 11:41:53,766 : INFO : EventManager : Event: ======'machine_var_service_servo_name'====== Args={'value': 'Right Ramp', 'prev_value': None, 'change': True}
2026-02-13 11:41:53,766 : INFO : EventManager : Event: ======'machine_var_service_servo_num'====== Args={'value': 'Servo 1/6', 'prev_value': None, 'change': True}
2026-02-13 11:41:53,766 : INFO : EventManager : Event: ======'machine_var_service_servo_position'====== Args={'value': 'Pos: 0.05', 'prev_value': None, 'change': True}
2026-02-13 11:41:53,766 : INFO : EventManager : Event: ======'machine_var_service_adjustment_name'====== Args={'value': 'Balls Per Game', 'prev_value': None, 'change': True}
2026-02-13 11:41:53,766 : INFO : EventManager : Event: ======'machine_var_service_adjustment_num'====== Args={'value': 'Setting 1/15', 'prev_value': None, 'change': True}
2026-02-13 11:41:53,767 : INFO : EventManager : Event: ======'machine_var_service_audit_name'====== Args={'value': 'Games Played', 'prev_value': None, 'change': True}
2026-02-13 11:41:53,767 : INFO : EventManager : Event: ======'machine_var_service_audit_num'====== Args={'value': 'Audit 1/10', 'prev_value': None, 'change': True}
2026-02-13 11:41:53,767 : INFO : EventManager : Event: ======'machine_var_service_feature_name'====== Args={'value': 'Pilot Mode Timer', 'prev_value': None, 'change': True}
2026-02-13 11:41:53,767 : INFO : EventManager : Event: ======'machine_var_service_feature_num'====== Args={'value': 'Feature 1/10', 'prev_value': None, 'change': True}
2026-02-13 11:41:53,767 : INFO : EventManager : Event: ======'machine_var_mpf_version'====== Args={'value': 'Mission Pinball Framework v0.80.0.dev11', 'prev_value': None, 'change': True}
2026-02-13 11:41:53,767 : INFO : EventManager : Event: ======'machine_var_mpf_extended_version'====== Args={'value': 'Mission Pinball Framework v0.80.0.dev11, Config version:6, Show version: 6, BCP version:1.1', 'prev_value': None, 'change': True}
2026-02-13 11:41:53,767 : INFO : EventManager : Event: ======'machine_var_python_version'====== Args={'value': '3.12.7', 'prev_value': None, 'change': True}
2026-02-13 11:41:53,842 : INFO : EventManager : Event: ======'machine_var_platform'====== Args={'value': 'Windows-11-10.0.26100-SP0', 'prev_value': None, 'change': True}
2026-02-13 11:41:53,843 : INFO : EventManager : Event: ======'machine_var_platform_system'====== Args={'value': 'Windows', 'prev_value': None, 'change': True}
2026-02-13 11:41:53,843 : INFO : EventManager : Event: ======'machine_var_platform_release'====== Args={'value': '11', 'prev_value': None, 'change': True}
2026-02-13 11:41:53,843 : INFO : EventManager : Event: ======'machine_var_platform_version'====== Args={'value': '10.0.26100', 'prev_value': None, 'change': True}
2026-02-13 11:41:53,843 : INFO : EventManager : Event: ======'machine_var_platform_machine'====== Args={'value': 'AMD64', 'prev_value': None, 'change': True}
2026-02-13 11:41:53,843 : INFO : EventManager : Event: ======'machine_var_log_file_path'====== Args={'value': 'C:\\Users\\White\\documents\\top_gun_pinball\\logs\\2026-02-13-11-41-52-mpf-TopGunPinball.log', 'prev_value': None, 'change': True}
2026-02-13 11:41:53,843 : INFO : EventManager : Event: ======'init_phase_1'====== Args={}
2026-02-13 11:41:56,319 : INFO : SwitchController : <<<<<<< 's_48v_disable' active >>>>>>>
2026-02-13 11:41:56,319 : INFO : SwitchController : <<<<<<< 's_trough_1' active >>>>>>>
2026-02-13 11:41:56,319 : INFO : SwitchController : <<<<<<< 's_trough_2' active >>>>>>>
2026-02-13 11:41:56,319 : INFO : SwitchController : <<<<<<< 's_trough_3' active >>>>>>>
2026-02-13 11:41:56,319 : INFO : SwitchController : <<<<<<< 's_trough_4' active >>>>>>>
2026-02-13 11:41:56,319 : INFO : SwitchController : <<<<<<< 's_trough_5' active >>>>>>>
2026-02-13 11:41:56,320 : INFO : SwitchController : <<<<<<< 's_trough_6' active >>>>>>>
2026-02-13 11:41:56,320 : INFO : SwitchController : <<<<<<< 's_ramp_inner_exit' active >>>>>>>
2026-02-13 11:41:56,354 : INFO : EventManager : Event: ======'init_phase_2'====== Args={}
2026-02-13 11:41:56,354 : INFO : SwitchController : Found active switch: (0, [FAST Platform Interface]) <switch.s_48v_disable>
2026-02-13 11:41:56,355 : INFO : SwitchController : Found active switch: (24, [FAST Platform Interface]) <switch.s_trough_1>
2026-02-13 11:41:56,355 : INFO : SwitchController : Found active switch: (25, [FAST Platform Interface]) <switch.s_trough_2>
2026-02-13 11:41:56,355 : INFO : SwitchController : Found active switch: (26, [FAST Platform Interface]) <switch.s_trough_3>
2026-02-13 11:41:56,355 : INFO : SwitchController : Found active switch: (27, [FAST Platform Interface]) <switch.s_trough_4>
2026-02-13 11:41:56,355 : INFO : SwitchController : Found active switch: (28, [FAST Platform Interface]) <switch.s_trough_5>
2026-02-13 11:41:56,355 : INFO : SwitchController : Found active switch: (29, [FAST Platform Interface]) <switch.s_trough_6>
2026-02-13 11:41:56,355 : INFO : SwitchController : Found active switch: (78, [FAST Platform Interface]) <switch.s_ramp_inner_exit>
2026-02-13 11:41:56,533 : INFO : EventManager : Event: ======'bcp_connection_attempt'====== Args={'name': 'local_display', 'host': 'localhost', 'port': 5050}
2026-02-13 11:41:56,537 : INFO : BCPClientSocket : Connecting BCP to 'local_display' at localhost:5050...
2026-02-13 11:41:56,548 : INFO : BCPClientSocket : Connected BCP to 'local_display' localhost:5050
2026-02-13 11:41:56,549 : INFO : EventManager : Event: ======'bcp_clients_connected'====== Args={}
2026-02-13 11:41:56,550 : INFO : ball_device.bd_plunger : BCH: Initial count: 0
2026-02-13 11:41:56,550 : INFO : ball_device.bd_plunger : State: idle
2026-02-13 11:41:56,631 : INFO : ball_device.bd_trough : BCH: Initial count: 6
2026-02-13 11:41:56,632 : INFO : ball_device.bd_trough : State: idle
2026-02-13 11:41:56,632 : INFO : ball_device.bd_lock_elevator : BCH: Initial count: 0
2026-02-13 11:41:56,633 : INFO : ball_device.bd_lock_elevator : State: idle
2026-02-13 11:41:56,634 : INFO : ball_device.bd_mode_scoop : BCH: Initial count: 0
2026-02-13 11:41:56,634 : INFO : ball_device.bd_mode_scoop : State: idle
2026-02-13 11:41:56,647 : INFO : EventManager : Event: ======'init_phase_3'====== Args={}
2026-02-13 11:41:59,290 : INFO : EventManager : Event: ======'init_phase_4'====== Args={}
2026-02-13 11:41:59,291 : INFO : BallController : Initial balls found: 6
2026-02-13 11:41:59,293 : INFO : EventManager : Event: ======'machine_var_audits_events_game_ended'====== Args={'value': 48, 'prev_value': None, 'change': True}
2026-02-13 11:41:59,293 : INFO : EventManager : Event: ======'machine_var_audits_events_game_started'====== Args={'value': 946, 'prev_value': None, 'change': True}
2026-02-13 11:41:59,293 : INFO : EventManager : Event: ======'machine_var_audits_missing_switches_s_48v_disable'====== Args={'value': 125, 'prev_value': None, 'change': True}
2026-02-13 11:41:59,293 : INFO : EventManager : Event: ======'machine_var_audits_missing_switches_s_coin_door'====== Args={'value': 60, 'prev_value': None, 'change': True}
2026-02-13 11:41:59,293 : INFO : EventManager : Event: ======'machine_var_audits_missing_switches_s_coin_door_credit_left'====== Args={'value': 740, 'prev_value': None, 'change': True}
2026-02-13 11:41:59,293 : INFO : EventManager : Event: ======'machine_var_audits_missing_switches_s_coin_door_credit_right'====== Args={'value': 132, 'prev_value': None, 'change': True}
2026-02-13 11:41:59,294 : INFO : EventManager : Event: ======'machine_var_audits_missing_switches_s_coin_door_service_1'====== Args={'value': 82, 'prev_value': None, 'change': True}
2026-02-13 11:41:59,294 : INFO : EventManager : Event: ======'machine_var_audits_missing_switches_s_coin_door_service_2'====== Args={'value': 82, 'prev_value': None, 'change': True}
2026-02-13 11:41:59,294 : INFO : EventManager : Event: ======'machine_var_audits_missing_switches_s_coin_door_service_3'====== Args={'value': 82, 'prev_value': None, 'change': True}
2026-02-13 11:41:59,294 : INFO : EventManager : Event: ======'machine_var_audits_missing_switches_s_coin_door_service_4'====== Args={'value': 82, 'prev_value': None, 'change': True}
2026-02-13 11:41:59,294 : INFO : EventManager : Event: ======'machine_var_audits_missing_switches_s_inner_inlane_right'====== Args={'value': 1, 'prev_value': None, 'change': True}
2026-02-13 11:41:59,294 : INFO : EventManager : Event: ======'machine_var_audits_missing_switches_s_lock_goose'====== Args={'value': 895, 'prev_value': None, 'change': True}
2026-02-13 11:41:59,294 : INFO : EventManager : Event: ======'machine_var_audits_missing_switches_s_lock_mav'====== Args={'value': 895, 'prev_value': None, 'change': True}
2026-02-13 11:41:59,294 : INFO : EventManager : Event: ======'machine_var_audits_missing_switches_s_lock_plunger'====== Args={'value': 729, 'prev_value': None, 'change': True}
2026-02-13 11:41:59,294 : INFO : EventManager : Event: ======'machine_var_audits_missing_switches_s_orbit_lower'====== Args={'value': 1, 'prev_value': None, 'change': True}
2026-02-13 11:41:59,294 : INFO : EventManager : Event: ======'machine_var_audits_missing_switches_s_plunger_lane'====== Args={'value': 10, 'prev_value': None, 'change': True}
2026-02-13 11:41:59,294 : INFO : EventManager : Event: ======'machine_var_audits_missing_switches_s_ramp_right_exit'====== Args={'value': 1, 'prev_value': None, 'change': True}
2026-02-13 11:41:59,294 : INFO : EventManager : Event: ======'machine_var_audits_missing_switches_s_start'====== Args={'value': 29, 'prev_value': None, 'change': True}
2026-02-13 11:41:59,294 : INFO : EventManager : Event: ======'machine_var_audits_missing_switches_s_tilt'====== Args={'value': 32, 'prev_value': None, 'change': True}
2026-02-13 11:41:59,294 : INFO : EventManager : Event: ======'machine_var_audits_player_score'====== Args={'value': {'average': 1299041, 'top': [8367250, 6912950, 4790750, 2977800, 2783350, 2289500, 2231750, 2229000, 2197050, 2158950], 'total': 51}, 'prev_value': None, 'change': True}
2026-02-13 11:41:59,295 : INFO : EventManager : Event: ======'machine_var_audits_shots_bumper_center'====== Args={'value': 1400, 'prev_value': None, 'change': True}
2026-02-13 11:41:59,295 : INFO : EventManager : Event: ======'machine_var_audits_shots_bumper_left'====== Args={'value': 1054, 'prev_value': None, 'change': True}
2026-02-13 11:41:59,295 : INFO : EventManager : Event: ======'machine_var_audits_shots_bumper_right'====== Args={'value': 1041, 'prev_value': None, 'change': True}
2026-02-13 11:41:59,295 : INFO : EventManager : Event: ======'machine_var_audits_shots_mach_ramp'====== Args={'value': 924, 'prev_value': None, 'change': True}
2026-02-13 11:41:59,295 : INFO : EventManager : Event: ======'machine_var_audits_shots_mig_lane_left'====== Args={'value': 245, 'prev_value': None, 'change': True}
2026-02-13 11:41:59,295 : INFO : EventManager : Event: ======'machine_var_audits_shots_mig_lane_right'====== Args={'value': 79, 'prev_value': None, 'change': True}
2026-02-13 11:41:59,295 : INFO : EventManager : Event: ======'machine_var_audits_shots_orbit_upper'====== Args={'value': 57, 'prev_value': None, 'change': True}
2026-02-13 11:41:59,295 : INFO : EventManager : Event: ======'machine_var_audits_shots_ramp_inner'====== Args={'value': 76, 'prev_value': None, 'change': True}
2026-02-13 11:41:59,295 : INFO : EventManager : Event: ======'machine_var_audits_shots_spinner'====== Args={'value': 74, 'prev_value': None, 'change': True}
2026-02-13 11:41:59,295 : INFO : EventManager : Event: ======'machine_var_audits_switches_s_48v_disable'====== Args={'value': 0, 'prev_value': None, 'change': True}
2026-02-13 11:41:59,295 : INFO : EventManager : Event: ======'machine_var_audits_switches_s_a_iceman_target'====== Args={'value': 494, 'prev_value': None, 'change': True}
2026-02-13 11:41:59,295 : INFO : EventManager : Event: ======'machine_var_audits_switches_s_barrier_target'====== Args={'value': 234, 'prev_value': None, 'change': True}
2026-02-13 11:41:59,295 : INFO : EventManager : Event: ======'machine_var_audits_switches_s_bumper_center'====== Args={'value': 1420, 'prev_value': None, 'change': True}
2026-02-13 11:41:59,295 : INFO : EventManager : Event: ======'machine_var_audits_switches_s_bumper_left'====== Args={'value': 1085, 'prev_value': None, 'change': True}
2026-02-13 11:41:59,295 : INFO : EventManager : Event: ======'machine_var_audits_switches_s_bumper_right'====== Args={'value': 1047, 'prev_value': None, 'change': True}
2026-02-13 11:41:59,296 : INFO : EventManager : Event: ======'machine_var_audits_switches_s_c_iceman_target'====== Args={'value': 464, 'prev_value': None, 'change': True}
2026-02-13 11:41:59,296 : INFO : EventManager : Event: ======'machine_var_audits_switches_s_c_lock_target'====== Args={'value': 210, 'prev_value': None, 'change': True}
2026-02-13 11:41:59,296 : INFO : EventManager : Event: ======'machine_var_audits_switches_s_coin_door'====== Args={'value': 10, 'prev_value': None, 'change': True}
2026-02-13 11:41:59,296 : INFO : EventManager : Event: ======'machine_var_audits_switches_s_coin_door_credit_left'====== Args={'value': 0, 'prev_value': None, 'change': True}
2026-02-13 11:41:59,296 : INFO : EventManager : Event: ======'machine_var_audits_switches_s_coin_door_credit_right'====== Args={'value': 1, 'prev_value': None, 'change': True}
2026-02-13 11:41:59,296 : INFO : EventManager : Event: ======'machine_var_audits_switches_s_coin_door_service_1'====== Args={'value': 8, 'prev_value': None, 'change': True}
2026-02-13 11:41:59,296 : INFO : EventManager : Event: ======'machine_var_audits_switches_s_coin_door_service_2'====== Args={'value': 30, 'prev_value': None, 'change': True}
2026-02-13 11:41:59,296 : INFO : EventManager : Event: ======'machine_var_audits_switches_s_coin_door_service_3'====== Args={'value': 41, 'prev_value': None, 'change': True}
2026-02-13 11:41:59,296 : INFO : EventManager : Event: ======'machine_var_audits_switches_s_coin_door_service_4'====== Args={'value': 29, 'prev_value': None, 'change': True}
2026-02-13 11:41:59,296 : INFO : EventManager : Event: ======'machine_var_audits_switches_s_e_iceman_target'====== Args={'value': 426, 'prev_value': None, 'change': True}
2026-02-13 11:41:59,296 : INFO : EventManager : Event: ======'machine_var_audits_switches_s_flight_gear_target'====== Args={'value': 1007, 'prev_value': None, 'change': True}
2026-02-13 11:41:59,296 : INFO : EventManager : Event: ======'machine_var_audits_switches_s_flipper_left'====== Args={'value': 5342, 'prev_value': None, 'change': True}
2026-02-13 11:41:59,296 : INFO : EventManager : Event: ======'machine_var_audits_switches_s_flipper_left_eos'====== Args={'value': 4736, 'prev_value': None, 'change': True}
2026-02-13 11:41:59,296 : INFO : EventManager : Event: ======'machine_var_audits_switches_s_flipper_left_upper'====== Args={'value': 4938, 'prev_value': None, 'change': True}
2026-02-13 11:41:59,296 : INFO : EventManager : Event: ======'machine_var_audits_switches_s_flipper_left_upper_eos'====== Args={'value': 4752, 'prev_value': None, 'change': True}
2026-02-13 11:41:59,296 : INFO : EventManager : Event: ======'machine_var_audits_switches_s_flipper_right'====== Args={'value': 4263, 'prev_value': None, 'change': True}
2026-02-13 11:41:59,296 : INFO : EventManager : Event: ======'machine_var_audits_switches_s_flipper_right_eos'====== Args={'value': 3684, 'prev_value': None, 'change': True}
2026-02-13 11:41:59,296 : INFO : EventManager : Event: ======'machine_var_audits_switches_s_i_iceman_target'====== Args={'value': 498, 'prev_value': None, 'change': True}
2026-02-13 11:41:59,296 : INFO : EventManager : Event: ======'machine_var_audits_switches_s_inlane_left'====== Args={'value': 1014, 'prev_value': None, 'change': True}
2026-02-13 11:41:59,296 : INFO : EventManager : Event: ======'machine_var_audits_switches_s_inner_inlane_right'====== Args={'value': 787, 'prev_value': None, 'change': True}
2026-02-13 11:41:59,298 : INFO : EventManager : Event: ======'machine_var_audits_switches_s_jam'====== Args={'value': 627, 'prev_value': None, 'change': True}
2026-02-13 11:41:59,298 : INFO : EventManager : Event: ======'machine_var_audits_switches_s_k_lock_target'====== Args={'value': 292, 'prev_value': None, 'change': True}
2026-02-13 11:41:59,298 : INFO : EventManager : Event: ======'machine_var_audits_switches_s_l_lock_target'====== Args={'value': 291, 'prev_value': None, 'change': True}
2026-02-13 11:41:59,298 : INFO : EventManager : Event: ======'machine_var_audits_switches_s_lane_left'====== Args={'value': 1286, 'prev_value': None, 'change': True}
2026-02-13 11:41:59,298 : INFO : EventManager : Event: ======'machine_var_audits_switches_s_lane_right'====== Args={'value': 916, 'prev_value': None, 'change': True}
2026-02-13 11:41:59,298 : INFO : EventManager : Event: ======'machine_var_audits_switches_s_lock_goose'====== Args={'value': 0, 'prev_value': None, 'change': True}
2026-02-13 11:41:59,298 : INFO : EventManager : Event: ======'machine_var_audits_switches_s_lock_mav'====== Args={'value': 0, 'prev_value': None, 'change': True}
2026-02-13 11:41:59,298 : INFO : EventManager : Event: ======'machine_var_audits_switches_s_lock_plunger'====== Args={'value': 3, 'prev_value': None, 'change': True}
2026-02-13 11:41:59,298 : INFO : EventManager : Event: ======'machine_var_audits_switches_s_m_iceman_target'====== Args={'value': 418, 'prev_value': None, 'change': True}
2026-02-13 11:41:59,298 : INFO : EventManager : Event: ======'machine_var_audits_switches_s_mig_lane_left'====== Args={'value': 808, 'prev_value': None, 'change': True}
2026-02-13 11:41:59,298 : INFO : EventManager : Event: ======'machine_var_audits_switches_s_mig_lane_right'====== Args={'value': 446, 'prev_value': None, 'change': True}
2026-02-13 11:41:59,298 : INFO : EventManager : Event: ======'machine_var_audits_switches_s_mode_start'====== Args={'value': 546, 'prev_value': None, 'change': True}
2026-02-13 11:41:59,298 : INFO : EventManager : Event: ======'machine_var_audits_switches_s_n_iceman_target'====== Args={'value': 596, 'prev_value': None, 'change': True}
2026-02-13 11:41:59,298 : INFO : EventManager : Event: ======'machine_var_audits_switches_s_o_lock_target'====== Args={'value': 420, 'prev_value': None, 'change': True}
2026-02-13 11:41:59,298 : INFO : EventManager : Event: ======'machine_var_audits_switches_s_orbit_left'====== Args={'value': 2216, 'prev_value': None, 'change': True}
2026-02-13 11:41:59,298 : INFO : EventManager : Event: ======'machine_var_audits_switches_s_orbit_lower'====== Args={'value': 76, 'prev_value': None, 'change': True}
2026-02-13 11:41:59,299 : INFO : EventManager : Event: ======'machine_var_audits_switches_s_orbit_right'====== Args={'value': 1304, 'prev_value': None, 'change': True}
2026-02-13 11:41:59,299 : INFO : EventManager : Event: ======'machine_var_audits_switches_s_orbit_upper'====== Args={'value': 460, 'prev_value': None, 'change': True}
2026-02-13 11:41:59,299 : INFO : EventManager : Event: ======'machine_var_audits_switches_s_outer_inlane_right'====== Args={'value': 979, 'prev_value': None, 'change': True}
2026-02-13 11:41:59,299 : INFO : EventManager : Event: ======'machine_var_audits_switches_s_outlane_left'====== Args={'value': 674, 'prev_value': None, 'change': True}
2026-02-13 11:41:59,299 : INFO : EventManager : Event: ======'machine_var_audits_switches_s_outlane_right'====== Args={'value': 652, 'prev_value': None, 'change': True}
2026-02-13 11:41:59,299 : INFO : EventManager : Event: ======'machine_var_audits_switches_s_plunger_lane'====== Args={'value': 46, 'prev_value': None, 'change': True}
2026-02-13 11:41:59,299 : INFO : EventManager : Event: ======'machine_var_audits_switches_s_ramp_inner_exit'====== Args={'value': 970, 'prev_value': None, 'change': True}
2026-02-13 11:41:59,299 : INFO : EventManager : Event: ======'machine_var_audits_switches_s_ramp_left_exit'====== Args={'value': 1239, 'prev_value': None, 'change': True}
2026-02-13 11:41:59,299 : INFO : EventManager : Event: ======'machine_var_audits_switches_s_ramp_right_exit'====== Args={'value': 302, 'prev_value': None, 'change': True}
2026-02-13 11:41:59,299 : INFO : EventManager : Event: ======'machine_var_audits_switches_s_ramp_tower_exit'====== Args={'value': 445, 'prev_value': None, 'change': True}
2026-02-13 11:41:59,299 : INFO : EventManager : Event: ======'machine_var_audits_switches_s_shooter_lane'====== Args={'value': 1318, 'prev_value': None, 'change': True}
2026-02-13 11:41:59,299 : INFO : EventManager : Event: ======'machine_var_audits_switches_s_slingshot_left'====== Args={'value': 863, 'prev_value': None, 'change': True}
2026-02-13 11:41:59,299 : INFO : EventManager : Event: ======'machine_var_audits_switches_s_slingshot_right'====== Args={'value': 536, 'prev_value': None, 'change': True}
2026-02-13 11:41:59,299 : INFO : EventManager : Event: ======'machine_var_audits_switches_s_spinner'====== Args={'value': 12266, 'prev_value': None, 'change': True}
2026-02-13 11:41:59,299 : INFO : EventManager : Event: ======'machine_var_audits_switches_s_start'====== Args={'value': 203, 'prev_value': None, 'change': True}
2026-02-13 11:41:59,299 : INFO : EventManager : Event: ======'machine_var_audits_switches_s_tilt'====== Args={'value': 286, 'prev_value': None, 'change': True}
2026-02-13 11:41:59,299 : INFO : EventManager : Event: ======'machine_var_audits_switches_s_trough_1'====== Args={'value': 628, 'prev_value': None, 'change': True}
2026-02-13 11:41:59,299 : INFO : EventManager : Event: ======'machine_var_audits_switches_s_trough_2'====== Args={'value': 615, 'prev_value': None, 'change': True}
2026-02-13 11:41:59,299 : INFO : EventManager : Event: ======'machine_var_audits_switches_s_trough_3'====== Args={'value': 614, 'prev_value': None, 'change': True}
2026-02-13 11:41:59,300 : INFO : EventManager : Event: ======'machine_var_audits_switches_s_trough_4'====== Args={'value': 618, 'prev_value': None, 'change': True}
2026-02-13 11:41:59,300 : INFO : EventManager : Event: ======'machine_var_audits_switches_s_trough_5'====== Args={'value': 629, 'prev_value': None, 'change': True}
2026-02-13 11:41:59,300 : INFO : EventManager : Event: ======'machine_var_audits_switches_s_trough_6'====== Args={'value': 897, 'prev_value': None, 'change': True}
2026-02-13 11:41:59,301 : INFO : EventManager : Event: ======'init_phase_5'====== Args={}
2026-02-13 11:41:59,302 : INFO : EventManager : Event: ======'init_done'====== Args={}
2026-02-13 11:41:59,302 : INFO : coil.c_coin_door_led : Enabling Driver with power 1.0 (pulse_ms 10ms and pulse_power 1.0)
2026-02-13 11:41:59,303 : INFO : EventManager : Event: ======'machine_reset_phase_1'====== Args={}
2026-02-13 11:41:59,314 : INFO : EventManager : Event: ======'machine_reset_phase_2'====== Args={}
2026-02-13 11:41:59,316 : INFO : EventManager : Event: ======'machine_reset_phase_3'====== Args={}
2026-02-13 11:41:59,317 : INFO : EventManager : Event: ======'mode_attract_will_start'====== Args={'queue': <QueuedEvent>}
2026-02-13 11:41:59,317 : INFO : Timer.attract_carousel_timer : Starting Timer.
2026-02-13 11:41:59,317 : INFO : EventManager : Event: ======'timer_attract_carousel_timer_started'====== Args={'ticks': 0, 'ticks_remaining': 1}
2026-02-13 11:41:59,317 : INFO : EventManager : Event: ======'timer_attract_carousel_timer_tick'====== Args={'ticks': 0, 'ticks_remaining': 1}
2026-02-13 11:41:59,319 : INFO : EventManager : Event: ======'mode_attract_starting'====== Args={'queue': <QueuedEvent>}
2026-02-13 11:41:59,320 : INFO : Mode.attract : Started. Priority: 10
2026-02-13 11:41:59,320 : INFO : EventManager : Event: ======'modes_active_modes_changed'====== Args={}
2026-02-13 11:41:59,320 : INFO : EventManager : Event: ======'mode_attract_started'====== Args={'queue': <QueuedEvent>}
2026-02-13 11:41:59,320 : INFO : EventManager : Event: ======'attract_cycle_step1'====== Args={'priority': 0}
2026-02-13 11:41:59,320 : INFO : EventManager : Event: ======'right_ramp_down'====== Args={'priority': 0}
2026-02-13 11:41:59,320 : INFO : EventManager : Event: ======'top_ramp_down'====== Args={'priority': 0}
2026-02-13 11:41:59,320 : INFO : EventManager : Event: ======'lock_released'====== Args={'priority': 0}
2026-02-13 11:41:59,321 : INFO : coil.c_start_button_led : Enabling Driver with power 1.0 (pulse_ms 10ms and pulse_power 1.0)
2026-02-13 11:41:59,321 : INFO : EventManager : Event: ======'collecting_balls_complete'====== Args={}
2026-02-13 11:41:59,322 : INFO : EventManager : Event: ======'carousel_item_highlighted'====== Args={'carousel': 'attract', 'direction': None, 'item': 'title'}
2026-02-13 11:41:59,322 : INFO : EventManager : Event: ======'timer_attract_carousel_timer_tick'====== Args={'ticks': 0, 'ticks_remaining': 1}
2026-02-13 11:41:59,322 : INFO : EventManager : Event: ======'reset_complete'====== Args={}
2026-02-13 11:41:59,325 : INFO : Machine : Starting the main run loop with active modes: [<Mode.attract>]
2026-02-13 11:41:59,409 : INFO : EventManager : Event: ======'slide_attract_created'====== Args={'_from_bcp': True}
2026-02-13 11:41:59,410 : INFO : EventManager : Event: ======'slide__removed'====== Args={'_from_bcp': True}
2026-02-13 11:41:59,411 : INFO : EventManager : Event: ======'slide_attract_active'====== Args={'original_context': 'attract', 'original_calling_context': 'mode_attract_started', 'priority': 10.0, 'queue': '<QueuedEvent>', 'cmd': 'slides_play', '_from_bcp': True}
2026-02-13 11:42:00,316 : INFO : coil.c_start_button_led : Disabling Driver
2026-02-13 11:42:01,319 : INFO : coil.c_start_button_led : Enabling Driver with power 1.0 (pulse_ms 10ms and pulse_power 1.0)
2026-02-13 11:42:02,322 : INFO : coil.c_start_button_led : Disabling Driver
2026-02-13 11:42:03,324 : INFO : coil.c_start_button_led : Enabling Driver with power 1.0 (pulse_ms 10ms and pulse_power 1.0)
2026-02-13 11:42:04,328 : INFO : coil.c_start_button_led : Disabling Driver
2026-02-13 11:42:05,316 : INFO : coil.c_start_button_led : Enabling Driver with power 1.0 (pulse_ms 10ms and pulse_power 1.0)
2026-02-13 11:42:06,316 : INFO : coil.c_start_button_led : Disabling Driver
2026-02-13 11:42:06,316 : INFO : Timer.attract_carousel_timer : Timer Complete
2026-02-13 11:42:06,316 : INFO : Timer.attract_carousel_timer : Stopping Timer
2026-02-13 11:42:06,316 : INFO : EventManager : Event: ======'timer_attract_carousel_timer_stopped'====== Args={'ticks': 1, 'ticks_remaining': 1}
2026-02-13 11:42:06,318 : INFO : EventManager : Event: ======'timer_attract_carousel_timer_complete'====== Args={'ticks': 1, 'ticks_remaining': 1}
2026-02-13 11:42:06,318 : INFO : EventManager : Event: ======'carousel_item_highlighted'====== Args={'carousel': 'attract', 'direction': 'forwards', 'item': 'presented_by'}
2026-02-13 11:42:06,319 : INFO : Timer.attract_carousel_timer : Starting Timer.
2026-02-13 11:42:06,319 : INFO : EventManager : Event: ======'timer_attract_carousel_timer_started'====== Args={'ticks': 0, 'ticks_remaining': 1}
2026-02-13 11:42:06,319 : INFO : EventManager : Event: ======'timer_attract_carousel_timer_tick'====== Args={'ticks': 0, 'ticks_remaining': 1}
2026-02-13 11:42:07,325 : INFO : coil.c_start_button_led : Enabling Driver with power 1.0 (pulse_ms 10ms and pulse_power 1.0)
2026-02-13 11:42:08,323 : INFO : coil.c_start_button_led : Disabling Driver
2026-02-13 11:42:08,542 : INFO : SwitchController : <<<<<<< 's_coin_door' active >>>>>>>
2026-02-13 11:42:09,324 : INFO : coil.c_start_button_led : Enabling Driver with power 1.0 (pulse_ms 10ms and pulse_power 1.0)
2026-02-13 11:42:09,854 : INFO : SwitchController : <<<<<<< 's_coin_door_service_4' active >>>>>>>
2026-02-13 11:42:09,854 : INFO : EventManager : Event: ======'s_coin_door_service_4_active'====== Args={}
2026-02-13 11:42:09,855 : INFO : EventManager : Event: ======'service_mode_request'====== Args={'priority': 0}
2026-02-13 11:42:09,855 : INFO : EventManager : Event: ======'mode_top_gun_service_will_start'====== Args={'priority': 0}
2026-02-13 11:42:09,943 : INFO : EventManager : Event: ======'mode_top_gun_service_starting'====== Args={'priority': 0}
2026-02-13 11:42:09,943 : INFO : Mode.top_gun_service : Started. Priority: 900
2026-02-13 11:42:09,943 : INFO : EventManager : Event: ======'modes_active_modes_changed'====== Args={}
2026-02-13 11:42:09,943 : INFO : EventManager : Event: ======'mode_top_gun_service_started'====== Args={'priority': 0}
2026-02-13 11:42:09,943 : INFO : EventManager : Event: ======'service_enter_main_menu'====== Args={'priority': 0}
2026-02-13 11:42:09,944 : INFO : EventManager : Event: ======'service_mode_entered'====== Args={'priority': 0}
2026-02-13 11:42:09,944 : INFO : EventManager : Event: ======'mode_attract_will_stop'====== Args={}
2026-02-13 11:42:09,944 : INFO : EventManager : Event: ======'mode_attract_stopping'====== Args={}
2026-02-13 11:42:09,944 : INFO : EventManager : Event: ======'service_update_main_menu_text'====== Args={'priority': 0}
2026-02-13 11:42:09,944 : INFO : EventManager : Event: ======'service_main_menu_update'====== Args={'priority': 0}
2026-02-13 11:42:09,946 : INFO : EventManager : Event: ======'set_main_menu_switch_test'====== Args={'priority': 0}
2026-02-13 11:42:09,947 : INFO : coil.c_start_button_led : Disabling Driver
2026-02-13 11:42:09,948 : INFO : coil.c_start_button_led : Disabling Driver
2026-02-13 11:42:09,948 : INFO : Mode.attract : Stopped.
2026-02-13 11:42:09,948 : INFO : EventManager : Event: ======'modes_active_modes_changed'====== Args={}
2026-02-13 11:42:09,948 : INFO : EventManager : Event: ======'mode_attract_stopped'====== Args={}
2026-02-13 11:42:09,948 : INFO : EventManager : Event: ======'clear'====== Args={'key': 'attract'}
2026-02-13 11:42:09,949 : INFO : Timer.attract_carousel_timer : Stopping Timer
2026-02-13 11:42:09,949 : INFO : EventManager : Event: ======'timer_attract_carousel_timer_stopped'====== Args={'ticks': 0, 'ticks_remaining': 1}
2026-02-13 11:42:09,973 : INFO : EventManager : Event: ======'slide_service_menu_created'====== Args={'_from_bcp': True}
2026-02-13 11:42:09,974 : INFO : EventManager : Event: ======'slide_attract_inactive'====== Args={'is_removing': False, '_from_bcp': True}
2026-02-13 11:42:09,974 : INFO : EventManager : Event: ======'slide_service_menu_active'====== Args={'original_context': 'top_gun_service', 'original_calling_context': 'service_main_menu_update', 'priority': 900.0, 'cmd': 'slides_play', '_from_bcp': True}
2026-02-13 11:42:09,975 : INFO : EventManager : Event: ======'slide_attract_removed'====== Args={'_from_bcp': True}
2026-02-13 11:42:10,041 : INFO : SwitchController : <<<<<<< 's_coin_door_service_4' inactive >>>>>>>
2026-02-13 11:42:10,041 : INFO : EventManager : Event: ======'s_coin_door_service_4_inactive'====== Args={}
2026-02-13 11:42:11,283 : INFO : SwitchController : <<<<<<< 's_coin_door_service_3' active >>>>>>>
2026-02-13 11:42:11,283 : INFO : EventManager : Event: ======'s_coin_door_service_3_active'====== Args={}
2026-02-13 11:42:11,284 : INFO : EventManager : Event: ======'service_main_menu_prev'====== Args={'priority': 0}
2026-02-13 11:42:11,284 : INFO : EventManager : Event: ======'service_update_main_menu_text'====== Args={'priority': 0}
2026-02-13 11:42:11,284 : INFO : EventManager : Event: ======'machine_var_service_main_index'====== Args={'value': 7, 'prev_value': 0, 'change': 7}
2026-02-13 11:42:11,285 : INFO : EventManager : Event: ======'set_main_menu_exit'====== Args={'priority': 0}
2026-02-13 11:42:11,285 : INFO : EventManager : Event: ======'machine_var_service_main_text'====== Args={'value': 'EXIT', 'prev_value': 'SWITCH TEST', 'change': True}
2026-02-13 11:42:11,486 : INFO : SwitchController : <<<<<<< 's_coin_door_service_3' inactive >>>>>>>
2026-02-13 11:42:11,486 : INFO : EventManager : Event: ======'s_coin_door_service_3_inactive'====== Args={}
2026-02-13 11:42:11,954 : INFO : SwitchController : <<<<<<< 's_coin_door_service_2' active >>>>>>>
2026-02-13 11:42:11,954 : INFO : EventManager : Event: ======'s_coin_door_service_2_active'====== Args={}
2026-02-13 11:42:11,955 : INFO : EventManager : Event: ======'service_main_menu_next'====== Args={'priority': 0}
2026-02-13 11:42:11,955 : INFO : EventManager : Event: ======'service_update_main_menu_text'====== Args={'priority': 0}
2026-02-13 11:42:11,955 : INFO : EventManager : Event: ======'machine_var_service_main_index'====== Args={'value': 0, 'prev_value': 7, 'change': -7}
2026-02-13 11:42:11,955 : INFO : EventManager : Event: ======'set_main_menu_switch_test'====== Args={'priority': 0}
2026-02-13 11:42:11,955 : INFO : EventManager : Event: ======'machine_var_service_main_text'====== Args={'value': 'SWITCH TEST', 'prev_value': 'EXIT', 'change': True}
2026-02-13 11:42:12,079 : INFO : SwitchController : <<<<<<< 's_coin_door_service_2' inactive >>>>>>>
2026-02-13 11:42:12,079 : INFO : EventManager : Event: ======'s_coin_door_service_2_inactive'====== Args={}
2026-02-13 11:42:12,203 : INFO : SwitchController : <<<<<<< 's_coin_door_service_2' active >>>>>>>
2026-02-13 11:42:12,203 : INFO : EventManager : Event: ======'s_coin_door_service_2_active'====== Args={}
2026-02-13 11:42:12,203 : INFO : EventManager : Event: ======'service_main_menu_next'====== Args={'priority': 0}
2026-02-13 11:42:12,204 : INFO : EventManager : Event: ======'service_update_main_menu_text'====== Args={'priority': 0}
2026-02-13 11:42:12,204 : INFO : EventManager : Event: ======'machine_var_service_main_index'====== Args={'value': 1, 'prev_value': 0, 'change': 1}
2026-02-13 11:42:12,204 : INFO : EventManager : Event: ======'set_main_menu_coil_test'====== Args={'priority': 0}
2026-02-13 11:42:12,204 : INFO : EventManager : Event: ======'machine_var_service_main_text'====== Args={'value': 'COIL TEST', 'prev_value': 'SWITCH TEST', 'change': True}
2026-02-13 11:42:12,330 : INFO : SwitchController : <<<<<<< 's_coin_door_service_2' inactive >>>>>>>
2026-02-13 11:42:12,330 : INFO : EventManager : Event: ======'s_coin_door_service_2_inactive'====== Args={}
2026-02-13 11:42:12,765 : INFO : SwitchController : <<<<<<< 's_coin_door_service_2' active >>>>>>>
2026-02-13 11:42:12,765 : INFO : EventManager : Event: ======'s_coin_door_service_2_active'====== Args={}
2026-02-13 11:42:12,765 : INFO : EventManager : Event: ======'service_main_menu_next'====== Args={'priority': 0}
2026-02-13 11:42:12,766 : INFO : EventManager : Event: ======'service_update_main_menu_text'====== Args={'priority': 0}
2026-02-13 11:42:12,766 : INFO : EventManager : Event: ======'machine_var_service_main_index'====== Args={'value': 2, 'prev_value': 1, 'change': 1}
2026-02-13 11:42:12,766 : INFO : EventManager : Event: ======'set_main_menu_light_test'====== Args={'priority': 0}
2026-02-13 11:42:12,766 : INFO : EventManager : Event: ======'machine_var_service_main_text'====== Args={'value': 'LIGHT TEST', 'prev_value': 'COIL TEST', 'change': True}
2026-02-13 11:42:12,891 : INFO : SwitchController : <<<<<<< 's_coin_door_service_2' inactive >>>>>>>
2026-02-13 11:42:12,891 : INFO : EventManager : Event: ======'s_coin_door_service_2_inactive'====== Args={}
2026-02-13 11:42:13,562 : INFO : SwitchController : <<<<<<< 's_coin_door_service_2' active >>>>>>>
2026-02-13 11:42:13,562 : INFO : EventManager : Event: ======'s_coin_door_service_2_active'====== Args={}
2026-02-13 11:42:13,563 : INFO : EventManager : Event: ======'service_main_menu_next'====== Args={'priority': 0}
2026-02-13 11:42:13,563 : INFO : EventManager : Event: ======'service_update_main_menu_text'====== Args={'priority': 0}
2026-02-13 11:42:13,563 : INFO : EventManager : Event: ======'machine_var_service_main_index'====== Args={'value': 3, 'prev_value': 2, 'change': 1}
2026-02-13 11:42:13,563 : INFO : EventManager : Event: ======'set_main_menu_servo_adjust'====== Args={'priority': 0}
2026-02-13 11:42:13,564 : INFO : EventManager : Event: ======'machine_var_service_main_text'====== Args={'value': 'SERVO ADJUST', 'prev_value': 'LIGHT TEST', 'change': True}
2026-02-13 11:42:13,718 : INFO : SwitchController : <<<<<<< 's_coin_door_service_2' inactive >>>>>>>
2026-02-13 11:42:13,718 : INFO : EventManager : Event: ======'s_coin_door_service_2_inactive'====== Args={}
2026-02-13 11:42:15,761 : INFO : SwitchController : <<<<<<< 's_coin_door_service_4' active >>>>>>>
2026-02-13 11:42:15,761 : INFO : EventManager : Event: ======'s_coin_door_service_4_active'====== Args={}
2026-02-13 11:42:15,762 : INFO : EventManager : Event: ======'service_main_menu_select'====== Args={'priority': 0}
2026-02-13 11:42:15,762 : INFO : EventManager : Event: ======'service_enter_servo_adjust'====== Args={'priority': 0}
2026-02-13 11:42:15,762 : INFO : EventManager : Event: ======'service_update_servo_text'====== Args={'priority': 0}
2026-02-13 11:42:15,763 : INFO : EventManager : Event: ======'service_servo_adjust_update'====== Args={'priority': 0}
2026-02-13 11:42:15,763 : INFO : EventManager : Event: ======'machine_var_service_menu_level'====== Args={'value': 7, 'prev_value': 0, 'change': 7}
2026-02-13 11:42:15,763 : INFO : EventManager : Event: ======'machine_var_service_servo_edit_mode'====== Args={'value': 0, 'prev_value': None, 'change': True}
2026-02-13 11:42:15,763 : INFO : EventManager : Event: ======'set_servo_0'====== Args={'priority': 0}
2026-02-13 11:42:15,763 : INFO : EventManager : Event: ======'machine_var_service_servo_name'====== Args={'value': 'Right Ramp DOWN', 'prev_value': 'Right Ramp', 'change': True}
2026-02-13 11:42:15,763 : INFO : EventManager : Event: ======'machine_var_service_servo_position'====== Args={'value': 'Pos: 0.40 - START=Test', 'prev_value': 'Pos: 0.05', 'change': True}
2026-02-13 11:42:15,781 : INFO : EventManager : Event: ======'slide_service_servo_adjust_created'====== Args={'_from_bcp': True}
2026-02-13 11:42:15,782 : INFO : EventManager : Event: ======'slide_service_menu_inactive'====== Args={'is_removing': True, '_from_bcp': True}
2026-02-13 11:42:15,782 : INFO : EventManager : Event: ======'slide_service_servo_adjust_active'====== Args={'_from_bcp': True}
2026-02-13 11:42:15,782 : INFO : EventManager : Event: ======'slide_service_menu_removed'====== Args={'_from_bcp': True}
2026-02-13 11:42:15,934 : INFO : SwitchController : <<<<<<< 's_coin_door_service_4' inactive >>>>>>>
2026-02-13 11:42:15,934 : INFO : EventManager : Event: ======'s_coin_door_service_4_inactive'====== Args={}
2026-02-13 11:42:17,361 : INFO : SwitchController : <<<<<<< 's_coin_door_service_2' active >>>>>>>
2026-02-13 11:42:17,361 : INFO : EventManager : Event: ======'s_coin_door_service_2_active'====== Args={}
2026-02-13 11:42:17,361 : INFO : EventManager : Event: ======'service_servo_next'====== Args={'priority': 0}
2026-02-13 11:42:17,362 : INFO : EventManager : Event: ======'service_update_servo_text'====== Args={'priority': 0}
2026-02-13 11:42:17,362 : INFO : EventManager : Event: ======'machine_var_service_servo_index'====== Args={'value': 1, 'prev_value': 0, 'change': 1}
2026-02-13 11:42:17,362 : INFO : EventManager : Event: ======'set_servo_1'====== Args={'priority': 0}
2026-02-13 11:42:17,362 : INFO : EventManager : Event: ======'machine_var_service_servo_name'====== Args={'value': 'Right Ramp UP', 'prev_value': 'Right Ramp DOWN', 'change': True}
2026-02-13 11:42:17,363 : INFO : EventManager : Event: ======'machine_var_service_servo_num'====== Args={'value': 'Servo 2/6', 'prev_value': 'Servo 1/6', 'change': True}
2026-02-13 11:42:17,363 : INFO : EventManager : Event: ======'machine_var_service_servo_position'====== Args={'value': 'Pos: 0.60 - START=Test', 'prev_value': 'Pos: 0.40 - START=Test', 'change': True}
2026-02-13 11:42:17,534 : INFO : SwitchController : <<<<<<< 's_coin_door_service_2' inactive >>>>>>>
2026-02-13 11:42:17,534 : INFO : EventManager : Event: ======'s_coin_door_service_2_inactive'====== Args={}
2026-02-13 11:42:18,161 : INFO : SwitchController : <<<<<<< 's_start' active >>>>>>>
2026-02-13 11:42:18,161 : INFO : EventManager : Event: ======'s_start_active'====== Args={}
2026-02-13 11:42:18,163 : INFO : EventManager : Event: ======'service_servo_test_move'====== Args={'priority': 0}
2026-02-13 11:42:18,163 : INFO : EventManager : Event: ======'right_ramp_up'====== Args={'priority': 0}
2026-02-13 11:42:18,272 : INFO : SwitchController : <<<<<<< 's_start' inactive >>>>>>>
2026-02-13 11:42:18,272 : INFO : EventManager : Event: ======'s_start_inactive'====== Args={}
2026-02-13 11:42:23,144 : INFO : SwitchController : <<<<<<< 's_coin_door_service_3' active >>>>>>>
2026-02-13 11:42:23,144 : INFO : EventManager : Event: ======'s_coin_door_service_3_active'====== Args={}
2026-02-13 11:42:23,145 : INFO : EventManager : Event: ======'service_servo_prev'====== Args={'priority': 0}
2026-02-13 11:42:23,145 : INFO : EventManager : Event: ======'service_update_servo_text'====== Args={'priority': 0}
2026-02-13 11:42:23,145 : INFO : EventManager : Event: ======'machine_var_service_servo_index'====== Args={'value': 0, 'prev_value': 1, 'change': -1}
2026-02-13 11:42:23,145 : INFO : EventManager : Event: ======'set_servo_0'====== Args={'priority': 0}
2026-02-13 11:42:23,145 : INFO : EventManager : Event: ======'machine_var_service_servo_name'====== Args={'value': 'Right Ramp DOWN', 'prev_value': 'Right Ramp UP', 'change': True}
2026-02-13 11:42:23,145 : INFO : EventManager : Event: ======'machine_var_service_servo_num'====== Args={'value': 'Servo 1/6', 'prev_value': 'Servo 2/6', 'change': True}
2026-02-13 11:42:23,145 : INFO : EventManager : Event: ======'machine_var_service_servo_position'====== Args={'value': 'Pos: 0.40 - START=Test', 'prev_value': 'Pos: 0.60 - START=Test', 'change': True}
2026-02-13 11:42:23,318 : INFO : SwitchController : <<<<<<< 's_coin_door_service_3' inactive >>>>>>>
2026-02-13 11:42:23,318 : INFO : EventManager : Event: ======'s_coin_door_service_3_inactive'====== Args={}
2026-02-13 11:42:23,943 : INFO : SwitchController : <<<<<<< 's_start' active >>>>>>>
2026-02-13 11:42:23,943 : INFO : EventManager : Event: ======'s_start_active'====== Args={}
2026-02-13 11:42:23,944 : INFO : EventManager : Event: ======'service_servo_test_move'====== Args={'priority': 0}
2026-02-13 11:42:23,944 : INFO : EventManager : Event: ======'right_ramp_down'====== Args={'priority': 0}
2026-02-13 11:42:24,053 : INFO : SwitchController : <<<<<<< 's_start' inactive >>>>>>>
2026-02-13 11:42:24,053 : INFO : EventManager : Event: ======'s_start_inactive'====== Args={}
2026-02-13 11:42:25,484 : INFO : SwitchController : <<<<<<< 's_coin_door_service_2' active >>>>>>>
2026-02-13 11:42:25,484 : INFO : EventManager : Event: ======'s_coin_door_service_2_active'====== Args={}
2026-02-13 11:42:25,485 : INFO : EventManager : Event: ======'service_servo_next'====== Args={'priority': 0}
2026-02-13 11:42:25,485 : INFO : EventManager : Event: ======'service_update_servo_text'====== Args={'priority': 0}
2026-02-13 11:42:25,485 : INFO : EventManager : Event: ======'machine_var_service_servo_index'====== Args={'value': 1, 'prev_value': 0, 'change': 1}
2026-02-13 11:42:25,485 : INFO : EventManager : Event: ======'set_servo_1'====== Args={'priority': 0}
2026-02-13 11:42:25,485 : INFO : EventManager : Event: ======'machine_var_service_servo_name'====== Args={'value': 'Right Ramp UP', 'prev_value': 'Right Ramp DOWN', 'change': True}
2026-02-13 11:42:25,485 : INFO : EventManager : Event: ======'machine_var_service_servo_num'====== Args={'value': 'Servo 2/6', 'prev_value': 'Servo 1/6', 'change': True}
2026-02-13 11:42:25,485 : INFO : EventManager : Event: ======'machine_var_service_servo_position'====== Args={'value': 'Pos: 0.60 - START=Test', 'prev_value': 'Pos: 0.40 - START=Test', 'change': True}
2026-02-13 11:42:25,624 : INFO : SwitchController : <<<<<<< 's_coin_door_service_2' inactive >>>>>>>
2026-02-13 11:42:25,624 : INFO : EventManager : Event: ======'s_coin_door_service_2_inactive'====== Args={}
2026-02-13 11:42:25,983 : INFO : SwitchController : <<<<<<< 's_start' active >>>>>>>
2026-02-13 11:42:25,983 : INFO : EventManager : Event: ======'s_start_active'====== Args={}
2026-02-13 11:42:25,984 : INFO : EventManager : Event: ======'service_servo_test_move'====== Args={'priority': 0}
2026-02-13 11:42:25,984 : INFO : EventManager : Event: ======'right_ramp_up'====== Args={'priority': 0}
2026-02-13 11:42:26,093 : INFO : SwitchController : <<<<<<< 's_start' inactive >>>>>>>
2026-02-13 11:42:26,093 : INFO : EventManager : Event: ======'s_start_inactive'====== Args={}
2026-02-13 11:42:26,753 : INFO : SwitchController : <<<<<<< 's_coin_door_service_3' active >>>>>>>
2026-02-13 11:42:26,753 : INFO : EventManager : Event: ======'s_coin_door_service_3_active'====== Args={}
2026-02-13 11:42:26,754 : INFO : EventManager : Event: ======'service_servo_prev'====== Args={'priority': 0}
2026-02-13 11:42:26,754 : INFO : EventManager : Event: ======'service_update_servo_text'====== Args={'priority': 0}
2026-02-13 11:42:26,754 : INFO : EventManager : Event: ======'machine_var_service_servo_index'====== Args={'value': 0, 'prev_value': 1, 'change': -1}
2026-02-13 11:42:26,755 : INFO : EventManager : Event: ======'set_servo_0'====== Args={'priority': 0}
2026-02-13 11:42:26,755 : INFO : EventManager : Event: ======'machine_var_service_servo_name'====== Args={'value': 'Right Ramp DOWN', 'prev_value': 'Right Ramp UP', 'change': True}
2026-02-13 11:42:26,755 : INFO : EventManager : Event: ======'machine_var_service_servo_num'====== Args={'value': 'Servo 1/6', 'prev_value': 'Servo 2/6', 'change': True}
2026-02-13 11:42:26,755 : INFO : EventManager : Event: ======'machine_var_service_servo_position'====== Args={'value': 'Pos: 0.40 - START=Test', 'prev_value': 'Pos: 0.60 - START=Test', 'change': True}
2026-02-13 11:42:26,909 : INFO : SwitchController : <<<<<<< 's_coin_door_service_3' inactive >>>>>>>
2026-02-13 11:42:26,909 : INFO : EventManager : Event: ======'s_coin_door_service_3_inactive'====== Args={}
2026-02-13 11:42:27,328 : INFO : SwitchController : <<<<<<< 's_start' active >>>>>>>
2026-02-13 11:42:27,328 : INFO : EventManager : Event: ======'s_start_active'====== Args={}
2026-02-13 11:42:27,328 : INFO : EventManager : Event: ======'service_servo_test_move'====== Args={'priority': 0}
2026-02-13 11:42:27,328 : INFO : EventManager : Event: ======'right_ramp_down'====== Args={'priority': 0}
2026-02-13 11:42:27,468 : INFO : SwitchController : <<<<<<< 's_start' inactive >>>>>>>
2026-02-13 11:42:27,468 : INFO : EventManager : Event: ======'s_start_inactive'====== Args={}
2026-02-13 11:42:28,393 : INFO : SwitchController : <<<<<<< 's_coin_door_service_2' active >>>>>>>
2026-02-13 11:42:28,393 : INFO : EventManager : Event: ======'s_coin_door_service_2_active'====== Args={}
2026-02-13 11:42:28,394 : INFO : EventManager : Event: ======'service_servo_next'====== Args={'priority': 0}
2026-02-13 11:42:28,394 : INFO : EventManager : Event: ======'service_update_servo_text'====== Args={'priority': 0}
2026-02-13 11:42:28,394 : INFO : EventManager : Event: ======'machine_var_service_servo_index'====== Args={'value': 1, 'prev_value': 0, 'change': 1}
2026-02-13 11:42:28,394 : INFO : EventManager : Event: ======'set_servo_1'====== Args={'priority': 0}
2026-02-13 11:42:28,394 : INFO : EventManager : Event: ======'machine_var_service_servo_name'====== Args={'value': 'Right Ramp UP', 'prev_value': 'Right Ramp DOWN', 'change': True}
2026-02-13 11:42:28,394 : INFO : EventManager : Event: ======'machine_var_service_servo_num'====== Args={'value': 'Servo 2/6', 'prev_value': 'Servo 1/6', 'change': True}
2026-02-13 11:42:28,394 : INFO : EventManager : Event: ======'machine_var_service_servo_position'====== Args={'value': 'Pos: 0.60 - START=Test', 'prev_value': 'Pos: 0.40 - START=Test', 'change': True}
2026-02-13 11:42:28,565 : INFO : SwitchController : <<<<<<< 's_coin_door_service_2' inactive >>>>>>>
2026-02-13 11:42:28,565 : INFO : EventManager : Event: ======'s_coin_door_service_2_inactive'====== Args={}
2026-02-13 11:42:28,875 : INFO : SwitchController : <<<<<<< 's_start' active >>>>>>>
2026-02-13 11:42:28,875 : INFO : EventManager : Event: ======'s_start_active'====== Args={}
2026-02-13 11:42:28,876 : INFO : EventManager : Event: ======'service_servo_test_move'====== Args={'priority': 0}
2026-02-13 11:42:28,876 : INFO : EventManager : Event: ======'right_ramp_up'====== Args={'priority': 0}
2026-02-13 11:42:28,938 : INFO : SwitchController : <<<<<<< 's_start' inactive >>>>>>>
2026-02-13 11:42:28,938 : INFO : EventManager : Event: ======'s_start_inactive'====== Args={}
2026-02-13 11:42:29,673 : INFO : SwitchController : <<<<<<< 's_coin_door_service_3' active >>>>>>>
2026-02-13 11:42:29,673 : INFO : EventManager : Event: ======'s_coin_door_service_3_active'====== Args={}
2026-02-13 11:42:29,674 : INFO : EventManager : Event: ======'service_servo_prev'====== Args={'priority': 0}
2026-02-13 11:42:29,674 : INFO : EventManager : Event: ======'service_update_servo_text'====== Args={'priority': 0}
2026-02-13 11:42:29,674 : INFO : EventManager : Event: ======'machine_var_service_servo_index'====== Args={'value': 0, 'prev_value': 1, 'change': -1}
2026-02-13 11:42:29,674 : INFO : EventManager : Event: ======'set_servo_0'====== Args={'priority': 0}
2026-02-13 11:42:29,674 : INFO : EventManager : Event: ======'machine_var_service_servo_name'====== Args={'value': 'Right Ramp DOWN', 'prev_value': 'Right Ramp UP', 'change': True}
2026-02-13 11:42:29,674 : INFO : EventManager : Event: ======'machine_var_service_servo_num'====== Args={'value': 'Servo 1/6', 'prev_value': 'Servo 2/6', 'change': True}
2026-02-13 11:42:29,674 : INFO : EventManager : Event: ======'machine_var_service_servo_position'====== Args={'value': 'Pos: 0.40 - START=Test', 'prev_value': 'Pos: 0.60 - START=Test', 'change': True}
2026-02-13 11:42:29,830 : INFO : SwitchController : <<<<<<< 's_coin_door_service_3' inactive >>>>>>>
2026-02-13 11:42:29,830 : INFO : EventManager : Event: ======'s_coin_door_service_3_inactive'====== Args={}
2026-02-13 11:42:30,019 : INFO : SwitchController : <<<<<<< 's_start' active >>>>>>>
2026-02-13 11:42:30,019 : INFO : EventManager : Event: ======'s_start_active'====== Args={}
2026-02-13 11:42:30,019 : INFO : EventManager : Event: ======'service_servo_test_move'====== Args={'priority': 0}
2026-02-13 11:42:30,020 : INFO : EventManager : Event: ======'right_ramp_down'====== Args={'priority': 0}
2026-02-13 11:42:30,175 : INFO : SwitchController : <<<<<<< 's_start' inactive >>>>>>>
2026-02-13 11:42:30,175 : INFO : EventManager : Event: ======'s_start_inactive'====== Args={}
2026-02-13 11:42:33,411 : INFO : SwitchController : <<<<<<< 's_coin_door_service_2' active >>>>>>>
2026-02-13 11:42:33,411 : INFO : EventManager : Event: ======'s_coin_door_service_2_active'====== Args={}
2026-02-13 11:42:33,412 : INFO : EventManager : Event: ======'service_servo_next'====== Args={'priority': 0}
2026-02-13 11:42:33,412 : INFO : EventManager : Event: ======'service_update_servo_text'====== Args={'priority': 0}
2026-02-13 11:42:33,412 : INFO : EventManager : Event: ======'machine_var_service_servo_index'====== Args={'value': 1, 'prev_value': 0, 'change': 1}
2026-02-13 11:42:33,413 : INFO : EventManager : Event: ======'set_servo_1'====== Args={'priority': 0}
2026-02-13 11:42:33,413 : INFO : EventManager : Event: ======'machine_var_service_servo_name'====== Args={'value': 'Right Ramp UP', 'prev_value': 'Right Ramp DOWN', 'change': True}
2026-02-13 11:42:33,413 : INFO : EventManager : Event: ======'machine_var_service_servo_num'====== Args={'value': 'Servo 2/6', 'prev_value': 'Servo 1/6', 'change': True}
2026-02-13 11:42:33,413 : INFO : EventManager : Event: ======'machine_var_service_servo_position'====== Args={'value': 'Pos: 0.60 - START=Test', 'prev_value': 'Pos: 0.40 - START=Test', 'change': True}
2026-02-13 11:42:33,581 : INFO : SwitchController : <<<<<<< 's_coin_door_service_2' inactive >>>>>>>
2026-02-13 11:42:33,581 : INFO : EventManager : Event: ======'s_coin_door_service_2_inactive'====== Args={}
2026-02-13 11:42:35,766 : INFO : SwitchController : <<<<<<< 's_start' active >>>>>>>
2026-02-13 11:42:35,766 : INFO : EventManager : Event: ======'s_start_active'====== Args={}
2026-02-13 11:42:35,767 : INFO : EventManager : Event: ======'service_servo_test_move'====== Args={'priority': 0}
2026-02-13 11:42:35,767 : INFO : EventManager : Event: ======'right_ramp_up'====== Args={'priority': 0}
2026-02-13 11:42:35,876 : INFO : SwitchController : <<<<<<< 's_start' inactive >>>>>>>
2026-02-13 11:42:35,876 : INFO : EventManager : Event: ======'s_start_inactive'====== Args={}
2026-02-13 11:42:37,326 : INFO : SwitchController : <<<<<<< 's_coin_door_service_3' active >>>>>>>
2026-02-13 11:42:37,326 : INFO : EventManager : Event: ======'s_coin_door_service_3_active'====== Args={}
2026-02-13 11:42:37,326 : INFO : EventManager : Event: ======'service_servo_prev'====== Args={'priority': 0}
2026-02-13 11:42:37,327 : INFO : EventManager : Event: ======'service_update_servo_text'====== Args={'priority': 0}
2026-02-13 11:42:37,327 : INFO : EventManager : Event: ======'machine_var_service_servo_index'====== Args={'value': 0, 'prev_value': 1, 'change': -1}
2026-02-13 11:42:37,327 : INFO : EventManager : Event: ======'set_servo_0'====== Args={'priority': 0}
2026-02-13 11:42:37,327 : INFO : EventManager : Event: ======'machine_var_service_servo_name'====== Args={'value': 'Right Ramp DOWN', 'prev_value': 'Right Ramp UP', 'change': True}
2026-02-13 11:42:37,327 : INFO : EventManager : Event: ======'machine_var_service_servo_num'====== Args={'value': 'Servo 1/6', 'prev_value': 'Servo 2/6', 'change': True}
2026-02-13 11:42:37,327 : INFO : EventManager : Event: ======'machine_var_service_servo_position'====== Args={'value': 'Pos: 0.40 - START=Test', 'prev_value': 'Pos: 0.60 - START=Test', 'change': True}
2026-02-13 11:42:37,531 : INFO : SwitchController : <<<<<<< 's_coin_door_service_3' inactive >>>>>>>
2026-02-13 11:42:37,531 : INFO : EventManager : Event: ======'s_coin_door_service_3_inactive'====== Args={}
2026-02-13 11:42:37,749 : INFO : SwitchController : <<<<<<< 's_start' active >>>>>>>
2026-02-13 11:42:37,749 : INFO : EventManager : Event: ======'s_start_active'====== Args={}
2026-02-13 11:42:37,750 : INFO : EventManager : Event: ======'service_servo_test_move'====== Args={'priority': 0}
2026-02-13 11:42:37,750 : INFO : EventManager : Event: ======'right_ramp_down'====== Args={'priority': 0}
2026-02-13 11:42:37,875 : INFO : SwitchController : <<<<<<< 's_start' inactive >>>>>>>
2026-02-13 11:42:37,875 : INFO : EventManager : Event: ======'s_start_inactive'====== Args={}
2026-02-13 11:42:38,094 : INFO : SwitchController : <<<<<<< 's_coin_door_service_2' active >>>>>>>
2026-02-13 11:42:38,094 : INFO : EventManager : Event: ======'s_coin_door_service_2_active'====== Args={}
2026-02-13 11:42:38,095 : INFO : EventManager : Event: ======'service_servo_next'====== Args={'priority': 0}
2026-02-13 11:42:38,095 : INFO : EventManager : Event: ======'service_update_servo_text'====== Args={'priority': 0}
2026-02-13 11:42:38,095 : INFO : EventManager : Event: ======'machine_var_service_servo_index'====== Args={'value': 1, 'prev_value': 0, 'change': 1}
2026-02-13 11:42:38,095 : INFO : EventManager : Event: ======'set_servo_1'====== Args={'priority': 0}
2026-02-13 11:42:38,095 : INFO : EventManager : Event: ======'machine_var_service_servo_name'====== Args={'value': 'Right Ramp UP', 'prev_value': 'Right Ramp DOWN', 'change': True}
2026-02-13 11:42:38,096 : INFO : EventManager : Event: ======'machine_var_service_servo_num'====== Args={'value': 'Servo 2/6', 'prev_value': 'Servo 1/6', 'change': True}
2026-02-13 11:42:38,096 : INFO : EventManager : Event: ======'machine_var_service_servo_position'====== Args={'value': 'Pos: 0.60 - START=Test', 'prev_value': 'Pos: 0.40 - START=Test', 'change': True}
2026-02-13 11:42:38,203 : INFO : SwitchController : <<<<<<< 's_coin_door_service_2' inactive >>>>>>>
2026-02-13 11:42:38,203 : INFO : EventManager : Event: ======'s_coin_door_service_2_inactive'====== Args={}
2026-02-13 11:42:38,375 : INFO : SwitchController : <<<<<<< 's_coin_door_service_2' active >>>>>>>
2026-02-13 11:42:38,375 : INFO : EventManager : Event: ======'s_coin_door_service_2_active'====== Args={}
2026-02-13 11:42:38,376 : INFO : EventManager : Event: ======'service_servo_next'====== Args={'priority': 0}
2026-02-13 11:42:38,376 : INFO : EventManager : Event: ======'service_update_servo_text'====== Args={'priority': 0}
2026-02-13 11:42:38,376 : INFO : EventManager : Event: ======'machine_var_service_servo_index'====== Args={'value': 2, 'prev_value': 1, 'change': 1}
2026-02-13 11:42:38,376 : INFO : EventManager : Event: ======'set_servo_2'====== Args={'priority': 0}
2026-02-13 11:42:38,376 : INFO : EventManager : Event: ======'machine_var_service_servo_name'====== Args={'value': 'Top Ramp DOWN', 'prev_value': 'Right Ramp UP', 'change': True}
2026-02-13 11:42:38,377 : INFO : EventManager : Event: ======'machine_var_service_servo_num'====== Args={'value': 'Servo 3/6', 'prev_value': 'Servo 2/6', 'change': True}
2026-02-13 11:42:38,377 : INFO : EventManager : Event: ======'machine_var_service_servo_position'====== Args={'value': 'Pos: 0.59 - START=Test', 'prev_value': 'Pos: 0.60 - START=Test', 'change': True}
2026-02-13 11:42:38,484 : INFO : SwitchController : <<<<<<< 's_coin_door_service_2' inactive >>>>>>>
2026-02-13 11:42:38,484 : INFO : EventManager : Event: ======'s_coin_door_service_2_inactive'====== Args={}
2026-02-13 11:42:39,066 : INFO : SwitchController : <<<<<<< 's_coin_door_service_2' active >>>>>>>
2026-02-13 11:42:39,066 : INFO : EventManager : Event: ======'s_coin_door_service_2_active'====== Args={}
2026-02-13 11:42:39,067 : INFO : EventManager : Event: ======'service_servo_next'====== Args={'priority': 0}
2026-02-13 11:42:39,068 : INFO : EventManager : Event: ======'service_update_servo_text'====== Args={'priority': 0}
2026-02-13 11:42:39,068 : INFO : EventManager : Event: ======'machine_var_service_servo_index'====== Args={'value': 3, 'prev_value': 2, 'change': 1}
2026-02-13 11:42:39,068 : INFO : EventManager : Event: ======'set_servo_3'====== Args={'priority': 0}
2026-02-13 11:42:39,068 : INFO : EventManager : Event: ======'machine_var_service_servo_name'====== Args={'value': 'Top Ramp UP', 'prev_value': 'Top Ramp DOWN', 'change': True}
2026-02-13 11:42:39,068 : INFO : EventManager : Event: ======'machine_var_service_servo_num'====== Args={'value': 'Servo 4/6', 'prev_value': 'Servo 3/6', 'change': True}
2026-02-13 11:42:39,068 : INFO : EventManager : Event: ======'machine_var_service_servo_position'====== Args={'value': 'Pos: 0.50 - START=Test', 'prev_value': 'Pos: 0.59 - START=Test', 'change': True}
2026-02-13 11:42:39,208 : INFO : SwitchController : <<<<<<< 's_coin_door_service_2' inactive >>>>>>>
2026-02-13 11:42:39,208 : INFO : EventManager : Event: ======'s_coin_door_service_2_inactive'====== Args={}
2026-02-13 11:42:40,421 : INFO : SwitchController : <<<<<<< 's_start' active >>>>>>>
2026-02-13 11:42:40,421 : INFO : EventManager : Event: ======'s_start_active'====== Args={}
2026-02-13 11:42:40,422 : INFO : EventManager : Event: ======'service_servo_test_move'====== Args={'priority': 0}
2026-02-13 11:42:40,422 : INFO : EventManager : Event: ======'top_ramp_up'====== Args={'priority': 0}
2026-02-13 11:42:40,563 : INFO : SwitchController : <<<<<<< 's_start' inactive >>>>>>>
2026-02-13 11:42:40,563 : INFO : EventManager : Event: ======'s_start_inactive'====== Args={}
2026-02-13 11:42:43,188 : INFO : SwitchController : <<<<<<< 's_coin_door_service_3' active >>>>>>>
2026-02-13 11:42:43,188 : INFO : EventManager : Event: ======'s_coin_door_service_3_active'====== Args={}
2026-02-13 11:42:43,189 : INFO : EventManager : Event: ======'service_servo_prev'====== Args={'priority': 0}
2026-02-13 11:42:43,189 : INFO : EventManager : Event: ======'service_update_servo_text'====== Args={'priority': 0}
2026-02-13 11:42:43,189 : INFO : EventManager : Event: ======'machine_var_service_servo_index'====== Args={'value': 2, 'prev_value': 3, 'change': -1}
2026-02-13 11:42:43,189 : INFO : EventManager : Event: ======'set_servo_2'====== Args={'priority': 0}
2026-02-13 11:42:43,191 : INFO : EventManager : Event: ======'machine_var_service_servo_name'====== Args={'value': 'Top Ramp DOWN', 'prev_value': 'Top Ramp UP', 'change': True}
2026-02-13 11:42:43,191 : INFO : EventManager : Event: ======'machine_var_service_servo_num'====== Args={'value': 'Servo 3/6', 'prev_value': 'Servo 4/6', 'change': True}
2026-02-13 11:42:43,191 : INFO : EventManager : Event: ======'machine_var_service_servo_position'====== Args={'value': 'Pos: 0.59 - START=Test', 'prev_value': 'Pos: 0.50 - START=Test', 'change': True}
2026-02-13 11:42:43,376 : INFO : SwitchController : <<<<<<< 's_coin_door_service_3' inactive >>>>>>>
2026-02-13 11:42:43,376 : INFO : EventManager : Event: ======'s_coin_door_service_3_inactive'====== Args={}
2026-02-13 11:42:44,269 : INFO : SwitchController : <<<<<<< 's_start' active >>>>>>>
2026-02-13 11:42:44,269 : INFO : EventManager : Event: ======'s_start_active'====== Args={}
2026-02-13 11:42:44,269 : INFO : EventManager : Event: ======'service_servo_test_move'====== Args={'priority': 0}
2026-02-13 11:42:44,270 : INFO : EventManager : Event: ======'top_ramp_down'====== Args={'priority': 0}
2026-02-13 11:42:44,409 : INFO : SwitchController : <<<<<<< 's_start' inactive >>>>>>>
2026-02-13 11:42:44,409 : INFO : EventManager : Event: ======'s_start_inactive'====== Args={}
2026-02-13 11:42:51,226 : INFO : SwitchController : <<<<<<< 's_coin_door_service_1' active >>>>>>>
2026-02-13 11:42:51,226 : INFO : EventManager : Event: ======'s_coin_door_service_1_active'====== Args={}
2026-02-13 11:42:51,226 : INFO : EventManager : Event: ======'service_enter_main_menu'====== Args={'priority': 0}
2026-02-13 11:42:51,228 : INFO : EventManager : Event: ======'service_update_main_menu_text'====== Args={'priority': 0}
2026-02-13 11:42:51,228 : INFO : EventManager : Event: ======'service_main_menu_update'====== Args={'priority': 0}
2026-02-13 11:42:51,228 : INFO : EventManager : Event: ======'machine_var_service_menu_level'====== Args={'value': 0, 'prev_value': 7, 'change': -7}
2026-02-13 11:42:51,228 : INFO : EventManager : Event: ======'set_main_menu_servo_adjust'====== Args={'priority': 0}
2026-02-13 11:42:51,248 : INFO : EventManager : Event: ======'slide_service_menu_created'====== Args={'_from_bcp': True}
2026-02-13 11:42:51,249 : INFO : EventManager : Event: ======'slide_service_servo_adjust_inactive'====== Args={'is_removing': True, '_from_bcp': True}
2026-02-13 11:42:51,249 : INFO : EventManager : Event: ======'slide_service_menu_active'====== Args={'_from_bcp': True}
2026-02-13 11:42:51,249 : INFO : EventManager : Event: ======'slide_service_servo_adjust_removed'====== Args={'_from_bcp': True}
2026-02-13 11:42:51,415 : INFO : SwitchController : <<<<<<< 's_coin_door_service_1' inactive >>>>>>>
2026-02-13 11:42:51,415 : INFO : EventManager : Event: ======'s_coin_door_service_1_inactive'====== Args={}
2026-02-13 11:42:51,648 : INFO : SwitchController : <<<<<<< 's_coin_door_service_1' active >>>>>>>
2026-02-13 11:42:51,648 : INFO : EventManager : Event: ======'s_coin_door_service_1_active'====== Args={}
2026-02-13 11:42:51,649 : INFO : EventManager : Event: ======'service_mode_exit'====== Args={'priority': 0}
2026-02-13 11:42:51,649 : INFO : EventManager : Event: ======'mode_top_gun_service_will_stop'====== Args={}
2026-02-13 11:42:51,649 : INFO : EventManager : Event: ======'mode_top_gun_service_stopping'====== Args={}
2026-02-13 11:42:51,651 : INFO : Mode.top_gun_service : Stopped.
2026-02-13 11:42:51,651 : INFO : EventManager : Event: ======'modes_active_modes_changed'====== Args={}
2026-02-13 11:42:51,658 : INFO : EventManager : Event: ======'mode_top_gun_service_stopped'====== Args={}
2026-02-13 11:42:51,658 : INFO : EventManager : Event: ======'clear'====== Args={'key': 'top_gun_service'}
2026-02-13 11:42:51,658 : INFO : EventManager : Event: ======'mode_attract_will_start'====== Args={}
2026-02-13 11:42:51,658 : INFO : Timer.attract_carousel_timer : Starting Timer.
2026-02-13 11:42:51,658 : INFO : EventManager : Event: ======'timer_attract_carousel_timer_started'====== Args={'ticks': 0, 'ticks_remaining': 1}
2026-02-13 11:42:51,658 : INFO : EventManager : Event: ======'timer_attract_carousel_timer_tick'====== Args={'ticks': 0, 'ticks_remaining': 1}
2026-02-13 11:42:51,659 : INFO : EventManager : Event: ======'mode_attract_starting'====== Args={}
2026-02-13 11:42:51,659 : INFO : Mode.attract : Started. Priority: 10
2026-02-13 11:42:51,659 : INFO : EventManager : Event: ======'modes_active_modes_changed'====== Args={}
2026-02-13 11:42:51,659 : INFO : EventManager : Event: ======'mode_attract_started'====== Args={}
2026-02-13 11:42:51,659 : INFO : EventManager : Event: ======'attract_cycle_step1'====== Args={'priority': 0}
2026-02-13 11:42:51,659 : INFO : EventManager : Event: ======'right_ramp_down'====== Args={'priority': 0}
2026-02-13 11:42:51,659 : INFO : EventManager : Event: ======'top_ramp_down'====== Args={'priority': 0}
2026-02-13 11:42:51,659 : INFO : EventManager : Event: ======'lock_released'====== Args={'priority': 0}
2026-02-13 11:42:51,659 : INFO : coil.c_start_button_led : Enabling Driver with power 1.0 (pulse_ms 10ms and pulse_power 1.0)
2026-02-13 11:42:51,660 : INFO : EventManager : Event: ======'collecting_balls_complete'====== Args={}
2026-02-13 11:42:51,660 : INFO : EventManager : Event: ======'carousel_item_highlighted'====== Args={'carousel': 'attract', 'direction': None, 'item': 'title'}
2026-02-13 11:42:51,661 : INFO : EventManager : Event: ======'timer_attract_carousel_timer_tick'====== Args={'ticks': 0, 'ticks_remaining': 1}
2026-02-13 11:42:51,676 : INFO : EventManager : Event: ======'slide_attract_created'====== Args={'_from_bcp': True}
2026-02-13 11:42:51,676 : INFO : EventManager : Event: ======'slide_service_menu_inactive'====== Args={'is_removing': True, '_from_bcp': True}
2026-02-13 11:42:51,677 : INFO : EventManager : Event: ======'slide_attract_active'====== Args={'original_context': 'attract', 'original_calling_context': 'mode_attract_started', 'priority': 10.0, 'cmd': 'slides_play', '_from_bcp': True}
2026-02-13 11:42:51,677 : INFO : EventManager : Event: ======'slide_service_menu_removed'====== Args={'_from_bcp': True}
2026-02-13 11:42:51,806 : INFO : SwitchController : <<<<<<< 's_coin_door_service_1' inactive >>>>>>>
2026-02-13 11:42:52,667 : INFO : coil.c_start_button_led : Disabling Driver
2026-02-13 11:42:53,661 : INFO : coil.c_start_button_led : Enabling Driver with power 1.0 (pulse_ms 10ms and pulse_power 1.0)
2026-02-13 11:42:54,660 : INFO : coil.c_start_button_led : Disabling Driver
2026-02-13 11:42:55,660 : INFO : coil.c_start_button_led : Enabling Driver with power 1.0 (pulse_ms 10ms and pulse_power 1.0)
2026-02-13 11:42:56,668 : INFO : coil.c_start_button_led : Disabling Driver
2026-02-13 11:42:57,668 : INFO : coil.c_start_button_led : Enabling Driver with power 1.0 (pulse_ms 10ms and pulse_power 1.0)
2026-02-13 11:42:58,664 : INFO : Timer.attract_carousel_timer : Timer Complete
2026-02-13 11:42:58,664 : INFO : Timer.attract_carousel_timer : Stopping Timer
2026-02-13 11:42:58,664 : INFO : EventManager : Event: ======'timer_attract_carousel_timer_stopped'====== Args={'ticks': 1, 'ticks_remaining': 1}
2026-02-13 11:42:58,665 : INFO : EventManager : Event: ======'timer_attract_carousel_timer_complete'====== Args={'ticks': 1, 'ticks_remaining': 1}
2026-02-13 11:42:58,665 : INFO : coil.c_start_button_led : Disabling Driver
2026-02-13 11:42:58,665 : INFO : EventManager : Event: ======'carousel_item_highlighted'====== Args={'carousel': 'attract', 'direction': 'forwards', 'item': 'presented_by'}
2026-02-13 11:42:58,665 : INFO : Timer.attract_carousel_timer : Starting Timer.
2026-02-13 11:42:58,665 : INFO : EventManager : Event: ======'timer_attract_carousel_timer_started'====== Args={'ticks': 0, 'ticks_remaining': 1}
2026-02-13 11:42:58,665 : INFO : EventManager : Event: ======'timer_attract_carousel_timer_tick'====== Args={'ticks': 0, 'ticks_remaining': 1}
2026-02-13 11:42:59,662 : INFO : coil.c_start_button_led : Enabling Driver with power 1.0 (pulse_ms 10ms and pulse_power 1.0)
2026-02-13 11:43:00,660 : INFO : coil.c_start_button_led : Disabling Driver
2026-02-13 11:43:01,662 : INFO : coil.c_start_button_led : Enabling Driver with power 1.0 (pulse_ms 10ms and pulse_power 1.0)
2026-02-13 11:43:02,663 : INFO : coil.c_start_button_led : Disabling Driver
2026-02-13 11:43:03,664 : INFO : coil.c_start_button_led : Enabling Driver with power 1.0 (pulse_ms 10ms and pulse_power 1.0)
2026-02-13 11:43:03,852 : INFO : EventManager : Event: ======'attract_cycle_step2'====== Args={}
2026-02-13 11:43:04,663 : INFO : coil.c_start_button_led : Disabling Driver
2026-02-13 11:43:05,663 : INFO : coil.c_start_button_led : Enabling Driver with power 1.0 (pulse_ms 10ms and pulse_power 1.0)
2026-02-13 11:43:05,663 : INFO : Timer.attract_carousel_timer : Timer Complete
2026-02-13 11:43:05,663 : INFO : Timer.attract_carousel_timer : Stopping Timer
2026-02-13 11:43:05,663 : INFO : EventManager : Event: ======'timer_attract_carousel_timer_stopped'====== Args={'ticks': 1, 'ticks_remaining': 1}
2026-02-13 11:43:05,663 : INFO : EventManager : Event: ======'timer_attract_carousel_timer_complete'====== Args={'ticks': 1, 'ticks_remaining': 1}
2026-02-13 11:43:05,664 : INFO : EventManager : Event: ======'carousel_item_highlighted'====== Args={'carousel': 'attract', 'direction': 'forwards', 'item': 'hotrod_pinball_logo'}
2026-02-13 11:43:05,665 : INFO : Timer.attract_carousel_timer : Starting Timer.
2026-02-13 11:43:05,665 : INFO : EventManager : Event: ======'timer_attract_carousel_timer_started'====== Args={'ticks': 0, 'ticks_remaining': 1}
2026-02-13 11:43:05,665 : INFO : EventManager : Event: ======'timer_attract_carousel_timer_tick'====== Args={'ticks': 0, 'ticks_remaining': 1}
2026-02-13 11:43:06,550 : INFO : Machine : Shutting down...
2026-02-13 11:43:06,550 : INFO : EventManager : Event: ======'shutdown'====== Args={}
2026-02-13 11:43:06,651 : INFO : root : MPF run loop ended.
