2026-01-28 14:57:13,914 : INFO : root : Loading config.
2026-01-28 14:57:13,919 : INFO : YamlMultifileConfigLoader : Machine config file #1: config.yaml
2026-01-28 14:57:13,920 : INFO : ConfigProcessor : Loading config from cache: C:\Users\White\AppData\Local\Temp\4d2409115979d2066280cf8a522910f3.mpf_cache
2026-01-28 14:57:13,921 : WARNING : ConfigProcessor : Config file in cache changed: C:\Users\White\documents\Top_Gun_Pinball\config\config_servos.yaml
2026-01-28 14:57:13,921 : INFO : ConfigProcessor : Loading config from file C:\Users\White\mpf\Lib\site-packages\mpf\mpfconfig.yaml.
2026-01-28 14:57:13,934 : INFO : ConfigProcessor : Loading config: C:\Users\White\mpf\Lib\site-packages\mpf\mpfconfig.yaml
2026-01-28 14:57:13,935 : INFO : ConfigProcessor : Loading config from file C:\Users\White\documents\Top_Gun_Pinball\config\config.yaml.
2026-01-28 14:57:13,942 : INFO : ConfigProcessor : Loading config: C:\Users\White\documents\Top_Gun_Pinball\config\config.yaml
2026-01-28 14:57:13,944 : INFO : ConfigProcessor : Loading config: C:\Users\White\documents\Top_Gun_Pinball\config\config_autofire_coils.yaml
2026-01-28 14:57:13,945 : INFO : ConfigProcessor : Loading config: C:\Users\White\documents\Top_Gun_Pinball\config\config_ball_devices.yaml
2026-01-28 14:57:13,947 : INFO : ConfigProcessor : Loading config: C:\Users\White\documents\Top_Gun_Pinball\config\config_ball_saves.yaml
2026-01-28 14:57:13,956 : INFO : ConfigProcessor : Loading config: C:\Users\White\documents\Top_Gun_Pinball\config\config_coils.yaml
2026-01-28 14:57:13,959 : INFO : ConfigProcessor : Loading config: C:\Users\White\documents\Top_Gun_Pinball\config\config_flippers.yaml
2026-01-28 14:57:13,962 : INFO : ConfigProcessor : Loading config: C:\Users\White\documents\Top_Gun_Pinball\config\config_hardware_fast.yaml
2026-01-28 14:57:13,974 : INFO : ConfigProcessor : Loading config: C:\Users\White\documents\Top_Gun_Pinball\config\config_lights.yaml
2026-01-28 14:57:13,982 : INFO : ConfigProcessor : Loading config: C:\Users\White\documents\Top_Gun_Pinball\config\config_switches.yaml
2026-01-28 14:57:13,998 : INFO : ConfigProcessor : Loading config: C:\Users\White\documents\Top_Gun_Pinball\config\config_servos.yaml
2026-01-28 14:57:14,001 : INFO : ConfigProcessor : Loading config: C:\Users\White\documents\Top_Gun_Pinball\config\variable_player.yaml
2026-01-28 14:57:14,004 : INFO : ConfigProcessor : Loading config: C:\Users\White\documents\Top_Gun_Pinball\config\config_videos.yaml
2026-01-28 14:57:14,010 : INFO : ConfigProcessor : Config file cache created: C:\Users\White\AppData\Local\Temp\4d2409115979d2066280cf8a522910f3.mpf_cache
2026-01-28 14:57:14,131 : INFO : ConfigProcessor : Loading config from cache: C:\Users\White\AppData\Local\Temp\e29f700f4dd412c341ced84fe54a834e.mpf_cache
2026-01-28 14:57:14,132 : INFO : ConfigProcessor : Loading config from cache: C:\Users\White\AppData\Local\Temp\91cc4d1c993c58dc354e34974b9cfeac.mpf_cache
2026-01-28 14:57:14,132 : INFO : ConfigProcessor : Loading config from cache: C:\Users\White\AppData\Local\Temp\153a6f35d2fbc89e8611fc222f5041e6.mpf_cache
2026-01-28 14:57:14,133 : INFO : ConfigProcessor : Loading config from cache: C:\Users\White\AppData\Local\Temp\e29f700f4dd412c341ced84fe54a834e.mpf_cache
2026-01-28 14:57:14,134 : INFO : ConfigProcessor : Loading config from cache: C:\Users\White\AppData\Local\Temp\b0feace6a9c6b6c25c02c30a577d1194.mpf_cache
2026-01-28 14:57:14,134 : INFO : ConfigProcessor : Loading config from cache: C:\Users\White\AppData\Local\Temp\3424101e418333c494b4f7abb38a6bbc.mpf_cache
2026-01-28 14:57:14,135 : INFO : ConfigProcessor : Loading config from cache: C:\Users\White\AppData\Local\Temp\2baac919e756d495657c096c87a61da2.mpf_cache
2026-01-28 14:57:14,136 : INFO : ConfigProcessor : Loading config from cache: C:\Users\White\AppData\Local\Temp\515c33aaf7882d3e576ea3c42b7bfe2a.mpf_cache
2026-01-28 14:57:14,138 : INFO : ConfigProcessor : Loading config from cache: C:\Users\White\AppData\Local\Temp\928267ba5ce09cfb7bef110abe29482e.mpf_cache
2026-01-28 14:57:14,139 : INFO : ConfigProcessor : Loading config from cache: C:\Users\White\AppData\Local\Temp\b2096f7ffb8bb2d604dd11c84ba2f3a4.mpf_cache
2026-01-28 14:57:14,140 : INFO : ConfigProcessor : Loading config from cache: C:\Users\White\AppData\Local\Temp\143f2aa6ea6c447c37835b1fcf1e2392.mpf_cache
2026-01-28 14:57:14,140 : INFO : ConfigProcessor : Loading config from cache: C:\Users\White\AppData\Local\Temp\32a647433343f2a8dbd97369798bc91c.mpf_cache
2026-01-28 14:57:14,141 : INFO : ConfigProcessor : Loading config from cache: C:\Users\White\AppData\Local\Temp\fcd858616785c392a2718eef83d6bdec.mpf_cache
2026-01-28 14:57:14,143 : INFO : ConfigProcessor : Loading config from cache: C:\Users\White\AppData\Local\Temp\bc528c0552a0292e8ecb958c9df9be52.mpf_cache
2026-01-28 14:57:14,143 : INFO : ConfigProcessor : Loading config from cache: C:\Users\White\AppData\Local\Temp\079d5d4f78adbdc9511df3472695879d.mpf_cache
2026-01-28 14:57:14,146 : INFO : ConfigProcessor : Loading config from cache: C:\Users\White\AppData\Local\Temp\3d7624af3136b167d055570c605d2391.mpf_cache
2026-01-28 14:57:14,147 : INFO : ConfigProcessor : Loading config from cache: C:\Users\White\AppData\Local\Temp\0c1d82e4af016e29f8e2c2fa53690faa.mpf_cache
2026-01-28 14:57:14,159 : INFO : ConfigProcessor : Loading config from cache: C:\Users\White\AppData\Local\Temp\cbf9c95ed33e797787d40a3c26fb1f29.mpf_cache
2026-01-28 14:57:14,160 : INFO : ConfigProcessor : Loading config from cache: C:\Users\White\AppData\Local\Temp\f667062b799e579e56923b75f6b4a8d1.mpf_cache
2026-01-28 14:57:14,161 : INFO : ConfigProcessor : Loading config from cache: C:\Users\White\AppData\Local\Temp\0f477732e86fa3539be0c16808cbc3a4.mpf_cache
2026-01-28 14:57:14,163 : INFO : ConfigProcessor : Loading config from cache: C:\Users\White\AppData\Local\Temp\5252be9889d0ea92e9251ccb139bb96e.mpf_cache
2026-01-28 14:57:14,165 : INFO : ConfigProcessor : Loading config from cache: C:\Users\White\AppData\Local\Temp\bbd12103fd66360c81da95fa3b5d5cac.mpf_cache
2026-01-28 14:57:14,168 : INFO : ConfigProcessor : Loading config from cache: C:\Users\White\AppData\Local\Temp\aecbb0084a39aaddc8e1af6d86d05e57.mpf_cache
2026-01-28 14:57:14,170 : INFO : ConfigProcessor : Loading config from cache: C:\Users\White\AppData\Local\Temp\a64c515fc9f6d1ba4d043d8acedc61d8.mpf_cache
2026-01-28 14:57:14,172 : INFO : ConfigProcessor : Loading config from cache: C:\Users\White\AppData\Local\Temp\157e473ad106aaf7621d4ff67f908349.mpf_cache
2026-01-28 14:57:14,175 : INFO : ConfigProcessor : Loading config from cache: C:\Users\White\AppData\Local\Temp\b42daedb456e388e83b54e0791e694a7.mpf_cache
2026-01-28 14:57:14,176 : INFO : ConfigProcessor : Loading config from cache: C:\Users\White\AppData\Local\Temp\faf1d2b55b8b754be547ffd9950d5977.mpf_cache
2026-01-28 14:57:14,178 : INFO : ConfigProcessor : Loading config from cache: C:\Users\White\AppData\Local\Temp\881befc175503515b6a677d4b92fd8f6.mpf_cache
2026-01-28 14:57:14,181 : INFO : ConfigProcessor : Loading config from cache: C:\Users\White\AppData\Local\Temp\e02fdb456b236b981c3cd16c62d08cdd.mpf_cache
2026-01-28 14:57:14,183 : INFO : ConfigProcessor : Loading config from cache: C:\Users\White\AppData\Local\Temp\60f49b772835308c8a63a813f3984bd2.mpf_cache
2026-01-28 14:57:14,184 : INFO : ConfigProcessor : Loading config from cache: C:\Users\White\AppData\Local\Temp\b44eabe64ef7d1af51d3871ffce6e8a0.mpf_cache
2026-01-28 14:57:14,186 : INFO : ConfigProcessor : Loading config from cache: C:\Users\White\AppData\Local\Temp\c53f4b0025ffe033d8b4913dcf5d894f.mpf_cache
2026-01-28 14:57:14,187 : INFO : ConfigProcessor : Loading config from cache: C:\Users\White\AppData\Local\Temp\859a13897bab67859dc37e71c8deb7f3.mpf_cache
2026-01-28 14:57:14,188 : INFO : ConfigProcessor : Loading config from cache: C:\Users\White\AppData\Local\Temp\1df928f99f2fd0a162eaba4dfecade40.mpf_cache
2026-01-28 14:57:14,190 : INFO : ConfigProcessor : Loading config from cache: C:\Users\White\AppData\Local\Temp\79c411a388f93dc9361da8ba68c71f8b.mpf_cache
2026-01-28 14:57:14,190 : INFO : ConfigProcessor : Loading config from cache: C:\Users\White\AppData\Local\Temp\a2e6743439269288443fc316af74c4e3.mpf_cache
2026-01-28 14:57:14,192 : INFO : ConfigProcessor : Loading config from cache: C:\Users\White\AppData\Local\Temp\b622cba93c19b3c0cb3dd1331f1947f7.mpf_cache
2026-01-28 14:57:14,193 : INFO : ConfigProcessor : Loading config from cache: C:\Users\White\AppData\Local\Temp\806e2c11867b05313045539710e5cf3e.mpf_cache
2026-01-28 14:57:14,195 : INFO : ConfigProcessor : Loading config from cache: C:\Users\White\AppData\Local\Temp\d4cc51f9996852dab0efd4baeb323b9c.mpf_cache
2026-01-28 14:57:14,195 : INFO : Machine : Mission Pinball Framework Core Engine v0.80.0.dev11
2026-01-28 14:57:14,195 : INFO : Machine : Command line arguments: {'no_load_cache': False, 'create_config_cache': True, 'bcp': True, 'configfile': ['config.yaml'], 'force_assets_load': False, 'platform_integration_test': False, 'jsonlogging': False, 'logfile': 'logs\\2026-01-28-14-57-13-mpf-TopGunPinball.log', 'pause': False, 'production': False, 'text_ui': False, 'loglevel': 15, 'consoleloglevel': 20, 'force_platform': None, 'syslog_address': None, 'full_logfile_path': 'C:\\Users\\White\\documents\\Top_Gun_Pinball\\logs\\2026-01-28-14-57-13-mpf-TopGunPinball.log'}
2026-01-28 14:57:14,195 : INFO : Machine : MPF path: C:\Users\White\mpf\Lib\site-packages\mpf
2026-01-28 14:57:14,195 : INFO : Machine : Machine path: C:\Users\White\documents\Top_Gun_Pinball
2026-01-28 14:57:14,195 : INFO : Machine : Platform: win32
2026-01-28 14:57:14,195 : INFO : Machine : Python executable location: C:\Users\White\mpf\Scripts\python.exe
2026-01-28 14:57:14,195 : INFO : Machine : Python version: 3.12.7 (64-bit)
2026-01-28 14:57:14,198 : INFO : Machine : Initializing MPF...
2026-01-28 14:57:14,318 : INFO : FAST : Auto-detecting ports for the following connections: ['net', 'exp', 'aud']
2026-01-28 14:57:14,849 : INFO : FAST : Detected AUD on port COM7
2026-01-28 14:57:14,849 : INFO : FAST : Detected NET on port COM3
2026-01-28 14:57:14,892 : INFO : FAST : Detected EXP on port COM4
2026-01-28 14:57:15,010 : INFO : FAST [NET] : Trying to connect to COM3 at 921600bps
2026-01-28 14:57:15,087 : INFO : FAST [NET] : Connected to COM3 at 921600bps
2026-01-28 14:57:15,096 : INFO : FAST [NET] : Connected to FP-CPU-2000 with firmware v02.26
2026-01-28 14:57:15,128 : INFO : FAST [NET] : Registered I/O Board 0: Model: FP-I/O-0024, Firmware: 01.10, Switches: 24, Drivers: 8
2026-01-28 14:57:15,143 : INFO : FAST [NET] : Registered I/O Board 1: Model: FP-I/O-3208, Firmware: 01.10, Switches: 32, Drivers: 8
2026-01-28 14:57:15,158 : INFO : FAST [NET] : Registered I/O Board 2: Model: FP-I/O-3208, Firmware: 01.10, Switches: 32, Drivers: 8
2026-01-28 14:57:15,174 : INFO : FAST [NET] : Registered I/O Board 3: Model: FP-I/O-0804, Firmware: 01.10, Switches: 8, Drivers: 4
2026-01-28 14:57:15,190 : INFO : FAST [NET] : Registered I/O Board 4: Model: FP-I/O-0804, Firmware: 01.10, Switches: 8, Drivers: 4
2026-01-28 14:57:15,193 : INFO : FAST [EXP] : Trying to connect to COM4 at 921600bps
2026-01-28 14:57:15,272 : INFO : FAST [EXP] : Connected to COM4 at 921600bps
2026-01-28 14:57:15,285 : INFO : FAST [EXP] : Verifying hardware for EXP "neuron" (FP-EXP-2000, @48) with ID string "EXP FP-EXP-2000  0.38", board address 48
2026-01-28 14:57:15,318 : INFO : FAST [EXP] : Verifying hardware for EXP "neuron" (FP-EXP-2000, @48) with ID string "LED FP-BRK-0001  0.8", board address 480
2026-01-28 14:57:15,348 : INFO : FAST [EXP] : Verifying hardware for EXP "light_expansion_board" (FP-EXP-0071, @B4) with ID string "EXP FP-EXP-0071  0.38", board address B4
2026-01-28 14:57:15,364 : INFO : FAST [EXP] : Verifying hardware for EXP "light_expansion_board" (FP-EXP-0071, @B4) with ID string "BRK FP-EXP-0071  0.38", board address B40
2026-01-28 14:57:15,381 : INFO : FAST [AUD] : Trying to connect to COM7 at 230400bps
2026-01-28 14:57:15,513 : INFO : FAST [AUD] : Connected to COM7 at 230400bps
2026-01-28 14:57:15,513 : WARNING : FAST [AUD] : Received XX response:F
2026-01-28 14:57:15,514 : WARNING : FAST [AUD] : Received XX response:F
2026-01-28 14:57:15,514 : WARNING : FAST [AUD] : Received XX response:F
2026-01-28 14:57:15,514 : WARNING : FAST [AUD] : Received XX response:F
2026-01-28 14:57:15,514 : INFO : FAST [AUD] : Connected to FP-AUD-0099 with firmware v0.10
2026-01-28 14:57:15,515 : INFO : EventManager : Event: ======'machine_var_credits_string'====== Args={'value': 'FREE PLAY', 'prev_value': None, 'change': True}
2026-01-28 14:57:15,562 : INFO : EventManager : Event: ======'machine_var_audit_balls_played'====== Args={'value': 0, 'prev_value': None, 'change': True}
2026-01-28 14:57:15,562 : INFO : EventManager : Event: ======'machine_var_audit_games_played'====== Args={'value': 0, 'prev_value': None, 'change': True}
2026-01-28 14:57:15,562 : INFO : EventManager : Event: ======'machine_var_audit_high_score'====== Args={'value': 0, 'prev_value': None, 'change': True}
2026-01-28 14:57:15,562 : INFO : EventManager : Event: ======'machine_var_audit_total_game_time'====== Args={'value': 0, 'prev_value': None, 'change': True}
2026-01-28 14:57:15,562 : INFO : EventManager : Event: ======'machine_var_audit_total_plays'====== Args={'value': 0, 'prev_value': None, 'change': True}
2026-01-28 14:57:15,562 : INFO : EventManager : Event: ======'machine_var_fast_audio_headphones_volume'====== Args={'value': 50, 'prev_value': None, 'change': True}
2026-01-28 14:57:15,562 : INFO : EventManager : Event: ======'machine_var_fast_audio_main_volume'====== Args={'value': 30, 'prev_value': None, 'change': True}
2026-01-28 14:57:15,562 : INFO : EventManager : Event: ======'machine_var_master_volume'====== Args={'value': 0.5, 'prev_value': None, 'change': True}
2026-01-28 14:57:15,563 : INFO : EventManager : Event: ======'machine_var_player1_score'====== Args={'value': 488100, 'prev_value': None, 'change': True}
2026-01-28 14:57:15,563 : INFO : EventManager : Event: ======'machine_var_service_menu_level'====== Args={'value': 0, 'prev_value': None, 'change': True}
2026-01-28 14:57:15,563 : INFO : EventManager : Event: ======'machine_var_service_main_index'====== Args={'value': 0, 'prev_value': None, 'change': True}
2026-01-28 14:57:15,563 : INFO : EventManager : Event: ======'machine_var_service_switch_index'====== Args={'value': 0, 'prev_value': None, 'change': True}
2026-01-28 14:57:15,563 : INFO : EventManager : Event: ======'machine_var_service_coil_index'====== Args={'value': 0, 'prev_value': None, 'change': True}
2026-01-28 14:57:15,563 : INFO : EventManager : Event: ======'machine_var_service_light_index'====== Args={'value': 0, 'prev_value': None, 'change': True}
2026-01-28 14:57:15,563 : INFO : EventManager : Event: ======'machine_var_service_light_color_index'====== Args={'value': 0, 'prev_value': None, 'change': True}
2026-01-28 14:57:15,563 : INFO : EventManager : Event: ======'machine_var_service_adjustment_index'====== Args={'value': 0, 'prev_value': None, 'change': True}
2026-01-28 14:57:15,563 : INFO : EventManager : Event: ======'machine_var_service_audit_index'====== Args={'value': 0, 'prev_value': None, 'change': True}
2026-01-28 14:57:15,563 : INFO : EventManager : Event: ======'machine_var_service_feature_index'====== Args={'value': 0, 'prev_value': None, 'change': True}
2026-01-28 14:57:15,563 : INFO : EventManager : Event: ======'machine_var_service_main_text'====== Args={'value': 'SWITCH TEST', 'prev_value': None, 'change': True}
2026-01-28 14:57:15,563 : INFO : EventManager : Event: ======'machine_var_service_switch_name'====== Args={'value': 'Start Button', 'prev_value': None, 'change': True}
2026-01-28 14:57:15,563 : INFO : EventManager : Event: ======'machine_var_service_switch_num'====== Args={'value': 'Switch 1/63', 'prev_value': None, 'change': True}
2026-01-28 14:57:15,563 : INFO : EventManager : Event: ======'machine_var_service_switch_state'====== Args={'value': 'OPEN', 'prev_value': None, 'change': True}
2026-01-28 14:57:15,564 : INFO : EventManager : Event: ======'machine_var_service_coil_name'====== Args={'value': 'Left Flipper', 'prev_value': None, 'change': True}
2026-01-28 14:57:15,564 : INFO : EventManager : Event: ======'machine_var_service_coil_num'====== Args={'value': 'Coil 1/22', 'prev_value': None, 'change': True}
2026-01-28 14:57:15,564 : INFO : EventManager : Event: ======'machine_var_service_light_name'====== Args={'value': 'Eject Insert', 'prev_value': None, 'change': True}
2026-01-28 14:57:15,564 : INFO : EventManager : Event: ======'machine_var_service_light_num'====== Args={'value': 'Light 1/91', 'prev_value': None, 'change': True}
2026-01-28 14:57:15,564 : INFO : EventManager : Event: ======'machine_var_service_servo_index'====== Args={'value': 0, 'prev_value': None, 'change': True}
2026-01-28 14:57:15,564 : INFO : EventManager : Event: ======'machine_var_service_servo_name'====== Args={'value': 'Right Ramp', 'prev_value': None, 'change': True}
2026-01-28 14:57:15,564 : INFO : EventManager : Event: ======'machine_var_service_servo_num'====== Args={'value': 'Servo 1/6', 'prev_value': None, 'change': True}
2026-01-28 14:57:15,564 : INFO : EventManager : Event: ======'machine_var_service_servo_position'====== Args={'value': 'Pos: 0.05', 'prev_value': None, 'change': True}
2026-01-28 14:57:15,564 : INFO : EventManager : Event: ======'machine_var_service_adjustment_name'====== Args={'value': 'Balls Per Game', 'prev_value': None, 'change': True}
2026-01-28 14:57:15,564 : INFO : EventManager : Event: ======'machine_var_service_adjustment_num'====== Args={'value': 'Setting 1/15', 'prev_value': None, 'change': True}
2026-01-28 14:57:15,564 : INFO : EventManager : Event: ======'machine_var_service_audit_name'====== Args={'value': 'Games Played', 'prev_value': None, 'change': True}
2026-01-28 14:57:15,564 : INFO : EventManager : Event: ======'machine_var_service_audit_num'====== Args={'value': 'Audit 1/10', 'prev_value': None, 'change': True}
2026-01-28 14:57:15,564 : INFO : EventManager : Event: ======'machine_var_service_feature_name'====== Args={'value': 'Pilot Mode Timer', 'prev_value': None, 'change': True}
2026-01-28 14:57:15,564 : INFO : EventManager : Event: ======'machine_var_service_feature_num'====== Args={'value': 'Feature 1/10', 'prev_value': None, 'change': True}
2026-01-28 14:57:15,564 : INFO : EventManager : Event: ======'machine_var_mpf_version'====== Args={'value': 'Mission Pinball Framework v0.80.0.dev11', 'prev_value': None, 'change': True}
2026-01-28 14:57:15,565 : INFO : EventManager : Event: ======'machine_var_mpf_extended_version'====== Args={'value': 'Mission Pinball Framework v0.80.0.dev11, Config version:6, Show version: 6, BCP version:1.1', 'prev_value': None, 'change': True}
2026-01-28 14:57:15,565 : INFO : EventManager : Event: ======'machine_var_python_version'====== Args={'value': '3.12.7', 'prev_value': None, 'change': True}
2026-01-28 14:57:15,720 : INFO : EventManager : Event: ======'machine_var_platform'====== Args={'value': 'Windows-11-10.0.26100-SP0', 'prev_value': None, 'change': True}
2026-01-28 14:57:15,720 : INFO : EventManager : Event: ======'machine_var_platform_system'====== Args={'value': 'Windows', 'prev_value': None, 'change': True}
2026-01-28 14:57:15,720 : INFO : EventManager : Event: ======'machine_var_platform_release'====== Args={'value': '11', 'prev_value': None, 'change': True}
2026-01-28 14:57:15,720 : INFO : EventManager : Event: ======'machine_var_platform_version'====== Args={'value': '10.0.26100', 'prev_value': None, 'change': True}
2026-01-28 14:57:15,720 : INFO : EventManager : Event: ======'machine_var_platform_machine'====== Args={'value': 'AMD64', 'prev_value': None, 'change': True}
2026-01-28 14:57:15,720 : INFO : EventManager : Event: ======'machine_var_log_file_path'====== Args={'value': 'C:\\Users\\White\\documents\\Top_Gun_Pinball\\logs\\2026-01-28-14-57-13-mpf-TopGunPinball.log', 'prev_value': None, 'change': True}
2026-01-28 14:57:15,720 : INFO : EventManager : Event: ======'init_phase_1'====== Args={}
2026-01-28 14:57:20,180 : INFO : SwitchController : <<<<<<< 's_48v_disable' active >>>>>>>
2026-01-28 14:57:20,180 : INFO : SwitchController : <<<<<<< 's_coin_door' active >>>>>>>
2026-01-28 14:57:20,180 : INFO : SwitchController : <<<<<<< 's_trough_1' active >>>>>>>
2026-01-28 14:57:20,180 : INFO : SwitchController : <<<<<<< 's_trough_4' active >>>>>>>
2026-01-28 14:57:20,180 : INFO : SwitchController : <<<<<<< 's_trough_6' active >>>>>>>
2026-01-28 14:57:20,180 : INFO : SwitchController : <<<<<<< 's_jam' active >>>>>>>
2026-01-28 14:57:20,180 : INFO : SwitchController : <<<<<<< 's_ramp_inner_exit' active >>>>>>>
2026-01-28 14:57:20,214 : INFO : EventManager : Event: ======'init_phase_2'====== Args={}
2026-01-28 14:57:20,215 : INFO : SwitchController : Found active switch: (0, [FAST Platform Interface]) <switch.s_48v_disable>
2026-01-28 14:57:20,215 : INFO : SwitchController : Found active switch: (23, [FAST Platform Interface]) <switch.s_coin_door>
2026-01-28 14:57:20,215 : INFO : SwitchController : Found active switch: (24, [FAST Platform Interface]) <switch.s_trough_1>
2026-01-28 14:57:20,215 : INFO : SwitchController : Found active switch: (27, [FAST Platform Interface]) <switch.s_trough_4>
2026-01-28 14:57:20,215 : INFO : SwitchController : Found active switch: (29, [FAST Platform Interface]) <switch.s_trough_6>
2026-01-28 14:57:20,215 : INFO : SwitchController : Found active switch: (30, [FAST Platform Interface]) <switch.s_jam>
2026-01-28 14:57:20,215 : INFO : SwitchController : Found active switch: (78, [FAST Platform Interface]) <switch.s_ramp_inner_exit>
2026-01-28 14:57:20,331 : INFO : EventManager : Event: ======'bcp_connection_attempt'====== Args={'name': 'local_display', 'host': 'localhost', 'port': 5050}
2026-01-28 14:57:20,338 : INFO : BCPClientSocket : Connecting BCP to 'local_display' at localhost:5050...
2026-01-28 14:57:20,350 : INFO : BCPClientSocket : Connected BCP to 'local_display' localhost:5050
2026-01-28 14:57:20,351 : INFO : EventManager : Event: ======'bcp_clients_connected'====== Args={}
2026-01-28 14:57:20,352 : INFO : ball_device.bd_plunger : BCH: Initial count: 0
2026-01-28 14:57:20,352 : INFO : ball_device.bd_plunger : State: idle
2026-01-28 14:57:20,493 : INFO : ball_device.bd_trough : BCH: Initial count: 4
2026-01-28 14:57:20,494 : INFO : ball_device.bd_trough : State: idle
2026-01-28 14:57:20,494 : INFO : ball_device.bd_lock_elevator : BCH: Initial count: 0
2026-01-28 14:57:20,495 : INFO : ball_device.bd_lock_elevator : State: idle
2026-01-28 14:57:20,497 : INFO : ball_device.bd_mode_scoop : BCH: Initial count: 0
2026-01-28 14:57:20,497 : INFO : ball_device.bd_mode_scoop : State: idle
2026-01-28 14:57:20,514 : INFO : EventManager : Event: ======'init_phase_3'====== Args={}
2026-01-28 14:57:21,836 : INFO : EventManager : Event: ======'init_phase_4'====== Args={}
2026-01-28 14:57:21,838 : INFO : BallController : Initial balls found: 4
2026-01-28 14:57:21,839 : INFO : EventManager : Event: ======'machine_var_audits_events_game_ended'====== Args={'value': 20, 'prev_value': None, 'change': True}
2026-01-28 14:57:21,840 : INFO : EventManager : Event: ======'machine_var_audits_events_game_started'====== Args={'value': 825, 'prev_value': None, 'change': True}
2026-01-28 14:57:21,840 : INFO : EventManager : Event: ======'machine_var_audits_missing_switches_s_48v_disable'====== Args={'value': 4, 'prev_value': None, 'change': True}
2026-01-28 14:57:21,840 : INFO : EventManager : Event: ======'machine_var_audits_missing_switches_s_barrier_target'====== Args={'value': 1, 'prev_value': None, 'change': True}
2026-01-28 14:57:21,840 : INFO : EventManager : Event: ======'machine_var_audits_missing_switches_s_bumper_left'====== Args={'value': 6, 'prev_value': None, 'change': True}
2026-01-28 14:57:21,840 : INFO : EventManager : Event: ======'machine_var_audits_missing_switches_s_c_iceman_target'====== Args={'value': 1, 'prev_value': None, 'change': True}
2026-01-28 14:57:21,840 : INFO : EventManager : Event: ======'machine_var_audits_missing_switches_s_coin_door'====== Args={'value': 3, 'prev_value': None, 'change': True}
2026-01-28 14:57:21,840 : INFO : EventManager : Event: ======'machine_var_audits_missing_switches_s_coin_door_credit_left'====== Args={'value': 619, 'prev_value': None, 'change': True}
2026-01-28 14:57:21,840 : INFO : EventManager : Event: ======'machine_var_audits_missing_switches_s_coin_door_credit_right'====== Args={'value': 11, 'prev_value': None, 'change': True}
2026-01-28 14:57:21,840 : INFO : EventManager : Event: ======'machine_var_audits_missing_switches_s_coin_door_service_1'====== Args={'value': 3, 'prev_value': None, 'change': True}
2026-01-28 14:57:21,840 : INFO : EventManager : Event: ======'machine_var_audits_missing_switches_s_coin_door_service_2'====== Args={'value': 3, 'prev_value': None, 'change': True}
2026-01-28 14:57:21,840 : INFO : EventManager : Event: ======'machine_var_audits_missing_switches_s_coin_door_service_3'====== Args={'value': 3, 'prev_value': None, 'change': True}
2026-01-28 14:57:21,840 : INFO : EventManager : Event: ======'machine_var_audits_missing_switches_s_coin_door_service_4'====== Args={'value': 3, 'prev_value': None, 'change': True}
2026-01-28 14:57:21,840 : INFO : EventManager : Event: ======'machine_var_audits_missing_switches_s_inlane_left'====== Args={'value': 2, 'prev_value': None, 'change': True}
2026-01-28 14:57:21,840 : INFO : EventManager : Event: ======'machine_var_audits_missing_switches_s_lane_left'====== Args={'value': 28, 'prev_value': None, 'change': True}
2026-01-28 14:57:21,840 : INFO : EventManager : Event: ======'machine_var_audits_missing_switches_s_lock_goose'====== Args={'value': 774, 'prev_value': None, 'change': True}
2026-01-28 14:57:21,840 : INFO : EventManager : Event: ======'machine_var_audits_missing_switches_s_lock_mav'====== Args={'value': 774, 'prev_value': None, 'change': True}
2026-01-28 14:57:21,840 : INFO : EventManager : Event: ======'machine_var_audits_missing_switches_s_lock_plunger'====== Args={'value': 608, 'prev_value': None, 'change': True}
2026-01-28 14:57:21,841 : INFO : EventManager : Event: ======'machine_var_audits_missing_switches_s_mode_start'====== Args={'value': 2, 'prev_value': None, 'change': True}
2026-01-28 14:57:21,841 : INFO : EventManager : Event: ======'machine_var_audits_missing_switches_s_orbit_lower'====== Args={'value': 28, 'prev_value': None, 'change': True}
2026-01-28 14:57:21,841 : INFO : EventManager : Event: ======'machine_var_audits_missing_switches_s_plunger_lane'====== Args={'value': 10, 'prev_value': None, 'change': True}
2026-01-28 14:57:21,841 : INFO : EventManager : Event: ======'machine_var_audits_missing_switches_s_ramp_left_exit'====== Args={'value': 2, 'prev_value': None, 'change': True}
2026-01-28 14:57:21,841 : INFO : EventManager : Event: ======'machine_var_audits_missing_switches_s_ramp_right_exit'====== Args={'value': 40, 'prev_value': None, 'change': True}
2026-01-28 14:57:21,841 : INFO : EventManager : Event: ======'machine_var_audits_missing_switches_s_start'====== Args={'value': 8, 'prev_value': None, 'change': True}
2026-01-28 14:57:21,841 : INFO : EventManager : Event: ======'machine_var_audits_missing_switches_s_tilt'====== Args={'value': 3, 'prev_value': None, 'change': True}
2026-01-28 14:57:21,841 : INFO : EventManager : Event: ======'machine_var_audits_player_score'====== Args={'value': {'average': 1424583, 'top': [8367250, 2977800, 2783350, 2231750, 2229000, 2197050, 1722550, 1349850, 1271150, 926600], 'total': 21}, 'prev_value': None, 'change': True}
2026-01-28 14:57:21,841 : INFO : EventManager : Event: ======'machine_var_audits_shots_bumper_center'====== Args={'value': 976, 'prev_value': None, 'change': True}
2026-01-28 14:57:21,841 : INFO : EventManager : Event: ======'machine_var_audits_shots_bumper_left'====== Args={'value': 827, 'prev_value': None, 'change': True}
2026-01-28 14:57:21,841 : INFO : EventManager : Event: ======'machine_var_audits_shots_bumper_right'====== Args={'value': 700, 'prev_value': None, 'change': True}
2026-01-28 14:57:21,841 : INFO : EventManager : Event: ======'machine_var_audits_shots_mach_ramp'====== Args={'value': 864, 'prev_value': None, 'change': True}
2026-01-28 14:57:21,841 : INFO : EventManager : Event: ======'machine_var_audits_shots_mig_lane_left'====== Args={'value': 213, 'prev_value': None, 'change': True}
2026-01-28 14:57:21,841 : INFO : EventManager : Event: ======'machine_var_audits_shots_mig_lane_right'====== Args={'value': 49, 'prev_value': None, 'change': True}
2026-01-28 14:57:21,841 : INFO : EventManager : Event: ======'machine_var_audits_shots_orbit_upper'====== Args={'value': 38, 'prev_value': None, 'change': True}
2026-01-28 14:57:21,841 : INFO : EventManager : Event: ======'machine_var_audits_shots_ramp_inner'====== Args={'value': 61, 'prev_value': None, 'change': True}
2026-01-28 14:57:21,841 : INFO : EventManager : Event: ======'machine_var_audits_shots_spinner'====== Args={'value': 66, 'prev_value': None, 'change': True}
2026-01-28 14:57:21,841 : INFO : EventManager : Event: ======'machine_var_audits_switches_s_48v_disable'====== Args={'value': 0, 'prev_value': None, 'change': True}
2026-01-28 14:57:21,841 : INFO : EventManager : Event: ======'machine_var_audits_switches_s_a_iceman_target'====== Args={'value': 268, 'prev_value': None, 'change': True}
2026-01-28 14:57:21,841 : INFO : EventManager : Event: ======'machine_var_audits_switches_s_barrier_target'====== Args={'value': 132, 'prev_value': None, 'change': True}
2026-01-28 14:57:21,841 : INFO : EventManager : Event: ======'machine_var_audits_switches_s_bumper_center'====== Args={'value': 996, 'prev_value': None, 'change': True}
2026-01-28 14:57:21,841 : INFO : EventManager : Event: ======'machine_var_audits_switches_s_bumper_left'====== Args={'value': 858, 'prev_value': None, 'change': True}
2026-01-28 14:57:21,842 : INFO : EventManager : Event: ======'machine_var_audits_switches_s_bumper_right'====== Args={'value': 706, 'prev_value': None, 'change': True}
2026-01-28 14:57:21,842 : INFO : EventManager : Event: ======'machine_var_audits_switches_s_c_iceman_target'====== Args={'value': 235, 'prev_value': None, 'change': True}
2026-01-28 14:57:21,842 : INFO : EventManager : Event: ======'machine_var_audits_switches_s_c_lock_target'====== Args={'value': 98, 'prev_value': None, 'change': True}
2026-01-28 14:57:21,842 : INFO : EventManager : Event: ======'machine_var_audits_switches_s_coin_door'====== Args={'value': 4, 'prev_value': None, 'change': True}
2026-01-28 14:57:21,842 : INFO : EventManager : Event: ======'machine_var_audits_switches_s_coin_door_credit_left'====== Args={'value': 0, 'prev_value': None, 'change': True}
2026-01-28 14:57:21,842 : INFO : EventManager : Event: ======'machine_var_audits_switches_s_coin_door_credit_right'====== Args={'value': 1, 'prev_value': None, 'change': True}
2026-01-28 14:57:21,842 : INFO : EventManager : Event: ======'machine_var_audits_switches_s_coin_door_service_1'====== Args={'value': 6, 'prev_value': None, 'change': True}
2026-01-28 14:57:21,842 : INFO : EventManager : Event: ======'machine_var_audits_switches_s_coin_door_service_2'====== Args={'value': 16, 'prev_value': None, 'change': True}
2026-01-28 14:57:21,842 : INFO : EventManager : Event: ======'machine_var_audits_switches_s_coin_door_service_3'====== Args={'value': 19, 'prev_value': None, 'change': True}
2026-01-28 14:57:21,842 : INFO : EventManager : Event: ======'machine_var_audits_switches_s_coin_door_service_4'====== Args={'value': 5, 'prev_value': None, 'change': True}
2026-01-28 14:57:21,842 : INFO : EventManager : Event: ======'machine_var_audits_switches_s_e_iceman_target'====== Args={'value': 242, 'prev_value': None, 'change': True}
2026-01-28 14:57:21,842 : INFO : EventManager : Event: ======'machine_var_audits_switches_s_flight_gear_target'====== Args={'value': 759, 'prev_value': None, 'change': True}
2026-01-28 14:57:21,842 : INFO : EventManager : Event: ======'machine_var_audits_switches_s_flipper_left'====== Args={'value': 3144, 'prev_value': None, 'change': True}
2026-01-28 14:57:21,842 : INFO : EventManager : Event: ======'machine_var_audits_switches_s_flipper_left_eos'====== Args={'value': 2696, 'prev_value': None, 'change': True}
2026-01-28 14:57:21,842 : INFO : EventManager : Event: ======'machine_var_audits_switches_s_flipper_left_upper'====== Args={'value': 2778, 'prev_value': None, 'change': True}
2026-01-28 14:57:21,842 : INFO : EventManager : Event: ======'machine_var_audits_switches_s_flipper_left_upper_eos'====== Args={'value': 2697, 'prev_value': None, 'change': True}
2026-01-28 14:57:21,842 : INFO : EventManager : Event: ======'machine_var_audits_switches_s_flipper_right'====== Args={'value': 2591, 'prev_value': None, 'change': True}
2026-01-28 14:57:21,842 : INFO : EventManager : Event: ======'machine_var_audits_switches_s_flipper_right_eos'====== Args={'value': 2162, 'prev_value': None, 'change': True}
2026-01-28 14:57:21,842 : INFO : EventManager : Event: ======'machine_var_audits_switches_s_i_iceman_target'====== Args={'value': 223, 'prev_value': None, 'change': True}
2026-01-28 14:57:21,842 : INFO : EventManager : Event: ======'machine_var_audits_switches_s_inlane_left'====== Args={'value': 570, 'prev_value': None, 'change': True}
2026-01-28 14:57:21,842 : INFO : EventManager : Event: ======'machine_var_audits_switches_s_inner_inlane_right'====== Args={'value': 544, 'prev_value': None, 'change': True}
2026-01-28 14:57:21,842 : INFO : EventManager : Event: ======'machine_var_audits_switches_s_jam'====== Args={'value': 272, 'prev_value': None, 'change': True}
2026-01-28 14:57:21,842 : INFO : EventManager : Event: ======'machine_var_audits_switches_s_k_lock_target'====== Args={'value': 132, 'prev_value': None, 'change': True}
2026-01-28 14:57:21,843 : INFO : EventManager : Event: ======'machine_var_audits_switches_s_l_lock_target'====== Args={'value': 161, 'prev_value': None, 'change': True}
2026-01-28 14:57:21,843 : INFO : EventManager : Event: ======'machine_var_audits_switches_s_lane_left'====== Args={'value': 953, 'prev_value': None, 'change': True}
2026-01-28 14:57:21,843 : INFO : EventManager : Event: ======'machine_var_audits_switches_s_lane_right'====== Args={'value': 695, 'prev_value': None, 'change': True}
2026-01-28 14:57:21,843 : INFO : EventManager : Event: ======'machine_var_audits_switches_s_lock_goose'====== Args={'value': 0, 'prev_value': None, 'change': True}
2026-01-28 14:57:21,843 : INFO : EventManager : Event: ======'machine_var_audits_switches_s_lock_mav'====== Args={'value': 0, 'prev_value': None, 'change': True}
2026-01-28 14:57:21,843 : INFO : EventManager : Event: ======'machine_var_audits_switches_s_lock_plunger'====== Args={'value': 3, 'prev_value': None, 'change': True}
2026-01-28 14:57:21,843 : INFO : EventManager : Event: ======'machine_var_audits_switches_s_m_iceman_target'====== Args={'value': 249, 'prev_value': None, 'change': True}
2026-01-28 14:57:21,843 : INFO : EventManager : Event: ======'machine_var_audits_switches_s_mig_lane_left'====== Args={'value': 696, 'prev_value': None, 'change': True}
2026-01-28 14:57:21,843 : INFO : EventManager : Event: ======'machine_var_audits_switches_s_mig_lane_right'====== Args={'value': 340, 'prev_value': None, 'change': True}
2026-01-28 14:57:21,843 : INFO : EventManager : Event: ======'machine_var_audits_switches_s_mode_start'====== Args={'value': 447, 'prev_value': None, 'change': True}
2026-01-28 14:57:21,843 : INFO : EventManager : Event: ======'machine_var_audits_switches_s_n_iceman_target'====== Args={'value': 412, 'prev_value': None, 'change': True}
2026-01-28 14:57:21,843 : INFO : EventManager : Event: ======'machine_var_audits_switches_s_o_lock_target'====== Args={'value': 209, 'prev_value': None, 'change': True}
2026-01-28 14:57:21,843 : INFO : EventManager : Event: ======'machine_var_audits_switches_s_orbit_left'====== Args={'value': 1434, 'prev_value': None, 'change': True}
2026-01-28 14:57:21,843 : INFO : EventManager : Event: ======'machine_var_audits_switches_s_orbit_lower'====== Args={'value': 47, 'prev_value': None, 'change': True}
2026-01-28 14:57:21,843 : INFO : EventManager : Event: ======'machine_var_audits_switches_s_orbit_right'====== Args={'value': 702, 'prev_value': None, 'change': True}
2026-01-28 14:57:21,843 : INFO : EventManager : Event: ======'machine_var_audits_switches_s_orbit_upper'====== Args={'value': 284, 'prev_value': None, 'change': True}
2026-01-28 14:57:21,843 : INFO : EventManager : Event: ======'machine_var_audits_switches_s_outer_inlane_right'====== Args={'value': 581, 'prev_value': None, 'change': True}
2026-01-28 14:57:21,843 : INFO : EventManager : Event: ======'machine_var_audits_switches_s_outlane_left'====== Args={'value': 445, 'prev_value': None, 'change': True}
2026-01-28 14:57:21,843 : INFO : EventManager : Event: ======'machine_var_audits_switches_s_outlane_right'====== Args={'value': 460, 'prev_value': None, 'change': True}
2026-01-28 14:57:21,843 : INFO : EventManager : Event: ======'machine_var_audits_switches_s_plunger_lane'====== Args={'value': 46, 'prev_value': None, 'change': True}
2026-01-28 14:57:21,843 : INFO : EventManager : Event: ======'machine_var_audits_switches_s_ramp_inner_exit'====== Args={'value': 910, 'prev_value': None, 'change': True}
2026-01-28 14:57:21,843 : INFO : EventManager : Event: ======'machine_var_audits_switches_s_ramp_left_exit'====== Args={'value': 1013, 'prev_value': None, 'change': True}
2026-01-28 14:57:21,844 : INFO : EventManager : Event: ======'machine_var_audits_switches_s_ramp_right_exit'====== Args={'value': 221, 'prev_value': None, 'change': True}
2026-01-28 14:57:21,844 : INFO : EventManager : Event: ======'machine_var_audits_switches_s_ramp_tower_exit'====== Args={'value': 260, 'prev_value': None, 'change': True}
2026-01-28 14:57:21,844 : INFO : EventManager : Event: ======'machine_var_audits_switches_s_shooter_lane'====== Args={'value': 980, 'prev_value': None, 'change': True}
2026-01-28 14:57:21,844 : INFO : EventManager : Event: ======'machine_var_audits_switches_s_slingshot_left'====== Args={'value': 428, 'prev_value': None, 'change': True}
2026-01-28 14:57:21,844 : INFO : EventManager : Event: ======'machine_var_audits_switches_s_slingshot_right'====== Args={'value': 284, 'prev_value': None, 'change': True}
2026-01-28 14:57:21,844 : INFO : EventManager : Event: ======'machine_var_audits_switches_s_spinner'====== Args={'value': 5484, 'prev_value': None, 'change': True}
2026-01-28 14:57:21,844 : INFO : EventManager : Event: ======'machine_var_audits_switches_s_start'====== Args={'value': 189, 'prev_value': None, 'change': True}
2026-01-28 14:57:21,844 : INFO : EventManager : Event: ======'machine_var_audits_switches_s_tilt'====== Args={'value': 233, 'prev_value': None, 'change': True}
2026-01-28 14:57:21,844 : INFO : EventManager : Event: ======'machine_var_audits_switches_s_trough_1'====== Args={'value': 273, 'prev_value': None, 'change': True}
2026-01-28 14:57:21,844 : INFO : EventManager : Event: ======'machine_var_audits_switches_s_trough_2'====== Args={'value': 265, 'prev_value': None, 'change': True}
2026-01-28 14:57:21,844 : INFO : EventManager : Event: ======'machine_var_audits_switches_s_trough_3'====== Args={'value': 264, 'prev_value': None, 'change': True}
2026-01-28 14:57:21,844 : INFO : EventManager : Event: ======'machine_var_audits_switches_s_trough_4'====== Args={'value': 268, 'prev_value': None, 'change': True}
2026-01-28 14:57:21,844 : INFO : EventManager : Event: ======'machine_var_audits_switches_s_trough_5'====== Args={'value': 279, 'prev_value': None, 'change': True}
2026-01-28 14:57:21,844 : INFO : EventManager : Event: ======'machine_var_audits_switches_s_trough_6'====== Args={'value': 567, 'prev_value': None, 'change': True}
2026-01-28 14:57:21,845 : INFO : EventManager : Event: ======'init_phase_5'====== Args={}
2026-01-28 14:57:21,851 : INFO : ball_device.bd_trough : BCH: Count is unstable. Trying to reorder balls.
2026-01-28 14:57:21,851 : WARNING : ball_device.bd_trough : Cannot reorder device because eject_coil_reorder_pulse is not configured
2026-01-28 14:57:21,851 : INFO : ball_device.bd_trough : BCH: Repulse done. Waiting for balls to settle.
2026-01-28 14:57:21,851 : INFO : ball_device.bd_trough : BCH: Reordered count: 4
2026-01-28 14:57:21,853 : INFO : EventManager : Event: ======'init_done'====== Args={}
2026-01-28 14:57:21,853 : INFO : coil.c_coin_door_led : Enabling Driver with power 1.0 (pulse_ms 10ms and pulse_power 1.0)
2026-01-28 14:57:21,854 : INFO : EventManager : Event: ======'machine_reset_phase_1'====== Args={}
2026-01-28 14:57:21,863 : INFO : EventManager : Event: ======'machine_reset_phase_2'====== Args={}
2026-01-28 14:57:21,865 : INFO : EventManager : Event: ======'machine_reset_phase_3'====== Args={}
2026-01-28 14:57:21,867 : INFO : EventManager : Event: ======'mode_attract_will_start'====== Args={'queue': <QueuedEvent>}
2026-01-28 14:57:21,868 : INFO : Timer.attract_carousel_timer : Starting Timer.
2026-01-28 14:57:21,868 : INFO : EventManager : Event: ======'timer_attract_carousel_timer_started'====== Args={'ticks': 0, 'ticks_remaining': 1}
2026-01-28 14:57:21,868 : INFO : EventManager : Event: ======'timer_attract_carousel_timer_tick'====== Args={'ticks': 0, 'ticks_remaining': 1}
2026-01-28 14:57:21,869 : INFO : EventManager : Event: ======'mode_attract_starting'====== Args={'queue': <QueuedEvent>}
2026-01-28 14:57:21,869 : INFO : Mode.attract : Started. Priority: 10
2026-01-28 14:57:21,869 : INFO : EventManager : Event: ======'modes_active_modes_changed'====== Args={}
2026-01-28 14:57:21,869 : INFO : EventManager : Event: ======'mode_attract_started'====== Args={'queue': <QueuedEvent>}
2026-01-28 14:57:21,870 : INFO : EventManager : Event: ======'attract_cycle_step1'====== Args={'priority': 0}
2026-01-28 14:57:21,870 : INFO : coil.c_start_button_led : Enabling Driver with power 1.0 (pulse_ms 10ms and pulse_power 1.0)
2026-01-28 14:57:21,870 : INFO : EventManager : Event: ======'collecting_balls_complete'====== Args={}
2026-01-28 14:57:21,871 : INFO : BallSearch.playfield : Starting ball search
2026-01-28 14:57:21,871 : INFO : EventManager : Event: ======'ball_search_started'====== Args={}
2026-01-28 14:57:21,871 : INFO : EventManager : Event: ======'ball_search_phase_1'====== Args={'iteration': 1}
2026-01-28 14:57:21,871 : INFO : coil.c_bumper_left : Pulsing Driver for 40ms (0.75 pulse_power)
2026-01-28 14:57:21,871 : INFO : EventManager : Event: ======'carousel_item_highlighted'====== Args={'carousel': 'attract', 'direction': None, 'item': 'title'}
2026-01-28 14:57:21,871 : INFO : EventManager : Event: ======'timer_attract_carousel_timer_tick'====== Args={'ticks': 0, 'ticks_remaining': 1}
2026-01-28 14:57:21,872 : INFO : EventManager : Event: ======'reset_complete'====== Args={}
2026-01-28 14:57:21,874 : INFO : Machine : Starting the main run loop with active modes: [<Mode.attract>]
2026-01-28 14:57:22,065 : INFO : EventManager : Event: ======'slide_attract_created'====== Args={'_from_bcp': True}
2026-01-28 14:57:22,065 : INFO : EventManager : Event: ======'slide__removed'====== Args={'_from_bcp': True}
2026-01-28 14:57:22,066 : INFO : EventManager : Event: ======'slide_attract_active'====== Args={'original_context': 'attract', 'original_calling_context': 'mode_attract_started', 'priority': 10.0, 'queue': '<QueuedEvent>', 'cmd': 'slides_play', '_from_bcp': True}
2026-01-28 14:57:22,096 : INFO : coil.c_bumper_right : Pulsing Driver for 40ms (0.75 pulse_power)
2026-01-28 14:57:22,345 : INFO : coil.c_bumper_center : Pulsing Driver for 40ms (0.75 pulse_power)
2026-01-28 14:57:22,609 : INFO : coil.c_sling_left : Pulsing Driver for 40ms (0.875 pulse_power)
2026-01-28 14:57:22,858 : INFO : coil.c_sling_right : Pulsing Driver for 40ms (0.875 pulse_power)
2026-01-28 14:57:22,858 : INFO : coil.c_start_button_led : Disabling Driver
2026-01-28 14:57:23,108 : INFO : coil.c_plunger : Pulsing Driver for 25ms (0.75 pulse_power)
2026-01-28 14:57:23,357 : INFO : coil.c_lock_upkicker : Pulsing Driver for 15ms (0.75 pulse_power)
2026-01-28 14:57:23,606 : INFO : coil.c_mode_outkicker : Pulsing Driver for 35ms (0.75 pulse_power)
2026-01-28 14:57:23,858 : INFO : EventManager : Event: ======'ball_search_phase_1'====== Args={'iteration': 2}
2026-01-28 14:57:23,858 : INFO : coil.c_bumper_left : Pulsing Driver for 40ms (0.75 pulse_power)
2026-01-28 14:57:23,859 : INFO : coil.c_start_button_led : Enabling Driver with power 1.0 (pulse_ms 10ms and pulse_power 1.0)
2026-01-28 14:57:24,857 : INFO : coil.c_start_button_led : Disabling Driver
2026-01-28 14:57:25,854 : INFO : coil.c_start_button_led : Enabling Driver with power 1.0 (pulse_ms 10ms and pulse_power 1.0)
2026-01-28 14:57:26,855 : INFO : coil.c_start_button_led : Disabling Driver
2026-01-28 14:57:27,850 : INFO : coil.c_start_button_led : Enabling Driver with power 1.0 (pulse_ms 10ms and pulse_power 1.0)
2026-01-28 14:57:28,852 : INFO : coil.c_start_button_led : Disabling Driver
2026-01-28 14:57:28,853 : INFO : Timer.attract_carousel_timer : Timer Complete
2026-01-28 14:57:28,853 : INFO : Timer.attract_carousel_timer : Stopping Timer
2026-01-28 14:57:28,853 : INFO : EventManager : Event: ======'timer_attract_carousel_timer_stopped'====== Args={'ticks': 1, 'ticks_remaining': 1}
2026-01-28 14:57:28,853 : INFO : EventManager : Event: ======'timer_attract_carousel_timer_complete'====== Args={'ticks': 1, 'ticks_remaining': 1}
2026-01-28 14:57:28,853 : INFO : EventManager : Event: ======'carousel_item_highlighted'====== Args={'carousel': 'attract', 'direction': 'forwards', 'item': 'presented_by'}
2026-01-28 14:57:28,853 : INFO : Timer.attract_carousel_timer : Starting Timer.
2026-01-28 14:57:28,853 : INFO : EventManager : Event: ======'timer_attract_carousel_timer_started'====== Args={'ticks': 0, 'ticks_remaining': 1}
2026-01-28 14:57:28,853 : INFO : EventManager : Event: ======'timer_attract_carousel_timer_tick'====== Args={'ticks': 0, 'ticks_remaining': 1}
2026-01-28 14:57:29,849 : INFO : coil.c_start_button_led : Enabling Driver with power 1.0 (pulse_ms 10ms and pulse_power 1.0)
2026-01-28 14:57:30,848 : INFO : coil.c_start_button_led : Disabling Driver
2026-01-28 14:57:31,858 : INFO : coil.c_start_button_led : Enabling Driver with power 1.0 (pulse_ms 10ms and pulse_power 1.0)
2026-01-28 14:57:32,849 : INFO : coil.c_start_button_led : Disabling Driver
2026-01-28 14:57:33,845 : INFO : coil.c_bumper_right : Pulsing Driver for 40ms (0.75 pulse_power)
2026-01-28 14:57:33,846 : INFO : coil.c_start_button_led : Enabling Driver with power 1.0 (pulse_ms 10ms and pulse_power 1.0)
2026-01-28 14:57:34,050 : INFO : EventManager : Event: ======'attract_cycle_step2'====== Args={}
2026-01-28 14:57:34,098 : INFO : coil.c_bumper_center : Pulsing Driver for 40ms (0.75 pulse_power)
2026-01-28 14:57:34,348 : INFO : coil.c_sling_left : Pulsing Driver for 40ms (0.875 pulse_power)
2026-01-28 14:57:34,596 : INFO : coil.c_sling_right : Pulsing Driver for 40ms (0.875 pulse_power)
2026-01-28 14:57:34,847 : INFO : coil.c_plunger : Pulsing Driver for 25ms (0.75 pulse_power)
2026-01-28 14:57:34,847 : INFO : coil.c_start_button_led : Disabling Driver
2026-01-28 14:57:35,096 : INFO : coil.c_lock_upkicker : Pulsing Driver for 15ms (0.75 pulse_power)
2026-01-28 14:57:35,348 : INFO : coil.c_mode_outkicker : Pulsing Driver for 35ms (0.75 pulse_power)
2026-01-28 14:57:35,595 : INFO : EventManager : Event: ======'ball_search_phase_1'====== Args={'iteration': 3}
2026-01-28 14:57:35,595 : INFO : coil.c_bumper_left : Pulsing Driver for 40ms (0.75 pulse_power)
2026-01-28 14:57:35,847 : INFO : Timer.attract_carousel_timer : Timer Complete
2026-01-28 14:57:35,847 : INFO : Timer.attract_carousel_timer : Stopping Timer
2026-01-28 14:57:35,847 : INFO : EventManager : Event: ======'timer_attract_carousel_timer_stopped'====== Args={'ticks': 1, 'ticks_remaining': 1}
2026-01-28 14:57:35,847 : INFO : EventManager : Event: ======'timer_attract_carousel_timer_complete'====== Args={'ticks': 1, 'ticks_remaining': 1}
2026-01-28 14:57:35,848 : INFO : coil.c_start_button_led : Enabling Driver with power 1.0 (pulse_ms 10ms and pulse_power 1.0)
2026-01-28 14:57:35,848 : INFO : EventManager : Event: ======'carousel_item_highlighted'====== Args={'carousel': 'attract', 'direction': 'forwards', 'item': 'hotrod_pinball_logo'}
2026-01-28 14:57:35,848 : INFO : Timer.attract_carousel_timer : Starting Timer.
2026-01-28 14:57:35,848 : INFO : EventManager : Event: ======'timer_attract_carousel_timer_started'====== Args={'ticks': 0, 'ticks_remaining': 1}
2026-01-28 14:57:35,848 : INFO : EventManager : Event: ======'timer_attract_carousel_timer_tick'====== Args={'ticks': 0, 'ticks_remaining': 1}
2026-01-28 14:57:36,854 : INFO : coil.c_start_button_led : Disabling Driver
2026-01-28 14:57:37,845 : INFO : coil.c_start_button_led : Enabling Driver with power 1.0 (pulse_ms 10ms and pulse_power 1.0)
2026-01-28 14:57:38,848 : INFO : coil.c_start_button_led : Disabling Driver
2026-01-28 14:57:39,846 : INFO : coil.c_start_button_led : Enabling Driver with power 1.0 (pulse_ms 10ms and pulse_power 1.0)
2026-01-28 14:57:40,845 : INFO : coil.c_start_button_led : Disabling Driver
2026-01-28 14:57:41,845 : INFO : coil.c_start_button_led : Enabling Driver with power 1.0 (pulse_ms 10ms and pulse_power 1.0)
2026-01-28 14:57:42,846 : INFO : Timer.attract_carousel_timer : Timer Complete
2026-01-28 14:57:42,846 : INFO : Timer.attract_carousel_timer : Stopping Timer
2026-01-28 14:57:42,846 : INFO : EventManager : Event: ======'timer_attract_carousel_timer_stopped'====== Args={'ticks': 1, 'ticks_remaining': 1}
2026-01-28 14:57:42,846 : INFO : EventManager : Event: ======'timer_attract_carousel_timer_complete'====== Args={'ticks': 1, 'ticks_remaining': 1}
2026-01-28 14:57:42,846 : INFO : coil.c_start_button_led : Disabling Driver
2026-01-28 14:57:42,846 : INFO : EventManager : Event: ======'carousel_item_highlighted'====== Args={'carousel': 'attract', 'direction': 'forwards', 'item': 'mpf_logo'}
2026-01-28 14:57:42,847 : INFO : Timer.attract_carousel_timer : Starting Timer.
2026-01-28 14:57:42,847 : INFO : EventManager : Event: ======'timer_attract_carousel_timer_started'====== Args={'ticks': 0, 'ticks_remaining': 1}
2026-01-28 14:57:42,847 : INFO : EventManager : Event: ======'timer_attract_carousel_timer_tick'====== Args={'ticks': 0, 'ticks_remaining': 1}
2026-01-28 14:57:43,854 : INFO : coil.c_start_button_led : Enabling Driver with power 1.0 (pulse_ms 10ms and pulse_power 1.0)
2026-01-28 14:57:44,856 : INFO : coil.c_start_button_led : Disabling Driver
2026-01-28 14:57:45,606 : INFO : coil.c_bumper_right : Pulsing Driver for 40ms (0.75 pulse_power)
2026-01-28 14:57:45,854 : INFO : coil.c_bumper_center : Pulsing Driver for 40ms (0.75 pulse_power)
2026-01-28 14:57:45,854 : INFO : coil.c_start_button_led : Enabling Driver with power 1.0 (pulse_ms 10ms and pulse_power 1.0)
2026-01-28 14:57:46,104 : INFO : coil.c_sling_left : Pulsing Driver for 40ms (0.875 pulse_power)
2026-01-28 14:57:46,354 : INFO : coil.c_sling_right : Pulsing Driver for 40ms (0.875 pulse_power)
2026-01-28 14:57:46,601 : INFO : coil.c_plunger : Pulsing Driver for 25ms (0.75 pulse_power)
2026-01-28 14:57:46,850 : INFO : coil.c_lock_upkicker : Pulsing Driver for 15ms (0.75 pulse_power)
2026-01-28 14:57:46,850 : INFO : coil.c_start_button_led : Disabling Driver
2026-01-28 14:57:47,099 : INFO : coil.c_mode_outkicker : Pulsing Driver for 35ms (0.75 pulse_power)
2026-01-28 14:57:47,350 : INFO : EventManager : Event: ======'ball_search_phase_2'====== Args={'iteration': 1}
2026-01-28 14:57:47,350 : INFO : coil.c_bumper_left : Pulsing Driver for 40ms (0.75 pulse_power)
2026-01-28 14:57:47,848 : INFO : coil.c_start_button_led : Enabling Driver with power 1.0 (pulse_ms 10ms and pulse_power 1.0)
2026-01-28 14:57:48,857 : INFO : coil.c_start_button_led : Disabling Driver
2026-01-28 14:57:49,301 : INFO : EventManager : Event: ======'attract_cycle_step3'====== Args={}
2026-01-28 14:57:49,848 : INFO : Timer.attract_carousel_timer : Timer Complete
2026-01-28 14:57:49,848 : INFO : Timer.attract_carousel_timer : Stopping Timer
2026-01-28 14:57:49,848 : INFO : EventManager : Event: ======'timer_attract_carousel_timer_stopped'====== Args={'ticks': 1, 'ticks_remaining': 1}
2026-01-28 14:57:49,848 : INFO : EventManager : Event: ======'timer_attract_carousel_timer_complete'====== Args={'ticks': 1, 'ticks_remaining': 1}
2026-01-28 14:57:49,848 : INFO : coil.c_start_button_led : Enabling Driver with power 1.0 (pulse_ms 10ms and pulse_power 1.0)
2026-01-28 14:57:49,848 : INFO : EventManager : Event: ======'carousel_item_highlighted'====== Args={'carousel': 'attract', 'direction': 'forwards', 'item': 'credits'}
2026-01-28 14:57:49,849 : INFO : Timer.attract_carousel_timer : Starting Timer.
2026-01-28 14:57:49,849 : INFO : EventManager : Event: ======'timer_attract_carousel_timer_started'====== Args={'ticks': 0, 'ticks_remaining': 1}
2026-01-28 14:57:49,849 : INFO : EventManager : Event: ======'timer_attract_carousel_timer_tick'====== Args={'ticks': 0, 'ticks_remaining': 1}
2026-01-28 14:57:50,850 : INFO : coil.c_start_button_led : Disabling Driver
2026-01-28 14:57:51,852 : INFO : coil.c_start_button_led : Enabling Driver with power 1.0 (pulse_ms 10ms and pulse_power 1.0)
2026-01-28 14:57:52,851 : INFO : coil.c_start_button_led : Disabling Driver
2026-01-28 14:57:53,844 : INFO : coil.c_start_button_led : Enabling Driver with power 1.0 (pulse_ms 10ms and pulse_power 1.0)
2026-01-28 14:57:54,860 : INFO : coil.c_start_button_led : Disabling Driver
2026-01-28 14:57:55,848 : INFO : coil.c_start_button_led : Enabling Driver with power 1.0 (pulse_ms 10ms and pulse_power 1.0)
2026-01-28 14:57:56,846 : INFO : Timer.attract_carousel_timer : Timer Complete
2026-01-28 14:57:56,846 : INFO : Timer.attract_carousel_timer : Stopping Timer
2026-01-28 14:57:56,846 : INFO : EventManager : Event: ======'timer_attract_carousel_timer_stopped'====== Args={'ticks': 1, 'ticks_remaining': 1}
2026-01-28 14:57:56,846 : INFO : EventManager : Event: ======'timer_attract_carousel_timer_complete'====== Args={'ticks': 1, 'ticks_remaining': 1}
2026-01-28 14:57:56,846 : INFO : EventManager : Event: ======'carousel_item_highlighted'====== Args={'carousel': 'attract', 'direction': 'forwards', 'item': 'last_scores_1p'}
2026-01-28 14:57:56,846 : INFO : Timer.attract_carousel_timer : Starting Timer.
2026-01-28 14:57:56,846 : INFO : EventManager : Event: ======'timer_attract_carousel_timer_started'====== Args={'ticks': 0, 'ticks_remaining': 1}
2026-01-28 14:57:56,846 : INFO : EventManager : Event: ======'timer_attract_carousel_timer_tick'====== Args={'ticks': 0, 'ticks_remaining': 1}
2026-01-28 14:57:56,847 : INFO : coil.c_start_button_led : Disabling Driver
2026-01-28 14:57:57,349 : INFO : coil.c_bumper_right : Pulsing Driver for 40ms (0.75 pulse_power)
2026-01-28 14:57:57,598 : INFO : coil.c_bumper_center : Pulsing Driver for 40ms (0.75 pulse_power)
2026-01-28 14:57:57,849 : INFO : coil.c_sling_left : Pulsing Driver for 40ms (0.875 pulse_power)
2026-01-28 14:57:57,849 : INFO : coil.c_start_button_led : Enabling Driver with power 1.0 (pulse_ms 10ms and pulse_power 1.0)
2026-01-28 14:57:58,102 : INFO : coil.c_sling_right : Pulsing Driver for 40ms (0.875 pulse_power)
2026-01-28 14:57:58,354 : INFO : coil.c_plunger : Pulsing Driver for 25ms (0.75 pulse_power)
2026-01-28 14:57:58,605 : INFO : coil.c_lock_upkicker : Pulsing Driver for 15ms (0.75 pulse_power)
2026-01-28 14:57:58,857 : INFO : coil.c_mode_outkicker : Pulsing Driver for 35ms (0.75 pulse_power)
2026-01-28 14:57:58,857 : INFO : coil.c_start_button_led : Disabling Driver
2026-01-28 14:57:59,109 : INFO : EventManager : Event: ======'ball_search_phase_2'====== Args={'iteration': 2}
2026-01-28 14:57:59,109 : INFO : coil.c_bumper_left : Pulsing Driver for 40ms (0.75 pulse_power)
2026-01-28 14:57:59,860 : INFO : coil.c_start_button_led : Enabling Driver with power 1.0 (pulse_ms 10ms and pulse_power 1.0)
2026-01-28 14:58:00,848 : INFO : coil.c_start_button_led : Disabling Driver
2026-01-28 14:58:01,489 : INFO : EventManager : Event: ======'attract_cycle_step4'====== Args={}
2026-01-28 14:58:01,849 : INFO : coil.c_start_button_led : Enabling Driver with power 1.0 (pulse_ms 10ms and pulse_power 1.0)
2026-01-28 14:58:02,853 : INFO : coil.c_start_button_led : Disabling Driver
2026-01-28 14:58:03,850 : INFO : Timer.attract_carousel_timer : Timer Complete
2026-01-28 14:58:03,850 : INFO : Timer.attract_carousel_timer : Stopping Timer
2026-01-28 14:58:03,850 : INFO : EventManager : Event: ======'timer_attract_carousel_timer_stopped'====== Args={'ticks': 1, 'ticks_remaining': 1}
2026-01-28 14:58:03,850 : INFO : EventManager : Event: ======'timer_attract_carousel_timer_complete'====== Args={'ticks': 1, 'ticks_remaining': 1}
2026-01-28 14:58:03,850 : INFO : coil.c_start_button_led : Enabling Driver with power 1.0 (pulse_ms 10ms and pulse_power 1.0)
2026-01-28 14:58:03,850 : INFO : EventManager : Event: ======'carousel_item_highlighted'====== Args={'carousel': 'attract', 'direction': 'forwards', 'item': 'title'}
2026-01-28 14:58:03,851 : INFO : Timer.attract_carousel_timer : Starting Timer.
2026-01-28 14:58:03,851 : INFO : EventManager : Event: ======'timer_attract_carousel_timer_started'====== Args={'ticks': 0, 'ticks_remaining': 1}
2026-01-28 14:58:03,851 : INFO : EventManager : Event: ======'timer_attract_carousel_timer_tick'====== Args={'ticks': 0, 'ticks_remaining': 1}
2026-01-28 14:58:04,854 : INFO : coil.c_start_button_led : Disabling Driver
2026-01-28 14:58:05,074 : INFO : SwitchController : <<<<<<< 's_start' active >>>>>>>
2026-01-28 14:58:05,218 : INFO : SwitchController : <<<<<<< 's_start' inactive >>>>>>>
2026-01-28 14:58:05,218 : INFO : EventManager : Event: ======'request_to_start_game'====== Args={}
2026-01-28 14:58:05,218 : INFO : EventManager : Event: ======'ball_search_prevents_game_start'====== Args={}
2026-01-28 14:58:05,849 : INFO : coil.c_start_button_led : Enabling Driver with power 1.0 (pulse_ms 10ms and pulse_power 1.0)
2026-01-28 14:58:06,858 : INFO : coil.c_start_button_led : Disabling Driver
2026-01-28 14:58:07,850 : INFO : coil.c_start_button_led : Enabling Driver with power 1.0 (pulse_ms 10ms and pulse_power 1.0)
2026-01-28 14:58:08,594 : INFO : SwitchController : <<<<<<< 's_coin_door' inactive >>>>>>>
2026-01-28 14:58:08,845 : INFO : coil.c_start_button_led : Disabling Driver
2026-01-28 14:58:09,109 : INFO : coil.c_bumper_right : Pulsing Driver for 40ms (0.75 pulse_power)
2026-01-28 14:58:09,359 : INFO : coil.c_bumper_center : Pulsing Driver for 40ms (0.75 pulse_power)
2026-01-28 14:58:09,606 : INFO : coil.c_sling_left : Pulsing Driver for 40ms (0.875 pulse_power)
2026-01-28 14:58:09,854 : INFO : coil.c_sling_right : Pulsing Driver for 40ms (0.875 pulse_power)
2026-01-28 14:58:09,854 : INFO : coil.c_start_button_led : Enabling Driver with power 1.0 (pulse_ms 10ms and pulse_power 1.0)
2026-01-28 14:58:10,105 : INFO : coil.c_plunger : Pulsing Driver for 25ms (0.75 pulse_power)
2026-01-28 14:58:10,356 : INFO : coil.c_lock_upkicker : Pulsing Driver for 15ms (0.75 pulse_power)
2026-01-28 14:58:10,607 : INFO : coil.c_mode_outkicker : Pulsing Driver for 35ms (0.75 pulse_power)
2026-01-28 14:58:10,857 : INFO : Timer.attract_carousel_timer : Timer Complete
2026-01-28 14:58:10,857 : INFO : Timer.attract_carousel_timer : Stopping Timer
2026-01-28 14:58:10,857 : INFO : EventManager : Event: ======'timer_attract_carousel_timer_stopped'====== Args={'ticks': 1, 'ticks_remaining': 1}
2026-01-28 14:58:10,857 : INFO : EventManager : Event: ======'timer_attract_carousel_timer_complete'====== Args={'ticks': 1, 'ticks_remaining': 1}
2026-01-28 14:58:10,857 : INFO : EventManager : Event: ======'ball_search_phase_2'====== Args={'iteration': 3}
2026-01-28 14:58:10,857 : INFO : coil.c_bumper_left : Pulsing Driver for 40ms (0.75 pulse_power)
2026-01-28 14:58:10,857 : INFO : EventManager : Event: ======'carousel_item_highlighted'====== Args={'carousel': 'attract', 'direction': 'forwards', 'item': 'presented_by'}
2026-01-28 14:58:10,858 : INFO : Timer.attract_carousel_timer : Starting Timer.
2026-01-28 14:58:10,858 : INFO : EventManager : Event: ======'timer_attract_carousel_timer_started'====== Args={'ticks': 0, 'ticks_remaining': 1}
2026-01-28 14:58:10,858 : INFO : EventManager : Event: ======'timer_attract_carousel_timer_tick'====== Args={'ticks': 0, 'ticks_remaining': 1}
2026-01-28 14:58:10,858 : INFO : coil.c_start_button_led : Disabling Driver
2026-01-28 14:58:10,919 : INFO : SwitchController : <<<<<<< 's_start' active >>>>>>>
2026-01-28 14:58:11,090 : INFO : SwitchController : <<<<<<< 's_start' inactive >>>>>>>
2026-01-28 14:58:11,090 : INFO : EventManager : Event: ======'request_to_start_game'====== Args={}
2026-01-28 14:58:11,090 : INFO : EventManager : Event: ======'ball_search_prevents_game_start'====== Args={}
2026-01-28 14:58:11,853 : INFO : coil.c_start_button_led : Enabling Driver with power 1.0 (pulse_ms 10ms and pulse_power 1.0)
2026-01-28 14:58:12,848 : INFO : coil.c_start_button_led : Disabling Driver
2026-01-28 14:58:13,225 : INFO : EventManager : Event: ======'attract_cycle_step5'====== Args={}
2026-01-28 14:58:13,850 : INFO : coil.c_start_button_led : Enabling Driver with power 1.0 (pulse_ms 10ms and pulse_power 1.0)
2026-01-28 14:58:14,852 : INFO : coil.c_start_button_led : Disabling Driver
2026-01-28 14:58:15,844 : INFO : coil.c_start_button_led : Enabling Driver with power 1.0 (pulse_ms 10ms and pulse_power 1.0)
2026-01-28 14:58:16,856 : INFO : coil.c_start_button_led : Disabling Driver
2026-01-28 14:58:17,871 : INFO : Timer.attract_carousel_timer : Timer Complete
2026-01-28 14:58:17,875 : INFO : Timer.attract_carousel_timer : Stopping Timer
2026-01-28 14:58:17,876 : INFO : EventManager : Event: ======'timer_attract_carousel_timer_stopped'====== Args={'ticks': 1, 'ticks_remaining': 1}
2026-01-28 14:58:17,878 : INFO : EventManager : Event: ======'timer_attract_carousel_timer_complete'====== Args={'ticks': 1, 'ticks_remaining': 1}
2026-01-28 14:58:17,880 : INFO : coil.c_start_button_led : Enabling Driver with power 1.0 (pulse_ms 10ms and pulse_power 1.0)
2026-01-28 14:58:17,883 : INFO : EventManager : Event: ======'carousel_item_highlighted'====== Args={'carousel': 'attract', 'direction': 'forwards', 'item': 'hotrod_pinball_logo'}
2026-01-28 14:58:17,883 : INFO : Timer.attract_carousel_timer : Starting Timer.
2026-01-28 14:58:17,883 : INFO : EventManager : Event: ======'timer_attract_carousel_timer_started'====== Args={'ticks': 0, 'ticks_remaining': 1}
2026-01-28 14:58:17,883 : INFO : EventManager : Event: ======'timer_attract_carousel_timer_tick'====== Args={'ticks': 0, 'ticks_remaining': 1}
2026-01-28 14:58:18,093 : INFO : SwitchController : <<<<<<< 's_coin_door' active >>>>>>>
2026-01-28 14:58:18,856 : INFO : coil.c_start_button_led : Disabling Driver
2026-01-28 14:58:19,851 : INFO : coil.c_start_button_led : Enabling Driver with power 1.0 (pulse_ms 10ms and pulse_power 1.0)
2026-01-28 14:58:20,846 : INFO : coil.c_bumper_right : Pulsing Driver for 40ms (0.75 pulse_power)
2026-01-28 14:58:20,846 : INFO : coil.c_start_button_led : Disabling Driver
2026-01-28 14:58:21,095 : INFO : coil.c_bumper_center : Pulsing Driver for 40ms (0.75 pulse_power)
2026-01-28 14:58:21,347 : INFO : coil.c_sling_left : Pulsing Driver for 40ms (0.875 pulse_power)
2026-01-28 14:58:21,597 : INFO : coil.c_sling_right : Pulsing Driver for 40ms (0.875 pulse_power)
2026-01-28 14:58:21,846 : INFO : coil.c_plunger : Pulsing Driver for 25ms (0.75 pulse_power)
2026-01-28 14:58:21,846 : INFO : coil.c_start_button_led : Enabling Driver with power 1.0 (pulse_ms 10ms and pulse_power 1.0)
2026-01-28 14:58:22,095 : INFO : coil.c_lock_upkicker : Pulsing Driver for 15ms (0.75 pulse_power)
2026-01-28 14:58:22,346 : INFO : coil.c_mode_outkicker : Pulsing Driver for 35ms (0.75 pulse_power)
2026-01-28 14:58:22,609 : INFO : EventManager : Event: ======'ball_search_phase_3'====== Args={'iteration': 1}
2026-01-28 14:58:22,609 : INFO : coil.c_bumper_left : Pulsing Driver for 40ms (0.75 pulse_power)
2026-01-28 14:58:22,845 : INFO : coil.c_start_button_led : Disabling Driver
2026-01-28 14:58:23,856 : INFO : coil.c_start_button_led : Enabling Driver with power 1.0 (pulse_ms 10ms and pulse_power 1.0)
2026-01-28 14:58:24,856 : INFO : coil.c_start_button_led : Disabling Driver
2026-01-28 14:58:24,888 : INFO : Timer.attract_carousel_timer : Timer Complete
2026-01-28 14:58:24,888 : INFO : Timer.attract_carousel_timer : Stopping Timer
2026-01-28 14:58:24,888 : INFO : EventManager : Event: ======'timer_attract_carousel_timer_stopped'====== Args={'ticks': 1, 'ticks_remaining': 1}
2026-01-28 14:58:24,888 : INFO : EventManager : Event: ======'timer_attract_carousel_timer_complete'====== Args={'ticks': 1, 'ticks_remaining': 1}
2026-01-28 14:58:24,889 : INFO : EventManager : Event: ======'carousel_item_highlighted'====== Args={'carousel': 'attract', 'direction': 'forwards', 'item': 'mpf_logo'}
2026-01-28 14:58:24,889 : INFO : Timer.attract_carousel_timer : Starting Timer.
2026-01-28 14:58:24,889 : INFO : EventManager : Event: ======'timer_attract_carousel_timer_started'====== Args={'ticks': 0, 'ticks_remaining': 1}
2026-01-28 14:58:24,889 : INFO : EventManager : Event: ======'timer_attract_carousel_timer_tick'====== Args={'ticks': 0, 'ticks_remaining': 1}
2026-01-28 14:58:25,855 : INFO : coil.c_start_button_led : Enabling Driver with power 1.0 (pulse_ms 10ms and pulse_power 1.0)
2026-01-28 14:58:26,853 : INFO : coil.c_start_button_led : Disabling Driver
2026-01-28 14:58:27,846 : INFO : coil.c_start_button_led : Enabling Driver with power 1.0 (pulse_ms 10ms and pulse_power 1.0)
2026-01-28 14:58:28,846 : INFO : coil.c_start_button_led : Disabling Driver
2026-01-28 14:58:29,844 : INFO : coil.c_start_button_led : Enabling Driver with power 1.0 (pulse_ms 10ms and pulse_power 1.0)
2026-01-28 14:58:30,844 : INFO : coil.c_start_button_led : Disabling Driver
2026-01-28 14:58:31,009 : INFO : Machine : Shutting down...
2026-01-28 14:58:31,009 : INFO : EventManager : Event: ======'shutdown'====== Args={}
2026-01-28 14:58:31,101 : INFO : root : MPF run loop ended.
